# TPCDS-Q42
# start query 42 in stream 0 using template query42.tpl using seed 959183214
select  dt.d_year
 	,item.i_category_id
 	,item.i_category
 	,sum(ss_ext_sales_price)
 from 	date_dim dt
 	,store_sales
 	,item
 where dt.d_date_sk = store_sales.ss_sold_date_sk
 	and store_sales.ss_item_sk = item.i_item_sk
 	and item.i_manager_id = 1
 	and dt.d_moy=11
 	and dt.d_year=2002
 group by 	dt.d_year
 		,item.i_category_id
 		,item.i_category
 order by       sum(ss_ext_sales_price) desc,dt.d_year
 		,item.i_category_id
 		,item.i_category
limit 100 ;

# end query 42 in stream 0 using template query42.tpl
---- PLAN
Max Per-Host Resource Reservation: Memory=16.75MB Threads=1
Per-Host Resource Estimates: Memory=54MB
F00:PLAN FRAGMENT [UNPARTITIONED] hosts=1 instances=1
|  Per-Instance Resources: mem-estimate=53.88MB mem-reservation=16.75MB thread-reservation=1 runtime-filters-memory=2.00MB
|  max-parallelism=1 segment-costs=[115032369, 157563, 400]
PLAN-ROOT SINK
|  output exprs: dt.d_year, item.i_category_id, item.i_category, sum(ss_ext_sales_price)
|  mem-estimate=4.00MB mem-reservation=4.00MB spill-buffer=2.00MB thread-reservation=0 cost=400
|
06:TOP-N [LIMIT=100]
|  order by: sum(ss_ext_sales_price) DESC, dt.d_year ASC, item.i_category_id ASC, item.i_category ASC
|  mem-estimate=4.09KB mem-reservation=0B thread-reservation=0
|  tuple-ids=4 row-size=42B cardinality=100 cost=157563
|  in pipelines: 06(GETNEXT), 05(OPEN)
|
05:AGGREGATE [FINALIZE]
|  output: sum(ss_ext_sales_price)
|  group by: dt.d_year, item.i_category_id, item.i_category
|  mem-estimate=10.00MB mem-reservation=2.88MB spill-buffer=128.00KB thread-reservation=0
|  tuple-ids=3 row-size=42B cardinality=19.60K cost=7167495
|  in pipelines: 05(GETNEXT), 01(OPEN)
|
04:HASH JOIN [INNER JOIN]
|  hash predicates: store_sales.ss_sold_date_sk = dt.d_date_sk
|  fk/pk conjuncts: store_sales.ss_sold_date_sk = dt.d_date_sk
|  runtime filters: RF000[bloom] <- dt.d_date_sk
|  mem-estimate=1.94MB mem-reservation=1.94MB spill-buffer=64.00KB thread-reservation=0
|  tuple-ids=1,2,0 row-size=54B cardinality=5.15M cost=2254938
|  in pipelines: 01(GETNEXT), 00(OPEN)
|
|--00:SCAN HDFS [tpcds_partitioned_parquet_snap.date_dim dt]
|     HDFS partitions=1/1 files=1 size=2.17MB
|     predicates: dt.d_year = CAST(2002 AS INT), dt.d_moy = CAST(11 AS INT)
|     stored statistics:
|       table: rows=73.05K size=2.17MB
|       columns: all
|     extrapolated-rows=disabled max-scan-range-rows=73.05K
|     parquet statistics predicates: dt.d_year = CAST(2002 AS INT), dt.d_moy = CAST(11 AS INT)
|     parquet dictionary predicates: dt.d_year = CAST(2002 AS INT), dt.d_moy = CAST(11 AS INT)
|     mem-estimate=16.00MB mem-reservation=512.00KB thread-reservation=0
|     tuple-ids=0 row-size=12B cardinality=108 cost=16728
|     in pipelines: 00(GETNEXT)
|
03:HASH JOIN [INNER JOIN]
|  hash predicates: store_sales.ss_item_sk = item.i_item_sk
|  fk/pk conjuncts: store_sales.ss_item_sk = item.i_item_sk
|  runtime filters: RF002[bloom] <- item.i_item_sk, RF003[min_max] <- item.i_item_sk
|  mem-estimate=1.94MB mem-reservation=1.94MB spill-buffer=64.00KB thread-reservation=0
|  tuple-ids=1,2 row-size=42B cardinality=5.15M(filtered from 87.00M) cost=17090094
|  in pipelines: 01(GETNEXT), 02(OPEN)
|
|--02:SCAN HDFS [tpcds_partitioned_parquet_snap.item]
|     HDFS partitions=1/1 files=1 size=33.54MB
|     predicates: item.i_manager_id = CAST(1 AS INT)
|     stored statistics:
|       table: rows=360.00K size=33.54MB
|       columns: all
|     extrapolated-rows=disabled max-scan-range-rows=101.54K
|     parquet statistics predicates: item.i_manager_id = CAST(1 AS INT)
|     parquet dictionary predicates: item.i_manager_id = CAST(1 AS INT)
|     mem-estimate=16.00MB mem-reservation=512.00KB thread-reservation=0
|     tuple-ids=2 row-size=30B cardinality=3.63K cost=102935
|     in pipelines: 02(GETNEXT)
|
01:SCAN HDFS [tpcds_partitioned_parquet_snap.store_sales]
   HDFS partitions=1824/1824 files=1824 size=389.90GB
   runtime filters: RF003[min_max] -> store_sales.ss_item_sk, RF000[bloom] -> store_sales.ss_sold_date_sk, RF002[bloom] -> store_sales.ss_item_sk
   stored statistics:
     table: rows=8.64G size=389.90GB
     partitions: 1824/1824 rows=8.64G
     columns: all
   extrapolated-rows=disabled max-scan-range-rows=390.22M est-scan-range=109(filtered from 1824)
   mem-estimate=16.00MB mem-reservation=8.00MB thread-reservation=0
   tuple-ids=1 row-size=12B cardinality=5.15M(filtered from 8.64G) cost=88400179
   in pipelines: 01(GETNEXT)
---- DISTRIBUTEDPLAN
Max Per-Host Resource Reservation: Memory=40.69MB Threads=8
Per-Host Resource Estimates: Memory=115MB
F04:PLAN FRAGMENT [UNPARTITIONED] hosts=1 instances=1
|  Per-Instance Resources: mem-estimate=4.04MB mem-reservation=4.00MB thread-reservation=1
|  max-parallelism=1 segment-costs=[433] cpu-comparison-result=25 [max(1 (self) vs 25 (sum children))]
PLAN-ROOT SINK
|  output exprs: dt.d_year, item.i_category_id, item.i_category, sum(ss_ext_sales_price)
|  mem-estimate=4.00MB mem-reservation=4.00MB spill-buffer=2.00MB thread-reservation=0 cost=400
|
11:MERGING-EXCHANGE [UNPARTITIONED]
|  order by: sum(ss_ext_sales_price) DESC, dt.d_year ASC, item.i_category_id ASC, item.i_category ASC
|  limit: 100
|  mem-estimate=45.24KB mem-reservation=0B thread-reservation=0
|  tuple-ids=4 row-size=42B cardinality=100 cost=33
|  in pipelines: 06(GETNEXT)
|
F03:PLAN FRAGMENT [HASH(dt.d_year,item.i_category_id,item.i_category)] hosts=10 instances=10 (adjusted from 120)
Per-Instance Resources: mem-estimate=10.97MB mem-reservation=1.94MB thread-reservation=1
max-parallelism=10 segment-costs=[121645, 157563, 141] cpu-comparison-result=25 [max(10 (self) vs 25 (sum children))]
06:TOP-N [LIMIT=100]
|  order by: sum(ss_ext_sales_price) DESC, dt.d_year ASC, item.i_category_id ASC, item.i_category ASC
|  mem-estimate=4.09KB mem-reservation=0B thread-reservation=0
|  tuple-ids=4 row-size=42B cardinality=100 cost=157563
|  in pipelines: 06(GETNEXT), 10(OPEN)
|
10:AGGREGATE [FINALIZE]
|  output: sum:merge(ss_ext_sales_price)
|  group by: dt.d_year, item.i_category_id, item.i_category
|  mem-estimate=10.00MB mem-reservation=1.94MB spill-buffer=64.00KB thread-reservation=0
|  tuple-ids=3 row-size=42B cardinality=19.60K cost=115690
|  in pipelines: 10(GETNEXT), 01(OPEN)
|
09:EXCHANGE [HASH(dt.d_year,item.i_category_id,item.i_category)]
|  mem-estimate=998.31KB mem-reservation=0B thread-reservation=0
|  tuple-ids=3 row-size=42B cardinality=19.60K cost=5955
|  in pipelines: 01(GETNEXT)
|
F00:PLAN FRAGMENT [RANDOM] hosts=10 instances=20 (adjusted from 120)
Per-Host Shared Resources: mem-estimate=2.00MB mem-reservation=2.00MB thread-reservation=0 runtime-filters-memory=2.00MB
Per-Instance Resources: mem-estimate=27.79MB mem-reservation=11.00MB thread-reservation=1
max-parallelism=20 segment-costs=[125471244, 62992] cpu-comparison-result=25 [max(20 (self) vs 25 (sum children))]
05:AGGREGATE [STREAMING]
|  output: sum(ss_ext_sales_price)
|  group by: dt.d_year, item.i_category_id, item.i_category
|  mem-estimate=10.00MB mem-reservation=3.00MB spill-buffer=128.00KB thread-reservation=0
|  tuple-ids=3 row-size=42B cardinality=19.60K cost=17729768
|  in pipelines: 01(GETNEXT)
|
04:HASH JOIN [INNER JOIN, BROADCAST]
|  hash-table-id=00
|  hash predicates: store_sales.ss_sold_date_sk = dt.d_date_sk
|  fk/pk conjuncts: store_sales.ss_sold_date_sk = dt.d_date_sk
|  mem-estimate=0B mem-reservation=0B spill-buffer=64.00KB thread-reservation=0
|  tuple-ids=1,2,0 row-size=54B cardinality=5.15M cost=2254830
|  in pipelines: 01(GETNEXT), 00(OPEN)
|
|--F05:PLAN FRAGMENT [RANDOM] hosts=10 instances=10
|  |  Per-Instance Resources: mem-estimate=4.89MB mem-reservation=4.88MB thread-reservation=1 runtime-filters-memory=1.00MB
|  |  max-parallelism=10 segment-costs=[248]
|  JOIN BUILD
|  |  join-table-id=00 plan-id=01 cohort-id=01
|  |  build expressions: dt.d_date_sk
|  |  runtime filters: RF000[bloom] <- dt.d_date_sk
|  |  mem-estimate=3.88MB mem-reservation=3.88MB spill-buffer=64.00KB thread-reservation=0 cost=108
|  |
|  08:EXCHANGE [BROADCAST]
|  |  mem-estimate=16.00KB mem-reservation=0B thread-reservation=0
|  |  tuple-ids=0 row-size=12B cardinality=108 cost=140
|  |  in pipelines: 00(GETNEXT)
|  |
|  F02:PLAN FRAGMENT [RANDOM] hosts=1 instances=1
|  Per-Instance Resources: mem-estimate=16.06MB mem-reservation=512.00KB thread-reservation=1
|  max-parallelism=1 segment-costs=[16733]
|  00:SCAN HDFS [tpcds_partitioned_parquet_snap.date_dim dt, RANDOM]
|     HDFS partitions=1/1 files=1 size=2.17MB
|     predicates: dt.d_year = CAST(2002 AS INT), dt.d_moy = CAST(11 AS INT)
|     stored statistics:
|       table: rows=73.05K size=2.17MB
|       columns: all
|     extrapolated-rows=disabled max-scan-range-rows=73.05K
|     parquet statistics predicates: dt.d_year = CAST(2002 AS INT), dt.d_moy = CAST(11 AS INT)
|     parquet dictionary predicates: dt.d_year = CAST(2002 AS INT), dt.d_moy = CAST(11 AS INT)
|     mem-estimate=16.00MB mem-reservation=512.00KB thread-reservation=0
|     tuple-ids=0 row-size=12B cardinality=108 cost=16728
|     in pipelines: 00(GETNEXT)
|
03:HASH JOIN [INNER JOIN, BROADCAST]
|  hash-table-id=01
|  hash predicates: store_sales.ss_item_sk = item.i_item_sk
|  fk/pk conjuncts: store_sales.ss_item_sk = item.i_item_sk
|  mem-estimate=0B mem-reservation=0B spill-buffer=64.00KB thread-reservation=0
|  tuple-ids=1,2 row-size=42B cardinality=5.15M(filtered from 87.00M) cost=17086467
|  in pipelines: 01(GETNEXT), 02(OPEN)
|
|--F06:PLAN FRAGMENT [RANDOM] hosts=10 instances=10
|  |  Per-Instance Resources: mem-estimate=5.11MB mem-reservation=4.88MB thread-reservation=1 runtime-filters-memory=1.00MB
|  |  max-parallelism=10 segment-costs=[8447]
|  JOIN BUILD
|  |  join-table-id=01 plan-id=02 cohort-id=01
|  |  build expressions: item.i_item_sk
|  |  runtime filters: RF002[bloom] <- item.i_item_sk, RF003[min_max] <- item.i_item_sk
|  |  mem-estimate=3.88MB mem-reservation=3.88MB spill-buffer=64.00KB thread-reservation=0 cost=3627
|  |
|  07:EXCHANGE [BROADCAST]
|  |  mem-estimate=241.54KB mem-reservation=0B thread-reservation=0
|  |  tuple-ids=2 row-size=30B cardinality=3.63K cost=4820
|  |  in pipelines: 02(GETNEXT)
|  |
|  F01:PLAN FRAGMENT [RANDOM] hosts=4 instances=4
|  Per-Instance Resources: mem-estimate=16.13MB mem-reservation=512.00KB thread-reservation=1
|  max-parallelism=4 segment-costs=[103306]
|  02:SCAN HDFS [tpcds_partitioned_parquet_snap.item, RANDOM]
|     HDFS partitions=1/1 files=1 size=33.54MB
|     predicates: item.i_manager_id = CAST(1 AS INT)
|     stored statistics:
|       table: rows=360.00K size=33.54MB
|       columns: all
|     extrapolated-rows=disabled max-scan-range-rows=101.54K
|     parquet statistics predicates: item.i_manager_id = CAST(1 AS INT)
|     parquet dictionary predicates: item.i_manager_id = CAST(1 AS INT)
|     mem-estimate=16.00MB mem-reservation=512.00KB thread-reservation=0
|     tuple-ids=2 row-size=30B cardinality=3.63K cost=102935
|     in pipelines: 02(GETNEXT)
|
01:SCAN HDFS [tpcds_partitioned_parquet_snap.store_sales, RANDOM]
   HDFS partitions=1824/1824 files=1824 size=389.90GB
   runtime filters: RF003[min_max] -> store_sales.ss_item_sk, RF000[bloom] -> store_sales.ss_sold_date_sk, RF002[bloom] -> store_sales.ss_item_sk
   stored statistics:
     table: rows=8.64G size=389.90GB
     partitions: 1824/1824 rows=8.64G
     columns: all
   extrapolated-rows=disabled max-scan-range-rows=390.22M est-scan-range=109(filtered from 1824)
   mem-estimate=16.00MB mem-reservation=8.00MB thread-reservation=0
   tuple-ids=1 row-size=12B cardinality=5.15M(filtered from 8.64G) cost=88400179
   in pipelines: 01(GETNEXT)
---- PARALLELPLANS
Max Per-Host Resource Reservation: Memory=40.69MB Threads=8
Per-Host Resource Estimates: Memory=115MB
F04:PLAN FRAGMENT [UNPARTITIONED] hosts=1 instances=1
|  Per-Instance Resources: mem-estimate=4.04MB mem-reservation=4.00MB thread-reservation=1
|  max-parallelism=1 segment-costs=[433] cpu-comparison-result=25 [max(1 (self) vs 25 (sum children))]
PLAN-ROOT SINK
|  output exprs: dt.d_year, item.i_category_id, item.i_category, sum(ss_ext_sales_price)
|  mem-estimate=4.00MB mem-reservation=4.00MB spill-buffer=2.00MB thread-reservation=0 cost=400
|
11:MERGING-EXCHANGE [UNPARTITIONED]
|  order by: sum(ss_ext_sales_price) DESC, dt.d_year ASC, item.i_category_id ASC, item.i_category ASC
|  limit: 100
|  mem-estimate=45.24KB mem-reservation=0B thread-reservation=0
|  tuple-ids=4 row-size=42B cardinality=100 cost=33
|  in pipelines: 06(GETNEXT)
|
F03:PLAN FRAGMENT [HASH(dt.d_year,item.i_category_id,item.i_category)] hosts=10 instances=10 (adjusted from 120)
Per-Instance Resources: mem-estimate=10.97MB mem-reservation=1.94MB thread-reservation=1
max-parallelism=10 segment-costs=[121645, 157563, 141] cpu-comparison-result=25 [max(10 (self) vs 25 (sum children))]
06:TOP-N [LIMIT=100]
|  order by: sum(ss_ext_sales_price) DESC, dt.d_year ASC, item.i_category_id ASC, item.i_category ASC
|  mem-estimate=4.09KB mem-reservation=0B thread-reservation=0
|  tuple-ids=4 row-size=42B cardinality=100 cost=157563
|  in pipelines: 06(GETNEXT), 10(OPEN)
|
10:AGGREGATE [FINALIZE]
|  output: sum:merge(ss_ext_sales_price)
|  group by: dt.d_year, item.i_category_id, item.i_category
|  mem-estimate=10.00MB mem-reservation=1.94MB spill-buffer=64.00KB thread-reservation=0
|  tuple-ids=3 row-size=42B cardinality=19.60K cost=115690
|  in pipelines: 10(GETNEXT), 01(OPEN)
|
09:EXCHANGE [HASH(dt.d_year,item.i_category_id,item.i_category)]
|  mem-estimate=998.31KB mem-reservation=0B thread-reservation=0
|  tuple-ids=3 row-size=42B cardinality=19.60K cost=5955
|  in pipelines: 01(GETNEXT)
|
F00:PLAN FRAGMENT [RANDOM] hosts=10 instances=20 (adjusted from 120)
Per-Host Shared Resources: mem-estimate=2.00MB mem-reservation=2.00MB thread-reservation=0 runtime-filters-memory=2.00MB
Per-Instance Resources: mem-estimate=27.79MB mem-reservation=11.00MB thread-reservation=1
max-parallelism=20 segment-costs=[125471244, 62992] cpu-comparison-result=25 [max(20 (self) vs 25 (sum children))]
05:AGGREGATE [STREAMING]
|  output: sum(ss_ext_sales_price)
|  group by: dt.d_year, item.i_category_id, item.i_category
|  mem-estimate=10.00MB mem-reservation=3.00MB spill-buffer=128.00KB thread-reservation=0
|  tuple-ids=3 row-size=42B cardinality=19.60K cost=17729768
|  in pipelines: 01(GETNEXT)
|
04:HASH JOIN [INNER JOIN, BROADCAST]
|  hash-table-id=00
|  hash predicates: store_sales.ss_sold_date_sk = dt.d_date_sk
|  fk/pk conjuncts: store_sales.ss_sold_date_sk = dt.d_date_sk
|  mem-estimate=0B mem-reservation=0B spill-buffer=64.00KB thread-reservation=0
|  tuple-ids=1,2,0 row-size=54B cardinality=5.15M cost=2254830
|  in pipelines: 01(GETNEXT), 00(OPEN)
|
|--F05:PLAN FRAGMENT [RANDOM] hosts=10 instances=10
|  |  Per-Instance Resources: mem-estimate=4.89MB mem-reservation=4.88MB thread-reservation=1 runtime-filters-memory=1.00MB
|  |  max-parallelism=10 segment-costs=[248]
|  JOIN BUILD
|  |  join-table-id=00 plan-id=01 cohort-id=01
|  |  build expressions: dt.d_date_sk
|  |  runtime filters: RF000[bloom] <- dt.d_date_sk
|  |  mem-estimate=3.88MB mem-reservation=3.88MB spill-buffer=64.00KB thread-reservation=0 cost=108
|  |
|  08:EXCHANGE [BROADCAST]
|  |  mem-estimate=16.00KB mem-reservation=0B thread-reservation=0
|  |  tuple-ids=0 row-size=12B cardinality=108 cost=140
|  |  in pipelines: 00(GETNEXT)
|  |
|  F02:PLAN FRAGMENT [RANDOM] hosts=1 instances=1
|  Per-Instance Resources: mem-estimate=16.06MB mem-reservation=512.00KB thread-reservation=1
|  max-parallelism=1 segment-costs=[16733]
|  00:SCAN HDFS [tpcds_partitioned_parquet_snap.date_dim dt, RANDOM]
|     HDFS partitions=1/1 files=1 size=2.17MB
|     predicates: dt.d_year = CAST(2002 AS INT), dt.d_moy = CAST(11 AS INT)
|     stored statistics:
|       table: rows=73.05K size=2.17MB
|       columns: all
|     extrapolated-rows=disabled max-scan-range-rows=73.05K
|     parquet statistics predicates: dt.d_year = CAST(2002 AS INT), dt.d_moy = CAST(11 AS INT)
|     parquet dictionary predicates: dt.d_year = CAST(2002 AS INT), dt.d_moy = CAST(11 AS INT)
|     mem-estimate=16.00MB mem-reservation=512.00KB thread-reservation=0
|     tuple-ids=0 row-size=12B cardinality=108 cost=16728
|     in pipelines: 00(GETNEXT)
|
03:HASH JOIN [INNER JOIN, BROADCAST]
|  hash-table-id=01
|  hash predicates: store_sales.ss_item_sk = item.i_item_sk
|  fk/pk conjuncts: store_sales.ss_item_sk = item.i_item_sk
|  mem-estimate=0B mem-reservation=0B spill-buffer=64.00KB thread-reservation=0
|  tuple-ids=1,2 row-size=42B cardinality=5.15M(filtered from 87.00M) cost=17086467
|  in pipelines: 01(GETNEXT), 02(OPEN)
|
|--F06:PLAN FRAGMENT [RANDOM] hosts=10 instances=10
|  |  Per-Instance Resources: mem-estimate=5.11MB mem-reservation=4.88MB thread-reservation=1 runtime-filters-memory=1.00MB
|  |  max-parallelism=10 segment-costs=[8447]
|  JOIN BUILD
|  |  join-table-id=01 plan-id=02 cohort-id=01
|  |  build expressions: item.i_item_sk
|  |  runtime filters: RF002[bloom] <- item.i_item_sk, RF003[min_max] <- item.i_item_sk
|  |  mem-estimate=3.88MB mem-reservation=3.88MB spill-buffer=64.00KB thread-reservation=0 cost=3627
|  |
|  07:EXCHANGE [BROADCAST]
|  |  mem-estimate=241.54KB mem-reservation=0B thread-reservation=0
|  |  tuple-ids=2 row-size=30B cardinality=3.63K cost=4820
|  |  in pipelines: 02(GETNEXT)
|  |
|  F01:PLAN FRAGMENT [RANDOM] hosts=4 instances=4
|  Per-Instance Resources: mem-estimate=16.13MB mem-reservation=512.00KB thread-reservation=1
|  max-parallelism=4 segment-costs=[103306]
|  02:SCAN HDFS [tpcds_partitioned_parquet_snap.item, RANDOM]
|     HDFS partitions=1/1 files=1 size=33.54MB
|     predicates: item.i_manager_id = CAST(1 AS INT)
|     stored statistics:
|       table: rows=360.00K size=33.54MB
|       columns: all
|     extrapolated-rows=disabled max-scan-range-rows=101.54K
|     parquet statistics predicates: item.i_manager_id = CAST(1 AS INT)
|     parquet dictionary predicates: item.i_manager_id = CAST(1 AS INT)
|     mem-estimate=16.00MB mem-reservation=512.00KB thread-reservation=0
|     tuple-ids=2 row-size=30B cardinality=3.63K cost=102935
|     in pipelines: 02(GETNEXT)
|
01:SCAN HDFS [tpcds_partitioned_parquet_snap.store_sales, RANDOM]
   HDFS partitions=1824/1824 files=1824 size=389.90GB
   runtime filters: RF003[min_max] -> store_sales.ss_item_sk, RF000[bloom] -> store_sales.ss_sold_date_sk, RF002[bloom] -> store_sales.ss_item_sk
   stored statistics:
     table: rows=8.64G size=389.90GB
     partitions: 1824/1824 rows=8.64G
     columns: all
   extrapolated-rows=disabled max-scan-range-rows=390.22M est-scan-range=109(filtered from 1824)
   mem-estimate=16.00MB mem-reservation=8.00MB thread-reservation=0
   tuple-ids=1 row-size=12B cardinality=5.15M(filtered from 8.64G) cost=88400179
   in pipelines: 01(GETNEXT)
====
