# TPCDS-Q69
# start query 69 in stream 0 using template query69.tpl using seed 736205479
select
  cd_gender,
  cd_marital_status,
  cd_education_status,
  count(*) cnt1,
  cd_purchase_estimate,
  count(*) cnt2,
  cd_credit_rating,
  count(*) cnt3
 from
  customer c,customer_address ca,customer_demographics
 where
  c.c_current_addr_sk = ca.ca_address_sk and
  ca_state in ('OK','GA','VA') and
  cd_demo_sk = c.c_current_cdemo_sk and
  exists (select *
          from store_sales,date_dim
          where c.c_customer_sk = ss_customer_sk and
                ss_sold_date_sk = d_date_sk and
                d_year = 1999 and
                d_moy between 4 and 4+2) and
   (not exists (select *
            from web_sales,date_dim
            where c.c_customer_sk = ws_bill_customer_sk and
                  ws_sold_date_sk = d_date_sk and
                  d_year = 1999 and
                  d_moy between 4 and 4+2) and
    not exists (select *
            from catalog_sales,date_dim
            where c.c_customer_sk = cs_ship_customer_sk and
                  cs_sold_date_sk = d_date_sk and
                  d_year = 1999 and
                  d_moy between 4 and 4+2))
 group by cd_gender,
          cd_marital_status,
          cd_education_status,
          cd_purchase_estimate,
          cd_credit_rating
 order by cd_gender,
          cd_marital_status,
          cd_education_status,
          cd_purchase_estimate,
          cd_credit_rating
 limit 100

# end query 69 in stream 0 using template query69.tpl
---- PLAN
Max Per-Host Resource Reservation: Memory=255.00MB Threads=1
Per-Host Resource Estimates: Memory=2.24GB
F00:PLAN FRAGMENT [UNPARTITIONED] hosts=1 instances=1
|  Per-Instance Resources: mem-estimate=2.24GB mem-reservation=255.00MB thread-reservation=1 runtime-filters-memory=8.00MB
|  max-parallelism=1 segment-costs=[206134629, 66677971, 132831731, 103093004, 39311, 800]
PLAN-ROOT SINK
|  output exprs: tpcds_partitioned_parquet_snap.customer_demographics.cd_gender, tpcds_partitioned_parquet_snap.customer_demographics.cd_marital_status, tpcds_partitioned_parquet_snap.customer_demographics.cd_education_status, count(), tpcds_partitioned_parquet_snap.customer_demographics.cd_purchase_estimate, count(), tpcds_partitioned_parquet_snap.customer_demographics.cd_credit_rating, count()
|  mem-estimate=4.00MB mem-reservation=4.00MB spill-buffer=2.00MB thread-reservation=0 cost=800
|
21:TOP-N [LIMIT=100]
|  order by: tpcds_partitioned_parquet_snap.customer_demographics.cd_gender ASC NULLS LAST, tpcds_partitioned_parquet_snap.customer_demographics.cd_marital_status ASC NULLS LAST, tpcds_partitioned_parquet_snap.customer_demographics.cd_education_status ASC NULLS LAST, tpcds_partitioned_parquet_snap.customer_demographics.cd_purchase_estimate ASC NULLS LAST, tpcds_partitioned_parquet_snap.customer_demographics.cd_credit_rating ASC NULLS LAST
|  mem-estimate=7.67KB mem-reservation=0B thread-reservation=0
|  tuple-ids=22 row-size=79B cardinality=100 cost=39311
|  in pipelines: 21(GETNEXT), 20(OPEN)
|
20:AGGREGATE [FINALIZE]
|  output: count()
|  group by: tpcds_partitioned_parquet_snap.customer_demographics.cd_gender, tpcds_partitioned_parquet_snap.customer_demographics.cd_marital_status, tpcds_partitioned_parquet_snap.customer_demographics.cd_education_status, tpcds_partitioned_parquet_snap.customer_demographics.cd_purchase_estimate, tpcds_partitioned_parquet_snap.customer_demographics.cd_credit_rating
|  mem-estimate=10.00MB mem-reservation=1.94MB spill-buffer=64.00KB thread-reservation=0
|  tuple-ids=21 row-size=79B cardinality=5.60K cost=38281714
|  in pipelines: 20(GETNEXT), 13(OPEN)
|
19:HASH JOIN [LEFT OUTER JOIN]
|  hash predicates: tpcds_partitioned_parquet_snap.customer.c_customer_sk = tpcds_partitioned_parquet_snap.catalog_sales.cs_ship_customer_sk
|  fk/pk conjuncts: none
|  other predicates: is_null_pred(if(TupleIsNull(20), NULL, TRUE))
|  mem-estimate=874.21MB mem-reservation=34.00MB spill-buffer=2.00MB thread-reservation=0
|  tuple-ids=15N,4,7,5,9,20N row-size=117B cardinality=27.84M cost=36055663
|  in pipelines: 13(GETNEXT), 18(OPEN)
|
|--18:AGGREGATE [FINALIZE]
|  |  group by: tpcds_partitioned_parquet_snap.catalog_sales.cs_ship_customer_sk
|  |  mem-estimate=424.82MB mem-reservation=34.00MB spill-buffer=2.00MB thread-reservation=0
|  |  tuple-ids=20 row-size=4B cardinality=27.84M cost=80730625
|  |  in pipelines: 18(GETNEXT), 15(OPEN)
|  |
|  17:HASH JOIN [INNER JOIN]
|  |  hash predicates: tpcds_partitioned_parquet_snap.catalog_sales.cs_sold_date_sk = tpcds_partitioned_parquet_snap.date_dim_1.d_date_sk
|  |  fk/pk conjuncts: tpcds_partitioned_parquet_snap.catalog_sales.cs_sold_date_sk = tpcds_partitioned_parquet_snap.date_dim_1.d_date_sk
|  |  runtime filters: RF012[bloom] <- tpcds_partitioned_parquet_snap.date_dim_1.d_date_sk
|  |  mem-estimate=1.94MB mem-reservation=1.94MB spill-buffer=64.00KB thread-reservation=0
|  |  tuple-ids=16,18 row-size=20B cardinality=27.84M cost=12186135
|  |  in pipelines: 15(GETNEXT), 16(OPEN)
|  |
|  |--16:SCAN HDFS [tpcds_partitioned_parquet_snap.date_dim]
|  |     HDFS partitions=1/1 files=1 size=2.17MB
|  |     predicates: tpcds_partitioned_parquet_snap.date_dim_1.d_year = CAST(1999 AS INT), tpcds_partitioned_parquet_snap.date_dim_1.d_moy <= CAST(add(CAST(4 AS SMALLINT), CAST(2 AS SMALLINT)) AS INT), tpcds_partitioned_parquet_snap.date_dim_1.d_moy >= CAST(4 AS INT)
|  |     stored statistics:
|  |       table: rows=73.05K size=2.17MB
|  |       columns: all
|  |     extrapolated-rows=disabled max-scan-range-rows=73.05K
|  |     parquet statistics predicates: tpcds_partitioned_parquet_snap.date_dim_1.d_year = CAST(1999 AS INT), tpcds_partitioned_parquet_snap.date_dim_1.d_moy <= CAST(add(CAST(4 AS SMALLINT), CAST(2 AS SMALLINT)) AS INT), tpcds_partitioned_parquet_snap.date_dim_1.d_moy >= CAST(4 AS INT)
|  |     parquet dictionary predicates: tpcds_partitioned_parquet_snap.date_dim_1.d_year = CAST(1999 AS INT), tpcds_partitioned_parquet_snap.date_dim_1.d_moy <= CAST(add(CAST(4 AS SMALLINT), CAST(2 AS SMALLINT)) AS INT), tpcds_partitioned_parquet_snap.date_dim_1.d_moy >= CAST(4 AS INT)
|  |     mem-estimate=16.00MB mem-reservation=512.00KB thread-reservation=0
|  |     tuple-ids=18 row-size=12B cardinality=118 cost=18780
|  |     in pipelines: 16(GETNEXT)
|  |
|  15:SCAN HDFS [tpcds_partitioned_parquet_snap.catalog_sales]
|     HDFS partitions=1831/1831 files=1831 size=280.96GB
|     predicates: is_not_null_pred(tpcds_partitioned_parquet_snap.catalog_sales.cs_ship_customer_sk)
|     runtime filters: RF012[bloom] -> tpcds_partitioned_parquet_snap.catalog_sales.cs_sold_date_sk
|     stored statistics:
|       table: rows=4.32G size=280.96GB
|       partitions: 1831/1831 rows=4.32G
|       columns: all
|     extrapolated-rows=disabled max-scan-range-rows=21.52M est-scan-range=118(filtered from 1831)
|     parquet dictionary predicates: is_not_null_pred(tpcds_partitioned_parquet_snap.catalog_sales.cs_ship_customer_sk)
|     mem-estimate=16.00MB mem-reservation=1.00MB thread-reservation=0
|     tuple-ids=16 row-size=8B cardinality=27.84M(filtered from 432.01M) cost=39896191
|     in pipelines: 15(GETNEXT)
|
14:HASH JOIN [RIGHT OUTER JOIN]
|  hash predicates: tpcds_partitioned_parquet_snap.web_sales.ws_bill_customer_sk = tpcds_partitioned_parquet_snap.customer.c_customer_sk
|  fk/pk conjuncts: none
|  other predicates: is_null_pred(if(TupleIsNull(15), NULL, TRUE))
|  runtime filters: RF000[bloom] <- tpcds_partitioned_parquet_snap.customer.c_customer_sk, RF001[min_max] <- tpcds_partitioned_parquet_snap.customer.c_customer_sk
|  mem-estimate=34.00MB mem-reservation=34.00MB spill-buffer=2.00MB thread-reservation=0
|  tuple-ids=15N,4,7,5,9 row-size=113B cardinality=12.36M cost=6009995
|  in pipelines: 13(GETNEXT), 03(OPEN)
|
|--09:HASH JOIN [INNER JOIN]
|  |  hash predicates: tpcds_partitioned_parquet_snap.store_sales.ss_customer_sk = tpcds_partitioned_parquet_snap.customer.c_customer_sk
|  |  fk/pk conjuncts: tpcds_partitioned_parquet_snap.store_sales.ss_customer_sk = tpcds_partitioned_parquet_snap.customer.c_customer_sk
|  |  runtime filters: RF004[bloom] <- tpcds_partitioned_parquet_snap.customer.c_customer_sk, RF005[min_max] <- tpcds_partitioned_parquet_snap.customer.c_customer_sk
|  |  mem-estimate=34.00MB mem-reservation=34.00MB spill-buffer=2.00MB thread-reservation=0
|  |  tuple-ids=4,7,5,9 row-size=109B cardinality=186.52K cost=8602916
|  |  in pipelines: 03(GETNEXT), 05(OPEN)
|  |
|  |--08:HASH JOIN [INNER JOIN]
|  |  |  hash predicates: tpcds_partitioned_parquet_snap.customer.c_current_addr_sk = tpcds_partitioned_parquet_snap.customer_address.ca_address_sk
|  |  |  fk/pk conjuncts: tpcds_partitioned_parquet_snap.customer.c_current_addr_sk = tpcds_partitioned_parquet_snap.customer_address.ca_address_sk
|  |  |  runtime filters: RF008[bloom] <- tpcds_partitioned_parquet_snap.customer_address.ca_address_sk, RF009[min_max] <- tpcds_partitioned_parquet_snap.customer_address.ca_address_sk
|  |  |  mem-estimate=38.42MB mem-reservation=34.00MB spill-buffer=2.00MB thread-reservation=0
|  |  |  tuple-ids=7,5,9 row-size=105B cardinality=186.52K cost=1633635
|  |  |  in pipelines: 05(GETNEXT), 07(OPEN)
|  |  |
|  |  |--07:SCAN HDFS [tpcds_partitioned_parquet_snap.customer_address]
|  |  |     HDFS partitions=1/1 files=1 size=307.36MB
|  |  |     predicates: tpcds_partitioned_parquet_snap.customer_address.ca_state = 'GA' OR tpcds_partitioned_parquet_snap.customer_address.ca_state = 'OK' OR tpcds_partitioned_parquet_snap.customer_address.ca_state = 'VA'
|  |  |     stored statistics:
|  |  |       table: rows=15.00M size=307.36MB
|  |  |       columns: all
|  |  |     extrapolated-rows=disabled max-scan-range-rows=1.58M
|  |  |     parquet dictionary predicates: tpcds_partitioned_parquet_snap.customer_address.ca_state = 'GA' OR tpcds_partitioned_parquet_snap.customer_address.ca_state = 'OK' OR tpcds_partitioned_parquet_snap.customer_address.ca_state = 'VA'
|  |  |     mem-estimate=16.00MB mem-reservation=128.00KB thread-reservation=0
|  |  |     tuple-ids=9 row-size=18B cardinality=839.76K cost=1717500
|  |  |     in pipelines: 07(GETNEXT)
|  |  |
|  |  06:HASH JOIN [INNER JOIN]
|  |  |  hash predicates: tpcds_partitioned_parquet_snap.customer_demographics.cd_demo_sk = tpcds_partitioned_parquet_snap.customer.c_current_cdemo_sk
|  |  |  fk/pk conjuncts: tpcds_partitioned_parquet_snap.customer_demographics.cd_demo_sk = tpcds_partitioned_parquet_snap.customer.c_current_cdemo_sk
|  |  |  runtime filters: RF010[bloom] <- tpcds_partitioned_parquet_snap.customer.c_current_cdemo_sk, RF011[min_max] <- tpcds_partitioned_parquet_snap.customer.c_current_cdemo_sk
|  |  |  mem-estimate=146.44MB mem-reservation=34.00MB spill-buffer=2.00MB thread-reservation=0
|  |  |  tuple-ids=7,5 row-size=87B cardinality=2.96M cost=4029629
|  |  |  in pipelines: 05(GETNEXT), 04(OPEN)
|  |  |
|  |  |--04:SCAN HDFS [tpcds_partitioned_parquet_snap.customer]
|  |  |     HDFS partitions=1/1 files=1 size=1.55GB
|  |  |     predicates: is_not_null_pred(tpcds_partitioned_parquet_snap.customer.c_customer_sk)
|  |  |     runtime filters: RF009[min_max] -> tpcds_partitioned_parquet_snap.customer.c_current_addr_sk, RF008[bloom] -> tpcds_partitioned_parquet_snap.customer.c_current_addr_sk
|  |  |     stored statistics:
|  |  |       table: rows=30.00M size=1.55GB
|  |  |       columns: all
|  |  |     extrapolated-rows=disabled max-scan-range-rows=3.10M
|  |  |     parquet dictionary predicates: is_not_null_pred(tpcds_partitioned_parquet_snap.customer.c_customer_sk)
|  |  |     mem-estimate=16.00MB mem-reservation=1.00MB thread-reservation=0
|  |  |     tuple-ids=5 row-size=12B cardinality=3.00M cost=6027000
|  |  |     in pipelines: 04(GETNEXT)
|  |  |
|  |  05:SCAN HDFS [tpcds_partitioned_parquet_snap.customer_demographics]
|  |     HDFS partitions=1/1 files=1 size=11.15MB
|  |     runtime filters: RF011[min_max] -> tpcds_partitioned_parquet_snap.customer_demographics.cd_demo_sk, RF010[bloom] -> tpcds_partitioned_parquet_snap.customer_demographics.cd_demo_sk
|  |     stored statistics:
|  |       table: rows=1.92M size=11.15MB
|  |       columns: all
|  |     extrapolated-rows=disabled max-scan-range-rows=197.97K
|  |     mem-estimate=16.00MB mem-reservation=1.00MB thread-reservation=0
|  |     tuple-ids=7 row-size=75B cardinality=1.92M cost=734952
|  |     in pipelines: 05(GETNEXT)
|  |
|  03:AGGREGATE [FINALIZE]
|  |  group by: tpcds_partitioned_parquet_snap.store_sales.ss_customer_sk
|  |  mem-estimate=498.67MB mem-reservation=34.00MB spill-buffer=2.00MB thread-reservation=0
|  |  tuple-ids=4 row-size=4B cardinality=32.68M cost=101554232
|  |  in pipelines: 03(GETNEXT), 00(OPEN)
|  |
|  02:HASH JOIN [INNER JOIN]
|  |  hash predicates: tpcds_partitioned_parquet_snap.store_sales.ss_sold_date_sk = tpcds_partitioned_parquet_snap.date_dim.d_date_sk
|  |  fk/pk conjuncts: tpcds_partitioned_parquet_snap.store_sales.ss_sold_date_sk = tpcds_partitioned_parquet_snap.date_dim.d_date_sk
|  |  runtime filters: RF006[bloom] <- tpcds_partitioned_parquet_snap.date_dim.d_date_sk
|  |  mem-estimate=1.94MB mem-reservation=1.94MB spill-buffer=64.00KB thread-reservation=0
|  |  tuple-ids=0,2 row-size=20B cardinality=55.89M cost=24465060
|  |  in pipelines: 00(GETNEXT), 01(OPEN)
|  |
|  |--01:SCAN HDFS [tpcds_partitioned_parquet_snap.date_dim]
|  |     HDFS partitions=1/1 files=1 size=2.17MB
|  |     predicates: tpcds_partitioned_parquet_snap.date_dim.d_year = CAST(1999 AS INT), tpcds_partitioned_parquet_snap.date_dim.d_moy <= CAST(add(CAST(4 AS SMALLINT), CAST(2 AS SMALLINT)) AS INT), tpcds_partitioned_parquet_snap.date_dim.d_moy >= CAST(4 AS INT)
|  |     stored statistics:
|  |       table: rows=73.05K size=2.17MB
|  |       columns: all
|  |     extrapolated-rows=disabled max-scan-range-rows=73.05K
|  |     parquet statistics predicates: tpcds_partitioned_parquet_snap.date_dim.d_year = CAST(1999 AS INT), tpcds_partitioned_parquet_snap.date_dim.d_moy <= CAST(add(CAST(4 AS SMALLINT), CAST(2 AS SMALLINT)) AS INT), tpcds_partitioned_parquet_snap.date_dim.d_moy >= CAST(4 AS INT)
|  |     parquet dictionary predicates: tpcds_partitioned_parquet_snap.date_dim.d_year = CAST(1999 AS INT), tpcds_partitioned_parquet_snap.date_dim.d_moy <= CAST(add(CAST(4 AS SMALLINT), CAST(2 AS SMALLINT)) AS INT), tpcds_partitioned_parquet_snap.date_dim.d_moy >= CAST(4 AS INT)
|  |     mem-estimate=16.00MB mem-reservation=512.00KB thread-reservation=0
|  |     tuple-ids=2 row-size=12B cardinality=118 cost=18780
|  |     in pipelines: 01(GETNEXT)
|  |
|  00:SCAN HDFS [tpcds_partitioned_parquet_snap.store_sales]
|     HDFS partitions=1824/1824 files=1824 size=389.90GB
|     predicates: is_not_null_pred(tpcds_partitioned_parquet_snap.store_sales.ss_customer_sk)
|     runtime filters: RF005[min_max] -> tpcds_partitioned_parquet_snap.store_sales.ss_customer_sk, RF004[bloom] -> tpcds_partitioned_parquet_snap.store_sales.ss_customer_sk, RF006[bloom] -> tpcds_partitioned_parquet_snap.store_sales.ss_sold_date_sk
|     stored statistics:
|       table: rows=8.64G size=389.90GB
|       partitions: 1824/1824 rows=8.64G
|       columns: all
|     extrapolated-rows=disabled max-scan-range-rows=390.22M est-scan-range=119(filtered from 1824)
|     parquet dictionary predicates: is_not_null_pred(tpcds_partitioned_parquet_snap.store_sales.ss_customer_sk)
|     mem-estimate=16.00MB mem-reservation=4.00MB thread-reservation=0
|     tuple-ids=0 row-size=8B cardinality=55.89M(filtered from 863.99M) cost=80096557
|     in pipelines: 00(GETNEXT)
|
13:AGGREGATE [FINALIZE]
|  group by: tpcds_partitioned_parquet_snap.web_sales.ws_bill_customer_sk
|  mem-estimate=213.22MB mem-reservation=34.00MB spill-buffer=2.00MB thread-reservation=0
|  tuple-ids=15 row-size=4B cardinality=13.97M cost=40518891
|  in pipelines: 13(GETNEXT), 10(OPEN)
|
12:HASH JOIN [INNER JOIN]
|  hash predicates: tpcds_partitioned_parquet_snap.web_sales.ws_sold_date_sk = tpcds_partitioned_parquet_snap.date_dim_0.d_date_sk
|  fk/pk conjuncts: tpcds_partitioned_parquet_snap.web_sales.ws_sold_date_sk = tpcds_partitioned_parquet_snap.date_dim_0.d_date_sk
|  runtime filters: RF002[bloom] <- tpcds_partitioned_parquet_snap.date_dim_0.d_date_sk
|  mem-estimate=1.94MB mem-reservation=1.94MB spill-buffer=64.00KB thread-reservation=0
|  tuple-ids=11,13 row-size=20B cardinality=13.97M cost=6116308
|  in pipelines: 10(GETNEXT), 11(OPEN)
|
|--11:SCAN HDFS [tpcds_partitioned_parquet_snap.date_dim]
|     HDFS partitions=1/1 files=1 size=2.17MB
|     predicates: tpcds_partitioned_parquet_snap.date_dim_0.d_year = CAST(1999 AS INT), tpcds_partitioned_parquet_snap.date_dim_0.d_moy <= CAST(add(CAST(4 AS SMALLINT), CAST(2 AS SMALLINT)) AS INT), tpcds_partitioned_parquet_snap.date_dim_0.d_moy >= CAST(4 AS INT)
|     stored statistics:
|       table: rows=73.05K size=2.17MB
|       columns: all
|     extrapolated-rows=disabled max-scan-range-rows=73.05K
|     parquet statistics predicates: tpcds_partitioned_parquet_snap.date_dim_0.d_year = CAST(1999 AS INT), tpcds_partitioned_parquet_snap.date_dim_0.d_moy <= CAST(add(CAST(4 AS SMALLINT), CAST(2 AS SMALLINT)) AS INT), tpcds_partitioned_parquet_snap.date_dim_0.d_moy >= CAST(4 AS INT)
|     parquet dictionary predicates: tpcds_partitioned_parquet_snap.date_dim_0.d_year = CAST(1999 AS INT), tpcds_partitioned_parquet_snap.date_dim_0.d_moy <= CAST(add(CAST(4 AS SMALLINT), CAST(2 AS SMALLINT)) AS INT), tpcds_partitioned_parquet_snap.date_dim_0.d_moy >= CAST(4 AS INT)
|     mem-estimate=16.00MB mem-reservation=512.00KB thread-reservation=0
|     tuple-ids=13 row-size=12B cardinality=118 cost=18780
|     in pipelines: 11(GETNEXT)
|
10:SCAN HDFS [tpcds_partitioned_parquet_snap.web_sales]
   HDFS partitions=1824/1824 files=1824 size=145.75GB
   predicates: is_not_null_pred(tpcds_partitioned_parquet_snap.web_sales.ws_bill_customer_sk)
   runtime filters: RF001[min_max] -> tpcds_partitioned_parquet_snap.web_sales.ws_bill_customer_sk, RF002[bloom] -> tpcds_partitioned_parquet_snap.web_sales.ws_sold_date_sk, RF000[bloom] -> tpcds_partitioned_parquet_snap.web_sales.ws_bill_customer_sk
   stored statistics:
     table: rows=2.16G size=145.75GB
     partitions: 1824/1824 rows=2.16G
     columns: all
   extrapolated-rows=disabled max-scan-range-rows=3.37M est-scan-range=119(filtered from 1824)
   parquet dictionary predicates: is_not_null_pred(tpcds_partitioned_parquet_snap.web_sales.ws_bill_customer_sk)
   mem-estimate=16.00MB mem-reservation=128.00KB thread-reservation=0
   tuple-ids=11 row-size=8B cardinality=13.97M(filtered from 216.00M) cost=20023992
   in pipelines: 10(GETNEXT)
---- DISTRIBUTEDPLAN
Max Per-Host Resource Reservation: Memory=411.56MB Threads=31
Per-Host Resource Estimates: Memory=779MB
F15:PLAN FRAGMENT [UNPARTITIONED] hosts=1 instances=1
|  Per-Instance Resources: mem-estimate=4.08MB mem-reservation=4.00MB thread-reservation=1
|  max-parallelism=1 segment-costs=[841] cpu-comparison-result=111 [max(1 (self) vs 111 (sum children))]
PLAN-ROOT SINK
|  output exprs: tpcds_partitioned_parquet_snap.customer_demographics.cd_gender, tpcds_partitioned_parquet_snap.customer_demographics.cd_marital_status, tpcds_partitioned_parquet_snap.customer_demographics.cd_education_status, count(), tpcds_partitioned_parquet_snap.customer_demographics.cd_purchase_estimate, count(), tpcds_partitioned_parquet_snap.customer_demographics.cd_credit_rating, count()
|  mem-estimate=4.00MB mem-reservation=4.00MB spill-buffer=2.00MB thread-reservation=0 cost=800
|
40:MERGING-EXCHANGE [UNPARTITIONED]
|  order by: tpcds_partitioned_parquet_snap.customer_demographics.cd_gender ASC NULLS LAST, tpcds_partitioned_parquet_snap.customer_demographics.cd_marital_status ASC NULLS LAST, tpcds_partitioned_parquet_snap.customer_demographics.cd_education_status ASC NULLS LAST, tpcds_partitioned_parquet_snap.customer_demographics.cd_purchase_estimate ASC NULLS LAST, tpcds_partitioned_parquet_snap.customer_demographics.cd_credit_rating ASC NULLS LAST
|  limit: 100
|  mem-estimate=81.41KB mem-reservation=0B thread-reservation=0
|  tuple-ids=22 row-size=79B cardinality=100 cost=41
|  in pipelines: 21(GETNEXT)
|
F14:PLAN FRAGMENT [HASH(tpcds_partitioned_parquet_snap.customer_demographics.cd_gender,tpcds_partitioned_parquet_snap.customer_demographics.cd_marital_status,tpcds_partitioned_parquet_snap.customer_demographics.cd_education_status,tpcds_partitioned_parquet_snap.customer_demographics.cd_purchase_estimate,tpcds_partitioned_parquet_snap.customer_demographics.cd_credit_rating)] hosts=10 instances=10 (adjusted from 120)
Per-Instance Resources: mem-estimate=15.84MB mem-reservation=1.94MB thread-reservation=1
max-parallelism=10 segment-costs=[1266293, 39311, 237] cpu-comparison-result=111 [max(10 (self) vs 111 (sum children))]
21:TOP-N [LIMIT=100]
|  order by: tpcds_partitioned_parquet_snap.customer_demographics.cd_gender ASC NULLS LAST, tpcds_partitioned_parquet_snap.customer_demographics.cd_marital_status ASC NULLS LAST, tpcds_partitioned_parquet_snap.customer_demographics.cd_education_status ASC NULLS LAST, tpcds_partitioned_parquet_snap.customer_demographics.cd_purchase_estimate ASC NULLS LAST, tpcds_partitioned_parquet_snap.customer_demographics.cd_credit_rating ASC NULLS LAST
|  mem-estimate=7.67KB mem-reservation=0B thread-reservation=0
|  tuple-ids=22 row-size=79B cardinality=100 cost=39311
|  in pipelines: 21(GETNEXT), 39(OPEN)
|
39:AGGREGATE [FINALIZE]
|  output: count:merge()
|  group by: tpcds_partitioned_parquet_snap.customer_demographics.cd_gender, tpcds_partitioned_parquet_snap.customer_demographics.cd_marital_status, tpcds_partitioned_parquet_snap.customer_demographics.cd_education_status, tpcds_partitioned_parquet_snap.customer_demographics.cd_purchase_estimate, tpcds_partitioned_parquet_snap.customer_demographics.cd_credit_rating
|  mem-estimate=10.00MB mem-reservation=1.94MB spill-buffer=64.00KB thread-reservation=0
|  tuple-ids=21 row-size=79B cardinality=5.60K cost=948754
|  in pipelines: 39(GETNEXT), 24(OPEN)
|
38:EXCHANGE [HASH(tpcds_partitioned_parquet_snap.customer_demographics.cd_gender,tpcds_partitioned_parquet_snap.customer_demographics.cd_marital_status,tpcds_partitioned_parquet_snap.customer_demographics.cd_education_status,tpcds_partitioned_parquet_snap.customer_demographics.cd_purchase_estimate,tpcds_partitioned_parquet_snap.customer_demographics.cd_credit_rating)]
|  mem-estimate=5.84MB mem-reservation=0B thread-reservation=0
|  tuple-ids=21 row-size=79B cardinality=672.00K cost=317539
|  in pipelines: 24(GETNEXT)
|
F13:PLAN FRAGMENT [HASH(tpcds_partitioned_parquet_snap.catalog_sales.cs_ship_customer_sk)] hosts=10 instances=10 (adjusted from 120)
Per-Instance Resources: mem-estimate=25.81MB mem-reservation=2.00MB thread-reservation=1
max-parallelism=10 segment-costs=[59105587, 3746534] cpu-comparison-result=111 [max(10 (self) vs 111 (sum children))]
20:AGGREGATE [STREAMING]
|  output: count()
|  group by: tpcds_partitioned_parquet_snap.customer_demographics.cd_gender, tpcds_partitioned_parquet_snap.customer_demographics.cd_marital_status, tpcds_partitioned_parquet_snap.customer_demographics.cd_education_status, tpcds_partitioned_parquet_snap.customer_demographics.cd_purchase_estimate, tpcds_partitioned_parquet_snap.customer_demographics.cd_credit_rating
|  mem-estimate=10.00MB mem-reservation=2.00MB spill-buffer=64.00KB thread-reservation=0
|  tuple-ids=21 row-size=79B cardinality=672.00K cost=41299507
|  in pipelines: 24(GETNEXT)
|
19:HASH JOIN [LEFT OUTER JOIN, PARTITIONED]
|  hash-table-id=00
|  hash predicates: tpcds_partitioned_parquet_snap.customer.c_customer_sk = tpcds_partitioned_parquet_snap.catalog_sales.cs_ship_customer_sk
|  fk/pk conjuncts: none
|  other predicates: is_null_pred(if(TupleIsNull(20), NULL, TRUE))
|  mem-estimate=0B mem-reservation=0B spill-buffer=2.00MB thread-reservation=0
|  tuple-ids=15N,4,7,5,9,20N row-size=117B cardinality=27.84M cost=8214636
|  in pipelines: 24(GETNEXT), 36(OPEN)
|
|--F16:PLAN FRAGMENT [HASH(tpcds_partitioned_parquet_snap.catalog_sales.cs_ship_customer_sk)] hosts=10 instances=10 (adjusted from 120)
|  |  Per-Instance Resources: mem-estimate=129.90MB mem-reservation=68.00MB thread-reservation=1
|  |  max-parallelism=10 segment-costs=[84336037, 27841027] cpu-comparison-result=20 [max(10 (self) vs 20 (sum children))]
|  JOIN BUILD
|  |  join-table-id=00 plan-id=01 cohort-id=01
|  |  build expressions: tpcds_partitioned_parquet_snap.catalog_sales.cs_ship_customer_sk
|  |  mem-estimate=87.42MB mem-reservation=34.00MB spill-buffer=2.00MB thread-reservation=0 cost=27841027
|  |
|  36:AGGREGATE [FINALIZE]
|  |  group by: tpcds_partitioned_parquet_snap.catalog_sales.cs_ship_customer_sk
|  |  mem-estimate=42.48MB mem-reservation=34.00MB spill-buffer=2.00MB thread-reservation=0
|  |  tuple-ids=20 row-size=4B cardinality=27.84M cost=80730625
|  |  in pipelines: 36(GETNEXT), 15(OPEN)
|  |
|  35:EXCHANGE [HASH(tpcds_partitioned_parquet_snap.catalog_sales.cs_ship_customer_sk)]
|  |  mem-estimate=10.16MB mem-reservation=0B thread-reservation=0
|  |  tuple-ids=20 row-size=4B cardinality=27.84M cost=3605412
|  |  in pipelines: 15(GETNEXT)
|  |
|  F11:PLAN FRAGMENT [RANDOM] hosts=10 instances=20 (adjusted from 120)
|  Per-Host Shared Resources: mem-estimate=1.00MB mem-reservation=1.00MB thread-reservation=0 runtime-filters-memory=1.00MB
|  Per-Instance Resources: mem-estimate=33.31MB mem-reservation=18.00MB thread-reservation=1
|  max-parallelism=20 segment-costs=[132812833, 21515545] cpu-comparison-result=20 [max(20 (self) vs 11 (sum children))]
|  18:AGGREGATE [STREAMING]
|  |  group by: tpcds_partitioned_parquet_snap.catalog_sales.cs_ship_customer_sk
|  |  mem-estimate=17.00MB mem-reservation=17.00MB spill-buffer=1.00MB thread-reservation=0
|  |  tuple-ids=20 row-size=4B cardinality=27.84M cost=80730625
|  |  in pipelines: 15(GETNEXT)
|  |
|  17:HASH JOIN [INNER JOIN, BROADCAST]
|  |  hash-table-id=01
|  |  hash predicates: tpcds_partitioned_parquet_snap.catalog_sales.cs_sold_date_sk = tpcds_partitioned_parquet_snap.date_dim_1.d_date_sk
|  |  fk/pk conjuncts: tpcds_partitioned_parquet_snap.catalog_sales.cs_sold_date_sk = tpcds_partitioned_parquet_snap.date_dim_1.d_date_sk
|  |  mem-estimate=0B mem-reservation=0B spill-buffer=64.00KB thread-reservation=0
|  |  tuple-ids=16,18 row-size=20B cardinality=27.84M cost=12186017
|  |  in pipelines: 15(GETNEXT), 16(OPEN)
|  |
|  |--F17:PLAN FRAGMENT [RANDOM] hosts=10 instances=10
|  |  |  Per-Instance Resources: mem-estimate=4.89MB mem-reservation=4.88MB thread-reservation=1 runtime-filters-memory=1.00MB
|  |  |  max-parallelism=10 segment-costs=[268]
|  |  JOIN BUILD
|  |  |  join-table-id=01 plan-id=02 cohort-id=02
|  |  |  build expressions: tpcds_partitioned_parquet_snap.date_dim_1.d_date_sk
|  |  |  runtime filters: RF012[bloom] <- tpcds_partitioned_parquet_snap.date_dim_1.d_date_sk
|  |  |  mem-estimate=3.88MB mem-reservation=3.88MB spill-buffer=64.00KB thread-reservation=0 cost=118
|  |  |
|  |  34:EXCHANGE [BROADCAST]
|  |  |  mem-estimate=16.00KB mem-reservation=0B thread-reservation=0
|  |  |  tuple-ids=18 row-size=12B cardinality=118 cost=150
|  |  |  in pipelines: 16(GETNEXT)
|  |  |
|  |  F12:PLAN FRAGMENT [RANDOM] hosts=1 instances=1
|  |  Per-Instance Resources: mem-estimate=16.06MB mem-reservation=512.00KB thread-reservation=1
|  |  max-parallelism=1 segment-costs=[18786]
|  |  16:SCAN HDFS [tpcds_partitioned_parquet_snap.date_dim, RANDOM]
|  |     HDFS partitions=1/1 files=1 size=2.17MB
|  |     predicates: tpcds_partitioned_parquet_snap.date_dim_1.d_year = CAST(1999 AS INT), tpcds_partitioned_parquet_snap.date_dim_1.d_moy <= CAST(add(CAST(4 AS SMALLINT), CAST(2 AS SMALLINT)) AS INT), tpcds_partitioned_parquet_snap.date_dim_1.d_moy >= CAST(4 AS INT)
|  |     stored statistics:
|  |       table: rows=73.05K size=2.17MB
|  |       columns: all
|  |     extrapolated-rows=disabled max-scan-range-rows=73.05K
|  |     parquet statistics predicates: tpcds_partitioned_parquet_snap.date_dim_1.d_year = CAST(1999 AS INT), tpcds_partitioned_parquet_snap.date_dim_1.d_moy <= CAST(add(CAST(4 AS SMALLINT), CAST(2 AS SMALLINT)) AS INT), tpcds_partitioned_parquet_snap.date_dim_1.d_moy >= CAST(4 AS INT)
|  |     parquet dictionary predicates: tpcds_partitioned_parquet_snap.date_dim_1.d_year = CAST(1999 AS INT), tpcds_partitioned_parquet_snap.date_dim_1.d_moy <= CAST(add(CAST(4 AS SMALLINT), CAST(2 AS SMALLINT)) AS INT), tpcds_partitioned_parquet_snap.date_dim_1.d_moy >= CAST(4 AS INT)
|  |     mem-estimate=16.00MB mem-reservation=512.00KB thread-reservation=0
|  |     tuple-ids=18 row-size=12B cardinality=118 cost=18780
|  |     in pipelines: 16(GETNEXT)
|  |
|  15:SCAN HDFS [tpcds_partitioned_parquet_snap.catalog_sales, RANDOM]
|     HDFS partitions=1831/1831 files=1831 size=280.96GB
|     predicates: is_not_null_pred(tpcds_partitioned_parquet_snap.catalog_sales.cs_ship_customer_sk)
|     runtime filters: RF012[bloom] -> tpcds_partitioned_parquet_snap.catalog_sales.cs_sold_date_sk
|     stored statistics:
|       table: rows=4.32G size=280.96GB
|       partitions: 1831/1831 rows=4.32G
|       columns: all
|     extrapolated-rows=disabled max-scan-range-rows=21.52M est-scan-range=118(filtered from 1831)
|     parquet dictionary predicates: is_not_null_pred(tpcds_partitioned_parquet_snap.catalog_sales.cs_ship_customer_sk)
|     mem-estimate=16.00MB mem-reservation=1.00MB thread-reservation=0
|     tuple-ids=16 row-size=8B cardinality=27.84M(filtered from 432.01M) cost=39896191
|     in pipelines: 15(GETNEXT)
|
37:EXCHANGE [HASH(tpcds_partitioned_parquet_snap.customer.c_customer_sk)]
|  mem-estimate=12.59MB mem-reservation=0B thread-reservation=0
|  tuple-ids=15N,4,7,5,9 row-size=113B cardinality=12.36M cost=9591444
|  in pipelines: 24(GETNEXT)
|
F02:PLAN FRAGMENT [HASH(tpcds_partitioned_parquet_snap.web_sales.ws_bill_customer_sk)] hosts=10 instances=20 (adjusted from 120)
Per-Instance Resources: mem-estimate=22.41MB mem-reservation=17.00MB thread-reservation=1
max-parallelism=20 segment-costs=[42328456, 127248839] cpu-comparison-result=91 [max(20 (self) vs 91 (sum children))]
14:HASH JOIN [RIGHT OUTER JOIN, PARTITIONED]
|  hash-table-id=02
|  hash predicates: tpcds_partitioned_parquet_snap.web_sales.ws_bill_customer_sk = tpcds_partitioned_parquet_snap.customer.c_customer_sk
|  fk/pk conjuncts: none
|  other predicates: is_null_pred(if(TupleIsNull(15), NULL, TRUE))
|  mem-estimate=0B mem-reservation=0B spill-buffer=128.00KB thread-reservation=0
|  tuple-ids=15N,4,7,5,9 row-size=113B cardinality=12.36M cost=5823477
|  in pipelines: 24(GETNEXT), 27(OPEN)
|
|--F18:PLAN FRAGMENT [HASH(tpcds_partitioned_parquet_snap.web_sales.ws_bill_customer_sk)] hosts=10 instances=20 (adjusted from 120)
|  |  Per-Instance Resources: mem-estimate=8.24MB mem-reservation=3.88MB thread-reservation=1 runtime-filters-memory=1.00MB
|  |  max-parallelism=20 segment-costs=[320984] cpu-comparison-result=80 [max(20 (self) vs 80 (sum children))]
|  JOIN BUILD
|  |  join-table-id=02 plan-id=03 cohort-id=01
|  |  build expressions: tpcds_partitioned_parquet_snap.customer.c_customer_sk
|  |  runtime filters: RF000[bloom] <- tpcds_partitioned_parquet_snap.customer.c_customer_sk, RF001[min_max] <- tpcds_partitioned_parquet_snap.customer.c_customer_sk
|  |  mem-estimate=2.88MB mem-reservation=2.88MB spill-buffer=128.00KB thread-reservation=0 cost=186518
|  |
|  33:EXCHANGE [HASH(tpcds_partitioned_parquet_snap.customer.c_customer_sk)]
|  |  mem-estimate=4.36MB mem-reservation=0B thread-reservation=0
|  |  tuple-ids=4,7,5,9 row-size=109B cardinality=186.52K cost=134466
|  |  in pipelines: 27(GETNEXT)
|  |
|  F05:PLAN FRAGMENT [HASH(tpcds_partitioned_parquet_snap.store_sales.ss_customer_sk)] hosts=10 instances=20 (adjusted from 120)
|  Per-Instance Resources: mem-estimate=44.23MB mem-reservation=34.00MB thread-reservation=1
|  max-parallelism=20 segment-costs=[108625282, 10104908] cpu-comparison-result=80 [max(20 (self) vs 80 (sum children))]
|  09:HASH JOIN [INNER JOIN, PARTITIONED]
|  |  hash-table-id=03
|  |  hash predicates: tpcds_partitioned_parquet_snap.store_sales.ss_customer_sk = tpcds_partitioned_parquet_snap.customer.c_customer_sk
|  |  fk/pk conjuncts: tpcds_partitioned_parquet_snap.store_sales.ss_customer_sk = tpcds_partitioned_parquet_snap.customer.c_customer_sk
|  |  mem-estimate=0B mem-reservation=0B spill-buffer=128.00KB thread-reservation=0
|  |  tuple-ids=4,7,5,9 row-size=109B cardinality=186.52K cost=8416398
|  |  in pipelines: 27(GETNEXT), 05(OPEN)
|  |
|  |--F19:PLAN FRAGMENT [HASH(tpcds_partitioned_parquet_snap.store_sales.ss_customer_sk)] hosts=10 instances=20 (adjusted from 120)
|  |  |  Per-Instance Resources: mem-estimate=6.87MB mem-reservation=3.88MB thread-reservation=1 runtime-filters-memory=1.00MB
|  |  |  max-parallelism=20 segment-costs=[310688] cpu-comparison-result=50 [max(50 (self) vs 40 (sum children))]
|  |  JOIN BUILD
|  |  |  join-table-id=03 plan-id=04 cohort-id=03
|  |  |  build expressions: tpcds_partitioned_parquet_snap.customer.c_customer_sk
|  |  |  runtime filters: RF004[bloom] <- tpcds_partitioned_parquet_snap.customer.c_customer_sk, RF005[min_max] <- tpcds_partitioned_parquet_snap.customer.c_customer_sk
|  |  |  mem-estimate=2.88MB mem-reservation=2.88MB spill-buffer=128.00KB thread-reservation=0 cost=186518
|  |  |
|  |  32:EXCHANGE [HASH(tpcds_partitioned_parquet_snap.customer.c_customer_sk)]
|  |  |  mem-estimate=3.00MB mem-reservation=0B thread-reservation=0
|  |  |  tuple-ids=7,5,9 row-size=105B cardinality=186.52K cost=124170
|  |  |  in pipelines: 05(GETNEXT)
|  |  |
|  |  F10:PLAN FRAGMENT [HASH(tpcds_partitioned_parquet_snap.customer.c_current_addr_sk)] hosts=10 instances=10
|  |  Per-Instance Resources: mem-estimate=20.03MB mem-reservation=0B thread-reservation=1
|  |  max-parallelism=10 segment-costs=[3956568]
|  |  08:HASH JOIN [INNER JOIN, PARTITIONED]
|  |  |  hash-table-id=04
|  |  |  hash predicates: tpcds_partitioned_parquet_snap.customer.c_current_addr_sk = tpcds_partitioned_parquet_snap.customer_address.ca_address_sk
|  |  |  fk/pk conjuncts: tpcds_partitioned_parquet_snap.customer.c_current_addr_sk = tpcds_partitioned_parquet_snap.customer_address.ca_address_sk
|  |  |  mem-estimate=0B mem-reservation=0B spill-buffer=256.00KB thread-reservation=0
|  |  |  tuple-ids=7,5,9 row-size=105B cardinality=186.52K cost=793875
|  |  |  in pipelines: 05(GETNEXT), 07(OPEN)
|  |  |
|  |  |--F20:PLAN FRAGMENT [HASH(tpcds_partitioned_parquet_snap.customer.c_current_addr_sk)] hosts=10 instances=10
|  |  |  |  Per-Instance Resources: mem-estimate=7.41MB mem-reservation=5.75MB thread-reservation=1 runtime-filters-memory=1.00MB
|  |  |  |  max-parallelism=10 segment-costs=[1002589]
|  |  |  JOIN BUILD
|  |  |  |  join-table-id=04 plan-id=05 cohort-id=04
|  |  |  |  build expressions: tpcds_partitioned_parquet_snap.customer_address.ca_address_sk
|  |  |  |  runtime filters: RF008[bloom] <- tpcds_partitioned_parquet_snap.customer_address.ca_address_sk, RF009[min_max] <- tpcds_partitioned_parquet_snap.customer_address.ca_address_sk
|  |  |  |  mem-estimate=4.75MB mem-reservation=4.75MB spill-buffer=256.00KB thread-reservation=0 cost=839760
|  |  |  |
|  |  |  31:EXCHANGE [HASH(tpcds_partitioned_parquet_snap.customer_address.ca_address_sk)]
|  |  |  |  mem-estimate=1.66MB mem-reservation=0B thread-reservation=0
|  |  |  |  tuple-ids=9 row-size=18B cardinality=839.76K cost=162829
|  |  |  |  in pipelines: 07(GETNEXT)
|  |  |  |
|  |  |  F09:PLAN FRAGMENT [RANDOM] hosts=10 instances=10
|  |  |  Per-Instance Resources: mem-estimate=16.86MB mem-reservation=128.00KB thread-reservation=1
|  |  |  max-parallelism=10 segment-costs=[3123594]
|  |  |  07:SCAN HDFS [tpcds_partitioned_parquet_snap.customer_address, RANDOM]
|  |  |     HDFS partitions=1/1 files=1 size=307.36MB
|  |  |     predicates: tpcds_partitioned_parquet_snap.customer_address.ca_state = 'GA' OR tpcds_partitioned_parquet_snap.customer_address.ca_state = 'OK' OR tpcds_partitioned_parquet_snap.customer_address.ca_state = 'VA'
|  |  |     stored statistics:
|  |  |       table: rows=15.00M size=307.36MB
|  |  |       columns: all
|  |  |     extrapolated-rows=disabled max-scan-range-rows=1.58M
|  |  |     parquet dictionary predicates: tpcds_partitioned_parquet_snap.customer_address.ca_state = 'GA' OR tpcds_partitioned_parquet_snap.customer_address.ca_state = 'OK' OR tpcds_partitioned_parquet_snap.customer_address.ca_state = 'VA'
|  |  |     mem-estimate=16.00MB mem-reservation=128.00KB thread-reservation=0
|  |  |     tuple-ids=9 row-size=18B cardinality=839.76K cost=1717500
|  |  |     in pipelines: 07(GETNEXT)
|  |  |
|  |  30:EXCHANGE [HASH(tpcds_partitioned_parquet_snap.customer.c_current_addr_sk)]
|  |  |  mem-estimate=10.92MB mem-reservation=0B thread-reservation=0
|  |  |  tuple-ids=7,5 row-size=87B cardinality=2.96M cost=1618325
|  |  |  in pipelines: 05(GETNEXT)
|  |  |
|  |  F08:PLAN FRAGMENT [HASH(tpcds_partitioned_parquet_snap.customer_demographics.cd_demo_sk)] hosts=10 instances=10
|  |  Per-Instance Resources: mem-estimate=14.46MB mem-reservation=0B thread-reservation=1
|  |  max-parallelism=10 segment-costs=[21476081]
|  |  06:HASH JOIN [INNER JOIN, PARTITIONED]
|  |  |  hash-table-id=05
|  |  |  hash predicates: tpcds_partitioned_parquet_snap.customer_demographics.cd_demo_sk = tpcds_partitioned_parquet_snap.customer.c_current_cdemo_sk
|  |  |  fk/pk conjuncts: tpcds_partitioned_parquet_snap.customer_demographics.cd_demo_sk = tpcds_partitioned_parquet_snap.customer.c_current_cdemo_sk
|  |  |  mem-estimate=0B mem-reservation=0B spill-buffer=1.00MB thread-reservation=0
|  |  |  tuple-ids=7,5 row-size=87B cardinality=2.96M cost=1029629
|  |  |  in pipelines: 05(GETNEXT), 04(OPEN)
|  |  |
|  |  |--F21:PLAN FRAGMENT [HASH(tpcds_partitioned_parquet_snap.customer_demographics.cd_demo_sk)] hosts=10 instances=10
|  |  |  |  Per-Instance Resources: mem-estimate=22.59MB mem-reservation=19.00MB thread-reservation=1 runtime-filters-memory=2.00MB
|  |  |  |  max-parallelism=10 segment-costs=[3498900]
|  |  |  JOIN BUILD
|  |  |  |  join-table-id=05 plan-id=06 cohort-id=04
|  |  |  |  build expressions: tpcds_partitioned_parquet_snap.customer.c_current_cdemo_sk
|  |  |  |  runtime filters: RF010[bloom] <- tpcds_partitioned_parquet_snap.customer.c_current_cdemo_sk, RF011[min_max] <- tpcds_partitioned_parquet_snap.customer.c_current_cdemo_sk
|  |  |  |  mem-estimate=17.00MB mem-reservation=17.00MB spill-buffer=1.00MB thread-reservation=0 cost=3000000
|  |  |  |
|  |  |  29:EXCHANGE [HASH(tpcds_partitioned_parquet_snap.customer.c_current_cdemo_sk)]
|  |  |  |  mem-estimate=3.59MB mem-reservation=0B thread-reservation=0
|  |  |  |  tuple-ids=5 row-size=12B cardinality=3.00M cost=498900
|  |  |  |  in pipelines: 04(GETNEXT)
|  |  |  |
|  |  |  F07:PLAN FRAGMENT [RANDOM] hosts=10 instances=10
|  |  |  Per-Host Shared Resources: mem-estimate=1.00MB mem-reservation=1.00MB thread-reservation=0 runtime-filters-memory=1.00MB
|  |  |  Per-Instance Resources: mem-estimate=16.62MB mem-reservation=1.00MB thread-reservation=1
|  |  |  max-parallelism=10 segment-costs=[9891000]
|  |  |  04:SCAN HDFS [tpcds_partitioned_parquet_snap.customer, RANDOM]
|  |  |     HDFS partitions=1/1 files=1 size=1.55GB
|  |  |     predicates: is_not_null_pred(tpcds_partitioned_parquet_snap.customer.c_customer_sk)
|  |  |     runtime filters: RF009[min_max] -> tpcds_partitioned_parquet_snap.customer.c_current_addr_sk, RF008[bloom] -> tpcds_partitioned_parquet_snap.customer.c_current_addr_sk
|  |  |     stored statistics:
|  |  |       table: rows=30.00M size=1.55GB
|  |  |       columns: all
|  |  |     extrapolated-rows=disabled max-scan-range-rows=3.10M
|  |  |     parquet dictionary predicates: is_not_null_pred(tpcds_partitioned_parquet_snap.customer.c_customer_sk)
|  |  |     mem-estimate=16.00MB mem-reservation=1.00MB thread-reservation=0
|  |  |     tuple-ids=5 row-size=12B cardinality=3.00M cost=6027000
|  |  |     in pipelines: 04(GETNEXT)
|  |  |
|  |  28:EXCHANGE [HASH(tpcds_partitioned_parquet_snap.customer_demographics.cd_demo_sk)]
|  |  |  mem-estimate=10.77MB mem-reservation=0B thread-reservation=0
|  |  |  tuple-ids=7 row-size=75B cardinality=1.92M cost=872290
|  |  |  in pipelines: 05(GETNEXT)
|  |  |
|  |  F06:PLAN FRAGMENT [RANDOM] hosts=10 instances=10
|  |  Per-Host Shared Resources: mem-estimate=2.00MB mem-reservation=2.00MB thread-reservation=0 runtime-filters-memory=2.00MB
|  |  Per-Instance Resources: mem-estimate=19.07MB mem-reservation=1.00MB thread-reservation=1
|  |  max-parallelism=10 segment-costs=[10948997]
|  |  05:SCAN HDFS [tpcds_partitioned_parquet_snap.customer_demographics, RANDOM]
|  |     HDFS partitions=1/1 files=1 size=11.15MB
|  |     runtime filters: RF011[min_max] -> tpcds_partitioned_parquet_snap.customer_demographics.cd_demo_sk, RF010[bloom] -> tpcds_partitioned_parquet_snap.customer_demographics.cd_demo_sk
|  |     stored statistics:
|  |       table: rows=1.92M size=11.15MB
|  |       columns: all
|  |     extrapolated-rows=disabled max-scan-range-rows=197.97K
|  |     mem-estimate=16.00MB mem-reservation=1.00MB thread-reservation=0
|  |     tuple-ids=7 row-size=75B cardinality=1.92M cost=734952
|  |     in pipelines: 05(GETNEXT)
|  |
|  27:AGGREGATE [FINALIZE]
|  |  group by: tpcds_partitioned_parquet_snap.store_sales.ss_customer_sk
|  |  mem-estimate=34.00MB mem-reservation=34.00MB spill-buffer=2.00MB thread-reservation=0
|  |  tuple-ids=4 row-size=4B cardinality=32.68M cost=101438297
|  |  in pipelines: 27(GETNEXT), 00(OPEN)
|  |
|  26:EXCHANGE [HASH(tpcds_partitioned_parquet_snap.store_sales.ss_customer_sk)]
|  |  mem-estimate=10.23MB mem-reservation=0B thread-reservation=0
|  |  tuple-ids=4 row-size=4B cardinality=55.50M cost=7186985
|  |  in pipelines: 00(GETNEXT)
|  |
|  F03:PLAN FRAGMENT [RANDOM] hosts=10 instances=30 (adjusted from 120)
|  Per-Host Shared Resources: mem-estimate=2.00MB mem-reservation=2.00MB thread-reservation=0 runtime-filters-memory=2.00MB
|  Per-Instance Resources: mem-estimate=50.62MB mem-reservation=38.00MB thread-reservation=1
|  max-parallelism=30 segment-costs=[265604868, 42888823] cpu-comparison-result=30 [max(30 (self) vs 11 (sum children))]
|  03:AGGREGATE [STREAMING]
|  |  group by: tpcds_partitioned_parquet_snap.store_sales.ss_customer_sk
|  |  mem-estimate=34.00MB mem-reservation=34.00MB spill-buffer=2.00MB thread-reservation=0
|  |  tuple-ids=4 row-size=4B cardinality=55.50M cost=161043369
|  |  in pipelines: 00(GETNEXT)
|  |
|  02:HASH JOIN [INNER JOIN, BROADCAST]
|  |  hash-table-id=06
|  |  hash predicates: tpcds_partitioned_parquet_snap.store_sales.ss_sold_date_sk = tpcds_partitioned_parquet_snap.date_dim.d_date_sk
|  |  fk/pk conjuncts: tpcds_partitioned_parquet_snap.store_sales.ss_sold_date_sk = tpcds_partitioned_parquet_snap.date_dim.d_date_sk
|  |  mem-estimate=0B mem-reservation=0B spill-buffer=64.00KB thread-reservation=0
|  |  tuple-ids=0,2 row-size=20B cardinality=55.89M cost=24464942
|  |  in pipelines: 00(GETNEXT), 01(OPEN)
|  |
|  |--F22:PLAN FRAGMENT [RANDOM] hosts=10 instances=10
|  |  |  Per-Instance Resources: mem-estimate=6.83MB mem-reservation=6.81MB thread-reservation=1 runtime-filters-memory=1.00MB
|  |  |  max-parallelism=10 segment-costs=[268]
|  |  JOIN BUILD
|  |  |  join-table-id=06 plan-id=07 cohort-id=03
|  |  |  build expressions: tpcds_partitioned_parquet_snap.date_dim.d_date_sk
|  |  |  runtime filters: RF006[bloom] <- tpcds_partitioned_parquet_snap.date_dim.d_date_sk
|  |  |  mem-estimate=5.81MB mem-reservation=5.81MB spill-buffer=64.00KB thread-reservation=0 cost=118
|  |  |
|  |  25:EXCHANGE [BROADCAST]
|  |  |  mem-estimate=16.00KB mem-reservation=0B thread-reservation=0
|  |  |  tuple-ids=2 row-size=12B cardinality=118 cost=150
|  |  |  in pipelines: 01(GETNEXT)
|  |  |
|  |  F04:PLAN FRAGMENT [RANDOM] hosts=1 instances=1
|  |  Per-Instance Resources: mem-estimate=16.06MB mem-reservation=512.00KB thread-reservation=1
|  |  max-parallelism=1 segment-costs=[18786]
|  |  01:SCAN HDFS [tpcds_partitioned_parquet_snap.date_dim, RANDOM]
|  |     HDFS partitions=1/1 files=1 size=2.17MB
|  |     predicates: tpcds_partitioned_parquet_snap.date_dim.d_year = CAST(1999 AS INT), tpcds_partitioned_parquet_snap.date_dim.d_moy <= CAST(add(CAST(4 AS SMALLINT), CAST(2 AS SMALLINT)) AS INT), tpcds_partitioned_parquet_snap.date_dim.d_moy >= CAST(4 AS INT)
|  |     stored statistics:
|  |       table: rows=73.05K size=2.17MB
|  |       columns: all
|  |     extrapolated-rows=disabled max-scan-range-rows=73.05K
|  |     parquet statistics predicates: tpcds_partitioned_parquet_snap.date_dim.d_year = CAST(1999 AS INT), tpcds_partitioned_parquet_snap.date_dim.d_moy <= CAST(add(CAST(4 AS SMALLINT), CAST(2 AS SMALLINT)) AS INT), tpcds_partitioned_parquet_snap.date_dim.d_moy >= CAST(4 AS INT)
|  |     parquet dictionary predicates: tpcds_partitioned_parquet_snap.date_dim.d_year = CAST(1999 AS INT), tpcds_partitioned_parquet_snap.date_dim.d_moy <= CAST(add(CAST(4 AS SMALLINT), CAST(2 AS SMALLINT)) AS INT), tpcds_partitioned_parquet_snap.date_dim.d_moy >= CAST(4 AS INT)
|  |     mem-estimate=16.00MB mem-reservation=512.00KB thread-reservation=0
|  |     tuple-ids=2 row-size=12B cardinality=118 cost=18780
|  |     in pipelines: 01(GETNEXT)
|  |
|  00:SCAN HDFS [tpcds_partitioned_parquet_snap.store_sales, RANDOM]
|     HDFS partitions=1824/1824 files=1824 size=389.90GB
|     predicates: is_not_null_pred(tpcds_partitioned_parquet_snap.store_sales.ss_customer_sk)
|     runtime filters: RF005[min_max] -> tpcds_partitioned_parquet_snap.store_sales.ss_customer_sk, RF004[bloom] -> tpcds_partitioned_parquet_snap.store_sales.ss_customer_sk, RF006[bloom] -> tpcds_partitioned_parquet_snap.store_sales.ss_sold_date_sk
|     stored statistics:
|       table: rows=8.64G size=389.90GB
|       partitions: 1824/1824 rows=8.64G
|       columns: all
|     extrapolated-rows=disabled max-scan-range-rows=390.22M est-scan-range=119(filtered from 1824)
|     parquet dictionary predicates: is_not_null_pred(tpcds_partitioned_parquet_snap.store_sales.ss_customer_sk)
|     mem-estimate=16.00MB mem-reservation=4.00MB thread-reservation=0
|     tuple-ids=0 row-size=8B cardinality=55.89M(filtered from 863.99M) cost=80096557
|     in pipelines: 00(GETNEXT)
|
24:AGGREGATE [FINALIZE]
|  group by: tpcds_partitioned_parquet_snap.web_sales.ws_bill_customer_sk
|  mem-estimate=17.00MB mem-reservation=17.00MB spill-buffer=1.00MB thread-reservation=0
|  tuple-ids=15 row-size=4B cardinality=13.97M cost=40518891
|  in pipelines: 24(GETNEXT), 10(OPEN)
|
23:EXCHANGE [HASH(tpcds_partitioned_parquet_snap.web_sales.ws_bill_customer_sk)]
|  mem-estimate=5.41MB mem-reservation=0B thread-reservation=0
|  tuple-ids=15 row-size=4B cardinality=13.97M cost=1809565
|  in pipelines: 10(GETNEXT)
|
F00:PLAN FRAGMENT [RANDOM] hosts=10 instances=10 (adjusted from 120)
Per-Host Shared Resources: mem-estimate=2.00MB mem-reservation=2.00MB thread-reservation=0 runtime-filters-memory=2.00MB
Per-Instance Resources: mem-estimate=33.62MB mem-reservation=17.12MB thread-reservation=1
max-parallelism=10 segment-costs=[66659073, 10798703] cpu-comparison-result=11 [max(10 (self) vs 11 (sum children))]
13:AGGREGATE [STREAMING]
|  group by: tpcds_partitioned_parquet_snap.web_sales.ws_bill_customer_sk
|  mem-estimate=17.00MB mem-reservation=17.00MB spill-buffer=1.00MB thread-reservation=0
|  tuple-ids=15 row-size=4B cardinality=13.97M cost=40518891
|  in pipelines: 10(GETNEXT)
|
12:HASH JOIN [INNER JOIN, BROADCAST]
|  hash-table-id=07
|  hash predicates: tpcds_partitioned_parquet_snap.web_sales.ws_sold_date_sk = tpcds_partitioned_parquet_snap.date_dim_0.d_date_sk
|  fk/pk conjuncts: tpcds_partitioned_parquet_snap.web_sales.ws_sold_date_sk = tpcds_partitioned_parquet_snap.date_dim_0.d_date_sk
|  mem-estimate=0B mem-reservation=0B spill-buffer=64.00KB thread-reservation=0
|  tuple-ids=11,13 row-size=20B cardinality=13.97M cost=6116190
|  in pipelines: 10(GETNEXT), 11(OPEN)
|
|--F23:PLAN FRAGMENT [RANDOM] hosts=10 instances=10
|  |  Per-Instance Resources: mem-estimate=2.95MB mem-reservation=2.94MB thread-reservation=1 runtime-filters-memory=1.00MB
|  |  max-parallelism=10 segment-costs=[268]
|  JOIN BUILD
|  |  join-table-id=07 plan-id=08 cohort-id=01
|  |  build expressions: tpcds_partitioned_parquet_snap.date_dim_0.d_date_sk
|  |  runtime filters: RF002[bloom] <- tpcds_partitioned_parquet_snap.date_dim_0.d_date_sk
|  |  mem-estimate=1.94MB mem-reservation=1.94MB spill-buffer=64.00KB thread-reservation=0 cost=118
|  |
|  22:EXCHANGE [BROADCAST]
|  |  mem-estimate=16.00KB mem-reservation=0B thread-reservation=0
|  |  tuple-ids=13 row-size=12B cardinality=118 cost=150
|  |  in pipelines: 11(GETNEXT)
|  |
|  F01:PLAN FRAGMENT [RANDOM] hosts=1 instances=1
|  Per-Instance Resources: mem-estimate=16.06MB mem-reservation=512.00KB thread-reservation=1
|  max-parallelism=1 segment-costs=[18786]
|  11:SCAN HDFS [tpcds_partitioned_parquet_snap.date_dim, RANDOM]
|     HDFS partitions=1/1 files=1 size=2.17MB
|     predicates: tpcds_partitioned_parquet_snap.date_dim_0.d_year = CAST(1999 AS INT), tpcds_partitioned_parquet_snap.date_dim_0.d_moy <= CAST(add(CAST(4 AS SMALLINT), CAST(2 AS SMALLINT)) AS INT), tpcds_partitioned_parquet_snap.date_dim_0.d_moy >= CAST(4 AS INT)
|     stored statistics:
|       table: rows=73.05K size=2.17MB
|       columns: all
|     extrapolated-rows=disabled max-scan-range-rows=73.05K
|     parquet statistics predicates: tpcds_partitioned_parquet_snap.date_dim_0.d_year = CAST(1999 AS INT), tpcds_partitioned_parquet_snap.date_dim_0.d_moy <= CAST(add(CAST(4 AS SMALLINT), CAST(2 AS SMALLINT)) AS INT), tpcds_partitioned_parquet_snap.date_dim_0.d_moy >= CAST(4 AS INT)
|     parquet dictionary predicates: tpcds_partitioned_parquet_snap.date_dim_0.d_year = CAST(1999 AS INT), tpcds_partitioned_parquet_snap.date_dim_0.d_moy <= CAST(add(CAST(4 AS SMALLINT), CAST(2 AS SMALLINT)) AS INT), tpcds_partitioned_parquet_snap.date_dim_0.d_moy >= CAST(4 AS INT)
|     mem-estimate=16.00MB mem-reservation=512.00KB thread-reservation=0
|     tuple-ids=13 row-size=12B cardinality=118 cost=18780
|     in pipelines: 11(GETNEXT)
|
10:SCAN HDFS [tpcds_partitioned_parquet_snap.web_sales, RANDOM]
   HDFS partitions=1824/1824 files=1824 size=145.75GB
   predicates: is_not_null_pred(tpcds_partitioned_parquet_snap.web_sales.ws_bill_customer_sk)
   runtime filters: RF001[min_max] -> tpcds_partitioned_parquet_snap.web_sales.ws_bill_customer_sk, RF002[bloom] -> tpcds_partitioned_parquet_snap.web_sales.ws_sold_date_sk, RF000[bloom] -> tpcds_partitioned_parquet_snap.web_sales.ws_bill_customer_sk
   stored statistics:
     table: rows=2.16G size=145.75GB
     partitions: 1824/1824 rows=2.16G
     columns: all
   extrapolated-rows=disabled max-scan-range-rows=3.37M est-scan-range=119(filtered from 1824)
   parquet dictionary predicates: is_not_null_pred(tpcds_partitioned_parquet_snap.web_sales.ws_bill_customer_sk)
   mem-estimate=16.00MB mem-reservation=128.00KB thread-reservation=0
   tuple-ids=11 row-size=8B cardinality=13.97M(filtered from 216.00M) cost=20023992
   in pipelines: 10(GETNEXT)
---- PARALLELPLANS
Max Per-Host Resource Reservation: Memory=411.56MB Threads=31
Per-Host Resource Estimates: Memory=779MB
F15:PLAN FRAGMENT [UNPARTITIONED] hosts=1 instances=1
|  Per-Instance Resources: mem-estimate=4.08MB mem-reservation=4.00MB thread-reservation=1
|  max-parallelism=1 segment-costs=[841] cpu-comparison-result=111 [max(1 (self) vs 111 (sum children))]
PLAN-ROOT SINK
|  output exprs: tpcds_partitioned_parquet_snap.customer_demographics.cd_gender, tpcds_partitioned_parquet_snap.customer_demographics.cd_marital_status, tpcds_partitioned_parquet_snap.customer_demographics.cd_education_status, count(), tpcds_partitioned_parquet_snap.customer_demographics.cd_purchase_estimate, count(), tpcds_partitioned_parquet_snap.customer_demographics.cd_credit_rating, count()
|  mem-estimate=4.00MB mem-reservation=4.00MB spill-buffer=2.00MB thread-reservation=0 cost=800
|
40:MERGING-EXCHANGE [UNPARTITIONED]
|  order by: tpcds_partitioned_parquet_snap.customer_demographics.cd_gender ASC NULLS LAST, tpcds_partitioned_parquet_snap.customer_demographics.cd_marital_status ASC NULLS LAST, tpcds_partitioned_parquet_snap.customer_demographics.cd_education_status ASC NULLS LAST, tpcds_partitioned_parquet_snap.customer_demographics.cd_purchase_estimate ASC NULLS LAST, tpcds_partitioned_parquet_snap.customer_demographics.cd_credit_rating ASC NULLS LAST
|  limit: 100
|  mem-estimate=81.41KB mem-reservation=0B thread-reservation=0
|  tuple-ids=22 row-size=79B cardinality=100 cost=41
|  in pipelines: 21(GETNEXT)
|
F14:PLAN FRAGMENT [HASH(tpcds_partitioned_parquet_snap.customer_demographics.cd_gender,tpcds_partitioned_parquet_snap.customer_demographics.cd_marital_status,tpcds_partitioned_parquet_snap.customer_demographics.cd_education_status,tpcds_partitioned_parquet_snap.customer_demographics.cd_purchase_estimate,tpcds_partitioned_parquet_snap.customer_demographics.cd_credit_rating)] hosts=10 instances=10 (adjusted from 120)
Per-Instance Resources: mem-estimate=15.84MB mem-reservation=1.94MB thread-reservation=1
max-parallelism=10 segment-costs=[1266293, 39311, 237] cpu-comparison-result=111 [max(10 (self) vs 111 (sum children))]
21:TOP-N [LIMIT=100]
|  order by: tpcds_partitioned_parquet_snap.customer_demographics.cd_gender ASC NULLS LAST, tpcds_partitioned_parquet_snap.customer_demographics.cd_marital_status ASC NULLS LAST, tpcds_partitioned_parquet_snap.customer_demographics.cd_education_status ASC NULLS LAST, tpcds_partitioned_parquet_snap.customer_demographics.cd_purchase_estimate ASC NULLS LAST, tpcds_partitioned_parquet_snap.customer_demographics.cd_credit_rating ASC NULLS LAST
|  mem-estimate=7.67KB mem-reservation=0B thread-reservation=0
|  tuple-ids=22 row-size=79B cardinality=100 cost=39311
|  in pipelines: 21(GETNEXT), 39(OPEN)
|
39:AGGREGATE [FINALIZE]
|  output: count:merge()
|  group by: tpcds_partitioned_parquet_snap.customer_demographics.cd_gender, tpcds_partitioned_parquet_snap.customer_demographics.cd_marital_status, tpcds_partitioned_parquet_snap.customer_demographics.cd_education_status, tpcds_partitioned_parquet_snap.customer_demographics.cd_purchase_estimate, tpcds_partitioned_parquet_snap.customer_demographics.cd_credit_rating
|  mem-estimate=10.00MB mem-reservation=1.94MB spill-buffer=64.00KB thread-reservation=0
|  tuple-ids=21 row-size=79B cardinality=5.60K cost=948754
|  in pipelines: 39(GETNEXT), 24(OPEN)
|
38:EXCHANGE [HASH(tpcds_partitioned_parquet_snap.customer_demographics.cd_gender,tpcds_partitioned_parquet_snap.customer_demographics.cd_marital_status,tpcds_partitioned_parquet_snap.customer_demographics.cd_education_status,tpcds_partitioned_parquet_snap.customer_demographics.cd_purchase_estimate,tpcds_partitioned_parquet_snap.customer_demographics.cd_credit_rating)]
|  mem-estimate=5.84MB mem-reservation=0B thread-reservation=0
|  tuple-ids=21 row-size=79B cardinality=672.00K cost=317539
|  in pipelines: 24(GETNEXT)
|
F13:PLAN FRAGMENT [HASH(tpcds_partitioned_parquet_snap.catalog_sales.cs_ship_customer_sk)] hosts=10 instances=10 (adjusted from 120)
Per-Instance Resources: mem-estimate=25.81MB mem-reservation=2.00MB thread-reservation=1
max-parallelism=10 segment-costs=[59105587, 3746534] cpu-comparison-result=111 [max(10 (self) vs 111 (sum children))]
20:AGGREGATE [STREAMING]
|  output: count()
|  group by: tpcds_partitioned_parquet_snap.customer_demographics.cd_gender, tpcds_partitioned_parquet_snap.customer_demographics.cd_marital_status, tpcds_partitioned_parquet_snap.customer_demographics.cd_education_status, tpcds_partitioned_parquet_snap.customer_demographics.cd_purchase_estimate, tpcds_partitioned_parquet_snap.customer_demographics.cd_credit_rating
|  mem-estimate=10.00MB mem-reservation=2.00MB spill-buffer=64.00KB thread-reservation=0
|  tuple-ids=21 row-size=79B cardinality=672.00K cost=41299507
|  in pipelines: 24(GETNEXT)
|
19:HASH JOIN [LEFT OUTER JOIN, PARTITIONED]
|  hash-table-id=00
|  hash predicates: tpcds_partitioned_parquet_snap.customer.c_customer_sk = tpcds_partitioned_parquet_snap.catalog_sales.cs_ship_customer_sk
|  fk/pk conjuncts: none
|  other predicates: is_null_pred(if(TupleIsNull(20), NULL, TRUE))
|  mem-estimate=0B mem-reservation=0B spill-buffer=2.00MB thread-reservation=0
|  tuple-ids=15N,4,7,5,9,20N row-size=117B cardinality=27.84M cost=8214636
|  in pipelines: 24(GETNEXT), 36(OPEN)
|
|--F16:PLAN FRAGMENT [HASH(tpcds_partitioned_parquet_snap.catalog_sales.cs_ship_customer_sk)] hosts=10 instances=10 (adjusted from 120)
|  |  Per-Instance Resources: mem-estimate=129.90MB mem-reservation=68.00MB thread-reservation=1
|  |  max-parallelism=10 segment-costs=[84336037, 27841027] cpu-comparison-result=20 [max(10 (self) vs 20 (sum children))]
|  JOIN BUILD
|  |  join-table-id=00 plan-id=01 cohort-id=01
|  |  build expressions: tpcds_partitioned_parquet_snap.catalog_sales.cs_ship_customer_sk
|  |  mem-estimate=87.42MB mem-reservation=34.00MB spill-buffer=2.00MB thread-reservation=0 cost=27841027
|  |
|  36:AGGREGATE [FINALIZE]
|  |  group by: tpcds_partitioned_parquet_snap.catalog_sales.cs_ship_customer_sk
|  |  mem-estimate=42.48MB mem-reservation=34.00MB spill-buffer=2.00MB thread-reservation=0
|  |  tuple-ids=20 row-size=4B cardinality=27.84M cost=80730625
|  |  in pipelines: 36(GETNEXT), 15(OPEN)
|  |
|  35:EXCHANGE [HASH(tpcds_partitioned_parquet_snap.catalog_sales.cs_ship_customer_sk)]
|  |  mem-estimate=10.16MB mem-reservation=0B thread-reservation=0
|  |  tuple-ids=20 row-size=4B cardinality=27.84M cost=3605412
|  |  in pipelines: 15(GETNEXT)
|  |
|  F11:PLAN FRAGMENT [RANDOM] hosts=10 instances=20 (adjusted from 120)
|  Per-Host Shared Resources: mem-estimate=1.00MB mem-reservation=1.00MB thread-reservation=0 runtime-filters-memory=1.00MB
|  Per-Instance Resources: mem-estimate=33.31MB mem-reservation=18.00MB thread-reservation=1
|  max-parallelism=20 segment-costs=[132812833, 21515545] cpu-comparison-result=20 [max(20 (self) vs 11 (sum children))]
|  18:AGGREGATE [STREAMING]
|  |  group by: tpcds_partitioned_parquet_snap.catalog_sales.cs_ship_customer_sk
|  |  mem-estimate=17.00MB mem-reservation=17.00MB spill-buffer=1.00MB thread-reservation=0
|  |  tuple-ids=20 row-size=4B cardinality=27.84M cost=80730625
|  |  in pipelines: 15(GETNEXT)
|  |
|  17:HASH JOIN [INNER JOIN, BROADCAST]
|  |  hash-table-id=01
|  |  hash predicates: tpcds_partitioned_parquet_snap.catalog_sales.cs_sold_date_sk = tpcds_partitioned_parquet_snap.date_dim_1.d_date_sk
|  |  fk/pk conjuncts: tpcds_partitioned_parquet_snap.catalog_sales.cs_sold_date_sk = tpcds_partitioned_parquet_snap.date_dim_1.d_date_sk
|  |  mem-estimate=0B mem-reservation=0B spill-buffer=64.00KB thread-reservation=0
|  |  tuple-ids=16,18 row-size=20B cardinality=27.84M cost=12186017
|  |  in pipelines: 15(GETNEXT), 16(OPEN)
|  |
|  |--F17:PLAN FRAGMENT [RANDOM] hosts=10 instances=10
|  |  |  Per-Instance Resources: mem-estimate=4.89MB mem-reservation=4.88MB thread-reservation=1 runtime-filters-memory=1.00MB
|  |  |  max-parallelism=10 segment-costs=[268]
|  |  JOIN BUILD
|  |  |  join-table-id=01 plan-id=02 cohort-id=02
|  |  |  build expressions: tpcds_partitioned_parquet_snap.date_dim_1.d_date_sk
|  |  |  runtime filters: RF012[bloom] <- tpcds_partitioned_parquet_snap.date_dim_1.d_date_sk
|  |  |  mem-estimate=3.88MB mem-reservation=3.88MB spill-buffer=64.00KB thread-reservation=0 cost=118
|  |  |
|  |  34:EXCHANGE [BROADCAST]
|  |  |  mem-estimate=16.00KB mem-reservation=0B thread-reservation=0
|  |  |  tuple-ids=18 row-size=12B cardinality=118 cost=150
|  |  |  in pipelines: 16(GETNEXT)
|  |  |
|  |  F12:PLAN FRAGMENT [RANDOM] hosts=1 instances=1
|  |  Per-Instance Resources: mem-estimate=16.06MB mem-reservation=512.00KB thread-reservation=1
|  |  max-parallelism=1 segment-costs=[18786]
|  |  16:SCAN HDFS [tpcds_partitioned_parquet_snap.date_dim, RANDOM]
|  |     HDFS partitions=1/1 files=1 size=2.17MB
|  |     predicates: tpcds_partitioned_parquet_snap.date_dim_1.d_year = CAST(1999 AS INT), tpcds_partitioned_parquet_snap.date_dim_1.d_moy <= CAST(add(CAST(4 AS SMALLINT), CAST(2 AS SMALLINT)) AS INT), tpcds_partitioned_parquet_snap.date_dim_1.d_moy >= CAST(4 AS INT)
|  |     stored statistics:
|  |       table: rows=73.05K size=2.17MB
|  |       columns: all
|  |     extrapolated-rows=disabled max-scan-range-rows=73.05K
|  |     parquet statistics predicates: tpcds_partitioned_parquet_snap.date_dim_1.d_year = CAST(1999 AS INT), tpcds_partitioned_parquet_snap.date_dim_1.d_moy <= CAST(add(CAST(4 AS SMALLINT), CAST(2 AS SMALLINT)) AS INT), tpcds_partitioned_parquet_snap.date_dim_1.d_moy >= CAST(4 AS INT)
|  |     parquet dictionary predicates: tpcds_partitioned_parquet_snap.date_dim_1.d_year = CAST(1999 AS INT), tpcds_partitioned_parquet_snap.date_dim_1.d_moy <= CAST(add(CAST(4 AS SMALLINT), CAST(2 AS SMALLINT)) AS INT), tpcds_partitioned_parquet_snap.date_dim_1.d_moy >= CAST(4 AS INT)
|  |     mem-estimate=16.00MB mem-reservation=512.00KB thread-reservation=0
|  |     tuple-ids=18 row-size=12B cardinality=118 cost=18780
|  |     in pipelines: 16(GETNEXT)
|  |
|  15:SCAN HDFS [tpcds_partitioned_parquet_snap.catalog_sales, RANDOM]
|     HDFS partitions=1831/1831 files=1831 size=280.96GB
|     predicates: is_not_null_pred(tpcds_partitioned_parquet_snap.catalog_sales.cs_ship_customer_sk)
|     runtime filters: RF012[bloom] -> tpcds_partitioned_parquet_snap.catalog_sales.cs_sold_date_sk
|     stored statistics:
|       table: rows=4.32G size=280.96GB
|       partitions: 1831/1831 rows=4.32G
|       columns: all
|     extrapolated-rows=disabled max-scan-range-rows=21.52M est-scan-range=118(filtered from 1831)
|     parquet dictionary predicates: is_not_null_pred(tpcds_partitioned_parquet_snap.catalog_sales.cs_ship_customer_sk)
|     mem-estimate=16.00MB mem-reservation=1.00MB thread-reservation=0
|     tuple-ids=16 row-size=8B cardinality=27.84M(filtered from 432.01M) cost=39896191
|     in pipelines: 15(GETNEXT)
|
37:EXCHANGE [HASH(tpcds_partitioned_parquet_snap.customer.c_customer_sk)]
|  mem-estimate=12.59MB mem-reservation=0B thread-reservation=0
|  tuple-ids=15N,4,7,5,9 row-size=113B cardinality=12.36M cost=9591444
|  in pipelines: 24(GETNEXT)
|
F02:PLAN FRAGMENT [HASH(tpcds_partitioned_parquet_snap.web_sales.ws_bill_customer_sk)] hosts=10 instances=20 (adjusted from 120)
Per-Instance Resources: mem-estimate=22.41MB mem-reservation=17.00MB thread-reservation=1
max-parallelism=20 segment-costs=[42328456, 127248839] cpu-comparison-result=91 [max(20 (self) vs 91 (sum children))]
14:HASH JOIN [RIGHT OUTER JOIN, PARTITIONED]
|  hash-table-id=02
|  hash predicates: tpcds_partitioned_parquet_snap.web_sales.ws_bill_customer_sk = tpcds_partitioned_parquet_snap.customer.c_customer_sk
|  fk/pk conjuncts: none
|  other predicates: is_null_pred(if(TupleIsNull(15), NULL, TRUE))
|  mem-estimate=0B mem-reservation=0B spill-buffer=128.00KB thread-reservation=0
|  tuple-ids=15N,4,7,5,9 row-size=113B cardinality=12.36M cost=5823477
|  in pipelines: 24(GETNEXT), 27(OPEN)
|
|--F18:PLAN FRAGMENT [HASH(tpcds_partitioned_parquet_snap.web_sales.ws_bill_customer_sk)] hosts=10 instances=20 (adjusted from 120)
|  |  Per-Instance Resources: mem-estimate=8.24MB mem-reservation=3.88MB thread-reservation=1 runtime-filters-memory=1.00MB
|  |  max-parallelism=20 segment-costs=[320984] cpu-comparison-result=80 [max(20 (self) vs 80 (sum children))]
|  JOIN BUILD
|  |  join-table-id=02 plan-id=03 cohort-id=01
|  |  build expressions: tpcds_partitioned_parquet_snap.customer.c_customer_sk
|  |  runtime filters: RF000[bloom] <- tpcds_partitioned_parquet_snap.customer.c_customer_sk, RF001[min_max] <- tpcds_partitioned_parquet_snap.customer.c_customer_sk
|  |  mem-estimate=2.88MB mem-reservation=2.88MB spill-buffer=128.00KB thread-reservation=0 cost=186518
|  |
|  33:EXCHANGE [HASH(tpcds_partitioned_parquet_snap.customer.c_customer_sk)]
|  |  mem-estimate=4.36MB mem-reservation=0B thread-reservation=0
|  |  tuple-ids=4,7,5,9 row-size=109B cardinality=186.52K cost=134466
|  |  in pipelines: 27(GETNEXT)
|  |
|  F05:PLAN FRAGMENT [HASH(tpcds_partitioned_parquet_snap.store_sales.ss_customer_sk)] hosts=10 instances=20 (adjusted from 120)
|  Per-Instance Resources: mem-estimate=44.23MB mem-reservation=34.00MB thread-reservation=1
|  max-parallelism=20 segment-costs=[108625282, 10104908] cpu-comparison-result=80 [max(20 (self) vs 80 (sum children))]
|  09:HASH JOIN [INNER JOIN, PARTITIONED]
|  |  hash-table-id=03
|  |  hash predicates: tpcds_partitioned_parquet_snap.store_sales.ss_customer_sk = tpcds_partitioned_parquet_snap.customer.c_customer_sk
|  |  fk/pk conjuncts: tpcds_partitioned_parquet_snap.store_sales.ss_customer_sk = tpcds_partitioned_parquet_snap.customer.c_customer_sk
|  |  mem-estimate=0B mem-reservation=0B spill-buffer=128.00KB thread-reservation=0
|  |  tuple-ids=4,7,5,9 row-size=109B cardinality=186.52K cost=8416398
|  |  in pipelines: 27(GETNEXT), 05(OPEN)
|  |
|  |--F19:PLAN FRAGMENT [HASH(tpcds_partitioned_parquet_snap.store_sales.ss_customer_sk)] hosts=10 instances=20 (adjusted from 120)
|  |  |  Per-Instance Resources: mem-estimate=6.87MB mem-reservation=3.88MB thread-reservation=1 runtime-filters-memory=1.00MB
|  |  |  max-parallelism=20 segment-costs=[310688] cpu-comparison-result=50 [max(50 (self) vs 40 (sum children))]
|  |  JOIN BUILD
|  |  |  join-table-id=03 plan-id=04 cohort-id=03
|  |  |  build expressions: tpcds_partitioned_parquet_snap.customer.c_customer_sk
|  |  |  runtime filters: RF004[bloom] <- tpcds_partitioned_parquet_snap.customer.c_customer_sk, RF005[min_max] <- tpcds_partitioned_parquet_snap.customer.c_customer_sk
|  |  |  mem-estimate=2.88MB mem-reservation=2.88MB spill-buffer=128.00KB thread-reservation=0 cost=186518
|  |  |
|  |  32:EXCHANGE [HASH(tpcds_partitioned_parquet_snap.customer.c_customer_sk)]
|  |  |  mem-estimate=3.00MB mem-reservation=0B thread-reservation=0
|  |  |  tuple-ids=7,5,9 row-size=105B cardinality=186.52K cost=124170
|  |  |  in pipelines: 05(GETNEXT)
|  |  |
|  |  F10:PLAN FRAGMENT [HASH(tpcds_partitioned_parquet_snap.customer.c_current_addr_sk)] hosts=10 instances=10
|  |  Per-Instance Resources: mem-estimate=20.03MB mem-reservation=0B thread-reservation=1
|  |  max-parallelism=10 segment-costs=[3956568]
|  |  08:HASH JOIN [INNER JOIN, PARTITIONED]
|  |  |  hash-table-id=04
|  |  |  hash predicates: tpcds_partitioned_parquet_snap.customer.c_current_addr_sk = tpcds_partitioned_parquet_snap.customer_address.ca_address_sk
|  |  |  fk/pk conjuncts: tpcds_partitioned_parquet_snap.customer.c_current_addr_sk = tpcds_partitioned_parquet_snap.customer_address.ca_address_sk
|  |  |  mem-estimate=0B mem-reservation=0B spill-buffer=256.00KB thread-reservation=0
|  |  |  tuple-ids=7,5,9 row-size=105B cardinality=186.52K cost=793875
|  |  |  in pipelines: 05(GETNEXT), 07(OPEN)
|  |  |
|  |  |--F20:PLAN FRAGMENT [HASH(tpcds_partitioned_parquet_snap.customer.c_current_addr_sk)] hosts=10 instances=10
|  |  |  |  Per-Instance Resources: mem-estimate=7.41MB mem-reservation=5.75MB thread-reservation=1 runtime-filters-memory=1.00MB
|  |  |  |  max-parallelism=10 segment-costs=[1002589]
|  |  |  JOIN BUILD
|  |  |  |  join-table-id=04 plan-id=05 cohort-id=04
|  |  |  |  build expressions: tpcds_partitioned_parquet_snap.customer_address.ca_address_sk
|  |  |  |  runtime filters: RF008[bloom] <- tpcds_partitioned_parquet_snap.customer_address.ca_address_sk, RF009[min_max] <- tpcds_partitioned_parquet_snap.customer_address.ca_address_sk
|  |  |  |  mem-estimate=4.75MB mem-reservation=4.75MB spill-buffer=256.00KB thread-reservation=0 cost=839760
|  |  |  |
|  |  |  31:EXCHANGE [HASH(tpcds_partitioned_parquet_snap.customer_address.ca_address_sk)]
|  |  |  |  mem-estimate=1.66MB mem-reservation=0B thread-reservation=0
|  |  |  |  tuple-ids=9 row-size=18B cardinality=839.76K cost=162829
|  |  |  |  in pipelines: 07(GETNEXT)
|  |  |  |
|  |  |  F09:PLAN FRAGMENT [RANDOM] hosts=10 instances=10
|  |  |  Per-Instance Resources: mem-estimate=16.86MB mem-reservation=128.00KB thread-reservation=1
|  |  |  max-parallelism=10 segment-costs=[3123594]
|  |  |  07:SCAN HDFS [tpcds_partitioned_parquet_snap.customer_address, RANDOM]
|  |  |     HDFS partitions=1/1 files=1 size=307.36MB
|  |  |     predicates: tpcds_partitioned_parquet_snap.customer_address.ca_state = 'GA' OR tpcds_partitioned_parquet_snap.customer_address.ca_state = 'OK' OR tpcds_partitioned_parquet_snap.customer_address.ca_state = 'VA'
|  |  |     stored statistics:
|  |  |       table: rows=15.00M size=307.36MB
|  |  |       columns: all
|  |  |     extrapolated-rows=disabled max-scan-range-rows=1.58M
|  |  |     parquet dictionary predicates: tpcds_partitioned_parquet_snap.customer_address.ca_state = 'GA' OR tpcds_partitioned_parquet_snap.customer_address.ca_state = 'OK' OR tpcds_partitioned_parquet_snap.customer_address.ca_state = 'VA'
|  |  |     mem-estimate=16.00MB mem-reservation=128.00KB thread-reservation=0
|  |  |     tuple-ids=9 row-size=18B cardinality=839.76K cost=1717500
|  |  |     in pipelines: 07(GETNEXT)
|  |  |
|  |  30:EXCHANGE [HASH(tpcds_partitioned_parquet_snap.customer.c_current_addr_sk)]
|  |  |  mem-estimate=10.92MB mem-reservation=0B thread-reservation=0
|  |  |  tuple-ids=7,5 row-size=87B cardinality=2.96M cost=1618325
|  |  |  in pipelines: 05(GETNEXT)
|  |  |
|  |  F08:PLAN FRAGMENT [HASH(tpcds_partitioned_parquet_snap.customer_demographics.cd_demo_sk)] hosts=10 instances=10
|  |  Per-Instance Resources: mem-estimate=14.46MB mem-reservation=0B thread-reservation=1
|  |  max-parallelism=10 segment-costs=[21476081]
|  |  06:HASH JOIN [INNER JOIN, PARTITIONED]
|  |  |  hash-table-id=05
|  |  |  hash predicates: tpcds_partitioned_parquet_snap.customer_demographics.cd_demo_sk = tpcds_partitioned_parquet_snap.customer.c_current_cdemo_sk
|  |  |  fk/pk conjuncts: tpcds_partitioned_parquet_snap.customer_demographics.cd_demo_sk = tpcds_partitioned_parquet_snap.customer.c_current_cdemo_sk
|  |  |  mem-estimate=0B mem-reservation=0B spill-buffer=1.00MB thread-reservation=0
|  |  |  tuple-ids=7,5 row-size=87B cardinality=2.96M cost=1029629
|  |  |  in pipelines: 05(GETNEXT), 04(OPEN)
|  |  |
|  |  |--F21:PLAN FRAGMENT [HASH(tpcds_partitioned_parquet_snap.customer_demographics.cd_demo_sk)] hosts=10 instances=10
|  |  |  |  Per-Instance Resources: mem-estimate=22.59MB mem-reservation=19.00MB thread-reservation=1 runtime-filters-memory=2.00MB
|  |  |  |  max-parallelism=10 segment-costs=[3498900]
|  |  |  JOIN BUILD
|  |  |  |  join-table-id=05 plan-id=06 cohort-id=04
|  |  |  |  build expressions: tpcds_partitioned_parquet_snap.customer.c_current_cdemo_sk
|  |  |  |  runtime filters: RF010[bloom] <- tpcds_partitioned_parquet_snap.customer.c_current_cdemo_sk, RF011[min_max] <- tpcds_partitioned_parquet_snap.customer.c_current_cdemo_sk
|  |  |  |  mem-estimate=17.00MB mem-reservation=17.00MB spill-buffer=1.00MB thread-reservation=0 cost=3000000
|  |  |  |
|  |  |  29:EXCHANGE [HASH(tpcds_partitioned_parquet_snap.customer.c_current_cdemo_sk)]
|  |  |  |  mem-estimate=3.59MB mem-reservation=0B thread-reservation=0
|  |  |  |  tuple-ids=5 row-size=12B cardinality=3.00M cost=498900
|  |  |  |  in pipelines: 04(GETNEXT)
|  |  |  |
|  |  |  F07:PLAN FRAGMENT [RANDOM] hosts=10 instances=10
|  |  |  Per-Host Shared Resources: mem-estimate=1.00MB mem-reservation=1.00MB thread-reservation=0 runtime-filters-memory=1.00MB
|  |  |  Per-Instance Resources: mem-estimate=16.62MB mem-reservation=1.00MB thread-reservation=1
|  |  |  max-parallelism=10 segment-costs=[9891000]
|  |  |  04:SCAN HDFS [tpcds_partitioned_parquet_snap.customer, RANDOM]
|  |  |     HDFS partitions=1/1 files=1 size=1.55GB
|  |  |     predicates: is_not_null_pred(tpcds_partitioned_parquet_snap.customer.c_customer_sk)
|  |  |     runtime filters: RF009[min_max] -> tpcds_partitioned_parquet_snap.customer.c_current_addr_sk, RF008[bloom] -> tpcds_partitioned_parquet_snap.customer.c_current_addr_sk
|  |  |     stored statistics:
|  |  |       table: rows=30.00M size=1.55GB
|  |  |       columns: all
|  |  |     extrapolated-rows=disabled max-scan-range-rows=3.10M
|  |  |     parquet dictionary predicates: is_not_null_pred(tpcds_partitioned_parquet_snap.customer.c_customer_sk)
|  |  |     mem-estimate=16.00MB mem-reservation=1.00MB thread-reservation=0
|  |  |     tuple-ids=5 row-size=12B cardinality=3.00M cost=6027000
|  |  |     in pipelines: 04(GETNEXT)
|  |  |
|  |  28:EXCHANGE [HASH(tpcds_partitioned_parquet_snap.customer_demographics.cd_demo_sk)]
|  |  |  mem-estimate=10.77MB mem-reservation=0B thread-reservation=0
|  |  |  tuple-ids=7 row-size=75B cardinality=1.92M cost=872290
|  |  |  in pipelines: 05(GETNEXT)
|  |  |
|  |  F06:PLAN FRAGMENT [RANDOM] hosts=10 instances=10
|  |  Per-Host Shared Resources: mem-estimate=2.00MB mem-reservation=2.00MB thread-reservation=0 runtime-filters-memory=2.00MB
|  |  Per-Instance Resources: mem-estimate=19.07MB mem-reservation=1.00MB thread-reservation=1
|  |  max-parallelism=10 segment-costs=[10948997]
|  |  05:SCAN HDFS [tpcds_partitioned_parquet_snap.customer_demographics, RANDOM]
|  |     HDFS partitions=1/1 files=1 size=11.15MB
|  |     runtime filters: RF011[min_max] -> tpcds_partitioned_parquet_snap.customer_demographics.cd_demo_sk, RF010[bloom] -> tpcds_partitioned_parquet_snap.customer_demographics.cd_demo_sk
|  |     stored statistics:
|  |       table: rows=1.92M size=11.15MB
|  |       columns: all
|  |     extrapolated-rows=disabled max-scan-range-rows=197.97K
|  |     mem-estimate=16.00MB mem-reservation=1.00MB thread-reservation=0
|  |     tuple-ids=7 row-size=75B cardinality=1.92M cost=734952
|  |     in pipelines: 05(GETNEXT)
|  |
|  27:AGGREGATE [FINALIZE]
|  |  group by: tpcds_partitioned_parquet_snap.store_sales.ss_customer_sk
|  |  mem-estimate=34.00MB mem-reservation=34.00MB spill-buffer=2.00MB thread-reservation=0
|  |  tuple-ids=4 row-size=4B cardinality=32.68M cost=101438297
|  |  in pipelines: 27(GETNEXT), 00(OPEN)
|  |
|  26:EXCHANGE [HASH(tpcds_partitioned_parquet_snap.store_sales.ss_customer_sk)]
|  |  mem-estimate=10.23MB mem-reservation=0B thread-reservation=0
|  |  tuple-ids=4 row-size=4B cardinality=55.50M cost=7186985
|  |  in pipelines: 00(GETNEXT)
|  |
|  F03:PLAN FRAGMENT [RANDOM] hosts=10 instances=30 (adjusted from 120)
|  Per-Host Shared Resources: mem-estimate=2.00MB mem-reservation=2.00MB thread-reservation=0 runtime-filters-memory=2.00MB
|  Per-Instance Resources: mem-estimate=50.62MB mem-reservation=38.00MB thread-reservation=1
|  max-parallelism=30 segment-costs=[265604868, 42888823] cpu-comparison-result=30 [max(30 (self) vs 11 (sum children))]
|  03:AGGREGATE [STREAMING]
|  |  group by: tpcds_partitioned_parquet_snap.store_sales.ss_customer_sk
|  |  mem-estimate=34.00MB mem-reservation=34.00MB spill-buffer=2.00MB thread-reservation=0
|  |  tuple-ids=4 row-size=4B cardinality=55.50M cost=161043369
|  |  in pipelines: 00(GETNEXT)
|  |
|  02:HASH JOIN [INNER JOIN, BROADCAST]
|  |  hash-table-id=06
|  |  hash predicates: tpcds_partitioned_parquet_snap.store_sales.ss_sold_date_sk = tpcds_partitioned_parquet_snap.date_dim.d_date_sk
|  |  fk/pk conjuncts: tpcds_partitioned_parquet_snap.store_sales.ss_sold_date_sk = tpcds_partitioned_parquet_snap.date_dim.d_date_sk
|  |  mem-estimate=0B mem-reservation=0B spill-buffer=64.00KB thread-reservation=0
|  |  tuple-ids=0,2 row-size=20B cardinality=55.89M cost=24464942
|  |  in pipelines: 00(GETNEXT), 01(OPEN)
|  |
|  |--F22:PLAN FRAGMENT [RANDOM] hosts=10 instances=10
|  |  |  Per-Instance Resources: mem-estimate=6.83MB mem-reservation=6.81MB thread-reservation=1 runtime-filters-memory=1.00MB
|  |  |  max-parallelism=10 segment-costs=[268]
|  |  JOIN BUILD
|  |  |  join-table-id=06 plan-id=07 cohort-id=03
|  |  |  build expressions: tpcds_partitioned_parquet_snap.date_dim.d_date_sk
|  |  |  runtime filters: RF006[bloom] <- tpcds_partitioned_parquet_snap.date_dim.d_date_sk
|  |  |  mem-estimate=5.81MB mem-reservation=5.81MB spill-buffer=64.00KB thread-reservation=0 cost=118
|  |  |
|  |  25:EXCHANGE [BROADCAST]
|  |  |  mem-estimate=16.00KB mem-reservation=0B thread-reservation=0
|  |  |  tuple-ids=2 row-size=12B cardinality=118 cost=150
|  |  |  in pipelines: 01(GETNEXT)
|  |  |
|  |  F04:PLAN FRAGMENT [RANDOM] hosts=1 instances=1
|  |  Per-Instance Resources: mem-estimate=16.06MB mem-reservation=512.00KB thread-reservation=1
|  |  max-parallelism=1 segment-costs=[18786]
|  |  01:SCAN HDFS [tpcds_partitioned_parquet_snap.date_dim, RANDOM]
|  |     HDFS partitions=1/1 files=1 size=2.17MB
|  |     predicates: tpcds_partitioned_parquet_snap.date_dim.d_year = CAST(1999 AS INT), tpcds_partitioned_parquet_snap.date_dim.d_moy <= CAST(add(CAST(4 AS SMALLINT), CAST(2 AS SMALLINT)) AS INT), tpcds_partitioned_parquet_snap.date_dim.d_moy >= CAST(4 AS INT)
|  |     stored statistics:
|  |       table: rows=73.05K size=2.17MB
|  |       columns: all
|  |     extrapolated-rows=disabled max-scan-range-rows=73.05K
|  |     parquet statistics predicates: tpcds_partitioned_parquet_snap.date_dim.d_year = CAST(1999 AS INT), tpcds_partitioned_parquet_snap.date_dim.d_moy <= CAST(add(CAST(4 AS SMALLINT), CAST(2 AS SMALLINT)) AS INT), tpcds_partitioned_parquet_snap.date_dim.d_moy >= CAST(4 AS INT)
|  |     parquet dictionary predicates: tpcds_partitioned_parquet_snap.date_dim.d_year = CAST(1999 AS INT), tpcds_partitioned_parquet_snap.date_dim.d_moy <= CAST(add(CAST(4 AS SMALLINT), CAST(2 AS SMALLINT)) AS INT), tpcds_partitioned_parquet_snap.date_dim.d_moy >= CAST(4 AS INT)
|  |     mem-estimate=16.00MB mem-reservation=512.00KB thread-reservation=0
|  |     tuple-ids=2 row-size=12B cardinality=118 cost=18780
|  |     in pipelines: 01(GETNEXT)
|  |
|  00:SCAN HDFS [tpcds_partitioned_parquet_snap.store_sales, RANDOM]
|     HDFS partitions=1824/1824 files=1824 size=389.90GB
|     predicates: is_not_null_pred(tpcds_partitioned_parquet_snap.store_sales.ss_customer_sk)
|     runtime filters: RF005[min_max] -> tpcds_partitioned_parquet_snap.store_sales.ss_customer_sk, RF004[bloom] -> tpcds_partitioned_parquet_snap.store_sales.ss_customer_sk, RF006[bloom] -> tpcds_partitioned_parquet_snap.store_sales.ss_sold_date_sk
|     stored statistics:
|       table: rows=8.64G size=389.90GB
|       partitions: 1824/1824 rows=8.64G
|       columns: all
|     extrapolated-rows=disabled max-scan-range-rows=390.22M est-scan-range=119(filtered from 1824)
|     parquet dictionary predicates: is_not_null_pred(tpcds_partitioned_parquet_snap.store_sales.ss_customer_sk)
|     mem-estimate=16.00MB mem-reservation=4.00MB thread-reservation=0
|     tuple-ids=0 row-size=8B cardinality=55.89M(filtered from 863.99M) cost=80096557
|     in pipelines: 00(GETNEXT)
|
24:AGGREGATE [FINALIZE]
|  group by: tpcds_partitioned_parquet_snap.web_sales.ws_bill_customer_sk
|  mem-estimate=17.00MB mem-reservation=17.00MB spill-buffer=1.00MB thread-reservation=0
|  tuple-ids=15 row-size=4B cardinality=13.97M cost=40518891
|  in pipelines: 24(GETNEXT), 10(OPEN)
|
23:EXCHANGE [HASH(tpcds_partitioned_parquet_snap.web_sales.ws_bill_customer_sk)]
|  mem-estimate=5.41MB mem-reservation=0B thread-reservation=0
|  tuple-ids=15 row-size=4B cardinality=13.97M cost=1809565
|  in pipelines: 10(GETNEXT)
|
F00:PLAN FRAGMENT [RANDOM] hosts=10 instances=10 (adjusted from 120)
Per-Host Shared Resources: mem-estimate=2.00MB mem-reservation=2.00MB thread-reservation=0 runtime-filters-memory=2.00MB
Per-Instance Resources: mem-estimate=33.62MB mem-reservation=17.12MB thread-reservation=1
max-parallelism=10 segment-costs=[66659073, 10798703] cpu-comparison-result=11 [max(10 (self) vs 11 (sum children))]
13:AGGREGATE [STREAMING]
|  group by: tpcds_partitioned_parquet_snap.web_sales.ws_bill_customer_sk
|  mem-estimate=17.00MB mem-reservation=17.00MB spill-buffer=1.00MB thread-reservation=0
|  tuple-ids=15 row-size=4B cardinality=13.97M cost=40518891
|  in pipelines: 10(GETNEXT)
|
12:HASH JOIN [INNER JOIN, BROADCAST]
|  hash-table-id=07
|  hash predicates: tpcds_partitioned_parquet_snap.web_sales.ws_sold_date_sk = tpcds_partitioned_parquet_snap.date_dim_0.d_date_sk
|  fk/pk conjuncts: tpcds_partitioned_parquet_snap.web_sales.ws_sold_date_sk = tpcds_partitioned_parquet_snap.date_dim_0.d_date_sk
|  mem-estimate=0B mem-reservation=0B spill-buffer=64.00KB thread-reservation=0
|  tuple-ids=11,13 row-size=20B cardinality=13.97M cost=6116190
|  in pipelines: 10(GETNEXT), 11(OPEN)
|
|--F23:PLAN FRAGMENT [RANDOM] hosts=10 instances=10
|  |  Per-Instance Resources: mem-estimate=2.95MB mem-reservation=2.94MB thread-reservation=1 runtime-filters-memory=1.00MB
|  |  max-parallelism=10 segment-costs=[268]
|  JOIN BUILD
|  |  join-table-id=07 plan-id=08 cohort-id=01
|  |  build expressions: tpcds_partitioned_parquet_snap.date_dim_0.d_date_sk
|  |  runtime filters: RF002[bloom] <- tpcds_partitioned_parquet_snap.date_dim_0.d_date_sk
|  |  mem-estimate=1.94MB mem-reservation=1.94MB spill-buffer=64.00KB thread-reservation=0 cost=118
|  |
|  22:EXCHANGE [BROADCAST]
|  |  mem-estimate=16.00KB mem-reservation=0B thread-reservation=0
|  |  tuple-ids=13 row-size=12B cardinality=118 cost=150
|  |  in pipelines: 11(GETNEXT)
|  |
|  F01:PLAN FRAGMENT [RANDOM] hosts=1 instances=1
|  Per-Instance Resources: mem-estimate=16.06MB mem-reservation=512.00KB thread-reservation=1
|  max-parallelism=1 segment-costs=[18786]
|  11:SCAN HDFS [tpcds_partitioned_parquet_snap.date_dim, RANDOM]
|     HDFS partitions=1/1 files=1 size=2.17MB
|     predicates: tpcds_partitioned_parquet_snap.date_dim_0.d_year = CAST(1999 AS INT), tpcds_partitioned_parquet_snap.date_dim_0.d_moy <= CAST(add(CAST(4 AS SMALLINT), CAST(2 AS SMALLINT)) AS INT), tpcds_partitioned_parquet_snap.date_dim_0.d_moy >= CAST(4 AS INT)
|     stored statistics:
|       table: rows=73.05K size=2.17MB
|       columns: all
|     extrapolated-rows=disabled max-scan-range-rows=73.05K
|     parquet statistics predicates: tpcds_partitioned_parquet_snap.date_dim_0.d_year = CAST(1999 AS INT), tpcds_partitioned_parquet_snap.date_dim_0.d_moy <= CAST(add(CAST(4 AS SMALLINT), CAST(2 AS SMALLINT)) AS INT), tpcds_partitioned_parquet_snap.date_dim_0.d_moy >= CAST(4 AS INT)
|     parquet dictionary predicates: tpcds_partitioned_parquet_snap.date_dim_0.d_year = CAST(1999 AS INT), tpcds_partitioned_parquet_snap.date_dim_0.d_moy <= CAST(add(CAST(4 AS SMALLINT), CAST(2 AS SMALLINT)) AS INT), tpcds_partitioned_parquet_snap.date_dim_0.d_moy >= CAST(4 AS INT)
|     mem-estimate=16.00MB mem-reservation=512.00KB thread-reservation=0
|     tuple-ids=13 row-size=12B cardinality=118 cost=18780
|     in pipelines: 11(GETNEXT)
|
10:SCAN HDFS [tpcds_partitioned_parquet_snap.web_sales, RANDOM]
   HDFS partitions=1824/1824 files=1824 size=145.75GB
   predicates: is_not_null_pred(tpcds_partitioned_parquet_snap.web_sales.ws_bill_customer_sk)
   runtime filters: RF001[min_max] -> tpcds_partitioned_parquet_snap.web_sales.ws_bill_customer_sk, RF002[bloom] -> tpcds_partitioned_parquet_snap.web_sales.ws_sold_date_sk, RF000[bloom] -> tpcds_partitioned_parquet_snap.web_sales.ws_bill_customer_sk
   stored statistics:
     table: rows=2.16G size=145.75GB
     partitions: 1824/1824 rows=2.16G
     columns: all
   extrapolated-rows=disabled max-scan-range-rows=3.37M est-scan-range=119(filtered from 1824)
   parquet dictionary predicates: is_not_null_pred(tpcds_partitioned_parquet_snap.web_sales.ws_bill_customer_sk)
   mem-estimate=16.00MB mem-reservation=128.00KB thread-reservation=0
   tuple-ids=11 row-size=8B cardinality=13.97M(filtered from 216.00M) cost=20023992
   in pipelines: 10(GETNEXT)
====
