# TPCDS-Q75
# start query 75 in stream 0 using template query75.tpl using seed 369825577
WITH all_sales AS (
 SELECT d_year
       ,i_brand_id
       ,i_class_id
       ,i_category_id
       ,i_manufact_id
       ,SUM(sales_cnt) AS sales_cnt
       ,SUM(sales_amt) AS sales_amt
 FROM (SELECT d_year
             ,i_brand_id
             ,i_class_id
             ,i_category_id
             ,i_manufact_id
             ,cs_quantity - COALESCE(cr_return_quantity,0) AS sales_cnt
             ,cs_ext_sales_price - COALESCE(cr_return_amount,0.0) AS sales_amt
       FROM catalog_sales JOIN item ON i_item_sk=cs_item_sk
                          JOIN date_dim ON d_date_sk=cs_sold_date_sk
                          LEFT JOIN catalog_returns ON (cs_order_number=cr_order_number
                                                    AND cs_item_sk=cr_item_sk)
       WHERE i_category='Sports'
       UNION
       SELECT d_year
             ,i_brand_id
             ,i_class_id
             ,i_category_id
             ,i_manufact_id
             ,ss_quantity - COALESCE(sr_return_quantity,0) AS sales_cnt
             ,ss_ext_sales_price - COALESCE(sr_return_amt,0.0) AS sales_amt
       FROM store_sales JOIN item ON i_item_sk=ss_item_sk
                        JOIN date_dim ON d_date_sk=ss_sold_date_sk
                        LEFT JOIN store_returns ON (ss_ticket_number=sr_ticket_number
                                                AND ss_item_sk=sr_item_sk)
       WHERE i_category='Sports'
       UNION
       SELECT d_year
             ,i_brand_id
             ,i_class_id
             ,i_category_id
             ,i_manufact_id
             ,ws_quantity - COALESCE(wr_return_quantity,0) AS sales_cnt
             ,ws_ext_sales_price - COALESCE(wr_return_amt,0.0) AS sales_amt
       FROM web_sales JOIN item ON i_item_sk=ws_item_sk
                      JOIN date_dim ON d_date_sk=ws_sold_date_sk
                      LEFT JOIN web_returns ON (ws_order_number=wr_order_number
                                            AND ws_item_sk=wr_item_sk)
       WHERE i_category='Sports') sales_detail
 GROUP BY d_year, i_brand_id, i_class_id, i_category_id, i_manufact_id)
 SELECT  prev_yr.d_year AS prev_year
                          ,curr_yr.d_year AS year
                          ,curr_yr.i_brand_id
                          ,curr_yr.i_class_id
                          ,curr_yr.i_category_id
                          ,curr_yr.i_manufact_id
                          ,prev_yr.sales_cnt AS prev_yr_cnt
                          ,curr_yr.sales_cnt AS curr_yr_cnt
                          ,curr_yr.sales_cnt-prev_yr.sales_cnt AS sales_cnt_diff
                          ,curr_yr.sales_amt-prev_yr.sales_amt AS sales_amt_diff
 FROM all_sales curr_yr, all_sales prev_yr
 WHERE curr_yr.i_brand_id=prev_yr.i_brand_id
   AND curr_yr.i_class_id=prev_yr.i_class_id
   AND curr_yr.i_category_id=prev_yr.i_category_id
   AND curr_yr.i_manufact_id=prev_yr.i_manufact_id
   AND curr_yr.d_year=2001
   AND prev_yr.d_year=2001-1
   AND CAST(curr_yr.sales_cnt AS DECIMAL(17,2))/CAST(prev_yr.sales_cnt AS DECIMAL(17,2))<0.9
 ORDER BY sales_cnt_diff,sales_amt_diff
 limit 100

# end query 75 in stream 0 using template query75.tpl
---- PLAN
Max Per-Host Resource Reservation: Memory=274.38MB Threads=1
Per-Host Resource Estimates: Memory=32.39GB
F00:PLAN FRAGMENT [UNPARTITIONED] hosts=1 instances=1
|  Per-Instance Resources: mem-estimate=32.39GB mem-reservation=274.38MB thread-reservation=1 runtime-filters-memory=40.00MB
|  max-parallelism=1 segment-costs=[8275276568, 2937721900, 1839417475, 8275276568, 2937721900, 1839417475, 5339031715, 1000]
PLAN-ROOT SINK
|  output exprs: subtract(CAST(2001 AS INT), CAST(1 AS INT)), CAST(2001 AS INT), I_BRAND_ID, I_CLASS_ID, I_CATEGORY_ID, I_MANUFACT_ID, sum(SALES_CNT), sum(SALES_CNT), subtract(sum(SALES_CNT), sum(SALES_CNT)), subtract(sum(SALES_AMT), sum(SALES_AMT))
|  mem-estimate=4.00MB mem-reservation=4.00MB spill-buffer=2.00MB thread-reservation=0 cost=1000
|
53:TOP-N [LIMIT=100]
|  order by: subtract(sum(SALES_CNT), sum(SALES_CNT)) ASC NULLS LAST, subtract(sum(SALES_AMT), sum(SALES_AMT)) ASC NULLS LAST
|  mem-estimate=6.25KB mem-reservation=0B thread-reservation=0
|  tuple-ids=58 row-size=64B cardinality=100 cost=4896254616
|  in pipelines: 53(GETNEXT), 25(OPEN)
|
52:HASH JOIN [INNER JOIN]
|  hash predicates: I_BRAND_ID = I_BRAND_ID, I_CATEGORY_ID = I_CATEGORY_ID, I_CLASS_ID = I_CLASS_ID, I_MANUFACT_ID = I_MANUFACT_ID
|  fk/pk conjuncts: assumed fk/pk
|  other join predicates: divide(CAST(sum(SALES_CNT) AS DECIMAL(17,2)), CAST(sum(SALES_CNT) AS DECIMAL(17,2))) < CAST(0.9 AS DECIMAL(2,1))
|  mem-estimate=17.47GB mem-reservation=34.00MB spill-buffer=2.00MB thread-reservation=0
|  tuple-ids=28,57 row-size=80B cardinality=307.98M cost=442777099
|  in pipelines: 25(GETNEXT), 51(OPEN)
|
|--51:AGGREGATE [FINALIZE]
|  |  output: sum(SALES_CNT), sum(SALES_AMT)
|  |  group by: I_BRAND_ID, I_CLASS_ID, I_CATEGORY_ID, I_MANUFACT_ID
|  |  mem-estimate=128.00MB mem-reservation=34.00MB spill-buffer=2.00MB thread-reservation=0
|  |  tuple-ids=57 row-size=40B cardinality=307.98M cost=1839417475
|  |  in pipelines: 51(GETNEXT), 50(OPEN)
|  |
|  50:AGGREGATE [FINALIZE]
|  |  group by: I_BRAND_ID, I_CLASS_ID, I_CATEGORY_ID, I_MANUFACT_ID, SALES_CNT, SALES_AMT
|  |  mem-estimate=128.00MB mem-reservation=34.00MB spill-buffer=2.00MB thread-reservation=0
|  |  tuple-ids=56 row-size=28B cardinality=307.98M cost=1817859155
|  |  in pipelines: 50(GETNEXT), 42(OPEN), 43(OPEN)
|  |
|  26:UNION
|  |  pass-through-operands: 42
|  |  mem-estimate=0B mem-reservation=0B thread-reservation=0
|  |  tuple-ids=55 row-size=28B cardinality=307.98M cost=5041285
|  |  in pipelines: 42(GETNEXT), 43(GETNEXT)
|  |
|  |--49:HASH JOIN [RIGHT OUTER JOIN]
|  |  |  hash predicates: tpcds_partitioned_parquet_snap.web_returns_0.wr_item_sk = tpcds_partitioned_parquet_snap.web_sales_0.ws_item_sk, tpcds_partitioned_parquet_snap.web_returns_0.wr_order_number = tpcds_partitioned_parquet_snap.web_sales_0.ws_order_number
|  |  |  fk/pk conjuncts: tpcds_partitioned_parquet_snap.web_returns_0.wr_item_sk = tpcds_partitioned_parquet_snap.web_sales_0.ws_item_sk, tpcds_partitioned_parquet_snap.web_returns_0.wr_order_number = tpcds_partitioned_parquet_snap.web_sales_0.ws_order_number
|  |  |  runtime filters: RF042[min_max] <- tpcds_partitioned_parquet_snap.web_sales_0.ws_item_sk, RF043[min_max] <- tpcds_partitioned_parquet_snap.web_sales_0.ws_order_number
|  |  |  mem-estimate=3.62GB mem-reservation=34.00MB spill-buffer=2.00MB thread-reservation=0
|  |  |  tuple-ids=47N,49,51,53 row-size=90B cardinality=44.04M cost=107429562
|  |  |  in pipelines: 43(GETNEXT), 44(OPEN)
|  |  |
|  |  |--48:HASH JOIN [INNER JOIN]
|  |  |  |  hash predicates: tpcds_partitioned_parquet_snap.web_sales_0.ws_item_sk = tpcds_partitioned_parquet_snap.item_4.i_item_sk
|  |  |  |  fk/pk conjuncts: tpcds_partitioned_parquet_snap.web_sales_0.ws_item_sk = tpcds_partitioned_parquet_snap.item_4.i_item_sk
|  |  |  |  runtime filters: RF044[bloom] <- tpcds_partitioned_parquet_snap.item_4.i_item_sk, RF045[min_max] <- tpcds_partitioned_parquet_snap.item_4.i_item_sk
|  |  |  |  mem-estimate=4.75MB mem-reservation=4.75MB spill-buffer=256.00KB thread-reservation=0
|  |  |  |  tuple-ids=49,51,53 row-size=70B cardinality=44.04M cost=63261446
|  |  |  |  in pipelines: 44(GETNEXT), 47(OPEN)
|  |  |  |
|  |  |  |--47:SCAN HDFS [tpcds_partitioned_parquet_snap.item]
|  |  |  |     HDFS partitions=1/1 files=1 size=33.54MB
|  |  |  |     predicates: tpcds_partitioned_parquet_snap.item_4.i_category = 'Sports'
|  |  |  |     stored statistics:
|  |  |  |       table: rows=360.00K size=33.54MB
|  |  |  |       columns: all
|  |  |  |     extrapolated-rows=disabled max-scan-range-rows=101.54K
|  |  |  |     parquet statistics predicates: tpcds_partitioned_parquet_snap.item_4.i_category = 'Sports'
|  |  |  |     parquet dictionary predicates: tpcds_partitioned_parquet_snap.item_4.i_category = 'Sports'
|  |  |  |     mem-estimate=16.00MB mem-reservation=512.00KB thread-reservation=0
|  |  |  |     tuple-ids=53 row-size=38B cardinality=35.91K cost=144407
|  |  |  |     in pipelines: 47(GETNEXT)
|  |  |  |
|  |  |  46:HASH JOIN [INNER JOIN]
|  |  |  |  hash predicates: tpcds_partitioned_parquet_snap.web_sales_0.ws_sold_date_sk = tpcds_partitioned_parquet_snap.date_dim_4.d_date_sk
|  |  |  |  fk/pk conjuncts: tpcds_partitioned_parquet_snap.web_sales_0.ws_sold_date_sk = tpcds_partitioned_parquet_snap.date_dim_4.d_date_sk
|  |  |  |  mem-estimate=1.94MB mem-reservation=1.94MB spill-buffer=64.00KB thread-reservation=0
|  |  |  |  tuple-ids=49,51 row-size=32B cardinality=215.38M(filtered from 441.70M) cost=135281876
|  |  |  |  in pipelines: 44(GETNEXT), 45(OPEN)
|  |  |  |
|  |  |  |--45:SCAN HDFS [tpcds_partitioned_parquet_snap.date_dim]
|  |  |  |     HDFS partitions=1/1 files=1 size=2.17MB
|  |  |  |     predicates: tpcds_partitioned_parquet_snap.date_dim_4.d_year = subtract(CAST(2001 AS INT), CAST(1 AS INT))
|  |  |  |     stored statistics:
|  |  |  |       table: rows=73.05K size=2.17MB
|  |  |  |       columns: all
|  |  |  |     extrapolated-rows=disabled max-scan-range-rows=73.05K
|  |  |  |     parquet statistics predicates: tpcds_partitioned_parquet_snap.date_dim_4.d_year = subtract(CAST(2001 AS INT), CAST(1 AS INT))
|  |  |  |     parquet dictionary predicates: tpcds_partitioned_parquet_snap.date_dim_4.d_year = subtract(CAST(2001 AS INT), CAST(1 AS INT))
|  |  |  |     mem-estimate=16.00MB mem-reservation=512.00KB thread-reservation=0
|  |  |  |     tuple-ids=51 row-size=8B cardinality=373 cost=10467
|  |  |  |     in pipelines: 45(GETNEXT)
|  |  |  |
|  |  |  44:SCAN HDFS [tpcds_partitioned_parquet_snap.web_sales]
|  |  |     HDFS partitions=1824/1824 files=1824 size=145.75GB
|  |  |     runtime filters: RF045[min_max] -> tpcds_partitioned_parquet_snap.web_sales_0.ws_item_sk, RF044[bloom] -> tpcds_partitioned_parquet_snap.web_sales_0.ws_item_sk
|  |  |     stored statistics:
|  |  |       table: rows=2.16G size=145.75GB
|  |  |       partitions: 1824/1824 rows=2.16G
|  |  |       columns: all
|  |  |     extrapolated-rows=disabled max-scan-range-rows=3.37M
|  |  |     mem-estimate=16.00MB mem-reservation=128.00KB thread-reservation=0
|  |  |     tuple-ids=49 row-size=24B cardinality=215.38M(filtered from 2.16G) cost=746484929
|  |  |     in pipelines: 44(GETNEXT)
|  |  |
|  |  43:SCAN HDFS [tpcds_partitioned_parquet_snap.web_returns]
|  |     HDFS partitions=2114/2114 files=2114 size=16.74GB
|  |     runtime filters: RF042[min_max] -> tpcds_partitioned_parquet_snap.web_returns_0.wr_item_sk, RF043[min_max] -> tpcds_partitioned_parquet_snap.web_returns_0.wr_order_number
|  |     stored statistics:
|  |       table: rows=216.00M size=16.74GB
|  |       partitions: 2114/2114 rows=216.00M
|  |       columns: all
|  |     extrapolated-rows=disabled max-scan-range-rows=9.41M
|  |     mem-estimate=16.00MB mem-reservation=256.00KB thread-reservation=0
|  |     tuple-ids=47 row-size=20B cardinality=216.00M cost=62208773
|  |     in pipelines: 43(GETNEXT)
|  |
|  42:AGGREGATE [FINALIZE]
|  |  group by: I_BRAND_ID, I_CLASS_ID, I_CATEGORY_ID, I_MANUFACT_ID, SALES_CNT, SALES_AMT
|  |  mem-estimate=128.00MB mem-reservation=34.00MB spill-buffer=2.00MB thread-reservation=0
|  |  tuple-ids=46 row-size=28B cardinality=263.93M cost=1557884539
|  |  in pipelines: 42(GETNEXT), 28(OPEN), 35(OPEN)
|  |
|  27:UNION
|  |  mem-estimate=0B mem-reservation=0B thread-reservation=0
|  |  tuple-ids=45 row-size=28B cardinality=263.93M cost=30209647
|  |  in pipelines: 28(GETNEXT), 35(GETNEXT)
|  |
|  |--41:HASH JOIN [RIGHT OUTER JOIN]
|  |  |  hash predicates: tpcds_partitioned_parquet_snap.store_returns_0.sr_item_sk = tpcds_partitioned_parquet_snap.store_sales_0.ss_item_sk, tpcds_partitioned_parquet_snap.store_returns_0.sr_ticket_number = tpcds_partitioned_parquet_snap.store_sales_0.ss_ticket_number
|  |  |  fk/pk conjuncts: tpcds_partitioned_parquet_snap.store_returns_0.sr_item_sk = tpcds_partitioned_parquet_snap.store_sales_0.ss_item_sk, tpcds_partitioned_parquet_snap.store_returns_0.sr_ticket_number = tpcds_partitioned_parquet_snap.store_sales_0.ss_ticket_number
|  |  |  runtime filters: RF034[min_max] <- tpcds_partitioned_parquet_snap.store_sales_0.ss_item_sk, RF035[min_max] <- tpcds_partitioned_parquet_snap.store_sales_0.ss_ticket_number
|  |  |  mem-estimate=14.47GB mem-reservation=34.00MB spill-buffer=2.00MB thread-reservation=0
|  |  |  tuple-ids=37N,39,41,43 row-size=90B cardinality=176.18M cost=429714099
|  |  |  in pipelines: 35(GETNEXT), 36(OPEN)
|  |  |
|  |  |--40:HASH JOIN [INNER JOIN]
|  |  |  |  hash predicates: tpcds_partitioned_parquet_snap.store_sales_0.ss_item_sk = tpcds_partitioned_parquet_snap.item_3.i_item_sk
|  |  |  |  fk/pk conjuncts: tpcds_partitioned_parquet_snap.store_sales_0.ss_item_sk = tpcds_partitioned_parquet_snap.item_3.i_item_sk
|  |  |  |  runtime filters: RF036[bloom] <- tpcds_partitioned_parquet_snap.item_3.i_item_sk, RF037[min_max] <- tpcds_partitioned_parquet_snap.item_3.i_item_sk
|  |  |  |  mem-estimate=4.75MB mem-reservation=4.75MB spill-buffer=256.00KB thread-reservation=0
|  |  |  |  tuple-ids=39,41,43 row-size=70B cardinality=176.18M cost=252939892
|  |  |  |  in pipelines: 36(GETNEXT), 39(OPEN)
|  |  |  |
|  |  |  |--39:SCAN HDFS [tpcds_partitioned_parquet_snap.item]
|  |  |  |     HDFS partitions=1/1 files=1 size=33.54MB
|  |  |  |     predicates: tpcds_partitioned_parquet_snap.item_3.i_category = 'Sports'
|  |  |  |     stored statistics:
|  |  |  |       table: rows=360.00K size=33.54MB
|  |  |  |       columns: all
|  |  |  |     extrapolated-rows=disabled max-scan-range-rows=101.54K
|  |  |  |     parquet statistics predicates: tpcds_partitioned_parquet_snap.item_3.i_category = 'Sports'
|  |  |  |     parquet dictionary predicates: tpcds_partitioned_parquet_snap.item_3.i_category = 'Sports'
|  |  |  |     mem-estimate=16.00MB mem-reservation=512.00KB thread-reservation=0
|  |  |  |     tuple-ids=43 row-size=38B cardinality=35.91K cost=144407
|  |  |  |     in pipelines: 39(GETNEXT)
|  |  |  |
|  |  |  38:HASH JOIN [INNER JOIN]
|  |  |  |  hash predicates: tpcds_partitioned_parquet_snap.store_sales_0.ss_sold_date_sk = tpcds_partitioned_parquet_snap.date_dim_3.d_date_sk
|  |  |  |  fk/pk conjuncts: tpcds_partitioned_parquet_snap.store_sales_0.ss_sold_date_sk = tpcds_partitioned_parquet_snap.date_dim_3.d_date_sk
|  |  |  |  mem-estimate=1.94MB mem-reservation=1.94MB spill-buffer=64.00KB thread-reservation=0
|  |  |  |  tuple-ids=39,41 row-size=32B cardinality=861.52M(filtered from 1.77G) cost=541130352
|  |  |  |  in pipelines: 36(GETNEXT), 37(OPEN)
|  |  |  |
|  |  |  |--37:SCAN HDFS [tpcds_partitioned_parquet_snap.date_dim]
|  |  |  |     HDFS partitions=1/1 files=1 size=2.17MB
|  |  |  |     predicates: tpcds_partitioned_parquet_snap.date_dim_3.d_year = subtract(CAST(2001 AS INT), CAST(1 AS INT))
|  |  |  |     stored statistics:
|  |  |  |       table: rows=73.05K size=2.17MB
|  |  |  |       columns: all
|  |  |  |     extrapolated-rows=disabled max-scan-range-rows=73.05K
|  |  |  |     parquet statistics predicates: tpcds_partitioned_parquet_snap.date_dim_3.d_year = subtract(CAST(2001 AS INT), CAST(1 AS INT))
|  |  |  |     parquet dictionary predicates: tpcds_partitioned_parquet_snap.date_dim_3.d_year = subtract(CAST(2001 AS INT), CAST(1 AS INT))
|  |  |  |     mem-estimate=16.00MB mem-reservation=512.00KB thread-reservation=0
|  |  |  |     tuple-ids=41 row-size=8B cardinality=373 cost=10467
|  |  |  |     in pipelines: 37(GETNEXT)
|  |  |  |
|  |  |  36:SCAN HDFS [tpcds_partitioned_parquet_snap.store_sales]
|  |  |     HDFS partitions=1824/1824 files=1824 size=389.90GB
|  |  |     runtime filters: RF037[min_max] -> tpcds_partitioned_parquet_snap.store_sales_0.ss_item_sk, RF036[bloom] -> tpcds_partitioned_parquet_snap.store_sales_0.ss_item_sk
|  |  |     stored statistics:
|  |  |       table: rows=8.64G size=389.90GB
|  |  |       partitions: 1824/1824 rows=8.64G
|  |  |       columns: all
|  |  |     extrapolated-rows=disabled max-scan-range-rows=390.22M
|  |  |     mem-estimate=16.00MB mem-reservation=8.00MB thread-reservation=0
|  |  |     tuple-ids=39 row-size=24B cardinality=861.52M(filtered from 8.64G) cost=2985961602
|  |  |     in pipelines: 36(GETNEXT)
|  |  |
|  |  35:SCAN HDFS [tpcds_partitioned_parquet_snap.store_returns]
|  |     HDFS partitions=2004/2004 files=2004 size=48.14GB
|  |     runtime filters: RF034[min_max] -> tpcds_partitioned_parquet_snap.store_returns_0.sr_item_sk, RF035[min_max] -> tpcds_partitioned_parquet_snap.store_returns_0.sr_ticket_number
|  |     stored statistics:
|  |       table: rows=863.99M size=48.14GB
|  |       partitions: 2004/2004 rows=863.99M
|  |       columns: all
|  |     extrapolated-rows=disabled max-scan-range-rows=30.09M
|  |     mem-estimate=16.00MB mem-reservation=512.00KB thread-reservation=0
|  |     tuple-ids=37 row-size=20B cardinality=863.99M cost=248828726
|  |     in pipelines: 35(GETNEXT)
|  |
|  34:HASH JOIN [RIGHT OUTER JOIN]
|  |  hash predicates: tpcds_partitioned_parquet_snap.catalog_returns_0.cr_item_sk = tpcds_partitioned_parquet_snap.catalog_sales_0.cs_item_sk, tpcds_partitioned_parquet_snap.catalog_returns_0.cr_order_number = tpcds_partitioned_parquet_snap.catalog_sales_0.cs_order_number
|  |  fk/pk conjuncts: tpcds_partitioned_parquet_snap.catalog_returns_0.cr_item_sk = tpcds_partitioned_parquet_snap.catalog_sales_0.cs_item_sk, tpcds_partitioned_parquet_snap.catalog_returns_0.cr_order_number = tpcds_partitioned_parquet_snap.catalog_sales_0.cs_order_number
|  |  runtime filters: RF024[bloom] <- tpcds_partitioned_parquet_snap.catalog_sales_0.cs_item_sk, RF025[bloom] <- tpcds_partitioned_parquet_snap.catalog_sales_0.cs_order_number, RF026[min_max] <- tpcds_partitioned_parquet_snap.catalog_sales_0.cs_item_sk, RF027[min_max] <- tpcds_partitioned_parquet_snap.catalog_sales_0.cs_order_number
|  |  mem-estimate=7.21GB mem-reservation=34.00MB spill-buffer=2.00MB thread-reservation=0
|  |  tuple-ids=29N,31,33,35 row-size=90B cardinality=87.75M cost=214467724
|  |  in pipelines: 28(GETNEXT), 29(OPEN)
|  |
|  |--33:HASH JOIN [INNER JOIN]
|  |  |  hash predicates: tpcds_partitioned_parquet_snap.catalog_sales_0.cs_item_sk = tpcds_partitioned_parquet_snap.item_2.i_item_sk
|  |  |  fk/pk conjuncts: tpcds_partitioned_parquet_snap.catalog_sales_0.cs_item_sk = tpcds_partitioned_parquet_snap.item_2.i_item_sk
|  |  |  runtime filters: RF028[bloom] <- tpcds_partitioned_parquet_snap.item_2.i_item_sk, RF029[min_max] <- tpcds_partitioned_parquet_snap.item_2.i_item_sk
|  |  |  mem-estimate=4.75MB mem-reservation=4.75MB spill-buffer=256.00KB thread-reservation=0
|  |  |  tuple-ids=31,33,35 row-size=70B cardinality=87.75M cost=126430110
|  |  |  in pipelines: 29(GETNEXT), 32(OPEN)
|  |  |
|  |  |--32:SCAN HDFS [tpcds_partitioned_parquet_snap.item]
|  |  |     HDFS partitions=1/1 files=1 size=33.54MB
|  |  |     predicates: tpcds_partitioned_parquet_snap.item_2.i_category = 'Sports'
|  |  |     stored statistics:
|  |  |       table: rows=360.00K size=33.54MB
|  |  |       columns: all
|  |  |     extrapolated-rows=disabled max-scan-range-rows=101.54K
|  |  |     parquet statistics predicates: tpcds_partitioned_parquet_snap.item_2.i_category = 'Sports'
|  |  |     parquet dictionary predicates: tpcds_partitioned_parquet_snap.item_2.i_category = 'Sports'
|  |  |     mem-estimate=16.00MB mem-reservation=512.00KB thread-reservation=0
|  |  |     tuple-ids=35 row-size=38B cardinality=35.91K cost=144407
|  |  |     in pipelines: 32(GETNEXT)
|  |  |
|  |  31:HASH JOIN [INNER JOIN]
|  |  |  hash predicates: tpcds_partitioned_parquet_snap.catalog_sales_0.cs_sold_date_sk = tpcds_partitioned_parquet_snap.date_dim_2.d_date_sk
|  |  |  fk/pk conjuncts: tpcds_partitioned_parquet_snap.catalog_sales_0.cs_sold_date_sk = tpcds_partitioned_parquet_snap.date_dim_2.d_date_sk
|  |  |  mem-estimate=1.94MB mem-reservation=1.94MB spill-buffer=64.00KB thread-reservation=0
|  |  |  tuple-ids=31,33 row-size=32B cardinality=430.77M(filtered from 880.06M) cost=269960287
|  |  |  in pipelines: 29(GETNEXT), 30(OPEN)
|  |  |
|  |  |--30:SCAN HDFS [tpcds_partitioned_parquet_snap.date_dim]
|  |  |     HDFS partitions=1/1 files=1 size=2.17MB
|  |  |     predicates: tpcds_partitioned_parquet_snap.date_dim_2.d_year = subtract(CAST(2001 AS INT), CAST(1 AS INT))
|  |  |     stored statistics:
|  |  |       table: rows=73.05K size=2.17MB
|  |  |       columns: all
|  |  |     extrapolated-rows=disabled max-scan-range-rows=73.05K
|  |  |     parquet statistics predicates: tpcds_partitioned_parquet_snap.date_dim_2.d_year = subtract(CAST(2001 AS INT), CAST(1 AS INT))
|  |  |     parquet dictionary predicates: tpcds_partitioned_parquet_snap.date_dim_2.d_year = subtract(CAST(2001 AS INT), CAST(1 AS INT))
|  |  |     mem-estimate=16.00MB mem-reservation=512.00KB thread-reservation=0
|  |  |     tuple-ids=33 row-size=8B cardinality=373 cost=10467
|  |  |     in pipelines: 30(GETNEXT)
|  |  |
|  |  29:SCAN HDFS [tpcds_partitioned_parquet_snap.catalog_sales]
|  |     HDFS partitions=1831/1831 files=1831 size=280.96GB
|  |     runtime filters: RF029[min_max] -> tpcds_partitioned_parquet_snap.catalog_sales_0.cs_item_sk, RF028[bloom] -> tpcds_partitioned_parquet_snap.catalog_sales_0.cs_item_sk
|  |     stored statistics:
|  |       table: rows=4.32G size=280.96GB
|  |       partitions: 1831/1831 rows=4.32G
|  |       columns: all
|  |     extrapolated-rows=disabled max-scan-range-rows=21.52M
|  |     mem-estimate=16.00MB mem-reservation=1.00MB thread-reservation=0
|  |     tuple-ids=31 row-size=24B cardinality=430.77M(filtered from 4.32G) cost=1493018949
|  |     in pipelines: 29(GETNEXT)
|  |
|  28:SCAN HDFS [tpcds_partitioned_parquet_snap.catalog_returns]
|     HDFS partitions=2060/2060 files=2060 size=32.77GB
|     runtime filters: RF026[min_max] -> tpcds_partitioned_parquet_snap.catalog_returns_0.cr_item_sk, RF027[min_max] -> tpcds_partitioned_parquet_snap.catalog_returns_0.cr_order_number, RF024[bloom] -> tpcds_partitioned_parquet_snap.catalog_returns_0.cr_item_sk, RF025[bloom] -> tpcds_partitioned_parquet_snap.catalog_returns_0.cr_order_number
|     stored statistics:
|       table: rows=432.02M size=32.77GB
|       partitions: 2060/2060 rows=432.02M
|       columns: all
|     extrapolated-rows=disabled max-scan-range-rows=416.82K
|     mem-estimate=16.00MB mem-reservation=32.00KB thread-reservation=0
|     tuple-ids=29 row-size=20B cardinality=432.02M cost=124420893
|     in pipelines: 28(GETNEXT)
|
25:AGGREGATE [FINALIZE]
|  output: sum(SALES_CNT), sum(SALES_AMT)
|  group by: I_BRAND_ID, I_CLASS_ID, I_CATEGORY_ID, I_MANUFACT_ID
|  mem-estimate=128.00MB mem-reservation=34.00MB spill-buffer=2.00MB thread-reservation=0
|  tuple-ids=28 row-size=40B cardinality=307.98M cost=1839417475
|  in pipelines: 25(GETNEXT), 24(OPEN)
|
24:AGGREGATE [FINALIZE]
|  group by: I_BRAND_ID, I_CLASS_ID, I_CATEGORY_ID, I_MANUFACT_ID, SALES_CNT, SALES_AMT
|  mem-estimate=128.00MB mem-reservation=34.00MB spill-buffer=2.00MB thread-reservation=0
|  tuple-ids=27 row-size=28B cardinality=307.98M cost=1817859155
|  in pipelines: 24(GETNEXT), 16(OPEN), 17(OPEN)
|
00:UNION
|  pass-through-operands: 16
|  mem-estimate=0B mem-reservation=0B thread-reservation=0
|  tuple-ids=26 row-size=28B cardinality=307.98M cost=5041285
|  in pipelines: 16(GETNEXT), 17(GETNEXT)
|
|--23:HASH JOIN [RIGHT OUTER JOIN]
|  |  hash predicates: tpcds_partitioned_parquet_snap.web_returns.wr_item_sk = tpcds_partitioned_parquet_snap.web_sales.ws_item_sk, tpcds_partitioned_parquet_snap.web_returns.wr_order_number = tpcds_partitioned_parquet_snap.web_sales.ws_order_number
|  |  fk/pk conjuncts: tpcds_partitioned_parquet_snap.web_returns.wr_item_sk = tpcds_partitioned_parquet_snap.web_sales.ws_item_sk, tpcds_partitioned_parquet_snap.web_returns.wr_order_number = tpcds_partitioned_parquet_snap.web_sales.ws_order_number
|  |  runtime filters: RF018[min_max] <- tpcds_partitioned_parquet_snap.web_sales.ws_item_sk, RF019[min_max] <- tpcds_partitioned_parquet_snap.web_sales.ws_order_number
|  |  mem-estimate=3.62GB mem-reservation=34.00MB spill-buffer=2.00MB thread-reservation=0
|  |  tuple-ids=18N,20,22,24 row-size=90B cardinality=44.04M cost=107429562
|  |  in pipelines: 17(GETNEXT), 18(OPEN)
|  |
|  |--22:HASH JOIN [INNER JOIN]
|  |  |  hash predicates: tpcds_partitioned_parquet_snap.web_sales.ws_item_sk = tpcds_partitioned_parquet_snap.item_1.i_item_sk
|  |  |  fk/pk conjuncts: tpcds_partitioned_parquet_snap.web_sales.ws_item_sk = tpcds_partitioned_parquet_snap.item_1.i_item_sk
|  |  |  runtime filters: RF020[bloom] <- tpcds_partitioned_parquet_snap.item_1.i_item_sk, RF021[min_max] <- tpcds_partitioned_parquet_snap.item_1.i_item_sk
|  |  |  mem-estimate=4.75MB mem-reservation=4.75MB spill-buffer=256.00KB thread-reservation=0
|  |  |  tuple-ids=20,22,24 row-size=70B cardinality=44.04M cost=63261446
|  |  |  in pipelines: 18(GETNEXT), 21(OPEN)
|  |  |
|  |  |--21:SCAN HDFS [tpcds_partitioned_parquet_snap.item]
|  |  |     HDFS partitions=1/1 files=1 size=33.54MB
|  |  |     predicates: tpcds_partitioned_parquet_snap.item_1.i_category = 'Sports'
|  |  |     stored statistics:
|  |  |       table: rows=360.00K size=33.54MB
|  |  |       columns: all
|  |  |     extrapolated-rows=disabled max-scan-range-rows=101.54K
|  |  |     parquet statistics predicates: tpcds_partitioned_parquet_snap.item_1.i_category = 'Sports'
|  |  |     parquet dictionary predicates: tpcds_partitioned_parquet_snap.item_1.i_category = 'Sports'
|  |  |     mem-estimate=16.00MB mem-reservation=512.00KB thread-reservation=0
|  |  |     tuple-ids=24 row-size=38B cardinality=35.91K cost=144407
|  |  |     in pipelines: 21(GETNEXT)
|  |  |
|  |  20:HASH JOIN [INNER JOIN]
|  |  |  hash predicates: tpcds_partitioned_parquet_snap.web_sales.ws_sold_date_sk = tpcds_partitioned_parquet_snap.date_dim_1.d_date_sk
|  |  |  fk/pk conjuncts: tpcds_partitioned_parquet_snap.web_sales.ws_sold_date_sk = tpcds_partitioned_parquet_snap.date_dim_1.d_date_sk
|  |  |  mem-estimate=1.94MB mem-reservation=1.94MB spill-buffer=64.00KB thread-reservation=0
|  |  |  tuple-ids=20,22 row-size=32B cardinality=215.38M(filtered from 441.70M) cost=135281876
|  |  |  in pipelines: 18(GETNEXT), 19(OPEN)
|  |  |
|  |  |--19:SCAN HDFS [tpcds_partitioned_parquet_snap.date_dim]
|  |  |     HDFS partitions=1/1 files=1 size=2.17MB
|  |  |     predicates: tpcds_partitioned_parquet_snap.date_dim_1.d_year = CAST(2001 AS INT)
|  |  |     stored statistics:
|  |  |       table: rows=73.05K size=2.17MB
|  |  |       columns: all
|  |  |     extrapolated-rows=disabled max-scan-range-rows=73.05K
|  |  |     parquet statistics predicates: tpcds_partitioned_parquet_snap.date_dim_1.d_year = CAST(2001 AS INT)
|  |  |     parquet dictionary predicates: tpcds_partitioned_parquet_snap.date_dim_1.d_year = CAST(2001 AS INT)
|  |  |     mem-estimate=16.00MB mem-reservation=512.00KB thread-reservation=0
|  |  |     tuple-ids=22 row-size=8B cardinality=373 cost=10467
|  |  |     in pipelines: 19(GETNEXT)
|  |  |
|  |  18:SCAN HDFS [tpcds_partitioned_parquet_snap.web_sales]
|  |     HDFS partitions=1824/1824 files=1824 size=145.75GB
|  |     runtime filters: RF021[min_max] -> tpcds_partitioned_parquet_snap.web_sales.ws_item_sk, RF020[bloom] -> tpcds_partitioned_parquet_snap.web_sales.ws_item_sk
|  |     stored statistics:
|  |       table: rows=2.16G size=145.75GB
|  |       partitions: 1824/1824 rows=2.16G
|  |       columns: all
|  |     extrapolated-rows=disabled max-scan-range-rows=3.37M
|  |     mem-estimate=16.00MB mem-reservation=128.00KB thread-reservation=0
|  |     tuple-ids=20 row-size=24B cardinality=215.38M(filtered from 2.16G) cost=746484929
|  |     in pipelines: 18(GETNEXT)
|  |
|  17:SCAN HDFS [tpcds_partitioned_parquet_snap.web_returns]
|     HDFS partitions=2114/2114 files=2114 size=16.74GB
|     runtime filters: RF018[min_max] -> tpcds_partitioned_parquet_snap.web_returns.wr_item_sk, RF019[min_max] -> tpcds_partitioned_parquet_snap.web_returns.wr_order_number
|     stored statistics:
|       table: rows=216.00M size=16.74GB
|       partitions: 2114/2114 rows=216.00M
|       columns: all
|     extrapolated-rows=disabled max-scan-range-rows=9.41M
|     mem-estimate=16.00MB mem-reservation=256.00KB thread-reservation=0
|     tuple-ids=18 row-size=20B cardinality=216.00M cost=62208773
|     in pipelines: 17(GETNEXT)
|
16:AGGREGATE [FINALIZE]
|  group by: I_BRAND_ID, I_CLASS_ID, I_CATEGORY_ID, I_MANUFACT_ID, SALES_CNT, SALES_AMT
|  mem-estimate=128.00MB mem-reservation=34.00MB spill-buffer=2.00MB thread-reservation=0
|  tuple-ids=17 row-size=28B cardinality=263.93M cost=1557884539
|  in pipelines: 16(GETNEXT), 02(OPEN), 09(OPEN)
|
01:UNION
|  mem-estimate=0B mem-reservation=0B thread-reservation=0
|  tuple-ids=16 row-size=28B cardinality=263.93M cost=30209647
|  in pipelines: 02(GETNEXT), 09(GETNEXT)
|
|--15:HASH JOIN [RIGHT OUTER JOIN]
|  |  hash predicates: tpcds_partitioned_parquet_snap.store_returns.sr_item_sk = tpcds_partitioned_parquet_snap.store_sales.ss_item_sk, tpcds_partitioned_parquet_snap.store_returns.sr_ticket_number = tpcds_partitioned_parquet_snap.store_sales.ss_ticket_number
|  |  fk/pk conjuncts: tpcds_partitioned_parquet_snap.store_returns.sr_item_sk = tpcds_partitioned_parquet_snap.store_sales.ss_item_sk, tpcds_partitioned_parquet_snap.store_returns.sr_ticket_number = tpcds_partitioned_parquet_snap.store_sales.ss_ticket_number
|  |  runtime filters: RF010[min_max] <- tpcds_partitioned_parquet_snap.store_sales.ss_item_sk, RF011[min_max] <- tpcds_partitioned_parquet_snap.store_sales.ss_ticket_number
|  |  mem-estimate=14.47GB mem-reservation=34.00MB spill-buffer=2.00MB thread-reservation=0
|  |  tuple-ids=8N,10,12,14 row-size=90B cardinality=176.18M cost=429714099
|  |  in pipelines: 09(GETNEXT), 10(OPEN)
|  |
|  |--14:HASH JOIN [INNER JOIN]
|  |  |  hash predicates: tpcds_partitioned_parquet_snap.store_sales.ss_item_sk = tpcds_partitioned_parquet_snap.item_0.i_item_sk
|  |  |  fk/pk conjuncts: tpcds_partitioned_parquet_snap.store_sales.ss_item_sk = tpcds_partitioned_parquet_snap.item_0.i_item_sk
|  |  |  runtime filters: RF012[bloom] <- tpcds_partitioned_parquet_snap.item_0.i_item_sk, RF013[min_max] <- tpcds_partitioned_parquet_snap.item_0.i_item_sk
|  |  |  mem-estimate=4.75MB mem-reservation=4.75MB spill-buffer=256.00KB thread-reservation=0
|  |  |  tuple-ids=10,12,14 row-size=70B cardinality=176.18M cost=252939892
|  |  |  in pipelines: 10(GETNEXT), 13(OPEN)
|  |  |
|  |  |--13:SCAN HDFS [tpcds_partitioned_parquet_snap.item]
|  |  |     HDFS partitions=1/1 files=1 size=33.54MB
|  |  |     predicates: tpcds_partitioned_parquet_snap.item_0.i_category = 'Sports'
|  |  |     stored statistics:
|  |  |       table: rows=360.00K size=33.54MB
|  |  |       columns: all
|  |  |     extrapolated-rows=disabled max-scan-range-rows=101.54K
|  |  |     parquet statistics predicates: tpcds_partitioned_parquet_snap.item_0.i_category = 'Sports'
|  |  |     parquet dictionary predicates: tpcds_partitioned_parquet_snap.item_0.i_category = 'Sports'
|  |  |     mem-estimate=16.00MB mem-reservation=512.00KB thread-reservation=0
|  |  |     tuple-ids=14 row-size=38B cardinality=35.91K cost=144407
|  |  |     in pipelines: 13(GETNEXT)
|  |  |
|  |  12:HASH JOIN [INNER JOIN]
|  |  |  hash predicates: tpcds_partitioned_parquet_snap.store_sales.ss_sold_date_sk = tpcds_partitioned_parquet_snap.date_dim_0.d_date_sk
|  |  |  fk/pk conjuncts: tpcds_partitioned_parquet_snap.store_sales.ss_sold_date_sk = tpcds_partitioned_parquet_snap.date_dim_0.d_date_sk
|  |  |  mem-estimate=1.94MB mem-reservation=1.94MB spill-buffer=64.00KB thread-reservation=0
|  |  |  tuple-ids=10,12 row-size=32B cardinality=861.52M(filtered from 1.77G) cost=541130352
|  |  |  in pipelines: 10(GETNEXT), 11(OPEN)
|  |  |
|  |  |--11:SCAN HDFS [tpcds_partitioned_parquet_snap.date_dim]
|  |  |     HDFS partitions=1/1 files=1 size=2.17MB
|  |  |     predicates: tpcds_partitioned_parquet_snap.date_dim_0.d_year = CAST(2001 AS INT)
|  |  |     stored statistics:
|  |  |       table: rows=73.05K size=2.17MB
|  |  |       columns: all
|  |  |     extrapolated-rows=disabled max-scan-range-rows=73.05K
|  |  |     parquet statistics predicates: tpcds_partitioned_parquet_snap.date_dim_0.d_year = CAST(2001 AS INT)
|  |  |     parquet dictionary predicates: tpcds_partitioned_parquet_snap.date_dim_0.d_year = CAST(2001 AS INT)
|  |  |     mem-estimate=16.00MB mem-reservation=512.00KB thread-reservation=0
|  |  |     tuple-ids=12 row-size=8B cardinality=373 cost=10467
|  |  |     in pipelines: 11(GETNEXT)
|  |  |
|  |  10:SCAN HDFS [tpcds_partitioned_parquet_snap.store_sales]
|  |     HDFS partitions=1824/1824 files=1824 size=389.90GB
|  |     runtime filters: RF013[min_max] -> tpcds_partitioned_parquet_snap.store_sales.ss_item_sk, RF012[bloom] -> tpcds_partitioned_parquet_snap.store_sales.ss_item_sk
|  |     stored statistics:
|  |       table: rows=8.64G size=389.90GB
|  |       partitions: 1824/1824 rows=8.64G
|  |       columns: all
|  |     extrapolated-rows=disabled max-scan-range-rows=390.22M
|  |     mem-estimate=16.00MB mem-reservation=8.00MB thread-reservation=0
|  |     tuple-ids=10 row-size=24B cardinality=861.52M(filtered from 8.64G) cost=2985961602
|  |     in pipelines: 10(GETNEXT)
|  |
|  09:SCAN HDFS [tpcds_partitioned_parquet_snap.store_returns]
|     HDFS partitions=2004/2004 files=2004 size=48.14GB
|     runtime filters: RF010[min_max] -> tpcds_partitioned_parquet_snap.store_returns.sr_item_sk, RF011[min_max] -> tpcds_partitioned_parquet_snap.store_returns.sr_ticket_number
|     stored statistics:
|       table: rows=863.99M size=48.14GB
|       partitions: 2004/2004 rows=863.99M
|       columns: all
|     extrapolated-rows=disabled max-scan-range-rows=30.09M
|     mem-estimate=16.00MB mem-reservation=512.00KB thread-reservation=0
|     tuple-ids=8 row-size=20B cardinality=863.99M cost=248828726
|     in pipelines: 09(GETNEXT)
|
08:HASH JOIN [RIGHT OUTER JOIN]
|  hash predicates: tpcds_partitioned_parquet_snap.catalog_returns.cr_item_sk = tpcds_partitioned_parquet_snap.catalog_sales.cs_item_sk, tpcds_partitioned_parquet_snap.catalog_returns.cr_order_number = tpcds_partitioned_parquet_snap.catalog_sales.cs_order_number
|  fk/pk conjuncts: tpcds_partitioned_parquet_snap.catalog_returns.cr_item_sk = tpcds_partitioned_parquet_snap.catalog_sales.cs_item_sk, tpcds_partitioned_parquet_snap.catalog_returns.cr_order_number = tpcds_partitioned_parquet_snap.catalog_sales.cs_order_number
|  runtime filters: RF000[bloom] <- tpcds_partitioned_parquet_snap.catalog_sales.cs_item_sk, RF001[bloom] <- tpcds_partitioned_parquet_snap.catalog_sales.cs_order_number, RF002[min_max] <- tpcds_partitioned_parquet_snap.catalog_sales.cs_item_sk, RF003[min_max] <- tpcds_partitioned_parquet_snap.catalog_sales.cs_order_number
|  mem-estimate=7.21GB mem-reservation=34.00MB spill-buffer=2.00MB thread-reservation=0
|  tuple-ids=0N,2,4,6 row-size=90B cardinality=87.75M cost=214467724
|  in pipelines: 02(GETNEXT), 03(OPEN)
|
|--07:HASH JOIN [INNER JOIN]
|  |  hash predicates: tpcds_partitioned_parquet_snap.catalog_sales.cs_item_sk = tpcds_partitioned_parquet_snap.item.i_item_sk
|  |  fk/pk conjuncts: tpcds_partitioned_parquet_snap.catalog_sales.cs_item_sk = tpcds_partitioned_parquet_snap.item.i_item_sk
|  |  runtime filters: RF004[bloom] <- tpcds_partitioned_parquet_snap.item.i_item_sk, RF005[min_max] <- tpcds_partitioned_parquet_snap.item.i_item_sk
|  |  mem-estimate=4.75MB mem-reservation=4.75MB spill-buffer=256.00KB thread-reservation=0
|  |  tuple-ids=2,4,6 row-size=70B cardinality=87.75M cost=126430110
|  |  in pipelines: 03(GETNEXT), 06(OPEN)
|  |
|  |--06:SCAN HDFS [tpcds_partitioned_parquet_snap.item]
|  |     HDFS partitions=1/1 files=1 size=33.54MB
|  |     predicates: tpcds_partitioned_parquet_snap.item.i_category = 'Sports'
|  |     stored statistics:
|  |       table: rows=360.00K size=33.54MB
|  |       columns: all
|  |     extrapolated-rows=disabled max-scan-range-rows=101.54K
|  |     parquet statistics predicates: tpcds_partitioned_parquet_snap.item.i_category = 'Sports'
|  |     parquet dictionary predicates: tpcds_partitioned_parquet_snap.item.i_category = 'Sports'
|  |     mem-estimate=16.00MB mem-reservation=512.00KB thread-reservation=0
|  |     tuple-ids=6 row-size=38B cardinality=35.91K cost=144407
|  |     in pipelines: 06(GETNEXT)
|  |
|  05:HASH JOIN [INNER JOIN]
|  |  hash predicates: tpcds_partitioned_parquet_snap.catalog_sales.cs_sold_date_sk = tpcds_partitioned_parquet_snap.date_dim.d_date_sk
|  |  fk/pk conjuncts: tpcds_partitioned_parquet_snap.catalog_sales.cs_sold_date_sk = tpcds_partitioned_parquet_snap.date_dim.d_date_sk
|  |  mem-estimate=1.94MB mem-reservation=1.94MB spill-buffer=64.00KB thread-reservation=0
|  |  tuple-ids=2,4 row-size=32B cardinality=430.77M(filtered from 880.06M) cost=269960287
|  |  in pipelines: 03(GETNEXT), 04(OPEN)
|  |
|  |--04:SCAN HDFS [tpcds_partitioned_parquet_snap.date_dim]
|  |     HDFS partitions=1/1 files=1 size=2.17MB
|  |     predicates: tpcds_partitioned_parquet_snap.date_dim.d_year = CAST(2001 AS INT)
|  |     stored statistics:
|  |       table: rows=73.05K size=2.17MB
|  |       columns: all
|  |     extrapolated-rows=disabled max-scan-range-rows=73.05K
|  |     parquet statistics predicates: tpcds_partitioned_parquet_snap.date_dim.d_year = CAST(2001 AS INT)
|  |     parquet dictionary predicates: tpcds_partitioned_parquet_snap.date_dim.d_year = CAST(2001 AS INT)
|  |     mem-estimate=16.00MB mem-reservation=512.00KB thread-reservation=0
|  |     tuple-ids=4 row-size=8B cardinality=373 cost=10467
|  |     in pipelines: 04(GETNEXT)
|  |
|  03:SCAN HDFS [tpcds_partitioned_parquet_snap.catalog_sales]
|     HDFS partitions=1831/1831 files=1831 size=280.96GB
|     runtime filters: RF005[min_max] -> tpcds_partitioned_parquet_snap.catalog_sales.cs_item_sk, RF004[bloom] -> tpcds_partitioned_parquet_snap.catalog_sales.cs_item_sk
|     stored statistics:
|       table: rows=4.32G size=280.96GB
|       partitions: 1831/1831 rows=4.32G
|       columns: all
|     extrapolated-rows=disabled max-scan-range-rows=21.52M
|     mem-estimate=16.00MB mem-reservation=1.00MB thread-reservation=0
|     tuple-ids=2 row-size=24B cardinality=430.77M(filtered from 4.32G) cost=1493018949
|     in pipelines: 03(GETNEXT)
|
02:SCAN HDFS [tpcds_partitioned_parquet_snap.catalog_returns]
   HDFS partitions=2060/2060 files=2060 size=32.77GB
   runtime filters: RF002[min_max] -> tpcds_partitioned_parquet_snap.catalog_returns.cr_item_sk, RF003[min_max] -> tpcds_partitioned_parquet_snap.catalog_returns.cr_order_number, RF000[bloom] -> tpcds_partitioned_parquet_snap.catalog_returns.cr_item_sk, RF001[bloom] -> tpcds_partitioned_parquet_snap.catalog_returns.cr_order_number
   stored statistics:
     table: rows=432.02M size=32.77GB
     partitions: 2060/2060 rows=432.02M
     columns: all
   extrapolated-rows=disabled max-scan-range-rows=416.82K
   mem-estimate=16.00MB mem-reservation=32.00KB thread-reservation=0
   tuple-ids=0 row-size=20B cardinality=432.02M cost=124420893
   in pipelines: 02(GETNEXT)
---- DISTRIBUTEDPLAN
Max Per-Host Resource Reservation: Memory=8.72GB Threads=319
Per-Host Resource Estimates: Memory=34.62GB
F40:PLAN FRAGMENT [UNPARTITIONED] hosts=1 instances=1
|  Per-Instance Resources: mem-estimate=4.78MB mem-reservation=4.00MB thread-reservation=1
|  max-parallelism=1 segment-costs=[1038] cpu-comparison-result=1440 [max(1 (self) vs 1440 (sum children))]
PLAN-ROOT SINK
|  output exprs: subtract(CAST(2001 AS INT), CAST(1 AS INT)), CAST(2001 AS INT), I_BRAND_ID, I_CLASS_ID, I_CATEGORY_ID, I_MANUFACT_ID, sum(SALES_CNT), sum(SALES_CNT), subtract(sum(SALES_CNT), sum(SALES_CNT)), subtract(sum(SALES_AMT), sum(SALES_AMT))
|  mem-estimate=4.00MB mem-reservation=4.00MB spill-buffer=2.00MB thread-reservation=0 cost=1000
|
90:MERGING-EXCHANGE [UNPARTITIONED]
|  order by: subtract(sum(SALES_CNT), sum(SALES_CNT)) ASC NULLS LAST, subtract(sum(SALES_AMT), sum(SALES_AMT)) ASC NULLS LAST
|  limit: 100
|  mem-estimate=797.50KB mem-reservation=0B thread-reservation=0
|  tuple-ids=58 row-size=64B cardinality=100 cost=38
|  in pipelines: 53(GETNEXT)
|
F19:PLAN FRAGMENT [HASH(I_BRAND_ID,I_CLASS_ID,I_CATEGORY_ID,I_MANUFACT_ID)] hosts=10 instances=120
Per-Instance Resources: mem-estimate=143.16MB mem-reservation=34.00MB thread-reservation=1
max-parallelism=510 segment-costs=[1930301193, 5031055712, 199] cpu-comparison-result=1440 [max(120 (self) vs 1440 (sum children))]
53:TOP-N [LIMIT=100]
|  order by: subtract(sum(SALES_CNT), sum(SALES_CNT)) ASC NULLS LAST, subtract(sum(SALES_AMT), sum(SALES_AMT)) ASC NULLS LAST
|  mem-estimate=6.25KB mem-reservation=0B thread-reservation=0
|  tuple-ids=58 row-size=64B cardinality=100 cost=4896254616
|  in pipelines: 53(GETNEXT), 71(OPEN)
|
52:HASH JOIN [INNER JOIN, PARTITIONED]
|  hash-table-id=00
|  hash predicates: I_BRAND_ID = I_BRAND_ID, I_CATEGORY_ID = I_CATEGORY_ID, I_CLASS_ID = I_CLASS_ID, I_MANUFACT_ID = I_MANUFACT_ID
|  fk/pk conjuncts: assumed fk/pk
|  other join predicates: divide(CAST(sum(SALES_CNT) AS DECIMAL(17,2)), CAST(sum(SALES_CNT) AS DECIMAL(17,2))) < CAST(0.9 AS DECIMAL(2,1))
|  mem-estimate=0B mem-reservation=0B spill-buffer=2.00MB thread-reservation=0
|  tuple-ids=28,57 row-size=80B cardinality=307.98M cost=134801096
|  in pipelines: 71(GETNEXT), 89(OPEN)
|
|--F41:PLAN FRAGMENT [HASH(I_BRAND_ID,I_CLASS_ID,I_CATEGORY_ID,I_MANUFACT_ID)] hosts=10 instances=120
|  |  Per-Instance Resources: mem-estimate=277.10MB mem-reservation=68.00MB thread-reservation=1
|  |  max-parallelism=510 segment-costs=[1930301193, 307976003] cpu-comparison-result=720 [max(120 (self) vs 720 (sum children))]
|  JOIN BUILD
|  |  join-table-id=00 plan-id=01 cohort-id=01
|  |  build expressions: I_BRAND_ID, I_CATEGORY_ID, I_CLASS_ID, I_MANUFACT_ID
|  |  mem-estimate=149.10MB mem-reservation=34.00MB spill-buffer=2.00MB thread-reservation=0 cost=307976003
|  |
|  89:AGGREGATE [FINALIZE]
|  |  output: sum:merge(SALES_CNT), sum:merge(SALES_AMT)
|  |  group by: I_BRAND_ID, I_CLASS_ID, I_CATEGORY_ID, I_MANUFACT_ID
|  |  mem-estimate=128.00MB mem-reservation=34.00MB spill-buffer=2.00MB thread-reservation=0
|  |  tuple-ids=57 row-size=40B cardinality=307.98M cost=1839417475
|  |  in pipelines: 89(GETNEXT), 87(OPEN)
|  |
|  88:EXCHANGE [HASH(I_BRAND_ID,I_CLASS_ID,I_CATEGORY_ID,I_MANUFACT_ID)]
|  |  mem-estimate=15.16MB mem-reservation=0B thread-reservation=0
|  |  tuple-ids=57 row-size=40B cardinality=307.98M cost=90883718
|  |  in pipelines: 87(GETNEXT)
|  |
|  F38:PLAN FRAGMENT [HASH(I_BRAND_ID,I_CLASS_ID,I_CATEGORY_ID,I_MANUFACT_ID,SALES_CNT,SALES_AMT)] hosts=10 instances=120
|  Per-Instance Resources: mem-estimate=276.62MB mem-reservation=68.00MB thread-reservation=1
|  max-parallelism=190 segment-costs=[1891742598, 1839417475, 952015420] cpu-comparison-result=720 [max(120 (self) vs 720 (sum children))]
|  51:AGGREGATE [STREAMING]
|  |  output: sum(SALES_CNT), sum(SALES_AMT)
|  |  group by: I_BRAND_ID, I_CLASS_ID, I_CATEGORY_ID, I_MANUFACT_ID
|  |  mem-estimate=128.00MB mem-reservation=34.00MB spill-buffer=2.00MB thread-reservation=0
|  |  tuple-ids=57 row-size=40B cardinality=307.98M cost=1839417475
|  |  in pipelines: 87(GETNEXT)
|  |
|  87:AGGREGATE [FINALIZE]
|  |  group by: I_BRAND_ID, I_CLASS_ID, I_CATEGORY_ID, I_MANUFACT_ID, SALES_CNT, SALES_AMT
|  |  mem-estimate=128.00MB mem-reservation=34.00MB spill-buffer=2.00MB thread-reservation=0
|  |  tuple-ids=56 row-size=28B cardinality=307.98M cost=1817859155
|  |  in pipelines: 87(GETNEXT), 81(OPEN), 43(OPEN)
|  |
|  86:EXCHANGE [HASH(I_BRAND_ID,I_CLASS_ID,I_CATEGORY_ID,I_MANUFACT_ID,SALES_CNT,SALES_AMT)]
|  |  mem-estimate=13.75MB mem-reservation=0B thread-reservation=0
|  |  tuple-ids=56 row-size=28B cardinality=307.98M cost=73883443
|  |  in pipelines: 81(GETNEXT), 43(GETNEXT)
|  |
|  F37:PLAN FRAGMENT [RANDOM] hosts=10 instances=120
|  Per-Instance Resources: mem-estimate=284.75MB mem-reservation=68.00MB thread-reservation=1
|  max-parallelism=120 segment-costs=[1621201806, 1930156062, 714011565] cpu-comparison-result=720 [max(170 (self) vs 720 (sum children))]
|  50:AGGREGATE [STREAMING]
|  |  group by: I_BRAND_ID, I_CLASS_ID, I_CATEGORY_ID, I_MANUFACT_ID, SALES_CNT, SALES_AMT
|  |  mem-estimate=128.00MB mem-reservation=34.00MB spill-buffer=2.00MB thread-reservation=0
|  |  tuple-ids=56 row-size=28B cardinality=307.98M cost=1817859155
|  |  in pipelines: 81(GETNEXT), 43(GETNEXT)
|  |
|  26:UNION
|  |  pass-through-operands: 81
|  |  mem-estimate=0B mem-reservation=0B thread-reservation=0
|  |  tuple-ids=55 row-size=28B cardinality=307.98M cost=5041285
|  |  in pipelines: 81(GETNEXT), 43(GETNEXT)
|  |
|  |--49:HASH JOIN [RIGHT OUTER JOIN, PARTITIONED]
|  |  |  hash-table-id=01
|  |  |  hash predicates: tpcds_partitioned_parquet_snap.web_returns_0.wr_item_sk = tpcds_partitioned_parquet_snap.web_sales_0.ws_item_sk, tpcds_partitioned_parquet_snap.web_returns_0.wr_order_number = tpcds_partitioned_parquet_snap.web_sales_0.ws_order_number
|  |  |  fk/pk conjuncts: tpcds_partitioned_parquet_snap.web_returns_0.wr_item_sk = tpcds_partitioned_parquet_snap.web_sales_0.ws_item_sk, tpcds_partitioned_parquet_snap.web_returns_0.wr_order_number = tpcds_partitioned_parquet_snap.web_sales_0.ws_order_number
|  |  |  mem-estimate=0B mem-reservation=0B spill-buffer=2.00MB thread-reservation=0
|  |  |  tuple-ids=47N,49,51,53 row-size=90B cardinality=44.04M cost=63385477
|  |  |  in pipelines: 43(GETNEXT), 44(OPEN)
|  |  |
|  |  |--F42:PLAN FRAGMENT [RANDOM] hosts=10 instances=120
|  |  |  |  Per-Instance Resources: mem-estimate=53.60MB mem-reservation=34.00MB thread-reservation=1
|  |  |  |  max-parallelism=120 segment-costs=[66341993] cpu-comparison-result=240 [max(240 (self) vs 25 (sum children))]
|  |  |  JOIN BUILD
|  |  |  |  join-table-id=01 plan-id=02 cohort-id=02
|  |  |  |  build expressions: tpcds_partitioned_parquet_snap.web_sales_0.ws_item_sk, tpcds_partitioned_parquet_snap.web_sales_0.ws_order_number
|  |  |  |  runtime filters: RF042[min_max] <- tpcds_partitioned_parquet_snap.web_sales_0.ws_item_sk, RF043[min_max] <- tpcds_partitioned_parquet_snap.web_sales_0.ws_order_number
|  |  |  |  mem-estimate=34.00MB mem-reservation=34.00MB spill-buffer=2.00MB thread-reservation=0 cost=44044085
|  |  |  |
|  |  |  85:EXCHANGE [HASH(tpcds_partitioned_parquet_snap.web_sales_0.ws_item_sk,tpcds_partitioned_parquet_snap.web_sales_0.ws_order_number)]
|  |  |  |  mem-estimate=19.60MB mem-reservation=0B thread-reservation=0
|  |  |  |  tuple-ids=49,51,53 row-size=70B cardinality=44.04M cost=22297908
|  |  |  |  in pipelines: 44(GETNEXT)
|  |  |  |
|  |  |  F33:PLAN FRAGMENT [RANDOM] hosts=10 instances=120
|  |  |  Per-Host Shared Resources: mem-estimate=1.00MB mem-reservation=1.00MB thread-reservation=0 runtime-filters-memory=1.00MB
|  |  |  Per-Instance Resources: mem-estimate=54.39MB mem-reservation=128.00KB thread-reservation=1
|  |  |  max-parallelism=130 segment-costs=[1211348030]
|  |  |  48:HASH JOIN [INNER JOIN, BROADCAST]
|  |  |  |  hash-table-id=02
|  |  |  |  hash predicates: tpcds_partitioned_parquet_snap.web_sales_0.ws_item_sk = tpcds_partitioned_parquet_snap.item_4.i_item_sk
|  |  |  |  fk/pk conjuncts: tpcds_partitioned_parquet_snap.web_sales_0.ws_item_sk = tpcds_partitioned_parquet_snap.item_4.i_item_sk
|  |  |  |  mem-estimate=0B mem-reservation=0B spill-buffer=256.00KB thread-reservation=0
|  |  |  |  tuple-ids=49,51,53 row-size=70B cardinality=44.04M cost=63225531
|  |  |  |  in pipelines: 44(GETNEXT), 47(OPEN)
|  |  |  |
|  |  |  |--F43:PLAN FRAGMENT [RANDOM] hosts=10 instances=10
|  |  |  |  |  Per-Instance Resources: mem-estimate=59.46MB mem-reservation=58.00MB thread-reservation=1 runtime-filters-memory=1.00MB
|  |  |  |  |  max-parallelism=10 segment-costs=[83645]
|  |  |  |  JOIN BUILD
|  |  |  |  |  join-table-id=02 plan-id=03 cohort-id=03
|  |  |  |  |  build expressions: tpcds_partitioned_parquet_snap.item_4.i_item_sk
|  |  |  |  |  runtime filters: RF044[bloom] <- tpcds_partitioned_parquet_snap.item_4.i_item_sk, RF045[min_max] <- tpcds_partitioned_parquet_snap.item_4.i_item_sk
|  |  |  |  |  mem-estimate=57.00MB mem-reservation=57.00MB spill-buffer=256.00KB thread-reservation=0 cost=35915
|  |  |  |  |
|  |  |  |  83:EXCHANGE [BROADCAST]
|  |  |  |  |  mem-estimate=1.46MB mem-reservation=0B thread-reservation=0
|  |  |  |  |  tuple-ids=53 row-size=38B cardinality=35.91K cost=47730
|  |  |  |  |  in pipelines: 47(GETNEXT)
|  |  |  |  |
|  |  |  |  F35:PLAN FRAGMENT [RANDOM] hosts=4 instances=4
|  |  |  |  Per-Instance Resources: mem-estimate=16.16MB mem-reservation=512.00KB thread-reservation=1
|  |  |  |  max-parallelism=4 segment-costs=[148858]
|  |  |  |  47:SCAN HDFS [tpcds_partitioned_parquet_snap.item, RANDOM]
|  |  |  |     HDFS partitions=1/1 files=1 size=33.54MB
|  |  |  |     predicates: tpcds_partitioned_parquet_snap.item_4.i_category = 'Sports'
|  |  |  |     stored statistics:
|  |  |  |       table: rows=360.00K size=33.54MB
|  |  |  |       columns: all
|  |  |  |     extrapolated-rows=disabled max-scan-range-rows=101.54K
|  |  |  |     parquet statistics predicates: tpcds_partitioned_parquet_snap.item_4.i_category = 'Sports'
|  |  |  |     parquet dictionary predicates: tpcds_partitioned_parquet_snap.item_4.i_category = 'Sports'
|  |  |  |     mem-estimate=16.00MB mem-reservation=512.00KB thread-reservation=0
|  |  |  |     tuple-ids=53 row-size=38B cardinality=35.91K cost=144407
|  |  |  |     in pipelines: 47(GETNEXT)
|  |  |  |
|  |  |  46:HASH JOIN [INNER JOIN, BROADCAST]
|  |  |  |  hash-table-id=03
|  |  |  |  hash predicates: tpcds_partitioned_parquet_snap.web_sales_0.ws_sold_date_sk = tpcds_partitioned_parquet_snap.date_dim_4.d_date_sk
|  |  |  |  fk/pk conjuncts: tpcds_partitioned_parquet_snap.web_sales_0.ws_sold_date_sk = tpcds_partitioned_parquet_snap.date_dim_4.d_date_sk
|  |  |  |  mem-estimate=0B mem-reservation=0B spill-buffer=64.00KB thread-reservation=0
|  |  |  |  tuple-ids=49,51 row-size=32B cardinality=215.38M(filtered from 441.70M) cost=135281503
|  |  |  |  in pipelines: 44(GETNEXT), 45(OPEN)
|  |  |  |
|  |  |  |--F44:PLAN FRAGMENT [RANDOM] hosts=10 instances=10
|  |  |  |  |  Per-Instance Resources: mem-estimate=23.27MB mem-reservation=23.25MB thread-reservation=1
|  |  |  |  |  max-parallelism=10 segment-costs=[863]
|  |  |  |  JOIN BUILD
|  |  |  |  |  join-table-id=03 plan-id=04 cohort-id=03
|  |  |  |  |  build expressions: tpcds_partitioned_parquet_snap.date_dim_4.d_date_sk
|  |  |  |  |  mem-estimate=23.25MB mem-reservation=23.25MB spill-buffer=64.00KB thread-reservation=0 cost=373
|  |  |  |  |
|  |  |  |  82:EXCHANGE [BROADCAST]
|  |  |  |  |  mem-estimate=16.00KB mem-reservation=0B thread-reservation=0
|  |  |  |  |  tuple-ids=51 row-size=8B cardinality=373 cost=490
|  |  |  |  |  in pipelines: 45(GETNEXT)
|  |  |  |  |
|  |  |  |  F34:PLAN FRAGMENT [RANDOM] hosts=1 instances=1
|  |  |  |  Per-Instance Resources: mem-estimate=16.05MB mem-reservation=512.00KB thread-reservation=1
|  |  |  |  max-parallelism=1 segment-costs=[10483]
|  |  |  |  45:SCAN HDFS [tpcds_partitioned_parquet_snap.date_dim, RANDOM]
|  |  |  |     HDFS partitions=1/1 files=1 size=2.17MB
|  |  |  |     predicates: tpcds_partitioned_parquet_snap.date_dim_4.d_year = subtract(CAST(2001 AS INT), CAST(1 AS INT))
|  |  |  |     stored statistics:
|  |  |  |       table: rows=73.05K size=2.17MB
|  |  |  |       columns: all
|  |  |  |     extrapolated-rows=disabled max-scan-range-rows=73.05K
|  |  |  |     parquet statistics predicates: tpcds_partitioned_parquet_snap.date_dim_4.d_year = subtract(CAST(2001 AS INT), CAST(1 AS INT))
|  |  |  |     parquet dictionary predicates: tpcds_partitioned_parquet_snap.date_dim_4.d_year = subtract(CAST(2001 AS INT), CAST(1 AS INT))
|  |  |  |     mem-estimate=16.00MB mem-reservation=512.00KB thread-reservation=0
|  |  |  |     tuple-ids=51 row-size=8B cardinality=373 cost=10467
|  |  |  |     in pipelines: 45(GETNEXT)
|  |  |  |
|  |  |  44:SCAN HDFS [tpcds_partitioned_parquet_snap.web_sales, RANDOM]
|  |  |     HDFS partitions=1824/1824 files=1824 size=145.75GB
|  |  |     runtime filters: RF045[min_max] -> tpcds_partitioned_parquet_snap.web_sales_0.ws_item_sk, RF044[bloom] -> tpcds_partitioned_parquet_snap.web_sales_0.ws_item_sk
|  |  |     stored statistics:
|  |  |       table: rows=2.16G size=145.75GB
|  |  |       partitions: 1824/1824 rows=2.16G
|  |  |       columns: all
|  |  |     extrapolated-rows=disabled max-scan-range-rows=3.37M
|  |  |     mem-estimate=16.00MB mem-reservation=128.00KB thread-reservation=0
|  |  |     tuple-ids=49 row-size=24B cardinality=215.38M(filtered from 2.16G) cost=746484929
|  |  |     in pipelines: 44(GETNEXT)
|  |  |
|  |  84:EXCHANGE [HASH(tpcds_partitioned_parquet_snap.web_returns_0.wr_item_sk,tpcds_partitioned_parquet_snap.web_returns_0.wr_order_number)]
|  |  |  mem-estimate=11.17MB mem-reservation=0B thread-reservation=0
|  |  |  tuple-ids=47 row-size=20B cardinality=216.00M cost=43870145
|  |  |  in pipelines: 43(GETNEXT)
|  |  |
|  |  F32:PLAN FRAGMENT [RANDOM] hosts=10 instances=50 (adjusted from 120)
|  |  Per-Instance Resources: mem-estimate=27.25MB mem-reservation=256.00KB thread-reservation=1
|  |  max-parallelism=50 segment-costs=[451704816]
|  |  43:SCAN HDFS [tpcds_partitioned_parquet_snap.web_returns, RANDOM]
|  |     HDFS partitions=2114/2114 files=2114 size=16.74GB
|  |     runtime filters: RF042[min_max] -> tpcds_partitioned_parquet_snap.web_returns_0.wr_item_sk, RF043[min_max] -> tpcds_partitioned_parquet_snap.web_returns_0.wr_order_number
|  |     stored statistics:
|  |       table: rows=216.00M size=16.74GB
|  |       partitions: 2114/2114 rows=216.00M
|  |       columns: all
|  |     extrapolated-rows=disabled max-scan-range-rows=9.41M
|  |     mem-estimate=16.00MB mem-reservation=256.00KB thread-reservation=0
|  |     tuple-ids=47 row-size=20B cardinality=216.00M cost=62208773
|  |     in pipelines: 43(GETNEXT)
|  |
|  81:AGGREGATE [FINALIZE]
|  |  group by: I_BRAND_ID, I_CLASS_ID, I_CATEGORY_ID, I_MANUFACT_ID, SALES_CNT, SALES_AMT
|  |  mem-estimate=128.00MB mem-reservation=34.00MB spill-buffer=2.00MB thread-reservation=0
|  |  tuple-ids=46 row-size=28B cardinality=263.93M cost=1557884539
|  |  in pipelines: 81(GETNEXT), 28(OPEN), 35(OPEN)
|  |
|  80:EXCHANGE [HASH(I_BRAND_ID,I_CLASS_ID,I_CATEGORY_ID,I_MANUFACT_ID,SALES_CNT,SALES_AMT)]
|  |  mem-estimate=13.75MB mem-reservation=0B thread-reservation=0
|  |  tuple-ids=46 row-size=28B cardinality=263.93M cost=63317267
|  |  in pipelines: 28(GETNEXT), 35(GETNEXT)
|  |
|  F30:PLAN FRAGMENT [RANDOM] hosts=10 instances=120
|  Per-Instance Resources: mem-estimate=155.81MB mem-reservation=34.00MB thread-reservation=1
|  max-parallelism=120 segment-costs=[2231562832, 611899758] cpu-comparison-result=480 [max(340 (self) vs 480 (sum children))]
|  42:AGGREGATE [STREAMING]
|  |  group by: I_BRAND_ID, I_CLASS_ID, I_CATEGORY_ID, I_MANUFACT_ID, SALES_CNT, SALES_AMT
|  |  mem-estimate=128.00MB mem-reservation=34.00MB spill-buffer=2.00MB thread-reservation=0
|  |  tuple-ids=46 row-size=28B cardinality=263.93M cost=1557884539
|  |  in pipelines: 28(GETNEXT), 35(GETNEXT)
|  |
|  27:UNION
|  |  mem-estimate=0B mem-reservation=0B thread-reservation=0
|  |  tuple-ids=45 row-size=28B cardinality=263.93M cost=30209647
|  |  in pipelines: 28(GETNEXT), 35(GETNEXT)
|  |
|  |--41:HASH JOIN [RIGHT OUTER JOIN, PARTITIONED]
|  |  |  hash-table-id=07
|  |  |  hash predicates: tpcds_partitioned_parquet_snap.store_returns_0.sr_item_sk = tpcds_partitioned_parquet_snap.store_sales_0.ss_item_sk, tpcds_partitioned_parquet_snap.store_returns_0.sr_ticket_number = tpcds_partitioned_parquet_snap.store_sales_0.ss_ticket_number
|  |  |  fk/pk conjuncts: tpcds_partitioned_parquet_snap.store_returns_0.sr_item_sk = tpcds_partitioned_parquet_snap.store_sales_0.ss_item_sk, tpcds_partitioned_parquet_snap.store_returns_0.sr_ticket_number = tpcds_partitioned_parquet_snap.store_sales_0.ss_ticket_number
|  |  |  mem-estimate=0B mem-reservation=0B spill-buffer=2.00MB thread-reservation=0
|  |  |  tuple-ids=37N,39,41,43 row-size=90B cardinality=176.18M cost=253536470
|  |  |  in pipelines: 35(GETNEXT), 36(OPEN)
|  |  |
|  |  |--F48:PLAN FRAGMENT [RANDOM] hosts=10 instances=120
|  |  |  |  Per-Instance Resources: mem-estimate=143.07MB mem-reservation=34.00MB thread-reservation=1
|  |  |  |  max-parallelism=120 segment-costs=[265369917] cpu-comparison-result=240 [max(240 (self) vs 25 (sum children))]
|  |  |  JOIN BUILD
|  |  |  |  join-table-id=07 plan-id=08 cohort-id=02
|  |  |  |  build expressions: tpcds_partitioned_parquet_snap.store_sales_0.ss_item_sk, tpcds_partitioned_parquet_snap.store_sales_0.ss_ticket_number
|  |  |  |  runtime filters: RF034[min_max] <- tpcds_partitioned_parquet_snap.store_sales_0.ss_item_sk, RF035[min_max] <- tpcds_partitioned_parquet_snap.store_sales_0.ss_ticket_number
|  |  |  |  mem-estimate=123.48MB mem-reservation=34.00MB spill-buffer=2.00MB thread-reservation=0 cost=176177629
|  |  |  |
|  |  |  79:EXCHANGE [HASH(tpcds_partitioned_parquet_snap.store_sales_0.ss_item_sk,tpcds_partitioned_parquet_snap.store_sales_0.ss_ticket_number)]
|  |  |  |  mem-estimate=19.60MB mem-reservation=0B thread-reservation=0
|  |  |  |  tuple-ids=39,41,43 row-size=70B cardinality=176.18M cost=89192288
|  |  |  |  in pipelines: 36(GETNEXT)
|  |  |  |
|  |  |  F26:PLAN FRAGMENT [RANDOM] hosts=10 instances=120
|  |  |  Per-Host Shared Resources: mem-estimate=1.00MB mem-reservation=1.00MB thread-reservation=0 runtime-filters-memory=1.00MB
|  |  |  Per-Instance Resources: mem-estimate=54.39MB mem-reservation=8.00MB thread-reservation=1
|  |  |  max-parallelism=490 segment-costs=[4845427623]
|  |  |  40:HASH JOIN [INNER JOIN, BROADCAST]
|  |  |  |  hash-table-id=08
|  |  |  |  hash predicates: tpcds_partitioned_parquet_snap.store_sales_0.ss_item_sk = tpcds_partitioned_parquet_snap.item_3.i_item_sk
|  |  |  |  fk/pk conjuncts: tpcds_partitioned_parquet_snap.store_sales_0.ss_item_sk = tpcds_partitioned_parquet_snap.item_3.i_item_sk
|  |  |  |  mem-estimate=0B mem-reservation=0B spill-buffer=256.00KB thread-reservation=0
|  |  |  |  tuple-ids=39,41,43 row-size=70B cardinality=176.18M cost=252903977
|  |  |  |  in pipelines: 36(GETNEXT), 39(OPEN)
|  |  |  |
|  |  |  |--F49:PLAN FRAGMENT [RANDOM] hosts=10 instances=10
|  |  |  |  |  Per-Instance Resources: mem-estimate=59.46MB mem-reservation=58.00MB thread-reservation=1 runtime-filters-memory=1.00MB
|  |  |  |  |  max-parallelism=10 segment-costs=[83645]
|  |  |  |  JOIN BUILD
|  |  |  |  |  join-table-id=08 plan-id=09 cohort-id=05
|  |  |  |  |  build expressions: tpcds_partitioned_parquet_snap.item_3.i_item_sk
|  |  |  |  |  runtime filters: RF036[bloom] <- tpcds_partitioned_parquet_snap.item_3.i_item_sk, RF037[min_max] <- tpcds_partitioned_parquet_snap.item_3.i_item_sk
|  |  |  |  |  mem-estimate=57.00MB mem-reservation=57.00MB spill-buffer=256.00KB thread-reservation=0 cost=35915
|  |  |  |  |
|  |  |  |  77:EXCHANGE [BROADCAST]
|  |  |  |  |  mem-estimate=1.46MB mem-reservation=0B thread-reservation=0
|  |  |  |  |  tuple-ids=43 row-size=38B cardinality=35.91K cost=47730
|  |  |  |  |  in pipelines: 39(GETNEXT)
|  |  |  |  |
|  |  |  |  F28:PLAN FRAGMENT [RANDOM] hosts=4 instances=4
|  |  |  |  Per-Instance Resources: mem-estimate=16.16MB mem-reservation=512.00KB thread-reservation=1
|  |  |  |  max-parallelism=4 segment-costs=[148858]
|  |  |  |  39:SCAN HDFS [tpcds_partitioned_parquet_snap.item, RANDOM]
|  |  |  |     HDFS partitions=1/1 files=1 size=33.54MB
|  |  |  |     predicates: tpcds_partitioned_parquet_snap.item_3.i_category = 'Sports'
|  |  |  |     stored statistics:
|  |  |  |       table: rows=360.00K size=33.54MB
|  |  |  |       columns: all
|  |  |  |     extrapolated-rows=disabled max-scan-range-rows=101.54K
|  |  |  |     parquet statistics predicates: tpcds_partitioned_parquet_snap.item_3.i_category = 'Sports'
|  |  |  |     parquet dictionary predicates: tpcds_partitioned_parquet_snap.item_3.i_category = 'Sports'
|  |  |  |     mem-estimate=16.00MB mem-reservation=512.00KB thread-reservation=0
|  |  |  |     tuple-ids=43 row-size=38B cardinality=35.91K cost=144407
|  |  |  |     in pipelines: 39(GETNEXT)
|  |  |  |
|  |  |  38:HASH JOIN [INNER JOIN, BROADCAST]
|  |  |  |  hash-table-id=09
|  |  |  |  hash predicates: tpcds_partitioned_parquet_snap.store_sales_0.ss_sold_date_sk = tpcds_partitioned_parquet_snap.date_dim_3.d_date_sk
|  |  |  |  fk/pk conjuncts: tpcds_partitioned_parquet_snap.store_sales_0.ss_sold_date_sk = tpcds_partitioned_parquet_snap.date_dim_3.d_date_sk
|  |  |  |  mem-estimate=0B mem-reservation=0B spill-buffer=64.00KB thread-reservation=0
|  |  |  |  tuple-ids=39,41 row-size=32B cardinality=861.52M(filtered from 1.77G) cost=541129979
|  |  |  |  in pipelines: 36(GETNEXT), 37(OPEN)
|  |  |  |
|  |  |  |--F50:PLAN FRAGMENT [RANDOM] hosts=10 instances=10
|  |  |  |  |  Per-Instance Resources: mem-estimate=23.27MB mem-reservation=23.25MB thread-reservation=1
|  |  |  |  |  max-parallelism=10 segment-costs=[863]
|  |  |  |  JOIN BUILD
|  |  |  |  |  join-table-id=09 plan-id=10 cohort-id=05
|  |  |  |  |  build expressions: tpcds_partitioned_parquet_snap.date_dim_3.d_date_sk
|  |  |  |  |  mem-estimate=23.25MB mem-reservation=23.25MB spill-buffer=64.00KB thread-reservation=0 cost=373
|  |  |  |  |
|  |  |  |  76:EXCHANGE [BROADCAST]
|  |  |  |  |  mem-estimate=16.00KB mem-reservation=0B thread-reservation=0
|  |  |  |  |  tuple-ids=41 row-size=8B cardinality=373 cost=490
|  |  |  |  |  in pipelines: 37(GETNEXT)
|  |  |  |  |
|  |  |  |  F27:PLAN FRAGMENT [RANDOM] hosts=1 instances=1
|  |  |  |  Per-Instance Resources: mem-estimate=16.05MB mem-reservation=512.00KB thread-reservation=1
|  |  |  |  max-parallelism=1 segment-costs=[10483]
|  |  |  |  37:SCAN HDFS [tpcds_partitioned_parquet_snap.date_dim, RANDOM]
|  |  |  |     HDFS partitions=1/1 files=1 size=2.17MB
|  |  |  |     predicates: tpcds_partitioned_parquet_snap.date_dim_3.d_year = subtract(CAST(2001 AS INT), CAST(1 AS INT))
|  |  |  |     stored statistics:
|  |  |  |       table: rows=73.05K size=2.17MB
|  |  |  |       columns: all
|  |  |  |     extrapolated-rows=disabled max-scan-range-rows=73.05K
|  |  |  |     parquet statistics predicates: tpcds_partitioned_parquet_snap.date_dim_3.d_year = subtract(CAST(2001 AS INT), CAST(1 AS INT))
|  |  |  |     parquet dictionary predicates: tpcds_partitioned_parquet_snap.date_dim_3.d_year = subtract(CAST(2001 AS INT), CAST(1 AS INT))
|  |  |  |     mem-estimate=16.00MB mem-reservation=512.00KB thread-reservation=0
|  |  |  |     tuple-ids=41 row-size=8B cardinality=373 cost=10467
|  |  |  |     in pipelines: 37(GETNEXT)
|  |  |  |
|  |  |  36:SCAN HDFS [tpcds_partitioned_parquet_snap.store_sales, RANDOM]
|  |  |     HDFS partitions=1824/1824 files=1824 size=389.90GB
|  |  |     runtime filters: RF037[min_max] -> tpcds_partitioned_parquet_snap.store_sales_0.ss_item_sk, RF036[bloom] -> tpcds_partitioned_parquet_snap.store_sales_0.ss_item_sk
|  |  |     stored statistics:
|  |  |       table: rows=8.64G size=389.90GB
|  |  |       partitions: 1824/1824 rows=8.64G
|  |  |       columns: all
|  |  |     extrapolated-rows=disabled max-scan-range-rows=390.22M
|  |  |     mem-estimate=16.00MB mem-reservation=8.00MB thread-reservation=0
|  |  |     tuple-ids=39 row-size=24B cardinality=861.52M(filtered from 8.64G) cost=2985961602
|  |  |     in pipelines: 36(GETNEXT)
|  |  |
|  |  78:EXCHANGE [HASH(tpcds_partitioned_parquet_snap.store_returns_0.sr_item_sk,tpcds_partitioned_parquet_snap.store_returns_0.sr_ticket_number)]
|  |  |  mem-estimate=12.81MB mem-reservation=0B thread-reservation=0
|  |  |  tuple-ids=37 row-size=20B cardinality=863.99M cost=175476091
|  |  |  in pipelines: 35(GETNEXT)
|  |  |
|  |  F25:PLAN FRAGMENT [RANDOM] hosts=10 instances=120
|  |  Per-Instance Resources: mem-estimate=27.25MB mem-reservation=512.00KB thread-reservation=1
|  |  max-parallelism=190 segment-costs=[1806773027]
|  |  35:SCAN HDFS [tpcds_partitioned_parquet_snap.store_returns, RANDOM]
|  |     HDFS partitions=2004/2004 files=2004 size=48.14GB
|  |     runtime filters: RF034[min_max] -> tpcds_partitioned_parquet_snap.store_returns_0.sr_item_sk, RF035[min_max] -> tpcds_partitioned_parquet_snap.store_returns_0.sr_ticket_number
|  |     stored statistics:
|  |       table: rows=863.99M size=48.14GB
|  |       partitions: 2004/2004 rows=863.99M
|  |       columns: all
|  |     extrapolated-rows=disabled max-scan-range-rows=30.09M
|  |     mem-estimate=16.00MB mem-reservation=512.00KB thread-reservation=0
|  |     tuple-ids=37 row-size=20B cardinality=863.99M cost=248828726
|  |     in pipelines: 35(GETNEXT)
|  |
|  34:HASH JOIN [RIGHT OUTER JOIN, PARTITIONED]
|  |  hash-table-id=04
|  |  hash predicates: tpcds_partitioned_parquet_snap.catalog_returns_0.cr_item_sk = tpcds_partitioned_parquet_snap.catalog_sales_0.cs_item_sk, tpcds_partitioned_parquet_snap.catalog_returns_0.cr_order_number = tpcds_partitioned_parquet_snap.catalog_sales_0.cs_order_number
|  |  fk/pk conjuncts: tpcds_partitioned_parquet_snap.catalog_returns_0.cr_item_sk = tpcds_partitioned_parquet_snap.catalog_sales_0.cs_item_sk, tpcds_partitioned_parquet_snap.catalog_returns_0.cr_order_number = tpcds_partitioned_parquet_snap.catalog_sales_0.cs_order_number
|  |  mem-estimate=0B mem-reservation=0B spill-buffer=2.00MB thread-reservation=0
|  |  tuple-ids=29N,31,33,35 row-size=90B cardinality=87.75M cost=126713435
|  |  in pipelines: 28(GETNEXT), 29(OPEN)
|  |
|  |--F45:PLAN FRAGMENT [RANDOM] hosts=10 instances=120
|  |  |  Per-Instance Resources: mem-estimate=98.15MB mem-reservation=51.00MB thread-reservation=1 runtime-filters-memory=17.00MB
|  |  |  max-parallelism=120 segment-costs=[132181075] cpu-comparison-result=240 [max(240 (self) vs 25 (sum children))]
|  |  JOIN BUILD
|  |  |  join-table-id=04 plan-id=05 cohort-id=02
|  |  |  build expressions: tpcds_partitioned_parquet_snap.catalog_sales_0.cs_item_sk, tpcds_partitioned_parquet_snap.catalog_sales_0.cs_order_number
|  |  |  runtime filters: RF024[bloom] <- tpcds_partitioned_parquet_snap.catalog_sales_0.cs_item_sk, RF025[bloom] <- tpcds_partitioned_parquet_snap.catalog_sales_0.cs_order_number, RF026[min_max] <- tpcds_partitioned_parquet_snap.catalog_sales_0.cs_item_sk, RF027[min_max] <- tpcds_partitioned_parquet_snap.catalog_sales_0.cs_order_number
|  |  |  mem-estimate=61.55MB mem-reservation=34.00MB spill-buffer=2.00MB thread-reservation=0 cost=87754289
|  |  |
|  |  75:EXCHANGE [HASH(tpcds_partitioned_parquet_snap.catalog_sales_0.cs_item_sk,tpcds_partitioned_parquet_snap.catalog_sales_0.cs_order_number)]
|  |  |  mem-estimate=19.60MB mem-reservation=0B thread-reservation=0
|  |  |  tuple-ids=31,33,35 row-size=70B cardinality=87.75M cost=44426786
|  |  |  in pipelines: 29(GETNEXT)
|  |  |
|  |  F21:PLAN FRAGMENT [RANDOM] hosts=10 instances=120
|  |  Per-Host Shared Resources: mem-estimate=1.00MB mem-reservation=1.00MB thread-reservation=0 runtime-filters-memory=1.00MB
|  |  Per-Instance Resources: mem-estimate=54.39MB mem-reservation=1.00MB thread-reservation=1
|  |  max-parallelism=250 segment-costs=[2420066051]
|  |  33:HASH JOIN [INNER JOIN, BROADCAST]
|  |  |  hash-table-id=05
|  |  |  hash predicates: tpcds_partitioned_parquet_snap.catalog_sales_0.cs_item_sk = tpcds_partitioned_parquet_snap.item_2.i_item_sk
|  |  |  fk/pk conjuncts: tpcds_partitioned_parquet_snap.catalog_sales_0.cs_item_sk = tpcds_partitioned_parquet_snap.item_2.i_item_sk
|  |  |  mem-estimate=0B mem-reservation=0B spill-buffer=256.00KB thread-reservation=0
|  |  |  tuple-ids=31,33,35 row-size=70B cardinality=87.75M cost=126394195
|  |  |  in pipelines: 29(GETNEXT), 32(OPEN)
|  |  |
|  |  |--F46:PLAN FRAGMENT [RANDOM] hosts=10 instances=10
|  |  |  |  Per-Instance Resources: mem-estimate=59.46MB mem-reservation=58.00MB thread-reservation=1 runtime-filters-memory=1.00MB
|  |  |  |  max-parallelism=10 segment-costs=[83645]
|  |  |  JOIN BUILD
|  |  |  |  join-table-id=05 plan-id=06 cohort-id=04
|  |  |  |  build expressions: tpcds_partitioned_parquet_snap.item_2.i_item_sk
|  |  |  |  runtime filters: RF028[bloom] <- tpcds_partitioned_parquet_snap.item_2.i_item_sk, RF029[min_max] <- tpcds_partitioned_parquet_snap.item_2.i_item_sk
|  |  |  |  mem-estimate=57.00MB mem-reservation=57.00MB spill-buffer=256.00KB thread-reservation=0 cost=35915
|  |  |  |
|  |  |  73:EXCHANGE [BROADCAST]
|  |  |  |  mem-estimate=1.46MB mem-reservation=0B thread-reservation=0
|  |  |  |  tuple-ids=35 row-size=38B cardinality=35.91K cost=47730
|  |  |  |  in pipelines: 32(GETNEXT)
|  |  |  |
|  |  |  F23:PLAN FRAGMENT [RANDOM] hosts=4 instances=4
|  |  |  Per-Instance Resources: mem-estimate=16.16MB mem-reservation=512.00KB thread-reservation=1
|  |  |  max-parallelism=4 segment-costs=[148858]
|  |  |  32:SCAN HDFS [tpcds_partitioned_parquet_snap.item, RANDOM]
|  |  |     HDFS partitions=1/1 files=1 size=33.54MB
|  |  |     predicates: tpcds_partitioned_parquet_snap.item_2.i_category = 'Sports'
|  |  |     stored statistics:
|  |  |       table: rows=360.00K size=33.54MB
|  |  |       columns: all
|  |  |     extrapolated-rows=disabled max-scan-range-rows=101.54K
|  |  |     parquet statistics predicates: tpcds_partitioned_parquet_snap.item_2.i_category = 'Sports'
|  |  |     parquet dictionary predicates: tpcds_partitioned_parquet_snap.item_2.i_category = 'Sports'
|  |  |     mem-estimate=16.00MB mem-reservation=512.00KB thread-reservation=0
|  |  |     tuple-ids=35 row-size=38B cardinality=35.91K cost=144407
|  |  |     in pipelines: 32(GETNEXT)
|  |  |
|  |  31:HASH JOIN [INNER JOIN, BROADCAST]
|  |  |  hash-table-id=06
|  |  |  hash predicates: tpcds_partitioned_parquet_snap.catalog_sales_0.cs_sold_date_sk = tpcds_partitioned_parquet_snap.date_dim_2.d_date_sk
|  |  |  fk/pk conjuncts: tpcds_partitioned_parquet_snap.catalog_sales_0.cs_sold_date_sk = tpcds_partitioned_parquet_snap.date_dim_2.d_date_sk
|  |  |  mem-estimate=0B mem-reservation=0B spill-buffer=64.00KB thread-reservation=0
|  |  |  tuple-ids=31,33 row-size=32B cardinality=430.77M(filtered from 880.06M) cost=269959914
|  |  |  in pipelines: 29(GETNEXT), 30(OPEN)
|  |  |
|  |  |--F47:PLAN FRAGMENT [RANDOM] hosts=10 instances=10
|  |  |  |  Per-Instance Resources: mem-estimate=23.27MB mem-reservation=23.25MB thread-reservation=1
|  |  |  |  max-parallelism=10 segment-costs=[863]
|  |  |  JOIN BUILD
|  |  |  |  join-table-id=06 plan-id=07 cohort-id=04
|  |  |  |  build expressions: tpcds_partitioned_parquet_snap.date_dim_2.d_date_sk
|  |  |  |  mem-estimate=23.25MB mem-reservation=23.25MB spill-buffer=64.00KB thread-reservation=0 cost=373
|  |  |  |
|  |  |  72:EXCHANGE [BROADCAST]
|  |  |  |  mem-estimate=16.00KB mem-reservation=0B thread-reservation=0
|  |  |  |  tuple-ids=33 row-size=8B cardinality=373 cost=490
|  |  |  |  in pipelines: 30(GETNEXT)
|  |  |  |
|  |  |  F22:PLAN FRAGMENT [RANDOM] hosts=1 instances=1
|  |  |  Per-Instance Resources: mem-estimate=16.05MB mem-reservation=512.00KB thread-reservation=1
|  |  |  max-parallelism=1 segment-costs=[10483]
|  |  |  30:SCAN HDFS [tpcds_partitioned_parquet_snap.date_dim, RANDOM]
|  |  |     HDFS partitions=1/1 files=1 size=2.17MB
|  |  |     predicates: tpcds_partitioned_parquet_snap.date_dim_2.d_year = subtract(CAST(2001 AS INT), CAST(1 AS INT))
|  |  |     stored statistics:
|  |  |       table: rows=73.05K size=2.17MB
|  |  |       columns: all
|  |  |     extrapolated-rows=disabled max-scan-range-rows=73.05K
|  |  |     parquet statistics predicates: tpcds_partitioned_parquet_snap.date_dim_2.d_year = subtract(CAST(2001 AS INT), CAST(1 AS INT))
|  |  |     parquet dictionary predicates: tpcds_partitioned_parquet_snap.date_dim_2.d_year = subtract(CAST(2001 AS INT), CAST(1 AS INT))
|  |  |     mem-estimate=16.00MB mem-reservation=512.00KB thread-reservation=0
|  |  |     tuple-ids=33 row-size=8B cardinality=373 cost=10467
|  |  |     in pipelines: 30(GETNEXT)
|  |  |
|  |  29:SCAN HDFS [tpcds_partitioned_parquet_snap.catalog_sales, RANDOM]
|  |     HDFS partitions=1831/1831 files=1831 size=280.96GB
|  |     runtime filters: RF029[min_max] -> tpcds_partitioned_parquet_snap.catalog_sales_0.cs_item_sk, RF028[bloom] -> tpcds_partitioned_parquet_snap.catalog_sales_0.cs_item_sk
|  |     stored statistics:
|  |       table: rows=4.32G size=280.96GB
|  |       partitions: 1831/1831 rows=4.32G
|  |       columns: all
|  |     extrapolated-rows=disabled max-scan-range-rows=21.52M
|  |     mem-estimate=16.00MB mem-reservation=1.00MB thread-reservation=0
|  |     tuple-ids=31 row-size=24B cardinality=430.77M(filtered from 4.32G) cost=1493018949
|  |     in pipelines: 29(GETNEXT)
|  |
|  74:EXCHANGE [HASH(tpcds_partitioned_parquet_snap.catalog_returns_0.cr_item_sk,tpcds_partitioned_parquet_snap.catalog_returns_0.cr_order_number)]
|  |  mem-estimate=12.34MB mem-reservation=0B thread-reservation=0
|  |  tuple-ids=29 row-size=20B cardinality=432.02M cost=87742650
|  |  in pipelines: 28(GETNEXT)
|  |
|  F20:PLAN FRAGMENT [RANDOM] hosts=10 instances=100 (adjusted from 120)
|  Per-Host Shared Resources: mem-estimate=17.00MB mem-reservation=17.00MB thread-reservation=0 runtime-filters-memory=17.00MB
|  Per-Instance Resources: mem-estimate=27.25MB mem-reservation=32.00KB thread-reservation=1
|  max-parallelism=100 segment-costs=[903433931]
|  28:SCAN HDFS [tpcds_partitioned_parquet_snap.catalog_returns, RANDOM]
|     HDFS partitions=2060/2060 files=2060 size=32.77GB
|     runtime filters: RF026[min_max] -> tpcds_partitioned_parquet_snap.catalog_returns_0.cr_item_sk, RF027[min_max] -> tpcds_partitioned_parquet_snap.catalog_returns_0.cr_order_number, RF024[bloom] -> tpcds_partitioned_parquet_snap.catalog_returns_0.cr_item_sk, RF025[bloom] -> tpcds_partitioned_parquet_snap.catalog_returns_0.cr_order_number
|     stored statistics:
|       table: rows=432.02M size=32.77GB
|       partitions: 2060/2060 rows=432.02M
|       columns: all
|     extrapolated-rows=disabled max-scan-range-rows=416.82K
|     mem-estimate=16.00MB mem-reservation=32.00KB thread-reservation=0
|     tuple-ids=29 row-size=20B cardinality=432.02M cost=124420893
|     in pipelines: 28(GETNEXT)
|
71:AGGREGATE [FINALIZE]
|  output: sum:merge(SALES_CNT), sum:merge(SALES_AMT)
|  group by: I_BRAND_ID, I_CLASS_ID, I_CATEGORY_ID, I_MANUFACT_ID
|  mem-estimate=128.00MB mem-reservation=34.00MB spill-buffer=2.00MB thread-reservation=0
|  tuple-ids=28 row-size=40B cardinality=307.98M cost=1839417475
|  in pipelines: 71(GETNEXT), 69(OPEN)
|
70:EXCHANGE [HASH(I_BRAND_ID,I_CLASS_ID,I_CATEGORY_ID,I_MANUFACT_ID)]
|  mem-estimate=15.16MB mem-reservation=0B thread-reservation=0
|  tuple-ids=28 row-size=40B cardinality=307.98M cost=90883718
|  in pipelines: 69(GETNEXT)
|
F18:PLAN FRAGMENT [HASH(I_BRAND_ID,I_CLASS_ID,I_CATEGORY_ID,I_MANUFACT_ID,SALES_CNT,SALES_AMT)] hosts=10 instances=120
Per-Instance Resources: mem-estimate=276.62MB mem-reservation=68.00MB thread-reservation=1
max-parallelism=190 segment-costs=[1891742598, 1839417475, 952015420] cpu-comparison-result=720 [max(120 (self) vs 720 (sum children))]
25:AGGREGATE [STREAMING]
|  output: sum(SALES_CNT), sum(SALES_AMT)
|  group by: I_BRAND_ID, I_CLASS_ID, I_CATEGORY_ID, I_MANUFACT_ID
|  mem-estimate=128.00MB mem-reservation=34.00MB spill-buffer=2.00MB thread-reservation=0
|  tuple-ids=28 row-size=40B cardinality=307.98M cost=1839417475
|  in pipelines: 69(GETNEXT)
|
69:AGGREGATE [FINALIZE]
|  group by: I_BRAND_ID, I_CLASS_ID, I_CATEGORY_ID, I_MANUFACT_ID, SALES_CNT, SALES_AMT
|  mem-estimate=128.00MB mem-reservation=34.00MB spill-buffer=2.00MB thread-reservation=0
|  tuple-ids=27 row-size=28B cardinality=307.98M cost=1817859155
|  in pipelines: 69(GETNEXT), 63(OPEN), 17(OPEN)
|
68:EXCHANGE [HASH(I_BRAND_ID,I_CLASS_ID,I_CATEGORY_ID,I_MANUFACT_ID,SALES_CNT,SALES_AMT)]
|  mem-estimate=13.75MB mem-reservation=0B thread-reservation=0
|  tuple-ids=27 row-size=28B cardinality=307.98M cost=73883443
|  in pipelines: 63(GETNEXT), 17(GETNEXT)
|
F17:PLAN FRAGMENT [RANDOM] hosts=10 instances=120
Per-Instance Resources: mem-estimate=284.75MB mem-reservation=68.00MB thread-reservation=1
max-parallelism=120 segment-costs=[1621201806, 1930156062, 714011565] cpu-comparison-result=720 [max(170 (self) vs 720 (sum children))]
24:AGGREGATE [STREAMING]
|  group by: I_BRAND_ID, I_CLASS_ID, I_CATEGORY_ID, I_MANUFACT_ID, SALES_CNT, SALES_AMT
|  mem-estimate=128.00MB mem-reservation=34.00MB spill-buffer=2.00MB thread-reservation=0
|  tuple-ids=27 row-size=28B cardinality=307.98M cost=1817859155
|  in pipelines: 63(GETNEXT), 17(GETNEXT)
|
00:UNION
|  pass-through-operands: 63
|  mem-estimate=0B mem-reservation=0B thread-reservation=0
|  tuple-ids=26 row-size=28B cardinality=307.98M cost=5041285
|  in pipelines: 63(GETNEXT), 17(GETNEXT)
|
|--23:HASH JOIN [RIGHT OUTER JOIN, PARTITIONED]
|  |  hash-table-id=10
|  |  hash predicates: tpcds_partitioned_parquet_snap.web_returns.wr_item_sk = tpcds_partitioned_parquet_snap.web_sales.ws_item_sk, tpcds_partitioned_parquet_snap.web_returns.wr_order_number = tpcds_partitioned_parquet_snap.web_sales.ws_order_number
|  |  fk/pk conjuncts: tpcds_partitioned_parquet_snap.web_returns.wr_item_sk = tpcds_partitioned_parquet_snap.web_sales.ws_item_sk, tpcds_partitioned_parquet_snap.web_returns.wr_order_number = tpcds_partitioned_parquet_snap.web_sales.ws_order_number
|  |  mem-estimate=0B mem-reservation=0B spill-buffer=2.00MB thread-reservation=0
|  |  tuple-ids=18N,20,22,24 row-size=90B cardinality=44.04M cost=63385477
|  |  in pipelines: 17(GETNEXT), 18(OPEN)
|  |
|  |--F51:PLAN FRAGMENT [RANDOM] hosts=10 instances=120
|  |  |  Per-Instance Resources: mem-estimate=53.60MB mem-reservation=34.00MB thread-reservation=1
|  |  |  max-parallelism=120 segment-costs=[66341993] cpu-comparison-result=240 [max(240 (self) vs 25 (sum children))]
|  |  JOIN BUILD
|  |  |  join-table-id=10 plan-id=11 cohort-id=01
|  |  |  build expressions: tpcds_partitioned_parquet_snap.web_sales.ws_item_sk, tpcds_partitioned_parquet_snap.web_sales.ws_order_number
|  |  |  runtime filters: RF018[min_max] <- tpcds_partitioned_parquet_snap.web_sales.ws_item_sk, RF019[min_max] <- tpcds_partitioned_parquet_snap.web_sales.ws_order_number
|  |  |  mem-estimate=34.00MB mem-reservation=34.00MB spill-buffer=2.00MB thread-reservation=0 cost=44044085
|  |  |
|  |  67:EXCHANGE [HASH(tpcds_partitioned_parquet_snap.web_sales.ws_item_sk,tpcds_partitioned_parquet_snap.web_sales.ws_order_number)]
|  |  |  mem-estimate=19.60MB mem-reservation=0B thread-reservation=0
|  |  |  tuple-ids=20,22,24 row-size=70B cardinality=44.04M cost=22297908
|  |  |  in pipelines: 18(GETNEXT)
|  |  |
|  |  F13:PLAN FRAGMENT [RANDOM] hosts=10 instances=120
|  |  Per-Host Shared Resources: mem-estimate=1.00MB mem-reservation=1.00MB thread-reservation=0 runtime-filters-memory=1.00MB
|  |  Per-Instance Resources: mem-estimate=54.39MB mem-reservation=128.00KB thread-reservation=1
|  |  max-parallelism=130 segment-costs=[1211348030]
|  |  22:HASH JOIN [INNER JOIN, BROADCAST]
|  |  |  hash-table-id=11
|  |  |  hash predicates: tpcds_partitioned_parquet_snap.web_sales.ws_item_sk = tpcds_partitioned_parquet_snap.item_1.i_item_sk
|  |  |  fk/pk conjuncts: tpcds_partitioned_parquet_snap.web_sales.ws_item_sk = tpcds_partitioned_parquet_snap.item_1.i_item_sk
|  |  |  mem-estimate=0B mem-reservation=0B spill-buffer=256.00KB thread-reservation=0
|  |  |  tuple-ids=20,22,24 row-size=70B cardinality=44.04M cost=63225531
|  |  |  in pipelines: 18(GETNEXT), 21(OPEN)
|  |  |
|  |  |--F52:PLAN FRAGMENT [RANDOM] hosts=10 instances=10
|  |  |  |  Per-Instance Resources: mem-estimate=59.46MB mem-reservation=58.00MB thread-reservation=1 runtime-filters-memory=1.00MB
|  |  |  |  max-parallelism=10 segment-costs=[83645]
|  |  |  JOIN BUILD
|  |  |  |  join-table-id=11 plan-id=12 cohort-id=06
|  |  |  |  build expressions: tpcds_partitioned_parquet_snap.item_1.i_item_sk
|  |  |  |  runtime filters: RF020[bloom] <- tpcds_partitioned_parquet_snap.item_1.i_item_sk, RF021[min_max] <- tpcds_partitioned_parquet_snap.item_1.i_item_sk
|  |  |  |  mem-estimate=57.00MB mem-reservation=57.00MB spill-buffer=256.00KB thread-reservation=0 cost=35915
|  |  |  |
|  |  |  65:EXCHANGE [BROADCAST]
|  |  |  |  mem-estimate=1.46MB mem-reservation=0B thread-reservation=0
|  |  |  |  tuple-ids=24 row-size=38B cardinality=35.91K cost=47730
|  |  |  |  in pipelines: 21(GETNEXT)
|  |  |  |
|  |  |  F15:PLAN FRAGMENT [RANDOM] hosts=4 instances=4
|  |  |  Per-Instance Resources: mem-estimate=16.16MB mem-reservation=512.00KB thread-reservation=1
|  |  |  max-parallelism=4 segment-costs=[148858]
|  |  |  21:SCAN HDFS [tpcds_partitioned_parquet_snap.item, RANDOM]
|  |  |     HDFS partitions=1/1 files=1 size=33.54MB
|  |  |     predicates: tpcds_partitioned_parquet_snap.item_1.i_category = 'Sports'
|  |  |     stored statistics:
|  |  |       table: rows=360.00K size=33.54MB
|  |  |       columns: all
|  |  |     extrapolated-rows=disabled max-scan-range-rows=101.54K
|  |  |     parquet statistics predicates: tpcds_partitioned_parquet_snap.item_1.i_category = 'Sports'
|  |  |     parquet dictionary predicates: tpcds_partitioned_parquet_snap.item_1.i_category = 'Sports'
|  |  |     mem-estimate=16.00MB mem-reservation=512.00KB thread-reservation=0
|  |  |     tuple-ids=24 row-size=38B cardinality=35.91K cost=144407
|  |  |     in pipelines: 21(GETNEXT)
|  |  |
|  |  20:HASH JOIN [INNER JOIN, BROADCAST]
|  |  |  hash-table-id=12
|  |  |  hash predicates: tpcds_partitioned_parquet_snap.web_sales.ws_sold_date_sk = tpcds_partitioned_parquet_snap.date_dim_1.d_date_sk
|  |  |  fk/pk conjuncts: tpcds_partitioned_parquet_snap.web_sales.ws_sold_date_sk = tpcds_partitioned_parquet_snap.date_dim_1.d_date_sk
|  |  |  mem-estimate=0B mem-reservation=0B spill-buffer=64.00KB thread-reservation=0
|  |  |  tuple-ids=20,22 row-size=32B cardinality=215.38M(filtered from 441.70M) cost=135281503
|  |  |  in pipelines: 18(GETNEXT), 19(OPEN)
|  |  |
|  |  |--F53:PLAN FRAGMENT [RANDOM] hosts=10 instances=10
|  |  |  |  Per-Instance Resources: mem-estimate=23.27MB mem-reservation=23.25MB thread-reservation=1
|  |  |  |  max-parallelism=10 segment-costs=[863]
|  |  |  JOIN BUILD
|  |  |  |  join-table-id=12 plan-id=13 cohort-id=06
|  |  |  |  build expressions: tpcds_partitioned_parquet_snap.date_dim_1.d_date_sk
|  |  |  |  mem-estimate=23.25MB mem-reservation=23.25MB spill-buffer=64.00KB thread-reservation=0 cost=373
|  |  |  |
|  |  |  64:EXCHANGE [BROADCAST]
|  |  |  |  mem-estimate=16.00KB mem-reservation=0B thread-reservation=0
|  |  |  |  tuple-ids=22 row-size=8B cardinality=373 cost=490
|  |  |  |  in pipelines: 19(GETNEXT)
|  |  |  |
|  |  |  F14:PLAN FRAGMENT [RANDOM] hosts=1 instances=1
|  |  |  Per-Instance Resources: mem-estimate=16.05MB mem-reservation=512.00KB thread-reservation=1
|  |  |  max-parallelism=1 segment-costs=[10483]
|  |  |  19:SCAN HDFS [tpcds_partitioned_parquet_snap.date_dim, RANDOM]
|  |  |     HDFS partitions=1/1 files=1 size=2.17MB
|  |  |     predicates: tpcds_partitioned_parquet_snap.date_dim_1.d_year = CAST(2001 AS INT)
|  |  |     stored statistics:
|  |  |       table: rows=73.05K size=2.17MB
|  |  |       columns: all
|  |  |     extrapolated-rows=disabled max-scan-range-rows=73.05K
|  |  |     parquet statistics predicates: tpcds_partitioned_parquet_snap.date_dim_1.d_year = CAST(2001 AS INT)
|  |  |     parquet dictionary predicates: tpcds_partitioned_parquet_snap.date_dim_1.d_year = CAST(2001 AS INT)
|  |  |     mem-estimate=16.00MB mem-reservation=512.00KB thread-reservation=0
|  |  |     tuple-ids=22 row-size=8B cardinality=373 cost=10467
|  |  |     in pipelines: 19(GETNEXT)
|  |  |
|  |  18:SCAN HDFS [tpcds_partitioned_parquet_snap.web_sales, RANDOM]
|  |     HDFS partitions=1824/1824 files=1824 size=145.75GB
|  |     runtime filters: RF021[min_max] -> tpcds_partitioned_parquet_snap.web_sales.ws_item_sk, RF020[bloom] -> tpcds_partitioned_parquet_snap.web_sales.ws_item_sk
|  |     stored statistics:
|  |       table: rows=2.16G size=145.75GB
|  |       partitions: 1824/1824 rows=2.16G
|  |       columns: all
|  |     extrapolated-rows=disabled max-scan-range-rows=3.37M
|  |     mem-estimate=16.00MB mem-reservation=128.00KB thread-reservation=0
|  |     tuple-ids=20 row-size=24B cardinality=215.38M(filtered from 2.16G) cost=746484929
|  |     in pipelines: 18(GETNEXT)
|  |
|  66:EXCHANGE [HASH(tpcds_partitioned_parquet_snap.web_returns.wr_item_sk,tpcds_partitioned_parquet_snap.web_returns.wr_order_number)]
|  |  mem-estimate=11.17MB mem-reservation=0B thread-reservation=0
|  |  tuple-ids=18 row-size=20B cardinality=216.00M cost=43870145
|  |  in pipelines: 17(GETNEXT)
|  |
|  F12:PLAN FRAGMENT [RANDOM] hosts=10 instances=50 (adjusted from 120)
|  Per-Instance Resources: mem-estimate=27.25MB mem-reservation=256.00KB thread-reservation=1
|  max-parallelism=50 segment-costs=[451704816]
|  17:SCAN HDFS [tpcds_partitioned_parquet_snap.web_returns, RANDOM]
|     HDFS partitions=2114/2114 files=2114 size=16.74GB
|     runtime filters: RF018[min_max] -> tpcds_partitioned_parquet_snap.web_returns.wr_item_sk, RF019[min_max] -> tpcds_partitioned_parquet_snap.web_returns.wr_order_number
|     stored statistics:
|       table: rows=216.00M size=16.74GB
|       partitions: 2114/2114 rows=216.00M
|       columns: all
|     extrapolated-rows=disabled max-scan-range-rows=9.41M
|     mem-estimate=16.00MB mem-reservation=256.00KB thread-reservation=0
|     tuple-ids=18 row-size=20B cardinality=216.00M cost=62208773
|     in pipelines: 17(GETNEXT)
|
63:AGGREGATE [FINALIZE]
|  group by: I_BRAND_ID, I_CLASS_ID, I_CATEGORY_ID, I_MANUFACT_ID, SALES_CNT, SALES_AMT
|  mem-estimate=128.00MB mem-reservation=34.00MB spill-buffer=2.00MB thread-reservation=0
|  tuple-ids=17 row-size=28B cardinality=263.93M cost=1557884539
|  in pipelines: 63(GETNEXT), 02(OPEN), 09(OPEN)
|
62:EXCHANGE [HASH(I_BRAND_ID,I_CLASS_ID,I_CATEGORY_ID,I_MANUFACT_ID,SALES_CNT,SALES_AMT)]
|  mem-estimate=13.75MB mem-reservation=0B thread-reservation=0
|  tuple-ids=17 row-size=28B cardinality=263.93M cost=63317267
|  in pipelines: 02(GETNEXT), 09(GETNEXT)
|
F10:PLAN FRAGMENT [RANDOM] hosts=10 instances=120
Per-Instance Resources: mem-estimate=155.81MB mem-reservation=34.00MB thread-reservation=1
max-parallelism=120 segment-costs=[2231562832, 611899758] cpu-comparison-result=480 [max(340 (self) vs 480 (sum children))]
16:AGGREGATE [STREAMING]
|  group by: I_BRAND_ID, I_CLASS_ID, I_CATEGORY_ID, I_MANUFACT_ID, SALES_CNT, SALES_AMT
|  mem-estimate=128.00MB mem-reservation=34.00MB spill-buffer=2.00MB thread-reservation=0
|  tuple-ids=17 row-size=28B cardinality=263.93M cost=1557884539
|  in pipelines: 02(GETNEXT), 09(GETNEXT)
|
01:UNION
|  mem-estimate=0B mem-reservation=0B thread-reservation=0
|  tuple-ids=16 row-size=28B cardinality=263.93M cost=30209647
|  in pipelines: 02(GETNEXT), 09(GETNEXT)
|
|--15:HASH JOIN [RIGHT OUTER JOIN, PARTITIONED]
|  |  hash-table-id=16
|  |  hash predicates: tpcds_partitioned_parquet_snap.store_returns.sr_item_sk = tpcds_partitioned_parquet_snap.store_sales.ss_item_sk, tpcds_partitioned_parquet_snap.store_returns.sr_ticket_number = tpcds_partitioned_parquet_snap.store_sales.ss_ticket_number
|  |  fk/pk conjuncts: tpcds_partitioned_parquet_snap.store_returns.sr_item_sk = tpcds_partitioned_parquet_snap.store_sales.ss_item_sk, tpcds_partitioned_parquet_snap.store_returns.sr_ticket_number = tpcds_partitioned_parquet_snap.store_sales.ss_ticket_number
|  |  mem-estimate=0B mem-reservation=0B spill-buffer=2.00MB thread-reservation=0
|  |  tuple-ids=8N,10,12,14 row-size=90B cardinality=176.18M cost=253536470
|  |  in pipelines: 09(GETNEXT), 10(OPEN)
|  |
|  |--F57:PLAN FRAGMENT [RANDOM] hosts=10 instances=120
|  |  |  Per-Instance Resources: mem-estimate=143.07MB mem-reservation=34.00MB thread-reservation=1
|  |  |  max-parallelism=120 segment-costs=[265369917] cpu-comparison-result=240 [max(240 (self) vs 25 (sum children))]
|  |  JOIN BUILD
|  |  |  join-table-id=16 plan-id=17 cohort-id=01
|  |  |  build expressions: tpcds_partitioned_parquet_snap.store_sales.ss_item_sk, tpcds_partitioned_parquet_snap.store_sales.ss_ticket_number
|  |  |  runtime filters: RF010[min_max] <- tpcds_partitioned_parquet_snap.store_sales.ss_item_sk, RF011[min_max] <- tpcds_partitioned_parquet_snap.store_sales.ss_ticket_number
|  |  |  mem-estimate=123.48MB mem-reservation=34.00MB spill-buffer=2.00MB thread-reservation=0 cost=176177629
|  |  |
|  |  61:EXCHANGE [HASH(tpcds_partitioned_parquet_snap.store_sales.ss_item_sk,tpcds_partitioned_parquet_snap.store_sales.ss_ticket_number)]
|  |  |  mem-estimate=19.60MB mem-reservation=0B thread-reservation=0
|  |  |  tuple-ids=10,12,14 row-size=70B cardinality=176.18M cost=89192288
|  |  |  in pipelines: 10(GETNEXT)
|  |  |
|  |  F06:PLAN FRAGMENT [RANDOM] hosts=10 instances=120
|  |  Per-Host Shared Resources: mem-estimate=1.00MB mem-reservation=1.00MB thread-reservation=0 runtime-filters-memory=1.00MB
|  |  Per-Instance Resources: mem-estimate=54.39MB mem-reservation=8.00MB thread-reservation=1
|  |  max-parallelism=490 segment-costs=[4845427623]
|  |  14:HASH JOIN [INNER JOIN, BROADCAST]
|  |  |  hash-table-id=17
|  |  |  hash predicates: tpcds_partitioned_parquet_snap.store_sales.ss_item_sk = tpcds_partitioned_parquet_snap.item_0.i_item_sk
|  |  |  fk/pk conjuncts: tpcds_partitioned_parquet_snap.store_sales.ss_item_sk = tpcds_partitioned_parquet_snap.item_0.i_item_sk
|  |  |  mem-estimate=0B mem-reservation=0B spill-buffer=256.00KB thread-reservation=0
|  |  |  tuple-ids=10,12,14 row-size=70B cardinality=176.18M cost=252903977
|  |  |  in pipelines: 10(GETNEXT), 13(OPEN)
|  |  |
|  |  |--F58:PLAN FRAGMENT [RANDOM] hosts=10 instances=10
|  |  |  |  Per-Instance Resources: mem-estimate=59.46MB mem-reservation=58.00MB thread-reservation=1 runtime-filters-memory=1.00MB
|  |  |  |  max-parallelism=10 segment-costs=[83645]
|  |  |  JOIN BUILD
|  |  |  |  join-table-id=17 plan-id=18 cohort-id=08
|  |  |  |  build expressions: tpcds_partitioned_parquet_snap.item_0.i_item_sk
|  |  |  |  runtime filters: RF012[bloom] <- tpcds_partitioned_parquet_snap.item_0.i_item_sk, RF013[min_max] <- tpcds_partitioned_parquet_snap.item_0.i_item_sk
|  |  |  |  mem-estimate=57.00MB mem-reservation=57.00MB spill-buffer=256.00KB thread-reservation=0 cost=35915
|  |  |  |
|  |  |  59:EXCHANGE [BROADCAST]
|  |  |  |  mem-estimate=1.46MB mem-reservation=0B thread-reservation=0
|  |  |  |  tuple-ids=14 row-size=38B cardinality=35.91K cost=47730
|  |  |  |  in pipelines: 13(GETNEXT)
|  |  |  |
|  |  |  F08:PLAN FRAGMENT [RANDOM] hosts=4 instances=4
|  |  |  Per-Instance Resources: mem-estimate=16.16MB mem-reservation=512.00KB thread-reservation=1
|  |  |  max-parallelism=4 segment-costs=[148858]
|  |  |  13:SCAN HDFS [tpcds_partitioned_parquet_snap.item, RANDOM]
|  |  |     HDFS partitions=1/1 files=1 size=33.54MB
|  |  |     predicates: tpcds_partitioned_parquet_snap.item_0.i_category = 'Sports'
|  |  |     stored statistics:
|  |  |       table: rows=360.00K size=33.54MB
|  |  |       columns: all
|  |  |     extrapolated-rows=disabled max-scan-range-rows=101.54K
|  |  |     parquet statistics predicates: tpcds_partitioned_parquet_snap.item_0.i_category = 'Sports'
|  |  |     parquet dictionary predicates: tpcds_partitioned_parquet_snap.item_0.i_category = 'Sports'
|  |  |     mem-estimate=16.00MB mem-reservation=512.00KB thread-reservation=0
|  |  |     tuple-ids=14 row-size=38B cardinality=35.91K cost=144407
|  |  |     in pipelines: 13(GETNEXT)
|  |  |
|  |  12:HASH JOIN [INNER JOIN, BROADCAST]
|  |  |  hash-table-id=18
|  |  |  hash predicates: tpcds_partitioned_parquet_snap.store_sales.ss_sold_date_sk = tpcds_partitioned_parquet_snap.date_dim_0.d_date_sk
|  |  |  fk/pk conjuncts: tpcds_partitioned_parquet_snap.store_sales.ss_sold_date_sk = tpcds_partitioned_parquet_snap.date_dim_0.d_date_sk
|  |  |  mem-estimate=0B mem-reservation=0B spill-buffer=64.00KB thread-reservation=0
|  |  |  tuple-ids=10,12 row-size=32B cardinality=861.52M(filtered from 1.77G) cost=541129979
|  |  |  in pipelines: 10(GETNEXT), 11(OPEN)
|  |  |
|  |  |--F59:PLAN FRAGMENT [RANDOM] hosts=10 instances=10
|  |  |  |  Per-Instance Resources: mem-estimate=23.27MB mem-reservation=23.25MB thread-reservation=1
|  |  |  |  max-parallelism=10 segment-costs=[863]
|  |  |  JOIN BUILD
|  |  |  |  join-table-id=18 plan-id=19 cohort-id=08
|  |  |  |  build expressions: tpcds_partitioned_parquet_snap.date_dim_0.d_date_sk
|  |  |  |  mem-estimate=23.25MB mem-reservation=23.25MB spill-buffer=64.00KB thread-reservation=0 cost=373
|  |  |  |
|  |  |  58:EXCHANGE [BROADCAST]
|  |  |  |  mem-estimate=16.00KB mem-reservation=0B thread-reservation=0
|  |  |  |  tuple-ids=12 row-size=8B cardinality=373 cost=490
|  |  |  |  in pipelines: 11(GETNEXT)
|  |  |  |
|  |  |  F07:PLAN FRAGMENT [RANDOM] hosts=1 instances=1
|  |  |  Per-Instance Resources: mem-estimate=16.05MB mem-reservation=512.00KB thread-reservation=1
|  |  |  max-parallelism=1 segment-costs=[10483]
|  |  |  11:SCAN HDFS [tpcds_partitioned_parquet_snap.date_dim, RANDOM]
|  |  |     HDFS partitions=1/1 files=1 size=2.17MB
|  |  |     predicates: tpcds_partitioned_parquet_snap.date_dim_0.d_year = CAST(2001 AS INT)
|  |  |     stored statistics:
|  |  |       table: rows=73.05K size=2.17MB
|  |  |       columns: all
|  |  |     extrapolated-rows=disabled max-scan-range-rows=73.05K
|  |  |     parquet statistics predicates: tpcds_partitioned_parquet_snap.date_dim_0.d_year = CAST(2001 AS INT)
|  |  |     parquet dictionary predicates: tpcds_partitioned_parquet_snap.date_dim_0.d_year = CAST(2001 AS INT)
|  |  |     mem-estimate=16.00MB mem-reservation=512.00KB thread-reservation=0
|  |  |     tuple-ids=12 row-size=8B cardinality=373 cost=10467
|  |  |     in pipelines: 11(GETNEXT)
|  |  |
|  |  10:SCAN HDFS [tpcds_partitioned_parquet_snap.store_sales, RANDOM]
|  |     HDFS partitions=1824/1824 files=1824 size=389.90GB
|  |     runtime filters: RF013[min_max] -> tpcds_partitioned_parquet_snap.store_sales.ss_item_sk, RF012[bloom] -> tpcds_partitioned_parquet_snap.store_sales.ss_item_sk
|  |     stored statistics:
|  |       table: rows=8.64G size=389.90GB
|  |       partitions: 1824/1824 rows=8.64G
|  |       columns: all
|  |     extrapolated-rows=disabled max-scan-range-rows=390.22M
|  |     mem-estimate=16.00MB mem-reservation=8.00MB thread-reservation=0
|  |     tuple-ids=10 row-size=24B cardinality=861.52M(filtered from 8.64G) cost=2985961602
|  |     in pipelines: 10(GETNEXT)
|  |
|  60:EXCHANGE [HASH(tpcds_partitioned_parquet_snap.store_returns.sr_item_sk,tpcds_partitioned_parquet_snap.store_returns.sr_ticket_number)]
|  |  mem-estimate=12.81MB mem-reservation=0B thread-reservation=0
|  |  tuple-ids=8 row-size=20B cardinality=863.99M cost=175476091
|  |  in pipelines: 09(GETNEXT)
|  |
|  F05:PLAN FRAGMENT [RANDOM] hosts=10 instances=120
|  Per-Instance Resources: mem-estimate=27.25MB mem-reservation=512.00KB thread-reservation=1
|  max-parallelism=190 segment-costs=[1806773027]
|  09:SCAN HDFS [tpcds_partitioned_parquet_snap.store_returns, RANDOM]
|     HDFS partitions=2004/2004 files=2004 size=48.14GB
|     runtime filters: RF010[min_max] -> tpcds_partitioned_parquet_snap.store_returns.sr_item_sk, RF011[min_max] -> tpcds_partitioned_parquet_snap.store_returns.sr_ticket_number
|     stored statistics:
|       table: rows=863.99M size=48.14GB
|       partitions: 2004/2004 rows=863.99M
|       columns: all
|     extrapolated-rows=disabled max-scan-range-rows=30.09M
|     mem-estimate=16.00MB mem-reservation=512.00KB thread-reservation=0
|     tuple-ids=8 row-size=20B cardinality=863.99M cost=248828726
|     in pipelines: 09(GETNEXT)
|
08:HASH JOIN [RIGHT OUTER JOIN, PARTITIONED]
|  hash-table-id=13
|  hash predicates: tpcds_partitioned_parquet_snap.catalog_returns.cr_item_sk = tpcds_partitioned_parquet_snap.catalog_sales.cs_item_sk, tpcds_partitioned_parquet_snap.catalog_returns.cr_order_number = tpcds_partitioned_parquet_snap.catalog_sales.cs_order_number
|  fk/pk conjuncts: tpcds_partitioned_parquet_snap.catalog_returns.cr_item_sk = tpcds_partitioned_parquet_snap.catalog_sales.cs_item_sk, tpcds_partitioned_parquet_snap.catalog_returns.cr_order_number = tpcds_partitioned_parquet_snap.catalog_sales.cs_order_number
|  mem-estimate=0B mem-reservation=0B spill-buffer=2.00MB thread-reservation=0
|  tuple-ids=0N,2,4,6 row-size=90B cardinality=87.75M cost=126713435
|  in pipelines: 02(GETNEXT), 03(OPEN)
|
|--F54:PLAN FRAGMENT [RANDOM] hosts=10 instances=120
|  |  Per-Instance Resources: mem-estimate=98.15MB mem-reservation=51.00MB thread-reservation=1 runtime-filters-memory=17.00MB
|  |  max-parallelism=120 segment-costs=[132181075] cpu-comparison-result=240 [max(240 (self) vs 25 (sum children))]
|  JOIN BUILD
|  |  join-table-id=13 plan-id=14 cohort-id=01
|  |  build expressions: tpcds_partitioned_parquet_snap.catalog_sales.cs_item_sk, tpcds_partitioned_parquet_snap.catalog_sales.cs_order_number
|  |  runtime filters: RF000[bloom] <- tpcds_partitioned_parquet_snap.catalog_sales.cs_item_sk, RF001[bloom] <- tpcds_partitioned_parquet_snap.catalog_sales.cs_order_number, RF002[min_max] <- tpcds_partitioned_parquet_snap.catalog_sales.cs_item_sk, RF003[min_max] <- tpcds_partitioned_parquet_snap.catalog_sales.cs_order_number
|  |  mem-estimate=61.55MB mem-reservation=34.00MB spill-buffer=2.00MB thread-reservation=0 cost=87754289
|  |
|  57:EXCHANGE [HASH(tpcds_partitioned_parquet_snap.catalog_sales.cs_item_sk,tpcds_partitioned_parquet_snap.catalog_sales.cs_order_number)]
|  |  mem-estimate=19.60MB mem-reservation=0B thread-reservation=0
|  |  tuple-ids=2,4,6 row-size=70B cardinality=87.75M cost=44426786
|  |  in pipelines: 03(GETNEXT)
|  |
|  F01:PLAN FRAGMENT [RANDOM] hosts=10 instances=120
|  Per-Host Shared Resources: mem-estimate=1.00MB mem-reservation=1.00MB thread-reservation=0 runtime-filters-memory=1.00MB
|  Per-Instance Resources: mem-estimate=54.39MB mem-reservation=1.00MB thread-reservation=1
|  max-parallelism=250 segment-costs=[2420066051]
|  07:HASH JOIN [INNER JOIN, BROADCAST]
|  |  hash-table-id=14
|  |  hash predicates: tpcds_partitioned_parquet_snap.catalog_sales.cs_item_sk = tpcds_partitioned_parquet_snap.item.i_item_sk
|  |  fk/pk conjuncts: tpcds_partitioned_parquet_snap.catalog_sales.cs_item_sk = tpcds_partitioned_parquet_snap.item.i_item_sk
|  |  mem-estimate=0B mem-reservation=0B spill-buffer=256.00KB thread-reservation=0
|  |  tuple-ids=2,4,6 row-size=70B cardinality=87.75M cost=126394195
|  |  in pipelines: 03(GETNEXT), 06(OPEN)
|  |
|  |--F55:PLAN FRAGMENT [RANDOM] hosts=10 instances=10
|  |  |  Per-Instance Resources: mem-estimate=59.46MB mem-reservation=58.00MB thread-reservation=1 runtime-filters-memory=1.00MB
|  |  |  max-parallelism=10 segment-costs=[83645]
|  |  JOIN BUILD
|  |  |  join-table-id=14 plan-id=15 cohort-id=07
|  |  |  build expressions: tpcds_partitioned_parquet_snap.item.i_item_sk
|  |  |  runtime filters: RF004[bloom] <- tpcds_partitioned_parquet_snap.item.i_item_sk, RF005[min_max] <- tpcds_partitioned_parquet_snap.item.i_item_sk
|  |  |  mem-estimate=57.00MB mem-reservation=57.00MB spill-buffer=256.00KB thread-reservation=0 cost=35915
|  |  |
|  |  55:EXCHANGE [BROADCAST]
|  |  |  mem-estimate=1.46MB mem-reservation=0B thread-reservation=0
|  |  |  tuple-ids=6 row-size=38B cardinality=35.91K cost=47730
|  |  |  in pipelines: 06(GETNEXT)
|  |  |
|  |  F03:PLAN FRAGMENT [RANDOM] hosts=4 instances=4
|  |  Per-Instance Resources: mem-estimate=16.16MB mem-reservation=512.00KB thread-reservation=1
|  |  max-parallelism=4 segment-costs=[148858]
|  |  06:SCAN HDFS [tpcds_partitioned_parquet_snap.item, RANDOM]
|  |     HDFS partitions=1/1 files=1 size=33.54MB
|  |     predicates: tpcds_partitioned_parquet_snap.item.i_category = 'Sports'
|  |     stored statistics:
|  |       table: rows=360.00K size=33.54MB
|  |       columns: all
|  |     extrapolated-rows=disabled max-scan-range-rows=101.54K
|  |     parquet statistics predicates: tpcds_partitioned_parquet_snap.item.i_category = 'Sports'
|  |     parquet dictionary predicates: tpcds_partitioned_parquet_snap.item.i_category = 'Sports'
|  |     mem-estimate=16.00MB mem-reservation=512.00KB thread-reservation=0
|  |     tuple-ids=6 row-size=38B cardinality=35.91K cost=144407
|  |     in pipelines: 06(GETNEXT)
|  |
|  05:HASH JOIN [INNER JOIN, BROADCAST]
|  |  hash-table-id=15
|  |  hash predicates: tpcds_partitioned_parquet_snap.catalog_sales.cs_sold_date_sk = tpcds_partitioned_parquet_snap.date_dim.d_date_sk
|  |  fk/pk conjuncts: tpcds_partitioned_parquet_snap.catalog_sales.cs_sold_date_sk = tpcds_partitioned_parquet_snap.date_dim.d_date_sk
|  |  mem-estimate=0B mem-reservation=0B spill-buffer=64.00KB thread-reservation=0
|  |  tuple-ids=2,4 row-size=32B cardinality=430.77M(filtered from 880.06M) cost=269959914
|  |  in pipelines: 03(GETNEXT), 04(OPEN)
|  |
|  |--F56:PLAN FRAGMENT [RANDOM] hosts=10 instances=10
|  |  |  Per-Instance Resources: mem-estimate=23.27MB mem-reservation=23.25MB thread-reservation=1
|  |  |  max-parallelism=10 segment-costs=[863]
|  |  JOIN BUILD
|  |  |  join-table-id=15 plan-id=16 cohort-id=07
|  |  |  build expressions: tpcds_partitioned_parquet_snap.date_dim.d_date_sk
|  |  |  mem-estimate=23.25MB mem-reservation=23.25MB spill-buffer=64.00KB thread-reservation=0 cost=373
|  |  |
|  |  54:EXCHANGE [BROADCAST]
|  |  |  mem-estimate=16.00KB mem-reservation=0B thread-reservation=0
|  |  |  tuple-ids=4 row-size=8B cardinality=373 cost=490
|  |  |  in pipelines: 04(GETNEXT)
|  |  |
|  |  F02:PLAN FRAGMENT [RANDOM] hosts=1 instances=1
|  |  Per-Instance Resources: mem-estimate=16.05MB mem-reservation=512.00KB thread-reservation=1
|  |  max-parallelism=1 segment-costs=[10483]
|  |  04:SCAN HDFS [tpcds_partitioned_parquet_snap.date_dim, RANDOM]
|  |     HDFS partitions=1/1 files=1 size=2.17MB
|  |     predicates: tpcds_partitioned_parquet_snap.date_dim.d_year = CAST(2001 AS INT)
|  |     stored statistics:
|  |       table: rows=73.05K size=2.17MB
|  |       columns: all
|  |     extrapolated-rows=disabled max-scan-range-rows=73.05K
|  |     parquet statistics predicates: tpcds_partitioned_parquet_snap.date_dim.d_year = CAST(2001 AS INT)
|  |     parquet dictionary predicates: tpcds_partitioned_parquet_snap.date_dim.d_year = CAST(2001 AS INT)
|  |     mem-estimate=16.00MB mem-reservation=512.00KB thread-reservation=0
|  |     tuple-ids=4 row-size=8B cardinality=373 cost=10467
|  |     in pipelines: 04(GETNEXT)
|  |
|  03:SCAN HDFS [tpcds_partitioned_parquet_snap.catalog_sales, RANDOM]
|     HDFS partitions=1831/1831 files=1831 size=280.96GB
|     runtime filters: RF005[min_max] -> tpcds_partitioned_parquet_snap.catalog_sales.cs_item_sk, RF004[bloom] -> tpcds_partitioned_parquet_snap.catalog_sales.cs_item_sk
|     stored statistics:
|       table: rows=4.32G size=280.96GB
|       partitions: 1831/1831 rows=4.32G
|       columns: all
|     extrapolated-rows=disabled max-scan-range-rows=21.52M
|     mem-estimate=16.00MB mem-reservation=1.00MB thread-reservation=0
|     tuple-ids=2 row-size=24B cardinality=430.77M(filtered from 4.32G) cost=1493018949
|     in pipelines: 03(GETNEXT)
|
56:EXCHANGE [HASH(tpcds_partitioned_parquet_snap.catalog_returns.cr_item_sk,tpcds_partitioned_parquet_snap.catalog_returns.cr_order_number)]
|  mem-estimate=12.34MB mem-reservation=0B thread-reservation=0
|  tuple-ids=0 row-size=20B cardinality=432.02M cost=87742650
|  in pipelines: 02(GETNEXT)
|
F00:PLAN FRAGMENT [RANDOM] hosts=10 instances=100 (adjusted from 120)
Per-Host Shared Resources: mem-estimate=17.00MB mem-reservation=17.00MB thread-reservation=0 runtime-filters-memory=17.00MB
Per-Instance Resources: mem-estimate=27.25MB mem-reservation=32.00KB thread-reservation=1
max-parallelism=100 segment-costs=[903433931]
02:SCAN HDFS [tpcds_partitioned_parquet_snap.catalog_returns, RANDOM]
   HDFS partitions=2060/2060 files=2060 size=32.77GB
   runtime filters: RF002[min_max] -> tpcds_partitioned_parquet_snap.catalog_returns.cr_item_sk, RF003[min_max] -> tpcds_partitioned_parquet_snap.catalog_returns.cr_order_number, RF000[bloom] -> tpcds_partitioned_parquet_snap.catalog_returns.cr_item_sk, RF001[bloom] -> tpcds_partitioned_parquet_snap.catalog_returns.cr_order_number
   stored statistics:
     table: rows=432.02M size=32.77GB
     partitions: 2060/2060 rows=432.02M
     columns: all
   extrapolated-rows=disabled max-scan-range-rows=416.82K
   mem-estimate=16.00MB mem-reservation=32.00KB thread-reservation=0
   tuple-ids=0 row-size=20B cardinality=432.02M cost=124420893
   in pipelines: 02(GETNEXT)
---- PARALLELPLANS
Max Per-Host Resource Reservation: Memory=8.72GB Threads=319
Per-Host Resource Estimates: Memory=34.62GB
F40:PLAN FRAGMENT [UNPARTITIONED] hosts=1 instances=1
|  Per-Instance Resources: mem-estimate=4.78MB mem-reservation=4.00MB thread-reservation=1
|  max-parallelism=1 segment-costs=[1038] cpu-comparison-result=1440 [max(1 (self) vs 1440 (sum children))]
PLAN-ROOT SINK
|  output exprs: subtract(CAST(2001 AS INT), CAST(1 AS INT)), CAST(2001 AS INT), I_BRAND_ID, I_CLASS_ID, I_CATEGORY_ID, I_MANUFACT_ID, sum(SALES_CNT), sum(SALES_CNT), subtract(sum(SALES_CNT), sum(SALES_CNT)), subtract(sum(SALES_AMT), sum(SALES_AMT))
|  mem-estimate=4.00MB mem-reservation=4.00MB spill-buffer=2.00MB thread-reservation=0 cost=1000
|
90:MERGING-EXCHANGE [UNPARTITIONED]
|  order by: subtract(sum(SALES_CNT), sum(SALES_CNT)) ASC NULLS LAST, subtract(sum(SALES_AMT), sum(SALES_AMT)) ASC NULLS LAST
|  limit: 100
|  mem-estimate=797.50KB mem-reservation=0B thread-reservation=0
|  tuple-ids=58 row-size=64B cardinality=100 cost=38
|  in pipelines: 53(GETNEXT)
|
F19:PLAN FRAGMENT [HASH(I_BRAND_ID,I_CLASS_ID,I_CATEGORY_ID,I_MANUFACT_ID)] hosts=10 instances=120
Per-Instance Resources: mem-estimate=143.16MB mem-reservation=34.00MB thread-reservation=1
max-parallelism=510 segment-costs=[1930301193, 5031055712, 199] cpu-comparison-result=1440 [max(120 (self) vs 1440 (sum children))]
53:TOP-N [LIMIT=100]
|  order by: subtract(sum(SALES_CNT), sum(SALES_CNT)) ASC NULLS LAST, subtract(sum(SALES_AMT), sum(SALES_AMT)) ASC NULLS LAST
|  mem-estimate=6.25KB mem-reservation=0B thread-reservation=0
|  tuple-ids=58 row-size=64B cardinality=100 cost=4896254616
|  in pipelines: 53(GETNEXT), 71(OPEN)
|
52:HASH JOIN [INNER JOIN, PARTITIONED]
|  hash-table-id=00
|  hash predicates: I_BRAND_ID = I_BRAND_ID, I_CATEGORY_ID = I_CATEGORY_ID, I_CLASS_ID = I_CLASS_ID, I_MANUFACT_ID = I_MANUFACT_ID
|  fk/pk conjuncts: assumed fk/pk
|  other join predicates: divide(CAST(sum(SALES_CNT) AS DECIMAL(17,2)), CAST(sum(SALES_CNT) AS DECIMAL(17,2))) < CAST(0.9 AS DECIMAL(2,1))
|  mem-estimate=0B mem-reservation=0B spill-buffer=2.00MB thread-reservation=0
|  tuple-ids=28,57 row-size=80B cardinality=307.98M cost=134801096
|  in pipelines: 71(GETNEXT), 89(OPEN)
|
|--F41:PLAN FRAGMENT [HASH(I_BRAND_ID,I_CLASS_ID,I_CATEGORY_ID,I_MANUFACT_ID)] hosts=10 instances=120
|  |  Per-Instance Resources: mem-estimate=277.10MB mem-reservation=68.00MB thread-reservation=1
|  |  max-parallelism=510 segment-costs=[1930301193, 307976003] cpu-comparison-result=720 [max(120 (self) vs 720 (sum children))]
|  JOIN BUILD
|  |  join-table-id=00 plan-id=01 cohort-id=01
|  |  build expressions: I_BRAND_ID, I_CATEGORY_ID, I_CLASS_ID, I_MANUFACT_ID
|  |  mem-estimate=149.10MB mem-reservation=34.00MB spill-buffer=2.00MB thread-reservation=0 cost=307976003
|  |
|  89:AGGREGATE [FINALIZE]
|  |  output: sum:merge(SALES_CNT), sum:merge(SALES_AMT)
|  |  group by: I_BRAND_ID, I_CLASS_ID, I_CATEGORY_ID, I_MANUFACT_ID
|  |  mem-estimate=128.00MB mem-reservation=34.00MB spill-buffer=2.00MB thread-reservation=0
|  |  tuple-ids=57 row-size=40B cardinality=307.98M cost=1839417475
|  |  in pipelines: 89(GETNEXT), 87(OPEN)
|  |
|  88:EXCHANGE [HASH(I_BRAND_ID,I_CLASS_ID,I_CATEGORY_ID,I_MANUFACT_ID)]
|  |  mem-estimate=15.16MB mem-reservation=0B thread-reservation=0
|  |  tuple-ids=57 row-size=40B cardinality=307.98M cost=90883718
|  |  in pipelines: 87(GETNEXT)
|  |
|  F38:PLAN FRAGMENT [HASH(I_BRAND_ID,I_CLASS_ID,I_CATEGORY_ID,I_MANUFACT_ID,SALES_CNT,SALES_AMT)] hosts=10 instances=120
|  Per-Instance Resources: mem-estimate=276.62MB mem-reservation=68.00MB thread-reservation=1
|  max-parallelism=190 segment-costs=[1891742598, 1839417475, 952015420] cpu-comparison-result=720 [max(120 (self) vs 720 (sum children))]
|  51:AGGREGATE [STREAMING]
|  |  output: sum(SALES_CNT), sum(SALES_AMT)
|  |  group by: I_BRAND_ID, I_CLASS_ID, I_CATEGORY_ID, I_MANUFACT_ID
|  |  mem-estimate=128.00MB mem-reservation=34.00MB spill-buffer=2.00MB thread-reservation=0
|  |  tuple-ids=57 row-size=40B cardinality=307.98M cost=1839417475
|  |  in pipelines: 87(GETNEXT)
|  |
|  87:AGGREGATE [FINALIZE]
|  |  group by: I_BRAND_ID, I_CLASS_ID, I_CATEGORY_ID, I_MANUFACT_ID, SALES_CNT, SALES_AMT
|  |  mem-estimate=128.00MB mem-reservation=34.00MB spill-buffer=2.00MB thread-reservation=0
|  |  tuple-ids=56 row-size=28B cardinality=307.98M cost=1817859155
|  |  in pipelines: 87(GETNEXT), 81(OPEN), 43(OPEN)
|  |
|  86:EXCHANGE [HASH(I_BRAND_ID,I_CLASS_ID,I_CATEGORY_ID,I_MANUFACT_ID,SALES_CNT,SALES_AMT)]
|  |  mem-estimate=13.75MB mem-reservation=0B thread-reservation=0
|  |  tuple-ids=56 row-size=28B cardinality=307.98M cost=73883443
|  |  in pipelines: 81(GETNEXT), 43(GETNEXT)
|  |
|  F37:PLAN FRAGMENT [RANDOM] hosts=10 instances=120
|  Per-Instance Resources: mem-estimate=284.75MB mem-reservation=68.00MB thread-reservation=1
|  max-parallelism=120 segment-costs=[1621201806, 1930156062, 714011565] cpu-comparison-result=720 [max(170 (self) vs 720 (sum children))]
|  50:AGGREGATE [STREAMING]
|  |  group by: I_BRAND_ID, I_CLASS_ID, I_CATEGORY_ID, I_MANUFACT_ID, SALES_CNT, SALES_AMT
|  |  mem-estimate=128.00MB mem-reservation=34.00MB spill-buffer=2.00MB thread-reservation=0
|  |  tuple-ids=56 row-size=28B cardinality=307.98M cost=1817859155
|  |  in pipelines: 81(GETNEXT), 43(GETNEXT)
|  |
|  26:UNION
|  |  pass-through-operands: 81
|  |  mem-estimate=0B mem-reservation=0B thread-reservation=0
|  |  tuple-ids=55 row-size=28B cardinality=307.98M cost=5041285
|  |  in pipelines: 81(GETNEXT), 43(GETNEXT)
|  |
|  |--49:HASH JOIN [RIGHT OUTER JOIN, PARTITIONED]
|  |  |  hash-table-id=01
|  |  |  hash predicates: tpcds_partitioned_parquet_snap.web_returns_0.wr_item_sk = tpcds_partitioned_parquet_snap.web_sales_0.ws_item_sk, tpcds_partitioned_parquet_snap.web_returns_0.wr_order_number = tpcds_partitioned_parquet_snap.web_sales_0.ws_order_number
|  |  |  fk/pk conjuncts: tpcds_partitioned_parquet_snap.web_returns_0.wr_item_sk = tpcds_partitioned_parquet_snap.web_sales_0.ws_item_sk, tpcds_partitioned_parquet_snap.web_returns_0.wr_order_number = tpcds_partitioned_parquet_snap.web_sales_0.ws_order_number
|  |  |  mem-estimate=0B mem-reservation=0B spill-buffer=2.00MB thread-reservation=0
|  |  |  tuple-ids=47N,49,51,53 row-size=90B cardinality=44.04M cost=63385477
|  |  |  in pipelines: 43(GETNEXT), 44(OPEN)
|  |  |
|  |  |--F42:PLAN FRAGMENT [RANDOM] hosts=10 instances=120
|  |  |  |  Per-Instance Resources: mem-estimate=53.60MB mem-reservation=34.00MB thread-reservation=1
|  |  |  |  max-parallelism=120 segment-costs=[66341993] cpu-comparison-result=240 [max(240 (self) vs 25 (sum children))]
|  |  |  JOIN BUILD
|  |  |  |  join-table-id=01 plan-id=02 cohort-id=02
|  |  |  |  build expressions: tpcds_partitioned_parquet_snap.web_sales_0.ws_item_sk, tpcds_partitioned_parquet_snap.web_sales_0.ws_order_number
|  |  |  |  runtime filters: RF042[min_max] <- tpcds_partitioned_parquet_snap.web_sales_0.ws_item_sk, RF043[min_max] <- tpcds_partitioned_parquet_snap.web_sales_0.ws_order_number
|  |  |  |  mem-estimate=34.00MB mem-reservation=34.00MB spill-buffer=2.00MB thread-reservation=0 cost=44044085
|  |  |  |
|  |  |  85:EXCHANGE [HASH(tpcds_partitioned_parquet_snap.web_sales_0.ws_item_sk,tpcds_partitioned_parquet_snap.web_sales_0.ws_order_number)]
|  |  |  |  mem-estimate=19.60MB mem-reservation=0B thread-reservation=0
|  |  |  |  tuple-ids=49,51,53 row-size=70B cardinality=44.04M cost=22297908
|  |  |  |  in pipelines: 44(GETNEXT)
|  |  |  |
|  |  |  F33:PLAN FRAGMENT [RANDOM] hosts=10 instances=120
|  |  |  Per-Host Shared Resources: mem-estimate=1.00MB mem-reservation=1.00MB thread-reservation=0 runtime-filters-memory=1.00MB
|  |  |  Per-Instance Resources: mem-estimate=54.39MB mem-reservation=128.00KB thread-reservation=1
|  |  |  max-parallelism=130 segment-costs=[1211348030]
|  |  |  48:HASH JOIN [INNER JOIN, BROADCAST]
|  |  |  |  hash-table-id=02
|  |  |  |  hash predicates: tpcds_partitioned_parquet_snap.web_sales_0.ws_item_sk = tpcds_partitioned_parquet_snap.item_4.i_item_sk
|  |  |  |  fk/pk conjuncts: tpcds_partitioned_parquet_snap.web_sales_0.ws_item_sk = tpcds_partitioned_parquet_snap.item_4.i_item_sk
|  |  |  |  mem-estimate=0B mem-reservation=0B spill-buffer=256.00KB thread-reservation=0
|  |  |  |  tuple-ids=49,51,53 row-size=70B cardinality=44.04M cost=63225531
|  |  |  |  in pipelines: 44(GETNEXT), 47(OPEN)
|  |  |  |
|  |  |  |--F43:PLAN FRAGMENT [RANDOM] hosts=10 instances=10
|  |  |  |  |  Per-Instance Resources: mem-estimate=59.46MB mem-reservation=58.00MB thread-reservation=1 runtime-filters-memory=1.00MB
|  |  |  |  |  max-parallelism=10 segment-costs=[83645]
|  |  |  |  JOIN BUILD
|  |  |  |  |  join-table-id=02 plan-id=03 cohort-id=03
|  |  |  |  |  build expressions: tpcds_partitioned_parquet_snap.item_4.i_item_sk
|  |  |  |  |  runtime filters: RF044[bloom] <- tpcds_partitioned_parquet_snap.item_4.i_item_sk, RF045[min_max] <- tpcds_partitioned_parquet_snap.item_4.i_item_sk
|  |  |  |  |  mem-estimate=57.00MB mem-reservation=57.00MB spill-buffer=256.00KB thread-reservation=0 cost=35915
|  |  |  |  |
|  |  |  |  83:EXCHANGE [BROADCAST]
|  |  |  |  |  mem-estimate=1.46MB mem-reservation=0B thread-reservation=0
|  |  |  |  |  tuple-ids=53 row-size=38B cardinality=35.91K cost=47730
|  |  |  |  |  in pipelines: 47(GETNEXT)
|  |  |  |  |
|  |  |  |  F35:PLAN FRAGMENT [RANDOM] hosts=4 instances=4
|  |  |  |  Per-Instance Resources: mem-estimate=16.16MB mem-reservation=512.00KB thread-reservation=1
|  |  |  |  max-parallelism=4 segment-costs=[148858]
|  |  |  |  47:SCAN HDFS [tpcds_partitioned_parquet_snap.item, RANDOM]
|  |  |  |     HDFS partitions=1/1 files=1 size=33.54MB
|  |  |  |     predicates: tpcds_partitioned_parquet_snap.item_4.i_category = 'Sports'
|  |  |  |     stored statistics:
|  |  |  |       table: rows=360.00K size=33.54MB
|  |  |  |       columns: all
|  |  |  |     extrapolated-rows=disabled max-scan-range-rows=101.54K
|  |  |  |     parquet statistics predicates: tpcds_partitioned_parquet_snap.item_4.i_category = 'Sports'
|  |  |  |     parquet dictionary predicates: tpcds_partitioned_parquet_snap.item_4.i_category = 'Sports'
|  |  |  |     mem-estimate=16.00MB mem-reservation=512.00KB thread-reservation=0
|  |  |  |     tuple-ids=53 row-size=38B cardinality=35.91K cost=144407
|  |  |  |     in pipelines: 47(GETNEXT)
|  |  |  |
|  |  |  46:HASH JOIN [INNER JOIN, BROADCAST]
|  |  |  |  hash-table-id=03
|  |  |  |  hash predicates: tpcds_partitioned_parquet_snap.web_sales_0.ws_sold_date_sk = tpcds_partitioned_parquet_snap.date_dim_4.d_date_sk
|  |  |  |  fk/pk conjuncts: tpcds_partitioned_parquet_snap.web_sales_0.ws_sold_date_sk = tpcds_partitioned_parquet_snap.date_dim_4.d_date_sk
|  |  |  |  mem-estimate=0B mem-reservation=0B spill-buffer=64.00KB thread-reservation=0
|  |  |  |  tuple-ids=49,51 row-size=32B cardinality=215.38M(filtered from 441.70M) cost=135281503
|  |  |  |  in pipelines: 44(GETNEXT), 45(OPEN)
|  |  |  |
|  |  |  |--F44:PLAN FRAGMENT [RANDOM] hosts=10 instances=10
|  |  |  |  |  Per-Instance Resources: mem-estimate=23.27MB mem-reservation=23.25MB thread-reservation=1
|  |  |  |  |  max-parallelism=10 segment-costs=[863]
|  |  |  |  JOIN BUILD
|  |  |  |  |  join-table-id=03 plan-id=04 cohort-id=03
|  |  |  |  |  build expressions: tpcds_partitioned_parquet_snap.date_dim_4.d_date_sk
|  |  |  |  |  mem-estimate=23.25MB mem-reservation=23.25MB spill-buffer=64.00KB thread-reservation=0 cost=373
|  |  |  |  |
|  |  |  |  82:EXCHANGE [BROADCAST]
|  |  |  |  |  mem-estimate=16.00KB mem-reservation=0B thread-reservation=0
|  |  |  |  |  tuple-ids=51 row-size=8B cardinality=373 cost=490
|  |  |  |  |  in pipelines: 45(GETNEXT)
|  |  |  |  |
|  |  |  |  F34:PLAN FRAGMENT [RANDOM] hosts=1 instances=1
|  |  |  |  Per-Instance Resources: mem-estimate=16.05MB mem-reservation=512.00KB thread-reservation=1
|  |  |  |  max-parallelism=1 segment-costs=[10483]
|  |  |  |  45:SCAN HDFS [tpcds_partitioned_parquet_snap.date_dim, RANDOM]
|  |  |  |     HDFS partitions=1/1 files=1 size=2.17MB
|  |  |  |     predicates: tpcds_partitioned_parquet_snap.date_dim_4.d_year = subtract(CAST(2001 AS INT), CAST(1 AS INT))
|  |  |  |     stored statistics:
|  |  |  |       table: rows=73.05K size=2.17MB
|  |  |  |       columns: all
|  |  |  |     extrapolated-rows=disabled max-scan-range-rows=73.05K
|  |  |  |     parquet statistics predicates: tpcds_partitioned_parquet_snap.date_dim_4.d_year = subtract(CAST(2001 AS INT), CAST(1 AS INT))
|  |  |  |     parquet dictionary predicates: tpcds_partitioned_parquet_snap.date_dim_4.d_year = subtract(CAST(2001 AS INT), CAST(1 AS INT))
|  |  |  |     mem-estimate=16.00MB mem-reservation=512.00KB thread-reservation=0
|  |  |  |     tuple-ids=51 row-size=8B cardinality=373 cost=10467
|  |  |  |     in pipelines: 45(GETNEXT)
|  |  |  |
|  |  |  44:SCAN HDFS [tpcds_partitioned_parquet_snap.web_sales, RANDOM]
|  |  |     HDFS partitions=1824/1824 files=1824 size=145.75GB
|  |  |     runtime filters: RF045[min_max] -> tpcds_partitioned_parquet_snap.web_sales_0.ws_item_sk, RF044[bloom] -> tpcds_partitioned_parquet_snap.web_sales_0.ws_item_sk
|  |  |     stored statistics:
|  |  |       table: rows=2.16G size=145.75GB
|  |  |       partitions: 1824/1824 rows=2.16G
|  |  |       columns: all
|  |  |     extrapolated-rows=disabled max-scan-range-rows=3.37M
|  |  |     mem-estimate=16.00MB mem-reservation=128.00KB thread-reservation=0
|  |  |     tuple-ids=49 row-size=24B cardinality=215.38M(filtered from 2.16G) cost=746484929
|  |  |     in pipelines: 44(GETNEXT)
|  |  |
|  |  84:EXCHANGE [HASH(tpcds_partitioned_parquet_snap.web_returns_0.wr_item_sk,tpcds_partitioned_parquet_snap.web_returns_0.wr_order_number)]
|  |  |  mem-estimate=11.17MB mem-reservation=0B thread-reservation=0
|  |  |  tuple-ids=47 row-size=20B cardinality=216.00M cost=43870145
|  |  |  in pipelines: 43(GETNEXT)
|  |  |
|  |  F32:PLAN FRAGMENT [RANDOM] hosts=10 instances=50 (adjusted from 120)
|  |  Per-Instance Resources: mem-estimate=27.25MB mem-reservation=256.00KB thread-reservation=1
|  |  max-parallelism=50 segment-costs=[451704816]
|  |  43:SCAN HDFS [tpcds_partitioned_parquet_snap.web_returns, RANDOM]
|  |     HDFS partitions=2114/2114 files=2114 size=16.74GB
|  |     runtime filters: RF042[min_max] -> tpcds_partitioned_parquet_snap.web_returns_0.wr_item_sk, RF043[min_max] -> tpcds_partitioned_parquet_snap.web_returns_0.wr_order_number
|  |     stored statistics:
|  |       table: rows=216.00M size=16.74GB
|  |       partitions: 2114/2114 rows=216.00M
|  |       columns: all
|  |     extrapolated-rows=disabled max-scan-range-rows=9.41M
|  |     mem-estimate=16.00MB mem-reservation=256.00KB thread-reservation=0
|  |     tuple-ids=47 row-size=20B cardinality=216.00M cost=62208773
|  |     in pipelines: 43(GETNEXT)
|  |
|  81:AGGREGATE [FINALIZE]
|  |  group by: I_BRAND_ID, I_CLASS_ID, I_CATEGORY_ID, I_MANUFACT_ID, SALES_CNT, SALES_AMT
|  |  mem-estimate=128.00MB mem-reservation=34.00MB spill-buffer=2.00MB thread-reservation=0
|  |  tuple-ids=46 row-size=28B cardinality=263.93M cost=1557884539
|  |  in pipelines: 81(GETNEXT), 28(OPEN), 35(OPEN)
|  |
|  80:EXCHANGE [HASH(I_BRAND_ID,I_CLASS_ID,I_CATEGORY_ID,I_MANUFACT_ID,SALES_CNT,SALES_AMT)]
|  |  mem-estimate=13.75MB mem-reservation=0B thread-reservation=0
|  |  tuple-ids=46 row-size=28B cardinality=263.93M cost=63317267
|  |  in pipelines: 28(GETNEXT), 35(GETNEXT)
|  |
|  F30:PLAN FRAGMENT [RANDOM] hosts=10 instances=120
|  Per-Instance Resources: mem-estimate=155.81MB mem-reservation=34.00MB thread-reservation=1
|  max-parallelism=120 segment-costs=[2231562832, 611899758] cpu-comparison-result=480 [max(340 (self) vs 480 (sum children))]
|  42:AGGREGATE [STREAMING]
|  |  group by: I_BRAND_ID, I_CLASS_ID, I_CATEGORY_ID, I_MANUFACT_ID, SALES_CNT, SALES_AMT
|  |  mem-estimate=128.00MB mem-reservation=34.00MB spill-buffer=2.00MB thread-reservation=0
|  |  tuple-ids=46 row-size=28B cardinality=263.93M cost=1557884539
|  |  in pipelines: 28(GETNEXT), 35(GETNEXT)
|  |
|  27:UNION
|  |  mem-estimate=0B mem-reservation=0B thread-reservation=0
|  |  tuple-ids=45 row-size=28B cardinality=263.93M cost=30209647
|  |  in pipelines: 28(GETNEXT), 35(GETNEXT)
|  |
|  |--41:HASH JOIN [RIGHT OUTER JOIN, PARTITIONED]
|  |  |  hash-table-id=07
|  |  |  hash predicates: tpcds_partitioned_parquet_snap.store_returns_0.sr_item_sk = tpcds_partitioned_parquet_snap.store_sales_0.ss_item_sk, tpcds_partitioned_parquet_snap.store_returns_0.sr_ticket_number = tpcds_partitioned_parquet_snap.store_sales_0.ss_ticket_number
|  |  |  fk/pk conjuncts: tpcds_partitioned_parquet_snap.store_returns_0.sr_item_sk = tpcds_partitioned_parquet_snap.store_sales_0.ss_item_sk, tpcds_partitioned_parquet_snap.store_returns_0.sr_ticket_number = tpcds_partitioned_parquet_snap.store_sales_0.ss_ticket_number
|  |  |  mem-estimate=0B mem-reservation=0B spill-buffer=2.00MB thread-reservation=0
|  |  |  tuple-ids=37N,39,41,43 row-size=90B cardinality=176.18M cost=253536470
|  |  |  in pipelines: 35(GETNEXT), 36(OPEN)
|  |  |
|  |  |--F48:PLAN FRAGMENT [RANDOM] hosts=10 instances=120
|  |  |  |  Per-Instance Resources: mem-estimate=143.07MB mem-reservation=34.00MB thread-reservation=1
|  |  |  |  max-parallelism=120 segment-costs=[265369917] cpu-comparison-result=240 [max(240 (self) vs 25 (sum children))]
|  |  |  JOIN BUILD
|  |  |  |  join-table-id=07 plan-id=08 cohort-id=02
|  |  |  |  build expressions: tpcds_partitioned_parquet_snap.store_sales_0.ss_item_sk, tpcds_partitioned_parquet_snap.store_sales_0.ss_ticket_number
|  |  |  |  runtime filters: RF034[min_max] <- tpcds_partitioned_parquet_snap.store_sales_0.ss_item_sk, RF035[min_max] <- tpcds_partitioned_parquet_snap.store_sales_0.ss_ticket_number
|  |  |  |  mem-estimate=123.48MB mem-reservation=34.00MB spill-buffer=2.00MB thread-reservation=0 cost=176177629
|  |  |  |
|  |  |  79:EXCHANGE [HASH(tpcds_partitioned_parquet_snap.store_sales_0.ss_item_sk,tpcds_partitioned_parquet_snap.store_sales_0.ss_ticket_number)]
|  |  |  |  mem-estimate=19.60MB mem-reservation=0B thread-reservation=0
|  |  |  |  tuple-ids=39,41,43 row-size=70B cardinality=176.18M cost=89192288
|  |  |  |  in pipelines: 36(GETNEXT)
|  |  |  |
|  |  |  F26:PLAN FRAGMENT [RANDOM] hosts=10 instances=120
|  |  |  Per-Host Shared Resources: mem-estimate=1.00MB mem-reservation=1.00MB thread-reservation=0 runtime-filters-memory=1.00MB
|  |  |  Per-Instance Resources: mem-estimate=54.39MB mem-reservation=8.00MB thread-reservation=1
|  |  |  max-parallelism=490 segment-costs=[4845427623]
|  |  |  40:HASH JOIN [INNER JOIN, BROADCAST]
|  |  |  |  hash-table-id=08
|  |  |  |  hash predicates: tpcds_partitioned_parquet_snap.store_sales_0.ss_item_sk = tpcds_partitioned_parquet_snap.item_3.i_item_sk
|  |  |  |  fk/pk conjuncts: tpcds_partitioned_parquet_snap.store_sales_0.ss_item_sk = tpcds_partitioned_parquet_snap.item_3.i_item_sk
|  |  |  |  mem-estimate=0B mem-reservation=0B spill-buffer=256.00KB thread-reservation=0
|  |  |  |  tuple-ids=39,41,43 row-size=70B cardinality=176.18M cost=252903977
|  |  |  |  in pipelines: 36(GETNEXT), 39(OPEN)
|  |  |  |
|  |  |  |--F49:PLAN FRAGMENT [RANDOM] hosts=10 instances=10
|  |  |  |  |  Per-Instance Resources: mem-estimate=59.46MB mem-reservation=58.00MB thread-reservation=1 runtime-filters-memory=1.00MB
|  |  |  |  |  max-parallelism=10 segment-costs=[83645]
|  |  |  |  JOIN BUILD
|  |  |  |  |  join-table-id=08 plan-id=09 cohort-id=05
|  |  |  |  |  build expressions: tpcds_partitioned_parquet_snap.item_3.i_item_sk
|  |  |  |  |  runtime filters: RF036[bloom] <- tpcds_partitioned_parquet_snap.item_3.i_item_sk, RF037[min_max] <- tpcds_partitioned_parquet_snap.item_3.i_item_sk
|  |  |  |  |  mem-estimate=57.00MB mem-reservation=57.00MB spill-buffer=256.00KB thread-reservation=0 cost=35915
|  |  |  |  |
|  |  |  |  77:EXCHANGE [BROADCAST]
|  |  |  |  |  mem-estimate=1.46MB mem-reservation=0B thread-reservation=0
|  |  |  |  |  tuple-ids=43 row-size=38B cardinality=35.91K cost=47730
|  |  |  |  |  in pipelines: 39(GETNEXT)
|  |  |  |  |
|  |  |  |  F28:PLAN FRAGMENT [RANDOM] hosts=4 instances=4
|  |  |  |  Per-Instance Resources: mem-estimate=16.16MB mem-reservation=512.00KB thread-reservation=1
|  |  |  |  max-parallelism=4 segment-costs=[148858]
|  |  |  |  39:SCAN HDFS [tpcds_partitioned_parquet_snap.item, RANDOM]
|  |  |  |     HDFS partitions=1/1 files=1 size=33.54MB
|  |  |  |     predicates: tpcds_partitioned_parquet_snap.item_3.i_category = 'Sports'
|  |  |  |     stored statistics:
|  |  |  |       table: rows=360.00K size=33.54MB
|  |  |  |       columns: all
|  |  |  |     extrapolated-rows=disabled max-scan-range-rows=101.54K
|  |  |  |     parquet statistics predicates: tpcds_partitioned_parquet_snap.item_3.i_category = 'Sports'
|  |  |  |     parquet dictionary predicates: tpcds_partitioned_parquet_snap.item_3.i_category = 'Sports'
|  |  |  |     mem-estimate=16.00MB mem-reservation=512.00KB thread-reservation=0
|  |  |  |     tuple-ids=43 row-size=38B cardinality=35.91K cost=144407
|  |  |  |     in pipelines: 39(GETNEXT)
|  |  |  |
|  |  |  38:HASH JOIN [INNER JOIN, BROADCAST]
|  |  |  |  hash-table-id=09
|  |  |  |  hash predicates: tpcds_partitioned_parquet_snap.store_sales_0.ss_sold_date_sk = tpcds_partitioned_parquet_snap.date_dim_3.d_date_sk
|  |  |  |  fk/pk conjuncts: tpcds_partitioned_parquet_snap.store_sales_0.ss_sold_date_sk = tpcds_partitioned_parquet_snap.date_dim_3.d_date_sk
|  |  |  |  mem-estimate=0B mem-reservation=0B spill-buffer=64.00KB thread-reservation=0
|  |  |  |  tuple-ids=39,41 row-size=32B cardinality=861.52M(filtered from 1.77G) cost=541129979
|  |  |  |  in pipelines: 36(GETNEXT), 37(OPEN)
|  |  |  |
|  |  |  |--F50:PLAN FRAGMENT [RANDOM] hosts=10 instances=10
|  |  |  |  |  Per-Instance Resources: mem-estimate=23.27MB mem-reservation=23.25MB thread-reservation=1
|  |  |  |  |  max-parallelism=10 segment-costs=[863]
|  |  |  |  JOIN BUILD
|  |  |  |  |  join-table-id=09 plan-id=10 cohort-id=05
|  |  |  |  |  build expressions: tpcds_partitioned_parquet_snap.date_dim_3.d_date_sk
|  |  |  |  |  mem-estimate=23.25MB mem-reservation=23.25MB spill-buffer=64.00KB thread-reservation=0 cost=373
|  |  |  |  |
|  |  |  |  76:EXCHANGE [BROADCAST]
|  |  |  |  |  mem-estimate=16.00KB mem-reservation=0B thread-reservation=0
|  |  |  |  |  tuple-ids=41 row-size=8B cardinality=373 cost=490
|  |  |  |  |  in pipelines: 37(GETNEXT)
|  |  |  |  |
|  |  |  |  F27:PLAN FRAGMENT [RANDOM] hosts=1 instances=1
|  |  |  |  Per-Instance Resources: mem-estimate=16.05MB mem-reservation=512.00KB thread-reservation=1
|  |  |  |  max-parallelism=1 segment-costs=[10483]
|  |  |  |  37:SCAN HDFS [tpcds_partitioned_parquet_snap.date_dim, RANDOM]
|  |  |  |     HDFS partitions=1/1 files=1 size=2.17MB
|  |  |  |     predicates: tpcds_partitioned_parquet_snap.date_dim_3.d_year = subtract(CAST(2001 AS INT), CAST(1 AS INT))
|  |  |  |     stored statistics:
|  |  |  |       table: rows=73.05K size=2.17MB
|  |  |  |       columns: all
|  |  |  |     extrapolated-rows=disabled max-scan-range-rows=73.05K
|  |  |  |     parquet statistics predicates: tpcds_partitioned_parquet_snap.date_dim_3.d_year = subtract(CAST(2001 AS INT), CAST(1 AS INT))
|  |  |  |     parquet dictionary predicates: tpcds_partitioned_parquet_snap.date_dim_3.d_year = subtract(CAST(2001 AS INT), CAST(1 AS INT))
|  |  |  |     mem-estimate=16.00MB mem-reservation=512.00KB thread-reservation=0
|  |  |  |     tuple-ids=41 row-size=8B cardinality=373 cost=10467
|  |  |  |     in pipelines: 37(GETNEXT)
|  |  |  |
|  |  |  36:SCAN HDFS [tpcds_partitioned_parquet_snap.store_sales, RANDOM]
|  |  |     HDFS partitions=1824/1824 files=1824 size=389.90GB
|  |  |     runtime filters: RF037[min_max] -> tpcds_partitioned_parquet_snap.store_sales_0.ss_item_sk, RF036[bloom] -> tpcds_partitioned_parquet_snap.store_sales_0.ss_item_sk
|  |  |     stored statistics:
|  |  |       table: rows=8.64G size=389.90GB
|  |  |       partitions: 1824/1824 rows=8.64G
|  |  |       columns: all
|  |  |     extrapolated-rows=disabled max-scan-range-rows=390.22M
|  |  |     mem-estimate=16.00MB mem-reservation=8.00MB thread-reservation=0
|  |  |     tuple-ids=39 row-size=24B cardinality=861.52M(filtered from 8.64G) cost=2985961602
|  |  |     in pipelines: 36(GETNEXT)
|  |  |
|  |  78:EXCHANGE [HASH(tpcds_partitioned_parquet_snap.store_returns_0.sr_item_sk,tpcds_partitioned_parquet_snap.store_returns_0.sr_ticket_number)]
|  |  |  mem-estimate=12.81MB mem-reservation=0B thread-reservation=0
|  |  |  tuple-ids=37 row-size=20B cardinality=863.99M cost=175476091
|  |  |  in pipelines: 35(GETNEXT)
|  |  |
|  |  F25:PLAN FRAGMENT [RANDOM] hosts=10 instances=120
|  |  Per-Instance Resources: mem-estimate=27.25MB mem-reservation=512.00KB thread-reservation=1
|  |  max-parallelism=190 segment-costs=[1806773027]
|  |  35:SCAN HDFS [tpcds_partitioned_parquet_snap.store_returns, RANDOM]
|  |     HDFS partitions=2004/2004 files=2004 size=48.14GB
|  |     runtime filters: RF034[min_max] -> tpcds_partitioned_parquet_snap.store_returns_0.sr_item_sk, RF035[min_max] -> tpcds_partitioned_parquet_snap.store_returns_0.sr_ticket_number
|  |     stored statistics:
|  |       table: rows=863.99M size=48.14GB
|  |       partitions: 2004/2004 rows=863.99M
|  |       columns: all
|  |     extrapolated-rows=disabled max-scan-range-rows=30.09M
|  |     mem-estimate=16.00MB mem-reservation=512.00KB thread-reservation=0
|  |     tuple-ids=37 row-size=20B cardinality=863.99M cost=248828726
|  |     in pipelines: 35(GETNEXT)
|  |
|  34:HASH JOIN [RIGHT OUTER JOIN, PARTITIONED]
|  |  hash-table-id=04
|  |  hash predicates: tpcds_partitioned_parquet_snap.catalog_returns_0.cr_item_sk = tpcds_partitioned_parquet_snap.catalog_sales_0.cs_item_sk, tpcds_partitioned_parquet_snap.catalog_returns_0.cr_order_number = tpcds_partitioned_parquet_snap.catalog_sales_0.cs_order_number
|  |  fk/pk conjuncts: tpcds_partitioned_parquet_snap.catalog_returns_0.cr_item_sk = tpcds_partitioned_parquet_snap.catalog_sales_0.cs_item_sk, tpcds_partitioned_parquet_snap.catalog_returns_0.cr_order_number = tpcds_partitioned_parquet_snap.catalog_sales_0.cs_order_number
|  |  mem-estimate=0B mem-reservation=0B spill-buffer=2.00MB thread-reservation=0
|  |  tuple-ids=29N,31,33,35 row-size=90B cardinality=87.75M cost=126713435
|  |  in pipelines: 28(GETNEXT), 29(OPEN)
|  |
|  |--F45:PLAN FRAGMENT [RANDOM] hosts=10 instances=120
|  |  |  Per-Instance Resources: mem-estimate=98.15MB mem-reservation=51.00MB thread-reservation=1 runtime-filters-memory=17.00MB
|  |  |  max-parallelism=120 segment-costs=[132181075] cpu-comparison-result=240 [max(240 (self) vs 25 (sum children))]
|  |  JOIN BUILD
|  |  |  join-table-id=04 plan-id=05 cohort-id=02
|  |  |  build expressions: tpcds_partitioned_parquet_snap.catalog_sales_0.cs_item_sk, tpcds_partitioned_parquet_snap.catalog_sales_0.cs_order_number
|  |  |  runtime filters: RF024[bloom] <- tpcds_partitioned_parquet_snap.catalog_sales_0.cs_item_sk, RF025[bloom] <- tpcds_partitioned_parquet_snap.catalog_sales_0.cs_order_number, RF026[min_max] <- tpcds_partitioned_parquet_snap.catalog_sales_0.cs_item_sk, RF027[min_max] <- tpcds_partitioned_parquet_snap.catalog_sales_0.cs_order_number
|  |  |  mem-estimate=61.55MB mem-reservation=34.00MB spill-buffer=2.00MB thread-reservation=0 cost=87754289
|  |  |
|  |  75:EXCHANGE [HASH(tpcds_partitioned_parquet_snap.catalog_sales_0.cs_item_sk,tpcds_partitioned_parquet_snap.catalog_sales_0.cs_order_number)]
|  |  |  mem-estimate=19.60MB mem-reservation=0B thread-reservation=0
|  |  |  tuple-ids=31,33,35 row-size=70B cardinality=87.75M cost=44426786
|  |  |  in pipelines: 29(GETNEXT)
|  |  |
|  |  F21:PLAN FRAGMENT [RANDOM] hosts=10 instances=120
|  |  Per-Host Shared Resources: mem-estimate=1.00MB mem-reservation=1.00MB thread-reservation=0 runtime-filters-memory=1.00MB
|  |  Per-Instance Resources: mem-estimate=54.39MB mem-reservation=1.00MB thread-reservation=1
|  |  max-parallelism=250 segment-costs=[2420066051]
|  |  33:HASH JOIN [INNER JOIN, BROADCAST]
|  |  |  hash-table-id=05
|  |  |  hash predicates: tpcds_partitioned_parquet_snap.catalog_sales_0.cs_item_sk = tpcds_partitioned_parquet_snap.item_2.i_item_sk
|  |  |  fk/pk conjuncts: tpcds_partitioned_parquet_snap.catalog_sales_0.cs_item_sk = tpcds_partitioned_parquet_snap.item_2.i_item_sk
|  |  |  mem-estimate=0B mem-reservation=0B spill-buffer=256.00KB thread-reservation=0
|  |  |  tuple-ids=31,33,35 row-size=70B cardinality=87.75M cost=126394195
|  |  |  in pipelines: 29(GETNEXT), 32(OPEN)
|  |  |
|  |  |--F46:PLAN FRAGMENT [RANDOM] hosts=10 instances=10
|  |  |  |  Per-Instance Resources: mem-estimate=59.46MB mem-reservation=58.00MB thread-reservation=1 runtime-filters-memory=1.00MB
|  |  |  |  max-parallelism=10 segment-costs=[83645]
|  |  |  JOIN BUILD
|  |  |  |  join-table-id=05 plan-id=06 cohort-id=04
|  |  |  |  build expressions: tpcds_partitioned_parquet_snap.item_2.i_item_sk
|  |  |  |  runtime filters: RF028[bloom] <- tpcds_partitioned_parquet_snap.item_2.i_item_sk, RF029[min_max] <- tpcds_partitioned_parquet_snap.item_2.i_item_sk
|  |  |  |  mem-estimate=57.00MB mem-reservation=57.00MB spill-buffer=256.00KB thread-reservation=0 cost=35915
|  |  |  |
|  |  |  73:EXCHANGE [BROADCAST]
|  |  |  |  mem-estimate=1.46MB mem-reservation=0B thread-reservation=0
|  |  |  |  tuple-ids=35 row-size=38B cardinality=35.91K cost=47730
|  |  |  |  in pipelines: 32(GETNEXT)
|  |  |  |
|  |  |  F23:PLAN FRAGMENT [RANDOM] hosts=4 instances=4
|  |  |  Per-Instance Resources: mem-estimate=16.16MB mem-reservation=512.00KB thread-reservation=1
|  |  |  max-parallelism=4 segment-costs=[148858]
|  |  |  32:SCAN HDFS [tpcds_partitioned_parquet_snap.item, RANDOM]
|  |  |     HDFS partitions=1/1 files=1 size=33.54MB
|  |  |     predicates: tpcds_partitioned_parquet_snap.item_2.i_category = 'Sports'
|  |  |     stored statistics:
|  |  |       table: rows=360.00K size=33.54MB
|  |  |       columns: all
|  |  |     extrapolated-rows=disabled max-scan-range-rows=101.54K
|  |  |     parquet statistics predicates: tpcds_partitioned_parquet_snap.item_2.i_category = 'Sports'
|  |  |     parquet dictionary predicates: tpcds_partitioned_parquet_snap.item_2.i_category = 'Sports'
|  |  |     mem-estimate=16.00MB mem-reservation=512.00KB thread-reservation=0
|  |  |     tuple-ids=35 row-size=38B cardinality=35.91K cost=144407
|  |  |     in pipelines: 32(GETNEXT)
|  |  |
|  |  31:HASH JOIN [INNER JOIN, BROADCAST]
|  |  |  hash-table-id=06
|  |  |  hash predicates: tpcds_partitioned_parquet_snap.catalog_sales_0.cs_sold_date_sk = tpcds_partitioned_parquet_snap.date_dim_2.d_date_sk
|  |  |  fk/pk conjuncts: tpcds_partitioned_parquet_snap.catalog_sales_0.cs_sold_date_sk = tpcds_partitioned_parquet_snap.date_dim_2.d_date_sk
|  |  |  mem-estimate=0B mem-reservation=0B spill-buffer=64.00KB thread-reservation=0
|  |  |  tuple-ids=31,33 row-size=32B cardinality=430.77M(filtered from 880.06M) cost=269959914
|  |  |  in pipelines: 29(GETNEXT), 30(OPEN)
|  |  |
|  |  |--F47:PLAN FRAGMENT [RANDOM] hosts=10 instances=10
|  |  |  |  Per-Instance Resources: mem-estimate=23.27MB mem-reservation=23.25MB thread-reservation=1
|  |  |  |  max-parallelism=10 segment-costs=[863]
|  |  |  JOIN BUILD
|  |  |  |  join-table-id=06 plan-id=07 cohort-id=04
|  |  |  |  build expressions: tpcds_partitioned_parquet_snap.date_dim_2.d_date_sk
|  |  |  |  mem-estimate=23.25MB mem-reservation=23.25MB spill-buffer=64.00KB thread-reservation=0 cost=373
|  |  |  |
|  |  |  72:EXCHANGE [BROADCAST]
|  |  |  |  mem-estimate=16.00KB mem-reservation=0B thread-reservation=0
|  |  |  |  tuple-ids=33 row-size=8B cardinality=373 cost=490
|  |  |  |  in pipelines: 30(GETNEXT)
|  |  |  |
|  |  |  F22:PLAN FRAGMENT [RANDOM] hosts=1 instances=1
|  |  |  Per-Instance Resources: mem-estimate=16.05MB mem-reservation=512.00KB thread-reservation=1
|  |  |  max-parallelism=1 segment-costs=[10483]
|  |  |  30:SCAN HDFS [tpcds_partitioned_parquet_snap.date_dim, RANDOM]
|  |  |     HDFS partitions=1/1 files=1 size=2.17MB
|  |  |     predicates: tpcds_partitioned_parquet_snap.date_dim_2.d_year = subtract(CAST(2001 AS INT), CAST(1 AS INT))
|  |  |     stored statistics:
|  |  |       table: rows=73.05K size=2.17MB
|  |  |       columns: all
|  |  |     extrapolated-rows=disabled max-scan-range-rows=73.05K
|  |  |     parquet statistics predicates: tpcds_partitioned_parquet_snap.date_dim_2.d_year = subtract(CAST(2001 AS INT), CAST(1 AS INT))
|  |  |     parquet dictionary predicates: tpcds_partitioned_parquet_snap.date_dim_2.d_year = subtract(CAST(2001 AS INT), CAST(1 AS INT))
|  |  |     mem-estimate=16.00MB mem-reservation=512.00KB thread-reservation=0
|  |  |     tuple-ids=33 row-size=8B cardinality=373 cost=10467
|  |  |     in pipelines: 30(GETNEXT)
|  |  |
|  |  29:SCAN HDFS [tpcds_partitioned_parquet_snap.catalog_sales, RANDOM]
|  |     HDFS partitions=1831/1831 files=1831 size=280.96GB
|  |     runtime filters: RF029[min_max] -> tpcds_partitioned_parquet_snap.catalog_sales_0.cs_item_sk, RF028[bloom] -> tpcds_partitioned_parquet_snap.catalog_sales_0.cs_item_sk
|  |     stored statistics:
|  |       table: rows=4.32G size=280.96GB
|  |       partitions: 1831/1831 rows=4.32G
|  |       columns: all
|  |     extrapolated-rows=disabled max-scan-range-rows=21.52M
|  |     mem-estimate=16.00MB mem-reservation=1.00MB thread-reservation=0
|  |     tuple-ids=31 row-size=24B cardinality=430.77M(filtered from 4.32G) cost=1493018949
|  |     in pipelines: 29(GETNEXT)
|  |
|  74:EXCHANGE [HASH(tpcds_partitioned_parquet_snap.catalog_returns_0.cr_item_sk,tpcds_partitioned_parquet_snap.catalog_returns_0.cr_order_number)]
|  |  mem-estimate=12.34MB mem-reservation=0B thread-reservation=0
|  |  tuple-ids=29 row-size=20B cardinality=432.02M cost=87742650
|  |  in pipelines: 28(GETNEXT)
|  |
|  F20:PLAN FRAGMENT [RANDOM] hosts=10 instances=100 (adjusted from 120)
|  Per-Host Shared Resources: mem-estimate=17.00MB mem-reservation=17.00MB thread-reservation=0 runtime-filters-memory=17.00MB
|  Per-Instance Resources: mem-estimate=27.25MB mem-reservation=32.00KB thread-reservation=1
|  max-parallelism=100 segment-costs=[903433931]
|  28:SCAN HDFS [tpcds_partitioned_parquet_snap.catalog_returns, RANDOM]
|     HDFS partitions=2060/2060 files=2060 size=32.77GB
|     runtime filters: RF026[min_max] -> tpcds_partitioned_parquet_snap.catalog_returns_0.cr_item_sk, RF027[min_max] -> tpcds_partitioned_parquet_snap.catalog_returns_0.cr_order_number, RF024[bloom] -> tpcds_partitioned_parquet_snap.catalog_returns_0.cr_item_sk, RF025[bloom] -> tpcds_partitioned_parquet_snap.catalog_returns_0.cr_order_number
|     stored statistics:
|       table: rows=432.02M size=32.77GB
|       partitions: 2060/2060 rows=432.02M
|       columns: all
|     extrapolated-rows=disabled max-scan-range-rows=416.82K
|     mem-estimate=16.00MB mem-reservation=32.00KB thread-reservation=0
|     tuple-ids=29 row-size=20B cardinality=432.02M cost=124420893
|     in pipelines: 28(GETNEXT)
|
71:AGGREGATE [FINALIZE]
|  output: sum:merge(SALES_CNT), sum:merge(SALES_AMT)
|  group by: I_BRAND_ID, I_CLASS_ID, I_CATEGORY_ID, I_MANUFACT_ID
|  mem-estimate=128.00MB mem-reservation=34.00MB spill-buffer=2.00MB thread-reservation=0
|  tuple-ids=28 row-size=40B cardinality=307.98M cost=1839417475
|  in pipelines: 71(GETNEXT), 69(OPEN)
|
70:EXCHANGE [HASH(I_BRAND_ID,I_CLASS_ID,I_CATEGORY_ID,I_MANUFACT_ID)]
|  mem-estimate=15.16MB mem-reservation=0B thread-reservation=0
|  tuple-ids=28 row-size=40B cardinality=307.98M cost=90883718
|  in pipelines: 69(GETNEXT)
|
F18:PLAN FRAGMENT [HASH(I_BRAND_ID,I_CLASS_ID,I_CATEGORY_ID,I_MANUFACT_ID,SALES_CNT,SALES_AMT)] hosts=10 instances=120
Per-Instance Resources: mem-estimate=276.62MB mem-reservation=68.00MB thread-reservation=1
max-parallelism=190 segment-costs=[1891742598, 1839417475, 952015420] cpu-comparison-result=720 [max(120 (self) vs 720 (sum children))]
25:AGGREGATE [STREAMING]
|  output: sum(SALES_CNT), sum(SALES_AMT)
|  group by: I_BRAND_ID, I_CLASS_ID, I_CATEGORY_ID, I_MANUFACT_ID
|  mem-estimate=128.00MB mem-reservation=34.00MB spill-buffer=2.00MB thread-reservation=0
|  tuple-ids=28 row-size=40B cardinality=307.98M cost=1839417475
|  in pipelines: 69(GETNEXT)
|
69:AGGREGATE [FINALIZE]
|  group by: I_BRAND_ID, I_CLASS_ID, I_CATEGORY_ID, I_MANUFACT_ID, SALES_CNT, SALES_AMT
|  mem-estimate=128.00MB mem-reservation=34.00MB spill-buffer=2.00MB thread-reservation=0
|  tuple-ids=27 row-size=28B cardinality=307.98M cost=1817859155
|  in pipelines: 69(GETNEXT), 63(OPEN), 17(OPEN)
|
68:EXCHANGE [HASH(I_BRAND_ID,I_CLASS_ID,I_CATEGORY_ID,I_MANUFACT_ID,SALES_CNT,SALES_AMT)]
|  mem-estimate=13.75MB mem-reservation=0B thread-reservation=0
|  tuple-ids=27 row-size=28B cardinality=307.98M cost=73883443
|  in pipelines: 63(GETNEXT), 17(GETNEXT)
|
F17:PLAN FRAGMENT [RANDOM] hosts=10 instances=120
Per-Instance Resources: mem-estimate=284.75MB mem-reservation=68.00MB thread-reservation=1
max-parallelism=120 segment-costs=[1621201806, 1930156062, 714011565] cpu-comparison-result=720 [max(170 (self) vs 720 (sum children))]
24:AGGREGATE [STREAMING]
|  group by: I_BRAND_ID, I_CLASS_ID, I_CATEGORY_ID, I_MANUFACT_ID, SALES_CNT, SALES_AMT
|  mem-estimate=128.00MB mem-reservation=34.00MB spill-buffer=2.00MB thread-reservation=0
|  tuple-ids=27 row-size=28B cardinality=307.98M cost=1817859155
|  in pipelines: 63(GETNEXT), 17(GETNEXT)
|
00:UNION
|  pass-through-operands: 63
|  mem-estimate=0B mem-reservation=0B thread-reservation=0
|  tuple-ids=26 row-size=28B cardinality=307.98M cost=5041285
|  in pipelines: 63(GETNEXT), 17(GETNEXT)
|
|--23:HASH JOIN [RIGHT OUTER JOIN, PARTITIONED]
|  |  hash-table-id=10
|  |  hash predicates: tpcds_partitioned_parquet_snap.web_returns.wr_item_sk = tpcds_partitioned_parquet_snap.web_sales.ws_item_sk, tpcds_partitioned_parquet_snap.web_returns.wr_order_number = tpcds_partitioned_parquet_snap.web_sales.ws_order_number
|  |  fk/pk conjuncts: tpcds_partitioned_parquet_snap.web_returns.wr_item_sk = tpcds_partitioned_parquet_snap.web_sales.ws_item_sk, tpcds_partitioned_parquet_snap.web_returns.wr_order_number = tpcds_partitioned_parquet_snap.web_sales.ws_order_number
|  |  mem-estimate=0B mem-reservation=0B spill-buffer=2.00MB thread-reservation=0
|  |  tuple-ids=18N,20,22,24 row-size=90B cardinality=44.04M cost=63385477
|  |  in pipelines: 17(GETNEXT), 18(OPEN)
|  |
|  |--F51:PLAN FRAGMENT [RANDOM] hosts=10 instances=120
|  |  |  Per-Instance Resources: mem-estimate=53.60MB mem-reservation=34.00MB thread-reservation=1
|  |  |  max-parallelism=120 segment-costs=[66341993] cpu-comparison-result=240 [max(240 (self) vs 25 (sum children))]
|  |  JOIN BUILD
|  |  |  join-table-id=10 plan-id=11 cohort-id=01
|  |  |  build expressions: tpcds_partitioned_parquet_snap.web_sales.ws_item_sk, tpcds_partitioned_parquet_snap.web_sales.ws_order_number
|  |  |  runtime filters: RF018[min_max] <- tpcds_partitioned_parquet_snap.web_sales.ws_item_sk, RF019[min_max] <- tpcds_partitioned_parquet_snap.web_sales.ws_order_number
|  |  |  mem-estimate=34.00MB mem-reservation=34.00MB spill-buffer=2.00MB thread-reservation=0 cost=44044085
|  |  |
|  |  67:EXCHANGE [HASH(tpcds_partitioned_parquet_snap.web_sales.ws_item_sk,tpcds_partitioned_parquet_snap.web_sales.ws_order_number)]
|  |  |  mem-estimate=19.60MB mem-reservation=0B thread-reservation=0
|  |  |  tuple-ids=20,22,24 row-size=70B cardinality=44.04M cost=22297908
|  |  |  in pipelines: 18(GETNEXT)
|  |  |
|  |  F13:PLAN FRAGMENT [RANDOM] hosts=10 instances=120
|  |  Per-Host Shared Resources: mem-estimate=1.00MB mem-reservation=1.00MB thread-reservation=0 runtime-filters-memory=1.00MB
|  |  Per-Instance Resources: mem-estimate=54.39MB mem-reservation=128.00KB thread-reservation=1
|  |  max-parallelism=130 segment-costs=[1211348030]
|  |  22:HASH JOIN [INNER JOIN, BROADCAST]
|  |  |  hash-table-id=11
|  |  |  hash predicates: tpcds_partitioned_parquet_snap.web_sales.ws_item_sk = tpcds_partitioned_parquet_snap.item_1.i_item_sk
|  |  |  fk/pk conjuncts: tpcds_partitioned_parquet_snap.web_sales.ws_item_sk = tpcds_partitioned_parquet_snap.item_1.i_item_sk
|  |  |  mem-estimate=0B mem-reservation=0B spill-buffer=256.00KB thread-reservation=0
|  |  |  tuple-ids=20,22,24 row-size=70B cardinality=44.04M cost=63225531
|  |  |  in pipelines: 18(GETNEXT), 21(OPEN)
|  |  |
|  |  |--F52:PLAN FRAGMENT [RANDOM] hosts=10 instances=10
|  |  |  |  Per-Instance Resources: mem-estimate=59.46MB mem-reservation=58.00MB thread-reservation=1 runtime-filters-memory=1.00MB
|  |  |  |  max-parallelism=10 segment-costs=[83645]
|  |  |  JOIN BUILD
|  |  |  |  join-table-id=11 plan-id=12 cohort-id=06
|  |  |  |  build expressions: tpcds_partitioned_parquet_snap.item_1.i_item_sk
|  |  |  |  runtime filters: RF020[bloom] <- tpcds_partitioned_parquet_snap.item_1.i_item_sk, RF021[min_max] <- tpcds_partitioned_parquet_snap.item_1.i_item_sk
|  |  |  |  mem-estimate=57.00MB mem-reservation=57.00MB spill-buffer=256.00KB thread-reservation=0 cost=35915
|  |  |  |
|  |  |  65:EXCHANGE [BROADCAST]
|  |  |  |  mem-estimate=1.46MB mem-reservation=0B thread-reservation=0
|  |  |  |  tuple-ids=24 row-size=38B cardinality=35.91K cost=47730
|  |  |  |  in pipelines: 21(GETNEXT)
|  |  |  |
|  |  |  F15:PLAN FRAGMENT [RANDOM] hosts=4 instances=4
|  |  |  Per-Instance Resources: mem-estimate=16.16MB mem-reservation=512.00KB thread-reservation=1
|  |  |  max-parallelism=4 segment-costs=[148858]
|  |  |  21:SCAN HDFS [tpcds_partitioned_parquet_snap.item, RANDOM]
|  |  |     HDFS partitions=1/1 files=1 size=33.54MB
|  |  |     predicates: tpcds_partitioned_parquet_snap.item_1.i_category = 'Sports'
|  |  |     stored statistics:
|  |  |       table: rows=360.00K size=33.54MB
|  |  |       columns: all
|  |  |     extrapolated-rows=disabled max-scan-range-rows=101.54K
|  |  |     parquet statistics predicates: tpcds_partitioned_parquet_snap.item_1.i_category = 'Sports'
|  |  |     parquet dictionary predicates: tpcds_partitioned_parquet_snap.item_1.i_category = 'Sports'
|  |  |     mem-estimate=16.00MB mem-reservation=512.00KB thread-reservation=0
|  |  |     tuple-ids=24 row-size=38B cardinality=35.91K cost=144407
|  |  |     in pipelines: 21(GETNEXT)
|  |  |
|  |  20:HASH JOIN [INNER JOIN, BROADCAST]
|  |  |  hash-table-id=12
|  |  |  hash predicates: tpcds_partitioned_parquet_snap.web_sales.ws_sold_date_sk = tpcds_partitioned_parquet_snap.date_dim_1.d_date_sk
|  |  |  fk/pk conjuncts: tpcds_partitioned_parquet_snap.web_sales.ws_sold_date_sk = tpcds_partitioned_parquet_snap.date_dim_1.d_date_sk
|  |  |  mem-estimate=0B mem-reservation=0B spill-buffer=64.00KB thread-reservation=0
|  |  |  tuple-ids=20,22 row-size=32B cardinality=215.38M(filtered from 441.70M) cost=135281503
|  |  |  in pipelines: 18(GETNEXT), 19(OPEN)
|  |  |
|  |  |--F53:PLAN FRAGMENT [RANDOM] hosts=10 instances=10
|  |  |  |  Per-Instance Resources: mem-estimate=23.27MB mem-reservation=23.25MB thread-reservation=1
|  |  |  |  max-parallelism=10 segment-costs=[863]
|  |  |  JOIN BUILD
|  |  |  |  join-table-id=12 plan-id=13 cohort-id=06
|  |  |  |  build expressions: tpcds_partitioned_parquet_snap.date_dim_1.d_date_sk
|  |  |  |  mem-estimate=23.25MB mem-reservation=23.25MB spill-buffer=64.00KB thread-reservation=0 cost=373
|  |  |  |
|  |  |  64:EXCHANGE [BROADCAST]
|  |  |  |  mem-estimate=16.00KB mem-reservation=0B thread-reservation=0
|  |  |  |  tuple-ids=22 row-size=8B cardinality=373 cost=490
|  |  |  |  in pipelines: 19(GETNEXT)
|  |  |  |
|  |  |  F14:PLAN FRAGMENT [RANDOM] hosts=1 instances=1
|  |  |  Per-Instance Resources: mem-estimate=16.05MB mem-reservation=512.00KB thread-reservation=1
|  |  |  max-parallelism=1 segment-costs=[10483]
|  |  |  19:SCAN HDFS [tpcds_partitioned_parquet_snap.date_dim, RANDOM]
|  |  |     HDFS partitions=1/1 files=1 size=2.17MB
|  |  |     predicates: tpcds_partitioned_parquet_snap.date_dim_1.d_year = CAST(2001 AS INT)
|  |  |     stored statistics:
|  |  |       table: rows=73.05K size=2.17MB
|  |  |       columns: all
|  |  |     extrapolated-rows=disabled max-scan-range-rows=73.05K
|  |  |     parquet statistics predicates: tpcds_partitioned_parquet_snap.date_dim_1.d_year = CAST(2001 AS INT)
|  |  |     parquet dictionary predicates: tpcds_partitioned_parquet_snap.date_dim_1.d_year = CAST(2001 AS INT)
|  |  |     mem-estimate=16.00MB mem-reservation=512.00KB thread-reservation=0
|  |  |     tuple-ids=22 row-size=8B cardinality=373 cost=10467
|  |  |     in pipelines: 19(GETNEXT)
|  |  |
|  |  18:SCAN HDFS [tpcds_partitioned_parquet_snap.web_sales, RANDOM]
|  |     HDFS partitions=1824/1824 files=1824 size=145.75GB
|  |     runtime filters: RF021[min_max] -> tpcds_partitioned_parquet_snap.web_sales.ws_item_sk, RF020[bloom] -> tpcds_partitioned_parquet_snap.web_sales.ws_item_sk
|  |     stored statistics:
|  |       table: rows=2.16G size=145.75GB
|  |       partitions: 1824/1824 rows=2.16G
|  |       columns: all
|  |     extrapolated-rows=disabled max-scan-range-rows=3.37M
|  |     mem-estimate=16.00MB mem-reservation=128.00KB thread-reservation=0
|  |     tuple-ids=20 row-size=24B cardinality=215.38M(filtered from 2.16G) cost=746484929
|  |     in pipelines: 18(GETNEXT)
|  |
|  66:EXCHANGE [HASH(tpcds_partitioned_parquet_snap.web_returns.wr_item_sk,tpcds_partitioned_parquet_snap.web_returns.wr_order_number)]
|  |  mem-estimate=11.17MB mem-reservation=0B thread-reservation=0
|  |  tuple-ids=18 row-size=20B cardinality=216.00M cost=43870145
|  |  in pipelines: 17(GETNEXT)
|  |
|  F12:PLAN FRAGMENT [RANDOM] hosts=10 instances=50 (adjusted from 120)
|  Per-Instance Resources: mem-estimate=27.25MB mem-reservation=256.00KB thread-reservation=1
|  max-parallelism=50 segment-costs=[451704816]
|  17:SCAN HDFS [tpcds_partitioned_parquet_snap.web_returns, RANDOM]
|     HDFS partitions=2114/2114 files=2114 size=16.74GB
|     runtime filters: RF018[min_max] -> tpcds_partitioned_parquet_snap.web_returns.wr_item_sk, RF019[min_max] -> tpcds_partitioned_parquet_snap.web_returns.wr_order_number
|     stored statistics:
|       table: rows=216.00M size=16.74GB
|       partitions: 2114/2114 rows=216.00M
|       columns: all
|     extrapolated-rows=disabled max-scan-range-rows=9.41M
|     mem-estimate=16.00MB mem-reservation=256.00KB thread-reservation=0
|     tuple-ids=18 row-size=20B cardinality=216.00M cost=62208773
|     in pipelines: 17(GETNEXT)
|
63:AGGREGATE [FINALIZE]
|  group by: I_BRAND_ID, I_CLASS_ID, I_CATEGORY_ID, I_MANUFACT_ID, SALES_CNT, SALES_AMT
|  mem-estimate=128.00MB mem-reservation=34.00MB spill-buffer=2.00MB thread-reservation=0
|  tuple-ids=17 row-size=28B cardinality=263.93M cost=1557884539
|  in pipelines: 63(GETNEXT), 02(OPEN), 09(OPEN)
|
62:EXCHANGE [HASH(I_BRAND_ID,I_CLASS_ID,I_CATEGORY_ID,I_MANUFACT_ID,SALES_CNT,SALES_AMT)]
|  mem-estimate=13.75MB mem-reservation=0B thread-reservation=0
|  tuple-ids=17 row-size=28B cardinality=263.93M cost=63317267
|  in pipelines: 02(GETNEXT), 09(GETNEXT)
|
F10:PLAN FRAGMENT [RANDOM] hosts=10 instances=120
Per-Instance Resources: mem-estimate=155.81MB mem-reservation=34.00MB thread-reservation=1
max-parallelism=120 segment-costs=[2231562832, 611899758] cpu-comparison-result=480 [max(340 (self) vs 480 (sum children))]
16:AGGREGATE [STREAMING]
|  group by: I_BRAND_ID, I_CLASS_ID, I_CATEGORY_ID, I_MANUFACT_ID, SALES_CNT, SALES_AMT
|  mem-estimate=128.00MB mem-reservation=34.00MB spill-buffer=2.00MB thread-reservation=0
|  tuple-ids=17 row-size=28B cardinality=263.93M cost=1557884539
|  in pipelines: 02(GETNEXT), 09(GETNEXT)
|
01:UNION
|  mem-estimate=0B mem-reservation=0B thread-reservation=0
|  tuple-ids=16 row-size=28B cardinality=263.93M cost=30209647
|  in pipelines: 02(GETNEXT), 09(GETNEXT)
|
|--15:HASH JOIN [RIGHT OUTER JOIN, PARTITIONED]
|  |  hash-table-id=16
|  |  hash predicates: tpcds_partitioned_parquet_snap.store_returns.sr_item_sk = tpcds_partitioned_parquet_snap.store_sales.ss_item_sk, tpcds_partitioned_parquet_snap.store_returns.sr_ticket_number = tpcds_partitioned_parquet_snap.store_sales.ss_ticket_number
|  |  fk/pk conjuncts: tpcds_partitioned_parquet_snap.store_returns.sr_item_sk = tpcds_partitioned_parquet_snap.store_sales.ss_item_sk, tpcds_partitioned_parquet_snap.store_returns.sr_ticket_number = tpcds_partitioned_parquet_snap.store_sales.ss_ticket_number
|  |  mem-estimate=0B mem-reservation=0B spill-buffer=2.00MB thread-reservation=0
|  |  tuple-ids=8N,10,12,14 row-size=90B cardinality=176.18M cost=253536470
|  |  in pipelines: 09(GETNEXT), 10(OPEN)
|  |
|  |--F57:PLAN FRAGMENT [RANDOM] hosts=10 instances=120
|  |  |  Per-Instance Resources: mem-estimate=143.07MB mem-reservation=34.00MB thread-reservation=1
|  |  |  max-parallelism=120 segment-costs=[265369917] cpu-comparison-result=240 [max(240 (self) vs 25 (sum children))]
|  |  JOIN BUILD
|  |  |  join-table-id=16 plan-id=17 cohort-id=01
|  |  |  build expressions: tpcds_partitioned_parquet_snap.store_sales.ss_item_sk, tpcds_partitioned_parquet_snap.store_sales.ss_ticket_number
|  |  |  runtime filters: RF010[min_max] <- tpcds_partitioned_parquet_snap.store_sales.ss_item_sk, RF011[min_max] <- tpcds_partitioned_parquet_snap.store_sales.ss_ticket_number
|  |  |  mem-estimate=123.48MB mem-reservation=34.00MB spill-buffer=2.00MB thread-reservation=0 cost=176177629
|  |  |
|  |  61:EXCHANGE [HASH(tpcds_partitioned_parquet_snap.store_sales.ss_item_sk,tpcds_partitioned_parquet_snap.store_sales.ss_ticket_number)]
|  |  |  mem-estimate=19.60MB mem-reservation=0B thread-reservation=0
|  |  |  tuple-ids=10,12,14 row-size=70B cardinality=176.18M cost=89192288
|  |  |  in pipelines: 10(GETNEXT)
|  |  |
|  |  F06:PLAN FRAGMENT [RANDOM] hosts=10 instances=120
|  |  Per-Host Shared Resources: mem-estimate=1.00MB mem-reservation=1.00MB thread-reservation=0 runtime-filters-memory=1.00MB
|  |  Per-Instance Resources: mem-estimate=54.39MB mem-reservation=8.00MB thread-reservation=1
|  |  max-parallelism=490 segment-costs=[4845427623]
|  |  14:HASH JOIN [INNER JOIN, BROADCAST]
|  |  |  hash-table-id=17
|  |  |  hash predicates: tpcds_partitioned_parquet_snap.store_sales.ss_item_sk = tpcds_partitioned_parquet_snap.item_0.i_item_sk
|  |  |  fk/pk conjuncts: tpcds_partitioned_parquet_snap.store_sales.ss_item_sk = tpcds_partitioned_parquet_snap.item_0.i_item_sk
|  |  |  mem-estimate=0B mem-reservation=0B spill-buffer=256.00KB thread-reservation=0
|  |  |  tuple-ids=10,12,14 row-size=70B cardinality=176.18M cost=252903977
|  |  |  in pipelines: 10(GETNEXT), 13(OPEN)
|  |  |
|  |  |--F58:PLAN FRAGMENT [RANDOM] hosts=10 instances=10
|  |  |  |  Per-Instance Resources: mem-estimate=59.46MB mem-reservation=58.00MB thread-reservation=1 runtime-filters-memory=1.00MB
|  |  |  |  max-parallelism=10 segment-costs=[83645]
|  |  |  JOIN BUILD
|  |  |  |  join-table-id=17 plan-id=18 cohort-id=08
|  |  |  |  build expressions: tpcds_partitioned_parquet_snap.item_0.i_item_sk
|  |  |  |  runtime filters: RF012[bloom] <- tpcds_partitioned_parquet_snap.item_0.i_item_sk, RF013[min_max] <- tpcds_partitioned_parquet_snap.item_0.i_item_sk
|  |  |  |  mem-estimate=57.00MB mem-reservation=57.00MB spill-buffer=256.00KB thread-reservation=0 cost=35915
|  |  |  |
|  |  |  59:EXCHANGE [BROADCAST]
|  |  |  |  mem-estimate=1.46MB mem-reservation=0B thread-reservation=0
|  |  |  |  tuple-ids=14 row-size=38B cardinality=35.91K cost=47730
|  |  |  |  in pipelines: 13(GETNEXT)
|  |  |  |
|  |  |  F08:PLAN FRAGMENT [RANDOM] hosts=4 instances=4
|  |  |  Per-Instance Resources: mem-estimate=16.16MB mem-reservation=512.00KB thread-reservation=1
|  |  |  max-parallelism=4 segment-costs=[148858]
|  |  |  13:SCAN HDFS [tpcds_partitioned_parquet_snap.item, RANDOM]
|  |  |     HDFS partitions=1/1 files=1 size=33.54MB
|  |  |     predicates: tpcds_partitioned_parquet_snap.item_0.i_category = 'Sports'
|  |  |     stored statistics:
|  |  |       table: rows=360.00K size=33.54MB
|  |  |       columns: all
|  |  |     extrapolated-rows=disabled max-scan-range-rows=101.54K
|  |  |     parquet statistics predicates: tpcds_partitioned_parquet_snap.item_0.i_category = 'Sports'
|  |  |     parquet dictionary predicates: tpcds_partitioned_parquet_snap.item_0.i_category = 'Sports'
|  |  |     mem-estimate=16.00MB mem-reservation=512.00KB thread-reservation=0
|  |  |     tuple-ids=14 row-size=38B cardinality=35.91K cost=144407
|  |  |     in pipelines: 13(GETNEXT)
|  |  |
|  |  12:HASH JOIN [INNER JOIN, BROADCAST]
|  |  |  hash-table-id=18
|  |  |  hash predicates: tpcds_partitioned_parquet_snap.store_sales.ss_sold_date_sk = tpcds_partitioned_parquet_snap.date_dim_0.d_date_sk
|  |  |  fk/pk conjuncts: tpcds_partitioned_parquet_snap.store_sales.ss_sold_date_sk = tpcds_partitioned_parquet_snap.date_dim_0.d_date_sk
|  |  |  mem-estimate=0B mem-reservation=0B spill-buffer=64.00KB thread-reservation=0
|  |  |  tuple-ids=10,12 row-size=32B cardinality=861.52M(filtered from 1.77G) cost=541129979
|  |  |  in pipelines: 10(GETNEXT), 11(OPEN)
|  |  |
|  |  |--F59:PLAN FRAGMENT [RANDOM] hosts=10 instances=10
|  |  |  |  Per-Instance Resources: mem-estimate=23.27MB mem-reservation=23.25MB thread-reservation=1
|  |  |  |  max-parallelism=10 segment-costs=[863]
|  |  |  JOIN BUILD
|  |  |  |  join-table-id=18 plan-id=19 cohort-id=08
|  |  |  |  build expressions: tpcds_partitioned_parquet_snap.date_dim_0.d_date_sk
|  |  |  |  mem-estimate=23.25MB mem-reservation=23.25MB spill-buffer=64.00KB thread-reservation=0 cost=373
|  |  |  |
|  |  |  58:EXCHANGE [BROADCAST]
|  |  |  |  mem-estimate=16.00KB mem-reservation=0B thread-reservation=0
|  |  |  |  tuple-ids=12 row-size=8B cardinality=373 cost=490
|  |  |  |  in pipelines: 11(GETNEXT)
|  |  |  |
|  |  |  F07:PLAN FRAGMENT [RANDOM] hosts=1 instances=1
|  |  |  Per-Instance Resources: mem-estimate=16.05MB mem-reservation=512.00KB thread-reservation=1
|  |  |  max-parallelism=1 segment-costs=[10483]
|  |  |  11:SCAN HDFS [tpcds_partitioned_parquet_snap.date_dim, RANDOM]
|  |  |     HDFS partitions=1/1 files=1 size=2.17MB
|  |  |     predicates: tpcds_partitioned_parquet_snap.date_dim_0.d_year = CAST(2001 AS INT)
|  |  |     stored statistics:
|  |  |       table: rows=73.05K size=2.17MB
|  |  |       columns: all
|  |  |     extrapolated-rows=disabled max-scan-range-rows=73.05K
|  |  |     parquet statistics predicates: tpcds_partitioned_parquet_snap.date_dim_0.d_year = CAST(2001 AS INT)
|  |  |     parquet dictionary predicates: tpcds_partitioned_parquet_snap.date_dim_0.d_year = CAST(2001 AS INT)
|  |  |     mem-estimate=16.00MB mem-reservation=512.00KB thread-reservation=0
|  |  |     tuple-ids=12 row-size=8B cardinality=373 cost=10467
|  |  |     in pipelines: 11(GETNEXT)
|  |  |
|  |  10:SCAN HDFS [tpcds_partitioned_parquet_snap.store_sales, RANDOM]
|  |     HDFS partitions=1824/1824 files=1824 size=389.90GB
|  |     runtime filters: RF013[min_max] -> tpcds_partitioned_parquet_snap.store_sales.ss_item_sk, RF012[bloom] -> tpcds_partitioned_parquet_snap.store_sales.ss_item_sk
|  |     stored statistics:
|  |       table: rows=8.64G size=389.90GB
|  |       partitions: 1824/1824 rows=8.64G
|  |       columns: all
|  |     extrapolated-rows=disabled max-scan-range-rows=390.22M
|  |     mem-estimate=16.00MB mem-reservation=8.00MB thread-reservation=0
|  |     tuple-ids=10 row-size=24B cardinality=861.52M(filtered from 8.64G) cost=2985961602
|  |     in pipelines: 10(GETNEXT)
|  |
|  60:EXCHANGE [HASH(tpcds_partitioned_parquet_snap.store_returns.sr_item_sk,tpcds_partitioned_parquet_snap.store_returns.sr_ticket_number)]
|  |  mem-estimate=12.81MB mem-reservation=0B thread-reservation=0
|  |  tuple-ids=8 row-size=20B cardinality=863.99M cost=175476091
|  |  in pipelines: 09(GETNEXT)
|  |
|  F05:PLAN FRAGMENT [RANDOM] hosts=10 instances=120
|  Per-Instance Resources: mem-estimate=27.25MB mem-reservation=512.00KB thread-reservation=1
|  max-parallelism=190 segment-costs=[1806773027]
|  09:SCAN HDFS [tpcds_partitioned_parquet_snap.store_returns, RANDOM]
|     HDFS partitions=2004/2004 files=2004 size=48.14GB
|     runtime filters: RF010[min_max] -> tpcds_partitioned_parquet_snap.store_returns.sr_item_sk, RF011[min_max] -> tpcds_partitioned_parquet_snap.store_returns.sr_ticket_number
|     stored statistics:
|       table: rows=863.99M size=48.14GB
|       partitions: 2004/2004 rows=863.99M
|       columns: all
|     extrapolated-rows=disabled max-scan-range-rows=30.09M
|     mem-estimate=16.00MB mem-reservation=512.00KB thread-reservation=0
|     tuple-ids=8 row-size=20B cardinality=863.99M cost=248828726
|     in pipelines: 09(GETNEXT)
|
08:HASH JOIN [RIGHT OUTER JOIN, PARTITIONED]
|  hash-table-id=13
|  hash predicates: tpcds_partitioned_parquet_snap.catalog_returns.cr_item_sk = tpcds_partitioned_parquet_snap.catalog_sales.cs_item_sk, tpcds_partitioned_parquet_snap.catalog_returns.cr_order_number = tpcds_partitioned_parquet_snap.catalog_sales.cs_order_number
|  fk/pk conjuncts: tpcds_partitioned_parquet_snap.catalog_returns.cr_item_sk = tpcds_partitioned_parquet_snap.catalog_sales.cs_item_sk, tpcds_partitioned_parquet_snap.catalog_returns.cr_order_number = tpcds_partitioned_parquet_snap.catalog_sales.cs_order_number
|  mem-estimate=0B mem-reservation=0B spill-buffer=2.00MB thread-reservation=0
|  tuple-ids=0N,2,4,6 row-size=90B cardinality=87.75M cost=126713435
|  in pipelines: 02(GETNEXT), 03(OPEN)
|
|--F54:PLAN FRAGMENT [RANDOM] hosts=10 instances=120
|  |  Per-Instance Resources: mem-estimate=98.15MB mem-reservation=51.00MB thread-reservation=1 runtime-filters-memory=17.00MB
|  |  max-parallelism=120 segment-costs=[132181075] cpu-comparison-result=240 [max(240 (self) vs 25 (sum children))]
|  JOIN BUILD
|  |  join-table-id=13 plan-id=14 cohort-id=01
|  |  build expressions: tpcds_partitioned_parquet_snap.catalog_sales.cs_item_sk, tpcds_partitioned_parquet_snap.catalog_sales.cs_order_number
|  |  runtime filters: RF000[bloom] <- tpcds_partitioned_parquet_snap.catalog_sales.cs_item_sk, RF001[bloom] <- tpcds_partitioned_parquet_snap.catalog_sales.cs_order_number, RF002[min_max] <- tpcds_partitioned_parquet_snap.catalog_sales.cs_item_sk, RF003[min_max] <- tpcds_partitioned_parquet_snap.catalog_sales.cs_order_number
|  |  mem-estimate=61.55MB mem-reservation=34.00MB spill-buffer=2.00MB thread-reservation=0 cost=87754289
|  |
|  57:EXCHANGE [HASH(tpcds_partitioned_parquet_snap.catalog_sales.cs_item_sk,tpcds_partitioned_parquet_snap.catalog_sales.cs_order_number)]
|  |  mem-estimate=19.60MB mem-reservation=0B thread-reservation=0
|  |  tuple-ids=2,4,6 row-size=70B cardinality=87.75M cost=44426786
|  |  in pipelines: 03(GETNEXT)
|  |
|  F01:PLAN FRAGMENT [RANDOM] hosts=10 instances=120
|  Per-Host Shared Resources: mem-estimate=1.00MB mem-reservation=1.00MB thread-reservation=0 runtime-filters-memory=1.00MB
|  Per-Instance Resources: mem-estimate=54.39MB mem-reservation=1.00MB thread-reservation=1
|  max-parallelism=250 segment-costs=[2420066051]
|  07:HASH JOIN [INNER JOIN, BROADCAST]
|  |  hash-table-id=14
|  |  hash predicates: tpcds_partitioned_parquet_snap.catalog_sales.cs_item_sk = tpcds_partitioned_parquet_snap.item.i_item_sk
|  |  fk/pk conjuncts: tpcds_partitioned_parquet_snap.catalog_sales.cs_item_sk = tpcds_partitioned_parquet_snap.item.i_item_sk
|  |  mem-estimate=0B mem-reservation=0B spill-buffer=256.00KB thread-reservation=0
|  |  tuple-ids=2,4,6 row-size=70B cardinality=87.75M cost=126394195
|  |  in pipelines: 03(GETNEXT), 06(OPEN)
|  |
|  |--F55:PLAN FRAGMENT [RANDOM] hosts=10 instances=10
|  |  |  Per-Instance Resources: mem-estimate=59.46MB mem-reservation=58.00MB thread-reservation=1 runtime-filters-memory=1.00MB
|  |  |  max-parallelism=10 segment-costs=[83645]
|  |  JOIN BUILD
|  |  |  join-table-id=14 plan-id=15 cohort-id=07
|  |  |  build expressions: tpcds_partitioned_parquet_snap.item.i_item_sk
|  |  |  runtime filters: RF004[bloom] <- tpcds_partitioned_parquet_snap.item.i_item_sk, RF005[min_max] <- tpcds_partitioned_parquet_snap.item.i_item_sk
|  |  |  mem-estimate=57.00MB mem-reservation=57.00MB spill-buffer=256.00KB thread-reservation=0 cost=35915
|  |  |
|  |  55:EXCHANGE [BROADCAST]
|  |  |  mem-estimate=1.46MB mem-reservation=0B thread-reservation=0
|  |  |  tuple-ids=6 row-size=38B cardinality=35.91K cost=47730
|  |  |  in pipelines: 06(GETNEXT)
|  |  |
|  |  F03:PLAN FRAGMENT [RANDOM] hosts=4 instances=4
|  |  Per-Instance Resources: mem-estimate=16.16MB mem-reservation=512.00KB thread-reservation=1
|  |  max-parallelism=4 segment-costs=[148858]
|  |  06:SCAN HDFS [tpcds_partitioned_parquet_snap.item, RANDOM]
|  |     HDFS partitions=1/1 files=1 size=33.54MB
|  |     predicates: tpcds_partitioned_parquet_snap.item.i_category = 'Sports'
|  |     stored statistics:
|  |       table: rows=360.00K size=33.54MB
|  |       columns: all
|  |     extrapolated-rows=disabled max-scan-range-rows=101.54K
|  |     parquet statistics predicates: tpcds_partitioned_parquet_snap.item.i_category = 'Sports'
|  |     parquet dictionary predicates: tpcds_partitioned_parquet_snap.item.i_category = 'Sports'
|  |     mem-estimate=16.00MB mem-reservation=512.00KB thread-reservation=0
|  |     tuple-ids=6 row-size=38B cardinality=35.91K cost=144407
|  |     in pipelines: 06(GETNEXT)
|  |
|  05:HASH JOIN [INNER JOIN, BROADCAST]
|  |  hash-table-id=15
|  |  hash predicates: tpcds_partitioned_parquet_snap.catalog_sales.cs_sold_date_sk = tpcds_partitioned_parquet_snap.date_dim.d_date_sk
|  |  fk/pk conjuncts: tpcds_partitioned_parquet_snap.catalog_sales.cs_sold_date_sk = tpcds_partitioned_parquet_snap.date_dim.d_date_sk
|  |  mem-estimate=0B mem-reservation=0B spill-buffer=64.00KB thread-reservation=0
|  |  tuple-ids=2,4 row-size=32B cardinality=430.77M(filtered from 880.06M) cost=269959914
|  |  in pipelines: 03(GETNEXT), 04(OPEN)
|  |
|  |--F56:PLAN FRAGMENT [RANDOM] hosts=10 instances=10
|  |  |  Per-Instance Resources: mem-estimate=23.27MB mem-reservation=23.25MB thread-reservation=1
|  |  |  max-parallelism=10 segment-costs=[863]
|  |  JOIN BUILD
|  |  |  join-table-id=15 plan-id=16 cohort-id=07
|  |  |  build expressions: tpcds_partitioned_parquet_snap.date_dim.d_date_sk
|  |  |  mem-estimate=23.25MB mem-reservation=23.25MB spill-buffer=64.00KB thread-reservation=0 cost=373
|  |  |
|  |  54:EXCHANGE [BROADCAST]
|  |  |  mem-estimate=16.00KB mem-reservation=0B thread-reservation=0
|  |  |  tuple-ids=4 row-size=8B cardinality=373 cost=490
|  |  |  in pipelines: 04(GETNEXT)
|  |  |
|  |  F02:PLAN FRAGMENT [RANDOM] hosts=1 instances=1
|  |  Per-Instance Resources: mem-estimate=16.05MB mem-reservation=512.00KB thread-reservation=1
|  |  max-parallelism=1 segment-costs=[10483]
|  |  04:SCAN HDFS [tpcds_partitioned_parquet_snap.date_dim, RANDOM]
|  |     HDFS partitions=1/1 files=1 size=2.17MB
|  |     predicates: tpcds_partitioned_parquet_snap.date_dim.d_year = CAST(2001 AS INT)
|  |     stored statistics:
|  |       table: rows=73.05K size=2.17MB
|  |       columns: all
|  |     extrapolated-rows=disabled max-scan-range-rows=73.05K
|  |     parquet statistics predicates: tpcds_partitioned_parquet_snap.date_dim.d_year = CAST(2001 AS INT)
|  |     parquet dictionary predicates: tpcds_partitioned_parquet_snap.date_dim.d_year = CAST(2001 AS INT)
|  |     mem-estimate=16.00MB mem-reservation=512.00KB thread-reservation=0
|  |     tuple-ids=4 row-size=8B cardinality=373 cost=10467
|  |     in pipelines: 04(GETNEXT)
|  |
|  03:SCAN HDFS [tpcds_partitioned_parquet_snap.catalog_sales, RANDOM]
|     HDFS partitions=1831/1831 files=1831 size=280.96GB
|     runtime filters: RF005[min_max] -> tpcds_partitioned_parquet_snap.catalog_sales.cs_item_sk, RF004[bloom] -> tpcds_partitioned_parquet_snap.catalog_sales.cs_item_sk
|     stored statistics:
|       table: rows=4.32G size=280.96GB
|       partitions: 1831/1831 rows=4.32G
|       columns: all
|     extrapolated-rows=disabled max-scan-range-rows=21.52M
|     mem-estimate=16.00MB mem-reservation=1.00MB thread-reservation=0
|     tuple-ids=2 row-size=24B cardinality=430.77M(filtered from 4.32G) cost=1493018949
|     in pipelines: 03(GETNEXT)
|
56:EXCHANGE [HASH(tpcds_partitioned_parquet_snap.catalog_returns.cr_item_sk,tpcds_partitioned_parquet_snap.catalog_returns.cr_order_number)]
|  mem-estimate=12.34MB mem-reservation=0B thread-reservation=0
|  tuple-ids=0 row-size=20B cardinality=432.02M cost=87742650
|  in pipelines: 02(GETNEXT)
|
F00:PLAN FRAGMENT [RANDOM] hosts=10 instances=100 (adjusted from 120)
Per-Host Shared Resources: mem-estimate=17.00MB mem-reservation=17.00MB thread-reservation=0 runtime-filters-memory=17.00MB
Per-Instance Resources: mem-estimate=27.25MB mem-reservation=32.00KB thread-reservation=1
max-parallelism=100 segment-costs=[903433931]
02:SCAN HDFS [tpcds_partitioned_parquet_snap.catalog_returns, RANDOM]
   HDFS partitions=2060/2060 files=2060 size=32.77GB
   runtime filters: RF002[min_max] -> tpcds_partitioned_parquet_snap.catalog_returns.cr_item_sk, RF003[min_max] -> tpcds_partitioned_parquet_snap.catalog_returns.cr_order_number, RF000[bloom] -> tpcds_partitioned_parquet_snap.catalog_returns.cr_item_sk, RF001[bloom] -> tpcds_partitioned_parquet_snap.catalog_returns.cr_order_number
   stored statistics:
     table: rows=432.02M size=32.77GB
     partitions: 2060/2060 rows=432.02M
     columns: all
   extrapolated-rows=disabled max-scan-range-rows=416.82K
   mem-estimate=16.00MB mem-reservation=32.00KB thread-reservation=0
   tuple-ids=0 row-size=20B cardinality=432.02M cost=124420893
   in pipelines: 02(GETNEXT)
====
