# TPCDS-Q60
# start query 60 in stream 0 using template query60.tpl using seed 62814992
with ss as (
 select
          i_item_id,sum(ss_ext_sales_price) total_sales
 from
 	store_sales,
 	date_dim,
         customer_address,
         item
 where
         i_item_id in (select
  i_item_id
from
 item
where i_category in ('Men'))
 and     ss_item_sk              = i_item_sk
 and     ss_sold_date_sk         = d_date_sk
 and     d_year                  = 2000
 and     d_moy                   = 9
 and     ss_addr_sk              = ca_address_sk
 and     ca_gmt_offset           = -5
 group by i_item_id),
 cs as (
 select
          i_item_id,sum(cs_ext_sales_price) total_sales
 from
 	catalog_sales,
 	date_dim,
         customer_address,
         item
 where
         i_item_id               in (select
  i_item_id
from
 item
where i_category in ('Men'))
 and     cs_item_sk              = i_item_sk
 and     cs_sold_date_sk         = d_date_sk
 and     d_year                  = 2000
 and     d_moy                   = 9
 and     cs_bill_addr_sk         = ca_address_sk
 and     ca_gmt_offset           = -5
 group by i_item_id),
 ws as (
 select
          i_item_id,sum(ws_ext_sales_price) total_sales
 from
 	web_sales,
 	date_dim,
         customer_address,
         item
 where
         i_item_id               in (select
  i_item_id
from
 item
where i_category in ('Men'))
 and     ws_item_sk              = i_item_sk
 and     ws_sold_date_sk         = d_date_sk
 and     d_year                  = 2000
 and     d_moy                   = 9
 and     ws_bill_addr_sk         = ca_address_sk
 and     ca_gmt_offset           = -5
 group by i_item_id)
  select
  i_item_id
,sum(total_sales) total_sales
 from  (select * from ss
        union all
        select * from cs
        union all
        select * from ws) tmp1
 group by i_item_id
 order by i_item_id
      ,total_sales
 limit 100

# end query 60 in stream 0 using template query60.tpl
---- PLAN
Max Per-Host Resource Reservation: Memory=144.81MB Threads=1
Per-Host Resource Estimates: Memory=333MB
F00:PLAN FRAGMENT [UNPARTITIONED] hosts=1 instances=1
|  Per-Instance Resources: mem-estimate=333.44MB mem-reservation=144.81MB thread-reservation=1 runtime-filters-memory=13.00MB
|  max-parallelism=1 segment-costs=[227813, 555944567, 227813, 279714640, 227813, 143166228, 1614300, 5990794, 200]
PLAN-ROOT SINK
|  output exprs: I_ITEM_ID, sum(TOTAL_SALES)
|  mem-estimate=4.00MB mem-reservation=4.00MB spill-buffer=2.00MB thread-reservation=0 cost=200
|
36:TOP-N [LIMIT=100]
|  order by: I_ITEM_ID ASC NULLS LAST, sum(TOTAL_SALES) ASC NULLS LAST
|  mem-estimate=2.73KB mem-reservation=0B thread-reservation=0
|  tuple-ids=39 row-size=28B cardinality=100 cost=5990794
|  in pipelines: 36(GETNEXT), 35(OPEN)
|
35:AGGREGATE [FINALIZE]
|  output: sum(TOTAL_SALES)
|  group by: I_ITEM_ID
|  mem-estimate=128.00MB mem-reservation=34.00MB spill-buffer=2.00MB thread-reservation=0
|  tuple-ids=38 row-size=28B cardinality=556.71K cost=1614300
|  in pipelines: 35(GETNEXT), 12(OPEN), 23(OPEN), 34(OPEN)
|
00:UNION
|  pass-through-operands: all
|  mem-estimate=0B mem-reservation=0B thread-reservation=0
|  tuple-ids=37 row-size=28B cardinality=556.71K cost=0
|  in pipelines: 12(GETNEXT), 23(GETNEXT), 34(GETNEXT)
|
|--34:AGGREGATE [FINALIZE]
|  |  output: sum(tpcds_partitioned_parquet_snap.web_sales.ws_ext_sales_price)
|  |  group by: tpcds_partitioned_parquet_snap.item_3.i_item_id
|  |  mem-estimate=17.00MB mem-reservation=17.00MB spill-buffer=1.00MB thread-reservation=0
|  |  tuple-ids=36 row-size=44B cardinality=185.57K cost=1615768
|  |  in pipelines: 34(GETNEXT), 24(OPEN)
|  |
|  33:HASH JOIN [INNER JOIN]
|  |  hash predicates: tpcds_partitioned_parquet_snap.item_3.i_item_id = tpcds_partitioned_parquet_snap.item_4.i_item_id
|  |  fk/pk conjuncts: none
|  |  runtime filters: RF016[bloom] <- tpcds_partitioned_parquet_snap.item_4.i_item_id, RF017[min_max] <- tpcds_partitioned_parquet_snap.item_4.i_item_id
|  |  mem-estimate=2.88MB mem-reservation=2.88MB spill-buffer=128.00KB thread-reservation=0
|  |  tuple-ids=25,27,29,31,35 row-size=96B cardinality=3.87M cost=5866018
|  |  in pipelines: 24(GETNEXT), 32(OPEN)
|  |
|  |--32:AGGREGATE [FINALIZE]
|  |  |  group by: tpcds_partitioned_parquet_snap.item_4.i_item_id
|  |  |  mem-estimate=10.00MB mem-reservation=2.88MB spill-buffer=128.00KB thread-reservation=0
|  |  |  tuple-ids=35 row-size=28B cardinality=35.91K cost=104142
|  |  |  in pipelines: 32(GETNEXT), 31(OPEN)
|  |  |
|  |  31:SCAN HDFS [tpcds_partitioned_parquet_snap.item]
|  |     HDFS partitions=1/1 files=1 size=33.54MB
|  |     predicates: tpcds_partitioned_parquet_snap.item_4.i_category = 'Men'
|  |     stored statistics:
|  |       table: rows=360.00K size=33.54MB
|  |       columns: all
|  |     extrapolated-rows=disabled max-scan-range-rows=101.54K
|  |     parquet statistics predicates: tpcds_partitioned_parquet_snap.item_4.i_category = 'Men'
|  |     parquet dictionary predicates: tpcds_partitioned_parquet_snap.item_4.i_category = 'Men'
|  |     mem-estimate=16.00MB mem-reservation=512.00KB thread-reservation=0
|  |     tuple-ids=33 row-size=46B cardinality=35.91K cost=123671
|  |     in pipelines: 31(GETNEXT)
|  |
|  30:HASH JOIN [INNER JOIN]
|  |  hash predicates: tpcds_partitioned_parquet_snap.web_sales.ws_item_sk = tpcds_partitioned_parquet_snap.item_3.i_item_sk
|  |  fk/pk conjuncts: tpcds_partitioned_parquet_snap.web_sales.ws_item_sk = tpcds_partitioned_parquet_snap.item_3.i_item_sk
|  |  runtime filters: RF019[min_max] <- tpcds_partitioned_parquet_snap.item_3.i_item_sk
|  |  mem-estimate=34.00MB mem-reservation=34.00MB spill-buffer=2.00MB thread-reservation=0
|  |  tuple-ids=25,27,29,31 row-size=68B cardinality=20.00M cost=9114646
|  |  in pipelines: 24(GETNEXT), 29(OPEN)
|  |
|  |--29:SCAN HDFS [tpcds_partitioned_parquet_snap.item]
|  |     HDFS partitions=1/1 files=1 size=33.54MB
|  |     runtime filters: RF017[min_max] -> tpcds_partitioned_parquet_snap.item_3.i_item_id, RF016[bloom] -> tpcds_partitioned_parquet_snap.item_3.i_item_id
|  |     stored statistics:
|  |       table: rows=360.00K size=33.54MB
|  |       columns: all
|  |     extrapolated-rows=disabled max-scan-range-rows=101.54K
|  |     mem-estimate=16.00MB mem-reservation=512.00KB thread-reservation=0
|  |     tuple-ids=31 row-size=32B cardinality=360.00K cost=103680
|  |     in pipelines: 29(GETNEXT)
|  |
|  28:HASH JOIN [INNER JOIN]
|  |  hash predicates: tpcds_partitioned_parquet_snap.web_sales.ws_bill_addr_sk = tpcds_partitioned_parquet_snap.customer_address_1.ca_address_sk
|  |  fk/pk conjuncts: tpcds_partitioned_parquet_snap.web_sales.ws_bill_addr_sk = tpcds_partitioned_parquet_snap.customer_address_1.ca_address_sk
|  |  runtime filters: RF020[bloom] <- tpcds_partitioned_parquet_snap.customer_address_1.ca_address_sk, RF021[min_max] <- tpcds_partitioned_parquet_snap.customer_address_1.ca_address_sk
|  |  mem-estimate=66.50MB mem-reservation=34.00MB spill-buffer=2.00MB thread-reservation=0
|  |  tuple-ids=25,27,29 row-size=36B cardinality=20.01M cost=38854574
|  |  in pipelines: 24(GETNEXT), 27(OPEN)
|  |
|  |--27:SCAN HDFS [tpcds_partitioned_parquet_snap.customer_address]
|  |     HDFS partitions=1/1 files=1 size=307.36MB
|  |     predicates: CAST(tpcds_partitioned_parquet_snap.customer_address_1.ca_gmt_offset AS DECIMAL(12,2)) = CAST(-5 AS DECIMAL(12,2))
|  |     stored statistics:
|  |       table: rows=15.00M size=307.36MB
|  |       columns: all
|  |     extrapolated-rows=disabled max-scan-range-rows=1.58M
|  |     parquet dictionary predicates: CAST(tpcds_partitioned_parquet_snap.customer_address_1.ca_gmt_offset AS DECIMAL(12,2)) = CAST(-5 AS DECIMAL(12,2))
|  |     mem-estimate=16.00MB mem-reservation=128.00KB thread-reservation=0
|  |     tuple-ids=29 row-size=8B cardinality=2.43M cost=2149500
|  |     in pipelines: 27(GETNEXT)
|  |
|  26:HASH JOIN [INNER JOIN]
|  |  hash predicates: tpcds_partitioned_parquet_snap.web_sales.ws_sold_date_sk = tpcds_partitioned_parquet_snap.date_dim_1.d_date_sk
|  |  fk/pk conjuncts: tpcds_partitioned_parquet_snap.web_sales.ws_sold_date_sk = tpcds_partitioned_parquet_snap.date_dim_1.d_date_sk
|  |  runtime filters: RF022[bloom] <- tpcds_partitioned_parquet_snap.date_dim_1.d_date_sk
|  |  mem-estimate=1.94MB mem-reservation=1.94MB spill-buffer=64.00KB thread-reservation=0
|  |  tuple-ids=25,27 row-size=28B cardinality=127.89M cost=55978804
|  |  in pipelines: 24(GETNEXT), 25(OPEN)
|  |
|  |--25:SCAN HDFS [tpcds_partitioned_parquet_snap.date_dim]
|  |     HDFS partitions=1/1 files=1 size=2.17MB
|  |     predicates: tpcds_partitioned_parquet_snap.date_dim_1.d_year = CAST(2000 AS INT), tpcds_partitioned_parquet_snap.date_dim_1.d_moy = CAST(9 AS INT)
|  |     stored statistics:
|  |       table: rows=73.05K size=2.17MB
|  |       columns: all
|  |     extrapolated-rows=disabled max-scan-range-rows=73.05K
|  |     parquet statistics predicates: tpcds_partitioned_parquet_snap.date_dim_1.d_year = CAST(2000 AS INT), tpcds_partitioned_parquet_snap.date_dim_1.d_moy = CAST(9 AS INT)
|  |     parquet dictionary predicates: tpcds_partitioned_parquet_snap.date_dim_1.d_year = CAST(2000 AS INT), tpcds_partitioned_parquet_snap.date_dim_1.d_moy = CAST(9 AS INT)
|  |     mem-estimate=16.00MB mem-reservation=512.00KB thread-reservation=0
|  |     tuple-ids=27 row-size=12B cardinality=108 cost=16728
|  |     in pipelines: 25(GETNEXT)
|  |
|  24:SCAN HDFS [tpcds_partitioned_parquet_snap.web_sales]
|     HDFS partitions=1824/1824 files=1824 size=145.75GB
|     runtime filters: RF021[min_max] -> tpcds_partitioned_parquet_snap.web_sales.ws_bill_addr_sk, RF019[min_max] -> tpcds_partitioned_parquet_snap.web_sales.ws_item_sk, RF022[bloom] -> tpcds_partitioned_parquet_snap.web_sales.ws_sold_date_sk, RF020[bloom] -> tpcds_partitioned_parquet_snap.web_sales.ws_bill_addr_sk
|     stored statistics:
|       table: rows=2.16G size=145.75GB
|       partitions: 1824/1824 rows=2.16G
|       columns: all
|     extrapolated-rows=disabled max-scan-range-rows=3.37M est-scan-range=109(filtered from 1824)
|     mem-estimate=16.00MB mem-reservation=128.00KB thread-reservation=0
|     tuple-ids=25 row-size=16B cardinality=127.89M(filtered from 2.16G) cost=29466510
|     in pipelines: 24(GETNEXT)
|
01:UNION
|  pass-through-operands: all
|  mem-estimate=0B mem-reservation=0B thread-reservation=0
|  tuple-ids=24 row-size=28B cardinality=371.14K cost=0
|  in pipelines: 12(GETNEXT), 23(GETNEXT)
|
|--23:AGGREGATE [FINALIZE]
|  |  output: sum(tpcds_partitioned_parquet_snap.catalog_sales.cs_ext_sales_price)
|  |  group by: tpcds_partitioned_parquet_snap.item_1.i_item_id
|  |  mem-estimate=17.00MB mem-reservation=17.00MB spill-buffer=1.00MB thread-reservation=0
|  |  tuple-ids=23 row-size=44B cardinality=185.57K cost=2739135
|  |  in pipelines: 23(GETNEXT), 13(OPEN)
|  |
|  22:HASH JOIN [INNER JOIN]
|  |  hash predicates: tpcds_partitioned_parquet_snap.item_1.i_item_id = tpcds_partitioned_parquet_snap.item_2.i_item_id
|  |  fk/pk conjuncts: none
|  |  runtime filters: RF008[bloom] <- tpcds_partitioned_parquet_snap.item_2.i_item_id, RF009[min_max] <- tpcds_partitioned_parquet_snap.item_2.i_item_id
|  |  mem-estimate=2.88MB mem-reservation=2.88MB spill-buffer=128.00KB thread-reservation=0
|  |  tuple-ids=12,14,16,18,22 row-size=96B cardinality=7.71M cost=11651926
|  |  in pipelines: 13(GETNEXT), 21(OPEN)
|  |
|  |--21:AGGREGATE [FINALIZE]
|  |  |  group by: tpcds_partitioned_parquet_snap.item_2.i_item_id
|  |  |  mem-estimate=10.00MB mem-reservation=2.88MB spill-buffer=128.00KB thread-reservation=0
|  |  |  tuple-ids=22 row-size=28B cardinality=35.91K cost=104142
|  |  |  in pipelines: 21(GETNEXT), 20(OPEN)
|  |  |
|  |  20:SCAN HDFS [tpcds_partitioned_parquet_snap.item]
|  |     HDFS partitions=1/1 files=1 size=33.54MB
|  |     predicates: tpcds_partitioned_parquet_snap.item_2.i_category = 'Men'
|  |     stored statistics:
|  |       table: rows=360.00K size=33.54MB
|  |       columns: all
|  |     extrapolated-rows=disabled max-scan-range-rows=101.54K
|  |     parquet statistics predicates: tpcds_partitioned_parquet_snap.item_2.i_category = 'Men'
|  |     parquet dictionary predicates: tpcds_partitioned_parquet_snap.item_2.i_category = 'Men'
|  |     mem-estimate=16.00MB mem-reservation=512.00KB thread-reservation=0
|  |     tuple-ids=20 row-size=46B cardinality=35.91K cost=123671
|  |     in pipelines: 20(GETNEXT)
|  |
|  19:HASH JOIN [INNER JOIN]
|  |  hash predicates: tpcds_partitioned_parquet_snap.catalog_sales.cs_item_sk = tpcds_partitioned_parquet_snap.item_1.i_item_sk
|  |  fk/pk conjuncts: tpcds_partitioned_parquet_snap.catalog_sales.cs_item_sk = tpcds_partitioned_parquet_snap.item_1.i_item_sk
|  |  runtime filters: RF011[min_max] <- tpcds_partitioned_parquet_snap.item_1.i_item_sk
|  |  mem-estimate=34.00MB mem-reservation=34.00MB spill-buffer=2.00MB thread-reservation=0
|  |  tuple-ids=12,14,16,18 row-size=68B cardinality=39.84M cost=17802927
|  |  in pipelines: 13(GETNEXT), 18(OPEN)
|  |
|  |--18:SCAN HDFS [tpcds_partitioned_parquet_snap.item]
|  |     HDFS partitions=1/1 files=1 size=33.54MB
|  |     runtime filters: RF009[min_max] -> tpcds_partitioned_parquet_snap.item_1.i_item_id, RF008[bloom] -> tpcds_partitioned_parquet_snap.item_1.i_item_id
|  |     stored statistics:
|  |       table: rows=360.00K size=33.54MB
|  |       columns: all
|  |     extrapolated-rows=disabled max-scan-range-rows=101.54K
|  |     mem-estimate=16.00MB mem-reservation=512.00KB thread-reservation=0
|  |     tuple-ids=18 row-size=32B cardinality=360.00K cost=103680
|  |     in pipelines: 18(GETNEXT)
|  |
|  17:HASH JOIN [INNER JOIN]
|  |  hash predicates: tpcds_partitioned_parquet_snap.catalog_sales.cs_bill_addr_sk = tpcds_partitioned_parquet_snap.customer_address_0.ca_address_sk
|  |  fk/pk conjuncts: tpcds_partitioned_parquet_snap.catalog_sales.cs_bill_addr_sk = tpcds_partitioned_parquet_snap.customer_address_0.ca_address_sk
|  |  runtime filters: RF012[bloom] <- tpcds_partitioned_parquet_snap.customer_address_0.ca_address_sk, RF013[min_max] <- tpcds_partitioned_parquet_snap.customer_address_0.ca_address_sk
|  |  mem-estimate=66.50MB mem-reservation=34.00MB spill-buffer=2.00MB thread-reservation=0
|  |  tuple-ids=12,14,16 row-size=36B cardinality=39.86M cost=75007948
|  |  in pipelines: 13(GETNEXT), 16(OPEN)
|  |
|  |--16:SCAN HDFS [tpcds_partitioned_parquet_snap.customer_address]
|  |     HDFS partitions=1/1 files=1 size=307.36MB
|  |     predicates: CAST(tpcds_partitioned_parquet_snap.customer_address_0.ca_gmt_offset AS DECIMAL(12,2)) = CAST(-5 AS DECIMAL(12,2))
|  |     stored statistics:
|  |       table: rows=15.00M size=307.36MB
|  |       columns: all
|  |     extrapolated-rows=disabled max-scan-range-rows=1.58M
|  |     parquet dictionary predicates: CAST(tpcds_partitioned_parquet_snap.customer_address_0.ca_gmt_offset AS DECIMAL(12,2)) = CAST(-5 AS DECIMAL(12,2))
|  |     mem-estimate=16.00MB mem-reservation=128.00KB thread-reservation=0
|  |     tuple-ids=16 row-size=8B cardinality=2.43M cost=2149500
|  |     in pipelines: 16(GETNEXT)
|  |
|  15:HASH JOIN [INNER JOIN]
|  |  hash predicates: tpcds_partitioned_parquet_snap.catalog_sales.cs_sold_date_sk = tpcds_partitioned_parquet_snap.date_dim_0.d_date_sk
|  |  fk/pk conjuncts: tpcds_partitioned_parquet_snap.catalog_sales.cs_sold_date_sk = tpcds_partitioned_parquet_snap.date_dim_0.d_date_sk
|  |  runtime filters: RF014[bloom] <- tpcds_partitioned_parquet_snap.date_dim_0.d_date_sk
|  |  mem-estimate=1.94MB mem-reservation=1.94MB spill-buffer=64.00KB thread-reservation=0
|  |  tuple-ids=12,14 row-size=28B cardinality=254.82M cost=111533149
|  |  in pipelines: 13(GETNEXT), 14(OPEN)
|  |
|  |--14:SCAN HDFS [tpcds_partitioned_parquet_snap.date_dim]
|  |     HDFS partitions=1/1 files=1 size=2.17MB
|  |     predicates: tpcds_partitioned_parquet_snap.date_dim_0.d_year = CAST(2000 AS INT), tpcds_partitioned_parquet_snap.date_dim_0.d_moy = CAST(9 AS INT)
|  |     stored statistics:
|  |       table: rows=73.05K size=2.17MB
|  |       columns: all
|  |     extrapolated-rows=disabled max-scan-range-rows=73.05K
|  |     parquet statistics predicates: tpcds_partitioned_parquet_snap.date_dim_0.d_year = CAST(2000 AS INT), tpcds_partitioned_parquet_snap.date_dim_0.d_moy = CAST(9 AS INT)
|  |     parquet dictionary predicates: tpcds_partitioned_parquet_snap.date_dim_0.d_year = CAST(2000 AS INT), tpcds_partitioned_parquet_snap.date_dim_0.d_moy = CAST(9 AS INT)
|  |     mem-estimate=16.00MB mem-reservation=512.00KB thread-reservation=0
|  |     tuple-ids=14 row-size=12B cardinality=108 cost=16728
|  |     in pipelines: 14(GETNEXT)
|  |
|  13:SCAN HDFS [tpcds_partitioned_parquet_snap.catalog_sales]
|     HDFS partitions=1831/1831 files=1831 size=280.96GB
|     runtime filters: RF013[min_max] -> tpcds_partitioned_parquet_snap.catalog_sales.cs_bill_addr_sk, RF011[min_max] -> tpcds_partitioned_parquet_snap.catalog_sales.cs_item_sk, RF014[bloom] -> tpcds_partitioned_parquet_snap.catalog_sales.cs_sold_date_sk, RF012[bloom] -> tpcds_partitioned_parquet_snap.catalog_sales.cs_bill_addr_sk
|     stored statistics:
|       table: rows=4.32G size=280.96GB
|       partitions: 1831/1831 rows=4.32G
|       columns: all
|     extrapolated-rows=disabled max-scan-range-rows=21.52M est-scan-range=109(filtered from 1831)
|     mem-estimate=16.00MB mem-reservation=1.00MB thread-reservation=0
|     tuple-ids=12 row-size=16B cardinality=254.82M(filtered from 4.32G) cost=58709647
|     in pipelines: 13(GETNEXT)
|
12:AGGREGATE [FINALIZE]
|  output: sum(tpcds_partitioned_parquet_snap.store_sales.ss_ext_sales_price)
|  group by: tpcds_partitioned_parquet_snap.item.i_item_id
|  mem-estimate=17.00MB mem-reservation=17.00MB spill-buffer=1.00MB thread-reservation=0
|  tuple-ids=11 row-size=44B cardinality=185.57K cost=5011645
|  in pipelines: 12(GETNEXT), 02(OPEN)
|
11:HASH JOIN [INNER JOIN]
|  hash predicates: tpcds_partitioned_parquet_snap.item.i_item_id = tpcds_partitioned_parquet_snap.item_0.i_item_id
|  fk/pk conjuncts: none
|  runtime filters: RF000[bloom] <- tpcds_partitioned_parquet_snap.item_0.i_item_id, RF001[min_max] <- tpcds_partitioned_parquet_snap.item_0.i_item_id
|  mem-estimate=2.88MB mem-reservation=2.88MB spill-buffer=128.00KB thread-reservation=0
|  tuple-ids=0,2,4,6,10 row-size=96B cardinality=15.48M cost=23356498
|  in pipelines: 02(GETNEXT), 10(OPEN)
|
|--10:AGGREGATE [FINALIZE]
|  |  group by: tpcds_partitioned_parquet_snap.item_0.i_item_id
|  |  mem-estimate=10.00MB mem-reservation=2.88MB spill-buffer=128.00KB thread-reservation=0
|  |  tuple-ids=10 row-size=28B cardinality=35.91K cost=104142
|  |  in pipelines: 10(GETNEXT), 09(OPEN)
|  |
|  09:SCAN HDFS [tpcds_partitioned_parquet_snap.item]
|     HDFS partitions=1/1 files=1 size=33.54MB
|     predicates: tpcds_partitioned_parquet_snap.item_0.i_category = 'Men'
|     stored statistics:
|       table: rows=360.00K size=33.54MB
|       columns: all
|     extrapolated-rows=disabled max-scan-range-rows=101.54K
|     parquet statistics predicates: tpcds_partitioned_parquet_snap.item_0.i_category = 'Men'
|     parquet dictionary predicates: tpcds_partitioned_parquet_snap.item_0.i_category = 'Men'
|     mem-estimate=16.00MB mem-reservation=512.00KB thread-reservation=0
|     tuple-ids=8 row-size=46B cardinality=35.91K cost=123671
|     in pipelines: 09(GETNEXT)
|
08:HASH JOIN [INNER JOIN]
|  hash predicates: tpcds_partitioned_parquet_snap.store_sales.ss_item_sk = tpcds_partitioned_parquet_snap.item.i_item_sk
|  fk/pk conjuncts: tpcds_partitioned_parquet_snap.store_sales.ss_item_sk = tpcds_partitioned_parquet_snap.item.i_item_sk
|  runtime filters: RF002[bloom] <- tpcds_partitioned_parquet_snap.item.i_item_sk, RF003[min_max] <- tpcds_partitioned_parquet_snap.item.i_item_sk
|  mem-estimate=34.00MB mem-reservation=34.00MB spill-buffer=2.00MB thread-reservation=0
|  tuple-ids=0,2,4,6 row-size=68B cardinality=79.98M cost=35378842
|  in pipelines: 02(GETNEXT), 07(OPEN)
|
|--07:SCAN HDFS [tpcds_partitioned_parquet_snap.item]
|     HDFS partitions=1/1 files=1 size=33.54MB
|     runtime filters: RF001[min_max] -> tpcds_partitioned_parquet_snap.item.i_item_id, RF000[bloom] -> tpcds_partitioned_parquet_snap.item.i_item_id
|     stored statistics:
|       table: rows=360.00K size=33.54MB
|       columns: all
|     extrapolated-rows=disabled max-scan-range-rows=101.54K
|     mem-estimate=16.00MB mem-reservation=512.00KB thread-reservation=0
|     tuple-ids=6 row-size=32B cardinality=360.00K cost=103680
|     in pipelines: 07(GETNEXT)
|
06:HASH JOIN [INNER JOIN]
|  hash predicates: tpcds_partitioned_parquet_snap.store_sales.ss_addr_sk = tpcds_partitioned_parquet_snap.customer_address.ca_address_sk
|  fk/pk conjuncts: tpcds_partitioned_parquet_snap.store_sales.ss_addr_sk = tpcds_partitioned_parquet_snap.customer_address.ca_address_sk
|  runtime filters: RF004[bloom] <- tpcds_partitioned_parquet_snap.customer_address.ca_address_sk, RF005[min_max] <- tpcds_partitioned_parquet_snap.customer_address.ca_address_sk
|  mem-estimate=66.50MB mem-reservation=34.00MB spill-buffer=2.00MB thread-reservation=0
|  tuple-ids=0,2,4 row-size=36B cardinality=80.02M cost=148144235
|  in pipelines: 02(GETNEXT), 05(OPEN)
|
|--05:SCAN HDFS [tpcds_partitioned_parquet_snap.customer_address]
|     HDFS partitions=1/1 files=1 size=307.36MB
|     predicates: CAST(tpcds_partitioned_parquet_snap.customer_address.ca_gmt_offset AS DECIMAL(12,2)) = CAST(-5 AS DECIMAL(12,2))
|     stored statistics:
|       table: rows=15.00M size=307.36MB
|       columns: all
|     extrapolated-rows=disabled max-scan-range-rows=1.58M
|     parquet dictionary predicates: CAST(tpcds_partitioned_parquet_snap.customer_address.ca_gmt_offset AS DECIMAL(12,2)) = CAST(-5 AS DECIMAL(12,2))
|     mem-estimate=16.00MB mem-reservation=128.00KB thread-reservation=0
|     tuple-ids=4 row-size=8B cardinality=2.43M cost=2149500
|     in pipelines: 05(GETNEXT)
|
04:HASH JOIN [INNER JOIN]
|  hash predicates: tpcds_partitioned_parquet_snap.store_sales.ss_sold_date_sk = tpcds_partitioned_parquet_snap.date_dim.d_date_sk
|  fk/pk conjuncts: tpcds_partitioned_parquet_snap.store_sales.ss_sold_date_sk = tpcds_partitioned_parquet_snap.date_dim.d_date_sk
|  runtime filters: RF006[bloom] <- tpcds_partitioned_parquet_snap.date_dim.d_date_sk
|  mem-estimate=1.94MB mem-reservation=1.94MB spill-buffer=64.00KB thread-reservation=0
|  tuple-ids=0,2 row-size=28B cardinality=511.58M cost=223916534
|  in pipelines: 02(GETNEXT), 03(OPEN)
|
|--03:SCAN HDFS [tpcds_partitioned_parquet_snap.date_dim]
|     HDFS partitions=1/1 files=1 size=2.17MB
|     predicates: tpcds_partitioned_parquet_snap.date_dim.d_year = CAST(2000 AS INT), tpcds_partitioned_parquet_snap.date_dim.d_moy = CAST(9 AS INT)
|     stored statistics:
|       table: rows=73.05K size=2.17MB
|       columns: all
|     extrapolated-rows=disabled max-scan-range-rows=73.05K
|     parquet statistics predicates: tpcds_partitioned_parquet_snap.date_dim.d_year = CAST(2000 AS INT), tpcds_partitioned_parquet_snap.date_dim.d_moy = CAST(9 AS INT)
|     parquet dictionary predicates: tpcds_partitioned_parquet_snap.date_dim.d_year = CAST(2000 AS INT), tpcds_partitioned_parquet_snap.date_dim.d_moy = CAST(9 AS INT)
|     mem-estimate=16.00MB mem-reservation=512.00KB thread-reservation=0
|     tuple-ids=2 row-size=12B cardinality=108 cost=16728
|     in pipelines: 03(GETNEXT)
|
02:SCAN HDFS [tpcds_partitioned_parquet_snap.store_sales]
   HDFS partitions=1824/1824 files=1824 size=389.90GB
   runtime filters: RF005[min_max] -> tpcds_partitioned_parquet_snap.store_sales.ss_addr_sk, RF003[min_max] -> tpcds_partitioned_parquet_snap.store_sales.ss_item_sk, RF006[bloom] -> tpcds_partitioned_parquet_snap.store_sales.ss_sold_date_sk, RF004[bloom] -> tpcds_partitioned_parquet_snap.store_sales.ss_addr_sk, RF002[bloom] -> tpcds_partitioned_parquet_snap.store_sales.ss_item_sk
   stored statistics:
     table: rows=8.64G size=389.90GB
     partitions: 1824/1824 rows=8.64G
     columns: all
   extrapolated-rows=disabled max-scan-range-rows=390.22M est-scan-range=109(filtered from 1824)
   mem-estimate=16.00MB mem-reservation=8.00MB thread-reservation=0
   tuple-ids=0 row-size=16B cardinality=511.58M(filtered from 8.64G) cost=117866905
   in pipelines: 02(GETNEXT)
---- DISTRIBUTEDPLAN
Max Per-Host Resource Reservation: Memory=1.38GB Threads=46
Per-Host Resource Estimates: Memory=2.65GB
F24:PLAN FRAGMENT [UNPARTITIONED] hosts=1 instances=1
|  Per-Instance Resources: mem-estimate=4.03MB mem-reservation=4.00MB thread-reservation=1
|  max-parallelism=1 segment-costs=[230] cpu-comparison-result=170 [max(1 (self) vs 170 (sum children))]
PLAN-ROOT SINK
|  output exprs: I_ITEM_ID, sum(TOTAL_SALES)
|  mem-estimate=4.00MB mem-reservation=4.00MB spill-buffer=2.00MB thread-reservation=0 cost=200
|
63:MERGING-EXCHANGE [UNPARTITIONED]
|  order by: I_ITEM_ID ASC NULLS LAST, sum(TOTAL_SALES) ASC NULLS LAST
|  limit: 100
|  mem-estimate=31.52KB mem-reservation=0B thread-reservation=0
|  tuple-ids=39 row-size=28B cardinality=100 cost=30
|  in pipelines: 36(GETNEXT)
|
F23:PLAN FRAGMENT [HASH(I_ITEM_ID)] hosts=10 instances=10 (adjusted from 120)
Per-Instance Resources: mem-estimate=131.36MB mem-reservation=34.00MB thread-reservation=1
max-parallelism=10 segment-costs=[1747855, 5990794, 104] cpu-comparison-result=170 [max(10 (self) vs 170 (sum children))]
36:TOP-N [LIMIT=100]
|  order by: I_ITEM_ID ASC NULLS LAST, sum(TOTAL_SALES) ASC NULLS LAST
|  mem-estimate=2.73KB mem-reservation=0B thread-reservation=0
|  tuple-ids=39 row-size=28B cardinality=100 cost=5990794
|  in pipelines: 36(GETNEXT), 62(OPEN)
|
62:AGGREGATE [FINALIZE]
|  output: sum:merge(TOTAL_SALES)
|  group by: I_ITEM_ID
|  mem-estimate=128.00MB mem-reservation=34.00MB spill-buffer=2.00MB thread-reservation=0
|  tuple-ids=38 row-size=28B cardinality=556.71K cost=1614300
|  in pipelines: 62(GETNEXT), 44(OPEN), 52(OPEN), 60(OPEN)
|
61:EXCHANGE [HASH(I_ITEM_ID)]
|  mem-estimate=3.36MB mem-reservation=0B thread-reservation=0
|  tuple-ids=38 row-size=28B cardinality=556.71K cost=133555
|  in pipelines: 44(GETNEXT), 52(GETNEXT), 60(GETNEXT)
|
F22:PLAN FRAGMENT [RANDOM] hosts=10 instances=60 (adjusted from 120)
Per-Instance Resources: mem-estimate=159.06MB mem-reservation=51.00MB thread-reservation=1
max-parallelism=60 segment-costs=[7244671, 4433315, 2636623, 1614300, 1290683] cpu-comparison-result=170 [max(60 (self) vs 170 (sum children))]
35:AGGREGATE [STREAMING]
|  output: sum(TOTAL_SALES)
|  group by: I_ITEM_ID
|  mem-estimate=128.00MB mem-reservation=34.00MB spill-buffer=2.00MB thread-reservation=0
|  tuple-ids=38 row-size=28B cardinality=556.71K cost=1614300
|  in pipelines: 44(GETNEXT), 52(GETNEXT), 60(GETNEXT)
|
00:UNION
|  pass-through-operands: all
|  mem-estimate=0B mem-reservation=0B thread-reservation=0
|  tuple-ids=37 row-size=28B cardinality=556.71K cost=0
|  in pipelines: 44(GETNEXT), 52(GETNEXT), 60(GETNEXT)
|
|--60:AGGREGATE [FINALIZE]
|  |  output: sum:merge(tpcds_partitioned_parquet_snap.web_sales.ws_ext_sales_price)
|  |  group by: tpcds_partitioned_parquet_snap.item_3.i_item_id
|  |  mem-estimate=10.00MB mem-reservation=4.75MB spill-buffer=256.00KB thread-reservation=0
|  |  tuple-ids=36 row-size=44B cardinality=185.57K cost=1522921
|  |  in pipelines: 60(GETNEXT), 24(OPEN)
|  |
|  59:EXCHANGE [HASH(tpcds_partitioned_parquet_snap.item_3.i_item_id)]
|  |  mem-estimate=10.94MB mem-reservation=0B thread-reservation=0
|  |  tuple-ids=36 row-size=44B cardinality=3.55M cost=1113702
|  |  in pipelines: 24(GETNEXT)
|  |
|  F15:PLAN FRAGMENT [RANDOM] hosts=10 instances=20 (adjusted from 120)
|  Per-Host Shared Resources: mem-estimate=3.00MB mem-reservation=3.00MB thread-reservation=0 runtime-filters-memory=3.00MB
|  Per-Instance Resources: mem-estimate=37.25MB mem-reservation=9.12MB thread-reservation=1
|  max-parallelism=20 segment-costs=[146853459, 11896545] cpu-comparison-result=55 [max(20 (self) vs 55 (sum children))]
|  34:AGGREGATE [STREAMING]
|  |  output: sum(tpcds_partitioned_parquet_snap.web_sales.ws_ext_sales_price)
|  |  group by: tpcds_partitioned_parquet_snap.item_3.i_item_id
|  |  mem-estimate=10.00MB mem-reservation=9.00MB spill-buffer=512.00KB thread-reservation=0
|  |  tuple-ids=36 row-size=44B cardinality=3.55M cost=10393973
|  |  in pipelines: 24(GETNEXT)
|  |
|  33:HASH JOIN [INNER JOIN, BROADCAST]
|  |  hash-table-id=08
|  |  hash predicates: tpcds_partitioned_parquet_snap.item_3.i_item_id = tpcds_partitioned_parquet_snap.item_4.i_item_id
|  |  fk/pk conjuncts: none
|  |  mem-estimate=0B mem-reservation=0B spill-buffer=128.00KB thread-reservation=0
|  |  tuple-ids=25,27,29,31,35 row-size=96B cardinality=3.87M cost=5830103
|  |  in pipelines: 24(GETNEXT), 57(OPEN)
|  |
|  |--F33:PLAN FRAGMENT [RANDOM] hosts=10 instances=10
|  |  |  Per-Instance Resources: mem-estimate=7.83MB mem-reservation=6.75MB thread-reservation=1 runtime-filters-memory=1.00MB
|  |  |  max-parallelism=10 segment-costs=[83645] cpu-comparison-result=10 [max(10 (self) vs 4 (sum children))]
|  |  JOIN BUILD
|  |  |  join-table-id=08 plan-id=09 cohort-id=03
|  |  |  build expressions: tpcds_partitioned_parquet_snap.item_4.i_item_id
|  |  |  runtime filters: RF016[bloom] <- tpcds_partitioned_parquet_snap.item_4.i_item_id, RF017[min_max] <- tpcds_partitioned_parquet_snap.item_4.i_item_id
|  |  |  mem-estimate=5.75MB mem-reservation=5.75MB spill-buffer=128.00KB thread-reservation=0 cost=35915
|  |  |
|  |  58:EXCHANGE [BROADCAST]
|  |  |  mem-estimate=1.08MB mem-reservation=0B thread-reservation=0
|  |  |  tuple-ids=35 row-size=28B cardinality=35.91K cost=47730
|  |  |  in pipelines: 57(GETNEXT)
|  |  |
|  |  F20:PLAN FRAGMENT [HASH(tpcds_partitioned_parquet_snap.item_4.i_item_id)] hosts=4 instances=4
|  |  Per-Instance Resources: mem-estimate=10.36MB mem-reservation=1.94MB thread-reservation=1
|  |  max-parallelism=4 segment-costs=[112758, 3490] cpu-comparison-result=4 [max(4 (self) vs 4 (sum children))]
|  |  57:AGGREGATE [FINALIZE]
|  |  |  group by: tpcds_partitioned_parquet_snap.item_4.i_item_id
|  |  |  mem-estimate=10.00MB mem-reservation=1.94MB spill-buffer=64.00KB thread-reservation=0
|  |  |  tuple-ids=35 row-size=28B cardinality=35.91K cost=104142
|  |  |  in pipelines: 57(GETNEXT), 31(OPEN)
|  |  |
|  |  56:EXCHANGE [HASH(tpcds_partitioned_parquet_snap.item_4.i_item_id)]
|  |  |  mem-estimate=373.51KB mem-reservation=0B thread-reservation=0
|  |  |  tuple-ids=35 row-size=28B cardinality=35.91K cost=8616
|  |  |  in pipelines: 31(GETNEXT)
|  |  |
|  |  F19:PLAN FRAGMENT [RANDOM] hosts=4 instances=4
|  |  Per-Instance Resources: mem-estimate=26.50MB mem-reservation=2.50MB thread-reservation=1
|  |  max-parallelism=4 segment-costs=[227813, 83265]
|  |  32:AGGREGATE [STREAMING]
|  |  |  group by: tpcds_partitioned_parquet_snap.item_4.i_item_id
|  |  |  mem-estimate=10.00MB mem-reservation=2.00MB spill-buffer=64.00KB thread-reservation=0
|  |  |  tuple-ids=35 row-size=28B cardinality=35.91K cost=104142
|  |  |  in pipelines: 31(GETNEXT)
|  |  |
|  |  31:SCAN HDFS [tpcds_partitioned_parquet_snap.item, RANDOM]
|  |     HDFS partitions=1/1 files=1 size=33.54MB
|  |     predicates: tpcds_partitioned_parquet_snap.item_4.i_category = 'Men'
|  |     stored statistics:
|  |       table: rows=360.00K size=33.54MB
|  |       columns: all
|  |     extrapolated-rows=disabled max-scan-range-rows=101.54K
|  |     parquet statistics predicates: tpcds_partitioned_parquet_snap.item_4.i_category = 'Men'
|  |     parquet dictionary predicates: tpcds_partitioned_parquet_snap.item_4.i_category = 'Men'
|  |     mem-estimate=16.00MB mem-reservation=512.00KB thread-reservation=0
|  |     tuple-ids=33 row-size=46B cardinality=35.91K cost=123671
|  |     in pipelines: 31(GETNEXT)
|  |
|  30:HASH JOIN [INNER JOIN, BROADCAST]
|  |  hash-table-id=09
|  |  hash predicates: tpcds_partitioned_parquet_snap.web_sales.ws_item_sk = tpcds_partitioned_parquet_snap.item_3.i_item_sk
|  |  fk/pk conjuncts: tpcds_partitioned_parquet_snap.web_sales.ws_item_sk = tpcds_partitioned_parquet_snap.item_3.i_item_sk
|  |  mem-estimate=0B mem-reservation=0B spill-buffer=2.00MB thread-reservation=0
|  |  tuple-ids=25,27,29,31 row-size=68B cardinality=20.00M cost=8754646
|  |  in pipelines: 24(GETNEXT), 29(OPEN)
|  |
|  |--F34:PLAN FRAGMENT [RANDOM] hosts=10 instances=10
|  |  |  Per-Instance Resources: mem-estimate=78.14MB mem-reservation=68.00MB thread-reservation=1
|  |  |  max-parallelism=10 segment-costs=[838440]
|  |  JOIN BUILD
|  |  |  join-table-id=09 plan-id=10 cohort-id=03
|  |  |  build expressions: tpcds_partitioned_parquet_snap.item_3.i_item_sk
|  |  |  runtime filters: RF019[min_max] <- tpcds_partitioned_parquet_snap.item_3.i_item_sk
|  |  |  mem-estimate=68.00MB mem-reservation=68.00MB spill-buffer=2.00MB thread-reservation=0 cost=360000
|  |  |
|  |  55:EXCHANGE [BROADCAST]
|  |  |  mem-estimate=10.14MB mem-reservation=0B thread-reservation=0
|  |  |  tuple-ids=31 row-size=32B cardinality=360.00K cost=478440
|  |  |  in pipelines: 29(GETNEXT)
|  |  |
|  |  F18:PLAN FRAGMENT [RANDOM] hosts=4 instances=4
|  |  Per-Host Shared Resources: mem-estimate=1.00MB mem-reservation=1.00MB thread-reservation=0 runtime-filters-memory=1.00MB
|  |  Per-Instance Resources: mem-estimate=16.14MB mem-reservation=512.00KB thread-reservation=1
|  |  max-parallelism=4 segment-costs=[142560]
|  |  29:SCAN HDFS [tpcds_partitioned_parquet_snap.item, RANDOM]
|  |     HDFS partitions=1/1 files=1 size=33.54MB
|  |     runtime filters: RF017[min_max] -> tpcds_partitioned_parquet_snap.item_3.i_item_id, RF016[bloom] -> tpcds_partitioned_parquet_snap.item_3.i_item_id
|  |     stored statistics:
|  |       table: rows=360.00K size=33.54MB
|  |       columns: all
|  |     extrapolated-rows=disabled max-scan-range-rows=101.54K
|  |     mem-estimate=16.00MB mem-reservation=512.00KB thread-reservation=0
|  |     tuple-ids=31 row-size=32B cardinality=360.00K cost=103680
|  |     in pipelines: 29(GETNEXT)
|  |
|  28:HASH JOIN [INNER JOIN, BROADCAST]
|  |  hash-table-id=10
|  |  hash predicates: tpcds_partitioned_parquet_snap.web_sales.ws_bill_addr_sk = tpcds_partitioned_parquet_snap.customer_address_1.ca_address_sk
|  |  fk/pk conjuncts: tpcds_partitioned_parquet_snap.web_sales.ws_bill_addr_sk = tpcds_partitioned_parquet_snap.customer_address_1.ca_address_sk
|  |  mem-estimate=0B mem-reservation=0B spill-buffer=2.00MB thread-reservation=0
|  |  tuple-ids=25,27,29 row-size=36B cardinality=20.01M cost=36429531
|  |  in pipelines: 24(GETNEXT), 27(OPEN)
|  |
|  |--F35:PLAN FRAGMENT [RANDOM] hosts=10 instances=10
|  |  |  Per-Instance Resources: mem-estimate=80.12MB mem-reservation=70.00MB thread-reservation=1 runtime-filters-memory=2.00MB
|  |  |  max-parallelism=10 segment-costs=[5647923]
|  |  JOIN BUILD
|  |  |  join-table-id=10 plan-id=11 cohort-id=03
|  |  |  build expressions: tpcds_partitioned_parquet_snap.customer_address_1.ca_address_sk
|  |  |  runtime filters: RF020[bloom] <- tpcds_partitioned_parquet_snap.customer_address_1.ca_address_sk, RF021[min_max] <- tpcds_partitioned_parquet_snap.customer_address_1.ca_address_sk
|  |  |  mem-estimate=68.00MB mem-reservation=68.00MB spill-buffer=2.00MB thread-reservation=0 cost=2425043
|  |  |
|  |  54:EXCHANGE [BROADCAST]
|  |  |  mem-estimate=10.12MB mem-reservation=0B thread-reservation=0
|  |  |  tuple-ids=29 row-size=8B cardinality=2.43M cost=3222880
|  |  |  in pipelines: 27(GETNEXT)
|  |  |
|  |  F17:PLAN FRAGMENT [RANDOM] hosts=10 instances=10
|  |  Per-Instance Resources: mem-estimate=16.05MB mem-reservation=128.00KB thread-reservation=1
|  |  max-parallelism=10 segment-costs=[2254261]
|  |  27:SCAN HDFS [tpcds_partitioned_parquet_snap.customer_address, RANDOM]
|  |     HDFS partitions=1/1 files=1 size=307.36MB
|  |     predicates: CAST(tpcds_partitioned_parquet_snap.customer_address_1.ca_gmt_offset AS DECIMAL(12,2)) = CAST(-5 AS DECIMAL(12,2))
|  |     stored statistics:
|  |       table: rows=15.00M size=307.36MB
|  |       columns: all
|  |     extrapolated-rows=disabled max-scan-range-rows=1.58M
|  |     parquet dictionary predicates: CAST(tpcds_partitioned_parquet_snap.customer_address_1.ca_gmt_offset AS DECIMAL(12,2)) = CAST(-5 AS DECIMAL(12,2))
|  |     mem-estimate=16.00MB mem-reservation=128.00KB thread-reservation=0
|  |     tuple-ids=29 row-size=8B cardinality=2.43M cost=2149500
|  |     in pipelines: 27(GETNEXT)
|  |
|  26:HASH JOIN [INNER JOIN, BROADCAST]
|  |  hash-table-id=11
|  |  hash predicates: tpcds_partitioned_parquet_snap.web_sales.ws_sold_date_sk = tpcds_partitioned_parquet_snap.date_dim_1.d_date_sk
|  |  fk/pk conjuncts: tpcds_partitioned_parquet_snap.web_sales.ws_sold_date_sk = tpcds_partitioned_parquet_snap.date_dim_1.d_date_sk
|  |  mem-estimate=0B mem-reservation=0B spill-buffer=64.00KB thread-reservation=0
|  |  tuple-ids=25,27 row-size=28B cardinality=127.89M cost=55978696
|  |  in pipelines: 24(GETNEXT), 25(OPEN)
|  |
|  |--F36:PLAN FRAGMENT [RANDOM] hosts=10 instances=10
|  |  |  Per-Instance Resources: mem-estimate=4.89MB mem-reservation=4.88MB thread-reservation=1 runtime-filters-memory=1.00MB
|  |  |  max-parallelism=10 segment-costs=[248]
|  |  JOIN BUILD
|  |  |  join-table-id=11 plan-id=12 cohort-id=03
|  |  |  build expressions: tpcds_partitioned_parquet_snap.date_dim_1.d_date_sk
|  |  |  runtime filters: RF022[bloom] <- tpcds_partitioned_parquet_snap.date_dim_1.d_date_sk
|  |  |  mem-estimate=3.88MB mem-reservation=3.88MB spill-buffer=64.00KB thread-reservation=0 cost=108
|  |  |
|  |  53:EXCHANGE [BROADCAST]
|  |  |  mem-estimate=16.00KB mem-reservation=0B thread-reservation=0
|  |  |  tuple-ids=27 row-size=12B cardinality=108 cost=140
|  |  |  in pipelines: 25(GETNEXT)
|  |  |
|  |  F16:PLAN FRAGMENT [RANDOM] hosts=1 instances=1
|  |  Per-Instance Resources: mem-estimate=16.06MB mem-reservation=512.00KB thread-reservation=1
|  |  max-parallelism=1 segment-costs=[16733]
|  |  25:SCAN HDFS [tpcds_partitioned_parquet_snap.date_dim, RANDOM]
|  |     HDFS partitions=1/1 files=1 size=2.17MB
|  |     predicates: tpcds_partitioned_parquet_snap.date_dim_1.d_year = CAST(2000 AS INT), tpcds_partitioned_parquet_snap.date_dim_1.d_moy = CAST(9 AS INT)
|  |     stored statistics:
|  |       table: rows=73.05K size=2.17MB
|  |       columns: all
|  |     extrapolated-rows=disabled max-scan-range-rows=73.05K
|  |     parquet statistics predicates: tpcds_partitioned_parquet_snap.date_dim_1.d_year = CAST(2000 AS INT), tpcds_partitioned_parquet_snap.date_dim_1.d_moy = CAST(9 AS INT)
|  |     parquet dictionary predicates: tpcds_partitioned_parquet_snap.date_dim_1.d_year = CAST(2000 AS INT), tpcds_partitioned_parquet_snap.date_dim_1.d_moy = CAST(9 AS INT)
|  |     mem-estimate=16.00MB mem-reservation=512.00KB thread-reservation=0
|  |     tuple-ids=27 row-size=12B cardinality=108 cost=16728
|  |     in pipelines: 25(GETNEXT)
|  |
|  24:SCAN HDFS [tpcds_partitioned_parquet_snap.web_sales, RANDOM]
|     HDFS partitions=1824/1824 files=1824 size=145.75GB
|     runtime filters: RF021[min_max] -> tpcds_partitioned_parquet_snap.web_sales.ws_bill_addr_sk, RF019[min_max] -> tpcds_partitioned_parquet_snap.web_sales.ws_item_sk, RF022[bloom] -> tpcds_partitioned_parquet_snap.web_sales.ws_sold_date_sk, RF020[bloom] -> tpcds_partitioned_parquet_snap.web_sales.ws_bill_addr_sk
|     stored statistics:
|       table: rows=2.16G size=145.75GB
|       partitions: 1824/1824 rows=2.16G
|       columns: all
|     extrapolated-rows=disabled max-scan-range-rows=3.37M est-scan-range=109(filtered from 1824)
|     mem-estimate=16.00MB mem-reservation=128.00KB thread-reservation=0
|     tuple-ids=25 row-size=16B cardinality=127.89M(filtered from 2.16G) cost=29466510
|     in pipelines: 24(GETNEXT)
|
01:UNION
|  pass-through-operands: all
|  mem-estimate=0B mem-reservation=0B thread-reservation=0
|  tuple-ids=24 row-size=28B cardinality=371.14K cost=0
|  in pipelines: 44(GETNEXT), 52(GETNEXT)
|
|--52:AGGREGATE [FINALIZE]
|  |  output: sum:merge(tpcds_partitioned_parquet_snap.catalog_sales.cs_ext_sales_price)
|  |  group by: tpcds_partitioned_parquet_snap.item_1.i_item_id
|  |  mem-estimate=10.00MB mem-reservation=8.50MB spill-buffer=512.00KB thread-reservation=0
|  |  tuple-ids=23 row-size=44B cardinality=185.57K cost=2390136
|  |  in pipelines: 52(GETNEXT), 13(OPEN)
|  |
|  51:EXCHANGE [HASH(tpcds_partitioned_parquet_snap.item_1.i_item_id)]
|  |  mem-estimate=11.41MB mem-reservation=0B thread-reservation=0
|  |  tuple-ids=23 row-size=44B cardinality=6.52M cost=2043179
|  |  in pipelines: 13(GETNEXT)
|  |
|  F07:PLAN FRAGMENT [RANDOM] hosts=10 instances=30 (adjusted from 120)
|  Per-Host Shared Resources: mem-estimate=3.00MB mem-reservation=3.00MB thread-reservation=0 runtime-filters-memory=3.00MB
|  Per-Instance Resources: mem-estimate=44.25MB mem-reservation=18.00MB thread-reservation=1
|  max-parallelism=30 segment-costs=[291131802, 21825201] cpu-comparison-result=55 [max(30 (self) vs 55 (sum children))]
|  23:AGGREGATE [STREAMING]
|  |  output: sum(tpcds_partitioned_parquet_snap.catalog_sales.cs_ext_sales_price)
|  |  group by: tpcds_partitioned_parquet_snap.item_1.i_item_id
|  |  mem-estimate=17.00MB mem-reservation=17.00MB spill-buffer=1.00MB thread-reservation=0
|  |  tuple-ids=23 row-size=44B cardinality=6.52M cost=19247271
|  |  in pipelines: 13(GETNEXT)
|  |
|  22:HASH JOIN [INNER JOIN, BROADCAST]
|  |  hash-table-id=04
|  |  hash predicates: tpcds_partitioned_parquet_snap.item_1.i_item_id = tpcds_partitioned_parquet_snap.item_2.i_item_id
|  |  fk/pk conjuncts: none
|  |  mem-estimate=0B mem-reservation=0B spill-buffer=128.00KB thread-reservation=0
|  |  tuple-ids=12,14,16,18,22 row-size=96B cardinality=7.71M cost=11616011
|  |  in pipelines: 13(GETNEXT), 49(OPEN)
|  |
|  |--F29:PLAN FRAGMENT [RANDOM] hosts=10 instances=10
|  |  |  Per-Instance Resources: mem-estimate=10.71MB mem-reservation=9.62MB thread-reservation=1 runtime-filters-memory=1.00MB
|  |  |  max-parallelism=10 segment-costs=[83645] cpu-comparison-result=10 [max(10 (self) vs 4 (sum children))]
|  |  JOIN BUILD
|  |  |  join-table-id=04 plan-id=05 cohort-id=02
|  |  |  build expressions: tpcds_partitioned_parquet_snap.item_2.i_item_id
|  |  |  runtime filters: RF008[bloom] <- tpcds_partitioned_parquet_snap.item_2.i_item_id, RF009[min_max] <- tpcds_partitioned_parquet_snap.item_2.i_item_id
|  |  |  mem-estimate=8.62MB mem-reservation=8.62MB spill-buffer=128.00KB thread-reservation=0 cost=35915
|  |  |
|  |  50:EXCHANGE [BROADCAST]
|  |  |  mem-estimate=1.08MB mem-reservation=0B thread-reservation=0
|  |  |  tuple-ids=22 row-size=28B cardinality=35.91K cost=47730
|  |  |  in pipelines: 49(GETNEXT)
|  |  |
|  |  F12:PLAN FRAGMENT [HASH(tpcds_partitioned_parquet_snap.item_2.i_item_id)] hosts=4 instances=4
|  |  Per-Instance Resources: mem-estimate=10.36MB mem-reservation=1.94MB thread-reservation=1
|  |  max-parallelism=4 segment-costs=[112758, 3490] cpu-comparison-result=4 [max(4 (self) vs 4 (sum children))]
|  |  49:AGGREGATE [FINALIZE]
|  |  |  group by: tpcds_partitioned_parquet_snap.item_2.i_item_id
|  |  |  mem-estimate=10.00MB mem-reservation=1.94MB spill-buffer=64.00KB thread-reservation=0
|  |  |  tuple-ids=22 row-size=28B cardinality=35.91K cost=104142
|  |  |  in pipelines: 49(GETNEXT), 20(OPEN)
|  |  |
|  |  48:EXCHANGE [HASH(tpcds_partitioned_parquet_snap.item_2.i_item_id)]
|  |  |  mem-estimate=373.51KB mem-reservation=0B thread-reservation=0
|  |  |  tuple-ids=22 row-size=28B cardinality=35.91K cost=8616
|  |  |  in pipelines: 20(GETNEXT)
|  |  |
|  |  F11:PLAN FRAGMENT [RANDOM] hosts=4 instances=4
|  |  Per-Instance Resources: mem-estimate=26.50MB mem-reservation=2.50MB thread-reservation=1
|  |  max-parallelism=4 segment-costs=[227813, 83265]
|  |  21:AGGREGATE [STREAMING]
|  |  |  group by: tpcds_partitioned_parquet_snap.item_2.i_item_id
|  |  |  mem-estimate=10.00MB mem-reservation=2.00MB spill-buffer=64.00KB thread-reservation=0
|  |  |  tuple-ids=22 row-size=28B cardinality=35.91K cost=104142
|  |  |  in pipelines: 20(GETNEXT)
|  |  |
|  |  20:SCAN HDFS [tpcds_partitioned_parquet_snap.item, RANDOM]
|  |     HDFS partitions=1/1 files=1 size=33.54MB
|  |     predicates: tpcds_partitioned_parquet_snap.item_2.i_category = 'Men'
|  |     stored statistics:
|  |       table: rows=360.00K size=33.54MB
|  |       columns: all
|  |     extrapolated-rows=disabled max-scan-range-rows=101.54K
|  |     parquet statistics predicates: tpcds_partitioned_parquet_snap.item_2.i_category = 'Men'
|  |     parquet dictionary predicates: tpcds_partitioned_parquet_snap.item_2.i_category = 'Men'
|  |     mem-estimate=16.00MB mem-reservation=512.00KB thread-reservation=0
|  |     tuple-ids=20 row-size=46B cardinality=35.91K cost=123671
|  |     in pipelines: 20(GETNEXT)
|  |
|  19:HASH JOIN [INNER JOIN, BROADCAST]
|  |  hash-table-id=05
|  |  hash predicates: tpcds_partitioned_parquet_snap.catalog_sales.cs_item_sk = tpcds_partitioned_parquet_snap.item_1.i_item_sk
|  |  fk/pk conjuncts: tpcds_partitioned_parquet_snap.catalog_sales.cs_item_sk = tpcds_partitioned_parquet_snap.item_1.i_item_sk
|  |  mem-estimate=0B mem-reservation=0B spill-buffer=2.00MB thread-reservation=0
|  |  tuple-ids=12,14,16,18 row-size=68B cardinality=39.84M cost=17442927
|  |  in pipelines: 13(GETNEXT), 18(OPEN)
|  |
|  |--F30:PLAN FRAGMENT [RANDOM] hosts=10 instances=10
|  |  |  Per-Instance Resources: mem-estimate=112.14MB mem-reservation=102.00MB thread-reservation=1
|  |  |  max-parallelism=10 segment-costs=[838440]
|  |  JOIN BUILD
|  |  |  join-table-id=05 plan-id=06 cohort-id=02
|  |  |  build expressions: tpcds_partitioned_parquet_snap.item_1.i_item_sk
|  |  |  runtime filters: RF011[min_max] <- tpcds_partitioned_parquet_snap.item_1.i_item_sk
|  |  |  mem-estimate=102.00MB mem-reservation=102.00MB spill-buffer=2.00MB thread-reservation=0 cost=360000
|  |  |
|  |  47:EXCHANGE [BROADCAST]
|  |  |  mem-estimate=10.14MB mem-reservation=0B thread-reservation=0
|  |  |  tuple-ids=18 row-size=32B cardinality=360.00K cost=478440
|  |  |  in pipelines: 18(GETNEXT)
|  |  |
|  |  F10:PLAN FRAGMENT [RANDOM] hosts=4 instances=4
|  |  Per-Host Shared Resources: mem-estimate=1.00MB mem-reservation=1.00MB thread-reservation=0 runtime-filters-memory=1.00MB
|  |  Per-Instance Resources: mem-estimate=16.14MB mem-reservation=512.00KB thread-reservation=1
|  |  max-parallelism=4 segment-costs=[142560]
|  |  18:SCAN HDFS [tpcds_partitioned_parquet_snap.item, RANDOM]
|  |     HDFS partitions=1/1 files=1 size=33.54MB
|  |     runtime filters: RF009[min_max] -> tpcds_partitioned_parquet_snap.item_1.i_item_id, RF008[bloom] -> tpcds_partitioned_parquet_snap.item_1.i_item_id
|  |     stored statistics:
|  |       table: rows=360.00K size=33.54MB
|  |       columns: all
|  |     extrapolated-rows=disabled max-scan-range-rows=101.54K
|  |     mem-estimate=16.00MB mem-reservation=512.00KB thread-reservation=0
|  |     tuple-ids=18 row-size=32B cardinality=360.00K cost=103680
|  |     in pipelines: 18(GETNEXT)
|  |
|  17:HASH JOIN [INNER JOIN, BROADCAST]
|  |  hash-table-id=06
|  |  hash predicates: tpcds_partitioned_parquet_snap.catalog_sales.cs_bill_addr_sk = tpcds_partitioned_parquet_snap.customer_address_0.ca_address_sk
|  |  fk/pk conjuncts: tpcds_partitioned_parquet_snap.catalog_sales.cs_bill_addr_sk = tpcds_partitioned_parquet_snap.customer_address_0.ca_address_sk
|  |  mem-estimate=0B mem-reservation=0B spill-buffer=2.00MB thread-reservation=0
|  |  tuple-ids=12,14,16 row-size=36B cardinality=39.86M cost=72582905
|  |  in pipelines: 13(GETNEXT), 16(OPEN)
|  |
|  |--F31:PLAN FRAGMENT [RANDOM] hosts=10 instances=10
|  |  |  Per-Instance Resources: mem-estimate=114.12MB mem-reservation=104.00MB thread-reservation=1 runtime-filters-memory=2.00MB
|  |  |  max-parallelism=10 segment-costs=[5647923]
|  |  JOIN BUILD
|  |  |  join-table-id=06 plan-id=07 cohort-id=02
|  |  |  build expressions: tpcds_partitioned_parquet_snap.customer_address_0.ca_address_sk
|  |  |  runtime filters: RF012[bloom] <- tpcds_partitioned_parquet_snap.customer_address_0.ca_address_sk, RF013[min_max] <- tpcds_partitioned_parquet_snap.customer_address_0.ca_address_sk
|  |  |  mem-estimate=102.00MB mem-reservation=102.00MB spill-buffer=2.00MB thread-reservation=0 cost=2425043
|  |  |
|  |  46:EXCHANGE [BROADCAST]
|  |  |  mem-estimate=10.12MB mem-reservation=0B thread-reservation=0
|  |  |  tuple-ids=16 row-size=8B cardinality=2.43M cost=3222880
|  |  |  in pipelines: 16(GETNEXT)
|  |  |
|  |  F09:PLAN FRAGMENT [RANDOM] hosts=10 instances=10
|  |  Per-Instance Resources: mem-estimate=16.05MB mem-reservation=128.00KB thread-reservation=1
|  |  max-parallelism=10 segment-costs=[2254261]
|  |  16:SCAN HDFS [tpcds_partitioned_parquet_snap.customer_address, RANDOM]
|  |     HDFS partitions=1/1 files=1 size=307.36MB
|  |     predicates: CAST(tpcds_partitioned_parquet_snap.customer_address_0.ca_gmt_offset AS DECIMAL(12,2)) = CAST(-5 AS DECIMAL(12,2))
|  |     stored statistics:
|  |       table: rows=15.00M size=307.36MB
|  |       columns: all
|  |     extrapolated-rows=disabled max-scan-range-rows=1.58M
|  |     parquet dictionary predicates: CAST(tpcds_partitioned_parquet_snap.customer_address_0.ca_gmt_offset AS DECIMAL(12,2)) = CAST(-5 AS DECIMAL(12,2))
|  |     mem-estimate=16.00MB mem-reservation=128.00KB thread-reservation=0
|  |     tuple-ids=16 row-size=8B cardinality=2.43M cost=2149500
|  |     in pipelines: 16(GETNEXT)
|  |
|  15:HASH JOIN [INNER JOIN, BROADCAST]
|  |  hash-table-id=07
|  |  hash predicates: tpcds_partitioned_parquet_snap.catalog_sales.cs_sold_date_sk = tpcds_partitioned_parquet_snap.date_dim_0.d_date_sk
|  |  fk/pk conjuncts: tpcds_partitioned_parquet_snap.catalog_sales.cs_sold_date_sk = tpcds_partitioned_parquet_snap.date_dim_0.d_date_sk
|  |  mem-estimate=0B mem-reservation=0B spill-buffer=64.00KB thread-reservation=0
|  |  tuple-ids=12,14 row-size=28B cardinality=254.82M cost=111533041
|  |  in pipelines: 13(GETNEXT), 14(OPEN)
|  |
|  |--F32:PLAN FRAGMENT [RANDOM] hosts=10 instances=10
|  |  |  Per-Instance Resources: mem-estimate=6.83MB mem-reservation=6.81MB thread-reservation=1 runtime-filters-memory=1.00MB
|  |  |  max-parallelism=10 segment-costs=[248]
|  |  JOIN BUILD
|  |  |  join-table-id=07 plan-id=08 cohort-id=02
|  |  |  build expressions: tpcds_partitioned_parquet_snap.date_dim_0.d_date_sk
|  |  |  runtime filters: RF014[bloom] <- tpcds_partitioned_parquet_snap.date_dim_0.d_date_sk
|  |  |  mem-estimate=5.81MB mem-reservation=5.81MB spill-buffer=64.00KB thread-reservation=0 cost=108
|  |  |
|  |  45:EXCHANGE [BROADCAST]
|  |  |  mem-estimate=16.00KB mem-reservation=0B thread-reservation=0
|  |  |  tuple-ids=14 row-size=12B cardinality=108 cost=140
|  |  |  in pipelines: 14(GETNEXT)
|  |  |
|  |  F08:PLAN FRAGMENT [RANDOM] hosts=1 instances=1
|  |  Per-Instance Resources: mem-estimate=16.06MB mem-reservation=512.00KB thread-reservation=1
|  |  max-parallelism=1 segment-costs=[16733]
|  |  14:SCAN HDFS [tpcds_partitioned_parquet_snap.date_dim, RANDOM]
|  |     HDFS partitions=1/1 files=1 size=2.17MB
|  |     predicates: tpcds_partitioned_parquet_snap.date_dim_0.d_year = CAST(2000 AS INT), tpcds_partitioned_parquet_snap.date_dim_0.d_moy = CAST(9 AS INT)
|  |     stored statistics:
|  |       table: rows=73.05K size=2.17MB
|  |       columns: all
|  |     extrapolated-rows=disabled max-scan-range-rows=73.05K
|  |     parquet statistics predicates: tpcds_partitioned_parquet_snap.date_dim_0.d_year = CAST(2000 AS INT), tpcds_partitioned_parquet_snap.date_dim_0.d_moy = CAST(9 AS INT)
|  |     parquet dictionary predicates: tpcds_partitioned_parquet_snap.date_dim_0.d_year = CAST(2000 AS INT), tpcds_partitioned_parquet_snap.date_dim_0.d_moy = CAST(9 AS INT)
|  |     mem-estimate=16.00MB mem-reservation=512.00KB thread-reservation=0
|  |     tuple-ids=14 row-size=12B cardinality=108 cost=16728
|  |     in pipelines: 14(GETNEXT)
|  |
|  13:SCAN HDFS [tpcds_partitioned_parquet_snap.catalog_sales, RANDOM]
|     HDFS partitions=1831/1831 files=1831 size=280.96GB
|     runtime filters: RF013[min_max] -> tpcds_partitioned_parquet_snap.catalog_sales.cs_bill_addr_sk, RF011[min_max] -> tpcds_partitioned_parquet_snap.catalog_sales.cs_item_sk, RF014[bloom] -> tpcds_partitioned_parquet_snap.catalog_sales.cs_sold_date_sk, RF012[bloom] -> tpcds_partitioned_parquet_snap.catalog_sales.cs_bill_addr_sk
|     stored statistics:
|       table: rows=4.32G size=280.96GB
|       partitions: 1831/1831 rows=4.32G
|       columns: all
|     extrapolated-rows=disabled max-scan-range-rows=21.52M est-scan-range=109(filtered from 1831)
|     mem-estimate=16.00MB mem-reservation=1.00MB thread-reservation=0
|     tuple-ids=12 row-size=16B cardinality=254.82M(filtered from 4.32G) cost=58709647
|     in pipelines: 13(GETNEXT)
|
44:AGGREGATE [FINALIZE]
|  output: sum:merge(tpcds_partitioned_parquet_snap.store_sales.ss_ext_sales_price)
|  group by: tpcds_partitioned_parquet_snap.item.i_item_id
|  mem-estimate=17.00MB mem-reservation=17.00MB spill-buffer=1.00MB thread-reservation=0
|  tuple-ids=11 row-size=44B cardinality=185.57K cost=3747102
|  in pipelines: 44(GETNEXT), 02(OPEN)
|
43:EXCHANGE [HASH(tpcds_partitioned_parquet_snap.item.i_item_id)]
|  mem-estimate=12.81MB mem-reservation=0B thread-reservation=0
|  tuple-ids=11 row-size=44B cardinality=11.16M cost=3497569
|  in pipelines: 02(GETNEXT)
|
F00:PLAN FRAGMENT [RANDOM] hosts=10 instances=60 (adjusted from 120)
Per-Host Shared Resources: mem-estimate=4.00MB mem-reservation=4.00MB thread-reservation=0 runtime-filters-memory=4.00MB
Per-Instance Resources: mem-estimate=44.25MB mem-reservation=25.00MB thread-reservation=1
max-parallelism=60 segment-costs=[579457052, 37360954] cpu-comparison-result=60 [max(60 (self) vs 55 (sum children))]
12:AGGREGATE [STREAMING]
|  output: sum(tpcds_partitioned_parquet_snap.store_sales.ss_ext_sales_price)
|  group by: tpcds_partitioned_parquet_snap.item.i_item_id
|  mem-estimate=17.00MB mem-reservation=17.00MB spill-buffer=1.00MB thread-reservation=0
|  tuple-ids=11 row-size=44B cardinality=11.16M cost=33615104
|  in pipelines: 02(GETNEXT)
|
11:HASH JOIN [INNER JOIN, BROADCAST]
|  hash-table-id=00
|  hash predicates: tpcds_partitioned_parquet_snap.item.i_item_id = tpcds_partitioned_parquet_snap.item_0.i_item_id
|  fk/pk conjuncts: none
|  mem-estimate=0B mem-reservation=0B spill-buffer=128.00KB thread-reservation=0
|  tuple-ids=0,2,4,6,10 row-size=96B cardinality=15.48M cost=23320583
|  in pipelines: 02(GETNEXT), 41(OPEN)
|
|--F25:PLAN FRAGMENT [RANDOM] hosts=10 instances=10
|  |  Per-Instance Resources: mem-estimate=19.33MB mem-reservation=18.25MB thread-reservation=1 runtime-filters-memory=1.00MB
|  |  max-parallelism=10 segment-costs=[83645] cpu-comparison-result=10 [max(10 (self) vs 4 (sum children))]
|  JOIN BUILD
|  |  join-table-id=00 plan-id=01 cohort-id=01
|  |  build expressions: tpcds_partitioned_parquet_snap.item_0.i_item_id
|  |  runtime filters: RF000[bloom] <- tpcds_partitioned_parquet_snap.item_0.i_item_id, RF001[min_max] <- tpcds_partitioned_parquet_snap.item_0.i_item_id
|  |  mem-estimate=17.25MB mem-reservation=17.25MB spill-buffer=128.00KB thread-reservation=0 cost=35915
|  |
|  42:EXCHANGE [BROADCAST]
|  |  mem-estimate=1.08MB mem-reservation=0B thread-reservation=0
|  |  tuple-ids=10 row-size=28B cardinality=35.91K cost=47730
|  |  in pipelines: 41(GETNEXT)
|  |
|  F05:PLAN FRAGMENT [HASH(tpcds_partitioned_parquet_snap.item_0.i_item_id)] hosts=4 instances=4
|  Per-Instance Resources: mem-estimate=10.36MB mem-reservation=1.94MB thread-reservation=1
|  max-parallelism=4 segment-costs=[112758, 3490] cpu-comparison-result=4 [max(4 (self) vs 4 (sum children))]
|  41:AGGREGATE [FINALIZE]
|  |  group by: tpcds_partitioned_parquet_snap.item_0.i_item_id
|  |  mem-estimate=10.00MB mem-reservation=1.94MB spill-buffer=64.00KB thread-reservation=0
|  |  tuple-ids=10 row-size=28B cardinality=35.91K cost=104142
|  |  in pipelines: 41(GETNEXT), 09(OPEN)
|  |
|  40:EXCHANGE [HASH(tpcds_partitioned_parquet_snap.item_0.i_item_id)]
|  |  mem-estimate=373.51KB mem-reservation=0B thread-reservation=0
|  |  tuple-ids=10 row-size=28B cardinality=35.91K cost=8616
|  |  in pipelines: 09(GETNEXT)
|  |
|  F04:PLAN FRAGMENT [RANDOM] hosts=4 instances=4
|  Per-Instance Resources: mem-estimate=26.50MB mem-reservation=2.50MB thread-reservation=1
|  max-parallelism=4 segment-costs=[227813, 83265]
|  10:AGGREGATE [STREAMING]
|  |  group by: tpcds_partitioned_parquet_snap.item_0.i_item_id
|  |  mem-estimate=10.00MB mem-reservation=2.00MB spill-buffer=64.00KB thread-reservation=0
|  |  tuple-ids=10 row-size=28B cardinality=35.91K cost=104142
|  |  in pipelines: 09(GETNEXT)
|  |
|  09:SCAN HDFS [tpcds_partitioned_parquet_snap.item, RANDOM]
|     HDFS partitions=1/1 files=1 size=33.54MB
|     predicates: tpcds_partitioned_parquet_snap.item_0.i_category = 'Men'
|     stored statistics:
|       table: rows=360.00K size=33.54MB
|       columns: all
|     extrapolated-rows=disabled max-scan-range-rows=101.54K
|     parquet statistics predicates: tpcds_partitioned_parquet_snap.item_0.i_category = 'Men'
|     parquet dictionary predicates: tpcds_partitioned_parquet_snap.item_0.i_category = 'Men'
|     mem-estimate=16.00MB mem-reservation=512.00KB thread-reservation=0
|     tuple-ids=8 row-size=46B cardinality=35.91K cost=123671
|     in pipelines: 09(GETNEXT)
|
08:HASH JOIN [INNER JOIN, BROADCAST]
|  hash-table-id=01
|  hash predicates: tpcds_partitioned_parquet_snap.store_sales.ss_item_sk = tpcds_partitioned_parquet_snap.item.i_item_sk
|  fk/pk conjuncts: tpcds_partitioned_parquet_snap.store_sales.ss_item_sk = tpcds_partitioned_parquet_snap.item.i_item_sk
|  mem-estimate=0B mem-reservation=0B spill-buffer=2.00MB thread-reservation=0
|  tuple-ids=0,2,4,6 row-size=68B cardinality=79.98M cost=35018842
|  in pipelines: 02(GETNEXT), 07(OPEN)
|
|--F26:PLAN FRAGMENT [RANDOM] hosts=10 instances=10
|  |  Per-Instance Resources: mem-estimate=215.14MB mem-reservation=205.00MB thread-reservation=1 runtime-filters-memory=1.00MB
|  |  max-parallelism=10 segment-costs=[838440]
|  JOIN BUILD
|  |  join-table-id=01 plan-id=02 cohort-id=01
|  |  build expressions: tpcds_partitioned_parquet_snap.item.i_item_sk
|  |  runtime filters: RF002[bloom] <- tpcds_partitioned_parquet_snap.item.i_item_sk, RF003[min_max] <- tpcds_partitioned_parquet_snap.item.i_item_sk
|  |  mem-estimate=204.00MB mem-reservation=204.00MB spill-buffer=2.00MB thread-reservation=0 cost=360000
|  |
|  39:EXCHANGE [BROADCAST]
|  |  mem-estimate=10.14MB mem-reservation=0B thread-reservation=0
|  |  tuple-ids=6 row-size=32B cardinality=360.00K cost=478440
|  |  in pipelines: 07(GETNEXT)
|  |
|  F03:PLAN FRAGMENT [RANDOM] hosts=4 instances=4
|  Per-Host Shared Resources: mem-estimate=1.00MB mem-reservation=1.00MB thread-reservation=0 runtime-filters-memory=1.00MB
|  Per-Instance Resources: mem-estimate=16.14MB mem-reservation=512.00KB thread-reservation=1
|  max-parallelism=4 segment-costs=[142560]
|  07:SCAN HDFS [tpcds_partitioned_parquet_snap.item, RANDOM]
|     HDFS partitions=1/1 files=1 size=33.54MB
|     runtime filters: RF001[min_max] -> tpcds_partitioned_parquet_snap.item.i_item_id, RF000[bloom] -> tpcds_partitioned_parquet_snap.item.i_item_id
|     stored statistics:
|       table: rows=360.00K size=33.54MB
|       columns: all
|     extrapolated-rows=disabled max-scan-range-rows=101.54K
|     mem-estimate=16.00MB mem-reservation=512.00KB thread-reservation=0
|     tuple-ids=6 row-size=32B cardinality=360.00K cost=103680
|     in pipelines: 07(GETNEXT)
|
06:HASH JOIN [INNER JOIN, BROADCAST]
|  hash-table-id=02
|  hash predicates: tpcds_partitioned_parquet_snap.store_sales.ss_addr_sk = tpcds_partitioned_parquet_snap.customer_address.ca_address_sk
|  fk/pk conjuncts: tpcds_partitioned_parquet_snap.store_sales.ss_addr_sk = tpcds_partitioned_parquet_snap.customer_address.ca_address_sk
|  mem-estimate=0B mem-reservation=0B spill-buffer=2.00MB thread-reservation=0
|  tuple-ids=0,2,4 row-size=36B cardinality=80.02M cost=145719192
|  in pipelines: 02(GETNEXT), 05(OPEN)
|
|--F27:PLAN FRAGMENT [RANDOM] hosts=10 instances=10
|  |  Per-Instance Resources: mem-estimate=216.12MB mem-reservation=206.00MB thread-reservation=1 runtime-filters-memory=2.00MB
|  |  max-parallelism=10 segment-costs=[5647923]
|  JOIN BUILD
|  |  join-table-id=02 plan-id=03 cohort-id=01
|  |  build expressions: tpcds_partitioned_parquet_snap.customer_address.ca_address_sk
|  |  runtime filters: RF004[bloom] <- tpcds_partitioned_parquet_snap.customer_address.ca_address_sk, RF005[min_max] <- tpcds_partitioned_parquet_snap.customer_address.ca_address_sk
|  |  mem-estimate=204.00MB mem-reservation=204.00MB spill-buffer=2.00MB thread-reservation=0 cost=2425043
|  |
|  38:EXCHANGE [BROADCAST]
|  |  mem-estimate=10.12MB mem-reservation=0B thread-reservation=0
|  |  tuple-ids=4 row-size=8B cardinality=2.43M cost=3222880
|  |  in pipelines: 05(GETNEXT)
|  |
|  F02:PLAN FRAGMENT [RANDOM] hosts=10 instances=10
|  Per-Instance Resources: mem-estimate=16.05MB mem-reservation=128.00KB thread-reservation=1
|  max-parallelism=10 segment-costs=[2254261]
|  05:SCAN HDFS [tpcds_partitioned_parquet_snap.customer_address, RANDOM]
|     HDFS partitions=1/1 files=1 size=307.36MB
|     predicates: CAST(tpcds_partitioned_parquet_snap.customer_address.ca_gmt_offset AS DECIMAL(12,2)) = CAST(-5 AS DECIMAL(12,2))
|     stored statistics:
|       table: rows=15.00M size=307.36MB
|       columns: all
|     extrapolated-rows=disabled max-scan-range-rows=1.58M
|     parquet dictionary predicates: CAST(tpcds_partitioned_parquet_snap.customer_address.ca_gmt_offset AS DECIMAL(12,2)) = CAST(-5 AS DECIMAL(12,2))
|     mem-estimate=16.00MB mem-reservation=128.00KB thread-reservation=0
|     tuple-ids=4 row-size=8B cardinality=2.43M cost=2149500
|     in pipelines: 05(GETNEXT)
|
04:HASH JOIN [INNER JOIN, BROADCAST]
|  hash-table-id=03
|  hash predicates: tpcds_partitioned_parquet_snap.store_sales.ss_sold_date_sk = tpcds_partitioned_parquet_snap.date_dim.d_date_sk
|  fk/pk conjuncts: tpcds_partitioned_parquet_snap.store_sales.ss_sold_date_sk = tpcds_partitioned_parquet_snap.date_dim.d_date_sk
|  mem-estimate=0B mem-reservation=0B spill-buffer=64.00KB thread-reservation=0
|  tuple-ids=0,2 row-size=28B cardinality=511.58M cost=223916426
|  in pipelines: 02(GETNEXT), 03(OPEN)
|
|--F28:PLAN FRAGMENT [RANDOM] hosts=10 instances=10
|  |  Per-Instance Resources: mem-estimate=12.64MB mem-reservation=12.62MB thread-reservation=1 runtime-filters-memory=1.00MB
|  |  max-parallelism=10 segment-costs=[248]
|  JOIN BUILD
|  |  join-table-id=03 plan-id=04 cohort-id=01
|  |  build expressions: tpcds_partitioned_parquet_snap.date_dim.d_date_sk
|  |  runtime filters: RF006[bloom] <- tpcds_partitioned_parquet_snap.date_dim.d_date_sk
|  |  mem-estimate=11.62MB mem-reservation=11.62MB spill-buffer=64.00KB thread-reservation=0 cost=108
|  |
|  37:EXCHANGE [BROADCAST]
|  |  mem-estimate=16.00KB mem-reservation=0B thread-reservation=0
|  |  tuple-ids=2 row-size=12B cardinality=108 cost=140
|  |  in pipelines: 03(GETNEXT)
|  |
|  F01:PLAN FRAGMENT [RANDOM] hosts=1 instances=1
|  Per-Instance Resources: mem-estimate=16.06MB mem-reservation=512.00KB thread-reservation=1
|  max-parallelism=1 segment-costs=[16733]
|  03:SCAN HDFS [tpcds_partitioned_parquet_snap.date_dim, RANDOM]
|     HDFS partitions=1/1 files=1 size=2.17MB
|     predicates: tpcds_partitioned_parquet_snap.date_dim.d_year = CAST(2000 AS INT), tpcds_partitioned_parquet_snap.date_dim.d_moy = CAST(9 AS INT)
|     stored statistics:
|       table: rows=73.05K size=2.17MB
|       columns: all
|     extrapolated-rows=disabled max-scan-range-rows=73.05K
|     parquet statistics predicates: tpcds_partitioned_parquet_snap.date_dim.d_year = CAST(2000 AS INT), tpcds_partitioned_parquet_snap.date_dim.d_moy = CAST(9 AS INT)
|     parquet dictionary predicates: tpcds_partitioned_parquet_snap.date_dim.d_year = CAST(2000 AS INT), tpcds_partitioned_parquet_snap.date_dim.d_moy = CAST(9 AS INT)
|     mem-estimate=16.00MB mem-reservation=512.00KB thread-reservation=0
|     tuple-ids=2 row-size=12B cardinality=108 cost=16728
|     in pipelines: 03(GETNEXT)
|
02:SCAN HDFS [tpcds_partitioned_parquet_snap.store_sales, RANDOM]
   HDFS partitions=1824/1824 files=1824 size=389.90GB
   runtime filters: RF005[min_max] -> tpcds_partitioned_parquet_snap.store_sales.ss_addr_sk, RF003[min_max] -> tpcds_partitioned_parquet_snap.store_sales.ss_item_sk, RF006[bloom] -> tpcds_partitioned_parquet_snap.store_sales.ss_sold_date_sk, RF004[bloom] -> tpcds_partitioned_parquet_snap.store_sales.ss_addr_sk, RF002[bloom] -> tpcds_partitioned_parquet_snap.store_sales.ss_item_sk
   stored statistics:
     table: rows=8.64G size=389.90GB
     partitions: 1824/1824 rows=8.64G
     columns: all
   extrapolated-rows=disabled max-scan-range-rows=390.22M est-scan-range=109(filtered from 1824)
   mem-estimate=16.00MB mem-reservation=8.00MB thread-reservation=0
   tuple-ids=0 row-size=16B cardinality=511.58M(filtered from 8.64G) cost=117866905
   in pipelines: 02(GETNEXT)
---- PARALLELPLANS
Max Per-Host Resource Reservation: Memory=1.38GB Threads=46
Per-Host Resource Estimates: Memory=2.65GB
F24:PLAN FRAGMENT [UNPARTITIONED] hosts=1 instances=1
|  Per-Instance Resources: mem-estimate=4.03MB mem-reservation=4.00MB thread-reservation=1
|  max-parallelism=1 segment-costs=[230] cpu-comparison-result=170 [max(1 (self) vs 170 (sum children))]
PLAN-ROOT SINK
|  output exprs: I_ITEM_ID, sum(TOTAL_SALES)
|  mem-estimate=4.00MB mem-reservation=4.00MB spill-buffer=2.00MB thread-reservation=0 cost=200
|
63:MERGING-EXCHANGE [UNPARTITIONED]
|  order by: I_ITEM_ID ASC NULLS LAST, sum(TOTAL_SALES) ASC NULLS LAST
|  limit: 100
|  mem-estimate=31.52KB mem-reservation=0B thread-reservation=0
|  tuple-ids=39 row-size=28B cardinality=100 cost=30
|  in pipelines: 36(GETNEXT)
|
F23:PLAN FRAGMENT [HASH(I_ITEM_ID)] hosts=10 instances=10 (adjusted from 120)
Per-Instance Resources: mem-estimate=131.36MB mem-reservation=34.00MB thread-reservation=1
max-parallelism=10 segment-costs=[1747855, 5990794, 104] cpu-comparison-result=170 [max(10 (self) vs 170 (sum children))]
36:TOP-N [LIMIT=100]
|  order by: I_ITEM_ID ASC NULLS LAST, sum(TOTAL_SALES) ASC NULLS LAST
|  mem-estimate=2.73KB mem-reservation=0B thread-reservation=0
|  tuple-ids=39 row-size=28B cardinality=100 cost=5990794
|  in pipelines: 36(GETNEXT), 62(OPEN)
|
62:AGGREGATE [FINALIZE]
|  output: sum:merge(TOTAL_SALES)
|  group by: I_ITEM_ID
|  mem-estimate=128.00MB mem-reservation=34.00MB spill-buffer=2.00MB thread-reservation=0
|  tuple-ids=38 row-size=28B cardinality=556.71K cost=1614300
|  in pipelines: 62(GETNEXT), 44(OPEN), 52(OPEN), 60(OPEN)
|
61:EXCHANGE [HASH(I_ITEM_ID)]
|  mem-estimate=3.36MB mem-reservation=0B thread-reservation=0
|  tuple-ids=38 row-size=28B cardinality=556.71K cost=133555
|  in pipelines: 44(GETNEXT), 52(GETNEXT), 60(GETNEXT)
|
F22:PLAN FRAGMENT [RANDOM] hosts=10 instances=60 (adjusted from 120)
Per-Instance Resources: mem-estimate=159.06MB mem-reservation=51.00MB thread-reservation=1
max-parallelism=60 segment-costs=[7244671, 4433315, 2636623, 1614300, 1290683] cpu-comparison-result=170 [max(60 (self) vs 170 (sum children))]
35:AGGREGATE [STREAMING]
|  output: sum(TOTAL_SALES)
|  group by: I_ITEM_ID
|  mem-estimate=128.00MB mem-reservation=34.00MB spill-buffer=2.00MB thread-reservation=0
|  tuple-ids=38 row-size=28B cardinality=556.71K cost=1614300
|  in pipelines: 44(GETNEXT), 52(GETNEXT), 60(GETNEXT)
|
00:UNION
|  pass-through-operands: all
|  mem-estimate=0B mem-reservation=0B thread-reservation=0
|  tuple-ids=37 row-size=28B cardinality=556.71K cost=0
|  in pipelines: 44(GETNEXT), 52(GETNEXT), 60(GETNEXT)
|
|--60:AGGREGATE [FINALIZE]
|  |  output: sum:merge(tpcds_partitioned_parquet_snap.web_sales.ws_ext_sales_price)
|  |  group by: tpcds_partitioned_parquet_snap.item_3.i_item_id
|  |  mem-estimate=10.00MB mem-reservation=4.75MB spill-buffer=256.00KB thread-reservation=0
|  |  tuple-ids=36 row-size=44B cardinality=185.57K cost=1522921
|  |  in pipelines: 60(GETNEXT), 24(OPEN)
|  |
|  59:EXCHANGE [HASH(tpcds_partitioned_parquet_snap.item_3.i_item_id)]
|  |  mem-estimate=10.94MB mem-reservation=0B thread-reservation=0
|  |  tuple-ids=36 row-size=44B cardinality=3.55M cost=1113702
|  |  in pipelines: 24(GETNEXT)
|  |
|  F15:PLAN FRAGMENT [RANDOM] hosts=10 instances=20 (adjusted from 120)
|  Per-Host Shared Resources: mem-estimate=3.00MB mem-reservation=3.00MB thread-reservation=0 runtime-filters-memory=3.00MB
|  Per-Instance Resources: mem-estimate=37.25MB mem-reservation=9.12MB thread-reservation=1
|  max-parallelism=20 segment-costs=[146853459, 11896545] cpu-comparison-result=55 [max(20 (self) vs 55 (sum children))]
|  34:AGGREGATE [STREAMING]
|  |  output: sum(tpcds_partitioned_parquet_snap.web_sales.ws_ext_sales_price)
|  |  group by: tpcds_partitioned_parquet_snap.item_3.i_item_id
|  |  mem-estimate=10.00MB mem-reservation=9.00MB spill-buffer=512.00KB thread-reservation=0
|  |  tuple-ids=36 row-size=44B cardinality=3.55M cost=10393973
|  |  in pipelines: 24(GETNEXT)
|  |
|  33:HASH JOIN [INNER JOIN, BROADCAST]
|  |  hash-table-id=08
|  |  hash predicates: tpcds_partitioned_parquet_snap.item_3.i_item_id = tpcds_partitioned_parquet_snap.item_4.i_item_id
|  |  fk/pk conjuncts: none
|  |  mem-estimate=0B mem-reservation=0B spill-buffer=128.00KB thread-reservation=0
|  |  tuple-ids=25,27,29,31,35 row-size=96B cardinality=3.87M cost=5830103
|  |  in pipelines: 24(GETNEXT), 57(OPEN)
|  |
|  |--F33:PLAN FRAGMENT [RANDOM] hosts=10 instances=10
|  |  |  Per-Instance Resources: mem-estimate=7.83MB mem-reservation=6.75MB thread-reservation=1 runtime-filters-memory=1.00MB
|  |  |  max-parallelism=10 segment-costs=[83645] cpu-comparison-result=10 [max(10 (self) vs 4 (sum children))]
|  |  JOIN BUILD
|  |  |  join-table-id=08 plan-id=09 cohort-id=03
|  |  |  build expressions: tpcds_partitioned_parquet_snap.item_4.i_item_id
|  |  |  runtime filters: RF016[bloom] <- tpcds_partitioned_parquet_snap.item_4.i_item_id, RF017[min_max] <- tpcds_partitioned_parquet_snap.item_4.i_item_id
|  |  |  mem-estimate=5.75MB mem-reservation=5.75MB spill-buffer=128.00KB thread-reservation=0 cost=35915
|  |  |
|  |  58:EXCHANGE [BROADCAST]
|  |  |  mem-estimate=1.08MB mem-reservation=0B thread-reservation=0
|  |  |  tuple-ids=35 row-size=28B cardinality=35.91K cost=47730
|  |  |  in pipelines: 57(GETNEXT)
|  |  |
|  |  F20:PLAN FRAGMENT [HASH(tpcds_partitioned_parquet_snap.item_4.i_item_id)] hosts=4 instances=4
|  |  Per-Instance Resources: mem-estimate=10.36MB mem-reservation=1.94MB thread-reservation=1
|  |  max-parallelism=4 segment-costs=[112758, 3490] cpu-comparison-result=4 [max(4 (self) vs 4 (sum children))]
|  |  57:AGGREGATE [FINALIZE]
|  |  |  group by: tpcds_partitioned_parquet_snap.item_4.i_item_id
|  |  |  mem-estimate=10.00MB mem-reservation=1.94MB spill-buffer=64.00KB thread-reservation=0
|  |  |  tuple-ids=35 row-size=28B cardinality=35.91K cost=104142
|  |  |  in pipelines: 57(GETNEXT), 31(OPEN)
|  |  |
|  |  56:EXCHANGE [HASH(tpcds_partitioned_parquet_snap.item_4.i_item_id)]
|  |  |  mem-estimate=373.51KB mem-reservation=0B thread-reservation=0
|  |  |  tuple-ids=35 row-size=28B cardinality=35.91K cost=8616
|  |  |  in pipelines: 31(GETNEXT)
|  |  |
|  |  F19:PLAN FRAGMENT [RANDOM] hosts=4 instances=4
|  |  Per-Instance Resources: mem-estimate=26.50MB mem-reservation=2.50MB thread-reservation=1
|  |  max-parallelism=4 segment-costs=[227813, 83265]
|  |  32:AGGREGATE [STREAMING]
|  |  |  group by: tpcds_partitioned_parquet_snap.item_4.i_item_id
|  |  |  mem-estimate=10.00MB mem-reservation=2.00MB spill-buffer=64.00KB thread-reservation=0
|  |  |  tuple-ids=35 row-size=28B cardinality=35.91K cost=104142
|  |  |  in pipelines: 31(GETNEXT)
|  |  |
|  |  31:SCAN HDFS [tpcds_partitioned_parquet_snap.item, RANDOM]
|  |     HDFS partitions=1/1 files=1 size=33.54MB
|  |     predicates: tpcds_partitioned_parquet_snap.item_4.i_category = 'Men'
|  |     stored statistics:
|  |       table: rows=360.00K size=33.54MB
|  |       columns: all
|  |     extrapolated-rows=disabled max-scan-range-rows=101.54K
|  |     parquet statistics predicates: tpcds_partitioned_parquet_snap.item_4.i_category = 'Men'
|  |     parquet dictionary predicates: tpcds_partitioned_parquet_snap.item_4.i_category = 'Men'
|  |     mem-estimate=16.00MB mem-reservation=512.00KB thread-reservation=0
|  |     tuple-ids=33 row-size=46B cardinality=35.91K cost=123671
|  |     in pipelines: 31(GETNEXT)
|  |
|  30:HASH JOIN [INNER JOIN, BROADCAST]
|  |  hash-table-id=09
|  |  hash predicates: tpcds_partitioned_parquet_snap.web_sales.ws_item_sk = tpcds_partitioned_parquet_snap.item_3.i_item_sk
|  |  fk/pk conjuncts: tpcds_partitioned_parquet_snap.web_sales.ws_item_sk = tpcds_partitioned_parquet_snap.item_3.i_item_sk
|  |  mem-estimate=0B mem-reservation=0B spill-buffer=2.00MB thread-reservation=0
|  |  tuple-ids=25,27,29,31 row-size=68B cardinality=20.00M cost=8754646
|  |  in pipelines: 24(GETNEXT), 29(OPEN)
|  |
|  |--F34:PLAN FRAGMENT [RANDOM] hosts=10 instances=10
|  |  |  Per-Instance Resources: mem-estimate=78.14MB mem-reservation=68.00MB thread-reservation=1
|  |  |  max-parallelism=10 segment-costs=[838440]
|  |  JOIN BUILD
|  |  |  join-table-id=09 plan-id=10 cohort-id=03
|  |  |  build expressions: tpcds_partitioned_parquet_snap.item_3.i_item_sk
|  |  |  runtime filters: RF019[min_max] <- tpcds_partitioned_parquet_snap.item_3.i_item_sk
|  |  |  mem-estimate=68.00MB mem-reservation=68.00MB spill-buffer=2.00MB thread-reservation=0 cost=360000
|  |  |
|  |  55:EXCHANGE [BROADCAST]
|  |  |  mem-estimate=10.14MB mem-reservation=0B thread-reservation=0
|  |  |  tuple-ids=31 row-size=32B cardinality=360.00K cost=478440
|  |  |  in pipelines: 29(GETNEXT)
|  |  |
|  |  F18:PLAN FRAGMENT [RANDOM] hosts=4 instances=4
|  |  Per-Host Shared Resources: mem-estimate=1.00MB mem-reservation=1.00MB thread-reservation=0 runtime-filters-memory=1.00MB
|  |  Per-Instance Resources: mem-estimate=16.14MB mem-reservation=512.00KB thread-reservation=1
|  |  max-parallelism=4 segment-costs=[142560]
|  |  29:SCAN HDFS [tpcds_partitioned_parquet_snap.item, RANDOM]
|  |     HDFS partitions=1/1 files=1 size=33.54MB
|  |     runtime filters: RF017[min_max] -> tpcds_partitioned_parquet_snap.item_3.i_item_id, RF016[bloom] -> tpcds_partitioned_parquet_snap.item_3.i_item_id
|  |     stored statistics:
|  |       table: rows=360.00K size=33.54MB
|  |       columns: all
|  |     extrapolated-rows=disabled max-scan-range-rows=101.54K
|  |     mem-estimate=16.00MB mem-reservation=512.00KB thread-reservation=0
|  |     tuple-ids=31 row-size=32B cardinality=360.00K cost=103680
|  |     in pipelines: 29(GETNEXT)
|  |
|  28:HASH JOIN [INNER JOIN, BROADCAST]
|  |  hash-table-id=10
|  |  hash predicates: tpcds_partitioned_parquet_snap.web_sales.ws_bill_addr_sk = tpcds_partitioned_parquet_snap.customer_address_1.ca_address_sk
|  |  fk/pk conjuncts: tpcds_partitioned_parquet_snap.web_sales.ws_bill_addr_sk = tpcds_partitioned_parquet_snap.customer_address_1.ca_address_sk
|  |  mem-estimate=0B mem-reservation=0B spill-buffer=2.00MB thread-reservation=0
|  |  tuple-ids=25,27,29 row-size=36B cardinality=20.01M cost=36429531
|  |  in pipelines: 24(GETNEXT), 27(OPEN)
|  |
|  |--F35:PLAN FRAGMENT [RANDOM] hosts=10 instances=10
|  |  |  Per-Instance Resources: mem-estimate=80.12MB mem-reservation=70.00MB thread-reservation=1 runtime-filters-memory=2.00MB
|  |  |  max-parallelism=10 segment-costs=[5647923]
|  |  JOIN BUILD
|  |  |  join-table-id=10 plan-id=11 cohort-id=03
|  |  |  build expressions: tpcds_partitioned_parquet_snap.customer_address_1.ca_address_sk
|  |  |  runtime filters: RF020[bloom] <- tpcds_partitioned_parquet_snap.customer_address_1.ca_address_sk, RF021[min_max] <- tpcds_partitioned_parquet_snap.customer_address_1.ca_address_sk
|  |  |  mem-estimate=68.00MB mem-reservation=68.00MB spill-buffer=2.00MB thread-reservation=0 cost=2425043
|  |  |
|  |  54:EXCHANGE [BROADCAST]
|  |  |  mem-estimate=10.12MB mem-reservation=0B thread-reservation=0
|  |  |  tuple-ids=29 row-size=8B cardinality=2.43M cost=3222880
|  |  |  in pipelines: 27(GETNEXT)
|  |  |
|  |  F17:PLAN FRAGMENT [RANDOM] hosts=10 instances=10
|  |  Per-Instance Resources: mem-estimate=16.05MB mem-reservation=128.00KB thread-reservation=1
|  |  max-parallelism=10 segment-costs=[2254261]
|  |  27:SCAN HDFS [tpcds_partitioned_parquet_snap.customer_address, RANDOM]
|  |     HDFS partitions=1/1 files=1 size=307.36MB
|  |     predicates: CAST(tpcds_partitioned_parquet_snap.customer_address_1.ca_gmt_offset AS DECIMAL(12,2)) = CAST(-5 AS DECIMAL(12,2))
|  |     stored statistics:
|  |       table: rows=15.00M size=307.36MB
|  |       columns: all
|  |     extrapolated-rows=disabled max-scan-range-rows=1.58M
|  |     parquet dictionary predicates: CAST(tpcds_partitioned_parquet_snap.customer_address_1.ca_gmt_offset AS DECIMAL(12,2)) = CAST(-5 AS DECIMAL(12,2))
|  |     mem-estimate=16.00MB mem-reservation=128.00KB thread-reservation=0
|  |     tuple-ids=29 row-size=8B cardinality=2.43M cost=2149500
|  |     in pipelines: 27(GETNEXT)
|  |
|  26:HASH JOIN [INNER JOIN, BROADCAST]
|  |  hash-table-id=11
|  |  hash predicates: tpcds_partitioned_parquet_snap.web_sales.ws_sold_date_sk = tpcds_partitioned_parquet_snap.date_dim_1.d_date_sk
|  |  fk/pk conjuncts: tpcds_partitioned_parquet_snap.web_sales.ws_sold_date_sk = tpcds_partitioned_parquet_snap.date_dim_1.d_date_sk
|  |  mem-estimate=0B mem-reservation=0B spill-buffer=64.00KB thread-reservation=0
|  |  tuple-ids=25,27 row-size=28B cardinality=127.89M cost=55978696
|  |  in pipelines: 24(GETNEXT), 25(OPEN)
|  |
|  |--F36:PLAN FRAGMENT [RANDOM] hosts=10 instances=10
|  |  |  Per-Instance Resources: mem-estimate=4.89MB mem-reservation=4.88MB thread-reservation=1 runtime-filters-memory=1.00MB
|  |  |  max-parallelism=10 segment-costs=[248]
|  |  JOIN BUILD
|  |  |  join-table-id=11 plan-id=12 cohort-id=03
|  |  |  build expressions: tpcds_partitioned_parquet_snap.date_dim_1.d_date_sk
|  |  |  runtime filters: RF022[bloom] <- tpcds_partitioned_parquet_snap.date_dim_1.d_date_sk
|  |  |  mem-estimate=3.88MB mem-reservation=3.88MB spill-buffer=64.00KB thread-reservation=0 cost=108
|  |  |
|  |  53:EXCHANGE [BROADCAST]
|  |  |  mem-estimate=16.00KB mem-reservation=0B thread-reservation=0
|  |  |  tuple-ids=27 row-size=12B cardinality=108 cost=140
|  |  |  in pipelines: 25(GETNEXT)
|  |  |
|  |  F16:PLAN FRAGMENT [RANDOM] hosts=1 instances=1
|  |  Per-Instance Resources: mem-estimate=16.06MB mem-reservation=512.00KB thread-reservation=1
|  |  max-parallelism=1 segment-costs=[16733]
|  |  25:SCAN HDFS [tpcds_partitioned_parquet_snap.date_dim, RANDOM]
|  |     HDFS partitions=1/1 files=1 size=2.17MB
|  |     predicates: tpcds_partitioned_parquet_snap.date_dim_1.d_year = CAST(2000 AS INT), tpcds_partitioned_parquet_snap.date_dim_1.d_moy = CAST(9 AS INT)
|  |     stored statistics:
|  |       table: rows=73.05K size=2.17MB
|  |       columns: all
|  |     extrapolated-rows=disabled max-scan-range-rows=73.05K
|  |     parquet statistics predicates: tpcds_partitioned_parquet_snap.date_dim_1.d_year = CAST(2000 AS INT), tpcds_partitioned_parquet_snap.date_dim_1.d_moy = CAST(9 AS INT)
|  |     parquet dictionary predicates: tpcds_partitioned_parquet_snap.date_dim_1.d_year = CAST(2000 AS INT), tpcds_partitioned_parquet_snap.date_dim_1.d_moy = CAST(9 AS INT)
|  |     mem-estimate=16.00MB mem-reservation=512.00KB thread-reservation=0
|  |     tuple-ids=27 row-size=12B cardinality=108 cost=16728
|  |     in pipelines: 25(GETNEXT)
|  |
|  24:SCAN HDFS [tpcds_partitioned_parquet_snap.web_sales, RANDOM]
|     HDFS partitions=1824/1824 files=1824 size=145.75GB
|     runtime filters: RF021[min_max] -> tpcds_partitioned_parquet_snap.web_sales.ws_bill_addr_sk, RF019[min_max] -> tpcds_partitioned_parquet_snap.web_sales.ws_item_sk, RF022[bloom] -> tpcds_partitioned_parquet_snap.web_sales.ws_sold_date_sk, RF020[bloom] -> tpcds_partitioned_parquet_snap.web_sales.ws_bill_addr_sk
|     stored statistics:
|       table: rows=2.16G size=145.75GB
|       partitions: 1824/1824 rows=2.16G
|       columns: all
|     extrapolated-rows=disabled max-scan-range-rows=3.37M est-scan-range=109(filtered from 1824)
|     mem-estimate=16.00MB mem-reservation=128.00KB thread-reservation=0
|     tuple-ids=25 row-size=16B cardinality=127.89M(filtered from 2.16G) cost=29466510
|     in pipelines: 24(GETNEXT)
|
01:UNION
|  pass-through-operands: all
|  mem-estimate=0B mem-reservation=0B thread-reservation=0
|  tuple-ids=24 row-size=28B cardinality=371.14K cost=0
|  in pipelines: 44(GETNEXT), 52(GETNEXT)
|
|--52:AGGREGATE [FINALIZE]
|  |  output: sum:merge(tpcds_partitioned_parquet_snap.catalog_sales.cs_ext_sales_price)
|  |  group by: tpcds_partitioned_parquet_snap.item_1.i_item_id
|  |  mem-estimate=10.00MB mem-reservation=8.50MB spill-buffer=512.00KB thread-reservation=0
|  |  tuple-ids=23 row-size=44B cardinality=185.57K cost=2390136
|  |  in pipelines: 52(GETNEXT), 13(OPEN)
|  |
|  51:EXCHANGE [HASH(tpcds_partitioned_parquet_snap.item_1.i_item_id)]
|  |  mem-estimate=11.41MB mem-reservation=0B thread-reservation=0
|  |  tuple-ids=23 row-size=44B cardinality=6.52M cost=2043179
|  |  in pipelines: 13(GETNEXT)
|  |
|  F07:PLAN FRAGMENT [RANDOM] hosts=10 instances=30 (adjusted from 120)
|  Per-Host Shared Resources: mem-estimate=3.00MB mem-reservation=3.00MB thread-reservation=0 runtime-filters-memory=3.00MB
|  Per-Instance Resources: mem-estimate=44.25MB mem-reservation=18.00MB thread-reservation=1
|  max-parallelism=30 segment-costs=[291131802, 21825201] cpu-comparison-result=55 [max(30 (self) vs 55 (sum children))]
|  23:AGGREGATE [STREAMING]
|  |  output: sum(tpcds_partitioned_parquet_snap.catalog_sales.cs_ext_sales_price)
|  |  group by: tpcds_partitioned_parquet_snap.item_1.i_item_id
|  |  mem-estimate=17.00MB mem-reservation=17.00MB spill-buffer=1.00MB thread-reservation=0
|  |  tuple-ids=23 row-size=44B cardinality=6.52M cost=19247271
|  |  in pipelines: 13(GETNEXT)
|  |
|  22:HASH JOIN [INNER JOIN, BROADCAST]
|  |  hash-table-id=04
|  |  hash predicates: tpcds_partitioned_parquet_snap.item_1.i_item_id = tpcds_partitioned_parquet_snap.item_2.i_item_id
|  |  fk/pk conjuncts: none
|  |  mem-estimate=0B mem-reservation=0B spill-buffer=128.00KB thread-reservation=0
|  |  tuple-ids=12,14,16,18,22 row-size=96B cardinality=7.71M cost=11616011
|  |  in pipelines: 13(GETNEXT), 49(OPEN)
|  |
|  |--F29:PLAN FRAGMENT [RANDOM] hosts=10 instances=10
|  |  |  Per-Instance Resources: mem-estimate=10.71MB mem-reservation=9.62MB thread-reservation=1 runtime-filters-memory=1.00MB
|  |  |  max-parallelism=10 segment-costs=[83645] cpu-comparison-result=10 [max(10 (self) vs 4 (sum children))]
|  |  JOIN BUILD
|  |  |  join-table-id=04 plan-id=05 cohort-id=02
|  |  |  build expressions: tpcds_partitioned_parquet_snap.item_2.i_item_id
|  |  |  runtime filters: RF008[bloom] <- tpcds_partitioned_parquet_snap.item_2.i_item_id, RF009[min_max] <- tpcds_partitioned_parquet_snap.item_2.i_item_id
|  |  |  mem-estimate=8.62MB mem-reservation=8.62MB spill-buffer=128.00KB thread-reservation=0 cost=35915
|  |  |
|  |  50:EXCHANGE [BROADCAST]
|  |  |  mem-estimate=1.08MB mem-reservation=0B thread-reservation=0
|  |  |  tuple-ids=22 row-size=28B cardinality=35.91K cost=47730
|  |  |  in pipelines: 49(GETNEXT)
|  |  |
|  |  F12:PLAN FRAGMENT [HASH(tpcds_partitioned_parquet_snap.item_2.i_item_id)] hosts=4 instances=4
|  |  Per-Instance Resources: mem-estimate=10.36MB mem-reservation=1.94MB thread-reservation=1
|  |  max-parallelism=4 segment-costs=[112758, 3490] cpu-comparison-result=4 [max(4 (self) vs 4 (sum children))]
|  |  49:AGGREGATE [FINALIZE]
|  |  |  group by: tpcds_partitioned_parquet_snap.item_2.i_item_id
|  |  |  mem-estimate=10.00MB mem-reservation=1.94MB spill-buffer=64.00KB thread-reservation=0
|  |  |  tuple-ids=22 row-size=28B cardinality=35.91K cost=104142
|  |  |  in pipelines: 49(GETNEXT), 20(OPEN)
|  |  |
|  |  48:EXCHANGE [HASH(tpcds_partitioned_parquet_snap.item_2.i_item_id)]
|  |  |  mem-estimate=373.51KB mem-reservation=0B thread-reservation=0
|  |  |  tuple-ids=22 row-size=28B cardinality=35.91K cost=8616
|  |  |  in pipelines: 20(GETNEXT)
|  |  |
|  |  F11:PLAN FRAGMENT [RANDOM] hosts=4 instances=4
|  |  Per-Instance Resources: mem-estimate=26.50MB mem-reservation=2.50MB thread-reservation=1
|  |  max-parallelism=4 segment-costs=[227813, 83265]
|  |  21:AGGREGATE [STREAMING]
|  |  |  group by: tpcds_partitioned_parquet_snap.item_2.i_item_id
|  |  |  mem-estimate=10.00MB mem-reservation=2.00MB spill-buffer=64.00KB thread-reservation=0
|  |  |  tuple-ids=22 row-size=28B cardinality=35.91K cost=104142
|  |  |  in pipelines: 20(GETNEXT)
|  |  |
|  |  20:SCAN HDFS [tpcds_partitioned_parquet_snap.item, RANDOM]
|  |     HDFS partitions=1/1 files=1 size=33.54MB
|  |     predicates: tpcds_partitioned_parquet_snap.item_2.i_category = 'Men'
|  |     stored statistics:
|  |       table: rows=360.00K size=33.54MB
|  |       columns: all
|  |     extrapolated-rows=disabled max-scan-range-rows=101.54K
|  |     parquet statistics predicates: tpcds_partitioned_parquet_snap.item_2.i_category = 'Men'
|  |     parquet dictionary predicates: tpcds_partitioned_parquet_snap.item_2.i_category = 'Men'
|  |     mem-estimate=16.00MB mem-reservation=512.00KB thread-reservation=0
|  |     tuple-ids=20 row-size=46B cardinality=35.91K cost=123671
|  |     in pipelines: 20(GETNEXT)
|  |
|  19:HASH JOIN [INNER JOIN, BROADCAST]
|  |  hash-table-id=05
|  |  hash predicates: tpcds_partitioned_parquet_snap.catalog_sales.cs_item_sk = tpcds_partitioned_parquet_snap.item_1.i_item_sk
|  |  fk/pk conjuncts: tpcds_partitioned_parquet_snap.catalog_sales.cs_item_sk = tpcds_partitioned_parquet_snap.item_1.i_item_sk
|  |  mem-estimate=0B mem-reservation=0B spill-buffer=2.00MB thread-reservation=0
|  |  tuple-ids=12,14,16,18 row-size=68B cardinality=39.84M cost=17442927
|  |  in pipelines: 13(GETNEXT), 18(OPEN)
|  |
|  |--F30:PLAN FRAGMENT [RANDOM] hosts=10 instances=10
|  |  |  Per-Instance Resources: mem-estimate=112.14MB mem-reservation=102.00MB thread-reservation=1
|  |  |  max-parallelism=10 segment-costs=[838440]
|  |  JOIN BUILD
|  |  |  join-table-id=05 plan-id=06 cohort-id=02
|  |  |  build expressions: tpcds_partitioned_parquet_snap.item_1.i_item_sk
|  |  |  runtime filters: RF011[min_max] <- tpcds_partitioned_parquet_snap.item_1.i_item_sk
|  |  |  mem-estimate=102.00MB mem-reservation=102.00MB spill-buffer=2.00MB thread-reservation=0 cost=360000
|  |  |
|  |  47:EXCHANGE [BROADCAST]
|  |  |  mem-estimate=10.14MB mem-reservation=0B thread-reservation=0
|  |  |  tuple-ids=18 row-size=32B cardinality=360.00K cost=478440
|  |  |  in pipelines: 18(GETNEXT)
|  |  |
|  |  F10:PLAN FRAGMENT [RANDOM] hosts=4 instances=4
|  |  Per-Host Shared Resources: mem-estimate=1.00MB mem-reservation=1.00MB thread-reservation=0 runtime-filters-memory=1.00MB
|  |  Per-Instance Resources: mem-estimate=16.14MB mem-reservation=512.00KB thread-reservation=1
|  |  max-parallelism=4 segment-costs=[142560]
|  |  18:SCAN HDFS [tpcds_partitioned_parquet_snap.item, RANDOM]
|  |     HDFS partitions=1/1 files=1 size=33.54MB
|  |     runtime filters: RF009[min_max] -> tpcds_partitioned_parquet_snap.item_1.i_item_id, RF008[bloom] -> tpcds_partitioned_parquet_snap.item_1.i_item_id
|  |     stored statistics:
|  |       table: rows=360.00K size=33.54MB
|  |       columns: all
|  |     extrapolated-rows=disabled max-scan-range-rows=101.54K
|  |     mem-estimate=16.00MB mem-reservation=512.00KB thread-reservation=0
|  |     tuple-ids=18 row-size=32B cardinality=360.00K cost=103680
|  |     in pipelines: 18(GETNEXT)
|  |
|  17:HASH JOIN [INNER JOIN, BROADCAST]
|  |  hash-table-id=06
|  |  hash predicates: tpcds_partitioned_parquet_snap.catalog_sales.cs_bill_addr_sk = tpcds_partitioned_parquet_snap.customer_address_0.ca_address_sk
|  |  fk/pk conjuncts: tpcds_partitioned_parquet_snap.catalog_sales.cs_bill_addr_sk = tpcds_partitioned_parquet_snap.customer_address_0.ca_address_sk
|  |  mem-estimate=0B mem-reservation=0B spill-buffer=2.00MB thread-reservation=0
|  |  tuple-ids=12,14,16 row-size=36B cardinality=39.86M cost=72582905
|  |  in pipelines: 13(GETNEXT), 16(OPEN)
|  |
|  |--F31:PLAN FRAGMENT [RANDOM] hosts=10 instances=10
|  |  |  Per-Instance Resources: mem-estimate=114.12MB mem-reservation=104.00MB thread-reservation=1 runtime-filters-memory=2.00MB
|  |  |  max-parallelism=10 segment-costs=[5647923]
|  |  JOIN BUILD
|  |  |  join-table-id=06 plan-id=07 cohort-id=02
|  |  |  build expressions: tpcds_partitioned_parquet_snap.customer_address_0.ca_address_sk
|  |  |  runtime filters: RF012[bloom] <- tpcds_partitioned_parquet_snap.customer_address_0.ca_address_sk, RF013[min_max] <- tpcds_partitioned_parquet_snap.customer_address_0.ca_address_sk
|  |  |  mem-estimate=102.00MB mem-reservation=102.00MB spill-buffer=2.00MB thread-reservation=0 cost=2425043
|  |  |
|  |  46:EXCHANGE [BROADCAST]
|  |  |  mem-estimate=10.12MB mem-reservation=0B thread-reservation=0
|  |  |  tuple-ids=16 row-size=8B cardinality=2.43M cost=3222880
|  |  |  in pipelines: 16(GETNEXT)
|  |  |
|  |  F09:PLAN FRAGMENT [RANDOM] hosts=10 instances=10
|  |  Per-Instance Resources: mem-estimate=16.05MB mem-reservation=128.00KB thread-reservation=1
|  |  max-parallelism=10 segment-costs=[2254261]
|  |  16:SCAN HDFS [tpcds_partitioned_parquet_snap.customer_address, RANDOM]
|  |     HDFS partitions=1/1 files=1 size=307.36MB
|  |     predicates: CAST(tpcds_partitioned_parquet_snap.customer_address_0.ca_gmt_offset AS DECIMAL(12,2)) = CAST(-5 AS DECIMAL(12,2))
|  |     stored statistics:
|  |       table: rows=15.00M size=307.36MB
|  |       columns: all
|  |     extrapolated-rows=disabled max-scan-range-rows=1.58M
|  |     parquet dictionary predicates: CAST(tpcds_partitioned_parquet_snap.customer_address_0.ca_gmt_offset AS DECIMAL(12,2)) = CAST(-5 AS DECIMAL(12,2))
|  |     mem-estimate=16.00MB mem-reservation=128.00KB thread-reservation=0
|  |     tuple-ids=16 row-size=8B cardinality=2.43M cost=2149500
|  |     in pipelines: 16(GETNEXT)
|  |
|  15:HASH JOIN [INNER JOIN, BROADCAST]
|  |  hash-table-id=07
|  |  hash predicates: tpcds_partitioned_parquet_snap.catalog_sales.cs_sold_date_sk = tpcds_partitioned_parquet_snap.date_dim_0.d_date_sk
|  |  fk/pk conjuncts: tpcds_partitioned_parquet_snap.catalog_sales.cs_sold_date_sk = tpcds_partitioned_parquet_snap.date_dim_0.d_date_sk
|  |  mem-estimate=0B mem-reservation=0B spill-buffer=64.00KB thread-reservation=0
|  |  tuple-ids=12,14 row-size=28B cardinality=254.82M cost=111533041
|  |  in pipelines: 13(GETNEXT), 14(OPEN)
|  |
|  |--F32:PLAN FRAGMENT [RANDOM] hosts=10 instances=10
|  |  |  Per-Instance Resources: mem-estimate=6.83MB mem-reservation=6.81MB thread-reservation=1 runtime-filters-memory=1.00MB
|  |  |  max-parallelism=10 segment-costs=[248]
|  |  JOIN BUILD
|  |  |  join-table-id=07 plan-id=08 cohort-id=02
|  |  |  build expressions: tpcds_partitioned_parquet_snap.date_dim_0.d_date_sk
|  |  |  runtime filters: RF014[bloom] <- tpcds_partitioned_parquet_snap.date_dim_0.d_date_sk
|  |  |  mem-estimate=5.81MB mem-reservation=5.81MB spill-buffer=64.00KB thread-reservation=0 cost=108
|  |  |
|  |  45:EXCHANGE [BROADCAST]
|  |  |  mem-estimate=16.00KB mem-reservation=0B thread-reservation=0
|  |  |  tuple-ids=14 row-size=12B cardinality=108 cost=140
|  |  |  in pipelines: 14(GETNEXT)
|  |  |
|  |  F08:PLAN FRAGMENT [RANDOM] hosts=1 instances=1
|  |  Per-Instance Resources: mem-estimate=16.06MB mem-reservation=512.00KB thread-reservation=1
|  |  max-parallelism=1 segment-costs=[16733]
|  |  14:SCAN HDFS [tpcds_partitioned_parquet_snap.date_dim, RANDOM]
|  |     HDFS partitions=1/1 files=1 size=2.17MB
|  |     predicates: tpcds_partitioned_parquet_snap.date_dim_0.d_year = CAST(2000 AS INT), tpcds_partitioned_parquet_snap.date_dim_0.d_moy = CAST(9 AS INT)
|  |     stored statistics:
|  |       table: rows=73.05K size=2.17MB
|  |       columns: all
|  |     extrapolated-rows=disabled max-scan-range-rows=73.05K
|  |     parquet statistics predicates: tpcds_partitioned_parquet_snap.date_dim_0.d_year = CAST(2000 AS INT), tpcds_partitioned_parquet_snap.date_dim_0.d_moy = CAST(9 AS INT)
|  |     parquet dictionary predicates: tpcds_partitioned_parquet_snap.date_dim_0.d_year = CAST(2000 AS INT), tpcds_partitioned_parquet_snap.date_dim_0.d_moy = CAST(9 AS INT)
|  |     mem-estimate=16.00MB mem-reservation=512.00KB thread-reservation=0
|  |     tuple-ids=14 row-size=12B cardinality=108 cost=16728
|  |     in pipelines: 14(GETNEXT)
|  |
|  13:SCAN HDFS [tpcds_partitioned_parquet_snap.catalog_sales, RANDOM]
|     HDFS partitions=1831/1831 files=1831 size=280.96GB
|     runtime filters: RF013[min_max] -> tpcds_partitioned_parquet_snap.catalog_sales.cs_bill_addr_sk, RF011[min_max] -> tpcds_partitioned_parquet_snap.catalog_sales.cs_item_sk, RF014[bloom] -> tpcds_partitioned_parquet_snap.catalog_sales.cs_sold_date_sk, RF012[bloom] -> tpcds_partitioned_parquet_snap.catalog_sales.cs_bill_addr_sk
|     stored statistics:
|       table: rows=4.32G size=280.96GB
|       partitions: 1831/1831 rows=4.32G
|       columns: all
|     extrapolated-rows=disabled max-scan-range-rows=21.52M est-scan-range=109(filtered from 1831)
|     mem-estimate=16.00MB mem-reservation=1.00MB thread-reservation=0
|     tuple-ids=12 row-size=16B cardinality=254.82M(filtered from 4.32G) cost=58709647
|     in pipelines: 13(GETNEXT)
|
44:AGGREGATE [FINALIZE]
|  output: sum:merge(tpcds_partitioned_parquet_snap.store_sales.ss_ext_sales_price)
|  group by: tpcds_partitioned_parquet_snap.item.i_item_id
|  mem-estimate=17.00MB mem-reservation=17.00MB spill-buffer=1.00MB thread-reservation=0
|  tuple-ids=11 row-size=44B cardinality=185.57K cost=3747102
|  in pipelines: 44(GETNEXT), 02(OPEN)
|
43:EXCHANGE [HASH(tpcds_partitioned_parquet_snap.item.i_item_id)]
|  mem-estimate=12.81MB mem-reservation=0B thread-reservation=0
|  tuple-ids=11 row-size=44B cardinality=11.16M cost=3497569
|  in pipelines: 02(GETNEXT)
|
F00:PLAN FRAGMENT [RANDOM] hosts=10 instances=60 (adjusted from 120)
Per-Host Shared Resources: mem-estimate=4.00MB mem-reservation=4.00MB thread-reservation=0 runtime-filters-memory=4.00MB
Per-Instance Resources: mem-estimate=44.25MB mem-reservation=25.00MB thread-reservation=1
max-parallelism=60 segment-costs=[579457052, 37360954] cpu-comparison-result=60 [max(60 (self) vs 55 (sum children))]
12:AGGREGATE [STREAMING]
|  output: sum(tpcds_partitioned_parquet_snap.store_sales.ss_ext_sales_price)
|  group by: tpcds_partitioned_parquet_snap.item.i_item_id
|  mem-estimate=17.00MB mem-reservation=17.00MB spill-buffer=1.00MB thread-reservation=0
|  tuple-ids=11 row-size=44B cardinality=11.16M cost=33615104
|  in pipelines: 02(GETNEXT)
|
11:HASH JOIN [INNER JOIN, BROADCAST]
|  hash-table-id=00
|  hash predicates: tpcds_partitioned_parquet_snap.item.i_item_id = tpcds_partitioned_parquet_snap.item_0.i_item_id
|  fk/pk conjuncts: none
|  mem-estimate=0B mem-reservation=0B spill-buffer=128.00KB thread-reservation=0
|  tuple-ids=0,2,4,6,10 row-size=96B cardinality=15.48M cost=23320583
|  in pipelines: 02(GETNEXT), 41(OPEN)
|
|--F25:PLAN FRAGMENT [RANDOM] hosts=10 instances=10
|  |  Per-Instance Resources: mem-estimate=19.33MB mem-reservation=18.25MB thread-reservation=1 runtime-filters-memory=1.00MB
|  |  max-parallelism=10 segment-costs=[83645] cpu-comparison-result=10 [max(10 (self) vs 4 (sum children))]
|  JOIN BUILD
|  |  join-table-id=00 plan-id=01 cohort-id=01
|  |  build expressions: tpcds_partitioned_parquet_snap.item_0.i_item_id
|  |  runtime filters: RF000[bloom] <- tpcds_partitioned_parquet_snap.item_0.i_item_id, RF001[min_max] <- tpcds_partitioned_parquet_snap.item_0.i_item_id
|  |  mem-estimate=17.25MB mem-reservation=17.25MB spill-buffer=128.00KB thread-reservation=0 cost=35915
|  |
|  42:EXCHANGE [BROADCAST]
|  |  mem-estimate=1.08MB mem-reservation=0B thread-reservation=0
|  |  tuple-ids=10 row-size=28B cardinality=35.91K cost=47730
|  |  in pipelines: 41(GETNEXT)
|  |
|  F05:PLAN FRAGMENT [HASH(tpcds_partitioned_parquet_snap.item_0.i_item_id)] hosts=4 instances=4
|  Per-Instance Resources: mem-estimate=10.36MB mem-reservation=1.94MB thread-reservation=1
|  max-parallelism=4 segment-costs=[112758, 3490] cpu-comparison-result=4 [max(4 (self) vs 4 (sum children))]
|  41:AGGREGATE [FINALIZE]
|  |  group by: tpcds_partitioned_parquet_snap.item_0.i_item_id
|  |  mem-estimate=10.00MB mem-reservation=1.94MB spill-buffer=64.00KB thread-reservation=0
|  |  tuple-ids=10 row-size=28B cardinality=35.91K cost=104142
|  |  in pipelines: 41(GETNEXT), 09(OPEN)
|  |
|  40:EXCHANGE [HASH(tpcds_partitioned_parquet_snap.item_0.i_item_id)]
|  |  mem-estimate=373.51KB mem-reservation=0B thread-reservation=0
|  |  tuple-ids=10 row-size=28B cardinality=35.91K cost=8616
|  |  in pipelines: 09(GETNEXT)
|  |
|  F04:PLAN FRAGMENT [RANDOM] hosts=4 instances=4
|  Per-Instance Resources: mem-estimate=26.50MB mem-reservation=2.50MB thread-reservation=1
|  max-parallelism=4 segment-costs=[227813, 83265]
|  10:AGGREGATE [STREAMING]
|  |  group by: tpcds_partitioned_parquet_snap.item_0.i_item_id
|  |  mem-estimate=10.00MB mem-reservation=2.00MB spill-buffer=64.00KB thread-reservation=0
|  |  tuple-ids=10 row-size=28B cardinality=35.91K cost=104142
|  |  in pipelines: 09(GETNEXT)
|  |
|  09:SCAN HDFS [tpcds_partitioned_parquet_snap.item, RANDOM]
|     HDFS partitions=1/1 files=1 size=33.54MB
|     predicates: tpcds_partitioned_parquet_snap.item_0.i_category = 'Men'
|     stored statistics:
|       table: rows=360.00K size=33.54MB
|       columns: all
|     extrapolated-rows=disabled max-scan-range-rows=101.54K
|     parquet statistics predicates: tpcds_partitioned_parquet_snap.item_0.i_category = 'Men'
|     parquet dictionary predicates: tpcds_partitioned_parquet_snap.item_0.i_category = 'Men'
|     mem-estimate=16.00MB mem-reservation=512.00KB thread-reservation=0
|     tuple-ids=8 row-size=46B cardinality=35.91K cost=123671
|     in pipelines: 09(GETNEXT)
|
08:HASH JOIN [INNER JOIN, BROADCAST]
|  hash-table-id=01
|  hash predicates: tpcds_partitioned_parquet_snap.store_sales.ss_item_sk = tpcds_partitioned_parquet_snap.item.i_item_sk
|  fk/pk conjuncts: tpcds_partitioned_parquet_snap.store_sales.ss_item_sk = tpcds_partitioned_parquet_snap.item.i_item_sk
|  mem-estimate=0B mem-reservation=0B spill-buffer=2.00MB thread-reservation=0
|  tuple-ids=0,2,4,6 row-size=68B cardinality=79.98M cost=35018842
|  in pipelines: 02(GETNEXT), 07(OPEN)
|
|--F26:PLAN FRAGMENT [RANDOM] hosts=10 instances=10
|  |  Per-Instance Resources: mem-estimate=215.14MB mem-reservation=205.00MB thread-reservation=1 runtime-filters-memory=1.00MB
|  |  max-parallelism=10 segment-costs=[838440]
|  JOIN BUILD
|  |  join-table-id=01 plan-id=02 cohort-id=01
|  |  build expressions: tpcds_partitioned_parquet_snap.item.i_item_sk
|  |  runtime filters: RF002[bloom] <- tpcds_partitioned_parquet_snap.item.i_item_sk, RF003[min_max] <- tpcds_partitioned_parquet_snap.item.i_item_sk
|  |  mem-estimate=204.00MB mem-reservation=204.00MB spill-buffer=2.00MB thread-reservation=0 cost=360000
|  |
|  39:EXCHANGE [BROADCAST]
|  |  mem-estimate=10.14MB mem-reservation=0B thread-reservation=0
|  |  tuple-ids=6 row-size=32B cardinality=360.00K cost=478440
|  |  in pipelines: 07(GETNEXT)
|  |
|  F03:PLAN FRAGMENT [RANDOM] hosts=4 instances=4
|  Per-Host Shared Resources: mem-estimate=1.00MB mem-reservation=1.00MB thread-reservation=0 runtime-filters-memory=1.00MB
|  Per-Instance Resources: mem-estimate=16.14MB mem-reservation=512.00KB thread-reservation=1
|  max-parallelism=4 segment-costs=[142560]
|  07:SCAN HDFS [tpcds_partitioned_parquet_snap.item, RANDOM]
|     HDFS partitions=1/1 files=1 size=33.54MB
|     runtime filters: RF001[min_max] -> tpcds_partitioned_parquet_snap.item.i_item_id, RF000[bloom] -> tpcds_partitioned_parquet_snap.item.i_item_id
|     stored statistics:
|       table: rows=360.00K size=33.54MB
|       columns: all
|     extrapolated-rows=disabled max-scan-range-rows=101.54K
|     mem-estimate=16.00MB mem-reservation=512.00KB thread-reservation=0
|     tuple-ids=6 row-size=32B cardinality=360.00K cost=103680
|     in pipelines: 07(GETNEXT)
|
06:HASH JOIN [INNER JOIN, BROADCAST]
|  hash-table-id=02
|  hash predicates: tpcds_partitioned_parquet_snap.store_sales.ss_addr_sk = tpcds_partitioned_parquet_snap.customer_address.ca_address_sk
|  fk/pk conjuncts: tpcds_partitioned_parquet_snap.store_sales.ss_addr_sk = tpcds_partitioned_parquet_snap.customer_address.ca_address_sk
|  mem-estimate=0B mem-reservation=0B spill-buffer=2.00MB thread-reservation=0
|  tuple-ids=0,2,4 row-size=36B cardinality=80.02M cost=145719192
|  in pipelines: 02(GETNEXT), 05(OPEN)
|
|--F27:PLAN FRAGMENT [RANDOM] hosts=10 instances=10
|  |  Per-Instance Resources: mem-estimate=216.12MB mem-reservation=206.00MB thread-reservation=1 runtime-filters-memory=2.00MB
|  |  max-parallelism=10 segment-costs=[5647923]
|  JOIN BUILD
|  |  join-table-id=02 plan-id=03 cohort-id=01
|  |  build expressions: tpcds_partitioned_parquet_snap.customer_address.ca_address_sk
|  |  runtime filters: RF004[bloom] <- tpcds_partitioned_parquet_snap.customer_address.ca_address_sk, RF005[min_max] <- tpcds_partitioned_parquet_snap.customer_address.ca_address_sk
|  |  mem-estimate=204.00MB mem-reservation=204.00MB spill-buffer=2.00MB thread-reservation=0 cost=2425043
|  |
|  38:EXCHANGE [BROADCAST]
|  |  mem-estimate=10.12MB mem-reservation=0B thread-reservation=0
|  |  tuple-ids=4 row-size=8B cardinality=2.43M cost=3222880
|  |  in pipelines: 05(GETNEXT)
|  |
|  F02:PLAN FRAGMENT [RANDOM] hosts=10 instances=10
|  Per-Instance Resources: mem-estimate=16.05MB mem-reservation=128.00KB thread-reservation=1
|  max-parallelism=10 segment-costs=[2254261]
|  05:SCAN HDFS [tpcds_partitioned_parquet_snap.customer_address, RANDOM]
|     HDFS partitions=1/1 files=1 size=307.36MB
|     predicates: CAST(tpcds_partitioned_parquet_snap.customer_address.ca_gmt_offset AS DECIMAL(12,2)) = CAST(-5 AS DECIMAL(12,2))
|     stored statistics:
|       table: rows=15.00M size=307.36MB
|       columns: all
|     extrapolated-rows=disabled max-scan-range-rows=1.58M
|     parquet dictionary predicates: CAST(tpcds_partitioned_parquet_snap.customer_address.ca_gmt_offset AS DECIMAL(12,2)) = CAST(-5 AS DECIMAL(12,2))
|     mem-estimate=16.00MB mem-reservation=128.00KB thread-reservation=0
|     tuple-ids=4 row-size=8B cardinality=2.43M cost=2149500
|     in pipelines: 05(GETNEXT)
|
04:HASH JOIN [INNER JOIN, BROADCAST]
|  hash-table-id=03
|  hash predicates: tpcds_partitioned_parquet_snap.store_sales.ss_sold_date_sk = tpcds_partitioned_parquet_snap.date_dim.d_date_sk
|  fk/pk conjuncts: tpcds_partitioned_parquet_snap.store_sales.ss_sold_date_sk = tpcds_partitioned_parquet_snap.date_dim.d_date_sk
|  mem-estimate=0B mem-reservation=0B spill-buffer=64.00KB thread-reservation=0
|  tuple-ids=0,2 row-size=28B cardinality=511.58M cost=223916426
|  in pipelines: 02(GETNEXT), 03(OPEN)
|
|--F28:PLAN FRAGMENT [RANDOM] hosts=10 instances=10
|  |  Per-Instance Resources: mem-estimate=12.64MB mem-reservation=12.62MB thread-reservation=1 runtime-filters-memory=1.00MB
|  |  max-parallelism=10 segment-costs=[248]
|  JOIN BUILD
|  |  join-table-id=03 plan-id=04 cohort-id=01
|  |  build expressions: tpcds_partitioned_parquet_snap.date_dim.d_date_sk
|  |  runtime filters: RF006[bloom] <- tpcds_partitioned_parquet_snap.date_dim.d_date_sk
|  |  mem-estimate=11.62MB mem-reservation=11.62MB spill-buffer=64.00KB thread-reservation=0 cost=108
|  |
|  37:EXCHANGE [BROADCAST]
|  |  mem-estimate=16.00KB mem-reservation=0B thread-reservation=0
|  |  tuple-ids=2 row-size=12B cardinality=108 cost=140
|  |  in pipelines: 03(GETNEXT)
|  |
|  F01:PLAN FRAGMENT [RANDOM] hosts=1 instances=1
|  Per-Instance Resources: mem-estimate=16.06MB mem-reservation=512.00KB thread-reservation=1
|  max-parallelism=1 segment-costs=[16733]
|  03:SCAN HDFS [tpcds_partitioned_parquet_snap.date_dim, RANDOM]
|     HDFS partitions=1/1 files=1 size=2.17MB
|     predicates: tpcds_partitioned_parquet_snap.date_dim.d_year = CAST(2000 AS INT), tpcds_partitioned_parquet_snap.date_dim.d_moy = CAST(9 AS INT)
|     stored statistics:
|       table: rows=73.05K size=2.17MB
|       columns: all
|     extrapolated-rows=disabled max-scan-range-rows=73.05K
|     parquet statistics predicates: tpcds_partitioned_parquet_snap.date_dim.d_year = CAST(2000 AS INT), tpcds_partitioned_parquet_snap.date_dim.d_moy = CAST(9 AS INT)
|     parquet dictionary predicates: tpcds_partitioned_parquet_snap.date_dim.d_year = CAST(2000 AS INT), tpcds_partitioned_parquet_snap.date_dim.d_moy = CAST(9 AS INT)
|     mem-estimate=16.00MB mem-reservation=512.00KB thread-reservation=0
|     tuple-ids=2 row-size=12B cardinality=108 cost=16728
|     in pipelines: 03(GETNEXT)
|
02:SCAN HDFS [tpcds_partitioned_parquet_snap.store_sales, RANDOM]
   HDFS partitions=1824/1824 files=1824 size=389.90GB
   runtime filters: RF005[min_max] -> tpcds_partitioned_parquet_snap.store_sales.ss_addr_sk, RF003[min_max] -> tpcds_partitioned_parquet_snap.store_sales.ss_item_sk, RF006[bloom] -> tpcds_partitioned_parquet_snap.store_sales.ss_sold_date_sk, RF004[bloom] -> tpcds_partitioned_parquet_snap.store_sales.ss_addr_sk, RF002[bloom] -> tpcds_partitioned_parquet_snap.store_sales.ss_item_sk
   stored statistics:
     table: rows=8.64G size=389.90GB
     partitions: 1824/1824 rows=8.64G
     columns: all
   extrapolated-rows=disabled max-scan-range-rows=390.22M est-scan-range=109(filtered from 1824)
   mem-estimate=16.00MB mem-reservation=8.00MB thread-reservation=0
   tuple-ids=0 row-size=16B cardinality=511.58M(filtered from 8.64G) cost=117866905
   in pipelines: 02(GETNEXT)
====
