# TPCDS-Q31
# start query 31 in stream 0 using template query31.tpl using seed 566127755
with ss as
 (select ca_county,d_qoy, d_year,sum(ss_ext_sales_price) as store_sales
 from store_sales,date_dim,customer_address
 where ss_sold_date_sk = d_date_sk
  and ss_addr_sk=ca_address_sk
 group by ca_county,d_qoy, d_year),
 ws as
 (select ca_county,d_qoy, d_year,sum(ws_ext_sales_price) as web_sales
 from web_sales,date_dim,customer_address
 where ws_sold_date_sk = d_date_sk
  and ws_bill_addr_sk=ca_address_sk
 group by ca_county,d_qoy, d_year)
 select
        ss1.ca_county
       ,ss1.d_year
       ,ws2.web_sales/ws1.web_sales web_q1_q2_increase
       ,ss2.store_sales/ss1.store_sales store_q1_q2_increase
       ,ws3.web_sales/ws2.web_sales web_q2_q3_increase
       ,ss3.store_sales/ss2.store_sales store_q2_q3_increase
 from
        ss ss1
       ,ss ss2
       ,ss ss3
       ,ws ws1
       ,ws ws2
       ,ws ws3
 where
    ss1.d_qoy = 1
    and ss1.d_year = 1998
    and ss1.ca_county = ss2.ca_county
    and ss2.d_qoy = 2
    and ss2.d_year = 1998
 and ss2.ca_county = ss3.ca_county
    and ss3.d_qoy = 3
    and ss3.d_year = 1998
    and ss1.ca_county = ws1.ca_county
    and ws1.d_qoy = 1
    and ws1.d_year = 1998
    and ws1.ca_county = ws2.ca_county
    and ws2.d_qoy = 2
    and ws2.d_year = 1998
    and ws1.ca_county = ws3.ca_county
    and ws3.d_qoy = 3
    and ws3.d_year =1998
    and case when ws1.web_sales > 0 then ws2.web_sales/ws1.web_sales else null end
       > case when ss1.store_sales > 0 then ss2.store_sales/ss1.store_sales else null end
    and case when ws2.web_sales > 0 then ws3.web_sales/ws2.web_sales else null end
       > case when ss2.store_sales > 0 then ss3.store_sales/ss2.store_sales else null end
 order by ss1.ca_county

# end query 31 in stream 0 using template query31.tpl
---- PLAN
Max Per-Host Resource Reservation: Memory=307.62MB Threads=1
Per-Host Resource Estimates: Memory=4.40GB
F00:PLAN FRAGMENT [UNPARTITIONED] hosts=1 instances=1
|  Per-Instance Resources: mem-estimate=4.40GB mem-reservation=307.62MB thread-reservation=1 runtime-filters-memory=56.00MB
|  max-parallelism=1 segment-costs=[1186580474, 1186580474, 1186580474, 310818976, 310818976, 201101762, 109568211, 90000000]
PLAN-ROOT SINK
|  output exprs: tpcds_partitioned_parquet_snap.customer_address.ca_county, CAST(1998 AS INT), divide(sum(tpcds_partitioned_parquet_snap.web_sales_0.ws_ext_sales_price), sum(tpcds_partitioned_parquet_snap.web_sales.ws_ext_sales_price)), divide(sum(tpcds_partitioned_parquet_snap.store_sales_0.ss_ext_sales_price), sum(tpcds_partitioned_parquet_snap.store_sales.ss_ext_sales_price)), divide(sum(tpcds_partitioned_parquet_snap.web_sales_1.ws_ext_sales_price), sum(tpcds_partitioned_parquet_snap.web_sales_0.ws_ext_sales_price)), divide(sum(tpcds_partitioned_parquet_snap.store_sales_1.ss_ext_sales_price), sum(tpcds_partitioned_parquet_snap.store_sales_0.ss_ext_sales_price))
|  mem-estimate=100.00MB mem-reservation=4.00MB spill-buffer=2.00MB thread-reservation=0 cost=90000000
|
41:SORT
|  order by: tpcds_partitioned_parquet_snap.customer_address.ca_county ASC NULLS LAST
|  mem-estimate=1.70GB mem-reservation=12.00MB spill-buffer=2.00MB thread-reservation=0
|  tuple-ids=42 row-size=122B cardinality=15.00M cost=85686304
|  in pipelines: 41(GETNEXT), 05(OPEN)
|
40:HASH JOIN [INNER JOIN]
|  hash predicates: tpcds_partitioned_parquet_snap.customer_address_2.ca_county = tpcds_partitioned_parquet_snap.customer_address_4.ca_county
|  fk/pk conjuncts: none
|  other join predicates: CASE WHEN sum(tpcds_partitioned_parquet_snap.web_sales_0.ws_ext_sales_price) > CAST(0 AS DECIMAL(3,0)) THEN divide(sum(tpcds_partitioned_parquet_snap.web_sales_1.ws_ext_sales_price), sum(tpcds_partitioned_parquet_snap.web_sales_0.ws_ext_sales_price)) ELSE NULL END > CASE WHEN sum(tpcds_partitioned_parquet_snap.store_sales_0.ss_ext_sales_price) > CAST(0 AS DECIMAL(3,0)) THEN divide(sum(tpcds_partitioned_parquet_snap.store_sales_1.ss_ext_sales_price), sum(tpcds_partitioned_parquet_snap.store_sales_0.ss_ext_sales_price)) ELSE NULL END
|  runtime filters: RF001[min_max] <- tpcds_partitioned_parquet_snap.customer_address_4.ca_county
|  mem-estimate=1.94MB mem-reservation=1.94MB spill-buffer=64.00KB thread-reservation=0
|  tuple-ids=6,13,20,27,34,41 row-size=252B cardinality=15.00M cost=6567325
|  in pipelines: 05(GETNEXT), 39(OPEN)
|
|--39:AGGREGATE [FINALIZE]
|  |  output: sum(tpcds_partitioned_parquet_snap.web_sales_1.ws_ext_sales_price)
|  |  group by: tpcds_partitioned_parquet_snap.customer_address_4.ca_county
|  |  mem-estimate=10.00MB mem-reservation=1.94MB spill-buffer=64.00KB thread-reservation=0
|  |  tuple-ids=41 row-size=42B cardinality=1.82K cost=6238356
|  |  in pipelines: 39(GETNEXT), 34(OPEN)
|  |
|  38:HASH JOIN [INNER JOIN]
|  |  hash predicates: tpcds_partitioned_parquet_snap.web_sales_1.ws_bill_addr_sk = tpcds_partitioned_parquet_snap.customer_address_4.ca_address_sk
|  |  fk/pk conjuncts: tpcds_partitioned_parquet_snap.web_sales_1.ws_bill_addr_sk = tpcds_partitioned_parquet_snap.customer_address_4.ca_address_sk
|  |  runtime filters: RF030[bloom] <- tpcds_partitioned_parquet_snap.customer_address_4.ca_address_sk, RF031[min_max] <- tpcds_partitioned_parquet_snap.customer_address_4.ca_address_sk
|  |  mem-estimate=90.86MB mem-reservation=34.00MB spill-buffer=2.00MB thread-reservation=0
|  |  tuple-ids=35,37,39 row-size=54B cardinality=21.31M cost=58967483
|  |  in pipelines: 34(GETNEXT), 37(OPEN)
|  |
|  |--37:SCAN HDFS [tpcds_partitioned_parquet_snap.customer_address]
|  |     HDFS partitions=1/1 files=1 size=307.36MB
|  |     predicates: is_not_null_pred(tpcds_partitioned_parquet_snap.customer_address_4.ca_county)
|  |     stored statistics:
|  |       table: rows=15.00M size=307.36MB
|  |       columns: all
|  |     extrapolated-rows=disabled max-scan-range-rows=1.58M
|  |     parquet dictionary predicates: is_not_null_pred(tpcds_partitioned_parquet_snap.customer_address_4.ca_county)
|  |     mem-estimate=16.00MB mem-reservation=128.00KB thread-reservation=0
|  |     tuple-ids=39 row-size=30B cardinality=1.50M cost=4301159
|  |     in pipelines: 37(GETNEXT)
|  |
|  36:HASH JOIN [INNER JOIN]
|  |  hash predicates: tpcds_partitioned_parquet_snap.web_sales_1.ws_sold_date_sk = tpcds_partitioned_parquet_snap.date_dim_4.d_date_sk
|  |  fk/pk conjuncts: tpcds_partitioned_parquet_snap.web_sales_1.ws_sold_date_sk = tpcds_partitioned_parquet_snap.date_dim_4.d_date_sk
|  |  runtime filters: RF032[bloom] <- tpcds_partitioned_parquet_snap.date_dim_4.d_date_sk
|  |  mem-estimate=1.94MB mem-reservation=1.94MB spill-buffer=64.00KB thread-reservation=0
|  |  tuple-ids=35,37 row-size=24B cardinality=208.99M(filtered from 220.26M) cost=93517127
|  |  in pipelines: 34(GETNEXT), 35(OPEN)
|  |
|  |--35:SCAN HDFS [tpcds_partitioned_parquet_snap.date_dim]
|  |     HDFS partitions=1/1 files=1 size=2.17MB
|  |     predicates: tpcds_partitioned_parquet_snap.date_dim_4.d_year = CAST(1998 AS INT), tpcds_partitioned_parquet_snap.date_dim_4.d_qoy = CAST(3 AS INT)
|  |     stored statistics:
|  |       table: rows=73.05K size=2.17MB
|  |       columns: all
|  |     extrapolated-rows=disabled max-scan-range-rows=73.05K
|  |     parquet statistics predicates: tpcds_partitioned_parquet_snap.date_dim_4.d_year = CAST(1998 AS INT), tpcds_partitioned_parquet_snap.date_dim_4.d_qoy = CAST(3 AS INT)
|  |     parquet dictionary predicates: tpcds_partitioned_parquet_snap.date_dim_4.d_year = CAST(1998 AS INT), tpcds_partitioned_parquet_snap.date_dim_4.d_qoy = CAST(3 AS INT)
|  |     mem-estimate=16.00MB mem-reservation=512.00KB thread-reservation=0
|  |     tuple-ids=37 row-size=12B cardinality=186 cost=16728
|  |     in pipelines: 35(GETNEXT)
|  |
|  34:SCAN HDFS [tpcds_partitioned_parquet_snap.web_sales]
|     HDFS partitions=1824/1824 files=1824 size=145.75GB
|     runtime filters: RF031[min_max] -> tpcds_partitioned_parquet_snap.web_sales_1.ws_bill_addr_sk, RF030[bloom] -> tpcds_partitioned_parquet_snap.web_sales_1.ws_bill_addr_sk, RF032[bloom] -> tpcds_partitioned_parquet_snap.web_sales_1.ws_sold_date_sk
|     stored statistics:
|       table: rows=2.16G size=145.75GB
|       partitions: 1824/1824 rows=2.16G
|       columns: all
|     extrapolated-rows=disabled max-scan-range-rows=3.37M est-scan-range=187(filtered from 1824)
|     mem-estimate=16.00MB mem-reservation=128.00KB thread-reservation=0
|     tuple-ids=35 row-size=12B cardinality=208.99M(filtered from 2.16G) cost=38060909
|     in pipelines: 34(GETNEXT)
|
33:HASH JOIN [INNER JOIN]
|  hash predicates: tpcds_partitioned_parquet_snap.customer_address_2.ca_county = tpcds_partitioned_parquet_snap.customer_address_3.ca_county
|  fk/pk conjuncts: none
|  other join predicates: CASE WHEN sum(tpcds_partitioned_parquet_snap.web_sales.ws_ext_sales_price) > CAST(0 AS DECIMAL(3,0)) THEN divide(sum(tpcds_partitioned_parquet_snap.web_sales_0.ws_ext_sales_price), sum(tpcds_partitioned_parquet_snap.web_sales.ws_ext_sales_price)) ELSE NULL END > CASE WHEN sum(tpcds_partitioned_parquet_snap.store_sales.ss_ext_sales_price) > CAST(0 AS DECIMAL(3,0)) THEN divide(sum(tpcds_partitioned_parquet_snap.store_sales_0.ss_ext_sales_price), sum(tpcds_partitioned_parquet_snap.store_sales.ss_ext_sales_price)) ELSE NULL END
|  runtime filters: RF003[min_max] <- tpcds_partitioned_parquet_snap.customer_address_3.ca_county
|  mem-estimate=1.94MB mem-reservation=1.94MB spill-buffer=64.00KB thread-reservation=0
|  tuple-ids=6,13,20,27,34 row-size=210B cardinality=15.00M cost=6567325
|  in pipelines: 05(GETNEXT), 32(OPEN)
|
|--32:AGGREGATE [FINALIZE]
|  |  output: sum(tpcds_partitioned_parquet_snap.web_sales_0.ws_ext_sales_price)
|  |  group by: tpcds_partitioned_parquet_snap.customer_address_3.ca_county
|  |  mem-estimate=10.00MB mem-reservation=1.94MB spill-buffer=64.00KB thread-reservation=0
|  |  tuple-ids=34 row-size=42B cardinality=1.82K cost=62340738
|  |  in pipelines: 32(GETNEXT), 27(OPEN)
|  |
|  31:HASH JOIN [INNER JOIN]
|  |  hash predicates: tpcds_partitioned_parquet_snap.web_sales_0.ws_bill_addr_sk = tpcds_partitioned_parquet_snap.customer_address_3.ca_address_sk
|  |  fk/pk conjuncts: tpcds_partitioned_parquet_snap.web_sales_0.ws_bill_addr_sk = tpcds_partitioned_parquet_snap.customer_address_3.ca_address_sk
|  |  runtime filters: RF027[min_max] <- tpcds_partitioned_parquet_snap.customer_address_3.ca_address_sk
|  |  mem-estimate=812.60MB mem-reservation=34.00MB spill-buffer=2.00MB thread-reservation=0
|  |  tuple-ids=28,30,32 row-size=54B cardinality=213.11M cost=110113002
|  |  in pipelines: 27(GETNEXT), 30(OPEN)
|  |
|  |--30:SCAN HDFS [tpcds_partitioned_parquet_snap.customer_address]
|  |     HDFS partitions=1/1 files=1 size=307.36MB
|  |     runtime filters: RF001[min_max] -> tpcds_partitioned_parquet_snap.customer_address_3.ca_county
|  |     stored statistics:
|  |       table: rows=15.00M size=307.36MB
|  |       columns: all
|  |     extrapolated-rows=disabled max-scan-range-rows=1.58M
|  |     mem-estimate=16.00MB mem-reservation=128.00KB thread-reservation=0
|  |     tuple-ids=32 row-size=30B cardinality=15.00M cost=3879659
|  |     in pipelines: 30(GETNEXT)
|  |
|  29:HASH JOIN [INNER JOIN]
|  |  hash predicates: tpcds_partitioned_parquet_snap.web_sales_0.ws_sold_date_sk = tpcds_partitioned_parquet_snap.date_dim_3.d_date_sk
|  |  fk/pk conjuncts: tpcds_partitioned_parquet_snap.web_sales_0.ws_sold_date_sk = tpcds_partitioned_parquet_snap.date_dim_3.d_date_sk
|  |  runtime filters: RF028[bloom] <- tpcds_partitioned_parquet_snap.date_dim_3.d_date_sk
|  |  mem-estimate=1.94MB mem-reservation=1.94MB spill-buffer=64.00KB thread-reservation=0
|  |  tuple-ids=28,30 row-size=24B cardinality=220.26M cost=96407940
|  |  in pipelines: 27(GETNEXT), 28(OPEN)
|  |
|  |--28:SCAN HDFS [tpcds_partitioned_parquet_snap.date_dim]
|  |     HDFS partitions=1/1 files=1 size=2.17MB
|  |     predicates: tpcds_partitioned_parquet_snap.date_dim_3.d_year = CAST(1998 AS INT), tpcds_partitioned_parquet_snap.date_dim_3.d_qoy = CAST(2 AS INT)
|  |     stored statistics:
|  |       table: rows=73.05K size=2.17MB
|  |       columns: all
|  |     extrapolated-rows=disabled max-scan-range-rows=73.05K
|  |     parquet statistics predicates: tpcds_partitioned_parquet_snap.date_dim_3.d_year = CAST(1998 AS INT), tpcds_partitioned_parquet_snap.date_dim_3.d_qoy = CAST(2 AS INT)
|  |     parquet dictionary predicates: tpcds_partitioned_parquet_snap.date_dim_3.d_year = CAST(1998 AS INT), tpcds_partitioned_parquet_snap.date_dim_3.d_qoy = CAST(2 AS INT)
|  |     mem-estimate=16.00MB mem-reservation=512.00KB thread-reservation=0
|  |     tuple-ids=30 row-size=12B cardinality=186 cost=16728
|  |     in pipelines: 28(GETNEXT)
|  |
|  27:SCAN HDFS [tpcds_partitioned_parquet_snap.web_sales]
|     HDFS partitions=1824/1824 files=1824 size=145.75GB
|     runtime filters: RF027[min_max] -> tpcds_partitioned_parquet_snap.web_sales_0.ws_bill_addr_sk, RF028[bloom] -> tpcds_partitioned_parquet_snap.web_sales_0.ws_sold_date_sk
|     stored statistics:
|       table: rows=2.16G size=145.75GB
|       partitions: 1824/1824 rows=2.16G
|       columns: all
|     extrapolated-rows=disabled max-scan-range-rows=3.37M est-scan-range=187(filtered from 1824)
|     mem-estimate=16.00MB mem-reservation=128.00KB thread-reservation=0
|     tuple-ids=28 row-size=12B cardinality=220.26M(filtered from 2.16G) cost=38060909
|     in pipelines: 27(GETNEXT)
|
26:HASH JOIN [INNER JOIN]
|  hash predicates: tpcds_partitioned_parquet_snap.customer_address.ca_county = tpcds_partitioned_parquet_snap.customer_address_2.ca_county
|  fk/pk conjuncts: none
|  runtime filters: RF005[min_max] <- tpcds_partitioned_parquet_snap.customer_address_2.ca_county
|  mem-estimate=1.94MB mem-reservation=1.94MB spill-buffer=64.00KB thread-reservation=0
|  tuple-ids=6,13,20,27 row-size=168B cardinality=15.00M cost=6567325
|  in pipelines: 05(GETNEXT), 25(OPEN)
|
|--25:AGGREGATE [FINALIZE]
|  |  output: sum(tpcds_partitioned_parquet_snap.web_sales.ws_ext_sales_price)
|  |  group by: tpcds_partitioned_parquet_snap.customer_address_2.ca_county
|  |  mem-estimate=10.00MB mem-reservation=1.94MB spill-buffer=64.00KB thread-reservation=0
|  |  tuple-ids=27 row-size=42B cardinality=1.82K cost=62340738
|  |  in pipelines: 25(GETNEXT), 20(OPEN)
|  |
|  24:HASH JOIN [INNER JOIN]
|  |  hash predicates: tpcds_partitioned_parquet_snap.web_sales.ws_bill_addr_sk = tpcds_partitioned_parquet_snap.customer_address_2.ca_address_sk
|  |  fk/pk conjuncts: tpcds_partitioned_parquet_snap.web_sales.ws_bill_addr_sk = tpcds_partitioned_parquet_snap.customer_address_2.ca_address_sk
|  |  runtime filters: RF023[min_max] <- tpcds_partitioned_parquet_snap.customer_address_2.ca_address_sk
|  |  mem-estimate=812.60MB mem-reservation=34.00MB spill-buffer=2.00MB thread-reservation=0
|  |  tuple-ids=21,23,25 row-size=54B cardinality=213.11M cost=110113002
|  |  in pipelines: 20(GETNEXT), 23(OPEN)
|  |
|  |--23:SCAN HDFS [tpcds_partitioned_parquet_snap.customer_address]
|  |     HDFS partitions=1/1 files=1 size=307.36MB
|  |     runtime filters: RF001[min_max] -> tpcds_partitioned_parquet_snap.customer_address_2.ca_county, RF003[min_max] -> tpcds_partitioned_parquet_snap.customer_address_2.ca_county
|  |     stored statistics:
|  |       table: rows=15.00M size=307.36MB
|  |       columns: all
|  |     extrapolated-rows=disabled max-scan-range-rows=1.58M
|  |     mem-estimate=16.00MB mem-reservation=128.00KB thread-reservation=0
|  |     tuple-ids=25 row-size=30B cardinality=15.00M cost=3879659
|  |     in pipelines: 23(GETNEXT)
|  |
|  22:HASH JOIN [INNER JOIN]
|  |  hash predicates: tpcds_partitioned_parquet_snap.web_sales.ws_sold_date_sk = tpcds_partitioned_parquet_snap.date_dim_2.d_date_sk
|  |  fk/pk conjuncts: tpcds_partitioned_parquet_snap.web_sales.ws_sold_date_sk = tpcds_partitioned_parquet_snap.date_dim_2.d_date_sk
|  |  runtime filters: RF024[bloom] <- tpcds_partitioned_parquet_snap.date_dim_2.d_date_sk
|  |  mem-estimate=1.94MB mem-reservation=1.94MB spill-buffer=64.00KB thread-reservation=0
|  |  tuple-ids=21,23 row-size=24B cardinality=220.26M cost=96407940
|  |  in pipelines: 20(GETNEXT), 21(OPEN)
|  |
|  |--21:SCAN HDFS [tpcds_partitioned_parquet_snap.date_dim]
|  |     HDFS partitions=1/1 files=1 size=2.17MB
|  |     predicates: tpcds_partitioned_parquet_snap.date_dim_2.d_year = CAST(1998 AS INT), tpcds_partitioned_parquet_snap.date_dim_2.d_qoy = CAST(1 AS INT)
|  |     stored statistics:
|  |       table: rows=73.05K size=2.17MB
|  |       columns: all
|  |     extrapolated-rows=disabled max-scan-range-rows=73.05K
|  |     parquet statistics predicates: tpcds_partitioned_parquet_snap.date_dim_2.d_year = CAST(1998 AS INT), tpcds_partitioned_parquet_snap.date_dim_2.d_qoy = CAST(1 AS INT)
|  |     parquet dictionary predicates: tpcds_partitioned_parquet_snap.date_dim_2.d_year = CAST(1998 AS INT), tpcds_partitioned_parquet_snap.date_dim_2.d_qoy = CAST(1 AS INT)
|  |     mem-estimate=16.00MB mem-reservation=512.00KB thread-reservation=0
|  |     tuple-ids=23 row-size=12B cardinality=186 cost=16728
|  |     in pipelines: 21(GETNEXT)
|  |
|  20:SCAN HDFS [tpcds_partitioned_parquet_snap.web_sales]
|     HDFS partitions=1824/1824 files=1824 size=145.75GB
|     runtime filters: RF023[min_max] -> tpcds_partitioned_parquet_snap.web_sales.ws_bill_addr_sk, RF024[bloom] -> tpcds_partitioned_parquet_snap.web_sales.ws_sold_date_sk
|     stored statistics:
|       table: rows=2.16G size=145.75GB
|       partitions: 1824/1824 rows=2.16G
|       columns: all
|     extrapolated-rows=disabled max-scan-range-rows=3.37M est-scan-range=187(filtered from 1824)
|     mem-estimate=16.00MB mem-reservation=128.00KB thread-reservation=0
|     tuple-ids=21 row-size=12B cardinality=220.26M(filtered from 2.16G) cost=38060909
|     in pipelines: 20(GETNEXT)
|
19:HASH JOIN [INNER JOIN]
|  hash predicates: tpcds_partitioned_parquet_snap.customer_address_0.ca_county = tpcds_partitioned_parquet_snap.customer_address_1.ca_county
|  fk/pk conjuncts: none
|  runtime filters: RF007[min_max] <- tpcds_partitioned_parquet_snap.customer_address_1.ca_county
|  mem-estimate=1.94MB mem-reservation=1.94MB spill-buffer=64.00KB thread-reservation=0
|  tuple-ids=6,13,20 row-size=126B cardinality=15.00M cost=3574130
|  in pipelines: 05(GETNEXT), 18(OPEN)
|
|--18:AGGREGATE [FINALIZE]
|  |  output: sum(tpcds_partitioned_parquet_snap.store_sales_1.ss_ext_sales_price)
|  |  group by: tpcds_partitioned_parquet_snap.customer_address_1.ca_county
|  |  mem-estimate=10.00MB mem-reservation=1.94MB spill-buffer=64.00KB thread-reservation=0
|  |  tuple-ids=20 row-size=42B cardinality=1.82K cost=249350506
|  |  in pipelines: 18(GETNEXT), 13(OPEN)
|  |
|  17:HASH JOIN [INNER JOIN]
|  |  hash predicates: tpcds_partitioned_parquet_snap.store_sales_1.ss_addr_sk = tpcds_partitioned_parquet_snap.customer_address_1.ca_address_sk
|  |  fk/pk conjuncts: tpcds_partitioned_parquet_snap.store_sales_1.ss_addr_sk = tpcds_partitioned_parquet_snap.customer_address_1.ca_address_sk
|  |  runtime filters: RF018[bloom] <- tpcds_partitioned_parquet_snap.customer_address_1.ca_address_sk, RF019[min_max] <- tpcds_partitioned_parquet_snap.customer_address_1.ca_address_sk
|  |  mem-estimate=812.60MB mem-reservation=34.00MB spill-buffer=2.00MB thread-reservation=0
|  |  tuple-ids=14,16,18 row-size=54B cardinality=852.46M cost=395454799
|  |  in pipelines: 13(GETNEXT), 16(OPEN)
|  |
|  |--16:SCAN HDFS [tpcds_partitioned_parquet_snap.customer_address]
|  |     HDFS partitions=1/1 files=1 size=307.36MB
|  |     runtime filters: RF001[min_max] -> tpcds_partitioned_parquet_snap.customer_address_1.ca_county, RF003[min_max] -> tpcds_partitioned_parquet_snap.customer_address_1.ca_county, RF005[min_max] -> tpcds_partitioned_parquet_snap.customer_address_1.ca_county
|  |     stored statistics:
|  |       table: rows=15.00M size=307.36MB
|  |       columns: all
|  |     extrapolated-rows=disabled max-scan-range-rows=1.58M
|  |     mem-estimate=16.00MB mem-reservation=128.00KB thread-reservation=0
|  |     tuple-ids=18 row-size=30B cardinality=15.00M cost=3879659
|  |     in pipelines: 16(GETNEXT)
|  |
|  15:HASH JOIN [INNER JOIN]
|  |  hash predicates: tpcds_partitioned_parquet_snap.store_sales_1.ss_sold_date_sk = tpcds_partitioned_parquet_snap.date_dim_1.d_date_sk
|  |  fk/pk conjuncts: tpcds_partitioned_parquet_snap.store_sales_1.ss_sold_date_sk = tpcds_partitioned_parquet_snap.date_dim_1.d_date_sk
|  |  runtime filters: RF020[bloom] <- tpcds_partitioned_parquet_snap.date_dim_1.d_date_sk
|  |  mem-estimate=1.94MB mem-reservation=1.94MB spill-buffer=64.00KB thread-reservation=0
|  |  tuple-ids=14,16 row-size=24B cardinality=881.05M cost=385634030
|  |  in pipelines: 13(GETNEXT), 14(OPEN)
|  |
|  |--14:SCAN HDFS [tpcds_partitioned_parquet_snap.date_dim]
|  |     HDFS partitions=1/1 files=1 size=2.17MB
|  |     predicates: tpcds_partitioned_parquet_snap.date_dim_1.d_year = CAST(1998 AS INT), tpcds_partitioned_parquet_snap.date_dim_1.d_qoy = CAST(3 AS INT)
|  |     stored statistics:
|  |       table: rows=73.05K size=2.17MB
|  |       columns: all
|  |     extrapolated-rows=disabled max-scan-range-rows=73.05K
|  |     parquet statistics predicates: tpcds_partitioned_parquet_snap.date_dim_1.d_year = CAST(1998 AS INT), tpcds_partitioned_parquet_snap.date_dim_1.d_qoy = CAST(3 AS INT)
|  |     parquet dictionary predicates: tpcds_partitioned_parquet_snap.date_dim_1.d_year = CAST(1998 AS INT), tpcds_partitioned_parquet_snap.date_dim_1.d_qoy = CAST(3 AS INT)
|  |     mem-estimate=16.00MB mem-reservation=512.00KB thread-reservation=0
|  |     tuple-ids=16 row-size=12B cardinality=186 cost=16728
|  |     in pipelines: 14(GETNEXT)
|  |
|  13:SCAN HDFS [tpcds_partitioned_parquet_snap.store_sales]
|     HDFS partitions=1824/1824 files=1824 size=389.90GB
|     runtime filters: RF019[min_max] -> tpcds_partitioned_parquet_snap.store_sales_1.ss_addr_sk, RF020[bloom] -> tpcds_partitioned_parquet_snap.store_sales_1.ss_sold_date_sk, RF018[bloom] -> tpcds_partitioned_parquet_snap.store_sales_1.ss_addr_sk
|     stored statistics:
|       table: rows=8.64G size=389.90GB
|       partitions: 1824/1824 rows=8.64G
|       columns: all
|     extrapolated-rows=disabled max-scan-range-rows=390.22M est-scan-range=187(filtered from 1824)
|     mem-estimate=16.00MB mem-reservation=8.00MB thread-reservation=0
|     tuple-ids=14 row-size=12B cardinality=881.05M(filtered from 8.64G) cost=152244752
|     in pipelines: 13(GETNEXT)
|
12:HASH JOIN [INNER JOIN]
|  hash predicates: tpcds_partitioned_parquet_snap.customer_address.ca_county = tpcds_partitioned_parquet_snap.customer_address_0.ca_county
|  fk/pk conjuncts: none
|  runtime filters: RF009[min_max] <- tpcds_partitioned_parquet_snap.customer_address_0.ca_county
|  mem-estimate=1.94MB mem-reservation=1.94MB spill-buffer=64.00KB thread-reservation=0
|  tuple-ids=6,13 row-size=84B cardinality=3.33M cost=605802
|  in pipelines: 05(GETNEXT), 11(OPEN)
|
|--11:AGGREGATE [FINALIZE]
|  |  output: sum(tpcds_partitioned_parquet_snap.store_sales_0.ss_ext_sales_price)
|  |  group by: tpcds_partitioned_parquet_snap.customer_address_0.ca_county
|  |  mem-estimate=10.00MB mem-reservation=1.94MB spill-buffer=64.00KB thread-reservation=0
|  |  tuple-ids=13 row-size=42B cardinality=1.82K cost=249350506
|  |  in pipelines: 11(GETNEXT), 06(OPEN)
|  |
|  10:HASH JOIN [INNER JOIN]
|  |  hash predicates: tpcds_partitioned_parquet_snap.store_sales_0.ss_addr_sk = tpcds_partitioned_parquet_snap.customer_address_0.ca_address_sk
|  |  fk/pk conjuncts: tpcds_partitioned_parquet_snap.store_sales_0.ss_addr_sk = tpcds_partitioned_parquet_snap.customer_address_0.ca_address_sk
|  |  runtime filters: RF014[bloom] <- tpcds_partitioned_parquet_snap.customer_address_0.ca_address_sk, RF015[min_max] <- tpcds_partitioned_parquet_snap.customer_address_0.ca_address_sk
|  |  mem-estimate=812.60MB mem-reservation=34.00MB spill-buffer=2.00MB thread-reservation=0
|  |  tuple-ids=7,9,11 row-size=54B cardinality=852.46M cost=395454799
|  |  in pipelines: 06(GETNEXT), 09(OPEN)
|  |
|  |--09:SCAN HDFS [tpcds_partitioned_parquet_snap.customer_address]
|  |     HDFS partitions=1/1 files=1 size=307.36MB
|  |     runtime filters: RF001[min_max] -> tpcds_partitioned_parquet_snap.customer_address_0.ca_county, RF003[min_max] -> tpcds_partitioned_parquet_snap.customer_address_0.ca_county, RF005[min_max] -> tpcds_partitioned_parquet_snap.customer_address_0.ca_county, RF007[min_max] -> tpcds_partitioned_parquet_snap.customer_address_0.ca_county
|  |     stored statistics:
|  |       table: rows=15.00M size=307.36MB
|  |       columns: all
|  |     extrapolated-rows=disabled max-scan-range-rows=1.58M
|  |     mem-estimate=16.00MB mem-reservation=128.00KB thread-reservation=0
|  |     tuple-ids=11 row-size=30B cardinality=15.00M cost=3879659
|  |     in pipelines: 09(GETNEXT)
|  |
|  08:HASH JOIN [INNER JOIN]
|  |  hash predicates: tpcds_partitioned_parquet_snap.store_sales_0.ss_sold_date_sk = tpcds_partitioned_parquet_snap.date_dim_0.d_date_sk
|  |  fk/pk conjuncts: tpcds_partitioned_parquet_snap.store_sales_0.ss_sold_date_sk = tpcds_partitioned_parquet_snap.date_dim_0.d_date_sk
|  |  runtime filters: RF016[bloom] <- tpcds_partitioned_parquet_snap.date_dim_0.d_date_sk
|  |  mem-estimate=1.94MB mem-reservation=1.94MB spill-buffer=64.00KB thread-reservation=0
|  |  tuple-ids=7,9 row-size=24B cardinality=881.05M cost=385634030
|  |  in pipelines: 06(GETNEXT), 07(OPEN)
|  |
|  |--07:SCAN HDFS [tpcds_partitioned_parquet_snap.date_dim]
|  |     HDFS partitions=1/1 files=1 size=2.17MB
|  |     predicates: tpcds_partitioned_parquet_snap.date_dim_0.d_year = CAST(1998 AS INT), tpcds_partitioned_parquet_snap.date_dim_0.d_qoy = CAST(2 AS INT)
|  |     stored statistics:
|  |       table: rows=73.05K size=2.17MB
|  |       columns: all
|  |     extrapolated-rows=disabled max-scan-range-rows=73.05K
|  |     parquet statistics predicates: tpcds_partitioned_parquet_snap.date_dim_0.d_year = CAST(1998 AS INT), tpcds_partitioned_parquet_snap.date_dim_0.d_qoy = CAST(2 AS INT)
|  |     parquet dictionary predicates: tpcds_partitioned_parquet_snap.date_dim_0.d_year = CAST(1998 AS INT), tpcds_partitioned_parquet_snap.date_dim_0.d_qoy = CAST(2 AS INT)
|  |     mem-estimate=16.00MB mem-reservation=512.00KB thread-reservation=0
|  |     tuple-ids=9 row-size=12B cardinality=186 cost=16728
|  |     in pipelines: 07(GETNEXT)
|  |
|  06:SCAN HDFS [tpcds_partitioned_parquet_snap.store_sales]
|     HDFS partitions=1824/1824 files=1824 size=389.90GB
|     runtime filters: RF015[min_max] -> tpcds_partitioned_parquet_snap.store_sales_0.ss_addr_sk, RF016[bloom] -> tpcds_partitioned_parquet_snap.store_sales_0.ss_sold_date_sk, RF014[bloom] -> tpcds_partitioned_parquet_snap.store_sales_0.ss_addr_sk
|     stored statistics:
|       table: rows=8.64G size=389.90GB
|       partitions: 1824/1824 rows=8.64G
|       columns: all
|     extrapolated-rows=disabled max-scan-range-rows=390.22M est-scan-range=187(filtered from 1824)
|     mem-estimate=16.00MB mem-reservation=8.00MB thread-reservation=0
|     tuple-ids=7 row-size=12B cardinality=881.05M(filtered from 8.64G) cost=152244752
|     in pipelines: 06(GETNEXT)
|
05:AGGREGATE [FINALIZE]
|  output: sum(tpcds_partitioned_parquet_snap.store_sales.ss_ext_sales_price)
|  group by: tpcds_partitioned_parquet_snap.customer_address.ca_county
|  mem-estimate=10.00MB mem-reservation=1.94MB spill-buffer=64.00KB thread-reservation=0
|  tuple-ids=6 row-size=42B cardinality=1.82K cost=249350506
|  in pipelines: 05(GETNEXT), 00(OPEN)
|
04:HASH JOIN [INNER JOIN]
|  hash predicates: tpcds_partitioned_parquet_snap.store_sales.ss_addr_sk = tpcds_partitioned_parquet_snap.customer_address.ca_address_sk
|  fk/pk conjuncts: tpcds_partitioned_parquet_snap.store_sales.ss_addr_sk = tpcds_partitioned_parquet_snap.customer_address.ca_address_sk
|  runtime filters: RF010[bloom] <- tpcds_partitioned_parquet_snap.customer_address.ca_address_sk, RF011[min_max] <- tpcds_partitioned_parquet_snap.customer_address.ca_address_sk
|  mem-estimate=812.60MB mem-reservation=34.00MB spill-buffer=2.00MB thread-reservation=0
|  tuple-ids=0,2,4 row-size=54B cardinality=852.46M cost=395454799
|  in pipelines: 00(GETNEXT), 03(OPEN)
|
|--03:SCAN HDFS [tpcds_partitioned_parquet_snap.customer_address]
|     HDFS partitions=1/1 files=1 size=307.36MB
|     runtime filters: RF001[min_max] -> tpcds_partitioned_parquet_snap.customer_address.ca_county, RF003[min_max] -> tpcds_partitioned_parquet_snap.customer_address.ca_county, RF005[min_max] -> tpcds_partitioned_parquet_snap.customer_address.ca_county, RF007[min_max] -> tpcds_partitioned_parquet_snap.customer_address.ca_county, RF009[min_max] -> tpcds_partitioned_parquet_snap.customer_address.ca_county
|     stored statistics:
|       table: rows=15.00M size=307.36MB
|       columns: all
|     extrapolated-rows=disabled max-scan-range-rows=1.58M
|     mem-estimate=16.00MB mem-reservation=128.00KB thread-reservation=0
|     tuple-ids=4 row-size=30B cardinality=15.00M cost=3879659
|     in pipelines: 03(GETNEXT)
|
02:HASH JOIN [INNER JOIN]
|  hash predicates: tpcds_partitioned_parquet_snap.store_sales.ss_sold_date_sk = tpcds_partitioned_parquet_snap.date_dim.d_date_sk
|  fk/pk conjuncts: tpcds_partitioned_parquet_snap.store_sales.ss_sold_date_sk = tpcds_partitioned_parquet_snap.date_dim.d_date_sk
|  runtime filters: RF012[bloom] <- tpcds_partitioned_parquet_snap.date_dim.d_date_sk
|  mem-estimate=1.94MB mem-reservation=1.94MB spill-buffer=64.00KB thread-reservation=0
|  tuple-ids=0,2 row-size=24B cardinality=881.05M cost=385634030
|  in pipelines: 00(GETNEXT), 01(OPEN)
|
|--01:SCAN HDFS [tpcds_partitioned_parquet_snap.date_dim]
|     HDFS partitions=1/1 files=1 size=2.17MB
|     predicates: tpcds_partitioned_parquet_snap.date_dim.d_year = CAST(1998 AS INT), tpcds_partitioned_parquet_snap.date_dim.d_qoy = CAST(1 AS INT)
|     stored statistics:
|       table: rows=73.05K size=2.17MB
|       columns: all
|     extrapolated-rows=disabled max-scan-range-rows=73.05K
|     parquet statistics predicates: tpcds_partitioned_parquet_snap.date_dim.d_year = CAST(1998 AS INT), tpcds_partitioned_parquet_snap.date_dim.d_qoy = CAST(1 AS INT)
|     parquet dictionary predicates: tpcds_partitioned_parquet_snap.date_dim.d_year = CAST(1998 AS INT), tpcds_partitioned_parquet_snap.date_dim.d_qoy = CAST(1 AS INT)
|     mem-estimate=16.00MB mem-reservation=512.00KB thread-reservation=0
|     tuple-ids=2 row-size=12B cardinality=186 cost=16728
|     in pipelines: 01(GETNEXT)
|
00:SCAN HDFS [tpcds_partitioned_parquet_snap.store_sales]
   HDFS partitions=1824/1824 files=1824 size=389.90GB
   runtime filters: RF011[min_max] -> tpcds_partitioned_parquet_snap.store_sales.ss_addr_sk, RF012[bloom] -> tpcds_partitioned_parquet_snap.store_sales.ss_sold_date_sk, RF010[bloom] -> tpcds_partitioned_parquet_snap.store_sales.ss_addr_sk
   stored statistics:
     table: rows=8.64G size=389.90GB
     partitions: 1824/1824 rows=8.64G
     columns: all
   extrapolated-rows=disabled max-scan-range-rows=390.22M est-scan-range=187(filtered from 1824)
   mem-estimate=16.00MB mem-reservation=8.00MB thread-reservation=0
   tuple-ids=0 row-size=12B cardinality=881.05M(filtered from 8.64G) cost=152244752
   in pipelines: 00(GETNEXT)
---- DISTRIBUTEDPLAN
Max Per-Host Resource Reservation: Memory=2.11GB Threads=101
Per-Host Resource Estimates: Memory=5.33GB
F26:PLAN FRAGMENT [UNPARTITIONED] hosts=1 instances=1
|  Per-Instance Resources: mem-estimate=276.93MB mem-reservation=4.00MB thread-reservation=1
|  max-parallelism=1 segment-costs=[97452341] cpu-comparison-result=611 [max(1 (self) vs 611 (sum children))]
PLAN-ROOT SINK
|  output exprs: tpcds_partitioned_parquet_snap.customer_address.ca_county, CAST(1998 AS INT), divide(sum(tpcds_partitioned_parquet_snap.web_sales_0.ws_ext_sales_price), sum(tpcds_partitioned_parquet_snap.web_sales.ws_ext_sales_price)), divide(sum(tpcds_partitioned_parquet_snap.store_sales_0.ss_ext_sales_price), sum(tpcds_partitioned_parquet_snap.store_sales.ss_ext_sales_price)), divide(sum(tpcds_partitioned_parquet_snap.web_sales_1.ws_ext_sales_price), sum(tpcds_partitioned_parquet_snap.web_sales_0.ws_ext_sales_price)), divide(sum(tpcds_partitioned_parquet_snap.store_sales_1.ss_ext_sales_price), sum(tpcds_partitioned_parquet_snap.store_sales_0.ss_ext_sales_price))
|  mem-estimate=100.00MB mem-reservation=4.00MB spill-buffer=2.00MB thread-reservation=0 cost=90000000
|
68:MERGING-EXCHANGE [UNPARTITIONED]
|  order by: tpcds_partitioned_parquet_snap.customer_address.ca_county ASC NULLS LAST
|  mem-estimate=176.93MB mem-reservation=0B thread-reservation=0
|  tuple-ids=42 row-size=122B cardinality=15.00M cost=7452341
|  in pipelines: 41(GETNEXT)
|
F03:PLAN FRAGMENT [HASH(tpcds_partitioned_parquet_snap.customer_address.ca_county)] hosts=10 instances=20 (adjusted from 120)
Per-Instance Resources: mem-estimate=97.23MB mem-reservation=13.94MB thread-reservation=1
max-parallelism=20 segment-costs=[135417, 109559086, 52645325] cpu-comparison-result=611 [max(20 (self) vs 611 (sum children))]
41:SORT
|  order by: tpcds_partitioned_parquet_snap.customer_address.ca_county ASC NULLS LAST
|  mem-estimate=87.23MB mem-reservation=12.00MB spill-buffer=2.00MB thread-reservation=0
|  tuple-ids=42 row-size=122B cardinality=15.00M cost=85686304
|  in pipelines: 41(GETNEXT), 45(OPEN)
|
40:HASH JOIN [INNER JOIN, PARTITIONED]
|  hash-table-id=00
|  hash predicates: tpcds_partitioned_parquet_snap.customer_address_2.ca_county = tpcds_partitioned_parquet_snap.customer_address_4.ca_county
|  fk/pk conjuncts: none
|  other join predicates: CASE WHEN sum(tpcds_partitioned_parquet_snap.web_sales_0.ws_ext_sales_price) > CAST(0 AS DECIMAL(3,0)) THEN divide(sum(tpcds_partitioned_parquet_snap.web_sales_1.ws_ext_sales_price), sum(tpcds_partitioned_parquet_snap.web_sales_0.ws_ext_sales_price)) ELSE NULL END > CASE WHEN sum(tpcds_partitioned_parquet_snap.store_sales_0.ss_ext_sales_price) > CAST(0 AS DECIMAL(3,0)) THEN divide(sum(tpcds_partitioned_parquet_snap.store_sales_1.ss_ext_sales_price), sum(tpcds_partitioned_parquet_snap.store_sales_0.ss_ext_sales_price)) ELSE NULL END
|  mem-estimate=0B mem-reservation=0B spill-buffer=64.00KB thread-reservation=0
|  tuple-ids=6,13,20,27,34,41 row-size=252B cardinality=15.00M cost=6565500
|  in pipelines: 45(GETNEXT), 67(OPEN)
|
|--F27:PLAN FRAGMENT [HASH(tpcds_partitioned_parquet_snap.customer_address.ca_county)] hosts=10 instances=20 (adjusted from 120)
|  |  Per-Instance Resources: mem-estimate=11.94MB mem-reservation=3.88MB thread-reservation=1
|  |  max-parallelism=20 segment-costs=[135417, 1825] cpu-comparison-result=31 [max(20 (self) vs 31 (sum children))]
|  JOIN BUILD
|  |  join-table-id=00 plan-id=01 cohort-id=01
|  |  build expressions: tpcds_partitioned_parquet_snap.customer_address_4.ca_county
|  |  runtime filters: RF001[min_max] <- tpcds_partitioned_parquet_snap.customer_address_4.ca_county
|  |  mem-estimate=1.94MB mem-reservation=1.94MB spill-buffer=64.00KB thread-reservation=0 cost=1825
|  |
|  67:AGGREGATE [FINALIZE]
|  |  output: sum:merge(tpcds_partitioned_parquet_snap.web_sales_1.ws_ext_sales_price)
|  |  group by: tpcds_partitioned_parquet_snap.customer_address_4.ca_county
|  |  mem-estimate=10.00MB mem-reservation=1.94MB spill-buffer=64.00KB thread-reservation=0
|  |  tuple-ids=41 row-size=42B cardinality=1.82K cost=68815
|  |  in pipelines: 67(GETNEXT), 34(OPEN)
|  |
|  66:EXCHANGE [HASH(tpcds_partitioned_parquet_snap.customer_address_4.ca_county)]
|  |  mem-estimate=1.77MB mem-reservation=0B thread-reservation=0
|  |  tuple-ids=41 row-size=42B cardinality=219.00K cost=66602
|  |  in pipelines: 34(GETNEXT)
|  |
|  F22:PLAN FRAGMENT [RANDOM] hosts=10 instances=20 (adjusted from 120)
|  Per-Host Shared Resources: mem-estimate=3.00MB mem-reservation=3.00MB thread-reservation=0 runtime-filters-memory=3.00MB
|  Per-Instance Resources: mem-estimate=29.59MB mem-reservation=2.12MB thread-reservation=1
|  max-parallelism=20 segment-costs=[195849908, 704635] cpu-comparison-result=31 [max(20 (self) vs 31 (sum children))]
|  39:AGGREGATE [STREAMING]
|  |  output: sum(tpcds_partitioned_parquet_snap.web_sales_1.ws_ext_sales_price)
|  |  group by: tpcds_partitioned_parquet_snap.customer_address_4.ca_county
|  |  mem-estimate=10.00MB mem-reservation=2.00MB spill-buffer=64.00KB thread-reservation=0
|  |  tuple-ids=41 row-size=42B cardinality=219.00K cost=6804575
|  |  in pipelines: 34(GETNEXT)
|  |
|  38:HASH JOIN [INNER JOIN, BROADCAST]
|  |  hash-table-id=01
|  |  hash predicates: tpcds_partitioned_parquet_snap.web_sales_1.ws_bill_addr_sk = tpcds_partitioned_parquet_snap.customer_address_4.ca_address_sk
|  |  fk/pk conjuncts: tpcds_partitioned_parquet_snap.web_sales_1.ws_bill_addr_sk = tpcds_partitioned_parquet_snap.customer_address_4.ca_address_sk
|  |  mem-estimate=0B mem-reservation=0B spill-buffer=2.00MB thread-reservation=0
|  |  tuple-ids=35,37,39 row-size=54B cardinality=21.31M cost=57467483
|  |  in pipelines: 34(GETNEXT), 37(OPEN)
|  |
|  |--F28:PLAN FRAGMENT [RANDOM] hosts=10 instances=10
|  |  |  Per-Instance Resources: mem-estimate=103.19MB mem-reservation=70.00MB thread-reservation=1 runtime-filters-memory=2.00MB
|  |  |  max-parallelism=10 segment-costs=[3493500]
|  |  JOIN BUILD
|  |  |  join-table-id=01 plan-id=02 cohort-id=02
|  |  |  build expressions: tpcds_partitioned_parquet_snap.customer_address_4.ca_address_sk
|  |  |  runtime filters: RF030[bloom] <- tpcds_partitioned_parquet_snap.customer_address_4.ca_address_sk, RF031[min_max] <- tpcds_partitioned_parquet_snap.customer_address_4.ca_address_sk
|  |  |  mem-estimate=90.86MB mem-reservation=68.00MB spill-buffer=2.00MB thread-reservation=0 cost=1500000
|  |  |
|  |  65:EXCHANGE [BROADCAST]
|  |  |  mem-estimate=10.33MB mem-reservation=0B thread-reservation=0
|  |  |  tuple-ids=39 row-size=30B cardinality=1.50M cost=1993500
|  |  |  in pipelines: 37(GETNEXT)
|  |  |
|  |  F24:PLAN FRAGMENT [RANDOM] hosts=10 instances=10
|  |  Per-Instance Resources: mem-estimate=16.13MB mem-reservation=128.00KB thread-reservation=1
|  |  max-parallelism=10 segment-costs=[4454902]
|  |  37:SCAN HDFS [tpcds_partitioned_parquet_snap.customer_address, RANDOM]
|  |     HDFS partitions=1/1 files=1 size=307.36MB
|  |     predicates: is_not_null_pred(tpcds_partitioned_parquet_snap.customer_address_4.ca_county)
|  |     stored statistics:
|  |       table: rows=15.00M size=307.36MB
|  |       columns: all
|  |     extrapolated-rows=disabled max-scan-range-rows=1.58M
|  |     parquet dictionary predicates: is_not_null_pred(tpcds_partitioned_parquet_snap.customer_address_4.ca_county)
|  |     mem-estimate=16.00MB mem-reservation=128.00KB thread-reservation=0
|  |     tuple-ids=39 row-size=30B cardinality=1.50M cost=4301159
|  |     in pipelines: 37(GETNEXT)
|  |
|  36:HASH JOIN [INNER JOIN, BROADCAST]
|  |  hash-table-id=02
|  |  hash predicates: tpcds_partitioned_parquet_snap.web_sales_1.ws_sold_date_sk = tpcds_partitioned_parquet_snap.date_dim_4.d_date_sk
|  |  fk/pk conjuncts: tpcds_partitioned_parquet_snap.web_sales_1.ws_sold_date_sk = tpcds_partitioned_parquet_snap.date_dim_4.d_date_sk
|  |  mem-estimate=0B mem-reservation=0B spill-buffer=64.00KB thread-reservation=0
|  |  tuple-ids=35,37 row-size=24B cardinality=208.99M(filtered from 220.26M) cost=93516941
|  |  in pipelines: 34(GETNEXT), 35(OPEN)
|  |
|  |--F29:PLAN FRAGMENT [RANDOM] hosts=10 instances=10
|  |  |  Per-Instance Resources: mem-estimate=4.89MB mem-reservation=4.88MB thread-reservation=1 runtime-filters-memory=1.00MB
|  |  |  max-parallelism=10 segment-costs=[426]
|  |  JOIN BUILD
|  |  |  join-table-id=02 plan-id=03 cohort-id=02
|  |  |  build expressions: tpcds_partitioned_parquet_snap.date_dim_4.d_date_sk
|  |  |  runtime filters: RF032[bloom] <- tpcds_partitioned_parquet_snap.date_dim_4.d_date_sk
|  |  |  mem-estimate=3.88MB mem-reservation=3.88MB spill-buffer=64.00KB thread-reservation=0 cost=186
|  |  |
|  |  64:EXCHANGE [BROADCAST]
|  |  |  mem-estimate=16.00KB mem-reservation=0B thread-reservation=0
|  |  |  tuple-ids=37 row-size=12B cardinality=186 cost=240
|  |  |  in pipelines: 35(GETNEXT)
|  |  |
|  |  F23:PLAN FRAGMENT [RANDOM] hosts=1 instances=1
|  |  Per-Instance Resources: mem-estimate=16.06MB mem-reservation=512.00KB thread-reservation=1
|  |  max-parallelism=1 segment-costs=[16738]
|  |  35:SCAN HDFS [tpcds_partitioned_parquet_snap.date_dim, RANDOM]
|  |     HDFS partitions=1/1 files=1 size=2.17MB
|  |     predicates: tpcds_partitioned_parquet_snap.date_dim_4.d_year = CAST(1998 AS INT), tpcds_partitioned_parquet_snap.date_dim_4.d_qoy = CAST(3 AS INT)
|  |     stored statistics:
|  |       table: rows=73.05K size=2.17MB
|  |       columns: all
|  |     extrapolated-rows=disabled max-scan-range-rows=73.05K
|  |     parquet statistics predicates: tpcds_partitioned_parquet_snap.date_dim_4.d_year = CAST(1998 AS INT), tpcds_partitioned_parquet_snap.date_dim_4.d_qoy = CAST(3 AS INT)
|  |     parquet dictionary predicates: tpcds_partitioned_parquet_snap.date_dim_4.d_year = CAST(1998 AS INT), tpcds_partitioned_parquet_snap.date_dim_4.d_qoy = CAST(3 AS INT)
|  |     mem-estimate=16.00MB mem-reservation=512.00KB thread-reservation=0
|  |     tuple-ids=37 row-size=12B cardinality=186 cost=16728
|  |     in pipelines: 35(GETNEXT)
|  |
|  34:SCAN HDFS [tpcds_partitioned_parquet_snap.web_sales, RANDOM]
|     HDFS partitions=1824/1824 files=1824 size=145.75GB
|     runtime filters: RF031[min_max] -> tpcds_partitioned_parquet_snap.web_sales_1.ws_bill_addr_sk, RF030[bloom] -> tpcds_partitioned_parquet_snap.web_sales_1.ws_bill_addr_sk, RF032[bloom] -> tpcds_partitioned_parquet_snap.web_sales_1.ws_sold_date_sk
|     stored statistics:
|       table: rows=2.16G size=145.75GB
|       partitions: 1824/1824 rows=2.16G
|       columns: all
|     extrapolated-rows=disabled max-scan-range-rows=3.37M est-scan-range=187(filtered from 1824)
|     mem-estimate=16.00MB mem-reservation=128.00KB thread-reservation=0
|     tuple-ids=35 row-size=12B cardinality=208.99M(filtered from 2.16G) cost=38060909
|     in pipelines: 34(GETNEXT)
|
33:HASH JOIN [INNER JOIN, PARTITIONED]
|  hash-table-id=03
|  hash predicates: tpcds_partitioned_parquet_snap.customer_address_2.ca_county = tpcds_partitioned_parquet_snap.customer_address_3.ca_county
|  fk/pk conjuncts: none
|  other join predicates: CASE WHEN sum(tpcds_partitioned_parquet_snap.web_sales.ws_ext_sales_price) > CAST(0 AS DECIMAL(3,0)) THEN divide(sum(tpcds_partitioned_parquet_snap.web_sales_0.ws_ext_sales_price), sum(tpcds_partitioned_parquet_snap.web_sales.ws_ext_sales_price)) ELSE NULL END > CASE WHEN sum(tpcds_partitioned_parquet_snap.store_sales.ss_ext_sales_price) > CAST(0 AS DECIMAL(3,0)) THEN divide(sum(tpcds_partitioned_parquet_snap.store_sales_0.ss_ext_sales_price), sum(tpcds_partitioned_parquet_snap.store_sales.ss_ext_sales_price)) ELSE NULL END
|  mem-estimate=0B mem-reservation=0B spill-buffer=64.00KB thread-reservation=0
|  tuple-ids=6,13,20,27,34 row-size=210B cardinality=15.00M cost=6565500
|  in pipelines: 45(GETNEXT), 63(OPEN)
|
|--F30:PLAN FRAGMENT [HASH(tpcds_partitioned_parquet_snap.customer_address.ca_county)] hosts=10 instances=20 (adjusted from 120)
|  |  Per-Instance Resources: mem-estimate=12.22MB mem-reservation=3.88MB thread-reservation=1
|  |  max-parallelism=20 segment-costs=[135417, 1825] cpu-comparison-result=110 [max(20 (self) vs 110 (sum children))]
|  JOIN BUILD
|  |  join-table-id=03 plan-id=04 cohort-id=01
|  |  build expressions: tpcds_partitioned_parquet_snap.customer_address_3.ca_county
|  |  runtime filters: RF003[min_max] <- tpcds_partitioned_parquet_snap.customer_address_3.ca_county
|  |  mem-estimate=1.94MB mem-reservation=1.94MB spill-buffer=64.00KB thread-reservation=0 cost=1825
|  |
|  63:AGGREGATE [FINALIZE]
|  |  output: sum:merge(tpcds_partitioned_parquet_snap.web_sales_0.ws_ext_sales_price)
|  |  group by: tpcds_partitioned_parquet_snap.customer_address_3.ca_county
|  |  mem-estimate=10.00MB mem-reservation=1.94MB spill-buffer=64.00KB thread-reservation=0
|  |  tuple-ids=34 row-size=42B cardinality=1.82K cost=68815
|  |  in pipelines: 63(GETNEXT), 27(OPEN)
|  |
|  62:EXCHANGE [HASH(tpcds_partitioned_parquet_snap.customer_address_3.ca_county)]
|  |  mem-estimate=2.22MB mem-reservation=0B thread-reservation=0
|  |  tuple-ids=34 row-size=42B cardinality=219.00K cost=66602
|  |  in pipelines: 27(GETNEXT)
|  |
|  F20:PLAN FRAGMENT [HASH(tpcds_partitioned_parquet_snap.web_sales_0.ws_bill_addr_sk)] hosts=10 instances=30 (adjusted from 120)
|  Per-Instance Resources: mem-estimate=26.09MB mem-reservation=2.00MB thread-reservation=1
|  max-parallelism=30 segment-costs=[214913089, 704635] cpu-comparison-result=110 [max(110 (self) vs 51 (sum children))]
|  32:AGGREGATE [STREAMING]
|  |  output: sum(tpcds_partitioned_parquet_snap.web_sales_0.ws_ext_sales_price)
|  |  group by: tpcds_partitioned_parquet_snap.customer_address_3.ca_county
|  |  mem-estimate=10.00MB mem-reservation=2.00MB spill-buffer=64.00KB thread-reservation=0
|  |  tuple-ids=34 row-size=42B cardinality=219.00K cost=62906957
|  |  in pipelines: 27(GETNEXT)
|  |
|  31:HASH JOIN [INNER JOIN, PARTITIONED]
|  |  hash-table-id=04
|  |  hash predicates: tpcds_partitioned_parquet_snap.web_sales_0.ws_bill_addr_sk = tpcds_partitioned_parquet_snap.customer_address_3.ca_address_sk
|  |  fk/pk conjuncts: tpcds_partitioned_parquet_snap.web_sales_0.ws_bill_addr_sk = tpcds_partitioned_parquet_snap.customer_address_3.ca_address_sk
|  |  mem-estimate=0B mem-reservation=0B spill-buffer=2.00MB thread-reservation=0
|  |  tuple-ids=28,30,32 row-size=54B cardinality=213.11M cost=95113002
|  |  in pipelines: 27(GETNEXT), 30(OPEN)
|  |
|  |--F31:PLAN FRAGMENT [HASH(tpcds_partitioned_parquet_snap.web_sales_0.ws_bill_addr_sk)] hosts=10 instances=30 (adjusted from 120)
|  |  |  Per-Instance Resources: mem-estimate=44.33MB mem-reservation=34.00MB thread-reservation=1
|  |  |  max-parallelism=30 segment-costs=[18733835]
|  |  JOIN BUILD
|  |  |  join-table-id=04 plan-id=05 cohort-id=03
|  |  |  build expressions: tpcds_partitioned_parquet_snap.customer_address_3.ca_address_sk
|  |  |  runtime filters: RF027[min_max] <- tpcds_partitioned_parquet_snap.customer_address_3.ca_address_sk
|  |  |  mem-estimate=34.00MB mem-reservation=34.00MB spill-buffer=2.00MB thread-reservation=0 cost=15000000
|  |  |
|  |  61:EXCHANGE [HASH(tpcds_partitioned_parquet_snap.customer_address_3.ca_address_sk)]
|  |  |  mem-estimate=10.33MB mem-reservation=0B thread-reservation=0
|  |  |  tuple-ids=32 row-size=30B cardinality=15.00M cost=3733835
|  |  |  in pipelines: 30(GETNEXT)
|  |  |
|  |  F19:PLAN FRAGMENT [RANDOM] hosts=10 instances=10
|  |  Per-Instance Resources: mem-estimate=19.98MB mem-reservation=128.00KB thread-reservation=1
|  |  max-parallelism=10 segment-costs=[40550357]
|  |  30:SCAN HDFS [tpcds_partitioned_parquet_snap.customer_address, RANDOM]
|  |     HDFS partitions=1/1 files=1 size=307.36MB
|  |     runtime filters: RF001[min_max] -> tpcds_partitioned_parquet_snap.customer_address_3.ca_county
|  |     stored statistics:
|  |       table: rows=15.00M size=307.36MB
|  |       columns: all
|  |     extrapolated-rows=disabled max-scan-range-rows=1.58M
|  |     mem-estimate=16.00MB mem-reservation=128.00KB thread-reservation=0
|  |     tuple-ids=32 row-size=30B cardinality=15.00M cost=3879659
|  |     in pipelines: 30(GETNEXT)
|  |
|  60:EXCHANGE [HASH(tpcds_partitioned_parquet_snap.web_sales_0.ws_bill_addr_sk)]
|  |  mem-estimate=12.50MB mem-reservation=0B thread-reservation=0
|  |  tuple-ids=28,30 row-size=24B cardinality=220.26M cost=56893130
|  |  in pipelines: 27(GETNEXT)
|  |
|  F17:PLAN FRAGMENT [RANDOM] hosts=10 instances=80 (adjusted from 120)
|  Per-Host Shared Resources: mem-estimate=1.00MB mem-reservation=1.00MB thread-reservation=0 runtime-filters-memory=1.00MB
|  Per-Instance Resources: mem-estimate=19.75MB mem-reservation=128.00KB thread-reservation=1
|  max-parallelism=80 segment-costs=[701858144]
|  29:HASH JOIN [INNER JOIN, BROADCAST]
|  |  hash-table-id=05
|  |  hash predicates: tpcds_partitioned_parquet_snap.web_sales_0.ws_sold_date_sk = tpcds_partitioned_parquet_snap.date_dim_3.d_date_sk
|  |  fk/pk conjuncts: tpcds_partitioned_parquet_snap.web_sales_0.ws_sold_date_sk = tpcds_partitioned_parquet_snap.date_dim_3.d_date_sk
|  |  mem-estimate=0B mem-reservation=0B spill-buffer=64.00KB thread-reservation=0
|  |  tuple-ids=28,30 row-size=24B cardinality=220.26M cost=96407754
|  |  in pipelines: 27(GETNEXT), 28(OPEN)
|  |
|  |--F32:PLAN FRAGMENT [RANDOM] hosts=10 instances=10
|  |  |  Per-Instance Resources: mem-estimate=16.52MB mem-reservation=16.50MB thread-reservation=1 runtime-filters-memory=1.00MB
|  |  |  max-parallelism=10 segment-costs=[426]
|  |  JOIN BUILD
|  |  |  join-table-id=05 plan-id=06 cohort-id=03
|  |  |  build expressions: tpcds_partitioned_parquet_snap.date_dim_3.d_date_sk
|  |  |  runtime filters: RF028[bloom] <- tpcds_partitioned_parquet_snap.date_dim_3.d_date_sk
|  |  |  mem-estimate=15.50MB mem-reservation=15.50MB spill-buffer=64.00KB thread-reservation=0 cost=186
|  |  |
|  |  59:EXCHANGE [BROADCAST]
|  |  |  mem-estimate=16.00KB mem-reservation=0B thread-reservation=0
|  |  |  tuple-ids=30 row-size=12B cardinality=186 cost=240
|  |  |  in pipelines: 28(GETNEXT)
|  |  |
|  |  F18:PLAN FRAGMENT [RANDOM] hosts=1 instances=1
|  |  Per-Instance Resources: mem-estimate=16.06MB mem-reservation=512.00KB thread-reservation=1
|  |  max-parallelism=1 segment-costs=[16738]
|  |  28:SCAN HDFS [tpcds_partitioned_parquet_snap.date_dim, RANDOM]
|  |     HDFS partitions=1/1 files=1 size=2.17MB
|  |     predicates: tpcds_partitioned_parquet_snap.date_dim_3.d_year = CAST(1998 AS INT), tpcds_partitioned_parquet_snap.date_dim_3.d_qoy = CAST(2 AS INT)
|  |     stored statistics:
|  |       table: rows=73.05K size=2.17MB
|  |       columns: all
|  |     extrapolated-rows=disabled max-scan-range-rows=73.05K
|  |     parquet statistics predicates: tpcds_partitioned_parquet_snap.date_dim_3.d_year = CAST(1998 AS INT), tpcds_partitioned_parquet_snap.date_dim_3.d_qoy = CAST(2 AS INT)
|  |     parquet dictionary predicates: tpcds_partitioned_parquet_snap.date_dim_3.d_year = CAST(1998 AS INT), tpcds_partitioned_parquet_snap.date_dim_3.d_qoy = CAST(2 AS INT)
|  |     mem-estimate=16.00MB mem-reservation=512.00KB thread-reservation=0
|  |     tuple-ids=30 row-size=12B cardinality=186 cost=16728
|  |     in pipelines: 28(GETNEXT)
|  |
|  27:SCAN HDFS [tpcds_partitioned_parquet_snap.web_sales, RANDOM]
|     HDFS partitions=1824/1824 files=1824 size=145.75GB
|     runtime filters: RF027[min_max] -> tpcds_partitioned_parquet_snap.web_sales_0.ws_bill_addr_sk, RF028[bloom] -> tpcds_partitioned_parquet_snap.web_sales_0.ws_sold_date_sk
|     stored statistics:
|       table: rows=2.16G size=145.75GB
|       partitions: 1824/1824 rows=2.16G
|       columns: all
|     extrapolated-rows=disabled max-scan-range-rows=3.37M est-scan-range=187(filtered from 1824)
|     mem-estimate=16.00MB mem-reservation=128.00KB thread-reservation=0
|     tuple-ids=28 row-size=12B cardinality=220.26M(filtered from 2.16G) cost=38060909
|     in pipelines: 27(GETNEXT)
|
26:HASH JOIN [INNER JOIN, PARTITIONED]
|  hash-table-id=06
|  hash predicates: tpcds_partitioned_parquet_snap.customer_address.ca_county = tpcds_partitioned_parquet_snap.customer_address_2.ca_county
|  fk/pk conjuncts: none
|  mem-estimate=0B mem-reservation=0B spill-buffer=64.00KB thread-reservation=0
|  tuple-ids=6,13,20,27 row-size=168B cardinality=15.00M cost=6565500
|  in pipelines: 45(GETNEXT), 58(OPEN)
|
|--F33:PLAN FRAGMENT [HASH(tpcds_partitioned_parquet_snap.customer_address.ca_county)] hosts=10 instances=20 (adjusted from 120)
|  |  Per-Instance Resources: mem-estimate=12.22MB mem-reservation=3.88MB thread-reservation=1
|  |  max-parallelism=20 segment-costs=[135417, 1825] cpu-comparison-result=110 [max(20 (self) vs 110 (sum children))]
|  JOIN BUILD
|  |  join-table-id=06 plan-id=07 cohort-id=01
|  |  build expressions: tpcds_partitioned_parquet_snap.customer_address_2.ca_county
|  |  runtime filters: RF005[min_max] <- tpcds_partitioned_parquet_snap.customer_address_2.ca_county
|  |  mem-estimate=1.94MB mem-reservation=1.94MB spill-buffer=64.00KB thread-reservation=0 cost=1825
|  |
|  58:AGGREGATE [FINALIZE]
|  |  output: sum:merge(tpcds_partitioned_parquet_snap.web_sales.ws_ext_sales_price)
|  |  group by: tpcds_partitioned_parquet_snap.customer_address_2.ca_county
|  |  mem-estimate=10.00MB mem-reservation=1.94MB spill-buffer=64.00KB thread-reservation=0
|  |  tuple-ids=27 row-size=42B cardinality=1.82K cost=68815
|  |  in pipelines: 58(GETNEXT), 20(OPEN)
|  |
|  57:EXCHANGE [HASH(tpcds_partitioned_parquet_snap.customer_address_2.ca_county)]
|  |  mem-estimate=2.22MB mem-reservation=0B thread-reservation=0
|  |  tuple-ids=27 row-size=42B cardinality=219.00K cost=66602
|  |  in pipelines: 20(GETNEXT)
|  |
|  F15:PLAN FRAGMENT [HASH(tpcds_partitioned_parquet_snap.web_sales.ws_bill_addr_sk)] hosts=10 instances=30 (adjusted from 120)
|  Per-Instance Resources: mem-estimate=26.09MB mem-reservation=2.00MB thread-reservation=1
|  max-parallelism=30 segment-costs=[214913089, 704635] cpu-comparison-result=110 [max(110 (self) vs 51 (sum children))]
|  25:AGGREGATE [STREAMING]
|  |  output: sum(tpcds_partitioned_parquet_snap.web_sales.ws_ext_sales_price)
|  |  group by: tpcds_partitioned_parquet_snap.customer_address_2.ca_county
|  |  mem-estimate=10.00MB mem-reservation=2.00MB spill-buffer=64.00KB thread-reservation=0
|  |  tuple-ids=27 row-size=42B cardinality=219.00K cost=62906957
|  |  in pipelines: 20(GETNEXT)
|  |
|  24:HASH JOIN [INNER JOIN, PARTITIONED]
|  |  hash-table-id=07
|  |  hash predicates: tpcds_partitioned_parquet_snap.web_sales.ws_bill_addr_sk = tpcds_partitioned_parquet_snap.customer_address_2.ca_address_sk
|  |  fk/pk conjuncts: tpcds_partitioned_parquet_snap.web_sales.ws_bill_addr_sk = tpcds_partitioned_parquet_snap.customer_address_2.ca_address_sk
|  |  mem-estimate=0B mem-reservation=0B spill-buffer=2.00MB thread-reservation=0
|  |  tuple-ids=21,23,25 row-size=54B cardinality=213.11M cost=95113002
|  |  in pipelines: 20(GETNEXT), 23(OPEN)
|  |
|  |--F34:PLAN FRAGMENT [HASH(tpcds_partitioned_parquet_snap.web_sales.ws_bill_addr_sk)] hosts=10 instances=30 (adjusted from 120)
|  |  |  Per-Instance Resources: mem-estimate=44.33MB mem-reservation=34.00MB thread-reservation=1
|  |  |  max-parallelism=30 segment-costs=[18733835]
|  |  JOIN BUILD
|  |  |  join-table-id=07 plan-id=08 cohort-id=04
|  |  |  build expressions: tpcds_partitioned_parquet_snap.customer_address_2.ca_address_sk
|  |  |  runtime filters: RF023[min_max] <- tpcds_partitioned_parquet_snap.customer_address_2.ca_address_sk
|  |  |  mem-estimate=34.00MB mem-reservation=34.00MB spill-buffer=2.00MB thread-reservation=0 cost=15000000
|  |  |
|  |  56:EXCHANGE [HASH(tpcds_partitioned_parquet_snap.customer_address_2.ca_address_sk)]
|  |  |  mem-estimate=10.33MB mem-reservation=0B thread-reservation=0
|  |  |  tuple-ids=25 row-size=30B cardinality=15.00M cost=3733835
|  |  |  in pipelines: 23(GETNEXT)
|  |  |
|  |  F14:PLAN FRAGMENT [RANDOM] hosts=10 instances=10
|  |  Per-Instance Resources: mem-estimate=19.98MB mem-reservation=128.00KB thread-reservation=1
|  |  max-parallelism=10 segment-costs=[40550357]
|  |  23:SCAN HDFS [tpcds_partitioned_parquet_snap.customer_address, RANDOM]
|  |     HDFS partitions=1/1 files=1 size=307.36MB
|  |     runtime filters: RF001[min_max] -> tpcds_partitioned_parquet_snap.customer_address_2.ca_county, RF003[min_max] -> tpcds_partitioned_parquet_snap.customer_address_2.ca_county
|  |     stored statistics:
|  |       table: rows=15.00M size=307.36MB
|  |       columns: all
|  |     extrapolated-rows=disabled max-scan-range-rows=1.58M
|  |     mem-estimate=16.00MB mem-reservation=128.00KB thread-reservation=0
|  |     tuple-ids=25 row-size=30B cardinality=15.00M cost=3879659
|  |     in pipelines: 23(GETNEXT)
|  |
|  55:EXCHANGE [HASH(tpcds_partitioned_parquet_snap.web_sales.ws_bill_addr_sk)]
|  |  mem-estimate=12.50MB mem-reservation=0B thread-reservation=0
|  |  tuple-ids=21,23 row-size=24B cardinality=220.26M cost=56893130
|  |  in pipelines: 20(GETNEXT)
|  |
|  F12:PLAN FRAGMENT [RANDOM] hosts=10 instances=80 (adjusted from 120)
|  Per-Host Shared Resources: mem-estimate=1.00MB mem-reservation=1.00MB thread-reservation=0 runtime-filters-memory=1.00MB
|  Per-Instance Resources: mem-estimate=19.75MB mem-reservation=128.00KB thread-reservation=1
|  max-parallelism=80 segment-costs=[701858144]
|  22:HASH JOIN [INNER JOIN, BROADCAST]
|  |  hash-table-id=08
|  |  hash predicates: tpcds_partitioned_parquet_snap.web_sales.ws_sold_date_sk = tpcds_partitioned_parquet_snap.date_dim_2.d_date_sk
|  |  fk/pk conjuncts: tpcds_partitioned_parquet_snap.web_sales.ws_sold_date_sk = tpcds_partitioned_parquet_snap.date_dim_2.d_date_sk
|  |  mem-estimate=0B mem-reservation=0B spill-buffer=64.00KB thread-reservation=0
|  |  tuple-ids=21,23 row-size=24B cardinality=220.26M cost=96407754
|  |  in pipelines: 20(GETNEXT), 21(OPEN)
|  |
|  |--F35:PLAN FRAGMENT [RANDOM] hosts=10 instances=10
|  |  |  Per-Instance Resources: mem-estimate=16.52MB mem-reservation=16.50MB thread-reservation=1 runtime-filters-memory=1.00MB
|  |  |  max-parallelism=10 segment-costs=[426]
|  |  JOIN BUILD
|  |  |  join-table-id=08 plan-id=09 cohort-id=04
|  |  |  build expressions: tpcds_partitioned_parquet_snap.date_dim_2.d_date_sk
|  |  |  runtime filters: RF024[bloom] <- tpcds_partitioned_parquet_snap.date_dim_2.d_date_sk
|  |  |  mem-estimate=15.50MB mem-reservation=15.50MB spill-buffer=64.00KB thread-reservation=0 cost=186
|  |  |
|  |  54:EXCHANGE [BROADCAST]
|  |  |  mem-estimate=16.00KB mem-reservation=0B thread-reservation=0
|  |  |  tuple-ids=23 row-size=12B cardinality=186 cost=240
|  |  |  in pipelines: 21(GETNEXT)
|  |  |
|  |  F13:PLAN FRAGMENT [RANDOM] hosts=1 instances=1
|  |  Per-Instance Resources: mem-estimate=16.06MB mem-reservation=512.00KB thread-reservation=1
|  |  max-parallelism=1 segment-costs=[16738]
|  |  21:SCAN HDFS [tpcds_partitioned_parquet_snap.date_dim, RANDOM]
|  |     HDFS partitions=1/1 files=1 size=2.17MB
|  |     predicates: tpcds_partitioned_parquet_snap.date_dim_2.d_year = CAST(1998 AS INT), tpcds_partitioned_parquet_snap.date_dim_2.d_qoy = CAST(1 AS INT)
|  |     stored statistics:
|  |       table: rows=73.05K size=2.17MB
|  |       columns: all
|  |     extrapolated-rows=disabled max-scan-range-rows=73.05K
|  |     parquet statistics predicates: tpcds_partitioned_parquet_snap.date_dim_2.d_year = CAST(1998 AS INT), tpcds_partitioned_parquet_snap.date_dim_2.d_qoy = CAST(1 AS INT)
|  |     parquet dictionary predicates: tpcds_partitioned_parquet_snap.date_dim_2.d_year = CAST(1998 AS INT), tpcds_partitioned_parquet_snap.date_dim_2.d_qoy = CAST(1 AS INT)
|  |     mem-estimate=16.00MB mem-reservation=512.00KB thread-reservation=0
|  |     tuple-ids=23 row-size=12B cardinality=186 cost=16728
|  |     in pipelines: 21(GETNEXT)
|  |
|  20:SCAN HDFS [tpcds_partitioned_parquet_snap.web_sales, RANDOM]
|     HDFS partitions=1824/1824 files=1824 size=145.75GB
|     runtime filters: RF023[min_max] -> tpcds_partitioned_parquet_snap.web_sales.ws_bill_addr_sk, RF024[bloom] -> tpcds_partitioned_parquet_snap.web_sales.ws_sold_date_sk
|     stored statistics:
|       table: rows=2.16G size=145.75GB
|       partitions: 1824/1824 rows=2.16G
|       columns: all
|     extrapolated-rows=disabled max-scan-range-rows=3.37M est-scan-range=187(filtered from 1824)
|     mem-estimate=16.00MB mem-reservation=128.00KB thread-reservation=0
|     tuple-ids=21 row-size=12B cardinality=220.26M(filtered from 2.16G) cost=38060909
|     in pipelines: 20(GETNEXT)
|
19:HASH JOIN [INNER JOIN, PARTITIONED]
|  hash-table-id=09
|  hash predicates: tpcds_partitioned_parquet_snap.customer_address_0.ca_county = tpcds_partitioned_parquet_snap.customer_address_1.ca_county
|  fk/pk conjuncts: none
|  mem-estimate=0B mem-reservation=0B spill-buffer=64.00KB thread-reservation=0
|  tuple-ids=6,13,20 row-size=126B cardinality=15.00M cost=3572305
|  in pipelines: 45(GETNEXT), 53(OPEN)
|
|--F36:PLAN FRAGMENT [HASH(tpcds_partitioned_parquet_snap.customer_address.ca_county)] hosts=10 instances=20 (adjusted from 120)
|  |  Per-Instance Resources: mem-estimate=16.26MB mem-reservation=3.88MB thread-reservation=1
|  |  max-parallelism=20 segment-costs=[135417, 1825] cpu-comparison-result=120 [max(20 (self) vs 120 (sum children))]
|  JOIN BUILD
|  |  join-table-id=09 plan-id=10 cohort-id=01
|  |  build expressions: tpcds_partitioned_parquet_snap.customer_address_1.ca_county
|  |  runtime filters: RF007[min_max] <- tpcds_partitioned_parquet_snap.customer_address_1.ca_county
|  |  mem-estimate=1.94MB mem-reservation=1.94MB spill-buffer=64.00KB thread-reservation=0 cost=1825
|  |
|  53:AGGREGATE [FINALIZE]
|  |  output: sum:merge(tpcds_partitioned_parquet_snap.store_sales_1.ss_ext_sales_price)
|  |  group by: tpcds_partitioned_parquet_snap.customer_address_1.ca_county
|  |  mem-estimate=10.00MB mem-reservation=1.94MB spill-buffer=64.00KB thread-reservation=0
|  |  tuple-ids=20 row-size=42B cardinality=1.82K cost=68815
|  |  in pipelines: 53(GETNEXT), 13(OPEN)
|  |
|  52:EXCHANGE [HASH(tpcds_partitioned_parquet_snap.customer_address_1.ca_county)]
|  |  mem-estimate=6.26MB mem-reservation=0B thread-reservation=0
|  |  tuple-ids=20 row-size=42B cardinality=219.00K cost=66602
|  |  in pipelines: 13(GETNEXT)
|  |
|  F08:PLAN FRAGMENT [RANDOM] hosts=10 instances=120
|  Per-Host Shared Resources: mem-estimate=17.00MB mem-reservation=17.00MB thread-reservation=0 runtime-filters-memory=17.00MB
|  Per-Instance Resources: mem-estimate=29.59MB mem-reservation=10.00MB thread-reservation=1
|  max-parallelism=120 segment-costs=[1168250119, 704635] cpu-comparison-result=120 [max(120 (self) vs 31 (sum children))]
|  18:AGGREGATE [STREAMING]
|  |  output: sum(tpcds_partitioned_parquet_snap.store_sales_1.ss_ext_sales_price)
|  |  group by: tpcds_partitioned_parquet_snap.customer_address_1.ca_county
|  |  mem-estimate=10.00MB mem-reservation=2.00MB spill-buffer=64.00KB thread-reservation=0
|  |  tuple-ids=20 row-size=42B cardinality=219.00K cost=249916724
|  |  in pipelines: 13(GETNEXT)
|  |
|  17:HASH JOIN [INNER JOIN, BROADCAST]
|  |  hash-table-id=10
|  |  hash predicates: tpcds_partitioned_parquet_snap.store_sales_1.ss_addr_sk = tpcds_partitioned_parquet_snap.customer_address_1.ca_address_sk
|  |  fk/pk conjuncts: tpcds_partitioned_parquet_snap.store_sales_1.ss_addr_sk = tpcds_partitioned_parquet_snap.customer_address_1.ca_address_sk
|  |  mem-estimate=0B mem-reservation=0B spill-buffer=2.00MB thread-reservation=0
|  |  tuple-ids=14,16,18 row-size=54B cardinality=852.46M cost=380454799
|  |  in pipelines: 13(GETNEXT), 16(OPEN)
|  |
|  |--F37:PLAN FRAGMENT [RANDOM] hosts=10 instances=10
|  |  |  Per-Instance Resources: mem-estimate=838.93MB mem-reservation=424.00MB thread-reservation=1 runtime-filters-memory=16.00MB
|  |  |  max-parallelism=10 segment-costs=[34934990]
|  |  JOIN BUILD
|  |  |  join-table-id=10 plan-id=11 cohort-id=05
|  |  |  build expressions: tpcds_partitioned_parquet_snap.customer_address_1.ca_address_sk
|  |  |  runtime filters: RF018[bloom] <- tpcds_partitioned_parquet_snap.customer_address_1.ca_address_sk, RF019[min_max] <- tpcds_partitioned_parquet_snap.customer_address_1.ca_address_sk
|  |  |  mem-estimate=812.60MB mem-reservation=408.00MB spill-buffer=2.00MB thread-reservation=0 cost=15000000
|  |  |
|  |  51:EXCHANGE [BROADCAST]
|  |  |  mem-estimate=10.33MB mem-reservation=0B thread-reservation=0
|  |  |  tuple-ids=18 row-size=30B cardinality=15.00M cost=19934990
|  |  |  in pipelines: 16(GETNEXT)
|  |  |
|  |  F10:PLAN FRAGMENT [RANDOM] hosts=10 instances=10
|  |  Per-Instance Resources: mem-estimate=16.13MB mem-reservation=128.00KB thread-reservation=1
|  |  max-parallelism=10 segment-costs=[5417095]
|  |  16:SCAN HDFS [tpcds_partitioned_parquet_snap.customer_address, RANDOM]
|  |     HDFS partitions=1/1 files=1 size=307.36MB
|  |     runtime filters: RF001[min_max] -> tpcds_partitioned_parquet_snap.customer_address_1.ca_county, RF003[min_max] -> tpcds_partitioned_parquet_snap.customer_address_1.ca_county, RF005[min_max] -> tpcds_partitioned_parquet_snap.customer_address_1.ca_county
|  |     stored statistics:
|  |       table: rows=15.00M size=307.36MB
|  |       columns: all
|  |     extrapolated-rows=disabled max-scan-range-rows=1.58M
|  |     mem-estimate=16.00MB mem-reservation=128.00KB thread-reservation=0
|  |     tuple-ids=18 row-size=30B cardinality=15.00M cost=3879659
|  |     in pipelines: 16(GETNEXT)
|  |
|  15:HASH JOIN [INNER JOIN, BROADCAST]
|  |  hash-table-id=11
|  |  hash predicates: tpcds_partitioned_parquet_snap.store_sales_1.ss_sold_date_sk = tpcds_partitioned_parquet_snap.date_dim_1.d_date_sk
|  |  fk/pk conjuncts: tpcds_partitioned_parquet_snap.store_sales_1.ss_sold_date_sk = tpcds_partitioned_parquet_snap.date_dim_1.d_date_sk
|  |  mem-estimate=0B mem-reservation=0B spill-buffer=64.00KB thread-reservation=0
|  |  tuple-ids=14,16 row-size=24B cardinality=881.05M cost=385633844
|  |  in pipelines: 13(GETNEXT), 14(OPEN)
|  |
|  |--F38:PLAN FRAGMENT [RANDOM] hosts=10 instances=10
|  |  |  Per-Instance Resources: mem-estimate=24.27MB mem-reservation=24.25MB thread-reservation=1 runtime-filters-memory=1.00MB
|  |  |  max-parallelism=10 segment-costs=[426]
|  |  JOIN BUILD
|  |  |  join-table-id=11 plan-id=12 cohort-id=05
|  |  |  build expressions: tpcds_partitioned_parquet_snap.date_dim_1.d_date_sk
|  |  |  runtime filters: RF020[bloom] <- tpcds_partitioned_parquet_snap.date_dim_1.d_date_sk
|  |  |  mem-estimate=23.25MB mem-reservation=23.25MB spill-buffer=64.00KB thread-reservation=0 cost=186
|  |  |
|  |  50:EXCHANGE [BROADCAST]
|  |  |  mem-estimate=16.00KB mem-reservation=0B thread-reservation=0
|  |  |  tuple-ids=16 row-size=12B cardinality=186 cost=240
|  |  |  in pipelines: 14(GETNEXT)
|  |  |
|  |  F09:PLAN FRAGMENT [RANDOM] hosts=1 instances=1
|  |  Per-Instance Resources: mem-estimate=16.06MB mem-reservation=512.00KB thread-reservation=1
|  |  max-parallelism=1 segment-costs=[16738]
|  |  14:SCAN HDFS [tpcds_partitioned_parquet_snap.date_dim, RANDOM]
|  |     HDFS partitions=1/1 files=1 size=2.17MB
|  |     predicates: tpcds_partitioned_parquet_snap.date_dim_1.d_year = CAST(1998 AS INT), tpcds_partitioned_parquet_snap.date_dim_1.d_qoy = CAST(3 AS INT)
|  |     stored statistics:
|  |       table: rows=73.05K size=2.17MB
|  |       columns: all
|  |     extrapolated-rows=disabled max-scan-range-rows=73.05K
|  |     parquet statistics predicates: tpcds_partitioned_parquet_snap.date_dim_1.d_year = CAST(1998 AS INT), tpcds_partitioned_parquet_snap.date_dim_1.d_qoy = CAST(3 AS INT)
|  |     parquet dictionary predicates: tpcds_partitioned_parquet_snap.date_dim_1.d_year = CAST(1998 AS INT), tpcds_partitioned_parquet_snap.date_dim_1.d_qoy = CAST(3 AS INT)
|  |     mem-estimate=16.00MB mem-reservation=512.00KB thread-reservation=0
|  |     tuple-ids=16 row-size=12B cardinality=186 cost=16728
|  |     in pipelines: 14(GETNEXT)
|  |
|  13:SCAN HDFS [tpcds_partitioned_parquet_snap.store_sales, RANDOM]
|     HDFS partitions=1824/1824 files=1824 size=389.90GB
|     runtime filters: RF019[min_max] -> tpcds_partitioned_parquet_snap.store_sales_1.ss_addr_sk, RF020[bloom] -> tpcds_partitioned_parquet_snap.store_sales_1.ss_sold_date_sk, RF018[bloom] -> tpcds_partitioned_parquet_snap.store_sales_1.ss_addr_sk
|     stored statistics:
|       table: rows=8.64G size=389.90GB
|       partitions: 1824/1824 rows=8.64G
|       columns: all
|     extrapolated-rows=disabled max-scan-range-rows=390.22M est-scan-range=187(filtered from 1824)
|     mem-estimate=16.00MB mem-reservation=8.00MB thread-reservation=0
|     tuple-ids=14 row-size=12B cardinality=881.05M(filtered from 8.64G) cost=152244752
|     in pipelines: 13(GETNEXT)
|
12:HASH JOIN [INNER JOIN, PARTITIONED]
|  hash-table-id=12
|  hash predicates: tpcds_partitioned_parquet_snap.customer_address.ca_county = tpcds_partitioned_parquet_snap.customer_address_0.ca_county
|  fk/pk conjuncts: none
|  mem-estimate=0B mem-reservation=0B spill-buffer=64.00KB thread-reservation=0
|  tuple-ids=6,13 row-size=84B cardinality=3.33M cost=603977
|  in pipelines: 45(GETNEXT), 49(OPEN)
|
|--F39:PLAN FRAGMENT [HASH(tpcds_partitioned_parquet_snap.customer_address.ca_county)] hosts=10 instances=20 (adjusted from 120)
|  |  Per-Instance Resources: mem-estimate=16.26MB mem-reservation=3.88MB thread-reservation=1
|  |  max-parallelism=20 segment-costs=[135417, 1825] cpu-comparison-result=120 [max(20 (self) vs 120 (sum children))]
|  JOIN BUILD
|  |  join-table-id=12 plan-id=13 cohort-id=01
|  |  build expressions: tpcds_partitioned_parquet_snap.customer_address_0.ca_county
|  |  runtime filters: RF009[min_max] <- tpcds_partitioned_parquet_snap.customer_address_0.ca_county
|  |  mem-estimate=1.94MB mem-reservation=1.94MB spill-buffer=64.00KB thread-reservation=0 cost=1825
|  |
|  49:AGGREGATE [FINALIZE]
|  |  output: sum:merge(tpcds_partitioned_parquet_snap.store_sales_0.ss_ext_sales_price)
|  |  group by: tpcds_partitioned_parquet_snap.customer_address_0.ca_county
|  |  mem-estimate=10.00MB mem-reservation=1.94MB spill-buffer=64.00KB thread-reservation=0
|  |  tuple-ids=13 row-size=42B cardinality=1.82K cost=68815
|  |  in pipelines: 49(GETNEXT), 06(OPEN)
|  |
|  48:EXCHANGE [HASH(tpcds_partitioned_parquet_snap.customer_address_0.ca_county)]
|  |  mem-estimate=6.26MB mem-reservation=0B thread-reservation=0
|  |  tuple-ids=13 row-size=42B cardinality=219.00K cost=66602
|  |  in pipelines: 06(GETNEXT)
|  |
|  F04:PLAN FRAGMENT [RANDOM] hosts=10 instances=120
|  Per-Host Shared Resources: mem-estimate=17.00MB mem-reservation=17.00MB thread-reservation=0 runtime-filters-memory=17.00MB
|  Per-Instance Resources: mem-estimate=29.59MB mem-reservation=10.00MB thread-reservation=1
|  max-parallelism=120 segment-costs=[1168250119, 704635] cpu-comparison-result=120 [max(120 (self) vs 31 (sum children))]
|  11:AGGREGATE [STREAMING]
|  |  output: sum(tpcds_partitioned_parquet_snap.store_sales_0.ss_ext_sales_price)
|  |  group by: tpcds_partitioned_parquet_snap.customer_address_0.ca_county
|  |  mem-estimate=10.00MB mem-reservation=2.00MB spill-buffer=64.00KB thread-reservation=0
|  |  tuple-ids=13 row-size=42B cardinality=219.00K cost=249916724
|  |  in pipelines: 06(GETNEXT)
|  |
|  10:HASH JOIN [INNER JOIN, BROADCAST]
|  |  hash-table-id=13
|  |  hash predicates: tpcds_partitioned_parquet_snap.store_sales_0.ss_addr_sk = tpcds_partitioned_parquet_snap.customer_address_0.ca_address_sk
|  |  fk/pk conjuncts: tpcds_partitioned_parquet_snap.store_sales_0.ss_addr_sk = tpcds_partitioned_parquet_snap.customer_address_0.ca_address_sk
|  |  mem-estimate=0B mem-reservation=0B spill-buffer=2.00MB thread-reservation=0
|  |  tuple-ids=7,9,11 row-size=54B cardinality=852.46M cost=380454799
|  |  in pipelines: 06(GETNEXT), 09(OPEN)
|  |
|  |--F40:PLAN FRAGMENT [RANDOM] hosts=10 instances=10
|  |  |  Per-Instance Resources: mem-estimate=838.93MB mem-reservation=424.00MB thread-reservation=1 runtime-filters-memory=16.00MB
|  |  |  max-parallelism=10 segment-costs=[34934990]
|  |  JOIN BUILD
|  |  |  join-table-id=13 plan-id=14 cohort-id=06
|  |  |  build expressions: tpcds_partitioned_parquet_snap.customer_address_0.ca_address_sk
|  |  |  runtime filters: RF014[bloom] <- tpcds_partitioned_parquet_snap.customer_address_0.ca_address_sk, RF015[min_max] <- tpcds_partitioned_parquet_snap.customer_address_0.ca_address_sk
|  |  |  mem-estimate=812.60MB mem-reservation=408.00MB spill-buffer=2.00MB thread-reservation=0 cost=15000000
|  |  |
|  |  47:EXCHANGE [BROADCAST]
|  |  |  mem-estimate=10.33MB mem-reservation=0B thread-reservation=0
|  |  |  tuple-ids=11 row-size=30B cardinality=15.00M cost=19934990
|  |  |  in pipelines: 09(GETNEXT)
|  |  |
|  |  F06:PLAN FRAGMENT [RANDOM] hosts=10 instances=10
|  |  Per-Instance Resources: mem-estimate=16.13MB mem-reservation=128.00KB thread-reservation=1
|  |  max-parallelism=10 segment-costs=[5417095]
|  |  09:SCAN HDFS [tpcds_partitioned_parquet_snap.customer_address, RANDOM]
|  |     HDFS partitions=1/1 files=1 size=307.36MB
|  |     runtime filters: RF001[min_max] -> tpcds_partitioned_parquet_snap.customer_address_0.ca_county, RF003[min_max] -> tpcds_partitioned_parquet_snap.customer_address_0.ca_county, RF005[min_max] -> tpcds_partitioned_parquet_snap.customer_address_0.ca_county, RF007[min_max] -> tpcds_partitioned_parquet_snap.customer_address_0.ca_county
|  |     stored statistics:
|  |       table: rows=15.00M size=307.36MB
|  |       columns: all
|  |     extrapolated-rows=disabled max-scan-range-rows=1.58M
|  |     mem-estimate=16.00MB mem-reservation=128.00KB thread-reservation=0
|  |     tuple-ids=11 row-size=30B cardinality=15.00M cost=3879659
|  |     in pipelines: 09(GETNEXT)
|  |
|  08:HASH JOIN [INNER JOIN, BROADCAST]
|  |  hash-table-id=14
|  |  hash predicates: tpcds_partitioned_parquet_snap.store_sales_0.ss_sold_date_sk = tpcds_partitioned_parquet_snap.date_dim_0.d_date_sk
|  |  fk/pk conjuncts: tpcds_partitioned_parquet_snap.store_sales_0.ss_sold_date_sk = tpcds_partitioned_parquet_snap.date_dim_0.d_date_sk
|  |  mem-estimate=0B mem-reservation=0B spill-buffer=64.00KB thread-reservation=0
|  |  tuple-ids=7,9 row-size=24B cardinality=881.05M cost=385633844
|  |  in pipelines: 06(GETNEXT), 07(OPEN)
|  |
|  |--F41:PLAN FRAGMENT [RANDOM] hosts=10 instances=10
|  |  |  Per-Instance Resources: mem-estimate=24.27MB mem-reservation=24.25MB thread-reservation=1 runtime-filters-memory=1.00MB
|  |  |  max-parallelism=10 segment-costs=[426]
|  |  JOIN BUILD
|  |  |  join-table-id=14 plan-id=15 cohort-id=06
|  |  |  build expressions: tpcds_partitioned_parquet_snap.date_dim_0.d_date_sk
|  |  |  runtime filters: RF016[bloom] <- tpcds_partitioned_parquet_snap.date_dim_0.d_date_sk
|  |  |  mem-estimate=23.25MB mem-reservation=23.25MB spill-buffer=64.00KB thread-reservation=0 cost=186
|  |  |
|  |  46:EXCHANGE [BROADCAST]
|  |  |  mem-estimate=16.00KB mem-reservation=0B thread-reservation=0
|  |  |  tuple-ids=9 row-size=12B cardinality=186 cost=240
|  |  |  in pipelines: 07(GETNEXT)
|  |  |
|  |  F05:PLAN FRAGMENT [RANDOM] hosts=1 instances=1
|  |  Per-Instance Resources: mem-estimate=16.06MB mem-reservation=512.00KB thread-reservation=1
|  |  max-parallelism=1 segment-costs=[16738]
|  |  07:SCAN HDFS [tpcds_partitioned_parquet_snap.date_dim, RANDOM]
|  |     HDFS partitions=1/1 files=1 size=2.17MB
|  |     predicates: tpcds_partitioned_parquet_snap.date_dim_0.d_year = CAST(1998 AS INT), tpcds_partitioned_parquet_snap.date_dim_0.d_qoy = CAST(2 AS INT)
|  |     stored statistics:
|  |       table: rows=73.05K size=2.17MB
|  |       columns: all
|  |     extrapolated-rows=disabled max-scan-range-rows=73.05K
|  |     parquet statistics predicates: tpcds_partitioned_parquet_snap.date_dim_0.d_year = CAST(1998 AS INT), tpcds_partitioned_parquet_snap.date_dim_0.d_qoy = CAST(2 AS INT)
|  |     parquet dictionary predicates: tpcds_partitioned_parquet_snap.date_dim_0.d_year = CAST(1998 AS INT), tpcds_partitioned_parquet_snap.date_dim_0.d_qoy = CAST(2 AS INT)
|  |     mem-estimate=16.00MB mem-reservation=512.00KB thread-reservation=0
|  |     tuple-ids=9 row-size=12B cardinality=186 cost=16728
|  |     in pipelines: 07(GETNEXT)
|  |
|  06:SCAN HDFS [tpcds_partitioned_parquet_snap.store_sales, RANDOM]
|     HDFS partitions=1824/1824 files=1824 size=389.90GB
|     runtime filters: RF015[min_max] -> tpcds_partitioned_parquet_snap.store_sales_0.ss_addr_sk, RF016[bloom] -> tpcds_partitioned_parquet_snap.store_sales_0.ss_sold_date_sk, RF014[bloom] -> tpcds_partitioned_parquet_snap.store_sales_0.ss_addr_sk
|     stored statistics:
|       table: rows=8.64G size=389.90GB
|       partitions: 1824/1824 rows=8.64G
|       columns: all
|     extrapolated-rows=disabled max-scan-range-rows=390.22M est-scan-range=187(filtered from 1824)
|     mem-estimate=16.00MB mem-reservation=8.00MB thread-reservation=0
|     tuple-ids=7 row-size=12B cardinality=881.05M(filtered from 8.64G) cost=152244752
|     in pipelines: 06(GETNEXT)
|
45:AGGREGATE [FINALIZE]
|  output: sum:merge(tpcds_partitioned_parquet_snap.store_sales.ss_ext_sales_price)
|  group by: tpcds_partitioned_parquet_snap.customer_address.ca_county
|  mem-estimate=10.00MB mem-reservation=1.94MB spill-buffer=64.00KB thread-reservation=0
|  tuple-ids=6 row-size=42B cardinality=1.82K cost=68815
|  in pipelines: 45(GETNEXT), 00(OPEN)
|
44:EXCHANGE [HASH(tpcds_partitioned_parquet_snap.customer_address.ca_county)]
|  mem-estimate=6.26MB mem-reservation=0B thread-reservation=0
|  tuple-ids=6 row-size=42B cardinality=219.00K cost=66602
|  in pipelines: 00(GETNEXT)
|
F00:PLAN FRAGMENT [RANDOM] hosts=10 instances=120
Per-Host Shared Resources: mem-estimate=17.00MB mem-reservation=17.00MB thread-reservation=0 runtime-filters-memory=17.00MB
Per-Instance Resources: mem-estimate=29.59MB mem-reservation=10.00MB thread-reservation=1
max-parallelism=120 segment-costs=[1168250119, 704635] cpu-comparison-result=120 [max(120 (self) vs 31 (sum children))]
05:AGGREGATE [STREAMING]
|  output: sum(tpcds_partitioned_parquet_snap.store_sales.ss_ext_sales_price)
|  group by: tpcds_partitioned_parquet_snap.customer_address.ca_county
|  mem-estimate=10.00MB mem-reservation=2.00MB spill-buffer=64.00KB thread-reservation=0
|  tuple-ids=6 row-size=42B cardinality=219.00K cost=249916724
|  in pipelines: 00(GETNEXT)
|
04:HASH JOIN [INNER JOIN, BROADCAST]
|  hash-table-id=15
|  hash predicates: tpcds_partitioned_parquet_snap.store_sales.ss_addr_sk = tpcds_partitioned_parquet_snap.customer_address.ca_address_sk
|  fk/pk conjuncts: tpcds_partitioned_parquet_snap.store_sales.ss_addr_sk = tpcds_partitioned_parquet_snap.customer_address.ca_address_sk
|  mem-estimate=0B mem-reservation=0B spill-buffer=2.00MB thread-reservation=0
|  tuple-ids=0,2,4 row-size=54B cardinality=852.46M cost=380454799
|  in pipelines: 00(GETNEXT), 03(OPEN)
|
|--F42:PLAN FRAGMENT [RANDOM] hosts=10 instances=10
|  |  Per-Instance Resources: mem-estimate=838.93MB mem-reservation=424.00MB thread-reservation=1 runtime-filters-memory=16.00MB
|  |  max-parallelism=10 segment-costs=[34934990]
|  JOIN BUILD
|  |  join-table-id=15 plan-id=16 cohort-id=01
|  |  build expressions: tpcds_partitioned_parquet_snap.customer_address.ca_address_sk
|  |  runtime filters: RF010[bloom] <- tpcds_partitioned_parquet_snap.customer_address.ca_address_sk, RF011[min_max] <- tpcds_partitioned_parquet_snap.customer_address.ca_address_sk
|  |  mem-estimate=812.60MB mem-reservation=408.00MB spill-buffer=2.00MB thread-reservation=0 cost=15000000
|  |
|  43:EXCHANGE [BROADCAST]
|  |  mem-estimate=10.33MB mem-reservation=0B thread-reservation=0
|  |  tuple-ids=4 row-size=30B cardinality=15.00M cost=19934990
|  |  in pipelines: 03(GETNEXT)
|  |
|  F02:PLAN FRAGMENT [RANDOM] hosts=10 instances=10
|  Per-Instance Resources: mem-estimate=16.13MB mem-reservation=128.00KB thread-reservation=1
|  max-parallelism=10 segment-costs=[5417095]
|  03:SCAN HDFS [tpcds_partitioned_parquet_snap.customer_address, RANDOM]
|     HDFS partitions=1/1 files=1 size=307.36MB
|     runtime filters: RF001[min_max] -> tpcds_partitioned_parquet_snap.customer_address.ca_county, RF003[min_max] -> tpcds_partitioned_parquet_snap.customer_address.ca_county, RF005[min_max] -> tpcds_partitioned_parquet_snap.customer_address.ca_county, RF007[min_max] -> tpcds_partitioned_parquet_snap.customer_address.ca_county, RF009[min_max] -> tpcds_partitioned_parquet_snap.customer_address.ca_county
|     stored statistics:
|       table: rows=15.00M size=307.36MB
|       columns: all
|     extrapolated-rows=disabled max-scan-range-rows=1.58M
|     mem-estimate=16.00MB mem-reservation=128.00KB thread-reservation=0
|     tuple-ids=4 row-size=30B cardinality=15.00M cost=3879659
|     in pipelines: 03(GETNEXT)
|
02:HASH JOIN [INNER JOIN, BROADCAST]
|  hash-table-id=16
|  hash predicates: tpcds_partitioned_parquet_snap.store_sales.ss_sold_date_sk = tpcds_partitioned_parquet_snap.date_dim.d_date_sk
|  fk/pk conjuncts: tpcds_partitioned_parquet_snap.store_sales.ss_sold_date_sk = tpcds_partitioned_parquet_snap.date_dim.d_date_sk
|  mem-estimate=0B mem-reservation=0B spill-buffer=64.00KB thread-reservation=0
|  tuple-ids=0,2 row-size=24B cardinality=881.05M cost=385633844
|  in pipelines: 00(GETNEXT), 01(OPEN)
|
|--F43:PLAN FRAGMENT [RANDOM] hosts=10 instances=10
|  |  Per-Instance Resources: mem-estimate=24.27MB mem-reservation=24.25MB thread-reservation=1 runtime-filters-memory=1.00MB
|  |  max-parallelism=10 segment-costs=[426]
|  JOIN BUILD
|  |  join-table-id=16 plan-id=17 cohort-id=01
|  |  build expressions: tpcds_partitioned_parquet_snap.date_dim.d_date_sk
|  |  runtime filters: RF012[bloom] <- tpcds_partitioned_parquet_snap.date_dim.d_date_sk
|  |  mem-estimate=23.25MB mem-reservation=23.25MB spill-buffer=64.00KB thread-reservation=0 cost=186
|  |
|  42:EXCHANGE [BROADCAST]
|  |  mem-estimate=16.00KB mem-reservation=0B thread-reservation=0
|  |  tuple-ids=2 row-size=12B cardinality=186 cost=240
|  |  in pipelines: 01(GETNEXT)
|  |
|  F01:PLAN FRAGMENT [RANDOM] hosts=1 instances=1
|  Per-Instance Resources: mem-estimate=16.06MB mem-reservation=512.00KB thread-reservation=1
|  max-parallelism=1 segment-costs=[16738]
|  01:SCAN HDFS [tpcds_partitioned_parquet_snap.date_dim, RANDOM]
|     HDFS partitions=1/1 files=1 size=2.17MB
|     predicates: tpcds_partitioned_parquet_snap.date_dim.d_year = CAST(1998 AS INT), tpcds_partitioned_parquet_snap.date_dim.d_qoy = CAST(1 AS INT)
|     stored statistics:
|       table: rows=73.05K size=2.17MB
|       columns: all
|     extrapolated-rows=disabled max-scan-range-rows=73.05K
|     parquet statistics predicates: tpcds_partitioned_parquet_snap.date_dim.d_year = CAST(1998 AS INT), tpcds_partitioned_parquet_snap.date_dim.d_qoy = CAST(1 AS INT)
|     parquet dictionary predicates: tpcds_partitioned_parquet_snap.date_dim.d_year = CAST(1998 AS INT), tpcds_partitioned_parquet_snap.date_dim.d_qoy = CAST(1 AS INT)
|     mem-estimate=16.00MB mem-reservation=512.00KB thread-reservation=0
|     tuple-ids=2 row-size=12B cardinality=186 cost=16728
|     in pipelines: 01(GETNEXT)
|
00:SCAN HDFS [tpcds_partitioned_parquet_snap.store_sales, RANDOM]
   HDFS partitions=1824/1824 files=1824 size=389.90GB
   runtime filters: RF011[min_max] -> tpcds_partitioned_parquet_snap.store_sales.ss_addr_sk, RF012[bloom] -> tpcds_partitioned_parquet_snap.store_sales.ss_sold_date_sk, RF010[bloom] -> tpcds_partitioned_parquet_snap.store_sales.ss_addr_sk
   stored statistics:
     table: rows=8.64G size=389.90GB
     partitions: 1824/1824 rows=8.64G
     columns: all
   extrapolated-rows=disabled max-scan-range-rows=390.22M est-scan-range=187(filtered from 1824)
   mem-estimate=16.00MB mem-reservation=8.00MB thread-reservation=0
   tuple-ids=0 row-size=12B cardinality=881.05M(filtered from 8.64G) cost=152244752
   in pipelines: 00(GETNEXT)
---- PARALLELPLANS
Max Per-Host Resource Reservation: Memory=2.11GB Threads=101
Per-Host Resource Estimates: Memory=5.33GB
F26:PLAN FRAGMENT [UNPARTITIONED] hosts=1 instances=1
|  Per-Instance Resources: mem-estimate=276.93MB mem-reservation=4.00MB thread-reservation=1
|  max-parallelism=1 segment-costs=[97452341] cpu-comparison-result=611 [max(1 (self) vs 611 (sum children))]
PLAN-ROOT SINK
|  output exprs: tpcds_partitioned_parquet_snap.customer_address.ca_county, CAST(1998 AS INT), divide(sum(tpcds_partitioned_parquet_snap.web_sales_0.ws_ext_sales_price), sum(tpcds_partitioned_parquet_snap.web_sales.ws_ext_sales_price)), divide(sum(tpcds_partitioned_parquet_snap.store_sales_0.ss_ext_sales_price), sum(tpcds_partitioned_parquet_snap.store_sales.ss_ext_sales_price)), divide(sum(tpcds_partitioned_parquet_snap.web_sales_1.ws_ext_sales_price), sum(tpcds_partitioned_parquet_snap.web_sales_0.ws_ext_sales_price)), divide(sum(tpcds_partitioned_parquet_snap.store_sales_1.ss_ext_sales_price), sum(tpcds_partitioned_parquet_snap.store_sales_0.ss_ext_sales_price))
|  mem-estimate=100.00MB mem-reservation=4.00MB spill-buffer=2.00MB thread-reservation=0 cost=90000000
|
68:MERGING-EXCHANGE [UNPARTITIONED]
|  order by: tpcds_partitioned_parquet_snap.customer_address.ca_county ASC NULLS LAST
|  mem-estimate=176.93MB mem-reservation=0B thread-reservation=0
|  tuple-ids=42 row-size=122B cardinality=15.00M cost=7452341
|  in pipelines: 41(GETNEXT)
|
F03:PLAN FRAGMENT [HASH(tpcds_partitioned_parquet_snap.customer_address.ca_county)] hosts=10 instances=20 (adjusted from 120)
Per-Instance Resources: mem-estimate=97.23MB mem-reservation=13.94MB thread-reservation=1
max-parallelism=20 segment-costs=[135417, 109559086, 52645325] cpu-comparison-result=611 [max(20 (self) vs 611 (sum children))]
41:SORT
|  order by: tpcds_partitioned_parquet_snap.customer_address.ca_county ASC NULLS LAST
|  mem-estimate=87.23MB mem-reservation=12.00MB spill-buffer=2.00MB thread-reservation=0
|  tuple-ids=42 row-size=122B cardinality=15.00M cost=85686304
|  in pipelines: 41(GETNEXT), 45(OPEN)
|
40:HASH JOIN [INNER JOIN, PARTITIONED]
|  hash-table-id=00
|  hash predicates: tpcds_partitioned_parquet_snap.customer_address_2.ca_county = tpcds_partitioned_parquet_snap.customer_address_4.ca_county
|  fk/pk conjuncts: none
|  other join predicates: CASE WHEN sum(tpcds_partitioned_parquet_snap.web_sales_0.ws_ext_sales_price) > CAST(0 AS DECIMAL(3,0)) THEN divide(sum(tpcds_partitioned_parquet_snap.web_sales_1.ws_ext_sales_price), sum(tpcds_partitioned_parquet_snap.web_sales_0.ws_ext_sales_price)) ELSE NULL END > CASE WHEN sum(tpcds_partitioned_parquet_snap.store_sales_0.ss_ext_sales_price) > CAST(0 AS DECIMAL(3,0)) THEN divide(sum(tpcds_partitioned_parquet_snap.store_sales_1.ss_ext_sales_price), sum(tpcds_partitioned_parquet_snap.store_sales_0.ss_ext_sales_price)) ELSE NULL END
|  mem-estimate=0B mem-reservation=0B spill-buffer=64.00KB thread-reservation=0
|  tuple-ids=6,13,20,27,34,41 row-size=252B cardinality=15.00M cost=6565500
|  in pipelines: 45(GETNEXT), 67(OPEN)
|
|--F27:PLAN FRAGMENT [HASH(tpcds_partitioned_parquet_snap.customer_address.ca_county)] hosts=10 instances=20 (adjusted from 120)
|  |  Per-Instance Resources: mem-estimate=11.94MB mem-reservation=3.88MB thread-reservation=1
|  |  max-parallelism=20 segment-costs=[135417, 1825] cpu-comparison-result=31 [max(20 (self) vs 31 (sum children))]
|  JOIN BUILD
|  |  join-table-id=00 plan-id=01 cohort-id=01
|  |  build expressions: tpcds_partitioned_parquet_snap.customer_address_4.ca_county
|  |  runtime filters: RF001[min_max] <- tpcds_partitioned_parquet_snap.customer_address_4.ca_county
|  |  mem-estimate=1.94MB mem-reservation=1.94MB spill-buffer=64.00KB thread-reservation=0 cost=1825
|  |
|  67:AGGREGATE [FINALIZE]
|  |  output: sum:merge(tpcds_partitioned_parquet_snap.web_sales_1.ws_ext_sales_price)
|  |  group by: tpcds_partitioned_parquet_snap.customer_address_4.ca_county
|  |  mem-estimate=10.00MB mem-reservation=1.94MB spill-buffer=64.00KB thread-reservation=0
|  |  tuple-ids=41 row-size=42B cardinality=1.82K cost=68815
|  |  in pipelines: 67(GETNEXT), 34(OPEN)
|  |
|  66:EXCHANGE [HASH(tpcds_partitioned_parquet_snap.customer_address_4.ca_county)]
|  |  mem-estimate=1.77MB mem-reservation=0B thread-reservation=0
|  |  tuple-ids=41 row-size=42B cardinality=219.00K cost=66602
|  |  in pipelines: 34(GETNEXT)
|  |
|  F22:PLAN FRAGMENT [RANDOM] hosts=10 instances=20 (adjusted from 120)
|  Per-Host Shared Resources: mem-estimate=3.00MB mem-reservation=3.00MB thread-reservation=0 runtime-filters-memory=3.00MB
|  Per-Instance Resources: mem-estimate=29.59MB mem-reservation=2.12MB thread-reservation=1
|  max-parallelism=20 segment-costs=[195849908, 704635] cpu-comparison-result=31 [max(20 (self) vs 31 (sum children))]
|  39:AGGREGATE [STREAMING]
|  |  output: sum(tpcds_partitioned_parquet_snap.web_sales_1.ws_ext_sales_price)
|  |  group by: tpcds_partitioned_parquet_snap.customer_address_4.ca_county
|  |  mem-estimate=10.00MB mem-reservation=2.00MB spill-buffer=64.00KB thread-reservation=0
|  |  tuple-ids=41 row-size=42B cardinality=219.00K cost=6804575
|  |  in pipelines: 34(GETNEXT)
|  |
|  38:HASH JOIN [INNER JOIN, BROADCAST]
|  |  hash-table-id=01
|  |  hash predicates: tpcds_partitioned_parquet_snap.web_sales_1.ws_bill_addr_sk = tpcds_partitioned_parquet_snap.customer_address_4.ca_address_sk
|  |  fk/pk conjuncts: tpcds_partitioned_parquet_snap.web_sales_1.ws_bill_addr_sk = tpcds_partitioned_parquet_snap.customer_address_4.ca_address_sk
|  |  mem-estimate=0B mem-reservation=0B spill-buffer=2.00MB thread-reservation=0
|  |  tuple-ids=35,37,39 row-size=54B cardinality=21.31M cost=57467483
|  |  in pipelines: 34(GETNEXT), 37(OPEN)
|  |
|  |--F28:PLAN FRAGMENT [RANDOM] hosts=10 instances=10
|  |  |  Per-Instance Resources: mem-estimate=103.19MB mem-reservation=70.00MB thread-reservation=1 runtime-filters-memory=2.00MB
|  |  |  max-parallelism=10 segment-costs=[3493500]
|  |  JOIN BUILD
|  |  |  join-table-id=01 plan-id=02 cohort-id=02
|  |  |  build expressions: tpcds_partitioned_parquet_snap.customer_address_4.ca_address_sk
|  |  |  runtime filters: RF030[bloom] <- tpcds_partitioned_parquet_snap.customer_address_4.ca_address_sk, RF031[min_max] <- tpcds_partitioned_parquet_snap.customer_address_4.ca_address_sk
|  |  |  mem-estimate=90.86MB mem-reservation=68.00MB spill-buffer=2.00MB thread-reservation=0 cost=1500000
|  |  |
|  |  65:EXCHANGE [BROADCAST]
|  |  |  mem-estimate=10.33MB mem-reservation=0B thread-reservation=0
|  |  |  tuple-ids=39 row-size=30B cardinality=1.50M cost=1993500
|  |  |  in pipelines: 37(GETNEXT)
|  |  |
|  |  F24:PLAN FRAGMENT [RANDOM] hosts=10 instances=10
|  |  Per-Instance Resources: mem-estimate=16.13MB mem-reservation=128.00KB thread-reservation=1
|  |  max-parallelism=10 segment-costs=[4454902]
|  |  37:SCAN HDFS [tpcds_partitioned_parquet_snap.customer_address, RANDOM]
|  |     HDFS partitions=1/1 files=1 size=307.36MB
|  |     predicates: is_not_null_pred(tpcds_partitioned_parquet_snap.customer_address_4.ca_county)
|  |     stored statistics:
|  |       table: rows=15.00M size=307.36MB
|  |       columns: all
|  |     extrapolated-rows=disabled max-scan-range-rows=1.58M
|  |     parquet dictionary predicates: is_not_null_pred(tpcds_partitioned_parquet_snap.customer_address_4.ca_county)
|  |     mem-estimate=16.00MB mem-reservation=128.00KB thread-reservation=0
|  |     tuple-ids=39 row-size=30B cardinality=1.50M cost=4301159
|  |     in pipelines: 37(GETNEXT)
|  |
|  36:HASH JOIN [INNER JOIN, BROADCAST]
|  |  hash-table-id=02
|  |  hash predicates: tpcds_partitioned_parquet_snap.web_sales_1.ws_sold_date_sk = tpcds_partitioned_parquet_snap.date_dim_4.d_date_sk
|  |  fk/pk conjuncts: tpcds_partitioned_parquet_snap.web_sales_1.ws_sold_date_sk = tpcds_partitioned_parquet_snap.date_dim_4.d_date_sk
|  |  mem-estimate=0B mem-reservation=0B spill-buffer=64.00KB thread-reservation=0
|  |  tuple-ids=35,37 row-size=24B cardinality=208.99M(filtered from 220.26M) cost=93516941
|  |  in pipelines: 34(GETNEXT), 35(OPEN)
|  |
|  |--F29:PLAN FRAGMENT [RANDOM] hosts=10 instances=10
|  |  |  Per-Instance Resources: mem-estimate=4.89MB mem-reservation=4.88MB thread-reservation=1 runtime-filters-memory=1.00MB
|  |  |  max-parallelism=10 segment-costs=[426]
|  |  JOIN BUILD
|  |  |  join-table-id=02 plan-id=03 cohort-id=02
|  |  |  build expressions: tpcds_partitioned_parquet_snap.date_dim_4.d_date_sk
|  |  |  runtime filters: RF032[bloom] <- tpcds_partitioned_parquet_snap.date_dim_4.d_date_sk
|  |  |  mem-estimate=3.88MB mem-reservation=3.88MB spill-buffer=64.00KB thread-reservation=0 cost=186
|  |  |
|  |  64:EXCHANGE [BROADCAST]
|  |  |  mem-estimate=16.00KB mem-reservation=0B thread-reservation=0
|  |  |  tuple-ids=37 row-size=12B cardinality=186 cost=240
|  |  |  in pipelines: 35(GETNEXT)
|  |  |
|  |  F23:PLAN FRAGMENT [RANDOM] hosts=1 instances=1
|  |  Per-Instance Resources: mem-estimate=16.06MB mem-reservation=512.00KB thread-reservation=1
|  |  max-parallelism=1 segment-costs=[16738]
|  |  35:SCAN HDFS [tpcds_partitioned_parquet_snap.date_dim, RANDOM]
|  |     HDFS partitions=1/1 files=1 size=2.17MB
|  |     predicates: tpcds_partitioned_parquet_snap.date_dim_4.d_year = CAST(1998 AS INT), tpcds_partitioned_parquet_snap.date_dim_4.d_qoy = CAST(3 AS INT)
|  |     stored statistics:
|  |       table: rows=73.05K size=2.17MB
|  |       columns: all
|  |     extrapolated-rows=disabled max-scan-range-rows=73.05K
|  |     parquet statistics predicates: tpcds_partitioned_parquet_snap.date_dim_4.d_year = CAST(1998 AS INT), tpcds_partitioned_parquet_snap.date_dim_4.d_qoy = CAST(3 AS INT)
|  |     parquet dictionary predicates: tpcds_partitioned_parquet_snap.date_dim_4.d_year = CAST(1998 AS INT), tpcds_partitioned_parquet_snap.date_dim_4.d_qoy = CAST(3 AS INT)
|  |     mem-estimate=16.00MB mem-reservation=512.00KB thread-reservation=0
|  |     tuple-ids=37 row-size=12B cardinality=186 cost=16728
|  |     in pipelines: 35(GETNEXT)
|  |
|  34:SCAN HDFS [tpcds_partitioned_parquet_snap.web_sales, RANDOM]
|     HDFS partitions=1824/1824 files=1824 size=145.75GB
|     runtime filters: RF031[min_max] -> tpcds_partitioned_parquet_snap.web_sales_1.ws_bill_addr_sk, RF030[bloom] -> tpcds_partitioned_parquet_snap.web_sales_1.ws_bill_addr_sk, RF032[bloom] -> tpcds_partitioned_parquet_snap.web_sales_1.ws_sold_date_sk
|     stored statistics:
|       table: rows=2.16G size=145.75GB
|       partitions: 1824/1824 rows=2.16G
|       columns: all
|     extrapolated-rows=disabled max-scan-range-rows=3.37M est-scan-range=187(filtered from 1824)
|     mem-estimate=16.00MB mem-reservation=128.00KB thread-reservation=0
|     tuple-ids=35 row-size=12B cardinality=208.99M(filtered from 2.16G) cost=38060909
|     in pipelines: 34(GETNEXT)
|
33:HASH JOIN [INNER JOIN, PARTITIONED]
|  hash-table-id=03
|  hash predicates: tpcds_partitioned_parquet_snap.customer_address_2.ca_county = tpcds_partitioned_parquet_snap.customer_address_3.ca_county
|  fk/pk conjuncts: none
|  other join predicates: CASE WHEN sum(tpcds_partitioned_parquet_snap.web_sales.ws_ext_sales_price) > CAST(0 AS DECIMAL(3,0)) THEN divide(sum(tpcds_partitioned_parquet_snap.web_sales_0.ws_ext_sales_price), sum(tpcds_partitioned_parquet_snap.web_sales.ws_ext_sales_price)) ELSE NULL END > CASE WHEN sum(tpcds_partitioned_parquet_snap.store_sales.ss_ext_sales_price) > CAST(0 AS DECIMAL(3,0)) THEN divide(sum(tpcds_partitioned_parquet_snap.store_sales_0.ss_ext_sales_price), sum(tpcds_partitioned_parquet_snap.store_sales.ss_ext_sales_price)) ELSE NULL END
|  mem-estimate=0B mem-reservation=0B spill-buffer=64.00KB thread-reservation=0
|  tuple-ids=6,13,20,27,34 row-size=210B cardinality=15.00M cost=6565500
|  in pipelines: 45(GETNEXT), 63(OPEN)
|
|--F30:PLAN FRAGMENT [HASH(tpcds_partitioned_parquet_snap.customer_address.ca_county)] hosts=10 instances=20 (adjusted from 120)
|  |  Per-Instance Resources: mem-estimate=12.22MB mem-reservation=3.88MB thread-reservation=1
|  |  max-parallelism=20 segment-costs=[135417, 1825] cpu-comparison-result=110 [max(20 (self) vs 110 (sum children))]
|  JOIN BUILD
|  |  join-table-id=03 plan-id=04 cohort-id=01
|  |  build expressions: tpcds_partitioned_parquet_snap.customer_address_3.ca_county
|  |  runtime filters: RF003[min_max] <- tpcds_partitioned_parquet_snap.customer_address_3.ca_county
|  |  mem-estimate=1.94MB mem-reservation=1.94MB spill-buffer=64.00KB thread-reservation=0 cost=1825
|  |
|  63:AGGREGATE [FINALIZE]
|  |  output: sum:merge(tpcds_partitioned_parquet_snap.web_sales_0.ws_ext_sales_price)
|  |  group by: tpcds_partitioned_parquet_snap.customer_address_3.ca_county
|  |  mem-estimate=10.00MB mem-reservation=1.94MB spill-buffer=64.00KB thread-reservation=0
|  |  tuple-ids=34 row-size=42B cardinality=1.82K cost=68815
|  |  in pipelines: 63(GETNEXT), 27(OPEN)
|  |
|  62:EXCHANGE [HASH(tpcds_partitioned_parquet_snap.customer_address_3.ca_county)]
|  |  mem-estimate=2.22MB mem-reservation=0B thread-reservation=0
|  |  tuple-ids=34 row-size=42B cardinality=219.00K cost=66602
|  |  in pipelines: 27(GETNEXT)
|  |
|  F20:PLAN FRAGMENT [HASH(tpcds_partitioned_parquet_snap.web_sales_0.ws_bill_addr_sk)] hosts=10 instances=30 (adjusted from 120)
|  Per-Instance Resources: mem-estimate=26.09MB mem-reservation=2.00MB thread-reservation=1
|  max-parallelism=30 segment-costs=[214913089, 704635] cpu-comparison-result=110 [max(110 (self) vs 51 (sum children))]
|  32:AGGREGATE [STREAMING]
|  |  output: sum(tpcds_partitioned_parquet_snap.web_sales_0.ws_ext_sales_price)
|  |  group by: tpcds_partitioned_parquet_snap.customer_address_3.ca_county
|  |  mem-estimate=10.00MB mem-reservation=2.00MB spill-buffer=64.00KB thread-reservation=0
|  |  tuple-ids=34 row-size=42B cardinality=219.00K cost=62906957
|  |  in pipelines: 27(GETNEXT)
|  |
|  31:HASH JOIN [INNER JOIN, PARTITIONED]
|  |  hash-table-id=04
|  |  hash predicates: tpcds_partitioned_parquet_snap.web_sales_0.ws_bill_addr_sk = tpcds_partitioned_parquet_snap.customer_address_3.ca_address_sk
|  |  fk/pk conjuncts: tpcds_partitioned_parquet_snap.web_sales_0.ws_bill_addr_sk = tpcds_partitioned_parquet_snap.customer_address_3.ca_address_sk
|  |  mem-estimate=0B mem-reservation=0B spill-buffer=2.00MB thread-reservation=0
|  |  tuple-ids=28,30,32 row-size=54B cardinality=213.11M cost=95113002
|  |  in pipelines: 27(GETNEXT), 30(OPEN)
|  |
|  |--F31:PLAN FRAGMENT [HASH(tpcds_partitioned_parquet_snap.web_sales_0.ws_bill_addr_sk)] hosts=10 instances=30 (adjusted from 120)
|  |  |  Per-Instance Resources: mem-estimate=44.33MB mem-reservation=34.00MB thread-reservation=1
|  |  |  max-parallelism=30 segment-costs=[18733835]
|  |  JOIN BUILD
|  |  |  join-table-id=04 plan-id=05 cohort-id=03
|  |  |  build expressions: tpcds_partitioned_parquet_snap.customer_address_3.ca_address_sk
|  |  |  runtime filters: RF027[min_max] <- tpcds_partitioned_parquet_snap.customer_address_3.ca_address_sk
|  |  |  mem-estimate=34.00MB mem-reservation=34.00MB spill-buffer=2.00MB thread-reservation=0 cost=15000000
|  |  |
|  |  61:EXCHANGE [HASH(tpcds_partitioned_parquet_snap.customer_address_3.ca_address_sk)]
|  |  |  mem-estimate=10.33MB mem-reservation=0B thread-reservation=0
|  |  |  tuple-ids=32 row-size=30B cardinality=15.00M cost=3733835
|  |  |  in pipelines: 30(GETNEXT)
|  |  |
|  |  F19:PLAN FRAGMENT [RANDOM] hosts=10 instances=10
|  |  Per-Instance Resources: mem-estimate=19.98MB mem-reservation=128.00KB thread-reservation=1
|  |  max-parallelism=10 segment-costs=[40550357]
|  |  30:SCAN HDFS [tpcds_partitioned_parquet_snap.customer_address, RANDOM]
|  |     HDFS partitions=1/1 files=1 size=307.36MB
|  |     runtime filters: RF001[min_max] -> tpcds_partitioned_parquet_snap.customer_address_3.ca_county
|  |     stored statistics:
|  |       table: rows=15.00M size=307.36MB
|  |       columns: all
|  |     extrapolated-rows=disabled max-scan-range-rows=1.58M
|  |     mem-estimate=16.00MB mem-reservation=128.00KB thread-reservation=0
|  |     tuple-ids=32 row-size=30B cardinality=15.00M cost=3879659
|  |     in pipelines: 30(GETNEXT)
|  |
|  60:EXCHANGE [HASH(tpcds_partitioned_parquet_snap.web_sales_0.ws_bill_addr_sk)]
|  |  mem-estimate=12.50MB mem-reservation=0B thread-reservation=0
|  |  tuple-ids=28,30 row-size=24B cardinality=220.26M cost=56893130
|  |  in pipelines: 27(GETNEXT)
|  |
|  F17:PLAN FRAGMENT [RANDOM] hosts=10 instances=80 (adjusted from 120)
|  Per-Host Shared Resources: mem-estimate=1.00MB mem-reservation=1.00MB thread-reservation=0 runtime-filters-memory=1.00MB
|  Per-Instance Resources: mem-estimate=19.75MB mem-reservation=128.00KB thread-reservation=1
|  max-parallelism=80 segment-costs=[701858144]
|  29:HASH JOIN [INNER JOIN, BROADCAST]
|  |  hash-table-id=05
|  |  hash predicates: tpcds_partitioned_parquet_snap.web_sales_0.ws_sold_date_sk = tpcds_partitioned_parquet_snap.date_dim_3.d_date_sk
|  |  fk/pk conjuncts: tpcds_partitioned_parquet_snap.web_sales_0.ws_sold_date_sk = tpcds_partitioned_parquet_snap.date_dim_3.d_date_sk
|  |  mem-estimate=0B mem-reservation=0B spill-buffer=64.00KB thread-reservation=0
|  |  tuple-ids=28,30 row-size=24B cardinality=220.26M cost=96407754
|  |  in pipelines: 27(GETNEXT), 28(OPEN)
|  |
|  |--F32:PLAN FRAGMENT [RANDOM] hosts=10 instances=10
|  |  |  Per-Instance Resources: mem-estimate=16.52MB mem-reservation=16.50MB thread-reservation=1 runtime-filters-memory=1.00MB
|  |  |  max-parallelism=10 segment-costs=[426]
|  |  JOIN BUILD
|  |  |  join-table-id=05 plan-id=06 cohort-id=03
|  |  |  build expressions: tpcds_partitioned_parquet_snap.date_dim_3.d_date_sk
|  |  |  runtime filters: RF028[bloom] <- tpcds_partitioned_parquet_snap.date_dim_3.d_date_sk
|  |  |  mem-estimate=15.50MB mem-reservation=15.50MB spill-buffer=64.00KB thread-reservation=0 cost=186
|  |  |
|  |  59:EXCHANGE [BROADCAST]
|  |  |  mem-estimate=16.00KB mem-reservation=0B thread-reservation=0
|  |  |  tuple-ids=30 row-size=12B cardinality=186 cost=240
|  |  |  in pipelines: 28(GETNEXT)
|  |  |
|  |  F18:PLAN FRAGMENT [RANDOM] hosts=1 instances=1
|  |  Per-Instance Resources: mem-estimate=16.06MB mem-reservation=512.00KB thread-reservation=1
|  |  max-parallelism=1 segment-costs=[16738]
|  |  28:SCAN HDFS [tpcds_partitioned_parquet_snap.date_dim, RANDOM]
|  |     HDFS partitions=1/1 files=1 size=2.17MB
|  |     predicates: tpcds_partitioned_parquet_snap.date_dim_3.d_year = CAST(1998 AS INT), tpcds_partitioned_parquet_snap.date_dim_3.d_qoy = CAST(2 AS INT)
|  |     stored statistics:
|  |       table: rows=73.05K size=2.17MB
|  |       columns: all
|  |     extrapolated-rows=disabled max-scan-range-rows=73.05K
|  |     parquet statistics predicates: tpcds_partitioned_parquet_snap.date_dim_3.d_year = CAST(1998 AS INT), tpcds_partitioned_parquet_snap.date_dim_3.d_qoy = CAST(2 AS INT)
|  |     parquet dictionary predicates: tpcds_partitioned_parquet_snap.date_dim_3.d_year = CAST(1998 AS INT), tpcds_partitioned_parquet_snap.date_dim_3.d_qoy = CAST(2 AS INT)
|  |     mem-estimate=16.00MB mem-reservation=512.00KB thread-reservation=0
|  |     tuple-ids=30 row-size=12B cardinality=186 cost=16728
|  |     in pipelines: 28(GETNEXT)
|  |
|  27:SCAN HDFS [tpcds_partitioned_parquet_snap.web_sales, RANDOM]
|     HDFS partitions=1824/1824 files=1824 size=145.75GB
|     runtime filters: RF027[min_max] -> tpcds_partitioned_parquet_snap.web_sales_0.ws_bill_addr_sk, RF028[bloom] -> tpcds_partitioned_parquet_snap.web_sales_0.ws_sold_date_sk
|     stored statistics:
|       table: rows=2.16G size=145.75GB
|       partitions: 1824/1824 rows=2.16G
|       columns: all
|     extrapolated-rows=disabled max-scan-range-rows=3.37M est-scan-range=187(filtered from 1824)
|     mem-estimate=16.00MB mem-reservation=128.00KB thread-reservation=0
|     tuple-ids=28 row-size=12B cardinality=220.26M(filtered from 2.16G) cost=38060909
|     in pipelines: 27(GETNEXT)
|
26:HASH JOIN [INNER JOIN, PARTITIONED]
|  hash-table-id=06
|  hash predicates: tpcds_partitioned_parquet_snap.customer_address.ca_county = tpcds_partitioned_parquet_snap.customer_address_2.ca_county
|  fk/pk conjuncts: none
|  mem-estimate=0B mem-reservation=0B spill-buffer=64.00KB thread-reservation=0
|  tuple-ids=6,13,20,27 row-size=168B cardinality=15.00M cost=6565500
|  in pipelines: 45(GETNEXT), 58(OPEN)
|
|--F33:PLAN FRAGMENT [HASH(tpcds_partitioned_parquet_snap.customer_address.ca_county)] hosts=10 instances=20 (adjusted from 120)
|  |  Per-Instance Resources: mem-estimate=12.22MB mem-reservation=3.88MB thread-reservation=1
|  |  max-parallelism=20 segment-costs=[135417, 1825] cpu-comparison-result=110 [max(20 (self) vs 110 (sum children))]
|  JOIN BUILD
|  |  join-table-id=06 plan-id=07 cohort-id=01
|  |  build expressions: tpcds_partitioned_parquet_snap.customer_address_2.ca_county
|  |  runtime filters: RF005[min_max] <- tpcds_partitioned_parquet_snap.customer_address_2.ca_county
|  |  mem-estimate=1.94MB mem-reservation=1.94MB spill-buffer=64.00KB thread-reservation=0 cost=1825
|  |
|  58:AGGREGATE [FINALIZE]
|  |  output: sum:merge(tpcds_partitioned_parquet_snap.web_sales.ws_ext_sales_price)
|  |  group by: tpcds_partitioned_parquet_snap.customer_address_2.ca_county
|  |  mem-estimate=10.00MB mem-reservation=1.94MB spill-buffer=64.00KB thread-reservation=0
|  |  tuple-ids=27 row-size=42B cardinality=1.82K cost=68815
|  |  in pipelines: 58(GETNEXT), 20(OPEN)
|  |
|  57:EXCHANGE [HASH(tpcds_partitioned_parquet_snap.customer_address_2.ca_county)]
|  |  mem-estimate=2.22MB mem-reservation=0B thread-reservation=0
|  |  tuple-ids=27 row-size=42B cardinality=219.00K cost=66602
|  |  in pipelines: 20(GETNEXT)
|  |
|  F15:PLAN FRAGMENT [HASH(tpcds_partitioned_parquet_snap.web_sales.ws_bill_addr_sk)] hosts=10 instances=30 (adjusted from 120)
|  Per-Instance Resources: mem-estimate=26.09MB mem-reservation=2.00MB thread-reservation=1
|  max-parallelism=30 segment-costs=[214913089, 704635] cpu-comparison-result=110 [max(110 (self) vs 51 (sum children))]
|  25:AGGREGATE [STREAMING]
|  |  output: sum(tpcds_partitioned_parquet_snap.web_sales.ws_ext_sales_price)
|  |  group by: tpcds_partitioned_parquet_snap.customer_address_2.ca_county
|  |  mem-estimate=10.00MB mem-reservation=2.00MB spill-buffer=64.00KB thread-reservation=0
|  |  tuple-ids=27 row-size=42B cardinality=219.00K cost=62906957
|  |  in pipelines: 20(GETNEXT)
|  |
|  24:HASH JOIN [INNER JOIN, PARTITIONED]
|  |  hash-table-id=07
|  |  hash predicates: tpcds_partitioned_parquet_snap.web_sales.ws_bill_addr_sk = tpcds_partitioned_parquet_snap.customer_address_2.ca_address_sk
|  |  fk/pk conjuncts: tpcds_partitioned_parquet_snap.web_sales.ws_bill_addr_sk = tpcds_partitioned_parquet_snap.customer_address_2.ca_address_sk
|  |  mem-estimate=0B mem-reservation=0B spill-buffer=2.00MB thread-reservation=0
|  |  tuple-ids=21,23,25 row-size=54B cardinality=213.11M cost=95113002
|  |  in pipelines: 20(GETNEXT), 23(OPEN)
|  |
|  |--F34:PLAN FRAGMENT [HASH(tpcds_partitioned_parquet_snap.web_sales.ws_bill_addr_sk)] hosts=10 instances=30 (adjusted from 120)
|  |  |  Per-Instance Resources: mem-estimate=44.33MB mem-reservation=34.00MB thread-reservation=1
|  |  |  max-parallelism=30 segment-costs=[18733835]
|  |  JOIN BUILD
|  |  |  join-table-id=07 plan-id=08 cohort-id=04
|  |  |  build expressions: tpcds_partitioned_parquet_snap.customer_address_2.ca_address_sk
|  |  |  runtime filters: RF023[min_max] <- tpcds_partitioned_parquet_snap.customer_address_2.ca_address_sk
|  |  |  mem-estimate=34.00MB mem-reservation=34.00MB spill-buffer=2.00MB thread-reservation=0 cost=15000000
|  |  |
|  |  56:EXCHANGE [HASH(tpcds_partitioned_parquet_snap.customer_address_2.ca_address_sk)]
|  |  |  mem-estimate=10.33MB mem-reservation=0B thread-reservation=0
|  |  |  tuple-ids=25 row-size=30B cardinality=15.00M cost=3733835
|  |  |  in pipelines: 23(GETNEXT)
|  |  |
|  |  F14:PLAN FRAGMENT [RANDOM] hosts=10 instances=10
|  |  Per-Instance Resources: mem-estimate=19.98MB mem-reservation=128.00KB thread-reservation=1
|  |  max-parallelism=10 segment-costs=[40550357]
|  |  23:SCAN HDFS [tpcds_partitioned_parquet_snap.customer_address, RANDOM]
|  |     HDFS partitions=1/1 files=1 size=307.36MB
|  |     runtime filters: RF001[min_max] -> tpcds_partitioned_parquet_snap.customer_address_2.ca_county, RF003[min_max] -> tpcds_partitioned_parquet_snap.customer_address_2.ca_county
|  |     stored statistics:
|  |       table: rows=15.00M size=307.36MB
|  |       columns: all
|  |     extrapolated-rows=disabled max-scan-range-rows=1.58M
|  |     mem-estimate=16.00MB mem-reservation=128.00KB thread-reservation=0
|  |     tuple-ids=25 row-size=30B cardinality=15.00M cost=3879659
|  |     in pipelines: 23(GETNEXT)
|  |
|  55:EXCHANGE [HASH(tpcds_partitioned_parquet_snap.web_sales.ws_bill_addr_sk)]
|  |  mem-estimate=12.50MB mem-reservation=0B thread-reservation=0
|  |  tuple-ids=21,23 row-size=24B cardinality=220.26M cost=56893130
|  |  in pipelines: 20(GETNEXT)
|  |
|  F12:PLAN FRAGMENT [RANDOM] hosts=10 instances=80 (adjusted from 120)
|  Per-Host Shared Resources: mem-estimate=1.00MB mem-reservation=1.00MB thread-reservation=0 runtime-filters-memory=1.00MB
|  Per-Instance Resources: mem-estimate=19.75MB mem-reservation=128.00KB thread-reservation=1
|  max-parallelism=80 segment-costs=[701858144]
|  22:HASH JOIN [INNER JOIN, BROADCAST]
|  |  hash-table-id=08
|  |  hash predicates: tpcds_partitioned_parquet_snap.web_sales.ws_sold_date_sk = tpcds_partitioned_parquet_snap.date_dim_2.d_date_sk
|  |  fk/pk conjuncts: tpcds_partitioned_parquet_snap.web_sales.ws_sold_date_sk = tpcds_partitioned_parquet_snap.date_dim_2.d_date_sk
|  |  mem-estimate=0B mem-reservation=0B spill-buffer=64.00KB thread-reservation=0
|  |  tuple-ids=21,23 row-size=24B cardinality=220.26M cost=96407754
|  |  in pipelines: 20(GETNEXT), 21(OPEN)
|  |
|  |--F35:PLAN FRAGMENT [RANDOM] hosts=10 instances=10
|  |  |  Per-Instance Resources: mem-estimate=16.52MB mem-reservation=16.50MB thread-reservation=1 runtime-filters-memory=1.00MB
|  |  |  max-parallelism=10 segment-costs=[426]
|  |  JOIN BUILD
|  |  |  join-table-id=08 plan-id=09 cohort-id=04
|  |  |  build expressions: tpcds_partitioned_parquet_snap.date_dim_2.d_date_sk
|  |  |  runtime filters: RF024[bloom] <- tpcds_partitioned_parquet_snap.date_dim_2.d_date_sk
|  |  |  mem-estimate=15.50MB mem-reservation=15.50MB spill-buffer=64.00KB thread-reservation=0 cost=186
|  |  |
|  |  54:EXCHANGE [BROADCAST]
|  |  |  mem-estimate=16.00KB mem-reservation=0B thread-reservation=0
|  |  |  tuple-ids=23 row-size=12B cardinality=186 cost=240
|  |  |  in pipelines: 21(GETNEXT)
|  |  |
|  |  F13:PLAN FRAGMENT [RANDOM] hosts=1 instances=1
|  |  Per-Instance Resources: mem-estimate=16.06MB mem-reservation=512.00KB thread-reservation=1
|  |  max-parallelism=1 segment-costs=[16738]
|  |  21:SCAN HDFS [tpcds_partitioned_parquet_snap.date_dim, RANDOM]
|  |     HDFS partitions=1/1 files=1 size=2.17MB
|  |     predicates: tpcds_partitioned_parquet_snap.date_dim_2.d_year = CAST(1998 AS INT), tpcds_partitioned_parquet_snap.date_dim_2.d_qoy = CAST(1 AS INT)
|  |     stored statistics:
|  |       table: rows=73.05K size=2.17MB
|  |       columns: all
|  |     extrapolated-rows=disabled max-scan-range-rows=73.05K
|  |     parquet statistics predicates: tpcds_partitioned_parquet_snap.date_dim_2.d_year = CAST(1998 AS INT), tpcds_partitioned_parquet_snap.date_dim_2.d_qoy = CAST(1 AS INT)
|  |     parquet dictionary predicates: tpcds_partitioned_parquet_snap.date_dim_2.d_year = CAST(1998 AS INT), tpcds_partitioned_parquet_snap.date_dim_2.d_qoy = CAST(1 AS INT)
|  |     mem-estimate=16.00MB mem-reservation=512.00KB thread-reservation=0
|  |     tuple-ids=23 row-size=12B cardinality=186 cost=16728
|  |     in pipelines: 21(GETNEXT)
|  |
|  20:SCAN HDFS [tpcds_partitioned_parquet_snap.web_sales, RANDOM]
|     HDFS partitions=1824/1824 files=1824 size=145.75GB
|     runtime filters: RF023[min_max] -> tpcds_partitioned_parquet_snap.web_sales.ws_bill_addr_sk, RF024[bloom] -> tpcds_partitioned_parquet_snap.web_sales.ws_sold_date_sk
|     stored statistics:
|       table: rows=2.16G size=145.75GB
|       partitions: 1824/1824 rows=2.16G
|       columns: all
|     extrapolated-rows=disabled max-scan-range-rows=3.37M est-scan-range=187(filtered from 1824)
|     mem-estimate=16.00MB mem-reservation=128.00KB thread-reservation=0
|     tuple-ids=21 row-size=12B cardinality=220.26M(filtered from 2.16G) cost=38060909
|     in pipelines: 20(GETNEXT)
|
19:HASH JOIN [INNER JOIN, PARTITIONED]
|  hash-table-id=09
|  hash predicates: tpcds_partitioned_parquet_snap.customer_address_0.ca_county = tpcds_partitioned_parquet_snap.customer_address_1.ca_county
|  fk/pk conjuncts: none
|  mem-estimate=0B mem-reservation=0B spill-buffer=64.00KB thread-reservation=0
|  tuple-ids=6,13,20 row-size=126B cardinality=15.00M cost=3572305
|  in pipelines: 45(GETNEXT), 53(OPEN)
|
|--F36:PLAN FRAGMENT [HASH(tpcds_partitioned_parquet_snap.customer_address.ca_county)] hosts=10 instances=20 (adjusted from 120)
|  |  Per-Instance Resources: mem-estimate=16.26MB mem-reservation=3.88MB thread-reservation=1
|  |  max-parallelism=20 segment-costs=[135417, 1825] cpu-comparison-result=120 [max(20 (self) vs 120 (sum children))]
|  JOIN BUILD
|  |  join-table-id=09 plan-id=10 cohort-id=01
|  |  build expressions: tpcds_partitioned_parquet_snap.customer_address_1.ca_county
|  |  runtime filters: RF007[min_max] <- tpcds_partitioned_parquet_snap.customer_address_1.ca_county
|  |  mem-estimate=1.94MB mem-reservation=1.94MB spill-buffer=64.00KB thread-reservation=0 cost=1825
|  |
|  53:AGGREGATE [FINALIZE]
|  |  output: sum:merge(tpcds_partitioned_parquet_snap.store_sales_1.ss_ext_sales_price)
|  |  group by: tpcds_partitioned_parquet_snap.customer_address_1.ca_county
|  |  mem-estimate=10.00MB mem-reservation=1.94MB spill-buffer=64.00KB thread-reservation=0
|  |  tuple-ids=20 row-size=42B cardinality=1.82K cost=68815
|  |  in pipelines: 53(GETNEXT), 13(OPEN)
|  |
|  52:EXCHANGE [HASH(tpcds_partitioned_parquet_snap.customer_address_1.ca_county)]
|  |  mem-estimate=6.26MB mem-reservation=0B thread-reservation=0
|  |  tuple-ids=20 row-size=42B cardinality=219.00K cost=66602
|  |  in pipelines: 13(GETNEXT)
|  |
|  F08:PLAN FRAGMENT [RANDOM] hosts=10 instances=120
|  Per-Host Shared Resources: mem-estimate=17.00MB mem-reservation=17.00MB thread-reservation=0 runtime-filters-memory=17.00MB
|  Per-Instance Resources: mem-estimate=29.59MB mem-reservation=10.00MB thread-reservation=1
|  max-parallelism=120 segment-costs=[1168250119, 704635] cpu-comparison-result=120 [max(120 (self) vs 31 (sum children))]
|  18:AGGREGATE [STREAMING]
|  |  output: sum(tpcds_partitioned_parquet_snap.store_sales_1.ss_ext_sales_price)
|  |  group by: tpcds_partitioned_parquet_snap.customer_address_1.ca_county
|  |  mem-estimate=10.00MB mem-reservation=2.00MB spill-buffer=64.00KB thread-reservation=0
|  |  tuple-ids=20 row-size=42B cardinality=219.00K cost=249916724
|  |  in pipelines: 13(GETNEXT)
|  |
|  17:HASH JOIN [INNER JOIN, BROADCAST]
|  |  hash-table-id=10
|  |  hash predicates: tpcds_partitioned_parquet_snap.store_sales_1.ss_addr_sk = tpcds_partitioned_parquet_snap.customer_address_1.ca_address_sk
|  |  fk/pk conjuncts: tpcds_partitioned_parquet_snap.store_sales_1.ss_addr_sk = tpcds_partitioned_parquet_snap.customer_address_1.ca_address_sk
|  |  mem-estimate=0B mem-reservation=0B spill-buffer=2.00MB thread-reservation=0
|  |  tuple-ids=14,16,18 row-size=54B cardinality=852.46M cost=380454799
|  |  in pipelines: 13(GETNEXT), 16(OPEN)
|  |
|  |--F37:PLAN FRAGMENT [RANDOM] hosts=10 instances=10
|  |  |  Per-Instance Resources: mem-estimate=838.93MB mem-reservation=424.00MB thread-reservation=1 runtime-filters-memory=16.00MB
|  |  |  max-parallelism=10 segment-costs=[34934990]
|  |  JOIN BUILD
|  |  |  join-table-id=10 plan-id=11 cohort-id=05
|  |  |  build expressions: tpcds_partitioned_parquet_snap.customer_address_1.ca_address_sk
|  |  |  runtime filters: RF018[bloom] <- tpcds_partitioned_parquet_snap.customer_address_1.ca_address_sk, RF019[min_max] <- tpcds_partitioned_parquet_snap.customer_address_1.ca_address_sk
|  |  |  mem-estimate=812.60MB mem-reservation=408.00MB spill-buffer=2.00MB thread-reservation=0 cost=15000000
|  |  |
|  |  51:EXCHANGE [BROADCAST]
|  |  |  mem-estimate=10.33MB mem-reservation=0B thread-reservation=0
|  |  |  tuple-ids=18 row-size=30B cardinality=15.00M cost=19934990
|  |  |  in pipelines: 16(GETNEXT)
|  |  |
|  |  F10:PLAN FRAGMENT [RANDOM] hosts=10 instances=10
|  |  Per-Instance Resources: mem-estimate=16.13MB mem-reservation=128.00KB thread-reservation=1
|  |  max-parallelism=10 segment-costs=[5417095]
|  |  16:SCAN HDFS [tpcds_partitioned_parquet_snap.customer_address, RANDOM]
|  |     HDFS partitions=1/1 files=1 size=307.36MB
|  |     runtime filters: RF001[min_max] -> tpcds_partitioned_parquet_snap.customer_address_1.ca_county, RF003[min_max] -> tpcds_partitioned_parquet_snap.customer_address_1.ca_county, RF005[min_max] -> tpcds_partitioned_parquet_snap.customer_address_1.ca_county
|  |     stored statistics:
|  |       table: rows=15.00M size=307.36MB
|  |       columns: all
|  |     extrapolated-rows=disabled max-scan-range-rows=1.58M
|  |     mem-estimate=16.00MB mem-reservation=128.00KB thread-reservation=0
|  |     tuple-ids=18 row-size=30B cardinality=15.00M cost=3879659
|  |     in pipelines: 16(GETNEXT)
|  |
|  15:HASH JOIN [INNER JOIN, BROADCAST]
|  |  hash-table-id=11
|  |  hash predicates: tpcds_partitioned_parquet_snap.store_sales_1.ss_sold_date_sk = tpcds_partitioned_parquet_snap.date_dim_1.d_date_sk
|  |  fk/pk conjuncts: tpcds_partitioned_parquet_snap.store_sales_1.ss_sold_date_sk = tpcds_partitioned_parquet_snap.date_dim_1.d_date_sk
|  |  mem-estimate=0B mem-reservation=0B spill-buffer=64.00KB thread-reservation=0
|  |  tuple-ids=14,16 row-size=24B cardinality=881.05M cost=385633844
|  |  in pipelines: 13(GETNEXT), 14(OPEN)
|  |
|  |--F38:PLAN FRAGMENT [RANDOM] hosts=10 instances=10
|  |  |  Per-Instance Resources: mem-estimate=24.27MB mem-reservation=24.25MB thread-reservation=1 runtime-filters-memory=1.00MB
|  |  |  max-parallelism=10 segment-costs=[426]
|  |  JOIN BUILD
|  |  |  join-table-id=11 plan-id=12 cohort-id=05
|  |  |  build expressions: tpcds_partitioned_parquet_snap.date_dim_1.d_date_sk
|  |  |  runtime filters: RF020[bloom] <- tpcds_partitioned_parquet_snap.date_dim_1.d_date_sk
|  |  |  mem-estimate=23.25MB mem-reservation=23.25MB spill-buffer=64.00KB thread-reservation=0 cost=186
|  |  |
|  |  50:EXCHANGE [BROADCAST]
|  |  |  mem-estimate=16.00KB mem-reservation=0B thread-reservation=0
|  |  |  tuple-ids=16 row-size=12B cardinality=186 cost=240
|  |  |  in pipelines: 14(GETNEXT)
|  |  |
|  |  F09:PLAN FRAGMENT [RANDOM] hosts=1 instances=1
|  |  Per-Instance Resources: mem-estimate=16.06MB mem-reservation=512.00KB thread-reservation=1
|  |  max-parallelism=1 segment-costs=[16738]
|  |  14:SCAN HDFS [tpcds_partitioned_parquet_snap.date_dim, RANDOM]
|  |     HDFS partitions=1/1 files=1 size=2.17MB
|  |     predicates: tpcds_partitioned_parquet_snap.date_dim_1.d_year = CAST(1998 AS INT), tpcds_partitioned_parquet_snap.date_dim_1.d_qoy = CAST(3 AS INT)
|  |     stored statistics:
|  |       table: rows=73.05K size=2.17MB
|  |       columns: all
|  |     extrapolated-rows=disabled max-scan-range-rows=73.05K
|  |     parquet statistics predicates: tpcds_partitioned_parquet_snap.date_dim_1.d_year = CAST(1998 AS INT), tpcds_partitioned_parquet_snap.date_dim_1.d_qoy = CAST(3 AS INT)
|  |     parquet dictionary predicates: tpcds_partitioned_parquet_snap.date_dim_1.d_year = CAST(1998 AS INT), tpcds_partitioned_parquet_snap.date_dim_1.d_qoy = CAST(3 AS INT)
|  |     mem-estimate=16.00MB mem-reservation=512.00KB thread-reservation=0
|  |     tuple-ids=16 row-size=12B cardinality=186 cost=16728
|  |     in pipelines: 14(GETNEXT)
|  |
|  13:SCAN HDFS [tpcds_partitioned_parquet_snap.store_sales, RANDOM]
|     HDFS partitions=1824/1824 files=1824 size=389.90GB
|     runtime filters: RF019[min_max] -> tpcds_partitioned_parquet_snap.store_sales_1.ss_addr_sk, RF020[bloom] -> tpcds_partitioned_parquet_snap.store_sales_1.ss_sold_date_sk, RF018[bloom] -> tpcds_partitioned_parquet_snap.store_sales_1.ss_addr_sk
|     stored statistics:
|       table: rows=8.64G size=389.90GB
|       partitions: 1824/1824 rows=8.64G
|       columns: all
|     extrapolated-rows=disabled max-scan-range-rows=390.22M est-scan-range=187(filtered from 1824)
|     mem-estimate=16.00MB mem-reservation=8.00MB thread-reservation=0
|     tuple-ids=14 row-size=12B cardinality=881.05M(filtered from 8.64G) cost=152244752
|     in pipelines: 13(GETNEXT)
|
12:HASH JOIN [INNER JOIN, PARTITIONED]
|  hash-table-id=12
|  hash predicates: tpcds_partitioned_parquet_snap.customer_address.ca_county = tpcds_partitioned_parquet_snap.customer_address_0.ca_county
|  fk/pk conjuncts: none
|  mem-estimate=0B mem-reservation=0B spill-buffer=64.00KB thread-reservation=0
|  tuple-ids=6,13 row-size=84B cardinality=3.33M cost=603977
|  in pipelines: 45(GETNEXT), 49(OPEN)
|
|--F39:PLAN FRAGMENT [HASH(tpcds_partitioned_parquet_snap.customer_address.ca_county)] hosts=10 instances=20 (adjusted from 120)
|  |  Per-Instance Resources: mem-estimate=16.26MB mem-reservation=3.88MB thread-reservation=1
|  |  max-parallelism=20 segment-costs=[135417, 1825] cpu-comparison-result=120 [max(20 (self) vs 120 (sum children))]
|  JOIN BUILD
|  |  join-table-id=12 plan-id=13 cohort-id=01
|  |  build expressions: tpcds_partitioned_parquet_snap.customer_address_0.ca_county
|  |  runtime filters: RF009[min_max] <- tpcds_partitioned_parquet_snap.customer_address_0.ca_county
|  |  mem-estimate=1.94MB mem-reservation=1.94MB spill-buffer=64.00KB thread-reservation=0 cost=1825
|  |
|  49:AGGREGATE [FINALIZE]
|  |  output: sum:merge(tpcds_partitioned_parquet_snap.store_sales_0.ss_ext_sales_price)
|  |  group by: tpcds_partitioned_parquet_snap.customer_address_0.ca_county
|  |  mem-estimate=10.00MB mem-reservation=1.94MB spill-buffer=64.00KB thread-reservation=0
|  |  tuple-ids=13 row-size=42B cardinality=1.82K cost=68815
|  |  in pipelines: 49(GETNEXT), 06(OPEN)
|  |
|  48:EXCHANGE [HASH(tpcds_partitioned_parquet_snap.customer_address_0.ca_county)]
|  |  mem-estimate=6.26MB mem-reservation=0B thread-reservation=0
|  |  tuple-ids=13 row-size=42B cardinality=219.00K cost=66602
|  |  in pipelines: 06(GETNEXT)
|  |
|  F04:PLAN FRAGMENT [RANDOM] hosts=10 instances=120
|  Per-Host Shared Resources: mem-estimate=17.00MB mem-reservation=17.00MB thread-reservation=0 runtime-filters-memory=17.00MB
|  Per-Instance Resources: mem-estimate=29.59MB mem-reservation=10.00MB thread-reservation=1
|  max-parallelism=120 segment-costs=[1168250119, 704635] cpu-comparison-result=120 [max(120 (self) vs 31 (sum children))]
|  11:AGGREGATE [STREAMING]
|  |  output: sum(tpcds_partitioned_parquet_snap.store_sales_0.ss_ext_sales_price)
|  |  group by: tpcds_partitioned_parquet_snap.customer_address_0.ca_county
|  |  mem-estimate=10.00MB mem-reservation=2.00MB spill-buffer=64.00KB thread-reservation=0
|  |  tuple-ids=13 row-size=42B cardinality=219.00K cost=249916724
|  |  in pipelines: 06(GETNEXT)
|  |
|  10:HASH JOIN [INNER JOIN, BROADCAST]
|  |  hash-table-id=13
|  |  hash predicates: tpcds_partitioned_parquet_snap.store_sales_0.ss_addr_sk = tpcds_partitioned_parquet_snap.customer_address_0.ca_address_sk
|  |  fk/pk conjuncts: tpcds_partitioned_parquet_snap.store_sales_0.ss_addr_sk = tpcds_partitioned_parquet_snap.customer_address_0.ca_address_sk
|  |  mem-estimate=0B mem-reservation=0B spill-buffer=2.00MB thread-reservation=0
|  |  tuple-ids=7,9,11 row-size=54B cardinality=852.46M cost=380454799
|  |  in pipelines: 06(GETNEXT), 09(OPEN)
|  |
|  |--F40:PLAN FRAGMENT [RANDOM] hosts=10 instances=10
|  |  |  Per-Instance Resources: mem-estimate=838.93MB mem-reservation=424.00MB thread-reservation=1 runtime-filters-memory=16.00MB
|  |  |  max-parallelism=10 segment-costs=[34934990]
|  |  JOIN BUILD
|  |  |  join-table-id=13 plan-id=14 cohort-id=06
|  |  |  build expressions: tpcds_partitioned_parquet_snap.customer_address_0.ca_address_sk
|  |  |  runtime filters: RF014[bloom] <- tpcds_partitioned_parquet_snap.customer_address_0.ca_address_sk, RF015[min_max] <- tpcds_partitioned_parquet_snap.customer_address_0.ca_address_sk
|  |  |  mem-estimate=812.60MB mem-reservation=408.00MB spill-buffer=2.00MB thread-reservation=0 cost=15000000
|  |  |
|  |  47:EXCHANGE [BROADCAST]
|  |  |  mem-estimate=10.33MB mem-reservation=0B thread-reservation=0
|  |  |  tuple-ids=11 row-size=30B cardinality=15.00M cost=19934990
|  |  |  in pipelines: 09(GETNEXT)
|  |  |
|  |  F06:PLAN FRAGMENT [RANDOM] hosts=10 instances=10
|  |  Per-Instance Resources: mem-estimate=16.13MB mem-reservation=128.00KB thread-reservation=1
|  |  max-parallelism=10 segment-costs=[5417095]
|  |  09:SCAN HDFS [tpcds_partitioned_parquet_snap.customer_address, RANDOM]
|  |     HDFS partitions=1/1 files=1 size=307.36MB
|  |     runtime filters: RF001[min_max] -> tpcds_partitioned_parquet_snap.customer_address_0.ca_county, RF003[min_max] -> tpcds_partitioned_parquet_snap.customer_address_0.ca_county, RF005[min_max] -> tpcds_partitioned_parquet_snap.customer_address_0.ca_county, RF007[min_max] -> tpcds_partitioned_parquet_snap.customer_address_0.ca_county
|  |     stored statistics:
|  |       table: rows=15.00M size=307.36MB
|  |       columns: all
|  |     extrapolated-rows=disabled max-scan-range-rows=1.58M
|  |     mem-estimate=16.00MB mem-reservation=128.00KB thread-reservation=0
|  |     tuple-ids=11 row-size=30B cardinality=15.00M cost=3879659
|  |     in pipelines: 09(GETNEXT)
|  |
|  08:HASH JOIN [INNER JOIN, BROADCAST]
|  |  hash-table-id=14
|  |  hash predicates: tpcds_partitioned_parquet_snap.store_sales_0.ss_sold_date_sk = tpcds_partitioned_parquet_snap.date_dim_0.d_date_sk
|  |  fk/pk conjuncts: tpcds_partitioned_parquet_snap.store_sales_0.ss_sold_date_sk = tpcds_partitioned_parquet_snap.date_dim_0.d_date_sk
|  |  mem-estimate=0B mem-reservation=0B spill-buffer=64.00KB thread-reservation=0
|  |  tuple-ids=7,9 row-size=24B cardinality=881.05M cost=385633844
|  |  in pipelines: 06(GETNEXT), 07(OPEN)
|  |
|  |--F41:PLAN FRAGMENT [RANDOM] hosts=10 instances=10
|  |  |  Per-Instance Resources: mem-estimate=24.27MB mem-reservation=24.25MB thread-reservation=1 runtime-filters-memory=1.00MB
|  |  |  max-parallelism=10 segment-costs=[426]
|  |  JOIN BUILD
|  |  |  join-table-id=14 plan-id=15 cohort-id=06
|  |  |  build expressions: tpcds_partitioned_parquet_snap.date_dim_0.d_date_sk
|  |  |  runtime filters: RF016[bloom] <- tpcds_partitioned_parquet_snap.date_dim_0.d_date_sk
|  |  |  mem-estimate=23.25MB mem-reservation=23.25MB spill-buffer=64.00KB thread-reservation=0 cost=186
|  |  |
|  |  46:EXCHANGE [BROADCAST]
|  |  |  mem-estimate=16.00KB mem-reservation=0B thread-reservation=0
|  |  |  tuple-ids=9 row-size=12B cardinality=186 cost=240
|  |  |  in pipelines: 07(GETNEXT)
|  |  |
|  |  F05:PLAN FRAGMENT [RANDOM] hosts=1 instances=1
|  |  Per-Instance Resources: mem-estimate=16.06MB mem-reservation=512.00KB thread-reservation=1
|  |  max-parallelism=1 segment-costs=[16738]
|  |  07:SCAN HDFS [tpcds_partitioned_parquet_snap.date_dim, RANDOM]
|  |     HDFS partitions=1/1 files=1 size=2.17MB
|  |     predicates: tpcds_partitioned_parquet_snap.date_dim_0.d_year = CAST(1998 AS INT), tpcds_partitioned_parquet_snap.date_dim_0.d_qoy = CAST(2 AS INT)
|  |     stored statistics:
|  |       table: rows=73.05K size=2.17MB
|  |       columns: all
|  |     extrapolated-rows=disabled max-scan-range-rows=73.05K
|  |     parquet statistics predicates: tpcds_partitioned_parquet_snap.date_dim_0.d_year = CAST(1998 AS INT), tpcds_partitioned_parquet_snap.date_dim_0.d_qoy = CAST(2 AS INT)
|  |     parquet dictionary predicates: tpcds_partitioned_parquet_snap.date_dim_0.d_year = CAST(1998 AS INT), tpcds_partitioned_parquet_snap.date_dim_0.d_qoy = CAST(2 AS INT)
|  |     mem-estimate=16.00MB mem-reservation=512.00KB thread-reservation=0
|  |     tuple-ids=9 row-size=12B cardinality=186 cost=16728
|  |     in pipelines: 07(GETNEXT)
|  |
|  06:SCAN HDFS [tpcds_partitioned_parquet_snap.store_sales, RANDOM]
|     HDFS partitions=1824/1824 files=1824 size=389.90GB
|     runtime filters: RF015[min_max] -> tpcds_partitioned_parquet_snap.store_sales_0.ss_addr_sk, RF016[bloom] -> tpcds_partitioned_parquet_snap.store_sales_0.ss_sold_date_sk, RF014[bloom] -> tpcds_partitioned_parquet_snap.store_sales_0.ss_addr_sk
|     stored statistics:
|       table: rows=8.64G size=389.90GB
|       partitions: 1824/1824 rows=8.64G
|       columns: all
|     extrapolated-rows=disabled max-scan-range-rows=390.22M est-scan-range=187(filtered from 1824)
|     mem-estimate=16.00MB mem-reservation=8.00MB thread-reservation=0
|     tuple-ids=7 row-size=12B cardinality=881.05M(filtered from 8.64G) cost=152244752
|     in pipelines: 06(GETNEXT)
|
45:AGGREGATE [FINALIZE]
|  output: sum:merge(tpcds_partitioned_parquet_snap.store_sales.ss_ext_sales_price)
|  group by: tpcds_partitioned_parquet_snap.customer_address.ca_county
|  mem-estimate=10.00MB mem-reservation=1.94MB spill-buffer=64.00KB thread-reservation=0
|  tuple-ids=6 row-size=42B cardinality=1.82K cost=68815
|  in pipelines: 45(GETNEXT), 00(OPEN)
|
44:EXCHANGE [HASH(tpcds_partitioned_parquet_snap.customer_address.ca_county)]
|  mem-estimate=6.26MB mem-reservation=0B thread-reservation=0
|  tuple-ids=6 row-size=42B cardinality=219.00K cost=66602
|  in pipelines: 00(GETNEXT)
|
F00:PLAN FRAGMENT [RANDOM] hosts=10 instances=120
Per-Host Shared Resources: mem-estimate=17.00MB mem-reservation=17.00MB thread-reservation=0 runtime-filters-memory=17.00MB
Per-Instance Resources: mem-estimate=29.59MB mem-reservation=10.00MB thread-reservation=1
max-parallelism=120 segment-costs=[1168250119, 704635] cpu-comparison-result=120 [max(120 (self) vs 31 (sum children))]
05:AGGREGATE [STREAMING]
|  output: sum(tpcds_partitioned_parquet_snap.store_sales.ss_ext_sales_price)
|  group by: tpcds_partitioned_parquet_snap.customer_address.ca_county
|  mem-estimate=10.00MB mem-reservation=2.00MB spill-buffer=64.00KB thread-reservation=0
|  tuple-ids=6 row-size=42B cardinality=219.00K cost=249916724
|  in pipelines: 00(GETNEXT)
|
04:HASH JOIN [INNER JOIN, BROADCAST]
|  hash-table-id=15
|  hash predicates: tpcds_partitioned_parquet_snap.store_sales.ss_addr_sk = tpcds_partitioned_parquet_snap.customer_address.ca_address_sk
|  fk/pk conjuncts: tpcds_partitioned_parquet_snap.store_sales.ss_addr_sk = tpcds_partitioned_parquet_snap.customer_address.ca_address_sk
|  mem-estimate=0B mem-reservation=0B spill-buffer=2.00MB thread-reservation=0
|  tuple-ids=0,2,4 row-size=54B cardinality=852.46M cost=380454799
|  in pipelines: 00(GETNEXT), 03(OPEN)
|
|--F42:PLAN FRAGMENT [RANDOM] hosts=10 instances=10
|  |  Per-Instance Resources: mem-estimate=838.93MB mem-reservation=424.00MB thread-reservation=1 runtime-filters-memory=16.00MB
|  |  max-parallelism=10 segment-costs=[34934990]
|  JOIN BUILD
|  |  join-table-id=15 plan-id=16 cohort-id=01
|  |  build expressions: tpcds_partitioned_parquet_snap.customer_address.ca_address_sk
|  |  runtime filters: RF010[bloom] <- tpcds_partitioned_parquet_snap.customer_address.ca_address_sk, RF011[min_max] <- tpcds_partitioned_parquet_snap.customer_address.ca_address_sk
|  |  mem-estimate=812.60MB mem-reservation=408.00MB spill-buffer=2.00MB thread-reservation=0 cost=15000000
|  |
|  43:EXCHANGE [BROADCAST]
|  |  mem-estimate=10.33MB mem-reservation=0B thread-reservation=0
|  |  tuple-ids=4 row-size=30B cardinality=15.00M cost=19934990
|  |  in pipelines: 03(GETNEXT)
|  |
|  F02:PLAN FRAGMENT [RANDOM] hosts=10 instances=10
|  Per-Instance Resources: mem-estimate=16.13MB mem-reservation=128.00KB thread-reservation=1
|  max-parallelism=10 segment-costs=[5417095]
|  03:SCAN HDFS [tpcds_partitioned_parquet_snap.customer_address, RANDOM]
|     HDFS partitions=1/1 files=1 size=307.36MB
|     runtime filters: RF001[min_max] -> tpcds_partitioned_parquet_snap.customer_address.ca_county, RF003[min_max] -> tpcds_partitioned_parquet_snap.customer_address.ca_county, RF005[min_max] -> tpcds_partitioned_parquet_snap.customer_address.ca_county, RF007[min_max] -> tpcds_partitioned_parquet_snap.customer_address.ca_county, RF009[min_max] -> tpcds_partitioned_parquet_snap.customer_address.ca_county
|     stored statistics:
|       table: rows=15.00M size=307.36MB
|       columns: all
|     extrapolated-rows=disabled max-scan-range-rows=1.58M
|     mem-estimate=16.00MB mem-reservation=128.00KB thread-reservation=0
|     tuple-ids=4 row-size=30B cardinality=15.00M cost=3879659
|     in pipelines: 03(GETNEXT)
|
02:HASH JOIN [INNER JOIN, BROADCAST]
|  hash-table-id=16
|  hash predicates: tpcds_partitioned_parquet_snap.store_sales.ss_sold_date_sk = tpcds_partitioned_parquet_snap.date_dim.d_date_sk
|  fk/pk conjuncts: tpcds_partitioned_parquet_snap.store_sales.ss_sold_date_sk = tpcds_partitioned_parquet_snap.date_dim.d_date_sk
|  mem-estimate=0B mem-reservation=0B spill-buffer=64.00KB thread-reservation=0
|  tuple-ids=0,2 row-size=24B cardinality=881.05M cost=385633844
|  in pipelines: 00(GETNEXT), 01(OPEN)
|
|--F43:PLAN FRAGMENT [RANDOM] hosts=10 instances=10
|  |  Per-Instance Resources: mem-estimate=24.27MB mem-reservation=24.25MB thread-reservation=1 runtime-filters-memory=1.00MB
|  |  max-parallelism=10 segment-costs=[426]
|  JOIN BUILD
|  |  join-table-id=16 plan-id=17 cohort-id=01
|  |  build expressions: tpcds_partitioned_parquet_snap.date_dim.d_date_sk
|  |  runtime filters: RF012[bloom] <- tpcds_partitioned_parquet_snap.date_dim.d_date_sk
|  |  mem-estimate=23.25MB mem-reservation=23.25MB spill-buffer=64.00KB thread-reservation=0 cost=186
|  |
|  42:EXCHANGE [BROADCAST]
|  |  mem-estimate=16.00KB mem-reservation=0B thread-reservation=0
|  |  tuple-ids=2 row-size=12B cardinality=186 cost=240
|  |  in pipelines: 01(GETNEXT)
|  |
|  F01:PLAN FRAGMENT [RANDOM] hosts=1 instances=1
|  Per-Instance Resources: mem-estimate=16.06MB mem-reservation=512.00KB thread-reservation=1
|  max-parallelism=1 segment-costs=[16738]
|  01:SCAN HDFS [tpcds_partitioned_parquet_snap.date_dim, RANDOM]
|     HDFS partitions=1/1 files=1 size=2.17MB
|     predicates: tpcds_partitioned_parquet_snap.date_dim.d_year = CAST(1998 AS INT), tpcds_partitioned_parquet_snap.date_dim.d_qoy = CAST(1 AS INT)
|     stored statistics:
|       table: rows=73.05K size=2.17MB
|       columns: all
|     extrapolated-rows=disabled max-scan-range-rows=73.05K
|     parquet statistics predicates: tpcds_partitioned_parquet_snap.date_dim.d_year = CAST(1998 AS INT), tpcds_partitioned_parquet_snap.date_dim.d_qoy = CAST(1 AS INT)
|     parquet dictionary predicates: tpcds_partitioned_parquet_snap.date_dim.d_year = CAST(1998 AS INT), tpcds_partitioned_parquet_snap.date_dim.d_qoy = CAST(1 AS INT)
|     mem-estimate=16.00MB mem-reservation=512.00KB thread-reservation=0
|     tuple-ids=2 row-size=12B cardinality=186 cost=16728
|     in pipelines: 01(GETNEXT)
|
00:SCAN HDFS [tpcds_partitioned_parquet_snap.store_sales, RANDOM]
   HDFS partitions=1824/1824 files=1824 size=389.90GB
   runtime filters: RF011[min_max] -> tpcds_partitioned_parquet_snap.store_sales.ss_addr_sk, RF012[bloom] -> tpcds_partitioned_parquet_snap.store_sales.ss_sold_date_sk, RF010[bloom] -> tpcds_partitioned_parquet_snap.store_sales.ss_addr_sk
   stored statistics:
     table: rows=8.64G size=389.90GB
     partitions: 1824/1824 rows=8.64G
     columns: all
   extrapolated-rows=disabled max-scan-range-rows=390.22M est-scan-range=187(filtered from 1824)
   mem-estimate=16.00MB mem-reservation=8.00MB thread-reservation=0
   tuple-ids=0 row-size=12B cardinality=881.05M(filtered from 8.64G) cost=152244752
   in pipelines: 00(GETNEXT)
====
