# TPCDS-Q74
# start query 74 in stream 0 using template query74.tpl using seed 2107461575
with year_total as (
 select c_customer_id customer_id
       ,c_first_name customer_first_name
       ,c_last_name customer_last_name
       ,d_year as year
       ,max(ss_net_paid) year_total
       ,'s' sale_type
 from customer
     ,store_sales
     ,date_dim
 where c_customer_sk = ss_customer_sk
   and ss_sold_date_sk = d_date_sk
   and d_year in (2001,2001+1)
 group by c_customer_id
         ,c_first_name
         ,c_last_name
         ,d_year
 union all
 select c_customer_id customer_id
       ,c_first_name customer_first_name
       ,c_last_name customer_last_name
       ,d_year as year
       ,max(ws_net_paid) year_total
       ,'w' sale_type
 from customer
     ,web_sales
     ,date_dim
 where c_customer_sk = ws_bill_customer_sk
   and ws_sold_date_sk = d_date_sk
   and d_year in (2001,2001+1)
 group by c_customer_id
         ,c_first_name
         ,c_last_name
         ,d_year
         )
  select
        t_s_secyear.customer_id, t_s_secyear.customer_first_name, t_s_secyear.customer_last_name
 from year_total t_s_firstyear
     ,year_total t_s_secyear
     ,year_total t_w_firstyear
     ,year_total t_w_secyear
 where t_s_secyear.customer_id = t_s_firstyear.customer_id
         and t_s_firstyear.customer_id = t_w_secyear.customer_id
         and t_s_firstyear.customer_id = t_w_firstyear.customer_id
         and t_s_firstyear.sale_type = 's'
         and t_w_firstyear.sale_type = 'w'
         and t_s_secyear.sale_type = 's'
         and t_w_secyear.sale_type = 'w'
         and t_s_firstyear.year = 2001
         and t_s_secyear.year = 2001+1
         and t_w_firstyear.year = 2001
         and t_w_secyear.year = 2001+1
         and t_s_firstyear.year_total > 0
         and t_w_firstyear.year_total > 0
         and case when t_w_firstyear.year_total > 0 then t_w_secyear.year_total / t_w_firstyear.year_total else null end
           > case when t_s_firstyear.year_total > 0 then t_s_secyear.year_total / t_s_firstyear.year_total else null end
 order by 3,1,2
limit 100

# end query 74 in stream 0 using template query74.tpl
---- PLAN
Max Per-Host Resource Reservation: Memory=356.00MB Threads=1
Per-Host Resource Estimates: Memory=22.98GB
F00:PLAN FRAGMENT [UNPARTITIONED] hosts=1 instances=1
|  Per-Instance Resources: mem-estimate=22.98GB mem-reservation=356.00MB thread-reservation=1 runtime-filters-memory=60.00MB
|  max-parallelism=1 segment-costs=[2602078911, 684945609, 1989672403, 633273609, 56730680, 300]
PLAN-ROOT SINK
|  output exprs: tpcds_partitioned_parquet_snap.customer_0.c_customer_id, tpcds_partitioned_parquet_snap.customer_0.c_first_name, tpcds_partitioned_parquet_snap.customer_0.c_last_name
|  mem-estimate=4.00MB mem-reservation=4.00MB spill-buffer=2.00MB thread-reservation=0 cost=300
|
27:TOP-N [LIMIT=100]
|  order by: tpcds_partitioned_parquet_snap.customer_0.c_last_name ASC NULLS LAST, tpcds_partitioned_parquet_snap.customer_0.c_customer_id ASC NULLS LAST, tpcds_partitioned_parquet_snap.customer_0.c_first_name ASC NULLS LAST
|  mem-estimate=6.25KB mem-reservation=0B thread-reservation=0
|  tuple-ids=28 row-size=64B cardinality=100 cost=27159951
|  in pipelines: 27(GETNEXT), 05(OPEN)
|
26:HASH JOIN [INNER JOIN]
|  hash predicates: tpcds_partitioned_parquet_snap.customer.c_customer_id = tpcds_partitioned_parquet_snap.customer_1.c_customer_id
|  fk/pk conjuncts: tpcds_partitioned_parquet_snap.customer.c_customer_id = tpcds_partitioned_parquet_snap.customer_1.c_customer_id
|  other join predicates: CASE WHEN max(tpcds_partitioned_parquet_snap.web_sales_0.ws_net_paid) > CAST(0 AS DECIMAL(3,0)) THEN divide(max(tpcds_partitioned_parquet_snap.web_sales.ws_net_paid), max(tpcds_partitioned_parquet_snap.web_sales_0.ws_net_paid)) ELSE NULL END > CASE WHEN max(tpcds_partitioned_parquet_snap.store_sales_0.ss_net_paid) > CAST(0 AS DECIMAL(3,0)) THEN divide(max(tpcds_partitioned_parquet_snap.store_sales.ss_net_paid), max(tpcds_partitioned_parquet_snap.store_sales_0.ss_net_paid)) ELSE NULL END
|  runtime filters: RF000[bloom] <- tpcds_partitioned_parquet_snap.customer_1.c_customer_id, RF001[min_max] <- tpcds_partitioned_parquet_snap.customer_1.c_customer_id
|  mem-estimate=517.62MB mem-reservation=34.00MB spill-buffer=2.00MB thread-reservation=0
|  tuple-ids=6,13,20,27 row-size=288B cardinality=2.28M cost=10389080
|  in pipelines: 05(GETNEXT), 11(OPEN)
|
|--25:HASH JOIN [INNER JOIN]
|  |  hash predicates: tpcds_partitioned_parquet_snap.customer_0.c_customer_id = tpcds_partitioned_parquet_snap.customer_1.c_customer_id
|  |  fk/pk conjuncts: tpcds_partitioned_parquet_snap.customer_0.c_customer_id = tpcds_partitioned_parquet_snap.customer_1.c_customer_id
|  |  runtime filters: RF006[bloom] <- tpcds_partitioned_parquet_snap.customer_1.c_customer_id, RF007[min_max] <- tpcds_partitioned_parquet_snap.customer_1.c_customer_id
|  |  mem-estimate=361.08MB mem-reservation=34.00MB spill-buffer=2.00MB thread-reservation=0
|  |  tuple-ids=13,20,27 row-size=216B cardinality=2.28M cost=10389080
|  |  in pipelines: 11(GETNEXT), 17(OPEN)
|  |
|  |--24:HASH JOIN [INNER JOIN]
|  |  |  hash predicates: tpcds_partitioned_parquet_snap.customer_1.c_customer_id = tpcds_partitioned_parquet_snap.customer_2.c_customer_id
|  |  |  fk/pk conjuncts: tpcds_partitioned_parquet_snap.customer_1.c_customer_id = tpcds_partitioned_parquet_snap.customer_2.c_customer_id
|  |  |  runtime filters: RF012[bloom] <- tpcds_partitioned_parquet_snap.customer_2.c_customer_id, RF013[min_max] <- tpcds_partitioned_parquet_snap.customer_2.c_customer_id
|  |  |  mem-estimate=380.21MB mem-reservation=34.00MB spill-buffer=2.00MB thread-reservation=0
|  |  |  tuple-ids=20,27 row-size=144B cardinality=2.28M cost=8792569
|  |  |  in pipelines: 17(GETNEXT), 23(OPEN)
|  |  |
|  |  |--23:AGGREGATE [FINALIZE]
|  |  |  |  output: max(tpcds_partitioned_parquet_snap.web_sales_0.ws_net_paid)
|  |  |  |  group by: tpcds_partitioned_parquet_snap.customer_2.c_customer_id, tpcds_partitioned_parquet_snap.customer_2.c_first_name, tpcds_partitioned_parquet_snap.customer_2.c_last_name, tpcds_partitioned_parquet_snap.date_dim_2.d_year
|  |  |  |  having: max(tpcds_partitioned_parquet_snap.web_sales_0.ws_net_paid) > CAST(0 AS DECIMAL(3,0))
|  |  |  |  mem-estimate=2.46GB mem-reservation=34.00MB spill-buffer=2.00MB thread-reservation=0
|  |  |  |  tuple-ids=27 row-size=72B cardinality=4.14M cost=244429032
|  |  |  |  in pipelines: 23(GETNEXT), 18(OPEN)
|  |  |  |
|  |  |  22:HASH JOIN [INNER JOIN]
|  |  |  |  hash predicates: tpcds_partitioned_parquet_snap.web_sales_0.ws_sold_date_sk = tpcds_partitioned_parquet_snap.date_dim_2.d_date_sk
|  |  |  |  fk/pk conjuncts: tpcds_partitioned_parquet_snap.web_sales_0.ws_sold_date_sk = tpcds_partitioned_parquet_snap.date_dim_2.d_date_sk
|  |  |  |  runtime filters: RF018[bloom] <- tpcds_partitioned_parquet_snap.date_dim_2.d_date_sk
|  |  |  |  mem-estimate=1.94MB mem-reservation=1.94MB spill-buffer=64.00KB thread-reservation=0
|  |  |  |  tuple-ids=21,23,25 row-size=88B cardinality=41.41M cost=18125370
|  |  |  |  in pipelines: 18(GETNEXT), 21(OPEN)
|  |  |  |
|  |  |  |--21:SCAN HDFS [tpcds_partitioned_parquet_snap.date_dim]
|  |  |  |     HDFS partitions=1/1 files=1 size=2.17MB
|  |  |  |     predicates: tpcds_partitioned_parquet_snap.date_dim_2.d_year = CAST(2001 AS INT), tpcds_partitioned_parquet_snap.date_dim_2.d_year = CAST(2001 AS INT) OR tpcds_partitioned_parquet_snap.date_dim_2.d_year = add(CAST(2001 AS INT), CAST(1 AS INT))
|  |  |  |     stored statistics:
|  |  |  |       table: rows=73.05K size=2.17MB
|  |  |  |       columns: all
|  |  |  |     extrapolated-rows=disabled max-scan-range-rows=73.05K
|  |  |  |     parquet statistics predicates: tpcds_partitioned_parquet_snap.date_dim_2.d_year = CAST(2001 AS INT)
|  |  |  |     parquet dictionary predicates: tpcds_partitioned_parquet_snap.date_dim_2.d_year = CAST(2001 AS INT), tpcds_partitioned_parquet_snap.date_dim_2.d_year = CAST(2001 AS INT) OR tpcds_partitioned_parquet_snap.date_dim_2.d_year = add(CAST(2001 AS INT), CAST(1 AS INT))
|  |  |  |     mem-estimate=16.00MB mem-reservation=512.00KB thread-reservation=0
|  |  |  |     tuple-ids=25 row-size=8B cardinality=38 cost=12520
|  |  |  |     in pipelines: 21(GETNEXT)
|  |  |  |
|  |  |  20:HASH JOIN [INNER JOIN]
|  |  |  |  hash predicates: tpcds_partitioned_parquet_snap.web_sales_0.ws_bill_customer_sk = tpcds_partitioned_parquet_snap.customer_2.c_customer_sk
|  |  |  |  fk/pk conjuncts: tpcds_partitioned_parquet_snap.web_sales_0.ws_bill_customer_sk = tpcds_partitioned_parquet_snap.customer_2.c_customer_sk
|  |  |  |  runtime filters: RF021[min_max] <- tpcds_partitioned_parquet_snap.customer_2.c_customer_sk
|  |  |  |  mem-estimate=2.65GB mem-reservation=34.00MB spill-buffer=2.00MB thread-reservation=0
|  |  |  |  tuple-ids=21,23 row-size=80B cardinality=41.41M(filtered from 1.99G) cost=400792870
|  |  |  |  in pipelines: 18(GETNEXT), 19(OPEN)
|  |  |  |
|  |  |  |--19:SCAN HDFS [tpcds_partitioned_parquet_snap.customer]
|  |  |  |     HDFS partitions=1/1 files=1 size=1.55GB
|  |  |  |     stored statistics:
|  |  |  |       table: rows=30.00M size=1.55GB
|  |  |  |       columns: all
|  |  |  |     extrapolated-rows=disabled max-scan-range-rows=3.10M
|  |  |  |     mem-estimate=16.00MB mem-reservation=1.00MB thread-reservation=0
|  |  |  |     tuple-ids=23 row-size=68B cardinality=30.00M cost=13809933
|  |  |  |     in pipelines: 19(GETNEXT)
|  |  |  |
|  |  |  18:SCAN HDFS [tpcds_partitioned_parquet_snap.web_sales]
|  |  |     HDFS partitions=1824/1824 files=1824 size=145.75GB
|  |  |     runtime filters: RF021[min_max] -> tpcds_partitioned_parquet_snap.web_sales_0.ws_bill_customer_sk, RF018[bloom] -> tpcds_partitioned_parquet_snap.web_sales_0.ws_sold_date_sk
|  |  |     stored statistics:
|  |  |       table: rows=2.16G size=145.75GB
|  |  |       partitions: 1824/1824 rows=2.16G
|  |  |       columns: all
|  |  |     extrapolated-rows=disabled max-scan-range-rows=3.37M est-scan-range=39(filtered from 1824)
|  |  |     mem-estimate=16.00MB mem-reservation=128.00KB thread-reservation=0
|  |  |     tuple-ids=21 row-size=12B cardinality=41.41M(filtered from 2.16G) cost=7775884
|  |  |     in pipelines: 18(GETNEXT)
|  |  |
|  |  17:AGGREGATE [FINALIZE]
|  |  |  output: max(tpcds_partitioned_parquet_snap.store_sales_0.ss_net_paid)
|  |  |  group by: tpcds_partitioned_parquet_snap.customer_1.c_customer_id, tpcds_partitioned_parquet_snap.customer_1.c_first_name, tpcds_partitioned_parquet_snap.customer_1.c_last_name, tpcds_partitioned_parquet_snap.date_dim_1.d_year
|  |  |  having: max(tpcds_partitioned_parquet_snap.store_sales_0.ss_net_paid) > CAST(0 AS DECIMAL(3,0))
|  |  |  mem-estimate=3.67GB mem-reservation=34.00MB spill-buffer=2.00MB thread-reservation=0
|  |  |  tuple-ids=20 row-size=72B cardinality=16.52M cost=975309346
|  |  |  in pipelines: 17(GETNEXT), 12(OPEN)
|  |  |
|  |  16:HASH JOIN [INNER JOIN]
|  |  |  hash predicates: tpcds_partitioned_parquet_snap.store_sales_0.ss_sold_date_sk = tpcds_partitioned_parquet_snap.date_dim_1.d_date_sk
|  |  |  fk/pk conjuncts: tpcds_partitioned_parquet_snap.store_sales_0.ss_sold_date_sk = tpcds_partitioned_parquet_snap.date_dim_1.d_date_sk
|  |  |  runtime filters: RF014[bloom] <- tpcds_partitioned_parquet_snap.date_dim_1.d_date_sk
|  |  |  mem-estimate=1.94MB mem-reservation=1.94MB spill-buffer=64.00KB thread-reservation=0
|  |  |  tuple-ids=14,16,18 row-size=88B cardinality=165.23M cost=72322895
|  |  |  in pipelines: 12(GETNEXT), 15(OPEN)
|  |  |
|  |  |--15:SCAN HDFS [tpcds_partitioned_parquet_snap.date_dim]
|  |  |     HDFS partitions=1/1 files=1 size=2.17MB
|  |  |     predicates: tpcds_partitioned_parquet_snap.date_dim_1.d_year = CAST(2001 AS INT), tpcds_partitioned_parquet_snap.date_dim_1.d_year = CAST(2001 AS INT) OR tpcds_partitioned_parquet_snap.date_dim_1.d_year = add(CAST(2001 AS INT), CAST(1 AS INT))
|  |  |     stored statistics:
|  |  |       table: rows=73.05K size=2.17MB
|  |  |       columns: all
|  |  |     extrapolated-rows=disabled max-scan-range-rows=73.05K
|  |  |     parquet statistics predicates: tpcds_partitioned_parquet_snap.date_dim_1.d_year = CAST(2001 AS INT)
|  |  |     parquet dictionary predicates: tpcds_partitioned_parquet_snap.date_dim_1.d_year = CAST(2001 AS INT), tpcds_partitioned_parquet_snap.date_dim_1.d_year = CAST(2001 AS INT) OR tpcds_partitioned_parquet_snap.date_dim_1.d_year = add(CAST(2001 AS INT), CAST(1 AS INT))
|  |  |     mem-estimate=16.00MB mem-reservation=512.00KB thread-reservation=0
|  |  |     tuple-ids=18 row-size=8B cardinality=38 cost=12520
|  |  |     in pipelines: 15(GETNEXT)
|  |  |
|  |  14:HASH JOIN [INNER JOIN]
|  |  |  hash predicates: tpcds_partitioned_parquet_snap.store_sales_0.ss_customer_sk = tpcds_partitioned_parquet_snap.customer_1.c_customer_sk
|  |  |  fk/pk conjuncts: tpcds_partitioned_parquet_snap.store_sales_0.ss_customer_sk = tpcds_partitioned_parquet_snap.customer_1.c_customer_sk
|  |  |  runtime filters: RF016[bloom] <- tpcds_partitioned_parquet_snap.customer_1.c_customer_sk, RF017[min_max] <- tpcds_partitioned_parquet_snap.customer_1.c_customer_sk
|  |  |  mem-estimate=2.65GB mem-reservation=34.00MB spill-buffer=2.00MB thread-reservation=0
|  |  |  tuple-ids=14,16 row-size=80B cardinality=165.23M(filtered from 7.93G) cost=1509520451
|  |  |  in pipelines: 12(GETNEXT), 13(OPEN)
|  |  |
|  |  |--13:SCAN HDFS [tpcds_partitioned_parquet_snap.customer]
|  |  |     HDFS partitions=1/1 files=1 size=1.55GB
|  |  |     runtime filters: RF013[min_max] -> tpcds_partitioned_parquet_snap.customer_1.c_customer_id, RF012[bloom] -> tpcds_partitioned_parquet_snap.customer_1.c_customer_id
|  |  |     stored statistics:
|  |  |       table: rows=30.00M size=1.55GB
|  |  |       columns: all
|  |  |     extrapolated-rows=disabled max-scan-range-rows=3.10M
|  |  |     mem-estimate=16.00MB mem-reservation=1.00MB thread-reservation=0
|  |  |     tuple-ids=16 row-size=68B cardinality=30.00M cost=13809933
|  |  |     in pipelines: 13(GETNEXT)
|  |  |
|  |  12:SCAN HDFS [tpcds_partitioned_parquet_snap.store_sales]
|  |     HDFS partitions=1824/1824 files=1824 size=389.90GB
|  |     runtime filters: RF017[min_max] -> tpcds_partitioned_parquet_snap.store_sales_0.ss_customer_sk, RF014[bloom] -> tpcds_partitioned_parquet_snap.store_sales_0.ss_sold_date_sk, RF016[bloom] -> tpcds_partitioned_parquet_snap.store_sales_0.ss_customer_sk
|  |     stored statistics:
|  |       table: rows=8.64G size=389.90GB
|  |       partitions: 1824/1824 rows=8.64G
|  |       columns: all
|  |     extrapolated-rows=disabled max-scan-range-rows=390.22M est-scan-range=39(filtered from 1824)
|  |     mem-estimate=16.00MB mem-reservation=8.00MB thread-reservation=0
|  |     tuple-ids=14 row-size=12B cardinality=165.23M(filtered from 8.64G) cost=31103766
|  |     in pipelines: 12(GETNEXT)
|  |
|  11:AGGREGATE [FINALIZE]
|  |  output: max(tpcds_partitioned_parquet_snap.store_sales.ss_net_paid)
|  |  group by: tpcds_partitioned_parquet_snap.customer_0.c_customer_id, tpcds_partitioned_parquet_snap.customer_0.c_first_name, tpcds_partitioned_parquet_snap.customer_0.c_last_name, tpcds_partitioned_parquet_snap.date_dim_0.d_year
|  |  mem-estimate=3.67GB mem-reservation=34.00MB spill-buffer=2.00MB thread-reservation=0
|  |  tuple-ids=13 row-size=72B cardinality=30.00M cost=362902838
|  |  in pipelines: 11(GETNEXT), 06(OPEN)
|  |
|  10:HASH JOIN [INNER JOIN]
|  |  hash predicates: tpcds_partitioned_parquet_snap.store_sales.ss_sold_date_sk = tpcds_partitioned_parquet_snap.date_dim_0.d_date_sk
|  |  fk/pk conjuncts: tpcds_partitioned_parquet_snap.store_sales.ss_sold_date_sk = tpcds_partitioned_parquet_snap.date_dim_0.d_date_sk
|  |  runtime filters: RF008[bloom] <- tpcds_partitioned_parquet_snap.date_dim_0.d_date_sk
|  |  mem-estimate=1.94MB mem-reservation=1.94MB spill-buffer=64.00KB thread-reservation=0
|  |  tuple-ids=7,9,11 row-size=88B cardinality=165.23M cost=72322895
|  |  in pipelines: 06(GETNEXT), 09(OPEN)
|  |
|  |--09:SCAN HDFS [tpcds_partitioned_parquet_snap.date_dim]
|  |     HDFS partitions=1/1 files=1 size=2.17MB
|  |     predicates: tpcds_partitioned_parquet_snap.date_dim_0.d_year = add(CAST(2001 AS INT), CAST(1 AS INT)), tpcds_partitioned_parquet_snap.date_dim_0.d_year = CAST(2001 AS INT) OR tpcds_partitioned_parquet_snap.date_dim_0.d_year = add(CAST(2001 AS INT), CAST(1 AS INT))
|  |     stored statistics:
|  |       table: rows=73.05K size=2.17MB
|  |       columns: all
|  |     extrapolated-rows=disabled max-scan-range-rows=73.05K
|  |     parquet statistics predicates: tpcds_partitioned_parquet_snap.date_dim_0.d_year = add(CAST(2001 AS INT), CAST(1 AS INT))
|  |     parquet dictionary predicates: tpcds_partitioned_parquet_snap.date_dim_0.d_year = add(CAST(2001 AS INT), CAST(1 AS INT)), tpcds_partitioned_parquet_snap.date_dim_0.d_year = CAST(2001 AS INT) OR tpcds_partitioned_parquet_snap.date_dim_0.d_year = add(CAST(2001 AS INT), CAST(1 AS INT))
|  |     mem-estimate=16.00MB mem-reservation=512.00KB thread-reservation=0
|  |     tuple-ids=11 row-size=8B cardinality=38 cost=12520
|  |     in pipelines: 09(GETNEXT)
|  |
|  08:HASH JOIN [INNER JOIN]
|  |  hash predicates: tpcds_partitioned_parquet_snap.store_sales.ss_customer_sk = tpcds_partitioned_parquet_snap.customer_0.c_customer_sk
|  |  fk/pk conjuncts: tpcds_partitioned_parquet_snap.store_sales.ss_customer_sk = tpcds_partitioned_parquet_snap.customer_0.c_customer_sk
|  |  runtime filters: RF010[bloom] <- tpcds_partitioned_parquet_snap.customer_0.c_customer_sk, RF011[min_max] <- tpcds_partitioned_parquet_snap.customer_0.c_customer_sk
|  |  mem-estimate=2.65GB mem-reservation=34.00MB spill-buffer=2.00MB thread-reservation=0
|  |  tuple-ids=7,9 row-size=80B cardinality=165.23M(filtered from 7.93G) cost=1509520451
|  |  in pipelines: 06(GETNEXT), 07(OPEN)
|  |
|  |--07:SCAN HDFS [tpcds_partitioned_parquet_snap.customer]
|  |     HDFS partitions=1/1 files=1 size=1.55GB
|  |     runtime filters: RF007[min_max] -> tpcds_partitioned_parquet_snap.customer_0.c_customer_id, RF006[bloom] -> tpcds_partitioned_parquet_snap.customer_0.c_customer_id
|  |     stored statistics:
|  |       table: rows=30.00M size=1.55GB
|  |       columns: all
|  |     extrapolated-rows=disabled max-scan-range-rows=3.10M
|  |     mem-estimate=16.00MB mem-reservation=1.00MB thread-reservation=0
|  |     tuple-ids=9 row-size=68B cardinality=30.00M cost=13809933
|  |     in pipelines: 07(GETNEXT)
|  |
|  06:SCAN HDFS [tpcds_partitioned_parquet_snap.store_sales]
|     HDFS partitions=1824/1824 files=1824 size=389.90GB
|     runtime filters: RF011[min_max] -> tpcds_partitioned_parquet_snap.store_sales.ss_customer_sk, RF008[bloom] -> tpcds_partitioned_parquet_snap.store_sales.ss_sold_date_sk, RF010[bloom] -> tpcds_partitioned_parquet_snap.store_sales.ss_customer_sk
|     stored statistics:
|       table: rows=8.64G size=389.90GB
|       partitions: 1824/1824 rows=8.64G
|       columns: all
|     extrapolated-rows=disabled max-scan-range-rows=390.22M est-scan-range=39(filtered from 1824)
|     mem-estimate=16.00MB mem-reservation=8.00MB thread-reservation=0
|     tuple-ids=7 row-size=12B cardinality=165.23M(filtered from 8.64G) cost=31103766
|     in pipelines: 06(GETNEXT)
|
05:AGGREGATE [FINALIZE]
|  output: max(tpcds_partitioned_parquet_snap.web_sales.ws_net_paid)
|  group by: tpcds_partitioned_parquet_snap.customer.c_customer_id, tpcds_partitioned_parquet_snap.customer.c_first_name, tpcds_partitioned_parquet_snap.customer.c_last_name, tpcds_partitioned_parquet_snap.date_dim.d_year
|  mem-estimate=2.46GB mem-reservation=34.00MB spill-buffer=2.00MB thread-reservation=0
|  tuple-ids=6 row-size=72B cardinality=30.00M cost=192757032
|  in pipelines: 05(GETNEXT), 00(OPEN)
|
04:HASH JOIN [INNER JOIN]
|  hash predicates: tpcds_partitioned_parquet_snap.web_sales.ws_sold_date_sk = tpcds_partitioned_parquet_snap.date_dim.d_date_sk
|  fk/pk conjuncts: tpcds_partitioned_parquet_snap.web_sales.ws_sold_date_sk = tpcds_partitioned_parquet_snap.date_dim.d_date_sk
|  runtime filters: RF002[bloom] <- tpcds_partitioned_parquet_snap.date_dim.d_date_sk
|  mem-estimate=1.94MB mem-reservation=1.94MB spill-buffer=64.00KB thread-reservation=0
|  tuple-ids=0,2,4 row-size=88B cardinality=41.41M cost=18125370
|  in pipelines: 00(GETNEXT), 03(OPEN)
|
|--03:SCAN HDFS [tpcds_partitioned_parquet_snap.date_dim]
|     HDFS partitions=1/1 files=1 size=2.17MB
|     predicates: tpcds_partitioned_parquet_snap.date_dim.d_year = add(CAST(2001 AS INT), CAST(1 AS INT)), tpcds_partitioned_parquet_snap.date_dim.d_year = CAST(2001 AS INT) OR tpcds_partitioned_parquet_snap.date_dim.d_year = add(CAST(2001 AS INT), CAST(1 AS INT))
|     stored statistics:
|       table: rows=73.05K size=2.17MB
|       columns: all
|     extrapolated-rows=disabled max-scan-range-rows=73.05K
|     parquet statistics predicates: tpcds_partitioned_parquet_snap.date_dim.d_year = add(CAST(2001 AS INT), CAST(1 AS INT))
|     parquet dictionary predicates: tpcds_partitioned_parquet_snap.date_dim.d_year = add(CAST(2001 AS INT), CAST(1 AS INT)), tpcds_partitioned_parquet_snap.date_dim.d_year = CAST(2001 AS INT) OR tpcds_partitioned_parquet_snap.date_dim.d_year = add(CAST(2001 AS INT), CAST(1 AS INT))
|     mem-estimate=16.00MB mem-reservation=512.00KB thread-reservation=0
|     tuple-ids=4 row-size=8B cardinality=38 cost=12520
|     in pipelines: 03(GETNEXT)
|
02:HASH JOIN [INNER JOIN]
|  hash predicates: tpcds_partitioned_parquet_snap.web_sales.ws_bill_customer_sk = tpcds_partitioned_parquet_snap.customer.c_customer_sk
|  fk/pk conjuncts: tpcds_partitioned_parquet_snap.web_sales.ws_bill_customer_sk = tpcds_partitioned_parquet_snap.customer.c_customer_sk
|  runtime filters: RF004[bloom] <- tpcds_partitioned_parquet_snap.customer.c_customer_sk, RF005[min_max] <- tpcds_partitioned_parquet_snap.customer.c_customer_sk
|  mem-estimate=2.65GB mem-reservation=34.00MB spill-buffer=2.00MB thread-reservation=0
|  tuple-ids=0,2 row-size=80B cardinality=41.41M(filtered from 1.99G) cost=400792870
|  in pipelines: 00(GETNEXT), 01(OPEN)
|
|--01:SCAN HDFS [tpcds_partitioned_parquet_snap.customer]
|     HDFS partitions=1/1 files=1 size=1.55GB
|     runtime filters: RF001[min_max] -> tpcds_partitioned_parquet_snap.customer.c_customer_id, RF000[bloom] -> tpcds_partitioned_parquet_snap.customer.c_customer_id
|     stored statistics:
|       table: rows=30.00M size=1.55GB
|       columns: all
|     extrapolated-rows=disabled max-scan-range-rows=3.10M
|     mem-estimate=16.00MB mem-reservation=1.00MB thread-reservation=0
|     tuple-ids=2 row-size=68B cardinality=30.00M cost=13809933
|     in pipelines: 01(GETNEXT)
|
00:SCAN HDFS [tpcds_partitioned_parquet_snap.web_sales]
   HDFS partitions=1824/1824 files=1824 size=145.75GB
   runtime filters: RF005[min_max] -> tpcds_partitioned_parquet_snap.web_sales.ws_bill_customer_sk, RF002[bloom] -> tpcds_partitioned_parquet_snap.web_sales.ws_sold_date_sk, RF004[bloom] -> tpcds_partitioned_parquet_snap.web_sales.ws_bill_customer_sk
   stored statistics:
     table: rows=2.16G size=145.75GB
     partitions: 1824/1824 rows=2.16G
     columns: all
   extrapolated-rows=disabled max-scan-range-rows=3.37M est-scan-range=39(filtered from 1824)
   mem-estimate=16.00MB mem-reservation=128.00KB thread-reservation=0
   tuple-ids=0 row-size=12B cardinality=41.41M(filtered from 2.16G) cost=7775884
   in pipelines: 00(GETNEXT)
---- DISTRIBUTEDPLAN
Max Per-Host Resource Reservation: Memory=1.44GB Threads=47
Per-Host Resource Estimates: Memory=12.46GB
F19:PLAN FRAGMENT [UNPARTITIONED] hosts=1 instances=1
|  Per-Instance Resources: mem-estimate=4.07MB mem-reservation=4.00MB thread-reservation=1
|  max-parallelism=1 segment-costs=[338] cpu-comparison-result=162 [max(1 (self) vs 162 (sum children))]
PLAN-ROOT SINK
|  output exprs: tpcds_partitioned_parquet_snap.customer_0.c_customer_id, tpcds_partitioned_parquet_snap.customer_0.c_first_name, tpcds_partitioned_parquet_snap.customer_0.c_last_name
|  mem-estimate=4.00MB mem-reservation=4.00MB spill-buffer=2.00MB thread-reservation=0 cost=300
|
50:MERGING-EXCHANGE [UNPARTITIONED]
|  order by: tpcds_partitioned_parquet_snap.customer_0.c_last_name ASC NULLS LAST, tpcds_partitioned_parquet_snap.customer_0.c_customer_id ASC NULLS LAST, tpcds_partitioned_parquet_snap.customer_0.c_first_name ASC NULLS LAST
|  limit: 100
|  mem-estimate=67.00KB mem-reservation=0B thread-reservation=0
|  tuple-ids=28 row-size=64B cardinality=100 cost=38
|  in pipelines: 27(GETNEXT)
|
F18:PLAN FRAGMENT [HASH(tpcds_partitioned_parquet_snap.customer_1.c_customer_id)] hosts=10 instances=10 (adjusted from 120)
Per-Instance Resources: mem-estimate=11.49MB mem-reservation=0B thread-reservation=1
max-parallelism=10 segment-costs=[48532737, 199] cpu-comparison-result=162 [max(10 (self) vs 162 (sum children))]
27:TOP-N [LIMIT=100]
|  order by: tpcds_partitioned_parquet_snap.customer_0.c_last_name ASC NULLS LAST, tpcds_partitioned_parquet_snap.customer_0.c_customer_id ASC NULLS LAST, tpcds_partitioned_parquet_snap.customer_0.c_first_name ASC NULLS LAST
|  mem-estimate=6.25KB mem-reservation=0B thread-reservation=0
|  tuple-ids=28 row-size=64B cardinality=100 cost=27159951
|  in pipelines: 27(GETNEXT), 32(OPEN)
|
26:HASH JOIN [INNER JOIN, PARTITIONED]
|  hash-table-id=00
|  hash predicates: tpcds_partitioned_parquet_snap.customer.c_customer_id = tpcds_partitioned_parquet_snap.customer_1.c_customer_id
|  fk/pk conjuncts: tpcds_partitioned_parquet_snap.customer.c_customer_id = tpcds_partitioned_parquet_snap.customer_1.c_customer_id
|  other join predicates: CASE WHEN max(tpcds_partitioned_parquet_snap.web_sales_0.ws_net_paid) > CAST(0 AS DECIMAL(3,0)) THEN divide(max(tpcds_partitioned_parquet_snap.web_sales.ws_net_paid), max(tpcds_partitioned_parquet_snap.web_sales_0.ws_net_paid)) ELSE NULL END > CASE WHEN max(tpcds_partitioned_parquet_snap.store_sales_0.ss_net_paid) > CAST(0 AS DECIMAL(3,0)) THEN divide(max(tpcds_partitioned_parquet_snap.store_sales.ss_net_paid), max(tpcds_partitioned_parquet_snap.store_sales_0.ss_net_paid)) ELSE NULL END
|  mem-estimate=0B mem-reservation=0B spill-buffer=2.00MB thread-reservation=0
|  tuple-ids=6,13,20,27 row-size=288B cardinality=2.28M cost=8108280
|  in pipelines: 32(GETNEXT), 36(OPEN)
|
|--F20:PLAN FRAGMENT [HASH(tpcds_partitioned_parquet_snap.customer_1.c_customer_id)] hosts=10 instances=10 (adjusted from 120)
|  |  Per-Instance Resources: mem-estimate=67.47MB mem-reservation=36.00MB thread-reservation=1 runtime-filters-memory=2.00MB
|  |  max-parallelism=10 segment-costs=[23653586] cpu-comparison-result=131 [max(10 (self) vs 131 (sum children))]
|  JOIN BUILD
|  |  join-table-id=00 plan-id=01 cohort-id=01
|  |  build expressions: tpcds_partitioned_parquet_snap.customer_1.c_customer_id
|  |  runtime filters: RF000[bloom] <- tpcds_partitioned_parquet_snap.customer_1.c_customer_id, RF001[min_max] <- tpcds_partitioned_parquet_snap.customer_1.c_customer_id
|  |  mem-estimate=51.76MB mem-reservation=34.00MB spill-buffer=2.00MB thread-reservation=0 cost=2280800
|  |
|  25:HASH JOIN [INNER JOIN, PARTITIONED]
|  |  hash-table-id=01
|  |  hash predicates: tpcds_partitioned_parquet_snap.customer_0.c_customer_id = tpcds_partitioned_parquet_snap.customer_1.c_customer_id
|  |  fk/pk conjuncts: tpcds_partitioned_parquet_snap.customer_0.c_customer_id = tpcds_partitioned_parquet_snap.customer_1.c_customer_id
|  |  mem-estimate=0B mem-reservation=0B spill-buffer=2.00MB thread-reservation=0
|  |  tuple-ids=13,20,27 row-size=216B cardinality=2.28M cost=8108280
|  |  in pipelines: 36(GETNEXT), 40(OPEN)
|  |
|  |--F21:PLAN FRAGMENT [HASH(tpcds_partitioned_parquet_snap.customer_1.c_customer_id)] hosts=10 instances=10 (adjusted from 120)
|  |  |  Per-Instance Resources: mem-estimate=51.82MB mem-reservation=36.00MB thread-reservation=1 runtime-filters-memory=2.00MB
|  |  |  max-parallelism=10 segment-costs=[14238147] cpu-comparison-result=81 [max(10 (self) vs 81 (sum children))]
|  |  JOIN BUILD
|  |  |  join-table-id=01 plan-id=02 cohort-id=02
|  |  |  build expressions: tpcds_partitioned_parquet_snap.customer_1.c_customer_id
|  |  |  runtime filters: RF006[bloom] <- tpcds_partitioned_parquet_snap.customer_1.c_customer_id, RF007[min_max] <- tpcds_partitioned_parquet_snap.customer_1.c_customer_id
|  |  |  mem-estimate=36.11MB mem-reservation=34.00MB spill-buffer=2.00MB thread-reservation=0 cost=2280800
|  |  |
|  |  24:HASH JOIN [INNER JOIN, PARTITIONED]
|  |  |  hash-table-id=02
|  |  |  hash predicates: tpcds_partitioned_parquet_snap.customer_1.c_customer_id = tpcds_partitioned_parquet_snap.customer_2.c_customer_id
|  |  |  fk/pk conjuncts: tpcds_partitioned_parquet_snap.customer_1.c_customer_id = tpcds_partitioned_parquet_snap.customer_2.c_customer_id
|  |  |  mem-estimate=0B mem-reservation=0B spill-buffer=2.00MB thread-reservation=0
|  |  |  tuple-ids=20,27 row-size=144B cardinality=2.28M cost=4651529
|  |  |  in pipelines: 40(GETNEXT), 45(OPEN)
|  |  |
|  |  |--F22:PLAN FRAGMENT [HASH(tpcds_partitioned_parquet_snap.customer_1.c_customer_id)] hosts=10 instances=10 (adjusted from 120)
|  |  |  |  Per-Instance Resources: mem-estimate=53.51MB mem-reservation=38.00MB thread-reservation=1 runtime-filters-memory=4.00MB
|  |  |  |  max-parallelism=10 segment-costs=[5972001] cpu-comparison-result=31 [max(10 (self) vs 31 (sum children))]
|  |  |  JOIN BUILD
|  |  |  |  join-table-id=02 plan-id=03 cohort-id=03
|  |  |  |  build expressions: tpcds_partitioned_parquet_snap.customer_2.c_customer_id
|  |  |  |  runtime filters: RF012[bloom] <- tpcds_partitioned_parquet_snap.customer_2.c_customer_id, RF013[min_max] <- tpcds_partitioned_parquet_snap.customer_2.c_customer_id
|  |  |  |  mem-estimate=38.02MB mem-reservation=34.00MB spill-buffer=2.00MB thread-reservation=0 cost=4141040
|  |  |  |
|  |  |  47:EXCHANGE [HASH(tpcds_partitioned_parquet_snap.customer_2.c_customer_id)]
|  |  |  |  mem-estimate=11.48MB mem-reservation=0B thread-reservation=0
|  |  |  |  tuple-ids=27 row-size=72B cardinality=4.14M cost=1830961
|  |  |  |  in pipelines: 45(GETNEXT)
|  |  |  |
|  |  |  F17:PLAN FRAGMENT [HASH(tpcds_partitioned_parquet_snap.customer_2.c_customer_id,tpcds_partitioned_parquet_snap.customer_2.c_first_name,tpcds_partitioned_parquet_snap.customer_2.c_last_name,tpcds_partitioned_parquet_snap.date_dim_2.d_year)] hosts=10 instances=20 (adjusted from 120)
|  |  |  Per-Instance Resources: mem-estimate=176.54MB mem-reservation=34.00MB thread-reservation=1
|  |  |  max-parallelism=30 segment-costs=[262738649, 21325954] cpu-comparison-result=31 [max(20 (self) vs 31 (sum children))]
|  |  |  45:AGGREGATE [FINALIZE]
|  |  |  |  output: max:merge(tpcds_partitioned_parquet_snap.web_sales_0.ws_net_paid)
|  |  |  |  group by: tpcds_partitioned_parquet_snap.customer_2.c_customer_id, tpcds_partitioned_parquet_snap.customer_2.c_first_name, tpcds_partitioned_parquet_snap.customer_2.c_last_name, tpcds_partitioned_parquet_snap.date_dim_2.d_year
|  |  |  |  having: max(tpcds_partitioned_parquet_snap.web_sales_0.ws_net_paid) > CAST(0 AS DECIMAL(3,0))
|  |  |  |  mem-estimate=165.80MB mem-reservation=34.00MB spill-buffer=2.00MB thread-reservation=0
|  |  |  |  tuple-ids=27 row-size=72B cardinality=4.14M cost=244429032
|  |  |  |  in pipelines: 45(GETNEXT), 18(OPEN)
|  |  |  |
|  |  |  44:EXCHANGE [HASH(tpcds_partitioned_parquet_snap.customer_2.c_customer_id,tpcds_partitioned_parquet_snap.customer_2.c_first_name,tpcds_partitioned_parquet_snap.customer_2.c_last_name,tpcds_partitioned_parquet_snap.date_dim_2.d_year)]
|  |  |  |  mem-estimate=10.74MB mem-reservation=0B thread-reservation=0
|  |  |  |  tuple-ids=27 row-size=72B cardinality=41.41M cost=18309617
|  |  |  |  in pipelines: 18(GETNEXT)
|  |  |  |
|  |  |  F15:PLAN FRAGMENT [HASH(tpcds_partitioned_parquet_snap.web_sales_0.ws_bill_customer_sk)] hosts=10 instances=10 (adjusted from 120)
|  |  |  Per-Instance Resources: mem-estimate=264.79MB mem-reservation=34.00MB thread-reservation=1
|  |  |  max-parallelism=70 segment-costs=[640233783, 213259547] cpu-comparison-result=31 [max(20 (self) vs 31 (sum children))]
|  |  |  23:AGGREGATE [STREAMING]
|  |  |  |  output: max(tpcds_partitioned_parquet_snap.web_sales_0.ws_net_paid)
|  |  |  |  group by: tpcds_partitioned_parquet_snap.customer_2.c_customer_id, tpcds_partitioned_parquet_snap.customer_2.c_first_name, tpcds_partitioned_parquet_snap.customer_2.c_last_name, tpcds_partitioned_parquet_snap.date_dim_2.d_year
|  |  |  |  mem-estimate=248.70MB mem-reservation=34.00MB spill-buffer=2.00MB thread-reservation=0
|  |  |  |  tuple-ids=27 row-size=72B cardinality=41.41M cost=244429032
|  |  |  |  in pipelines: 18(GETNEXT)
|  |  |  |
|  |  |  22:HASH JOIN [INNER JOIN, BROADCAST]
|  |  |  |  hash-table-id=03
|  |  |  |  hash predicates: tpcds_partitioned_parquet_snap.web_sales_0.ws_sold_date_sk = tpcds_partitioned_parquet_snap.date_dim_2.d_date_sk
|  |  |  |  fk/pk conjuncts: tpcds_partitioned_parquet_snap.web_sales_0.ws_sold_date_sk = tpcds_partitioned_parquet_snap.date_dim_2.d_date_sk
|  |  |  |  mem-estimate=0B mem-reservation=0B spill-buffer=64.00KB thread-reservation=0
|  |  |  |  tuple-ids=21,23,25 row-size=88B cardinality=41.41M cost=18125332
|  |  |  |  in pipelines: 18(GETNEXT), 21(OPEN)
|  |  |  |
|  |  |  |--F23:PLAN FRAGMENT [HASH(tpcds_partitioned_parquet_snap.web_sales_0.ws_bill_customer_sk)] hosts=10 instances=10
|  |  |  |  |  Per-Instance Resources: mem-estimate=2.95MB mem-reservation=2.94MB thread-reservation=1 runtime-filters-memory=1.00MB
|  |  |  |  |  max-parallelism=10 segment-costs=[88]
|  |  |  |  JOIN BUILD
|  |  |  |  |  join-table-id=03 plan-id=04 cohort-id=04
|  |  |  |  |  build expressions: tpcds_partitioned_parquet_snap.date_dim_2.d_date_sk
|  |  |  |  |  runtime filters: RF018[bloom] <- tpcds_partitioned_parquet_snap.date_dim_2.d_date_sk
|  |  |  |  |  mem-estimate=1.94MB mem-reservation=1.94MB spill-buffer=64.00KB thread-reservation=0 cost=38
|  |  |  |  |
|  |  |  |  43:EXCHANGE [BROADCAST]
|  |  |  |  |  mem-estimate=16.00KB mem-reservation=0B thread-reservation=0
|  |  |  |  |  tuple-ids=25 row-size=8B cardinality=38 cost=50
|  |  |  |  |  in pipelines: 21(GETNEXT)
|  |  |  |  |
|  |  |  |  F16:PLAN FRAGMENT [RANDOM] hosts=1 instances=1
|  |  |  |  Per-Instance Resources: mem-estimate=16.05MB mem-reservation=512.00KB thread-reservation=1
|  |  |  |  max-parallelism=1 segment-costs=[12521]
|  |  |  |  21:SCAN HDFS [tpcds_partitioned_parquet_snap.date_dim, RANDOM]
|  |  |  |     HDFS partitions=1/1 files=1 size=2.17MB
|  |  |  |     predicates: tpcds_partitioned_parquet_snap.date_dim_2.d_year = CAST(2001 AS INT), tpcds_partitioned_parquet_snap.date_dim_2.d_year = CAST(2001 AS INT) OR tpcds_partitioned_parquet_snap.date_dim_2.d_year = add(CAST(2001 AS INT), CAST(1 AS INT))
|  |  |  |     stored statistics:
|  |  |  |       table: rows=73.05K size=2.17MB
|  |  |  |       columns: all
|  |  |  |     extrapolated-rows=disabled max-scan-range-rows=73.05K
|  |  |  |     parquet statistics predicates: tpcds_partitioned_parquet_snap.date_dim_2.d_year = CAST(2001 AS INT)
|  |  |  |     parquet dictionary predicates: tpcds_partitioned_parquet_snap.date_dim_2.d_year = CAST(2001 AS INT), tpcds_partitioned_parquet_snap.date_dim_2.d_year = CAST(2001 AS INT) OR tpcds_partitioned_parquet_snap.date_dim_2.d_year = add(CAST(2001 AS INT), CAST(1 AS INT))
|  |  |  |     mem-estimate=16.00MB mem-reservation=512.00KB thread-reservation=0
|  |  |  |     tuple-ids=25 row-size=8B cardinality=38 cost=12520
|  |  |  |     in pipelines: 21(GETNEXT)
|  |  |  |
|  |  |  20:HASH JOIN [INNER JOIN, PARTITIONED]
|  |  |  |  hash-table-id=04
|  |  |  |  hash predicates: tpcds_partitioned_parquet_snap.web_sales_0.ws_bill_customer_sk = tpcds_partitioned_parquet_snap.customer_2.c_customer_sk
|  |  |  |  fk/pk conjuncts: tpcds_partitioned_parquet_snap.web_sales_0.ws_bill_customer_sk = tpcds_partitioned_parquet_snap.customer_2.c_customer_sk
|  |  |  |  mem-estimate=0B mem-reservation=0B spill-buffer=2.00MB thread-reservation=0
|  |  |  |  tuple-ids=21,23 row-size=80B cardinality=41.41M(filtered from 1.99G) cost=370792870
|  |  |  |  in pipelines: 18(GETNEXT), 19(OPEN)
|  |  |  |
|  |  |  |--F24:PLAN FRAGMENT [HASH(tpcds_partitioned_parquet_snap.web_sales_0.ws_bill_customer_sk)] hosts=10 instances=10 (adjusted from 120)
|  |  |  |  |  Per-Instance Resources: mem-estimate=281.96MB mem-reservation=34.00MB thread-reservation=1
|  |  |  |  |  max-parallelism=70 segment-costs=[42712506]
|  |  |  |  JOIN BUILD
|  |  |  |  |  join-table-id=04 plan-id=05 cohort-id=04
|  |  |  |  |  build expressions: tpcds_partitioned_parquet_snap.customer_2.c_customer_sk
|  |  |  |  |  runtime filters: RF021[min_max] <- tpcds_partitioned_parquet_snap.customer_2.c_customer_sk
|  |  |  |  |  mem-estimate=271.26MB mem-reservation=34.00MB spill-buffer=2.00MB thread-reservation=0 cost=30000000
|  |  |  |  |
|  |  |  |  42:EXCHANGE [HASH(tpcds_partitioned_parquet_snap.customer_2.c_customer_sk)]
|  |  |  |  |  mem-estimate=10.70MB mem-reservation=0B thread-reservation=0
|  |  |  |  |  tuple-ids=23 row-size=68B cardinality=30.00M cost=12712506
|  |  |  |  |  in pipelines: 19(GETNEXT)
|  |  |  |  |
|  |  |  |  F14:PLAN FRAGMENT [RANDOM] hosts=10 instances=10
|  |  |  |  Per-Instance Resources: mem-estimate=18.81MB mem-reservation=1.00MB thread-reservation=1
|  |  |  |  max-parallelism=10 segment-costs=[160579022]
|  |  |  |  19:SCAN HDFS [tpcds_partitioned_parquet_snap.customer, RANDOM]
|  |  |  |     HDFS partitions=1/1 files=1 size=1.55GB
|  |  |  |     stored statistics:
|  |  |  |       table: rows=30.00M size=1.55GB
|  |  |  |       columns: all
|  |  |  |     extrapolated-rows=disabled max-scan-range-rows=3.10M
|  |  |  |     mem-estimate=16.00MB mem-reservation=1.00MB thread-reservation=0
|  |  |  |     tuple-ids=23 row-size=68B cardinality=30.00M cost=13809933
|  |  |  |     in pipelines: 19(GETNEXT)
|  |  |  |
|  |  |  41:EXCHANGE [HASH(tpcds_partitioned_parquet_snap.web_sales_0.ws_bill_customer_sk)]
|  |  |  |  mem-estimate=10.16MB mem-reservation=0B thread-reservation=0
|  |  |  |  tuple-ids=21 row-size=12B cardinality=41.41M(filtered from 2.16G) cost=6886549
|  |  |  |  in pipelines: 18(GETNEXT)
|  |  |  |
|  |  |  F13:PLAN FRAGMENT [RANDOM] hosts=10 instances=10 (adjusted from 120)
|  |  |  Per-Host Shared Resources: mem-estimate=1.00MB mem-reservation=1.00MB thread-reservation=0 runtime-filters-memory=1.00MB
|  |  |  Per-Instance Resources: mem-estimate=16.62MB mem-reservation=128.00KB thread-reservation=1
|  |  |  max-parallelism=10 segment-costs=[61112480]
|  |  |  18:SCAN HDFS [tpcds_partitioned_parquet_snap.web_sales, RANDOM]
|  |  |     HDFS partitions=1824/1824 files=1824 size=145.75GB
|  |  |     runtime filters: RF021[min_max] -> tpcds_partitioned_parquet_snap.web_sales_0.ws_bill_customer_sk, RF018[bloom] -> tpcds_partitioned_parquet_snap.web_sales_0.ws_sold_date_sk
|  |  |     stored statistics:
|  |  |       table: rows=2.16G size=145.75GB
|  |  |       partitions: 1824/1824 rows=2.16G
|  |  |       columns: all
|  |  |     extrapolated-rows=disabled max-scan-range-rows=3.37M est-scan-range=39(filtered from 1824)
|  |  |     mem-estimate=16.00MB mem-reservation=128.00KB thread-reservation=0
|  |  |     tuple-ids=21 row-size=12B cardinality=41.41M(filtered from 2.16G) cost=7775884
|  |  |     in pipelines: 18(GETNEXT)
|  |  |
|  |  46:EXCHANGE [HASH(tpcds_partitioned_parquet_snap.customer_1.c_customer_id)]
|  |  |  mem-estimate=13.71MB mem-reservation=0B thread-reservation=0
|  |  |  tuple-ids=20 row-size=72B cardinality=16.52M cost=7305818
|  |  |  in pipelines: 40(GETNEXT)
|  |  |
|  |  F12:PLAN FRAGMENT [HASH(tpcds_partitioned_parquet_snap.customer_1.c_customer_id,tpcds_partitioned_parquet_snap.customer_1.c_first_name,tpcds_partitioned_parquet_snap.customer_1.c_last_name,tpcds_partitioned_parquet_snap.date_dim_1.d_year)] hosts=10 instances=50 (adjusted from 120)
|  |  Per-Instance Resources: mem-estimate=277.52MB mem-reservation=34.00MB thread-reservation=1
|  |  max-parallelism=110 segment-costs=[1048367529, 85093829] cpu-comparison-result=50 [max(50 (self) vs 39 (sum children))]
|  |  40:AGGREGATE [FINALIZE]
|  |  |  output: max:merge(tpcds_partitioned_parquet_snap.store_sales_0.ss_net_paid)
|  |  |  group by: tpcds_partitioned_parquet_snap.customer_1.c_customer_id, tpcds_partitioned_parquet_snap.customer_1.c_first_name, tpcds_partitioned_parquet_snap.customer_1.c_last_name, tpcds_partitioned_parquet_snap.date_dim_1.d_year
|  |  |  having: max(tpcds_partitioned_parquet_snap.store_sales_0.ss_net_paid) > CAST(0 AS DECIMAL(3,0))
|  |  |  mem-estimate=264.63MB mem-reservation=34.00MB spill-buffer=2.00MB thread-reservation=0
|  |  |  tuple-ids=20 row-size=72B cardinality=16.52M cost=975309346
|  |  |  in pipelines: 40(GETNEXT), 12(OPEN)
|  |  |
|  |  39:EXCHANGE [HASH(tpcds_partitioned_parquet_snap.customer_1.c_customer_id,tpcds_partitioned_parquet_snap.customer_1.c_first_name,tpcds_partitioned_parquet_snap.customer_1.c_last_name,tpcds_partitioned_parquet_snap.date_dim_1.d_year)]
|  |  |  mem-estimate=12.89MB mem-reservation=0B thread-reservation=0
|  |  |  tuple-ids=20 row-size=72B cardinality=165.23M cost=73058183
|  |  |  in pipelines: 12(GETNEXT)
|  |  |
|  |  F09:PLAN FRAGMENT [RANDOM] hosts=10 instances=39 (adjusted from 120)
|  |  Per-Host Shared Resources: mem-estimate=17.00MB mem-reservation=17.00MB thread-reservation=0 runtime-filters-memory=17.00MB
|  |  Per-Instance Resources: mem-estimate=285.29MB mem-reservation=42.00MB thread-reservation=1
|  |  max-parallelism=39 segment-costs=[2558256420, 850938318] cpu-comparison-result=39 [max(39 (self) vs 31 (sum children))]
|  |  17:AGGREGATE [STREAMING]
|  |  |  output: max(tpcds_partitioned_parquet_snap.store_sales_0.ss_net_paid)
|  |  |  group by: tpcds_partitioned_parquet_snap.customer_1.c_customer_id, tpcds_partitioned_parquet_snap.customer_1.c_first_name, tpcds_partitioned_parquet_snap.customer_1.c_last_name, tpcds_partitioned_parquet_snap.date_dim_1.d_year
|  |  |  mem-estimate=254.45MB mem-reservation=34.00MB spill-buffer=2.00MB thread-reservation=0
|  |  |  tuple-ids=20 row-size=72B cardinality=165.23M cost=975309346
|  |  |  in pipelines: 12(GETNEXT)
|  |  |
|  |  16:HASH JOIN [INNER JOIN, BROADCAST]
|  |  |  hash-table-id=05
|  |  |  hash predicates: tpcds_partitioned_parquet_snap.store_sales_0.ss_sold_date_sk = tpcds_partitioned_parquet_snap.date_dim_1.d_date_sk
|  |  |  fk/pk conjuncts: tpcds_partitioned_parquet_snap.store_sales_0.ss_sold_date_sk = tpcds_partitioned_parquet_snap.date_dim_1.d_date_sk
|  |  |  mem-estimate=0B mem-reservation=0B spill-buffer=64.00KB thread-reservation=0
|  |  |  tuple-ids=14,16,18 row-size=88B cardinality=165.23M cost=72322857
|  |  |  in pipelines: 12(GETNEXT), 15(OPEN)
|  |  |
|  |  |--F25:PLAN FRAGMENT [RANDOM] hosts=10 instances=10
|  |  |  |  Per-Instance Resources: mem-estimate=8.77MB mem-reservation=8.75MB thread-reservation=1 runtime-filters-memory=1.00MB
|  |  |  |  max-parallelism=10 segment-costs=[88]
|  |  |  JOIN BUILD
|  |  |  |  join-table-id=05 plan-id=06 cohort-id=03
|  |  |  |  build expressions: tpcds_partitioned_parquet_snap.date_dim_1.d_date_sk
|  |  |  |  runtime filters: RF014[bloom] <- tpcds_partitioned_parquet_snap.date_dim_1.d_date_sk
|  |  |  |  mem-estimate=7.75MB mem-reservation=7.75MB spill-buffer=64.00KB thread-reservation=0 cost=38
|  |  |  |
|  |  |  38:EXCHANGE [BROADCAST]
|  |  |  |  mem-estimate=16.00KB mem-reservation=0B thread-reservation=0
|  |  |  |  tuple-ids=18 row-size=8B cardinality=38 cost=50
|  |  |  |  in pipelines: 15(GETNEXT)
|  |  |  |
|  |  |  F11:PLAN FRAGMENT [RANDOM] hosts=1 instances=1
|  |  |  Per-Instance Resources: mem-estimate=16.05MB mem-reservation=512.00KB thread-reservation=1
|  |  |  max-parallelism=1 segment-costs=[12521]
|  |  |  15:SCAN HDFS [tpcds_partitioned_parquet_snap.date_dim, RANDOM]
|  |  |     HDFS partitions=1/1 files=1 size=2.17MB
|  |  |     predicates: tpcds_partitioned_parquet_snap.date_dim_1.d_year = CAST(2001 AS INT), tpcds_partitioned_parquet_snap.date_dim_1.d_year = CAST(2001 AS INT) OR tpcds_partitioned_parquet_snap.date_dim_1.d_year = add(CAST(2001 AS INT), CAST(1 AS INT))
|  |  |     stored statistics:
|  |  |       table: rows=73.05K size=2.17MB
|  |  |       columns: all
|  |  |     extrapolated-rows=disabled max-scan-range-rows=73.05K
|  |  |     parquet statistics predicates: tpcds_partitioned_parquet_snap.date_dim_1.d_year = CAST(2001 AS INT)
|  |  |     parquet dictionary predicates: tpcds_partitioned_parquet_snap.date_dim_1.d_year = CAST(2001 AS INT), tpcds_partitioned_parquet_snap.date_dim_1.d_year = CAST(2001 AS INT) OR tpcds_partitioned_parquet_snap.date_dim_1.d_year = add(CAST(2001 AS INT), CAST(1 AS INT))
|  |  |     mem-estimate=16.00MB mem-reservation=512.00KB thread-reservation=0
|  |  |     tuple-ids=18 row-size=8B cardinality=38 cost=12520
|  |  |     in pipelines: 15(GETNEXT)
|  |  |
|  |  14:HASH JOIN [INNER JOIN, BROADCAST]
|  |  |  hash-table-id=06
|  |  |  hash predicates: tpcds_partitioned_parquet_snap.store_sales_0.ss_customer_sk = tpcds_partitioned_parquet_snap.customer_1.c_customer_sk
|  |  |  fk/pk conjuncts: tpcds_partitioned_parquet_snap.store_sales_0.ss_customer_sk = tpcds_partitioned_parquet_snap.customer_1.c_customer_sk
|  |  |  mem-estimate=0B mem-reservation=0B spill-buffer=2.00MB thread-reservation=0
|  |  |  tuple-ids=14,16 row-size=80B cardinality=165.23M(filtered from 7.93G) cost=1479520451
|  |  |  in pipelines: 12(GETNEXT), 13(OPEN)
|  |  |
|  |  |--F26:PLAN FRAGMENT [RANDOM] hosts=10 instances=10
|  |  |  |  Per-Instance Resources: mem-estimate=2.68GB mem-reservation=152.00MB thread-reservation=1 runtime-filters-memory=16.00MB
|  |  |  |  max-parallelism=10 segment-costs=[69869990]
|  |  |  JOIN BUILD
|  |  |  |  join-table-id=06 plan-id=07 cohort-id=03
|  |  |  |  build expressions: tpcds_partitioned_parquet_snap.customer_1.c_customer_sk
|  |  |  |  runtime filters: RF016[bloom] <- tpcds_partitioned_parquet_snap.customer_1.c_customer_sk, RF017[min_max] <- tpcds_partitioned_parquet_snap.customer_1.c_customer_sk
|  |  |  |  mem-estimate=2.65GB mem-reservation=136.00MB spill-buffer=2.00MB thread-reservation=0 cost=30000000
|  |  |  |
|  |  |  37:EXCHANGE [BROADCAST]
|  |  |  |  mem-estimate=10.70MB mem-reservation=0B thread-reservation=0
|  |  |  |  tuple-ids=16 row-size=68B cardinality=30.00M cost=39869990
|  |  |  |  in pipelines: 13(GETNEXT)
|  |  |  |
|  |  |  F10:PLAN FRAGMENT [RANDOM] hosts=10 instances=10
|  |  |  Per-Host Shared Resources: mem-estimate=4.00MB mem-reservation=4.00MB thread-reservation=0 runtime-filters-memory=4.00MB
|  |  |  Per-Instance Resources: mem-estimate=16.28MB mem-reservation=1.00MB thread-reservation=1
|  |  |  max-parallelism=10 segment-costs=[19963295]
|  |  |  13:SCAN HDFS [tpcds_partitioned_parquet_snap.customer, RANDOM]
|  |  |     HDFS partitions=1/1 files=1 size=1.55GB
|  |  |     runtime filters: RF013[min_max] -> tpcds_partitioned_parquet_snap.customer_1.c_customer_id, RF012[bloom] -> tpcds_partitioned_parquet_snap.customer_1.c_customer_id
|  |  |     stored statistics:
|  |  |       table: rows=30.00M size=1.55GB
|  |  |       columns: all
|  |  |     extrapolated-rows=disabled max-scan-range-rows=3.10M
|  |  |     mem-estimate=16.00MB mem-reservation=1.00MB thread-reservation=0
|  |  |     tuple-ids=16 row-size=68B cardinality=30.00M cost=13809933
|  |  |     in pipelines: 13(GETNEXT)
|  |  |
|  |  12:SCAN HDFS [tpcds_partitioned_parquet_snap.store_sales, RANDOM]
|  |     HDFS partitions=1824/1824 files=1824 size=389.90GB
|  |     runtime filters: RF017[min_max] -> tpcds_partitioned_parquet_snap.store_sales_0.ss_customer_sk, RF014[bloom] -> tpcds_partitioned_parquet_snap.store_sales_0.ss_sold_date_sk, RF016[bloom] -> tpcds_partitioned_parquet_snap.store_sales_0.ss_customer_sk
|  |     stored statistics:
|  |       table: rows=8.64G size=389.90GB
|  |       partitions: 1824/1824 rows=8.64G
|  |       columns: all
|  |     extrapolated-rows=disabled max-scan-range-rows=390.22M est-scan-range=39(filtered from 1824)
|  |     mem-estimate=16.00MB mem-reservation=8.00MB thread-reservation=0
|  |     tuple-ids=14 row-size=12B cardinality=165.23M(filtered from 8.64G) cost=31103766
|  |     in pipelines: 12(GETNEXT)
|  |
|  48:EXCHANGE [HASH(tpcds_partitioned_parquet_snap.customer_0.c_customer_id)]
|  |  mem-estimate=13.71MB mem-reservation=0B thread-reservation=0
|  |  tuple-ids=13 row-size=72B cardinality=30.00M cost=13264506
|  |  in pipelines: 36(GETNEXT)
|  |
|  F08:PLAN FRAGMENT [HASH(tpcds_partitioned_parquet_snap.customer_0.c_customer_id,tpcds_partitioned_parquet_snap.customer_0.c_first_name,tpcds_partitioned_parquet_snap.customer_0.c_last_name,tpcds_partitioned_parquet_snap.date_dim_0.d_year)] hosts=10 instances=50 (adjusted from 120)
|  Per-Instance Resources: mem-estimate=271.54MB mem-reservation=34.00MB thread-reservation=1
|  max-parallelism=50 segment-costs=[429178246, 154497089] cpu-comparison-result=50 [max(50 (self) vs 39 (sum children))]
|  36:AGGREGATE [FINALIZE]
|  |  output: max:merge(tpcds_partitioned_parquet_snap.store_sales.ss_net_paid)
|  |  group by: tpcds_partitioned_parquet_snap.customer_0.c_customer_id, tpcds_partitioned_parquet_snap.customer_0.c_first_name, tpcds_partitioned_parquet_snap.customer_0.c_last_name, tpcds_partitioned_parquet_snap.date_dim_0.d_year
|  |  mem-estimate=258.65MB mem-reservation=34.00MB spill-buffer=2.00MB thread-reservation=0
|  |  tuple-ids=13 row-size=72B cardinality=30.00M cost=357771270
|  |  in pipelines: 36(GETNEXT), 06(OPEN)
|  |
|  35:EXCHANGE [HASH(tpcds_partitioned_parquet_snap.customer_0.c_customer_id,tpcds_partitioned_parquet_snap.customer_0.c_first_name,tpcds_partitioned_parquet_snap.customer_0.c_last_name,tpcds_partitioned_parquet_snap.date_dim_0.d_year)]
|  |  mem-estimate=12.89MB mem-reservation=0B thread-reservation=0
|  |  tuple-ids=13 row-size=72B cardinality=161.50M cost=71406976
|  |  in pipelines: 06(GETNEXT)
|  |
|  F05:PLAN FRAGMENT [RANDOM] hosts=10 instances=39 (adjusted from 120)
|  Per-Host Shared Resources: mem-estimate=17.00MB mem-reservation=17.00MB thread-reservation=0 runtime-filters-memory=17.00MB
|  Per-Instance Resources: mem-estimate=285.29MB mem-reservation=42.00MB thread-reservation=1
|  max-parallelism=39 segment-costs=[2541344764, 831706037] cpu-comparison-result=39 [max(39 (self) vs 31 (sum children))]
|  11:AGGREGATE [STREAMING]
|  |  output: max(tpcds_partitioned_parquet_snap.store_sales.ss_net_paid)
|  |  group by: tpcds_partitioned_parquet_snap.customer_0.c_customer_id, tpcds_partitioned_parquet_snap.customer_0.c_first_name, tpcds_partitioned_parquet_snap.customer_0.c_last_name, tpcds_partitioned_parquet_snap.date_dim_0.d_year
|  |  mem-estimate=254.45MB mem-reservation=34.00MB spill-buffer=2.00MB thread-reservation=0
|  |  tuple-ids=13 row-size=72B cardinality=161.50M cost=958397690
|  |  in pipelines: 06(GETNEXT)
|  |
|  10:HASH JOIN [INNER JOIN, BROADCAST]
|  |  hash-table-id=07
|  |  hash predicates: tpcds_partitioned_parquet_snap.store_sales.ss_sold_date_sk = tpcds_partitioned_parquet_snap.date_dim_0.d_date_sk
|  |  fk/pk conjuncts: tpcds_partitioned_parquet_snap.store_sales.ss_sold_date_sk = tpcds_partitioned_parquet_snap.date_dim_0.d_date_sk
|  |  mem-estimate=0B mem-reservation=0B spill-buffer=64.00KB thread-reservation=0
|  |  tuple-ids=7,9,11 row-size=88B cardinality=165.23M cost=72322857
|  |  in pipelines: 06(GETNEXT), 09(OPEN)
|  |
|  |--F27:PLAN FRAGMENT [RANDOM] hosts=10 instances=10
|  |  |  Per-Instance Resources: mem-estimate=8.77MB mem-reservation=8.75MB thread-reservation=1 runtime-filters-memory=1.00MB
|  |  |  max-parallelism=10 segment-costs=[88]
|  |  JOIN BUILD
|  |  |  join-table-id=07 plan-id=08 cohort-id=02
|  |  |  build expressions: tpcds_partitioned_parquet_snap.date_dim_0.d_date_sk
|  |  |  runtime filters: RF008[bloom] <- tpcds_partitioned_parquet_snap.date_dim_0.d_date_sk
|  |  |  mem-estimate=7.75MB mem-reservation=7.75MB spill-buffer=64.00KB thread-reservation=0 cost=38
|  |  |
|  |  34:EXCHANGE [BROADCAST]
|  |  |  mem-estimate=16.00KB mem-reservation=0B thread-reservation=0
|  |  |  tuple-ids=11 row-size=8B cardinality=38 cost=50
|  |  |  in pipelines: 09(GETNEXT)
|  |  |
|  |  F07:PLAN FRAGMENT [RANDOM] hosts=1 instances=1
|  |  Per-Instance Resources: mem-estimate=16.05MB mem-reservation=512.00KB thread-reservation=1
|  |  max-parallelism=1 segment-costs=[12521]
|  |  09:SCAN HDFS [tpcds_partitioned_parquet_snap.date_dim, RANDOM]
|  |     HDFS partitions=1/1 files=1 size=2.17MB
|  |     predicates: tpcds_partitioned_parquet_snap.date_dim_0.d_year = add(CAST(2001 AS INT), CAST(1 AS INT)), tpcds_partitioned_parquet_snap.date_dim_0.d_year = CAST(2001 AS INT) OR tpcds_partitioned_parquet_snap.date_dim_0.d_year = add(CAST(2001 AS INT), CAST(1 AS INT))
|  |     stored statistics:
|  |       table: rows=73.05K size=2.17MB
|  |       columns: all
|  |     extrapolated-rows=disabled max-scan-range-rows=73.05K
|  |     parquet statistics predicates: tpcds_partitioned_parquet_snap.date_dim_0.d_year = add(CAST(2001 AS INT), CAST(1 AS INT))
|  |     parquet dictionary predicates: tpcds_partitioned_parquet_snap.date_dim_0.d_year = add(CAST(2001 AS INT), CAST(1 AS INT)), tpcds_partitioned_parquet_snap.date_dim_0.d_year = CAST(2001 AS INT) OR tpcds_partitioned_parquet_snap.date_dim_0.d_year = add(CAST(2001 AS INT), CAST(1 AS INT))
|  |     mem-estimate=16.00MB mem-reservation=512.00KB thread-reservation=0
|  |     tuple-ids=11 row-size=8B cardinality=38 cost=12520
|  |     in pipelines: 09(GETNEXT)
|  |
|  08:HASH JOIN [INNER JOIN, BROADCAST]
|  |  hash-table-id=08
|  |  hash predicates: tpcds_partitioned_parquet_snap.store_sales.ss_customer_sk = tpcds_partitioned_parquet_snap.customer_0.c_customer_sk
|  |  fk/pk conjuncts: tpcds_partitioned_parquet_snap.store_sales.ss_customer_sk = tpcds_partitioned_parquet_snap.customer_0.c_customer_sk
|  |  mem-estimate=0B mem-reservation=0B spill-buffer=2.00MB thread-reservation=0
|  |  tuple-ids=7,9 row-size=80B cardinality=165.23M(filtered from 7.93G) cost=1479520451
|  |  in pipelines: 06(GETNEXT), 07(OPEN)
|  |
|  |--F28:PLAN FRAGMENT [RANDOM] hosts=10 instances=10
|  |  |  Per-Instance Resources: mem-estimate=2.68GB mem-reservation=152.00MB thread-reservation=1 runtime-filters-memory=16.00MB
|  |  |  max-parallelism=10 segment-costs=[69869990]
|  |  JOIN BUILD
|  |  |  join-table-id=08 plan-id=09 cohort-id=02
|  |  |  build expressions: tpcds_partitioned_parquet_snap.customer_0.c_customer_sk
|  |  |  runtime filters: RF010[bloom] <- tpcds_partitioned_parquet_snap.customer_0.c_customer_sk, RF011[min_max] <- tpcds_partitioned_parquet_snap.customer_0.c_customer_sk
|  |  |  mem-estimate=2.65GB mem-reservation=136.00MB spill-buffer=2.00MB thread-reservation=0 cost=30000000
|  |  |
|  |  33:EXCHANGE [BROADCAST]
|  |  |  mem-estimate=10.70MB mem-reservation=0B thread-reservation=0
|  |  |  tuple-ids=9 row-size=68B cardinality=30.00M cost=39869990
|  |  |  in pipelines: 07(GETNEXT)
|  |  |
|  |  F06:PLAN FRAGMENT [RANDOM] hosts=10 instances=10
|  |  Per-Host Shared Resources: mem-estimate=2.00MB mem-reservation=2.00MB thread-reservation=0 runtime-filters-memory=2.00MB
|  |  Per-Instance Resources: mem-estimate=16.28MB mem-reservation=1.00MB thread-reservation=1
|  |  max-parallelism=10 segment-costs=[19963295]
|  |  07:SCAN HDFS [tpcds_partitioned_parquet_snap.customer, RANDOM]
|  |     HDFS partitions=1/1 files=1 size=1.55GB
|  |     runtime filters: RF007[min_max] -> tpcds_partitioned_parquet_snap.customer_0.c_customer_id, RF006[bloom] -> tpcds_partitioned_parquet_snap.customer_0.c_customer_id
|  |     stored statistics:
|  |       table: rows=30.00M size=1.55GB
|  |       columns: all
|  |     extrapolated-rows=disabled max-scan-range-rows=3.10M
|  |     mem-estimate=16.00MB mem-reservation=1.00MB thread-reservation=0
|  |     tuple-ids=9 row-size=68B cardinality=30.00M cost=13809933
|  |     in pipelines: 07(GETNEXT)
|  |
|  06:SCAN HDFS [tpcds_partitioned_parquet_snap.store_sales, RANDOM]
|     HDFS partitions=1824/1824 files=1824 size=389.90GB
|     runtime filters: RF011[min_max] -> tpcds_partitioned_parquet_snap.store_sales.ss_customer_sk, RF008[bloom] -> tpcds_partitioned_parquet_snap.store_sales.ss_sold_date_sk, RF010[bloom] -> tpcds_partitioned_parquet_snap.store_sales.ss_customer_sk
|     stored statistics:
|       table: rows=8.64G size=389.90GB
|       partitions: 1824/1824 rows=8.64G
|       columns: all
|     extrapolated-rows=disabled max-scan-range-rows=390.22M est-scan-range=39(filtered from 1824)
|     mem-estimate=16.00MB mem-reservation=8.00MB thread-reservation=0
|     tuple-ids=7 row-size=12B cardinality=165.23M(filtered from 8.64G) cost=31103766
|     in pipelines: 06(GETNEXT)
|
49:EXCHANGE [HASH(tpcds_partitioned_parquet_snap.customer.c_customer_id)]
|  mem-estimate=11.48MB mem-reservation=0B thread-reservation=0
|  tuple-ids=6 row-size=72B cardinality=30.00M cost=13264506
|  in pipelines: 32(GETNEXT)
|
F04:PLAN FRAGMENT [HASH(tpcds_partitioned_parquet_snap.customer.c_customer_id,tpcds_partitioned_parquet_snap.customer.c_first_name,tpcds_partitioned_parquet_snap.customer.c_last_name,tpcds_partitioned_parquet_snap.date_dim.d_year)] hosts=10 instances=20 (adjusted from 120)
Per-Instance Resources: mem-estimate=175.59MB mem-reservation=34.00MB thread-reservation=1
max-parallelism=30 segment-costs=[210635833, 154497089] cpu-comparison-result=31 [max(20 (self) vs 31 (sum children))]
32:AGGREGATE [FINALIZE]
|  output: max:merge(tpcds_partitioned_parquet_snap.web_sales.ws_net_paid)
|  group by: tpcds_partitioned_parquet_snap.customer.c_customer_id, tpcds_partitioned_parquet_snap.customer.c_first_name, tpcds_partitioned_parquet_snap.customer.c_last_name, tpcds_partitioned_parquet_snap.date_dim.d_year
|  mem-estimate=164.85MB mem-reservation=34.00MB spill-buffer=2.00MB thread-reservation=0
|  tuple-ids=6 row-size=72B cardinality=30.00M cost=192431094
|  in pipelines: 32(GETNEXT), 00(OPEN)
|
31:EXCHANGE [HASH(tpcds_partitioned_parquet_snap.customer.c_customer_id,tpcds_partitioned_parquet_snap.customer.c_first_name,tpcds_partitioned_parquet_snap.customer.c_last_name,tpcds_partitioned_parquet_snap.date_dim.d_year)]
|  mem-estimate=10.74MB mem-reservation=0B thread-reservation=0
|  tuple-ids=6 row-size=72B cardinality=41.17M cost=18204739
|  in pipelines: 00(GETNEXT)
|
F02:PLAN FRAGMENT [HASH(tpcds_partitioned_parquet_snap.web_sales.ws_bill_customer_sk)] hosts=10 instances=10 (adjusted from 120)
Per-Instance Resources: mem-estimate=264.79MB mem-reservation=34.00MB thread-reservation=1
max-parallelism=70 segment-costs=[639159619, 212037985] cpu-comparison-result=31 [max(20 (self) vs 31 (sum children))]
05:AGGREGATE [STREAMING]
|  output: max(tpcds_partitioned_parquet_snap.web_sales.ws_net_paid)
|  group by: tpcds_partitioned_parquet_snap.customer.c_customer_id, tpcds_partitioned_parquet_snap.customer.c_first_name, tpcds_partitioned_parquet_snap.customer.c_last_name, tpcds_partitioned_parquet_snap.date_dim.d_year
|  mem-estimate=248.70MB mem-reservation=34.00MB spill-buffer=2.00MB thread-reservation=0
|  tuple-ids=6 row-size=72B cardinality=41.17M cost=243354868
|  in pipelines: 00(GETNEXT)
|
04:HASH JOIN [INNER JOIN, BROADCAST]
|  hash-table-id=09
|  hash predicates: tpcds_partitioned_parquet_snap.web_sales.ws_sold_date_sk = tpcds_partitioned_parquet_snap.date_dim.d_date_sk
|  fk/pk conjuncts: tpcds_partitioned_parquet_snap.web_sales.ws_sold_date_sk = tpcds_partitioned_parquet_snap.date_dim.d_date_sk
|  mem-estimate=0B mem-reservation=0B spill-buffer=64.00KB thread-reservation=0
|  tuple-ids=0,2,4 row-size=88B cardinality=41.41M cost=18125332
|  in pipelines: 00(GETNEXT), 03(OPEN)
|
|--F29:PLAN FRAGMENT [HASH(tpcds_partitioned_parquet_snap.web_sales.ws_bill_customer_sk)] hosts=10 instances=10
|  |  Per-Instance Resources: mem-estimate=2.95MB mem-reservation=2.94MB thread-reservation=1 runtime-filters-memory=1.00MB
|  |  max-parallelism=10 segment-costs=[88]
|  JOIN BUILD
|  |  join-table-id=09 plan-id=10 cohort-id=01
|  |  build expressions: tpcds_partitioned_parquet_snap.date_dim.d_date_sk
|  |  runtime filters: RF002[bloom] <- tpcds_partitioned_parquet_snap.date_dim.d_date_sk
|  |  mem-estimate=1.94MB mem-reservation=1.94MB spill-buffer=64.00KB thread-reservation=0 cost=38
|  |
|  30:EXCHANGE [BROADCAST]
|  |  mem-estimate=16.00KB mem-reservation=0B thread-reservation=0
|  |  tuple-ids=4 row-size=8B cardinality=38 cost=50
|  |  in pipelines: 03(GETNEXT)
|  |
|  F03:PLAN FRAGMENT [RANDOM] hosts=1 instances=1
|  Per-Instance Resources: mem-estimate=16.05MB mem-reservation=512.00KB thread-reservation=1
|  max-parallelism=1 segment-costs=[12521]
|  03:SCAN HDFS [tpcds_partitioned_parquet_snap.date_dim, RANDOM]
|     HDFS partitions=1/1 files=1 size=2.17MB
|     predicates: tpcds_partitioned_parquet_snap.date_dim.d_year = add(CAST(2001 AS INT), CAST(1 AS INT)), tpcds_partitioned_parquet_snap.date_dim.d_year = CAST(2001 AS INT) OR tpcds_partitioned_parquet_snap.date_dim.d_year = add(CAST(2001 AS INT), CAST(1 AS INT))
|     stored statistics:
|       table: rows=73.05K size=2.17MB
|       columns: all
|     extrapolated-rows=disabled max-scan-range-rows=73.05K
|     parquet statistics predicates: tpcds_partitioned_parquet_snap.date_dim.d_year = add(CAST(2001 AS INT), CAST(1 AS INT))
|     parquet dictionary predicates: tpcds_partitioned_parquet_snap.date_dim.d_year = add(CAST(2001 AS INT), CAST(1 AS INT)), tpcds_partitioned_parquet_snap.date_dim.d_year = CAST(2001 AS INT) OR tpcds_partitioned_parquet_snap.date_dim.d_year = add(CAST(2001 AS INT), CAST(1 AS INT))
|     mem-estimate=16.00MB mem-reservation=512.00KB thread-reservation=0
|     tuple-ids=4 row-size=8B cardinality=38 cost=12520
|     in pipelines: 03(GETNEXT)
|
02:HASH JOIN [INNER JOIN, PARTITIONED]
|  hash-table-id=10
|  hash predicates: tpcds_partitioned_parquet_snap.web_sales.ws_bill_customer_sk = tpcds_partitioned_parquet_snap.customer.c_customer_sk
|  fk/pk conjuncts: tpcds_partitioned_parquet_snap.web_sales.ws_bill_customer_sk = tpcds_partitioned_parquet_snap.customer.c_customer_sk
|  mem-estimate=0B mem-reservation=0B spill-buffer=2.00MB thread-reservation=0
|  tuple-ids=0,2 row-size=80B cardinality=41.41M(filtered from 1.99G) cost=370792870
|  in pipelines: 00(GETNEXT), 01(OPEN)
|
|--F30:PLAN FRAGMENT [HASH(tpcds_partitioned_parquet_snap.web_sales.ws_bill_customer_sk)] hosts=10 instances=10 (adjusted from 120)
|  |  Per-Instance Resources: mem-estimate=297.96MB mem-reservation=50.00MB thread-reservation=1 runtime-filters-memory=16.00MB
|  |  max-parallelism=70 segment-costs=[42712506]
|  JOIN BUILD
|  |  join-table-id=10 plan-id=11 cohort-id=01
|  |  build expressions: tpcds_partitioned_parquet_snap.customer.c_customer_sk
|  |  runtime filters: RF004[bloom] <- tpcds_partitioned_parquet_snap.customer.c_customer_sk, RF005[min_max] <- tpcds_partitioned_parquet_snap.customer.c_customer_sk
|  |  mem-estimate=271.26MB mem-reservation=34.00MB spill-buffer=2.00MB thread-reservation=0 cost=30000000
|  |
|  29:EXCHANGE [HASH(tpcds_partitioned_parquet_snap.customer.c_customer_sk)]
|  |  mem-estimate=10.70MB mem-reservation=0B thread-reservation=0
|  |  tuple-ids=2 row-size=68B cardinality=30.00M cost=12712506
|  |  in pipelines: 01(GETNEXT)
|  |
|  F01:PLAN FRAGMENT [RANDOM] hosts=10 instances=10
|  Per-Host Shared Resources: mem-estimate=2.00MB mem-reservation=2.00MB thread-reservation=0 runtime-filters-memory=2.00MB
|  Per-Instance Resources: mem-estimate=18.81MB mem-reservation=1.00MB thread-reservation=1
|  max-parallelism=10 segment-costs=[160579022]
|  01:SCAN HDFS [tpcds_partitioned_parquet_snap.customer, RANDOM]
|     HDFS partitions=1/1 files=1 size=1.55GB
|     runtime filters: RF001[min_max] -> tpcds_partitioned_parquet_snap.customer.c_customer_id, RF000[bloom] -> tpcds_partitioned_parquet_snap.customer.c_customer_id
|     stored statistics:
|       table: rows=30.00M size=1.55GB
|       columns: all
|     extrapolated-rows=disabled max-scan-range-rows=3.10M
|     mem-estimate=16.00MB mem-reservation=1.00MB thread-reservation=0
|     tuple-ids=2 row-size=68B cardinality=30.00M cost=13809933
|     in pipelines: 01(GETNEXT)
|
28:EXCHANGE [HASH(tpcds_partitioned_parquet_snap.web_sales.ws_bill_customer_sk)]
|  mem-estimate=10.16MB mem-reservation=0B thread-reservation=0
|  tuple-ids=0 row-size=12B cardinality=41.41M(filtered from 2.16G) cost=6886549
|  in pipelines: 00(GETNEXT)
|
F00:PLAN FRAGMENT [RANDOM] hosts=10 instances=10 (adjusted from 120)
Per-Host Shared Resources: mem-estimate=17.00MB mem-reservation=17.00MB thread-reservation=0 runtime-filters-memory=17.00MB
Per-Instance Resources: mem-estimate=16.62MB mem-reservation=128.00KB thread-reservation=1
max-parallelism=10 segment-costs=[61112480]
00:SCAN HDFS [tpcds_partitioned_parquet_snap.web_sales, RANDOM]
   HDFS partitions=1824/1824 files=1824 size=145.75GB
   runtime filters: RF005[min_max] -> tpcds_partitioned_parquet_snap.web_sales.ws_bill_customer_sk, RF002[bloom] -> tpcds_partitioned_parquet_snap.web_sales.ws_sold_date_sk, RF004[bloom] -> tpcds_partitioned_parquet_snap.web_sales.ws_bill_customer_sk
   stored statistics:
     table: rows=2.16G size=145.75GB
     partitions: 1824/1824 rows=2.16G
     columns: all
   extrapolated-rows=disabled max-scan-range-rows=3.37M est-scan-range=39(filtered from 1824)
   mem-estimate=16.00MB mem-reservation=128.00KB thread-reservation=0
   tuple-ids=0 row-size=12B cardinality=41.41M(filtered from 2.16G) cost=7775884
   in pipelines: 00(GETNEXT)
---- PARALLELPLANS
Max Per-Host Resource Reservation: Memory=1.44GB Threads=47
Per-Host Resource Estimates: Memory=12.46GB
F19:PLAN FRAGMENT [UNPARTITIONED] hosts=1 instances=1
|  Per-Instance Resources: mem-estimate=4.07MB mem-reservation=4.00MB thread-reservation=1
|  max-parallelism=1 segment-costs=[338] cpu-comparison-result=162 [max(1 (self) vs 162 (sum children))]
PLAN-ROOT SINK
|  output exprs: tpcds_partitioned_parquet_snap.customer_0.c_customer_id, tpcds_partitioned_parquet_snap.customer_0.c_first_name, tpcds_partitioned_parquet_snap.customer_0.c_last_name
|  mem-estimate=4.00MB mem-reservation=4.00MB spill-buffer=2.00MB thread-reservation=0 cost=300
|
50:MERGING-EXCHANGE [UNPARTITIONED]
|  order by: tpcds_partitioned_parquet_snap.customer_0.c_last_name ASC NULLS LAST, tpcds_partitioned_parquet_snap.customer_0.c_customer_id ASC NULLS LAST, tpcds_partitioned_parquet_snap.customer_0.c_first_name ASC NULLS LAST
|  limit: 100
|  mem-estimate=67.00KB mem-reservation=0B thread-reservation=0
|  tuple-ids=28 row-size=64B cardinality=100 cost=38
|  in pipelines: 27(GETNEXT)
|
F18:PLAN FRAGMENT [HASH(tpcds_partitioned_parquet_snap.customer_1.c_customer_id)] hosts=10 instances=10 (adjusted from 120)
Per-Instance Resources: mem-estimate=11.49MB mem-reservation=0B thread-reservation=1
max-parallelism=10 segment-costs=[48532737, 199] cpu-comparison-result=162 [max(10 (self) vs 162 (sum children))]
27:TOP-N [LIMIT=100]
|  order by: tpcds_partitioned_parquet_snap.customer_0.c_last_name ASC NULLS LAST, tpcds_partitioned_parquet_snap.customer_0.c_customer_id ASC NULLS LAST, tpcds_partitioned_parquet_snap.customer_0.c_first_name ASC NULLS LAST
|  mem-estimate=6.25KB mem-reservation=0B thread-reservation=0
|  tuple-ids=28 row-size=64B cardinality=100 cost=27159951
|  in pipelines: 27(GETNEXT), 32(OPEN)
|
26:HASH JOIN [INNER JOIN, PARTITIONED]
|  hash-table-id=00
|  hash predicates: tpcds_partitioned_parquet_snap.customer.c_customer_id = tpcds_partitioned_parquet_snap.customer_1.c_customer_id
|  fk/pk conjuncts: tpcds_partitioned_parquet_snap.customer.c_customer_id = tpcds_partitioned_parquet_snap.customer_1.c_customer_id
|  other join predicates: CASE WHEN max(tpcds_partitioned_parquet_snap.web_sales_0.ws_net_paid) > CAST(0 AS DECIMAL(3,0)) THEN divide(max(tpcds_partitioned_parquet_snap.web_sales.ws_net_paid), max(tpcds_partitioned_parquet_snap.web_sales_0.ws_net_paid)) ELSE NULL END > CASE WHEN max(tpcds_partitioned_parquet_snap.store_sales_0.ss_net_paid) > CAST(0 AS DECIMAL(3,0)) THEN divide(max(tpcds_partitioned_parquet_snap.store_sales.ss_net_paid), max(tpcds_partitioned_parquet_snap.store_sales_0.ss_net_paid)) ELSE NULL END
|  mem-estimate=0B mem-reservation=0B spill-buffer=2.00MB thread-reservation=0
|  tuple-ids=6,13,20,27 row-size=288B cardinality=2.28M cost=8108280
|  in pipelines: 32(GETNEXT), 36(OPEN)
|
|--F20:PLAN FRAGMENT [HASH(tpcds_partitioned_parquet_snap.customer_1.c_customer_id)] hosts=10 instances=10 (adjusted from 120)
|  |  Per-Instance Resources: mem-estimate=67.47MB mem-reservation=36.00MB thread-reservation=1 runtime-filters-memory=2.00MB
|  |  max-parallelism=10 segment-costs=[23653586] cpu-comparison-result=131 [max(10 (self) vs 131 (sum children))]
|  JOIN BUILD
|  |  join-table-id=00 plan-id=01 cohort-id=01
|  |  build expressions: tpcds_partitioned_parquet_snap.customer_1.c_customer_id
|  |  runtime filters: RF000[bloom] <- tpcds_partitioned_parquet_snap.customer_1.c_customer_id, RF001[min_max] <- tpcds_partitioned_parquet_snap.customer_1.c_customer_id
|  |  mem-estimate=51.76MB mem-reservation=34.00MB spill-buffer=2.00MB thread-reservation=0 cost=2280800
|  |
|  25:HASH JOIN [INNER JOIN, PARTITIONED]
|  |  hash-table-id=01
|  |  hash predicates: tpcds_partitioned_parquet_snap.customer_0.c_customer_id = tpcds_partitioned_parquet_snap.customer_1.c_customer_id
|  |  fk/pk conjuncts: tpcds_partitioned_parquet_snap.customer_0.c_customer_id = tpcds_partitioned_parquet_snap.customer_1.c_customer_id
|  |  mem-estimate=0B mem-reservation=0B spill-buffer=2.00MB thread-reservation=0
|  |  tuple-ids=13,20,27 row-size=216B cardinality=2.28M cost=8108280
|  |  in pipelines: 36(GETNEXT), 40(OPEN)
|  |
|  |--F21:PLAN FRAGMENT [HASH(tpcds_partitioned_parquet_snap.customer_1.c_customer_id)] hosts=10 instances=10 (adjusted from 120)
|  |  |  Per-Instance Resources: mem-estimate=51.82MB mem-reservation=36.00MB thread-reservation=1 runtime-filters-memory=2.00MB
|  |  |  max-parallelism=10 segment-costs=[14238147] cpu-comparison-result=81 [max(10 (self) vs 81 (sum children))]
|  |  JOIN BUILD
|  |  |  join-table-id=01 plan-id=02 cohort-id=02
|  |  |  build expressions: tpcds_partitioned_parquet_snap.customer_1.c_customer_id
|  |  |  runtime filters: RF006[bloom] <- tpcds_partitioned_parquet_snap.customer_1.c_customer_id, RF007[min_max] <- tpcds_partitioned_parquet_snap.customer_1.c_customer_id
|  |  |  mem-estimate=36.11MB mem-reservation=34.00MB spill-buffer=2.00MB thread-reservation=0 cost=2280800
|  |  |
|  |  24:HASH JOIN [INNER JOIN, PARTITIONED]
|  |  |  hash-table-id=02
|  |  |  hash predicates: tpcds_partitioned_parquet_snap.customer_1.c_customer_id = tpcds_partitioned_parquet_snap.customer_2.c_customer_id
|  |  |  fk/pk conjuncts: tpcds_partitioned_parquet_snap.customer_1.c_customer_id = tpcds_partitioned_parquet_snap.customer_2.c_customer_id
|  |  |  mem-estimate=0B mem-reservation=0B spill-buffer=2.00MB thread-reservation=0
|  |  |  tuple-ids=20,27 row-size=144B cardinality=2.28M cost=4651529
|  |  |  in pipelines: 40(GETNEXT), 45(OPEN)
|  |  |
|  |  |--F22:PLAN FRAGMENT [HASH(tpcds_partitioned_parquet_snap.customer_1.c_customer_id)] hosts=10 instances=10 (adjusted from 120)
|  |  |  |  Per-Instance Resources: mem-estimate=53.51MB mem-reservation=38.00MB thread-reservation=1 runtime-filters-memory=4.00MB
|  |  |  |  max-parallelism=10 segment-costs=[5972001] cpu-comparison-result=31 [max(10 (self) vs 31 (sum children))]
|  |  |  JOIN BUILD
|  |  |  |  join-table-id=02 plan-id=03 cohort-id=03
|  |  |  |  build expressions: tpcds_partitioned_parquet_snap.customer_2.c_customer_id
|  |  |  |  runtime filters: RF012[bloom] <- tpcds_partitioned_parquet_snap.customer_2.c_customer_id, RF013[min_max] <- tpcds_partitioned_parquet_snap.customer_2.c_customer_id
|  |  |  |  mem-estimate=38.02MB mem-reservation=34.00MB spill-buffer=2.00MB thread-reservation=0 cost=4141040
|  |  |  |
|  |  |  47:EXCHANGE [HASH(tpcds_partitioned_parquet_snap.customer_2.c_customer_id)]
|  |  |  |  mem-estimate=11.48MB mem-reservation=0B thread-reservation=0
|  |  |  |  tuple-ids=27 row-size=72B cardinality=4.14M cost=1830961
|  |  |  |  in pipelines: 45(GETNEXT)
|  |  |  |
|  |  |  F17:PLAN FRAGMENT [HASH(tpcds_partitioned_parquet_snap.customer_2.c_customer_id,tpcds_partitioned_parquet_snap.customer_2.c_first_name,tpcds_partitioned_parquet_snap.customer_2.c_last_name,tpcds_partitioned_parquet_snap.date_dim_2.d_year)] hosts=10 instances=20 (adjusted from 120)
|  |  |  Per-Instance Resources: mem-estimate=176.54MB mem-reservation=34.00MB thread-reservation=1
|  |  |  max-parallelism=30 segment-costs=[262738649, 21325954] cpu-comparison-result=31 [max(20 (self) vs 31 (sum children))]
|  |  |  45:AGGREGATE [FINALIZE]
|  |  |  |  output: max:merge(tpcds_partitioned_parquet_snap.web_sales_0.ws_net_paid)
|  |  |  |  group by: tpcds_partitioned_parquet_snap.customer_2.c_customer_id, tpcds_partitioned_parquet_snap.customer_2.c_first_name, tpcds_partitioned_parquet_snap.customer_2.c_last_name, tpcds_partitioned_parquet_snap.date_dim_2.d_year
|  |  |  |  having: max(tpcds_partitioned_parquet_snap.web_sales_0.ws_net_paid) > CAST(0 AS DECIMAL(3,0))
|  |  |  |  mem-estimate=165.80MB mem-reservation=34.00MB spill-buffer=2.00MB thread-reservation=0
|  |  |  |  tuple-ids=27 row-size=72B cardinality=4.14M cost=244429032
|  |  |  |  in pipelines: 45(GETNEXT), 18(OPEN)
|  |  |  |
|  |  |  44:EXCHANGE [HASH(tpcds_partitioned_parquet_snap.customer_2.c_customer_id,tpcds_partitioned_parquet_snap.customer_2.c_first_name,tpcds_partitioned_parquet_snap.customer_2.c_last_name,tpcds_partitioned_parquet_snap.date_dim_2.d_year)]
|  |  |  |  mem-estimate=10.74MB mem-reservation=0B thread-reservation=0
|  |  |  |  tuple-ids=27 row-size=72B cardinality=41.41M cost=18309617
|  |  |  |  in pipelines: 18(GETNEXT)
|  |  |  |
|  |  |  F15:PLAN FRAGMENT [HASH(tpcds_partitioned_parquet_snap.web_sales_0.ws_bill_customer_sk)] hosts=10 instances=10 (adjusted from 120)
|  |  |  Per-Instance Resources: mem-estimate=264.79MB mem-reservation=34.00MB thread-reservation=1
|  |  |  max-parallelism=70 segment-costs=[640233783, 213259547] cpu-comparison-result=31 [max(20 (self) vs 31 (sum children))]
|  |  |  23:AGGREGATE [STREAMING]
|  |  |  |  output: max(tpcds_partitioned_parquet_snap.web_sales_0.ws_net_paid)
|  |  |  |  group by: tpcds_partitioned_parquet_snap.customer_2.c_customer_id, tpcds_partitioned_parquet_snap.customer_2.c_first_name, tpcds_partitioned_parquet_snap.customer_2.c_last_name, tpcds_partitioned_parquet_snap.date_dim_2.d_year
|  |  |  |  mem-estimate=248.70MB mem-reservation=34.00MB spill-buffer=2.00MB thread-reservation=0
|  |  |  |  tuple-ids=27 row-size=72B cardinality=41.41M cost=244429032
|  |  |  |  in pipelines: 18(GETNEXT)
|  |  |  |
|  |  |  22:HASH JOIN [INNER JOIN, BROADCAST]
|  |  |  |  hash-table-id=03
|  |  |  |  hash predicates: tpcds_partitioned_parquet_snap.web_sales_0.ws_sold_date_sk = tpcds_partitioned_parquet_snap.date_dim_2.d_date_sk
|  |  |  |  fk/pk conjuncts: tpcds_partitioned_parquet_snap.web_sales_0.ws_sold_date_sk = tpcds_partitioned_parquet_snap.date_dim_2.d_date_sk
|  |  |  |  mem-estimate=0B mem-reservation=0B spill-buffer=64.00KB thread-reservation=0
|  |  |  |  tuple-ids=21,23,25 row-size=88B cardinality=41.41M cost=18125332
|  |  |  |  in pipelines: 18(GETNEXT), 21(OPEN)
|  |  |  |
|  |  |  |--F23:PLAN FRAGMENT [HASH(tpcds_partitioned_parquet_snap.web_sales_0.ws_bill_customer_sk)] hosts=10 instances=10
|  |  |  |  |  Per-Instance Resources: mem-estimate=2.95MB mem-reservation=2.94MB thread-reservation=1 runtime-filters-memory=1.00MB
|  |  |  |  |  max-parallelism=10 segment-costs=[88]
|  |  |  |  JOIN BUILD
|  |  |  |  |  join-table-id=03 plan-id=04 cohort-id=04
|  |  |  |  |  build expressions: tpcds_partitioned_parquet_snap.date_dim_2.d_date_sk
|  |  |  |  |  runtime filters: RF018[bloom] <- tpcds_partitioned_parquet_snap.date_dim_2.d_date_sk
|  |  |  |  |  mem-estimate=1.94MB mem-reservation=1.94MB spill-buffer=64.00KB thread-reservation=0 cost=38
|  |  |  |  |
|  |  |  |  43:EXCHANGE [BROADCAST]
|  |  |  |  |  mem-estimate=16.00KB mem-reservation=0B thread-reservation=0
|  |  |  |  |  tuple-ids=25 row-size=8B cardinality=38 cost=50
|  |  |  |  |  in pipelines: 21(GETNEXT)
|  |  |  |  |
|  |  |  |  F16:PLAN FRAGMENT [RANDOM] hosts=1 instances=1
|  |  |  |  Per-Instance Resources: mem-estimate=16.05MB mem-reservation=512.00KB thread-reservation=1
|  |  |  |  max-parallelism=1 segment-costs=[12521]
|  |  |  |  21:SCAN HDFS [tpcds_partitioned_parquet_snap.date_dim, RANDOM]
|  |  |  |     HDFS partitions=1/1 files=1 size=2.17MB
|  |  |  |     predicates: tpcds_partitioned_parquet_snap.date_dim_2.d_year = CAST(2001 AS INT), tpcds_partitioned_parquet_snap.date_dim_2.d_year = CAST(2001 AS INT) OR tpcds_partitioned_parquet_snap.date_dim_2.d_year = add(CAST(2001 AS INT), CAST(1 AS INT))
|  |  |  |     stored statistics:
|  |  |  |       table: rows=73.05K size=2.17MB
|  |  |  |       columns: all
|  |  |  |     extrapolated-rows=disabled max-scan-range-rows=73.05K
|  |  |  |     parquet statistics predicates: tpcds_partitioned_parquet_snap.date_dim_2.d_year = CAST(2001 AS INT)
|  |  |  |     parquet dictionary predicates: tpcds_partitioned_parquet_snap.date_dim_2.d_year = CAST(2001 AS INT), tpcds_partitioned_parquet_snap.date_dim_2.d_year = CAST(2001 AS INT) OR tpcds_partitioned_parquet_snap.date_dim_2.d_year = add(CAST(2001 AS INT), CAST(1 AS INT))
|  |  |  |     mem-estimate=16.00MB mem-reservation=512.00KB thread-reservation=0
|  |  |  |     tuple-ids=25 row-size=8B cardinality=38 cost=12520
|  |  |  |     in pipelines: 21(GETNEXT)
|  |  |  |
|  |  |  20:HASH JOIN [INNER JOIN, PARTITIONED]
|  |  |  |  hash-table-id=04
|  |  |  |  hash predicates: tpcds_partitioned_parquet_snap.web_sales_0.ws_bill_customer_sk = tpcds_partitioned_parquet_snap.customer_2.c_customer_sk
|  |  |  |  fk/pk conjuncts: tpcds_partitioned_parquet_snap.web_sales_0.ws_bill_customer_sk = tpcds_partitioned_parquet_snap.customer_2.c_customer_sk
|  |  |  |  mem-estimate=0B mem-reservation=0B spill-buffer=2.00MB thread-reservation=0
|  |  |  |  tuple-ids=21,23 row-size=80B cardinality=41.41M(filtered from 1.99G) cost=370792870
|  |  |  |  in pipelines: 18(GETNEXT), 19(OPEN)
|  |  |  |
|  |  |  |--F24:PLAN FRAGMENT [HASH(tpcds_partitioned_parquet_snap.web_sales_0.ws_bill_customer_sk)] hosts=10 instances=10 (adjusted from 120)
|  |  |  |  |  Per-Instance Resources: mem-estimate=281.96MB mem-reservation=34.00MB thread-reservation=1
|  |  |  |  |  max-parallelism=70 segment-costs=[42712506]
|  |  |  |  JOIN BUILD
|  |  |  |  |  join-table-id=04 plan-id=05 cohort-id=04
|  |  |  |  |  build expressions: tpcds_partitioned_parquet_snap.customer_2.c_customer_sk
|  |  |  |  |  runtime filters: RF021[min_max] <- tpcds_partitioned_parquet_snap.customer_2.c_customer_sk
|  |  |  |  |  mem-estimate=271.26MB mem-reservation=34.00MB spill-buffer=2.00MB thread-reservation=0 cost=30000000
|  |  |  |  |
|  |  |  |  42:EXCHANGE [HASH(tpcds_partitioned_parquet_snap.customer_2.c_customer_sk)]
|  |  |  |  |  mem-estimate=10.70MB mem-reservation=0B thread-reservation=0
|  |  |  |  |  tuple-ids=23 row-size=68B cardinality=30.00M cost=12712506
|  |  |  |  |  in pipelines: 19(GETNEXT)
|  |  |  |  |
|  |  |  |  F14:PLAN FRAGMENT [RANDOM] hosts=10 instances=10
|  |  |  |  Per-Instance Resources: mem-estimate=18.81MB mem-reservation=1.00MB thread-reservation=1
|  |  |  |  max-parallelism=10 segment-costs=[160579022]
|  |  |  |  19:SCAN HDFS [tpcds_partitioned_parquet_snap.customer, RANDOM]
|  |  |  |     HDFS partitions=1/1 files=1 size=1.55GB
|  |  |  |     stored statistics:
|  |  |  |       table: rows=30.00M size=1.55GB
|  |  |  |       columns: all
|  |  |  |     extrapolated-rows=disabled max-scan-range-rows=3.10M
|  |  |  |     mem-estimate=16.00MB mem-reservation=1.00MB thread-reservation=0
|  |  |  |     tuple-ids=23 row-size=68B cardinality=30.00M cost=13809933
|  |  |  |     in pipelines: 19(GETNEXT)
|  |  |  |
|  |  |  41:EXCHANGE [HASH(tpcds_partitioned_parquet_snap.web_sales_0.ws_bill_customer_sk)]
|  |  |  |  mem-estimate=10.16MB mem-reservation=0B thread-reservation=0
|  |  |  |  tuple-ids=21 row-size=12B cardinality=41.41M(filtered from 2.16G) cost=6886549
|  |  |  |  in pipelines: 18(GETNEXT)
|  |  |  |
|  |  |  F13:PLAN FRAGMENT [RANDOM] hosts=10 instances=10 (adjusted from 120)
|  |  |  Per-Host Shared Resources: mem-estimate=1.00MB mem-reservation=1.00MB thread-reservation=0 runtime-filters-memory=1.00MB
|  |  |  Per-Instance Resources: mem-estimate=16.62MB mem-reservation=128.00KB thread-reservation=1
|  |  |  max-parallelism=10 segment-costs=[61112480]
|  |  |  18:SCAN HDFS [tpcds_partitioned_parquet_snap.web_sales, RANDOM]
|  |  |     HDFS partitions=1824/1824 files=1824 size=145.75GB
|  |  |     runtime filters: RF021[min_max] -> tpcds_partitioned_parquet_snap.web_sales_0.ws_bill_customer_sk, RF018[bloom] -> tpcds_partitioned_parquet_snap.web_sales_0.ws_sold_date_sk
|  |  |     stored statistics:
|  |  |       table: rows=2.16G size=145.75GB
|  |  |       partitions: 1824/1824 rows=2.16G
|  |  |       columns: all
|  |  |     extrapolated-rows=disabled max-scan-range-rows=3.37M est-scan-range=39(filtered from 1824)
|  |  |     mem-estimate=16.00MB mem-reservation=128.00KB thread-reservation=0
|  |  |     tuple-ids=21 row-size=12B cardinality=41.41M(filtered from 2.16G) cost=7775884
|  |  |     in pipelines: 18(GETNEXT)
|  |  |
|  |  46:EXCHANGE [HASH(tpcds_partitioned_parquet_snap.customer_1.c_customer_id)]
|  |  |  mem-estimate=13.71MB mem-reservation=0B thread-reservation=0
|  |  |  tuple-ids=20 row-size=72B cardinality=16.52M cost=7305818
|  |  |  in pipelines: 40(GETNEXT)
|  |  |
|  |  F12:PLAN FRAGMENT [HASH(tpcds_partitioned_parquet_snap.customer_1.c_customer_id,tpcds_partitioned_parquet_snap.customer_1.c_first_name,tpcds_partitioned_parquet_snap.customer_1.c_last_name,tpcds_partitioned_parquet_snap.date_dim_1.d_year)] hosts=10 instances=50 (adjusted from 120)
|  |  Per-Instance Resources: mem-estimate=277.52MB mem-reservation=34.00MB thread-reservation=1
|  |  max-parallelism=110 segment-costs=[1048367529, 85093829] cpu-comparison-result=50 [max(50 (self) vs 39 (sum children))]
|  |  40:AGGREGATE [FINALIZE]
|  |  |  output: max:merge(tpcds_partitioned_parquet_snap.store_sales_0.ss_net_paid)
|  |  |  group by: tpcds_partitioned_parquet_snap.customer_1.c_customer_id, tpcds_partitioned_parquet_snap.customer_1.c_first_name, tpcds_partitioned_parquet_snap.customer_1.c_last_name, tpcds_partitioned_parquet_snap.date_dim_1.d_year
|  |  |  having: max(tpcds_partitioned_parquet_snap.store_sales_0.ss_net_paid) > CAST(0 AS DECIMAL(3,0))
|  |  |  mem-estimate=264.63MB mem-reservation=34.00MB spill-buffer=2.00MB thread-reservation=0
|  |  |  tuple-ids=20 row-size=72B cardinality=16.52M cost=975309346
|  |  |  in pipelines: 40(GETNEXT), 12(OPEN)
|  |  |
|  |  39:EXCHANGE [HASH(tpcds_partitioned_parquet_snap.customer_1.c_customer_id,tpcds_partitioned_parquet_snap.customer_1.c_first_name,tpcds_partitioned_parquet_snap.customer_1.c_last_name,tpcds_partitioned_parquet_snap.date_dim_1.d_year)]
|  |  |  mem-estimate=12.89MB mem-reservation=0B thread-reservation=0
|  |  |  tuple-ids=20 row-size=72B cardinality=165.23M cost=73058183
|  |  |  in pipelines: 12(GETNEXT)
|  |  |
|  |  F09:PLAN FRAGMENT [RANDOM] hosts=10 instances=39 (adjusted from 120)
|  |  Per-Host Shared Resources: mem-estimate=17.00MB mem-reservation=17.00MB thread-reservation=0 runtime-filters-memory=17.00MB
|  |  Per-Instance Resources: mem-estimate=285.29MB mem-reservation=42.00MB thread-reservation=1
|  |  max-parallelism=39 segment-costs=[2558256420, 850938318] cpu-comparison-result=39 [max(39 (self) vs 31 (sum children))]
|  |  17:AGGREGATE [STREAMING]
|  |  |  output: max(tpcds_partitioned_parquet_snap.store_sales_0.ss_net_paid)
|  |  |  group by: tpcds_partitioned_parquet_snap.customer_1.c_customer_id, tpcds_partitioned_parquet_snap.customer_1.c_first_name, tpcds_partitioned_parquet_snap.customer_1.c_last_name, tpcds_partitioned_parquet_snap.date_dim_1.d_year
|  |  |  mem-estimate=254.45MB mem-reservation=34.00MB spill-buffer=2.00MB thread-reservation=0
|  |  |  tuple-ids=20 row-size=72B cardinality=165.23M cost=975309346
|  |  |  in pipelines: 12(GETNEXT)
|  |  |
|  |  16:HASH JOIN [INNER JOIN, BROADCAST]
|  |  |  hash-table-id=05
|  |  |  hash predicates: tpcds_partitioned_parquet_snap.store_sales_0.ss_sold_date_sk = tpcds_partitioned_parquet_snap.date_dim_1.d_date_sk
|  |  |  fk/pk conjuncts: tpcds_partitioned_parquet_snap.store_sales_0.ss_sold_date_sk = tpcds_partitioned_parquet_snap.date_dim_1.d_date_sk
|  |  |  mem-estimate=0B mem-reservation=0B spill-buffer=64.00KB thread-reservation=0
|  |  |  tuple-ids=14,16,18 row-size=88B cardinality=165.23M cost=72322857
|  |  |  in pipelines: 12(GETNEXT), 15(OPEN)
|  |  |
|  |  |--F25:PLAN FRAGMENT [RANDOM] hosts=10 instances=10
|  |  |  |  Per-Instance Resources: mem-estimate=8.77MB mem-reservation=8.75MB thread-reservation=1 runtime-filters-memory=1.00MB
|  |  |  |  max-parallelism=10 segment-costs=[88]
|  |  |  JOIN BUILD
|  |  |  |  join-table-id=05 plan-id=06 cohort-id=03
|  |  |  |  build expressions: tpcds_partitioned_parquet_snap.date_dim_1.d_date_sk
|  |  |  |  runtime filters: RF014[bloom] <- tpcds_partitioned_parquet_snap.date_dim_1.d_date_sk
|  |  |  |  mem-estimate=7.75MB mem-reservation=7.75MB spill-buffer=64.00KB thread-reservation=0 cost=38
|  |  |  |
|  |  |  38:EXCHANGE [BROADCAST]
|  |  |  |  mem-estimate=16.00KB mem-reservation=0B thread-reservation=0
|  |  |  |  tuple-ids=18 row-size=8B cardinality=38 cost=50
|  |  |  |  in pipelines: 15(GETNEXT)
|  |  |  |
|  |  |  F11:PLAN FRAGMENT [RANDOM] hosts=1 instances=1
|  |  |  Per-Instance Resources: mem-estimate=16.05MB mem-reservation=512.00KB thread-reservation=1
|  |  |  max-parallelism=1 segment-costs=[12521]
|  |  |  15:SCAN HDFS [tpcds_partitioned_parquet_snap.date_dim, RANDOM]
|  |  |     HDFS partitions=1/1 files=1 size=2.17MB
|  |  |     predicates: tpcds_partitioned_parquet_snap.date_dim_1.d_year = CAST(2001 AS INT), tpcds_partitioned_parquet_snap.date_dim_1.d_year = CAST(2001 AS INT) OR tpcds_partitioned_parquet_snap.date_dim_1.d_year = add(CAST(2001 AS INT), CAST(1 AS INT))
|  |  |     stored statistics:
|  |  |       table: rows=73.05K size=2.17MB
|  |  |       columns: all
|  |  |     extrapolated-rows=disabled max-scan-range-rows=73.05K
|  |  |     parquet statistics predicates: tpcds_partitioned_parquet_snap.date_dim_1.d_year = CAST(2001 AS INT)
|  |  |     parquet dictionary predicates: tpcds_partitioned_parquet_snap.date_dim_1.d_year = CAST(2001 AS INT), tpcds_partitioned_parquet_snap.date_dim_1.d_year = CAST(2001 AS INT) OR tpcds_partitioned_parquet_snap.date_dim_1.d_year = add(CAST(2001 AS INT), CAST(1 AS INT))
|  |  |     mem-estimate=16.00MB mem-reservation=512.00KB thread-reservation=0
|  |  |     tuple-ids=18 row-size=8B cardinality=38 cost=12520
|  |  |     in pipelines: 15(GETNEXT)
|  |  |
|  |  14:HASH JOIN [INNER JOIN, BROADCAST]
|  |  |  hash-table-id=06
|  |  |  hash predicates: tpcds_partitioned_parquet_snap.store_sales_0.ss_customer_sk = tpcds_partitioned_parquet_snap.customer_1.c_customer_sk
|  |  |  fk/pk conjuncts: tpcds_partitioned_parquet_snap.store_sales_0.ss_customer_sk = tpcds_partitioned_parquet_snap.customer_1.c_customer_sk
|  |  |  mem-estimate=0B mem-reservation=0B spill-buffer=2.00MB thread-reservation=0
|  |  |  tuple-ids=14,16 row-size=80B cardinality=165.23M(filtered from 7.93G) cost=1479520451
|  |  |  in pipelines: 12(GETNEXT), 13(OPEN)
|  |  |
|  |  |--F26:PLAN FRAGMENT [RANDOM] hosts=10 instances=10
|  |  |  |  Per-Instance Resources: mem-estimate=2.68GB mem-reservation=152.00MB thread-reservation=1 runtime-filters-memory=16.00MB
|  |  |  |  max-parallelism=10 segment-costs=[69869990]
|  |  |  JOIN BUILD
|  |  |  |  join-table-id=06 plan-id=07 cohort-id=03
|  |  |  |  build expressions: tpcds_partitioned_parquet_snap.customer_1.c_customer_sk
|  |  |  |  runtime filters: RF016[bloom] <- tpcds_partitioned_parquet_snap.customer_1.c_customer_sk, RF017[min_max] <- tpcds_partitioned_parquet_snap.customer_1.c_customer_sk
|  |  |  |  mem-estimate=2.65GB mem-reservation=136.00MB spill-buffer=2.00MB thread-reservation=0 cost=30000000
|  |  |  |
|  |  |  37:EXCHANGE [BROADCAST]
|  |  |  |  mem-estimate=10.70MB mem-reservation=0B thread-reservation=0
|  |  |  |  tuple-ids=16 row-size=68B cardinality=30.00M cost=39869990
|  |  |  |  in pipelines: 13(GETNEXT)
|  |  |  |
|  |  |  F10:PLAN FRAGMENT [RANDOM] hosts=10 instances=10
|  |  |  Per-Host Shared Resources: mem-estimate=4.00MB mem-reservation=4.00MB thread-reservation=0 runtime-filters-memory=4.00MB
|  |  |  Per-Instance Resources: mem-estimate=16.28MB mem-reservation=1.00MB thread-reservation=1
|  |  |  max-parallelism=10 segment-costs=[19963295]
|  |  |  13:SCAN HDFS [tpcds_partitioned_parquet_snap.customer, RANDOM]
|  |  |     HDFS partitions=1/1 files=1 size=1.55GB
|  |  |     runtime filters: RF013[min_max] -> tpcds_partitioned_parquet_snap.customer_1.c_customer_id, RF012[bloom] -> tpcds_partitioned_parquet_snap.customer_1.c_customer_id
|  |  |     stored statistics:
|  |  |       table: rows=30.00M size=1.55GB
|  |  |       columns: all
|  |  |     extrapolated-rows=disabled max-scan-range-rows=3.10M
|  |  |     mem-estimate=16.00MB mem-reservation=1.00MB thread-reservation=0
|  |  |     tuple-ids=16 row-size=68B cardinality=30.00M cost=13809933
|  |  |     in pipelines: 13(GETNEXT)
|  |  |
|  |  12:SCAN HDFS [tpcds_partitioned_parquet_snap.store_sales, RANDOM]
|  |     HDFS partitions=1824/1824 files=1824 size=389.90GB
|  |     runtime filters: RF017[min_max] -> tpcds_partitioned_parquet_snap.store_sales_0.ss_customer_sk, RF014[bloom] -> tpcds_partitioned_parquet_snap.store_sales_0.ss_sold_date_sk, RF016[bloom] -> tpcds_partitioned_parquet_snap.store_sales_0.ss_customer_sk
|  |     stored statistics:
|  |       table: rows=8.64G size=389.90GB
|  |       partitions: 1824/1824 rows=8.64G
|  |       columns: all
|  |     extrapolated-rows=disabled max-scan-range-rows=390.22M est-scan-range=39(filtered from 1824)
|  |     mem-estimate=16.00MB mem-reservation=8.00MB thread-reservation=0
|  |     tuple-ids=14 row-size=12B cardinality=165.23M(filtered from 8.64G) cost=31103766
|  |     in pipelines: 12(GETNEXT)
|  |
|  48:EXCHANGE [HASH(tpcds_partitioned_parquet_snap.customer_0.c_customer_id)]
|  |  mem-estimate=13.71MB mem-reservation=0B thread-reservation=0
|  |  tuple-ids=13 row-size=72B cardinality=30.00M cost=13264506
|  |  in pipelines: 36(GETNEXT)
|  |
|  F08:PLAN FRAGMENT [HASH(tpcds_partitioned_parquet_snap.customer_0.c_customer_id,tpcds_partitioned_parquet_snap.customer_0.c_first_name,tpcds_partitioned_parquet_snap.customer_0.c_last_name,tpcds_partitioned_parquet_snap.date_dim_0.d_year)] hosts=10 instances=50 (adjusted from 120)
|  Per-Instance Resources: mem-estimate=271.54MB mem-reservation=34.00MB thread-reservation=1
|  max-parallelism=50 segment-costs=[429178246, 154497089] cpu-comparison-result=50 [max(50 (self) vs 39 (sum children))]
|  36:AGGREGATE [FINALIZE]
|  |  output: max:merge(tpcds_partitioned_parquet_snap.store_sales.ss_net_paid)
|  |  group by: tpcds_partitioned_parquet_snap.customer_0.c_customer_id, tpcds_partitioned_parquet_snap.customer_0.c_first_name, tpcds_partitioned_parquet_snap.customer_0.c_last_name, tpcds_partitioned_parquet_snap.date_dim_0.d_year
|  |  mem-estimate=258.65MB mem-reservation=34.00MB spill-buffer=2.00MB thread-reservation=0
|  |  tuple-ids=13 row-size=72B cardinality=30.00M cost=357771270
|  |  in pipelines: 36(GETNEXT), 06(OPEN)
|  |
|  35:EXCHANGE [HASH(tpcds_partitioned_parquet_snap.customer_0.c_customer_id,tpcds_partitioned_parquet_snap.customer_0.c_first_name,tpcds_partitioned_parquet_snap.customer_0.c_last_name,tpcds_partitioned_parquet_snap.date_dim_0.d_year)]
|  |  mem-estimate=12.89MB mem-reservation=0B thread-reservation=0
|  |  tuple-ids=13 row-size=72B cardinality=161.50M cost=71406976
|  |  in pipelines: 06(GETNEXT)
|  |
|  F05:PLAN FRAGMENT [RANDOM] hosts=10 instances=39 (adjusted from 120)
|  Per-Host Shared Resources: mem-estimate=17.00MB mem-reservation=17.00MB thread-reservation=0 runtime-filters-memory=17.00MB
|  Per-Instance Resources: mem-estimate=285.29MB mem-reservation=42.00MB thread-reservation=1
|  max-parallelism=39 segment-costs=[2541344764, 831706037] cpu-comparison-result=39 [max(39 (self) vs 31 (sum children))]
|  11:AGGREGATE [STREAMING]
|  |  output: max(tpcds_partitioned_parquet_snap.store_sales.ss_net_paid)
|  |  group by: tpcds_partitioned_parquet_snap.customer_0.c_customer_id, tpcds_partitioned_parquet_snap.customer_0.c_first_name, tpcds_partitioned_parquet_snap.customer_0.c_last_name, tpcds_partitioned_parquet_snap.date_dim_0.d_year
|  |  mem-estimate=254.45MB mem-reservation=34.00MB spill-buffer=2.00MB thread-reservation=0
|  |  tuple-ids=13 row-size=72B cardinality=161.50M cost=958397690
|  |  in pipelines: 06(GETNEXT)
|  |
|  10:HASH JOIN [INNER JOIN, BROADCAST]
|  |  hash-table-id=07
|  |  hash predicates: tpcds_partitioned_parquet_snap.store_sales.ss_sold_date_sk = tpcds_partitioned_parquet_snap.date_dim_0.d_date_sk
|  |  fk/pk conjuncts: tpcds_partitioned_parquet_snap.store_sales.ss_sold_date_sk = tpcds_partitioned_parquet_snap.date_dim_0.d_date_sk
|  |  mem-estimate=0B mem-reservation=0B spill-buffer=64.00KB thread-reservation=0
|  |  tuple-ids=7,9,11 row-size=88B cardinality=165.23M cost=72322857
|  |  in pipelines: 06(GETNEXT), 09(OPEN)
|  |
|  |--F27:PLAN FRAGMENT [RANDOM] hosts=10 instances=10
|  |  |  Per-Instance Resources: mem-estimate=8.77MB mem-reservation=8.75MB thread-reservation=1 runtime-filters-memory=1.00MB
|  |  |  max-parallelism=10 segment-costs=[88]
|  |  JOIN BUILD
|  |  |  join-table-id=07 plan-id=08 cohort-id=02
|  |  |  build expressions: tpcds_partitioned_parquet_snap.date_dim_0.d_date_sk
|  |  |  runtime filters: RF008[bloom] <- tpcds_partitioned_parquet_snap.date_dim_0.d_date_sk
|  |  |  mem-estimate=7.75MB mem-reservation=7.75MB spill-buffer=64.00KB thread-reservation=0 cost=38
|  |  |
|  |  34:EXCHANGE [BROADCAST]
|  |  |  mem-estimate=16.00KB mem-reservation=0B thread-reservation=0
|  |  |  tuple-ids=11 row-size=8B cardinality=38 cost=50
|  |  |  in pipelines: 09(GETNEXT)
|  |  |
|  |  F07:PLAN FRAGMENT [RANDOM] hosts=1 instances=1
|  |  Per-Instance Resources: mem-estimate=16.05MB mem-reservation=512.00KB thread-reservation=1
|  |  max-parallelism=1 segment-costs=[12521]
|  |  09:SCAN HDFS [tpcds_partitioned_parquet_snap.date_dim, RANDOM]
|  |     HDFS partitions=1/1 files=1 size=2.17MB
|  |     predicates: tpcds_partitioned_parquet_snap.date_dim_0.d_year = add(CAST(2001 AS INT), CAST(1 AS INT)), tpcds_partitioned_parquet_snap.date_dim_0.d_year = CAST(2001 AS INT) OR tpcds_partitioned_parquet_snap.date_dim_0.d_year = add(CAST(2001 AS INT), CAST(1 AS INT))
|  |     stored statistics:
|  |       table: rows=73.05K size=2.17MB
|  |       columns: all
|  |     extrapolated-rows=disabled max-scan-range-rows=73.05K
|  |     parquet statistics predicates: tpcds_partitioned_parquet_snap.date_dim_0.d_year = add(CAST(2001 AS INT), CAST(1 AS INT))
|  |     parquet dictionary predicates: tpcds_partitioned_parquet_snap.date_dim_0.d_year = add(CAST(2001 AS INT), CAST(1 AS INT)), tpcds_partitioned_parquet_snap.date_dim_0.d_year = CAST(2001 AS INT) OR tpcds_partitioned_parquet_snap.date_dim_0.d_year = add(CAST(2001 AS INT), CAST(1 AS INT))
|  |     mem-estimate=16.00MB mem-reservation=512.00KB thread-reservation=0
|  |     tuple-ids=11 row-size=8B cardinality=38 cost=12520
|  |     in pipelines: 09(GETNEXT)
|  |
|  08:HASH JOIN [INNER JOIN, BROADCAST]
|  |  hash-table-id=08
|  |  hash predicates: tpcds_partitioned_parquet_snap.store_sales.ss_customer_sk = tpcds_partitioned_parquet_snap.customer_0.c_customer_sk
|  |  fk/pk conjuncts: tpcds_partitioned_parquet_snap.store_sales.ss_customer_sk = tpcds_partitioned_parquet_snap.customer_0.c_customer_sk
|  |  mem-estimate=0B mem-reservation=0B spill-buffer=2.00MB thread-reservation=0
|  |  tuple-ids=7,9 row-size=80B cardinality=165.23M(filtered from 7.93G) cost=1479520451
|  |  in pipelines: 06(GETNEXT), 07(OPEN)
|  |
|  |--F28:PLAN FRAGMENT [RANDOM] hosts=10 instances=10
|  |  |  Per-Instance Resources: mem-estimate=2.68GB mem-reservation=152.00MB thread-reservation=1 runtime-filters-memory=16.00MB
|  |  |  max-parallelism=10 segment-costs=[69869990]
|  |  JOIN BUILD
|  |  |  join-table-id=08 plan-id=09 cohort-id=02
|  |  |  build expressions: tpcds_partitioned_parquet_snap.customer_0.c_customer_sk
|  |  |  runtime filters: RF010[bloom] <- tpcds_partitioned_parquet_snap.customer_0.c_customer_sk, RF011[min_max] <- tpcds_partitioned_parquet_snap.customer_0.c_customer_sk
|  |  |  mem-estimate=2.65GB mem-reservation=136.00MB spill-buffer=2.00MB thread-reservation=0 cost=30000000
|  |  |
|  |  33:EXCHANGE [BROADCAST]
|  |  |  mem-estimate=10.70MB mem-reservation=0B thread-reservation=0
|  |  |  tuple-ids=9 row-size=68B cardinality=30.00M cost=39869990
|  |  |  in pipelines: 07(GETNEXT)
|  |  |
|  |  F06:PLAN FRAGMENT [RANDOM] hosts=10 instances=10
|  |  Per-Host Shared Resources: mem-estimate=2.00MB mem-reservation=2.00MB thread-reservation=0 runtime-filters-memory=2.00MB
|  |  Per-Instance Resources: mem-estimate=16.28MB mem-reservation=1.00MB thread-reservation=1
|  |  max-parallelism=10 segment-costs=[19963295]
|  |  07:SCAN HDFS [tpcds_partitioned_parquet_snap.customer, RANDOM]
|  |     HDFS partitions=1/1 files=1 size=1.55GB
|  |     runtime filters: RF007[min_max] -> tpcds_partitioned_parquet_snap.customer_0.c_customer_id, RF006[bloom] -> tpcds_partitioned_parquet_snap.customer_0.c_customer_id
|  |     stored statistics:
|  |       table: rows=30.00M size=1.55GB
|  |       columns: all
|  |     extrapolated-rows=disabled max-scan-range-rows=3.10M
|  |     mem-estimate=16.00MB mem-reservation=1.00MB thread-reservation=0
|  |     tuple-ids=9 row-size=68B cardinality=30.00M cost=13809933
|  |     in pipelines: 07(GETNEXT)
|  |
|  06:SCAN HDFS [tpcds_partitioned_parquet_snap.store_sales, RANDOM]
|     HDFS partitions=1824/1824 files=1824 size=389.90GB
|     runtime filters: RF011[min_max] -> tpcds_partitioned_parquet_snap.store_sales.ss_customer_sk, RF008[bloom] -> tpcds_partitioned_parquet_snap.store_sales.ss_sold_date_sk, RF010[bloom] -> tpcds_partitioned_parquet_snap.store_sales.ss_customer_sk
|     stored statistics:
|       table: rows=8.64G size=389.90GB
|       partitions: 1824/1824 rows=8.64G
|       columns: all
|     extrapolated-rows=disabled max-scan-range-rows=390.22M est-scan-range=39(filtered from 1824)
|     mem-estimate=16.00MB mem-reservation=8.00MB thread-reservation=0
|     tuple-ids=7 row-size=12B cardinality=165.23M(filtered from 8.64G) cost=31103766
|     in pipelines: 06(GETNEXT)
|
49:EXCHANGE [HASH(tpcds_partitioned_parquet_snap.customer.c_customer_id)]
|  mem-estimate=11.48MB mem-reservation=0B thread-reservation=0
|  tuple-ids=6 row-size=72B cardinality=30.00M cost=13264506
|  in pipelines: 32(GETNEXT)
|
F04:PLAN FRAGMENT [HASH(tpcds_partitioned_parquet_snap.customer.c_customer_id,tpcds_partitioned_parquet_snap.customer.c_first_name,tpcds_partitioned_parquet_snap.customer.c_last_name,tpcds_partitioned_parquet_snap.date_dim.d_year)] hosts=10 instances=20 (adjusted from 120)
Per-Instance Resources: mem-estimate=175.59MB mem-reservation=34.00MB thread-reservation=1
max-parallelism=30 segment-costs=[210635833, 154497089] cpu-comparison-result=31 [max(20 (self) vs 31 (sum children))]
32:AGGREGATE [FINALIZE]
|  output: max:merge(tpcds_partitioned_parquet_snap.web_sales.ws_net_paid)
|  group by: tpcds_partitioned_parquet_snap.customer.c_customer_id, tpcds_partitioned_parquet_snap.customer.c_first_name, tpcds_partitioned_parquet_snap.customer.c_last_name, tpcds_partitioned_parquet_snap.date_dim.d_year
|  mem-estimate=164.85MB mem-reservation=34.00MB spill-buffer=2.00MB thread-reservation=0
|  tuple-ids=6 row-size=72B cardinality=30.00M cost=192431094
|  in pipelines: 32(GETNEXT), 00(OPEN)
|
31:EXCHANGE [HASH(tpcds_partitioned_parquet_snap.customer.c_customer_id,tpcds_partitioned_parquet_snap.customer.c_first_name,tpcds_partitioned_parquet_snap.customer.c_last_name,tpcds_partitioned_parquet_snap.date_dim.d_year)]
|  mem-estimate=10.74MB mem-reservation=0B thread-reservation=0
|  tuple-ids=6 row-size=72B cardinality=41.17M cost=18204739
|  in pipelines: 00(GETNEXT)
|
F02:PLAN FRAGMENT [HASH(tpcds_partitioned_parquet_snap.web_sales.ws_bill_customer_sk)] hosts=10 instances=10 (adjusted from 120)
Per-Instance Resources: mem-estimate=264.79MB mem-reservation=34.00MB thread-reservation=1
max-parallelism=70 segment-costs=[639159619, 212037985] cpu-comparison-result=31 [max(20 (self) vs 31 (sum children))]
05:AGGREGATE [STREAMING]
|  output: max(tpcds_partitioned_parquet_snap.web_sales.ws_net_paid)
|  group by: tpcds_partitioned_parquet_snap.customer.c_customer_id, tpcds_partitioned_parquet_snap.customer.c_first_name, tpcds_partitioned_parquet_snap.customer.c_last_name, tpcds_partitioned_parquet_snap.date_dim.d_year
|  mem-estimate=248.70MB mem-reservation=34.00MB spill-buffer=2.00MB thread-reservation=0
|  tuple-ids=6 row-size=72B cardinality=41.17M cost=243354868
|  in pipelines: 00(GETNEXT)
|
04:HASH JOIN [INNER JOIN, BROADCAST]
|  hash-table-id=09
|  hash predicates: tpcds_partitioned_parquet_snap.web_sales.ws_sold_date_sk = tpcds_partitioned_parquet_snap.date_dim.d_date_sk
|  fk/pk conjuncts: tpcds_partitioned_parquet_snap.web_sales.ws_sold_date_sk = tpcds_partitioned_parquet_snap.date_dim.d_date_sk
|  mem-estimate=0B mem-reservation=0B spill-buffer=64.00KB thread-reservation=0
|  tuple-ids=0,2,4 row-size=88B cardinality=41.41M cost=18125332
|  in pipelines: 00(GETNEXT), 03(OPEN)
|
|--F29:PLAN FRAGMENT [HASH(tpcds_partitioned_parquet_snap.web_sales.ws_bill_customer_sk)] hosts=10 instances=10
|  |  Per-Instance Resources: mem-estimate=2.95MB mem-reservation=2.94MB thread-reservation=1 runtime-filters-memory=1.00MB
|  |  max-parallelism=10 segment-costs=[88]
|  JOIN BUILD
|  |  join-table-id=09 plan-id=10 cohort-id=01
|  |  build expressions: tpcds_partitioned_parquet_snap.date_dim.d_date_sk
|  |  runtime filters: RF002[bloom] <- tpcds_partitioned_parquet_snap.date_dim.d_date_sk
|  |  mem-estimate=1.94MB mem-reservation=1.94MB spill-buffer=64.00KB thread-reservation=0 cost=38
|  |
|  30:EXCHANGE [BROADCAST]
|  |  mem-estimate=16.00KB mem-reservation=0B thread-reservation=0
|  |  tuple-ids=4 row-size=8B cardinality=38 cost=50
|  |  in pipelines: 03(GETNEXT)
|  |
|  F03:PLAN FRAGMENT [RANDOM] hosts=1 instances=1
|  Per-Instance Resources: mem-estimate=16.05MB mem-reservation=512.00KB thread-reservation=1
|  max-parallelism=1 segment-costs=[12521]
|  03:SCAN HDFS [tpcds_partitioned_parquet_snap.date_dim, RANDOM]
|     HDFS partitions=1/1 files=1 size=2.17MB
|     predicates: tpcds_partitioned_parquet_snap.date_dim.d_year = add(CAST(2001 AS INT), CAST(1 AS INT)), tpcds_partitioned_parquet_snap.date_dim.d_year = CAST(2001 AS INT) OR tpcds_partitioned_parquet_snap.date_dim.d_year = add(CAST(2001 AS INT), CAST(1 AS INT))
|     stored statistics:
|       table: rows=73.05K size=2.17MB
|       columns: all
|     extrapolated-rows=disabled max-scan-range-rows=73.05K
|     parquet statistics predicates: tpcds_partitioned_parquet_snap.date_dim.d_year = add(CAST(2001 AS INT), CAST(1 AS INT))
|     parquet dictionary predicates: tpcds_partitioned_parquet_snap.date_dim.d_year = add(CAST(2001 AS INT), CAST(1 AS INT)), tpcds_partitioned_parquet_snap.date_dim.d_year = CAST(2001 AS INT) OR tpcds_partitioned_parquet_snap.date_dim.d_year = add(CAST(2001 AS INT), CAST(1 AS INT))
|     mem-estimate=16.00MB mem-reservation=512.00KB thread-reservation=0
|     tuple-ids=4 row-size=8B cardinality=38 cost=12520
|     in pipelines: 03(GETNEXT)
|
02:HASH JOIN [INNER JOIN, PARTITIONED]
|  hash-table-id=10
|  hash predicates: tpcds_partitioned_parquet_snap.web_sales.ws_bill_customer_sk = tpcds_partitioned_parquet_snap.customer.c_customer_sk
|  fk/pk conjuncts: tpcds_partitioned_parquet_snap.web_sales.ws_bill_customer_sk = tpcds_partitioned_parquet_snap.customer.c_customer_sk
|  mem-estimate=0B mem-reservation=0B spill-buffer=2.00MB thread-reservation=0
|  tuple-ids=0,2 row-size=80B cardinality=41.41M(filtered from 1.99G) cost=370792870
|  in pipelines: 00(GETNEXT), 01(OPEN)
|
|--F30:PLAN FRAGMENT [HASH(tpcds_partitioned_parquet_snap.web_sales.ws_bill_customer_sk)] hosts=10 instances=10 (adjusted from 120)
|  |  Per-Instance Resources: mem-estimate=297.96MB mem-reservation=50.00MB thread-reservation=1 runtime-filters-memory=16.00MB
|  |  max-parallelism=70 segment-costs=[42712506]
|  JOIN BUILD
|  |  join-table-id=10 plan-id=11 cohort-id=01
|  |  build expressions: tpcds_partitioned_parquet_snap.customer.c_customer_sk
|  |  runtime filters: RF004[bloom] <- tpcds_partitioned_parquet_snap.customer.c_customer_sk, RF005[min_max] <- tpcds_partitioned_parquet_snap.customer.c_customer_sk
|  |  mem-estimate=271.26MB mem-reservation=34.00MB spill-buffer=2.00MB thread-reservation=0 cost=30000000
|  |
|  29:EXCHANGE [HASH(tpcds_partitioned_parquet_snap.customer.c_customer_sk)]
|  |  mem-estimate=10.70MB mem-reservation=0B thread-reservation=0
|  |  tuple-ids=2 row-size=68B cardinality=30.00M cost=12712506
|  |  in pipelines: 01(GETNEXT)
|  |
|  F01:PLAN FRAGMENT [RANDOM] hosts=10 instances=10
|  Per-Host Shared Resources: mem-estimate=2.00MB mem-reservation=2.00MB thread-reservation=0 runtime-filters-memory=2.00MB
|  Per-Instance Resources: mem-estimate=18.81MB mem-reservation=1.00MB thread-reservation=1
|  max-parallelism=10 segment-costs=[160579022]
|  01:SCAN HDFS [tpcds_partitioned_parquet_snap.customer, RANDOM]
|     HDFS partitions=1/1 files=1 size=1.55GB
|     runtime filters: RF001[min_max] -> tpcds_partitioned_parquet_snap.customer.c_customer_id, RF000[bloom] -> tpcds_partitioned_parquet_snap.customer.c_customer_id
|     stored statistics:
|       table: rows=30.00M size=1.55GB
|       columns: all
|     extrapolated-rows=disabled max-scan-range-rows=3.10M
|     mem-estimate=16.00MB mem-reservation=1.00MB thread-reservation=0
|     tuple-ids=2 row-size=68B cardinality=30.00M cost=13809933
|     in pipelines: 01(GETNEXT)
|
28:EXCHANGE [HASH(tpcds_partitioned_parquet_snap.web_sales.ws_bill_customer_sk)]
|  mem-estimate=10.16MB mem-reservation=0B thread-reservation=0
|  tuple-ids=0 row-size=12B cardinality=41.41M(filtered from 2.16G) cost=6886549
|  in pipelines: 00(GETNEXT)
|
F00:PLAN FRAGMENT [RANDOM] hosts=10 instances=10 (adjusted from 120)
Per-Host Shared Resources: mem-estimate=17.00MB mem-reservation=17.00MB thread-reservation=0 runtime-filters-memory=17.00MB
Per-Instance Resources: mem-estimate=16.62MB mem-reservation=128.00KB thread-reservation=1
max-parallelism=10 segment-costs=[61112480]
00:SCAN HDFS [tpcds_partitioned_parquet_snap.web_sales, RANDOM]
   HDFS partitions=1824/1824 files=1824 size=145.75GB
   runtime filters: RF005[min_max] -> tpcds_partitioned_parquet_snap.web_sales.ws_bill_customer_sk, RF002[bloom] -> tpcds_partitioned_parquet_snap.web_sales.ws_sold_date_sk, RF004[bloom] -> tpcds_partitioned_parquet_snap.web_sales.ws_bill_customer_sk
   stored statistics:
     table: rows=2.16G size=145.75GB
     partitions: 1824/1824 rows=2.16G
     columns: all
   extrapolated-rows=disabled max-scan-range-rows=3.37M est-scan-range=39(filtered from 1824)
   mem-estimate=16.00MB mem-reservation=128.00KB thread-reservation=0
   tuple-ids=0 row-size=12B cardinality=41.41M(filtered from 2.16G) cost=7775884
   in pipelines: 00(GETNEXT)
====
