# TPCDS-Q14b second of two queries
with  cross_items as
 (select i_item_sk ss_item_sk
 from item,
 (select iss.i_brand_id brand_id
     ,iss.i_class_id class_id
     ,iss.i_category_id category_id
 from store_sales
     ,item iss
     ,date_dim d1
 where ss_item_sk = iss.i_item_sk
   and ss_sold_date_sk = d1.d_date_sk
   and d1.d_year between 1998 AND 1998 + 2
 intersect
 select ics.i_brand_id
     ,ics.i_class_id
     ,ics.i_category_id
 from catalog_sales
     ,item ics
     ,date_dim d2
 where cs_item_sk = ics.i_item_sk
   and cs_sold_date_sk = d2.d_date_sk
   and d2.d_year between 1998 AND 1998 + 2
 intersect
 select iws.i_brand_id
     ,iws.i_class_id
     ,iws.i_category_id
 from web_sales
     ,item iws
     ,date_dim d3
 where ws_item_sk = iws.i_item_sk
   and ws_sold_date_sk = d3.d_date_sk
   and d3.d_year between 1998 AND 1998 + 2) x
 where i_brand_id = brand_id
      and i_class_id = class_id
      and i_category_id = category_id
),
 avg_sales as
(select avg(quantity*list_price) average_sales
  from (select ss_quantity quantity
             ,ss_list_price list_price
       from store_sales
           ,date_dim
       where ss_sold_date_sk = d_date_sk
         and d_year between 1998 and 1998 + 2
       union all
       select cs_quantity quantity
             ,cs_list_price list_price
       from catalog_sales
           ,date_dim
       where cs_sold_date_sk = d_date_sk
         and d_year between 1998 and 1998 + 2
       union all
       select ws_quantity quantity
             ,ws_list_price list_price
       from web_sales
           ,date_dim
       where ws_sold_date_sk = d_date_sk
         and d_year between 1998 and 1998 + 2) x)
  select  this_year.channel ty_channel
                           ,this_year.i_brand_id ty_brand
                           ,this_year.i_class_id ty_class
                           ,this_year.i_category_id ty_category
                           ,this_year.sales ty_sales
                           ,this_year.number_sales ty_number_sales
                           ,last_year.channel ly_channel
                           ,last_year.i_brand_id ly_brand
                           ,last_year.i_class_id ly_class
                           ,last_year.i_category_id ly_category
                           ,last_year.sales ly_sales
                           ,last_year.number_sales ly_number_sales
 from
 (select 'store' channel, i_brand_id,i_class_id,i_category_id
        ,sum(ss_quantity*ss_list_price) sales, count(*) number_sales
 from store_sales
     ,item
     ,date_dim
 where ss_item_sk in (select ss_item_sk from cross_items)
   and ss_item_sk = i_item_sk
   and ss_sold_date_sk = d_date_sk
   and d_week_seq = (select d_week_seq
                     from date_dim
                     where d_year = 1998 + 1
                       and d_moy = 12
                       and d_dom = 20)
 group by i_brand_id,i_class_id,i_category_id
 having sum(ss_quantity*ss_list_price) > (select average_sales from avg_sales)) this_year,
 (select 'store' channel, i_brand_id,i_class_id
        ,i_category_id, sum(ss_quantity*ss_list_price) sales, count(*) number_sales
 from store_sales
     ,item
     ,date_dim
 where ss_item_sk in (select ss_item_sk from cross_items)
   and ss_item_sk = i_item_sk
   and ss_sold_date_sk = d_date_sk
   and d_week_seq = (select d_week_seq
                     from date_dim
                     where d_year = 1998
                       and d_moy = 12
                       and d_dom = 20)
 group by i_brand_id,i_class_id,i_category_id
 having sum(ss_quantity*ss_list_price) > (select average_sales from avg_sales)) last_year
 where this_year.i_brand_id= last_year.i_brand_id
   and this_year.i_class_id = last_year.i_class_id
   and this_year.i_category_id = last_year.i_category_id
 order by this_year.channel, this_year.i_brand_id, this_year.i_class_id, this_year.i_category_id
 limit 100

# end query 14 in stream 0 using template query14.tpl
---- PLAN
Max Per-Host Resource Reservation: Memory=362.38MB Threads=1
Per-Host Resource Estimates: Memory=1001MB
F00:PLAN FRAGMENT [UNPARTITIONED] hosts=1 instances=1
|  Per-Instance Resources: mem-estimate=1001.03MB mem-reservation=362.38MB thread-reservation=1 runtime-filters-memory=10.00MB
|  max-parallelism=1 segment-costs=[5106386099, 20422279899, 10211969877, 1760391, 2659596, 1394313, 22988, 15546095068, 11061232872, 5106386099, 20422279899, 10211969877, 1760391, 2659596, 1394313, 22988, 15546095068, 11061232872, 68953, 12]
PLAN-ROOT SINK
|  output exprs: 'store', tpcds_partitioned_parquet_snap.item_4.i_brand_id, tpcds_partitioned_parquet_snap.item_4.i_class_id, tpcds_partitioned_parquet_snap.item_4.i_category_id, sum(multiply(tpcds_partitioned_parquet_snap.store_sales_3.ss_quantity, tpcds_partitioned_parquet_snap.store_sales_3.ss_list_price)), count(), 'store', tpcds_partitioned_parquet_snap.item.i_brand_id, tpcds_partitioned_parquet_snap.item.i_class_id, tpcds_partitioned_parquet_snap.item.i_category_id, sum(multiply(tpcds_partitioned_parquet_snap.store_sales_0.ss_quantity, tpcds_partitioned_parquet_snap.store_sales_0.ss_list_price)), count()
|  mem-estimate=4.00MB mem-reservation=4.00MB spill-buffer=2.00MB thread-reservation=0 cost=12
|
97:TOP-N [LIMIT=100]
|  order by: tpcds_partitioned_parquet_snap.item_4.i_brand_id ASC NULLS LAST, tpcds_partitioned_parquet_snap.item_4.i_class_id ASC NULLS LAST, tpcds_partitioned_parquet_snap.item_4.i_category_id ASC NULLS LAST
|  mem-estimate=72B mem-reservation=0B thread-reservation=0
|  tuple-ids=106 row-size=72B cardinality=1 cost=0
|  in pipelines: 97(GETNEXT), 46(OPEN)
|
96:NESTED LOOP JOIN [INNER JOIN]
|  join predicates: sum(multiply(tpcds_partitioned_parquet_snap.store_sales_0.ss_quantity, tpcds_partitioned_parquet_snap.store_sales_0.ss_list_price)) > avg(multiply(QUANTITY, LIST_PRICE))
|  mem-estimate=16B mem-reservation=0B thread-reservation=0
|  tuple-ids=52,105,68,15 row-size=104B cardinality=1 cost=79
|  in pipelines: 46(GETNEXT), 11(OPEN)
|
|--11:AGGREGATE [FINALIZE]
|  |  output: avg(multiply(CAST(QUANTITY AS DECIMAL(10,0)), LIST_PRICE))
|  |  mem-estimate=16.00KB mem-reservation=0B spill-buffer=2.00MB thread-reservation=0
|  |  tuple-ids=15 row-size=16B cardinality=1 cost=1058398679
|  |  in pipelines: 11(GETNEXT), 02(OPEN), 05(OPEN), 08(OPEN)
|  |
|  00:UNION
|  |  pass-through-operands: 01
|  |  mem-estimate=0B mem-reservation=0B thread-reservation=0
|  |  tuple-ids=13 row-size=8B cardinality=15.12G cost=110287964
|  |  in pipelines: 02(GETNEXT), 05(GETNEXT), 08(GETNEXT)
|  |
|  |--10:HASH JOIN [INNER JOIN]
|  |  |  hash predicates: tpcds_partitioned_parquet_snap.web_sales.ws_sold_date_sk = tpcds_partitioned_parquet_snap.date_dim_1.d_date_sk
|  |  |  fk/pk conjuncts: tpcds_partitioned_parquet_snap.web_sales.ws_sold_date_sk = tpcds_partitioned_parquet_snap.date_dim_1.d_date_sk
|  |  |  mem-estimate=1.94MB mem-reservation=1.94MB spill-buffer=64.00KB thread-reservation=0
|  |  |  tuple-ids=9,11 row-size=20B cardinality=2.16G cost=945425284
|  |  |  in pipelines: 08(GETNEXT), 09(OPEN)
|  |  |
|  |  |--09:SCAN HDFS [tpcds_partitioned_parquet_snap.date_dim]
|  |  |     HDFS partitions=1/1 files=1 size=2.17MB
|  |  |     predicates: tpcds_partitioned_parquet_snap.date_dim_1.d_year <= add(CAST(1998 AS INT), CAST(2 AS INT)), tpcds_partitioned_parquet_snap.date_dim_1.d_year >= CAST(1998 AS INT)
|  |  |     stored statistics:
|  |  |       table: rows=73.05K size=2.17MB
|  |  |       columns: all
|  |  |     extrapolated-rows=disabled max-scan-range-rows=73.05K
|  |  |     parquet statistics predicates: tpcds_partitioned_parquet_snap.date_dim_1.d_year <= add(CAST(1998 AS INT), CAST(2 AS INT)), tpcds_partitioned_parquet_snap.date_dim_1.d_year >= CAST(1998 AS INT)
|  |  |     parquet dictionary predicates: tpcds_partitioned_parquet_snap.date_dim_1.d_year <= add(CAST(1998 AS INT), CAST(2 AS INT)), tpcds_partitioned_parquet_snap.date_dim_1.d_year >= CAST(1998 AS INT)
|  |  |     mem-estimate=16.00MB mem-reservation=512.00KB thread-reservation=0
|  |  |     tuple-ids=11 row-size=8B cardinality=7.30K cost=12520
|  |  |     in pipelines: 09(GETNEXT)
|  |  |
|  |  08:SCAN HDFS [tpcds_partitioned_parquet_snap.web_sales]
|  |     HDFS partitions=1824/1824 files=1824 size=145.75GB
|  |     stored statistics:
|  |       table: rows=2.16G size=145.75GB
|  |       partitions: 1824/1824 rows=2.16G
|  |       columns: all
|  |     extrapolated-rows=disabled max-scan-range-rows=3.37M
|  |     mem-estimate=16.00MB mem-reservation=128.00KB thread-reservation=0
|  |     tuple-ids=9 row-size=12B cardinality=2.16G cost=373242464
|  |     in pipelines: 08(GETNEXT)
|  |
|  01:UNION
|  |  mem-estimate=0B mem-reservation=0B thread-reservation=0
|  |  tuple-ids=8 row-size=8B cardinality=12.96G cost=661738272
|  |  in pipelines: 02(GETNEXT), 05(GETNEXT)
|  |
|  |--07:HASH JOIN [INNER JOIN]
|  |  |  hash predicates: tpcds_partitioned_parquet_snap.catalog_sales.cs_sold_date_sk = tpcds_partitioned_parquet_snap.date_dim_0.d_date_sk
|  |  |  fk/pk conjuncts: tpcds_partitioned_parquet_snap.catalog_sales.cs_sold_date_sk = tpcds_partitioned_parquet_snap.date_dim_0.d_date_sk
|  |  |  mem-estimate=1.94MB mem-reservation=1.94MB spill-buffer=64.00KB thread-reservation=0
|  |  |  tuple-ids=4,6 row-size=20B cardinality=4.32G cost=1890905436
|  |  |  in pipelines: 05(GETNEXT), 06(OPEN)
|  |  |
|  |  |--06:SCAN HDFS [tpcds_partitioned_parquet_snap.date_dim]
|  |  |     HDFS partitions=1/1 files=1 size=2.17MB
|  |  |     predicates: tpcds_partitioned_parquet_snap.date_dim_0.d_year <= add(CAST(1998 AS INT), CAST(2 AS INT)), tpcds_partitioned_parquet_snap.date_dim_0.d_year >= CAST(1998 AS INT)
|  |  |     stored statistics:
|  |  |       table: rows=73.05K size=2.17MB
|  |  |       columns: all
|  |  |     extrapolated-rows=disabled max-scan-range-rows=73.05K
|  |  |     parquet statistics predicates: tpcds_partitioned_parquet_snap.date_dim_0.d_year <= add(CAST(1998 AS INT), CAST(2 AS INT)), tpcds_partitioned_parquet_snap.date_dim_0.d_year >= CAST(1998 AS INT)
|  |  |     parquet dictionary predicates: tpcds_partitioned_parquet_snap.date_dim_0.d_year <= add(CAST(1998 AS INT), CAST(2 AS INT)), tpcds_partitioned_parquet_snap.date_dim_0.d_year >= CAST(1998 AS INT)
|  |  |     mem-estimate=16.00MB mem-reservation=512.00KB thread-reservation=0
|  |  |     tuple-ids=6 row-size=8B cardinality=7.30K cost=12520
|  |  |     in pipelines: 06(GETNEXT)
|  |  |
|  |  05:SCAN HDFS [tpcds_partitioned_parquet_snap.catalog_sales]
|  |     HDFS partitions=1831/1831 files=1831 size=280.96GB
|  |     stored statistics:
|  |       table: rows=4.32G size=280.96GB
|  |       partitions: 1831/1831 rows=4.32G
|  |       columns: all
|  |     extrapolated-rows=disabled max-scan-range-rows=21.52M
|  |     mem-estimate=16.00MB mem-reservation=1.00MB thread-reservation=0
|  |     tuple-ids=4 row-size=12B cardinality=4.32G cost=746509474
|  |     in pipelines: 05(GETNEXT)
|  |
|  04:HASH JOIN [INNER JOIN]
|  |  hash predicates: tpcds_partitioned_parquet_snap.store_sales.ss_sold_date_sk = tpcds_partitioned_parquet_snap.date_dim.d_date_sk
|  |  fk/pk conjuncts: tpcds_partitioned_parquet_snap.store_sales.ss_sold_date_sk = tpcds_partitioned_parquet_snap.date_dim.d_date_sk
|  |  mem-estimate=1.94MB mem-reservation=1.94MB spill-buffer=64.00KB thread-reservation=0
|  |  tuple-ids=0,2 row-size=20B cardinality=8.64G cost=3781706938
|  |  in pipelines: 02(GETNEXT), 03(OPEN)
|  |
|  |--03:SCAN HDFS [tpcds_partitioned_parquet_snap.date_dim]
|  |     HDFS partitions=1/1 files=1 size=2.17MB
|  |     predicates: tpcds_partitioned_parquet_snap.date_dim.d_year <= add(CAST(1998 AS INT), CAST(2 AS INT)), tpcds_partitioned_parquet_snap.date_dim.d_year >= CAST(1998 AS INT)
|  |     stored statistics:
|  |       table: rows=73.05K size=2.17MB
|  |       columns: all
|  |     extrapolated-rows=disabled max-scan-range-rows=73.05K
|  |     parquet statistics predicates: tpcds_partitioned_parquet_snap.date_dim.d_year <= add(CAST(1998 AS INT), CAST(2 AS INT)), tpcds_partitioned_parquet_snap.date_dim.d_year >= CAST(1998 AS INT)
|  |     parquet dictionary predicates: tpcds_partitioned_parquet_snap.date_dim.d_year <= add(CAST(1998 AS INT), CAST(2 AS INT)), tpcds_partitioned_parquet_snap.date_dim.d_year >= CAST(1998 AS INT)
|  |     mem-estimate=16.00MB mem-reservation=512.00KB thread-reservation=0
|  |     tuple-ids=2 row-size=8B cardinality=7.30K cost=12520
|  |     in pipelines: 03(GETNEXT)
|  |
|  02:SCAN HDFS [tpcds_partitioned_parquet_snap.store_sales]
|     HDFS partitions=1824/1824 files=1824 size=389.90GB
|     stored statistics:
|       table: rows=8.64G size=389.90GB
|       partitions: 1824/1824 rows=8.64G
|       columns: all
|     extrapolated-rows=disabled max-scan-range-rows=390.22M
|     mem-estimate=16.00MB mem-reservation=8.00MB thread-reservation=0
|     tuple-ids=0 row-size=12B cardinality=8.64G cost=1492980801
|     in pipelines: 02(GETNEXT)
|
95:HASH JOIN [INNER JOIN]
|  hash predicates: tpcds_partitioned_parquet_snap.item.i_brand_id = tpcds_partitioned_parquet_snap.item_4.i_brand_id, tpcds_partitioned_parquet_snap.item.i_category_id = tpcds_partitioned_parquet_snap.item_4.i_category_id, tpcds_partitioned_parquet_snap.item.i_class_id = tpcds_partitioned_parquet_snap.item_4.i_class_id
|  fk/pk conjuncts: none
|  runtime filters: RF000[bloom] <- tpcds_partitioned_parquet_snap.item_4.i_brand_id, RF001[bloom] <- tpcds_partitioned_parquet_snap.item_4.i_category_id, RF002[bloom] <- tpcds_partitioned_parquet_snap.item_4.i_class_id, RF003[min_max] <- tpcds_partitioned_parquet_snap.item_4.i_brand_id, RF004[min_max] <- tpcds_partitioned_parquet_snap.item_4.i_category_id, RF005[min_max] <- tpcds_partitioned_parquet_snap.item_4.i_class_id
|  mem-estimate=1.94MB mem-reservation=1.94MB spill-buffer=64.00KB thread-reservation=0
|  tuple-ids=52,105,68 row-size=88B cardinality=386 cost=38320
|  in pipelines: 46(GETNEXT), 93(OPEN)
|
|--94:NESTED LOOP JOIN [INNER JOIN]
|  |  join predicates: sum(multiply(tpcds_partitioned_parquet_snap.store_sales_3.ss_quantity, tpcds_partitioned_parquet_snap.store_sales_3.ss_list_price)) > avg(multiply(QUANTITY, LIST_PRICE))
|  |  mem-estimate=16B mem-reservation=0B thread-reservation=0
|  |  tuple-ids=105,68 row-size=52B cardinality=1 cost=30554
|  |  in pipelines: 93(GETNEXT), 58(OPEN)
|  |
|  |--58:AGGREGATE [FINALIZE]
|  |  |  output: avg(multiply(CAST(QUANTITY AS DECIMAL(10,0)), LIST_PRICE))
|  |  |  mem-estimate=16.00KB mem-reservation=0B spill-buffer=2.00MB thread-reservation=0
|  |  |  tuple-ids=68 row-size=16B cardinality=1 cost=1058398679
|  |  |  in pipelines: 58(GETNEXT), 49(OPEN), 52(OPEN), 55(OPEN)
|  |  |
|  |  47:UNION
|  |  |  pass-through-operands: 48
|  |  |  mem-estimate=0B mem-reservation=0B thread-reservation=0
|  |  |  tuple-ids=66 row-size=8B cardinality=15.12G cost=110287964
|  |  |  in pipelines: 49(GETNEXT), 52(GETNEXT), 55(GETNEXT)
|  |  |
|  |  |--57:HASH JOIN [INNER JOIN]
|  |  |  |  hash predicates: tpcds_partitioned_parquet_snap.web_sales_1.ws_sold_date_sk = tpcds_partitioned_parquet_snap.date_dim_9.d_date_sk
|  |  |  |  fk/pk conjuncts: tpcds_partitioned_parquet_snap.web_sales_1.ws_sold_date_sk = tpcds_partitioned_parquet_snap.date_dim_9.d_date_sk
|  |  |  |  mem-estimate=1.94MB mem-reservation=1.94MB spill-buffer=64.00KB thread-reservation=0
|  |  |  |  tuple-ids=62,64 row-size=20B cardinality=2.16G cost=945425284
|  |  |  |  in pipelines: 55(GETNEXT), 56(OPEN)
|  |  |  |
|  |  |  |--56:SCAN HDFS [tpcds_partitioned_parquet_snap.date_dim]
|  |  |  |     HDFS partitions=1/1 files=1 size=2.17MB
|  |  |  |     predicates: tpcds_partitioned_parquet_snap.date_dim_9.d_year <= add(CAST(1998 AS INT), CAST(2 AS INT)), tpcds_partitioned_parquet_snap.date_dim_9.d_year >= CAST(1998 AS INT)
|  |  |  |     stored statistics:
|  |  |  |       table: rows=73.05K size=2.17MB
|  |  |  |       columns: all
|  |  |  |     extrapolated-rows=disabled max-scan-range-rows=73.05K
|  |  |  |     parquet statistics predicates: tpcds_partitioned_parquet_snap.date_dim_9.d_year <= add(CAST(1998 AS INT), CAST(2 AS INT)), tpcds_partitioned_parquet_snap.date_dim_9.d_year >= CAST(1998 AS INT)
|  |  |  |     parquet dictionary predicates: tpcds_partitioned_parquet_snap.date_dim_9.d_year <= add(CAST(1998 AS INT), CAST(2 AS INT)), tpcds_partitioned_parquet_snap.date_dim_9.d_year >= CAST(1998 AS INT)
|  |  |  |     mem-estimate=16.00MB mem-reservation=512.00KB thread-reservation=0
|  |  |  |     tuple-ids=64 row-size=8B cardinality=7.30K cost=12520
|  |  |  |     in pipelines: 56(GETNEXT)
|  |  |  |
|  |  |  55:SCAN HDFS [tpcds_partitioned_parquet_snap.web_sales]
|  |  |     HDFS partitions=1824/1824 files=1824 size=145.75GB
|  |  |     stored statistics:
|  |  |       table: rows=2.16G size=145.75GB
|  |  |       partitions: 1824/1824 rows=2.16G
|  |  |       columns: all
|  |  |     extrapolated-rows=disabled max-scan-range-rows=3.37M
|  |  |     mem-estimate=16.00MB mem-reservation=128.00KB thread-reservation=0
|  |  |     tuple-ids=62 row-size=12B cardinality=2.16G cost=373242464
|  |  |     in pipelines: 55(GETNEXT)
|  |  |
|  |  48:UNION
|  |  |  mem-estimate=0B mem-reservation=0B thread-reservation=0
|  |  |  tuple-ids=61 row-size=8B cardinality=12.96G cost=661738272
|  |  |  in pipelines: 49(GETNEXT), 52(GETNEXT)
|  |  |
|  |  |--54:HASH JOIN [INNER JOIN]
|  |  |  |  hash predicates: tpcds_partitioned_parquet_snap.catalog_sales_1.cs_sold_date_sk = tpcds_partitioned_parquet_snap.date_dim_8.d_date_sk
|  |  |  |  fk/pk conjuncts: tpcds_partitioned_parquet_snap.catalog_sales_1.cs_sold_date_sk = tpcds_partitioned_parquet_snap.date_dim_8.d_date_sk
|  |  |  |  mem-estimate=1.94MB mem-reservation=1.94MB spill-buffer=64.00KB thread-reservation=0
|  |  |  |  tuple-ids=57,59 row-size=20B cardinality=4.32G cost=1890905436
|  |  |  |  in pipelines: 52(GETNEXT), 53(OPEN)
|  |  |  |
|  |  |  |--53:SCAN HDFS [tpcds_partitioned_parquet_snap.date_dim]
|  |  |  |     HDFS partitions=1/1 files=1 size=2.17MB
|  |  |  |     predicates: tpcds_partitioned_parquet_snap.date_dim_8.d_year <= add(CAST(1998 AS INT), CAST(2 AS INT)), tpcds_partitioned_parquet_snap.date_dim_8.d_year >= CAST(1998 AS INT)
|  |  |  |     stored statistics:
|  |  |  |       table: rows=73.05K size=2.17MB
|  |  |  |       columns: all
|  |  |  |     extrapolated-rows=disabled max-scan-range-rows=73.05K
|  |  |  |     parquet statistics predicates: tpcds_partitioned_parquet_snap.date_dim_8.d_year <= add(CAST(1998 AS INT), CAST(2 AS INT)), tpcds_partitioned_parquet_snap.date_dim_8.d_year >= CAST(1998 AS INT)
|  |  |  |     parquet dictionary predicates: tpcds_partitioned_parquet_snap.date_dim_8.d_year <= add(CAST(1998 AS INT), CAST(2 AS INT)), tpcds_partitioned_parquet_snap.date_dim_8.d_year >= CAST(1998 AS INT)
|  |  |  |     mem-estimate=16.00MB mem-reservation=512.00KB thread-reservation=0
|  |  |  |     tuple-ids=59 row-size=8B cardinality=7.30K cost=12520
|  |  |  |     in pipelines: 53(GETNEXT)
|  |  |  |
|  |  |  52:SCAN HDFS [tpcds_partitioned_parquet_snap.catalog_sales]
|  |  |     HDFS partitions=1831/1831 files=1831 size=280.96GB
|  |  |     stored statistics:
|  |  |       table: rows=4.32G size=280.96GB
|  |  |       partitions: 1831/1831 rows=4.32G
|  |  |       columns: all
|  |  |     extrapolated-rows=disabled max-scan-range-rows=21.52M
|  |  |     mem-estimate=16.00MB mem-reservation=1.00MB thread-reservation=0
|  |  |     tuple-ids=57 row-size=12B cardinality=4.32G cost=746509474
|  |  |     in pipelines: 52(GETNEXT)
|  |  |
|  |  51:HASH JOIN [INNER JOIN]
|  |  |  hash predicates: tpcds_partitioned_parquet_snap.store_sales_2.ss_sold_date_sk = tpcds_partitioned_parquet_snap.date_dim_7.d_date_sk
|  |  |  fk/pk conjuncts: tpcds_partitioned_parquet_snap.store_sales_2.ss_sold_date_sk = tpcds_partitioned_parquet_snap.date_dim_7.d_date_sk
|  |  |  mem-estimate=1.94MB mem-reservation=1.94MB spill-buffer=64.00KB thread-reservation=0
|  |  |  tuple-ids=53,55 row-size=20B cardinality=8.64G cost=3781706938
|  |  |  in pipelines: 49(GETNEXT), 50(OPEN)
|  |  |
|  |  |--50:SCAN HDFS [tpcds_partitioned_parquet_snap.date_dim]
|  |  |     HDFS partitions=1/1 files=1 size=2.17MB
|  |  |     predicates: tpcds_partitioned_parquet_snap.date_dim_7.d_year <= add(CAST(1998 AS INT), CAST(2 AS INT)), tpcds_partitioned_parquet_snap.date_dim_7.d_year >= CAST(1998 AS INT)
|  |  |     stored statistics:
|  |  |       table: rows=73.05K size=2.17MB
|  |  |       columns: all
|  |  |     extrapolated-rows=disabled max-scan-range-rows=73.05K
|  |  |     parquet statistics predicates: tpcds_partitioned_parquet_snap.date_dim_7.d_year <= add(CAST(1998 AS INT), CAST(2 AS INT)), tpcds_partitioned_parquet_snap.date_dim_7.d_year >= CAST(1998 AS INT)
|  |  |     parquet dictionary predicates: tpcds_partitioned_parquet_snap.date_dim_7.d_year <= add(CAST(1998 AS INT), CAST(2 AS INT)), tpcds_partitioned_parquet_snap.date_dim_7.d_year >= CAST(1998 AS INT)
|  |  |     mem-estimate=16.00MB mem-reservation=512.00KB thread-reservation=0
|  |  |     tuple-ids=55 row-size=8B cardinality=7.30K cost=12520
|  |  |     in pipelines: 50(GETNEXT)
|  |  |
|  |  49:SCAN HDFS [tpcds_partitioned_parquet_snap.store_sales]
|  |     HDFS partitions=1824/1824 files=1824 size=389.90GB
|  |     stored statistics:
|  |       table: rows=8.64G size=389.90GB
|  |       partitions: 1824/1824 rows=8.64G
|  |       columns: all
|  |     extrapolated-rows=disabled max-scan-range-rows=390.22M
|  |     mem-estimate=16.00MB mem-reservation=8.00MB thread-reservation=0
|  |     tuple-ids=53 row-size=12B cardinality=8.64G cost=1492980801
|  |     in pipelines: 49(GETNEXT)
|  |
|  93:AGGREGATE [FINALIZE]
|  |  output: sum(multiply(CAST(tpcds_partitioned_parquet_snap.store_sales_3.ss_quantity AS DECIMAL(10,0)), tpcds_partitioned_parquet_snap.store_sales_3.ss_list_price)), count()
|  |  group by: tpcds_partitioned_parquet_snap.item_4.i_brand_id, tpcds_partitioned_parquet_snap.item_4.i_class_id, tpcds_partitioned_parquet_snap.item_4.i_category_id
|  |  mem-estimate=10.00MB mem-reservation=8.50MB spill-buffer=512.00KB thread-reservation=0
|  |  tuple-ids=105 row-size=36B cardinality=149.12K cost=1846541
|  |  in pipelines: 93(GETNEXT), 59(OPEN)
|  |
|  92:HASH JOIN [INNER JOIN]
|  |  hash predicates: tpcds_partitioned_parquet_snap.date_dim_10.d_week_seq = tpcds_partitioned_parquet_snap.date_dim_14.d_week_seq
|  |  fk/pk conjuncts: none
|  |  runtime filters: RF032[bloom] <- tpcds_partitioned_parquet_snap.date_dim_14.d_week_seq, RF033[min_max] <- tpcds_partitioned_parquet_snap.date_dim_14.d_week_seq
|  |  mem-estimate=1.94MB mem-reservation=1.94MB spill-buffer=64.00KB thread-reservation=0
|  |  tuple-ids=69,71,73,102,103 row-size=60B cardinality=811.06K cost=2214075860
|  |  in pipelines: 59(GETNEXT), 91(OPEN)
|  |
|  |--91:CARDINALITY CHECK
|  |  |  limit: 1
|  |  |  mem-estimate=0B mem-reservation=0B thread-reservation=0
|  |  |  tuple-ids=103 row-size=16B cardinality=1 cost=0
|  |  |  in pipelines: 91(GETNEXT), 90(OPEN)
|  |  |
|  |  90:SCAN HDFS [tpcds_partitioned_parquet_snap.date_dim]
|  |     HDFS partitions=1/1 files=1 size=2.17MB
|  |     predicates: tpcds_partitioned_parquet_snap.date_dim_14.d_year = add(CAST(1998 AS INT), CAST(1 AS INT)), tpcds_partitioned_parquet_snap.date_dim_14.d_dom = CAST(20 AS INT), tpcds_partitioned_parquet_snap.date_dim_14.d_moy = CAST(12 AS INT)
|  |     stored statistics:
|  |       table: rows=73.05K size=2.17MB
|  |       columns: all
|  |     extrapolated-rows=disabled max-scan-range-rows=73.05K
|  |     parquet statistics predicates: tpcds_partitioned_parquet_snap.date_dim_14.d_year = add(CAST(1998 AS INT), CAST(1 AS INT)), tpcds_partitioned_parquet_snap.date_dim_14.d_dom = CAST(20 AS INT), tpcds_partitioned_parquet_snap.date_dim_14.d_moy = CAST(12 AS INT)
|  |     parquet dictionary predicates: tpcds_partitioned_parquet_snap.date_dim_14.d_year = add(CAST(1998 AS INT), CAST(1 AS INT)), tpcds_partitioned_parquet_snap.date_dim_14.d_dom = CAST(20 AS INT), tpcds_partitioned_parquet_snap.date_dim_14.d_moy = CAST(12 AS INT)
|  |     limit: 2
|  |     mem-estimate=16.00MB mem-reservation=512.00KB thread-reservation=0
|  |     tuple-ids=103 row-size=16B cardinality=29 cost=22988
|  |     in pipelines: 90(GETNEXT)
|  |
|  89:HASH JOIN [INNER JOIN]
|  |  hash predicates: tpcds_partitioned_parquet_snap.store_sales_3.ss_item_sk = tpcds_partitioned_parquet_snap.item_8.i_item_sk
|  |  fk/pk conjuncts: tpcds_partitioned_parquet_snap.store_sales_3.ss_item_sk = tpcds_partitioned_parquet_snap.item_8.i_item_sk
|  |  runtime filters: RF035[min_max] <- tpcds_partitioned_parquet_snap.item_8.i_item_sk
|  |  mem-estimate=17.00MB mem-reservation=17.00MB spill-buffer=1.00MB thread-reservation=0
|  |  tuple-ids=69,71,73,102 row-size=44B cardinality=8.63G cost=3779387733
|  |  in pipelines: 59(GETNEXT), 88(OPEN)
|  |
|  |--88:AGGREGATE [FINALIZE]
|  |  |  group by: tpcds_partitioned_parquet_snap.item_8.i_item_sk
|  |  |  mem-estimate=10.00MB mem-reservation=8.50MB spill-buffer=512.00KB thread-reservation=0
|  |  |  tuple-ids=102 row-size=4B cardinality=360.00K cost=1069444
|  |  |  in pipelines: 88(GETNEXT), 85(OPEN)
|  |  |
|  |  87:HASH JOIN [INNER JOIN]
|  |  |  hash predicates: BRAND_ID = tpcds_partitioned_parquet_snap.item_8.i_brand_id, CATEGORY_ID = tpcds_partitioned_parquet_snap.item_8.i_category_id, CLASS_ID = tpcds_partitioned_parquet_snap.item_8.i_class_id
|  |  |  fk/pk conjuncts: assumed fk/pk
|  |  |  mem-estimate=2.88MB mem-reservation=2.88MB spill-buffer=128.00KB thread-reservation=0
|  |  |  tuple-ids=99,100 row-size=36B cardinality=447.36K cost=231809
|  |  |  in pipelines: 85(GETNEXT), 86(OPEN)
|  |  |
|  |  |--86:SCAN HDFS [tpcds_partitioned_parquet_snap.item]
|  |  |     HDFS partitions=1/1 files=1 size=33.54MB
|  |  |     predicates: is_not_null_pred(tpcds_partitioned_parquet_snap.item_8.i_item_sk)
|  |  |     stored statistics:
|  |  |       table: rows=360.00K size=33.54MB
|  |  |       columns: all
|  |  |     extrapolated-rows=disabled max-scan-range-rows=101.54K
|  |  |     parquet dictionary predicates: is_not_null_pred(tpcds_partitioned_parquet_snap.item_8.i_item_sk)
|  |  |     mem-estimate=16.00MB mem-reservation=512.00KB thread-reservation=0
|  |  |     tuple-ids=100 row-size=16B cardinality=36.00K cost=93060
|  |  |     in pipelines: 86(GETNEXT)
|  |  |
|  |  85:AGGREGATE [FINALIZE]
|  |  |  output: count()
|  |  |  group by: BRAND_ID, CLASS_ID, CATEGORY_ID
|  |  |  having: count() = CAST(2 AS BIGINT)
|  |  |  mem-estimate=128.00MB mem-reservation=34.00MB spill-buffer=2.00MB thread-reservation=0
|  |  |  tuple-ids=99 row-size=20B cardinality=447.36K cost=2640587
|  |  |  in pipelines: 85(GETNEXT), 84(OPEN), 78(OPEN)
|  |  |
|  |  64:UNION
|  |  |  pass-through-operands: 84
|  |  |  mem-estimate=0B mem-reservation=0B thread-reservation=0
|  |  |  tuple-ids=98 row-size=12B cardinality=447.36K cost=19009
|  |  |  in pipelines: 84(GETNEXT), 78(GETNEXT)
|  |  |
|  |  |--78:AGGREGATE [FINALIZE]
|  |  |  |  output: count()
|  |  |  |  group by: BRAND_ID, CLASS_ID, CATEGORY_ID
|  |  |  |  having: count() = CAST(2 AS BIGINT)
|  |  |  |  mem-estimate=128.00MB mem-reservation=34.00MB spill-buffer=2.00MB thread-reservation=0
|  |  |  |  tuple-ids=90 row-size=20B cardinality=298.24K cost=1760391
|  |  |  |  in pipelines: 78(GETNEXT), 71(OPEN), 77(OPEN)
|  |  |  |
|  |  |  65:UNION
|  |  |  |  pass-through-operands: all
|  |  |  |  mem-estimate=0B mem-reservation=0B thread-reservation=0
|  |  |  |  tuple-ids=89 row-size=12B cardinality=298.24K cost=0
|  |  |  |  in pipelines: 71(GETNEXT), 77(GETNEXT)
|  |  |  |
|  |  |  |--77:AGGREGATE [FINALIZE]
|  |  |  |  |  group by: tpcds_partitioned_parquet_snap.item_6.i_brand_id, tpcds_partitioned_parquet_snap.item_6.i_class_id, tpcds_partitioned_parquet_snap.item_6.i_category_id
|  |  |  |  |  mem-estimate=10.00MB mem-reservation=4.75MB spill-buffer=256.00KB thread-reservation=0
|  |  |  |  |  tuple-ids=88 row-size=12B cardinality=149.12K cost=5933927815
|  |  |  |  |  in pipelines: 77(GETNEXT), 72(OPEN)
|  |  |  |  |
|  |  |  |  76:HASH JOIN [INNER JOIN]
|  |  |  |  |  hash predicates: tpcds_partitioned_parquet_snap.catalog_sales_2.cs_sold_date_sk = tpcds_partitioned_parquet_snap.date_dim_12.d_date_sk
|  |  |  |  |  fk/pk conjuncts: tpcds_partitioned_parquet_snap.catalog_sales_2.cs_sold_date_sk = tpcds_partitioned_parquet_snap.date_dim_12.d_date_sk
|  |  |  |  |  mem-estimate=1.94MB mem-reservation=1.94MB spill-buffer=64.00KB thread-reservation=0
|  |  |  |  |  tuple-ids=82,84,86 row-size=32B cardinality=4.32G cost=1889960460
|  |  |  |  |  in pipelines: 72(GETNEXT), 75(OPEN)
|  |  |  |  |
|  |  |  |  |--75:SCAN HDFS [tpcds_partitioned_parquet_snap.date_dim]
|  |  |  |  |     HDFS partitions=1/1 files=1 size=2.17MB
|  |  |  |  |     predicates: tpcds_partitioned_parquet_snap.date_dim_12.d_year <= add(CAST(1998 AS INT), CAST(2 AS INT)), tpcds_partitioned_parquet_snap.date_dim_12.d_year >= CAST(1998 AS INT)
|  |  |  |  |     stored statistics:
|  |  |  |  |       table: rows=73.05K size=2.17MB
|  |  |  |  |       columns: all
|  |  |  |  |     extrapolated-rows=disabled max-scan-range-rows=73.05K
|  |  |  |  |     parquet statistics predicates: tpcds_partitioned_parquet_snap.date_dim_12.d_year <= add(CAST(1998 AS INT), CAST(2 AS INT)), tpcds_partitioned_parquet_snap.date_dim_12.d_year >= CAST(1998 AS INT)
|  |  |  |  |     parquet dictionary predicates: tpcds_partitioned_parquet_snap.date_dim_12.d_year <= add(CAST(1998 AS INT), CAST(2 AS INT)), tpcds_partitioned_parquet_snap.date_dim_12.d_year >= CAST(1998 AS INT)
|  |  |  |  |     mem-estimate=16.00MB mem-reservation=512.00KB thread-reservation=0
|  |  |  |  |     tuple-ids=86 row-size=8B cardinality=7.30K cost=12520
|  |  |  |  |     in pipelines: 75(GETNEXT)
|  |  |  |  |
|  |  |  |  74:HASH JOIN [INNER JOIN]
|  |  |  |  |  hash predicates: tpcds_partitioned_parquet_snap.catalog_sales_2.cs_item_sk = tpcds_partitioned_parquet_snap.item_6.i_item_sk
|  |  |  |  |  fk/pk conjuncts: tpcds_partitioned_parquet_snap.catalog_sales_2.cs_item_sk = tpcds_partitioned_parquet_snap.item_6.i_item_sk
|  |  |  |  |  runtime filters: RF057[min_max] <- tpcds_partitioned_parquet_snap.item_6.i_item_sk
|  |  |  |  |  mem-estimate=34.00MB mem-reservation=34.00MB spill-buffer=2.00MB thread-reservation=0
|  |  |  |  |  tuple-ids=82,84 row-size=24B cardinality=4.32G cost=1890313155
|  |  |  |  |  in pipelines: 72(GETNEXT), 73(OPEN)
|  |  |  |  |
|  |  |  |  |--73:SCAN HDFS [tpcds_partitioned_parquet_snap.item]
|  |  |  |  |     HDFS partitions=1/1 files=1 size=33.54MB
|  |  |  |  |     stored statistics:
|  |  |  |  |       table: rows=360.00K size=33.54MB
|  |  |  |  |       columns: all
|  |  |  |  |     extrapolated-rows=disabled max-scan-range-rows=101.54K
|  |  |  |  |     mem-estimate=16.00MB mem-reservation=512.00KB thread-reservation=0
|  |  |  |  |     tuple-ids=84 row-size=16B cardinality=360.00K cost=82944
|  |  |  |  |     in pipelines: 73(GETNEXT)
|  |  |  |  |
|  |  |  |  72:SCAN HDFS [tpcds_partitioned_parquet_snap.catalog_sales]
|  |  |  |     HDFS partitions=1831/1831 files=1831 size=280.96GB
|  |  |  |     runtime filters: RF057[min_max] -> tpcds_partitioned_parquet_snap.catalog_sales_2.cs_item_sk
|  |  |  |     stored statistics:
|  |  |  |       table: rows=4.32G size=280.96GB
|  |  |  |       partitions: 1831/1831 rows=4.32G
|  |  |  |       columns: all
|  |  |  |     extrapolated-rows=disabled max-scan-range-rows=21.52M
|  |  |  |     mem-estimate=16.00MB mem-reservation=1.00MB thread-reservation=0
|  |  |  |     tuple-ids=82 row-size=8B cardinality=4.32G(filtered from 4.32G) cost=497672983
|  |  |  |     in pipelines: 72(GETNEXT)
|  |  |  |
|  |  |  71:AGGREGATE [FINALIZE]
|  |  |  |  group by: tpcds_partitioned_parquet_snap.item_5.i_brand_id, tpcds_partitioned_parquet_snap.item_5.i_class_id, tpcds_partitioned_parquet_snap.item_5.i_category_id
|  |  |  |  mem-estimate=10.00MB mem-reservation=4.75MB spill-buffer=256.00KB thread-reservation=0
|  |  |  |  tuple-ids=81 row-size=12B cardinality=149.12K cost=11866877138
|  |  |  |  in pipelines: 71(GETNEXT), 66(OPEN)
|  |  |  |
|  |  |  70:HASH JOIN [INNER JOIN]
|  |  |  |  hash predicates: tpcds_partitioned_parquet_snap.store_sales_4.ss_sold_date_sk = tpcds_partitioned_parquet_snap.date_dim_11.d_date_sk
|  |  |  |  fk/pk conjuncts: tpcds_partitioned_parquet_snap.store_sales_4.ss_sold_date_sk = tpcds_partitioned_parquet_snap.date_dim_11.d_date_sk
|  |  |  |  mem-estimate=1.94MB mem-reservation=1.94MB spill-buffer=64.00KB thread-reservation=0
|  |  |  |  tuple-ids=75,77,79 row-size=32B cardinality=8.64G cost=3779817034
|  |  |  |  in pipelines: 66(GETNEXT), 69(OPEN)
|  |  |  |
|  |  |  |--69:SCAN HDFS [tpcds_partitioned_parquet_snap.date_dim]
|  |  |  |     HDFS partitions=1/1 files=1 size=2.17MB
|  |  |  |     predicates: tpcds_partitioned_parquet_snap.date_dim_11.d_year <= add(CAST(1998 AS INT), CAST(2 AS INT)), tpcds_partitioned_parquet_snap.date_dim_11.d_year >= CAST(1998 AS INT)
|  |  |  |     stored statistics:
|  |  |  |       table: rows=73.05K size=2.17MB
|  |  |  |       columns: all
|  |  |  |     extrapolated-rows=disabled max-scan-range-rows=73.05K
|  |  |  |     parquet statistics predicates: tpcds_partitioned_parquet_snap.date_dim_11.d_year <= add(CAST(1998 AS INT), CAST(2 AS INT)), tpcds_partitioned_parquet_snap.date_dim_11.d_year >= CAST(1998 AS INT)
|  |  |  |     parquet dictionary predicates: tpcds_partitioned_parquet_snap.date_dim_11.d_year <= add(CAST(1998 AS INT), CAST(2 AS INT)), tpcds_partitioned_parquet_snap.date_dim_11.d_year >= CAST(1998 AS INT)
|  |  |  |     mem-estimate=16.00MB mem-reservation=512.00KB thread-reservation=0
|  |  |  |     tuple-ids=79 row-size=8B cardinality=7.30K cost=12520
|  |  |  |     in pipelines: 69(GETNEXT)
|  |  |  |
|  |  |  68:HASH JOIN [INNER JOIN]
|  |  |  |  hash predicates: tpcds_partitioned_parquet_snap.store_sales_4.ss_item_sk = tpcds_partitioned_parquet_snap.item_5.i_item_sk
|  |  |  |  fk/pk conjuncts: tpcds_partitioned_parquet_snap.store_sales_4.ss_item_sk = tpcds_partitioned_parquet_snap.item_5.i_item_sk
|  |  |  |  runtime filters: RF052[bloom] <- tpcds_partitioned_parquet_snap.item_5.i_item_sk, RF053[min_max] <- tpcds_partitioned_parquet_snap.item_5.i_item_sk
|  |  |  |  mem-estimate=34.00MB mem-reservation=34.00MB spill-buffer=2.00MB thread-reservation=0
|  |  |  |  tuple-ids=75,77 row-size=24B cardinality=8.64G cost=3780169729
|  |  |  |  in pipelines: 66(GETNEXT), 67(OPEN)
|  |  |  |
|  |  |  |--67:SCAN HDFS [tpcds_partitioned_parquet_snap.item]
|  |  |  |     HDFS partitions=1/1 files=1 size=33.54MB
|  |  |  |     stored statistics:
|  |  |  |       table: rows=360.00K size=33.54MB
|  |  |  |       columns: all
|  |  |  |     extrapolated-rows=disabled max-scan-range-rows=101.54K
|  |  |  |     mem-estimate=16.00MB mem-reservation=512.00KB thread-reservation=0
|  |  |  |     tuple-ids=77 row-size=16B cardinality=360.00K cost=82944
|  |  |  |     in pipelines: 67(GETNEXT)
|  |  |  |
|  |  |  66:SCAN HDFS [tpcds_partitioned_parquet_snap.store_sales]
|  |  |     HDFS partitions=1824/1824 files=1824 size=389.90GB
|  |  |     runtime filters: RF053[min_max] -> tpcds_partitioned_parquet_snap.store_sales_4.ss_item_sk, RF052[bloom] -> tpcds_partitioned_parquet_snap.store_sales_4.ss_item_sk
|  |  |     stored statistics:
|  |  |       table: rows=8.64G size=389.90GB
|  |  |       partitions: 1824/1824 rows=8.64G
|  |  |       columns: all
|  |  |     extrapolated-rows=disabled max-scan-range-rows=390.22M
|  |  |     mem-estimate=16.00MB mem-reservation=4.00MB thread-reservation=0
|  |  |     tuple-ids=75 row-size=8B cardinality=8.64G(filtered from 8.64G) cost=995320534
|  |  |     in pipelines: 66(GETNEXT)
|  |  |
|  |  84:AGGREGATE [FINALIZE]
|  |  |  group by: tpcds_partitioned_parquet_snap.item_7.i_brand_id, tpcds_partitioned_parquet_snap.item_7.i_class_id, tpcds_partitioned_parquet_snap.item_7.i_category_id
|  |  |  mem-estimate=10.00MB mem-reservation=4.75MB spill-buffer=256.00KB thread-reservation=0
|  |  |  tuple-ids=97 row-size=12B cardinality=149.12K cost=2967204009
|  |  |  in pipelines: 84(GETNEXT), 79(OPEN)
|  |  |
|  |  83:HASH JOIN [INNER JOIN]
|  |  |  hash predicates: tpcds_partitioned_parquet_snap.web_sales_2.ws_sold_date_sk = tpcds_partitioned_parquet_snap.date_dim_13.d_date_sk
|  |  |  fk/pk conjuncts: tpcds_partitioned_parquet_snap.web_sales_2.ws_sold_date_sk = tpcds_partitioned_parquet_snap.date_dim_13.d_date_sk
|  |  |  mem-estimate=1.94MB mem-reservation=1.94MB spill-buffer=64.00KB thread-reservation=0
|  |  |  tuple-ids=91,93,95 row-size=32B cardinality=2.16G cost=944952811
|  |  |  in pipelines: 79(GETNEXT), 82(OPEN)
|  |  |
|  |  |--82:SCAN HDFS [tpcds_partitioned_parquet_snap.date_dim]
|  |  |     HDFS partitions=1/1 files=1 size=2.17MB
|  |  |     predicates: tpcds_partitioned_parquet_snap.date_dim_13.d_year <= add(CAST(1998 AS INT), CAST(2 AS INT)), tpcds_partitioned_parquet_snap.date_dim_13.d_year >= CAST(1998 AS INT)
|  |  |     stored statistics:
|  |  |       table: rows=73.05K size=2.17MB
|  |  |       columns: all
|  |  |     extrapolated-rows=disabled max-scan-range-rows=73.05K
|  |  |     parquet statistics predicates: tpcds_partitioned_parquet_snap.date_dim_13.d_year <= add(CAST(1998 AS INT), CAST(2 AS INT)), tpcds_partitioned_parquet_snap.date_dim_13.d_year >= CAST(1998 AS INT)
|  |  |     parquet dictionary predicates: tpcds_partitioned_parquet_snap.date_dim_13.d_year <= add(CAST(1998 AS INT), CAST(2 AS INT)), tpcds_partitioned_parquet_snap.date_dim_13.d_year >= CAST(1998 AS INT)
|  |  |     mem-estimate=16.00MB mem-reservation=512.00KB thread-reservation=0
|  |  |     tuple-ids=95 row-size=8B cardinality=7.30K cost=12520
|  |  |     in pipelines: 82(GETNEXT)
|  |  |
|  |  81:HASH JOIN [INNER JOIN]
|  |  |  hash predicates: tpcds_partitioned_parquet_snap.web_sales_2.ws_item_sk = tpcds_partitioned_parquet_snap.item_7.i_item_sk
|  |  |  fk/pk conjuncts: tpcds_partitioned_parquet_snap.web_sales_2.ws_item_sk = tpcds_partitioned_parquet_snap.item_7.i_item_sk
|  |  |  runtime filters: RF049[min_max] <- tpcds_partitioned_parquet_snap.item_7.i_item_sk
|  |  |  mem-estimate=34.00MB mem-reservation=34.00MB spill-buffer=2.00MB thread-reservation=0
|  |  |  tuple-ids=91,93 row-size=24B cardinality=2.16G cost=945305506
|  |  |  in pipelines: 79(GETNEXT), 80(OPEN)
|  |  |
|  |  |--80:SCAN HDFS [tpcds_partitioned_parquet_snap.item]
|  |  |     HDFS partitions=1/1 files=1 size=33.54MB
|  |  |     stored statistics:
|  |  |       table: rows=360.00K size=33.54MB
|  |  |       columns: all
|  |  |     extrapolated-rows=disabled max-scan-range-rows=101.54K
|  |  |     mem-estimate=16.00MB mem-reservation=512.00KB thread-reservation=0
|  |  |     tuple-ids=93 row-size=16B cardinality=360.00K cost=82944
|  |  |     in pipelines: 80(GETNEXT)
|  |  |
|  |  79:SCAN HDFS [tpcds_partitioned_parquet_snap.web_sales]
|  |     HDFS partitions=1824/1824 files=1824 size=145.75GB
|  |     runtime filters: RF049[min_max] -> tpcds_partitioned_parquet_snap.web_sales_2.ws_item_sk
|  |     stored statistics:
|  |       table: rows=2.16G size=145.75GB
|  |       partitions: 1824/1824 rows=2.16G
|  |       columns: all
|  |     extrapolated-rows=disabled max-scan-range-rows=3.37M
|  |     mem-estimate=16.00MB mem-reservation=128.00KB thread-reservation=0
|  |     tuple-ids=91 row-size=8B cardinality=2.16G(filtered from 2.16G) cost=248828309
|  |     in pipelines: 79(GETNEXT)
|  |
|  63:HASH JOIN [INNER JOIN]
|  |  hash predicates: tpcds_partitioned_parquet_snap.store_sales_3.ss_sold_date_sk = tpcds_partitioned_parquet_snap.date_dim_10.d_date_sk
|  |  fk/pk conjuncts: tpcds_partitioned_parquet_snap.store_sales_3.ss_sold_date_sk = tpcds_partitioned_parquet_snap.date_dim_10.d_date_sk
|  |  mem-estimate=4.75MB mem-reservation=4.75MB spill-buffer=256.00KB thread-reservation=0
|  |  tuple-ids=69,71,73 row-size=40B cardinality=8.64G(filtered from 8.64G) cost=3779882778
|  |  in pipelines: 59(GETNEXT), 62(OPEN)
|  |
|  |--62:SCAN HDFS [tpcds_partitioned_parquet_snap.date_dim]
|  |     HDFS partitions=1/1 files=1 size=2.17MB
|  |     runtime filters: RF033[min_max] -> tpcds_partitioned_parquet_snap.date_dim_10.d_week_seq, RF032[bloom] -> tpcds_partitioned_parquet_snap.date_dim_10.d_week_seq
|  |     stored statistics:
|  |       table: rows=73.05K size=2.17MB
|  |       columns: all
|  |     extrapolated-rows=disabled max-scan-range-rows=73.05K
|  |     mem-estimate=16.00MB mem-reservation=512.00KB thread-reservation=0
|  |     tuple-ids=73 row-size=8B cardinality=73.05K cost=8415
|  |     in pipelines: 62(GETNEXT)
|  |
|  61:HASH JOIN [INNER JOIN]
|  |  hash predicates: tpcds_partitioned_parquet_snap.store_sales_3.ss_item_sk = tpcds_partitioned_parquet_snap.item_4.i_item_sk
|  |  fk/pk conjuncts: tpcds_partitioned_parquet_snap.store_sales_3.ss_item_sk = tpcds_partitioned_parquet_snap.item_4.i_item_sk
|  |  runtime filters: RF038[bloom] <- tpcds_partitioned_parquet_snap.item_4.i_item_sk, RF039[min_max] <- tpcds_partitioned_parquet_snap.item_4.i_item_sk
|  |  mem-estimate=34.00MB mem-reservation=34.00MB spill-buffer=2.00MB thread-reservation=0
|  |  tuple-ids=69,71 row-size=32B cardinality=8.64G(filtered from 8.64G) cost=3780169729
|  |  in pipelines: 59(GETNEXT), 60(OPEN)
|  |
|  |--60:SCAN HDFS [tpcds_partitioned_parquet_snap.item]
|  |     HDFS partitions=1/1 files=1 size=33.54MB
|  |     runtime filters: RF035[min_max] -> tpcds_partitioned_parquet_snap.item_4.i_item_sk
|  |     stored statistics:
|  |       table: rows=360.00K size=33.54MB
|  |       columns: all
|  |     extrapolated-rows=disabled max-scan-range-rows=101.54K
|  |     mem-estimate=16.00MB mem-reservation=512.00KB thread-reservation=0
|  |     tuple-ids=71 row-size=16B cardinality=360.00K cost=82944
|  |     in pipelines: 60(GETNEXT)
|  |
|  59:SCAN HDFS [tpcds_partitioned_parquet_snap.store_sales]
|     HDFS partitions=1824/1824 files=1824 size=389.90GB
|     runtime filters: RF039[min_max] -> tpcds_partitioned_parquet_snap.store_sales_3.ss_item_sk, RF035[min_max] -> tpcds_partitioned_parquet_snap.store_sales_3.ss_item_sk, RF038[bloom] -> tpcds_partitioned_parquet_snap.store_sales_3.ss_item_sk
|     stored statistics:
|       table: rows=8.64G size=389.90GB
|       partitions: 1824/1824 rows=8.64G
|       columns: all
|     extrapolated-rows=disabled max-scan-range-rows=390.22M
|     mem-estimate=16.00MB mem-reservation=8.00MB thread-reservation=0
|     tuple-ids=69 row-size=16B cardinality=8.64G(filtered from 8.64G) cost=1990641068
|     in pipelines: 59(GETNEXT)
|
46:AGGREGATE [FINALIZE]
|  output: sum(multiply(CAST(tpcds_partitioned_parquet_snap.store_sales_0.ss_quantity AS DECIMAL(10,0)), tpcds_partitioned_parquet_snap.store_sales_0.ss_list_price)), count()
|  group by: tpcds_partitioned_parquet_snap.item.i_brand_id, tpcds_partitioned_parquet_snap.item.i_class_id, tpcds_partitioned_parquet_snap.item.i_category_id
|  mem-estimate=10.00MB mem-reservation=8.50MB spill-buffer=512.00KB thread-reservation=0
|  tuple-ids=52 row-size=36B cardinality=149.12K cost=1846541
|  in pipelines: 46(GETNEXT), 12(OPEN)
|
45:HASH JOIN [INNER JOIN]
|  hash predicates: tpcds_partitioned_parquet_snap.date_dim_2.d_week_seq = tpcds_partitioned_parquet_snap.date_dim_6.d_week_seq
|  fk/pk conjuncts: none
|  runtime filters: RF006[bloom] <- tpcds_partitioned_parquet_snap.date_dim_6.d_week_seq, RF007[min_max] <- tpcds_partitioned_parquet_snap.date_dim_6.d_week_seq
|  mem-estimate=1.94MB mem-reservation=1.94MB spill-buffer=64.00KB thread-reservation=0
|  tuple-ids=16,18,20,49,50 row-size=60B cardinality=811.06K cost=2214075860
|  in pipelines: 12(GETNEXT), 44(OPEN)
|
|--44:CARDINALITY CHECK
|  |  limit: 1
|  |  mem-estimate=0B mem-reservation=0B thread-reservation=0
|  |  tuple-ids=50 row-size=16B cardinality=1 cost=0
|  |  in pipelines: 44(GETNEXT), 43(OPEN)
|  |
|  43:SCAN HDFS [tpcds_partitioned_parquet_snap.date_dim]
|     HDFS partitions=1/1 files=1 size=2.17MB
|     predicates: tpcds_partitioned_parquet_snap.date_dim_6.d_year = CAST(1998 AS INT), tpcds_partitioned_parquet_snap.date_dim_6.d_dom = CAST(20 AS INT), tpcds_partitioned_parquet_snap.date_dim_6.d_moy = CAST(12 AS INT)
|     stored statistics:
|       table: rows=73.05K size=2.17MB
|       columns: all
|     extrapolated-rows=disabled max-scan-range-rows=73.05K
|     parquet statistics predicates: tpcds_partitioned_parquet_snap.date_dim_6.d_year = CAST(1998 AS INT), tpcds_partitioned_parquet_snap.date_dim_6.d_dom = CAST(20 AS INT), tpcds_partitioned_parquet_snap.date_dim_6.d_moy = CAST(12 AS INT)
|     parquet dictionary predicates: tpcds_partitioned_parquet_snap.date_dim_6.d_year = CAST(1998 AS INT), tpcds_partitioned_parquet_snap.date_dim_6.d_dom = CAST(20 AS INT), tpcds_partitioned_parquet_snap.date_dim_6.d_moy = CAST(12 AS INT)
|     limit: 2
|     mem-estimate=16.00MB mem-reservation=512.00KB thread-reservation=0
|     tuple-ids=50 row-size=16B cardinality=29 cost=22988
|     in pipelines: 43(GETNEXT)
|
42:HASH JOIN [INNER JOIN]
|  hash predicates: tpcds_partitioned_parquet_snap.store_sales_0.ss_item_sk = tpcds_partitioned_parquet_snap.item_3.i_item_sk
|  fk/pk conjuncts: tpcds_partitioned_parquet_snap.store_sales_0.ss_item_sk = tpcds_partitioned_parquet_snap.item_3.i_item_sk
|  runtime filters: RF008[bloom] <- tpcds_partitioned_parquet_snap.item_3.i_item_sk, RF009[min_max] <- tpcds_partitioned_parquet_snap.item_3.i_item_sk
|  mem-estimate=17.00MB mem-reservation=17.00MB spill-buffer=1.00MB thread-reservation=0
|  tuple-ids=16,18,20,49 row-size=44B cardinality=8.63G cost=3779387733
|  in pipelines: 12(GETNEXT), 41(OPEN)
|
|--41:AGGREGATE [FINALIZE]
|  |  group by: tpcds_partitioned_parquet_snap.item_3.i_item_sk
|  |  mem-estimate=10.00MB mem-reservation=8.50MB spill-buffer=512.00KB thread-reservation=0
|  |  tuple-ids=49 row-size=4B cardinality=360.00K cost=1069444
|  |  in pipelines: 41(GETNEXT), 38(OPEN)
|  |
|  40:HASH JOIN [INNER JOIN]
|  |  hash predicates: BRAND_ID = tpcds_partitioned_parquet_snap.item_3.i_brand_id, CATEGORY_ID = tpcds_partitioned_parquet_snap.item_3.i_category_id, CLASS_ID = tpcds_partitioned_parquet_snap.item_3.i_class_id
|  |  fk/pk conjuncts: assumed fk/pk
|  |  mem-estimate=2.88MB mem-reservation=2.88MB spill-buffer=128.00KB thread-reservation=0
|  |  tuple-ids=46,47 row-size=36B cardinality=447.36K cost=231809
|  |  in pipelines: 38(GETNEXT), 39(OPEN)
|  |
|  |--39:SCAN HDFS [tpcds_partitioned_parquet_snap.item]
|  |     HDFS partitions=1/1 files=1 size=33.54MB
|  |     predicates: is_not_null_pred(tpcds_partitioned_parquet_snap.item_3.i_item_sk)
|  |     stored statistics:
|  |       table: rows=360.00K size=33.54MB
|  |       columns: all
|  |     extrapolated-rows=disabled max-scan-range-rows=101.54K
|  |     parquet dictionary predicates: is_not_null_pred(tpcds_partitioned_parquet_snap.item_3.i_item_sk)
|  |     mem-estimate=16.00MB mem-reservation=512.00KB thread-reservation=0
|  |     tuple-ids=47 row-size=16B cardinality=36.00K cost=93060
|  |     in pipelines: 39(GETNEXT)
|  |
|  38:AGGREGATE [FINALIZE]
|  |  output: count()
|  |  group by: BRAND_ID, CLASS_ID, CATEGORY_ID
|  |  having: count() = CAST(2 AS BIGINT)
|  |  mem-estimate=128.00MB mem-reservation=34.00MB spill-buffer=2.00MB thread-reservation=0
|  |  tuple-ids=46 row-size=20B cardinality=447.36K cost=2640587
|  |  in pipelines: 38(GETNEXT), 37(OPEN), 31(OPEN)
|  |
|  17:UNION
|  |  pass-through-operands: 37
|  |  mem-estimate=0B mem-reservation=0B thread-reservation=0
|  |  tuple-ids=45 row-size=12B cardinality=447.36K cost=19009
|  |  in pipelines: 37(GETNEXT), 31(GETNEXT)
|  |
|  |--31:AGGREGATE [FINALIZE]
|  |  |  output: count()
|  |  |  group by: BRAND_ID, CLASS_ID, CATEGORY_ID
|  |  |  having: count() = CAST(2 AS BIGINT)
|  |  |  mem-estimate=128.00MB mem-reservation=34.00MB spill-buffer=2.00MB thread-reservation=0
|  |  |  tuple-ids=37 row-size=20B cardinality=298.24K cost=1760391
|  |  |  in pipelines: 31(GETNEXT), 24(OPEN), 30(OPEN)
|  |  |
|  |  18:UNION
|  |  |  pass-through-operands: all
|  |  |  mem-estimate=0B mem-reservation=0B thread-reservation=0
|  |  |  tuple-ids=36 row-size=12B cardinality=298.24K cost=0
|  |  |  in pipelines: 24(GETNEXT), 30(GETNEXT)
|  |  |
|  |  |--30:AGGREGATE [FINALIZE]
|  |  |  |  group by: tpcds_partitioned_parquet_snap.item_1.i_brand_id, tpcds_partitioned_parquet_snap.item_1.i_class_id, tpcds_partitioned_parquet_snap.item_1.i_category_id
|  |  |  |  mem-estimate=10.00MB mem-reservation=4.75MB spill-buffer=256.00KB thread-reservation=0
|  |  |  |  tuple-ids=35 row-size=12B cardinality=149.12K cost=5933927815
|  |  |  |  in pipelines: 30(GETNEXT), 25(OPEN)
|  |  |  |
|  |  |  29:HASH JOIN [INNER JOIN]
|  |  |  |  hash predicates: tpcds_partitioned_parquet_snap.catalog_sales_0.cs_sold_date_sk = tpcds_partitioned_parquet_snap.date_dim_4.d_date_sk
|  |  |  |  fk/pk conjuncts: tpcds_partitioned_parquet_snap.catalog_sales_0.cs_sold_date_sk = tpcds_partitioned_parquet_snap.date_dim_4.d_date_sk
|  |  |  |  mem-estimate=1.94MB mem-reservation=1.94MB spill-buffer=64.00KB thread-reservation=0
|  |  |  |  tuple-ids=29,31,33 row-size=32B cardinality=4.32G cost=1889960460
|  |  |  |  in pipelines: 25(GETNEXT), 28(OPEN)
|  |  |  |
|  |  |  |--28:SCAN HDFS [tpcds_partitioned_parquet_snap.date_dim]
|  |  |  |     HDFS partitions=1/1 files=1 size=2.17MB
|  |  |  |     predicates: tpcds_partitioned_parquet_snap.date_dim_4.d_year <= add(CAST(1998 AS INT), CAST(2 AS INT)), tpcds_partitioned_parquet_snap.date_dim_4.d_year >= CAST(1998 AS INT)
|  |  |  |     stored statistics:
|  |  |  |       table: rows=73.05K size=2.17MB
|  |  |  |       columns: all
|  |  |  |     extrapolated-rows=disabled max-scan-range-rows=73.05K
|  |  |  |     parquet statistics predicates: tpcds_partitioned_parquet_snap.date_dim_4.d_year <= add(CAST(1998 AS INT), CAST(2 AS INT)), tpcds_partitioned_parquet_snap.date_dim_4.d_year >= CAST(1998 AS INT)
|  |  |  |     parquet dictionary predicates: tpcds_partitioned_parquet_snap.date_dim_4.d_year <= add(CAST(1998 AS INT), CAST(2 AS INT)), tpcds_partitioned_parquet_snap.date_dim_4.d_year >= CAST(1998 AS INT)
|  |  |  |     mem-estimate=16.00MB mem-reservation=512.00KB thread-reservation=0
|  |  |  |     tuple-ids=33 row-size=8B cardinality=7.30K cost=12520
|  |  |  |     in pipelines: 28(GETNEXT)
|  |  |  |
|  |  |  27:HASH JOIN [INNER JOIN]
|  |  |  |  hash predicates: tpcds_partitioned_parquet_snap.catalog_sales_0.cs_item_sk = tpcds_partitioned_parquet_snap.item_1.i_item_sk
|  |  |  |  fk/pk conjuncts: tpcds_partitioned_parquet_snap.catalog_sales_0.cs_item_sk = tpcds_partitioned_parquet_snap.item_1.i_item_sk
|  |  |  |  runtime filters: RF031[min_max] <- tpcds_partitioned_parquet_snap.item_1.i_item_sk
|  |  |  |  mem-estimate=34.00MB mem-reservation=34.00MB spill-buffer=2.00MB thread-reservation=0
|  |  |  |  tuple-ids=29,31 row-size=24B cardinality=4.32G cost=1890313155
|  |  |  |  in pipelines: 25(GETNEXT), 26(OPEN)
|  |  |  |
|  |  |  |--26:SCAN HDFS [tpcds_partitioned_parquet_snap.item]
|  |  |  |     HDFS partitions=1/1 files=1 size=33.54MB
|  |  |  |     stored statistics:
|  |  |  |       table: rows=360.00K size=33.54MB
|  |  |  |       columns: all
|  |  |  |     extrapolated-rows=disabled max-scan-range-rows=101.54K
|  |  |  |     mem-estimate=16.00MB mem-reservation=512.00KB thread-reservation=0
|  |  |  |     tuple-ids=31 row-size=16B cardinality=360.00K cost=82944
|  |  |  |     in pipelines: 26(GETNEXT)
|  |  |  |
|  |  |  25:SCAN HDFS [tpcds_partitioned_parquet_snap.catalog_sales]
|  |  |     HDFS partitions=1831/1831 files=1831 size=280.96GB
|  |  |     runtime filters: RF031[min_max] -> tpcds_partitioned_parquet_snap.catalog_sales_0.cs_item_sk
|  |  |     stored statistics:
|  |  |       table: rows=4.32G size=280.96GB
|  |  |       partitions: 1831/1831 rows=4.32G
|  |  |       columns: all
|  |  |     extrapolated-rows=disabled max-scan-range-rows=21.52M
|  |  |     mem-estimate=16.00MB mem-reservation=1.00MB thread-reservation=0
|  |  |     tuple-ids=29 row-size=8B cardinality=4.32G(filtered from 4.32G) cost=497672983
|  |  |     in pipelines: 25(GETNEXT)
|  |  |
|  |  24:AGGREGATE [FINALIZE]
|  |  |  group by: tpcds_partitioned_parquet_snap.item_0.i_brand_id, tpcds_partitioned_parquet_snap.item_0.i_class_id, tpcds_partitioned_parquet_snap.item_0.i_category_id
|  |  |  mem-estimate=10.00MB mem-reservation=4.75MB spill-buffer=256.00KB thread-reservation=0
|  |  |  tuple-ids=28 row-size=12B cardinality=149.12K cost=11866877138
|  |  |  in pipelines: 24(GETNEXT), 19(OPEN)
|  |  |
|  |  23:HASH JOIN [INNER JOIN]
|  |  |  hash predicates: tpcds_partitioned_parquet_snap.store_sales_1.ss_sold_date_sk = tpcds_partitioned_parquet_snap.date_dim_3.d_date_sk
|  |  |  fk/pk conjuncts: tpcds_partitioned_parquet_snap.store_sales_1.ss_sold_date_sk = tpcds_partitioned_parquet_snap.date_dim_3.d_date_sk
|  |  |  mem-estimate=1.94MB mem-reservation=1.94MB spill-buffer=64.00KB thread-reservation=0
|  |  |  tuple-ids=22,24,26 row-size=32B cardinality=8.64G cost=3779817034
|  |  |  in pipelines: 19(GETNEXT), 22(OPEN)
|  |  |
|  |  |--22:SCAN HDFS [tpcds_partitioned_parquet_snap.date_dim]
|  |  |     HDFS partitions=1/1 files=1 size=2.17MB
|  |  |     predicates: tpcds_partitioned_parquet_snap.date_dim_3.d_year <= add(CAST(1998 AS INT), CAST(2 AS INT)), tpcds_partitioned_parquet_snap.date_dim_3.d_year >= CAST(1998 AS INT)
|  |  |     stored statistics:
|  |  |       table: rows=73.05K size=2.17MB
|  |  |       columns: all
|  |  |     extrapolated-rows=disabled max-scan-range-rows=73.05K
|  |  |     parquet statistics predicates: tpcds_partitioned_parquet_snap.date_dim_3.d_year <= add(CAST(1998 AS INT), CAST(2 AS INT)), tpcds_partitioned_parquet_snap.date_dim_3.d_year >= CAST(1998 AS INT)
|  |  |     parquet dictionary predicates: tpcds_partitioned_parquet_snap.date_dim_3.d_year <= add(CAST(1998 AS INT), CAST(2 AS INT)), tpcds_partitioned_parquet_snap.date_dim_3.d_year >= CAST(1998 AS INT)
|  |  |     mem-estimate=16.00MB mem-reservation=512.00KB thread-reservation=0
|  |  |     tuple-ids=26 row-size=8B cardinality=7.30K cost=12520
|  |  |     in pipelines: 22(GETNEXT)
|  |  |
|  |  21:HASH JOIN [INNER JOIN]
|  |  |  hash predicates: tpcds_partitioned_parquet_snap.store_sales_1.ss_item_sk = tpcds_partitioned_parquet_snap.item_0.i_item_sk
|  |  |  fk/pk conjuncts: tpcds_partitioned_parquet_snap.store_sales_1.ss_item_sk = tpcds_partitioned_parquet_snap.item_0.i_item_sk
|  |  |  runtime filters: RF026[bloom] <- tpcds_partitioned_parquet_snap.item_0.i_item_sk, RF027[min_max] <- tpcds_partitioned_parquet_snap.item_0.i_item_sk
|  |  |  mem-estimate=34.00MB mem-reservation=34.00MB spill-buffer=2.00MB thread-reservation=0
|  |  |  tuple-ids=22,24 row-size=24B cardinality=8.64G cost=3780169729
|  |  |  in pipelines: 19(GETNEXT), 20(OPEN)
|  |  |
|  |  |--20:SCAN HDFS [tpcds_partitioned_parquet_snap.item]
|  |  |     HDFS partitions=1/1 files=1 size=33.54MB
|  |  |     stored statistics:
|  |  |       table: rows=360.00K size=33.54MB
|  |  |       columns: all
|  |  |     extrapolated-rows=disabled max-scan-range-rows=101.54K
|  |  |     mem-estimate=16.00MB mem-reservation=512.00KB thread-reservation=0
|  |  |     tuple-ids=24 row-size=16B cardinality=360.00K cost=82944
|  |  |     in pipelines: 20(GETNEXT)
|  |  |
|  |  19:SCAN HDFS [tpcds_partitioned_parquet_snap.store_sales]
|  |     HDFS partitions=1824/1824 files=1824 size=389.90GB
|  |     runtime filters: RF027[min_max] -> tpcds_partitioned_parquet_snap.store_sales_1.ss_item_sk, RF026[bloom] -> tpcds_partitioned_parquet_snap.store_sales_1.ss_item_sk
|  |     stored statistics:
|  |       table: rows=8.64G size=389.90GB
|  |       partitions: 1824/1824 rows=8.64G
|  |       columns: all
|  |     extrapolated-rows=disabled max-scan-range-rows=390.22M
|  |     mem-estimate=16.00MB mem-reservation=4.00MB thread-reservation=0
|  |     tuple-ids=22 row-size=8B cardinality=8.64G(filtered from 8.64G) cost=995320534
|  |     in pipelines: 19(GETNEXT)
|  |
|  37:AGGREGATE [FINALIZE]
|  |  group by: tpcds_partitioned_parquet_snap.item_2.i_brand_id, tpcds_partitioned_parquet_snap.item_2.i_class_id, tpcds_partitioned_parquet_snap.item_2.i_category_id
|  |  mem-estimate=10.00MB mem-reservation=4.75MB spill-buffer=256.00KB thread-reservation=0
|  |  tuple-ids=44 row-size=12B cardinality=149.12K cost=2967204009
|  |  in pipelines: 37(GETNEXT), 32(OPEN)
|  |
|  36:HASH JOIN [INNER JOIN]
|  |  hash predicates: tpcds_partitioned_parquet_snap.web_sales_0.ws_sold_date_sk = tpcds_partitioned_parquet_snap.date_dim_5.d_date_sk
|  |  fk/pk conjuncts: tpcds_partitioned_parquet_snap.web_sales_0.ws_sold_date_sk = tpcds_partitioned_parquet_snap.date_dim_5.d_date_sk
|  |  mem-estimate=1.94MB mem-reservation=1.94MB spill-buffer=64.00KB thread-reservation=0
|  |  tuple-ids=38,40,42 row-size=32B cardinality=2.16G cost=944952811
|  |  in pipelines: 32(GETNEXT), 35(OPEN)
|  |
|  |--35:SCAN HDFS [tpcds_partitioned_parquet_snap.date_dim]
|  |     HDFS partitions=1/1 files=1 size=2.17MB
|  |     predicates: tpcds_partitioned_parquet_snap.date_dim_5.d_year <= add(CAST(1998 AS INT), CAST(2 AS INT)), tpcds_partitioned_parquet_snap.date_dim_5.d_year >= CAST(1998 AS INT)
|  |     stored statistics:
|  |       table: rows=73.05K size=2.17MB
|  |       columns: all
|  |     extrapolated-rows=disabled max-scan-range-rows=73.05K
|  |     parquet statistics predicates: tpcds_partitioned_parquet_snap.date_dim_5.d_year <= add(CAST(1998 AS INT), CAST(2 AS INT)), tpcds_partitioned_parquet_snap.date_dim_5.d_year >= CAST(1998 AS INT)
|  |     parquet dictionary predicates: tpcds_partitioned_parquet_snap.date_dim_5.d_year <= add(CAST(1998 AS INT), CAST(2 AS INT)), tpcds_partitioned_parquet_snap.date_dim_5.d_year >= CAST(1998 AS INT)
|  |     mem-estimate=16.00MB mem-reservation=512.00KB thread-reservation=0
|  |     tuple-ids=42 row-size=8B cardinality=7.30K cost=12520
|  |     in pipelines: 35(GETNEXT)
|  |
|  34:HASH JOIN [INNER JOIN]
|  |  hash predicates: tpcds_partitioned_parquet_snap.web_sales_0.ws_item_sk = tpcds_partitioned_parquet_snap.item_2.i_item_sk
|  |  fk/pk conjuncts: tpcds_partitioned_parquet_snap.web_sales_0.ws_item_sk = tpcds_partitioned_parquet_snap.item_2.i_item_sk
|  |  runtime filters: RF023[min_max] <- tpcds_partitioned_parquet_snap.item_2.i_item_sk
|  |  mem-estimate=34.00MB mem-reservation=34.00MB spill-buffer=2.00MB thread-reservation=0
|  |  tuple-ids=38,40 row-size=24B cardinality=2.16G cost=945305506
|  |  in pipelines: 32(GETNEXT), 33(OPEN)
|  |
|  |--33:SCAN HDFS [tpcds_partitioned_parquet_snap.item]
|  |     HDFS partitions=1/1 files=1 size=33.54MB
|  |     stored statistics:
|  |       table: rows=360.00K size=33.54MB
|  |       columns: all
|  |     extrapolated-rows=disabled max-scan-range-rows=101.54K
|  |     mem-estimate=16.00MB mem-reservation=512.00KB thread-reservation=0
|  |     tuple-ids=40 row-size=16B cardinality=360.00K cost=82944
|  |     in pipelines: 33(GETNEXT)
|  |
|  32:SCAN HDFS [tpcds_partitioned_parquet_snap.web_sales]
|     HDFS partitions=1824/1824 files=1824 size=145.75GB
|     runtime filters: RF023[min_max] -> tpcds_partitioned_parquet_snap.web_sales_0.ws_item_sk
|     stored statistics:
|       table: rows=2.16G size=145.75GB
|       partitions: 1824/1824 rows=2.16G
|       columns: all
|     extrapolated-rows=disabled max-scan-range-rows=3.37M
|     mem-estimate=16.00MB mem-reservation=128.00KB thread-reservation=0
|     tuple-ids=38 row-size=8B cardinality=2.16G(filtered from 2.16G) cost=248828309
|     in pipelines: 32(GETNEXT)
|
16:HASH JOIN [INNER JOIN]
|  hash predicates: tpcds_partitioned_parquet_snap.store_sales_0.ss_sold_date_sk = tpcds_partitioned_parquet_snap.date_dim_2.d_date_sk
|  fk/pk conjuncts: tpcds_partitioned_parquet_snap.store_sales_0.ss_sold_date_sk = tpcds_partitioned_parquet_snap.date_dim_2.d_date_sk
|  mem-estimate=4.75MB mem-reservation=4.75MB spill-buffer=256.00KB thread-reservation=0
|  tuple-ids=16,18,20 row-size=40B cardinality=8.64G(filtered from 8.64G) cost=3779882778
|  in pipelines: 12(GETNEXT), 15(OPEN)
|
|--15:SCAN HDFS [tpcds_partitioned_parquet_snap.date_dim]
|     HDFS partitions=1/1 files=1 size=2.17MB
|     runtime filters: RF007[min_max] -> tpcds_partitioned_parquet_snap.date_dim_2.d_week_seq, RF006[bloom] -> tpcds_partitioned_parquet_snap.date_dim_2.d_week_seq
|     stored statistics:
|       table: rows=73.05K size=2.17MB
|       columns: all
|     extrapolated-rows=disabled max-scan-range-rows=73.05K
|     mem-estimate=16.00MB mem-reservation=512.00KB thread-reservation=0
|     tuple-ids=20 row-size=8B cardinality=73.05K cost=8415
|     in pipelines: 15(GETNEXT)
|
14:HASH JOIN [INNER JOIN]
|  hash predicates: tpcds_partitioned_parquet_snap.store_sales_0.ss_item_sk = tpcds_partitioned_parquet_snap.item.i_item_sk
|  fk/pk conjuncts: tpcds_partitioned_parquet_snap.store_sales_0.ss_item_sk = tpcds_partitioned_parquet_snap.item.i_item_sk
|  runtime filters: RF012[bloom] <- tpcds_partitioned_parquet_snap.item.i_item_sk, RF013[min_max] <- tpcds_partitioned_parquet_snap.item.i_item_sk
|  mem-estimate=34.00MB mem-reservation=34.00MB spill-buffer=2.00MB thread-reservation=0
|  tuple-ids=16,18 row-size=32B cardinality=8.64G(filtered from 8.64G) cost=3780169729
|  in pipelines: 12(GETNEXT), 13(OPEN)
|
|--13:SCAN HDFS [tpcds_partitioned_parquet_snap.item]
|     HDFS partitions=1/1 files=1 size=33.54MB
|     runtime filters: RF003[min_max] -> tpcds_partitioned_parquet_snap.item.i_brand_id, RF004[min_max] -> tpcds_partitioned_parquet_snap.item.i_category_id, RF005[min_max] -> tpcds_partitioned_parquet_snap.item.i_class_id, RF009[min_max] -> tpcds_partitioned_parquet_snap.item.i_item_sk, RF000[bloom] -> tpcds_partitioned_parquet_snap.item.i_brand_id, RF001[bloom] -> tpcds_partitioned_parquet_snap.item.i_category_id, RF002[bloom] -> tpcds_partitioned_parquet_snap.item.i_class_id, RF008[bloom] -> tpcds_partitioned_parquet_snap.item.i_item_sk
|     stored statistics:
|       table: rows=360.00K size=33.54MB
|       columns: all
|     extrapolated-rows=disabled max-scan-range-rows=101.54K
|     mem-estimate=16.00MB mem-reservation=512.00KB thread-reservation=0
|     tuple-ids=18 row-size=16B cardinality=360.00K cost=82944
|     in pipelines: 13(GETNEXT)
|
12:SCAN HDFS [tpcds_partitioned_parquet_snap.store_sales]
   HDFS partitions=1824/1824 files=1824 size=389.90GB
   runtime filters: RF013[min_max] -> tpcds_partitioned_parquet_snap.store_sales_0.ss_item_sk, RF009[min_max] -> tpcds_partitioned_parquet_snap.store_sales_0.ss_item_sk, RF012[bloom] -> tpcds_partitioned_parquet_snap.store_sales_0.ss_item_sk, RF008[bloom] -> tpcds_partitioned_parquet_snap.store_sales_0.ss_item_sk
   stored statistics:
     table: rows=8.64G size=389.90GB
     partitions: 1824/1824 rows=8.64G
     columns: all
   extrapolated-rows=disabled max-scan-range-rows=390.22M
   mem-estimate=16.00MB mem-reservation=8.00MB thread-reservation=0
   tuple-ids=16 row-size=16B cardinality=8.64G(filtered from 8.64G) cost=1990641068
   in pipelines: 12(GETNEXT)
---- DISTRIBUTEDPLAN
Max Per-Host Resource Reservation: Memory=7.53GB Threads=235
Per-Host Resource Estimates: Memory=18.09GB
F66:PLAN FRAGMENT [UNPARTITIONED] hosts=1 instances=1
|  Per-Instance Resources: mem-estimate=4.02MB mem-reservation=4.00MB thread-reservation=1
|  max-parallelism=1 segment-costs=[12] cpu-comparison-result=1058 [max(1 (self) vs 1058 (sum children))]
PLAN-ROOT SINK
|  output exprs: 'store', tpcds_partitioned_parquet_snap.item_4.i_brand_id, tpcds_partitioned_parquet_snap.item_4.i_class_id, tpcds_partitioned_parquet_snap.item_4.i_category_id, sum(multiply(tpcds_partitioned_parquet_snap.store_sales_3.ss_quantity, tpcds_partitioned_parquet_snap.store_sales_3.ss_list_price)), count(), 'store', tpcds_partitioned_parquet_snap.item.i_brand_id, tpcds_partitioned_parquet_snap.item.i_class_id, tpcds_partitioned_parquet_snap.item.i_category_id, sum(multiply(tpcds_partitioned_parquet_snap.store_sales_0.ss_quantity, tpcds_partitioned_parquet_snap.store_sales_0.ss_list_price)), count()
|  mem-estimate=4.00MB mem-reservation=4.00MB spill-buffer=2.00MB thread-reservation=0 cost=12
|
162:MERGING-EXCHANGE [UNPARTITIONED]
|  order by: tpcds_partitioned_parquet_snap.item_4.i_brand_id ASC NULLS LAST, tpcds_partitioned_parquet_snap.item_4.i_class_id ASC NULLS LAST, tpcds_partitioned_parquet_snap.item_4.i_category_id ASC NULLS LAST
|  limit: 100
|  mem-estimate=16.00KB mem-reservation=0B thread-reservation=0
|  tuple-ids=106 row-size=72B cardinality=1 cost=0
|  in pipelines: 97(GETNEXT)
|
F23:PLAN FRAGMENT [HASH(tpcds_partitioned_parquet_snap.item.i_brand_id,tpcds_partitioned_parquet_snap.item.i_class_id,tpcds_partitioned_parquet_snap.item.i_category_id)] hosts=10 instances=10 (adjusted from 120)
Per-Instance Resources: mem-estimate=17.41MB mem-reservation=1.94MB thread-reservation=1
max-parallelism=10 segment-costs=[2040021, 38398, 2] cpu-comparison-result=1058 [max(10 (self) vs 1058 (sum children))]
97:TOP-N [LIMIT=100]
|  order by: tpcds_partitioned_parquet_snap.item_4.i_brand_id ASC NULLS LAST, tpcds_partitioned_parquet_snap.item_4.i_class_id ASC NULLS LAST, tpcds_partitioned_parquet_snap.item_4.i_category_id ASC NULLS LAST
|  mem-estimate=72B mem-reservation=0B thread-reservation=0
|  tuple-ids=106 row-size=72B cardinality=1 cost=0
|  in pipelines: 97(GETNEXT), 123(OPEN)
|
96:NESTED LOOP JOIN [INNER JOIN, BROADCAST]
|  join table id: 00
|  join predicates: sum(multiply(tpcds_partitioned_parquet_snap.store_sales_0.ss_quantity, tpcds_partitioned_parquet_snap.store_sales_0.ss_list_price)) > avg(multiply(QUANTITY, LIST_PRICE))
|  mem-estimate=0B mem-reservation=0B thread-reservation=0
|  tuple-ids=52,105,68,15 row-size=104B cardinality=1 cost=79
|  in pipelines: 123(GETNEXT), 160(OPEN)
|
|--F67:PLAN FRAGMENT [HASH(tpcds_partitioned_parquet_snap.item.i_brand_id,tpcds_partitioned_parquet_snap.item.i_class_id,tpcds_partitioned_parquet_snap.item.i_category_id)] hosts=10 instances=10
|  |  Per-Instance Resources: mem-estimate=16.02KB mem-reservation=0B thread-reservation=1
|  |  max-parallelism=10 segment-costs=[0] cpu-comparison-result=120 [max(10 (self) vs 120 (sum children))]
|  JOIN BUILD
|  |  join-table-id=00 plan-id=01 cohort-id=01
|  |  mem-estimate=16B mem-reservation=0B thread-reservation=0 cost=0
|  |
|  161:EXCHANGE [BROADCAST]
|  |  mem-estimate=16.00KB mem-reservation=0B thread-reservation=0
|  |  tuple-ids=15 row-size=16B cardinality=1 cost=0
|  |  in pipelines: 160(GETNEXT)
|  |
|  F65:PLAN FRAGMENT [UNPARTITIONED] hosts=1 instances=1
|  Per-Instance Resources: mem-estimate=297.44KB mem-reservation=0B thread-reservation=1
|  max-parallelism=1 segment-costs=[30, 0] cpu-comparison-result=120 [max(1 (self) vs 120 (sum children))]
|  160:AGGREGATE [FINALIZE]
|  |  output: avg:merge(multiply(QUANTITY, LIST_PRICE))
|  |  mem-estimate=16.00KB mem-reservation=0B spill-buffer=2.00MB thread-reservation=0
|  |  tuple-ids=15 row-size=16B cardinality=1 cost=8
|  |  in pipelines: 160(GETNEXT), 11(OPEN)
|  |
|  159:EXCHANGE [UNPARTITIONED]
|  |  mem-estimate=281.44KB mem-reservation=0B thread-reservation=0
|  |  tuple-ids=14 row-size=16B cardinality=120 cost=22
|  |  in pipelines: 11(GETNEXT)
|  |
|  F64:PLAN FRAGMENT [RANDOM] hosts=10 instances=120
|  Per-Instance Resources: mem-estimate=16.02MB mem-reservation=8.00MB thread-reservation=1
|  max-parallelism=120 segment-costs=[11061173397, 185] cpu-comparison-result=120 [max(120 (self) vs 33 (sum children))]
|  11:AGGREGATE
|  |  output: avg(multiply(CAST(QUANTITY AS DECIMAL(10,0)), LIST_PRICE))
|  |  mem-estimate=16.00KB mem-reservation=0B spill-buffer=2.00MB thread-reservation=0
|  |  tuple-ids=14 row-size=16B cardinality=120 cost=1058398679
|  |  in pipelines: 11(GETNEXT), 02(OPEN), 05(OPEN), 08(OPEN)
|  |
|  00:UNION
|  |  pass-through-operands: 01
|  |  mem-estimate=0B mem-reservation=0B thread-reservation=0
|  |  tuple-ids=13 row-size=8B cardinality=15.12G cost=110287964
|  |  in pipelines: 02(GETNEXT), 05(GETNEXT), 08(GETNEXT)
|  |
|  |--10:HASH JOIN [INNER JOIN, BROADCAST]
|  |  |  hash-table-id=03
|  |  |  hash predicates: tpcds_partitioned_parquet_snap.web_sales.ws_sold_date_sk = tpcds_partitioned_parquet_snap.date_dim_1.d_date_sk
|  |  |  fk/pk conjuncts: tpcds_partitioned_parquet_snap.web_sales.ws_sold_date_sk = tpcds_partitioned_parquet_snap.date_dim_1.d_date_sk
|  |  |  mem-estimate=0B mem-reservation=0B spill-buffer=64.00KB thread-reservation=0
|  |  |  tuple-ids=9,11 row-size=20B cardinality=2.16G cost=945417979
|  |  |  in pipelines: 08(GETNEXT), 09(OPEN)
|  |  |
|  |  |--F70:PLAN FRAGMENT [RANDOM] hosts=10 instances=10
|  |  |  |  Per-Instance Resources: mem-estimate=23.32MB mem-reservation=23.25MB thread-reservation=1
|  |  |  |  max-parallelism=10 segment-costs=[17005]
|  |  |  JOIN BUILD
|  |  |  |  join-table-id=03 plan-id=04 cohort-id=02
|  |  |  |  build expressions: tpcds_partitioned_parquet_snap.date_dim_1.d_date_sk
|  |  |  |  mem-estimate=23.25MB mem-reservation=23.25MB spill-buffer=64.00KB thread-reservation=0 cost=7305
|  |  |  |
|  |  |  158:EXCHANGE [BROADCAST]
|  |  |  |  mem-estimate=69.07KB mem-reservation=0B thread-reservation=0
|  |  |  |  tuple-ids=11 row-size=8B cardinality=7.30K cost=9700
|  |  |  |  in pipelines: 09(GETNEXT)
|  |  |  |
|  |  |  F63:PLAN FRAGMENT [RANDOM] hosts=1 instances=1
|  |  |  Per-Instance Resources: mem-estimate=16.05MB mem-reservation=512.00KB thread-reservation=1
|  |  |  max-parallelism=1 segment-costs=[12835]
|  |  |  09:SCAN HDFS [tpcds_partitioned_parquet_snap.date_dim, RANDOM]
|  |  |     HDFS partitions=1/1 files=1 size=2.17MB
|  |  |     predicates: tpcds_partitioned_parquet_snap.date_dim_1.d_year <= add(CAST(1998 AS INT), CAST(2 AS INT)), tpcds_partitioned_parquet_snap.date_dim_1.d_year >= CAST(1998 AS INT)
|  |  |     stored statistics:
|  |  |       table: rows=73.05K size=2.17MB
|  |  |       columns: all
|  |  |     extrapolated-rows=disabled max-scan-range-rows=73.05K
|  |  |     parquet statistics predicates: tpcds_partitioned_parquet_snap.date_dim_1.d_year <= add(CAST(1998 AS INT), CAST(2 AS INT)), tpcds_partitioned_parquet_snap.date_dim_1.d_year >= CAST(1998 AS INT)
|  |  |     parquet dictionary predicates: tpcds_partitioned_parquet_snap.date_dim_1.d_year <= add(CAST(1998 AS INT), CAST(2 AS INT)), tpcds_partitioned_parquet_snap.date_dim_1.d_year >= CAST(1998 AS INT)
|  |  |     mem-estimate=16.00MB mem-reservation=512.00KB thread-reservation=0
|  |  |     tuple-ids=11 row-size=8B cardinality=7.30K cost=12520
|  |  |     in pipelines: 09(GETNEXT)
|  |  |
|  |  08:SCAN HDFS [tpcds_partitioned_parquet_snap.web_sales, RANDOM]
|  |     HDFS partitions=1824/1824 files=1824 size=145.75GB
|  |     stored statistics:
|  |       table: rows=2.16G size=145.75GB
|  |       partitions: 1824/1824 rows=2.16G
|  |       columns: all
|  |     extrapolated-rows=disabled max-scan-range-rows=3.37M
|  |     mem-estimate=16.00MB mem-reservation=128.00KB thread-reservation=0
|  |     tuple-ids=9 row-size=12B cardinality=2.16G cost=373242464
|  |     in pipelines: 08(GETNEXT)
|  |
|  01:UNION
|  |  mem-estimate=0B mem-reservation=0B thread-reservation=0
|  |  tuple-ids=8 row-size=8B cardinality=12.96G cost=661738272
|  |  in pipelines: 02(GETNEXT), 05(GETNEXT)
|  |
|  |--07:HASH JOIN [INNER JOIN, BROADCAST]
|  |  |  hash-table-id=02
|  |  |  hash predicates: tpcds_partitioned_parquet_snap.catalog_sales.cs_sold_date_sk = tpcds_partitioned_parquet_snap.date_dim_0.d_date_sk
|  |  |  fk/pk conjuncts: tpcds_partitioned_parquet_snap.catalog_sales.cs_sold_date_sk = tpcds_partitioned_parquet_snap.date_dim_0.d_date_sk
|  |  |  mem-estimate=0B mem-reservation=0B spill-buffer=64.00KB thread-reservation=0
|  |  |  tuple-ids=4,6 row-size=20B cardinality=4.32G cost=1890898131
|  |  |  in pipelines: 05(GETNEXT), 06(OPEN)
|  |  |
|  |  |--F69:PLAN FRAGMENT [RANDOM] hosts=10 instances=10
|  |  |  |  Per-Instance Resources: mem-estimate=23.32MB mem-reservation=23.25MB thread-reservation=1
|  |  |  |  max-parallelism=10 segment-costs=[17005]
|  |  |  JOIN BUILD
|  |  |  |  join-table-id=02 plan-id=03 cohort-id=02
|  |  |  |  build expressions: tpcds_partitioned_parquet_snap.date_dim_0.d_date_sk
|  |  |  |  mem-estimate=23.25MB mem-reservation=23.25MB spill-buffer=64.00KB thread-reservation=0 cost=7305
|  |  |  |
|  |  |  157:EXCHANGE [BROADCAST]
|  |  |  |  mem-estimate=69.07KB mem-reservation=0B thread-reservation=0
|  |  |  |  tuple-ids=6 row-size=8B cardinality=7.30K cost=9700
|  |  |  |  in pipelines: 06(GETNEXT)
|  |  |  |
|  |  |  F60:PLAN FRAGMENT [RANDOM] hosts=1 instances=1
|  |  |  Per-Instance Resources: mem-estimate=16.05MB mem-reservation=512.00KB thread-reservation=1
|  |  |  max-parallelism=1 segment-costs=[12835]
|  |  |  06:SCAN HDFS [tpcds_partitioned_parquet_snap.date_dim, RANDOM]
|  |  |     HDFS partitions=1/1 files=1 size=2.17MB
|  |  |     predicates: tpcds_partitioned_parquet_snap.date_dim_0.d_year <= add(CAST(1998 AS INT), CAST(2 AS INT)), tpcds_partitioned_parquet_snap.date_dim_0.d_year >= CAST(1998 AS INT)
|  |  |     stored statistics:
|  |  |       table: rows=73.05K size=2.17MB
|  |  |       columns: all
|  |  |     extrapolated-rows=disabled max-scan-range-rows=73.05K
|  |  |     parquet statistics predicates: tpcds_partitioned_parquet_snap.date_dim_0.d_year <= add(CAST(1998 AS INT), CAST(2 AS INT)), tpcds_partitioned_parquet_snap.date_dim_0.d_year >= CAST(1998 AS INT)
|  |  |     parquet dictionary predicates: tpcds_partitioned_parquet_snap.date_dim_0.d_year <= add(CAST(1998 AS INT), CAST(2 AS INT)), tpcds_partitioned_parquet_snap.date_dim_0.d_year >= CAST(1998 AS INT)
|  |  |     mem-estimate=16.00MB mem-reservation=512.00KB thread-reservation=0
|  |  |     tuple-ids=6 row-size=8B cardinality=7.30K cost=12520
|  |  |     in pipelines: 06(GETNEXT)
|  |  |
|  |  05:SCAN HDFS [tpcds_partitioned_parquet_snap.catalog_sales, RANDOM]
|  |     HDFS partitions=1831/1831 files=1831 size=280.96GB
|  |     stored statistics:
|  |       table: rows=4.32G size=280.96GB
|  |       partitions: 1831/1831 rows=4.32G
|  |       columns: all
|  |     extrapolated-rows=disabled max-scan-range-rows=21.52M
|  |     mem-estimate=16.00MB mem-reservation=1.00MB thread-reservation=0
|  |     tuple-ids=4 row-size=12B cardinality=4.32G cost=746509474
|  |     in pipelines: 05(GETNEXT)
|  |
|  04:HASH JOIN [INNER JOIN, BROADCAST]
|  |  hash-table-id=01
|  |  hash predicates: tpcds_partitioned_parquet_snap.store_sales.ss_sold_date_sk = tpcds_partitioned_parquet_snap.date_dim.d_date_sk
|  |  fk/pk conjuncts: tpcds_partitioned_parquet_snap.store_sales.ss_sold_date_sk = tpcds_partitioned_parquet_snap.date_dim.d_date_sk
|  |  mem-estimate=0B mem-reservation=0B spill-buffer=64.00KB thread-reservation=0
|  |  tuple-ids=0,2 row-size=20B cardinality=8.64G cost=3781699633
|  |  in pipelines: 02(GETNEXT), 03(OPEN)
|  |
|  |--F68:PLAN FRAGMENT [RANDOM] hosts=10 instances=10
|  |  |  Per-Instance Resources: mem-estimate=23.32MB mem-reservation=23.25MB thread-reservation=1
|  |  |  max-parallelism=10 segment-costs=[17005]
|  |  JOIN BUILD
|  |  |  join-table-id=01 plan-id=02 cohort-id=02
|  |  |  build expressions: tpcds_partitioned_parquet_snap.date_dim.d_date_sk
|  |  |  mem-estimate=23.25MB mem-reservation=23.25MB spill-buffer=64.00KB thread-reservation=0 cost=7305
|  |  |
|  |  156:EXCHANGE [BROADCAST]
|  |  |  mem-estimate=69.07KB mem-reservation=0B thread-reservation=0
|  |  |  tuple-ids=2 row-size=8B cardinality=7.30K cost=9700
|  |  |  in pipelines: 03(GETNEXT)
|  |  |
|  |  F58:PLAN FRAGMENT [RANDOM] hosts=1 instances=1
|  |  Per-Instance Resources: mem-estimate=16.05MB mem-reservation=512.00KB thread-reservation=1
|  |  max-parallelism=1 segment-costs=[12835]
|  |  03:SCAN HDFS [tpcds_partitioned_parquet_snap.date_dim, RANDOM]
|  |     HDFS partitions=1/1 files=1 size=2.17MB
|  |     predicates: tpcds_partitioned_parquet_snap.date_dim.d_year <= add(CAST(1998 AS INT), CAST(2 AS INT)), tpcds_partitioned_parquet_snap.date_dim.d_year >= CAST(1998 AS INT)
|  |     stored statistics:
|  |       table: rows=73.05K size=2.17MB
|  |       columns: all
|  |     extrapolated-rows=disabled max-scan-range-rows=73.05K
|  |     parquet statistics predicates: tpcds_partitioned_parquet_snap.date_dim.d_year <= add(CAST(1998 AS INT), CAST(2 AS INT)), tpcds_partitioned_parquet_snap.date_dim.d_year >= CAST(1998 AS INT)
|  |     parquet dictionary predicates: tpcds_partitioned_parquet_snap.date_dim.d_year <= add(CAST(1998 AS INT), CAST(2 AS INT)), tpcds_partitioned_parquet_snap.date_dim.d_year >= CAST(1998 AS INT)
|  |     mem-estimate=16.00MB mem-reservation=512.00KB thread-reservation=0
|  |     tuple-ids=2 row-size=8B cardinality=7.30K cost=12520
|  |     in pipelines: 03(GETNEXT)
|  |
|  02:SCAN HDFS [tpcds_partitioned_parquet_snap.store_sales, RANDOM]
|     HDFS partitions=1824/1824 files=1824 size=389.90GB
|     stored statistics:
|       table: rows=8.64G size=389.90GB
|       partitions: 1824/1824 rows=8.64G
|       columns: all
|     extrapolated-rows=disabled max-scan-range-rows=390.22M
|     mem-estimate=16.00MB mem-reservation=8.00MB thread-reservation=0
|     tuple-ids=0 row-size=12B cardinality=8.64G cost=1492980801
|     in pipelines: 02(GETNEXT)
|
95:HASH JOIN [INNER JOIN, PARTITIONED]
|  hash-table-id=04
|  hash predicates: tpcds_partitioned_parquet_snap.item.i_brand_id = tpcds_partitioned_parquet_snap.item_4.i_brand_id, tpcds_partitioned_parquet_snap.item.i_category_id = tpcds_partitioned_parquet_snap.item_4.i_category_id, tpcds_partitioned_parquet_snap.item.i_class_id = tpcds_partitioned_parquet_snap.item_4.i_class_id
|  fk/pk conjuncts: none
|  mem-estimate=0B mem-reservation=0B spill-buffer=64.00KB thread-reservation=0
|  tuple-ids=52,105,68 row-size=88B cardinality=386 cost=38319
|  in pipelines: 123(GETNEXT), 149(OPEN)
|
|--F71:PLAN FRAGMENT [HASH(tpcds_partitioned_parquet_snap.item.i_brand_id,tpcds_partitioned_parquet_snap.item.i_class_id,tpcds_partitioned_parquet_snap.item.i_category_id)] hosts=10 instances=10 (adjusted from 120)
|  |  Per-Instance Resources: mem-estimate=20.41MB mem-reservation=9.69MB thread-reservation=1 runtime-filters-memory=3.00MB
|  |  max-parallelism=10 segment-costs=[2040021, 30555] cpu-comparison-result=529 [max(10 (self) vs 529 (sum children))]
|  JOIN BUILD
|  |  join-table-id=04 plan-id=05 cohort-id=01
|  |  build expressions: tpcds_partitioned_parquet_snap.item_4.i_brand_id, tpcds_partitioned_parquet_snap.item_4.i_category_id, tpcds_partitioned_parquet_snap.item_4.i_class_id
|  |  runtime filters: RF000[bloom] <- tpcds_partitioned_parquet_snap.item_4.i_brand_id, RF001[bloom] <- tpcds_partitioned_parquet_snap.item_4.i_category_id, RF002[bloom] <- tpcds_partitioned_parquet_snap.item_4.i_class_id, RF003[min_max] <- tpcds_partitioned_parquet_snap.item_4.i_brand_id, RF004[min_max] <- tpcds_partitioned_parquet_snap.item_4.i_category_id, RF005[min_max] <- tpcds_partitioned_parquet_snap.item_4.i_class_id
|  |  mem-estimate=1.94MB mem-reservation=1.94MB spill-buffer=64.00KB thread-reservation=0 cost=1
|  |
|  94:NESTED LOOP JOIN [INNER JOIN, BROADCAST]
|  |  join table id: 05
|  |  join predicates: sum(multiply(tpcds_partitioned_parquet_snap.store_sales_3.ss_quantity, tpcds_partitioned_parquet_snap.store_sales_3.ss_list_price)) > avg(multiply(QUANTITY, LIST_PRICE))
|  |  mem-estimate=0B mem-reservation=0B thread-reservation=0
|  |  tuple-ids=105,68 row-size=52B cardinality=1 cost=30554
|  |  in pipelines: 149(GETNEXT), 154(OPEN)
|  |
|  |--F72:PLAN FRAGMENT [HASH(tpcds_partitioned_parquet_snap.item.i_brand_id,tpcds_partitioned_parquet_snap.item.i_class_id,tpcds_partitioned_parquet_snap.item.i_category_id)] hosts=10 instances=10
|  |  |  Per-Instance Resources: mem-estimate=16.02KB mem-reservation=0B thread-reservation=1
|  |  |  max-parallelism=10 segment-costs=[0] cpu-comparison-result=120 [max(10 (self) vs 120 (sum children))]
|  |  JOIN BUILD
|  |  |  join-table-id=05 plan-id=06 cohort-id=03
|  |  |  mem-estimate=16B mem-reservation=0B thread-reservation=0 cost=0
|  |  |
|  |  155:EXCHANGE [BROADCAST]
|  |  |  mem-estimate=16.00KB mem-reservation=0B thread-reservation=0
|  |  |  tuple-ids=68 row-size=16B cardinality=1 cost=0
|  |  |  in pipelines: 154(GETNEXT)
|  |  |
|  |  F56:PLAN FRAGMENT [UNPARTITIONED] hosts=1 instances=1
|  |  Per-Instance Resources: mem-estimate=297.44KB mem-reservation=0B thread-reservation=1
|  |  max-parallelism=1 segment-costs=[30, 0] cpu-comparison-result=120 [max(1 (self) vs 120 (sum children))]
|  |  154:AGGREGATE [FINALIZE]
|  |  |  output: avg:merge(multiply(QUANTITY, LIST_PRICE))
|  |  |  mem-estimate=16.00KB mem-reservation=0B spill-buffer=2.00MB thread-reservation=0
|  |  |  tuple-ids=68 row-size=16B cardinality=1 cost=8
|  |  |  in pipelines: 154(GETNEXT), 58(OPEN)
|  |  |
|  |  153:EXCHANGE [UNPARTITIONED]
|  |  |  mem-estimate=281.44KB mem-reservation=0B thread-reservation=0
|  |  |  tuple-ids=67 row-size=16B cardinality=120 cost=22
|  |  |  in pipelines: 58(GETNEXT)
|  |  |
|  |  F55:PLAN FRAGMENT [RANDOM] hosts=10 instances=120
|  |  Per-Instance Resources: mem-estimate=16.02MB mem-reservation=8.00MB thread-reservation=1
|  |  max-parallelism=120 segment-costs=[11061173397, 185] cpu-comparison-result=120 [max(120 (self) vs 33 (sum children))]
|  |  58:AGGREGATE
|  |  |  output: avg(multiply(CAST(QUANTITY AS DECIMAL(10,0)), LIST_PRICE))
|  |  |  mem-estimate=16.00KB mem-reservation=0B spill-buffer=2.00MB thread-reservation=0
|  |  |  tuple-ids=67 row-size=16B cardinality=120 cost=1058398679
|  |  |  in pipelines: 58(GETNEXT), 49(OPEN), 52(OPEN), 55(OPEN)
|  |  |
|  |  47:UNION
|  |  |  pass-through-operands: 48
|  |  |  mem-estimate=0B mem-reservation=0B thread-reservation=0
|  |  |  tuple-ids=66 row-size=8B cardinality=15.12G cost=110287964
|  |  |  in pipelines: 49(GETNEXT), 52(GETNEXT), 55(GETNEXT)
|  |  |
|  |  |--57:HASH JOIN [INNER JOIN, BROADCAST]
|  |  |  |  hash-table-id=08
|  |  |  |  hash predicates: tpcds_partitioned_parquet_snap.web_sales_1.ws_sold_date_sk = tpcds_partitioned_parquet_snap.date_dim_9.d_date_sk
|  |  |  |  fk/pk conjuncts: tpcds_partitioned_parquet_snap.web_sales_1.ws_sold_date_sk = tpcds_partitioned_parquet_snap.date_dim_9.d_date_sk
|  |  |  |  mem-estimate=0B mem-reservation=0B spill-buffer=64.00KB thread-reservation=0
|  |  |  |  tuple-ids=62,64 row-size=20B cardinality=2.16G cost=945417979
|  |  |  |  in pipelines: 55(GETNEXT), 56(OPEN)
|  |  |  |
|  |  |  |--F75:PLAN FRAGMENT [RANDOM] hosts=10 instances=10
|  |  |  |  |  Per-Instance Resources: mem-estimate=23.32MB mem-reservation=23.25MB thread-reservation=1
|  |  |  |  |  max-parallelism=10 segment-costs=[17005]
|  |  |  |  JOIN BUILD
|  |  |  |  |  join-table-id=08 plan-id=09 cohort-id=04
|  |  |  |  |  build expressions: tpcds_partitioned_parquet_snap.date_dim_9.d_date_sk
|  |  |  |  |  mem-estimate=23.25MB mem-reservation=23.25MB spill-buffer=64.00KB thread-reservation=0 cost=7305
|  |  |  |  |
|  |  |  |  152:EXCHANGE [BROADCAST]
|  |  |  |  |  mem-estimate=69.07KB mem-reservation=0B thread-reservation=0
|  |  |  |  |  tuple-ids=64 row-size=8B cardinality=7.30K cost=9700
|  |  |  |  |  in pipelines: 56(GETNEXT)
|  |  |  |  |
|  |  |  |  F54:PLAN FRAGMENT [RANDOM] hosts=1 instances=1
|  |  |  |  Per-Instance Resources: mem-estimate=16.05MB mem-reservation=512.00KB thread-reservation=1
|  |  |  |  max-parallelism=1 segment-costs=[12835]
|  |  |  |  56:SCAN HDFS [tpcds_partitioned_parquet_snap.date_dim, RANDOM]
|  |  |  |     HDFS partitions=1/1 files=1 size=2.17MB
|  |  |  |     predicates: tpcds_partitioned_parquet_snap.date_dim_9.d_year <= add(CAST(1998 AS INT), CAST(2 AS INT)), tpcds_partitioned_parquet_snap.date_dim_9.d_year >= CAST(1998 AS INT)
|  |  |  |     stored statistics:
|  |  |  |       table: rows=73.05K size=2.17MB
|  |  |  |       columns: all
|  |  |  |     extrapolated-rows=disabled max-scan-range-rows=73.05K
|  |  |  |     parquet statistics predicates: tpcds_partitioned_parquet_snap.date_dim_9.d_year <= add(CAST(1998 AS INT), CAST(2 AS INT)), tpcds_partitioned_parquet_snap.date_dim_9.d_year >= CAST(1998 AS INT)
|  |  |  |     parquet dictionary predicates: tpcds_partitioned_parquet_snap.date_dim_9.d_year <= add(CAST(1998 AS INT), CAST(2 AS INT)), tpcds_partitioned_parquet_snap.date_dim_9.d_year >= CAST(1998 AS INT)
|  |  |  |     mem-estimate=16.00MB mem-reservation=512.00KB thread-reservation=0
|  |  |  |     tuple-ids=64 row-size=8B cardinality=7.30K cost=12520
|  |  |  |     in pipelines: 56(GETNEXT)
|  |  |  |
|  |  |  55:SCAN HDFS [tpcds_partitioned_parquet_snap.web_sales, RANDOM]
|  |  |     HDFS partitions=1824/1824 files=1824 size=145.75GB
|  |  |     stored statistics:
|  |  |       table: rows=2.16G size=145.75GB
|  |  |       partitions: 1824/1824 rows=2.16G
|  |  |       columns: all
|  |  |     extrapolated-rows=disabled max-scan-range-rows=3.37M
|  |  |     mem-estimate=16.00MB mem-reservation=128.00KB thread-reservation=0
|  |  |     tuple-ids=62 row-size=12B cardinality=2.16G cost=373242464
|  |  |     in pipelines: 55(GETNEXT)
|  |  |
|  |  48:UNION
|  |  |  mem-estimate=0B mem-reservation=0B thread-reservation=0
|  |  |  tuple-ids=61 row-size=8B cardinality=12.96G cost=661738272
|  |  |  in pipelines: 49(GETNEXT), 52(GETNEXT)
|  |  |
|  |  |--54:HASH JOIN [INNER JOIN, BROADCAST]
|  |  |  |  hash-table-id=07
|  |  |  |  hash predicates: tpcds_partitioned_parquet_snap.catalog_sales_1.cs_sold_date_sk = tpcds_partitioned_parquet_snap.date_dim_8.d_date_sk
|  |  |  |  fk/pk conjuncts: tpcds_partitioned_parquet_snap.catalog_sales_1.cs_sold_date_sk = tpcds_partitioned_parquet_snap.date_dim_8.d_date_sk
|  |  |  |  mem-estimate=0B mem-reservation=0B spill-buffer=64.00KB thread-reservation=0
|  |  |  |  tuple-ids=57,59 row-size=20B cardinality=4.32G cost=1890898131
|  |  |  |  in pipelines: 52(GETNEXT), 53(OPEN)
|  |  |  |
|  |  |  |--F74:PLAN FRAGMENT [RANDOM] hosts=10 instances=10
|  |  |  |  |  Per-Instance Resources: mem-estimate=23.32MB mem-reservation=23.25MB thread-reservation=1
|  |  |  |  |  max-parallelism=10 segment-costs=[17005]
|  |  |  |  JOIN BUILD
|  |  |  |  |  join-table-id=07 plan-id=08 cohort-id=04
|  |  |  |  |  build expressions: tpcds_partitioned_parquet_snap.date_dim_8.d_date_sk
|  |  |  |  |  mem-estimate=23.25MB mem-reservation=23.25MB spill-buffer=64.00KB thread-reservation=0 cost=7305
|  |  |  |  |
|  |  |  |  151:EXCHANGE [BROADCAST]
|  |  |  |  |  mem-estimate=69.07KB mem-reservation=0B thread-reservation=0
|  |  |  |  |  tuple-ids=59 row-size=8B cardinality=7.30K cost=9700
|  |  |  |  |  in pipelines: 53(GETNEXT)
|  |  |  |  |
|  |  |  |  F51:PLAN FRAGMENT [RANDOM] hosts=1 instances=1
|  |  |  |  Per-Instance Resources: mem-estimate=16.05MB mem-reservation=512.00KB thread-reservation=1
|  |  |  |  max-parallelism=1 segment-costs=[12835]
|  |  |  |  53:SCAN HDFS [tpcds_partitioned_parquet_snap.date_dim, RANDOM]
|  |  |  |     HDFS partitions=1/1 files=1 size=2.17MB
|  |  |  |     predicates: tpcds_partitioned_parquet_snap.date_dim_8.d_year <= add(CAST(1998 AS INT), CAST(2 AS INT)), tpcds_partitioned_parquet_snap.date_dim_8.d_year >= CAST(1998 AS INT)
|  |  |  |     stored statistics:
|  |  |  |       table: rows=73.05K size=2.17MB
|  |  |  |       columns: all
|  |  |  |     extrapolated-rows=disabled max-scan-range-rows=73.05K
|  |  |  |     parquet statistics predicates: tpcds_partitioned_parquet_snap.date_dim_8.d_year <= add(CAST(1998 AS INT), CAST(2 AS INT)), tpcds_partitioned_parquet_snap.date_dim_8.d_year >= CAST(1998 AS INT)
|  |  |  |     parquet dictionary predicates: tpcds_partitioned_parquet_snap.date_dim_8.d_year <= add(CAST(1998 AS INT), CAST(2 AS INT)), tpcds_partitioned_parquet_snap.date_dim_8.d_year >= CAST(1998 AS INT)
|  |  |  |     mem-estimate=16.00MB mem-reservation=512.00KB thread-reservation=0
|  |  |  |     tuple-ids=59 row-size=8B cardinality=7.30K cost=12520
|  |  |  |     in pipelines: 53(GETNEXT)
|  |  |  |
|  |  |  52:SCAN HDFS [tpcds_partitioned_parquet_snap.catalog_sales, RANDOM]
|  |  |     HDFS partitions=1831/1831 files=1831 size=280.96GB
|  |  |     stored statistics:
|  |  |       table: rows=4.32G size=280.96GB
|  |  |       partitions: 1831/1831 rows=4.32G
|  |  |       columns: all
|  |  |     extrapolated-rows=disabled max-scan-range-rows=21.52M
|  |  |     mem-estimate=16.00MB mem-reservation=1.00MB thread-reservation=0
|  |  |     tuple-ids=57 row-size=12B cardinality=4.32G cost=746509474
|  |  |     in pipelines: 52(GETNEXT)
|  |  |
|  |  51:HASH JOIN [INNER JOIN, BROADCAST]
|  |  |  hash-table-id=06
|  |  |  hash predicates: tpcds_partitioned_parquet_snap.store_sales_2.ss_sold_date_sk = tpcds_partitioned_parquet_snap.date_dim_7.d_date_sk
|  |  |  fk/pk conjuncts: tpcds_partitioned_parquet_snap.store_sales_2.ss_sold_date_sk = tpcds_partitioned_parquet_snap.date_dim_7.d_date_sk
|  |  |  mem-estimate=0B mem-reservation=0B spill-buffer=64.00KB thread-reservation=0
|  |  |  tuple-ids=53,55 row-size=20B cardinality=8.64G cost=3781699633
|  |  |  in pipelines: 49(GETNEXT), 50(OPEN)
|  |  |
|  |  |--F73:PLAN FRAGMENT [RANDOM] hosts=10 instances=10
|  |  |  |  Per-Instance Resources: mem-estimate=23.32MB mem-reservation=23.25MB thread-reservation=1
|  |  |  |  max-parallelism=10 segment-costs=[17005]
|  |  |  JOIN BUILD
|  |  |  |  join-table-id=06 plan-id=07 cohort-id=04
|  |  |  |  build expressions: tpcds_partitioned_parquet_snap.date_dim_7.d_date_sk
|  |  |  |  mem-estimate=23.25MB mem-reservation=23.25MB spill-buffer=64.00KB thread-reservation=0 cost=7305
|  |  |  |
|  |  |  150:EXCHANGE [BROADCAST]
|  |  |  |  mem-estimate=69.07KB mem-reservation=0B thread-reservation=0
|  |  |  |  tuple-ids=55 row-size=8B cardinality=7.30K cost=9700
|  |  |  |  in pipelines: 50(GETNEXT)
|  |  |  |
|  |  |  F49:PLAN FRAGMENT [RANDOM] hosts=1 instances=1
|  |  |  Per-Instance Resources: mem-estimate=16.05MB mem-reservation=512.00KB thread-reservation=1
|  |  |  max-parallelism=1 segment-costs=[12835]
|  |  |  50:SCAN HDFS [tpcds_partitioned_parquet_snap.date_dim, RANDOM]
|  |  |     HDFS partitions=1/1 files=1 size=2.17MB
|  |  |     predicates: tpcds_partitioned_parquet_snap.date_dim_7.d_year <= add(CAST(1998 AS INT), CAST(2 AS INT)), tpcds_partitioned_parquet_snap.date_dim_7.d_year >= CAST(1998 AS INT)
|  |  |     stored statistics:
|  |  |       table: rows=73.05K size=2.17MB
|  |  |       columns: all
|  |  |     extrapolated-rows=disabled max-scan-range-rows=73.05K
|  |  |     parquet statistics predicates: tpcds_partitioned_parquet_snap.date_dim_7.d_year <= add(CAST(1998 AS INT), CAST(2 AS INT)), tpcds_partitioned_parquet_snap.date_dim_7.d_year >= CAST(1998 AS INT)
|  |  |     parquet dictionary predicates: tpcds_partitioned_parquet_snap.date_dim_7.d_year <= add(CAST(1998 AS INT), CAST(2 AS INT)), tpcds_partitioned_parquet_snap.date_dim_7.d_year >= CAST(1998 AS INT)
|  |  |     mem-estimate=16.00MB mem-reservation=512.00KB thread-reservation=0
|  |  |     tuple-ids=55 row-size=8B cardinality=7.30K cost=12520
|  |  |     in pipelines: 50(GETNEXT)
|  |  |
|  |  49:SCAN HDFS [tpcds_partitioned_parquet_snap.store_sales, RANDOM]
|  |     HDFS partitions=1824/1824 files=1824 size=389.90GB
|  |     stored statistics:
|  |       table: rows=8.64G size=389.90GB
|  |       partitions: 1824/1824 rows=8.64G
|  |       columns: all
|  |     extrapolated-rows=disabled max-scan-range-rows=390.22M
|  |     mem-estimate=16.00MB mem-reservation=8.00MB thread-reservation=0
|  |     tuple-ids=53 row-size=12B cardinality=8.64G cost=1492980801
|  |     in pipelines: 49(GETNEXT)
|  |
|  149:AGGREGATE [FINALIZE]
|  |  output: sum:merge(multiply(tpcds_partitioned_parquet_snap.store_sales_3.ss_quantity, tpcds_partitioned_parquet_snap.store_sales_3.ss_list_price)), count:merge()
|  |  group by: tpcds_partitioned_parquet_snap.item_4.i_brand_id, tpcds_partitioned_parquet_snap.item_4.i_class_id, tpcds_partitioned_parquet_snap.item_4.i_category_id
|  |  mem-estimate=10.00MB mem-reservation=4.75MB spill-buffer=256.00KB thread-reservation=0
|  |  tuple-ids=105 row-size=36B cardinality=149.12K cost=1820576
|  |  in pipelines: 149(GETNEXT), 59(OPEN)
|  |
|  148:EXCHANGE [HASH(tpcds_partitioned_parquet_snap.item_4.i_brand_id,tpcds_partitioned_parquet_snap.item_4.i_class_id,tpcds_partitioned_parquet_snap.item_4.i_category_id)]
|  |  mem-estimate=7.41MB mem-reservation=0B thread-reservation=0
|  |  tuple-ids=105 row-size=36B cardinality=793.08K cost=219445
|  |  in pipelines: 59(GETNEXT)
|  |
|  F24:PLAN FRAGMENT [RANDOM] hosts=10 instances=120
|  Per-Host Shared Resources: mem-estimate=1.00MB mem-reservation=1.00MB thread-reservation=0 runtime-filters-memory=1.00MB
|  Per-Instance Resources: mem-estimate=27.56MB mem-reservation=10.00MB thread-reservation=1
|  max-parallelism=1560 segment-costs=[15548126832, 2247271] cpu-comparison-result=409 [max(120 (self) vs 409 (sum children))]
|  93:AGGREGATE [STREAMING]
|  |  output: sum(multiply(CAST(tpcds_partitioned_parquet_snap.store_sales_3.ss_quantity AS DECIMAL(10,0)), tpcds_partitioned_parquet_snap.store_sales_3.ss_list_price)), count()
|  |  group by: tpcds_partitioned_parquet_snap.item_4.i_brand_id, tpcds_partitioned_parquet_snap.item_4.i_class_id, tpcds_partitioned_parquet_snap.item_4.i_category_id
|  |  mem-estimate=10.00MB mem-reservation=2.00MB spill-buffer=64.00KB thread-reservation=0
|  |  tuple-ids=105 row-size=36B cardinality=793.08K cost=4762714
|  |  in pipelines: 59(GETNEXT)
|  |
|  92:HASH JOIN [INNER JOIN, BROADCAST]
|  |  hash-table-id=09
|  |  hash predicates: tpcds_partitioned_parquet_snap.date_dim_10.d_week_seq = tpcds_partitioned_parquet_snap.date_dim_14.d_week_seq
|  |  fk/pk conjuncts: none
|  |  mem-estimate=0B mem-reservation=0B spill-buffer=64.00KB thread-reservation=0
|  |  tuple-ids=69,71,73,102,103 row-size=60B cardinality=811.06K cost=2214075859
|  |  in pipelines: 59(GETNEXT), 91(OPEN)
|  |
|  |--F76:PLAN FRAGMENT [RANDOM] hosts=10 instances=10
|  |  |  Per-Instance Resources: mem-estimate=24.27MB mem-reservation=24.25MB thread-reservation=1 runtime-filters-memory=1.00MB
|  |  |  max-parallelism=10 segment-costs=[1] cpu-comparison-result=10 [max(10 (self) vs 2 (sum children))]
|  |  JOIN BUILD
|  |  |  join-table-id=09 plan-id=10 cohort-id=03
|  |  |  build expressions: tpcds_partitioned_parquet_snap.date_dim_14.d_week_seq
|  |  |  runtime filters: RF032[bloom] <- tpcds_partitioned_parquet_snap.date_dim_14.d_week_seq, RF033[min_max] <- tpcds_partitioned_parquet_snap.date_dim_14.d_week_seq
|  |  |  mem-estimate=23.25MB mem-reservation=23.25MB spill-buffer=64.00KB thread-reservation=0 cost=1
|  |  |
|  |  147:EXCHANGE [BROADCAST]
|  |  |  mem-estimate=16.00KB mem-reservation=0B thread-reservation=0
|  |  |  tuple-ids=103 row-size=16B cardinality=1 cost=0
|  |  |  in pipelines: 91(GETNEXT)
|  |  |
|  |  F46:PLAN FRAGMENT [UNPARTITIONED] hosts=1 instances=1
|  |  Per-Instance Resources: mem-estimate=80.00KB mem-reservation=0B thread-reservation=1
|  |  max-parallelism=1 segment-costs=[5, 0]
|  |  91:CARDINALITY CHECK
|  |  |  limit: 1
|  |  |  mem-estimate=0B mem-reservation=0B thread-reservation=0
|  |  |  tuple-ids=103 row-size=16B cardinality=1 cost=0
|  |  |  in pipelines: 91(GETNEXT), 90(OPEN)
|  |  |
|  |  146:EXCHANGE [UNPARTITIONED]
|  |  |  limit: 2
|  |  |  mem-estimate=16.00KB mem-reservation=0B thread-reservation=0
|  |  |  tuple-ids=103 row-size=16B cardinality=2 cost=5
|  |  |  in pipelines: 90(GETNEXT)
|  |  |
|  |  F45:PLAN FRAGMENT [RANDOM] hosts=1 instances=1
|  |  Per-Instance Resources: mem-estimate=16.08MB mem-reservation=512.00KB thread-reservation=1
|  |  max-parallelism=1 segment-costs=[22991]
|  |  90:SCAN HDFS [tpcds_partitioned_parquet_snap.date_dim, RANDOM]
|  |     HDFS partitions=1/1 files=1 size=2.17MB
|  |     predicates: tpcds_partitioned_parquet_snap.date_dim_14.d_year = add(CAST(1998 AS INT), CAST(1 AS INT)), tpcds_partitioned_parquet_snap.date_dim_14.d_dom = CAST(20 AS INT), tpcds_partitioned_parquet_snap.date_dim_14.d_moy = CAST(12 AS INT)
|  |     stored statistics:
|  |       table: rows=73.05K size=2.17MB
|  |       columns: all
|  |     extrapolated-rows=disabled max-scan-range-rows=73.05K
|  |     parquet statistics predicates: tpcds_partitioned_parquet_snap.date_dim_14.d_year = add(CAST(1998 AS INT), CAST(1 AS INT)), tpcds_partitioned_parquet_snap.date_dim_14.d_dom = CAST(20 AS INT), tpcds_partitioned_parquet_snap.date_dim_14.d_moy = CAST(12 AS INT)
|  |     parquet dictionary predicates: tpcds_partitioned_parquet_snap.date_dim_14.d_year = add(CAST(1998 AS INT), CAST(1 AS INT)), tpcds_partitioned_parquet_snap.date_dim_14.d_dom = CAST(20 AS INT), tpcds_partitioned_parquet_snap.date_dim_14.d_moy = CAST(12 AS INT)
|  |     limit: 2
|  |     mem-estimate=16.00MB mem-reservation=512.00KB thread-reservation=0
|  |     tuple-ids=103 row-size=16B cardinality=29 cost=22988
|  |     in pipelines: 90(GETNEXT)
|  |
|  89:HASH JOIN [INNER JOIN, BROADCAST]
|  |  hash-table-id=10
|  |  hash predicates: tpcds_partitioned_parquet_snap.store_sales_3.ss_item_sk = tpcds_partitioned_parquet_snap.item_8.i_item_sk
|  |  fk/pk conjuncts: tpcds_partitioned_parquet_snap.store_sales_3.ss_item_sk = tpcds_partitioned_parquet_snap.item_8.i_item_sk
|  |  mem-estimate=0B mem-reservation=0B spill-buffer=1.00MB thread-reservation=0
|  |  tuple-ids=69,71,73,102 row-size=44B cardinality=8.63G cost=3779027733
|  |  in pipelines: 59(GETNEXT), 144(OPEN)
|  |
|  |--F77:PLAN FRAGMENT [RANDOM] hosts=10 instances=10
|  |  |  Per-Instance Resources: mem-estimate=205.45MB mem-reservation=204.00MB thread-reservation=1
|  |  |  max-parallelism=10 segment-costs=[838440] cpu-comparison-result=374 [max(10 (self) vs 374 (sum children))]
|  |  JOIN BUILD
|  |  |  join-table-id=10 plan-id=11 cohort-id=03
|  |  |  build expressions: tpcds_partitioned_parquet_snap.item_8.i_item_sk
|  |  |  runtime filters: RF035[min_max] <- tpcds_partitioned_parquet_snap.item_8.i_item_sk
|  |  |  mem-estimate=204.00MB mem-reservation=204.00MB spill-buffer=1.00MB thread-reservation=0 cost=360000
|  |  |
|  |  145:EXCHANGE [BROADCAST]
|  |  |  mem-estimate=1.45MB mem-reservation=0B thread-reservation=0
|  |  |  tuple-ids=102 row-size=4B cardinality=360.00K cost=478440
|  |  |  in pipelines: 144(GETNEXT)
|  |  |
|  |  F44:PLAN FRAGMENT [HASH(tpcds_partitioned_parquet_snap.item_8.i_item_sk)] hosts=10 instances=10 (adjusted from 120)
|  |  Per-Instance Resources: mem-estimate=10.25MB mem-reservation=1.94MB thread-reservation=1
|  |  max-parallelism=10 segment-costs=[1126414, 11664] cpu-comparison-result=374 [max(10 (self) vs 374 (sum children))]
|  |  144:AGGREGATE [FINALIZE]
|  |  |  group by: tpcds_partitioned_parquet_snap.item_8.i_item_sk
|  |  |  mem-estimate=10.00MB mem-reservation=1.94MB spill-buffer=64.00KB thread-reservation=0
|  |  |  tuple-ids=102 row-size=4B cardinality=360.00K cost=1068777
|  |  |  in pipelines: 144(GETNEXT), 141(OPEN)
|  |  |
|  |  143:EXCHANGE [HASH(tpcds_partitioned_parquet_snap.item_8.i_item_sk)]
|  |  |  mem-estimate=253.86KB mem-reservation=0B thread-reservation=0
|  |  |  tuple-ids=102 row-size=4B cardinality=445.08K cost=57637
|  |  |  in pipelines: 141(GETNEXT)
|  |  |
|  |  F42:PLAN FRAGMENT [HASH(BRAND_ID,CLASS_ID,CATEGORY_ID)] hosts=10 instances=10 (adjusted from 120)
|  |  Per-Instance Resources: mem-estimate=141.67MB mem-reservation=36.00MB thread-reservation=1
|  |  max-parallelism=10 segment-costs=[2731445, 1487074, 343957] cpu-comparison-result=374 [max(10 (self) vs 374 (sum children))]
|  |  88:AGGREGATE [STREAMING]
|  |  |  group by: tpcds_partitioned_parquet_snap.item_8.i_item_sk
|  |  |  mem-estimate=10.00MB mem-reservation=2.00MB spill-buffer=64.00KB thread-reservation=0
|  |  |  tuple-ids=102 row-size=4B cardinality=445.08K cost=1291265
|  |  |  in pipelines: 141(GETNEXT)
|  |  |
|  |  87:HASH JOIN [INNER JOIN, PARTITIONED]
|  |  |  hash-table-id=11
|  |  |  hash predicates: BRAND_ID = tpcds_partitioned_parquet_snap.item_8.i_brand_id, CATEGORY_ID = tpcds_partitioned_parquet_snap.item_8.i_category_id, CLASS_ID = tpcds_partitioned_parquet_snap.item_8.i_class_id
|  |  |  fk/pk conjuncts: assumed fk/pk
|  |  |  mem-estimate=0B mem-reservation=0B spill-buffer=64.00KB thread-reservation=0
|  |  |  tuple-ids=99,100 row-size=36B cardinality=447.36K cost=195809
|  |  |  in pipelines: 141(GETNEXT), 86(OPEN)
|  |  |
|  |  |--F78:PLAN FRAGMENT [HASH(BRAND_ID,CLASS_ID,CATEGORY_ID)] hosts=10 instances=10 (adjusted from 120)
|  |  |  |  Per-Instance Resources: mem-estimate=2.15MB mem-reservation=1.94MB thread-reservation=1
|  |  |  |  max-parallelism=10 segment-costs=[42649]
|  |  |  JOIN BUILD
|  |  |  |  join-table-id=11 plan-id=12 cohort-id=05
|  |  |  |  build expressions: tpcds_partitioned_parquet_snap.item_8.i_brand_id, tpcds_partitioned_parquet_snap.item_8.i_category_id, tpcds_partitioned_parquet_snap.item_8.i_class_id
|  |  |  |  mem-estimate=1.94MB mem-reservation=1.94MB spill-buffer=64.00KB thread-reservation=0 cost=36000
|  |  |  |
|  |  |  142:EXCHANGE [HASH(tpcds_partitioned_parquet_snap.item_8.i_brand_id,tpcds_partitioned_parquet_snap.item_8.i_class_id,tpcds_partitioned_parquet_snap.item_8.i_category_id)]
|  |  |  |  mem-estimate=220.62KB mem-reservation=0B thread-reservation=0
|  |  |  |  tuple-ids=100 row-size=16B cardinality=36.00K cost=6649
|  |  |  |  in pipelines: 86(GETNEXT)
|  |  |  |
|  |  |  F43:PLAN FRAGMENT [RANDOM] hosts=4 instances=4
|  |  |  Per-Instance Resources: mem-estimate=16.78MB mem-reservation=512.00KB thread-reservation=1
|  |  |  max-parallelism=4 segment-costs=[148701]
|  |  |  86:SCAN HDFS [tpcds_partitioned_parquet_snap.item, RANDOM]
|  |  |     HDFS partitions=1/1 files=1 size=33.54MB
|  |  |     predicates: is_not_null_pred(tpcds_partitioned_parquet_snap.item_8.i_item_sk)
|  |  |     stored statistics:
|  |  |       table: rows=360.00K size=33.54MB
|  |  |       columns: all
|  |  |     extrapolated-rows=disabled max-scan-range-rows=101.54K
|  |  |     parquet dictionary predicates: is_not_null_pred(tpcds_partitioned_parquet_snap.item_8.i_item_sk)
|  |  |     mem-estimate=16.00MB mem-reservation=512.00KB thread-reservation=0
|  |  |     tuple-ids=100 row-size=16B cardinality=36.00K cost=93060
|  |  |     in pipelines: 86(GETNEXT)
|  |  |
|  |  141:AGGREGATE [FINALIZE]
|  |  |  output: count:merge()
|  |  |  group by: BRAND_ID, CLASS_ID, CATEGORY_ID
|  |  |  having: count() = CAST(2 AS BIGINT)
|  |  |  mem-estimate=128.00MB mem-reservation=34.00MB spill-buffer=2.00MB thread-reservation=0
|  |  |  tuple-ids=99 row-size=20B cardinality=447.36K cost=2640587
|  |  |  in pipelines: 141(GETNEXT), 129(OPEN), 139(OPEN)
|  |  |
|  |  140:EXCHANGE [HASH(BRAND_ID,CLASS_ID,CATEGORY_ID)]
|  |  |  mem-estimate=3.67MB mem-reservation=0B thread-reservation=0
|  |  |  tuple-ids=99 row-size=20B cardinality=447.36K cost=90858
|  |  |  in pipelines: 129(GETNEXT), 139(GETNEXT)
|  |  |
|  |  F41:PLAN FRAGMENT [RANDOM] hosts=10 instances=120
|  |  Per-Instance Resources: mem-estimate=260.32MB mem-reservation=68.00MB thread-reservation=1
|  |  max-parallelism=120 segment-costs=[28239822, 1820963, 2659596, 806679] cpu-comparison-result=360 [max(120 (self) vs 360 (sum children))]
|  |  85:AGGREGATE [STREAMING]
|  |  |  output: count()
|  |  |  group by: BRAND_ID, CLASS_ID, CATEGORY_ID
|  |  |  mem-estimate=128.00MB mem-reservation=34.00MB spill-buffer=2.00MB thread-reservation=0
|  |  |  tuple-ids=99 row-size=20B cardinality=447.36K cost=2640587
|  |  |  in pipelines: 129(GETNEXT), 139(GETNEXT)
|  |  |
|  |  64:UNION
|  |  |  pass-through-operands: 129
|  |  |  mem-estimate=0B mem-reservation=0B thread-reservation=0
|  |  |  tuple-ids=98 row-size=12B cardinality=447.36K cost=19009
|  |  |  in pipelines: 129(GETNEXT), 139(GETNEXT)
|  |  |
|  |  |--139:AGGREGATE [FINALIZE]
|  |  |  |  output: count:merge()
|  |  |  |  group by: BRAND_ID, CLASS_ID, CATEGORY_ID
|  |  |  |  having: count() = CAST(2 AS BIGINT)
|  |  |  |  mem-estimate=128.00MB mem-reservation=34.00MB spill-buffer=2.00MB thread-reservation=0
|  |  |  |  tuple-ids=90 row-size=20B cardinality=298.24K cost=1760391
|  |  |  |  in pipelines: 139(GETNEXT), 133(OPEN), 137(OPEN)
|  |  |  |
|  |  |  138:EXCHANGE [HASH(BRAND_ID,CLASS_ID,CATEGORY_ID)]
|  |  |  |  mem-estimate=3.38MB mem-reservation=0B thread-reservation=0
|  |  |  |  tuple-ids=90 row-size=20B cardinality=298.24K cost=60572
|  |  |  |  in pipelines: 133(GETNEXT), 137(GETNEXT)
|  |  |  |
|  |  |  F39:PLAN FRAGMENT [RANDOM] hosts=10 instances=120
|  |  |  Per-Instance Resources: mem-estimate=161.12MB mem-reservation=38.75MB thread-reservation=1
|  |  |  max-parallelism=120 segment-costs=[28239822, 28239822, 1760391, 537786] cpu-comparison-result=240 [max(120 (self) vs 240 (sum children))]
|  |  |  78:AGGREGATE [STREAMING]
|  |  |  |  output: count()
|  |  |  |  group by: BRAND_ID, CLASS_ID, CATEGORY_ID
|  |  |  |  mem-estimate=128.00MB mem-reservation=34.00MB spill-buffer=2.00MB thread-reservation=0
|  |  |  |  tuple-ids=90 row-size=20B cardinality=298.24K cost=1760391
|  |  |  |  in pipelines: 133(GETNEXT), 137(GETNEXT)
|  |  |  |
|  |  |  65:UNION
|  |  |  |  pass-through-operands: all
|  |  |  |  mem-estimate=0B mem-reservation=0B thread-reservation=0
|  |  |  |  tuple-ids=89 row-size=12B cardinality=298.24K cost=0
|  |  |  |  in pipelines: 133(GETNEXT), 137(GETNEXT)
|  |  |  |
|  |  |  |--137:AGGREGATE [FINALIZE]
|  |  |  |  |  group by: tpcds_partitioned_parquet_snap.item_6.i_brand_id, tpcds_partitioned_parquet_snap.item_6.i_class_id, tpcds_partitioned_parquet_snap.item_6.i_category_id
|  |  |  |  |  mem-estimate=10.00MB mem-reservation=4.75MB spill-buffer=256.00KB thread-reservation=0
|  |  |  |  |  tuple-ids=88 row-size=12B cardinality=149.12K cost=25263984
|  |  |  |  |  in pipelines: 137(GETNEXT), 72(OPEN)
|  |  |  |  |
|  |  |  |  136:EXCHANGE [HASH(tpcds_partitioned_parquet_snap.item_6.i_brand_id,tpcds_partitioned_parquet_snap.item_6.i_class_id,tpcds_partitioned_parquet_snap.item_6.i_category_id)]
|  |  |  |  |  mem-estimate=11.88MB mem-reservation=0B thread-reservation=0
|  |  |  |  |  tuple-ids=88 row-size=12B cardinality=17.89M cost=2975838
|  |  |  |  |  in pipelines: 72(GETNEXT)
|  |  |  |  |
|  |  |  |  F35:PLAN FRAGMENT [RANDOM] hosts=10 instances=120
|  |  |  |  Per-Instance Resources: mem-estimate=33.50MB mem-reservation=6.00MB thread-reservation=1
|  |  |  |  max-parallelism=1030 segment-costs=[10291866608, 23047987] cpu-comparison-result=120 [max(120 (self) vs 25 (sum children))]
|  |  |  |  77:AGGREGATE [STREAMING]
|  |  |  |  |  group by: tpcds_partitioned_parquet_snap.item_6.i_brand_id, tpcds_partitioned_parquet_snap.item_6.i_class_id, tpcds_partitioned_parquet_snap.item_6.i_category_id
|  |  |  |  |  mem-estimate=10.00MB mem-reservation=5.00MB spill-buffer=256.00KB thread-reservation=0
|  |  |  |  |  tuple-ids=88 row-size=12B cardinality=17.89M cost=6014287315
|  |  |  |  |  in pipelines: 72(GETNEXT)
|  |  |  |  |
|  |  |  |  76:HASH JOIN [INNER JOIN, BROADCAST]
|  |  |  |  |  hash-table-id=16
|  |  |  |  |  hash predicates: tpcds_partitioned_parquet_snap.catalog_sales_2.cs_sold_date_sk = tpcds_partitioned_parquet_snap.date_dim_12.d_date_sk
|  |  |  |  |  fk/pk conjuncts: tpcds_partitioned_parquet_snap.catalog_sales_2.cs_sold_date_sk = tpcds_partitioned_parquet_snap.date_dim_12.d_date_sk
|  |  |  |  |  mem-estimate=0B mem-reservation=0B spill-buffer=64.00KB thread-reservation=0
|  |  |  |  |  tuple-ids=82,84,86 row-size=32B cardinality=4.32G cost=1889953155
|  |  |  |  |  in pipelines: 72(GETNEXT), 75(OPEN)
|  |  |  |  |
|  |  |  |  |--F83:PLAN FRAGMENT [RANDOM] hosts=10 instances=10
|  |  |  |  |  |  Per-Instance Resources: mem-estimate=23.32MB mem-reservation=23.25MB thread-reservation=1
|  |  |  |  |  |  max-parallelism=10 segment-costs=[17005]
|  |  |  |  |  JOIN BUILD
|  |  |  |  |  |  join-table-id=16 plan-id=17 cohort-id=05
|  |  |  |  |  |  build expressions: tpcds_partitioned_parquet_snap.date_dim_12.d_date_sk
|  |  |  |  |  |  mem-estimate=23.25MB mem-reservation=23.25MB spill-buffer=64.00KB thread-reservation=0 cost=7305
|  |  |  |  |  |
|  |  |  |  |  135:EXCHANGE [BROADCAST]
|  |  |  |  |  |  mem-estimate=69.07KB mem-reservation=0B thread-reservation=0
|  |  |  |  |  |  tuple-ids=86 row-size=8B cardinality=7.30K cost=9700
|  |  |  |  |  |  in pipelines: 75(GETNEXT)
|  |  |  |  |  |
|  |  |  |  |  F37:PLAN FRAGMENT [RANDOM] hosts=1 instances=1
|  |  |  |  |  Per-Instance Resources: mem-estimate=16.05MB mem-reservation=512.00KB thread-reservation=1
|  |  |  |  |  max-parallelism=1 segment-costs=[12835]
|  |  |  |  |  75:SCAN HDFS [tpcds_partitioned_parquet_snap.date_dim, RANDOM]
|  |  |  |  |     HDFS partitions=1/1 files=1 size=2.17MB
|  |  |  |  |     predicates: tpcds_partitioned_parquet_snap.date_dim_12.d_year <= add(CAST(1998 AS INT), CAST(2 AS INT)), tpcds_partitioned_parquet_snap.date_dim_12.d_year >= CAST(1998 AS INT)
|  |  |  |  |     stored statistics:
|  |  |  |  |       table: rows=73.05K size=2.17MB
|  |  |  |  |       columns: all
|  |  |  |  |     extrapolated-rows=disabled max-scan-range-rows=73.05K
|  |  |  |  |     parquet statistics predicates: tpcds_partitioned_parquet_snap.date_dim_12.d_year <= add(CAST(1998 AS INT), CAST(2 AS INT)), tpcds_partitioned_parquet_snap.date_dim_12.d_year >= CAST(1998 AS INT)
|  |  |  |  |     parquet dictionary predicates: tpcds_partitioned_parquet_snap.date_dim_12.d_year <= add(CAST(1998 AS INT), CAST(2 AS INT)), tpcds_partitioned_parquet_snap.date_dim_12.d_year >= CAST(1998 AS INT)
|  |  |  |  |     mem-estimate=16.00MB mem-reservation=512.00KB thread-reservation=0
|  |  |  |  |     tuple-ids=86 row-size=8B cardinality=7.30K cost=12520
|  |  |  |  |     in pipelines: 75(GETNEXT)
|  |  |  |  |
|  |  |  |  74:HASH JOIN [INNER JOIN, BROADCAST]
|  |  |  |  |  hash-table-id=17
|  |  |  |  |  hash predicates: tpcds_partitioned_parquet_snap.catalog_sales_2.cs_item_sk = tpcds_partitioned_parquet_snap.item_6.i_item_sk
|  |  |  |  |  fk/pk conjuncts: tpcds_partitioned_parquet_snap.catalog_sales_2.cs_item_sk = tpcds_partitioned_parquet_snap.item_6.i_item_sk
|  |  |  |  |  mem-estimate=0B mem-reservation=0B spill-buffer=2.00MB thread-reservation=0
|  |  |  |  |  tuple-ids=82,84 row-size=24B cardinality=4.32G cost=1889953155
|  |  |  |  |  in pipelines: 72(GETNEXT), 73(OPEN)
|  |  |  |  |
|  |  |  |  |--F84:PLAN FRAGMENT [RANDOM] hosts=10 instances=10
|  |  |  |  |  |  Per-Instance Resources: mem-estimate=413.57MB mem-reservation=408.00MB thread-reservation=1
|  |  |  |  |  |  max-parallelism=10 segment-costs=[838440]
|  |  |  |  |  JOIN BUILD
|  |  |  |  |  |  join-table-id=17 plan-id=18 cohort-id=05
|  |  |  |  |  |  build expressions: tpcds_partitioned_parquet_snap.item_6.i_item_sk
|  |  |  |  |  |  runtime filters: RF057[min_max] <- tpcds_partitioned_parquet_snap.item_6.i_item_sk
|  |  |  |  |  |  mem-estimate=408.00MB mem-reservation=408.00MB spill-buffer=2.00MB thread-reservation=0 cost=360000
|  |  |  |  |  |
|  |  |  |  |  134:EXCHANGE [BROADCAST]
|  |  |  |  |  |  mem-estimate=5.57MB mem-reservation=0B thread-reservation=0
|  |  |  |  |  |  tuple-ids=84 row-size=16B cardinality=360.00K cost=478440
|  |  |  |  |  |  in pipelines: 73(GETNEXT)
|  |  |  |  |  |
|  |  |  |  |  F36:PLAN FRAGMENT [RANDOM] hosts=4 instances=4
|  |  |  |  |  Per-Instance Resources: mem-estimate=16.08MB mem-reservation=512.00KB thread-reservation=1
|  |  |  |  |  max-parallelism=4 segment-costs=[106272]
|  |  |  |  |  73:SCAN HDFS [tpcds_partitioned_parquet_snap.item, RANDOM]
|  |  |  |  |     HDFS partitions=1/1 files=1 size=33.54MB
|  |  |  |  |     stored statistics:
|  |  |  |  |       table: rows=360.00K size=33.54MB
|  |  |  |  |       columns: all
|  |  |  |  |     extrapolated-rows=disabled max-scan-range-rows=101.54K
|  |  |  |  |     mem-estimate=16.00MB mem-reservation=512.00KB thread-reservation=0
|  |  |  |  |     tuple-ids=84 row-size=16B cardinality=360.00K cost=82944
|  |  |  |  |     in pipelines: 73(GETNEXT)
|  |  |  |  |
|  |  |  |  72:SCAN HDFS [tpcds_partitioned_parquet_snap.catalog_sales, RANDOM]
|  |  |  |     HDFS partitions=1831/1831 files=1831 size=280.96GB
|  |  |  |     runtime filters: RF057[min_max] -> tpcds_partitioned_parquet_snap.catalog_sales_2.cs_item_sk
|  |  |  |     stored statistics:
|  |  |  |       table: rows=4.32G size=280.96GB
|  |  |  |       partitions: 1831/1831 rows=4.32G
|  |  |  |       columns: all
|  |  |  |     extrapolated-rows=disabled max-scan-range-rows=21.52M
|  |  |  |     mem-estimate=16.00MB mem-reservation=1.00MB thread-reservation=0
|  |  |  |     tuple-ids=82 row-size=8B cardinality=4.32G(filtered from 4.32G) cost=497672983
|  |  |  |     in pipelines: 72(GETNEXT)
|  |  |  |
|  |  |  133:AGGREGATE [FINALIZE]
|  |  |  |  group by: tpcds_partitioned_parquet_snap.item_5.i_brand_id, tpcds_partitioned_parquet_snap.item_5.i_class_id, tpcds_partitioned_parquet_snap.item_5.i_category_id
|  |  |  |  mem-estimate=10.00MB mem-reservation=4.75MB spill-buffer=256.00KB thread-reservation=0
|  |  |  |  tuple-ids=81 row-size=12B cardinality=149.12K cost=25263984
|  |  |  |  in pipelines: 133(GETNEXT), 66(OPEN)
|  |  |  |
|  |  |  132:EXCHANGE [HASH(tpcds_partitioned_parquet_snap.item_5.i_brand_id,tpcds_partitioned_parquet_snap.item_5.i_class_id,tpcds_partitioned_parquet_snap.item_5.i_category_id)]
|  |  |  |  mem-estimate=11.88MB mem-reservation=0B thread-reservation=0
|  |  |  |  tuple-ids=81 row-size=12B cardinality=17.89M cost=2975838
|  |  |  |  in pipelines: 66(GETNEXT)
|  |  |  |
|  |  |  F31:PLAN FRAGMENT [RANDOM] hosts=10 instances=120
|  |  |  Per-Host Shared Resources: mem-estimate=1.00MB mem-reservation=1.00MB thread-reservation=0 runtime-filters-memory=1.00MB
|  |  |  Per-Instance Resources: mem-estimate=33.50MB mem-reservation=9.00MB thread-reservation=1
|  |  |  max-parallelism=1824 segment-costs=[20502176631, 23047987] cpu-comparison-result=120 [max(120 (self) vs 25 (sum children))]
|  |  |  71:AGGREGATE [STREAMING]
|  |  |  |  group by: tpcds_partitioned_parquet_snap.item_5.i_brand_id, tpcds_partitioned_parquet_snap.item_5.i_class_id, tpcds_partitioned_parquet_snap.item_5.i_category_id
|  |  |  |  mem-estimate=10.00MB mem-reservation=5.00MB spill-buffer=256.00KB thread-reservation=0
|  |  |  |  tuple-ids=81 row-size=12B cardinality=17.89M cost=11947236639
|  |  |  |  in pipelines: 66(GETNEXT)
|  |  |  |
|  |  |  70:HASH JOIN [INNER JOIN, BROADCAST]
|  |  |  |  hash-table-id=14
|  |  |  |  hash predicates: tpcds_partitioned_parquet_snap.store_sales_4.ss_sold_date_sk = tpcds_partitioned_parquet_snap.date_dim_11.d_date_sk
|  |  |  |  fk/pk conjuncts: tpcds_partitioned_parquet_snap.store_sales_4.ss_sold_date_sk = tpcds_partitioned_parquet_snap.date_dim_11.d_date_sk
|  |  |  |  mem-estimate=0B mem-reservation=0B spill-buffer=64.00KB thread-reservation=0
|  |  |  |  tuple-ids=75,77,79 row-size=32B cardinality=8.64G cost=3779809729
|  |  |  |  in pipelines: 66(GETNEXT), 69(OPEN)
|  |  |  |
|  |  |  |--F81:PLAN FRAGMENT [RANDOM] hosts=10 instances=10
|  |  |  |  |  Per-Instance Resources: mem-estimate=23.32MB mem-reservation=23.25MB thread-reservation=1
|  |  |  |  |  max-parallelism=10 segment-costs=[17005]
|  |  |  |  JOIN BUILD
|  |  |  |  |  join-table-id=14 plan-id=15 cohort-id=05
|  |  |  |  |  build expressions: tpcds_partitioned_parquet_snap.date_dim_11.d_date_sk
|  |  |  |  |  mem-estimate=23.25MB mem-reservation=23.25MB spill-buffer=64.00KB thread-reservation=0 cost=7305
|  |  |  |  |
|  |  |  |  131:EXCHANGE [BROADCAST]
|  |  |  |  |  mem-estimate=69.07KB mem-reservation=0B thread-reservation=0
|  |  |  |  |  tuple-ids=79 row-size=8B cardinality=7.30K cost=9700
|  |  |  |  |  in pipelines: 69(GETNEXT)
|  |  |  |  |
|  |  |  |  F33:PLAN FRAGMENT [RANDOM] hosts=1 instances=1
|  |  |  |  Per-Instance Resources: mem-estimate=16.05MB mem-reservation=512.00KB thread-reservation=1
|  |  |  |  max-parallelism=1 segment-costs=[12835]
|  |  |  |  69:SCAN HDFS [tpcds_partitioned_parquet_snap.date_dim, RANDOM]
|  |  |  |     HDFS partitions=1/1 files=1 size=2.17MB
|  |  |  |     predicates: tpcds_partitioned_parquet_snap.date_dim_11.d_year <= add(CAST(1998 AS INT), CAST(2 AS INT)), tpcds_partitioned_parquet_snap.date_dim_11.d_year >= CAST(1998 AS INT)
|  |  |  |     stored statistics:
|  |  |  |       table: rows=73.05K size=2.17MB
|  |  |  |       columns: all
|  |  |  |     extrapolated-rows=disabled max-scan-range-rows=73.05K
|  |  |  |     parquet statistics predicates: tpcds_partitioned_parquet_snap.date_dim_11.d_year <= add(CAST(1998 AS INT), CAST(2 AS INT)), tpcds_partitioned_parquet_snap.date_dim_11.d_year >= CAST(1998 AS INT)
|  |  |  |     parquet dictionary predicates: tpcds_partitioned_parquet_snap.date_dim_11.d_year <= add(CAST(1998 AS INT), CAST(2 AS INT)), tpcds_partitioned_parquet_snap.date_dim_11.d_year >= CAST(1998 AS INT)
|  |  |  |     mem-estimate=16.00MB mem-reservation=512.00KB thread-reservation=0
|  |  |  |     tuple-ids=79 row-size=8B cardinality=7.30K cost=12520
|  |  |  |     in pipelines: 69(GETNEXT)
|  |  |  |
|  |  |  68:HASH JOIN [INNER JOIN, BROADCAST]
|  |  |  |  hash-table-id=15
|  |  |  |  hash predicates: tpcds_partitioned_parquet_snap.store_sales_4.ss_item_sk = tpcds_partitioned_parquet_snap.item_5.i_item_sk
|  |  |  |  fk/pk conjuncts: tpcds_partitioned_parquet_snap.store_sales_4.ss_item_sk = tpcds_partitioned_parquet_snap.item_5.i_item_sk
|  |  |  |  mem-estimate=0B mem-reservation=0B spill-buffer=2.00MB thread-reservation=0
|  |  |  |  tuple-ids=75,77 row-size=24B cardinality=8.64G cost=3779809729
|  |  |  |  in pipelines: 66(GETNEXT), 67(OPEN)
|  |  |  |
|  |  |  |--F82:PLAN FRAGMENT [RANDOM] hosts=10 instances=10
|  |  |  |  |  Per-Instance Resources: mem-estimate=414.57MB mem-reservation=409.00MB thread-reservation=1 runtime-filters-memory=1.00MB
|  |  |  |  |  max-parallelism=10 segment-costs=[838440]
|  |  |  |  JOIN BUILD
|  |  |  |  |  join-table-id=15 plan-id=16 cohort-id=05
|  |  |  |  |  build expressions: tpcds_partitioned_parquet_snap.item_5.i_item_sk
|  |  |  |  |  runtime filters: RF052[bloom] <- tpcds_partitioned_parquet_snap.item_5.i_item_sk, RF053[min_max] <- tpcds_partitioned_parquet_snap.item_5.i_item_sk
|  |  |  |  |  mem-estimate=408.00MB mem-reservation=408.00MB spill-buffer=2.00MB thread-reservation=0 cost=360000
|  |  |  |  |
|  |  |  |  130:EXCHANGE [BROADCAST]
|  |  |  |  |  mem-estimate=5.57MB mem-reservation=0B thread-reservation=0
|  |  |  |  |  tuple-ids=77 row-size=16B cardinality=360.00K cost=478440
|  |  |  |  |  in pipelines: 67(GETNEXT)
|  |  |  |  |
|  |  |  |  F32:PLAN FRAGMENT [RANDOM] hosts=4 instances=4
|  |  |  |  Per-Instance Resources: mem-estimate=16.08MB mem-reservation=512.00KB thread-reservation=1
|  |  |  |  max-parallelism=4 segment-costs=[106272]
|  |  |  |  67:SCAN HDFS [tpcds_partitioned_parquet_snap.item, RANDOM]
|  |  |  |     HDFS partitions=1/1 files=1 size=33.54MB
|  |  |  |     stored statistics:
|  |  |  |       table: rows=360.00K size=33.54MB
|  |  |  |       columns: all
|  |  |  |     extrapolated-rows=disabled max-scan-range-rows=101.54K
|  |  |  |     mem-estimate=16.00MB mem-reservation=512.00KB thread-reservation=0
|  |  |  |     tuple-ids=77 row-size=16B cardinality=360.00K cost=82944
|  |  |  |     in pipelines: 67(GETNEXT)
|  |  |  |
|  |  |  66:SCAN HDFS [tpcds_partitioned_parquet_snap.store_sales, RANDOM]
|  |  |     HDFS partitions=1824/1824 files=1824 size=389.90GB
|  |  |     runtime filters: RF053[min_max] -> tpcds_partitioned_parquet_snap.store_sales_4.ss_item_sk, RF052[bloom] -> tpcds_partitioned_parquet_snap.store_sales_4.ss_item_sk
|  |  |     stored statistics:
|  |  |       table: rows=8.64G size=389.90GB
|  |  |       partitions: 1824/1824 rows=8.64G
|  |  |       columns: all
|  |  |     extrapolated-rows=disabled max-scan-range-rows=390.22M
|  |  |     mem-estimate=16.00MB mem-reservation=4.00MB thread-reservation=0
|  |  |     tuple-ids=75 row-size=8B cardinality=8.64G(filtered from 8.64G) cost=995320534
|  |  |     in pipelines: 66(GETNEXT)
|  |  |
|  |  129:AGGREGATE [FINALIZE]
|  |  |  group by: tpcds_partitioned_parquet_snap.item_7.i_brand_id, tpcds_partitioned_parquet_snap.item_7.i_class_id, tpcds_partitioned_parquet_snap.item_7.i_category_id
|  |  |  mem-estimate=10.00MB mem-reservation=4.75MB spill-buffer=256.00KB thread-reservation=0
|  |  |  tuple-ids=97 row-size=12B cardinality=149.12K cost=25263984
|  |  |  in pipelines: 129(GETNEXT), 79(OPEN)
|  |  |
|  |  128:EXCHANGE [HASH(tpcds_partitioned_parquet_snap.item_7.i_brand_id,tpcds_partitioned_parquet_snap.item_7.i_class_id,tpcds_partitioned_parquet_snap.item_7.i_category_id)]
|  |  |  mem-estimate=11.88MB mem-reservation=0B thread-reservation=0
|  |  |  tuple-ids=97 row-size=12B cardinality=17.89M cost=2975838
|  |  |  in pipelines: 79(GETNEXT)
|  |  |
|  |  F27:PLAN FRAGMENT [RANDOM] hosts=10 instances=120
|  |  Per-Instance Resources: mem-estimate=33.50MB mem-reservation=5.12MB thread-reservation=1
|  |  max-parallelism=520 segment-costs=[5186282830, 23047987] cpu-comparison-result=120 [max(120 (self) vs 25 (sum children))]
|  |  84:AGGREGATE [STREAMING]
|  |  |  group by: tpcds_partitioned_parquet_snap.item_7.i_brand_id, tpcds_partitioned_parquet_snap.item_7.i_class_id, tpcds_partitioned_parquet_snap.item_7.i_category_id
|  |  |  mem-estimate=10.00MB mem-reservation=5.00MB spill-buffer=256.00KB thread-reservation=0
|  |  |  tuple-ids=97 row-size=12B cardinality=17.89M cost=3047563509
|  |  |  in pipelines: 79(GETNEXT)
|  |  |
|  |  83:HASH JOIN [INNER JOIN, BROADCAST]
|  |  |  hash-table-id=12
|  |  |  hash predicates: tpcds_partitioned_parquet_snap.web_sales_2.ws_sold_date_sk = tpcds_partitioned_parquet_snap.date_dim_13.d_date_sk
|  |  |  fk/pk conjuncts: tpcds_partitioned_parquet_snap.web_sales_2.ws_sold_date_sk = tpcds_partitioned_parquet_snap.date_dim_13.d_date_sk
|  |  |  mem-estimate=0B mem-reservation=0B spill-buffer=64.00KB thread-reservation=0
|  |  |  tuple-ids=91,93,95 row-size=32B cardinality=2.16G cost=944945506
|  |  |  in pipelines: 79(GETNEXT), 82(OPEN)
|  |  |
|  |  |--F79:PLAN FRAGMENT [RANDOM] hosts=10 instances=10
|  |  |  |  Per-Instance Resources: mem-estimate=23.32MB mem-reservation=23.25MB thread-reservation=1
|  |  |  |  max-parallelism=10 segment-costs=[17005]
|  |  |  JOIN BUILD
|  |  |  |  join-table-id=12 plan-id=13 cohort-id=05
|  |  |  |  build expressions: tpcds_partitioned_parquet_snap.date_dim_13.d_date_sk
|  |  |  |  mem-estimate=23.25MB mem-reservation=23.25MB spill-buffer=64.00KB thread-reservation=0 cost=7305
|  |  |  |
|  |  |  127:EXCHANGE [BROADCAST]
|  |  |  |  mem-estimate=69.07KB mem-reservation=0B thread-reservation=0
|  |  |  |  tuple-ids=95 row-size=8B cardinality=7.30K cost=9700
|  |  |  |  in pipelines: 82(GETNEXT)
|  |  |  |
|  |  |  F29:PLAN FRAGMENT [RANDOM] hosts=1 instances=1
|  |  |  Per-Instance Resources: mem-estimate=16.05MB mem-reservation=512.00KB thread-reservation=1
|  |  |  max-parallelism=1 segment-costs=[12835]
|  |  |  82:SCAN HDFS [tpcds_partitioned_parquet_snap.date_dim, RANDOM]
|  |  |     HDFS partitions=1/1 files=1 size=2.17MB
|  |  |     predicates: tpcds_partitioned_parquet_snap.date_dim_13.d_year <= add(CAST(1998 AS INT), CAST(2 AS INT)), tpcds_partitioned_parquet_snap.date_dim_13.d_year >= CAST(1998 AS INT)
|  |  |     stored statistics:
|  |  |       table: rows=73.05K size=2.17MB
|  |  |       columns: all
|  |  |     extrapolated-rows=disabled max-scan-range-rows=73.05K
|  |  |     parquet statistics predicates: tpcds_partitioned_parquet_snap.date_dim_13.d_year <= add(CAST(1998 AS INT), CAST(2 AS INT)), tpcds_partitioned_parquet_snap.date_dim_13.d_year >= CAST(1998 AS INT)
|  |  |     parquet dictionary predicates: tpcds_partitioned_parquet_snap.date_dim_13.d_year <= add(CAST(1998 AS INT), CAST(2 AS INT)), tpcds_partitioned_parquet_snap.date_dim_13.d_year >= CAST(1998 AS INT)
|  |  |     mem-estimate=16.00MB mem-reservation=512.00KB thread-reservation=0
|  |  |     tuple-ids=95 row-size=8B cardinality=7.30K cost=12520
|  |  |     in pipelines: 82(GETNEXT)
|  |  |
|  |  81:HASH JOIN [INNER JOIN, BROADCAST]
|  |  |  hash-table-id=13
|  |  |  hash predicates: tpcds_partitioned_parquet_snap.web_sales_2.ws_item_sk = tpcds_partitioned_parquet_snap.item_7.i_item_sk
|  |  |  fk/pk conjuncts: tpcds_partitioned_parquet_snap.web_sales_2.ws_item_sk = tpcds_partitioned_parquet_snap.item_7.i_item_sk
|  |  |  mem-estimate=0B mem-reservation=0B spill-buffer=2.00MB thread-reservation=0
|  |  |  tuple-ids=91,93 row-size=24B cardinality=2.16G cost=944945506
|  |  |  in pipelines: 79(GETNEXT), 80(OPEN)
|  |  |
|  |  |--F80:PLAN FRAGMENT [RANDOM] hosts=10 instances=10
|  |  |  |  Per-Instance Resources: mem-estimate=413.57MB mem-reservation=408.00MB thread-reservation=1
|  |  |  |  max-parallelism=10 segment-costs=[838440]
|  |  |  JOIN BUILD
|  |  |  |  join-table-id=13 plan-id=14 cohort-id=05
|  |  |  |  build expressions: tpcds_partitioned_parquet_snap.item_7.i_item_sk
|  |  |  |  runtime filters: RF049[min_max] <- tpcds_partitioned_parquet_snap.item_7.i_item_sk
|  |  |  |  mem-estimate=408.00MB mem-reservation=408.00MB spill-buffer=2.00MB thread-reservation=0 cost=360000
|  |  |  |
|  |  |  126:EXCHANGE [BROADCAST]
|  |  |  |  mem-estimate=5.57MB mem-reservation=0B thread-reservation=0
|  |  |  |  tuple-ids=93 row-size=16B cardinality=360.00K cost=478440
|  |  |  |  in pipelines: 80(GETNEXT)
|  |  |  |
|  |  |  F28:PLAN FRAGMENT [RANDOM] hosts=4 instances=4
|  |  |  Per-Instance Resources: mem-estimate=16.08MB mem-reservation=512.00KB thread-reservation=1
|  |  |  max-parallelism=4 segment-costs=[106272]
|  |  |  80:SCAN HDFS [tpcds_partitioned_parquet_snap.item, RANDOM]
|  |  |     HDFS partitions=1/1 files=1 size=33.54MB
|  |  |     stored statistics:
|  |  |       table: rows=360.00K size=33.54MB
|  |  |       columns: all
|  |  |     extrapolated-rows=disabled max-scan-range-rows=101.54K
|  |  |     mem-estimate=16.00MB mem-reservation=512.00KB thread-reservation=0
|  |  |     tuple-ids=93 row-size=16B cardinality=360.00K cost=82944
|  |  |     in pipelines: 80(GETNEXT)
|  |  |
|  |  79:SCAN HDFS [tpcds_partitioned_parquet_snap.web_sales, RANDOM]
|  |     HDFS partitions=1824/1824 files=1824 size=145.75GB
|  |     runtime filters: RF049[min_max] -> tpcds_partitioned_parquet_snap.web_sales_2.ws_item_sk
|  |     stored statistics:
|  |       table: rows=2.16G size=145.75GB
|  |       partitions: 1824/1824 rows=2.16G
|  |       columns: all
|  |     extrapolated-rows=disabled max-scan-range-rows=3.37M
|  |     mem-estimate=16.00MB mem-reservation=128.00KB thread-reservation=0
|  |     tuple-ids=91 row-size=8B cardinality=2.16G(filtered from 2.16G) cost=248828309
|  |     in pipelines: 79(GETNEXT)
|  |
|  63:HASH JOIN [INNER JOIN, BROADCAST]
|  |  hash-table-id=18
|  |  hash predicates: tpcds_partitioned_parquet_snap.store_sales_3.ss_sold_date_sk = tpcds_partitioned_parquet_snap.date_dim_10.d_date_sk
|  |  fk/pk conjuncts: tpcds_partitioned_parquet_snap.store_sales_3.ss_sold_date_sk = tpcds_partitioned_parquet_snap.date_dim_10.d_date_sk
|  |  mem-estimate=0B mem-reservation=0B spill-buffer=256.00KB thread-reservation=0
|  |  tuple-ids=69,71,73 row-size=40B cardinality=8.64G(filtered from 8.64G) cost=3779809729
|  |  in pipelines: 59(GETNEXT), 62(OPEN)
|  |
|  |--F85:PLAN FRAGMENT [RANDOM] hosts=10 instances=10
|  |  |  Per-Instance Resources: mem-estimate=57.57MB mem-reservation=57.00MB thread-reservation=1
|  |  |  max-parallelism=10 segment-costs=[170129]
|  |  JOIN BUILD
|  |  |  join-table-id=18 plan-id=19 cohort-id=03
|  |  |  build expressions: tpcds_partitioned_parquet_snap.date_dim_10.d_date_sk
|  |  |  mem-estimate=57.00MB mem-reservation=57.00MB spill-buffer=256.00KB thread-reservation=0 cost=73049
|  |  |
|  |  125:EXCHANGE [BROADCAST]
|  |  |  mem-estimate=582.70KB mem-reservation=0B thread-reservation=0
|  |  |  tuple-ids=73 row-size=8B cardinality=73.05K cost=97080
|  |  |  in pipelines: 62(GETNEXT)
|  |  |
|  |  F26:PLAN FRAGMENT [RANDOM] hosts=1 instances=1
|  |  Per-Host Shared Resources: mem-estimate=1.00MB mem-reservation=1.00MB thread-reservation=0 runtime-filters-memory=1.00MB
|  |  Per-Instance Resources: mem-estimate=16.05MB mem-reservation=512.00KB thread-reservation=1
|  |  max-parallelism=1 segment-costs=[11570]
|  |  62:SCAN HDFS [tpcds_partitioned_parquet_snap.date_dim, RANDOM]
|  |     HDFS partitions=1/1 files=1 size=2.17MB
|  |     runtime filters: RF033[min_max] -> tpcds_partitioned_parquet_snap.date_dim_10.d_week_seq, RF032[bloom] -> tpcds_partitioned_parquet_snap.date_dim_10.d_week_seq
|  |     stored statistics:
|  |       table: rows=73.05K size=2.17MB
|  |       columns: all
|  |     extrapolated-rows=disabled max-scan-range-rows=73.05K
|  |     mem-estimate=16.00MB mem-reservation=512.00KB thread-reservation=0
|  |     tuple-ids=73 row-size=8B cardinality=73.05K cost=8415
|  |     in pipelines: 62(GETNEXT)
|  |
|  61:HASH JOIN [INNER JOIN, BROADCAST]
|  |  hash-table-id=19
|  |  hash predicates: tpcds_partitioned_parquet_snap.store_sales_3.ss_item_sk = tpcds_partitioned_parquet_snap.item_4.i_item_sk
|  |  fk/pk conjuncts: tpcds_partitioned_parquet_snap.store_sales_3.ss_item_sk = tpcds_partitioned_parquet_snap.item_4.i_item_sk
|  |  mem-estimate=0B mem-reservation=0B spill-buffer=2.00MB thread-reservation=0
|  |  tuple-ids=69,71 row-size=32B cardinality=8.64G(filtered from 8.64G) cost=3779809729
|  |  in pipelines: 59(GETNEXT), 60(OPEN)
|  |
|  |--F86:PLAN FRAGMENT [RANDOM] hosts=10 instances=10
|  |  |  Per-Instance Resources: mem-estimate=414.57MB mem-reservation=409.00MB thread-reservation=1 runtime-filters-memory=1.00MB
|  |  |  max-parallelism=10 segment-costs=[838440]
|  |  JOIN BUILD
|  |  |  join-table-id=19 plan-id=20 cohort-id=03
|  |  |  build expressions: tpcds_partitioned_parquet_snap.item_4.i_item_sk
|  |  |  runtime filters: RF038[bloom] <- tpcds_partitioned_parquet_snap.item_4.i_item_sk, RF039[min_max] <- tpcds_partitioned_parquet_snap.item_4.i_item_sk
|  |  |  mem-estimate=408.00MB mem-reservation=408.00MB spill-buffer=2.00MB thread-reservation=0 cost=360000
|  |  |
|  |  124:EXCHANGE [BROADCAST]
|  |  |  mem-estimate=5.57MB mem-reservation=0B thread-reservation=0
|  |  |  tuple-ids=71 row-size=16B cardinality=360.00K cost=478440
|  |  |  in pipelines: 60(GETNEXT)
|  |  |
|  |  F25:PLAN FRAGMENT [RANDOM] hosts=4 instances=4
|  |  Per-Instance Resources: mem-estimate=16.08MB mem-reservation=512.00KB thread-reservation=1
|  |  max-parallelism=4 segment-costs=[106272]
|  |  60:SCAN HDFS [tpcds_partitioned_parquet_snap.item, RANDOM]
|  |     HDFS partitions=1/1 files=1 size=33.54MB
|  |     runtime filters: RF035[min_max] -> tpcds_partitioned_parquet_snap.item_4.i_item_sk
|  |     stored statistics:
|  |       table: rows=360.00K size=33.54MB
|  |       columns: all
|  |     extrapolated-rows=disabled max-scan-range-rows=101.54K
|  |     mem-estimate=16.00MB mem-reservation=512.00KB thread-reservation=0
|  |     tuple-ids=71 row-size=16B cardinality=360.00K cost=82944
|  |     in pipelines: 60(GETNEXT)
|  |
|  59:SCAN HDFS [tpcds_partitioned_parquet_snap.store_sales, RANDOM]
|     HDFS partitions=1824/1824 files=1824 size=389.90GB
|     runtime filters: RF039[min_max] -> tpcds_partitioned_parquet_snap.store_sales_3.ss_item_sk, RF035[min_max] -> tpcds_partitioned_parquet_snap.store_sales_3.ss_item_sk, RF038[bloom] -> tpcds_partitioned_parquet_snap.store_sales_3.ss_item_sk
|     stored statistics:
|       table: rows=8.64G size=389.90GB
|       partitions: 1824/1824 rows=8.64G
|       columns: all
|     extrapolated-rows=disabled max-scan-range-rows=390.22M
|     mem-estimate=16.00MB mem-reservation=8.00MB thread-reservation=0
|     tuple-ids=69 row-size=16B cardinality=8.64G(filtered from 8.64G) cost=1990641068
|     in pipelines: 59(GETNEXT)
|
123:AGGREGATE [FINALIZE]
|  output: sum:merge(multiply(tpcds_partitioned_parquet_snap.store_sales_0.ss_quantity, tpcds_partitioned_parquet_snap.store_sales_0.ss_list_price)), count:merge()
|  group by: tpcds_partitioned_parquet_snap.item.i_brand_id, tpcds_partitioned_parquet_snap.item.i_class_id, tpcds_partitioned_parquet_snap.item.i_category_id
|  mem-estimate=10.00MB mem-reservation=1.94MB spill-buffer=64.00KB thread-reservation=0
|  tuple-ids=52 row-size=36B cardinality=149.12K cost=1820576
|  in pipelines: 123(GETNEXT), 12(OPEN)
|
122:EXCHANGE [HASH(tpcds_partitioned_parquet_snap.item.i_brand_id,tpcds_partitioned_parquet_snap.item.i_class_id,tpcds_partitioned_parquet_snap.item.i_category_id)]
|  mem-estimate=7.41MB mem-reservation=0B thread-reservation=0
|  tuple-ids=52 row-size=36B cardinality=793.08K cost=219445
|  in pipelines: 12(GETNEXT)
|
F00:PLAN FRAGMENT [RANDOM] hosts=10 instances=120
Per-Host Shared Resources: mem-estimate=2.00MB mem-reservation=2.00MB thread-reservation=0 runtime-filters-memory=2.00MB
Per-Instance Resources: mem-estimate=27.56MB mem-reservation=10.00MB thread-reservation=1
max-parallelism=1560 segment-costs=[15548126832, 2247271] cpu-comparison-result=409 [max(120 (self) vs 409 (sum children))]
46:AGGREGATE [STREAMING]
|  output: sum(multiply(CAST(tpcds_partitioned_parquet_snap.store_sales_0.ss_quantity AS DECIMAL(10,0)), tpcds_partitioned_parquet_snap.store_sales_0.ss_list_price)), count()
|  group by: tpcds_partitioned_parquet_snap.item.i_brand_id, tpcds_partitioned_parquet_snap.item.i_class_id, tpcds_partitioned_parquet_snap.item.i_category_id
|  mem-estimate=10.00MB mem-reservation=2.00MB spill-buffer=64.00KB thread-reservation=0
|  tuple-ids=52 row-size=36B cardinality=793.08K cost=4762714
|  in pipelines: 12(GETNEXT)
|
45:HASH JOIN [INNER JOIN, BROADCAST]
|  hash-table-id=20
|  hash predicates: tpcds_partitioned_parquet_snap.date_dim_2.d_week_seq = tpcds_partitioned_parquet_snap.date_dim_6.d_week_seq
|  fk/pk conjuncts: none
|  mem-estimate=0B mem-reservation=0B spill-buffer=64.00KB thread-reservation=0
|  tuple-ids=16,18,20,49,50 row-size=60B cardinality=811.06K cost=2214075859
|  in pipelines: 12(GETNEXT), 44(OPEN)
|
|--F87:PLAN FRAGMENT [RANDOM] hosts=10 instances=10
|  |  Per-Instance Resources: mem-estimate=24.27MB mem-reservation=24.25MB thread-reservation=1 runtime-filters-memory=1.00MB
|  |  max-parallelism=10 segment-costs=[1] cpu-comparison-result=10 [max(10 (self) vs 2 (sum children))]
|  JOIN BUILD
|  |  join-table-id=20 plan-id=21 cohort-id=01
|  |  build expressions: tpcds_partitioned_parquet_snap.date_dim_6.d_week_seq
|  |  runtime filters: RF006[bloom] <- tpcds_partitioned_parquet_snap.date_dim_6.d_week_seq, RF007[min_max] <- tpcds_partitioned_parquet_snap.date_dim_6.d_week_seq
|  |  mem-estimate=23.25MB mem-reservation=23.25MB spill-buffer=64.00KB thread-reservation=0 cost=1
|  |
|  121:EXCHANGE [BROADCAST]
|  |  mem-estimate=16.00KB mem-reservation=0B thread-reservation=0
|  |  tuple-ids=50 row-size=16B cardinality=1 cost=0
|  |  in pipelines: 44(GETNEXT)
|  |
|  F22:PLAN FRAGMENT [UNPARTITIONED] hosts=1 instances=1
|  Per-Instance Resources: mem-estimate=80.00KB mem-reservation=0B thread-reservation=1
|  max-parallelism=1 segment-costs=[5, 0]
|  44:CARDINALITY CHECK
|  |  limit: 1
|  |  mem-estimate=0B mem-reservation=0B thread-reservation=0
|  |  tuple-ids=50 row-size=16B cardinality=1 cost=0
|  |  in pipelines: 44(GETNEXT), 43(OPEN)
|  |
|  120:EXCHANGE [UNPARTITIONED]
|  |  limit: 2
|  |  mem-estimate=16.00KB mem-reservation=0B thread-reservation=0
|  |  tuple-ids=50 row-size=16B cardinality=2 cost=5
|  |  in pipelines: 43(GETNEXT)
|  |
|  F21:PLAN FRAGMENT [RANDOM] hosts=1 instances=1
|  Per-Instance Resources: mem-estimate=16.08MB mem-reservation=512.00KB thread-reservation=1
|  max-parallelism=1 segment-costs=[22991]
|  43:SCAN HDFS [tpcds_partitioned_parquet_snap.date_dim, RANDOM]
|     HDFS partitions=1/1 files=1 size=2.17MB
|     predicates: tpcds_partitioned_parquet_snap.date_dim_6.d_year = CAST(1998 AS INT), tpcds_partitioned_parquet_snap.date_dim_6.d_dom = CAST(20 AS INT), tpcds_partitioned_parquet_snap.date_dim_6.d_moy = CAST(12 AS INT)
|     stored statistics:
|       table: rows=73.05K size=2.17MB
|       columns: all
|     extrapolated-rows=disabled max-scan-range-rows=73.05K
|     parquet statistics predicates: tpcds_partitioned_parquet_snap.date_dim_6.d_year = CAST(1998 AS INT), tpcds_partitioned_parquet_snap.date_dim_6.d_dom = CAST(20 AS INT), tpcds_partitioned_parquet_snap.date_dim_6.d_moy = CAST(12 AS INT)
|     parquet dictionary predicates: tpcds_partitioned_parquet_snap.date_dim_6.d_year = CAST(1998 AS INT), tpcds_partitioned_parquet_snap.date_dim_6.d_dom = CAST(20 AS INT), tpcds_partitioned_parquet_snap.date_dim_6.d_moy = CAST(12 AS INT)
|     limit: 2
|     mem-estimate=16.00MB mem-reservation=512.00KB thread-reservation=0
|     tuple-ids=50 row-size=16B cardinality=29 cost=22988
|     in pipelines: 43(GETNEXT)
|
42:HASH JOIN [INNER JOIN, BROADCAST]
|  hash-table-id=21
|  hash predicates: tpcds_partitioned_parquet_snap.store_sales_0.ss_item_sk = tpcds_partitioned_parquet_snap.item_3.i_item_sk
|  fk/pk conjuncts: tpcds_partitioned_parquet_snap.store_sales_0.ss_item_sk = tpcds_partitioned_parquet_snap.item_3.i_item_sk
|  mem-estimate=0B mem-reservation=0B spill-buffer=1.00MB thread-reservation=0
|  tuple-ids=16,18,20,49 row-size=44B cardinality=8.63G cost=3779027733
|  in pipelines: 12(GETNEXT), 118(OPEN)
|
|--F88:PLAN FRAGMENT [RANDOM] hosts=10 instances=10
|  |  Per-Instance Resources: mem-estimate=206.45MB mem-reservation=205.00MB thread-reservation=1 runtime-filters-memory=1.00MB
|  |  max-parallelism=10 segment-costs=[838440] cpu-comparison-result=374 [max(10 (self) vs 374 (sum children))]
|  JOIN BUILD
|  |  join-table-id=21 plan-id=22 cohort-id=01
|  |  build expressions: tpcds_partitioned_parquet_snap.item_3.i_item_sk
|  |  runtime filters: RF008[bloom] <- tpcds_partitioned_parquet_snap.item_3.i_item_sk, RF009[min_max] <- tpcds_partitioned_parquet_snap.item_3.i_item_sk
|  |  mem-estimate=204.00MB mem-reservation=204.00MB spill-buffer=1.00MB thread-reservation=0 cost=360000
|  |
|  119:EXCHANGE [BROADCAST]
|  |  mem-estimate=1.45MB mem-reservation=0B thread-reservation=0
|  |  tuple-ids=49 row-size=4B cardinality=360.00K cost=478440
|  |  in pipelines: 118(GETNEXT)
|  |
|  F20:PLAN FRAGMENT [HASH(tpcds_partitioned_parquet_snap.item_3.i_item_sk)] hosts=10 instances=10 (adjusted from 120)
|  Per-Instance Resources: mem-estimate=10.25MB mem-reservation=1.94MB thread-reservation=1
|  max-parallelism=10 segment-costs=[1126414, 11664] cpu-comparison-result=374 [max(10 (self) vs 374 (sum children))]
|  118:AGGREGATE [FINALIZE]
|  |  group by: tpcds_partitioned_parquet_snap.item_3.i_item_sk
|  |  mem-estimate=10.00MB mem-reservation=1.94MB spill-buffer=64.00KB thread-reservation=0
|  |  tuple-ids=49 row-size=4B cardinality=360.00K cost=1068777
|  |  in pipelines: 118(GETNEXT), 115(OPEN)
|  |
|  117:EXCHANGE [HASH(tpcds_partitioned_parquet_snap.item_3.i_item_sk)]
|  |  mem-estimate=253.86KB mem-reservation=0B thread-reservation=0
|  |  tuple-ids=49 row-size=4B cardinality=445.08K cost=57637
|  |  in pipelines: 115(GETNEXT)
|  |
|  F18:PLAN FRAGMENT [HASH(BRAND_ID,CLASS_ID,CATEGORY_ID)] hosts=10 instances=10 (adjusted from 120)
|  Per-Instance Resources: mem-estimate=141.67MB mem-reservation=36.00MB thread-reservation=1
|  max-parallelism=10 segment-costs=[2731445, 1487074, 343957] cpu-comparison-result=374 [max(10 (self) vs 374 (sum children))]
|  41:AGGREGATE [STREAMING]
|  |  group by: tpcds_partitioned_parquet_snap.item_3.i_item_sk
|  |  mem-estimate=10.00MB mem-reservation=2.00MB spill-buffer=64.00KB thread-reservation=0
|  |  tuple-ids=49 row-size=4B cardinality=445.08K cost=1291265
|  |  in pipelines: 115(GETNEXT)
|  |
|  40:HASH JOIN [INNER JOIN, PARTITIONED]
|  |  hash-table-id=22
|  |  hash predicates: BRAND_ID = tpcds_partitioned_parquet_snap.item_3.i_brand_id, CATEGORY_ID = tpcds_partitioned_parquet_snap.item_3.i_category_id, CLASS_ID = tpcds_partitioned_parquet_snap.item_3.i_class_id
|  |  fk/pk conjuncts: assumed fk/pk
|  |  mem-estimate=0B mem-reservation=0B spill-buffer=64.00KB thread-reservation=0
|  |  tuple-ids=46,47 row-size=36B cardinality=447.36K cost=195809
|  |  in pipelines: 115(GETNEXT), 39(OPEN)
|  |
|  |--F89:PLAN FRAGMENT [HASH(BRAND_ID,CLASS_ID,CATEGORY_ID)] hosts=10 instances=10 (adjusted from 120)
|  |  |  Per-Instance Resources: mem-estimate=2.15MB mem-reservation=1.94MB thread-reservation=1
|  |  |  max-parallelism=10 segment-costs=[42649]
|  |  JOIN BUILD
|  |  |  join-table-id=22 plan-id=23 cohort-id=06
|  |  |  build expressions: tpcds_partitioned_parquet_snap.item_3.i_brand_id, tpcds_partitioned_parquet_snap.item_3.i_category_id, tpcds_partitioned_parquet_snap.item_3.i_class_id
|  |  |  mem-estimate=1.94MB mem-reservation=1.94MB spill-buffer=64.00KB thread-reservation=0 cost=36000
|  |  |
|  |  116:EXCHANGE [HASH(tpcds_partitioned_parquet_snap.item_3.i_brand_id,tpcds_partitioned_parquet_snap.item_3.i_class_id,tpcds_partitioned_parquet_snap.item_3.i_category_id)]
|  |  |  mem-estimate=220.62KB mem-reservation=0B thread-reservation=0
|  |  |  tuple-ids=47 row-size=16B cardinality=36.00K cost=6649
|  |  |  in pipelines: 39(GETNEXT)
|  |  |
|  |  F19:PLAN FRAGMENT [RANDOM] hosts=4 instances=4
|  |  Per-Instance Resources: mem-estimate=16.78MB mem-reservation=512.00KB thread-reservation=1
|  |  max-parallelism=4 segment-costs=[148701]
|  |  39:SCAN HDFS [tpcds_partitioned_parquet_snap.item, RANDOM]
|  |     HDFS partitions=1/1 files=1 size=33.54MB
|  |     predicates: is_not_null_pred(tpcds_partitioned_parquet_snap.item_3.i_item_sk)
|  |     stored statistics:
|  |       table: rows=360.00K size=33.54MB
|  |       columns: all
|  |     extrapolated-rows=disabled max-scan-range-rows=101.54K
|  |     parquet dictionary predicates: is_not_null_pred(tpcds_partitioned_parquet_snap.item_3.i_item_sk)
|  |     mem-estimate=16.00MB mem-reservation=512.00KB thread-reservation=0
|  |     tuple-ids=47 row-size=16B cardinality=36.00K cost=93060
|  |     in pipelines: 39(GETNEXT)
|  |
|  115:AGGREGATE [FINALIZE]
|  |  output: count:merge()
|  |  group by: BRAND_ID, CLASS_ID, CATEGORY_ID
|  |  having: count() = CAST(2 AS BIGINT)
|  |  mem-estimate=128.00MB mem-reservation=34.00MB spill-buffer=2.00MB thread-reservation=0
|  |  tuple-ids=46 row-size=20B cardinality=447.36K cost=2640587
|  |  in pipelines: 115(GETNEXT), 103(OPEN), 113(OPEN)
|  |
|  114:EXCHANGE [HASH(BRAND_ID,CLASS_ID,CATEGORY_ID)]
|  |  mem-estimate=3.67MB mem-reservation=0B thread-reservation=0
|  |  tuple-ids=46 row-size=20B cardinality=447.36K cost=90858
|  |  in pipelines: 103(GETNEXT), 113(GETNEXT)
|  |
|  F17:PLAN FRAGMENT [RANDOM] hosts=10 instances=120
|  Per-Instance Resources: mem-estimate=260.32MB mem-reservation=68.00MB thread-reservation=1
|  max-parallelism=120 segment-costs=[28239822, 1820963, 2659596, 806679] cpu-comparison-result=360 [max(120 (self) vs 360 (sum children))]
|  38:AGGREGATE [STREAMING]
|  |  output: count()
|  |  group by: BRAND_ID, CLASS_ID, CATEGORY_ID
|  |  mem-estimate=128.00MB mem-reservation=34.00MB spill-buffer=2.00MB thread-reservation=0
|  |  tuple-ids=46 row-size=20B cardinality=447.36K cost=2640587
|  |  in pipelines: 103(GETNEXT), 113(GETNEXT)
|  |
|  17:UNION
|  |  pass-through-operands: 103
|  |  mem-estimate=0B mem-reservation=0B thread-reservation=0
|  |  tuple-ids=45 row-size=12B cardinality=447.36K cost=19009
|  |  in pipelines: 103(GETNEXT), 113(GETNEXT)
|  |
|  |--113:AGGREGATE [FINALIZE]
|  |  |  output: count:merge()
|  |  |  group by: BRAND_ID, CLASS_ID, CATEGORY_ID
|  |  |  having: count() = CAST(2 AS BIGINT)
|  |  |  mem-estimate=128.00MB mem-reservation=34.00MB spill-buffer=2.00MB thread-reservation=0
|  |  |  tuple-ids=37 row-size=20B cardinality=298.24K cost=1760391
|  |  |  in pipelines: 113(GETNEXT), 107(OPEN), 111(OPEN)
|  |  |
|  |  112:EXCHANGE [HASH(BRAND_ID,CLASS_ID,CATEGORY_ID)]
|  |  |  mem-estimate=3.38MB mem-reservation=0B thread-reservation=0
|  |  |  tuple-ids=37 row-size=20B cardinality=298.24K cost=60572
|  |  |  in pipelines: 107(GETNEXT), 111(GETNEXT)
|  |  |
|  |  F15:PLAN FRAGMENT [RANDOM] hosts=10 instances=120
|  |  Per-Instance Resources: mem-estimate=161.12MB mem-reservation=38.75MB thread-reservation=1
|  |  max-parallelism=120 segment-costs=[28239822, 28239822, 1760391, 537786] cpu-comparison-result=240 [max(120 (self) vs 240 (sum children))]
|  |  31:AGGREGATE [STREAMING]
|  |  |  output: count()
|  |  |  group by: BRAND_ID, CLASS_ID, CATEGORY_ID
|  |  |  mem-estimate=128.00MB mem-reservation=34.00MB spill-buffer=2.00MB thread-reservation=0
|  |  |  tuple-ids=37 row-size=20B cardinality=298.24K cost=1760391
|  |  |  in pipelines: 107(GETNEXT), 111(GETNEXT)
|  |  |
|  |  18:UNION
|  |  |  pass-through-operands: all
|  |  |  mem-estimate=0B mem-reservation=0B thread-reservation=0
|  |  |  tuple-ids=36 row-size=12B cardinality=298.24K cost=0
|  |  |  in pipelines: 107(GETNEXT), 111(GETNEXT)
|  |  |
|  |  |--111:AGGREGATE [FINALIZE]
|  |  |  |  group by: tpcds_partitioned_parquet_snap.item_1.i_brand_id, tpcds_partitioned_parquet_snap.item_1.i_class_id, tpcds_partitioned_parquet_snap.item_1.i_category_id
|  |  |  |  mem-estimate=10.00MB mem-reservation=4.75MB spill-buffer=256.00KB thread-reservation=0
|  |  |  |  tuple-ids=35 row-size=12B cardinality=149.12K cost=25263984
|  |  |  |  in pipelines: 111(GETNEXT), 25(OPEN)
|  |  |  |
|  |  |  110:EXCHANGE [HASH(tpcds_partitioned_parquet_snap.item_1.i_brand_id,tpcds_partitioned_parquet_snap.item_1.i_class_id,tpcds_partitioned_parquet_snap.item_1.i_category_id)]
|  |  |  |  mem-estimate=11.88MB mem-reservation=0B thread-reservation=0
|  |  |  |  tuple-ids=35 row-size=12B cardinality=17.89M cost=2975838
|  |  |  |  in pipelines: 25(GETNEXT)
|  |  |  |
|  |  |  F11:PLAN FRAGMENT [RANDOM] hosts=10 instances=120
|  |  |  Per-Instance Resources: mem-estimate=33.50MB mem-reservation=6.00MB thread-reservation=1
|  |  |  max-parallelism=1030 segment-costs=[10291866608, 23047987] cpu-comparison-result=120 [max(120 (self) vs 25 (sum children))]
|  |  |  30:AGGREGATE [STREAMING]
|  |  |  |  group by: tpcds_partitioned_parquet_snap.item_1.i_brand_id, tpcds_partitioned_parquet_snap.item_1.i_class_id, tpcds_partitioned_parquet_snap.item_1.i_category_id
|  |  |  |  mem-estimate=10.00MB mem-reservation=5.00MB spill-buffer=256.00KB thread-reservation=0
|  |  |  |  tuple-ids=35 row-size=12B cardinality=17.89M cost=6014287315
|  |  |  |  in pipelines: 25(GETNEXT)
|  |  |  |
|  |  |  29:HASH JOIN [INNER JOIN, BROADCAST]
|  |  |  |  hash-table-id=27
|  |  |  |  hash predicates: tpcds_partitioned_parquet_snap.catalog_sales_0.cs_sold_date_sk = tpcds_partitioned_parquet_snap.date_dim_4.d_date_sk
|  |  |  |  fk/pk conjuncts: tpcds_partitioned_parquet_snap.catalog_sales_0.cs_sold_date_sk = tpcds_partitioned_parquet_snap.date_dim_4.d_date_sk
|  |  |  |  mem-estimate=0B mem-reservation=0B spill-buffer=64.00KB thread-reservation=0
|  |  |  |  tuple-ids=29,31,33 row-size=32B cardinality=4.32G cost=1889953155
|  |  |  |  in pipelines: 25(GETNEXT), 28(OPEN)
|  |  |  |
|  |  |  |--F94:PLAN FRAGMENT [RANDOM] hosts=10 instances=10
|  |  |  |  |  Per-Instance Resources: mem-estimate=23.32MB mem-reservation=23.25MB thread-reservation=1
|  |  |  |  |  max-parallelism=10 segment-costs=[17005]
|  |  |  |  JOIN BUILD
|  |  |  |  |  join-table-id=27 plan-id=28 cohort-id=06
|  |  |  |  |  build expressions: tpcds_partitioned_parquet_snap.date_dim_4.d_date_sk
|  |  |  |  |  mem-estimate=23.25MB mem-reservation=23.25MB spill-buffer=64.00KB thread-reservation=0 cost=7305
|  |  |  |  |
|  |  |  |  109:EXCHANGE [BROADCAST]
|  |  |  |  |  mem-estimate=69.07KB mem-reservation=0B thread-reservation=0
|  |  |  |  |  tuple-ids=33 row-size=8B cardinality=7.30K cost=9700
|  |  |  |  |  in pipelines: 28(GETNEXT)
|  |  |  |  |
|  |  |  |  F13:PLAN FRAGMENT [RANDOM] hosts=1 instances=1
|  |  |  |  Per-Instance Resources: mem-estimate=16.05MB mem-reservation=512.00KB thread-reservation=1
|  |  |  |  max-parallelism=1 segment-costs=[12835]
|  |  |  |  28:SCAN HDFS [tpcds_partitioned_parquet_snap.date_dim, RANDOM]
|  |  |  |     HDFS partitions=1/1 files=1 size=2.17MB
|  |  |  |     predicates: tpcds_partitioned_parquet_snap.date_dim_4.d_year <= add(CAST(1998 AS INT), CAST(2 AS INT)), tpcds_partitioned_parquet_snap.date_dim_4.d_year >= CAST(1998 AS INT)
|  |  |  |     stored statistics:
|  |  |  |       table: rows=73.05K size=2.17MB
|  |  |  |       columns: all
|  |  |  |     extrapolated-rows=disabled max-scan-range-rows=73.05K
|  |  |  |     parquet statistics predicates: tpcds_partitioned_parquet_snap.date_dim_4.d_year <= add(CAST(1998 AS INT), CAST(2 AS INT)), tpcds_partitioned_parquet_snap.date_dim_4.d_year >= CAST(1998 AS INT)
|  |  |  |     parquet dictionary predicates: tpcds_partitioned_parquet_snap.date_dim_4.d_year <= add(CAST(1998 AS INT), CAST(2 AS INT)), tpcds_partitioned_parquet_snap.date_dim_4.d_year >= CAST(1998 AS INT)
|  |  |  |     mem-estimate=16.00MB mem-reservation=512.00KB thread-reservation=0
|  |  |  |     tuple-ids=33 row-size=8B cardinality=7.30K cost=12520
|  |  |  |     in pipelines: 28(GETNEXT)
|  |  |  |
|  |  |  27:HASH JOIN [INNER JOIN, BROADCAST]
|  |  |  |  hash-table-id=28
|  |  |  |  hash predicates: tpcds_partitioned_parquet_snap.catalog_sales_0.cs_item_sk = tpcds_partitioned_parquet_snap.item_1.i_item_sk
|  |  |  |  fk/pk conjuncts: tpcds_partitioned_parquet_snap.catalog_sales_0.cs_item_sk = tpcds_partitioned_parquet_snap.item_1.i_item_sk
|  |  |  |  mem-estimate=0B mem-reservation=0B spill-buffer=2.00MB thread-reservation=0
|  |  |  |  tuple-ids=29,31 row-size=24B cardinality=4.32G cost=1889953155
|  |  |  |  in pipelines: 25(GETNEXT), 26(OPEN)
|  |  |  |
|  |  |  |--F95:PLAN FRAGMENT [RANDOM] hosts=10 instances=10
|  |  |  |  |  Per-Instance Resources: mem-estimate=413.57MB mem-reservation=408.00MB thread-reservation=1
|  |  |  |  |  max-parallelism=10 segment-costs=[838440]
|  |  |  |  JOIN BUILD
|  |  |  |  |  join-table-id=28 plan-id=29 cohort-id=06
|  |  |  |  |  build expressions: tpcds_partitioned_parquet_snap.item_1.i_item_sk
|  |  |  |  |  runtime filters: RF031[min_max] <- tpcds_partitioned_parquet_snap.item_1.i_item_sk
|  |  |  |  |  mem-estimate=408.00MB mem-reservation=408.00MB spill-buffer=2.00MB thread-reservation=0 cost=360000
|  |  |  |  |
|  |  |  |  108:EXCHANGE [BROADCAST]
|  |  |  |  |  mem-estimate=5.57MB mem-reservation=0B thread-reservation=0
|  |  |  |  |  tuple-ids=31 row-size=16B cardinality=360.00K cost=478440
|  |  |  |  |  in pipelines: 26(GETNEXT)
|  |  |  |  |
|  |  |  |  F12:PLAN FRAGMENT [RANDOM] hosts=4 instances=4
|  |  |  |  Per-Instance Resources: mem-estimate=16.08MB mem-reservation=512.00KB thread-reservation=1
|  |  |  |  max-parallelism=4 segment-costs=[106272]
|  |  |  |  26:SCAN HDFS [tpcds_partitioned_parquet_snap.item, RANDOM]
|  |  |  |     HDFS partitions=1/1 files=1 size=33.54MB
|  |  |  |     stored statistics:
|  |  |  |       table: rows=360.00K size=33.54MB
|  |  |  |       columns: all
|  |  |  |     extrapolated-rows=disabled max-scan-range-rows=101.54K
|  |  |  |     mem-estimate=16.00MB mem-reservation=512.00KB thread-reservation=0
|  |  |  |     tuple-ids=31 row-size=16B cardinality=360.00K cost=82944
|  |  |  |     in pipelines: 26(GETNEXT)
|  |  |  |
|  |  |  25:SCAN HDFS [tpcds_partitioned_parquet_snap.catalog_sales, RANDOM]
|  |  |     HDFS partitions=1831/1831 files=1831 size=280.96GB
|  |  |     runtime filters: RF031[min_max] -> tpcds_partitioned_parquet_snap.catalog_sales_0.cs_item_sk
|  |  |     stored statistics:
|  |  |       table: rows=4.32G size=280.96GB
|  |  |       partitions: 1831/1831 rows=4.32G
|  |  |       columns: all
|  |  |     extrapolated-rows=disabled max-scan-range-rows=21.52M
|  |  |     mem-estimate=16.00MB mem-reservation=1.00MB thread-reservation=0
|  |  |     tuple-ids=29 row-size=8B cardinality=4.32G(filtered from 4.32G) cost=497672983
|  |  |     in pipelines: 25(GETNEXT)
|  |  |
|  |  107:AGGREGATE [FINALIZE]
|  |  |  group by: tpcds_partitioned_parquet_snap.item_0.i_brand_id, tpcds_partitioned_parquet_snap.item_0.i_class_id, tpcds_partitioned_parquet_snap.item_0.i_category_id
|  |  |  mem-estimate=10.00MB mem-reservation=4.75MB spill-buffer=256.00KB thread-reservation=0
|  |  |  tuple-ids=28 row-size=12B cardinality=149.12K cost=25263984
|  |  |  in pipelines: 107(GETNEXT), 19(OPEN)
|  |  |
|  |  106:EXCHANGE [HASH(tpcds_partitioned_parquet_snap.item_0.i_brand_id,tpcds_partitioned_parquet_snap.item_0.i_class_id,tpcds_partitioned_parquet_snap.item_0.i_category_id)]
|  |  |  mem-estimate=11.88MB mem-reservation=0B thread-reservation=0
|  |  |  tuple-ids=28 row-size=12B cardinality=17.89M cost=2975838
|  |  |  in pipelines: 19(GETNEXT)
|  |  |
|  |  F07:PLAN FRAGMENT [RANDOM] hosts=10 instances=120
|  |  Per-Host Shared Resources: mem-estimate=1.00MB mem-reservation=1.00MB thread-reservation=0 runtime-filters-memory=1.00MB
|  |  Per-Instance Resources: mem-estimate=33.50MB mem-reservation=9.00MB thread-reservation=1
|  |  max-parallelism=1824 segment-costs=[20502176631, 23047987] cpu-comparison-result=120 [max(120 (self) vs 25 (sum children))]
|  |  24:AGGREGATE [STREAMING]
|  |  |  group by: tpcds_partitioned_parquet_snap.item_0.i_brand_id, tpcds_partitioned_parquet_snap.item_0.i_class_id, tpcds_partitioned_parquet_snap.item_0.i_category_id
|  |  |  mem-estimate=10.00MB mem-reservation=5.00MB spill-buffer=256.00KB thread-reservation=0
|  |  |  tuple-ids=28 row-size=12B cardinality=17.89M cost=11947236639
|  |  |  in pipelines: 19(GETNEXT)
|  |  |
|  |  23:HASH JOIN [INNER JOIN, BROADCAST]
|  |  |  hash-table-id=25
|  |  |  hash predicates: tpcds_partitioned_parquet_snap.store_sales_1.ss_sold_date_sk = tpcds_partitioned_parquet_snap.date_dim_3.d_date_sk
|  |  |  fk/pk conjuncts: tpcds_partitioned_parquet_snap.store_sales_1.ss_sold_date_sk = tpcds_partitioned_parquet_snap.date_dim_3.d_date_sk
|  |  |  mem-estimate=0B mem-reservation=0B spill-buffer=64.00KB thread-reservation=0
|  |  |  tuple-ids=22,24,26 row-size=32B cardinality=8.64G cost=3779809729
|  |  |  in pipelines: 19(GETNEXT), 22(OPEN)
|  |  |
|  |  |--F92:PLAN FRAGMENT [RANDOM] hosts=10 instances=10
|  |  |  |  Per-Instance Resources: mem-estimate=23.32MB mem-reservation=23.25MB thread-reservation=1
|  |  |  |  max-parallelism=10 segment-costs=[17005]
|  |  |  JOIN BUILD
|  |  |  |  join-table-id=25 plan-id=26 cohort-id=06
|  |  |  |  build expressions: tpcds_partitioned_parquet_snap.date_dim_3.d_date_sk
|  |  |  |  mem-estimate=23.25MB mem-reservation=23.25MB spill-buffer=64.00KB thread-reservation=0 cost=7305
|  |  |  |
|  |  |  105:EXCHANGE [BROADCAST]
|  |  |  |  mem-estimate=69.07KB mem-reservation=0B thread-reservation=0
|  |  |  |  tuple-ids=26 row-size=8B cardinality=7.30K cost=9700
|  |  |  |  in pipelines: 22(GETNEXT)
|  |  |  |
|  |  |  F09:PLAN FRAGMENT [RANDOM] hosts=1 instances=1
|  |  |  Per-Instance Resources: mem-estimate=16.05MB mem-reservation=512.00KB thread-reservation=1
|  |  |  max-parallelism=1 segment-costs=[12835]
|  |  |  22:SCAN HDFS [tpcds_partitioned_parquet_snap.date_dim, RANDOM]
|  |  |     HDFS partitions=1/1 files=1 size=2.17MB
|  |  |     predicates: tpcds_partitioned_parquet_snap.date_dim_3.d_year <= add(CAST(1998 AS INT), CAST(2 AS INT)), tpcds_partitioned_parquet_snap.date_dim_3.d_year >= CAST(1998 AS INT)
|  |  |     stored statistics:
|  |  |       table: rows=73.05K size=2.17MB
|  |  |       columns: all
|  |  |     extrapolated-rows=disabled max-scan-range-rows=73.05K
|  |  |     parquet statistics predicates: tpcds_partitioned_parquet_snap.date_dim_3.d_year <= add(CAST(1998 AS INT), CAST(2 AS INT)), tpcds_partitioned_parquet_snap.date_dim_3.d_year >= CAST(1998 AS INT)
|  |  |     parquet dictionary predicates: tpcds_partitioned_parquet_snap.date_dim_3.d_year <= add(CAST(1998 AS INT), CAST(2 AS INT)), tpcds_partitioned_parquet_snap.date_dim_3.d_year >= CAST(1998 AS INT)
|  |  |     mem-estimate=16.00MB mem-reservation=512.00KB thread-reservation=0
|  |  |     tuple-ids=26 row-size=8B cardinality=7.30K cost=12520
|  |  |     in pipelines: 22(GETNEXT)
|  |  |
|  |  21:HASH JOIN [INNER JOIN, BROADCAST]
|  |  |  hash-table-id=26
|  |  |  hash predicates: tpcds_partitioned_parquet_snap.store_sales_1.ss_item_sk = tpcds_partitioned_parquet_snap.item_0.i_item_sk
|  |  |  fk/pk conjuncts: tpcds_partitioned_parquet_snap.store_sales_1.ss_item_sk = tpcds_partitioned_parquet_snap.item_0.i_item_sk
|  |  |  mem-estimate=0B mem-reservation=0B spill-buffer=2.00MB thread-reservation=0
|  |  |  tuple-ids=22,24 row-size=24B cardinality=8.64G cost=3779809729
|  |  |  in pipelines: 19(GETNEXT), 20(OPEN)
|  |  |
|  |  |--F93:PLAN FRAGMENT [RANDOM] hosts=10 instances=10
|  |  |  |  Per-Instance Resources: mem-estimate=414.57MB mem-reservation=409.00MB thread-reservation=1 runtime-filters-memory=1.00MB
|  |  |  |  max-parallelism=10 segment-costs=[838440]
|  |  |  JOIN BUILD
|  |  |  |  join-table-id=26 plan-id=27 cohort-id=06
|  |  |  |  build expressions: tpcds_partitioned_parquet_snap.item_0.i_item_sk
|  |  |  |  runtime filters: RF026[bloom] <- tpcds_partitioned_parquet_snap.item_0.i_item_sk, RF027[min_max] <- tpcds_partitioned_parquet_snap.item_0.i_item_sk
|  |  |  |  mem-estimate=408.00MB mem-reservation=408.00MB spill-buffer=2.00MB thread-reservation=0 cost=360000
|  |  |  |
|  |  |  104:EXCHANGE [BROADCAST]
|  |  |  |  mem-estimate=5.57MB mem-reservation=0B thread-reservation=0
|  |  |  |  tuple-ids=24 row-size=16B cardinality=360.00K cost=478440
|  |  |  |  in pipelines: 20(GETNEXT)
|  |  |  |
|  |  |  F08:PLAN FRAGMENT [RANDOM] hosts=4 instances=4
|  |  |  Per-Instance Resources: mem-estimate=16.08MB mem-reservation=512.00KB thread-reservation=1
|  |  |  max-parallelism=4 segment-costs=[106272]
|  |  |  20:SCAN HDFS [tpcds_partitioned_parquet_snap.item, RANDOM]
|  |  |     HDFS partitions=1/1 files=1 size=33.54MB
|  |  |     stored statistics:
|  |  |       table: rows=360.00K size=33.54MB
|  |  |       columns: all
|  |  |     extrapolated-rows=disabled max-scan-range-rows=101.54K
|  |  |     mem-estimate=16.00MB mem-reservation=512.00KB thread-reservation=0
|  |  |     tuple-ids=24 row-size=16B cardinality=360.00K cost=82944
|  |  |     in pipelines: 20(GETNEXT)
|  |  |
|  |  19:SCAN HDFS [tpcds_partitioned_parquet_snap.store_sales, RANDOM]
|  |     HDFS partitions=1824/1824 files=1824 size=389.90GB
|  |     runtime filters: RF027[min_max] -> tpcds_partitioned_parquet_snap.store_sales_1.ss_item_sk, RF026[bloom] -> tpcds_partitioned_parquet_snap.store_sales_1.ss_item_sk
|  |     stored statistics:
|  |       table: rows=8.64G size=389.90GB
|  |       partitions: 1824/1824 rows=8.64G
|  |       columns: all
|  |     extrapolated-rows=disabled max-scan-range-rows=390.22M
|  |     mem-estimate=16.00MB mem-reservation=4.00MB thread-reservation=0
|  |     tuple-ids=22 row-size=8B cardinality=8.64G(filtered from 8.64G) cost=995320534
|  |     in pipelines: 19(GETNEXT)
|  |
|  103:AGGREGATE [FINALIZE]
|  |  group by: tpcds_partitioned_parquet_snap.item_2.i_brand_id, tpcds_partitioned_parquet_snap.item_2.i_class_id, tpcds_partitioned_parquet_snap.item_2.i_category_id
|  |  mem-estimate=10.00MB mem-reservation=4.75MB spill-buffer=256.00KB thread-reservation=0
|  |  tuple-ids=44 row-size=12B cardinality=149.12K cost=25263984
|  |  in pipelines: 103(GETNEXT), 32(OPEN)
|  |
|  102:EXCHANGE [HASH(tpcds_partitioned_parquet_snap.item_2.i_brand_id,tpcds_partitioned_parquet_snap.item_2.i_class_id,tpcds_partitioned_parquet_snap.item_2.i_category_id)]
|  |  mem-estimate=11.88MB mem-reservation=0B thread-reservation=0
|  |  tuple-ids=44 row-size=12B cardinality=17.89M cost=2975838
|  |  in pipelines: 32(GETNEXT)
|  |
|  F03:PLAN FRAGMENT [RANDOM] hosts=10 instances=120
|  Per-Instance Resources: mem-estimate=33.50MB mem-reservation=5.12MB thread-reservation=1
|  max-parallelism=520 segment-costs=[5186282830, 23047987] cpu-comparison-result=120 [max(120 (self) vs 25 (sum children))]
|  37:AGGREGATE [STREAMING]
|  |  group by: tpcds_partitioned_parquet_snap.item_2.i_brand_id, tpcds_partitioned_parquet_snap.item_2.i_class_id, tpcds_partitioned_parquet_snap.item_2.i_category_id
|  |  mem-estimate=10.00MB mem-reservation=5.00MB spill-buffer=256.00KB thread-reservation=0
|  |  tuple-ids=44 row-size=12B cardinality=17.89M cost=3047563509
|  |  in pipelines: 32(GETNEXT)
|  |
|  36:HASH JOIN [INNER JOIN, BROADCAST]
|  |  hash-table-id=23
|  |  hash predicates: tpcds_partitioned_parquet_snap.web_sales_0.ws_sold_date_sk = tpcds_partitioned_parquet_snap.date_dim_5.d_date_sk
|  |  fk/pk conjuncts: tpcds_partitioned_parquet_snap.web_sales_0.ws_sold_date_sk = tpcds_partitioned_parquet_snap.date_dim_5.d_date_sk
|  |  mem-estimate=0B mem-reservation=0B spill-buffer=64.00KB thread-reservation=0
|  |  tuple-ids=38,40,42 row-size=32B cardinality=2.16G cost=944945506
|  |  in pipelines: 32(GETNEXT), 35(OPEN)
|  |
|  |--F90:PLAN FRAGMENT [RANDOM] hosts=10 instances=10
|  |  |  Per-Instance Resources: mem-estimate=23.32MB mem-reservation=23.25MB thread-reservation=1
|  |  |  max-parallelism=10 segment-costs=[17005]
|  |  JOIN BUILD
|  |  |  join-table-id=23 plan-id=24 cohort-id=06
|  |  |  build expressions: tpcds_partitioned_parquet_snap.date_dim_5.d_date_sk
|  |  |  mem-estimate=23.25MB mem-reservation=23.25MB spill-buffer=64.00KB thread-reservation=0 cost=7305
|  |  |
|  |  101:EXCHANGE [BROADCAST]
|  |  |  mem-estimate=69.07KB mem-reservation=0B thread-reservation=0
|  |  |  tuple-ids=42 row-size=8B cardinality=7.30K cost=9700
|  |  |  in pipelines: 35(GETNEXT)
|  |  |
|  |  F05:PLAN FRAGMENT [RANDOM] hosts=1 instances=1
|  |  Per-Instance Resources: mem-estimate=16.05MB mem-reservation=512.00KB thread-reservation=1
|  |  max-parallelism=1 segment-costs=[12835]
|  |  35:SCAN HDFS [tpcds_partitioned_parquet_snap.date_dim, RANDOM]
|  |     HDFS partitions=1/1 files=1 size=2.17MB
|  |     predicates: tpcds_partitioned_parquet_snap.date_dim_5.d_year <= add(CAST(1998 AS INT), CAST(2 AS INT)), tpcds_partitioned_parquet_snap.date_dim_5.d_year >= CAST(1998 AS INT)
|  |     stored statistics:
|  |       table: rows=73.05K size=2.17MB
|  |       columns: all
|  |     extrapolated-rows=disabled max-scan-range-rows=73.05K
|  |     parquet statistics predicates: tpcds_partitioned_parquet_snap.date_dim_5.d_year <= add(CAST(1998 AS INT), CAST(2 AS INT)), tpcds_partitioned_parquet_snap.date_dim_5.d_year >= CAST(1998 AS INT)
|  |     parquet dictionary predicates: tpcds_partitioned_parquet_snap.date_dim_5.d_year <= add(CAST(1998 AS INT), CAST(2 AS INT)), tpcds_partitioned_parquet_snap.date_dim_5.d_year >= CAST(1998 AS INT)
|  |     mem-estimate=16.00MB mem-reservation=512.00KB thread-reservation=0
|  |     tuple-ids=42 row-size=8B cardinality=7.30K cost=12520
|  |     in pipelines: 35(GETNEXT)
|  |
|  34:HASH JOIN [INNER JOIN, BROADCAST]
|  |  hash-table-id=24
|  |  hash predicates: tpcds_partitioned_parquet_snap.web_sales_0.ws_item_sk = tpcds_partitioned_parquet_snap.item_2.i_item_sk
|  |  fk/pk conjuncts: tpcds_partitioned_parquet_snap.web_sales_0.ws_item_sk = tpcds_partitioned_parquet_snap.item_2.i_item_sk
|  |  mem-estimate=0B mem-reservation=0B spill-buffer=2.00MB thread-reservation=0
|  |  tuple-ids=38,40 row-size=24B cardinality=2.16G cost=944945506
|  |  in pipelines: 32(GETNEXT), 33(OPEN)
|  |
|  |--F91:PLAN FRAGMENT [RANDOM] hosts=10 instances=10
|  |  |  Per-Instance Resources: mem-estimate=413.57MB mem-reservation=408.00MB thread-reservation=1
|  |  |  max-parallelism=10 segment-costs=[838440]
|  |  JOIN BUILD
|  |  |  join-table-id=24 plan-id=25 cohort-id=06
|  |  |  build expressions: tpcds_partitioned_parquet_snap.item_2.i_item_sk
|  |  |  runtime filters: RF023[min_max] <- tpcds_partitioned_parquet_snap.item_2.i_item_sk
|  |  |  mem-estimate=408.00MB mem-reservation=408.00MB spill-buffer=2.00MB thread-reservation=0 cost=360000
|  |  |
|  |  100:EXCHANGE [BROADCAST]
|  |  |  mem-estimate=5.57MB mem-reservation=0B thread-reservation=0
|  |  |  tuple-ids=40 row-size=16B cardinality=360.00K cost=478440
|  |  |  in pipelines: 33(GETNEXT)
|  |  |
|  |  F04:PLAN FRAGMENT [RANDOM] hosts=4 instances=4
|  |  Per-Instance Resources: mem-estimate=16.08MB mem-reservation=512.00KB thread-reservation=1
|  |  max-parallelism=4 segment-costs=[106272]
|  |  33:SCAN HDFS [tpcds_partitioned_parquet_snap.item, RANDOM]
|  |     HDFS partitions=1/1 files=1 size=33.54MB
|  |     stored statistics:
|  |       table: rows=360.00K size=33.54MB
|  |       columns: all
|  |     extrapolated-rows=disabled max-scan-range-rows=101.54K
|  |     mem-estimate=16.00MB mem-reservation=512.00KB thread-reservation=0
|  |     tuple-ids=40 row-size=16B cardinality=360.00K cost=82944
|  |     in pipelines: 33(GETNEXT)
|  |
|  32:SCAN HDFS [tpcds_partitioned_parquet_snap.web_sales, RANDOM]
|     HDFS partitions=1824/1824 files=1824 size=145.75GB
|     runtime filters: RF023[min_max] -> tpcds_partitioned_parquet_snap.web_sales_0.ws_item_sk
|     stored statistics:
|       table: rows=2.16G size=145.75GB
|       partitions: 1824/1824 rows=2.16G
|       columns: all
|     extrapolated-rows=disabled max-scan-range-rows=3.37M
|     mem-estimate=16.00MB mem-reservation=128.00KB thread-reservation=0
|     tuple-ids=38 row-size=8B cardinality=2.16G(filtered from 2.16G) cost=248828309
|     in pipelines: 32(GETNEXT)
|
16:HASH JOIN [INNER JOIN, BROADCAST]
|  hash-table-id=29
|  hash predicates: tpcds_partitioned_parquet_snap.store_sales_0.ss_sold_date_sk = tpcds_partitioned_parquet_snap.date_dim_2.d_date_sk
|  fk/pk conjuncts: tpcds_partitioned_parquet_snap.store_sales_0.ss_sold_date_sk = tpcds_partitioned_parquet_snap.date_dim_2.d_date_sk
|  mem-estimate=0B mem-reservation=0B spill-buffer=256.00KB thread-reservation=0
|  tuple-ids=16,18,20 row-size=40B cardinality=8.64G(filtered from 8.64G) cost=3779809729
|  in pipelines: 12(GETNEXT), 15(OPEN)
|
|--F96:PLAN FRAGMENT [RANDOM] hosts=10 instances=10
|  |  Per-Instance Resources: mem-estimate=57.57MB mem-reservation=57.00MB thread-reservation=1
|  |  max-parallelism=10 segment-costs=[170129]
|  JOIN BUILD
|  |  join-table-id=29 plan-id=30 cohort-id=01
|  |  build expressions: tpcds_partitioned_parquet_snap.date_dim_2.d_date_sk
|  |  mem-estimate=57.00MB mem-reservation=57.00MB spill-buffer=256.00KB thread-reservation=0 cost=73049
|  |
|  99:EXCHANGE [BROADCAST]
|  |  mem-estimate=582.70KB mem-reservation=0B thread-reservation=0
|  |  tuple-ids=20 row-size=8B cardinality=73.05K cost=97080
|  |  in pipelines: 15(GETNEXT)
|  |
|  F02:PLAN FRAGMENT [RANDOM] hosts=1 instances=1
|  Per-Host Shared Resources: mem-estimate=1.00MB mem-reservation=1.00MB thread-reservation=0 runtime-filters-memory=1.00MB
|  Per-Instance Resources: mem-estimate=16.05MB mem-reservation=512.00KB thread-reservation=1
|  max-parallelism=1 segment-costs=[11570]
|  15:SCAN HDFS [tpcds_partitioned_parquet_snap.date_dim, RANDOM]
|     HDFS partitions=1/1 files=1 size=2.17MB
|     runtime filters: RF007[min_max] -> tpcds_partitioned_parquet_snap.date_dim_2.d_week_seq, RF006[bloom] -> tpcds_partitioned_parquet_snap.date_dim_2.d_week_seq
|     stored statistics:
|       table: rows=73.05K size=2.17MB
|       columns: all
|     extrapolated-rows=disabled max-scan-range-rows=73.05K
|     mem-estimate=16.00MB mem-reservation=512.00KB thread-reservation=0
|     tuple-ids=20 row-size=8B cardinality=73.05K cost=8415
|     in pipelines: 15(GETNEXT)
|
14:HASH JOIN [INNER JOIN, BROADCAST]
|  hash-table-id=30
|  hash predicates: tpcds_partitioned_parquet_snap.store_sales_0.ss_item_sk = tpcds_partitioned_parquet_snap.item.i_item_sk
|  fk/pk conjuncts: tpcds_partitioned_parquet_snap.store_sales_0.ss_item_sk = tpcds_partitioned_parquet_snap.item.i_item_sk
|  mem-estimate=0B mem-reservation=0B spill-buffer=2.00MB thread-reservation=0
|  tuple-ids=16,18 row-size=32B cardinality=8.64G(filtered from 8.64G) cost=3779809729
|  in pipelines: 12(GETNEXT), 13(OPEN)
|
|--F97:PLAN FRAGMENT [RANDOM] hosts=10 instances=10
|  |  Per-Instance Resources: mem-estimate=414.57MB mem-reservation=409.00MB thread-reservation=1 runtime-filters-memory=1.00MB
|  |  max-parallelism=10 segment-costs=[838440]
|  JOIN BUILD
|  |  join-table-id=30 plan-id=31 cohort-id=01
|  |  build expressions: tpcds_partitioned_parquet_snap.item.i_item_sk
|  |  runtime filters: RF012[bloom] <- tpcds_partitioned_parquet_snap.item.i_item_sk, RF013[min_max] <- tpcds_partitioned_parquet_snap.item.i_item_sk
|  |  mem-estimate=408.00MB mem-reservation=408.00MB spill-buffer=2.00MB thread-reservation=0 cost=360000
|  |
|  98:EXCHANGE [BROADCAST]
|  |  mem-estimate=5.57MB mem-reservation=0B thread-reservation=0
|  |  tuple-ids=18 row-size=16B cardinality=360.00K cost=478440
|  |  in pipelines: 13(GETNEXT)
|  |
|  F01:PLAN FRAGMENT [RANDOM] hosts=4 instances=4
|  Per-Host Shared Resources: mem-estimate=4.00MB mem-reservation=4.00MB thread-reservation=0 runtime-filters-memory=4.00MB
|  Per-Instance Resources: mem-estimate=16.08MB mem-reservation=512.00KB thread-reservation=1
|  max-parallelism=4 segment-costs=[106272]
|  13:SCAN HDFS [tpcds_partitioned_parquet_snap.item, RANDOM]
|     HDFS partitions=1/1 files=1 size=33.54MB
|     runtime filters: RF003[min_max] -> tpcds_partitioned_parquet_snap.item.i_brand_id, RF004[min_max] -> tpcds_partitioned_parquet_snap.item.i_category_id, RF005[min_max] -> tpcds_partitioned_parquet_snap.item.i_class_id, RF009[min_max] -> tpcds_partitioned_parquet_snap.item.i_item_sk, RF000[bloom] -> tpcds_partitioned_parquet_snap.item.i_brand_id, RF001[bloom] -> tpcds_partitioned_parquet_snap.item.i_category_id, RF002[bloom] -> tpcds_partitioned_parquet_snap.item.i_class_id, RF008[bloom] -> tpcds_partitioned_parquet_snap.item.i_item_sk
|     stored statistics:
|       table: rows=360.00K size=33.54MB
|       columns: all
|     extrapolated-rows=disabled max-scan-range-rows=101.54K
|     mem-estimate=16.00MB mem-reservation=512.00KB thread-reservation=0
|     tuple-ids=18 row-size=16B cardinality=360.00K cost=82944
|     in pipelines: 13(GETNEXT)
|
12:SCAN HDFS [tpcds_partitioned_parquet_snap.store_sales, RANDOM]
   HDFS partitions=1824/1824 files=1824 size=389.90GB
   runtime filters: RF013[min_max] -> tpcds_partitioned_parquet_snap.store_sales_0.ss_item_sk, RF009[min_max] -> tpcds_partitioned_parquet_snap.store_sales_0.ss_item_sk, RF012[bloom] -> tpcds_partitioned_parquet_snap.store_sales_0.ss_item_sk, RF008[bloom] -> tpcds_partitioned_parquet_snap.store_sales_0.ss_item_sk
   stored statistics:
     table: rows=8.64G size=389.90GB
     partitions: 1824/1824 rows=8.64G
     columns: all
   extrapolated-rows=disabled max-scan-range-rows=390.22M
   mem-estimate=16.00MB mem-reservation=8.00MB thread-reservation=0
   tuple-ids=16 row-size=16B cardinality=8.64G(filtered from 8.64G) cost=1990641068
   in pipelines: 12(GETNEXT)
---- PARALLELPLANS
Max Per-Host Resource Reservation: Memory=7.53GB Threads=235
Per-Host Resource Estimates: Memory=18.09GB
F66:PLAN FRAGMENT [UNPARTITIONED] hosts=1 instances=1
|  Per-Instance Resources: mem-estimate=4.02MB mem-reservation=4.00MB thread-reservation=1
|  max-parallelism=1 segment-costs=[12] cpu-comparison-result=1058 [max(1 (self) vs 1058 (sum children))]
PLAN-ROOT SINK
|  output exprs: 'store', tpcds_partitioned_parquet_snap.item_4.i_brand_id, tpcds_partitioned_parquet_snap.item_4.i_class_id, tpcds_partitioned_parquet_snap.item_4.i_category_id, sum(multiply(tpcds_partitioned_parquet_snap.store_sales_3.ss_quantity, tpcds_partitioned_parquet_snap.store_sales_3.ss_list_price)), count(), 'store', tpcds_partitioned_parquet_snap.item.i_brand_id, tpcds_partitioned_parquet_snap.item.i_class_id, tpcds_partitioned_parquet_snap.item.i_category_id, sum(multiply(tpcds_partitioned_parquet_snap.store_sales_0.ss_quantity, tpcds_partitioned_parquet_snap.store_sales_0.ss_list_price)), count()
|  mem-estimate=4.00MB mem-reservation=4.00MB spill-buffer=2.00MB thread-reservation=0 cost=12
|
162:MERGING-EXCHANGE [UNPARTITIONED]
|  order by: tpcds_partitioned_parquet_snap.item_4.i_brand_id ASC NULLS LAST, tpcds_partitioned_parquet_snap.item_4.i_class_id ASC NULLS LAST, tpcds_partitioned_parquet_snap.item_4.i_category_id ASC NULLS LAST
|  limit: 100
|  mem-estimate=16.00KB mem-reservation=0B thread-reservation=0
|  tuple-ids=106 row-size=72B cardinality=1 cost=0
|  in pipelines: 97(GETNEXT)
|
F23:PLAN FRAGMENT [HASH(tpcds_partitioned_parquet_snap.item.i_brand_id,tpcds_partitioned_parquet_snap.item.i_class_id,tpcds_partitioned_parquet_snap.item.i_category_id)] hosts=10 instances=10 (adjusted from 120)
Per-Instance Resources: mem-estimate=17.41MB mem-reservation=1.94MB thread-reservation=1
max-parallelism=10 segment-costs=[2040021, 38398, 2] cpu-comparison-result=1058 [max(10 (self) vs 1058 (sum children))]
97:TOP-N [LIMIT=100]
|  order by: tpcds_partitioned_parquet_snap.item_4.i_brand_id ASC NULLS LAST, tpcds_partitioned_parquet_snap.item_4.i_class_id ASC NULLS LAST, tpcds_partitioned_parquet_snap.item_4.i_category_id ASC NULLS LAST
|  mem-estimate=72B mem-reservation=0B thread-reservation=0
|  tuple-ids=106 row-size=72B cardinality=1 cost=0
|  in pipelines: 97(GETNEXT), 123(OPEN)
|
96:NESTED LOOP JOIN [INNER JOIN, BROADCAST]
|  join table id: 00
|  join predicates: sum(multiply(tpcds_partitioned_parquet_snap.store_sales_0.ss_quantity, tpcds_partitioned_parquet_snap.store_sales_0.ss_list_price)) > avg(multiply(QUANTITY, LIST_PRICE))
|  mem-estimate=0B mem-reservation=0B thread-reservation=0
|  tuple-ids=52,105,68,15 row-size=104B cardinality=1 cost=79
|  in pipelines: 123(GETNEXT), 160(OPEN)
|
|--F67:PLAN FRAGMENT [HASH(tpcds_partitioned_parquet_snap.item.i_brand_id,tpcds_partitioned_parquet_snap.item.i_class_id,tpcds_partitioned_parquet_snap.item.i_category_id)] hosts=10 instances=10
|  |  Per-Instance Resources: mem-estimate=16.02KB mem-reservation=0B thread-reservation=1
|  |  max-parallelism=10 segment-costs=[0] cpu-comparison-result=120 [max(10 (self) vs 120 (sum children))]
|  JOIN BUILD
|  |  join-table-id=00 plan-id=01 cohort-id=01
|  |  mem-estimate=16B mem-reservation=0B thread-reservation=0 cost=0
|  |
|  161:EXCHANGE [BROADCAST]
|  |  mem-estimate=16.00KB mem-reservation=0B thread-reservation=0
|  |  tuple-ids=15 row-size=16B cardinality=1 cost=0
|  |  in pipelines: 160(GETNEXT)
|  |
|  F65:PLAN FRAGMENT [UNPARTITIONED] hosts=1 instances=1
|  Per-Instance Resources: mem-estimate=297.44KB mem-reservation=0B thread-reservation=1
|  max-parallelism=1 segment-costs=[30, 0] cpu-comparison-result=120 [max(1 (self) vs 120 (sum children))]
|  160:AGGREGATE [FINALIZE]
|  |  output: avg:merge(multiply(QUANTITY, LIST_PRICE))
|  |  mem-estimate=16.00KB mem-reservation=0B spill-buffer=2.00MB thread-reservation=0
|  |  tuple-ids=15 row-size=16B cardinality=1 cost=8
|  |  in pipelines: 160(GETNEXT), 11(OPEN)
|  |
|  159:EXCHANGE [UNPARTITIONED]
|  |  mem-estimate=281.44KB mem-reservation=0B thread-reservation=0
|  |  tuple-ids=14 row-size=16B cardinality=120 cost=22
|  |  in pipelines: 11(GETNEXT)
|  |
|  F64:PLAN FRAGMENT [RANDOM] hosts=10 instances=120
|  Per-Instance Resources: mem-estimate=16.02MB mem-reservation=8.00MB thread-reservation=1
|  max-parallelism=120 segment-costs=[11061173397, 185] cpu-comparison-result=120 [max(120 (self) vs 33 (sum children))]
|  11:AGGREGATE
|  |  output: avg(multiply(CAST(QUANTITY AS DECIMAL(10,0)), LIST_PRICE))
|  |  mem-estimate=16.00KB mem-reservation=0B spill-buffer=2.00MB thread-reservation=0
|  |  tuple-ids=14 row-size=16B cardinality=120 cost=1058398679
|  |  in pipelines: 11(GETNEXT), 02(OPEN), 05(OPEN), 08(OPEN)
|  |
|  00:UNION
|  |  pass-through-operands: 01
|  |  mem-estimate=0B mem-reservation=0B thread-reservation=0
|  |  tuple-ids=13 row-size=8B cardinality=15.12G cost=110287964
|  |  in pipelines: 02(GETNEXT), 05(GETNEXT), 08(GETNEXT)
|  |
|  |--10:HASH JOIN [INNER JOIN, BROADCAST]
|  |  |  hash-table-id=03
|  |  |  hash predicates: tpcds_partitioned_parquet_snap.web_sales.ws_sold_date_sk = tpcds_partitioned_parquet_snap.date_dim_1.d_date_sk
|  |  |  fk/pk conjuncts: tpcds_partitioned_parquet_snap.web_sales.ws_sold_date_sk = tpcds_partitioned_parquet_snap.date_dim_1.d_date_sk
|  |  |  mem-estimate=0B mem-reservation=0B spill-buffer=64.00KB thread-reservation=0
|  |  |  tuple-ids=9,11 row-size=20B cardinality=2.16G cost=945417979
|  |  |  in pipelines: 08(GETNEXT), 09(OPEN)
|  |  |
|  |  |--F70:PLAN FRAGMENT [RANDOM] hosts=10 instances=10
|  |  |  |  Per-Instance Resources: mem-estimate=23.32MB mem-reservation=23.25MB thread-reservation=1
|  |  |  |  max-parallelism=10 segment-costs=[17005]
|  |  |  JOIN BUILD
|  |  |  |  join-table-id=03 plan-id=04 cohort-id=02
|  |  |  |  build expressions: tpcds_partitioned_parquet_snap.date_dim_1.d_date_sk
|  |  |  |  mem-estimate=23.25MB mem-reservation=23.25MB spill-buffer=64.00KB thread-reservation=0 cost=7305
|  |  |  |
|  |  |  158:EXCHANGE [BROADCAST]
|  |  |  |  mem-estimate=69.07KB mem-reservation=0B thread-reservation=0
|  |  |  |  tuple-ids=11 row-size=8B cardinality=7.30K cost=9700
|  |  |  |  in pipelines: 09(GETNEXT)
|  |  |  |
|  |  |  F63:PLAN FRAGMENT [RANDOM] hosts=1 instances=1
|  |  |  Per-Instance Resources: mem-estimate=16.05MB mem-reservation=512.00KB thread-reservation=1
|  |  |  max-parallelism=1 segment-costs=[12835]
|  |  |  09:SCAN HDFS [tpcds_partitioned_parquet_snap.date_dim, RANDOM]
|  |  |     HDFS partitions=1/1 files=1 size=2.17MB
|  |  |     predicates: tpcds_partitioned_parquet_snap.date_dim_1.d_year <= add(CAST(1998 AS INT), CAST(2 AS INT)), tpcds_partitioned_parquet_snap.date_dim_1.d_year >= CAST(1998 AS INT)
|  |  |     stored statistics:
|  |  |       table: rows=73.05K size=2.17MB
|  |  |       columns: all
|  |  |     extrapolated-rows=disabled max-scan-range-rows=73.05K
|  |  |     parquet statistics predicates: tpcds_partitioned_parquet_snap.date_dim_1.d_year <= add(CAST(1998 AS INT), CAST(2 AS INT)), tpcds_partitioned_parquet_snap.date_dim_1.d_year >= CAST(1998 AS INT)
|  |  |     parquet dictionary predicates: tpcds_partitioned_parquet_snap.date_dim_1.d_year <= add(CAST(1998 AS INT), CAST(2 AS INT)), tpcds_partitioned_parquet_snap.date_dim_1.d_year >= CAST(1998 AS INT)
|  |  |     mem-estimate=16.00MB mem-reservation=512.00KB thread-reservation=0
|  |  |     tuple-ids=11 row-size=8B cardinality=7.30K cost=12520
|  |  |     in pipelines: 09(GETNEXT)
|  |  |
|  |  08:SCAN HDFS [tpcds_partitioned_parquet_snap.web_sales, RANDOM]
|  |     HDFS partitions=1824/1824 files=1824 size=145.75GB
|  |     stored statistics:
|  |       table: rows=2.16G size=145.75GB
|  |       partitions: 1824/1824 rows=2.16G
|  |       columns: all
|  |     extrapolated-rows=disabled max-scan-range-rows=3.37M
|  |     mem-estimate=16.00MB mem-reservation=128.00KB thread-reservation=0
|  |     tuple-ids=9 row-size=12B cardinality=2.16G cost=373242464
|  |     in pipelines: 08(GETNEXT)
|  |
|  01:UNION
|  |  mem-estimate=0B mem-reservation=0B thread-reservation=0
|  |  tuple-ids=8 row-size=8B cardinality=12.96G cost=661738272
|  |  in pipelines: 02(GETNEXT), 05(GETNEXT)
|  |
|  |--07:HASH JOIN [INNER JOIN, BROADCAST]
|  |  |  hash-table-id=02
|  |  |  hash predicates: tpcds_partitioned_parquet_snap.catalog_sales.cs_sold_date_sk = tpcds_partitioned_parquet_snap.date_dim_0.d_date_sk
|  |  |  fk/pk conjuncts: tpcds_partitioned_parquet_snap.catalog_sales.cs_sold_date_sk = tpcds_partitioned_parquet_snap.date_dim_0.d_date_sk
|  |  |  mem-estimate=0B mem-reservation=0B spill-buffer=64.00KB thread-reservation=0
|  |  |  tuple-ids=4,6 row-size=20B cardinality=4.32G cost=1890898131
|  |  |  in pipelines: 05(GETNEXT), 06(OPEN)
|  |  |
|  |  |--F69:PLAN FRAGMENT [RANDOM] hosts=10 instances=10
|  |  |  |  Per-Instance Resources: mem-estimate=23.32MB mem-reservation=23.25MB thread-reservation=1
|  |  |  |  max-parallelism=10 segment-costs=[17005]
|  |  |  JOIN BUILD
|  |  |  |  join-table-id=02 plan-id=03 cohort-id=02
|  |  |  |  build expressions: tpcds_partitioned_parquet_snap.date_dim_0.d_date_sk
|  |  |  |  mem-estimate=23.25MB mem-reservation=23.25MB spill-buffer=64.00KB thread-reservation=0 cost=7305
|  |  |  |
|  |  |  157:EXCHANGE [BROADCAST]
|  |  |  |  mem-estimate=69.07KB mem-reservation=0B thread-reservation=0
|  |  |  |  tuple-ids=6 row-size=8B cardinality=7.30K cost=9700
|  |  |  |  in pipelines: 06(GETNEXT)
|  |  |  |
|  |  |  F60:PLAN FRAGMENT [RANDOM] hosts=1 instances=1
|  |  |  Per-Instance Resources: mem-estimate=16.05MB mem-reservation=512.00KB thread-reservation=1
|  |  |  max-parallelism=1 segment-costs=[12835]
|  |  |  06:SCAN HDFS [tpcds_partitioned_parquet_snap.date_dim, RANDOM]
|  |  |     HDFS partitions=1/1 files=1 size=2.17MB
|  |  |     predicates: tpcds_partitioned_parquet_snap.date_dim_0.d_year <= add(CAST(1998 AS INT), CAST(2 AS INT)), tpcds_partitioned_parquet_snap.date_dim_0.d_year >= CAST(1998 AS INT)
|  |  |     stored statistics:
|  |  |       table: rows=73.05K size=2.17MB
|  |  |       columns: all
|  |  |     extrapolated-rows=disabled max-scan-range-rows=73.05K
|  |  |     parquet statistics predicates: tpcds_partitioned_parquet_snap.date_dim_0.d_year <= add(CAST(1998 AS INT), CAST(2 AS INT)), tpcds_partitioned_parquet_snap.date_dim_0.d_year >= CAST(1998 AS INT)
|  |  |     parquet dictionary predicates: tpcds_partitioned_parquet_snap.date_dim_0.d_year <= add(CAST(1998 AS INT), CAST(2 AS INT)), tpcds_partitioned_parquet_snap.date_dim_0.d_year >= CAST(1998 AS INT)
|  |  |     mem-estimate=16.00MB mem-reservation=512.00KB thread-reservation=0
|  |  |     tuple-ids=6 row-size=8B cardinality=7.30K cost=12520
|  |  |     in pipelines: 06(GETNEXT)
|  |  |
|  |  05:SCAN HDFS [tpcds_partitioned_parquet_snap.catalog_sales, RANDOM]
|  |     HDFS partitions=1831/1831 files=1831 size=280.96GB
|  |     stored statistics:
|  |       table: rows=4.32G size=280.96GB
|  |       partitions: 1831/1831 rows=4.32G
|  |       columns: all
|  |     extrapolated-rows=disabled max-scan-range-rows=21.52M
|  |     mem-estimate=16.00MB mem-reservation=1.00MB thread-reservation=0
|  |     tuple-ids=4 row-size=12B cardinality=4.32G cost=746509474
|  |     in pipelines: 05(GETNEXT)
|  |
|  04:HASH JOIN [INNER JOIN, BROADCAST]
|  |  hash-table-id=01
|  |  hash predicates: tpcds_partitioned_parquet_snap.store_sales.ss_sold_date_sk = tpcds_partitioned_parquet_snap.date_dim.d_date_sk
|  |  fk/pk conjuncts: tpcds_partitioned_parquet_snap.store_sales.ss_sold_date_sk = tpcds_partitioned_parquet_snap.date_dim.d_date_sk
|  |  mem-estimate=0B mem-reservation=0B spill-buffer=64.00KB thread-reservation=0
|  |  tuple-ids=0,2 row-size=20B cardinality=8.64G cost=3781699633
|  |  in pipelines: 02(GETNEXT), 03(OPEN)
|  |
|  |--F68:PLAN FRAGMENT [RANDOM] hosts=10 instances=10
|  |  |  Per-Instance Resources: mem-estimate=23.32MB mem-reservation=23.25MB thread-reservation=1
|  |  |  max-parallelism=10 segment-costs=[17005]
|  |  JOIN BUILD
|  |  |  join-table-id=01 plan-id=02 cohort-id=02
|  |  |  build expressions: tpcds_partitioned_parquet_snap.date_dim.d_date_sk
|  |  |  mem-estimate=23.25MB mem-reservation=23.25MB spill-buffer=64.00KB thread-reservation=0 cost=7305
|  |  |
|  |  156:EXCHANGE [BROADCAST]
|  |  |  mem-estimate=69.07KB mem-reservation=0B thread-reservation=0
|  |  |  tuple-ids=2 row-size=8B cardinality=7.30K cost=9700
|  |  |  in pipelines: 03(GETNEXT)
|  |  |
|  |  F58:PLAN FRAGMENT [RANDOM] hosts=1 instances=1
|  |  Per-Instance Resources: mem-estimate=16.05MB mem-reservation=512.00KB thread-reservation=1
|  |  max-parallelism=1 segment-costs=[12835]
|  |  03:SCAN HDFS [tpcds_partitioned_parquet_snap.date_dim, RANDOM]
|  |     HDFS partitions=1/1 files=1 size=2.17MB
|  |     predicates: tpcds_partitioned_parquet_snap.date_dim.d_year <= add(CAST(1998 AS INT), CAST(2 AS INT)), tpcds_partitioned_parquet_snap.date_dim.d_year >= CAST(1998 AS INT)
|  |     stored statistics:
|  |       table: rows=73.05K size=2.17MB
|  |       columns: all
|  |     extrapolated-rows=disabled max-scan-range-rows=73.05K
|  |     parquet statistics predicates: tpcds_partitioned_parquet_snap.date_dim.d_year <= add(CAST(1998 AS INT), CAST(2 AS INT)), tpcds_partitioned_parquet_snap.date_dim.d_year >= CAST(1998 AS INT)
|  |     parquet dictionary predicates: tpcds_partitioned_parquet_snap.date_dim.d_year <= add(CAST(1998 AS INT), CAST(2 AS INT)), tpcds_partitioned_parquet_snap.date_dim.d_year >= CAST(1998 AS INT)
|  |     mem-estimate=16.00MB mem-reservation=512.00KB thread-reservation=0
|  |     tuple-ids=2 row-size=8B cardinality=7.30K cost=12520
|  |     in pipelines: 03(GETNEXT)
|  |
|  02:SCAN HDFS [tpcds_partitioned_parquet_snap.store_sales, RANDOM]
|     HDFS partitions=1824/1824 files=1824 size=389.90GB
|     stored statistics:
|       table: rows=8.64G size=389.90GB
|       partitions: 1824/1824 rows=8.64G
|       columns: all
|     extrapolated-rows=disabled max-scan-range-rows=390.22M
|     mem-estimate=16.00MB mem-reservation=8.00MB thread-reservation=0
|     tuple-ids=0 row-size=12B cardinality=8.64G cost=1492980801
|     in pipelines: 02(GETNEXT)
|
95:HASH JOIN [INNER JOIN, PARTITIONED]
|  hash-table-id=04
|  hash predicates: tpcds_partitioned_parquet_snap.item.i_brand_id = tpcds_partitioned_parquet_snap.item_4.i_brand_id, tpcds_partitioned_parquet_snap.item.i_category_id = tpcds_partitioned_parquet_snap.item_4.i_category_id, tpcds_partitioned_parquet_snap.item.i_class_id = tpcds_partitioned_parquet_snap.item_4.i_class_id
|  fk/pk conjuncts: none
|  mem-estimate=0B mem-reservation=0B spill-buffer=64.00KB thread-reservation=0
|  tuple-ids=52,105,68 row-size=88B cardinality=386 cost=38319
|  in pipelines: 123(GETNEXT), 149(OPEN)
|
|--F71:PLAN FRAGMENT [HASH(tpcds_partitioned_parquet_snap.item.i_brand_id,tpcds_partitioned_parquet_snap.item.i_class_id,tpcds_partitioned_parquet_snap.item.i_category_id)] hosts=10 instances=10 (adjusted from 120)
|  |  Per-Instance Resources: mem-estimate=20.41MB mem-reservation=9.69MB thread-reservation=1 runtime-filters-memory=3.00MB
|  |  max-parallelism=10 segment-costs=[2040021, 30555] cpu-comparison-result=529 [max(10 (self) vs 529 (sum children))]
|  JOIN BUILD
|  |  join-table-id=04 plan-id=05 cohort-id=01
|  |  build expressions: tpcds_partitioned_parquet_snap.item_4.i_brand_id, tpcds_partitioned_parquet_snap.item_4.i_category_id, tpcds_partitioned_parquet_snap.item_4.i_class_id
|  |  runtime filters: RF000[bloom] <- tpcds_partitioned_parquet_snap.item_4.i_brand_id, RF001[bloom] <- tpcds_partitioned_parquet_snap.item_4.i_category_id, RF002[bloom] <- tpcds_partitioned_parquet_snap.item_4.i_class_id, RF003[min_max] <- tpcds_partitioned_parquet_snap.item_4.i_brand_id, RF004[min_max] <- tpcds_partitioned_parquet_snap.item_4.i_category_id, RF005[min_max] <- tpcds_partitioned_parquet_snap.item_4.i_class_id
|  |  mem-estimate=1.94MB mem-reservation=1.94MB spill-buffer=64.00KB thread-reservation=0 cost=1
|  |
|  94:NESTED LOOP JOIN [INNER JOIN, BROADCAST]
|  |  join table id: 05
|  |  join predicates: sum(multiply(tpcds_partitioned_parquet_snap.store_sales_3.ss_quantity, tpcds_partitioned_parquet_snap.store_sales_3.ss_list_price)) > avg(multiply(QUANTITY, LIST_PRICE))
|  |  mem-estimate=0B mem-reservation=0B thread-reservation=0
|  |  tuple-ids=105,68 row-size=52B cardinality=1 cost=30554
|  |  in pipelines: 149(GETNEXT), 154(OPEN)
|  |
|  |--F72:PLAN FRAGMENT [HASH(tpcds_partitioned_parquet_snap.item.i_brand_id,tpcds_partitioned_parquet_snap.item.i_class_id,tpcds_partitioned_parquet_snap.item.i_category_id)] hosts=10 instances=10
|  |  |  Per-Instance Resources: mem-estimate=16.02KB mem-reservation=0B thread-reservation=1
|  |  |  max-parallelism=10 segment-costs=[0] cpu-comparison-result=120 [max(10 (self) vs 120 (sum children))]
|  |  JOIN BUILD
|  |  |  join-table-id=05 plan-id=06 cohort-id=03
|  |  |  mem-estimate=16B mem-reservation=0B thread-reservation=0 cost=0
|  |  |
|  |  155:EXCHANGE [BROADCAST]
|  |  |  mem-estimate=16.00KB mem-reservation=0B thread-reservation=0
|  |  |  tuple-ids=68 row-size=16B cardinality=1 cost=0
|  |  |  in pipelines: 154(GETNEXT)
|  |  |
|  |  F56:PLAN FRAGMENT [UNPARTITIONED] hosts=1 instances=1
|  |  Per-Instance Resources: mem-estimate=297.44KB mem-reservation=0B thread-reservation=1
|  |  max-parallelism=1 segment-costs=[30, 0] cpu-comparison-result=120 [max(1 (self) vs 120 (sum children))]
|  |  154:AGGREGATE [FINALIZE]
|  |  |  output: avg:merge(multiply(QUANTITY, LIST_PRICE))
|  |  |  mem-estimate=16.00KB mem-reservation=0B spill-buffer=2.00MB thread-reservation=0
|  |  |  tuple-ids=68 row-size=16B cardinality=1 cost=8
|  |  |  in pipelines: 154(GETNEXT), 58(OPEN)
|  |  |
|  |  153:EXCHANGE [UNPARTITIONED]
|  |  |  mem-estimate=281.44KB mem-reservation=0B thread-reservation=0
|  |  |  tuple-ids=67 row-size=16B cardinality=120 cost=22
|  |  |  in pipelines: 58(GETNEXT)
|  |  |
|  |  F55:PLAN FRAGMENT [RANDOM] hosts=10 instances=120
|  |  Per-Instance Resources: mem-estimate=16.02MB mem-reservation=8.00MB thread-reservation=1
|  |  max-parallelism=120 segment-costs=[11061173397, 185] cpu-comparison-result=120 [max(120 (self) vs 33 (sum children))]
|  |  58:AGGREGATE
|  |  |  output: avg(multiply(CAST(QUANTITY AS DECIMAL(10,0)), LIST_PRICE))
|  |  |  mem-estimate=16.00KB mem-reservation=0B spill-buffer=2.00MB thread-reservation=0
|  |  |  tuple-ids=67 row-size=16B cardinality=120 cost=1058398679
|  |  |  in pipelines: 58(GETNEXT), 49(OPEN), 52(OPEN), 55(OPEN)
|  |  |
|  |  47:UNION
|  |  |  pass-through-operands: 48
|  |  |  mem-estimate=0B mem-reservation=0B thread-reservation=0
|  |  |  tuple-ids=66 row-size=8B cardinality=15.12G cost=110287964
|  |  |  in pipelines: 49(GETNEXT), 52(GETNEXT), 55(GETNEXT)
|  |  |
|  |  |--57:HASH JOIN [INNER JOIN, BROADCAST]
|  |  |  |  hash-table-id=08
|  |  |  |  hash predicates: tpcds_partitioned_parquet_snap.web_sales_1.ws_sold_date_sk = tpcds_partitioned_parquet_snap.date_dim_9.d_date_sk
|  |  |  |  fk/pk conjuncts: tpcds_partitioned_parquet_snap.web_sales_1.ws_sold_date_sk = tpcds_partitioned_parquet_snap.date_dim_9.d_date_sk
|  |  |  |  mem-estimate=0B mem-reservation=0B spill-buffer=64.00KB thread-reservation=0
|  |  |  |  tuple-ids=62,64 row-size=20B cardinality=2.16G cost=945417979
|  |  |  |  in pipelines: 55(GETNEXT), 56(OPEN)
|  |  |  |
|  |  |  |--F75:PLAN FRAGMENT [RANDOM] hosts=10 instances=10
|  |  |  |  |  Per-Instance Resources: mem-estimate=23.32MB mem-reservation=23.25MB thread-reservation=1
|  |  |  |  |  max-parallelism=10 segment-costs=[17005]
|  |  |  |  JOIN BUILD
|  |  |  |  |  join-table-id=08 plan-id=09 cohort-id=04
|  |  |  |  |  build expressions: tpcds_partitioned_parquet_snap.date_dim_9.d_date_sk
|  |  |  |  |  mem-estimate=23.25MB mem-reservation=23.25MB spill-buffer=64.00KB thread-reservation=0 cost=7305
|  |  |  |  |
|  |  |  |  152:EXCHANGE [BROADCAST]
|  |  |  |  |  mem-estimate=69.07KB mem-reservation=0B thread-reservation=0
|  |  |  |  |  tuple-ids=64 row-size=8B cardinality=7.30K cost=9700
|  |  |  |  |  in pipelines: 56(GETNEXT)
|  |  |  |  |
|  |  |  |  F54:PLAN FRAGMENT [RANDOM] hosts=1 instances=1
|  |  |  |  Per-Instance Resources: mem-estimate=16.05MB mem-reservation=512.00KB thread-reservation=1
|  |  |  |  max-parallelism=1 segment-costs=[12835]
|  |  |  |  56:SCAN HDFS [tpcds_partitioned_parquet_snap.date_dim, RANDOM]
|  |  |  |     HDFS partitions=1/1 files=1 size=2.17MB
|  |  |  |     predicates: tpcds_partitioned_parquet_snap.date_dim_9.d_year <= add(CAST(1998 AS INT), CAST(2 AS INT)), tpcds_partitioned_parquet_snap.date_dim_9.d_year >= CAST(1998 AS INT)
|  |  |  |     stored statistics:
|  |  |  |       table: rows=73.05K size=2.17MB
|  |  |  |       columns: all
|  |  |  |     extrapolated-rows=disabled max-scan-range-rows=73.05K
|  |  |  |     parquet statistics predicates: tpcds_partitioned_parquet_snap.date_dim_9.d_year <= add(CAST(1998 AS INT), CAST(2 AS INT)), tpcds_partitioned_parquet_snap.date_dim_9.d_year >= CAST(1998 AS INT)
|  |  |  |     parquet dictionary predicates: tpcds_partitioned_parquet_snap.date_dim_9.d_year <= add(CAST(1998 AS INT), CAST(2 AS INT)), tpcds_partitioned_parquet_snap.date_dim_9.d_year >= CAST(1998 AS INT)
|  |  |  |     mem-estimate=16.00MB mem-reservation=512.00KB thread-reservation=0
|  |  |  |     tuple-ids=64 row-size=8B cardinality=7.30K cost=12520
|  |  |  |     in pipelines: 56(GETNEXT)
|  |  |  |
|  |  |  55:SCAN HDFS [tpcds_partitioned_parquet_snap.web_sales, RANDOM]
|  |  |     HDFS partitions=1824/1824 files=1824 size=145.75GB
|  |  |     stored statistics:
|  |  |       table: rows=2.16G size=145.75GB
|  |  |       partitions: 1824/1824 rows=2.16G
|  |  |       columns: all
|  |  |     extrapolated-rows=disabled max-scan-range-rows=3.37M
|  |  |     mem-estimate=16.00MB mem-reservation=128.00KB thread-reservation=0
|  |  |     tuple-ids=62 row-size=12B cardinality=2.16G cost=373242464
|  |  |     in pipelines: 55(GETNEXT)
|  |  |
|  |  48:UNION
|  |  |  mem-estimate=0B mem-reservation=0B thread-reservation=0
|  |  |  tuple-ids=61 row-size=8B cardinality=12.96G cost=661738272
|  |  |  in pipelines: 49(GETNEXT), 52(GETNEXT)
|  |  |
|  |  |--54:HASH JOIN [INNER JOIN, BROADCAST]
|  |  |  |  hash-table-id=07
|  |  |  |  hash predicates: tpcds_partitioned_parquet_snap.catalog_sales_1.cs_sold_date_sk = tpcds_partitioned_parquet_snap.date_dim_8.d_date_sk
|  |  |  |  fk/pk conjuncts: tpcds_partitioned_parquet_snap.catalog_sales_1.cs_sold_date_sk = tpcds_partitioned_parquet_snap.date_dim_8.d_date_sk
|  |  |  |  mem-estimate=0B mem-reservation=0B spill-buffer=64.00KB thread-reservation=0
|  |  |  |  tuple-ids=57,59 row-size=20B cardinality=4.32G cost=1890898131
|  |  |  |  in pipelines: 52(GETNEXT), 53(OPEN)
|  |  |  |
|  |  |  |--F74:PLAN FRAGMENT [RANDOM] hosts=10 instances=10
|  |  |  |  |  Per-Instance Resources: mem-estimate=23.32MB mem-reservation=23.25MB thread-reservation=1
|  |  |  |  |  max-parallelism=10 segment-costs=[17005]
|  |  |  |  JOIN BUILD
|  |  |  |  |  join-table-id=07 plan-id=08 cohort-id=04
|  |  |  |  |  build expressions: tpcds_partitioned_parquet_snap.date_dim_8.d_date_sk
|  |  |  |  |  mem-estimate=23.25MB mem-reservation=23.25MB spill-buffer=64.00KB thread-reservation=0 cost=7305
|  |  |  |  |
|  |  |  |  151:EXCHANGE [BROADCAST]
|  |  |  |  |  mem-estimate=69.07KB mem-reservation=0B thread-reservation=0
|  |  |  |  |  tuple-ids=59 row-size=8B cardinality=7.30K cost=9700
|  |  |  |  |  in pipelines: 53(GETNEXT)
|  |  |  |  |
|  |  |  |  F51:PLAN FRAGMENT [RANDOM] hosts=1 instances=1
|  |  |  |  Per-Instance Resources: mem-estimate=16.05MB mem-reservation=512.00KB thread-reservation=1
|  |  |  |  max-parallelism=1 segment-costs=[12835]
|  |  |  |  53:SCAN HDFS [tpcds_partitioned_parquet_snap.date_dim, RANDOM]
|  |  |  |     HDFS partitions=1/1 files=1 size=2.17MB
|  |  |  |     predicates: tpcds_partitioned_parquet_snap.date_dim_8.d_year <= add(CAST(1998 AS INT), CAST(2 AS INT)), tpcds_partitioned_parquet_snap.date_dim_8.d_year >= CAST(1998 AS INT)
|  |  |  |     stored statistics:
|  |  |  |       table: rows=73.05K size=2.17MB
|  |  |  |       columns: all
|  |  |  |     extrapolated-rows=disabled max-scan-range-rows=73.05K
|  |  |  |     parquet statistics predicates: tpcds_partitioned_parquet_snap.date_dim_8.d_year <= add(CAST(1998 AS INT), CAST(2 AS INT)), tpcds_partitioned_parquet_snap.date_dim_8.d_year >= CAST(1998 AS INT)
|  |  |  |     parquet dictionary predicates: tpcds_partitioned_parquet_snap.date_dim_8.d_year <= add(CAST(1998 AS INT), CAST(2 AS INT)), tpcds_partitioned_parquet_snap.date_dim_8.d_year >= CAST(1998 AS INT)
|  |  |  |     mem-estimate=16.00MB mem-reservation=512.00KB thread-reservation=0
|  |  |  |     tuple-ids=59 row-size=8B cardinality=7.30K cost=12520
|  |  |  |     in pipelines: 53(GETNEXT)
|  |  |  |
|  |  |  52:SCAN HDFS [tpcds_partitioned_parquet_snap.catalog_sales, RANDOM]
|  |  |     HDFS partitions=1831/1831 files=1831 size=280.96GB
|  |  |     stored statistics:
|  |  |       table: rows=4.32G size=280.96GB
|  |  |       partitions: 1831/1831 rows=4.32G
|  |  |       columns: all
|  |  |     extrapolated-rows=disabled max-scan-range-rows=21.52M
|  |  |     mem-estimate=16.00MB mem-reservation=1.00MB thread-reservation=0
|  |  |     tuple-ids=57 row-size=12B cardinality=4.32G cost=746509474
|  |  |     in pipelines: 52(GETNEXT)
|  |  |
|  |  51:HASH JOIN [INNER JOIN, BROADCAST]
|  |  |  hash-table-id=06
|  |  |  hash predicates: tpcds_partitioned_parquet_snap.store_sales_2.ss_sold_date_sk = tpcds_partitioned_parquet_snap.date_dim_7.d_date_sk
|  |  |  fk/pk conjuncts: tpcds_partitioned_parquet_snap.store_sales_2.ss_sold_date_sk = tpcds_partitioned_parquet_snap.date_dim_7.d_date_sk
|  |  |  mem-estimate=0B mem-reservation=0B spill-buffer=64.00KB thread-reservation=0
|  |  |  tuple-ids=53,55 row-size=20B cardinality=8.64G cost=3781699633
|  |  |  in pipelines: 49(GETNEXT), 50(OPEN)
|  |  |
|  |  |--F73:PLAN FRAGMENT [RANDOM] hosts=10 instances=10
|  |  |  |  Per-Instance Resources: mem-estimate=23.32MB mem-reservation=23.25MB thread-reservation=1
|  |  |  |  max-parallelism=10 segment-costs=[17005]
|  |  |  JOIN BUILD
|  |  |  |  join-table-id=06 plan-id=07 cohort-id=04
|  |  |  |  build expressions: tpcds_partitioned_parquet_snap.date_dim_7.d_date_sk
|  |  |  |  mem-estimate=23.25MB mem-reservation=23.25MB spill-buffer=64.00KB thread-reservation=0 cost=7305
|  |  |  |
|  |  |  150:EXCHANGE [BROADCAST]
|  |  |  |  mem-estimate=69.07KB mem-reservation=0B thread-reservation=0
|  |  |  |  tuple-ids=55 row-size=8B cardinality=7.30K cost=9700
|  |  |  |  in pipelines: 50(GETNEXT)
|  |  |  |
|  |  |  F49:PLAN FRAGMENT [RANDOM] hosts=1 instances=1
|  |  |  Per-Instance Resources: mem-estimate=16.05MB mem-reservation=512.00KB thread-reservation=1
|  |  |  max-parallelism=1 segment-costs=[12835]
|  |  |  50:SCAN HDFS [tpcds_partitioned_parquet_snap.date_dim, RANDOM]
|  |  |     HDFS partitions=1/1 files=1 size=2.17MB
|  |  |     predicates: tpcds_partitioned_parquet_snap.date_dim_7.d_year <= add(CAST(1998 AS INT), CAST(2 AS INT)), tpcds_partitioned_parquet_snap.date_dim_7.d_year >= CAST(1998 AS INT)
|  |  |     stored statistics:
|  |  |       table: rows=73.05K size=2.17MB
|  |  |       columns: all
|  |  |     extrapolated-rows=disabled max-scan-range-rows=73.05K
|  |  |     parquet statistics predicates: tpcds_partitioned_parquet_snap.date_dim_7.d_year <= add(CAST(1998 AS INT), CAST(2 AS INT)), tpcds_partitioned_parquet_snap.date_dim_7.d_year >= CAST(1998 AS INT)
|  |  |     parquet dictionary predicates: tpcds_partitioned_parquet_snap.date_dim_7.d_year <= add(CAST(1998 AS INT), CAST(2 AS INT)), tpcds_partitioned_parquet_snap.date_dim_7.d_year >= CAST(1998 AS INT)
|  |  |     mem-estimate=16.00MB mem-reservation=512.00KB thread-reservation=0
|  |  |     tuple-ids=55 row-size=8B cardinality=7.30K cost=12520
|  |  |     in pipelines: 50(GETNEXT)
|  |  |
|  |  49:SCAN HDFS [tpcds_partitioned_parquet_snap.store_sales, RANDOM]
|  |     HDFS partitions=1824/1824 files=1824 size=389.90GB
|  |     stored statistics:
|  |       table: rows=8.64G size=389.90GB
|  |       partitions: 1824/1824 rows=8.64G
|  |       columns: all
|  |     extrapolated-rows=disabled max-scan-range-rows=390.22M
|  |     mem-estimate=16.00MB mem-reservation=8.00MB thread-reservation=0
|  |     tuple-ids=53 row-size=12B cardinality=8.64G cost=1492980801
|  |     in pipelines: 49(GETNEXT)
|  |
|  149:AGGREGATE [FINALIZE]
|  |  output: sum:merge(multiply(tpcds_partitioned_parquet_snap.store_sales_3.ss_quantity, tpcds_partitioned_parquet_snap.store_sales_3.ss_list_price)), count:merge()
|  |  group by: tpcds_partitioned_parquet_snap.item_4.i_brand_id, tpcds_partitioned_parquet_snap.item_4.i_class_id, tpcds_partitioned_parquet_snap.item_4.i_category_id
|  |  mem-estimate=10.00MB mem-reservation=4.75MB spill-buffer=256.00KB thread-reservation=0
|  |  tuple-ids=105 row-size=36B cardinality=149.12K cost=1820576
|  |  in pipelines: 149(GETNEXT), 59(OPEN)
|  |
|  148:EXCHANGE [HASH(tpcds_partitioned_parquet_snap.item_4.i_brand_id,tpcds_partitioned_parquet_snap.item_4.i_class_id,tpcds_partitioned_parquet_snap.item_4.i_category_id)]
|  |  mem-estimate=7.41MB mem-reservation=0B thread-reservation=0
|  |  tuple-ids=105 row-size=36B cardinality=793.08K cost=219445
|  |  in pipelines: 59(GETNEXT)
|  |
|  F24:PLAN FRAGMENT [RANDOM] hosts=10 instances=120
|  Per-Host Shared Resources: mem-estimate=1.00MB mem-reservation=1.00MB thread-reservation=0 runtime-filters-memory=1.00MB
|  Per-Instance Resources: mem-estimate=27.56MB mem-reservation=10.00MB thread-reservation=1
|  max-parallelism=1560 segment-costs=[15548126832, 2247271] cpu-comparison-result=409 [max(120 (self) vs 409 (sum children))]
|  93:AGGREGATE [STREAMING]
|  |  output: sum(multiply(CAST(tpcds_partitioned_parquet_snap.store_sales_3.ss_quantity AS DECIMAL(10,0)), tpcds_partitioned_parquet_snap.store_sales_3.ss_list_price)), count()
|  |  group by: tpcds_partitioned_parquet_snap.item_4.i_brand_id, tpcds_partitioned_parquet_snap.item_4.i_class_id, tpcds_partitioned_parquet_snap.item_4.i_category_id
|  |  mem-estimate=10.00MB mem-reservation=2.00MB spill-buffer=64.00KB thread-reservation=0
|  |  tuple-ids=105 row-size=36B cardinality=793.08K cost=4762714
|  |  in pipelines: 59(GETNEXT)
|  |
|  92:HASH JOIN [INNER JOIN, BROADCAST]
|  |  hash-table-id=09
|  |  hash predicates: tpcds_partitioned_parquet_snap.date_dim_10.d_week_seq = tpcds_partitioned_parquet_snap.date_dim_14.d_week_seq
|  |  fk/pk conjuncts: none
|  |  mem-estimate=0B mem-reservation=0B spill-buffer=64.00KB thread-reservation=0
|  |  tuple-ids=69,71,73,102,103 row-size=60B cardinality=811.06K cost=2214075859
|  |  in pipelines: 59(GETNEXT), 91(OPEN)
|  |
|  |--F76:PLAN FRAGMENT [RANDOM] hosts=10 instances=10
|  |  |  Per-Instance Resources: mem-estimate=24.27MB mem-reservation=24.25MB thread-reservation=1 runtime-filters-memory=1.00MB
|  |  |  max-parallelism=10 segment-costs=[1] cpu-comparison-result=10 [max(10 (self) vs 2 (sum children))]
|  |  JOIN BUILD
|  |  |  join-table-id=09 plan-id=10 cohort-id=03
|  |  |  build expressions: tpcds_partitioned_parquet_snap.date_dim_14.d_week_seq
|  |  |  runtime filters: RF032[bloom] <- tpcds_partitioned_parquet_snap.date_dim_14.d_week_seq, RF033[min_max] <- tpcds_partitioned_parquet_snap.date_dim_14.d_week_seq
|  |  |  mem-estimate=23.25MB mem-reservation=23.25MB spill-buffer=64.00KB thread-reservation=0 cost=1
|  |  |
|  |  147:EXCHANGE [BROADCAST]
|  |  |  mem-estimate=16.00KB mem-reservation=0B thread-reservation=0
|  |  |  tuple-ids=103 row-size=16B cardinality=1 cost=0
|  |  |  in pipelines: 91(GETNEXT)
|  |  |
|  |  F46:PLAN FRAGMENT [UNPARTITIONED] hosts=1 instances=1
|  |  Per-Instance Resources: mem-estimate=80.00KB mem-reservation=0B thread-reservation=1
|  |  max-parallelism=1 segment-costs=[5, 0]
|  |  91:CARDINALITY CHECK
|  |  |  limit: 1
|  |  |  mem-estimate=0B mem-reservation=0B thread-reservation=0
|  |  |  tuple-ids=103 row-size=16B cardinality=1 cost=0
|  |  |  in pipelines: 91(GETNEXT), 90(OPEN)
|  |  |
|  |  146:EXCHANGE [UNPARTITIONED]
|  |  |  limit: 2
|  |  |  mem-estimate=16.00KB mem-reservation=0B thread-reservation=0
|  |  |  tuple-ids=103 row-size=16B cardinality=2 cost=5
|  |  |  in pipelines: 90(GETNEXT)
|  |  |
|  |  F45:PLAN FRAGMENT [RANDOM] hosts=1 instances=1
|  |  Per-Instance Resources: mem-estimate=16.08MB mem-reservation=512.00KB thread-reservation=1
|  |  max-parallelism=1 segment-costs=[22991]
|  |  90:SCAN HDFS [tpcds_partitioned_parquet_snap.date_dim, RANDOM]
|  |     HDFS partitions=1/1 files=1 size=2.17MB
|  |     predicates: tpcds_partitioned_parquet_snap.date_dim_14.d_year = add(CAST(1998 AS INT), CAST(1 AS INT)), tpcds_partitioned_parquet_snap.date_dim_14.d_dom = CAST(20 AS INT), tpcds_partitioned_parquet_snap.date_dim_14.d_moy = CAST(12 AS INT)
|  |     stored statistics:
|  |       table: rows=73.05K size=2.17MB
|  |       columns: all
|  |     extrapolated-rows=disabled max-scan-range-rows=73.05K
|  |     parquet statistics predicates: tpcds_partitioned_parquet_snap.date_dim_14.d_year = add(CAST(1998 AS INT), CAST(1 AS INT)), tpcds_partitioned_parquet_snap.date_dim_14.d_dom = CAST(20 AS INT), tpcds_partitioned_parquet_snap.date_dim_14.d_moy = CAST(12 AS INT)
|  |     parquet dictionary predicates: tpcds_partitioned_parquet_snap.date_dim_14.d_year = add(CAST(1998 AS INT), CAST(1 AS INT)), tpcds_partitioned_parquet_snap.date_dim_14.d_dom = CAST(20 AS INT), tpcds_partitioned_parquet_snap.date_dim_14.d_moy = CAST(12 AS INT)
|  |     limit: 2
|  |     mem-estimate=16.00MB mem-reservation=512.00KB thread-reservation=0
|  |     tuple-ids=103 row-size=16B cardinality=29 cost=22988
|  |     in pipelines: 90(GETNEXT)
|  |
|  89:HASH JOIN [INNER JOIN, BROADCAST]
|  |  hash-table-id=10
|  |  hash predicates: tpcds_partitioned_parquet_snap.store_sales_3.ss_item_sk = tpcds_partitioned_parquet_snap.item_8.i_item_sk
|  |  fk/pk conjuncts: tpcds_partitioned_parquet_snap.store_sales_3.ss_item_sk = tpcds_partitioned_parquet_snap.item_8.i_item_sk
|  |  mem-estimate=0B mem-reservation=0B spill-buffer=1.00MB thread-reservation=0
|  |  tuple-ids=69,71,73,102 row-size=44B cardinality=8.63G cost=3779027733
|  |  in pipelines: 59(GETNEXT), 144(OPEN)
|  |
|  |--F77:PLAN FRAGMENT [RANDOM] hosts=10 instances=10
|  |  |  Per-Instance Resources: mem-estimate=205.45MB mem-reservation=204.00MB thread-reservation=1
|  |  |  max-parallelism=10 segment-costs=[838440] cpu-comparison-result=374 [max(10 (self) vs 374 (sum children))]
|  |  JOIN BUILD
|  |  |  join-table-id=10 plan-id=11 cohort-id=03
|  |  |  build expressions: tpcds_partitioned_parquet_snap.item_8.i_item_sk
|  |  |  runtime filters: RF035[min_max] <- tpcds_partitioned_parquet_snap.item_8.i_item_sk
|  |  |  mem-estimate=204.00MB mem-reservation=204.00MB spill-buffer=1.00MB thread-reservation=0 cost=360000
|  |  |
|  |  145:EXCHANGE [BROADCAST]
|  |  |  mem-estimate=1.45MB mem-reservation=0B thread-reservation=0
|  |  |  tuple-ids=102 row-size=4B cardinality=360.00K cost=478440
|  |  |  in pipelines: 144(GETNEXT)
|  |  |
|  |  F44:PLAN FRAGMENT [HASH(tpcds_partitioned_parquet_snap.item_8.i_item_sk)] hosts=10 instances=10 (adjusted from 120)
|  |  Per-Instance Resources: mem-estimate=10.25MB mem-reservation=1.94MB thread-reservation=1
|  |  max-parallelism=10 segment-costs=[1126414, 11664] cpu-comparison-result=374 [max(10 (self) vs 374 (sum children))]
|  |  144:AGGREGATE [FINALIZE]
|  |  |  group by: tpcds_partitioned_parquet_snap.item_8.i_item_sk
|  |  |  mem-estimate=10.00MB mem-reservation=1.94MB spill-buffer=64.00KB thread-reservation=0
|  |  |  tuple-ids=102 row-size=4B cardinality=360.00K cost=1068777
|  |  |  in pipelines: 144(GETNEXT), 141(OPEN)
|  |  |
|  |  143:EXCHANGE [HASH(tpcds_partitioned_parquet_snap.item_8.i_item_sk)]
|  |  |  mem-estimate=253.86KB mem-reservation=0B thread-reservation=0
|  |  |  tuple-ids=102 row-size=4B cardinality=445.08K cost=57637
|  |  |  in pipelines: 141(GETNEXT)
|  |  |
|  |  F42:PLAN FRAGMENT [HASH(BRAND_ID,CLASS_ID,CATEGORY_ID)] hosts=10 instances=10 (adjusted from 120)
|  |  Per-Instance Resources: mem-estimate=141.67MB mem-reservation=36.00MB thread-reservation=1
|  |  max-parallelism=10 segment-costs=[2731445, 1487074, 343957] cpu-comparison-result=374 [max(10 (self) vs 374 (sum children))]
|  |  88:AGGREGATE [STREAMING]
|  |  |  group by: tpcds_partitioned_parquet_snap.item_8.i_item_sk
|  |  |  mem-estimate=10.00MB mem-reservation=2.00MB spill-buffer=64.00KB thread-reservation=0
|  |  |  tuple-ids=102 row-size=4B cardinality=445.08K cost=1291265
|  |  |  in pipelines: 141(GETNEXT)
|  |  |
|  |  87:HASH JOIN [INNER JOIN, PARTITIONED]
|  |  |  hash-table-id=11
|  |  |  hash predicates: BRAND_ID = tpcds_partitioned_parquet_snap.item_8.i_brand_id, CATEGORY_ID = tpcds_partitioned_parquet_snap.item_8.i_category_id, CLASS_ID = tpcds_partitioned_parquet_snap.item_8.i_class_id
|  |  |  fk/pk conjuncts: assumed fk/pk
|  |  |  mem-estimate=0B mem-reservation=0B spill-buffer=64.00KB thread-reservation=0
|  |  |  tuple-ids=99,100 row-size=36B cardinality=447.36K cost=195809
|  |  |  in pipelines: 141(GETNEXT), 86(OPEN)
|  |  |
|  |  |--F78:PLAN FRAGMENT [HASH(BRAND_ID,CLASS_ID,CATEGORY_ID)] hosts=10 instances=10 (adjusted from 120)
|  |  |  |  Per-Instance Resources: mem-estimate=2.15MB mem-reservation=1.94MB thread-reservation=1
|  |  |  |  max-parallelism=10 segment-costs=[42649]
|  |  |  JOIN BUILD
|  |  |  |  join-table-id=11 plan-id=12 cohort-id=05
|  |  |  |  build expressions: tpcds_partitioned_parquet_snap.item_8.i_brand_id, tpcds_partitioned_parquet_snap.item_8.i_category_id, tpcds_partitioned_parquet_snap.item_8.i_class_id
|  |  |  |  mem-estimate=1.94MB mem-reservation=1.94MB spill-buffer=64.00KB thread-reservation=0 cost=36000
|  |  |  |
|  |  |  142:EXCHANGE [HASH(tpcds_partitioned_parquet_snap.item_8.i_brand_id,tpcds_partitioned_parquet_snap.item_8.i_class_id,tpcds_partitioned_parquet_snap.item_8.i_category_id)]
|  |  |  |  mem-estimate=220.62KB mem-reservation=0B thread-reservation=0
|  |  |  |  tuple-ids=100 row-size=16B cardinality=36.00K cost=6649
|  |  |  |  in pipelines: 86(GETNEXT)
|  |  |  |
|  |  |  F43:PLAN FRAGMENT [RANDOM] hosts=4 instances=4
|  |  |  Per-Instance Resources: mem-estimate=16.78MB mem-reservation=512.00KB thread-reservation=1
|  |  |  max-parallelism=4 segment-costs=[148701]
|  |  |  86:SCAN HDFS [tpcds_partitioned_parquet_snap.item, RANDOM]
|  |  |     HDFS partitions=1/1 files=1 size=33.54MB
|  |  |     predicates: is_not_null_pred(tpcds_partitioned_parquet_snap.item_8.i_item_sk)
|  |  |     stored statistics:
|  |  |       table: rows=360.00K size=33.54MB
|  |  |       columns: all
|  |  |     extrapolated-rows=disabled max-scan-range-rows=101.54K
|  |  |     parquet dictionary predicates: is_not_null_pred(tpcds_partitioned_parquet_snap.item_8.i_item_sk)
|  |  |     mem-estimate=16.00MB mem-reservation=512.00KB thread-reservation=0
|  |  |     tuple-ids=100 row-size=16B cardinality=36.00K cost=93060
|  |  |     in pipelines: 86(GETNEXT)
|  |  |
|  |  141:AGGREGATE [FINALIZE]
|  |  |  output: count:merge()
|  |  |  group by: BRAND_ID, CLASS_ID, CATEGORY_ID
|  |  |  having: count() = CAST(2 AS BIGINT)
|  |  |  mem-estimate=128.00MB mem-reservation=34.00MB spill-buffer=2.00MB thread-reservation=0
|  |  |  tuple-ids=99 row-size=20B cardinality=447.36K cost=2640587
|  |  |  in pipelines: 141(GETNEXT), 129(OPEN), 139(OPEN)
|  |  |
|  |  140:EXCHANGE [HASH(BRAND_ID,CLASS_ID,CATEGORY_ID)]
|  |  |  mem-estimate=3.67MB mem-reservation=0B thread-reservation=0
|  |  |  tuple-ids=99 row-size=20B cardinality=447.36K cost=90858
|  |  |  in pipelines: 129(GETNEXT), 139(GETNEXT)
|  |  |
|  |  F41:PLAN FRAGMENT [RANDOM] hosts=10 instances=120
|  |  Per-Instance Resources: mem-estimate=260.32MB mem-reservation=68.00MB thread-reservation=1
|  |  max-parallelism=120 segment-costs=[28239822, 1820963, 2659596, 806679] cpu-comparison-result=360 [max(120 (self) vs 360 (sum children))]
|  |  85:AGGREGATE [STREAMING]
|  |  |  output: count()
|  |  |  group by: BRAND_ID, CLASS_ID, CATEGORY_ID
|  |  |  mem-estimate=128.00MB mem-reservation=34.00MB spill-buffer=2.00MB thread-reservation=0
|  |  |  tuple-ids=99 row-size=20B cardinality=447.36K cost=2640587
|  |  |  in pipelines: 129(GETNEXT), 139(GETNEXT)
|  |  |
|  |  64:UNION
|  |  |  pass-through-operands: 129
|  |  |  mem-estimate=0B mem-reservation=0B thread-reservation=0
|  |  |  tuple-ids=98 row-size=12B cardinality=447.36K cost=19009
|  |  |  in pipelines: 129(GETNEXT), 139(GETNEXT)
|  |  |
|  |  |--139:AGGREGATE [FINALIZE]
|  |  |  |  output: count:merge()
|  |  |  |  group by: BRAND_ID, CLASS_ID, CATEGORY_ID
|  |  |  |  having: count() = CAST(2 AS BIGINT)
|  |  |  |  mem-estimate=128.00MB mem-reservation=34.00MB spill-buffer=2.00MB thread-reservation=0
|  |  |  |  tuple-ids=90 row-size=20B cardinality=298.24K cost=1760391
|  |  |  |  in pipelines: 139(GETNEXT), 133(OPEN), 137(OPEN)
|  |  |  |
|  |  |  138:EXCHANGE [HASH(BRAND_ID,CLASS_ID,CATEGORY_ID)]
|  |  |  |  mem-estimate=3.38MB mem-reservation=0B thread-reservation=0
|  |  |  |  tuple-ids=90 row-size=20B cardinality=298.24K cost=60572
|  |  |  |  in pipelines: 133(GETNEXT), 137(GETNEXT)
|  |  |  |
|  |  |  F39:PLAN FRAGMENT [RANDOM] hosts=10 instances=120
|  |  |  Per-Instance Resources: mem-estimate=161.12MB mem-reservation=38.75MB thread-reservation=1
|  |  |  max-parallelism=120 segment-costs=[28239822, 28239822, 1760391, 537786] cpu-comparison-result=240 [max(120 (self) vs 240 (sum children))]
|  |  |  78:AGGREGATE [STREAMING]
|  |  |  |  output: count()
|  |  |  |  group by: BRAND_ID, CLASS_ID, CATEGORY_ID
|  |  |  |  mem-estimate=128.00MB mem-reservation=34.00MB spill-buffer=2.00MB thread-reservation=0
|  |  |  |  tuple-ids=90 row-size=20B cardinality=298.24K cost=1760391
|  |  |  |  in pipelines: 133(GETNEXT), 137(GETNEXT)
|  |  |  |
|  |  |  65:UNION
|  |  |  |  pass-through-operands: all
|  |  |  |  mem-estimate=0B mem-reservation=0B thread-reservation=0
|  |  |  |  tuple-ids=89 row-size=12B cardinality=298.24K cost=0
|  |  |  |  in pipelines: 133(GETNEXT), 137(GETNEXT)
|  |  |  |
|  |  |  |--137:AGGREGATE [FINALIZE]
|  |  |  |  |  group by: tpcds_partitioned_parquet_snap.item_6.i_brand_id, tpcds_partitioned_parquet_snap.item_6.i_class_id, tpcds_partitioned_parquet_snap.item_6.i_category_id
|  |  |  |  |  mem-estimate=10.00MB mem-reservation=4.75MB spill-buffer=256.00KB thread-reservation=0
|  |  |  |  |  tuple-ids=88 row-size=12B cardinality=149.12K cost=25263984
|  |  |  |  |  in pipelines: 137(GETNEXT), 72(OPEN)
|  |  |  |  |
|  |  |  |  136:EXCHANGE [HASH(tpcds_partitioned_parquet_snap.item_6.i_brand_id,tpcds_partitioned_parquet_snap.item_6.i_class_id,tpcds_partitioned_parquet_snap.item_6.i_category_id)]
|  |  |  |  |  mem-estimate=11.88MB mem-reservation=0B thread-reservation=0
|  |  |  |  |  tuple-ids=88 row-size=12B cardinality=17.89M cost=2975838
|  |  |  |  |  in pipelines: 72(GETNEXT)
|  |  |  |  |
|  |  |  |  F35:PLAN FRAGMENT [RANDOM] hosts=10 instances=120
|  |  |  |  Per-Instance Resources: mem-estimate=33.50MB mem-reservation=6.00MB thread-reservation=1
|  |  |  |  max-parallelism=1030 segment-costs=[10291866608, 23047987] cpu-comparison-result=120 [max(120 (self) vs 25 (sum children))]
|  |  |  |  77:AGGREGATE [STREAMING]
|  |  |  |  |  group by: tpcds_partitioned_parquet_snap.item_6.i_brand_id, tpcds_partitioned_parquet_snap.item_6.i_class_id, tpcds_partitioned_parquet_snap.item_6.i_category_id
|  |  |  |  |  mem-estimate=10.00MB mem-reservation=5.00MB spill-buffer=256.00KB thread-reservation=0
|  |  |  |  |  tuple-ids=88 row-size=12B cardinality=17.89M cost=6014287315
|  |  |  |  |  in pipelines: 72(GETNEXT)
|  |  |  |  |
|  |  |  |  76:HASH JOIN [INNER JOIN, BROADCAST]
|  |  |  |  |  hash-table-id=16
|  |  |  |  |  hash predicates: tpcds_partitioned_parquet_snap.catalog_sales_2.cs_sold_date_sk = tpcds_partitioned_parquet_snap.date_dim_12.d_date_sk
|  |  |  |  |  fk/pk conjuncts: tpcds_partitioned_parquet_snap.catalog_sales_2.cs_sold_date_sk = tpcds_partitioned_parquet_snap.date_dim_12.d_date_sk
|  |  |  |  |  mem-estimate=0B mem-reservation=0B spill-buffer=64.00KB thread-reservation=0
|  |  |  |  |  tuple-ids=82,84,86 row-size=32B cardinality=4.32G cost=1889953155
|  |  |  |  |  in pipelines: 72(GETNEXT), 75(OPEN)
|  |  |  |  |
|  |  |  |  |--F83:PLAN FRAGMENT [RANDOM] hosts=10 instances=10
|  |  |  |  |  |  Per-Instance Resources: mem-estimate=23.32MB mem-reservation=23.25MB thread-reservation=1
|  |  |  |  |  |  max-parallelism=10 segment-costs=[17005]
|  |  |  |  |  JOIN BUILD
|  |  |  |  |  |  join-table-id=16 plan-id=17 cohort-id=05
|  |  |  |  |  |  build expressions: tpcds_partitioned_parquet_snap.date_dim_12.d_date_sk
|  |  |  |  |  |  mem-estimate=23.25MB mem-reservation=23.25MB spill-buffer=64.00KB thread-reservation=0 cost=7305
|  |  |  |  |  |
|  |  |  |  |  135:EXCHANGE [BROADCAST]
|  |  |  |  |  |  mem-estimate=69.07KB mem-reservation=0B thread-reservation=0
|  |  |  |  |  |  tuple-ids=86 row-size=8B cardinality=7.30K cost=9700
|  |  |  |  |  |  in pipelines: 75(GETNEXT)
|  |  |  |  |  |
|  |  |  |  |  F37:PLAN FRAGMENT [RANDOM] hosts=1 instances=1
|  |  |  |  |  Per-Instance Resources: mem-estimate=16.05MB mem-reservation=512.00KB thread-reservation=1
|  |  |  |  |  max-parallelism=1 segment-costs=[12835]
|  |  |  |  |  75:SCAN HDFS [tpcds_partitioned_parquet_snap.date_dim, RANDOM]
|  |  |  |  |     HDFS partitions=1/1 files=1 size=2.17MB
|  |  |  |  |     predicates: tpcds_partitioned_parquet_snap.date_dim_12.d_year <= add(CAST(1998 AS INT), CAST(2 AS INT)), tpcds_partitioned_parquet_snap.date_dim_12.d_year >= CAST(1998 AS INT)
|  |  |  |  |     stored statistics:
|  |  |  |  |       table: rows=73.05K size=2.17MB
|  |  |  |  |       columns: all
|  |  |  |  |     extrapolated-rows=disabled max-scan-range-rows=73.05K
|  |  |  |  |     parquet statistics predicates: tpcds_partitioned_parquet_snap.date_dim_12.d_year <= add(CAST(1998 AS INT), CAST(2 AS INT)), tpcds_partitioned_parquet_snap.date_dim_12.d_year >= CAST(1998 AS INT)
|  |  |  |  |     parquet dictionary predicates: tpcds_partitioned_parquet_snap.date_dim_12.d_year <= add(CAST(1998 AS INT), CAST(2 AS INT)), tpcds_partitioned_parquet_snap.date_dim_12.d_year >= CAST(1998 AS INT)
|  |  |  |  |     mem-estimate=16.00MB mem-reservation=512.00KB thread-reservation=0
|  |  |  |  |     tuple-ids=86 row-size=8B cardinality=7.30K cost=12520
|  |  |  |  |     in pipelines: 75(GETNEXT)
|  |  |  |  |
|  |  |  |  74:HASH JOIN [INNER JOIN, BROADCAST]
|  |  |  |  |  hash-table-id=17
|  |  |  |  |  hash predicates: tpcds_partitioned_parquet_snap.catalog_sales_2.cs_item_sk = tpcds_partitioned_parquet_snap.item_6.i_item_sk
|  |  |  |  |  fk/pk conjuncts: tpcds_partitioned_parquet_snap.catalog_sales_2.cs_item_sk = tpcds_partitioned_parquet_snap.item_6.i_item_sk
|  |  |  |  |  mem-estimate=0B mem-reservation=0B spill-buffer=2.00MB thread-reservation=0
|  |  |  |  |  tuple-ids=82,84 row-size=24B cardinality=4.32G cost=1889953155
|  |  |  |  |  in pipelines: 72(GETNEXT), 73(OPEN)
|  |  |  |  |
|  |  |  |  |--F84:PLAN FRAGMENT [RANDOM] hosts=10 instances=10
|  |  |  |  |  |  Per-Instance Resources: mem-estimate=413.57MB mem-reservation=408.00MB thread-reservation=1
|  |  |  |  |  |  max-parallelism=10 segment-costs=[838440]
|  |  |  |  |  JOIN BUILD
|  |  |  |  |  |  join-table-id=17 plan-id=18 cohort-id=05
|  |  |  |  |  |  build expressions: tpcds_partitioned_parquet_snap.item_6.i_item_sk
|  |  |  |  |  |  runtime filters: RF057[min_max] <- tpcds_partitioned_parquet_snap.item_6.i_item_sk
|  |  |  |  |  |  mem-estimate=408.00MB mem-reservation=408.00MB spill-buffer=2.00MB thread-reservation=0 cost=360000
|  |  |  |  |  |
|  |  |  |  |  134:EXCHANGE [BROADCAST]
|  |  |  |  |  |  mem-estimate=5.57MB mem-reservation=0B thread-reservation=0
|  |  |  |  |  |  tuple-ids=84 row-size=16B cardinality=360.00K cost=478440
|  |  |  |  |  |  in pipelines: 73(GETNEXT)
|  |  |  |  |  |
|  |  |  |  |  F36:PLAN FRAGMENT [RANDOM] hosts=4 instances=4
|  |  |  |  |  Per-Instance Resources: mem-estimate=16.08MB mem-reservation=512.00KB thread-reservation=1
|  |  |  |  |  max-parallelism=4 segment-costs=[106272]
|  |  |  |  |  73:SCAN HDFS [tpcds_partitioned_parquet_snap.item, RANDOM]
|  |  |  |  |     HDFS partitions=1/1 files=1 size=33.54MB
|  |  |  |  |     stored statistics:
|  |  |  |  |       table: rows=360.00K size=33.54MB
|  |  |  |  |       columns: all
|  |  |  |  |     extrapolated-rows=disabled max-scan-range-rows=101.54K
|  |  |  |  |     mem-estimate=16.00MB mem-reservation=512.00KB thread-reservation=0
|  |  |  |  |     tuple-ids=84 row-size=16B cardinality=360.00K cost=82944
|  |  |  |  |     in pipelines: 73(GETNEXT)
|  |  |  |  |
|  |  |  |  72:SCAN HDFS [tpcds_partitioned_parquet_snap.catalog_sales, RANDOM]
|  |  |  |     HDFS partitions=1831/1831 files=1831 size=280.96GB
|  |  |  |     runtime filters: RF057[min_max] -> tpcds_partitioned_parquet_snap.catalog_sales_2.cs_item_sk
|  |  |  |     stored statistics:
|  |  |  |       table: rows=4.32G size=280.96GB
|  |  |  |       partitions: 1831/1831 rows=4.32G
|  |  |  |       columns: all
|  |  |  |     extrapolated-rows=disabled max-scan-range-rows=21.52M
|  |  |  |     mem-estimate=16.00MB mem-reservation=1.00MB thread-reservation=0
|  |  |  |     tuple-ids=82 row-size=8B cardinality=4.32G(filtered from 4.32G) cost=497672983
|  |  |  |     in pipelines: 72(GETNEXT)
|  |  |  |
|  |  |  133:AGGREGATE [FINALIZE]
|  |  |  |  group by: tpcds_partitioned_parquet_snap.item_5.i_brand_id, tpcds_partitioned_parquet_snap.item_5.i_class_id, tpcds_partitioned_parquet_snap.item_5.i_category_id
|  |  |  |  mem-estimate=10.00MB mem-reservation=4.75MB spill-buffer=256.00KB thread-reservation=0
|  |  |  |  tuple-ids=81 row-size=12B cardinality=149.12K cost=25263984
|  |  |  |  in pipelines: 133(GETNEXT), 66(OPEN)
|  |  |  |
|  |  |  132:EXCHANGE [HASH(tpcds_partitioned_parquet_snap.item_5.i_brand_id,tpcds_partitioned_parquet_snap.item_5.i_class_id,tpcds_partitioned_parquet_snap.item_5.i_category_id)]
|  |  |  |  mem-estimate=11.88MB mem-reservation=0B thread-reservation=0
|  |  |  |  tuple-ids=81 row-size=12B cardinality=17.89M cost=2975838
|  |  |  |  in pipelines: 66(GETNEXT)
|  |  |  |
|  |  |  F31:PLAN FRAGMENT [RANDOM] hosts=10 instances=120
|  |  |  Per-Host Shared Resources: mem-estimate=1.00MB mem-reservation=1.00MB thread-reservation=0 runtime-filters-memory=1.00MB
|  |  |  Per-Instance Resources: mem-estimate=33.50MB mem-reservation=9.00MB thread-reservation=1
|  |  |  max-parallelism=1824 segment-costs=[20502176631, 23047987] cpu-comparison-result=120 [max(120 (self) vs 25 (sum children))]
|  |  |  71:AGGREGATE [STREAMING]
|  |  |  |  group by: tpcds_partitioned_parquet_snap.item_5.i_brand_id, tpcds_partitioned_parquet_snap.item_5.i_class_id, tpcds_partitioned_parquet_snap.item_5.i_category_id
|  |  |  |  mem-estimate=10.00MB mem-reservation=5.00MB spill-buffer=256.00KB thread-reservation=0
|  |  |  |  tuple-ids=81 row-size=12B cardinality=17.89M cost=11947236639
|  |  |  |  in pipelines: 66(GETNEXT)
|  |  |  |
|  |  |  70:HASH JOIN [INNER JOIN, BROADCAST]
|  |  |  |  hash-table-id=14
|  |  |  |  hash predicates: tpcds_partitioned_parquet_snap.store_sales_4.ss_sold_date_sk = tpcds_partitioned_parquet_snap.date_dim_11.d_date_sk
|  |  |  |  fk/pk conjuncts: tpcds_partitioned_parquet_snap.store_sales_4.ss_sold_date_sk = tpcds_partitioned_parquet_snap.date_dim_11.d_date_sk
|  |  |  |  mem-estimate=0B mem-reservation=0B spill-buffer=64.00KB thread-reservation=0
|  |  |  |  tuple-ids=75,77,79 row-size=32B cardinality=8.64G cost=3779809729
|  |  |  |  in pipelines: 66(GETNEXT), 69(OPEN)
|  |  |  |
|  |  |  |--F81:PLAN FRAGMENT [RANDOM] hosts=10 instances=10
|  |  |  |  |  Per-Instance Resources: mem-estimate=23.32MB mem-reservation=23.25MB thread-reservation=1
|  |  |  |  |  max-parallelism=10 segment-costs=[17005]
|  |  |  |  JOIN BUILD
|  |  |  |  |  join-table-id=14 plan-id=15 cohort-id=05
|  |  |  |  |  build expressions: tpcds_partitioned_parquet_snap.date_dim_11.d_date_sk
|  |  |  |  |  mem-estimate=23.25MB mem-reservation=23.25MB spill-buffer=64.00KB thread-reservation=0 cost=7305
|  |  |  |  |
|  |  |  |  131:EXCHANGE [BROADCAST]
|  |  |  |  |  mem-estimate=69.07KB mem-reservation=0B thread-reservation=0
|  |  |  |  |  tuple-ids=79 row-size=8B cardinality=7.30K cost=9700
|  |  |  |  |  in pipelines: 69(GETNEXT)
|  |  |  |  |
|  |  |  |  F33:PLAN FRAGMENT [RANDOM] hosts=1 instances=1
|  |  |  |  Per-Instance Resources: mem-estimate=16.05MB mem-reservation=512.00KB thread-reservation=1
|  |  |  |  max-parallelism=1 segment-costs=[12835]
|  |  |  |  69:SCAN HDFS [tpcds_partitioned_parquet_snap.date_dim, RANDOM]
|  |  |  |     HDFS partitions=1/1 files=1 size=2.17MB
|  |  |  |     predicates: tpcds_partitioned_parquet_snap.date_dim_11.d_year <= add(CAST(1998 AS INT), CAST(2 AS INT)), tpcds_partitioned_parquet_snap.date_dim_11.d_year >= CAST(1998 AS INT)
|  |  |  |     stored statistics:
|  |  |  |       table: rows=73.05K size=2.17MB
|  |  |  |       columns: all
|  |  |  |     extrapolated-rows=disabled max-scan-range-rows=73.05K
|  |  |  |     parquet statistics predicates: tpcds_partitioned_parquet_snap.date_dim_11.d_year <= add(CAST(1998 AS INT), CAST(2 AS INT)), tpcds_partitioned_parquet_snap.date_dim_11.d_year >= CAST(1998 AS INT)
|  |  |  |     parquet dictionary predicates: tpcds_partitioned_parquet_snap.date_dim_11.d_year <= add(CAST(1998 AS INT), CAST(2 AS INT)), tpcds_partitioned_parquet_snap.date_dim_11.d_year >= CAST(1998 AS INT)
|  |  |  |     mem-estimate=16.00MB mem-reservation=512.00KB thread-reservation=0
|  |  |  |     tuple-ids=79 row-size=8B cardinality=7.30K cost=12520
|  |  |  |     in pipelines: 69(GETNEXT)
|  |  |  |
|  |  |  68:HASH JOIN [INNER JOIN, BROADCAST]
|  |  |  |  hash-table-id=15
|  |  |  |  hash predicates: tpcds_partitioned_parquet_snap.store_sales_4.ss_item_sk = tpcds_partitioned_parquet_snap.item_5.i_item_sk
|  |  |  |  fk/pk conjuncts: tpcds_partitioned_parquet_snap.store_sales_4.ss_item_sk = tpcds_partitioned_parquet_snap.item_5.i_item_sk
|  |  |  |  mem-estimate=0B mem-reservation=0B spill-buffer=2.00MB thread-reservation=0
|  |  |  |  tuple-ids=75,77 row-size=24B cardinality=8.64G cost=3779809729
|  |  |  |  in pipelines: 66(GETNEXT), 67(OPEN)
|  |  |  |
|  |  |  |--F82:PLAN FRAGMENT [RANDOM] hosts=10 instances=10
|  |  |  |  |  Per-Instance Resources: mem-estimate=414.57MB mem-reservation=409.00MB thread-reservation=1 runtime-filters-memory=1.00MB
|  |  |  |  |  max-parallelism=10 segment-costs=[838440]
|  |  |  |  JOIN BUILD
|  |  |  |  |  join-table-id=15 plan-id=16 cohort-id=05
|  |  |  |  |  build expressions: tpcds_partitioned_parquet_snap.item_5.i_item_sk
|  |  |  |  |  runtime filters: RF052[bloom] <- tpcds_partitioned_parquet_snap.item_5.i_item_sk, RF053[min_max] <- tpcds_partitioned_parquet_snap.item_5.i_item_sk
|  |  |  |  |  mem-estimate=408.00MB mem-reservation=408.00MB spill-buffer=2.00MB thread-reservation=0 cost=360000
|  |  |  |  |
|  |  |  |  130:EXCHANGE [BROADCAST]
|  |  |  |  |  mem-estimate=5.57MB mem-reservation=0B thread-reservation=0
|  |  |  |  |  tuple-ids=77 row-size=16B cardinality=360.00K cost=478440
|  |  |  |  |  in pipelines: 67(GETNEXT)
|  |  |  |  |
|  |  |  |  F32:PLAN FRAGMENT [RANDOM] hosts=4 instances=4
|  |  |  |  Per-Instance Resources: mem-estimate=16.08MB mem-reservation=512.00KB thread-reservation=1
|  |  |  |  max-parallelism=4 segment-costs=[106272]
|  |  |  |  67:SCAN HDFS [tpcds_partitioned_parquet_snap.item, RANDOM]
|  |  |  |     HDFS partitions=1/1 files=1 size=33.54MB
|  |  |  |     stored statistics:
|  |  |  |       table: rows=360.00K size=33.54MB
|  |  |  |       columns: all
|  |  |  |     extrapolated-rows=disabled max-scan-range-rows=101.54K
|  |  |  |     mem-estimate=16.00MB mem-reservation=512.00KB thread-reservation=0
|  |  |  |     tuple-ids=77 row-size=16B cardinality=360.00K cost=82944
|  |  |  |     in pipelines: 67(GETNEXT)
|  |  |  |
|  |  |  66:SCAN HDFS [tpcds_partitioned_parquet_snap.store_sales, RANDOM]
|  |  |     HDFS partitions=1824/1824 files=1824 size=389.90GB
|  |  |     runtime filters: RF053[min_max] -> tpcds_partitioned_parquet_snap.store_sales_4.ss_item_sk, RF052[bloom] -> tpcds_partitioned_parquet_snap.store_sales_4.ss_item_sk
|  |  |     stored statistics:
|  |  |       table: rows=8.64G size=389.90GB
|  |  |       partitions: 1824/1824 rows=8.64G
|  |  |       columns: all
|  |  |     extrapolated-rows=disabled max-scan-range-rows=390.22M
|  |  |     mem-estimate=16.00MB mem-reservation=4.00MB thread-reservation=0
|  |  |     tuple-ids=75 row-size=8B cardinality=8.64G(filtered from 8.64G) cost=995320534
|  |  |     in pipelines: 66(GETNEXT)
|  |  |
|  |  129:AGGREGATE [FINALIZE]
|  |  |  group by: tpcds_partitioned_parquet_snap.item_7.i_brand_id, tpcds_partitioned_parquet_snap.item_7.i_class_id, tpcds_partitioned_parquet_snap.item_7.i_category_id
|  |  |  mem-estimate=10.00MB mem-reservation=4.75MB spill-buffer=256.00KB thread-reservation=0
|  |  |  tuple-ids=97 row-size=12B cardinality=149.12K cost=25263984
|  |  |  in pipelines: 129(GETNEXT), 79(OPEN)
|  |  |
|  |  128:EXCHANGE [HASH(tpcds_partitioned_parquet_snap.item_7.i_brand_id,tpcds_partitioned_parquet_snap.item_7.i_class_id,tpcds_partitioned_parquet_snap.item_7.i_category_id)]
|  |  |  mem-estimate=11.88MB mem-reservation=0B thread-reservation=0
|  |  |  tuple-ids=97 row-size=12B cardinality=17.89M cost=2975838
|  |  |  in pipelines: 79(GETNEXT)
|  |  |
|  |  F27:PLAN FRAGMENT [RANDOM] hosts=10 instances=120
|  |  Per-Instance Resources: mem-estimate=33.50MB mem-reservation=5.12MB thread-reservation=1
|  |  max-parallelism=520 segment-costs=[5186282830, 23047987] cpu-comparison-result=120 [max(120 (self) vs 25 (sum children))]
|  |  84:AGGREGATE [STREAMING]
|  |  |  group by: tpcds_partitioned_parquet_snap.item_7.i_brand_id, tpcds_partitioned_parquet_snap.item_7.i_class_id, tpcds_partitioned_parquet_snap.item_7.i_category_id
|  |  |  mem-estimate=10.00MB mem-reservation=5.00MB spill-buffer=256.00KB thread-reservation=0
|  |  |  tuple-ids=97 row-size=12B cardinality=17.89M cost=3047563509
|  |  |  in pipelines: 79(GETNEXT)
|  |  |
|  |  83:HASH JOIN [INNER JOIN, BROADCAST]
|  |  |  hash-table-id=12
|  |  |  hash predicates: tpcds_partitioned_parquet_snap.web_sales_2.ws_sold_date_sk = tpcds_partitioned_parquet_snap.date_dim_13.d_date_sk
|  |  |  fk/pk conjuncts: tpcds_partitioned_parquet_snap.web_sales_2.ws_sold_date_sk = tpcds_partitioned_parquet_snap.date_dim_13.d_date_sk
|  |  |  mem-estimate=0B mem-reservation=0B spill-buffer=64.00KB thread-reservation=0
|  |  |  tuple-ids=91,93,95 row-size=32B cardinality=2.16G cost=944945506
|  |  |  in pipelines: 79(GETNEXT), 82(OPEN)
|  |  |
|  |  |--F79:PLAN FRAGMENT [RANDOM] hosts=10 instances=10
|  |  |  |  Per-Instance Resources: mem-estimate=23.32MB mem-reservation=23.25MB thread-reservation=1
|  |  |  |  max-parallelism=10 segment-costs=[17005]
|  |  |  JOIN BUILD
|  |  |  |  join-table-id=12 plan-id=13 cohort-id=05
|  |  |  |  build expressions: tpcds_partitioned_parquet_snap.date_dim_13.d_date_sk
|  |  |  |  mem-estimate=23.25MB mem-reservation=23.25MB spill-buffer=64.00KB thread-reservation=0 cost=7305
|  |  |  |
|  |  |  127:EXCHANGE [BROADCAST]
|  |  |  |  mem-estimate=69.07KB mem-reservation=0B thread-reservation=0
|  |  |  |  tuple-ids=95 row-size=8B cardinality=7.30K cost=9700
|  |  |  |  in pipelines: 82(GETNEXT)
|  |  |  |
|  |  |  F29:PLAN FRAGMENT [RANDOM] hosts=1 instances=1
|  |  |  Per-Instance Resources: mem-estimate=16.05MB mem-reservation=512.00KB thread-reservation=1
|  |  |  max-parallelism=1 segment-costs=[12835]
|  |  |  82:SCAN HDFS [tpcds_partitioned_parquet_snap.date_dim, RANDOM]
|  |  |     HDFS partitions=1/1 files=1 size=2.17MB
|  |  |     predicates: tpcds_partitioned_parquet_snap.date_dim_13.d_year <= add(CAST(1998 AS INT), CAST(2 AS INT)), tpcds_partitioned_parquet_snap.date_dim_13.d_year >= CAST(1998 AS INT)
|  |  |     stored statistics:
|  |  |       table: rows=73.05K size=2.17MB
|  |  |       columns: all
|  |  |     extrapolated-rows=disabled max-scan-range-rows=73.05K
|  |  |     parquet statistics predicates: tpcds_partitioned_parquet_snap.date_dim_13.d_year <= add(CAST(1998 AS INT), CAST(2 AS INT)), tpcds_partitioned_parquet_snap.date_dim_13.d_year >= CAST(1998 AS INT)
|  |  |     parquet dictionary predicates: tpcds_partitioned_parquet_snap.date_dim_13.d_year <= add(CAST(1998 AS INT), CAST(2 AS INT)), tpcds_partitioned_parquet_snap.date_dim_13.d_year >= CAST(1998 AS INT)
|  |  |     mem-estimate=16.00MB mem-reservation=512.00KB thread-reservation=0
|  |  |     tuple-ids=95 row-size=8B cardinality=7.30K cost=12520
|  |  |     in pipelines: 82(GETNEXT)
|  |  |
|  |  81:HASH JOIN [INNER JOIN, BROADCAST]
|  |  |  hash-table-id=13
|  |  |  hash predicates: tpcds_partitioned_parquet_snap.web_sales_2.ws_item_sk = tpcds_partitioned_parquet_snap.item_7.i_item_sk
|  |  |  fk/pk conjuncts: tpcds_partitioned_parquet_snap.web_sales_2.ws_item_sk = tpcds_partitioned_parquet_snap.item_7.i_item_sk
|  |  |  mem-estimate=0B mem-reservation=0B spill-buffer=2.00MB thread-reservation=0
|  |  |  tuple-ids=91,93 row-size=24B cardinality=2.16G cost=944945506
|  |  |  in pipelines: 79(GETNEXT), 80(OPEN)
|  |  |
|  |  |--F80:PLAN FRAGMENT [RANDOM] hosts=10 instances=10
|  |  |  |  Per-Instance Resources: mem-estimate=413.57MB mem-reservation=408.00MB thread-reservation=1
|  |  |  |  max-parallelism=10 segment-costs=[838440]
|  |  |  JOIN BUILD
|  |  |  |  join-table-id=13 plan-id=14 cohort-id=05
|  |  |  |  build expressions: tpcds_partitioned_parquet_snap.item_7.i_item_sk
|  |  |  |  runtime filters: RF049[min_max] <- tpcds_partitioned_parquet_snap.item_7.i_item_sk
|  |  |  |  mem-estimate=408.00MB mem-reservation=408.00MB spill-buffer=2.00MB thread-reservation=0 cost=360000
|  |  |  |
|  |  |  126:EXCHANGE [BROADCAST]
|  |  |  |  mem-estimate=5.57MB mem-reservation=0B thread-reservation=0
|  |  |  |  tuple-ids=93 row-size=16B cardinality=360.00K cost=478440
|  |  |  |  in pipelines: 80(GETNEXT)
|  |  |  |
|  |  |  F28:PLAN FRAGMENT [RANDOM] hosts=4 instances=4
|  |  |  Per-Instance Resources: mem-estimate=16.08MB mem-reservation=512.00KB thread-reservation=1
|  |  |  max-parallelism=4 segment-costs=[106272]
|  |  |  80:SCAN HDFS [tpcds_partitioned_parquet_snap.item, RANDOM]
|  |  |     HDFS partitions=1/1 files=1 size=33.54MB
|  |  |     stored statistics:
|  |  |       table: rows=360.00K size=33.54MB
|  |  |       columns: all
|  |  |     extrapolated-rows=disabled max-scan-range-rows=101.54K
|  |  |     mem-estimate=16.00MB mem-reservation=512.00KB thread-reservation=0
|  |  |     tuple-ids=93 row-size=16B cardinality=360.00K cost=82944
|  |  |     in pipelines: 80(GETNEXT)
|  |  |
|  |  79:SCAN HDFS [tpcds_partitioned_parquet_snap.web_sales, RANDOM]
|  |     HDFS partitions=1824/1824 files=1824 size=145.75GB
|  |     runtime filters: RF049[min_max] -> tpcds_partitioned_parquet_snap.web_sales_2.ws_item_sk
|  |     stored statistics:
|  |       table: rows=2.16G size=145.75GB
|  |       partitions: 1824/1824 rows=2.16G
|  |       columns: all
|  |     extrapolated-rows=disabled max-scan-range-rows=3.37M
|  |     mem-estimate=16.00MB mem-reservation=128.00KB thread-reservation=0
|  |     tuple-ids=91 row-size=8B cardinality=2.16G(filtered from 2.16G) cost=248828309
|  |     in pipelines: 79(GETNEXT)
|  |
|  63:HASH JOIN [INNER JOIN, BROADCAST]
|  |  hash-table-id=18
|  |  hash predicates: tpcds_partitioned_parquet_snap.store_sales_3.ss_sold_date_sk = tpcds_partitioned_parquet_snap.date_dim_10.d_date_sk
|  |  fk/pk conjuncts: tpcds_partitioned_parquet_snap.store_sales_3.ss_sold_date_sk = tpcds_partitioned_parquet_snap.date_dim_10.d_date_sk
|  |  mem-estimate=0B mem-reservation=0B spill-buffer=256.00KB thread-reservation=0
|  |  tuple-ids=69,71,73 row-size=40B cardinality=8.64G(filtered from 8.64G) cost=3779809729
|  |  in pipelines: 59(GETNEXT), 62(OPEN)
|  |
|  |--F85:PLAN FRAGMENT [RANDOM] hosts=10 instances=10
|  |  |  Per-Instance Resources: mem-estimate=57.57MB mem-reservation=57.00MB thread-reservation=1
|  |  |  max-parallelism=10 segment-costs=[170129]
|  |  JOIN BUILD
|  |  |  join-table-id=18 plan-id=19 cohort-id=03
|  |  |  build expressions: tpcds_partitioned_parquet_snap.date_dim_10.d_date_sk
|  |  |  mem-estimate=57.00MB mem-reservation=57.00MB spill-buffer=256.00KB thread-reservation=0 cost=73049
|  |  |
|  |  125:EXCHANGE [BROADCAST]
|  |  |  mem-estimate=582.70KB mem-reservation=0B thread-reservation=0
|  |  |  tuple-ids=73 row-size=8B cardinality=73.05K cost=97080
|  |  |  in pipelines: 62(GETNEXT)
|  |  |
|  |  F26:PLAN FRAGMENT [RANDOM] hosts=1 instances=1
|  |  Per-Host Shared Resources: mem-estimate=1.00MB mem-reservation=1.00MB thread-reservation=0 runtime-filters-memory=1.00MB
|  |  Per-Instance Resources: mem-estimate=16.05MB mem-reservation=512.00KB thread-reservation=1
|  |  max-parallelism=1 segment-costs=[11570]
|  |  62:SCAN HDFS [tpcds_partitioned_parquet_snap.date_dim, RANDOM]
|  |     HDFS partitions=1/1 files=1 size=2.17MB
|  |     runtime filters: RF033[min_max] -> tpcds_partitioned_parquet_snap.date_dim_10.d_week_seq, RF032[bloom] -> tpcds_partitioned_parquet_snap.date_dim_10.d_week_seq
|  |     stored statistics:
|  |       table: rows=73.05K size=2.17MB
|  |       columns: all
|  |     extrapolated-rows=disabled max-scan-range-rows=73.05K
|  |     mem-estimate=16.00MB mem-reservation=512.00KB thread-reservation=0
|  |     tuple-ids=73 row-size=8B cardinality=73.05K cost=8415
|  |     in pipelines: 62(GETNEXT)
|  |
|  61:HASH JOIN [INNER JOIN, BROADCAST]
|  |  hash-table-id=19
|  |  hash predicates: tpcds_partitioned_parquet_snap.store_sales_3.ss_item_sk = tpcds_partitioned_parquet_snap.item_4.i_item_sk
|  |  fk/pk conjuncts: tpcds_partitioned_parquet_snap.store_sales_3.ss_item_sk = tpcds_partitioned_parquet_snap.item_4.i_item_sk
|  |  mem-estimate=0B mem-reservation=0B spill-buffer=2.00MB thread-reservation=0
|  |  tuple-ids=69,71 row-size=32B cardinality=8.64G(filtered from 8.64G) cost=3779809729
|  |  in pipelines: 59(GETNEXT), 60(OPEN)
|  |
|  |--F86:PLAN FRAGMENT [RANDOM] hosts=10 instances=10
|  |  |  Per-Instance Resources: mem-estimate=414.57MB mem-reservation=409.00MB thread-reservation=1 runtime-filters-memory=1.00MB
|  |  |  max-parallelism=10 segment-costs=[838440]
|  |  JOIN BUILD
|  |  |  join-table-id=19 plan-id=20 cohort-id=03
|  |  |  build expressions: tpcds_partitioned_parquet_snap.item_4.i_item_sk
|  |  |  runtime filters: RF038[bloom] <- tpcds_partitioned_parquet_snap.item_4.i_item_sk, RF039[min_max] <- tpcds_partitioned_parquet_snap.item_4.i_item_sk
|  |  |  mem-estimate=408.00MB mem-reservation=408.00MB spill-buffer=2.00MB thread-reservation=0 cost=360000
|  |  |
|  |  124:EXCHANGE [BROADCAST]
|  |  |  mem-estimate=5.57MB mem-reservation=0B thread-reservation=0
|  |  |  tuple-ids=71 row-size=16B cardinality=360.00K cost=478440
|  |  |  in pipelines: 60(GETNEXT)
|  |  |
|  |  F25:PLAN FRAGMENT [RANDOM] hosts=4 instances=4
|  |  Per-Instance Resources: mem-estimate=16.08MB mem-reservation=512.00KB thread-reservation=1
|  |  max-parallelism=4 segment-costs=[106272]
|  |  60:SCAN HDFS [tpcds_partitioned_parquet_snap.item, RANDOM]
|  |     HDFS partitions=1/1 files=1 size=33.54MB
|  |     runtime filters: RF035[min_max] -> tpcds_partitioned_parquet_snap.item_4.i_item_sk
|  |     stored statistics:
|  |       table: rows=360.00K size=33.54MB
|  |       columns: all
|  |     extrapolated-rows=disabled max-scan-range-rows=101.54K
|  |     mem-estimate=16.00MB mem-reservation=512.00KB thread-reservation=0
|  |     tuple-ids=71 row-size=16B cardinality=360.00K cost=82944
|  |     in pipelines: 60(GETNEXT)
|  |
|  59:SCAN HDFS [tpcds_partitioned_parquet_snap.store_sales, RANDOM]
|     HDFS partitions=1824/1824 files=1824 size=389.90GB
|     runtime filters: RF039[min_max] -> tpcds_partitioned_parquet_snap.store_sales_3.ss_item_sk, RF035[min_max] -> tpcds_partitioned_parquet_snap.store_sales_3.ss_item_sk, RF038[bloom] -> tpcds_partitioned_parquet_snap.store_sales_3.ss_item_sk
|     stored statistics:
|       table: rows=8.64G size=389.90GB
|       partitions: 1824/1824 rows=8.64G
|       columns: all
|     extrapolated-rows=disabled max-scan-range-rows=390.22M
|     mem-estimate=16.00MB mem-reservation=8.00MB thread-reservation=0
|     tuple-ids=69 row-size=16B cardinality=8.64G(filtered from 8.64G) cost=1990641068
|     in pipelines: 59(GETNEXT)
|
123:AGGREGATE [FINALIZE]
|  output: sum:merge(multiply(tpcds_partitioned_parquet_snap.store_sales_0.ss_quantity, tpcds_partitioned_parquet_snap.store_sales_0.ss_list_price)), count:merge()
|  group by: tpcds_partitioned_parquet_snap.item.i_brand_id, tpcds_partitioned_parquet_snap.item.i_class_id, tpcds_partitioned_parquet_snap.item.i_category_id
|  mem-estimate=10.00MB mem-reservation=1.94MB spill-buffer=64.00KB thread-reservation=0
|  tuple-ids=52 row-size=36B cardinality=149.12K cost=1820576
|  in pipelines: 123(GETNEXT), 12(OPEN)
|
122:EXCHANGE [HASH(tpcds_partitioned_parquet_snap.item.i_brand_id,tpcds_partitioned_parquet_snap.item.i_class_id,tpcds_partitioned_parquet_snap.item.i_category_id)]
|  mem-estimate=7.41MB mem-reservation=0B thread-reservation=0
|  tuple-ids=52 row-size=36B cardinality=793.08K cost=219445
|  in pipelines: 12(GETNEXT)
|
F00:PLAN FRAGMENT [RANDOM] hosts=10 instances=120
Per-Host Shared Resources: mem-estimate=2.00MB mem-reservation=2.00MB thread-reservation=0 runtime-filters-memory=2.00MB
Per-Instance Resources: mem-estimate=27.56MB mem-reservation=10.00MB thread-reservation=1
max-parallelism=1560 segment-costs=[15548126832, 2247271] cpu-comparison-result=409 [max(120 (self) vs 409 (sum children))]
46:AGGREGATE [STREAMING]
|  output: sum(multiply(CAST(tpcds_partitioned_parquet_snap.store_sales_0.ss_quantity AS DECIMAL(10,0)), tpcds_partitioned_parquet_snap.store_sales_0.ss_list_price)), count()
|  group by: tpcds_partitioned_parquet_snap.item.i_brand_id, tpcds_partitioned_parquet_snap.item.i_class_id, tpcds_partitioned_parquet_snap.item.i_category_id
|  mem-estimate=10.00MB mem-reservation=2.00MB spill-buffer=64.00KB thread-reservation=0
|  tuple-ids=52 row-size=36B cardinality=793.08K cost=4762714
|  in pipelines: 12(GETNEXT)
|
45:HASH JOIN [INNER JOIN, BROADCAST]
|  hash-table-id=20
|  hash predicates: tpcds_partitioned_parquet_snap.date_dim_2.d_week_seq = tpcds_partitioned_parquet_snap.date_dim_6.d_week_seq
|  fk/pk conjuncts: none
|  mem-estimate=0B mem-reservation=0B spill-buffer=64.00KB thread-reservation=0
|  tuple-ids=16,18,20,49,50 row-size=60B cardinality=811.06K cost=2214075859
|  in pipelines: 12(GETNEXT), 44(OPEN)
|
|--F87:PLAN FRAGMENT [RANDOM] hosts=10 instances=10
|  |  Per-Instance Resources: mem-estimate=24.27MB mem-reservation=24.25MB thread-reservation=1 runtime-filters-memory=1.00MB
|  |  max-parallelism=10 segment-costs=[1] cpu-comparison-result=10 [max(10 (self) vs 2 (sum children))]
|  JOIN BUILD
|  |  join-table-id=20 plan-id=21 cohort-id=01
|  |  build expressions: tpcds_partitioned_parquet_snap.date_dim_6.d_week_seq
|  |  runtime filters: RF006[bloom] <- tpcds_partitioned_parquet_snap.date_dim_6.d_week_seq, RF007[min_max] <- tpcds_partitioned_parquet_snap.date_dim_6.d_week_seq
|  |  mem-estimate=23.25MB mem-reservation=23.25MB spill-buffer=64.00KB thread-reservation=0 cost=1
|  |
|  121:EXCHANGE [BROADCAST]
|  |  mem-estimate=16.00KB mem-reservation=0B thread-reservation=0
|  |  tuple-ids=50 row-size=16B cardinality=1 cost=0
|  |  in pipelines: 44(GETNEXT)
|  |
|  F22:PLAN FRAGMENT [UNPARTITIONED] hosts=1 instances=1
|  Per-Instance Resources: mem-estimate=80.00KB mem-reservation=0B thread-reservation=1
|  max-parallelism=1 segment-costs=[5, 0]
|  44:CARDINALITY CHECK
|  |  limit: 1
|  |  mem-estimate=0B mem-reservation=0B thread-reservation=0
|  |  tuple-ids=50 row-size=16B cardinality=1 cost=0
|  |  in pipelines: 44(GETNEXT), 43(OPEN)
|  |
|  120:EXCHANGE [UNPARTITIONED]
|  |  limit: 2
|  |  mem-estimate=16.00KB mem-reservation=0B thread-reservation=0
|  |  tuple-ids=50 row-size=16B cardinality=2 cost=5
|  |  in pipelines: 43(GETNEXT)
|  |
|  F21:PLAN FRAGMENT [RANDOM] hosts=1 instances=1
|  Per-Instance Resources: mem-estimate=16.08MB mem-reservation=512.00KB thread-reservation=1
|  max-parallelism=1 segment-costs=[22991]
|  43:SCAN HDFS [tpcds_partitioned_parquet_snap.date_dim, RANDOM]
|     HDFS partitions=1/1 files=1 size=2.17MB
|     predicates: tpcds_partitioned_parquet_snap.date_dim_6.d_year = CAST(1998 AS INT), tpcds_partitioned_parquet_snap.date_dim_6.d_dom = CAST(20 AS INT), tpcds_partitioned_parquet_snap.date_dim_6.d_moy = CAST(12 AS INT)
|     stored statistics:
|       table: rows=73.05K size=2.17MB
|       columns: all
|     extrapolated-rows=disabled max-scan-range-rows=73.05K
|     parquet statistics predicates: tpcds_partitioned_parquet_snap.date_dim_6.d_year = CAST(1998 AS INT), tpcds_partitioned_parquet_snap.date_dim_6.d_dom = CAST(20 AS INT), tpcds_partitioned_parquet_snap.date_dim_6.d_moy = CAST(12 AS INT)
|     parquet dictionary predicates: tpcds_partitioned_parquet_snap.date_dim_6.d_year = CAST(1998 AS INT), tpcds_partitioned_parquet_snap.date_dim_6.d_dom = CAST(20 AS INT), tpcds_partitioned_parquet_snap.date_dim_6.d_moy = CAST(12 AS INT)
|     limit: 2
|     mem-estimate=16.00MB mem-reservation=512.00KB thread-reservation=0
|     tuple-ids=50 row-size=16B cardinality=29 cost=22988
|     in pipelines: 43(GETNEXT)
|
42:HASH JOIN [INNER JOIN, BROADCAST]
|  hash-table-id=21
|  hash predicates: tpcds_partitioned_parquet_snap.store_sales_0.ss_item_sk = tpcds_partitioned_parquet_snap.item_3.i_item_sk
|  fk/pk conjuncts: tpcds_partitioned_parquet_snap.store_sales_0.ss_item_sk = tpcds_partitioned_parquet_snap.item_3.i_item_sk
|  mem-estimate=0B mem-reservation=0B spill-buffer=1.00MB thread-reservation=0
|  tuple-ids=16,18,20,49 row-size=44B cardinality=8.63G cost=3779027733
|  in pipelines: 12(GETNEXT), 118(OPEN)
|
|--F88:PLAN FRAGMENT [RANDOM] hosts=10 instances=10
|  |  Per-Instance Resources: mem-estimate=206.45MB mem-reservation=205.00MB thread-reservation=1 runtime-filters-memory=1.00MB
|  |  max-parallelism=10 segment-costs=[838440] cpu-comparison-result=374 [max(10 (self) vs 374 (sum children))]
|  JOIN BUILD
|  |  join-table-id=21 plan-id=22 cohort-id=01
|  |  build expressions: tpcds_partitioned_parquet_snap.item_3.i_item_sk
|  |  runtime filters: RF008[bloom] <- tpcds_partitioned_parquet_snap.item_3.i_item_sk, RF009[min_max] <- tpcds_partitioned_parquet_snap.item_3.i_item_sk
|  |  mem-estimate=204.00MB mem-reservation=204.00MB spill-buffer=1.00MB thread-reservation=0 cost=360000
|  |
|  119:EXCHANGE [BROADCAST]
|  |  mem-estimate=1.45MB mem-reservation=0B thread-reservation=0
|  |  tuple-ids=49 row-size=4B cardinality=360.00K cost=478440
|  |  in pipelines: 118(GETNEXT)
|  |
|  F20:PLAN FRAGMENT [HASH(tpcds_partitioned_parquet_snap.item_3.i_item_sk)] hosts=10 instances=10 (adjusted from 120)
|  Per-Instance Resources: mem-estimate=10.25MB mem-reservation=1.94MB thread-reservation=1
|  max-parallelism=10 segment-costs=[1126414, 11664] cpu-comparison-result=374 [max(10 (self) vs 374 (sum children))]
|  118:AGGREGATE [FINALIZE]
|  |  group by: tpcds_partitioned_parquet_snap.item_3.i_item_sk
|  |  mem-estimate=10.00MB mem-reservation=1.94MB spill-buffer=64.00KB thread-reservation=0
|  |  tuple-ids=49 row-size=4B cardinality=360.00K cost=1068777
|  |  in pipelines: 118(GETNEXT), 115(OPEN)
|  |
|  117:EXCHANGE [HASH(tpcds_partitioned_parquet_snap.item_3.i_item_sk)]
|  |  mem-estimate=253.86KB mem-reservation=0B thread-reservation=0
|  |  tuple-ids=49 row-size=4B cardinality=445.08K cost=57637
|  |  in pipelines: 115(GETNEXT)
|  |
|  F18:PLAN FRAGMENT [HASH(BRAND_ID,CLASS_ID,CATEGORY_ID)] hosts=10 instances=10 (adjusted from 120)
|  Per-Instance Resources: mem-estimate=141.67MB mem-reservation=36.00MB thread-reservation=1
|  max-parallelism=10 segment-costs=[2731445, 1487074, 343957] cpu-comparison-result=374 [max(10 (self) vs 374 (sum children))]
|  41:AGGREGATE [STREAMING]
|  |  group by: tpcds_partitioned_parquet_snap.item_3.i_item_sk
|  |  mem-estimate=10.00MB mem-reservation=2.00MB spill-buffer=64.00KB thread-reservation=0
|  |  tuple-ids=49 row-size=4B cardinality=445.08K cost=1291265
|  |  in pipelines: 115(GETNEXT)
|  |
|  40:HASH JOIN [INNER JOIN, PARTITIONED]
|  |  hash-table-id=22
|  |  hash predicates: BRAND_ID = tpcds_partitioned_parquet_snap.item_3.i_brand_id, CATEGORY_ID = tpcds_partitioned_parquet_snap.item_3.i_category_id, CLASS_ID = tpcds_partitioned_parquet_snap.item_3.i_class_id
|  |  fk/pk conjuncts: assumed fk/pk
|  |  mem-estimate=0B mem-reservation=0B spill-buffer=64.00KB thread-reservation=0
|  |  tuple-ids=46,47 row-size=36B cardinality=447.36K cost=195809
|  |  in pipelines: 115(GETNEXT), 39(OPEN)
|  |
|  |--F89:PLAN FRAGMENT [HASH(BRAND_ID,CLASS_ID,CATEGORY_ID)] hosts=10 instances=10 (adjusted from 120)
|  |  |  Per-Instance Resources: mem-estimate=2.15MB mem-reservation=1.94MB thread-reservation=1
|  |  |  max-parallelism=10 segment-costs=[42649]
|  |  JOIN BUILD
|  |  |  join-table-id=22 plan-id=23 cohort-id=06
|  |  |  build expressions: tpcds_partitioned_parquet_snap.item_3.i_brand_id, tpcds_partitioned_parquet_snap.item_3.i_category_id, tpcds_partitioned_parquet_snap.item_3.i_class_id
|  |  |  mem-estimate=1.94MB mem-reservation=1.94MB spill-buffer=64.00KB thread-reservation=0 cost=36000
|  |  |
|  |  116:EXCHANGE [HASH(tpcds_partitioned_parquet_snap.item_3.i_brand_id,tpcds_partitioned_parquet_snap.item_3.i_class_id,tpcds_partitioned_parquet_snap.item_3.i_category_id)]
|  |  |  mem-estimate=220.62KB mem-reservation=0B thread-reservation=0
|  |  |  tuple-ids=47 row-size=16B cardinality=36.00K cost=6649
|  |  |  in pipelines: 39(GETNEXT)
|  |  |
|  |  F19:PLAN FRAGMENT [RANDOM] hosts=4 instances=4
|  |  Per-Instance Resources: mem-estimate=16.78MB mem-reservation=512.00KB thread-reservation=1
|  |  max-parallelism=4 segment-costs=[148701]
|  |  39:SCAN HDFS [tpcds_partitioned_parquet_snap.item, RANDOM]
|  |     HDFS partitions=1/1 files=1 size=33.54MB
|  |     predicates: is_not_null_pred(tpcds_partitioned_parquet_snap.item_3.i_item_sk)
|  |     stored statistics:
|  |       table: rows=360.00K size=33.54MB
|  |       columns: all
|  |     extrapolated-rows=disabled max-scan-range-rows=101.54K
|  |     parquet dictionary predicates: is_not_null_pred(tpcds_partitioned_parquet_snap.item_3.i_item_sk)
|  |     mem-estimate=16.00MB mem-reservation=512.00KB thread-reservation=0
|  |     tuple-ids=47 row-size=16B cardinality=36.00K cost=93060
|  |     in pipelines: 39(GETNEXT)
|  |
|  115:AGGREGATE [FINALIZE]
|  |  output: count:merge()
|  |  group by: BRAND_ID, CLASS_ID, CATEGORY_ID
|  |  having: count() = CAST(2 AS BIGINT)
|  |  mem-estimate=128.00MB mem-reservation=34.00MB spill-buffer=2.00MB thread-reservation=0
|  |  tuple-ids=46 row-size=20B cardinality=447.36K cost=2640587
|  |  in pipelines: 115(GETNEXT), 103(OPEN), 113(OPEN)
|  |
|  114:EXCHANGE [HASH(BRAND_ID,CLASS_ID,CATEGORY_ID)]
|  |  mem-estimate=3.67MB mem-reservation=0B thread-reservation=0
|  |  tuple-ids=46 row-size=20B cardinality=447.36K cost=90858
|  |  in pipelines: 103(GETNEXT), 113(GETNEXT)
|  |
|  F17:PLAN FRAGMENT [RANDOM] hosts=10 instances=120
|  Per-Instance Resources: mem-estimate=260.32MB mem-reservation=68.00MB thread-reservation=1
|  max-parallelism=120 segment-costs=[28239822, 1820963, 2659596, 806679] cpu-comparison-result=360 [max(120 (self) vs 360 (sum children))]
|  38:AGGREGATE [STREAMING]
|  |  output: count()
|  |  group by: BRAND_ID, CLASS_ID, CATEGORY_ID
|  |  mem-estimate=128.00MB mem-reservation=34.00MB spill-buffer=2.00MB thread-reservation=0
|  |  tuple-ids=46 row-size=20B cardinality=447.36K cost=2640587
|  |  in pipelines: 103(GETNEXT), 113(GETNEXT)
|  |
|  17:UNION
|  |  pass-through-operands: 103
|  |  mem-estimate=0B mem-reservation=0B thread-reservation=0
|  |  tuple-ids=45 row-size=12B cardinality=447.36K cost=19009
|  |  in pipelines: 103(GETNEXT), 113(GETNEXT)
|  |
|  |--113:AGGREGATE [FINALIZE]
|  |  |  output: count:merge()
|  |  |  group by: BRAND_ID, CLASS_ID, CATEGORY_ID
|  |  |  having: count() = CAST(2 AS BIGINT)
|  |  |  mem-estimate=128.00MB mem-reservation=34.00MB spill-buffer=2.00MB thread-reservation=0
|  |  |  tuple-ids=37 row-size=20B cardinality=298.24K cost=1760391
|  |  |  in pipelines: 113(GETNEXT), 107(OPEN), 111(OPEN)
|  |  |
|  |  112:EXCHANGE [HASH(BRAND_ID,CLASS_ID,CATEGORY_ID)]
|  |  |  mem-estimate=3.38MB mem-reservation=0B thread-reservation=0
|  |  |  tuple-ids=37 row-size=20B cardinality=298.24K cost=60572
|  |  |  in pipelines: 107(GETNEXT), 111(GETNEXT)
|  |  |
|  |  F15:PLAN FRAGMENT [RANDOM] hosts=10 instances=120
|  |  Per-Instance Resources: mem-estimate=161.12MB mem-reservation=38.75MB thread-reservation=1
|  |  max-parallelism=120 segment-costs=[28239822, 28239822, 1760391, 537786] cpu-comparison-result=240 [max(120 (self) vs 240 (sum children))]
|  |  31:AGGREGATE [STREAMING]
|  |  |  output: count()
|  |  |  group by: BRAND_ID, CLASS_ID, CATEGORY_ID
|  |  |  mem-estimate=128.00MB mem-reservation=34.00MB spill-buffer=2.00MB thread-reservation=0
|  |  |  tuple-ids=37 row-size=20B cardinality=298.24K cost=1760391
|  |  |  in pipelines: 107(GETNEXT), 111(GETNEXT)
|  |  |
|  |  18:UNION
|  |  |  pass-through-operands: all
|  |  |  mem-estimate=0B mem-reservation=0B thread-reservation=0
|  |  |  tuple-ids=36 row-size=12B cardinality=298.24K cost=0
|  |  |  in pipelines: 107(GETNEXT), 111(GETNEXT)
|  |  |
|  |  |--111:AGGREGATE [FINALIZE]
|  |  |  |  group by: tpcds_partitioned_parquet_snap.item_1.i_brand_id, tpcds_partitioned_parquet_snap.item_1.i_class_id, tpcds_partitioned_parquet_snap.item_1.i_category_id
|  |  |  |  mem-estimate=10.00MB mem-reservation=4.75MB spill-buffer=256.00KB thread-reservation=0
|  |  |  |  tuple-ids=35 row-size=12B cardinality=149.12K cost=25263984
|  |  |  |  in pipelines: 111(GETNEXT), 25(OPEN)
|  |  |  |
|  |  |  110:EXCHANGE [HASH(tpcds_partitioned_parquet_snap.item_1.i_brand_id,tpcds_partitioned_parquet_snap.item_1.i_class_id,tpcds_partitioned_parquet_snap.item_1.i_category_id)]
|  |  |  |  mem-estimate=11.88MB mem-reservation=0B thread-reservation=0
|  |  |  |  tuple-ids=35 row-size=12B cardinality=17.89M cost=2975838
|  |  |  |  in pipelines: 25(GETNEXT)
|  |  |  |
|  |  |  F11:PLAN FRAGMENT [RANDOM] hosts=10 instances=120
|  |  |  Per-Instance Resources: mem-estimate=33.50MB mem-reservation=6.00MB thread-reservation=1
|  |  |  max-parallelism=1030 segment-costs=[10291866608, 23047987] cpu-comparison-result=120 [max(120 (self) vs 25 (sum children))]
|  |  |  30:AGGREGATE [STREAMING]
|  |  |  |  group by: tpcds_partitioned_parquet_snap.item_1.i_brand_id, tpcds_partitioned_parquet_snap.item_1.i_class_id, tpcds_partitioned_parquet_snap.item_1.i_category_id
|  |  |  |  mem-estimate=10.00MB mem-reservation=5.00MB spill-buffer=256.00KB thread-reservation=0
|  |  |  |  tuple-ids=35 row-size=12B cardinality=17.89M cost=6014287315
|  |  |  |  in pipelines: 25(GETNEXT)
|  |  |  |
|  |  |  29:HASH JOIN [INNER JOIN, BROADCAST]
|  |  |  |  hash-table-id=27
|  |  |  |  hash predicates: tpcds_partitioned_parquet_snap.catalog_sales_0.cs_sold_date_sk = tpcds_partitioned_parquet_snap.date_dim_4.d_date_sk
|  |  |  |  fk/pk conjuncts: tpcds_partitioned_parquet_snap.catalog_sales_0.cs_sold_date_sk = tpcds_partitioned_parquet_snap.date_dim_4.d_date_sk
|  |  |  |  mem-estimate=0B mem-reservation=0B spill-buffer=64.00KB thread-reservation=0
|  |  |  |  tuple-ids=29,31,33 row-size=32B cardinality=4.32G cost=1889953155
|  |  |  |  in pipelines: 25(GETNEXT), 28(OPEN)
|  |  |  |
|  |  |  |--F94:PLAN FRAGMENT [RANDOM] hosts=10 instances=10
|  |  |  |  |  Per-Instance Resources: mem-estimate=23.32MB mem-reservation=23.25MB thread-reservation=1
|  |  |  |  |  max-parallelism=10 segment-costs=[17005]
|  |  |  |  JOIN BUILD
|  |  |  |  |  join-table-id=27 plan-id=28 cohort-id=06
|  |  |  |  |  build expressions: tpcds_partitioned_parquet_snap.date_dim_4.d_date_sk
|  |  |  |  |  mem-estimate=23.25MB mem-reservation=23.25MB spill-buffer=64.00KB thread-reservation=0 cost=7305
|  |  |  |  |
|  |  |  |  109:EXCHANGE [BROADCAST]
|  |  |  |  |  mem-estimate=69.07KB mem-reservation=0B thread-reservation=0
|  |  |  |  |  tuple-ids=33 row-size=8B cardinality=7.30K cost=9700
|  |  |  |  |  in pipelines: 28(GETNEXT)
|  |  |  |  |
|  |  |  |  F13:PLAN FRAGMENT [RANDOM] hosts=1 instances=1
|  |  |  |  Per-Instance Resources: mem-estimate=16.05MB mem-reservation=512.00KB thread-reservation=1
|  |  |  |  max-parallelism=1 segment-costs=[12835]
|  |  |  |  28:SCAN HDFS [tpcds_partitioned_parquet_snap.date_dim, RANDOM]
|  |  |  |     HDFS partitions=1/1 files=1 size=2.17MB
|  |  |  |     predicates: tpcds_partitioned_parquet_snap.date_dim_4.d_year <= add(CAST(1998 AS INT), CAST(2 AS INT)), tpcds_partitioned_parquet_snap.date_dim_4.d_year >= CAST(1998 AS INT)
|  |  |  |     stored statistics:
|  |  |  |       table: rows=73.05K size=2.17MB
|  |  |  |       columns: all
|  |  |  |     extrapolated-rows=disabled max-scan-range-rows=73.05K
|  |  |  |     parquet statistics predicates: tpcds_partitioned_parquet_snap.date_dim_4.d_year <= add(CAST(1998 AS INT), CAST(2 AS INT)), tpcds_partitioned_parquet_snap.date_dim_4.d_year >= CAST(1998 AS INT)
|  |  |  |     parquet dictionary predicates: tpcds_partitioned_parquet_snap.date_dim_4.d_year <= add(CAST(1998 AS INT), CAST(2 AS INT)), tpcds_partitioned_parquet_snap.date_dim_4.d_year >= CAST(1998 AS INT)
|  |  |  |     mem-estimate=16.00MB mem-reservation=512.00KB thread-reservation=0
|  |  |  |     tuple-ids=33 row-size=8B cardinality=7.30K cost=12520
|  |  |  |     in pipelines: 28(GETNEXT)
|  |  |  |
|  |  |  27:HASH JOIN [INNER JOIN, BROADCAST]
|  |  |  |  hash-table-id=28
|  |  |  |  hash predicates: tpcds_partitioned_parquet_snap.catalog_sales_0.cs_item_sk = tpcds_partitioned_parquet_snap.item_1.i_item_sk
|  |  |  |  fk/pk conjuncts: tpcds_partitioned_parquet_snap.catalog_sales_0.cs_item_sk = tpcds_partitioned_parquet_snap.item_1.i_item_sk
|  |  |  |  mem-estimate=0B mem-reservation=0B spill-buffer=2.00MB thread-reservation=0
|  |  |  |  tuple-ids=29,31 row-size=24B cardinality=4.32G cost=1889953155
|  |  |  |  in pipelines: 25(GETNEXT), 26(OPEN)
|  |  |  |
|  |  |  |--F95:PLAN FRAGMENT [RANDOM] hosts=10 instances=10
|  |  |  |  |  Per-Instance Resources: mem-estimate=413.57MB mem-reservation=408.00MB thread-reservation=1
|  |  |  |  |  max-parallelism=10 segment-costs=[838440]
|  |  |  |  JOIN BUILD
|  |  |  |  |  join-table-id=28 plan-id=29 cohort-id=06
|  |  |  |  |  build expressions: tpcds_partitioned_parquet_snap.item_1.i_item_sk
|  |  |  |  |  runtime filters: RF031[min_max] <- tpcds_partitioned_parquet_snap.item_1.i_item_sk
|  |  |  |  |  mem-estimate=408.00MB mem-reservation=408.00MB spill-buffer=2.00MB thread-reservation=0 cost=360000
|  |  |  |  |
|  |  |  |  108:EXCHANGE [BROADCAST]
|  |  |  |  |  mem-estimate=5.57MB mem-reservation=0B thread-reservation=0
|  |  |  |  |  tuple-ids=31 row-size=16B cardinality=360.00K cost=478440
|  |  |  |  |  in pipelines: 26(GETNEXT)
|  |  |  |  |
|  |  |  |  F12:PLAN FRAGMENT [RANDOM] hosts=4 instances=4
|  |  |  |  Per-Instance Resources: mem-estimate=16.08MB mem-reservation=512.00KB thread-reservation=1
|  |  |  |  max-parallelism=4 segment-costs=[106272]
|  |  |  |  26:SCAN HDFS [tpcds_partitioned_parquet_snap.item, RANDOM]
|  |  |  |     HDFS partitions=1/1 files=1 size=33.54MB
|  |  |  |     stored statistics:
|  |  |  |       table: rows=360.00K size=33.54MB
|  |  |  |       columns: all
|  |  |  |     extrapolated-rows=disabled max-scan-range-rows=101.54K
|  |  |  |     mem-estimate=16.00MB mem-reservation=512.00KB thread-reservation=0
|  |  |  |     tuple-ids=31 row-size=16B cardinality=360.00K cost=82944
|  |  |  |     in pipelines: 26(GETNEXT)
|  |  |  |
|  |  |  25:SCAN HDFS [tpcds_partitioned_parquet_snap.catalog_sales, RANDOM]
|  |  |     HDFS partitions=1831/1831 files=1831 size=280.96GB
|  |  |     runtime filters: RF031[min_max] -> tpcds_partitioned_parquet_snap.catalog_sales_0.cs_item_sk
|  |  |     stored statistics:
|  |  |       table: rows=4.32G size=280.96GB
|  |  |       partitions: 1831/1831 rows=4.32G
|  |  |       columns: all
|  |  |     extrapolated-rows=disabled max-scan-range-rows=21.52M
|  |  |     mem-estimate=16.00MB mem-reservation=1.00MB thread-reservation=0
|  |  |     tuple-ids=29 row-size=8B cardinality=4.32G(filtered from 4.32G) cost=497672983
|  |  |     in pipelines: 25(GETNEXT)
|  |  |
|  |  107:AGGREGATE [FINALIZE]
|  |  |  group by: tpcds_partitioned_parquet_snap.item_0.i_brand_id, tpcds_partitioned_parquet_snap.item_0.i_class_id, tpcds_partitioned_parquet_snap.item_0.i_category_id
|  |  |  mem-estimate=10.00MB mem-reservation=4.75MB spill-buffer=256.00KB thread-reservation=0
|  |  |  tuple-ids=28 row-size=12B cardinality=149.12K cost=25263984
|  |  |  in pipelines: 107(GETNEXT), 19(OPEN)
|  |  |
|  |  106:EXCHANGE [HASH(tpcds_partitioned_parquet_snap.item_0.i_brand_id,tpcds_partitioned_parquet_snap.item_0.i_class_id,tpcds_partitioned_parquet_snap.item_0.i_category_id)]
|  |  |  mem-estimate=11.88MB mem-reservation=0B thread-reservation=0
|  |  |  tuple-ids=28 row-size=12B cardinality=17.89M cost=2975838
|  |  |  in pipelines: 19(GETNEXT)
|  |  |
|  |  F07:PLAN FRAGMENT [RANDOM] hosts=10 instances=120
|  |  Per-Host Shared Resources: mem-estimate=1.00MB mem-reservation=1.00MB thread-reservation=0 runtime-filters-memory=1.00MB
|  |  Per-Instance Resources: mem-estimate=33.50MB mem-reservation=9.00MB thread-reservation=1
|  |  max-parallelism=1824 segment-costs=[20502176631, 23047987] cpu-comparison-result=120 [max(120 (self) vs 25 (sum children))]
|  |  24:AGGREGATE [STREAMING]
|  |  |  group by: tpcds_partitioned_parquet_snap.item_0.i_brand_id, tpcds_partitioned_parquet_snap.item_0.i_class_id, tpcds_partitioned_parquet_snap.item_0.i_category_id
|  |  |  mem-estimate=10.00MB mem-reservation=5.00MB spill-buffer=256.00KB thread-reservation=0
|  |  |  tuple-ids=28 row-size=12B cardinality=17.89M cost=11947236639
|  |  |  in pipelines: 19(GETNEXT)
|  |  |
|  |  23:HASH JOIN [INNER JOIN, BROADCAST]
|  |  |  hash-table-id=25
|  |  |  hash predicates: tpcds_partitioned_parquet_snap.store_sales_1.ss_sold_date_sk = tpcds_partitioned_parquet_snap.date_dim_3.d_date_sk
|  |  |  fk/pk conjuncts: tpcds_partitioned_parquet_snap.store_sales_1.ss_sold_date_sk = tpcds_partitioned_parquet_snap.date_dim_3.d_date_sk
|  |  |  mem-estimate=0B mem-reservation=0B spill-buffer=64.00KB thread-reservation=0
|  |  |  tuple-ids=22,24,26 row-size=32B cardinality=8.64G cost=3779809729
|  |  |  in pipelines: 19(GETNEXT), 22(OPEN)
|  |  |
|  |  |--F92:PLAN FRAGMENT [RANDOM] hosts=10 instances=10
|  |  |  |  Per-Instance Resources: mem-estimate=23.32MB mem-reservation=23.25MB thread-reservation=1
|  |  |  |  max-parallelism=10 segment-costs=[17005]
|  |  |  JOIN BUILD
|  |  |  |  join-table-id=25 plan-id=26 cohort-id=06
|  |  |  |  build expressions: tpcds_partitioned_parquet_snap.date_dim_3.d_date_sk
|  |  |  |  mem-estimate=23.25MB mem-reservation=23.25MB spill-buffer=64.00KB thread-reservation=0 cost=7305
|  |  |  |
|  |  |  105:EXCHANGE [BROADCAST]
|  |  |  |  mem-estimate=69.07KB mem-reservation=0B thread-reservation=0
|  |  |  |  tuple-ids=26 row-size=8B cardinality=7.30K cost=9700
|  |  |  |  in pipelines: 22(GETNEXT)
|  |  |  |
|  |  |  F09:PLAN FRAGMENT [RANDOM] hosts=1 instances=1
|  |  |  Per-Instance Resources: mem-estimate=16.05MB mem-reservation=512.00KB thread-reservation=1
|  |  |  max-parallelism=1 segment-costs=[12835]
|  |  |  22:SCAN HDFS [tpcds_partitioned_parquet_snap.date_dim, RANDOM]
|  |  |     HDFS partitions=1/1 files=1 size=2.17MB
|  |  |     predicates: tpcds_partitioned_parquet_snap.date_dim_3.d_year <= add(CAST(1998 AS INT), CAST(2 AS INT)), tpcds_partitioned_parquet_snap.date_dim_3.d_year >= CAST(1998 AS INT)
|  |  |     stored statistics:
|  |  |       table: rows=73.05K size=2.17MB
|  |  |       columns: all
|  |  |     extrapolated-rows=disabled max-scan-range-rows=73.05K
|  |  |     parquet statistics predicates: tpcds_partitioned_parquet_snap.date_dim_3.d_year <= add(CAST(1998 AS INT), CAST(2 AS INT)), tpcds_partitioned_parquet_snap.date_dim_3.d_year >= CAST(1998 AS INT)
|  |  |     parquet dictionary predicates: tpcds_partitioned_parquet_snap.date_dim_3.d_year <= add(CAST(1998 AS INT), CAST(2 AS INT)), tpcds_partitioned_parquet_snap.date_dim_3.d_year >= CAST(1998 AS INT)
|  |  |     mem-estimate=16.00MB mem-reservation=512.00KB thread-reservation=0
|  |  |     tuple-ids=26 row-size=8B cardinality=7.30K cost=12520
|  |  |     in pipelines: 22(GETNEXT)
|  |  |
|  |  21:HASH JOIN [INNER JOIN, BROADCAST]
|  |  |  hash-table-id=26
|  |  |  hash predicates: tpcds_partitioned_parquet_snap.store_sales_1.ss_item_sk = tpcds_partitioned_parquet_snap.item_0.i_item_sk
|  |  |  fk/pk conjuncts: tpcds_partitioned_parquet_snap.store_sales_1.ss_item_sk = tpcds_partitioned_parquet_snap.item_0.i_item_sk
|  |  |  mem-estimate=0B mem-reservation=0B spill-buffer=2.00MB thread-reservation=0
|  |  |  tuple-ids=22,24 row-size=24B cardinality=8.64G cost=3779809729
|  |  |  in pipelines: 19(GETNEXT), 20(OPEN)
|  |  |
|  |  |--F93:PLAN FRAGMENT [RANDOM] hosts=10 instances=10
|  |  |  |  Per-Instance Resources: mem-estimate=414.57MB mem-reservation=409.00MB thread-reservation=1 runtime-filters-memory=1.00MB
|  |  |  |  max-parallelism=10 segment-costs=[838440]
|  |  |  JOIN BUILD
|  |  |  |  join-table-id=26 plan-id=27 cohort-id=06
|  |  |  |  build expressions: tpcds_partitioned_parquet_snap.item_0.i_item_sk
|  |  |  |  runtime filters: RF026[bloom] <- tpcds_partitioned_parquet_snap.item_0.i_item_sk, RF027[min_max] <- tpcds_partitioned_parquet_snap.item_0.i_item_sk
|  |  |  |  mem-estimate=408.00MB mem-reservation=408.00MB spill-buffer=2.00MB thread-reservation=0 cost=360000
|  |  |  |
|  |  |  104:EXCHANGE [BROADCAST]
|  |  |  |  mem-estimate=5.57MB mem-reservation=0B thread-reservation=0
|  |  |  |  tuple-ids=24 row-size=16B cardinality=360.00K cost=478440
|  |  |  |  in pipelines: 20(GETNEXT)
|  |  |  |
|  |  |  F08:PLAN FRAGMENT [RANDOM] hosts=4 instances=4
|  |  |  Per-Instance Resources: mem-estimate=16.08MB mem-reservation=512.00KB thread-reservation=1
|  |  |  max-parallelism=4 segment-costs=[106272]
|  |  |  20:SCAN HDFS [tpcds_partitioned_parquet_snap.item, RANDOM]
|  |  |     HDFS partitions=1/1 files=1 size=33.54MB
|  |  |     stored statistics:
|  |  |       table: rows=360.00K size=33.54MB
|  |  |       columns: all
|  |  |     extrapolated-rows=disabled max-scan-range-rows=101.54K
|  |  |     mem-estimate=16.00MB mem-reservation=512.00KB thread-reservation=0
|  |  |     tuple-ids=24 row-size=16B cardinality=360.00K cost=82944
|  |  |     in pipelines: 20(GETNEXT)
|  |  |
|  |  19:SCAN HDFS [tpcds_partitioned_parquet_snap.store_sales, RANDOM]
|  |     HDFS partitions=1824/1824 files=1824 size=389.90GB
|  |     runtime filters: RF027[min_max] -> tpcds_partitioned_parquet_snap.store_sales_1.ss_item_sk, RF026[bloom] -> tpcds_partitioned_parquet_snap.store_sales_1.ss_item_sk
|  |     stored statistics:
|  |       table: rows=8.64G size=389.90GB
|  |       partitions: 1824/1824 rows=8.64G
|  |       columns: all
|  |     extrapolated-rows=disabled max-scan-range-rows=390.22M
|  |     mem-estimate=16.00MB mem-reservation=4.00MB thread-reservation=0
|  |     tuple-ids=22 row-size=8B cardinality=8.64G(filtered from 8.64G) cost=995320534
|  |     in pipelines: 19(GETNEXT)
|  |
|  103:AGGREGATE [FINALIZE]
|  |  group by: tpcds_partitioned_parquet_snap.item_2.i_brand_id, tpcds_partitioned_parquet_snap.item_2.i_class_id, tpcds_partitioned_parquet_snap.item_2.i_category_id
|  |  mem-estimate=10.00MB mem-reservation=4.75MB spill-buffer=256.00KB thread-reservation=0
|  |  tuple-ids=44 row-size=12B cardinality=149.12K cost=25263984
|  |  in pipelines: 103(GETNEXT), 32(OPEN)
|  |
|  102:EXCHANGE [HASH(tpcds_partitioned_parquet_snap.item_2.i_brand_id,tpcds_partitioned_parquet_snap.item_2.i_class_id,tpcds_partitioned_parquet_snap.item_2.i_category_id)]
|  |  mem-estimate=11.88MB mem-reservation=0B thread-reservation=0
|  |  tuple-ids=44 row-size=12B cardinality=17.89M cost=2975838
|  |  in pipelines: 32(GETNEXT)
|  |
|  F03:PLAN FRAGMENT [RANDOM] hosts=10 instances=120
|  Per-Instance Resources: mem-estimate=33.50MB mem-reservation=5.12MB thread-reservation=1
|  max-parallelism=520 segment-costs=[5186282830, 23047987] cpu-comparison-result=120 [max(120 (self) vs 25 (sum children))]
|  37:AGGREGATE [STREAMING]
|  |  group by: tpcds_partitioned_parquet_snap.item_2.i_brand_id, tpcds_partitioned_parquet_snap.item_2.i_class_id, tpcds_partitioned_parquet_snap.item_2.i_category_id
|  |  mem-estimate=10.00MB mem-reservation=5.00MB spill-buffer=256.00KB thread-reservation=0
|  |  tuple-ids=44 row-size=12B cardinality=17.89M cost=3047563509
|  |  in pipelines: 32(GETNEXT)
|  |
|  36:HASH JOIN [INNER JOIN, BROADCAST]
|  |  hash-table-id=23
|  |  hash predicates: tpcds_partitioned_parquet_snap.web_sales_0.ws_sold_date_sk = tpcds_partitioned_parquet_snap.date_dim_5.d_date_sk
|  |  fk/pk conjuncts: tpcds_partitioned_parquet_snap.web_sales_0.ws_sold_date_sk = tpcds_partitioned_parquet_snap.date_dim_5.d_date_sk
|  |  mem-estimate=0B mem-reservation=0B spill-buffer=64.00KB thread-reservation=0
|  |  tuple-ids=38,40,42 row-size=32B cardinality=2.16G cost=944945506
|  |  in pipelines: 32(GETNEXT), 35(OPEN)
|  |
|  |--F90:PLAN FRAGMENT [RANDOM] hosts=10 instances=10
|  |  |  Per-Instance Resources: mem-estimate=23.32MB mem-reservation=23.25MB thread-reservation=1
|  |  |  max-parallelism=10 segment-costs=[17005]
|  |  JOIN BUILD
|  |  |  join-table-id=23 plan-id=24 cohort-id=06
|  |  |  build expressions: tpcds_partitioned_parquet_snap.date_dim_5.d_date_sk
|  |  |  mem-estimate=23.25MB mem-reservation=23.25MB spill-buffer=64.00KB thread-reservation=0 cost=7305
|  |  |
|  |  101:EXCHANGE [BROADCAST]
|  |  |  mem-estimate=69.07KB mem-reservation=0B thread-reservation=0
|  |  |  tuple-ids=42 row-size=8B cardinality=7.30K cost=9700
|  |  |  in pipelines: 35(GETNEXT)
|  |  |
|  |  F05:PLAN FRAGMENT [RANDOM] hosts=1 instances=1
|  |  Per-Instance Resources: mem-estimate=16.05MB mem-reservation=512.00KB thread-reservation=1
|  |  max-parallelism=1 segment-costs=[12835]
|  |  35:SCAN HDFS [tpcds_partitioned_parquet_snap.date_dim, RANDOM]
|  |     HDFS partitions=1/1 files=1 size=2.17MB
|  |     predicates: tpcds_partitioned_parquet_snap.date_dim_5.d_year <= add(CAST(1998 AS INT), CAST(2 AS INT)), tpcds_partitioned_parquet_snap.date_dim_5.d_year >= CAST(1998 AS INT)
|  |     stored statistics:
|  |       table: rows=73.05K size=2.17MB
|  |       columns: all
|  |     extrapolated-rows=disabled max-scan-range-rows=73.05K
|  |     parquet statistics predicates: tpcds_partitioned_parquet_snap.date_dim_5.d_year <= add(CAST(1998 AS INT), CAST(2 AS INT)), tpcds_partitioned_parquet_snap.date_dim_5.d_year >= CAST(1998 AS INT)
|  |     parquet dictionary predicates: tpcds_partitioned_parquet_snap.date_dim_5.d_year <= add(CAST(1998 AS INT), CAST(2 AS INT)), tpcds_partitioned_parquet_snap.date_dim_5.d_year >= CAST(1998 AS INT)
|  |     mem-estimate=16.00MB mem-reservation=512.00KB thread-reservation=0
|  |     tuple-ids=42 row-size=8B cardinality=7.30K cost=12520
|  |     in pipelines: 35(GETNEXT)
|  |
|  34:HASH JOIN [INNER JOIN, BROADCAST]
|  |  hash-table-id=24
|  |  hash predicates: tpcds_partitioned_parquet_snap.web_sales_0.ws_item_sk = tpcds_partitioned_parquet_snap.item_2.i_item_sk
|  |  fk/pk conjuncts: tpcds_partitioned_parquet_snap.web_sales_0.ws_item_sk = tpcds_partitioned_parquet_snap.item_2.i_item_sk
|  |  mem-estimate=0B mem-reservation=0B spill-buffer=2.00MB thread-reservation=0
|  |  tuple-ids=38,40 row-size=24B cardinality=2.16G cost=944945506
|  |  in pipelines: 32(GETNEXT), 33(OPEN)
|  |
|  |--F91:PLAN FRAGMENT [RANDOM] hosts=10 instances=10
|  |  |  Per-Instance Resources: mem-estimate=413.57MB mem-reservation=408.00MB thread-reservation=1
|  |  |  max-parallelism=10 segment-costs=[838440]
|  |  JOIN BUILD
|  |  |  join-table-id=24 plan-id=25 cohort-id=06
|  |  |  build expressions: tpcds_partitioned_parquet_snap.item_2.i_item_sk
|  |  |  runtime filters: RF023[min_max] <- tpcds_partitioned_parquet_snap.item_2.i_item_sk
|  |  |  mem-estimate=408.00MB mem-reservation=408.00MB spill-buffer=2.00MB thread-reservation=0 cost=360000
|  |  |
|  |  100:EXCHANGE [BROADCAST]
|  |  |  mem-estimate=5.57MB mem-reservation=0B thread-reservation=0
|  |  |  tuple-ids=40 row-size=16B cardinality=360.00K cost=478440
|  |  |  in pipelines: 33(GETNEXT)
|  |  |
|  |  F04:PLAN FRAGMENT [RANDOM] hosts=4 instances=4
|  |  Per-Instance Resources: mem-estimate=16.08MB mem-reservation=512.00KB thread-reservation=1
|  |  max-parallelism=4 segment-costs=[106272]
|  |  33:SCAN HDFS [tpcds_partitioned_parquet_snap.item, RANDOM]
|  |     HDFS partitions=1/1 files=1 size=33.54MB
|  |     stored statistics:
|  |       table: rows=360.00K size=33.54MB
|  |       columns: all
|  |     extrapolated-rows=disabled max-scan-range-rows=101.54K
|  |     mem-estimate=16.00MB mem-reservation=512.00KB thread-reservation=0
|  |     tuple-ids=40 row-size=16B cardinality=360.00K cost=82944
|  |     in pipelines: 33(GETNEXT)
|  |
|  32:SCAN HDFS [tpcds_partitioned_parquet_snap.web_sales, RANDOM]
|     HDFS partitions=1824/1824 files=1824 size=145.75GB
|     runtime filters: RF023[min_max] -> tpcds_partitioned_parquet_snap.web_sales_0.ws_item_sk
|     stored statistics:
|       table: rows=2.16G size=145.75GB
|       partitions: 1824/1824 rows=2.16G
|       columns: all
|     extrapolated-rows=disabled max-scan-range-rows=3.37M
|     mem-estimate=16.00MB mem-reservation=128.00KB thread-reservation=0
|     tuple-ids=38 row-size=8B cardinality=2.16G(filtered from 2.16G) cost=248828309
|     in pipelines: 32(GETNEXT)
|
16:HASH JOIN [INNER JOIN, BROADCAST]
|  hash-table-id=29
|  hash predicates: tpcds_partitioned_parquet_snap.store_sales_0.ss_sold_date_sk = tpcds_partitioned_parquet_snap.date_dim_2.d_date_sk
|  fk/pk conjuncts: tpcds_partitioned_parquet_snap.store_sales_0.ss_sold_date_sk = tpcds_partitioned_parquet_snap.date_dim_2.d_date_sk
|  mem-estimate=0B mem-reservation=0B spill-buffer=256.00KB thread-reservation=0
|  tuple-ids=16,18,20 row-size=40B cardinality=8.64G(filtered from 8.64G) cost=3779809729
|  in pipelines: 12(GETNEXT), 15(OPEN)
|
|--F96:PLAN FRAGMENT [RANDOM] hosts=10 instances=10
|  |  Per-Instance Resources: mem-estimate=57.57MB mem-reservation=57.00MB thread-reservation=1
|  |  max-parallelism=10 segment-costs=[170129]
|  JOIN BUILD
|  |  join-table-id=29 plan-id=30 cohort-id=01
|  |  build expressions: tpcds_partitioned_parquet_snap.date_dim_2.d_date_sk
|  |  mem-estimate=57.00MB mem-reservation=57.00MB spill-buffer=256.00KB thread-reservation=0 cost=73049
|  |
|  99:EXCHANGE [BROADCAST]
|  |  mem-estimate=582.70KB mem-reservation=0B thread-reservation=0
|  |  tuple-ids=20 row-size=8B cardinality=73.05K cost=97080
|  |  in pipelines: 15(GETNEXT)
|  |
|  F02:PLAN FRAGMENT [RANDOM] hosts=1 instances=1
|  Per-Host Shared Resources: mem-estimate=1.00MB mem-reservation=1.00MB thread-reservation=0 runtime-filters-memory=1.00MB
|  Per-Instance Resources: mem-estimate=16.05MB mem-reservation=512.00KB thread-reservation=1
|  max-parallelism=1 segment-costs=[11570]
|  15:SCAN HDFS [tpcds_partitioned_parquet_snap.date_dim, RANDOM]
|     HDFS partitions=1/1 files=1 size=2.17MB
|     runtime filters: RF007[min_max] -> tpcds_partitioned_parquet_snap.date_dim_2.d_week_seq, RF006[bloom] -> tpcds_partitioned_parquet_snap.date_dim_2.d_week_seq
|     stored statistics:
|       table: rows=73.05K size=2.17MB
|       columns: all
|     extrapolated-rows=disabled max-scan-range-rows=73.05K
|     mem-estimate=16.00MB mem-reservation=512.00KB thread-reservation=0
|     tuple-ids=20 row-size=8B cardinality=73.05K cost=8415
|     in pipelines: 15(GETNEXT)
|
14:HASH JOIN [INNER JOIN, BROADCAST]
|  hash-table-id=30
|  hash predicates: tpcds_partitioned_parquet_snap.store_sales_0.ss_item_sk = tpcds_partitioned_parquet_snap.item.i_item_sk
|  fk/pk conjuncts: tpcds_partitioned_parquet_snap.store_sales_0.ss_item_sk = tpcds_partitioned_parquet_snap.item.i_item_sk
|  mem-estimate=0B mem-reservation=0B spill-buffer=2.00MB thread-reservation=0
|  tuple-ids=16,18 row-size=32B cardinality=8.64G(filtered from 8.64G) cost=3779809729
|  in pipelines: 12(GETNEXT), 13(OPEN)
|
|--F97:PLAN FRAGMENT [RANDOM] hosts=10 instances=10
|  |  Per-Instance Resources: mem-estimate=414.57MB mem-reservation=409.00MB thread-reservation=1 runtime-filters-memory=1.00MB
|  |  max-parallelism=10 segment-costs=[838440]
|  JOIN BUILD
|  |  join-table-id=30 plan-id=31 cohort-id=01
|  |  build expressions: tpcds_partitioned_parquet_snap.item.i_item_sk
|  |  runtime filters: RF012[bloom] <- tpcds_partitioned_parquet_snap.item.i_item_sk, RF013[min_max] <- tpcds_partitioned_parquet_snap.item.i_item_sk
|  |  mem-estimate=408.00MB mem-reservation=408.00MB spill-buffer=2.00MB thread-reservation=0 cost=360000
|  |
|  98:EXCHANGE [BROADCAST]
|  |  mem-estimate=5.57MB mem-reservation=0B thread-reservation=0
|  |  tuple-ids=18 row-size=16B cardinality=360.00K cost=478440
|  |  in pipelines: 13(GETNEXT)
|  |
|  F01:PLAN FRAGMENT [RANDOM] hosts=4 instances=4
|  Per-Host Shared Resources: mem-estimate=4.00MB mem-reservation=4.00MB thread-reservation=0 runtime-filters-memory=4.00MB
|  Per-Instance Resources: mem-estimate=16.08MB mem-reservation=512.00KB thread-reservation=1
|  max-parallelism=4 segment-costs=[106272]
|  13:SCAN HDFS [tpcds_partitioned_parquet_snap.item, RANDOM]
|     HDFS partitions=1/1 files=1 size=33.54MB
|     runtime filters: RF003[min_max] -> tpcds_partitioned_parquet_snap.item.i_brand_id, RF004[min_max] -> tpcds_partitioned_parquet_snap.item.i_category_id, RF005[min_max] -> tpcds_partitioned_parquet_snap.item.i_class_id, RF009[min_max] -> tpcds_partitioned_parquet_snap.item.i_item_sk, RF000[bloom] -> tpcds_partitioned_parquet_snap.item.i_brand_id, RF001[bloom] -> tpcds_partitioned_parquet_snap.item.i_category_id, RF002[bloom] -> tpcds_partitioned_parquet_snap.item.i_class_id, RF008[bloom] -> tpcds_partitioned_parquet_snap.item.i_item_sk
|     stored statistics:
|       table: rows=360.00K size=33.54MB
|       columns: all
|     extrapolated-rows=disabled max-scan-range-rows=101.54K
|     mem-estimate=16.00MB mem-reservation=512.00KB thread-reservation=0
|     tuple-ids=18 row-size=16B cardinality=360.00K cost=82944
|     in pipelines: 13(GETNEXT)
|
12:SCAN HDFS [tpcds_partitioned_parquet_snap.store_sales, RANDOM]
   HDFS partitions=1824/1824 files=1824 size=389.90GB
   runtime filters: RF013[min_max] -> tpcds_partitioned_parquet_snap.store_sales_0.ss_item_sk, RF009[min_max] -> tpcds_partitioned_parquet_snap.store_sales_0.ss_item_sk, RF012[bloom] -> tpcds_partitioned_parquet_snap.store_sales_0.ss_item_sk, RF008[bloom] -> tpcds_partitioned_parquet_snap.store_sales_0.ss_item_sk
   stored statistics:
     table: rows=8.64G size=389.90GB
     partitions: 1824/1824 rows=8.64G
     columns: all
   extrapolated-rows=disabled max-scan-range-rows=390.22M
   mem-estimate=16.00MB mem-reservation=8.00MB thread-reservation=0
   tuple-ids=16 row-size=16B cardinality=8.64G(filtered from 8.64G) cost=1990641068
   in pipelines: 12(GETNEXT)
====
