# TPCDS-Q57
# start query 57 in stream 0 using template query57.tpl using seed 672489959
with v1 as(
 select i_category, i_brand,
        cc_name,
        d_year, d_moy,
        sum(cs_sales_price) sum_sales,
        avg(sum(cs_sales_price)) over
          (partition by i_category, i_brand,
                     cc_name, d_year)
          avg_monthly_sales,
        rank() over
          (partition by i_category, i_brand,
                     cc_name
           order by d_year, d_moy) rn
 from item, catalog_sales, date_dim, call_center
 where cs_item_sk = i_item_sk and
       cs_sold_date_sk = d_date_sk and
       cc_call_center_sk= cs_call_center_sk and
       (
         d_year = 2001 or
         ( d_year = 2001-1 and d_moy =12) or
         ( d_year = 2001+1 and d_moy =1)
       )
 group by i_category, i_brand,
          cc_name , d_year, d_moy),
 v2 as(
 select v1.i_category, v1.i_brand, v1.cc_name
        ,v1.d_year, v1.d_moy
        ,v1.avg_monthly_sales
        ,v1.sum_sales, v1_lag.sum_sales psum, v1_lead.sum_sales nsum
 from v1, v1 v1_lag, v1 v1_lead
 where v1.i_category = v1_lag.i_category and
       v1.i_category = v1_lead.i_category and
       v1.i_brand = v1_lag.i_brand and
       v1.i_brand = v1_lead.i_brand and
       v1. cc_name = v1_lag. cc_name and
       v1. cc_name = v1_lead. cc_name and
       v1.rn = v1_lag.rn + 1 and
       v1.rn = v1_lead.rn - 1)
  select  *
 from v2
 where  d_year = 2001 and
        avg_monthly_sales > 0 and
        case when avg_monthly_sales > 0 then abs(sum_sales - avg_monthly_sales) / avg_monthly_sales else null end > 0.1
 order by sum_sales - avg_monthly_sales, avg_monthly_sales
 limit 100

# end query 57 in stream 0 using template query57.tpl
---- PLAN
Max Per-Host Resource Reservation: Memory=243.62MB Threads=1
Per-Host Resource Estimates: Memory=89.48GB
F00:PLAN FRAGMENT [UNPARTITIONED] hosts=1 instances=1
|  Per-Instance Resources: mem-estimate=89.48GB mem-reservation=243.62MB thread-reservation=1 runtime-filters-memory=9.00MB
|  max-parallelism=1 segment-costs=[1721465316, 1057317269, 1721465316, 1057317269, 1368848880, 1721465316, 1057317269, 122774747210495811, 900]
PLAN-ROOT SINK
|  output exprs: tpcds_partitioned_parquet_snap.item.i_category, tpcds_partitioned_parquet_snap.item.i_brand, tpcds_partitioned_parquet_snap.call_center.cc_name, tpcds_partitioned_parquet_snap.date_dim.d_year, tpcds_partitioned_parquet_snap.date_dim.d_moy, avg(sum(tpcds_partitioned_parquet_snap.catalog_sales.cs_sales_price)), sum(tpcds_partitioned_parquet_snap.catalog_sales.cs_sales_price), sum(tpcds_partitioned_parquet_snap.catalog_sales_0.cs_sales_price), sum(tpcds_partitioned_parquet_snap.catalog_sales_1.cs_sales_price)
|  mem-estimate=4.00MB mem-reservation=4.00MB spill-buffer=2.00MB thread-reservation=0 cost=900
|
36:TOP-N [LIMIT=100]
|  order by: subtract(sum(tpcds_partitioned_parquet_snap.catalog_sales.cs_sales_price), avg(sum(tpcds_partitioned_parquet_snap.catalog_sales.cs_sales_price))) ASC NULLS LAST, avg(sum(tpcds_partitioned_parquet_snap.catalog_sales.cs_sales_price)) ASC NULLS LAST
|  mem-estimate=14.04KB mem-reservation=0B thread-reservation=0
|  tuple-ids=49 row-size=144B cardinality=100 cost=122018932083967392
|  in pipelines: 36(GETNEXT), 21(OPEN)
|
35:HASH JOIN [INNER JOIN]
|  hash predicates: rank() = subtract(rank(), 1), tpcds_partitioned_parquet_snap.item.i_category = tpcds_partitioned_parquet_snap.item_1.i_category, tpcds_partitioned_parquet_snap.call_center.cc_name = tpcds_partitioned_parquet_snap.call_center_1.cc_name, tpcds_partitioned_parquet_snap.item.i_brand = tpcds_partitioned_parquet_snap.item_1.i_brand
|  fk/pk conjuncts: none
|  mem-estimate=3.33GB mem-reservation=34.00MB spill-buffer=2.00MB thread-reservation=0
|  tuple-ids=32,31,17,12,47,46 row-size=327B cardinality=4170.85T cost=755790158922586
|  in pipelines: 21(GETNEXT), 32(OPEN)
|
|--34:SELECT
|  |  predicates: is_not_null_pred(subtract(rank(), CAST(1 AS BIGINT))), is_not_null_pred(tpcds_partitioned_parquet_snap.call_center_1.cc_name), is_not_null_pred(tpcds_partitioned_parquet_snap.item_1.i_brand), is_not_null_pred(tpcds_partitioned_parquet_snap.item_1.i_category)
|  |  mem-estimate=0B mem-reservation=0B thread-reservation=0
|  |  tuple-ids=47,46 row-size=104B cardinality=23.11M cost=924426112
|  |  in pipelines: 32(GETNEXT)
|  |
|  33:ANALYTIC
|  |  functions: rank()
|  |  partition by: tpcds_partitioned_parquet_snap.item_1.i_category, tpcds_partitioned_parquet_snap.item_1.i_brand, tpcds_partitioned_parquet_snap.call_center_1.cc_name
|  |  order by: tpcds_partitioned_parquet_snap.date_dim_1.d_year ASC, tpcds_partitioned_parquet_snap.date_dim_1.d_moy ASC
|  |  window: RANGE BETWEEN UNBOUNDED PRECEDING AND CURRENT ROW
|  |  mem-estimate=4.00MB mem-reservation=4.00MB spill-buffer=2.00MB thread-reservation=0
|  |  tuple-ids=47,46 row-size=104B cardinality=231.11M cost=231106528
|  |  in pipelines: 32(GETNEXT)
|  |
|  32:SORT
|  |  order by: tpcds_partitioned_parquet_snap.item_1.i_category ASC NULLS LAST, tpcds_partitioned_parquet_snap.item_1.i_brand ASC NULLS LAST, tpcds_partitioned_parquet_snap.call_center_1.cc_name ASC NULLS LAST, tpcds_partitioned_parquet_snap.date_dim_1.d_year ASC NULLS LAST, tpcds_partitioned_parquet_snap.date_dim_1.d_moy ASC NULLS LAST
|  |  mem-estimate=20.62GB mem-reservation=12.00MB spill-buffer=2.00MB thread-reservation=0
|  |  tuple-ids=47 row-size=96B cardinality=231.11M cost=1057317269
|  |  in pipelines: 32(GETNEXT), 31(OPEN)
|  |
|  31:AGGREGATE [FINALIZE]
|  |  output: sum(tpcds_partitioned_parquet_snap.catalog_sales_1.cs_sales_price)
|  |  group by: tpcds_partitioned_parquet_snap.item_1.i_category, tpcds_partitioned_parquet_snap.item_1.i_brand, tpcds_partitioned_parquet_snap.call_center_1.cc_name, tpcds_partitioned_parquet_snap.date_dim_1.d_year, tpcds_partitioned_parquet_snap.date_dim_1.d_moy
|  |  mem-estimate=1.92GB mem-reservation=34.00MB spill-buffer=2.00MB thread-reservation=0
|  |  tuple-ids=42 row-size=96B cardinality=231.11M cost=1364129433
|  |  in pipelines: 31(GETNEXT), 24(OPEN)
|  |
|  30:HASH JOIN [INNER JOIN]
|  |  hash predicates: tpcds_partitioned_parquet_snap.catalog_sales_1.cs_call_center_sk = tpcds_partitioned_parquet_snap.call_center_1.cc_call_center_sk
|  |  fk/pk conjuncts: tpcds_partitioned_parquet_snap.catalog_sales_1.cs_call_center_sk = tpcds_partitioned_parquet_snap.call_center_1.cc_call_center_sk
|  |  runtime filters: RF012[bloom] <- tpcds_partitioned_parquet_snap.call_center_1.cc_call_center_sk, RF013[min_max] <- tpcds_partitioned_parquet_snap.call_center_1.cc_call_center_sk
|  |  mem-estimate=1.94MB mem-reservation=1.94MB spill-buffer=64.00KB thread-reservation=0
|  |  tuple-ids=34,36,38,40 row-size=108B cardinality=231.11M cost=101155378
|  |  in pipelines: 24(GETNEXT), 29(OPEN)
|  |
|  |--29:SCAN HDFS [tpcds_partitioned_parquet_snap.call_center]
|  |     HDFS partitions=1/1 files=1 size=16.57KB
|  |     stored statistics:
|  |       table: rows=48 size=16.57KB
|  |       columns: all
|  |     extrapolated-rows=disabled max-scan-range-rows=48
|  |     mem-estimate=16.00MB mem-reservation=16.00KB thread-reservation=0
|  |     tuple-ids=40 row-size=30B cardinality=48 cost=12
|  |     in pipelines: 29(GETNEXT)
|  |
|  28:HASH JOIN [INNER JOIN]
|  |  hash predicates: tpcds_partitioned_parquet_snap.catalog_sales_1.cs_item_sk = tpcds_partitioned_parquet_snap.item_1.i_item_sk
|  |  fk/pk conjuncts: tpcds_partitioned_parquet_snap.catalog_sales_1.cs_item_sk = tpcds_partitioned_parquet_snap.item_1.i_item_sk
|  |  runtime filters: RF014[bloom] <- tpcds_partitioned_parquet_snap.item_1.i_item_sk, RF015[min_max] <- tpcds_partitioned_parquet_snap.item_1.i_item_sk
|  |  mem-estimate=34.00MB mem-reservation=34.00MB spill-buffer=2.00MB thread-reservation=0
|  |  tuple-ids=34,36,38 row-size=78B cardinality=231.11M cost=101544969
|  |  in pipelines: 24(GETNEXT), 27(OPEN)
|  |
|  |--27:SCAN HDFS [tpcds_partitioned_parquet_snap.item]
|  |     HDFS partitions=1/1 files=1 size=33.54MB
|  |     stored statistics:
|  |       table: rows=360.00K size=33.54MB
|  |       columns: all
|  |     extrapolated-rows=disabled max-scan-range-rows=101.54K
|  |     mem-estimate=16.00MB mem-reservation=512.00KB thread-reservation=0
|  |     tuple-ids=38 row-size=50B cardinality=360.00K cost=135117
|  |     in pipelines: 27(GETNEXT)
|  |
|  26:HASH JOIN [INNER JOIN]
|  |  hash predicates: tpcds_partitioned_parquet_snap.catalog_sales_1.cs_sold_date_sk = tpcds_partitioned_parquet_snap.date_dim_1.d_date_sk
|  |  fk/pk conjuncts: tpcds_partitioned_parquet_snap.catalog_sales_1.cs_sold_date_sk = tpcds_partitioned_parquet_snap.date_dim_1.d_date_sk
|  |  runtime filters: RF016[bloom] <- tpcds_partitioned_parquet_snap.date_dim_1.d_date_sk
|  |  mem-estimate=1.94MB mem-reservation=1.94MB spill-buffer=64.00KB thread-reservation=0
|  |  tuple-ids=34,36 row-size=28B cardinality=231.22M cost=101206005
|  |  in pipelines: 24(GETNEXT), 25(OPEN)
|  |
|  |--25:SCAN HDFS [tpcds_partitioned_parquet_snap.date_dim]
|  |     HDFS partitions=1/1 files=1 size=2.17MB
|  |     predicates: tpcds_partitioned_parquet_snap.date_dim_1.d_year = CAST(2001 AS INT) OR tpcds_partitioned_parquet_snap.date_dim_1.d_year = subtract(CAST(2001 AS INT), CAST(1 AS INT)) OR tpcds_partitioned_parquet_snap.date_dim_1.d_year = add(CAST(2001 AS INT), CAST(1 AS INT)), tpcds_partitioned_parquet_snap.date_dim_1.d_year = CAST(2001 AS INT) OR tpcds_partitioned_parquet_snap.date_dim_1.d_moy = CAST(12 AS INT) OR tpcds_partitioned_parquet_snap.date_dim_1.d_year = add(CAST(2001 AS INT), CAST(1 AS INT)), tpcds_partitioned_parquet_snap.date_dim_1.d_year = CAST(2001 AS INT) OR tpcds_partitioned_parquet_snap.date_dim_1.d_year = subtract(CAST(2001 AS INT), CAST(1 AS INT)) OR tpcds_partitioned_parquet_snap.date_dim_1.d_moy = CAST(1 AS INT), tpcds_partitioned_parquet_snap.date_dim_1.d_year = CAST(2001 AS INT) OR tpcds_partitioned_parquet_snap.date_dim_1.d_moy = CAST(1 AS INT) OR tpcds_partitioned_parquet_snap.date_dim_1.d_moy = CAST(12 AS INT)
|  |     stored statistics:
|  |       table: rows=73.05K size=2.17MB
|  |       columns: all
|  |     extrapolated-rows=disabled max-scan-range-rows=73.05K
|  |     parquet dictionary predicates: tpcds_partitioned_parquet_snap.date_dim_1.d_year = CAST(2001 AS INT) OR tpcds_partitioned_parquet_snap.date_dim_1.d_year = subtract(CAST(2001 AS INT), CAST(1 AS INT)) OR tpcds_partitioned_parquet_snap.date_dim_1.d_year = add(CAST(2001 AS INT), CAST(1 AS INT))
|  |     mem-estimate=16.00MB mem-reservation=512.00KB thread-reservation=0
|  |     tuple-ids=36 row-size=12B cardinality=98 cost=20833
|  |     in pipelines: 25(GETNEXT)
|  |
|  24:SCAN HDFS [tpcds_partitioned_parquet_snap.catalog_sales]
|     HDFS partitions=1831/1831 files=1831 size=280.96GB
|     runtime filters: RF015[min_max] -> tpcds_partitioned_parquet_snap.catalog_sales_1.cs_item_sk, RF013[min_max] -> tpcds_partitioned_parquet_snap.catalog_sales_1.cs_call_center_sk, RF016[bloom] -> tpcds_partitioned_parquet_snap.catalog_sales_1.cs_sold_date_sk, RF014[bloom] -> tpcds_partitioned_parquet_snap.catalog_sales_1.cs_item_sk, RF012[bloom] -> tpcds_partitioned_parquet_snap.catalog_sales_1.cs_call_center_sk
|     stored statistics:
|       table: rows=4.32G size=280.96GB
|       partitions: 1831/1831 rows=4.32G
|       columns: all
|     extrapolated-rows=disabled max-scan-range-rows=21.52M est-scan-range=98(filtered from 1831)
|     mem-estimate=16.00MB mem-reservation=1.00MB thread-reservation=0
|     tuple-ids=34 row-size=16B cardinality=231.22M(filtered from 4.32G) cost=53273569
|     in pipelines: 24(GETNEXT)
|
23:HASH JOIN [INNER JOIN]
|  hash predicates: add(rank(), 1) = rank(), tpcds_partitioned_parquet_snap.item_0.i_category = tpcds_partitioned_parquet_snap.item.i_category, tpcds_partitioned_parquet_snap.call_center_0.cc_name = tpcds_partitioned_parquet_snap.call_center.cc_name, tpcds_partitioned_parquet_snap.item_0.i_brand = tpcds_partitioned_parquet_snap.item.i_brand
|  fk/pk conjuncts: none
|  mem-estimate=57.87MB mem-reservation=34.00MB spill-buffer=2.00MB thread-reservation=0
|  tuple-ids=32,31,17,12 row-size=224B cardinality=124.71G cost=22656540585
|  in pipelines: 21(GETNEXT), 10(OPEN)
|
|--12:SELECT
|  |  predicates: tpcds_partitioned_parquet_snap.date_dim.d_year = CAST(2001 AS INT), CASE WHEN avg(sum(tpcds_partitioned_parquet_snap.catalog_sales.cs_sales_price)) > CAST(0 AS DECIMAL(3,0)) THEN divide(abs(subtract(sum(tpcds_partitioned_parquet_snap.catalog_sales.cs_sales_price), avg(sum(tpcds_partitioned_parquet_snap.catalog_sales.cs_sales_price)))), avg(sum(tpcds_partitioned_parquet_snap.catalog_sales.cs_sales_price))) ELSE NULL END > CAST(0.1 AS DECIMAL(2,1)), avg(sum(tpcds_partitioned_parquet_snap.catalog_sales.cs_sales_price)) > CAST(0 AS DECIMAL(3,0))
|  |  mem-estimate=0B mem-reservation=0B thread-reservation=0
|  |  tuple-ids=17,12 row-size=120B cardinality=372.87K cost=693319552
|  |  in pipelines: 10(GETNEXT)
|  |
|  11:ANALYTIC
|  |  functions: avg(sum(tpcds_partitioned_parquet_snap.catalog_sales.cs_sales_price))
|  |  partition by: tpcds_partitioned_parquet_snap.item.i_category, tpcds_partitioned_parquet_snap.item.i_brand, tpcds_partitioned_parquet_snap.call_center.cc_name, tpcds_partitioned_parquet_snap.date_dim.d_year
|  |  window: RANGE BETWEEN UNBOUNDED PRECEDING AND UNBOUNDED FOLLOWING
|  |  mem-estimate=4.00MB mem-reservation=4.00MB spill-buffer=2.00MB thread-reservation=0
|  |  tuple-ids=17,12 row-size=120B cardinality=231.11M cost=231106528
|  |  in pipelines: 10(GETNEXT)
|  |
|  10:SORT
|  |  order by: tpcds_partitioned_parquet_snap.item.i_category ASC NULLS LAST, tpcds_partitioned_parquet_snap.item.i_brand ASC NULLS LAST, tpcds_partitioned_parquet_snap.call_center.cc_name ASC NULLS LAST, tpcds_partitioned_parquet_snap.date_dim.d_year ASC NULLS LAST
|  |  mem-estimate=22.34GB mem-reservation=12.00MB spill-buffer=2.00MB thread-reservation=0
|  |  tuple-ids=17 row-size=104B cardinality=231.11M cost=1137742352
|  |  in pipelines: 10(GETNEXT), 08(OPEN)
|  |
|  09:ANALYTIC
|  |  functions: rank()
|  |  partition by: tpcds_partitioned_parquet_snap.item.i_category, tpcds_partitioned_parquet_snap.item.i_brand, tpcds_partitioned_parquet_snap.call_center.cc_name
|  |  order by: tpcds_partitioned_parquet_snap.date_dim.d_year ASC, tpcds_partitioned_parquet_snap.date_dim.d_moy ASC
|  |  window: RANGE BETWEEN UNBOUNDED PRECEDING AND CURRENT ROW
|  |  mem-estimate=4.00MB mem-reservation=4.00MB spill-buffer=2.00MB thread-reservation=0
|  |  tuple-ids=15,14 row-size=104B cardinality=231.11M cost=231106528
|  |  in pipelines: 08(GETNEXT)
|  |
|  08:SORT
|  |  order by: tpcds_partitioned_parquet_snap.item.i_category ASC NULLS LAST, tpcds_partitioned_parquet_snap.item.i_brand ASC NULLS LAST, tpcds_partitioned_parquet_snap.call_center.cc_name ASC NULLS LAST, tpcds_partitioned_parquet_snap.date_dim.d_year ASC NULLS LAST, tpcds_partitioned_parquet_snap.date_dim.d_moy ASC NULLS LAST
|  |  mem-estimate=20.62GB mem-reservation=12.00MB spill-buffer=2.00MB thread-reservation=0
|  |  tuple-ids=15 row-size=96B cardinality=231.11M cost=1057317269
|  |  in pipelines: 08(GETNEXT), 07(OPEN)
|  |
|  07:AGGREGATE [FINALIZE]
|  |  output: sum(tpcds_partitioned_parquet_snap.catalog_sales.cs_sales_price)
|  |  group by: tpcds_partitioned_parquet_snap.item.i_category, tpcds_partitioned_parquet_snap.item.i_brand, tpcds_partitioned_parquet_snap.call_center.cc_name, tpcds_partitioned_parquet_snap.date_dim.d_year, tpcds_partitioned_parquet_snap.date_dim.d_moy
|  |  mem-estimate=1.92GB mem-reservation=34.00MB spill-buffer=2.00MB thread-reservation=0
|  |  tuple-ids=8 row-size=96B cardinality=231.11M cost=1364129433
|  |  in pipelines: 07(GETNEXT), 00(OPEN)
|  |
|  06:HASH JOIN [INNER JOIN]
|  |  hash predicates: tpcds_partitioned_parquet_snap.catalog_sales.cs_call_center_sk = tpcds_partitioned_parquet_snap.call_center.cc_call_center_sk
|  |  fk/pk conjuncts: tpcds_partitioned_parquet_snap.catalog_sales.cs_call_center_sk = tpcds_partitioned_parquet_snap.call_center.cc_call_center_sk
|  |  runtime filters: RF006[bloom] <- tpcds_partitioned_parquet_snap.call_center.cc_call_center_sk, RF007[min_max] <- tpcds_partitioned_parquet_snap.call_center.cc_call_center_sk
|  |  mem-estimate=1.94MB mem-reservation=1.94MB spill-buffer=64.00KB thread-reservation=0
|  |  tuple-ids=0,2,4,6 row-size=108B cardinality=231.11M cost=101155378
|  |  in pipelines: 00(GETNEXT), 05(OPEN)
|  |
|  |--05:SCAN HDFS [tpcds_partitioned_parquet_snap.call_center]
|  |     HDFS partitions=1/1 files=1 size=16.57KB
|  |     stored statistics:
|  |       table: rows=48 size=16.57KB
|  |       columns: all
|  |     extrapolated-rows=disabled max-scan-range-rows=48
|  |     mem-estimate=16.00MB mem-reservation=16.00KB thread-reservation=0
|  |     tuple-ids=6 row-size=30B cardinality=48 cost=12
|  |     in pipelines: 05(GETNEXT)
|  |
|  04:HASH JOIN [INNER JOIN]
|  |  hash predicates: tpcds_partitioned_parquet_snap.catalog_sales.cs_item_sk = tpcds_partitioned_parquet_snap.item.i_item_sk
|  |  fk/pk conjuncts: tpcds_partitioned_parquet_snap.catalog_sales.cs_item_sk = tpcds_partitioned_parquet_snap.item.i_item_sk
|  |  runtime filters: RF008[bloom] <- tpcds_partitioned_parquet_snap.item.i_item_sk, RF009[min_max] <- tpcds_partitioned_parquet_snap.item.i_item_sk
|  |  mem-estimate=34.00MB mem-reservation=34.00MB spill-buffer=2.00MB thread-reservation=0
|  |  tuple-ids=0,2,4 row-size=78B cardinality=231.11M cost=101544969
|  |  in pipelines: 00(GETNEXT), 03(OPEN)
|  |
|  |--03:SCAN HDFS [tpcds_partitioned_parquet_snap.item]
|  |     HDFS partitions=1/1 files=1 size=33.54MB
|  |     stored statistics:
|  |       table: rows=360.00K size=33.54MB
|  |       columns: all
|  |     extrapolated-rows=disabled max-scan-range-rows=101.54K
|  |     mem-estimate=16.00MB mem-reservation=512.00KB thread-reservation=0
|  |     tuple-ids=4 row-size=50B cardinality=360.00K cost=135117
|  |     in pipelines: 03(GETNEXT)
|  |
|  02:HASH JOIN [INNER JOIN]
|  |  hash predicates: tpcds_partitioned_parquet_snap.catalog_sales.cs_sold_date_sk = tpcds_partitioned_parquet_snap.date_dim.d_date_sk
|  |  fk/pk conjuncts: tpcds_partitioned_parquet_snap.catalog_sales.cs_sold_date_sk = tpcds_partitioned_parquet_snap.date_dim.d_date_sk
|  |  runtime filters: RF010[bloom] <- tpcds_partitioned_parquet_snap.date_dim.d_date_sk
|  |  mem-estimate=1.94MB mem-reservation=1.94MB spill-buffer=64.00KB thread-reservation=0
|  |  tuple-ids=0,2 row-size=28B cardinality=231.22M cost=101206005
|  |  in pipelines: 00(GETNEXT), 01(OPEN)
|  |
|  |--01:SCAN HDFS [tpcds_partitioned_parquet_snap.date_dim]
|  |     HDFS partitions=1/1 files=1 size=2.17MB
|  |     predicates: tpcds_partitioned_parquet_snap.date_dim.d_year = CAST(2001 AS INT) OR tpcds_partitioned_parquet_snap.date_dim.d_year = subtract(CAST(2001 AS INT), CAST(1 AS INT)) OR tpcds_partitioned_parquet_snap.date_dim.d_year = add(CAST(2001 AS INT), CAST(1 AS INT)), tpcds_partitioned_parquet_snap.date_dim.d_year = CAST(2001 AS INT) OR tpcds_partitioned_parquet_snap.date_dim.d_moy = CAST(12 AS INT) OR tpcds_partitioned_parquet_snap.date_dim.d_year = add(CAST(2001 AS INT), CAST(1 AS INT)), tpcds_partitioned_parquet_snap.date_dim.d_year = CAST(2001 AS INT) OR tpcds_partitioned_parquet_snap.date_dim.d_year = subtract(CAST(2001 AS INT), CAST(1 AS INT)) OR tpcds_partitioned_parquet_snap.date_dim.d_moy = CAST(1 AS INT), tpcds_partitioned_parquet_snap.date_dim.d_year = CAST(2001 AS INT) OR tpcds_partitioned_parquet_snap.date_dim.d_moy = CAST(1 AS INT) OR tpcds_partitioned_parquet_snap.date_dim.d_moy = CAST(12 AS INT)
|  |     stored statistics:
|  |       table: rows=73.05K size=2.17MB
|  |       columns: all
|  |     extrapolated-rows=disabled max-scan-range-rows=73.05K
|  |     parquet dictionary predicates: tpcds_partitioned_parquet_snap.date_dim.d_year = CAST(2001 AS INT) OR tpcds_partitioned_parquet_snap.date_dim.d_year = subtract(CAST(2001 AS INT), CAST(1 AS INT)) OR tpcds_partitioned_parquet_snap.date_dim.d_year = add(CAST(2001 AS INT), CAST(1 AS INT))
|  |     mem-estimate=16.00MB mem-reservation=512.00KB thread-reservation=0
|  |     tuple-ids=2 row-size=12B cardinality=98 cost=20833
|  |     in pipelines: 01(GETNEXT)
|  |
|  00:SCAN HDFS [tpcds_partitioned_parquet_snap.catalog_sales]
|     HDFS partitions=1831/1831 files=1831 size=280.96GB
|     runtime filters: RF009[min_max] -> tpcds_partitioned_parquet_snap.catalog_sales.cs_item_sk, RF007[min_max] -> tpcds_partitioned_parquet_snap.catalog_sales.cs_call_center_sk, RF010[bloom] -> tpcds_partitioned_parquet_snap.catalog_sales.cs_sold_date_sk, RF008[bloom] -> tpcds_partitioned_parquet_snap.catalog_sales.cs_item_sk, RF006[bloom] -> tpcds_partitioned_parquet_snap.catalog_sales.cs_call_center_sk
|     stored statistics:
|       table: rows=4.32G size=280.96GB
|       partitions: 1831/1831 rows=4.32G
|       columns: all
|     extrapolated-rows=disabled max-scan-range-rows=21.52M est-scan-range=98(filtered from 1831)
|     mem-estimate=16.00MB mem-reservation=1.00MB thread-reservation=0
|     tuple-ids=0 row-size=16B cardinality=231.22M(filtered from 4.32G) cost=53273569
|     in pipelines: 00(GETNEXT)
|
22:ANALYTIC
|  functions: rank()
|  partition by: tpcds_partitioned_parquet_snap.item_0.i_category, tpcds_partitioned_parquet_snap.item_0.i_brand, tpcds_partitioned_parquet_snap.call_center_0.cc_name
|  order by: tpcds_partitioned_parquet_snap.date_dim_0.d_year ASC, tpcds_partitioned_parquet_snap.date_dim_0.d_moy ASC
|  window: RANGE BETWEEN UNBOUNDED PRECEDING AND CURRENT ROW
|  mem-estimate=4.00MB mem-reservation=4.00MB spill-buffer=2.00MB thread-reservation=0
|  tuple-ids=32,31 row-size=104B cardinality=231.11M cost=231106528
|  in pipelines: 21(GETNEXT)
|
21:SORT
|  order by: tpcds_partitioned_parquet_snap.item_0.i_category ASC NULLS LAST, tpcds_partitioned_parquet_snap.item_0.i_brand ASC NULLS LAST, tpcds_partitioned_parquet_snap.call_center_0.cc_name ASC NULLS LAST, tpcds_partitioned_parquet_snap.date_dim_0.d_year ASC NULLS LAST, tpcds_partitioned_parquet_snap.date_dim_0.d_moy ASC NULLS LAST
|  mem-estimate=20.62GB mem-reservation=12.00MB spill-buffer=2.00MB thread-reservation=0
|  tuple-ids=32 row-size=96B cardinality=231.11M cost=1057317269
|  in pipelines: 21(GETNEXT), 20(OPEN)
|
20:AGGREGATE [FINALIZE]
|  output: sum(tpcds_partitioned_parquet_snap.catalog_sales_0.cs_sales_price)
|  group by: tpcds_partitioned_parquet_snap.item_0.i_category, tpcds_partitioned_parquet_snap.item_0.i_brand, tpcds_partitioned_parquet_snap.call_center_0.cc_name, tpcds_partitioned_parquet_snap.date_dim_0.d_year, tpcds_partitioned_parquet_snap.date_dim_0.d_moy
|  mem-estimate=1.92GB mem-reservation=34.00MB spill-buffer=2.00MB thread-reservation=0
|  tuple-ids=27 row-size=96B cardinality=231.11M cost=1364129433
|  in pipelines: 20(GETNEXT), 13(OPEN)
|
19:HASH JOIN [INNER JOIN]
|  hash predicates: tpcds_partitioned_parquet_snap.catalog_sales_0.cs_call_center_sk = tpcds_partitioned_parquet_snap.call_center_0.cc_call_center_sk
|  fk/pk conjuncts: tpcds_partitioned_parquet_snap.catalog_sales_0.cs_call_center_sk = tpcds_partitioned_parquet_snap.call_center_0.cc_call_center_sk
|  runtime filters: RF000[bloom] <- tpcds_partitioned_parquet_snap.call_center_0.cc_call_center_sk, RF001[min_max] <- tpcds_partitioned_parquet_snap.call_center_0.cc_call_center_sk
|  mem-estimate=1.94MB mem-reservation=1.94MB spill-buffer=64.00KB thread-reservation=0
|  tuple-ids=19,21,23,25 row-size=108B cardinality=231.11M cost=101155378
|  in pipelines: 13(GETNEXT), 18(OPEN)
|
|--18:SCAN HDFS [tpcds_partitioned_parquet_snap.call_center]
|     HDFS partitions=1/1 files=1 size=16.57KB
|     stored statistics:
|       table: rows=48 size=16.57KB
|       columns: all
|     extrapolated-rows=disabled max-scan-range-rows=48
|     mem-estimate=16.00MB mem-reservation=16.00KB thread-reservation=0
|     tuple-ids=25 row-size=30B cardinality=48 cost=12
|     in pipelines: 18(GETNEXT)
|
17:HASH JOIN [INNER JOIN]
|  hash predicates: tpcds_partitioned_parquet_snap.catalog_sales_0.cs_item_sk = tpcds_partitioned_parquet_snap.item_0.i_item_sk
|  fk/pk conjuncts: tpcds_partitioned_parquet_snap.catalog_sales_0.cs_item_sk = tpcds_partitioned_parquet_snap.item_0.i_item_sk
|  runtime filters: RF002[bloom] <- tpcds_partitioned_parquet_snap.item_0.i_item_sk, RF003[min_max] <- tpcds_partitioned_parquet_snap.item_0.i_item_sk
|  mem-estimate=34.00MB mem-reservation=34.00MB spill-buffer=2.00MB thread-reservation=0
|  tuple-ids=19,21,23 row-size=78B cardinality=231.11M cost=101544969
|  in pipelines: 13(GETNEXT), 16(OPEN)
|
|--16:SCAN HDFS [tpcds_partitioned_parquet_snap.item]
|     HDFS partitions=1/1 files=1 size=33.54MB
|     stored statistics:
|       table: rows=360.00K size=33.54MB
|       columns: all
|     extrapolated-rows=disabled max-scan-range-rows=101.54K
|     mem-estimate=16.00MB mem-reservation=512.00KB thread-reservation=0
|     tuple-ids=23 row-size=50B cardinality=360.00K cost=135117
|     in pipelines: 16(GETNEXT)
|
15:HASH JOIN [INNER JOIN]
|  hash predicates: tpcds_partitioned_parquet_snap.catalog_sales_0.cs_sold_date_sk = tpcds_partitioned_parquet_snap.date_dim_0.d_date_sk
|  fk/pk conjuncts: tpcds_partitioned_parquet_snap.catalog_sales_0.cs_sold_date_sk = tpcds_partitioned_parquet_snap.date_dim_0.d_date_sk
|  runtime filters: RF004[bloom] <- tpcds_partitioned_parquet_snap.date_dim_0.d_date_sk
|  mem-estimate=1.94MB mem-reservation=1.94MB spill-buffer=64.00KB thread-reservation=0
|  tuple-ids=19,21 row-size=28B cardinality=231.22M cost=101206005
|  in pipelines: 13(GETNEXT), 14(OPEN)
|
|--14:SCAN HDFS [tpcds_partitioned_parquet_snap.date_dim]
|     HDFS partitions=1/1 files=1 size=2.17MB
|     predicates: tpcds_partitioned_parquet_snap.date_dim_0.d_year = CAST(2001 AS INT) OR tpcds_partitioned_parquet_snap.date_dim_0.d_year = subtract(CAST(2001 AS INT), CAST(1 AS INT)) OR tpcds_partitioned_parquet_snap.date_dim_0.d_year = add(CAST(2001 AS INT), CAST(1 AS INT)), tpcds_partitioned_parquet_snap.date_dim_0.d_year = CAST(2001 AS INT) OR tpcds_partitioned_parquet_snap.date_dim_0.d_moy = CAST(12 AS INT) OR tpcds_partitioned_parquet_snap.date_dim_0.d_year = add(CAST(2001 AS INT), CAST(1 AS INT)), tpcds_partitioned_parquet_snap.date_dim_0.d_year = CAST(2001 AS INT) OR tpcds_partitioned_parquet_snap.date_dim_0.d_year = subtract(CAST(2001 AS INT), CAST(1 AS INT)) OR tpcds_partitioned_parquet_snap.date_dim_0.d_moy = CAST(1 AS INT), tpcds_partitioned_parquet_snap.date_dim_0.d_year = CAST(2001 AS INT) OR tpcds_partitioned_parquet_snap.date_dim_0.d_moy = CAST(1 AS INT) OR tpcds_partitioned_parquet_snap.date_dim_0.d_moy = CAST(12 AS INT)
|     stored statistics:
|       table: rows=73.05K size=2.17MB
|       columns: all
|     extrapolated-rows=disabled max-scan-range-rows=73.05K
|     parquet dictionary predicates: tpcds_partitioned_parquet_snap.date_dim_0.d_year = CAST(2001 AS INT) OR tpcds_partitioned_parquet_snap.date_dim_0.d_year = subtract(CAST(2001 AS INT), CAST(1 AS INT)) OR tpcds_partitioned_parquet_snap.date_dim_0.d_year = add(CAST(2001 AS INT), CAST(1 AS INT))
|     mem-estimate=16.00MB mem-reservation=512.00KB thread-reservation=0
|     tuple-ids=21 row-size=12B cardinality=98 cost=20833
|     in pipelines: 14(GETNEXT)
|
13:SCAN HDFS [tpcds_partitioned_parquet_snap.catalog_sales]
   HDFS partitions=1831/1831 files=1831 size=280.96GB
   runtime filters: RF003[min_max] -> tpcds_partitioned_parquet_snap.catalog_sales_0.cs_item_sk, RF001[min_max] -> tpcds_partitioned_parquet_snap.catalog_sales_0.cs_call_center_sk, RF004[bloom] -> tpcds_partitioned_parquet_snap.catalog_sales_0.cs_sold_date_sk, RF002[bloom] -> tpcds_partitioned_parquet_snap.catalog_sales_0.cs_item_sk, RF000[bloom] -> tpcds_partitioned_parquet_snap.catalog_sales_0.cs_call_center_sk
   stored statistics:
     table: rows=4.32G size=280.96GB
     partitions: 1831/1831 rows=4.32G
     columns: all
   extrapolated-rows=disabled max-scan-range-rows=21.52M est-scan-range=98(filtered from 1831)
   mem-estimate=16.00MB mem-reservation=1.00MB thread-reservation=0
   tuple-ids=19 row-size=16B cardinality=231.22M(filtered from 4.32G) cost=53273569
   in pipelines: 13(GETNEXT)
---- DISTRIBUTEDPLAN
Max Per-Host Resource Reservation: Memory=4.72GB Threads=116
Per-Host Resource Estimates: Memory=29.44GB
F18:PLAN FRAGMENT [UNPARTITIONED] hosts=1 instances=1
|  Per-Instance Resources: mem-estimate=5.69MB mem-reservation=4.00MB thread-reservation=1
|  max-parallelism=1 segment-costs=[954] cpu-comparison-result=330 [max(1 (self) vs 330 (sum children))]
PLAN-ROOT SINK
|  output exprs: tpcds_partitioned_parquet_snap.item.i_category, tpcds_partitioned_parquet_snap.item.i_brand, tpcds_partitioned_parquet_snap.call_center.cc_name, tpcds_partitioned_parquet_snap.date_dim.d_year, tpcds_partitioned_parquet_snap.date_dim.d_moy, avg(sum(tpcds_partitioned_parquet_snap.catalog_sales.cs_sales_price)), sum(tpcds_partitioned_parquet_snap.catalog_sales.cs_sales_price), sum(tpcds_partitioned_parquet_snap.catalog_sales_0.cs_sales_price), sum(tpcds_partitioned_parquet_snap.catalog_sales_1.cs_sales_price)
|  mem-estimate=4.00MB mem-reservation=4.00MB spill-buffer=2.00MB thread-reservation=0 cost=900
|
57:MERGING-EXCHANGE [UNPARTITIONED]
|  order by: subtract(sum(tpcds_partitioned_parquet_snap.catalog_sales.cs_sales_price), avg(sum(tpcds_partitioned_parquet_snap.catalog_sales.cs_sales_price))) ASC NULLS LAST, avg(sum(tpcds_partitioned_parquet_snap.catalog_sales.cs_sales_price)) ASC NULLS LAST
|  limit: 100
|  mem-estimate=1.69MB mem-reservation=0B thread-reservation=0
|  tuple-ids=49 row-size=144B cardinality=100 cost=54
|  in pipelines: 36(GETNEXT)
|
F05:PLAN FRAGMENT [HASH(tpcds_partitioned_parquet_snap.item_0.i_category,tpcds_partitioned_parquet_snap.item_0.i_brand,tpcds_partitioned_parquet_snap.call_center_0.cc_name)] hosts=10 instances=120
Per-Instance Resources: mem-estimate=200.70MB mem-reservation=16.00MB thread-reservation=1
max-parallelism=2147483640 segment-costs=[1184852411, 122774745107053568, 408] cpu-comparison-result=330 [max(120 (self) vs 330 (sum children))]
36:TOP-N [LIMIT=100]
|  order by: subtract(sum(tpcds_partitioned_parquet_snap.catalog_sales.cs_sales_price), avg(sum(tpcds_partitioned_parquet_snap.catalog_sales.cs_sales_price))) ASC NULLS LAST, avg(sum(tpcds_partitioned_parquet_snap.catalog_sales.cs_sales_price)) ASC NULLS LAST
|  mem-estimate=14.04KB mem-reservation=0B thread-reservation=0
|  tuple-ids=49 row-size=144B cardinality=100 cost=122018932083967392
|  in pipelines: 36(GETNEXT), 21(OPEN)
|
35:HASH JOIN [INNER JOIN, BROADCAST]
|  hash-table-id=00
|  hash predicates: rank() = subtract(rank(), 1), tpcds_partitioned_parquet_snap.item.i_category = tpcds_partitioned_parquet_snap.item_1.i_category, tpcds_partitioned_parquet_snap.call_center.cc_name = tpcds_partitioned_parquet_snap.call_center_1.cc_name, tpcds_partitioned_parquet_snap.item.i_brand = tpcds_partitioned_parquet_snap.item_1.i_brand
|  fk/pk conjuncts: none
|  mem-estimate=0B mem-reservation=0B spill-buffer=2.00MB thread-reservation=0
|  tuple-ids=32,31,17,12,47,46 row-size=327B cardinality=4170.85T cost=755790135811932
|  in pipelines: 21(GETNEXT), 32(OPEN)
|
|--F19:PLAN FRAGMENT [HASH(tpcds_partitioned_parquet_snap.item_0.i_category,tpcds_partitioned_parquet_snap.item_0.i_brand,tpcds_partitioned_parquet_snap.call_center_0.cc_name)] hosts=10 instances=10
|  |  Per-Instance Resources: mem-estimate=3.35GB mem-reservation=408.00MB thread-reservation=1
|  |  max-parallelism=10 segment-costs=[53824704] cpu-comparison-result=110 [max(10 (self) vs 110 (sum children))]
|  JOIN BUILD
|  |  join-table-id=00 plan-id=01 cohort-id=01
|  |  build expressions: subtract(rank(), 1), tpcds_partitioned_parquet_snap.item_1.i_category, tpcds_partitioned_parquet_snap.call_center_1.cc_name, tpcds_partitioned_parquet_snap.item_1.i_brand
|  |  mem-estimate=3.33GB mem-reservation=408.00MB spill-buffer=2.00MB thread-reservation=0 cost=23110654
|  |
|  56:EXCHANGE [BROADCAST]
|  |  mem-estimate=19.83MB mem-reservation=0B thread-reservation=0
|  |  tuple-ids=47,46 row-size=104B cardinality=23.11M cost=30714050
|  |  in pipelines: 32(GETNEXT)
|  |
|  F17:PLAN FRAGMENT [HASH(tpcds_partitioned_parquet_snap.item_1.i_category,tpcds_partitioned_parquet_snap.item_1.i_brand,tpcds_partitioned_parquet_snap.call_center_1.cc_name)] hosts=10 instances=90 (adjusted from 120)
|  Per-Instance Resources: mem-estimate=259.36MB mem-reservation=16.00MB thread-reservation=1
|  max-parallelism=120 segment-costs=[1184852411, 1163008903] cpu-comparison-result=110 [max(90 (self) vs 110 (sum children))]
|  34:SELECT
|  |  predicates: is_not_null_pred(subtract(rank(), CAST(1 AS BIGINT))), is_not_null_pred(tpcds_partitioned_parquet_snap.call_center_1.cc_name), is_not_null_pred(tpcds_partitioned_parquet_snap.item_1.i_brand), is_not_null_pred(tpcds_partitioned_parquet_snap.item_1.i_category)
|  |  mem-estimate=0B mem-reservation=0B thread-reservation=0
|  |  tuple-ids=47,46 row-size=104B cardinality=23.11M cost=924426112
|  |  in pipelines: 32(GETNEXT)
|  |
|  33:ANALYTIC
|  |  functions: rank()
|  |  partition by: tpcds_partitioned_parquet_snap.item_1.i_category, tpcds_partitioned_parquet_snap.item_1.i_brand, tpcds_partitioned_parquet_snap.call_center_1.cc_name
|  |  order by: tpcds_partitioned_parquet_snap.date_dim_1.d_year ASC, tpcds_partitioned_parquet_snap.date_dim_1.d_moy ASC
|  |  window: RANGE BETWEEN UNBOUNDED PRECEDING AND CURRENT ROW
|  |  mem-estimate=4.00MB mem-reservation=4.00MB spill-buffer=2.00MB thread-reservation=0
|  |  tuple-ids=47,46 row-size=104B cardinality=231.11M cost=231106528
|  |  in pipelines: 32(GETNEXT)
|  |
|  32:SORT
|  |  order by: tpcds_partitioned_parquet_snap.item_1.i_category ASC NULLS LAST, tpcds_partitioned_parquet_snap.item_1.i_brand ASC NULLS LAST, tpcds_partitioned_parquet_snap.call_center_1.cc_name ASC NULLS LAST, tpcds_partitioned_parquet_snap.date_dim_1.d_year ASC NULLS LAST, tpcds_partitioned_parquet_snap.date_dim_1.d_moy ASC NULLS LAST
|  |  mem-estimate=234.64MB mem-reservation=12.00MB spill-buffer=2.00MB thread-reservation=0
|  |  tuple-ids=47 row-size=96B cardinality=231.11M cost=1057317269
|  |  in pipelines: 32(GETNEXT), 54(OPEN)
|  |
|  55:EXCHANGE [HASH(tpcds_partitioned_parquet_snap.item_1.i_category,tpcds_partitioned_parquet_snap.item_1.i_brand,tpcds_partitioned_parquet_snap.call_center_1.cc_name)]
|  |  mem-estimate=20.72MB mem-reservation=0B thread-reservation=0
|  |  tuple-ids=42 row-size=96B cardinality=231.11M cost=127535142
|  |  in pipelines: 54(GETNEXT)
|  |
|  F16:PLAN FRAGMENT [HASH(tpcds_partitioned_parquet_snap.item_1.i_category,tpcds_partitioned_parquet_snap.item_1.i_brand,tpcds_partitioned_parquet_snap.call_center_1.cc_name,tpcds_partitioned_parquet_snap.date_dim_1.d_year,tpcds_partitioned_parquet_snap.date_dim_1.d_moy)] hosts=10 instances=110 (adjusted from 120)
|  Per-Instance Resources: mem-estimate=251.11MB mem-reservation=34.00MB thread-reservation=1
|  max-parallelism=160 segment-costs=[1491664575, 1545094974] cpu-comparison-result=110 [max(110 (self) vs 98 (sum children))]
|  54:AGGREGATE [FINALIZE]
|  |  output: sum:merge(tpcds_partitioned_parquet_snap.catalog_sales_1.cs_sales_price)
|  |  group by: tpcds_partitioned_parquet_snap.item_1.i_category, tpcds_partitioned_parquet_snap.item_1.i_brand, tpcds_partitioned_parquet_snap.call_center_1.cc_name, tpcds_partitioned_parquet_snap.date_dim_1.d_year, tpcds_partitioned_parquet_snap.date_dim_1.d_moy
|  |  mem-estimate=216.02MB mem-reservation=34.00MB spill-buffer=2.00MB thread-reservation=0
|  |  tuple-ids=42 row-size=96B cardinality=231.11M cost=1364129433
|  |  in pipelines: 54(GETNEXT), 24(OPEN)
|  |
|  53:EXCHANGE [HASH(tpcds_partitioned_parquet_snap.item_1.i_category,tpcds_partitioned_parquet_snap.item_1.i_brand,tpcds_partitioned_parquet_snap.call_center_1.cc_name,tpcds_partitioned_parquet_snap.date_dim_1.d_year,tpcds_partitioned_parquet_snap.date_dim_1.d_moy)]
|  |  mem-estimate=19.55MB mem-reservation=0B thread-reservation=0
|  |  tuple-ids=42 row-size=96B cardinality=231.11M cost=127535142
|  |  in pipelines: 24(GETNEXT)
|  |
|  F12:PLAN FRAGMENT [RANDOM] hosts=10 instances=98 (adjusted from 120)
|  Per-Host Shared Resources: mem-estimate=3.00MB mem-reservation=3.00MB thread-reservation=0 runtime-filters-memory=3.00MB
|  Per-Instance Resources: mem-estimate=240.74MB mem-reservation=35.00MB thread-reservation=1
|  max-parallelism=98 segment-costs=[1720949208, 1545094974] cpu-comparison-result=98 [max(98 (self) vs 36 (sum children))]
|  31:AGGREGATE [STREAMING]
|  |  output: sum(tpcds_partitioned_parquet_snap.catalog_sales_1.cs_sales_price)
|  |  group by: tpcds_partitioned_parquet_snap.item_1.i_category, tpcds_partitioned_parquet_snap.item_1.i_brand, tpcds_partitioned_parquet_snap.call_center_1.cc_name, tpcds_partitioned_parquet_snap.date_dim_1.d_year, tpcds_partitioned_parquet_snap.date_dim_1.d_moy
|  |  mem-estimate=181.85MB mem-reservation=34.00MB spill-buffer=2.00MB thread-reservation=0
|  |  tuple-ids=42 row-size=96B cardinality=231.11M cost=1364129433
|  |  in pipelines: 24(GETNEXT)
|  |
|  30:HASH JOIN [INNER JOIN, BROADCAST]
|  |  hash-table-id=01
|  |  hash predicates: tpcds_partitioned_parquet_snap.catalog_sales_1.cs_call_center_sk = tpcds_partitioned_parquet_snap.call_center_1.cc_call_center_sk
|  |  fk/pk conjuncts: tpcds_partitioned_parquet_snap.catalog_sales_1.cs_call_center_sk = tpcds_partitioned_parquet_snap.call_center_1.cc_call_center_sk
|  |  mem-estimate=0B mem-reservation=0B spill-buffer=64.00KB thread-reservation=0
|  |  tuple-ids=34,36,38,40 row-size=108B cardinality=231.11M cost=101155330
|  |  in pipelines: 24(GETNEXT), 29(OPEN)
|  |
|  |--F20:PLAN FRAGMENT [RANDOM] hosts=10 instances=10
|  |  |  Per-Instance Resources: mem-estimate=20.39MB mem-reservation=20.38MB thread-reservation=1 runtime-filters-memory=1.00MB
|  |  |  max-parallelism=10 segment-costs=[108]
|  |  JOIN BUILD
|  |  |  join-table-id=01 plan-id=02 cohort-id=02
|  |  |  build expressions: tpcds_partitioned_parquet_snap.call_center_1.cc_call_center_sk
|  |  |  runtime filters: RF012[bloom] <- tpcds_partitioned_parquet_snap.call_center_1.cc_call_center_sk, RF013[min_max] <- tpcds_partitioned_parquet_snap.call_center_1.cc_call_center_sk
|  |  |  mem-estimate=19.38MB mem-reservation=19.38MB spill-buffer=64.00KB thread-reservation=0 cost=48
|  |  |
|  |  52:EXCHANGE [BROADCAST]
|  |  |  mem-estimate=16.00KB mem-reservation=0B thread-reservation=0
|  |  |  tuple-ids=40 row-size=30B cardinality=48 cost=60
|  |  |  in pipelines: 29(GETNEXT)
|  |  |
|  |  F15:PLAN FRAGMENT [RANDOM] hosts=1 instances=1
|  |  Per-Instance Resources: mem-estimate=16.13MB mem-reservation=16.00KB thread-reservation=1
|  |  max-parallelism=1 segment-costs=[16]
|  |  29:SCAN HDFS [tpcds_partitioned_parquet_snap.call_center, RANDOM]
|  |     HDFS partitions=1/1 files=1 size=16.57KB
|  |     stored statistics:
|  |       table: rows=48 size=16.57KB
|  |       columns: all
|  |     extrapolated-rows=disabled max-scan-range-rows=48
|  |     mem-estimate=16.00MB mem-reservation=16.00KB thread-reservation=0
|  |     tuple-ids=40 row-size=30B cardinality=48 cost=12
|  |     in pipelines: 29(GETNEXT)
|  |
|  28:HASH JOIN [INNER JOIN, BROADCAST]
|  |  hash-table-id=02
|  |  hash predicates: tpcds_partitioned_parquet_snap.catalog_sales_1.cs_item_sk = tpcds_partitioned_parquet_snap.item_1.i_item_sk
|  |  fk/pk conjuncts: tpcds_partitioned_parquet_snap.catalog_sales_1.cs_item_sk = tpcds_partitioned_parquet_snap.item_1.i_item_sk
|  |  mem-estimate=0B mem-reservation=0B spill-buffer=2.00MB thread-reservation=0
|  |  tuple-ids=34,36,38 row-size=78B cardinality=231.11M cost=101184969
|  |  in pipelines: 24(GETNEXT), 27(OPEN)
|  |
|  |--F21:PLAN FRAGMENT [RANDOM] hosts=10 instances=10
|  |  |  Per-Instance Resources: mem-estimate=351.21MB mem-reservation=341.00MB thread-reservation=1 runtime-filters-memory=1.00MB
|  |  |  max-parallelism=10 segment-costs=[838440]
|  |  JOIN BUILD
|  |  |  join-table-id=02 plan-id=03 cohort-id=02
|  |  |  build expressions: tpcds_partitioned_parquet_snap.item_1.i_item_sk
|  |  |  runtime filters: RF014[bloom] <- tpcds_partitioned_parquet_snap.item_1.i_item_sk, RF015[min_max] <- tpcds_partitioned_parquet_snap.item_1.i_item_sk
|  |  |  mem-estimate=340.00MB mem-reservation=340.00MB spill-buffer=2.00MB thread-reservation=0 cost=360000
|  |  |
|  |  51:EXCHANGE [BROADCAST]
|  |  |  mem-estimate=10.21MB mem-reservation=0B thread-reservation=0
|  |  |  tuple-ids=38 row-size=50B cardinality=360.00K cost=478440
|  |  |  in pipelines: 27(GETNEXT)
|  |  |
|  |  F14:PLAN FRAGMENT [RANDOM] hosts=4 instances=4
|  |  Per-Instance Resources: mem-estimate=16.21MB mem-reservation=512.00KB thread-reservation=1
|  |  max-parallelism=4 segment-costs=[191555]
|  |  27:SCAN HDFS [tpcds_partitioned_parquet_snap.item, RANDOM]
|  |     HDFS partitions=1/1 files=1 size=33.54MB
|  |     stored statistics:
|  |       table: rows=360.00K size=33.54MB
|  |       columns: all
|  |     extrapolated-rows=disabled max-scan-range-rows=101.54K
|  |     mem-estimate=16.00MB mem-reservation=512.00KB thread-reservation=0
|  |     tuple-ids=38 row-size=50B cardinality=360.00K cost=135117
|  |     in pipelines: 27(GETNEXT)
|  |
|  26:HASH JOIN [INNER JOIN, BROADCAST]
|  |  hash-table-id=03
|  |  hash predicates: tpcds_partitioned_parquet_snap.catalog_sales_1.cs_sold_date_sk = tpcds_partitioned_parquet_snap.date_dim_1.d_date_sk
|  |  fk/pk conjuncts: tpcds_partitioned_parquet_snap.catalog_sales_1.cs_sold_date_sk = tpcds_partitioned_parquet_snap.date_dim_1.d_date_sk
|  |  mem-estimate=0B mem-reservation=0B spill-buffer=64.00KB thread-reservation=0
|  |  tuple-ids=34,36 row-size=28B cardinality=231.22M cost=101205907
|  |  in pipelines: 24(GETNEXT), 25(OPEN)
|  |
|  |--F22:PLAN FRAGMENT [RANDOM] hosts=10 instances=10
|  |  |  Per-Instance Resources: mem-estimate=20.39MB mem-reservation=20.38MB thread-reservation=1 runtime-filters-memory=1.00MB
|  |  |  max-parallelism=10 segment-costs=[228]
|  |  JOIN BUILD
|  |  |  join-table-id=03 plan-id=04 cohort-id=02
|  |  |  build expressions: tpcds_partitioned_parquet_snap.date_dim_1.d_date_sk
|  |  |  runtime filters: RF016[bloom] <- tpcds_partitioned_parquet_snap.date_dim_1.d_date_sk
|  |  |  mem-estimate=19.38MB mem-reservation=19.38MB spill-buffer=64.00KB thread-reservation=0 cost=98
|  |  |
|  |  50:EXCHANGE [BROADCAST]
|  |  |  mem-estimate=16.00KB mem-reservation=0B thread-reservation=0
|  |  |  tuple-ids=36 row-size=12B cardinality=98 cost=130
|  |  |  in pipelines: 25(GETNEXT)
|  |  |
|  |  F13:PLAN FRAGMENT [RANDOM] hosts=1 instances=1
|  |  Per-Instance Resources: mem-estimate=16.06MB mem-reservation=512.00KB thread-reservation=1
|  |  max-parallelism=1 segment-costs=[20838]
|  |  25:SCAN HDFS [tpcds_partitioned_parquet_snap.date_dim, RANDOM]
|  |     HDFS partitions=1/1 files=1 size=2.17MB
|  |     predicates: tpcds_partitioned_parquet_snap.date_dim_1.d_year = CAST(2001 AS INT) OR tpcds_partitioned_parquet_snap.date_dim_1.d_year = subtract(CAST(2001 AS INT), CAST(1 AS INT)) OR tpcds_partitioned_parquet_snap.date_dim_1.d_year = add(CAST(2001 AS INT), CAST(1 AS INT)), tpcds_partitioned_parquet_snap.date_dim_1.d_year = CAST(2001 AS INT) OR tpcds_partitioned_parquet_snap.date_dim_1.d_moy = CAST(12 AS INT) OR tpcds_partitioned_parquet_snap.date_dim_1.d_year = add(CAST(2001 AS INT), CAST(1 AS INT)), tpcds_partitioned_parquet_snap.date_dim_1.d_year = CAST(2001 AS INT) OR tpcds_partitioned_parquet_snap.date_dim_1.d_year = subtract(CAST(2001 AS INT), CAST(1 AS INT)) OR tpcds_partitioned_parquet_snap.date_dim_1.d_moy = CAST(1 AS INT), tpcds_partitioned_parquet_snap.date_dim_1.d_year = CAST(2001 AS INT) OR tpcds_partitioned_parquet_snap.date_dim_1.d_moy = CAST(1 AS INT) OR tpcds_partitioned_parquet_snap.date_dim_1.d_moy = CAST(12 AS INT)
|  |     stored statistics:
|  |       table: rows=73.05K size=2.17MB
|  |       columns: all
|  |     extrapolated-rows=disabled max-scan-range-rows=73.05K
|  |     parquet dictionary predicates: tpcds_partitioned_parquet_snap.date_dim_1.d_year = CAST(2001 AS INT) OR tpcds_partitioned_parquet_snap.date_dim_1.d_year = subtract(CAST(2001 AS INT), CAST(1 AS INT)) OR tpcds_partitioned_parquet_snap.date_dim_1.d_year = add(CAST(2001 AS INT), CAST(1 AS INT))
|  |     mem-estimate=16.00MB mem-reservation=512.00KB thread-reservation=0
|  |     tuple-ids=36 row-size=12B cardinality=98 cost=20833
|  |     in pipelines: 25(GETNEXT)
|  |
|  24:SCAN HDFS [tpcds_partitioned_parquet_snap.catalog_sales, RANDOM]
|     HDFS partitions=1831/1831 files=1831 size=280.96GB
|     runtime filters: RF015[min_max] -> tpcds_partitioned_parquet_snap.catalog_sales_1.cs_item_sk, RF013[min_max] -> tpcds_partitioned_parquet_snap.catalog_sales_1.cs_call_center_sk, RF016[bloom] -> tpcds_partitioned_parquet_snap.catalog_sales_1.cs_sold_date_sk, RF014[bloom] -> tpcds_partitioned_parquet_snap.catalog_sales_1.cs_item_sk, RF012[bloom] -> tpcds_partitioned_parquet_snap.catalog_sales_1.cs_call_center_sk
|     stored statistics:
|       table: rows=4.32G size=280.96GB
|       partitions: 1831/1831 rows=4.32G
|       columns: all
|     extrapolated-rows=disabled max-scan-range-rows=21.52M est-scan-range=98(filtered from 1831)
|     mem-estimate=16.00MB mem-reservation=1.00MB thread-reservation=0
|     tuple-ids=34 row-size=16B cardinality=231.22M(filtered from 4.32G) cost=53273569
|     in pipelines: 24(GETNEXT)
|
23:HASH JOIN [INNER JOIN, BROADCAST]
|  hash-table-id=04
|  hash predicates: add(rank(), 1) = rank(), tpcds_partitioned_parquet_snap.item_0.i_category = tpcds_partitioned_parquet_snap.item.i_category, tpcds_partitioned_parquet_snap.call_center_0.cc_name = tpcds_partitioned_parquet_snap.call_center.cc_name, tpcds_partitioned_parquet_snap.item_0.i_brand = tpcds_partitioned_parquet_snap.item.i_brand
|  fk/pk conjuncts: none
|  mem-estimate=0B mem-reservation=0B spill-buffer=2.00MB thread-reservation=0
|  tuple-ids=32,31,17,12 row-size=224B cardinality=124.71G cost=22656167716
|  in pipelines: 21(GETNEXT), 10(OPEN)
|
|--F23:PLAN FRAGMENT [HASH(tpcds_partitioned_parquet_snap.item_0.i_category,tpcds_partitioned_parquet_snap.item_0.i_brand,tpcds_partitioned_parquet_snap.call_center_0.cc_name)] hosts=10 instances=10
|  |  Per-Instance Resources: mem-estimate=431.73MB mem-reservation=408.00MB thread-reservation=1
|  |  max-parallelism=10 segment-costs=[868409] cpu-comparison-result=110 [max(10 (self) vs 110 (sum children))]
|  JOIN BUILD
|  |  join-table-id=04 plan-id=05 cohort-id=01
|  |  build expressions: rank(), tpcds_partitioned_parquet_snap.item.i_category, tpcds_partitioned_parquet_snap.call_center.cc_name, tpcds_partitioned_parquet_snap.item.i_brand
|  |  mem-estimate=408.00MB mem-reservation=408.00MB spill-buffer=2.00MB thread-reservation=0 cost=372869
|  |
|  49:EXCHANGE [BROADCAST]
|  |  mem-estimate=23.73MB mem-reservation=0B thread-reservation=0
|  |  tuple-ids=17,12 row-size=120B cardinality=372.87K cost=495540
|  |  in pipelines: 10(GETNEXT)
|  |
|  F11:PLAN FRAGMENT [HASH(tpcds_partitioned_parquet_snap.item.i_category,tpcds_partitioned_parquet_snap.item.i_brand,tpcds_partitioned_parquet_snap.call_center.cc_name)] hosts=10 instances=110 (adjusted from 120)
|  Per-Instance Resources: mem-estimate=407.98MB mem-reservation=32.00MB thread-reservation=1
|  max-parallelism=140 segment-costs=[1184852411, 1368848880, 924562810] cpu-comparison-result=110 [max(110 (self) vs 110 (sum children))]
|  12:SELECT
|  |  predicates: tpcds_partitioned_parquet_snap.date_dim.d_year = CAST(2001 AS INT), CASE WHEN avg(sum(tpcds_partitioned_parquet_snap.catalog_sales.cs_sales_price)) > CAST(0 AS DECIMAL(3,0)) THEN divide(abs(subtract(sum(tpcds_partitioned_parquet_snap.catalog_sales.cs_sales_price), avg(sum(tpcds_partitioned_parquet_snap.catalog_sales.cs_sales_price)))), avg(sum(tpcds_partitioned_parquet_snap.catalog_sales.cs_sales_price))) ELSE NULL END > CAST(0.1 AS DECIMAL(2,1)), avg(sum(tpcds_partitioned_parquet_snap.catalog_sales.cs_sales_price)) > CAST(0 AS DECIMAL(3,0))
|  |  mem-estimate=0B mem-reservation=0B thread-reservation=0
|  |  tuple-ids=17,12 row-size=120B cardinality=372.87K cost=693319552
|  |  in pipelines: 10(GETNEXT)
|  |
|  11:ANALYTIC
|  |  functions: avg(sum(tpcds_partitioned_parquet_snap.catalog_sales.cs_sales_price))
|  |  partition by: tpcds_partitioned_parquet_snap.item.i_category, tpcds_partitioned_parquet_snap.item.i_brand, tpcds_partitioned_parquet_snap.call_center.cc_name, tpcds_partitioned_parquet_snap.date_dim.d_year
|  |  window: RANGE BETWEEN UNBOUNDED PRECEDING AND UNBOUNDED FOLLOWING
|  |  mem-estimate=4.00MB mem-reservation=4.00MB spill-buffer=2.00MB thread-reservation=0
|  |  tuple-ids=17,12 row-size=120B cardinality=231.11M cost=231106528
|  |  in pipelines: 10(GETNEXT)
|  |
|  10:SORT
|  |  order by: tpcds_partitioned_parquet_snap.item.i_category ASC NULLS LAST, tpcds_partitioned_parquet_snap.item.i_brand ASC NULLS LAST, tpcds_partitioned_parquet_snap.call_center.cc_name ASC NULLS LAST, tpcds_partitioned_parquet_snap.date_dim.d_year ASC NULLS LAST
|  |  mem-estimate=208.01MB mem-reservation=12.00MB spill-buffer=2.00MB thread-reservation=0
|  |  tuple-ids=17 row-size=104B cardinality=231.11M cost=1137742352
|  |  in pipelines: 10(GETNEXT), 08(OPEN)
|  |
|  09:ANALYTIC
|  |  functions: rank()
|  |  partition by: tpcds_partitioned_parquet_snap.item.i_category, tpcds_partitioned_parquet_snap.item.i_brand, tpcds_partitioned_parquet_snap.call_center.cc_name
|  |  order by: tpcds_partitioned_parquet_snap.date_dim.d_year ASC, tpcds_partitioned_parquet_snap.date_dim.d_moy ASC
|  |  window: RANGE BETWEEN UNBOUNDED PRECEDING AND CURRENT ROW
|  |  mem-estimate=4.00MB mem-reservation=4.00MB spill-buffer=2.00MB thread-reservation=0
|  |  tuple-ids=15,14 row-size=104B cardinality=231.11M cost=231106528
|  |  in pipelines: 08(GETNEXT)
|  |
|  08:SORT
|  |  order by: tpcds_partitioned_parquet_snap.item.i_category ASC NULLS LAST, tpcds_partitioned_parquet_snap.item.i_brand ASC NULLS LAST, tpcds_partitioned_parquet_snap.call_center.cc_name ASC NULLS LAST, tpcds_partitioned_parquet_snap.date_dim.d_year ASC NULLS LAST, tpcds_partitioned_parquet_snap.date_dim.d_moy ASC NULLS LAST
|  |  mem-estimate=191.98MB mem-reservation=12.00MB spill-buffer=2.00MB thread-reservation=0
|  |  tuple-ids=15 row-size=96B cardinality=231.11M cost=1057317269
|  |  in pipelines: 08(GETNEXT), 47(OPEN)
|  |
|  48:EXCHANGE [HASH(tpcds_partitioned_parquet_snap.item.i_category,tpcds_partitioned_parquet_snap.item.i_brand,tpcds_partitioned_parquet_snap.call_center.cc_name)]
|  |  mem-estimate=20.72MB mem-reservation=0B thread-reservation=0
|  |  tuple-ids=8 row-size=96B cardinality=231.11M cost=127535142
|  |  in pipelines: 47(GETNEXT)
|  |
|  F10:PLAN FRAGMENT [HASH(tpcds_partitioned_parquet_snap.item.i_category,tpcds_partitioned_parquet_snap.item.i_brand,tpcds_partitioned_parquet_snap.call_center.cc_name,tpcds_partitioned_parquet_snap.date_dim.d_year,tpcds_partitioned_parquet_snap.date_dim.d_moy)] hosts=10 instances=110 (adjusted from 120)
|  Per-Instance Resources: mem-estimate=258.91MB mem-reservation=34.00MB thread-reservation=1
|  max-parallelism=160 segment-costs=[1491664575, 1545094974] cpu-comparison-result=110 [max(110 (self) vs 98 (sum children))]
|  47:AGGREGATE [FINALIZE]
|  |  output: sum:merge(tpcds_partitioned_parquet_snap.catalog_sales.cs_sales_price)
|  |  group by: tpcds_partitioned_parquet_snap.item.i_category, tpcds_partitioned_parquet_snap.item.i_brand, tpcds_partitioned_parquet_snap.call_center.cc_name, tpcds_partitioned_parquet_snap.date_dim.d_year, tpcds_partitioned_parquet_snap.date_dim.d_moy
|  |  mem-estimate=216.02MB mem-reservation=34.00MB spill-buffer=2.00MB thread-reservation=0
|  |  tuple-ids=8 row-size=96B cardinality=231.11M cost=1364129433
|  |  in pipelines: 47(GETNEXT), 00(OPEN)
|  |
|  46:EXCHANGE [HASH(tpcds_partitioned_parquet_snap.item.i_category,tpcds_partitioned_parquet_snap.item.i_brand,tpcds_partitioned_parquet_snap.call_center.cc_name,tpcds_partitioned_parquet_snap.date_dim.d_year,tpcds_partitioned_parquet_snap.date_dim.d_moy)]
|  |  mem-estimate=19.55MB mem-reservation=0B thread-reservation=0
|  |  tuple-ids=8 row-size=96B cardinality=231.11M cost=127535142
|  |  in pipelines: 00(GETNEXT)
|  |
|  F06:PLAN FRAGMENT [RANDOM] hosts=10 instances=98 (adjusted from 120)
|  Per-Host Shared Resources: mem-estimate=3.00MB mem-reservation=3.00MB thread-reservation=0 runtime-filters-memory=3.00MB
|  Per-Instance Resources: mem-estimate=240.74MB mem-reservation=35.00MB thread-reservation=1
|  max-parallelism=98 segment-costs=[1720949208, 1545094974] cpu-comparison-result=98 [max(98 (self) vs 36 (sum children))]
|  07:AGGREGATE [STREAMING]
|  |  output: sum(tpcds_partitioned_parquet_snap.catalog_sales.cs_sales_price)
|  |  group by: tpcds_partitioned_parquet_snap.item.i_category, tpcds_partitioned_parquet_snap.item.i_brand, tpcds_partitioned_parquet_snap.call_center.cc_name, tpcds_partitioned_parquet_snap.date_dim.d_year, tpcds_partitioned_parquet_snap.date_dim.d_moy
|  |  mem-estimate=181.85MB mem-reservation=34.00MB spill-buffer=2.00MB thread-reservation=0
|  |  tuple-ids=8 row-size=96B cardinality=231.11M cost=1364129433
|  |  in pipelines: 00(GETNEXT)
|  |
|  06:HASH JOIN [INNER JOIN, BROADCAST]
|  |  hash-table-id=05
|  |  hash predicates: tpcds_partitioned_parquet_snap.catalog_sales.cs_call_center_sk = tpcds_partitioned_parquet_snap.call_center.cc_call_center_sk
|  |  fk/pk conjuncts: tpcds_partitioned_parquet_snap.catalog_sales.cs_call_center_sk = tpcds_partitioned_parquet_snap.call_center.cc_call_center_sk
|  |  mem-estimate=0B mem-reservation=0B spill-buffer=64.00KB thread-reservation=0
|  |  tuple-ids=0,2,4,6 row-size=108B cardinality=231.11M cost=101155330
|  |  in pipelines: 00(GETNEXT), 05(OPEN)
|  |
|  |--F24:PLAN FRAGMENT [RANDOM] hosts=10 instances=10
|  |  |  Per-Instance Resources: mem-estimate=20.39MB mem-reservation=20.38MB thread-reservation=1 runtime-filters-memory=1.00MB
|  |  |  max-parallelism=10 segment-costs=[108]
|  |  JOIN BUILD
|  |  |  join-table-id=05 plan-id=06 cohort-id=03
|  |  |  build expressions: tpcds_partitioned_parquet_snap.call_center.cc_call_center_sk
|  |  |  runtime filters: RF006[bloom] <- tpcds_partitioned_parquet_snap.call_center.cc_call_center_sk, RF007[min_max] <- tpcds_partitioned_parquet_snap.call_center.cc_call_center_sk
|  |  |  mem-estimate=19.38MB mem-reservation=19.38MB spill-buffer=64.00KB thread-reservation=0 cost=48
|  |  |
|  |  45:EXCHANGE [BROADCAST]
|  |  |  mem-estimate=16.00KB mem-reservation=0B thread-reservation=0
|  |  |  tuple-ids=6 row-size=30B cardinality=48 cost=60
|  |  |  in pipelines: 05(GETNEXT)
|  |  |
|  |  F09:PLAN FRAGMENT [RANDOM] hosts=1 instances=1
|  |  Per-Instance Resources: mem-estimate=16.13MB mem-reservation=16.00KB thread-reservation=1
|  |  max-parallelism=1 segment-costs=[16]
|  |  05:SCAN HDFS [tpcds_partitioned_parquet_snap.call_center, RANDOM]
|  |     HDFS partitions=1/1 files=1 size=16.57KB
|  |     stored statistics:
|  |       table: rows=48 size=16.57KB
|  |       columns: all
|  |     extrapolated-rows=disabled max-scan-range-rows=48
|  |     mem-estimate=16.00MB mem-reservation=16.00KB thread-reservation=0
|  |     tuple-ids=6 row-size=30B cardinality=48 cost=12
|  |     in pipelines: 05(GETNEXT)
|  |
|  04:HASH JOIN [INNER JOIN, BROADCAST]
|  |  hash-table-id=06
|  |  hash predicates: tpcds_partitioned_parquet_snap.catalog_sales.cs_item_sk = tpcds_partitioned_parquet_snap.item.i_item_sk
|  |  fk/pk conjuncts: tpcds_partitioned_parquet_snap.catalog_sales.cs_item_sk = tpcds_partitioned_parquet_snap.item.i_item_sk
|  |  mem-estimate=0B mem-reservation=0B spill-buffer=2.00MB thread-reservation=0
|  |  tuple-ids=0,2,4 row-size=78B cardinality=231.11M cost=101184969
|  |  in pipelines: 00(GETNEXT), 03(OPEN)
|  |
|  |--F25:PLAN FRAGMENT [RANDOM] hosts=10 instances=10
|  |  |  Per-Instance Resources: mem-estimate=351.21MB mem-reservation=341.00MB thread-reservation=1 runtime-filters-memory=1.00MB
|  |  |  max-parallelism=10 segment-costs=[838440]
|  |  JOIN BUILD
|  |  |  join-table-id=06 plan-id=07 cohort-id=03
|  |  |  build expressions: tpcds_partitioned_parquet_snap.item.i_item_sk
|  |  |  runtime filters: RF008[bloom] <- tpcds_partitioned_parquet_snap.item.i_item_sk, RF009[min_max] <- tpcds_partitioned_parquet_snap.item.i_item_sk
|  |  |  mem-estimate=340.00MB mem-reservation=340.00MB spill-buffer=2.00MB thread-reservation=0 cost=360000
|  |  |
|  |  44:EXCHANGE [BROADCAST]
|  |  |  mem-estimate=10.21MB mem-reservation=0B thread-reservation=0
|  |  |  tuple-ids=4 row-size=50B cardinality=360.00K cost=478440
|  |  |  in pipelines: 03(GETNEXT)
|  |  |
|  |  F08:PLAN FRAGMENT [RANDOM] hosts=4 instances=4
|  |  Per-Instance Resources: mem-estimate=16.21MB mem-reservation=512.00KB thread-reservation=1
|  |  max-parallelism=4 segment-costs=[191555]
|  |  03:SCAN HDFS [tpcds_partitioned_parquet_snap.item, RANDOM]
|  |     HDFS partitions=1/1 files=1 size=33.54MB
|  |     stored statistics:
|  |       table: rows=360.00K size=33.54MB
|  |       columns: all
|  |     extrapolated-rows=disabled max-scan-range-rows=101.54K
|  |     mem-estimate=16.00MB mem-reservation=512.00KB thread-reservation=0
|  |     tuple-ids=4 row-size=50B cardinality=360.00K cost=135117
|  |     in pipelines: 03(GETNEXT)
|  |
|  02:HASH JOIN [INNER JOIN, BROADCAST]
|  |  hash-table-id=07
|  |  hash predicates: tpcds_partitioned_parquet_snap.catalog_sales.cs_sold_date_sk = tpcds_partitioned_parquet_snap.date_dim.d_date_sk
|  |  fk/pk conjuncts: tpcds_partitioned_parquet_snap.catalog_sales.cs_sold_date_sk = tpcds_partitioned_parquet_snap.date_dim.d_date_sk
|  |  mem-estimate=0B mem-reservation=0B spill-buffer=64.00KB thread-reservation=0
|  |  tuple-ids=0,2 row-size=28B cardinality=231.22M cost=101205907
|  |  in pipelines: 00(GETNEXT), 01(OPEN)
|  |
|  |--F26:PLAN FRAGMENT [RANDOM] hosts=10 instances=10
|  |  |  Per-Instance Resources: mem-estimate=20.39MB mem-reservation=20.38MB thread-reservation=1 runtime-filters-memory=1.00MB
|  |  |  max-parallelism=10 segment-costs=[228]
|  |  JOIN BUILD
|  |  |  join-table-id=07 plan-id=08 cohort-id=03
|  |  |  build expressions: tpcds_partitioned_parquet_snap.date_dim.d_date_sk
|  |  |  runtime filters: RF010[bloom] <- tpcds_partitioned_parquet_snap.date_dim.d_date_sk
|  |  |  mem-estimate=19.38MB mem-reservation=19.38MB spill-buffer=64.00KB thread-reservation=0 cost=98
|  |  |
|  |  43:EXCHANGE [BROADCAST]
|  |  |  mem-estimate=16.00KB mem-reservation=0B thread-reservation=0
|  |  |  tuple-ids=2 row-size=12B cardinality=98 cost=130
|  |  |  in pipelines: 01(GETNEXT)
|  |  |
|  |  F07:PLAN FRAGMENT [RANDOM] hosts=1 instances=1
|  |  Per-Instance Resources: mem-estimate=16.06MB mem-reservation=512.00KB thread-reservation=1
|  |  max-parallelism=1 segment-costs=[20838]
|  |  01:SCAN HDFS [tpcds_partitioned_parquet_snap.date_dim, RANDOM]
|  |     HDFS partitions=1/1 files=1 size=2.17MB
|  |     predicates: tpcds_partitioned_parquet_snap.date_dim.d_year = CAST(2001 AS INT) OR tpcds_partitioned_parquet_snap.date_dim.d_year = subtract(CAST(2001 AS INT), CAST(1 AS INT)) OR tpcds_partitioned_parquet_snap.date_dim.d_year = add(CAST(2001 AS INT), CAST(1 AS INT)), tpcds_partitioned_parquet_snap.date_dim.d_year = CAST(2001 AS INT) OR tpcds_partitioned_parquet_snap.date_dim.d_moy = CAST(12 AS INT) OR tpcds_partitioned_parquet_snap.date_dim.d_year = add(CAST(2001 AS INT), CAST(1 AS INT)), tpcds_partitioned_parquet_snap.date_dim.d_year = CAST(2001 AS INT) OR tpcds_partitioned_parquet_snap.date_dim.d_year = subtract(CAST(2001 AS INT), CAST(1 AS INT)) OR tpcds_partitioned_parquet_snap.date_dim.d_moy = CAST(1 AS INT), tpcds_partitioned_parquet_snap.date_dim.d_year = CAST(2001 AS INT) OR tpcds_partitioned_parquet_snap.date_dim.d_moy = CAST(1 AS INT) OR tpcds_partitioned_parquet_snap.date_dim.d_moy = CAST(12 AS INT)
|  |     stored statistics:
|  |       table: rows=73.05K size=2.17MB
|  |       columns: all
|  |     extrapolated-rows=disabled max-scan-range-rows=73.05K
|  |     parquet dictionary predicates: tpcds_partitioned_parquet_snap.date_dim.d_year = CAST(2001 AS INT) OR tpcds_partitioned_parquet_snap.date_dim.d_year = subtract(CAST(2001 AS INT), CAST(1 AS INT)) OR tpcds_partitioned_parquet_snap.date_dim.d_year = add(CAST(2001 AS INT), CAST(1 AS INT))
|  |     mem-estimate=16.00MB mem-reservation=512.00KB thread-reservation=0
|  |     tuple-ids=2 row-size=12B cardinality=98 cost=20833
|  |     in pipelines: 01(GETNEXT)
|  |
|  00:SCAN HDFS [tpcds_partitioned_parquet_snap.catalog_sales, RANDOM]
|     HDFS partitions=1831/1831 files=1831 size=280.96GB
|     runtime filters: RF009[min_max] -> tpcds_partitioned_parquet_snap.catalog_sales.cs_item_sk, RF007[min_max] -> tpcds_partitioned_parquet_snap.catalog_sales.cs_call_center_sk, RF010[bloom] -> tpcds_partitioned_parquet_snap.catalog_sales.cs_sold_date_sk, RF008[bloom] -> tpcds_partitioned_parquet_snap.catalog_sales.cs_item_sk, RF006[bloom] -> tpcds_partitioned_parquet_snap.catalog_sales.cs_call_center_sk
|     stored statistics:
|       table: rows=4.32G size=280.96GB
|       partitions: 1831/1831 rows=4.32G
|       columns: all
|     extrapolated-rows=disabled max-scan-range-rows=21.52M est-scan-range=98(filtered from 1831)
|     mem-estimate=16.00MB mem-reservation=1.00MB thread-reservation=0
|     tuple-ids=0 row-size=16B cardinality=231.22M(filtered from 4.32G) cost=53273569
|     in pipelines: 00(GETNEXT)
|
22:ANALYTIC
|  functions: rank()
|  partition by: tpcds_partitioned_parquet_snap.item_0.i_category, tpcds_partitioned_parquet_snap.item_0.i_brand, tpcds_partitioned_parquet_snap.call_center_0.cc_name
|  order by: tpcds_partitioned_parquet_snap.date_dim_0.d_year ASC, tpcds_partitioned_parquet_snap.date_dim_0.d_moy ASC
|  window: RANGE BETWEEN UNBOUNDED PRECEDING AND CURRENT ROW
|  mem-estimate=4.00MB mem-reservation=4.00MB spill-buffer=2.00MB thread-reservation=0
|  tuple-ids=32,31 row-size=104B cardinality=231.11M cost=231106528
|  in pipelines: 21(GETNEXT)
|
21:SORT
|  order by: tpcds_partitioned_parquet_snap.item_0.i_category ASC NULLS LAST, tpcds_partitioned_parquet_snap.item_0.i_brand ASC NULLS LAST, tpcds_partitioned_parquet_snap.call_center_0.cc_name ASC NULLS LAST, tpcds_partitioned_parquet_snap.date_dim_0.d_year ASC NULLS LAST, tpcds_partitioned_parquet_snap.date_dim_0.d_moy ASC NULLS LAST
|  mem-estimate=175.98MB mem-reservation=12.00MB spill-buffer=2.00MB thread-reservation=0
|  tuple-ids=32 row-size=96B cardinality=231.11M cost=1057317269
|  in pipelines: 21(GETNEXT), 41(OPEN)
|
42:EXCHANGE [HASH(tpcds_partitioned_parquet_snap.item_0.i_category,tpcds_partitioned_parquet_snap.item_0.i_brand,tpcds_partitioned_parquet_snap.call_center_0.cc_name)]
|  mem-estimate=20.72MB mem-reservation=0B thread-reservation=0
|  tuple-ids=27 row-size=96B cardinality=231.11M cost=127535142
|  in pipelines: 41(GETNEXT)
|
F04:PLAN FRAGMENT [HASH(tpcds_partitioned_parquet_snap.item_0.i_category,tpcds_partitioned_parquet_snap.item_0.i_brand,tpcds_partitioned_parquet_snap.call_center_0.cc_name,tpcds_partitioned_parquet_snap.date_dim_0.d_year,tpcds_partitioned_parquet_snap.date_dim_0.d_moy)] hosts=10 instances=110 (adjusted from 120)
Per-Instance Resources: mem-estimate=262.81MB mem-reservation=34.00MB thread-reservation=1
max-parallelism=160 segment-costs=[1491664575, 1545094974] cpu-comparison-result=110 [max(110 (self) vs 98 (sum children))]
41:AGGREGATE [FINALIZE]
|  output: sum:merge(tpcds_partitioned_parquet_snap.catalog_sales_0.cs_sales_price)
|  group by: tpcds_partitioned_parquet_snap.item_0.i_category, tpcds_partitioned_parquet_snap.item_0.i_brand, tpcds_partitioned_parquet_snap.call_center_0.cc_name, tpcds_partitioned_parquet_snap.date_dim_0.d_year, tpcds_partitioned_parquet_snap.date_dim_0.d_moy
|  mem-estimate=216.02MB mem-reservation=34.00MB spill-buffer=2.00MB thread-reservation=0
|  tuple-ids=27 row-size=96B cardinality=231.11M cost=1364129433
|  in pipelines: 41(GETNEXT), 13(OPEN)
|
40:EXCHANGE [HASH(tpcds_partitioned_parquet_snap.item_0.i_category,tpcds_partitioned_parquet_snap.item_0.i_brand,tpcds_partitioned_parquet_snap.call_center_0.cc_name,tpcds_partitioned_parquet_snap.date_dim_0.d_year,tpcds_partitioned_parquet_snap.date_dim_0.d_moy)]
|  mem-estimate=19.55MB mem-reservation=0B thread-reservation=0
|  tuple-ids=27 row-size=96B cardinality=231.11M cost=127535142
|  in pipelines: 13(GETNEXT)
|
F00:PLAN FRAGMENT [RANDOM] hosts=10 instances=98 (adjusted from 120)
Per-Host Shared Resources: mem-estimate=3.00MB mem-reservation=3.00MB thread-reservation=0 runtime-filters-memory=3.00MB
Per-Instance Resources: mem-estimate=240.74MB mem-reservation=35.00MB thread-reservation=1
max-parallelism=98 segment-costs=[1720949208, 1545094974] cpu-comparison-result=98 [max(98 (self) vs 36 (sum children))]
20:AGGREGATE [STREAMING]
|  output: sum(tpcds_partitioned_parquet_snap.catalog_sales_0.cs_sales_price)
|  group by: tpcds_partitioned_parquet_snap.item_0.i_category, tpcds_partitioned_parquet_snap.item_0.i_brand, tpcds_partitioned_parquet_snap.call_center_0.cc_name, tpcds_partitioned_parquet_snap.date_dim_0.d_year, tpcds_partitioned_parquet_snap.date_dim_0.d_moy
|  mem-estimate=181.85MB mem-reservation=34.00MB spill-buffer=2.00MB thread-reservation=0
|  tuple-ids=27 row-size=96B cardinality=231.11M cost=1364129433
|  in pipelines: 13(GETNEXT)
|
19:HASH JOIN [INNER JOIN, BROADCAST]
|  hash-table-id=08
|  hash predicates: tpcds_partitioned_parquet_snap.catalog_sales_0.cs_call_center_sk = tpcds_partitioned_parquet_snap.call_center_0.cc_call_center_sk
|  fk/pk conjuncts: tpcds_partitioned_parquet_snap.catalog_sales_0.cs_call_center_sk = tpcds_partitioned_parquet_snap.call_center_0.cc_call_center_sk
|  mem-estimate=0B mem-reservation=0B spill-buffer=64.00KB thread-reservation=0
|  tuple-ids=19,21,23,25 row-size=108B cardinality=231.11M cost=101155330
|  in pipelines: 13(GETNEXT), 18(OPEN)
|
|--F27:PLAN FRAGMENT [RANDOM] hosts=10 instances=10
|  |  Per-Instance Resources: mem-estimate=20.39MB mem-reservation=20.38MB thread-reservation=1 runtime-filters-memory=1.00MB
|  |  max-parallelism=10 segment-costs=[108]
|  JOIN BUILD
|  |  join-table-id=08 plan-id=09 cohort-id=01
|  |  build expressions: tpcds_partitioned_parquet_snap.call_center_0.cc_call_center_sk
|  |  runtime filters: RF000[bloom] <- tpcds_partitioned_parquet_snap.call_center_0.cc_call_center_sk, RF001[min_max] <- tpcds_partitioned_parquet_snap.call_center_0.cc_call_center_sk
|  |  mem-estimate=19.38MB mem-reservation=19.38MB spill-buffer=64.00KB thread-reservation=0 cost=48
|  |
|  39:EXCHANGE [BROADCAST]
|  |  mem-estimate=16.00KB mem-reservation=0B thread-reservation=0
|  |  tuple-ids=25 row-size=30B cardinality=48 cost=60
|  |  in pipelines: 18(GETNEXT)
|  |
|  F03:PLAN FRAGMENT [RANDOM] hosts=1 instances=1
|  Per-Instance Resources: mem-estimate=16.13MB mem-reservation=16.00KB thread-reservation=1
|  max-parallelism=1 segment-costs=[16]
|  18:SCAN HDFS [tpcds_partitioned_parquet_snap.call_center, RANDOM]
|     HDFS partitions=1/1 files=1 size=16.57KB
|     stored statistics:
|       table: rows=48 size=16.57KB
|       columns: all
|     extrapolated-rows=disabled max-scan-range-rows=48
|     mem-estimate=16.00MB mem-reservation=16.00KB thread-reservation=0
|     tuple-ids=25 row-size=30B cardinality=48 cost=12
|     in pipelines: 18(GETNEXT)
|
17:HASH JOIN [INNER JOIN, BROADCAST]
|  hash-table-id=09
|  hash predicates: tpcds_partitioned_parquet_snap.catalog_sales_0.cs_item_sk = tpcds_partitioned_parquet_snap.item_0.i_item_sk
|  fk/pk conjuncts: tpcds_partitioned_parquet_snap.catalog_sales_0.cs_item_sk = tpcds_partitioned_parquet_snap.item_0.i_item_sk
|  mem-estimate=0B mem-reservation=0B spill-buffer=2.00MB thread-reservation=0
|  tuple-ids=19,21,23 row-size=78B cardinality=231.11M cost=101184969
|  in pipelines: 13(GETNEXT), 16(OPEN)
|
|--F28:PLAN FRAGMENT [RANDOM] hosts=10 instances=10
|  |  Per-Instance Resources: mem-estimate=351.21MB mem-reservation=341.00MB thread-reservation=1 runtime-filters-memory=1.00MB
|  |  max-parallelism=10 segment-costs=[838440]
|  JOIN BUILD
|  |  join-table-id=09 plan-id=10 cohort-id=01
|  |  build expressions: tpcds_partitioned_parquet_snap.item_0.i_item_sk
|  |  runtime filters: RF002[bloom] <- tpcds_partitioned_parquet_snap.item_0.i_item_sk, RF003[min_max] <- tpcds_partitioned_parquet_snap.item_0.i_item_sk
|  |  mem-estimate=340.00MB mem-reservation=340.00MB spill-buffer=2.00MB thread-reservation=0 cost=360000
|  |
|  38:EXCHANGE [BROADCAST]
|  |  mem-estimate=10.21MB mem-reservation=0B thread-reservation=0
|  |  tuple-ids=23 row-size=50B cardinality=360.00K cost=478440
|  |  in pipelines: 16(GETNEXT)
|  |
|  F02:PLAN FRAGMENT [RANDOM] hosts=4 instances=4
|  Per-Instance Resources: mem-estimate=16.21MB mem-reservation=512.00KB thread-reservation=1
|  max-parallelism=4 segment-costs=[191555]
|  16:SCAN HDFS [tpcds_partitioned_parquet_snap.item, RANDOM]
|     HDFS partitions=1/1 files=1 size=33.54MB
|     stored statistics:
|       table: rows=360.00K size=33.54MB
|       columns: all
|     extrapolated-rows=disabled max-scan-range-rows=101.54K
|     mem-estimate=16.00MB mem-reservation=512.00KB thread-reservation=0
|     tuple-ids=23 row-size=50B cardinality=360.00K cost=135117
|     in pipelines: 16(GETNEXT)
|
15:HASH JOIN [INNER JOIN, BROADCAST]
|  hash-table-id=10
|  hash predicates: tpcds_partitioned_parquet_snap.catalog_sales_0.cs_sold_date_sk = tpcds_partitioned_parquet_snap.date_dim_0.d_date_sk
|  fk/pk conjuncts: tpcds_partitioned_parquet_snap.catalog_sales_0.cs_sold_date_sk = tpcds_partitioned_parquet_snap.date_dim_0.d_date_sk
|  mem-estimate=0B mem-reservation=0B spill-buffer=64.00KB thread-reservation=0
|  tuple-ids=19,21 row-size=28B cardinality=231.22M cost=101205907
|  in pipelines: 13(GETNEXT), 14(OPEN)
|
|--F29:PLAN FRAGMENT [RANDOM] hosts=10 instances=10
|  |  Per-Instance Resources: mem-estimate=20.39MB mem-reservation=20.38MB thread-reservation=1 runtime-filters-memory=1.00MB
|  |  max-parallelism=10 segment-costs=[228]
|  JOIN BUILD
|  |  join-table-id=10 plan-id=11 cohort-id=01
|  |  build expressions: tpcds_partitioned_parquet_snap.date_dim_0.d_date_sk
|  |  runtime filters: RF004[bloom] <- tpcds_partitioned_parquet_snap.date_dim_0.d_date_sk
|  |  mem-estimate=19.38MB mem-reservation=19.38MB spill-buffer=64.00KB thread-reservation=0 cost=98
|  |
|  37:EXCHANGE [BROADCAST]
|  |  mem-estimate=16.00KB mem-reservation=0B thread-reservation=0
|  |  tuple-ids=21 row-size=12B cardinality=98 cost=130
|  |  in pipelines: 14(GETNEXT)
|  |
|  F01:PLAN FRAGMENT [RANDOM] hosts=1 instances=1
|  Per-Instance Resources: mem-estimate=16.06MB mem-reservation=512.00KB thread-reservation=1
|  max-parallelism=1 segment-costs=[20838]
|  14:SCAN HDFS [tpcds_partitioned_parquet_snap.date_dim, RANDOM]
|     HDFS partitions=1/1 files=1 size=2.17MB
|     predicates: tpcds_partitioned_parquet_snap.date_dim_0.d_year = CAST(2001 AS INT) OR tpcds_partitioned_parquet_snap.date_dim_0.d_year = subtract(CAST(2001 AS INT), CAST(1 AS INT)) OR tpcds_partitioned_parquet_snap.date_dim_0.d_year = add(CAST(2001 AS INT), CAST(1 AS INT)), tpcds_partitioned_parquet_snap.date_dim_0.d_year = CAST(2001 AS INT) OR tpcds_partitioned_parquet_snap.date_dim_0.d_moy = CAST(12 AS INT) OR tpcds_partitioned_parquet_snap.date_dim_0.d_year = add(CAST(2001 AS INT), CAST(1 AS INT)), tpcds_partitioned_parquet_snap.date_dim_0.d_year = CAST(2001 AS INT) OR tpcds_partitioned_parquet_snap.date_dim_0.d_year = subtract(CAST(2001 AS INT), CAST(1 AS INT)) OR tpcds_partitioned_parquet_snap.date_dim_0.d_moy = CAST(1 AS INT), tpcds_partitioned_parquet_snap.date_dim_0.d_year = CAST(2001 AS INT) OR tpcds_partitioned_parquet_snap.date_dim_0.d_moy = CAST(1 AS INT) OR tpcds_partitioned_parquet_snap.date_dim_0.d_moy = CAST(12 AS INT)
|     stored statistics:
|       table: rows=73.05K size=2.17MB
|       columns: all
|     extrapolated-rows=disabled max-scan-range-rows=73.05K
|     parquet dictionary predicates: tpcds_partitioned_parquet_snap.date_dim_0.d_year = CAST(2001 AS INT) OR tpcds_partitioned_parquet_snap.date_dim_0.d_year = subtract(CAST(2001 AS INT), CAST(1 AS INT)) OR tpcds_partitioned_parquet_snap.date_dim_0.d_year = add(CAST(2001 AS INT), CAST(1 AS INT))
|     mem-estimate=16.00MB mem-reservation=512.00KB thread-reservation=0
|     tuple-ids=21 row-size=12B cardinality=98 cost=20833
|     in pipelines: 14(GETNEXT)
|
13:SCAN HDFS [tpcds_partitioned_parquet_snap.catalog_sales, RANDOM]
   HDFS partitions=1831/1831 files=1831 size=280.96GB
   runtime filters: RF003[min_max] -> tpcds_partitioned_parquet_snap.catalog_sales_0.cs_item_sk, RF001[min_max] -> tpcds_partitioned_parquet_snap.catalog_sales_0.cs_call_center_sk, RF004[bloom] -> tpcds_partitioned_parquet_snap.catalog_sales_0.cs_sold_date_sk, RF002[bloom] -> tpcds_partitioned_parquet_snap.catalog_sales_0.cs_item_sk, RF000[bloom] -> tpcds_partitioned_parquet_snap.catalog_sales_0.cs_call_center_sk
   stored statistics:
     table: rows=4.32G size=280.96GB
     partitions: 1831/1831 rows=4.32G
     columns: all
   extrapolated-rows=disabled max-scan-range-rows=21.52M est-scan-range=98(filtered from 1831)
   mem-estimate=16.00MB mem-reservation=1.00MB thread-reservation=0
   tuple-ids=19 row-size=16B cardinality=231.22M(filtered from 4.32G) cost=53273569
   in pipelines: 13(GETNEXT)
---- PARALLELPLANS
Max Per-Host Resource Reservation: Memory=4.72GB Threads=116
Per-Host Resource Estimates: Memory=29.44GB
F18:PLAN FRAGMENT [UNPARTITIONED] hosts=1 instances=1
|  Per-Instance Resources: mem-estimate=5.69MB mem-reservation=4.00MB thread-reservation=1
|  max-parallelism=1 segment-costs=[954] cpu-comparison-result=330 [max(1 (self) vs 330 (sum children))]
PLAN-ROOT SINK
|  output exprs: tpcds_partitioned_parquet_snap.item.i_category, tpcds_partitioned_parquet_snap.item.i_brand, tpcds_partitioned_parquet_snap.call_center.cc_name, tpcds_partitioned_parquet_snap.date_dim.d_year, tpcds_partitioned_parquet_snap.date_dim.d_moy, avg(sum(tpcds_partitioned_parquet_snap.catalog_sales.cs_sales_price)), sum(tpcds_partitioned_parquet_snap.catalog_sales.cs_sales_price), sum(tpcds_partitioned_parquet_snap.catalog_sales_0.cs_sales_price), sum(tpcds_partitioned_parquet_snap.catalog_sales_1.cs_sales_price)
|  mem-estimate=4.00MB mem-reservation=4.00MB spill-buffer=2.00MB thread-reservation=0 cost=900
|
57:MERGING-EXCHANGE [UNPARTITIONED]
|  order by: subtract(sum(tpcds_partitioned_parquet_snap.catalog_sales.cs_sales_price), avg(sum(tpcds_partitioned_parquet_snap.catalog_sales.cs_sales_price))) ASC NULLS LAST, avg(sum(tpcds_partitioned_parquet_snap.catalog_sales.cs_sales_price)) ASC NULLS LAST
|  limit: 100
|  mem-estimate=1.69MB mem-reservation=0B thread-reservation=0
|  tuple-ids=49 row-size=144B cardinality=100 cost=54
|  in pipelines: 36(GETNEXT)
|
F05:PLAN FRAGMENT [HASH(tpcds_partitioned_parquet_snap.item_0.i_category,tpcds_partitioned_parquet_snap.item_0.i_brand,tpcds_partitioned_parquet_snap.call_center_0.cc_name)] hosts=10 instances=120
Per-Instance Resources: mem-estimate=200.70MB mem-reservation=16.00MB thread-reservation=1
max-parallelism=2147483640 segment-costs=[1184852411, 122774745107053568, 408] cpu-comparison-result=330 [max(120 (self) vs 330 (sum children))]
36:TOP-N [LIMIT=100]
|  order by: subtract(sum(tpcds_partitioned_parquet_snap.catalog_sales.cs_sales_price), avg(sum(tpcds_partitioned_parquet_snap.catalog_sales.cs_sales_price))) ASC NULLS LAST, avg(sum(tpcds_partitioned_parquet_snap.catalog_sales.cs_sales_price)) ASC NULLS LAST
|  mem-estimate=14.04KB mem-reservation=0B thread-reservation=0
|  tuple-ids=49 row-size=144B cardinality=100 cost=122018932083967392
|  in pipelines: 36(GETNEXT), 21(OPEN)
|
35:HASH JOIN [INNER JOIN, BROADCAST]
|  hash-table-id=00
|  hash predicates: rank() = subtract(rank(), 1), tpcds_partitioned_parquet_snap.item.i_category = tpcds_partitioned_parquet_snap.item_1.i_category, tpcds_partitioned_parquet_snap.call_center.cc_name = tpcds_partitioned_parquet_snap.call_center_1.cc_name, tpcds_partitioned_parquet_snap.item.i_brand = tpcds_partitioned_parquet_snap.item_1.i_brand
|  fk/pk conjuncts: none
|  mem-estimate=0B mem-reservation=0B spill-buffer=2.00MB thread-reservation=0
|  tuple-ids=32,31,17,12,47,46 row-size=327B cardinality=4170.85T cost=755790135811932
|  in pipelines: 21(GETNEXT), 32(OPEN)
|
|--F19:PLAN FRAGMENT [HASH(tpcds_partitioned_parquet_snap.item_0.i_category,tpcds_partitioned_parquet_snap.item_0.i_brand,tpcds_partitioned_parquet_snap.call_center_0.cc_name)] hosts=10 instances=10
|  |  Per-Instance Resources: mem-estimate=3.35GB mem-reservation=408.00MB thread-reservation=1
|  |  max-parallelism=10 segment-costs=[53824704] cpu-comparison-result=110 [max(10 (self) vs 110 (sum children))]
|  JOIN BUILD
|  |  join-table-id=00 plan-id=01 cohort-id=01
|  |  build expressions: subtract(rank(), 1), tpcds_partitioned_parquet_snap.item_1.i_category, tpcds_partitioned_parquet_snap.call_center_1.cc_name, tpcds_partitioned_parquet_snap.item_1.i_brand
|  |  mem-estimate=3.33GB mem-reservation=408.00MB spill-buffer=2.00MB thread-reservation=0 cost=23110654
|  |
|  56:EXCHANGE [BROADCAST]
|  |  mem-estimate=19.83MB mem-reservation=0B thread-reservation=0
|  |  tuple-ids=47,46 row-size=104B cardinality=23.11M cost=30714050
|  |  in pipelines: 32(GETNEXT)
|  |
|  F17:PLAN FRAGMENT [HASH(tpcds_partitioned_parquet_snap.item_1.i_category,tpcds_partitioned_parquet_snap.item_1.i_brand,tpcds_partitioned_parquet_snap.call_center_1.cc_name)] hosts=10 instances=90 (adjusted from 120)
|  Per-Instance Resources: mem-estimate=259.36MB mem-reservation=16.00MB thread-reservation=1
|  max-parallelism=120 segment-costs=[1184852411, 1163008903] cpu-comparison-result=110 [max(90 (self) vs 110 (sum children))]
|  34:SELECT
|  |  predicates: is_not_null_pred(subtract(rank(), CAST(1 AS BIGINT))), is_not_null_pred(tpcds_partitioned_parquet_snap.call_center_1.cc_name), is_not_null_pred(tpcds_partitioned_parquet_snap.item_1.i_brand), is_not_null_pred(tpcds_partitioned_parquet_snap.item_1.i_category)
|  |  mem-estimate=0B mem-reservation=0B thread-reservation=0
|  |  tuple-ids=47,46 row-size=104B cardinality=23.11M cost=924426112
|  |  in pipelines: 32(GETNEXT)
|  |
|  33:ANALYTIC
|  |  functions: rank()
|  |  partition by: tpcds_partitioned_parquet_snap.item_1.i_category, tpcds_partitioned_parquet_snap.item_1.i_brand, tpcds_partitioned_parquet_snap.call_center_1.cc_name
|  |  order by: tpcds_partitioned_parquet_snap.date_dim_1.d_year ASC, tpcds_partitioned_parquet_snap.date_dim_1.d_moy ASC
|  |  window: RANGE BETWEEN UNBOUNDED PRECEDING AND CURRENT ROW
|  |  mem-estimate=4.00MB mem-reservation=4.00MB spill-buffer=2.00MB thread-reservation=0
|  |  tuple-ids=47,46 row-size=104B cardinality=231.11M cost=231106528
|  |  in pipelines: 32(GETNEXT)
|  |
|  32:SORT
|  |  order by: tpcds_partitioned_parquet_snap.item_1.i_category ASC NULLS LAST, tpcds_partitioned_parquet_snap.item_1.i_brand ASC NULLS LAST, tpcds_partitioned_parquet_snap.call_center_1.cc_name ASC NULLS LAST, tpcds_partitioned_parquet_snap.date_dim_1.d_year ASC NULLS LAST, tpcds_partitioned_parquet_snap.date_dim_1.d_moy ASC NULLS LAST
|  |  mem-estimate=234.64MB mem-reservation=12.00MB spill-buffer=2.00MB thread-reservation=0
|  |  tuple-ids=47 row-size=96B cardinality=231.11M cost=1057317269
|  |  in pipelines: 32(GETNEXT), 54(OPEN)
|  |
|  55:EXCHANGE [HASH(tpcds_partitioned_parquet_snap.item_1.i_category,tpcds_partitioned_parquet_snap.item_1.i_brand,tpcds_partitioned_parquet_snap.call_center_1.cc_name)]
|  |  mem-estimate=20.72MB mem-reservation=0B thread-reservation=0
|  |  tuple-ids=42 row-size=96B cardinality=231.11M cost=127535142
|  |  in pipelines: 54(GETNEXT)
|  |
|  F16:PLAN FRAGMENT [HASH(tpcds_partitioned_parquet_snap.item_1.i_category,tpcds_partitioned_parquet_snap.item_1.i_brand,tpcds_partitioned_parquet_snap.call_center_1.cc_name,tpcds_partitioned_parquet_snap.date_dim_1.d_year,tpcds_partitioned_parquet_snap.date_dim_1.d_moy)] hosts=10 instances=110 (adjusted from 120)
|  Per-Instance Resources: mem-estimate=251.11MB mem-reservation=34.00MB thread-reservation=1
|  max-parallelism=160 segment-costs=[1491664575, 1545094974] cpu-comparison-result=110 [max(110 (self) vs 98 (sum children))]
|  54:AGGREGATE [FINALIZE]
|  |  output: sum:merge(tpcds_partitioned_parquet_snap.catalog_sales_1.cs_sales_price)
|  |  group by: tpcds_partitioned_parquet_snap.item_1.i_category, tpcds_partitioned_parquet_snap.item_1.i_brand, tpcds_partitioned_parquet_snap.call_center_1.cc_name, tpcds_partitioned_parquet_snap.date_dim_1.d_year, tpcds_partitioned_parquet_snap.date_dim_1.d_moy
|  |  mem-estimate=216.02MB mem-reservation=34.00MB spill-buffer=2.00MB thread-reservation=0
|  |  tuple-ids=42 row-size=96B cardinality=231.11M cost=1364129433
|  |  in pipelines: 54(GETNEXT), 24(OPEN)
|  |
|  53:EXCHANGE [HASH(tpcds_partitioned_parquet_snap.item_1.i_category,tpcds_partitioned_parquet_snap.item_1.i_brand,tpcds_partitioned_parquet_snap.call_center_1.cc_name,tpcds_partitioned_parquet_snap.date_dim_1.d_year,tpcds_partitioned_parquet_snap.date_dim_1.d_moy)]
|  |  mem-estimate=19.55MB mem-reservation=0B thread-reservation=0
|  |  tuple-ids=42 row-size=96B cardinality=231.11M cost=127535142
|  |  in pipelines: 24(GETNEXT)
|  |
|  F12:PLAN FRAGMENT [RANDOM] hosts=10 instances=98 (adjusted from 120)
|  Per-Host Shared Resources: mem-estimate=3.00MB mem-reservation=3.00MB thread-reservation=0 runtime-filters-memory=3.00MB
|  Per-Instance Resources: mem-estimate=240.74MB mem-reservation=35.00MB thread-reservation=1
|  max-parallelism=98 segment-costs=[1720949208, 1545094974] cpu-comparison-result=98 [max(98 (self) vs 36 (sum children))]
|  31:AGGREGATE [STREAMING]
|  |  output: sum(tpcds_partitioned_parquet_snap.catalog_sales_1.cs_sales_price)
|  |  group by: tpcds_partitioned_parquet_snap.item_1.i_category, tpcds_partitioned_parquet_snap.item_1.i_brand, tpcds_partitioned_parquet_snap.call_center_1.cc_name, tpcds_partitioned_parquet_snap.date_dim_1.d_year, tpcds_partitioned_parquet_snap.date_dim_1.d_moy
|  |  mem-estimate=181.85MB mem-reservation=34.00MB spill-buffer=2.00MB thread-reservation=0
|  |  tuple-ids=42 row-size=96B cardinality=231.11M cost=1364129433
|  |  in pipelines: 24(GETNEXT)
|  |
|  30:HASH JOIN [INNER JOIN, BROADCAST]
|  |  hash-table-id=01
|  |  hash predicates: tpcds_partitioned_parquet_snap.catalog_sales_1.cs_call_center_sk = tpcds_partitioned_parquet_snap.call_center_1.cc_call_center_sk
|  |  fk/pk conjuncts: tpcds_partitioned_parquet_snap.catalog_sales_1.cs_call_center_sk = tpcds_partitioned_parquet_snap.call_center_1.cc_call_center_sk
|  |  mem-estimate=0B mem-reservation=0B spill-buffer=64.00KB thread-reservation=0
|  |  tuple-ids=34,36,38,40 row-size=108B cardinality=231.11M cost=101155330
|  |  in pipelines: 24(GETNEXT), 29(OPEN)
|  |
|  |--F20:PLAN FRAGMENT [RANDOM] hosts=10 instances=10
|  |  |  Per-Instance Resources: mem-estimate=20.39MB mem-reservation=20.38MB thread-reservation=1 runtime-filters-memory=1.00MB
|  |  |  max-parallelism=10 segment-costs=[108]
|  |  JOIN BUILD
|  |  |  join-table-id=01 plan-id=02 cohort-id=02
|  |  |  build expressions: tpcds_partitioned_parquet_snap.call_center_1.cc_call_center_sk
|  |  |  runtime filters: RF012[bloom] <- tpcds_partitioned_parquet_snap.call_center_1.cc_call_center_sk, RF013[min_max] <- tpcds_partitioned_parquet_snap.call_center_1.cc_call_center_sk
|  |  |  mem-estimate=19.38MB mem-reservation=19.38MB spill-buffer=64.00KB thread-reservation=0 cost=48
|  |  |
|  |  52:EXCHANGE [BROADCAST]
|  |  |  mem-estimate=16.00KB mem-reservation=0B thread-reservation=0
|  |  |  tuple-ids=40 row-size=30B cardinality=48 cost=60
|  |  |  in pipelines: 29(GETNEXT)
|  |  |
|  |  F15:PLAN FRAGMENT [RANDOM] hosts=1 instances=1
|  |  Per-Instance Resources: mem-estimate=16.13MB mem-reservation=16.00KB thread-reservation=1
|  |  max-parallelism=1 segment-costs=[16]
|  |  29:SCAN HDFS [tpcds_partitioned_parquet_snap.call_center, RANDOM]
|  |     HDFS partitions=1/1 files=1 size=16.57KB
|  |     stored statistics:
|  |       table: rows=48 size=16.57KB
|  |       columns: all
|  |     extrapolated-rows=disabled max-scan-range-rows=48
|  |     mem-estimate=16.00MB mem-reservation=16.00KB thread-reservation=0
|  |     tuple-ids=40 row-size=30B cardinality=48 cost=12
|  |     in pipelines: 29(GETNEXT)
|  |
|  28:HASH JOIN [INNER JOIN, BROADCAST]
|  |  hash-table-id=02
|  |  hash predicates: tpcds_partitioned_parquet_snap.catalog_sales_1.cs_item_sk = tpcds_partitioned_parquet_snap.item_1.i_item_sk
|  |  fk/pk conjuncts: tpcds_partitioned_parquet_snap.catalog_sales_1.cs_item_sk = tpcds_partitioned_parquet_snap.item_1.i_item_sk
|  |  mem-estimate=0B mem-reservation=0B spill-buffer=2.00MB thread-reservation=0
|  |  tuple-ids=34,36,38 row-size=78B cardinality=231.11M cost=101184969
|  |  in pipelines: 24(GETNEXT), 27(OPEN)
|  |
|  |--F21:PLAN FRAGMENT [RANDOM] hosts=10 instances=10
|  |  |  Per-Instance Resources: mem-estimate=351.21MB mem-reservation=341.00MB thread-reservation=1 runtime-filters-memory=1.00MB
|  |  |  max-parallelism=10 segment-costs=[838440]
|  |  JOIN BUILD
|  |  |  join-table-id=02 plan-id=03 cohort-id=02
|  |  |  build expressions: tpcds_partitioned_parquet_snap.item_1.i_item_sk
|  |  |  runtime filters: RF014[bloom] <- tpcds_partitioned_parquet_snap.item_1.i_item_sk, RF015[min_max] <- tpcds_partitioned_parquet_snap.item_1.i_item_sk
|  |  |  mem-estimate=340.00MB mem-reservation=340.00MB spill-buffer=2.00MB thread-reservation=0 cost=360000
|  |  |
|  |  51:EXCHANGE [BROADCAST]
|  |  |  mem-estimate=10.21MB mem-reservation=0B thread-reservation=0
|  |  |  tuple-ids=38 row-size=50B cardinality=360.00K cost=478440
|  |  |  in pipelines: 27(GETNEXT)
|  |  |
|  |  F14:PLAN FRAGMENT [RANDOM] hosts=4 instances=4
|  |  Per-Instance Resources: mem-estimate=16.21MB mem-reservation=512.00KB thread-reservation=1
|  |  max-parallelism=4 segment-costs=[191555]
|  |  27:SCAN HDFS [tpcds_partitioned_parquet_snap.item, RANDOM]
|  |     HDFS partitions=1/1 files=1 size=33.54MB
|  |     stored statistics:
|  |       table: rows=360.00K size=33.54MB
|  |       columns: all
|  |     extrapolated-rows=disabled max-scan-range-rows=101.54K
|  |     mem-estimate=16.00MB mem-reservation=512.00KB thread-reservation=0
|  |     tuple-ids=38 row-size=50B cardinality=360.00K cost=135117
|  |     in pipelines: 27(GETNEXT)
|  |
|  26:HASH JOIN [INNER JOIN, BROADCAST]
|  |  hash-table-id=03
|  |  hash predicates: tpcds_partitioned_parquet_snap.catalog_sales_1.cs_sold_date_sk = tpcds_partitioned_parquet_snap.date_dim_1.d_date_sk
|  |  fk/pk conjuncts: tpcds_partitioned_parquet_snap.catalog_sales_1.cs_sold_date_sk = tpcds_partitioned_parquet_snap.date_dim_1.d_date_sk
|  |  mem-estimate=0B mem-reservation=0B spill-buffer=64.00KB thread-reservation=0
|  |  tuple-ids=34,36 row-size=28B cardinality=231.22M cost=101205907
|  |  in pipelines: 24(GETNEXT), 25(OPEN)
|  |
|  |--F22:PLAN FRAGMENT [RANDOM] hosts=10 instances=10
|  |  |  Per-Instance Resources: mem-estimate=20.39MB mem-reservation=20.38MB thread-reservation=1 runtime-filters-memory=1.00MB
|  |  |  max-parallelism=10 segment-costs=[228]
|  |  JOIN BUILD
|  |  |  join-table-id=03 plan-id=04 cohort-id=02
|  |  |  build expressions: tpcds_partitioned_parquet_snap.date_dim_1.d_date_sk
|  |  |  runtime filters: RF016[bloom] <- tpcds_partitioned_parquet_snap.date_dim_1.d_date_sk
|  |  |  mem-estimate=19.38MB mem-reservation=19.38MB spill-buffer=64.00KB thread-reservation=0 cost=98
|  |  |
|  |  50:EXCHANGE [BROADCAST]
|  |  |  mem-estimate=16.00KB mem-reservation=0B thread-reservation=0
|  |  |  tuple-ids=36 row-size=12B cardinality=98 cost=130
|  |  |  in pipelines: 25(GETNEXT)
|  |  |
|  |  F13:PLAN FRAGMENT [RANDOM] hosts=1 instances=1
|  |  Per-Instance Resources: mem-estimate=16.06MB mem-reservation=512.00KB thread-reservation=1
|  |  max-parallelism=1 segment-costs=[20838]
|  |  25:SCAN HDFS [tpcds_partitioned_parquet_snap.date_dim, RANDOM]
|  |     HDFS partitions=1/1 files=1 size=2.17MB
|  |     predicates: tpcds_partitioned_parquet_snap.date_dim_1.d_year = CAST(2001 AS INT) OR tpcds_partitioned_parquet_snap.date_dim_1.d_year = subtract(CAST(2001 AS INT), CAST(1 AS INT)) OR tpcds_partitioned_parquet_snap.date_dim_1.d_year = add(CAST(2001 AS INT), CAST(1 AS INT)), tpcds_partitioned_parquet_snap.date_dim_1.d_year = CAST(2001 AS INT) OR tpcds_partitioned_parquet_snap.date_dim_1.d_moy = CAST(12 AS INT) OR tpcds_partitioned_parquet_snap.date_dim_1.d_year = add(CAST(2001 AS INT), CAST(1 AS INT)), tpcds_partitioned_parquet_snap.date_dim_1.d_year = CAST(2001 AS INT) OR tpcds_partitioned_parquet_snap.date_dim_1.d_year = subtract(CAST(2001 AS INT), CAST(1 AS INT)) OR tpcds_partitioned_parquet_snap.date_dim_1.d_moy = CAST(1 AS INT), tpcds_partitioned_parquet_snap.date_dim_1.d_year = CAST(2001 AS INT) OR tpcds_partitioned_parquet_snap.date_dim_1.d_moy = CAST(1 AS INT) OR tpcds_partitioned_parquet_snap.date_dim_1.d_moy = CAST(12 AS INT)
|  |     stored statistics:
|  |       table: rows=73.05K size=2.17MB
|  |       columns: all
|  |     extrapolated-rows=disabled max-scan-range-rows=73.05K
|  |     parquet dictionary predicates: tpcds_partitioned_parquet_snap.date_dim_1.d_year = CAST(2001 AS INT) OR tpcds_partitioned_parquet_snap.date_dim_1.d_year = subtract(CAST(2001 AS INT), CAST(1 AS INT)) OR tpcds_partitioned_parquet_snap.date_dim_1.d_year = add(CAST(2001 AS INT), CAST(1 AS INT))
|  |     mem-estimate=16.00MB mem-reservation=512.00KB thread-reservation=0
|  |     tuple-ids=36 row-size=12B cardinality=98 cost=20833
|  |     in pipelines: 25(GETNEXT)
|  |
|  24:SCAN HDFS [tpcds_partitioned_parquet_snap.catalog_sales, RANDOM]
|     HDFS partitions=1831/1831 files=1831 size=280.96GB
|     runtime filters: RF015[min_max] -> tpcds_partitioned_parquet_snap.catalog_sales_1.cs_item_sk, RF013[min_max] -> tpcds_partitioned_parquet_snap.catalog_sales_1.cs_call_center_sk, RF016[bloom] -> tpcds_partitioned_parquet_snap.catalog_sales_1.cs_sold_date_sk, RF014[bloom] -> tpcds_partitioned_parquet_snap.catalog_sales_1.cs_item_sk, RF012[bloom] -> tpcds_partitioned_parquet_snap.catalog_sales_1.cs_call_center_sk
|     stored statistics:
|       table: rows=4.32G size=280.96GB
|       partitions: 1831/1831 rows=4.32G
|       columns: all
|     extrapolated-rows=disabled max-scan-range-rows=21.52M est-scan-range=98(filtered from 1831)
|     mem-estimate=16.00MB mem-reservation=1.00MB thread-reservation=0
|     tuple-ids=34 row-size=16B cardinality=231.22M(filtered from 4.32G) cost=53273569
|     in pipelines: 24(GETNEXT)
|
23:HASH JOIN [INNER JOIN, BROADCAST]
|  hash-table-id=04
|  hash predicates: add(rank(), 1) = rank(), tpcds_partitioned_parquet_snap.item_0.i_category = tpcds_partitioned_parquet_snap.item.i_category, tpcds_partitioned_parquet_snap.call_center_0.cc_name = tpcds_partitioned_parquet_snap.call_center.cc_name, tpcds_partitioned_parquet_snap.item_0.i_brand = tpcds_partitioned_parquet_snap.item.i_brand
|  fk/pk conjuncts: none
|  mem-estimate=0B mem-reservation=0B spill-buffer=2.00MB thread-reservation=0
|  tuple-ids=32,31,17,12 row-size=224B cardinality=124.71G cost=22656167716
|  in pipelines: 21(GETNEXT), 10(OPEN)
|
|--F23:PLAN FRAGMENT [HASH(tpcds_partitioned_parquet_snap.item_0.i_category,tpcds_partitioned_parquet_snap.item_0.i_brand,tpcds_partitioned_parquet_snap.call_center_0.cc_name)] hosts=10 instances=10
|  |  Per-Instance Resources: mem-estimate=431.73MB mem-reservation=408.00MB thread-reservation=1
|  |  max-parallelism=10 segment-costs=[868409] cpu-comparison-result=110 [max(10 (self) vs 110 (sum children))]
|  JOIN BUILD
|  |  join-table-id=04 plan-id=05 cohort-id=01
|  |  build expressions: rank(), tpcds_partitioned_parquet_snap.item.i_category, tpcds_partitioned_parquet_snap.call_center.cc_name, tpcds_partitioned_parquet_snap.item.i_brand
|  |  mem-estimate=408.00MB mem-reservation=408.00MB spill-buffer=2.00MB thread-reservation=0 cost=372869
|  |
|  49:EXCHANGE [BROADCAST]
|  |  mem-estimate=23.73MB mem-reservation=0B thread-reservation=0
|  |  tuple-ids=17,12 row-size=120B cardinality=372.87K cost=495540
|  |  in pipelines: 10(GETNEXT)
|  |
|  F11:PLAN FRAGMENT [HASH(tpcds_partitioned_parquet_snap.item.i_category,tpcds_partitioned_parquet_snap.item.i_brand,tpcds_partitioned_parquet_snap.call_center.cc_name)] hosts=10 instances=110 (adjusted from 120)
|  Per-Instance Resources: mem-estimate=407.98MB mem-reservation=32.00MB thread-reservation=1
|  max-parallelism=140 segment-costs=[1184852411, 1368848880, 924562810] cpu-comparison-result=110 [max(110 (self) vs 110 (sum children))]
|  12:SELECT
|  |  predicates: tpcds_partitioned_parquet_snap.date_dim.d_year = CAST(2001 AS INT), CASE WHEN avg(sum(tpcds_partitioned_parquet_snap.catalog_sales.cs_sales_price)) > CAST(0 AS DECIMAL(3,0)) THEN divide(abs(subtract(sum(tpcds_partitioned_parquet_snap.catalog_sales.cs_sales_price), avg(sum(tpcds_partitioned_parquet_snap.catalog_sales.cs_sales_price)))), avg(sum(tpcds_partitioned_parquet_snap.catalog_sales.cs_sales_price))) ELSE NULL END > CAST(0.1 AS DECIMAL(2,1)), avg(sum(tpcds_partitioned_parquet_snap.catalog_sales.cs_sales_price)) > CAST(0 AS DECIMAL(3,0))
|  |  mem-estimate=0B mem-reservation=0B thread-reservation=0
|  |  tuple-ids=17,12 row-size=120B cardinality=372.87K cost=693319552
|  |  in pipelines: 10(GETNEXT)
|  |
|  11:ANALYTIC
|  |  functions: avg(sum(tpcds_partitioned_parquet_snap.catalog_sales.cs_sales_price))
|  |  partition by: tpcds_partitioned_parquet_snap.item.i_category, tpcds_partitioned_parquet_snap.item.i_brand, tpcds_partitioned_parquet_snap.call_center.cc_name, tpcds_partitioned_parquet_snap.date_dim.d_year
|  |  window: RANGE BETWEEN UNBOUNDED PRECEDING AND UNBOUNDED FOLLOWING
|  |  mem-estimate=4.00MB mem-reservation=4.00MB spill-buffer=2.00MB thread-reservation=0
|  |  tuple-ids=17,12 row-size=120B cardinality=231.11M cost=231106528
|  |  in pipelines: 10(GETNEXT)
|  |
|  10:SORT
|  |  order by: tpcds_partitioned_parquet_snap.item.i_category ASC NULLS LAST, tpcds_partitioned_parquet_snap.item.i_brand ASC NULLS LAST, tpcds_partitioned_parquet_snap.call_center.cc_name ASC NULLS LAST, tpcds_partitioned_parquet_snap.date_dim.d_year ASC NULLS LAST
|  |  mem-estimate=208.01MB mem-reservation=12.00MB spill-buffer=2.00MB thread-reservation=0
|  |  tuple-ids=17 row-size=104B cardinality=231.11M cost=1137742352
|  |  in pipelines: 10(GETNEXT), 08(OPEN)
|  |
|  09:ANALYTIC
|  |  functions: rank()
|  |  partition by: tpcds_partitioned_parquet_snap.item.i_category, tpcds_partitioned_parquet_snap.item.i_brand, tpcds_partitioned_parquet_snap.call_center.cc_name
|  |  order by: tpcds_partitioned_parquet_snap.date_dim.d_year ASC, tpcds_partitioned_parquet_snap.date_dim.d_moy ASC
|  |  window: RANGE BETWEEN UNBOUNDED PRECEDING AND CURRENT ROW
|  |  mem-estimate=4.00MB mem-reservation=4.00MB spill-buffer=2.00MB thread-reservation=0
|  |  tuple-ids=15,14 row-size=104B cardinality=231.11M cost=231106528
|  |  in pipelines: 08(GETNEXT)
|  |
|  08:SORT
|  |  order by: tpcds_partitioned_parquet_snap.item.i_category ASC NULLS LAST, tpcds_partitioned_parquet_snap.item.i_brand ASC NULLS LAST, tpcds_partitioned_parquet_snap.call_center.cc_name ASC NULLS LAST, tpcds_partitioned_parquet_snap.date_dim.d_year ASC NULLS LAST, tpcds_partitioned_parquet_snap.date_dim.d_moy ASC NULLS LAST
|  |  mem-estimate=191.98MB mem-reservation=12.00MB spill-buffer=2.00MB thread-reservation=0
|  |  tuple-ids=15 row-size=96B cardinality=231.11M cost=1057317269
|  |  in pipelines: 08(GETNEXT), 47(OPEN)
|  |
|  48:EXCHANGE [HASH(tpcds_partitioned_parquet_snap.item.i_category,tpcds_partitioned_parquet_snap.item.i_brand,tpcds_partitioned_parquet_snap.call_center.cc_name)]
|  |  mem-estimate=20.72MB mem-reservation=0B thread-reservation=0
|  |  tuple-ids=8 row-size=96B cardinality=231.11M cost=127535142
|  |  in pipelines: 47(GETNEXT)
|  |
|  F10:PLAN FRAGMENT [HASH(tpcds_partitioned_parquet_snap.item.i_category,tpcds_partitioned_parquet_snap.item.i_brand,tpcds_partitioned_parquet_snap.call_center.cc_name,tpcds_partitioned_parquet_snap.date_dim.d_year,tpcds_partitioned_parquet_snap.date_dim.d_moy)] hosts=10 instances=110 (adjusted from 120)
|  Per-Instance Resources: mem-estimate=258.91MB mem-reservation=34.00MB thread-reservation=1
|  max-parallelism=160 segment-costs=[1491664575, 1545094974] cpu-comparison-result=110 [max(110 (self) vs 98 (sum children))]
|  47:AGGREGATE [FINALIZE]
|  |  output: sum:merge(tpcds_partitioned_parquet_snap.catalog_sales.cs_sales_price)
|  |  group by: tpcds_partitioned_parquet_snap.item.i_category, tpcds_partitioned_parquet_snap.item.i_brand, tpcds_partitioned_parquet_snap.call_center.cc_name, tpcds_partitioned_parquet_snap.date_dim.d_year, tpcds_partitioned_parquet_snap.date_dim.d_moy
|  |  mem-estimate=216.02MB mem-reservation=34.00MB spill-buffer=2.00MB thread-reservation=0
|  |  tuple-ids=8 row-size=96B cardinality=231.11M cost=1364129433
|  |  in pipelines: 47(GETNEXT), 00(OPEN)
|  |
|  46:EXCHANGE [HASH(tpcds_partitioned_parquet_snap.item.i_category,tpcds_partitioned_parquet_snap.item.i_brand,tpcds_partitioned_parquet_snap.call_center.cc_name,tpcds_partitioned_parquet_snap.date_dim.d_year,tpcds_partitioned_parquet_snap.date_dim.d_moy)]
|  |  mem-estimate=19.55MB mem-reservation=0B thread-reservation=0
|  |  tuple-ids=8 row-size=96B cardinality=231.11M cost=127535142
|  |  in pipelines: 00(GETNEXT)
|  |
|  F06:PLAN FRAGMENT [RANDOM] hosts=10 instances=98 (adjusted from 120)
|  Per-Host Shared Resources: mem-estimate=3.00MB mem-reservation=3.00MB thread-reservation=0 runtime-filters-memory=3.00MB
|  Per-Instance Resources: mem-estimate=240.74MB mem-reservation=35.00MB thread-reservation=1
|  max-parallelism=98 segment-costs=[1720949208, 1545094974] cpu-comparison-result=98 [max(98 (self) vs 36 (sum children))]
|  07:AGGREGATE [STREAMING]
|  |  output: sum(tpcds_partitioned_parquet_snap.catalog_sales.cs_sales_price)
|  |  group by: tpcds_partitioned_parquet_snap.item.i_category, tpcds_partitioned_parquet_snap.item.i_brand, tpcds_partitioned_parquet_snap.call_center.cc_name, tpcds_partitioned_parquet_snap.date_dim.d_year, tpcds_partitioned_parquet_snap.date_dim.d_moy
|  |  mem-estimate=181.85MB mem-reservation=34.00MB spill-buffer=2.00MB thread-reservation=0
|  |  tuple-ids=8 row-size=96B cardinality=231.11M cost=1364129433
|  |  in pipelines: 00(GETNEXT)
|  |
|  06:HASH JOIN [INNER JOIN, BROADCAST]
|  |  hash-table-id=05
|  |  hash predicates: tpcds_partitioned_parquet_snap.catalog_sales.cs_call_center_sk = tpcds_partitioned_parquet_snap.call_center.cc_call_center_sk
|  |  fk/pk conjuncts: tpcds_partitioned_parquet_snap.catalog_sales.cs_call_center_sk = tpcds_partitioned_parquet_snap.call_center.cc_call_center_sk
|  |  mem-estimate=0B mem-reservation=0B spill-buffer=64.00KB thread-reservation=0
|  |  tuple-ids=0,2,4,6 row-size=108B cardinality=231.11M cost=101155330
|  |  in pipelines: 00(GETNEXT), 05(OPEN)
|  |
|  |--F24:PLAN FRAGMENT [RANDOM] hosts=10 instances=10
|  |  |  Per-Instance Resources: mem-estimate=20.39MB mem-reservation=20.38MB thread-reservation=1 runtime-filters-memory=1.00MB
|  |  |  max-parallelism=10 segment-costs=[108]
|  |  JOIN BUILD
|  |  |  join-table-id=05 plan-id=06 cohort-id=03
|  |  |  build expressions: tpcds_partitioned_parquet_snap.call_center.cc_call_center_sk
|  |  |  runtime filters: RF006[bloom] <- tpcds_partitioned_parquet_snap.call_center.cc_call_center_sk, RF007[min_max] <- tpcds_partitioned_parquet_snap.call_center.cc_call_center_sk
|  |  |  mem-estimate=19.38MB mem-reservation=19.38MB spill-buffer=64.00KB thread-reservation=0 cost=48
|  |  |
|  |  45:EXCHANGE [BROADCAST]
|  |  |  mem-estimate=16.00KB mem-reservation=0B thread-reservation=0
|  |  |  tuple-ids=6 row-size=30B cardinality=48 cost=60
|  |  |  in pipelines: 05(GETNEXT)
|  |  |
|  |  F09:PLAN FRAGMENT [RANDOM] hosts=1 instances=1
|  |  Per-Instance Resources: mem-estimate=16.13MB mem-reservation=16.00KB thread-reservation=1
|  |  max-parallelism=1 segment-costs=[16]
|  |  05:SCAN HDFS [tpcds_partitioned_parquet_snap.call_center, RANDOM]
|  |     HDFS partitions=1/1 files=1 size=16.57KB
|  |     stored statistics:
|  |       table: rows=48 size=16.57KB
|  |       columns: all
|  |     extrapolated-rows=disabled max-scan-range-rows=48
|  |     mem-estimate=16.00MB mem-reservation=16.00KB thread-reservation=0
|  |     tuple-ids=6 row-size=30B cardinality=48 cost=12
|  |     in pipelines: 05(GETNEXT)
|  |
|  04:HASH JOIN [INNER JOIN, BROADCAST]
|  |  hash-table-id=06
|  |  hash predicates: tpcds_partitioned_parquet_snap.catalog_sales.cs_item_sk = tpcds_partitioned_parquet_snap.item.i_item_sk
|  |  fk/pk conjuncts: tpcds_partitioned_parquet_snap.catalog_sales.cs_item_sk = tpcds_partitioned_parquet_snap.item.i_item_sk
|  |  mem-estimate=0B mem-reservation=0B spill-buffer=2.00MB thread-reservation=0
|  |  tuple-ids=0,2,4 row-size=78B cardinality=231.11M cost=101184969
|  |  in pipelines: 00(GETNEXT), 03(OPEN)
|  |
|  |--F25:PLAN FRAGMENT [RANDOM] hosts=10 instances=10
|  |  |  Per-Instance Resources: mem-estimate=351.21MB mem-reservation=341.00MB thread-reservation=1 runtime-filters-memory=1.00MB
|  |  |  max-parallelism=10 segment-costs=[838440]
|  |  JOIN BUILD
|  |  |  join-table-id=06 plan-id=07 cohort-id=03
|  |  |  build expressions: tpcds_partitioned_parquet_snap.item.i_item_sk
|  |  |  runtime filters: RF008[bloom] <- tpcds_partitioned_parquet_snap.item.i_item_sk, RF009[min_max] <- tpcds_partitioned_parquet_snap.item.i_item_sk
|  |  |  mem-estimate=340.00MB mem-reservation=340.00MB spill-buffer=2.00MB thread-reservation=0 cost=360000
|  |  |
|  |  44:EXCHANGE [BROADCAST]
|  |  |  mem-estimate=10.21MB mem-reservation=0B thread-reservation=0
|  |  |  tuple-ids=4 row-size=50B cardinality=360.00K cost=478440
|  |  |  in pipelines: 03(GETNEXT)
|  |  |
|  |  F08:PLAN FRAGMENT [RANDOM] hosts=4 instances=4
|  |  Per-Instance Resources: mem-estimate=16.21MB mem-reservation=512.00KB thread-reservation=1
|  |  max-parallelism=4 segment-costs=[191555]
|  |  03:SCAN HDFS [tpcds_partitioned_parquet_snap.item, RANDOM]
|  |     HDFS partitions=1/1 files=1 size=33.54MB
|  |     stored statistics:
|  |       table: rows=360.00K size=33.54MB
|  |       columns: all
|  |     extrapolated-rows=disabled max-scan-range-rows=101.54K
|  |     mem-estimate=16.00MB mem-reservation=512.00KB thread-reservation=0
|  |     tuple-ids=4 row-size=50B cardinality=360.00K cost=135117
|  |     in pipelines: 03(GETNEXT)
|  |
|  02:HASH JOIN [INNER JOIN, BROADCAST]
|  |  hash-table-id=07
|  |  hash predicates: tpcds_partitioned_parquet_snap.catalog_sales.cs_sold_date_sk = tpcds_partitioned_parquet_snap.date_dim.d_date_sk
|  |  fk/pk conjuncts: tpcds_partitioned_parquet_snap.catalog_sales.cs_sold_date_sk = tpcds_partitioned_parquet_snap.date_dim.d_date_sk
|  |  mem-estimate=0B mem-reservation=0B spill-buffer=64.00KB thread-reservation=0
|  |  tuple-ids=0,2 row-size=28B cardinality=231.22M cost=101205907
|  |  in pipelines: 00(GETNEXT), 01(OPEN)
|  |
|  |--F26:PLAN FRAGMENT [RANDOM] hosts=10 instances=10
|  |  |  Per-Instance Resources: mem-estimate=20.39MB mem-reservation=20.38MB thread-reservation=1 runtime-filters-memory=1.00MB
|  |  |  max-parallelism=10 segment-costs=[228]
|  |  JOIN BUILD
|  |  |  join-table-id=07 plan-id=08 cohort-id=03
|  |  |  build expressions: tpcds_partitioned_parquet_snap.date_dim.d_date_sk
|  |  |  runtime filters: RF010[bloom] <- tpcds_partitioned_parquet_snap.date_dim.d_date_sk
|  |  |  mem-estimate=19.38MB mem-reservation=19.38MB spill-buffer=64.00KB thread-reservation=0 cost=98
|  |  |
|  |  43:EXCHANGE [BROADCAST]
|  |  |  mem-estimate=16.00KB mem-reservation=0B thread-reservation=0
|  |  |  tuple-ids=2 row-size=12B cardinality=98 cost=130
|  |  |  in pipelines: 01(GETNEXT)
|  |  |
|  |  F07:PLAN FRAGMENT [RANDOM] hosts=1 instances=1
|  |  Per-Instance Resources: mem-estimate=16.06MB mem-reservation=512.00KB thread-reservation=1
|  |  max-parallelism=1 segment-costs=[20838]
|  |  01:SCAN HDFS [tpcds_partitioned_parquet_snap.date_dim, RANDOM]
|  |     HDFS partitions=1/1 files=1 size=2.17MB
|  |     predicates: tpcds_partitioned_parquet_snap.date_dim.d_year = CAST(2001 AS INT) OR tpcds_partitioned_parquet_snap.date_dim.d_year = subtract(CAST(2001 AS INT), CAST(1 AS INT)) OR tpcds_partitioned_parquet_snap.date_dim.d_year = add(CAST(2001 AS INT), CAST(1 AS INT)), tpcds_partitioned_parquet_snap.date_dim.d_year = CAST(2001 AS INT) OR tpcds_partitioned_parquet_snap.date_dim.d_moy = CAST(12 AS INT) OR tpcds_partitioned_parquet_snap.date_dim.d_year = add(CAST(2001 AS INT), CAST(1 AS INT)), tpcds_partitioned_parquet_snap.date_dim.d_year = CAST(2001 AS INT) OR tpcds_partitioned_parquet_snap.date_dim.d_year = subtract(CAST(2001 AS INT), CAST(1 AS INT)) OR tpcds_partitioned_parquet_snap.date_dim.d_moy = CAST(1 AS INT), tpcds_partitioned_parquet_snap.date_dim.d_year = CAST(2001 AS INT) OR tpcds_partitioned_parquet_snap.date_dim.d_moy = CAST(1 AS INT) OR tpcds_partitioned_parquet_snap.date_dim.d_moy = CAST(12 AS INT)
|  |     stored statistics:
|  |       table: rows=73.05K size=2.17MB
|  |       columns: all
|  |     extrapolated-rows=disabled max-scan-range-rows=73.05K
|  |     parquet dictionary predicates: tpcds_partitioned_parquet_snap.date_dim.d_year = CAST(2001 AS INT) OR tpcds_partitioned_parquet_snap.date_dim.d_year = subtract(CAST(2001 AS INT), CAST(1 AS INT)) OR tpcds_partitioned_parquet_snap.date_dim.d_year = add(CAST(2001 AS INT), CAST(1 AS INT))
|  |     mem-estimate=16.00MB mem-reservation=512.00KB thread-reservation=0
|  |     tuple-ids=2 row-size=12B cardinality=98 cost=20833
|  |     in pipelines: 01(GETNEXT)
|  |
|  00:SCAN HDFS [tpcds_partitioned_parquet_snap.catalog_sales, RANDOM]
|     HDFS partitions=1831/1831 files=1831 size=280.96GB
|     runtime filters: RF009[min_max] -> tpcds_partitioned_parquet_snap.catalog_sales.cs_item_sk, RF007[min_max] -> tpcds_partitioned_parquet_snap.catalog_sales.cs_call_center_sk, RF010[bloom] -> tpcds_partitioned_parquet_snap.catalog_sales.cs_sold_date_sk, RF008[bloom] -> tpcds_partitioned_parquet_snap.catalog_sales.cs_item_sk, RF006[bloom] -> tpcds_partitioned_parquet_snap.catalog_sales.cs_call_center_sk
|     stored statistics:
|       table: rows=4.32G size=280.96GB
|       partitions: 1831/1831 rows=4.32G
|       columns: all
|     extrapolated-rows=disabled max-scan-range-rows=21.52M est-scan-range=98(filtered from 1831)
|     mem-estimate=16.00MB mem-reservation=1.00MB thread-reservation=0
|     tuple-ids=0 row-size=16B cardinality=231.22M(filtered from 4.32G) cost=53273569
|     in pipelines: 00(GETNEXT)
|
22:ANALYTIC
|  functions: rank()
|  partition by: tpcds_partitioned_parquet_snap.item_0.i_category, tpcds_partitioned_parquet_snap.item_0.i_brand, tpcds_partitioned_parquet_snap.call_center_0.cc_name
|  order by: tpcds_partitioned_parquet_snap.date_dim_0.d_year ASC, tpcds_partitioned_parquet_snap.date_dim_0.d_moy ASC
|  window: RANGE BETWEEN UNBOUNDED PRECEDING AND CURRENT ROW
|  mem-estimate=4.00MB mem-reservation=4.00MB spill-buffer=2.00MB thread-reservation=0
|  tuple-ids=32,31 row-size=104B cardinality=231.11M cost=231106528
|  in pipelines: 21(GETNEXT)
|
21:SORT
|  order by: tpcds_partitioned_parquet_snap.item_0.i_category ASC NULLS LAST, tpcds_partitioned_parquet_snap.item_0.i_brand ASC NULLS LAST, tpcds_partitioned_parquet_snap.call_center_0.cc_name ASC NULLS LAST, tpcds_partitioned_parquet_snap.date_dim_0.d_year ASC NULLS LAST, tpcds_partitioned_parquet_snap.date_dim_0.d_moy ASC NULLS LAST
|  mem-estimate=175.98MB mem-reservation=12.00MB spill-buffer=2.00MB thread-reservation=0
|  tuple-ids=32 row-size=96B cardinality=231.11M cost=1057317269
|  in pipelines: 21(GETNEXT), 41(OPEN)
|
42:EXCHANGE [HASH(tpcds_partitioned_parquet_snap.item_0.i_category,tpcds_partitioned_parquet_snap.item_0.i_brand,tpcds_partitioned_parquet_snap.call_center_0.cc_name)]
|  mem-estimate=20.72MB mem-reservation=0B thread-reservation=0
|  tuple-ids=27 row-size=96B cardinality=231.11M cost=127535142
|  in pipelines: 41(GETNEXT)
|
F04:PLAN FRAGMENT [HASH(tpcds_partitioned_parquet_snap.item_0.i_category,tpcds_partitioned_parquet_snap.item_0.i_brand,tpcds_partitioned_parquet_snap.call_center_0.cc_name,tpcds_partitioned_parquet_snap.date_dim_0.d_year,tpcds_partitioned_parquet_snap.date_dim_0.d_moy)] hosts=10 instances=110 (adjusted from 120)
Per-Instance Resources: mem-estimate=262.81MB mem-reservation=34.00MB thread-reservation=1
max-parallelism=160 segment-costs=[1491664575, 1545094974] cpu-comparison-result=110 [max(110 (self) vs 98 (sum children))]
41:AGGREGATE [FINALIZE]
|  output: sum:merge(tpcds_partitioned_parquet_snap.catalog_sales_0.cs_sales_price)
|  group by: tpcds_partitioned_parquet_snap.item_0.i_category, tpcds_partitioned_parquet_snap.item_0.i_brand, tpcds_partitioned_parquet_snap.call_center_0.cc_name, tpcds_partitioned_parquet_snap.date_dim_0.d_year, tpcds_partitioned_parquet_snap.date_dim_0.d_moy
|  mem-estimate=216.02MB mem-reservation=34.00MB spill-buffer=2.00MB thread-reservation=0
|  tuple-ids=27 row-size=96B cardinality=231.11M cost=1364129433
|  in pipelines: 41(GETNEXT), 13(OPEN)
|
40:EXCHANGE [HASH(tpcds_partitioned_parquet_snap.item_0.i_category,tpcds_partitioned_parquet_snap.item_0.i_brand,tpcds_partitioned_parquet_snap.call_center_0.cc_name,tpcds_partitioned_parquet_snap.date_dim_0.d_year,tpcds_partitioned_parquet_snap.date_dim_0.d_moy)]
|  mem-estimate=19.55MB mem-reservation=0B thread-reservation=0
|  tuple-ids=27 row-size=96B cardinality=231.11M cost=127535142
|  in pipelines: 13(GETNEXT)
|
F00:PLAN FRAGMENT [RANDOM] hosts=10 instances=98 (adjusted from 120)
Per-Host Shared Resources: mem-estimate=3.00MB mem-reservation=3.00MB thread-reservation=0 runtime-filters-memory=3.00MB
Per-Instance Resources: mem-estimate=240.74MB mem-reservation=35.00MB thread-reservation=1
max-parallelism=98 segment-costs=[1720949208, 1545094974] cpu-comparison-result=98 [max(98 (self) vs 36 (sum children))]
20:AGGREGATE [STREAMING]
|  output: sum(tpcds_partitioned_parquet_snap.catalog_sales_0.cs_sales_price)
|  group by: tpcds_partitioned_parquet_snap.item_0.i_category, tpcds_partitioned_parquet_snap.item_0.i_brand, tpcds_partitioned_parquet_snap.call_center_0.cc_name, tpcds_partitioned_parquet_snap.date_dim_0.d_year, tpcds_partitioned_parquet_snap.date_dim_0.d_moy
|  mem-estimate=181.85MB mem-reservation=34.00MB spill-buffer=2.00MB thread-reservation=0
|  tuple-ids=27 row-size=96B cardinality=231.11M cost=1364129433
|  in pipelines: 13(GETNEXT)
|
19:HASH JOIN [INNER JOIN, BROADCAST]
|  hash-table-id=08
|  hash predicates: tpcds_partitioned_parquet_snap.catalog_sales_0.cs_call_center_sk = tpcds_partitioned_parquet_snap.call_center_0.cc_call_center_sk
|  fk/pk conjuncts: tpcds_partitioned_parquet_snap.catalog_sales_0.cs_call_center_sk = tpcds_partitioned_parquet_snap.call_center_0.cc_call_center_sk
|  mem-estimate=0B mem-reservation=0B spill-buffer=64.00KB thread-reservation=0
|  tuple-ids=19,21,23,25 row-size=108B cardinality=231.11M cost=101155330
|  in pipelines: 13(GETNEXT), 18(OPEN)
|
|--F27:PLAN FRAGMENT [RANDOM] hosts=10 instances=10
|  |  Per-Instance Resources: mem-estimate=20.39MB mem-reservation=20.38MB thread-reservation=1 runtime-filters-memory=1.00MB
|  |  max-parallelism=10 segment-costs=[108]
|  JOIN BUILD
|  |  join-table-id=08 plan-id=09 cohort-id=01
|  |  build expressions: tpcds_partitioned_parquet_snap.call_center_0.cc_call_center_sk
|  |  runtime filters: RF000[bloom] <- tpcds_partitioned_parquet_snap.call_center_0.cc_call_center_sk, RF001[min_max] <- tpcds_partitioned_parquet_snap.call_center_0.cc_call_center_sk
|  |  mem-estimate=19.38MB mem-reservation=19.38MB spill-buffer=64.00KB thread-reservation=0 cost=48
|  |
|  39:EXCHANGE [BROADCAST]
|  |  mem-estimate=16.00KB mem-reservation=0B thread-reservation=0
|  |  tuple-ids=25 row-size=30B cardinality=48 cost=60
|  |  in pipelines: 18(GETNEXT)
|  |
|  F03:PLAN FRAGMENT [RANDOM] hosts=1 instances=1
|  Per-Instance Resources: mem-estimate=16.13MB mem-reservation=16.00KB thread-reservation=1
|  max-parallelism=1 segment-costs=[16]
|  18:SCAN HDFS [tpcds_partitioned_parquet_snap.call_center, RANDOM]
|     HDFS partitions=1/1 files=1 size=16.57KB
|     stored statistics:
|       table: rows=48 size=16.57KB
|       columns: all
|     extrapolated-rows=disabled max-scan-range-rows=48
|     mem-estimate=16.00MB mem-reservation=16.00KB thread-reservation=0
|     tuple-ids=25 row-size=30B cardinality=48 cost=12
|     in pipelines: 18(GETNEXT)
|
17:HASH JOIN [INNER JOIN, BROADCAST]
|  hash-table-id=09
|  hash predicates: tpcds_partitioned_parquet_snap.catalog_sales_0.cs_item_sk = tpcds_partitioned_parquet_snap.item_0.i_item_sk
|  fk/pk conjuncts: tpcds_partitioned_parquet_snap.catalog_sales_0.cs_item_sk = tpcds_partitioned_parquet_snap.item_0.i_item_sk
|  mem-estimate=0B mem-reservation=0B spill-buffer=2.00MB thread-reservation=0
|  tuple-ids=19,21,23 row-size=78B cardinality=231.11M cost=101184969
|  in pipelines: 13(GETNEXT), 16(OPEN)
|
|--F28:PLAN FRAGMENT [RANDOM] hosts=10 instances=10
|  |  Per-Instance Resources: mem-estimate=351.21MB mem-reservation=341.00MB thread-reservation=1 runtime-filters-memory=1.00MB
|  |  max-parallelism=10 segment-costs=[838440]
|  JOIN BUILD
|  |  join-table-id=09 plan-id=10 cohort-id=01
|  |  build expressions: tpcds_partitioned_parquet_snap.item_0.i_item_sk
|  |  runtime filters: RF002[bloom] <- tpcds_partitioned_parquet_snap.item_0.i_item_sk, RF003[min_max] <- tpcds_partitioned_parquet_snap.item_0.i_item_sk
|  |  mem-estimate=340.00MB mem-reservation=340.00MB spill-buffer=2.00MB thread-reservation=0 cost=360000
|  |
|  38:EXCHANGE [BROADCAST]
|  |  mem-estimate=10.21MB mem-reservation=0B thread-reservation=0
|  |  tuple-ids=23 row-size=50B cardinality=360.00K cost=478440
|  |  in pipelines: 16(GETNEXT)
|  |
|  F02:PLAN FRAGMENT [RANDOM] hosts=4 instances=4
|  Per-Instance Resources: mem-estimate=16.21MB mem-reservation=512.00KB thread-reservation=1
|  max-parallelism=4 segment-costs=[191555]
|  16:SCAN HDFS [tpcds_partitioned_parquet_snap.item, RANDOM]
|     HDFS partitions=1/1 files=1 size=33.54MB
|     stored statistics:
|       table: rows=360.00K size=33.54MB
|       columns: all
|     extrapolated-rows=disabled max-scan-range-rows=101.54K
|     mem-estimate=16.00MB mem-reservation=512.00KB thread-reservation=0
|     tuple-ids=23 row-size=50B cardinality=360.00K cost=135117
|     in pipelines: 16(GETNEXT)
|
15:HASH JOIN [INNER JOIN, BROADCAST]
|  hash-table-id=10
|  hash predicates: tpcds_partitioned_parquet_snap.catalog_sales_0.cs_sold_date_sk = tpcds_partitioned_parquet_snap.date_dim_0.d_date_sk
|  fk/pk conjuncts: tpcds_partitioned_parquet_snap.catalog_sales_0.cs_sold_date_sk = tpcds_partitioned_parquet_snap.date_dim_0.d_date_sk
|  mem-estimate=0B mem-reservation=0B spill-buffer=64.00KB thread-reservation=0
|  tuple-ids=19,21 row-size=28B cardinality=231.22M cost=101205907
|  in pipelines: 13(GETNEXT), 14(OPEN)
|
|--F29:PLAN FRAGMENT [RANDOM] hosts=10 instances=10
|  |  Per-Instance Resources: mem-estimate=20.39MB mem-reservation=20.38MB thread-reservation=1 runtime-filters-memory=1.00MB
|  |  max-parallelism=10 segment-costs=[228]
|  JOIN BUILD
|  |  join-table-id=10 plan-id=11 cohort-id=01
|  |  build expressions: tpcds_partitioned_parquet_snap.date_dim_0.d_date_sk
|  |  runtime filters: RF004[bloom] <- tpcds_partitioned_parquet_snap.date_dim_0.d_date_sk
|  |  mem-estimate=19.38MB mem-reservation=19.38MB spill-buffer=64.00KB thread-reservation=0 cost=98
|  |
|  37:EXCHANGE [BROADCAST]
|  |  mem-estimate=16.00KB mem-reservation=0B thread-reservation=0
|  |  tuple-ids=21 row-size=12B cardinality=98 cost=130
|  |  in pipelines: 14(GETNEXT)
|  |
|  F01:PLAN FRAGMENT [RANDOM] hosts=1 instances=1
|  Per-Instance Resources: mem-estimate=16.06MB mem-reservation=512.00KB thread-reservation=1
|  max-parallelism=1 segment-costs=[20838]
|  14:SCAN HDFS [tpcds_partitioned_parquet_snap.date_dim, RANDOM]
|     HDFS partitions=1/1 files=1 size=2.17MB
|     predicates: tpcds_partitioned_parquet_snap.date_dim_0.d_year = CAST(2001 AS INT) OR tpcds_partitioned_parquet_snap.date_dim_0.d_year = subtract(CAST(2001 AS INT), CAST(1 AS INT)) OR tpcds_partitioned_parquet_snap.date_dim_0.d_year = add(CAST(2001 AS INT), CAST(1 AS INT)), tpcds_partitioned_parquet_snap.date_dim_0.d_year = CAST(2001 AS INT) OR tpcds_partitioned_parquet_snap.date_dim_0.d_moy = CAST(12 AS INT) OR tpcds_partitioned_parquet_snap.date_dim_0.d_year = add(CAST(2001 AS INT), CAST(1 AS INT)), tpcds_partitioned_parquet_snap.date_dim_0.d_year = CAST(2001 AS INT) OR tpcds_partitioned_parquet_snap.date_dim_0.d_year = subtract(CAST(2001 AS INT), CAST(1 AS INT)) OR tpcds_partitioned_parquet_snap.date_dim_0.d_moy = CAST(1 AS INT), tpcds_partitioned_parquet_snap.date_dim_0.d_year = CAST(2001 AS INT) OR tpcds_partitioned_parquet_snap.date_dim_0.d_moy = CAST(1 AS INT) OR tpcds_partitioned_parquet_snap.date_dim_0.d_moy = CAST(12 AS INT)
|     stored statistics:
|       table: rows=73.05K size=2.17MB
|       columns: all
|     extrapolated-rows=disabled max-scan-range-rows=73.05K
|     parquet dictionary predicates: tpcds_partitioned_parquet_snap.date_dim_0.d_year = CAST(2001 AS INT) OR tpcds_partitioned_parquet_snap.date_dim_0.d_year = subtract(CAST(2001 AS INT), CAST(1 AS INT)) OR tpcds_partitioned_parquet_snap.date_dim_0.d_year = add(CAST(2001 AS INT), CAST(1 AS INT))
|     mem-estimate=16.00MB mem-reservation=512.00KB thread-reservation=0
|     tuple-ids=21 row-size=12B cardinality=98 cost=20833
|     in pipelines: 14(GETNEXT)
|
13:SCAN HDFS [tpcds_partitioned_parquet_snap.catalog_sales, RANDOM]
   HDFS partitions=1831/1831 files=1831 size=280.96GB
   runtime filters: RF003[min_max] -> tpcds_partitioned_parquet_snap.catalog_sales_0.cs_item_sk, RF001[min_max] -> tpcds_partitioned_parquet_snap.catalog_sales_0.cs_call_center_sk, RF004[bloom] -> tpcds_partitioned_parquet_snap.catalog_sales_0.cs_sold_date_sk, RF002[bloom] -> tpcds_partitioned_parquet_snap.catalog_sales_0.cs_item_sk, RF000[bloom] -> tpcds_partitioned_parquet_snap.catalog_sales_0.cs_call_center_sk
   stored statistics:
     table: rows=4.32G size=280.96GB
     partitions: 1831/1831 rows=4.32G
     columns: all
   extrapolated-rows=disabled max-scan-range-rows=21.52M est-scan-range=98(filtered from 1831)
   mem-estimate=16.00MB mem-reservation=1.00MB thread-reservation=0
   tuple-ids=19 row-size=16B cardinality=231.22M(filtered from 4.32G) cost=53273569
   in pipelines: 13(GETNEXT)
====
