# TPCDS-Q58
# start query 58 in stream 0 using template query58.tpl using seed 1622098664
with ss_items as
 (select i_item_id item_id
        ,sum(ss_ext_sales_price) ss_item_rev
 from store_sales
     ,item
     ,date_dim
 where ss_item_sk = i_item_sk
   and d_date in (select d_date
                  from date_dim
                  where d_week_seq = (select d_week_seq
                                      from date_dim
                                      where d_date = '2000-03-26'))
   and ss_sold_date_sk   = d_date_sk
 group by i_item_id),
 cs_items as
 (select i_item_id item_id
        ,sum(cs_ext_sales_price) cs_item_rev
  from catalog_sales
      ,item
      ,date_dim
 where cs_item_sk = i_item_sk
  and  d_date in (select d_date
                  from date_dim
                  where d_week_seq = (select d_week_seq
                                      from date_dim
                                      where d_date = '2000-03-26'))
  and  cs_sold_date_sk = d_date_sk
 group by i_item_id),
 ws_items as
 (select i_item_id item_id
        ,sum(ws_ext_sales_price) ws_item_rev
  from web_sales
      ,item
      ,date_dim
 where ws_item_sk = i_item_sk
  and  d_date in (select d_date
                  from date_dim
                  where d_week_seq =(select d_week_seq
                                     from date_dim
                                     where d_date = '2000-03-26'))
  and ws_sold_date_sk   = d_date_sk
 group by i_item_id)
  select  ss_items.item_id
       ,ss_item_rev
       ,ss_item_rev/((ss_item_rev+cs_item_rev+ws_item_rev)/3) * 100 ss_dev
       ,cs_item_rev
       ,cs_item_rev/((ss_item_rev+cs_item_rev+ws_item_rev)/3) * 100 cs_dev
       ,ws_item_rev
       ,ws_item_rev/((ss_item_rev+cs_item_rev+ws_item_rev)/3) * 100 ws_dev
       ,(ss_item_rev+cs_item_rev+ws_item_rev)/3 average
 from ss_items,cs_items,ws_items
 where ss_items.item_id=cs_items.item_id
   and ss_items.item_id=ws_items.item_id
   and ss_item_rev between 0.9 * cs_item_rev and 1.1 * cs_item_rev
   and ss_item_rev between 0.9 * ws_item_rev and 1.1 * ws_item_rev
   and cs_item_rev between 0.9 * ss_item_rev and 1.1 * ss_item_rev
   and cs_item_rev between 0.9 * ws_item_rev and 1.1 * ws_item_rev
   and ws_item_rev between 0.9 * ss_item_rev and 1.1 * ss_item_rev
   and ws_item_rev between 0.9 * cs_item_rev and 1.1 * cs_item_rev
 order by item_id
         ,ss_item_rev
 limit 100

# end query 58 in stream 0 using template query58.tpl
---- PLAN
Max Per-Host Resource Reservation: Memory=148.00MB Threads=1
Per-Host Resource Estimates: Memory=335MB
F00:PLAN FRAGMENT [UNPARTITIONED] hosts=1 instances=1
|  Per-Instance Resources: mem-estimate=335.12MB mem-reservation=148.00MB thread-reservation=1 runtime-filters-memory=10.00MB
|  max-parallelism=1 segment-costs=[10467, 8439, 11269089945, 10467, 8439, 617907401, 10467, 8439, 5635203414, 962850, 800]
PLAN-ROOT SINK
|  output exprs: tpcds_partitioned_parquet_snap.item_1.i_item_id, sum(tpcds_partitioned_parquet_snap.store_sales.ss_ext_sales_price), multiply(divide(sum(tpcds_partitioned_parquet_snap.store_sales.ss_ext_sales_price), divide(add(add(sum(tpcds_partitioned_parquet_snap.store_sales.ss_ext_sales_price), sum(tpcds_partitioned_parquet_snap.catalog_sales.cs_ext_sales_price)), sum(tpcds_partitioned_parquet_snap.web_sales.ws_ext_sales_price)), CAST(3 AS DECIMAL(3,0)))), CAST(100 AS DECIMAL(3,0))), sum(tpcds_partitioned_parquet_snap.catalog_sales.cs_ext_sales_price), multiply(divide(sum(tpcds_partitioned_parquet_snap.catalog_sales.cs_ext_sales_price), divide(add(add(sum(tpcds_partitioned_parquet_snap.store_sales.ss_ext_sales_price), sum(tpcds_partitioned_parquet_snap.catalog_sales.cs_ext_sales_price)), sum(tpcds_partitioned_parquet_snap.web_sales.ws_ext_sales_price)), CAST(3 AS DECIMAL(3,0)))), CAST(100 AS DECIMAL(3,0))), sum(tpcds_partitioned_parquet_snap.web_sales.ws_ext_sales_price), multiply(divide(sum(tpcds_partitioned_parquet_snap.web_sales.ws_ext_sales_price), divide(add(add(sum(tpcds_partitioned_parquet_snap.store_sales.ss_ext_sales_price), sum(tpcds_partitioned_parquet_snap.catalog_sales.cs_ext_sales_price)), sum(tpcds_partitioned_parquet_snap.web_sales.ws_ext_sales_price)), CAST(3 AS DECIMAL(3,0)))), CAST(100 AS DECIMAL(3,0))), divide(add(add(sum(tpcds_partitioned_parquet_snap.store_sales.ss_ext_sales_price), sum(tpcds_partitioned_parquet_snap.catalog_sales.cs_ext_sales_price)), sum(tpcds_partitioned_parquet_snap.web_sales.ws_ext_sales_price)), CAST(3 AS DECIMAL(3,0)))
|  mem-estimate=4.00MB mem-reservation=4.00MB spill-buffer=2.00MB thread-reservation=0 cost=800
|
38:TOP-N [LIMIT=100]
|  order by: tpcds_partitioned_parquet_snap.item_1.i_item_id ASC NULLS LAST, sum(tpcds_partitioned_parquet_snap.store_sales.ss_ext_sales_price) ASC NULLS LAST
|  mem-estimate=7.42KB mem-reservation=0B thread-reservation=0
|  tuple-ids=36 row-size=76B cardinality=100 cost=778561
|  in pipelines: 38(GETNEXT), 11(OPEN)
|
37:HASH JOIN [INNER JOIN]
|  hash predicates: tpcds_partitioned_parquet_snap.item.i_item_id = tpcds_partitioned_parquet_snap.item_1.i_item_id
|  fk/pk conjuncts: none
|  other join predicates: sum(tpcds_partitioned_parquet_snap.catalog_sales.cs_ext_sales_price) <= multiply(CAST(1.1 AS DECIMAL(2,1)), sum(tpcds_partitioned_parquet_snap.store_sales.ss_ext_sales_price)), sum(tpcds_partitioned_parquet_snap.catalog_sales.cs_ext_sales_price) <= multiply(CAST(1.1 AS DECIMAL(2,1)), sum(tpcds_partitioned_parquet_snap.web_sales.ws_ext_sales_price)), sum(tpcds_partitioned_parquet_snap.catalog_sales.cs_ext_sales_price) >= multiply(CAST(0.9 AS DECIMAL(2,1)), sum(tpcds_partitioned_parquet_snap.store_sales.ss_ext_sales_price)), sum(tpcds_partitioned_parquet_snap.catalog_sales.cs_ext_sales_price) >= multiply(CAST(0.9 AS DECIMAL(2,1)), sum(tpcds_partitioned_parquet_snap.web_sales.ws_ext_sales_price)), sum(tpcds_partitioned_parquet_snap.store_sales.ss_ext_sales_price) <= multiply(CAST(1.1 AS DECIMAL(2,1)), sum(tpcds_partitioned_parquet_snap.catalog_sales.cs_ext_sales_price)), sum(tpcds_partitioned_parquet_snap.store_sales.ss_ext_sales_price) >= multiply(CAST(0.9 AS DECIMAL(2,1)), sum(tpcds_partitioned_parquet_snap.catalog_sales.cs_ext_sales_price)), sum(tpcds_partitioned_parquet_snap.web_sales.ws_ext_sales_price) <= multiply(CAST(1.1 AS DECIMAL(2,1)), sum(tpcds_partitioned_parquet_snap.catalog_sales.cs_ext_sales_price)), sum(tpcds_partitioned_parquet_snap.web_sales.ws_ext_sales_price) >= multiply(CAST(0.9 AS DECIMAL(2,1)), sum(tpcds_partitioned_parquet_snap.catalog_sales.cs_ext_sales_price))
|  runtime filters: RF000[bloom] <- tpcds_partitioned_parquet_snap.item_1.i_item_id, RF001[min_max] <- tpcds_partitioned_parquet_snap.item_1.i_item_id
|  mem-estimate=8.50MB mem-reservation=8.50MB spill-buffer=512.00KB thread-reservation=0
|  tuple-ids=11,35,23 row-size=132B cardinality=84.38K cost=106387
|  in pipelines: 11(GETNEXT), 35(OPEN)
|
|--36:HASH JOIN [INNER JOIN]
|  |  hash predicates: tpcds_partitioned_parquet_snap.item_1.i_item_id = tpcds_partitioned_parquet_snap.item_0.i_item_id
|  |  fk/pk conjuncts: none
|  |  other join predicates: sum(tpcds_partitioned_parquet_snap.store_sales.ss_ext_sales_price) <= multiply(CAST(1.1 AS DECIMAL(2,1)), sum(tpcds_partitioned_parquet_snap.web_sales.ws_ext_sales_price)), sum(tpcds_partitioned_parquet_snap.store_sales.ss_ext_sales_price) >= multiply(CAST(0.9 AS DECIMAL(2,1)), sum(tpcds_partitioned_parquet_snap.web_sales.ws_ext_sales_price)), sum(tpcds_partitioned_parquet_snap.web_sales.ws_ext_sales_price) <= multiply(CAST(1.1 AS DECIMAL(2,1)), sum(tpcds_partitioned_parquet_snap.store_sales.ss_ext_sales_price)), sum(tpcds_partitioned_parquet_snap.web_sales.ws_ext_sales_price) >= multiply(CAST(0.9 AS DECIMAL(2,1)), sum(tpcds_partitioned_parquet_snap.store_sales.ss_ext_sales_price))
|  |  runtime filters: RF010[bloom] <- tpcds_partitioned_parquet_snap.item_0.i_item_id, RF011[min_max] <- tpcds_partitioned_parquet_snap.item_0.i_item_id
|  |  mem-estimate=2.88MB mem-reservation=2.88MB spill-buffer=128.00KB thread-reservation=0
|  |  tuple-ids=35,23 row-size=88B cardinality=43.50K cost=77902
|  |  in pipelines: 35(GETNEXT), 23(OPEN)
|  |
|  |--23:AGGREGATE [FINALIZE]
|  |  |  output: sum(tpcds_partitioned_parquet_snap.web_sales.ws_ext_sales_price)
|  |  |  group by: tpcds_partitioned_parquet_snap.item_0.i_item_id
|  |  |  mem-estimate=10.00MB mem-reservation=2.88MB spill-buffer=128.00KB thread-reservation=0
|  |  |  tuple-ids=23 row-size=44B cardinality=22.42K cost=65017
|  |  |  in pipelines: 23(GETNEXT), 12(OPEN)
|  |  |
|  |  22:HASH JOIN [INNER JOIN]
|  |  |  hash predicates: tpcds_partitioned_parquet_snap.date_dim_2.d_date = tpcds_partitioned_parquet_snap.date_dim_3.d_date
|  |  |  fk/pk conjuncts: none
|  |  |  runtime filters: RF020[bloom] <- tpcds_partitioned_parquet_snap.date_dim_3.d_date, RF021[min_max] <- tpcds_partitioned_parquet_snap.date_dim_3.d_date
|  |  |  mem-estimate=1.94MB mem-reservation=1.94MB spill-buffer=64.00KB thread-reservation=0
|  |  |  tuple-ids=12,14,16,22 row-size=56B cardinality=22.42K cost=55379560
|  |  |  in pipelines: 12(GETNEXT), 21(OPEN)
|  |  |
|  |  |--21:AGGREGATE [FINALIZE]
|  |  |  |  group by: tpcds_partitioned_parquet_snap.date_dim_3.d_date
|  |  |  |  mem-estimate=10.00MB mem-reservation=1.94MB spill-buffer=64.00KB thread-reservation=0
|  |  |  |  tuple-ids=22 row-size=4B cardinality=7 cost=20
|  |  |  |  in pipelines: 21(GETNEXT), 17(OPEN)
|  |  |  |
|  |  |  20:HASH JOIN [INNER JOIN]
|  |  |  |  hash predicates: tpcds_partitioned_parquet_snap.date_dim_3.d_week_seq = tpcds_partitioned_parquet_snap.date_dim_4.d_week_seq
|  |  |  |  fk/pk conjuncts: none
|  |  |  |  runtime filters: RF026[bloom] <- tpcds_partitioned_parquet_snap.date_dim_4.d_week_seq, RF027[min_max] <- tpcds_partitioned_parquet_snap.date_dim_4.d_week_seq
|  |  |  |  mem-estimate=1.94MB mem-reservation=1.94MB spill-buffer=64.00KB thread-reservation=0
|  |  |  |  tuple-ids=18,20 row-size=16B cardinality=7 cost=4
|  |  |  |  in pipelines: 17(GETNEXT), 19(OPEN)
|  |  |  |
|  |  |  |--19:CARDINALITY CHECK
|  |  |  |  |  limit: 1
|  |  |  |  |  mem-estimate=0B mem-reservation=0B thread-reservation=0
|  |  |  |  |  tuple-ids=20 row-size=8B cardinality=1 cost=0
|  |  |  |  |  in pipelines: 19(GETNEXT), 18(OPEN)
|  |  |  |  |
|  |  |  |  18:SCAN HDFS [tpcds_partitioned_parquet_snap.date_dim]
|  |  |  |     HDFS partitions=1/1 files=1 size=2.17MB
|  |  |  |     predicates: tpcds_partitioned_parquet_snap.date_dim_4.d_date = DATE '2000-03-26'
|  |  |  |     stored statistics:
|  |  |  |       table: rows=73.05K size=2.17MB
|  |  |  |       columns: all
|  |  |  |     extrapolated-rows=disabled max-scan-range-rows=73.05K
|  |  |  |     parquet statistics predicates: tpcds_partitioned_parquet_snap.date_dim_4.d_date = DATE '2000-03-26'
|  |  |  |     parquet dictionary predicates: tpcds_partitioned_parquet_snap.date_dim_4.d_date = DATE '2000-03-26'
|  |  |  |     limit: 2
|  |  |  |     mem-estimate=16.00MB mem-reservation=512.00KB thread-reservation=0
|  |  |  |     tuple-ids=20 row-size=8B cardinality=1 cost=10467
|  |  |  |     in pipelines: 18(GETNEXT)
|  |  |  |
|  |  |  17:SCAN HDFS [tpcds_partitioned_parquet_snap.date_dim]
|  |  |     HDFS partitions=1/1 files=1 size=2.17MB
|  |  |     runtime filters: RF027[min_max] -> tpcds_partitioned_parquet_snap.date_dim_3.d_week_seq, RF026[bloom] -> tpcds_partitioned_parquet_snap.date_dim_3.d_week_seq
|  |  |     stored statistics:
|  |  |       table: rows=73.05K size=2.17MB
|  |  |       columns: all
|  |  |     extrapolated-rows=disabled max-scan-range-rows=73.05K
|  |  |     mem-estimate=16.00MB mem-reservation=512.00KB thread-reservation=0
|  |  |     tuple-ids=18 row-size=8B cardinality=7(filtered from 73.05K) cost=8415
|  |  |     in pipelines: 17(GETNEXT)
|  |  |
|  |  16:HASH JOIN [INNER JOIN]
|  |  |  hash predicates: tpcds_partitioned_parquet_snap.web_sales.ws_sold_date_sk = tpcds_partitioned_parquet_snap.date_dim_2.d_date_sk
|  |  |  fk/pk conjuncts: tpcds_partitioned_parquet_snap.web_sales.ws_sold_date_sk = tpcds_partitioned_parquet_snap.date_dim_2.d_date_sk
|  |  |  mem-estimate=4.75MB mem-reservation=4.75MB spill-buffer=256.00KB thread-reservation=0
|  |  |  tuple-ids=12,14,16 row-size=52B cardinality=215.89M(filtered from 215.89M) cost=94567599
|  |  |  in pipelines: 12(GETNEXT), 15(OPEN)
|  |  |
|  |  |--15:SCAN HDFS [tpcds_partitioned_parquet_snap.date_dim]
|  |  |     HDFS partitions=1/1 files=1 size=2.17MB
|  |  |     runtime filters: RF021[min_max] -> tpcds_partitioned_parquet_snap.date_dim_2.d_date, RF020[bloom] -> tpcds_partitioned_parquet_snap.date_dim_2.d_date
|  |  |     stored statistics:
|  |  |       table: rows=73.05K size=2.17MB
|  |  |       columns: all
|  |  |     extrapolated-rows=disabled max-scan-range-rows=73.05K
|  |  |     mem-estimate=16.00MB mem-reservation=1.00MB thread-reservation=0
|  |  |     tuple-ids=16 row-size=8B cardinality=73.05K cost=8415
|  |  |     in pipelines: 15(GETNEXT)
|  |  |
|  |  14:HASH JOIN [INNER JOIN]
|  |  |  hash predicates: tpcds_partitioned_parquet_snap.web_sales.ws_item_sk = tpcds_partitioned_parquet_snap.item_0.i_item_sk
|  |  |  fk/pk conjuncts: tpcds_partitioned_parquet_snap.web_sales.ws_item_sk = tpcds_partitioned_parquet_snap.item_0.i_item_sk
|  |  |  runtime filters: RF024[bloom] <- tpcds_partitioned_parquet_snap.item_0.i_item_sk, RF025[min_max] <- tpcds_partitioned_parquet_snap.item_0.i_item_sk
|  |  |  mem-estimate=2.88MB mem-reservation=2.88MB spill-buffer=128.00KB thread-reservation=0
|  |  |  tuple-ids=12,14 row-size=44B cardinality=215.89M(filtered from 215.89M) cost=94530550
|  |  |  in pipelines: 12(GETNEXT), 13(OPEN)
|  |  |
|  |  |--13:SCAN HDFS [tpcds_partitioned_parquet_snap.item]
|  |  |     HDFS partitions=1/1 files=1 size=33.54MB
|  |  |     predicates: is_not_null_pred(tpcds_partitioned_parquet_snap.item_0.i_item_id)
|  |  |     stored statistics:
|  |  |       table: rows=360.00K size=33.54MB
|  |  |       columns: all
|  |  |     extrapolated-rows=disabled max-scan-range-rows=101.54K
|  |  |     parquet dictionary predicates: is_not_null_pred(tpcds_partitioned_parquet_snap.item_0.i_item_id)
|  |  |     mem-estimate=16.00MB mem-reservation=512.00KB thread-reservation=0
|  |  |     tuple-ids=14 row-size=32B cardinality=36.00K cost=113796
|  |  |     in pipelines: 13(GETNEXT)
|  |  |
|  |  12:SCAN HDFS [tpcds_partitioned_parquet_snap.web_sales]
|  |     HDFS partitions=1824/1824 files=1824 size=145.75GB
|  |     runtime filters: RF025[min_max] -> tpcds_partitioned_parquet_snap.web_sales.ws_item_sk, RF024[bloom] -> tpcds_partitioned_parquet_snap.web_sales.ws_item_sk
|  |     stored statistics:
|  |       table: rows=2.16G size=145.75GB
|  |       partitions: 1824/1824 rows=2.16G
|  |       columns: all
|  |     extrapolated-rows=disabled max-scan-range-rows=3.37M
|  |     mem-estimate=16.00MB mem-reservation=128.00KB thread-reservation=0
|  |     tuple-ids=12 row-size=12B cardinality=215.89M(filtered from 2.16G) cost=373242464
|  |     in pipelines: 12(GETNEXT)
|  |
|  35:AGGREGATE [FINALIZE]
|  |  output: sum(tpcds_partitioned_parquet_snap.store_sales.ss_ext_sales_price)
|  |  group by: tpcds_partitioned_parquet_snap.item_1.i_item_id
|  |  mem-estimate=17.00MB mem-reservation=17.00MB spill-buffer=1.00MB thread-reservation=0
|  |  tuple-ids=35 row-size=44B cardinality=185.57K cost=746160
|  |  in pipelines: 35(GETNEXT), 24(OPEN)
|  |
|  34:HASH JOIN [INNER JOIN]
|  |  hash predicates: tpcds_partitioned_parquet_snap.date_dim_5.d_date = tpcds_partitioned_parquet_snap.date_dim_6.d_date
|  |  fk/pk conjuncts: none
|  |  runtime filters: RF012[bloom] <- tpcds_partitioned_parquet_snap.date_dim_6.d_date, RF013[min_max] <- tpcds_partitioned_parquet_snap.date_dim_6.d_date
|  |  mem-estimate=1.94MB mem-reservation=1.94MB spill-buffer=64.00KB thread-reservation=0
|  |  tuple-ids=24,26,28,34 row-size=56B cardinality=896.89K cost=2215198382
|  |  in pipelines: 24(GETNEXT), 33(OPEN)
|  |
|  |--33:AGGREGATE [FINALIZE]
|  |  |  group by: tpcds_partitioned_parquet_snap.date_dim_6.d_date
|  |  |  mem-estimate=10.00MB mem-reservation=1.94MB spill-buffer=64.00KB thread-reservation=0
|  |  |  tuple-ids=34 row-size=4B cardinality=7 cost=20
|  |  |  in pipelines: 33(GETNEXT), 29(OPEN)
|  |  |
|  |  32:HASH JOIN [INNER JOIN]
|  |  |  hash predicates: tpcds_partitioned_parquet_snap.date_dim_6.d_week_seq = tpcds_partitioned_parquet_snap.date_dim_7.d_week_seq
|  |  |  fk/pk conjuncts: none
|  |  |  runtime filters: RF018[bloom] <- tpcds_partitioned_parquet_snap.date_dim_7.d_week_seq, RF019[min_max] <- tpcds_partitioned_parquet_snap.date_dim_7.d_week_seq
|  |  |  mem-estimate=1.94MB mem-reservation=1.94MB spill-buffer=64.00KB thread-reservation=0
|  |  |  tuple-ids=30,32 row-size=16B cardinality=7 cost=4
|  |  |  in pipelines: 29(GETNEXT), 31(OPEN)
|  |  |
|  |  |--31:CARDINALITY CHECK
|  |  |  |  limit: 1
|  |  |  |  mem-estimate=0B mem-reservation=0B thread-reservation=0
|  |  |  |  tuple-ids=32 row-size=8B cardinality=1 cost=0
|  |  |  |  in pipelines: 31(GETNEXT), 30(OPEN)
|  |  |  |
|  |  |  30:SCAN HDFS [tpcds_partitioned_parquet_snap.date_dim]
|  |  |     HDFS partitions=1/1 files=1 size=2.17MB
|  |  |     predicates: tpcds_partitioned_parquet_snap.date_dim_7.d_date = DATE '2000-03-26'
|  |  |     stored statistics:
|  |  |       table: rows=73.05K size=2.17MB
|  |  |       columns: all
|  |  |     extrapolated-rows=disabled max-scan-range-rows=73.05K
|  |  |     parquet statistics predicates: tpcds_partitioned_parquet_snap.date_dim_7.d_date = DATE '2000-03-26'
|  |  |     parquet dictionary predicates: tpcds_partitioned_parquet_snap.date_dim_7.d_date = DATE '2000-03-26'
|  |  |     limit: 2
|  |  |     mem-estimate=16.00MB mem-reservation=512.00KB thread-reservation=0
|  |  |     tuple-ids=32 row-size=8B cardinality=1 cost=10467
|  |  |     in pipelines: 30(GETNEXT)
|  |  |
|  |  29:SCAN HDFS [tpcds_partitioned_parquet_snap.date_dim]
|  |     HDFS partitions=1/1 files=1 size=2.17MB
|  |     runtime filters: RF019[min_max] -> tpcds_partitioned_parquet_snap.date_dim_6.d_week_seq, RF018[bloom] -> tpcds_partitioned_parquet_snap.date_dim_6.d_week_seq
|  |     stored statistics:
|  |       table: rows=73.05K size=2.17MB
|  |       columns: all
|  |     extrapolated-rows=disabled max-scan-range-rows=73.05K
|  |     mem-estimate=16.00MB mem-reservation=512.00KB thread-reservation=0
|  |     tuple-ids=30 row-size=8B cardinality=7(filtered from 73.05K) cost=8415
|  |     in pipelines: 29(GETNEXT)
|  |
|  28:HASH JOIN [INNER JOIN]
|  |  hash predicates: tpcds_partitioned_parquet_snap.store_sales.ss_sold_date_sk = tpcds_partitioned_parquet_snap.date_dim_5.d_date_sk
|  |  fk/pk conjuncts: tpcds_partitioned_parquet_snap.store_sales.ss_sold_date_sk = tpcds_partitioned_parquet_snap.date_dim_5.d_date_sk
|  |  mem-estimate=4.75MB mem-reservation=4.75MB spill-buffer=256.00KB thread-reservation=0
|  |  tuple-ids=24,26,28 row-size=52B cardinality=8.64G(filtered from 8.64G) cost=3779882778
|  |  in pipelines: 24(GETNEXT), 27(OPEN)
|  |
|  |--27:SCAN HDFS [tpcds_partitioned_parquet_snap.date_dim]
|  |     HDFS partitions=1/1 files=1 size=2.17MB
|  |     runtime filters: RF013[min_max] -> tpcds_partitioned_parquet_snap.date_dim_5.d_date, RF012[bloom] -> tpcds_partitioned_parquet_snap.date_dim_5.d_date
|  |     stored statistics:
|  |       table: rows=73.05K size=2.17MB
|  |       columns: all
|  |     extrapolated-rows=disabled max-scan-range-rows=73.05K
|  |     mem-estimate=16.00MB mem-reservation=1.00MB thread-reservation=0
|  |     tuple-ids=28 row-size=8B cardinality=73.05K cost=8415
|  |     in pipelines: 27(GETNEXT)
|  |
|  26:HASH JOIN [INNER JOIN]
|  |  hash predicates: tpcds_partitioned_parquet_snap.store_sales.ss_item_sk = tpcds_partitioned_parquet_snap.item_1.i_item_sk
|  |  fk/pk conjuncts: tpcds_partitioned_parquet_snap.store_sales.ss_item_sk = tpcds_partitioned_parquet_snap.item_1.i_item_sk
|  |  runtime filters: RF016[bloom] <- tpcds_partitioned_parquet_snap.item_1.i_item_sk, RF017[min_max] <- tpcds_partitioned_parquet_snap.item_1.i_item_sk
|  |  mem-estimate=34.00MB mem-reservation=34.00MB spill-buffer=2.00MB thread-reservation=0
|  |  tuple-ids=24,26 row-size=44B cardinality=8.64G(filtered from 8.64G) cost=3780169729
|  |  in pipelines: 24(GETNEXT), 25(OPEN)
|  |
|  |--25:SCAN HDFS [tpcds_partitioned_parquet_snap.item]
|  |     HDFS partitions=1/1 files=1 size=33.54MB
|  |     runtime filters: RF011[min_max] -> tpcds_partitioned_parquet_snap.item_1.i_item_id, RF010[bloom] -> tpcds_partitioned_parquet_snap.item_1.i_item_id
|  |     stored statistics:
|  |       table: rows=360.00K size=33.54MB
|  |       columns: all
|  |     extrapolated-rows=disabled max-scan-range-rows=101.54K
|  |     mem-estimate=16.00MB mem-reservation=512.00KB thread-reservation=0
|  |     tuple-ids=26 row-size=32B cardinality=360.00K cost=103680
|  |     in pipelines: 25(GETNEXT)
|  |
|  24:SCAN HDFS [tpcds_partitioned_parquet_snap.store_sales]
|     HDFS partitions=1824/1824 files=1824 size=389.90GB
|     runtime filters: RF017[min_max] -> tpcds_partitioned_parquet_snap.store_sales.ss_item_sk, RF016[bloom] -> tpcds_partitioned_parquet_snap.store_sales.ss_item_sk
|     stored statistics:
|       table: rows=8.64G size=389.90GB
|       partitions: 1824/1824 rows=8.64G
|       columns: all
|     extrapolated-rows=disabled max-scan-range-rows=390.22M
|     mem-estimate=16.00MB mem-reservation=8.00MB thread-reservation=0
|     tuple-ids=24 row-size=12B cardinality=8.64G(filtered from 8.64G) cost=1492980801
|     in pipelines: 24(GETNEXT)
|
11:AGGREGATE [FINALIZE]
|  output: sum(tpcds_partitioned_parquet_snap.catalog_sales.cs_ext_sales_price)
|  group by: tpcds_partitioned_parquet_snap.item.i_item_id
|  mem-estimate=17.00MB mem-reservation=17.00MB spill-buffer=1.00MB thread-reservation=0
|  tuple-ids=11 row-size=44B cardinality=185.57K cost=614993
|  in pipelines: 11(GETNEXT), 00(OPEN)
|
10:HASH JOIN [INNER JOIN]
|  hash predicates: tpcds_partitioned_parquet_snap.date_dim.d_date = tpcds_partitioned_parquet_snap.date_dim_0.d_date
|  fk/pk conjuncts: none
|  runtime filters: RF002[bloom] <- tpcds_partitioned_parquet_snap.date_dim_0.d_date, RF003[min_max] <- tpcds_partitioned_parquet_snap.date_dim_0.d_date
|  mem-estimate=1.94MB mem-reservation=1.94MB spill-buffer=64.00KB thread-reservation=0
|  tuple-ids=0,2,4,10 row-size=56B cardinality=448.45K cost=1107627495
|  in pipelines: 00(GETNEXT), 09(OPEN)
|
|--09:AGGREGATE [FINALIZE]
|  |  group by: tpcds_partitioned_parquet_snap.date_dim_0.d_date
|  |  mem-estimate=10.00MB mem-reservation=1.94MB spill-buffer=64.00KB thread-reservation=0
|  |  tuple-ids=10 row-size=4B cardinality=7 cost=20
|  |  in pipelines: 09(GETNEXT), 05(OPEN)
|  |
|  08:HASH JOIN [INNER JOIN]
|  |  hash predicates: tpcds_partitioned_parquet_snap.date_dim_0.d_week_seq = tpcds_partitioned_parquet_snap.date_dim_1.d_week_seq
|  |  fk/pk conjuncts: none
|  |  runtime filters: RF008[bloom] <- tpcds_partitioned_parquet_snap.date_dim_1.d_week_seq, RF009[min_max] <- tpcds_partitioned_parquet_snap.date_dim_1.d_week_seq
|  |  mem-estimate=1.94MB mem-reservation=1.94MB spill-buffer=64.00KB thread-reservation=0
|  |  tuple-ids=6,8 row-size=16B cardinality=7 cost=4
|  |  in pipelines: 05(GETNEXT), 07(OPEN)
|  |
|  |--07:CARDINALITY CHECK
|  |  |  limit: 1
|  |  |  mem-estimate=0B mem-reservation=0B thread-reservation=0
|  |  |  tuple-ids=8 row-size=8B cardinality=1 cost=0
|  |  |  in pipelines: 07(GETNEXT), 06(OPEN)
|  |  |
|  |  06:SCAN HDFS [tpcds_partitioned_parquet_snap.date_dim]
|  |     HDFS partitions=1/1 files=1 size=2.17MB
|  |     predicates: tpcds_partitioned_parquet_snap.date_dim_1.d_date = DATE '2000-03-26'
|  |     stored statistics:
|  |       table: rows=73.05K size=2.17MB
|  |       columns: all
|  |     extrapolated-rows=disabled max-scan-range-rows=73.05K
|  |     parquet statistics predicates: tpcds_partitioned_parquet_snap.date_dim_1.d_date = DATE '2000-03-26'
|  |     parquet dictionary predicates: tpcds_partitioned_parquet_snap.date_dim_1.d_date = DATE '2000-03-26'
|  |     limit: 2
|  |     mem-estimate=16.00MB mem-reservation=512.00KB thread-reservation=0
|  |     tuple-ids=8 row-size=8B cardinality=1 cost=10467
|  |     in pipelines: 06(GETNEXT)
|  |
|  05:SCAN HDFS [tpcds_partitioned_parquet_snap.date_dim]
|     HDFS partitions=1/1 files=1 size=2.17MB
|     runtime filters: RF009[min_max] -> tpcds_partitioned_parquet_snap.date_dim_0.d_week_seq, RF008[bloom] -> tpcds_partitioned_parquet_snap.date_dim_0.d_week_seq
|     stored statistics:
|       table: rows=73.05K size=2.17MB
|       columns: all
|     extrapolated-rows=disabled max-scan-range-rows=73.05K
|     mem-estimate=16.00MB mem-reservation=512.00KB thread-reservation=0
|     tuple-ids=6 row-size=8B cardinality=7(filtered from 73.05K) cost=8415
|     in pipelines: 05(GETNEXT)
|
04:HASH JOIN [INNER JOIN]
|  hash predicates: tpcds_partitioned_parquet_snap.catalog_sales.cs_sold_date_sk = tpcds_partitioned_parquet_snap.date_dim.d_date_sk
|  fk/pk conjuncts: tpcds_partitioned_parquet_snap.catalog_sales.cs_sold_date_sk = tpcds_partitioned_parquet_snap.date_dim.d_date_sk
|  mem-estimate=4.75MB mem-reservation=4.75MB spill-buffer=256.00KB thread-reservation=0
|  tuple-ids=0,2,4 row-size=52B cardinality=4.32G(filtered from 4.32G) cost=1890026203
|  in pipelines: 00(GETNEXT), 03(OPEN)
|
|--03:SCAN HDFS [tpcds_partitioned_parquet_snap.date_dim]
|     HDFS partitions=1/1 files=1 size=2.17MB
|     runtime filters: RF003[min_max] -> tpcds_partitioned_parquet_snap.date_dim.d_date, RF002[bloom] -> tpcds_partitioned_parquet_snap.date_dim.d_date
|     stored statistics:
|       table: rows=73.05K size=2.17MB
|       columns: all
|     extrapolated-rows=disabled max-scan-range-rows=73.05K
|     mem-estimate=16.00MB mem-reservation=1.00MB thread-reservation=0
|     tuple-ids=4 row-size=8B cardinality=73.05K cost=8415
|     in pipelines: 03(GETNEXT)
|
02:HASH JOIN [INNER JOIN]
|  hash predicates: tpcds_partitioned_parquet_snap.catalog_sales.cs_item_sk = tpcds_partitioned_parquet_snap.item.i_item_sk
|  fk/pk conjuncts: tpcds_partitioned_parquet_snap.catalog_sales.cs_item_sk = tpcds_partitioned_parquet_snap.item.i_item_sk
|  runtime filters: RF007[min_max] <- tpcds_partitioned_parquet_snap.item.i_item_sk
|  mem-estimate=34.00MB mem-reservation=34.00MB spill-buffer=2.00MB thread-reservation=0
|  tuple-ids=0,2 row-size=44B cardinality=4.32G(filtered from 4.32G) cost=1890313154
|  in pipelines: 00(GETNEXT), 01(OPEN)
|
|--01:SCAN HDFS [tpcds_partitioned_parquet_snap.item]
|     HDFS partitions=1/1 files=1 size=33.54MB
|     runtime filters: RF001[min_max] -> tpcds_partitioned_parquet_snap.item.i_item_id, RF000[bloom] -> tpcds_partitioned_parquet_snap.item.i_item_id
|     stored statistics:
|       table: rows=360.00K size=33.54MB
|       columns: all
|     extrapolated-rows=disabled max-scan-range-rows=101.54K
|     mem-estimate=16.00MB mem-reservation=512.00KB thread-reservation=0
|     tuple-ids=2 row-size=32B cardinality=360.00K cost=103680
|     in pipelines: 01(GETNEXT)
|
00:SCAN HDFS [tpcds_partitioned_parquet_snap.catalog_sales]
   HDFS partitions=1831/1831 files=1831 size=280.96GB
   runtime filters: RF007[min_max] -> tpcds_partitioned_parquet_snap.catalog_sales.cs_item_sk
   stored statistics:
     table: rows=4.32G size=280.96GB
     partitions: 1831/1831 rows=4.32G
     columns: all
   extrapolated-rows=disabled max-scan-range-rows=21.52M
   mem-estimate=16.00MB mem-reservation=1.00MB thread-reservation=0
   tuple-ids=0 row-size=12B cardinality=4.32G(filtered from 4.32G) cost=746509474
   in pipelines: 00(GETNEXT)
---- DISTRIBUTEDPLAN
Max Per-Host Resource Reservation: Memory=1.25GB Threads=65
Per-Host Resource Estimates: Memory=2.21GB
F24:PLAN FRAGMENT [UNPARTITIONED] hosts=1 instances=1
|  Per-Instance Resources: mem-estimate=4.08MB mem-reservation=4.00MB thread-reservation=1
|  max-parallelism=1 segment-costs=[840] cpu-comparison-result=310 [max(1 (self) vs 310 (sum children))]
PLAN-ROOT SINK
|  output exprs: tpcds_partitioned_parquet_snap.item_1.i_item_id, sum(tpcds_partitioned_parquet_snap.store_sales.ss_ext_sales_price), multiply(divide(sum(tpcds_partitioned_parquet_snap.store_sales.ss_ext_sales_price), divide(add(add(sum(tpcds_partitioned_parquet_snap.store_sales.ss_ext_sales_price), sum(tpcds_partitioned_parquet_snap.catalog_sales.cs_ext_sales_price)), sum(tpcds_partitioned_parquet_snap.web_sales.ws_ext_sales_price)), CAST(3 AS DECIMAL(3,0)))), CAST(100 AS DECIMAL(3,0))), sum(tpcds_partitioned_parquet_snap.catalog_sales.cs_ext_sales_price), multiply(divide(sum(tpcds_partitioned_parquet_snap.catalog_sales.cs_ext_sales_price), divide(add(add(sum(tpcds_partitioned_parquet_snap.store_sales.ss_ext_sales_price), sum(tpcds_partitioned_parquet_snap.catalog_sales.cs_ext_sales_price)), sum(tpcds_partitioned_parquet_snap.web_sales.ws_ext_sales_price)), CAST(3 AS DECIMAL(3,0)))), CAST(100 AS DECIMAL(3,0))), sum(tpcds_partitioned_parquet_snap.web_sales.ws_ext_sales_price), multiply(divide(sum(tpcds_partitioned_parquet_snap.web_sales.ws_ext_sales_price), divide(add(add(sum(tpcds_partitioned_parquet_snap.store_sales.ss_ext_sales_price), sum(tpcds_partitioned_parquet_snap.catalog_sales.cs_ext_sales_price)), sum(tpcds_partitioned_parquet_snap.web_sales.ws_ext_sales_price)), CAST(3 AS DECIMAL(3,0)))), CAST(100 AS DECIMAL(3,0))), divide(add(add(sum(tpcds_partitioned_parquet_snap.store_sales.ss_ext_sales_price), sum(tpcds_partitioned_parquet_snap.catalog_sales.cs_ext_sales_price)), sum(tpcds_partitioned_parquet_snap.web_sales.ws_ext_sales_price)), CAST(3 AS DECIMAL(3,0)))
|  mem-estimate=4.00MB mem-reservation=4.00MB spill-buffer=2.00MB thread-reservation=0 cost=800
|
66:MERGING-EXCHANGE [UNPARTITIONED]
|  order by: tpcds_partitioned_parquet_snap.item_1.i_item_id ASC NULLS LAST, sum(tpcds_partitioned_parquet_snap.store_sales.ss_ext_sales_price) ASC NULLS LAST
|  limit: 100
|  mem-estimate=78.87KB mem-reservation=0B thread-reservation=0
|  tuple-ids=36 row-size=76B cardinality=100 cost=40
|  in pipelines: 38(GETNEXT)
|
F07:PLAN FRAGMENT [HASH(tpcds_partitioned_parquet_snap.item.i_item_id)] hosts=10 instances=10 (adjusted from 120)
Per-Instance Resources: mem-estimate=17.49MB mem-reservation=1.94MB thread-reservation=1
max-parallelism=10 segment-costs=[752956, 841450, 230] cpu-comparison-result=310 [max(10 (self) vs 310 (sum children))]
38:TOP-N [LIMIT=100]
|  order by: tpcds_partitioned_parquet_snap.item_1.i_item_id ASC NULLS LAST, sum(tpcds_partitioned_parquet_snap.store_sales.ss_ext_sales_price) ASC NULLS LAST
|  mem-estimate=7.42KB mem-reservation=0B thread-reservation=0
|  tuple-ids=36 row-size=76B cardinality=100 cost=778561
|  in pipelines: 38(GETNEXT), 47(OPEN)
|
37:HASH JOIN [INNER JOIN, PARTITIONED]
|  hash-table-id=00
|  hash predicates: tpcds_partitioned_parquet_snap.item.i_item_id = tpcds_partitioned_parquet_snap.item_1.i_item_id
|  fk/pk conjuncts: none
|  other join predicates: sum(tpcds_partitioned_parquet_snap.catalog_sales.cs_ext_sales_price) <= multiply(CAST(1.1 AS DECIMAL(2,1)), sum(tpcds_partitioned_parquet_snap.store_sales.ss_ext_sales_price)), sum(tpcds_partitioned_parquet_snap.catalog_sales.cs_ext_sales_price) <= multiply(CAST(1.1 AS DECIMAL(2,1)), sum(tpcds_partitioned_parquet_snap.web_sales.ws_ext_sales_price)), sum(tpcds_partitioned_parquet_snap.catalog_sales.cs_ext_sales_price) >= multiply(CAST(0.9 AS DECIMAL(2,1)), sum(tpcds_partitioned_parquet_snap.store_sales.ss_ext_sales_price)), sum(tpcds_partitioned_parquet_snap.catalog_sales.cs_ext_sales_price) >= multiply(CAST(0.9 AS DECIMAL(2,1)), sum(tpcds_partitioned_parquet_snap.web_sales.ws_ext_sales_price)), sum(tpcds_partitioned_parquet_snap.store_sales.ss_ext_sales_price) <= multiply(CAST(1.1 AS DECIMAL(2,1)), sum(tpcds_partitioned_parquet_snap.catalog_sales.cs_ext_sales_price)), sum(tpcds_partitioned_parquet_snap.store_sales.ss_ext_sales_price) >= multiply(CAST(0.9 AS DECIMAL(2,1)), sum(tpcds_partitioned_parquet_snap.catalog_sales.cs_ext_sales_price)), sum(tpcds_partitioned_parquet_snap.web_sales.ws_ext_sales_price) <= multiply(CAST(1.1 AS DECIMAL(2,1)), sum(tpcds_partitioned_parquet_snap.catalog_sales.cs_ext_sales_price)), sum(tpcds_partitioned_parquet_snap.web_sales.ws_ext_sales_price) >= multiply(CAST(0.9 AS DECIMAL(2,1)), sum(tpcds_partitioned_parquet_snap.catalog_sales.cs_ext_sales_price))
|  mem-estimate=0B mem-reservation=0B spill-buffer=64.00KB thread-reservation=0
|  tuple-ids=11,35,23 row-size=132B cardinality=84.38K cost=62889
|  in pipelines: 47(GETNEXT), 56(OPEN)
|
|--F25:PLAN FRAGMENT [HASH(tpcds_partitioned_parquet_snap.item.i_item_id)] hosts=10 instances=10 (adjusted from 120)
|  |  Per-Instance Resources: mem-estimate=20.31MB mem-reservation=11.44MB thread-reservation=1 runtime-filters-memory=1.00MB
|  |  max-parallelism=10 segment-costs=[1016639, 98978] cpu-comparison-result=190 [max(10 (self) vs 190 (sum children))]
|  JOIN BUILD
|  |  join-table-id=00 plan-id=01 cohort-id=01
|  |  build expressions: tpcds_partitioned_parquet_snap.item_1.i_item_id
|  |  runtime filters: RF000[bloom] <- tpcds_partitioned_parquet_snap.item_1.i_item_id, RF001[min_max] <- tpcds_partitioned_parquet_snap.item_1.i_item_id
|  |  mem-estimate=1.94MB mem-reservation=1.94MB spill-buffer=64.00KB thread-reservation=0 cost=43498
|  |
|  36:HASH JOIN [INNER JOIN, PARTITIONED]
|  |  hash-table-id=01
|  |  hash predicates: tpcds_partitioned_parquet_snap.item_1.i_item_id = tpcds_partitioned_parquet_snap.item_0.i_item_id
|  |  fk/pk conjuncts: none
|  |  other join predicates: sum(tpcds_partitioned_parquet_snap.store_sales.ss_ext_sales_price) <= multiply(CAST(1.1 AS DECIMAL(2,1)), sum(tpcds_partitioned_parquet_snap.web_sales.ws_ext_sales_price)), sum(tpcds_partitioned_parquet_snap.store_sales.ss_ext_sales_price) >= multiply(CAST(0.9 AS DECIMAL(2,1)), sum(tpcds_partitioned_parquet_snap.web_sales.ws_ext_sales_price)), sum(tpcds_partitioned_parquet_snap.web_sales.ws_ext_sales_price) <= multiply(CAST(1.1 AS DECIMAL(2,1)), sum(tpcds_partitioned_parquet_snap.store_sales.ss_ext_sales_price)), sum(tpcds_partitioned_parquet_snap.web_sales.ws_ext_sales_price) >= multiply(CAST(0.9 AS DECIMAL(2,1)), sum(tpcds_partitioned_parquet_snap.store_sales.ss_ext_sales_price))
|  |  mem-estimate=0B mem-reservation=0B spill-buffer=64.00KB thread-reservation=0
|  |  tuple-ids=35,23 row-size=88B cardinality=43.50K cost=55480
|  |  in pipelines: 56(GETNEXT), 65(OPEN)
|  |
|  |--F26:PLAN FRAGMENT [HASH(tpcds_partitioned_parquet_snap.item.i_item_id)] hosts=10 instances=10 (adjusted from 120)
|  |  |  Per-Instance Resources: mem-estimate=14.38MB mem-reservation=4.88MB thread-reservation=1 runtime-filters-memory=1.00MB
|  |  |  max-parallelism=10 segment-costs=[72046, 22422] cpu-comparison-result=70 [max(10 (self) vs 70 (sum children))]
|  |  JOIN BUILD
|  |  |  join-table-id=01 plan-id=02 cohort-id=02
|  |  |  build expressions: tpcds_partitioned_parquet_snap.item_0.i_item_id
|  |  |  runtime filters: RF010[bloom] <- tpcds_partitioned_parquet_snap.item_0.i_item_id, RF011[min_max] <- tpcds_partitioned_parquet_snap.item_0.i_item_id
|  |  |  mem-estimate=1.94MB mem-reservation=1.94MB spill-buffer=64.00KB thread-reservation=0 cost=22422
|  |  |
|  |  65:AGGREGATE [FINALIZE]
|  |  |  output: sum:merge(tpcds_partitioned_parquet_snap.web_sales.ws_ext_sales_price)
|  |  |  group by: tpcds_partitioned_parquet_snap.item_0.i_item_id
|  |  |  mem-estimate=10.00MB mem-reservation=1.94MB spill-buffer=64.00KB thread-reservation=0
|  |  |  tuple-ids=23 row-size=44B cardinality=22.42K cost=65017
|  |  |  in pipelines: 65(GETNEXT), 12(OPEN)
|  |  |
|  |  64:EXCHANGE [HASH(tpcds_partitioned_parquet_snap.item_0.i_item_id)]
|  |  |  mem-estimate=3.38MB mem-reservation=0B thread-reservation=0
|  |  |  tuple-ids=23 row-size=44B cardinality=22.42K cost=7029
|  |  |  in pipelines: 12(GETNEXT)
|  |  |
|  |  F16:PLAN FRAGMENT [RANDOM] hosts=10 instances=70 (adjusted from 120)
|  |  Per-Host Shared Resources: mem-estimate=1.00MB mem-reservation=1.00MB thread-reservation=0 runtime-filters-memory=1.00MB
|  |  Per-Instance Resources: mem-estimate=27.88MB mem-reservation=2.12MB thread-reservation=1
|  |  max-parallelism=70 segment-costs=[617676134, 75086] cpu-comparison-result=70 [max(70 (self) vs 35 (sum children))]
|  |  23:AGGREGATE [STREAMING]
|  |  |  output: sum(tpcds_partitioned_parquet_snap.web_sales.ws_ext_sales_price)
|  |  |  group by: tpcds_partitioned_parquet_snap.item_0.i_item_id
|  |  |  mem-estimate=10.00MB mem-reservation=2.00MB spill-buffer=64.00KB thread-reservation=0
|  |  |  tuple-ids=23 row-size=44B cardinality=22.42K cost=65017
|  |  |  in pipelines: 12(GETNEXT)
|  |  |
|  |  22:HASH JOIN [INNER JOIN, BROADCAST]
|  |  |  hash-table-id=02
|  |  |  hash predicates: tpcds_partitioned_parquet_snap.date_dim_2.d_date = tpcds_partitioned_parquet_snap.date_dim_3.d_date
|  |  |  fk/pk conjuncts: none
|  |  |  mem-estimate=0B mem-reservation=0B spill-buffer=64.00KB thread-reservation=0
|  |  |  tuple-ids=12,14,16,22 row-size=56B cardinality=22.42K cost=55379553
|  |  |  in pipelines: 12(GETNEXT), 62(OPEN)
|  |  |
|  |  |--F27:PLAN FRAGMENT [RANDOM] hosts=10 instances=10
|  |  |  |  Per-Instance Resources: mem-estimate=14.58MB mem-reservation=14.56MB thread-reservation=1 runtime-filters-memory=1.00MB
|  |  |  |  max-parallelism=10 segment-costs=[7] cpu-comparison-result=10 [max(10 (self) vs 2 (sum children))]
|  |  |  JOIN BUILD
|  |  |  |  join-table-id=02 plan-id=03 cohort-id=03
|  |  |  |  build expressions: tpcds_partitioned_parquet_snap.date_dim_3.d_date
|  |  |  |  runtime filters: RF020[bloom] <- tpcds_partitioned_parquet_snap.date_dim_3.d_date, RF021[min_max] <- tpcds_partitioned_parquet_snap.date_dim_3.d_date
|  |  |  |  mem-estimate=13.56MB mem-reservation=13.56MB spill-buffer=64.00KB thread-reservation=0 cost=7
|  |  |  |
|  |  |  63:EXCHANGE [BROADCAST]
|  |  |  |  mem-estimate=16.00KB mem-reservation=0B thread-reservation=0
|  |  |  |  tuple-ids=22 row-size=4B cardinality=7 cost=0
|  |  |  |  in pipelines: 62(GETNEXT)
|  |  |  |
|  |  |  F22:PLAN FRAGMENT [HASH(tpcds_partitioned_parquet_snap.date_dim_3.d_date)] hosts=1 instances=1
|  |  |  Per-Instance Resources: mem-estimate=10.03MB mem-reservation=1.94MB thread-reservation=1
|  |  |  max-parallelism=1 segment-costs=[20, 0] cpu-comparison-result=2 [max(1 (self) vs 2 (sum children))]
|  |  |  62:AGGREGATE [FINALIZE]
|  |  |  |  group by: tpcds_partitioned_parquet_snap.date_dim_3.d_date
|  |  |  |  mem-estimate=10.00MB mem-reservation=1.94MB spill-buffer=64.00KB thread-reservation=0
|  |  |  |  tuple-ids=22 row-size=4B cardinality=7 cost=20
|  |  |  |  in pipelines: 62(GETNEXT), 17(OPEN)
|  |  |  |
|  |  |  61:EXCHANGE [HASH(tpcds_partitioned_parquet_snap.date_dim_3.d_date)]
|  |  |  |  mem-estimate=16.00KB mem-reservation=0B thread-reservation=0
|  |  |  |  tuple-ids=22 row-size=4B cardinality=7 cost=0
|  |  |  |  in pipelines: 17(GETNEXT)
|  |  |  |
|  |  |  F19:PLAN FRAGMENT [RANDOM] hosts=1 instances=1
|  |  |  Per-Host Shared Resources: mem-estimate=1.00MB mem-reservation=1.00MB thread-reservation=0 runtime-filters-memory=1.00MB
|  |  |  Per-Instance Resources: mem-estimate=26.03MB mem-reservation=2.50MB thread-reservation=1
|  |  |  max-parallelism=1 segment-costs=[8438, 5] cpu-comparison-result=2 [max(1 (self) vs 2 (sum children))]
|  |  |  21:AGGREGATE [STREAMING]
|  |  |  |  group by: tpcds_partitioned_parquet_snap.date_dim_3.d_date
|  |  |  |  mem-estimate=10.00MB mem-reservation=2.00MB spill-buffer=64.00KB thread-reservation=0
|  |  |  |  tuple-ids=22 row-size=4B cardinality=7 cost=20
|  |  |  |  in pipelines: 17(GETNEXT)
|  |  |  |
|  |  |  20:HASH JOIN [INNER JOIN, BROADCAST]
|  |  |  |  hash-table-id=03
|  |  |  |  hash predicates: tpcds_partitioned_parquet_snap.date_dim_3.d_week_seq = tpcds_partitioned_parquet_snap.date_dim_4.d_week_seq
|  |  |  |  fk/pk conjuncts: none
|  |  |  |  mem-estimate=0B mem-reservation=0B spill-buffer=64.00KB thread-reservation=0
|  |  |  |  tuple-ids=18,20 row-size=16B cardinality=7 cost=3
|  |  |  |  in pipelines: 17(GETNEXT), 19(OPEN)
|  |  |  |
|  |  |  |--F28:PLAN FRAGMENT [RANDOM] hosts=1 instances=1
|  |  |  |  |  Per-Instance Resources: mem-estimate=2.95MB mem-reservation=2.94MB thread-reservation=1 runtime-filters-memory=1.00MB
|  |  |  |  |  max-parallelism=1 segment-costs=[1] cpu-comparison-result=2 [max(1 (self) vs 2 (sum children))]
|  |  |  |  JOIN BUILD
|  |  |  |  |  join-table-id=03 plan-id=04 cohort-id=04
|  |  |  |  |  build expressions: tpcds_partitioned_parquet_snap.date_dim_4.d_week_seq
|  |  |  |  |  runtime filters: RF026[bloom] <- tpcds_partitioned_parquet_snap.date_dim_4.d_week_seq, RF027[min_max] <- tpcds_partitioned_parquet_snap.date_dim_4.d_week_seq
|  |  |  |  |  mem-estimate=1.94MB mem-reservation=1.94MB spill-buffer=64.00KB thread-reservation=0 cost=1
|  |  |  |  |
|  |  |  |  60:EXCHANGE [BROADCAST]
|  |  |  |  |  mem-estimate=16.00KB mem-reservation=0B thread-reservation=0
|  |  |  |  |  tuple-ids=20 row-size=8B cardinality=1 cost=0
|  |  |  |  |  in pipelines: 19(GETNEXT)
|  |  |  |  |
|  |  |  |  F21:PLAN FRAGMENT [UNPARTITIONED] hosts=1 instances=1
|  |  |  |  Per-Instance Resources: mem-estimate=48.00KB mem-reservation=0B thread-reservation=1
|  |  |  |  max-parallelism=1 segment-costs=[0, 0]
|  |  |  |  19:CARDINALITY CHECK
|  |  |  |  |  limit: 1
|  |  |  |  |  mem-estimate=0B mem-reservation=0B thread-reservation=0
|  |  |  |  |  tuple-ids=20 row-size=8B cardinality=1 cost=0
|  |  |  |  |  in pipelines: 19(GETNEXT), 18(OPEN)
|  |  |  |  |
|  |  |  |  59:EXCHANGE [UNPARTITIONED]
|  |  |  |  |  limit: 2
|  |  |  |  |  mem-estimate=16.00KB mem-reservation=0B thread-reservation=0
|  |  |  |  |  tuple-ids=20 row-size=8B cardinality=1 cost=0
|  |  |  |  |  in pipelines: 18(GETNEXT)
|  |  |  |  |
|  |  |  |  F20:PLAN FRAGMENT [RANDOM] hosts=1 instances=1
|  |  |  |  Per-Instance Resources: mem-estimate=16.05MB mem-reservation=512.00KB thread-reservation=1
|  |  |  |  max-parallelism=1 segment-costs=[10468]
|  |  |  |  18:SCAN HDFS [tpcds_partitioned_parquet_snap.date_dim, RANDOM]
|  |  |  |     HDFS partitions=1/1 files=1 size=2.17MB
|  |  |  |     predicates: tpcds_partitioned_parquet_snap.date_dim_4.d_date = DATE '2000-03-26'
|  |  |  |     stored statistics:
|  |  |  |       table: rows=73.05K size=2.17MB
|  |  |  |       columns: all
|  |  |  |     extrapolated-rows=disabled max-scan-range-rows=73.05K
|  |  |  |     parquet statistics predicates: tpcds_partitioned_parquet_snap.date_dim_4.d_date = DATE '2000-03-26'
|  |  |  |     parquet dictionary predicates: tpcds_partitioned_parquet_snap.date_dim_4.d_date = DATE '2000-03-26'
|  |  |  |     limit: 2
|  |  |  |     mem-estimate=16.00MB mem-reservation=512.00KB thread-reservation=0
|  |  |  |     tuple-ids=20 row-size=8B cardinality=1 cost=10467
|  |  |  |     in pipelines: 18(GETNEXT)
|  |  |  |
|  |  |  17:SCAN HDFS [tpcds_partitioned_parquet_snap.date_dim, RANDOM]
|  |  |     HDFS partitions=1/1 files=1 size=2.17MB
|  |  |     runtime filters: RF027[min_max] -> tpcds_partitioned_parquet_snap.date_dim_3.d_week_seq, RF026[bloom] -> tpcds_partitioned_parquet_snap.date_dim_3.d_week_seq
|  |  |     stored statistics:
|  |  |       table: rows=73.05K size=2.17MB
|  |  |       columns: all
|  |  |     extrapolated-rows=disabled max-scan-range-rows=73.05K
|  |  |     mem-estimate=16.00MB mem-reservation=512.00KB thread-reservation=0
|  |  |     tuple-ids=18 row-size=8B cardinality=7(filtered from 73.05K) cost=8415
|  |  |     in pipelines: 17(GETNEXT)
|  |  |
|  |  16:HASH JOIN [INNER JOIN, BROADCAST]
|  |  |  hash-table-id=04
|  |  |  hash predicates: tpcds_partitioned_parquet_snap.web_sales.ws_sold_date_sk = tpcds_partitioned_parquet_snap.date_dim_2.d_date_sk
|  |  |  fk/pk conjuncts: tpcds_partitioned_parquet_snap.web_sales.ws_sold_date_sk = tpcds_partitioned_parquet_snap.date_dim_2.d_date_sk
|  |  |  mem-estimate=0B mem-reservation=0B spill-buffer=256.00KB thread-reservation=0
|  |  |  tuple-ids=12,14,16 row-size=52B cardinality=215.89M(filtered from 215.89M) cost=94494550
|  |  |  in pipelines: 12(GETNEXT), 15(OPEN)
|  |  |
|  |  |--F29:PLAN FRAGMENT [RANDOM] hosts=10 instances=10
|  |  |  |  Per-Instance Resources: mem-estimate=33.82MB mem-reservation=33.25MB thread-reservation=1
|  |  |  |  max-parallelism=10 segment-costs=[170129]
|  |  |  JOIN BUILD
|  |  |  |  join-table-id=04 plan-id=05 cohort-id=03
|  |  |  |  build expressions: tpcds_partitioned_parquet_snap.date_dim_2.d_date_sk
|  |  |  |  mem-estimate=33.25MB mem-reservation=33.25MB spill-buffer=256.00KB thread-reservation=0 cost=73049
|  |  |  |
|  |  |  58:EXCHANGE [BROADCAST]
|  |  |  |  mem-estimate=582.70KB mem-reservation=0B thread-reservation=0
|  |  |  |  tuple-ids=16 row-size=8B cardinality=73.05K cost=97080
|  |  |  |  in pipelines: 15(GETNEXT)
|  |  |  |
|  |  |  F18:PLAN FRAGMENT [RANDOM] hosts=1 instances=1
|  |  |  Per-Host Shared Resources: mem-estimate=1.00MB mem-reservation=1.00MB thread-reservation=0 runtime-filters-memory=1.00MB
|  |  |  Per-Instance Resources: mem-estimate=16.05MB mem-reservation=1.00MB thread-reservation=1
|  |  |  max-parallelism=1 segment-costs=[11570]
|  |  |  15:SCAN HDFS [tpcds_partitioned_parquet_snap.date_dim, RANDOM]
|  |  |     HDFS partitions=1/1 files=1 size=2.17MB
|  |  |     runtime filters: RF021[min_max] -> tpcds_partitioned_parquet_snap.date_dim_2.d_date, RF020[bloom] -> tpcds_partitioned_parquet_snap.date_dim_2.d_date
|  |  |     stored statistics:
|  |  |       table: rows=73.05K size=2.17MB
|  |  |       columns: all
|  |  |     extrapolated-rows=disabled max-scan-range-rows=73.05K
|  |  |     mem-estimate=16.00MB mem-reservation=1.00MB thread-reservation=0
|  |  |     tuple-ids=16 row-size=8B cardinality=73.05K cost=8415
|  |  |     in pipelines: 15(GETNEXT)
|  |  |
|  |  14:HASH JOIN [INNER JOIN, BROADCAST]
|  |  |  hash-table-id=05
|  |  |  hash predicates: tpcds_partitioned_parquet_snap.web_sales.ws_item_sk = tpcds_partitioned_parquet_snap.item_0.i_item_sk
|  |  |  fk/pk conjuncts: tpcds_partitioned_parquet_snap.web_sales.ws_item_sk = tpcds_partitioned_parquet_snap.item_0.i_item_sk
|  |  |  mem-estimate=0B mem-reservation=0B spill-buffer=128.00KB thread-reservation=0
|  |  |  tuple-ids=12,14 row-size=44B cardinality=215.89M(filtered from 215.89M) cost=94494550
|  |  |  in pipelines: 12(GETNEXT), 13(OPEN)
|  |  |
|  |  |--F30:PLAN FRAGMENT [RANDOM] hosts=10 instances=10
|  |  |  |  Per-Instance Resources: mem-estimate=22.36MB mem-reservation=21.12MB thread-reservation=1 runtime-filters-memory=1.00MB
|  |  |  |  max-parallelism=10 segment-costs=[83840]
|  |  |  JOIN BUILD
|  |  |  |  join-table-id=05 plan-id=06 cohort-id=03
|  |  |  |  build expressions: tpcds_partitioned_parquet_snap.item_0.i_item_sk
|  |  |  |  runtime filters: RF024[bloom] <- tpcds_partitioned_parquet_snap.item_0.i_item_sk, RF025[min_max] <- tpcds_partitioned_parquet_snap.item_0.i_item_sk
|  |  |  |  mem-estimate=20.12MB mem-reservation=20.12MB spill-buffer=128.00KB thread-reservation=0 cost=36000
|  |  |  |
|  |  |  57:EXCHANGE [BROADCAST]
|  |  |  |  mem-estimate=1.24MB mem-reservation=0B thread-reservation=0
|  |  |  |  tuple-ids=14 row-size=32B cardinality=36.00K cost=47840
|  |  |  |  in pipelines: 13(GETNEXT)
|  |  |  |
|  |  |  F17:PLAN FRAGMENT [RANDOM] hosts=4 instances=4
|  |  |  Per-Instance Resources: mem-estimate=16.14MB mem-reservation=512.00KB thread-reservation=1
|  |  |  max-parallelism=4 segment-costs=[117684]
|  |  |  13:SCAN HDFS [tpcds_partitioned_parquet_snap.item, RANDOM]
|  |  |     HDFS partitions=1/1 files=1 size=33.54MB
|  |  |     predicates: is_not_null_pred(tpcds_partitioned_parquet_snap.item_0.i_item_id)
|  |  |     stored statistics:
|  |  |       table: rows=360.00K size=33.54MB
|  |  |       columns: all
|  |  |     extrapolated-rows=disabled max-scan-range-rows=101.54K
|  |  |     parquet dictionary predicates: is_not_null_pred(tpcds_partitioned_parquet_snap.item_0.i_item_id)
|  |  |     mem-estimate=16.00MB mem-reservation=512.00KB thread-reservation=0
|  |  |     tuple-ids=14 row-size=32B cardinality=36.00K cost=113796
|  |  |     in pipelines: 13(GETNEXT)
|  |  |
|  |  12:SCAN HDFS [tpcds_partitioned_parquet_snap.web_sales, RANDOM]
|  |     HDFS partitions=1824/1824 files=1824 size=145.75GB
|  |     runtime filters: RF025[min_max] -> tpcds_partitioned_parquet_snap.web_sales.ws_item_sk, RF024[bloom] -> tpcds_partitioned_parquet_snap.web_sales.ws_item_sk
|  |     stored statistics:
|  |       table: rows=2.16G size=145.75GB
|  |       partitions: 1824/1824 rows=2.16G
|  |       columns: all
|  |     extrapolated-rows=disabled max-scan-range-rows=3.37M
|  |     mem-estimate=16.00MB mem-reservation=128.00KB thread-reservation=0
|  |     tuple-ids=12 row-size=12B cardinality=215.89M(filtered from 2.16G) cost=373242464
|  |     in pipelines: 12(GETNEXT)
|  |
|  56:AGGREGATE [FINALIZE]
|  |  output: sum:merge(tpcds_partitioned_parquet_snap.store_sales.ss_ext_sales_price)
|  |  group by: tpcds_partitioned_parquet_snap.item_1.i_item_id
|  |  mem-estimate=10.00MB mem-reservation=8.50MB spill-buffer=512.00KB thread-reservation=0
|  |  tuple-ids=35 row-size=44B cardinality=185.57K cost=740998
|  |  in pipelines: 56(GETNEXT), 24(OPEN)
|  |
|  55:EXCHANGE [HASH(tpcds_partitioned_parquet_snap.item_1.i_item_id)]
|  |  mem-estimate=9.31MB mem-reservation=0B thread-reservation=0
|  |  tuple-ids=35 row-size=44B cardinality=879.24K cost=275641
|  |  in pipelines: 24(GETNEXT)
|  |
|  F08:PLAN FRAGMENT [RANDOM] hosts=10 instances=120
|  Per-Host Shared Resources: mem-estimate=1.00MB mem-reservation=1.00MB thread-reservation=0 runtime-filters-memory=1.00MB
|  Per-Instance Resources: mem-estimate=27.88MB mem-reservation=10.00MB thread-reservation=1
|  max-parallelism=1130 segment-costs=[11270353328, 2944398] cpu-comparison-result=120 [max(120 (self) vs 35 (sum children))]
|  35:AGGREGATE [STREAMING]
|  |  output: sum(tpcds_partitioned_parquet_snap.store_sales.ss_ext_sales_price)
|  |  group by: tpcds_partitioned_parquet_snap.item_1.i_item_id
|  |  mem-estimate=10.00MB mem-reservation=2.00MB spill-buffer=64.00KB thread-reservation=0
|  |  tuple-ids=35 row-size=44B cardinality=879.24K cost=2554694
|  |  in pipelines: 24(GETNEXT)
|  |
|  34:HASH JOIN [INNER JOIN, BROADCAST]
|  |  hash-table-id=06
|  |  hash predicates: tpcds_partitioned_parquet_snap.date_dim_5.d_date = tpcds_partitioned_parquet_snap.date_dim_6.d_date
|  |  fk/pk conjuncts: none
|  |  mem-estimate=0B mem-reservation=0B spill-buffer=64.00KB thread-reservation=0
|  |  tuple-ids=24,26,28,34 row-size=56B cardinality=896.89K cost=2215198375
|  |  in pipelines: 24(GETNEXT), 53(OPEN)
|  |
|  |--F31:PLAN FRAGMENT [RANDOM] hosts=10 instances=10
|  |  |  Per-Instance Resources: mem-estimate=24.27MB mem-reservation=24.25MB thread-reservation=1 runtime-filters-memory=1.00MB
|  |  |  max-parallelism=10 segment-costs=[7] cpu-comparison-result=10 [max(10 (self) vs 2 (sum children))]
|  |  JOIN BUILD
|  |  |  join-table-id=06 plan-id=07 cohort-id=02
|  |  |  build expressions: tpcds_partitioned_parquet_snap.date_dim_6.d_date
|  |  |  runtime filters: RF012[bloom] <- tpcds_partitioned_parquet_snap.date_dim_6.d_date, RF013[min_max] <- tpcds_partitioned_parquet_snap.date_dim_6.d_date
|  |  |  mem-estimate=23.25MB mem-reservation=23.25MB spill-buffer=64.00KB thread-reservation=0 cost=7
|  |  |
|  |  54:EXCHANGE [BROADCAST]
|  |  |  mem-estimate=16.00KB mem-reservation=0B thread-reservation=0
|  |  |  tuple-ids=34 row-size=4B cardinality=7 cost=0
|  |  |  in pipelines: 53(GETNEXT)
|  |  |
|  |  F14:PLAN FRAGMENT [HASH(tpcds_partitioned_parquet_snap.date_dim_6.d_date)] hosts=1 instances=1
|  |  Per-Instance Resources: mem-estimate=10.03MB mem-reservation=1.94MB thread-reservation=1
|  |  max-parallelism=1 segment-costs=[20, 0] cpu-comparison-result=2 [max(1 (self) vs 2 (sum children))]
|  |  53:AGGREGATE [FINALIZE]
|  |  |  group by: tpcds_partitioned_parquet_snap.date_dim_6.d_date
|  |  |  mem-estimate=10.00MB mem-reservation=1.94MB spill-buffer=64.00KB thread-reservation=0
|  |  |  tuple-ids=34 row-size=4B cardinality=7 cost=20
|  |  |  in pipelines: 53(GETNEXT), 29(OPEN)
|  |  |
|  |  52:EXCHANGE [HASH(tpcds_partitioned_parquet_snap.date_dim_6.d_date)]
|  |  |  mem-estimate=16.00KB mem-reservation=0B thread-reservation=0
|  |  |  tuple-ids=34 row-size=4B cardinality=7 cost=0
|  |  |  in pipelines: 29(GETNEXT)
|  |  |
|  |  F11:PLAN FRAGMENT [RANDOM] hosts=1 instances=1
|  |  Per-Host Shared Resources: mem-estimate=1.00MB mem-reservation=1.00MB thread-reservation=0 runtime-filters-memory=1.00MB
|  |  Per-Instance Resources: mem-estimate=26.03MB mem-reservation=2.50MB thread-reservation=1
|  |  max-parallelism=1 segment-costs=[8438, 5] cpu-comparison-result=2 [max(1 (self) vs 2 (sum children))]
|  |  33:AGGREGATE [STREAMING]
|  |  |  group by: tpcds_partitioned_parquet_snap.date_dim_6.d_date
|  |  |  mem-estimate=10.00MB mem-reservation=2.00MB spill-buffer=64.00KB thread-reservation=0
|  |  |  tuple-ids=34 row-size=4B cardinality=7 cost=20
|  |  |  in pipelines: 29(GETNEXT)
|  |  |
|  |  32:HASH JOIN [INNER JOIN, BROADCAST]
|  |  |  hash-table-id=07
|  |  |  hash predicates: tpcds_partitioned_parquet_snap.date_dim_6.d_week_seq = tpcds_partitioned_parquet_snap.date_dim_7.d_week_seq
|  |  |  fk/pk conjuncts: none
|  |  |  mem-estimate=0B mem-reservation=0B spill-buffer=64.00KB thread-reservation=0
|  |  |  tuple-ids=30,32 row-size=16B cardinality=7 cost=3
|  |  |  in pipelines: 29(GETNEXT), 31(OPEN)
|  |  |
|  |  |--F32:PLAN FRAGMENT [RANDOM] hosts=1 instances=1
|  |  |  |  Per-Instance Resources: mem-estimate=2.95MB mem-reservation=2.94MB thread-reservation=1 runtime-filters-memory=1.00MB
|  |  |  |  max-parallelism=1 segment-costs=[1] cpu-comparison-result=2 [max(1 (self) vs 2 (sum children))]
|  |  |  JOIN BUILD
|  |  |  |  join-table-id=07 plan-id=08 cohort-id=05
|  |  |  |  build expressions: tpcds_partitioned_parquet_snap.date_dim_7.d_week_seq
|  |  |  |  runtime filters: RF018[bloom] <- tpcds_partitioned_parquet_snap.date_dim_7.d_week_seq, RF019[min_max] <- tpcds_partitioned_parquet_snap.date_dim_7.d_week_seq
|  |  |  |  mem-estimate=1.94MB mem-reservation=1.94MB spill-buffer=64.00KB thread-reservation=0 cost=1
|  |  |  |
|  |  |  51:EXCHANGE [BROADCAST]
|  |  |  |  mem-estimate=16.00KB mem-reservation=0B thread-reservation=0
|  |  |  |  tuple-ids=32 row-size=8B cardinality=1 cost=0
|  |  |  |  in pipelines: 31(GETNEXT)
|  |  |  |
|  |  |  F13:PLAN FRAGMENT [UNPARTITIONED] hosts=1 instances=1
|  |  |  Per-Instance Resources: mem-estimate=48.00KB mem-reservation=0B thread-reservation=1
|  |  |  max-parallelism=1 segment-costs=[0, 0]
|  |  |  31:CARDINALITY CHECK
|  |  |  |  limit: 1
|  |  |  |  mem-estimate=0B mem-reservation=0B thread-reservation=0
|  |  |  |  tuple-ids=32 row-size=8B cardinality=1 cost=0
|  |  |  |  in pipelines: 31(GETNEXT), 30(OPEN)
|  |  |  |
|  |  |  50:EXCHANGE [UNPARTITIONED]
|  |  |  |  limit: 2
|  |  |  |  mem-estimate=16.00KB mem-reservation=0B thread-reservation=0
|  |  |  |  tuple-ids=32 row-size=8B cardinality=1 cost=0
|  |  |  |  in pipelines: 30(GETNEXT)
|  |  |  |
|  |  |  F12:PLAN FRAGMENT [RANDOM] hosts=1 instances=1
|  |  |  Per-Instance Resources: mem-estimate=16.05MB mem-reservation=512.00KB thread-reservation=1
|  |  |  max-parallelism=1 segment-costs=[10468]
|  |  |  30:SCAN HDFS [tpcds_partitioned_parquet_snap.date_dim, RANDOM]
|  |  |     HDFS partitions=1/1 files=1 size=2.17MB
|  |  |     predicates: tpcds_partitioned_parquet_snap.date_dim_7.d_date = DATE '2000-03-26'
|  |  |     stored statistics:
|  |  |       table: rows=73.05K size=2.17MB
|  |  |       columns: all
|  |  |     extrapolated-rows=disabled max-scan-range-rows=73.05K
|  |  |     parquet statistics predicates: tpcds_partitioned_parquet_snap.date_dim_7.d_date = DATE '2000-03-26'
|  |  |     parquet dictionary predicates: tpcds_partitioned_parquet_snap.date_dim_7.d_date = DATE '2000-03-26'
|  |  |     limit: 2
|  |  |     mem-estimate=16.00MB mem-reservation=512.00KB thread-reservation=0
|  |  |     tuple-ids=32 row-size=8B cardinality=1 cost=10467
|  |  |     in pipelines: 30(GETNEXT)
|  |  |
|  |  29:SCAN HDFS [tpcds_partitioned_parquet_snap.date_dim, RANDOM]
|  |     HDFS partitions=1/1 files=1 size=2.17MB
|  |     runtime filters: RF019[min_max] -> tpcds_partitioned_parquet_snap.date_dim_6.d_week_seq, RF018[bloom] -> tpcds_partitioned_parquet_snap.date_dim_6.d_week_seq
|  |     stored statistics:
|  |       table: rows=73.05K size=2.17MB
|  |       columns: all
|  |     extrapolated-rows=disabled max-scan-range-rows=73.05K
|  |     mem-estimate=16.00MB mem-reservation=512.00KB thread-reservation=0
|  |     tuple-ids=30 row-size=8B cardinality=7(filtered from 73.05K) cost=8415
|  |     in pipelines: 29(GETNEXT)
|  |
|  28:HASH JOIN [INNER JOIN, BROADCAST]
|  |  hash-table-id=08
|  |  hash predicates: tpcds_partitioned_parquet_snap.store_sales.ss_sold_date_sk = tpcds_partitioned_parquet_snap.date_dim_5.d_date_sk
|  |  fk/pk conjuncts: tpcds_partitioned_parquet_snap.store_sales.ss_sold_date_sk = tpcds_partitioned_parquet_snap.date_dim_5.d_date_sk
|  |  mem-estimate=0B mem-reservation=0B spill-buffer=256.00KB thread-reservation=0
|  |  tuple-ids=24,26,28 row-size=52B cardinality=8.64G(filtered from 8.64G) cost=3779809729
|  |  in pipelines: 24(GETNEXT), 27(OPEN)
|  |
|  |--F33:PLAN FRAGMENT [RANDOM] hosts=10 instances=10
|  |  |  Per-Instance Resources: mem-estimate=57.57MB mem-reservation=57.00MB thread-reservation=1
|  |  |  max-parallelism=10 segment-costs=[170129]
|  |  JOIN BUILD
|  |  |  join-table-id=08 plan-id=09 cohort-id=02
|  |  |  build expressions: tpcds_partitioned_parquet_snap.date_dim_5.d_date_sk
|  |  |  mem-estimate=57.00MB mem-reservation=57.00MB spill-buffer=256.00KB thread-reservation=0 cost=73049
|  |  |
|  |  49:EXCHANGE [BROADCAST]
|  |  |  mem-estimate=582.70KB mem-reservation=0B thread-reservation=0
|  |  |  tuple-ids=28 row-size=8B cardinality=73.05K cost=97080
|  |  |  in pipelines: 27(GETNEXT)
|  |  |
|  |  F10:PLAN FRAGMENT [RANDOM] hosts=1 instances=1
|  |  Per-Host Shared Resources: mem-estimate=1.00MB mem-reservation=1.00MB thread-reservation=0 runtime-filters-memory=1.00MB
|  |  Per-Instance Resources: mem-estimate=16.05MB mem-reservation=1.00MB thread-reservation=1
|  |  max-parallelism=1 segment-costs=[11570]
|  |  27:SCAN HDFS [tpcds_partitioned_parquet_snap.date_dim, RANDOM]
|  |     HDFS partitions=1/1 files=1 size=2.17MB
|  |     runtime filters: RF013[min_max] -> tpcds_partitioned_parquet_snap.date_dim_5.d_date, RF012[bloom] -> tpcds_partitioned_parquet_snap.date_dim_5.d_date
|  |     stored statistics:
|  |       table: rows=73.05K size=2.17MB
|  |       columns: all
|  |     extrapolated-rows=disabled max-scan-range-rows=73.05K
|  |     mem-estimate=16.00MB mem-reservation=1.00MB thread-reservation=0
|  |     tuple-ids=28 row-size=8B cardinality=73.05K cost=8415
|  |     in pipelines: 27(GETNEXT)
|  |
|  26:HASH JOIN [INNER JOIN, BROADCAST]
|  |  hash-table-id=09
|  |  hash predicates: tpcds_partitioned_parquet_snap.store_sales.ss_item_sk = tpcds_partitioned_parquet_snap.item_1.i_item_sk
|  |  fk/pk conjuncts: tpcds_partitioned_parquet_snap.store_sales.ss_item_sk = tpcds_partitioned_parquet_snap.item_1.i_item_sk
|  |  mem-estimate=0B mem-reservation=0B spill-buffer=2.00MB thread-reservation=0
|  |  tuple-ids=24,26 row-size=44B cardinality=8.64G(filtered from 8.64G) cost=3779809729
|  |  in pipelines: 24(GETNEXT), 25(OPEN)
|  |
|  |--F34:PLAN FRAGMENT [RANDOM] hosts=10 instances=10
|  |  |  Per-Instance Resources: mem-estimate=419.14MB mem-reservation=409.00MB thread-reservation=1 runtime-filters-memory=1.00MB
|  |  |  max-parallelism=10 segment-costs=[838440]
|  |  JOIN BUILD
|  |  |  join-table-id=09 plan-id=10 cohort-id=02
|  |  |  build expressions: tpcds_partitioned_parquet_snap.item_1.i_item_sk
|  |  |  runtime filters: RF016[bloom] <- tpcds_partitioned_parquet_snap.item_1.i_item_sk, RF017[min_max] <- tpcds_partitioned_parquet_snap.item_1.i_item_sk
|  |  |  mem-estimate=408.00MB mem-reservation=408.00MB spill-buffer=2.00MB thread-reservation=0 cost=360000
|  |  |
|  |  48:EXCHANGE [BROADCAST]
|  |  |  mem-estimate=10.14MB mem-reservation=0B thread-reservation=0
|  |  |  tuple-ids=26 row-size=32B cardinality=360.00K cost=478440
|  |  |  in pipelines: 25(GETNEXT)
|  |  |
|  |  F09:PLAN FRAGMENT [RANDOM] hosts=4 instances=4
|  |  Per-Host Shared Resources: mem-estimate=1.00MB mem-reservation=1.00MB thread-reservation=0 runtime-filters-memory=1.00MB
|  |  Per-Instance Resources: mem-estimate=16.14MB mem-reservation=512.00KB thread-reservation=1
|  |  max-parallelism=4 segment-costs=[142560]
|  |  25:SCAN HDFS [tpcds_partitioned_parquet_snap.item, RANDOM]
|  |     HDFS partitions=1/1 files=1 size=33.54MB
|  |     runtime filters: RF011[min_max] -> tpcds_partitioned_parquet_snap.item_1.i_item_id, RF010[bloom] -> tpcds_partitioned_parquet_snap.item_1.i_item_id
|  |     stored statistics:
|  |       table: rows=360.00K size=33.54MB
|  |       columns: all
|  |     extrapolated-rows=disabled max-scan-range-rows=101.54K
|  |     mem-estimate=16.00MB mem-reservation=512.00KB thread-reservation=0
|  |     tuple-ids=26 row-size=32B cardinality=360.00K cost=103680
|  |     in pipelines: 25(GETNEXT)
|  |
|  24:SCAN HDFS [tpcds_partitioned_parquet_snap.store_sales, RANDOM]
|     HDFS partitions=1824/1824 files=1824 size=389.90GB
|     runtime filters: RF017[min_max] -> tpcds_partitioned_parquet_snap.store_sales.ss_item_sk, RF016[bloom] -> tpcds_partitioned_parquet_snap.store_sales.ss_item_sk
|     stored statistics:
|       table: rows=8.64G size=389.90GB
|       partitions: 1824/1824 rows=8.64G
|       columns: all
|     extrapolated-rows=disabled max-scan-range-rows=390.22M
|     mem-estimate=16.00MB mem-reservation=8.00MB thread-reservation=0
|     tuple-ids=24 row-size=12B cardinality=8.64G(filtered from 8.64G) cost=1492980801
|     in pipelines: 24(GETNEXT)
|
47:AGGREGATE [FINALIZE]
|  output: sum:merge(tpcds_partitioned_parquet_snap.catalog_sales.cs_ext_sales_price)
|  group by: tpcds_partitioned_parquet_snap.item.i_item_id
|  mem-estimate=10.00MB mem-reservation=1.94MB spill-buffer=64.00KB thread-reservation=0
|  tuple-ids=11 row-size=44B cardinality=185.57K cost=613725
|  in pipelines: 47(GETNEXT), 00(OPEN)
|
46:EXCHANGE [HASH(tpcds_partitioned_parquet_snap.item.i_item_id)]
|  mem-estimate=7.49MB mem-reservation=0B thread-reservation=0
|  tuple-ids=11 row-size=44B cardinality=444.12K cost=139231
|  in pipelines: 00(GETNEXT)
|
F00:PLAN FRAGMENT [RANDOM] hosts=10 instances=120
Per-Instance Resources: mem-estimate=27.88MB mem-reservation=3.00MB thread-reservation=1
max-parallelism=570 segment-costs=[5635332352, 1487269] cpu-comparison-result=120 [max(120 (self) vs 35 (sum children))]
11:AGGREGATE [STREAMING]
|  output: sum(tpcds_partitioned_parquet_snap.catalog_sales.cs_ext_sales_price)
|  group by: tpcds_partitioned_parquet_snap.item.i_item_id
|  mem-estimate=10.00MB mem-reservation=2.00MB spill-buffer=64.00KB thread-reservation=0
|  tuple-ids=11 row-size=44B cardinality=444.12K cost=1289082
|  in pipelines: 00(GETNEXT)
|
10:HASH JOIN [INNER JOIN, BROADCAST]
|  hash-table-id=10
|  hash predicates: tpcds_partitioned_parquet_snap.date_dim.d_date = tpcds_partitioned_parquet_snap.date_dim_0.d_date
|  fk/pk conjuncts: none
|  mem-estimate=0B mem-reservation=0B spill-buffer=64.00KB thread-reservation=0
|  tuple-ids=0,2,4,10 row-size=56B cardinality=448.45K cost=1107627488
|  in pipelines: 00(GETNEXT), 44(OPEN)
|
|--F35:PLAN FRAGMENT [RANDOM] hosts=10 instances=10
|  |  Per-Instance Resources: mem-estimate=24.27MB mem-reservation=24.25MB thread-reservation=1 runtime-filters-memory=1.00MB
|  |  max-parallelism=10 segment-costs=[7] cpu-comparison-result=10 [max(10 (self) vs 2 (sum children))]
|  JOIN BUILD
|  |  join-table-id=10 plan-id=11 cohort-id=01
|  |  build expressions: tpcds_partitioned_parquet_snap.date_dim_0.d_date
|  |  runtime filters: RF002[bloom] <- tpcds_partitioned_parquet_snap.date_dim_0.d_date, RF003[min_max] <- tpcds_partitioned_parquet_snap.date_dim_0.d_date
|  |  mem-estimate=23.25MB mem-reservation=23.25MB spill-buffer=64.00KB thread-reservation=0 cost=7
|  |
|  45:EXCHANGE [BROADCAST]
|  |  mem-estimate=16.00KB mem-reservation=0B thread-reservation=0
|  |  tuple-ids=10 row-size=4B cardinality=7 cost=0
|  |  in pipelines: 44(GETNEXT)
|  |
|  F06:PLAN FRAGMENT [HASH(tpcds_partitioned_parquet_snap.date_dim_0.d_date)] hosts=1 instances=1
|  Per-Instance Resources: mem-estimate=10.03MB mem-reservation=1.94MB thread-reservation=1
|  max-parallelism=1 segment-costs=[20, 0] cpu-comparison-result=2 [max(1 (self) vs 2 (sum children))]
|  44:AGGREGATE [FINALIZE]
|  |  group by: tpcds_partitioned_parquet_snap.date_dim_0.d_date
|  |  mem-estimate=10.00MB mem-reservation=1.94MB spill-buffer=64.00KB thread-reservation=0
|  |  tuple-ids=10 row-size=4B cardinality=7 cost=20
|  |  in pipelines: 44(GETNEXT), 05(OPEN)
|  |
|  43:EXCHANGE [HASH(tpcds_partitioned_parquet_snap.date_dim_0.d_date)]
|  |  mem-estimate=16.00KB mem-reservation=0B thread-reservation=0
|  |  tuple-ids=10 row-size=4B cardinality=7 cost=0
|  |  in pipelines: 05(GETNEXT)
|  |
|  F03:PLAN FRAGMENT [RANDOM] hosts=1 instances=1
|  Per-Host Shared Resources: mem-estimate=1.00MB mem-reservation=1.00MB thread-reservation=0 runtime-filters-memory=1.00MB
|  Per-Instance Resources: mem-estimate=26.03MB mem-reservation=2.50MB thread-reservation=1
|  max-parallelism=1 segment-costs=[8438, 5] cpu-comparison-result=2 [max(1 (self) vs 2 (sum children))]
|  09:AGGREGATE [STREAMING]
|  |  group by: tpcds_partitioned_parquet_snap.date_dim_0.d_date
|  |  mem-estimate=10.00MB mem-reservation=2.00MB spill-buffer=64.00KB thread-reservation=0
|  |  tuple-ids=10 row-size=4B cardinality=7 cost=20
|  |  in pipelines: 05(GETNEXT)
|  |
|  08:HASH JOIN [INNER JOIN, BROADCAST]
|  |  hash-table-id=11
|  |  hash predicates: tpcds_partitioned_parquet_snap.date_dim_0.d_week_seq = tpcds_partitioned_parquet_snap.date_dim_1.d_week_seq
|  |  fk/pk conjuncts: none
|  |  mem-estimate=0B mem-reservation=0B spill-buffer=64.00KB thread-reservation=0
|  |  tuple-ids=6,8 row-size=16B cardinality=7 cost=3
|  |  in pipelines: 05(GETNEXT), 07(OPEN)
|  |
|  |--F36:PLAN FRAGMENT [RANDOM] hosts=1 instances=1
|  |  |  Per-Instance Resources: mem-estimate=2.95MB mem-reservation=2.94MB thread-reservation=1 runtime-filters-memory=1.00MB
|  |  |  max-parallelism=1 segment-costs=[1] cpu-comparison-result=2 [max(1 (self) vs 2 (sum children))]
|  |  JOIN BUILD
|  |  |  join-table-id=11 plan-id=12 cohort-id=06
|  |  |  build expressions: tpcds_partitioned_parquet_snap.date_dim_1.d_week_seq
|  |  |  runtime filters: RF008[bloom] <- tpcds_partitioned_parquet_snap.date_dim_1.d_week_seq, RF009[min_max] <- tpcds_partitioned_parquet_snap.date_dim_1.d_week_seq
|  |  |  mem-estimate=1.94MB mem-reservation=1.94MB spill-buffer=64.00KB thread-reservation=0 cost=1
|  |  |
|  |  42:EXCHANGE [BROADCAST]
|  |  |  mem-estimate=16.00KB mem-reservation=0B thread-reservation=0
|  |  |  tuple-ids=8 row-size=8B cardinality=1 cost=0
|  |  |  in pipelines: 07(GETNEXT)
|  |  |
|  |  F05:PLAN FRAGMENT [UNPARTITIONED] hosts=1 instances=1
|  |  Per-Instance Resources: mem-estimate=48.00KB mem-reservation=0B thread-reservation=1
|  |  max-parallelism=1 segment-costs=[0, 0]
|  |  07:CARDINALITY CHECK
|  |  |  limit: 1
|  |  |  mem-estimate=0B mem-reservation=0B thread-reservation=0
|  |  |  tuple-ids=8 row-size=8B cardinality=1 cost=0
|  |  |  in pipelines: 07(GETNEXT), 06(OPEN)
|  |  |
|  |  41:EXCHANGE [UNPARTITIONED]
|  |  |  limit: 2
|  |  |  mem-estimate=16.00KB mem-reservation=0B thread-reservation=0
|  |  |  tuple-ids=8 row-size=8B cardinality=1 cost=0
|  |  |  in pipelines: 06(GETNEXT)
|  |  |
|  |  F04:PLAN FRAGMENT [RANDOM] hosts=1 instances=1
|  |  Per-Instance Resources: mem-estimate=16.05MB mem-reservation=512.00KB thread-reservation=1
|  |  max-parallelism=1 segment-costs=[10468]
|  |  06:SCAN HDFS [tpcds_partitioned_parquet_snap.date_dim, RANDOM]
|  |     HDFS partitions=1/1 files=1 size=2.17MB
|  |     predicates: tpcds_partitioned_parquet_snap.date_dim_1.d_date = DATE '2000-03-26'
|  |     stored statistics:
|  |       table: rows=73.05K size=2.17MB
|  |       columns: all
|  |     extrapolated-rows=disabled max-scan-range-rows=73.05K
|  |     parquet statistics predicates: tpcds_partitioned_parquet_snap.date_dim_1.d_date = DATE '2000-03-26'
|  |     parquet dictionary predicates: tpcds_partitioned_parquet_snap.date_dim_1.d_date = DATE '2000-03-26'
|  |     limit: 2
|  |     mem-estimate=16.00MB mem-reservation=512.00KB thread-reservation=0
|  |     tuple-ids=8 row-size=8B cardinality=1 cost=10467
|  |     in pipelines: 06(GETNEXT)
|  |
|  05:SCAN HDFS [tpcds_partitioned_parquet_snap.date_dim, RANDOM]
|     HDFS partitions=1/1 files=1 size=2.17MB
|     runtime filters: RF009[min_max] -> tpcds_partitioned_parquet_snap.date_dim_0.d_week_seq, RF008[bloom] -> tpcds_partitioned_parquet_snap.date_dim_0.d_week_seq
|     stored statistics:
|       table: rows=73.05K size=2.17MB
|       columns: all
|     extrapolated-rows=disabled max-scan-range-rows=73.05K
|     mem-estimate=16.00MB mem-reservation=512.00KB thread-reservation=0
|     tuple-ids=6 row-size=8B cardinality=7(filtered from 73.05K) cost=8415
|     in pipelines: 05(GETNEXT)
|
04:HASH JOIN [INNER JOIN, BROADCAST]
|  hash-table-id=12
|  hash predicates: tpcds_partitioned_parquet_snap.catalog_sales.cs_sold_date_sk = tpcds_partitioned_parquet_snap.date_dim.d_date_sk
|  fk/pk conjuncts: tpcds_partitioned_parquet_snap.catalog_sales.cs_sold_date_sk = tpcds_partitioned_parquet_snap.date_dim.d_date_sk
|  mem-estimate=0B mem-reservation=0B spill-buffer=256.00KB thread-reservation=0
|  tuple-ids=0,2,4 row-size=52B cardinality=4.32G(filtered from 4.32G) cost=1889953154
|  in pipelines: 00(GETNEXT), 03(OPEN)
|
|--F37:PLAN FRAGMENT [RANDOM] hosts=10 instances=10
|  |  Per-Instance Resources: mem-estimate=57.57MB mem-reservation=57.00MB thread-reservation=1
|  |  max-parallelism=10 segment-costs=[170129]
|  JOIN BUILD
|  |  join-table-id=12 plan-id=13 cohort-id=01
|  |  build expressions: tpcds_partitioned_parquet_snap.date_dim.d_date_sk
|  |  mem-estimate=57.00MB mem-reservation=57.00MB spill-buffer=256.00KB thread-reservation=0 cost=73049
|  |
|  40:EXCHANGE [BROADCAST]
|  |  mem-estimate=582.70KB mem-reservation=0B thread-reservation=0
|  |  tuple-ids=4 row-size=8B cardinality=73.05K cost=97080
|  |  in pipelines: 03(GETNEXT)
|  |
|  F02:PLAN FRAGMENT [RANDOM] hosts=1 instances=1
|  Per-Host Shared Resources: mem-estimate=1.00MB mem-reservation=1.00MB thread-reservation=0 runtime-filters-memory=1.00MB
|  Per-Instance Resources: mem-estimate=16.05MB mem-reservation=1.00MB thread-reservation=1
|  max-parallelism=1 segment-costs=[11570]
|  03:SCAN HDFS [tpcds_partitioned_parquet_snap.date_dim, RANDOM]
|     HDFS partitions=1/1 files=1 size=2.17MB
|     runtime filters: RF003[min_max] -> tpcds_partitioned_parquet_snap.date_dim.d_date, RF002[bloom] -> tpcds_partitioned_parquet_snap.date_dim.d_date
|     stored statistics:
|       table: rows=73.05K size=2.17MB
|       columns: all
|     extrapolated-rows=disabled max-scan-range-rows=73.05K
|     mem-estimate=16.00MB mem-reservation=1.00MB thread-reservation=0
|     tuple-ids=4 row-size=8B cardinality=73.05K cost=8415
|     in pipelines: 03(GETNEXT)
|
02:HASH JOIN [INNER JOIN, BROADCAST]
|  hash-table-id=13
|  hash predicates: tpcds_partitioned_parquet_snap.catalog_sales.cs_item_sk = tpcds_partitioned_parquet_snap.item.i_item_sk
|  fk/pk conjuncts: tpcds_partitioned_parquet_snap.catalog_sales.cs_item_sk = tpcds_partitioned_parquet_snap.item.i_item_sk
|  mem-estimate=0B mem-reservation=0B spill-buffer=2.00MB thread-reservation=0
|  tuple-ids=0,2 row-size=44B cardinality=4.32G(filtered from 4.32G) cost=1889953154
|  in pipelines: 00(GETNEXT), 01(OPEN)
|
|--F38:PLAN FRAGMENT [RANDOM] hosts=10 instances=10
|  |  Per-Instance Resources: mem-estimate=418.14MB mem-reservation=408.00MB thread-reservation=1
|  |  max-parallelism=10 segment-costs=[838440]
|  JOIN BUILD
|  |  join-table-id=13 plan-id=14 cohort-id=01
|  |  build expressions: tpcds_partitioned_parquet_snap.item.i_item_sk
|  |  runtime filters: RF007[min_max] <- tpcds_partitioned_parquet_snap.item.i_item_sk
|  |  mem-estimate=408.00MB mem-reservation=408.00MB spill-buffer=2.00MB thread-reservation=0 cost=360000
|  |
|  39:EXCHANGE [BROADCAST]
|  |  mem-estimate=10.14MB mem-reservation=0B thread-reservation=0
|  |  tuple-ids=2 row-size=32B cardinality=360.00K cost=478440
|  |  in pipelines: 01(GETNEXT)
|  |
|  F01:PLAN FRAGMENT [RANDOM] hosts=4 instances=4
|  Per-Host Shared Resources: mem-estimate=1.00MB mem-reservation=1.00MB thread-reservation=0 runtime-filters-memory=1.00MB
|  Per-Instance Resources: mem-estimate=16.14MB mem-reservation=512.00KB thread-reservation=1
|  max-parallelism=4 segment-costs=[142560]
|  01:SCAN HDFS [tpcds_partitioned_parquet_snap.item, RANDOM]
|     HDFS partitions=1/1 files=1 size=33.54MB
|     runtime filters: RF001[min_max] -> tpcds_partitioned_parquet_snap.item.i_item_id, RF000[bloom] -> tpcds_partitioned_parquet_snap.item.i_item_id
|     stored statistics:
|       table: rows=360.00K size=33.54MB
|       columns: all
|     extrapolated-rows=disabled max-scan-range-rows=101.54K
|     mem-estimate=16.00MB mem-reservation=512.00KB thread-reservation=0
|     tuple-ids=2 row-size=32B cardinality=360.00K cost=103680
|     in pipelines: 01(GETNEXT)
|
00:SCAN HDFS [tpcds_partitioned_parquet_snap.catalog_sales, RANDOM]
   HDFS partitions=1831/1831 files=1831 size=280.96GB
   runtime filters: RF007[min_max] -> tpcds_partitioned_parquet_snap.catalog_sales.cs_item_sk
   stored statistics:
     table: rows=4.32G size=280.96GB
     partitions: 1831/1831 rows=4.32G
     columns: all
   extrapolated-rows=disabled max-scan-range-rows=21.52M
   mem-estimate=16.00MB mem-reservation=1.00MB thread-reservation=0
   tuple-ids=0 row-size=12B cardinality=4.32G(filtered from 4.32G) cost=746509474
   in pipelines: 00(GETNEXT)
---- PARALLELPLANS
Max Per-Host Resource Reservation: Memory=1.25GB Threads=65
Per-Host Resource Estimates: Memory=2.21GB
F24:PLAN FRAGMENT [UNPARTITIONED] hosts=1 instances=1
|  Per-Instance Resources: mem-estimate=4.08MB mem-reservation=4.00MB thread-reservation=1
|  max-parallelism=1 segment-costs=[840] cpu-comparison-result=310 [max(1 (self) vs 310 (sum children))]
PLAN-ROOT SINK
|  output exprs: tpcds_partitioned_parquet_snap.item_1.i_item_id, sum(tpcds_partitioned_parquet_snap.store_sales.ss_ext_sales_price), multiply(divide(sum(tpcds_partitioned_parquet_snap.store_sales.ss_ext_sales_price), divide(add(add(sum(tpcds_partitioned_parquet_snap.store_sales.ss_ext_sales_price), sum(tpcds_partitioned_parquet_snap.catalog_sales.cs_ext_sales_price)), sum(tpcds_partitioned_parquet_snap.web_sales.ws_ext_sales_price)), CAST(3 AS DECIMAL(3,0)))), CAST(100 AS DECIMAL(3,0))), sum(tpcds_partitioned_parquet_snap.catalog_sales.cs_ext_sales_price), multiply(divide(sum(tpcds_partitioned_parquet_snap.catalog_sales.cs_ext_sales_price), divide(add(add(sum(tpcds_partitioned_parquet_snap.store_sales.ss_ext_sales_price), sum(tpcds_partitioned_parquet_snap.catalog_sales.cs_ext_sales_price)), sum(tpcds_partitioned_parquet_snap.web_sales.ws_ext_sales_price)), CAST(3 AS DECIMAL(3,0)))), CAST(100 AS DECIMAL(3,0))), sum(tpcds_partitioned_parquet_snap.web_sales.ws_ext_sales_price), multiply(divide(sum(tpcds_partitioned_parquet_snap.web_sales.ws_ext_sales_price), divide(add(add(sum(tpcds_partitioned_parquet_snap.store_sales.ss_ext_sales_price), sum(tpcds_partitioned_parquet_snap.catalog_sales.cs_ext_sales_price)), sum(tpcds_partitioned_parquet_snap.web_sales.ws_ext_sales_price)), CAST(3 AS DECIMAL(3,0)))), CAST(100 AS DECIMAL(3,0))), divide(add(add(sum(tpcds_partitioned_parquet_snap.store_sales.ss_ext_sales_price), sum(tpcds_partitioned_parquet_snap.catalog_sales.cs_ext_sales_price)), sum(tpcds_partitioned_parquet_snap.web_sales.ws_ext_sales_price)), CAST(3 AS DECIMAL(3,0)))
|  mem-estimate=4.00MB mem-reservation=4.00MB spill-buffer=2.00MB thread-reservation=0 cost=800
|
66:MERGING-EXCHANGE [UNPARTITIONED]
|  order by: tpcds_partitioned_parquet_snap.item_1.i_item_id ASC NULLS LAST, sum(tpcds_partitioned_parquet_snap.store_sales.ss_ext_sales_price) ASC NULLS LAST
|  limit: 100
|  mem-estimate=78.87KB mem-reservation=0B thread-reservation=0
|  tuple-ids=36 row-size=76B cardinality=100 cost=40
|  in pipelines: 38(GETNEXT)
|
F07:PLAN FRAGMENT [HASH(tpcds_partitioned_parquet_snap.item.i_item_id)] hosts=10 instances=10 (adjusted from 120)
Per-Instance Resources: mem-estimate=17.49MB mem-reservation=1.94MB thread-reservation=1
max-parallelism=10 segment-costs=[752956, 841450, 230] cpu-comparison-result=310 [max(10 (self) vs 310 (sum children))]
38:TOP-N [LIMIT=100]
|  order by: tpcds_partitioned_parquet_snap.item_1.i_item_id ASC NULLS LAST, sum(tpcds_partitioned_parquet_snap.store_sales.ss_ext_sales_price) ASC NULLS LAST
|  mem-estimate=7.42KB mem-reservation=0B thread-reservation=0
|  tuple-ids=36 row-size=76B cardinality=100 cost=778561
|  in pipelines: 38(GETNEXT), 47(OPEN)
|
37:HASH JOIN [INNER JOIN, PARTITIONED]
|  hash-table-id=00
|  hash predicates: tpcds_partitioned_parquet_snap.item.i_item_id = tpcds_partitioned_parquet_snap.item_1.i_item_id
|  fk/pk conjuncts: none
|  other join predicates: sum(tpcds_partitioned_parquet_snap.catalog_sales.cs_ext_sales_price) <= multiply(CAST(1.1 AS DECIMAL(2,1)), sum(tpcds_partitioned_parquet_snap.store_sales.ss_ext_sales_price)), sum(tpcds_partitioned_parquet_snap.catalog_sales.cs_ext_sales_price) <= multiply(CAST(1.1 AS DECIMAL(2,1)), sum(tpcds_partitioned_parquet_snap.web_sales.ws_ext_sales_price)), sum(tpcds_partitioned_parquet_snap.catalog_sales.cs_ext_sales_price) >= multiply(CAST(0.9 AS DECIMAL(2,1)), sum(tpcds_partitioned_parquet_snap.store_sales.ss_ext_sales_price)), sum(tpcds_partitioned_parquet_snap.catalog_sales.cs_ext_sales_price) >= multiply(CAST(0.9 AS DECIMAL(2,1)), sum(tpcds_partitioned_parquet_snap.web_sales.ws_ext_sales_price)), sum(tpcds_partitioned_parquet_snap.store_sales.ss_ext_sales_price) <= multiply(CAST(1.1 AS DECIMAL(2,1)), sum(tpcds_partitioned_parquet_snap.catalog_sales.cs_ext_sales_price)), sum(tpcds_partitioned_parquet_snap.store_sales.ss_ext_sales_price) >= multiply(CAST(0.9 AS DECIMAL(2,1)), sum(tpcds_partitioned_parquet_snap.catalog_sales.cs_ext_sales_price)), sum(tpcds_partitioned_parquet_snap.web_sales.ws_ext_sales_price) <= multiply(CAST(1.1 AS DECIMAL(2,1)), sum(tpcds_partitioned_parquet_snap.catalog_sales.cs_ext_sales_price)), sum(tpcds_partitioned_parquet_snap.web_sales.ws_ext_sales_price) >= multiply(CAST(0.9 AS DECIMAL(2,1)), sum(tpcds_partitioned_parquet_snap.catalog_sales.cs_ext_sales_price))
|  mem-estimate=0B mem-reservation=0B spill-buffer=64.00KB thread-reservation=0
|  tuple-ids=11,35,23 row-size=132B cardinality=84.38K cost=62889
|  in pipelines: 47(GETNEXT), 56(OPEN)
|
|--F25:PLAN FRAGMENT [HASH(tpcds_partitioned_parquet_snap.item.i_item_id)] hosts=10 instances=10 (adjusted from 120)
|  |  Per-Instance Resources: mem-estimate=20.31MB mem-reservation=11.44MB thread-reservation=1 runtime-filters-memory=1.00MB
|  |  max-parallelism=10 segment-costs=[1016639, 98978] cpu-comparison-result=190 [max(10 (self) vs 190 (sum children))]
|  JOIN BUILD
|  |  join-table-id=00 plan-id=01 cohort-id=01
|  |  build expressions: tpcds_partitioned_parquet_snap.item_1.i_item_id
|  |  runtime filters: RF000[bloom] <- tpcds_partitioned_parquet_snap.item_1.i_item_id, RF001[min_max] <- tpcds_partitioned_parquet_snap.item_1.i_item_id
|  |  mem-estimate=1.94MB mem-reservation=1.94MB spill-buffer=64.00KB thread-reservation=0 cost=43498
|  |
|  36:HASH JOIN [INNER JOIN, PARTITIONED]
|  |  hash-table-id=01
|  |  hash predicates: tpcds_partitioned_parquet_snap.item_1.i_item_id = tpcds_partitioned_parquet_snap.item_0.i_item_id
|  |  fk/pk conjuncts: none
|  |  other join predicates: sum(tpcds_partitioned_parquet_snap.store_sales.ss_ext_sales_price) <= multiply(CAST(1.1 AS DECIMAL(2,1)), sum(tpcds_partitioned_parquet_snap.web_sales.ws_ext_sales_price)), sum(tpcds_partitioned_parquet_snap.store_sales.ss_ext_sales_price) >= multiply(CAST(0.9 AS DECIMAL(2,1)), sum(tpcds_partitioned_parquet_snap.web_sales.ws_ext_sales_price)), sum(tpcds_partitioned_parquet_snap.web_sales.ws_ext_sales_price) <= multiply(CAST(1.1 AS DECIMAL(2,1)), sum(tpcds_partitioned_parquet_snap.store_sales.ss_ext_sales_price)), sum(tpcds_partitioned_parquet_snap.web_sales.ws_ext_sales_price) >= multiply(CAST(0.9 AS DECIMAL(2,1)), sum(tpcds_partitioned_parquet_snap.store_sales.ss_ext_sales_price))
|  |  mem-estimate=0B mem-reservation=0B spill-buffer=64.00KB thread-reservation=0
|  |  tuple-ids=35,23 row-size=88B cardinality=43.50K cost=55480
|  |  in pipelines: 56(GETNEXT), 65(OPEN)
|  |
|  |--F26:PLAN FRAGMENT [HASH(tpcds_partitioned_parquet_snap.item.i_item_id)] hosts=10 instances=10 (adjusted from 120)
|  |  |  Per-Instance Resources: mem-estimate=14.38MB mem-reservation=4.88MB thread-reservation=1 runtime-filters-memory=1.00MB
|  |  |  max-parallelism=10 segment-costs=[72046, 22422] cpu-comparison-result=70 [max(10 (self) vs 70 (sum children))]
|  |  JOIN BUILD
|  |  |  join-table-id=01 plan-id=02 cohort-id=02
|  |  |  build expressions: tpcds_partitioned_parquet_snap.item_0.i_item_id
|  |  |  runtime filters: RF010[bloom] <- tpcds_partitioned_parquet_snap.item_0.i_item_id, RF011[min_max] <- tpcds_partitioned_parquet_snap.item_0.i_item_id
|  |  |  mem-estimate=1.94MB mem-reservation=1.94MB spill-buffer=64.00KB thread-reservation=0 cost=22422
|  |  |
|  |  65:AGGREGATE [FINALIZE]
|  |  |  output: sum:merge(tpcds_partitioned_parquet_snap.web_sales.ws_ext_sales_price)
|  |  |  group by: tpcds_partitioned_parquet_snap.item_0.i_item_id
|  |  |  mem-estimate=10.00MB mem-reservation=1.94MB spill-buffer=64.00KB thread-reservation=0
|  |  |  tuple-ids=23 row-size=44B cardinality=22.42K cost=65017
|  |  |  in pipelines: 65(GETNEXT), 12(OPEN)
|  |  |
|  |  64:EXCHANGE [HASH(tpcds_partitioned_parquet_snap.item_0.i_item_id)]
|  |  |  mem-estimate=3.38MB mem-reservation=0B thread-reservation=0
|  |  |  tuple-ids=23 row-size=44B cardinality=22.42K cost=7029
|  |  |  in pipelines: 12(GETNEXT)
|  |  |
|  |  F16:PLAN FRAGMENT [RANDOM] hosts=10 instances=70 (adjusted from 120)
|  |  Per-Host Shared Resources: mem-estimate=1.00MB mem-reservation=1.00MB thread-reservation=0 runtime-filters-memory=1.00MB
|  |  Per-Instance Resources: mem-estimate=27.88MB mem-reservation=2.12MB thread-reservation=1
|  |  max-parallelism=70 segment-costs=[617676134, 75086] cpu-comparison-result=70 [max(70 (self) vs 35 (sum children))]
|  |  23:AGGREGATE [STREAMING]
|  |  |  output: sum(tpcds_partitioned_parquet_snap.web_sales.ws_ext_sales_price)
|  |  |  group by: tpcds_partitioned_parquet_snap.item_0.i_item_id
|  |  |  mem-estimate=10.00MB mem-reservation=2.00MB spill-buffer=64.00KB thread-reservation=0
|  |  |  tuple-ids=23 row-size=44B cardinality=22.42K cost=65017
|  |  |  in pipelines: 12(GETNEXT)
|  |  |
|  |  22:HASH JOIN [INNER JOIN, BROADCAST]
|  |  |  hash-table-id=02
|  |  |  hash predicates: tpcds_partitioned_parquet_snap.date_dim_2.d_date = tpcds_partitioned_parquet_snap.date_dim_3.d_date
|  |  |  fk/pk conjuncts: none
|  |  |  mem-estimate=0B mem-reservation=0B spill-buffer=64.00KB thread-reservation=0
|  |  |  tuple-ids=12,14,16,22 row-size=56B cardinality=22.42K cost=55379553
|  |  |  in pipelines: 12(GETNEXT), 62(OPEN)
|  |  |
|  |  |--F27:PLAN FRAGMENT [RANDOM] hosts=10 instances=10
|  |  |  |  Per-Instance Resources: mem-estimate=14.58MB mem-reservation=14.56MB thread-reservation=1 runtime-filters-memory=1.00MB
|  |  |  |  max-parallelism=10 segment-costs=[7] cpu-comparison-result=10 [max(10 (self) vs 2 (sum children))]
|  |  |  JOIN BUILD
|  |  |  |  join-table-id=02 plan-id=03 cohort-id=03
|  |  |  |  build expressions: tpcds_partitioned_parquet_snap.date_dim_3.d_date
|  |  |  |  runtime filters: RF020[bloom] <- tpcds_partitioned_parquet_snap.date_dim_3.d_date, RF021[min_max] <- tpcds_partitioned_parquet_snap.date_dim_3.d_date
|  |  |  |  mem-estimate=13.56MB mem-reservation=13.56MB spill-buffer=64.00KB thread-reservation=0 cost=7
|  |  |  |
|  |  |  63:EXCHANGE [BROADCAST]
|  |  |  |  mem-estimate=16.00KB mem-reservation=0B thread-reservation=0
|  |  |  |  tuple-ids=22 row-size=4B cardinality=7 cost=0
|  |  |  |  in pipelines: 62(GETNEXT)
|  |  |  |
|  |  |  F22:PLAN FRAGMENT [HASH(tpcds_partitioned_parquet_snap.date_dim_3.d_date)] hosts=1 instances=1
|  |  |  Per-Instance Resources: mem-estimate=10.03MB mem-reservation=1.94MB thread-reservation=1
|  |  |  max-parallelism=1 segment-costs=[20, 0] cpu-comparison-result=2 [max(1 (self) vs 2 (sum children))]
|  |  |  62:AGGREGATE [FINALIZE]
|  |  |  |  group by: tpcds_partitioned_parquet_snap.date_dim_3.d_date
|  |  |  |  mem-estimate=10.00MB mem-reservation=1.94MB spill-buffer=64.00KB thread-reservation=0
|  |  |  |  tuple-ids=22 row-size=4B cardinality=7 cost=20
|  |  |  |  in pipelines: 62(GETNEXT), 17(OPEN)
|  |  |  |
|  |  |  61:EXCHANGE [HASH(tpcds_partitioned_parquet_snap.date_dim_3.d_date)]
|  |  |  |  mem-estimate=16.00KB mem-reservation=0B thread-reservation=0
|  |  |  |  tuple-ids=22 row-size=4B cardinality=7 cost=0
|  |  |  |  in pipelines: 17(GETNEXT)
|  |  |  |
|  |  |  F19:PLAN FRAGMENT [RANDOM] hosts=1 instances=1
|  |  |  Per-Host Shared Resources: mem-estimate=1.00MB mem-reservation=1.00MB thread-reservation=0 runtime-filters-memory=1.00MB
|  |  |  Per-Instance Resources: mem-estimate=26.03MB mem-reservation=2.50MB thread-reservation=1
|  |  |  max-parallelism=1 segment-costs=[8438, 5] cpu-comparison-result=2 [max(1 (self) vs 2 (sum children))]
|  |  |  21:AGGREGATE [STREAMING]
|  |  |  |  group by: tpcds_partitioned_parquet_snap.date_dim_3.d_date
|  |  |  |  mem-estimate=10.00MB mem-reservation=2.00MB spill-buffer=64.00KB thread-reservation=0
|  |  |  |  tuple-ids=22 row-size=4B cardinality=7 cost=20
|  |  |  |  in pipelines: 17(GETNEXT)
|  |  |  |
|  |  |  20:HASH JOIN [INNER JOIN, BROADCAST]
|  |  |  |  hash-table-id=03
|  |  |  |  hash predicates: tpcds_partitioned_parquet_snap.date_dim_3.d_week_seq = tpcds_partitioned_parquet_snap.date_dim_4.d_week_seq
|  |  |  |  fk/pk conjuncts: none
|  |  |  |  mem-estimate=0B mem-reservation=0B spill-buffer=64.00KB thread-reservation=0
|  |  |  |  tuple-ids=18,20 row-size=16B cardinality=7 cost=3
|  |  |  |  in pipelines: 17(GETNEXT), 19(OPEN)
|  |  |  |
|  |  |  |--F28:PLAN FRAGMENT [RANDOM] hosts=1 instances=1
|  |  |  |  |  Per-Instance Resources: mem-estimate=2.95MB mem-reservation=2.94MB thread-reservation=1 runtime-filters-memory=1.00MB
|  |  |  |  |  max-parallelism=1 segment-costs=[1] cpu-comparison-result=2 [max(1 (self) vs 2 (sum children))]
|  |  |  |  JOIN BUILD
|  |  |  |  |  join-table-id=03 plan-id=04 cohort-id=04
|  |  |  |  |  build expressions: tpcds_partitioned_parquet_snap.date_dim_4.d_week_seq
|  |  |  |  |  runtime filters: RF026[bloom] <- tpcds_partitioned_parquet_snap.date_dim_4.d_week_seq, RF027[min_max] <- tpcds_partitioned_parquet_snap.date_dim_4.d_week_seq
|  |  |  |  |  mem-estimate=1.94MB mem-reservation=1.94MB spill-buffer=64.00KB thread-reservation=0 cost=1
|  |  |  |  |
|  |  |  |  60:EXCHANGE [BROADCAST]
|  |  |  |  |  mem-estimate=16.00KB mem-reservation=0B thread-reservation=0
|  |  |  |  |  tuple-ids=20 row-size=8B cardinality=1 cost=0
|  |  |  |  |  in pipelines: 19(GETNEXT)
|  |  |  |  |
|  |  |  |  F21:PLAN FRAGMENT [UNPARTITIONED] hosts=1 instances=1
|  |  |  |  Per-Instance Resources: mem-estimate=48.00KB mem-reservation=0B thread-reservation=1
|  |  |  |  max-parallelism=1 segment-costs=[0, 0]
|  |  |  |  19:CARDINALITY CHECK
|  |  |  |  |  limit: 1
|  |  |  |  |  mem-estimate=0B mem-reservation=0B thread-reservation=0
|  |  |  |  |  tuple-ids=20 row-size=8B cardinality=1 cost=0
|  |  |  |  |  in pipelines: 19(GETNEXT), 18(OPEN)
|  |  |  |  |
|  |  |  |  59:EXCHANGE [UNPARTITIONED]
|  |  |  |  |  limit: 2
|  |  |  |  |  mem-estimate=16.00KB mem-reservation=0B thread-reservation=0
|  |  |  |  |  tuple-ids=20 row-size=8B cardinality=1 cost=0
|  |  |  |  |  in pipelines: 18(GETNEXT)
|  |  |  |  |
|  |  |  |  F20:PLAN FRAGMENT [RANDOM] hosts=1 instances=1
|  |  |  |  Per-Instance Resources: mem-estimate=16.05MB mem-reservation=512.00KB thread-reservation=1
|  |  |  |  max-parallelism=1 segment-costs=[10468]
|  |  |  |  18:SCAN HDFS [tpcds_partitioned_parquet_snap.date_dim, RANDOM]
|  |  |  |     HDFS partitions=1/1 files=1 size=2.17MB
|  |  |  |     predicates: tpcds_partitioned_parquet_snap.date_dim_4.d_date = DATE '2000-03-26'
|  |  |  |     stored statistics:
|  |  |  |       table: rows=73.05K size=2.17MB
|  |  |  |       columns: all
|  |  |  |     extrapolated-rows=disabled max-scan-range-rows=73.05K
|  |  |  |     parquet statistics predicates: tpcds_partitioned_parquet_snap.date_dim_4.d_date = DATE '2000-03-26'
|  |  |  |     parquet dictionary predicates: tpcds_partitioned_parquet_snap.date_dim_4.d_date = DATE '2000-03-26'
|  |  |  |     limit: 2
|  |  |  |     mem-estimate=16.00MB mem-reservation=512.00KB thread-reservation=0
|  |  |  |     tuple-ids=20 row-size=8B cardinality=1 cost=10467
|  |  |  |     in pipelines: 18(GETNEXT)
|  |  |  |
|  |  |  17:SCAN HDFS [tpcds_partitioned_parquet_snap.date_dim, RANDOM]
|  |  |     HDFS partitions=1/1 files=1 size=2.17MB
|  |  |     runtime filters: RF027[min_max] -> tpcds_partitioned_parquet_snap.date_dim_3.d_week_seq, RF026[bloom] -> tpcds_partitioned_parquet_snap.date_dim_3.d_week_seq
|  |  |     stored statistics:
|  |  |       table: rows=73.05K size=2.17MB
|  |  |       columns: all
|  |  |     extrapolated-rows=disabled max-scan-range-rows=73.05K
|  |  |     mem-estimate=16.00MB mem-reservation=512.00KB thread-reservation=0
|  |  |     tuple-ids=18 row-size=8B cardinality=7(filtered from 73.05K) cost=8415
|  |  |     in pipelines: 17(GETNEXT)
|  |  |
|  |  16:HASH JOIN [INNER JOIN, BROADCAST]
|  |  |  hash-table-id=04
|  |  |  hash predicates: tpcds_partitioned_parquet_snap.web_sales.ws_sold_date_sk = tpcds_partitioned_parquet_snap.date_dim_2.d_date_sk
|  |  |  fk/pk conjuncts: tpcds_partitioned_parquet_snap.web_sales.ws_sold_date_sk = tpcds_partitioned_parquet_snap.date_dim_2.d_date_sk
|  |  |  mem-estimate=0B mem-reservation=0B spill-buffer=256.00KB thread-reservation=0
|  |  |  tuple-ids=12,14,16 row-size=52B cardinality=215.89M(filtered from 215.89M) cost=94494550
|  |  |  in pipelines: 12(GETNEXT), 15(OPEN)
|  |  |
|  |  |--F29:PLAN FRAGMENT [RANDOM] hosts=10 instances=10
|  |  |  |  Per-Instance Resources: mem-estimate=33.82MB mem-reservation=33.25MB thread-reservation=1
|  |  |  |  max-parallelism=10 segment-costs=[170129]
|  |  |  JOIN BUILD
|  |  |  |  join-table-id=04 plan-id=05 cohort-id=03
|  |  |  |  build expressions: tpcds_partitioned_parquet_snap.date_dim_2.d_date_sk
|  |  |  |  mem-estimate=33.25MB mem-reservation=33.25MB spill-buffer=256.00KB thread-reservation=0 cost=73049
|  |  |  |
|  |  |  58:EXCHANGE [BROADCAST]
|  |  |  |  mem-estimate=582.70KB mem-reservation=0B thread-reservation=0
|  |  |  |  tuple-ids=16 row-size=8B cardinality=73.05K cost=97080
|  |  |  |  in pipelines: 15(GETNEXT)
|  |  |  |
|  |  |  F18:PLAN FRAGMENT [RANDOM] hosts=1 instances=1
|  |  |  Per-Host Shared Resources: mem-estimate=1.00MB mem-reservation=1.00MB thread-reservation=0 runtime-filters-memory=1.00MB
|  |  |  Per-Instance Resources: mem-estimate=16.05MB mem-reservation=1.00MB thread-reservation=1
|  |  |  max-parallelism=1 segment-costs=[11570]
|  |  |  15:SCAN HDFS [tpcds_partitioned_parquet_snap.date_dim, RANDOM]
|  |  |     HDFS partitions=1/1 files=1 size=2.17MB
|  |  |     runtime filters: RF021[min_max] -> tpcds_partitioned_parquet_snap.date_dim_2.d_date, RF020[bloom] -> tpcds_partitioned_parquet_snap.date_dim_2.d_date
|  |  |     stored statistics:
|  |  |       table: rows=73.05K size=2.17MB
|  |  |       columns: all
|  |  |     extrapolated-rows=disabled max-scan-range-rows=73.05K
|  |  |     mem-estimate=16.00MB mem-reservation=1.00MB thread-reservation=0
|  |  |     tuple-ids=16 row-size=8B cardinality=73.05K cost=8415
|  |  |     in pipelines: 15(GETNEXT)
|  |  |
|  |  14:HASH JOIN [INNER JOIN, BROADCAST]
|  |  |  hash-table-id=05
|  |  |  hash predicates: tpcds_partitioned_parquet_snap.web_sales.ws_item_sk = tpcds_partitioned_parquet_snap.item_0.i_item_sk
|  |  |  fk/pk conjuncts: tpcds_partitioned_parquet_snap.web_sales.ws_item_sk = tpcds_partitioned_parquet_snap.item_0.i_item_sk
|  |  |  mem-estimate=0B mem-reservation=0B spill-buffer=128.00KB thread-reservation=0
|  |  |  tuple-ids=12,14 row-size=44B cardinality=215.89M(filtered from 215.89M) cost=94494550
|  |  |  in pipelines: 12(GETNEXT), 13(OPEN)
|  |  |
|  |  |--F30:PLAN FRAGMENT [RANDOM] hosts=10 instances=10
|  |  |  |  Per-Instance Resources: mem-estimate=22.36MB mem-reservation=21.12MB thread-reservation=1 runtime-filters-memory=1.00MB
|  |  |  |  max-parallelism=10 segment-costs=[83840]
|  |  |  JOIN BUILD
|  |  |  |  join-table-id=05 plan-id=06 cohort-id=03
|  |  |  |  build expressions: tpcds_partitioned_parquet_snap.item_0.i_item_sk
|  |  |  |  runtime filters: RF024[bloom] <- tpcds_partitioned_parquet_snap.item_0.i_item_sk, RF025[min_max] <- tpcds_partitioned_parquet_snap.item_0.i_item_sk
|  |  |  |  mem-estimate=20.12MB mem-reservation=20.12MB spill-buffer=128.00KB thread-reservation=0 cost=36000
|  |  |  |
|  |  |  57:EXCHANGE [BROADCAST]
|  |  |  |  mem-estimate=1.24MB mem-reservation=0B thread-reservation=0
|  |  |  |  tuple-ids=14 row-size=32B cardinality=36.00K cost=47840
|  |  |  |  in pipelines: 13(GETNEXT)
|  |  |  |
|  |  |  F17:PLAN FRAGMENT [RANDOM] hosts=4 instances=4
|  |  |  Per-Instance Resources: mem-estimate=16.14MB mem-reservation=512.00KB thread-reservation=1
|  |  |  max-parallelism=4 segment-costs=[117684]
|  |  |  13:SCAN HDFS [tpcds_partitioned_parquet_snap.item, RANDOM]
|  |  |     HDFS partitions=1/1 files=1 size=33.54MB
|  |  |     predicates: is_not_null_pred(tpcds_partitioned_parquet_snap.item_0.i_item_id)
|  |  |     stored statistics:
|  |  |       table: rows=360.00K size=33.54MB
|  |  |       columns: all
|  |  |     extrapolated-rows=disabled max-scan-range-rows=101.54K
|  |  |     parquet dictionary predicates: is_not_null_pred(tpcds_partitioned_parquet_snap.item_0.i_item_id)
|  |  |     mem-estimate=16.00MB mem-reservation=512.00KB thread-reservation=0
|  |  |     tuple-ids=14 row-size=32B cardinality=36.00K cost=113796
|  |  |     in pipelines: 13(GETNEXT)
|  |  |
|  |  12:SCAN HDFS [tpcds_partitioned_parquet_snap.web_sales, RANDOM]
|  |     HDFS partitions=1824/1824 files=1824 size=145.75GB
|  |     runtime filters: RF025[min_max] -> tpcds_partitioned_parquet_snap.web_sales.ws_item_sk, RF024[bloom] -> tpcds_partitioned_parquet_snap.web_sales.ws_item_sk
|  |     stored statistics:
|  |       table: rows=2.16G size=145.75GB
|  |       partitions: 1824/1824 rows=2.16G
|  |       columns: all
|  |     extrapolated-rows=disabled max-scan-range-rows=3.37M
|  |     mem-estimate=16.00MB mem-reservation=128.00KB thread-reservation=0
|  |     tuple-ids=12 row-size=12B cardinality=215.89M(filtered from 2.16G) cost=373242464
|  |     in pipelines: 12(GETNEXT)
|  |
|  56:AGGREGATE [FINALIZE]
|  |  output: sum:merge(tpcds_partitioned_parquet_snap.store_sales.ss_ext_sales_price)
|  |  group by: tpcds_partitioned_parquet_snap.item_1.i_item_id
|  |  mem-estimate=10.00MB mem-reservation=8.50MB spill-buffer=512.00KB thread-reservation=0
|  |  tuple-ids=35 row-size=44B cardinality=185.57K cost=740998
|  |  in pipelines: 56(GETNEXT), 24(OPEN)
|  |
|  55:EXCHANGE [HASH(tpcds_partitioned_parquet_snap.item_1.i_item_id)]
|  |  mem-estimate=9.31MB mem-reservation=0B thread-reservation=0
|  |  tuple-ids=35 row-size=44B cardinality=879.24K cost=275641
|  |  in pipelines: 24(GETNEXT)
|  |
|  F08:PLAN FRAGMENT [RANDOM] hosts=10 instances=120
|  Per-Host Shared Resources: mem-estimate=1.00MB mem-reservation=1.00MB thread-reservation=0 runtime-filters-memory=1.00MB
|  Per-Instance Resources: mem-estimate=27.88MB mem-reservation=10.00MB thread-reservation=1
|  max-parallelism=1130 segment-costs=[11270353328, 2944398] cpu-comparison-result=120 [max(120 (self) vs 35 (sum children))]
|  35:AGGREGATE [STREAMING]
|  |  output: sum(tpcds_partitioned_parquet_snap.store_sales.ss_ext_sales_price)
|  |  group by: tpcds_partitioned_parquet_snap.item_1.i_item_id
|  |  mem-estimate=10.00MB mem-reservation=2.00MB spill-buffer=64.00KB thread-reservation=0
|  |  tuple-ids=35 row-size=44B cardinality=879.24K cost=2554694
|  |  in pipelines: 24(GETNEXT)
|  |
|  34:HASH JOIN [INNER JOIN, BROADCAST]
|  |  hash-table-id=06
|  |  hash predicates: tpcds_partitioned_parquet_snap.date_dim_5.d_date = tpcds_partitioned_parquet_snap.date_dim_6.d_date
|  |  fk/pk conjuncts: none
|  |  mem-estimate=0B mem-reservation=0B spill-buffer=64.00KB thread-reservation=0
|  |  tuple-ids=24,26,28,34 row-size=56B cardinality=896.89K cost=2215198375
|  |  in pipelines: 24(GETNEXT), 53(OPEN)
|  |
|  |--F31:PLAN FRAGMENT [RANDOM] hosts=10 instances=10
|  |  |  Per-Instance Resources: mem-estimate=24.27MB mem-reservation=24.25MB thread-reservation=1 runtime-filters-memory=1.00MB
|  |  |  max-parallelism=10 segment-costs=[7] cpu-comparison-result=10 [max(10 (self) vs 2 (sum children))]
|  |  JOIN BUILD
|  |  |  join-table-id=06 plan-id=07 cohort-id=02
|  |  |  build expressions: tpcds_partitioned_parquet_snap.date_dim_6.d_date
|  |  |  runtime filters: RF012[bloom] <- tpcds_partitioned_parquet_snap.date_dim_6.d_date, RF013[min_max] <- tpcds_partitioned_parquet_snap.date_dim_6.d_date
|  |  |  mem-estimate=23.25MB mem-reservation=23.25MB spill-buffer=64.00KB thread-reservation=0 cost=7
|  |  |
|  |  54:EXCHANGE [BROADCAST]
|  |  |  mem-estimate=16.00KB mem-reservation=0B thread-reservation=0
|  |  |  tuple-ids=34 row-size=4B cardinality=7 cost=0
|  |  |  in pipelines: 53(GETNEXT)
|  |  |
|  |  F14:PLAN FRAGMENT [HASH(tpcds_partitioned_parquet_snap.date_dim_6.d_date)] hosts=1 instances=1
|  |  Per-Instance Resources: mem-estimate=10.03MB mem-reservation=1.94MB thread-reservation=1
|  |  max-parallelism=1 segment-costs=[20, 0] cpu-comparison-result=2 [max(1 (self) vs 2 (sum children))]
|  |  53:AGGREGATE [FINALIZE]
|  |  |  group by: tpcds_partitioned_parquet_snap.date_dim_6.d_date
|  |  |  mem-estimate=10.00MB mem-reservation=1.94MB spill-buffer=64.00KB thread-reservation=0
|  |  |  tuple-ids=34 row-size=4B cardinality=7 cost=20
|  |  |  in pipelines: 53(GETNEXT), 29(OPEN)
|  |  |
|  |  52:EXCHANGE [HASH(tpcds_partitioned_parquet_snap.date_dim_6.d_date)]
|  |  |  mem-estimate=16.00KB mem-reservation=0B thread-reservation=0
|  |  |  tuple-ids=34 row-size=4B cardinality=7 cost=0
|  |  |  in pipelines: 29(GETNEXT)
|  |  |
|  |  F11:PLAN FRAGMENT [RANDOM] hosts=1 instances=1
|  |  Per-Host Shared Resources: mem-estimate=1.00MB mem-reservation=1.00MB thread-reservation=0 runtime-filters-memory=1.00MB
|  |  Per-Instance Resources: mem-estimate=26.03MB mem-reservation=2.50MB thread-reservation=1
|  |  max-parallelism=1 segment-costs=[8438, 5] cpu-comparison-result=2 [max(1 (self) vs 2 (sum children))]
|  |  33:AGGREGATE [STREAMING]
|  |  |  group by: tpcds_partitioned_parquet_snap.date_dim_6.d_date
|  |  |  mem-estimate=10.00MB mem-reservation=2.00MB spill-buffer=64.00KB thread-reservation=0
|  |  |  tuple-ids=34 row-size=4B cardinality=7 cost=20
|  |  |  in pipelines: 29(GETNEXT)
|  |  |
|  |  32:HASH JOIN [INNER JOIN, BROADCAST]
|  |  |  hash-table-id=07
|  |  |  hash predicates: tpcds_partitioned_parquet_snap.date_dim_6.d_week_seq = tpcds_partitioned_parquet_snap.date_dim_7.d_week_seq
|  |  |  fk/pk conjuncts: none
|  |  |  mem-estimate=0B mem-reservation=0B spill-buffer=64.00KB thread-reservation=0
|  |  |  tuple-ids=30,32 row-size=16B cardinality=7 cost=3
|  |  |  in pipelines: 29(GETNEXT), 31(OPEN)
|  |  |
|  |  |--F32:PLAN FRAGMENT [RANDOM] hosts=1 instances=1
|  |  |  |  Per-Instance Resources: mem-estimate=2.95MB mem-reservation=2.94MB thread-reservation=1 runtime-filters-memory=1.00MB
|  |  |  |  max-parallelism=1 segment-costs=[1] cpu-comparison-result=2 [max(1 (self) vs 2 (sum children))]
|  |  |  JOIN BUILD
|  |  |  |  join-table-id=07 plan-id=08 cohort-id=05
|  |  |  |  build expressions: tpcds_partitioned_parquet_snap.date_dim_7.d_week_seq
|  |  |  |  runtime filters: RF018[bloom] <- tpcds_partitioned_parquet_snap.date_dim_7.d_week_seq, RF019[min_max] <- tpcds_partitioned_parquet_snap.date_dim_7.d_week_seq
|  |  |  |  mem-estimate=1.94MB mem-reservation=1.94MB spill-buffer=64.00KB thread-reservation=0 cost=1
|  |  |  |
|  |  |  51:EXCHANGE [BROADCAST]
|  |  |  |  mem-estimate=16.00KB mem-reservation=0B thread-reservation=0
|  |  |  |  tuple-ids=32 row-size=8B cardinality=1 cost=0
|  |  |  |  in pipelines: 31(GETNEXT)
|  |  |  |
|  |  |  F13:PLAN FRAGMENT [UNPARTITIONED] hosts=1 instances=1
|  |  |  Per-Instance Resources: mem-estimate=48.00KB mem-reservation=0B thread-reservation=1
|  |  |  max-parallelism=1 segment-costs=[0, 0]
|  |  |  31:CARDINALITY CHECK
|  |  |  |  limit: 1
|  |  |  |  mem-estimate=0B mem-reservation=0B thread-reservation=0
|  |  |  |  tuple-ids=32 row-size=8B cardinality=1 cost=0
|  |  |  |  in pipelines: 31(GETNEXT), 30(OPEN)
|  |  |  |
|  |  |  50:EXCHANGE [UNPARTITIONED]
|  |  |  |  limit: 2
|  |  |  |  mem-estimate=16.00KB mem-reservation=0B thread-reservation=0
|  |  |  |  tuple-ids=32 row-size=8B cardinality=1 cost=0
|  |  |  |  in pipelines: 30(GETNEXT)
|  |  |  |
|  |  |  F12:PLAN FRAGMENT [RANDOM] hosts=1 instances=1
|  |  |  Per-Instance Resources: mem-estimate=16.05MB mem-reservation=512.00KB thread-reservation=1
|  |  |  max-parallelism=1 segment-costs=[10468]
|  |  |  30:SCAN HDFS [tpcds_partitioned_parquet_snap.date_dim, RANDOM]
|  |  |     HDFS partitions=1/1 files=1 size=2.17MB
|  |  |     predicates: tpcds_partitioned_parquet_snap.date_dim_7.d_date = DATE '2000-03-26'
|  |  |     stored statistics:
|  |  |       table: rows=73.05K size=2.17MB
|  |  |       columns: all
|  |  |     extrapolated-rows=disabled max-scan-range-rows=73.05K
|  |  |     parquet statistics predicates: tpcds_partitioned_parquet_snap.date_dim_7.d_date = DATE '2000-03-26'
|  |  |     parquet dictionary predicates: tpcds_partitioned_parquet_snap.date_dim_7.d_date = DATE '2000-03-26'
|  |  |     limit: 2
|  |  |     mem-estimate=16.00MB mem-reservation=512.00KB thread-reservation=0
|  |  |     tuple-ids=32 row-size=8B cardinality=1 cost=10467
|  |  |     in pipelines: 30(GETNEXT)
|  |  |
|  |  29:SCAN HDFS [tpcds_partitioned_parquet_snap.date_dim, RANDOM]
|  |     HDFS partitions=1/1 files=1 size=2.17MB
|  |     runtime filters: RF019[min_max] -> tpcds_partitioned_parquet_snap.date_dim_6.d_week_seq, RF018[bloom] -> tpcds_partitioned_parquet_snap.date_dim_6.d_week_seq
|  |     stored statistics:
|  |       table: rows=73.05K size=2.17MB
|  |       columns: all
|  |     extrapolated-rows=disabled max-scan-range-rows=73.05K
|  |     mem-estimate=16.00MB mem-reservation=512.00KB thread-reservation=0
|  |     tuple-ids=30 row-size=8B cardinality=7(filtered from 73.05K) cost=8415
|  |     in pipelines: 29(GETNEXT)
|  |
|  28:HASH JOIN [INNER JOIN, BROADCAST]
|  |  hash-table-id=08
|  |  hash predicates: tpcds_partitioned_parquet_snap.store_sales.ss_sold_date_sk = tpcds_partitioned_parquet_snap.date_dim_5.d_date_sk
|  |  fk/pk conjuncts: tpcds_partitioned_parquet_snap.store_sales.ss_sold_date_sk = tpcds_partitioned_parquet_snap.date_dim_5.d_date_sk
|  |  mem-estimate=0B mem-reservation=0B spill-buffer=256.00KB thread-reservation=0
|  |  tuple-ids=24,26,28 row-size=52B cardinality=8.64G(filtered from 8.64G) cost=3779809729
|  |  in pipelines: 24(GETNEXT), 27(OPEN)
|  |
|  |--F33:PLAN FRAGMENT [RANDOM] hosts=10 instances=10
|  |  |  Per-Instance Resources: mem-estimate=57.57MB mem-reservation=57.00MB thread-reservation=1
|  |  |  max-parallelism=10 segment-costs=[170129]
|  |  JOIN BUILD
|  |  |  join-table-id=08 plan-id=09 cohort-id=02
|  |  |  build expressions: tpcds_partitioned_parquet_snap.date_dim_5.d_date_sk
|  |  |  mem-estimate=57.00MB mem-reservation=57.00MB spill-buffer=256.00KB thread-reservation=0 cost=73049
|  |  |
|  |  49:EXCHANGE [BROADCAST]
|  |  |  mem-estimate=582.70KB mem-reservation=0B thread-reservation=0
|  |  |  tuple-ids=28 row-size=8B cardinality=73.05K cost=97080
|  |  |  in pipelines: 27(GETNEXT)
|  |  |
|  |  F10:PLAN FRAGMENT [RANDOM] hosts=1 instances=1
|  |  Per-Host Shared Resources: mem-estimate=1.00MB mem-reservation=1.00MB thread-reservation=0 runtime-filters-memory=1.00MB
|  |  Per-Instance Resources: mem-estimate=16.05MB mem-reservation=1.00MB thread-reservation=1
|  |  max-parallelism=1 segment-costs=[11570]
|  |  27:SCAN HDFS [tpcds_partitioned_parquet_snap.date_dim, RANDOM]
|  |     HDFS partitions=1/1 files=1 size=2.17MB
|  |     runtime filters: RF013[min_max] -> tpcds_partitioned_parquet_snap.date_dim_5.d_date, RF012[bloom] -> tpcds_partitioned_parquet_snap.date_dim_5.d_date
|  |     stored statistics:
|  |       table: rows=73.05K size=2.17MB
|  |       columns: all
|  |     extrapolated-rows=disabled max-scan-range-rows=73.05K
|  |     mem-estimate=16.00MB mem-reservation=1.00MB thread-reservation=0
|  |     tuple-ids=28 row-size=8B cardinality=73.05K cost=8415
|  |     in pipelines: 27(GETNEXT)
|  |
|  26:HASH JOIN [INNER JOIN, BROADCAST]
|  |  hash-table-id=09
|  |  hash predicates: tpcds_partitioned_parquet_snap.store_sales.ss_item_sk = tpcds_partitioned_parquet_snap.item_1.i_item_sk
|  |  fk/pk conjuncts: tpcds_partitioned_parquet_snap.store_sales.ss_item_sk = tpcds_partitioned_parquet_snap.item_1.i_item_sk
|  |  mem-estimate=0B mem-reservation=0B spill-buffer=2.00MB thread-reservation=0
|  |  tuple-ids=24,26 row-size=44B cardinality=8.64G(filtered from 8.64G) cost=3779809729
|  |  in pipelines: 24(GETNEXT), 25(OPEN)
|  |
|  |--F34:PLAN FRAGMENT [RANDOM] hosts=10 instances=10
|  |  |  Per-Instance Resources: mem-estimate=419.14MB mem-reservation=409.00MB thread-reservation=1 runtime-filters-memory=1.00MB
|  |  |  max-parallelism=10 segment-costs=[838440]
|  |  JOIN BUILD
|  |  |  join-table-id=09 plan-id=10 cohort-id=02
|  |  |  build expressions: tpcds_partitioned_parquet_snap.item_1.i_item_sk
|  |  |  runtime filters: RF016[bloom] <- tpcds_partitioned_parquet_snap.item_1.i_item_sk, RF017[min_max] <- tpcds_partitioned_parquet_snap.item_1.i_item_sk
|  |  |  mem-estimate=408.00MB mem-reservation=408.00MB spill-buffer=2.00MB thread-reservation=0 cost=360000
|  |  |
|  |  48:EXCHANGE [BROADCAST]
|  |  |  mem-estimate=10.14MB mem-reservation=0B thread-reservation=0
|  |  |  tuple-ids=26 row-size=32B cardinality=360.00K cost=478440
|  |  |  in pipelines: 25(GETNEXT)
|  |  |
|  |  F09:PLAN FRAGMENT [RANDOM] hosts=4 instances=4
|  |  Per-Host Shared Resources: mem-estimate=1.00MB mem-reservation=1.00MB thread-reservation=0 runtime-filters-memory=1.00MB
|  |  Per-Instance Resources: mem-estimate=16.14MB mem-reservation=512.00KB thread-reservation=1
|  |  max-parallelism=4 segment-costs=[142560]
|  |  25:SCAN HDFS [tpcds_partitioned_parquet_snap.item, RANDOM]
|  |     HDFS partitions=1/1 files=1 size=33.54MB
|  |     runtime filters: RF011[min_max] -> tpcds_partitioned_parquet_snap.item_1.i_item_id, RF010[bloom] -> tpcds_partitioned_parquet_snap.item_1.i_item_id
|  |     stored statistics:
|  |       table: rows=360.00K size=33.54MB
|  |       columns: all
|  |     extrapolated-rows=disabled max-scan-range-rows=101.54K
|  |     mem-estimate=16.00MB mem-reservation=512.00KB thread-reservation=0
|  |     tuple-ids=26 row-size=32B cardinality=360.00K cost=103680
|  |     in pipelines: 25(GETNEXT)
|  |
|  24:SCAN HDFS [tpcds_partitioned_parquet_snap.store_sales, RANDOM]
|     HDFS partitions=1824/1824 files=1824 size=389.90GB
|     runtime filters: RF017[min_max] -> tpcds_partitioned_parquet_snap.store_sales.ss_item_sk, RF016[bloom] -> tpcds_partitioned_parquet_snap.store_sales.ss_item_sk
|     stored statistics:
|       table: rows=8.64G size=389.90GB
|       partitions: 1824/1824 rows=8.64G
|       columns: all
|     extrapolated-rows=disabled max-scan-range-rows=390.22M
|     mem-estimate=16.00MB mem-reservation=8.00MB thread-reservation=0
|     tuple-ids=24 row-size=12B cardinality=8.64G(filtered from 8.64G) cost=1492980801
|     in pipelines: 24(GETNEXT)
|
47:AGGREGATE [FINALIZE]
|  output: sum:merge(tpcds_partitioned_parquet_snap.catalog_sales.cs_ext_sales_price)
|  group by: tpcds_partitioned_parquet_snap.item.i_item_id
|  mem-estimate=10.00MB mem-reservation=1.94MB spill-buffer=64.00KB thread-reservation=0
|  tuple-ids=11 row-size=44B cardinality=185.57K cost=613725
|  in pipelines: 47(GETNEXT), 00(OPEN)
|
46:EXCHANGE [HASH(tpcds_partitioned_parquet_snap.item.i_item_id)]
|  mem-estimate=7.49MB mem-reservation=0B thread-reservation=0
|  tuple-ids=11 row-size=44B cardinality=444.12K cost=139231
|  in pipelines: 00(GETNEXT)
|
F00:PLAN FRAGMENT [RANDOM] hosts=10 instances=120
Per-Instance Resources: mem-estimate=27.88MB mem-reservation=3.00MB thread-reservation=1
max-parallelism=570 segment-costs=[5635332352, 1487269] cpu-comparison-result=120 [max(120 (self) vs 35 (sum children))]
11:AGGREGATE [STREAMING]
|  output: sum(tpcds_partitioned_parquet_snap.catalog_sales.cs_ext_sales_price)
|  group by: tpcds_partitioned_parquet_snap.item.i_item_id
|  mem-estimate=10.00MB mem-reservation=2.00MB spill-buffer=64.00KB thread-reservation=0
|  tuple-ids=11 row-size=44B cardinality=444.12K cost=1289082
|  in pipelines: 00(GETNEXT)
|
10:HASH JOIN [INNER JOIN, BROADCAST]
|  hash-table-id=10
|  hash predicates: tpcds_partitioned_parquet_snap.date_dim.d_date = tpcds_partitioned_parquet_snap.date_dim_0.d_date
|  fk/pk conjuncts: none
|  mem-estimate=0B mem-reservation=0B spill-buffer=64.00KB thread-reservation=0
|  tuple-ids=0,2,4,10 row-size=56B cardinality=448.45K cost=1107627488
|  in pipelines: 00(GETNEXT), 44(OPEN)
|
|--F35:PLAN FRAGMENT [RANDOM] hosts=10 instances=10
|  |  Per-Instance Resources: mem-estimate=24.27MB mem-reservation=24.25MB thread-reservation=1 runtime-filters-memory=1.00MB
|  |  max-parallelism=10 segment-costs=[7] cpu-comparison-result=10 [max(10 (self) vs 2 (sum children))]
|  JOIN BUILD
|  |  join-table-id=10 plan-id=11 cohort-id=01
|  |  build expressions: tpcds_partitioned_parquet_snap.date_dim_0.d_date
|  |  runtime filters: RF002[bloom] <- tpcds_partitioned_parquet_snap.date_dim_0.d_date, RF003[min_max] <- tpcds_partitioned_parquet_snap.date_dim_0.d_date
|  |  mem-estimate=23.25MB mem-reservation=23.25MB spill-buffer=64.00KB thread-reservation=0 cost=7
|  |
|  45:EXCHANGE [BROADCAST]
|  |  mem-estimate=16.00KB mem-reservation=0B thread-reservation=0
|  |  tuple-ids=10 row-size=4B cardinality=7 cost=0
|  |  in pipelines: 44(GETNEXT)
|  |
|  F06:PLAN FRAGMENT [HASH(tpcds_partitioned_parquet_snap.date_dim_0.d_date)] hosts=1 instances=1
|  Per-Instance Resources: mem-estimate=10.03MB mem-reservation=1.94MB thread-reservation=1
|  max-parallelism=1 segment-costs=[20, 0] cpu-comparison-result=2 [max(1 (self) vs 2 (sum children))]
|  44:AGGREGATE [FINALIZE]
|  |  group by: tpcds_partitioned_parquet_snap.date_dim_0.d_date
|  |  mem-estimate=10.00MB mem-reservation=1.94MB spill-buffer=64.00KB thread-reservation=0
|  |  tuple-ids=10 row-size=4B cardinality=7 cost=20
|  |  in pipelines: 44(GETNEXT), 05(OPEN)
|  |
|  43:EXCHANGE [HASH(tpcds_partitioned_parquet_snap.date_dim_0.d_date)]
|  |  mem-estimate=16.00KB mem-reservation=0B thread-reservation=0
|  |  tuple-ids=10 row-size=4B cardinality=7 cost=0
|  |  in pipelines: 05(GETNEXT)
|  |
|  F03:PLAN FRAGMENT [RANDOM] hosts=1 instances=1
|  Per-Host Shared Resources: mem-estimate=1.00MB mem-reservation=1.00MB thread-reservation=0 runtime-filters-memory=1.00MB
|  Per-Instance Resources: mem-estimate=26.03MB mem-reservation=2.50MB thread-reservation=1
|  max-parallelism=1 segment-costs=[8438, 5] cpu-comparison-result=2 [max(1 (self) vs 2 (sum children))]
|  09:AGGREGATE [STREAMING]
|  |  group by: tpcds_partitioned_parquet_snap.date_dim_0.d_date
|  |  mem-estimate=10.00MB mem-reservation=2.00MB spill-buffer=64.00KB thread-reservation=0
|  |  tuple-ids=10 row-size=4B cardinality=7 cost=20
|  |  in pipelines: 05(GETNEXT)
|  |
|  08:HASH JOIN [INNER JOIN, BROADCAST]
|  |  hash-table-id=11
|  |  hash predicates: tpcds_partitioned_parquet_snap.date_dim_0.d_week_seq = tpcds_partitioned_parquet_snap.date_dim_1.d_week_seq
|  |  fk/pk conjuncts: none
|  |  mem-estimate=0B mem-reservation=0B spill-buffer=64.00KB thread-reservation=0
|  |  tuple-ids=6,8 row-size=16B cardinality=7 cost=3
|  |  in pipelines: 05(GETNEXT), 07(OPEN)
|  |
|  |--F36:PLAN FRAGMENT [RANDOM] hosts=1 instances=1
|  |  |  Per-Instance Resources: mem-estimate=2.95MB mem-reservation=2.94MB thread-reservation=1 runtime-filters-memory=1.00MB
|  |  |  max-parallelism=1 segment-costs=[1] cpu-comparison-result=2 [max(1 (self) vs 2 (sum children))]
|  |  JOIN BUILD
|  |  |  join-table-id=11 plan-id=12 cohort-id=06
|  |  |  build expressions: tpcds_partitioned_parquet_snap.date_dim_1.d_week_seq
|  |  |  runtime filters: RF008[bloom] <- tpcds_partitioned_parquet_snap.date_dim_1.d_week_seq, RF009[min_max] <- tpcds_partitioned_parquet_snap.date_dim_1.d_week_seq
|  |  |  mem-estimate=1.94MB mem-reservation=1.94MB spill-buffer=64.00KB thread-reservation=0 cost=1
|  |  |
|  |  42:EXCHANGE [BROADCAST]
|  |  |  mem-estimate=16.00KB mem-reservation=0B thread-reservation=0
|  |  |  tuple-ids=8 row-size=8B cardinality=1 cost=0
|  |  |  in pipelines: 07(GETNEXT)
|  |  |
|  |  F05:PLAN FRAGMENT [UNPARTITIONED] hosts=1 instances=1
|  |  Per-Instance Resources: mem-estimate=48.00KB mem-reservation=0B thread-reservation=1
|  |  max-parallelism=1 segment-costs=[0, 0]
|  |  07:CARDINALITY CHECK
|  |  |  limit: 1
|  |  |  mem-estimate=0B mem-reservation=0B thread-reservation=0
|  |  |  tuple-ids=8 row-size=8B cardinality=1 cost=0
|  |  |  in pipelines: 07(GETNEXT), 06(OPEN)
|  |  |
|  |  41:EXCHANGE [UNPARTITIONED]
|  |  |  limit: 2
|  |  |  mem-estimate=16.00KB mem-reservation=0B thread-reservation=0
|  |  |  tuple-ids=8 row-size=8B cardinality=1 cost=0
|  |  |  in pipelines: 06(GETNEXT)
|  |  |
|  |  F04:PLAN FRAGMENT [RANDOM] hosts=1 instances=1
|  |  Per-Instance Resources: mem-estimate=16.05MB mem-reservation=512.00KB thread-reservation=1
|  |  max-parallelism=1 segment-costs=[10468]
|  |  06:SCAN HDFS [tpcds_partitioned_parquet_snap.date_dim, RANDOM]
|  |     HDFS partitions=1/1 files=1 size=2.17MB
|  |     predicates: tpcds_partitioned_parquet_snap.date_dim_1.d_date = DATE '2000-03-26'
|  |     stored statistics:
|  |       table: rows=73.05K size=2.17MB
|  |       columns: all
|  |     extrapolated-rows=disabled max-scan-range-rows=73.05K
|  |     parquet statistics predicates: tpcds_partitioned_parquet_snap.date_dim_1.d_date = DATE '2000-03-26'
|  |     parquet dictionary predicates: tpcds_partitioned_parquet_snap.date_dim_1.d_date = DATE '2000-03-26'
|  |     limit: 2
|  |     mem-estimate=16.00MB mem-reservation=512.00KB thread-reservation=0
|  |     tuple-ids=8 row-size=8B cardinality=1 cost=10467
|  |     in pipelines: 06(GETNEXT)
|  |
|  05:SCAN HDFS [tpcds_partitioned_parquet_snap.date_dim, RANDOM]
|     HDFS partitions=1/1 files=1 size=2.17MB
|     runtime filters: RF009[min_max] -> tpcds_partitioned_parquet_snap.date_dim_0.d_week_seq, RF008[bloom] -> tpcds_partitioned_parquet_snap.date_dim_0.d_week_seq
|     stored statistics:
|       table: rows=73.05K size=2.17MB
|       columns: all
|     extrapolated-rows=disabled max-scan-range-rows=73.05K
|     mem-estimate=16.00MB mem-reservation=512.00KB thread-reservation=0
|     tuple-ids=6 row-size=8B cardinality=7(filtered from 73.05K) cost=8415
|     in pipelines: 05(GETNEXT)
|
04:HASH JOIN [INNER JOIN, BROADCAST]
|  hash-table-id=12
|  hash predicates: tpcds_partitioned_parquet_snap.catalog_sales.cs_sold_date_sk = tpcds_partitioned_parquet_snap.date_dim.d_date_sk
|  fk/pk conjuncts: tpcds_partitioned_parquet_snap.catalog_sales.cs_sold_date_sk = tpcds_partitioned_parquet_snap.date_dim.d_date_sk
|  mem-estimate=0B mem-reservation=0B spill-buffer=256.00KB thread-reservation=0
|  tuple-ids=0,2,4 row-size=52B cardinality=4.32G(filtered from 4.32G) cost=1889953154
|  in pipelines: 00(GETNEXT), 03(OPEN)
|
|--F37:PLAN FRAGMENT [RANDOM] hosts=10 instances=10
|  |  Per-Instance Resources: mem-estimate=57.57MB mem-reservation=57.00MB thread-reservation=1
|  |  max-parallelism=10 segment-costs=[170129]
|  JOIN BUILD
|  |  join-table-id=12 plan-id=13 cohort-id=01
|  |  build expressions: tpcds_partitioned_parquet_snap.date_dim.d_date_sk
|  |  mem-estimate=57.00MB mem-reservation=57.00MB spill-buffer=256.00KB thread-reservation=0 cost=73049
|  |
|  40:EXCHANGE [BROADCAST]
|  |  mem-estimate=582.70KB mem-reservation=0B thread-reservation=0
|  |  tuple-ids=4 row-size=8B cardinality=73.05K cost=97080
|  |  in pipelines: 03(GETNEXT)
|  |
|  F02:PLAN FRAGMENT [RANDOM] hosts=1 instances=1
|  Per-Host Shared Resources: mem-estimate=1.00MB mem-reservation=1.00MB thread-reservation=0 runtime-filters-memory=1.00MB
|  Per-Instance Resources: mem-estimate=16.05MB mem-reservation=1.00MB thread-reservation=1
|  max-parallelism=1 segment-costs=[11570]
|  03:SCAN HDFS [tpcds_partitioned_parquet_snap.date_dim, RANDOM]
|     HDFS partitions=1/1 files=1 size=2.17MB
|     runtime filters: RF003[min_max] -> tpcds_partitioned_parquet_snap.date_dim.d_date, RF002[bloom] -> tpcds_partitioned_parquet_snap.date_dim.d_date
|     stored statistics:
|       table: rows=73.05K size=2.17MB
|       columns: all
|     extrapolated-rows=disabled max-scan-range-rows=73.05K
|     mem-estimate=16.00MB mem-reservation=1.00MB thread-reservation=0
|     tuple-ids=4 row-size=8B cardinality=73.05K cost=8415
|     in pipelines: 03(GETNEXT)
|
02:HASH JOIN [INNER JOIN, BROADCAST]
|  hash-table-id=13
|  hash predicates: tpcds_partitioned_parquet_snap.catalog_sales.cs_item_sk = tpcds_partitioned_parquet_snap.item.i_item_sk
|  fk/pk conjuncts: tpcds_partitioned_parquet_snap.catalog_sales.cs_item_sk = tpcds_partitioned_parquet_snap.item.i_item_sk
|  mem-estimate=0B mem-reservation=0B spill-buffer=2.00MB thread-reservation=0
|  tuple-ids=0,2 row-size=44B cardinality=4.32G(filtered from 4.32G) cost=1889953154
|  in pipelines: 00(GETNEXT), 01(OPEN)
|
|--F38:PLAN FRAGMENT [RANDOM] hosts=10 instances=10
|  |  Per-Instance Resources: mem-estimate=418.14MB mem-reservation=408.00MB thread-reservation=1
|  |  max-parallelism=10 segment-costs=[838440]
|  JOIN BUILD
|  |  join-table-id=13 plan-id=14 cohort-id=01
|  |  build expressions: tpcds_partitioned_parquet_snap.item.i_item_sk
|  |  runtime filters: RF007[min_max] <- tpcds_partitioned_parquet_snap.item.i_item_sk
|  |  mem-estimate=408.00MB mem-reservation=408.00MB spill-buffer=2.00MB thread-reservation=0 cost=360000
|  |
|  39:EXCHANGE [BROADCAST]
|  |  mem-estimate=10.14MB mem-reservation=0B thread-reservation=0
|  |  tuple-ids=2 row-size=32B cardinality=360.00K cost=478440
|  |  in pipelines: 01(GETNEXT)
|  |
|  F01:PLAN FRAGMENT [RANDOM] hosts=4 instances=4
|  Per-Host Shared Resources: mem-estimate=1.00MB mem-reservation=1.00MB thread-reservation=0 runtime-filters-memory=1.00MB
|  Per-Instance Resources: mem-estimate=16.14MB mem-reservation=512.00KB thread-reservation=1
|  max-parallelism=4 segment-costs=[142560]
|  01:SCAN HDFS [tpcds_partitioned_parquet_snap.item, RANDOM]
|     HDFS partitions=1/1 files=1 size=33.54MB
|     runtime filters: RF001[min_max] -> tpcds_partitioned_parquet_snap.item.i_item_id, RF000[bloom] -> tpcds_partitioned_parquet_snap.item.i_item_id
|     stored statistics:
|       table: rows=360.00K size=33.54MB
|       columns: all
|     extrapolated-rows=disabled max-scan-range-rows=101.54K
|     mem-estimate=16.00MB mem-reservation=512.00KB thread-reservation=0
|     tuple-ids=2 row-size=32B cardinality=360.00K cost=103680
|     in pipelines: 01(GETNEXT)
|
00:SCAN HDFS [tpcds_partitioned_parquet_snap.catalog_sales, RANDOM]
   HDFS partitions=1831/1831 files=1831 size=280.96GB
   runtime filters: RF007[min_max] -> tpcds_partitioned_parquet_snap.catalog_sales.cs_item_sk
   stored statistics:
     table: rows=4.32G size=280.96GB
     partitions: 1831/1831 rows=4.32G
     columns: all
   extrapolated-rows=disabled max-scan-range-rows=21.52M
   mem-estimate=16.00MB mem-reservation=1.00MB thread-reservation=0
   tuple-ids=0 row-size=12B cardinality=4.32G(filtered from 4.32G) cost=746509474
   in pipelines: 00(GETNEXT)
====
