# TPCDS-Q23b second of two queries
with frequent_ss_items as
 (select substr(i_item_desc,1,30) itemdesc,i_item_sk item_sk,d_date solddate,count(*) cnt
  from store_sales
      ,date_dim
      ,item
  where ss_sold_date_sk = d_date_sk
    and ss_item_sk = i_item_sk
    and d_year in (2000,2000 + 1,2000 + 2,2000 + 3)
  group by substr(i_item_desc,1,30),i_item_sk,d_date
  having count(*) >4),
 max_store_sales as
 (select max(csales) tpcds_cmax
  from (select c_customer_sk,sum(ss_quantity*ss_sales_price) csales
        from store_sales
            ,customer
            ,date_dim
        where ss_customer_sk = c_customer_sk
         and ss_sold_date_sk = d_date_sk
         and d_year in (2000,2000+1,2000+2,2000+3)
        group by c_customer_sk) x),
 best_ss_customer as
 (select c_customer_sk,sum(ss_quantity*ss_sales_price) ssales
  from store_sales
      ,customer
  where ss_customer_sk = c_customer_sk
  group by c_customer_sk
  having sum(ss_quantity*ss_sales_price) > (95/100.0) * (select
  *
 from max_store_sales))
  select  c_last_name,c_first_name,sales
 from (select c_last_name,c_first_name,sum(cs_quantity*cs_list_price) sales
        from catalog_sales
            ,customer
            ,date_dim
        where d_year = 2000
         and d_moy = 5
         and cs_sold_date_sk = d_date_sk
         and cs_item_sk in (select item_sk from frequent_ss_items)
         and cs_bill_customer_sk in (select c_customer_sk from best_ss_customer)
         and cs_bill_customer_sk = c_customer_sk
       group by c_last_name,c_first_name
      union all
      select c_last_name,c_first_name,sum(ws_quantity*ws_list_price) sales
       from web_sales
           ,customer
           ,date_dim
       where d_year = 2000
         and d_moy = 5
         and ws_sold_date_sk = d_date_sk
         and ws_item_sk in (select item_sk from frequent_ss_items)
         and ws_bill_customer_sk in (select c_customer_sk from best_ss_customer)
         and ws_bill_customer_sk = c_customer_sk
       group by c_last_name,c_first_name) y
     order by c_last_name,c_first_name,sales
  limit 100

# end query 23 in stream 0 using template query23.tpl
---- PLAN
Max Per-Host Resource Reservation: Memory=336.88MB Threads=1
Per-Host Resource Estimates: Memory=58.27GB
F00:PLAN FRAGMENT [UNPARTITIONED] hosts=1 instances=1
|  Per-Instance Resources: mem-estimate=58.27GB mem-reservation=336.88MB thread-reservation=1 runtime-filters-memory=40.00MB
|  max-parallelism=1 segment-costs=[48271564071, 7394305285, 9633860781, 2100000, 525131913, 48271564071, 7394305285, 9633860781, 2100000, 371643786, 496664800, 300]
PLAN-ROOT SINK
|  output exprs: C_LAST_NAME, C_FIRST_NAME, SALES
|  mem-estimate=4.00MB mem-reservation=4.00MB spill-buffer=2.00MB thread-reservation=0 cost=300
|
53:TOP-N [LIMIT=100]
|  order by: C_LAST_NAME ASC NULLS LAST, C_FIRST_NAME ASC NULLS LAST, SALES ASC NULLS LAST
|  mem-estimate=3.91KB mem-reservation=0B thread-reservation=0
|  tuple-ids=55 row-size=40B cardinality=100 cost=496664800
|  in pipelines: 53(GETNEXT), 26(OPEN), 52(OPEN)
|
00:UNION
|  pass-through-operands: all
|  mem-estimate=0B mem-reservation=0B thread-reservation=0
|  tuple-ids=54 row-size=40B cardinality=35.14M cost=0
|  in pipelines: 26(GETNEXT), 52(GETNEXT)
|
|--52:AGGREGATE [FINALIZE]
|  |  output: sum(multiply(CAST(tpcds_partitioned_parquet_snap.web_sales.ws_quantity AS DECIMAL(10,0)), tpcds_partitioned_parquet_snap.web_sales.ws_list_price))
|  |  group by: tpcds_partitioned_parquet_snap.customer_3.c_last_name, tpcds_partitioned_parquet_snap.customer_3.c_first_name
|  |  mem-estimate=614.81MB mem-reservation=34.00MB spill-buffer=2.00MB thread-reservation=0
|  |  tuple-ids=53 row-size=52B cardinality=11.76M cost=69434591
|  |  in pipelines: 52(GETNEXT), 41(OPEN)
|  |
|  51:NESTED LOOP JOIN [INNER JOIN]
|  |  join predicates: sum(multiply(tpcds_partitioned_parquet_snap.store_sales_2.ss_quantity, tpcds_partitioned_parquet_snap.store_sales_2.ss_sales_price)) > multiply(divide(CAST(95 AS DECIMAL(3,0)), CAST(100.0 AS DECIMAL(4,1))), max(sum(multiply(tpcds_partitioned_parquet_snap.store_sales_4.ss_quantity, tpcds_partitioned_parquet_snap.store_sales_4.ss_sales_price))))
|  |  mem-estimate=16B mem-reservation=0B thread-reservation=0
|  |  tuple-ids=36,32,34,31,52 row-size=108B cardinality=11.76M cost=2410318
|  |  in pipelines: 41(GETNEXT), 50(OPEN)
|  |
|  |--50:AGGREGATE [FINALIZE]
|  |  |  output: max(sum(multiply(tpcds_partitioned_parquet_snap.store_sales_4.ss_quantity, tpcds_partitioned_parquet_snap.store_sales_4.ss_sales_price)))
|  |  |  mem-estimate=16.00KB mem-reservation=0B spill-buffer=2.00MB thread-reservation=0
|  |  |  tuple-ids=52 row-size=16B cardinality=1 cost=2100000
|  |  |  in pipelines: 50(GETNEXT), 49(OPEN)
|  |  |
|  |  49:AGGREGATE [FINALIZE]
|  |  |  output: sum(multiply(CAST(tpcds_partitioned_parquet_snap.store_sales_4.ss_quantity AS DECIMAL(10,0)), tpcds_partitioned_parquet_snap.store_sales_4.ss_sales_price))
|  |  |  group by: tpcds_partitioned_parquet_snap.customer_4.c_customer_sk
|  |  |  mem-estimate=915.53MB mem-reservation=34.00MB spill-buffer=2.00MB thread-reservation=0
|  |  |  tuple-ids=51 row-size=20B cardinality=30.00M cost=1959305590
|  |  |  in pipelines: 49(GETNEXT), 44(OPEN)
|  |  |
|  |  48:HASH JOIN [INNER JOIN]
|  |  |  hash predicates: tpcds_partitioned_parquet_snap.store_sales_4.ss_customer_sk = tpcds_partitioned_parquet_snap.customer_4.c_customer_sk
|  |  |  fk/pk conjuncts: tpcds_partitioned_parquet_snap.store_sales_4.ss_customer_sk = tpcds_partitioned_parquet_snap.customer_4.c_customer_sk
|  |  |  runtime filters: RF033[min_max] <- tpcds_partitioned_parquet_snap.customer_4.c_customer_sk
|  |  |  mem-estimate=882.44MB mem-reservation=34.00MB spill-buffer=2.00MB thread-reservation=0
|  |  |  tuple-ids=45,47,49 row-size=28B cardinality=6.43G cost=2992282406
|  |  |  in pipelines: 44(GETNEXT), 47(OPEN)
|  |  |
|  |  |--47:SCAN HDFS [tpcds_partitioned_parquet_snap.customer]
|  |  |     HDFS partitions=1/1 files=1 size=1.55GB
|  |  |     stored statistics:
|  |  |       table: rows=30.00M size=1.55GB
|  |  |       columns: all
|  |  |     extrapolated-rows=disabled max-scan-range-rows=3.10M
|  |  |     mem-estimate=16.00MB mem-reservation=1.00MB thread-reservation=0
|  |  |     tuple-ids=49 row-size=4B cardinality=30.00M cost=1728000
|  |  |     in pipelines: 47(GETNEXT)
|  |  |
|  |  46:HASH JOIN [INNER JOIN]
|  |  |  hash predicates: tpcds_partitioned_parquet_snap.store_sales_4.ss_sold_date_sk = tpcds_partitioned_parquet_snap.date_dim_4.d_date_sk
|  |  |  fk/pk conjuncts: tpcds_partitioned_parquet_snap.store_sales_4.ss_sold_date_sk = tpcds_partitioned_parquet_snap.date_dim_4.d_date_sk
|  |  |  runtime filters: RF034[bloom] <- tpcds_partitioned_parquet_snap.date_dim_4.d_date_sk
|  |  |  mem-estimate=1.94MB mem-reservation=1.94MB spill-buffer=64.00KB thread-reservation=0
|  |  |  tuple-ids=45,47 row-size=24B cardinality=7.01G cost=3066412531
|  |  |  in pipelines: 44(GETNEXT), 45(OPEN)
|  |  |
|  |  |--45:SCAN HDFS [tpcds_partitioned_parquet_snap.date_dim]
|  |  |     HDFS partitions=1/1 files=1 size=2.17MB
|  |  |     predicates: tpcds_partitioned_parquet_snap.date_dim_4.d_year = CAST(2000 AS INT) OR tpcds_partitioned_parquet_snap.date_dim_4.d_year = add(CAST(2000 AS INT), CAST(1 AS INT)) OR tpcds_partitioned_parquet_snap.date_dim_4.d_year = add(CAST(2000 AS INT), CAST(2 AS INT)) OR tpcds_partitioned_parquet_snap.date_dim_4.d_year = add(CAST(2000 AS INT), CAST(3 AS INT))
|  |  |     stored statistics:
|  |  |       table: rows=73.05K size=2.17MB
|  |  |       columns: all
|  |  |     extrapolated-rows=disabled max-scan-range-rows=73.05K
|  |  |     parquet dictionary predicates: tpcds_partitioned_parquet_snap.date_dim_4.d_year = CAST(2000 AS INT) OR tpcds_partitioned_parquet_snap.date_dim_4.d_year = add(CAST(2000 AS INT), CAST(1 AS INT)) OR tpcds_partitioned_parquet_snap.date_dim_4.d_year = add(CAST(2000 AS INT), CAST(2 AS INT)) OR tpcds_partitioned_parquet_snap.date_dim_4.d_year = add(CAST(2000 AS INT), CAST(3 AS INT))
|  |  |     mem-estimate=16.00MB mem-reservation=512.00KB thread-reservation=0
|  |  |     tuple-ids=47 row-size=8B cardinality=1.48K cost=10467
|  |  |     in pipelines: 45(GETNEXT)
|  |  |
|  |  44:SCAN HDFS [tpcds_partitioned_parquet_snap.store_sales]
|  |     HDFS partitions=1824/1824 files=1824 size=389.90GB
|  |     runtime filters: RF033[min_max] -> tpcds_partitioned_parquet_snap.store_sales_4.ss_customer_sk, RF034[bloom] -> tpcds_partitioned_parquet_snap.store_sales_4.ss_sold_date_sk
|  |     stored statistics:
|  |       table: rows=8.64G size=389.90GB
|  |       partitions: 1824/1824 rows=8.64G
|  |       columns: all
|  |     extrapolated-rows=disabled max-scan-range-rows=390.22M est-scan-range=1479(filtered from 1824)
|  |     mem-estimate=16.00MB mem-reservation=8.00MB thread-reservation=0
|  |     tuple-ids=45 row-size=16B cardinality=7.01G(filtered from 8.64G) cost=1614121787
|  |     in pipelines: 44(GETNEXT)
|  |
|  43:HASH JOIN [INNER JOIN]
|  |  hash predicates: tpcds_partitioned_parquet_snap.web_sales.ws_bill_customer_sk = tpcds_partitioned_parquet_snap.customer_2.c_customer_sk
|  |  fk/pk conjuncts: none
|  |  runtime filters: RF019[min_max] <- tpcds_partitioned_parquet_snap.customer_2.c_customer_sk
|  |  mem-estimate=1.31GB mem-reservation=34.00MB spill-buffer=2.00MB thread-reservation=0
|  |  tuple-ids=36,32,34,31 row-size=92B cardinality=11.76M cost=35148836
|  |  in pipelines: 41(GETNEXT), 30(OPEN)
|  |
|  |--30:AGGREGATE [FINALIZE]
|  |  |  output: sum(multiply(CAST(tpcds_partitioned_parquet_snap.store_sales_2.ss_quantity AS DECIMAL(10,0)), tpcds_partitioned_parquet_snap.store_sales_2.ss_sales_price))
|  |  |  group by: tpcds_partitioned_parquet_snap.customer_2.c_customer_sk
|  |  |  mem-estimate=915.53MB mem-reservation=34.00MB spill-buffer=2.00MB thread-reservation=0
|  |  |  tuple-ids=31 row-size=20B cardinality=30.00M cost=2398099308
|  |  |  in pipelines: 30(GETNEXT), 27(OPEN)
|  |  |
|  |  29:HASH JOIN [INNER JOIN]
|  |  |  hash predicates: tpcds_partitioned_parquet_snap.store_sales_2.ss_customer_sk = tpcds_partitioned_parquet_snap.customer_2.c_customer_sk
|  |  |  fk/pk conjuncts: tpcds_partitioned_parquet_snap.store_sales_2.ss_customer_sk = tpcds_partitioned_parquet_snap.customer_2.c_customer_sk
|  |  |  runtime filters: RF031[min_max] <- tpcds_partitioned_parquet_snap.customer_2.c_customer_sk
|  |  |  mem-estimate=882.44MB mem-reservation=34.00MB spill-buffer=2.00MB thread-reservation=0
|  |  |  tuple-ids=27,29 row-size=16B cardinality=7.93G cost=3501497176
|  |  |  in pipelines: 27(GETNEXT), 28(OPEN)
|  |  |
|  |  |--28:SCAN HDFS [tpcds_partitioned_parquet_snap.customer]
|  |  |     HDFS partitions=1/1 files=1 size=1.55GB
|  |  |     stored statistics:
|  |  |       table: rows=30.00M size=1.55GB
|  |  |       columns: all
|  |  |     extrapolated-rows=disabled max-scan-range-rows=3.10M
|  |  |     mem-estimate=16.00MB mem-reservation=1.00MB thread-reservation=0
|  |  |     tuple-ids=29 row-size=4B cardinality=30.00M cost=1728000
|  |  |     in pipelines: 28(GETNEXT)
|  |  |
|  |  27:SCAN HDFS [tpcds_partitioned_parquet_snap.store_sales]
|  |     HDFS partitions=1824/1824 files=1824 size=389.90GB
|  |     runtime filters: RF031[min_max] -> tpcds_partitioned_parquet_snap.store_sales_2.ss_customer_sk
|  |     stored statistics:
|  |       table: rows=8.64G size=389.90GB
|  |       partitions: 1824/1824 rows=8.64G
|  |       columns: all
|  |     extrapolated-rows=disabled max-scan-range-rows=390.22M
|  |     mem-estimate=16.00MB mem-reservation=8.00MB thread-reservation=0
|  |     tuple-ids=27 row-size=12B cardinality=7.93G(filtered from 8.64G) cost=1492980801
|  |     in pipelines: 27(GETNEXT)
|  |
|  42:HASH JOIN [RIGHT SEMI JOIN]
|  |  hash predicates: tpcds_partitioned_parquet_snap.item_0.i_item_sk = tpcds_partitioned_parquet_snap.web_sales.ws_item_sk
|  |  runtime filters: RF020[bloom] <- tpcds_partitioned_parquet_snap.web_sales.ws_item_sk, RF021[min_max] <- tpcds_partitioned_parquet_snap.web_sales.ws_item_sk
|  |  mem-estimate=1.33GB mem-reservation=34.00MB spill-buffer=2.00MB thread-reservation=0
|  |  tuple-ids=36,32,34 row-size=72B cardinality=11.76M cost=193508147
|  |  in pipelines: 41(GETNEXT), 34(OPEN)
|  |
|  |--35:HASH JOIN [INNER JOIN]
|  |  |  hash predicates: tpcds_partitioned_parquet_snap.customer_3.c_customer_sk = tpcds_partitioned_parquet_snap.web_sales.ws_bill_customer_sk
|  |  |  fk/pk conjuncts: tpcds_partitioned_parquet_snap.customer_3.c_customer_sk = tpcds_partitioned_parquet_snap.web_sales.ws_bill_customer_sk
|  |  |  runtime filters: RF026[bloom] <- tpcds_partitioned_parquet_snap.web_sales.ws_bill_customer_sk, RF027[min_max] <- tpcds_partitioned_parquet_snap.web_sales.ws_bill_customer_sk
|  |  |  mem-estimate=774.30MB mem-reservation=34.00MB spill-buffer=2.00MB thread-reservation=0
|  |  |  tuple-ids=36,32,34 row-size=72B cardinality=11.77M cost=18202328
|  |  |  in pipelines: 34(GETNEXT), 31(OPEN)
|  |  |
|  |  |--33:HASH JOIN [INNER JOIN]
|  |  |  |  hash predicates: tpcds_partitioned_parquet_snap.web_sales.ws_sold_date_sk = tpcds_partitioned_parquet_snap.date_dim_2.d_date_sk
|  |  |  |  fk/pk conjuncts: tpcds_partitioned_parquet_snap.web_sales.ws_sold_date_sk = tpcds_partitioned_parquet_snap.date_dim_2.d_date_sk
|  |  |  |  runtime filters: RF028[bloom] <- tpcds_partitioned_parquet_snap.date_dim_2.d_date_sk
|  |  |  |  mem-estimate=1.94MB mem-reservation=1.94MB spill-buffer=64.00KB thread-reservation=0
|  |  |  |  tuple-ids=32,34 row-size=32B cardinality=12.79M cost=5597978
|  |  |  |  in pipelines: 31(GETNEXT), 32(OPEN)
|  |  |  |
|  |  |  |--32:SCAN HDFS [tpcds_partitioned_parquet_snap.date_dim]
|  |  |  |     HDFS partitions=1/1 files=1 size=2.17MB
|  |  |  |     predicates: tpcds_partitioned_parquet_snap.date_dim_2.d_year = CAST(2000 AS INT), tpcds_partitioned_parquet_snap.date_dim_2.d_moy = CAST(5 AS INT)
|  |  |  |     stored statistics:
|  |  |  |       table: rows=73.05K size=2.17MB
|  |  |  |       columns: all
|  |  |  |     extrapolated-rows=disabled max-scan-range-rows=73.05K
|  |  |  |     parquet statistics predicates: tpcds_partitioned_parquet_snap.date_dim_2.d_year = CAST(2000 AS INT), tpcds_partitioned_parquet_snap.date_dim_2.d_moy = CAST(5 AS INT)
|  |  |  |     parquet dictionary predicates: tpcds_partitioned_parquet_snap.date_dim_2.d_year = CAST(2000 AS INT), tpcds_partitioned_parquet_snap.date_dim_2.d_moy = CAST(5 AS INT)
|  |  |  |     mem-estimate=16.00MB mem-reservation=512.00KB thread-reservation=0
|  |  |  |     tuple-ids=34 row-size=12B cardinality=108 cost=16728
|  |  |  |     in pipelines: 32(GETNEXT)
|  |  |  |
|  |  |  31:SCAN HDFS [tpcds_partitioned_parquet_snap.web_sales]
|  |  |     HDFS partitions=1824/1824 files=1824 size=145.75GB
|  |  |     predicates: is_not_null_pred(tpcds_partitioned_parquet_snap.web_sales.ws_item_sk)
|  |  |     runtime filters: RF019[min_max] -> tpcds_partitioned_parquet_snap.web_sales.ws_bill_customer_sk, RF028[bloom] -> tpcds_partitioned_parquet_snap.web_sales.ws_sold_date_sk
|  |  |     stored statistics:
|  |  |       table: rows=2.16G size=145.75GB
|  |  |       partitions: 1824/1824 rows=2.16G
|  |  |       columns: all
|  |  |     extrapolated-rows=disabled max-scan-range-rows=3.37M est-scan-range=109(filtered from 1824)
|  |  |     parquet dictionary predicates: is_not_null_pred(tpcds_partitioned_parquet_snap.web_sales.ws_item_sk)
|  |  |     mem-estimate=16.00MB mem-reservation=128.00KB thread-reservation=0
|  |  |     tuple-ids=32 row-size=20B cardinality=12.79M(filtered from 216.00M) cost=40426927
|  |  |     in pipelines: 31(GETNEXT)
|  |  |
|  |  34:SCAN HDFS [tpcds_partitioned_parquet_snap.customer]
|  |     HDFS partitions=1/1 files=1 size=1.55GB
|  |     runtime filters: RF027[min_max] -> tpcds_partitioned_parquet_snap.customer_3.c_customer_sk, RF019[min_max] -> tpcds_partitioned_parquet_snap.customer_3.c_customer_sk, RF026[bloom] -> tpcds_partitioned_parquet_snap.customer_3.c_customer_sk
|  |     stored statistics:
|  |       table: rows=30.00M size=1.55GB
|  |       columns: all
|  |     extrapolated-rows=disabled max-scan-range-rows=3.10M
|  |     mem-estimate=16.00MB mem-reservation=1.00MB thread-reservation=0
|  |     tuple-ids=36 row-size=40B cardinality=12.79M(filtered from 30.00M) cost=6897933
|  |     in pipelines: 34(GETNEXT)
|  |
|  41:AGGREGATE [FINALIZE]
|  |  output: count()
|  |  group by: substr(tpcds_partitioned_parquet_snap.item_0.i_item_desc, CAST(1 AS BIGINT), CAST(30 AS BIGINT)), tpcds_partitioned_parquet_snap.item_0.i_item_sk, tpcds_partitioned_parquet_snap.date_dim_3.d_date
|  |  having: count() > CAST(4 AS BIGINT)
|  |  mem-estimate=50.00GB mem-reservation=34.00MB spill-buffer=2.00MB thread-reservation=0
|  |  tuple-ids=44 row-size=28B cardinality=700.22M cost=41331397080
|  |  in pipelines: 41(GETNEXT), 36(OPEN)
|  |
|  40:HASH JOIN [INNER JOIN]
|  |  hash predicates: tpcds_partitioned_parquet_snap.store_sales_3.ss_item_sk = tpcds_partitioned_parquet_snap.item_0.i_item_sk
|  |  fk/pk conjuncts: tpcds_partitioned_parquet_snap.store_sales_3.ss_item_sk = tpcds_partitioned_parquet_snap.item_0.i_item_sk
|  |  runtime filters: RF023[min_max] <- tpcds_partitioned_parquet_snap.item_0.i_item_sk
|  |  mem-estimate=52.03MB mem-reservation=34.00MB spill-buffer=2.00MB thread-reservation=0
|  |  tuple-ids=38,40,42 row-size=137B cardinality=7.00G cost=3066136649
|  |  in pipelines: 36(GETNEXT), 39(OPEN)
|  |
|  |--39:SCAN HDFS [tpcds_partitioned_parquet_snap.item]
|  |     HDFS partitions=1/1 files=1 size=33.54MB
|  |     runtime filters: RF021[min_max] -> tpcds_partitioned_parquet_snap.item_0.i_item_sk, RF020[bloom] -> tpcds_partitioned_parquet_snap.item_0.i_item_sk
|  |     stored statistics:
|  |       table: rows=360.00K size=33.54MB
|  |       columns: all
|  |     extrapolated-rows=disabled max-scan-range-rows=101.54K
|  |     mem-estimate=16.00MB mem-reservation=512.00KB thread-reservation=0
|  |     tuple-ids=42 row-size=117B cardinality=360.00K cost=542243
|  |     in pipelines: 39(GETNEXT)
|  |
|  38:HASH JOIN [INNER JOIN]
|  |  hash predicates: tpcds_partitioned_parquet_snap.store_sales_3.ss_sold_date_sk = tpcds_partitioned_parquet_snap.date_dim_3.d_date_sk
|  |  fk/pk conjuncts: tpcds_partitioned_parquet_snap.store_sales_3.ss_sold_date_sk = tpcds_partitioned_parquet_snap.date_dim_3.d_date_sk
|  |  runtime filters: RF024[bloom] <- tpcds_partitioned_parquet_snap.date_dim_3.d_date_sk
|  |  mem-estimate=1.94MB mem-reservation=1.94MB spill-buffer=64.00KB thread-reservation=0
|  |  tuple-ids=38,40 row-size=20B cardinality=7.01G cost=3066412531
|  |  in pipelines: 36(GETNEXT), 37(OPEN)
|  |
|  |--37:SCAN HDFS [tpcds_partitioned_parquet_snap.date_dim]
|  |     HDFS partitions=1/1 files=1 size=2.17MB
|  |     predicates: tpcds_partitioned_parquet_snap.date_dim_3.d_year = CAST(2000 AS INT) OR tpcds_partitioned_parquet_snap.date_dim_3.d_year = add(CAST(2000 AS INT), CAST(1 AS INT)) OR tpcds_partitioned_parquet_snap.date_dim_3.d_year = add(CAST(2000 AS INT), CAST(2 AS INT)) OR tpcds_partitioned_parquet_snap.date_dim_3.d_year = add(CAST(2000 AS INT), CAST(3 AS INT))
|  |     stored statistics:
|  |       table: rows=73.05K size=2.17MB
|  |       columns: all
|  |     extrapolated-rows=disabled max-scan-range-rows=73.05K
|  |     parquet dictionary predicates: tpcds_partitioned_parquet_snap.date_dim_3.d_year = CAST(2000 AS INT) OR tpcds_partitioned_parquet_snap.date_dim_3.d_year = add(CAST(2000 AS INT), CAST(1 AS INT)) OR tpcds_partitioned_parquet_snap.date_dim_3.d_year = add(CAST(2000 AS INT), CAST(2 AS INT)) OR tpcds_partitioned_parquet_snap.date_dim_3.d_year = add(CAST(2000 AS INT), CAST(3 AS INT))
|  |     mem-estimate=16.00MB mem-reservation=1.00MB thread-reservation=0
|  |     tuple-ids=40 row-size=12B cardinality=1.48K cost=14675
|  |     in pipelines: 37(GETNEXT)
|  |
|  36:SCAN HDFS [tpcds_partitioned_parquet_snap.store_sales]
|     HDFS partitions=1824/1824 files=1824 size=389.90GB
|     runtime filters: RF021[min_max] -> tpcds_partitioned_parquet_snap.store_sales_3.ss_item_sk, RF023[min_max] -> tpcds_partitioned_parquet_snap.store_sales_3.ss_item_sk, RF020[bloom] -> tpcds_partitioned_parquet_snap.store_sales_3.ss_item_sk, RF024[bloom] -> tpcds_partitioned_parquet_snap.store_sales_3.ss_sold_date_sk
|     stored statistics:
|       table: rows=8.64G size=389.90GB
|       partitions: 1824/1824 rows=8.64G
|       columns: all
|     extrapolated-rows=disabled max-scan-range-rows=390.22M est-scan-range=1479(filtered from 1824)
|     mem-estimate=16.00MB mem-reservation=4.00MB thread-reservation=0
|     tuple-ids=38 row-size=8B cardinality=7.01G(filtered from 8.64G) cost=807060893
|     in pipelines: 36(GETNEXT)
|
26:AGGREGATE [FINALIZE]
|  output: sum(multiply(CAST(tpcds_partitioned_parquet_snap.catalog_sales.cs_quantity AS DECIMAL(10,0)), tpcds_partitioned_parquet_snap.catalog_sales.cs_list_price))
|  group by: tpcds_partitioned_parquet_snap.customer_0.c_last_name, tpcds_partitioned_parquet_snap.customer_0.c_first_name
|  mem-estimate=969.13MB mem-reservation=34.00MB spill-buffer=2.00MB thread-reservation=0
|  tuple-ids=26 row-size=52B cardinality=23.38M cost=138001259
|  in pipelines: 26(GETNEXT), 15(OPEN)
|
25:NESTED LOOP JOIN [INNER JOIN]
|  join predicates: sum(multiply(tpcds_partitioned_parquet_snap.store_sales.ss_quantity, tpcds_partitioned_parquet_snap.store_sales.ss_sales_price)) > multiply(divide(CAST(95 AS DECIMAL(3,0)), CAST(100.0 AS DECIMAL(4,1))), max(sum(multiply(tpcds_partitioned_parquet_snap.store_sales_1.ss_quantity, tpcds_partitioned_parquet_snap.store_sales_1.ss_sales_price))))
|  mem-estimate=16B mem-reservation=0B thread-reservation=0
|  tuple-ids=9,5,7,4,25 row-size=108B cardinality=23.38M cost=4790508
|  in pipelines: 15(GETNEXT), 24(OPEN)
|
|--24:AGGREGATE [FINALIZE]
|  |  output: max(sum(multiply(tpcds_partitioned_parquet_snap.store_sales_1.ss_quantity, tpcds_partitioned_parquet_snap.store_sales_1.ss_sales_price)))
|  |  mem-estimate=16.00KB mem-reservation=0B spill-buffer=2.00MB thread-reservation=0
|  |  tuple-ids=25 row-size=16B cardinality=1 cost=2100000
|  |  in pipelines: 24(GETNEXT), 23(OPEN)
|  |
|  23:AGGREGATE [FINALIZE]
|  |  output: sum(multiply(CAST(tpcds_partitioned_parquet_snap.store_sales_1.ss_quantity AS DECIMAL(10,0)), tpcds_partitioned_parquet_snap.store_sales_1.ss_sales_price))
|  |  group by: tpcds_partitioned_parquet_snap.customer_1.c_customer_sk
|  |  mem-estimate=915.53MB mem-reservation=34.00MB spill-buffer=2.00MB thread-reservation=0
|  |  tuple-ids=24 row-size=20B cardinality=30.00M cost=1959305590
|  |  in pipelines: 23(GETNEXT), 18(OPEN)
|  |
|  22:HASH JOIN [INNER JOIN]
|  |  hash predicates: tpcds_partitioned_parquet_snap.store_sales_1.ss_customer_sk = tpcds_partitioned_parquet_snap.customer_1.c_customer_sk
|  |  fk/pk conjuncts: tpcds_partitioned_parquet_snap.store_sales_1.ss_customer_sk = tpcds_partitioned_parquet_snap.customer_1.c_customer_sk
|  |  runtime filters: RF015[min_max] <- tpcds_partitioned_parquet_snap.customer_1.c_customer_sk
|  |  mem-estimate=882.44MB mem-reservation=34.00MB spill-buffer=2.00MB thread-reservation=0
|  |  tuple-ids=18,20,22 row-size=28B cardinality=6.43G cost=2992282406
|  |  in pipelines: 18(GETNEXT), 21(OPEN)
|  |
|  |--21:SCAN HDFS [tpcds_partitioned_parquet_snap.customer]
|  |     HDFS partitions=1/1 files=1 size=1.55GB
|  |     stored statistics:
|  |       table: rows=30.00M size=1.55GB
|  |       columns: all
|  |     extrapolated-rows=disabled max-scan-range-rows=3.10M
|  |     mem-estimate=16.00MB mem-reservation=1.00MB thread-reservation=0
|  |     tuple-ids=22 row-size=4B cardinality=30.00M cost=1728000
|  |     in pipelines: 21(GETNEXT)
|  |
|  20:HASH JOIN [INNER JOIN]
|  |  hash predicates: tpcds_partitioned_parquet_snap.store_sales_1.ss_sold_date_sk = tpcds_partitioned_parquet_snap.date_dim_1.d_date_sk
|  |  fk/pk conjuncts: tpcds_partitioned_parquet_snap.store_sales_1.ss_sold_date_sk = tpcds_partitioned_parquet_snap.date_dim_1.d_date_sk
|  |  runtime filters: RF016[bloom] <- tpcds_partitioned_parquet_snap.date_dim_1.d_date_sk
|  |  mem-estimate=1.94MB mem-reservation=1.94MB spill-buffer=64.00KB thread-reservation=0
|  |  tuple-ids=18,20 row-size=24B cardinality=7.01G cost=3066412531
|  |  in pipelines: 18(GETNEXT), 19(OPEN)
|  |
|  |--19:SCAN HDFS [tpcds_partitioned_parquet_snap.date_dim]
|  |     HDFS partitions=1/1 files=1 size=2.17MB
|  |     predicates: tpcds_partitioned_parquet_snap.date_dim_1.d_year = CAST(2000 AS INT) OR tpcds_partitioned_parquet_snap.date_dim_1.d_year = add(CAST(2000 AS INT), CAST(1 AS INT)) OR tpcds_partitioned_parquet_snap.date_dim_1.d_year = add(CAST(2000 AS INT), CAST(2 AS INT)) OR tpcds_partitioned_parquet_snap.date_dim_1.d_year = add(CAST(2000 AS INT), CAST(3 AS INT))
|  |     stored statistics:
|  |       table: rows=73.05K size=2.17MB
|  |       columns: all
|  |     extrapolated-rows=disabled max-scan-range-rows=73.05K
|  |     parquet dictionary predicates: tpcds_partitioned_parquet_snap.date_dim_1.d_year = CAST(2000 AS INT) OR tpcds_partitioned_parquet_snap.date_dim_1.d_year = add(CAST(2000 AS INT), CAST(1 AS INT)) OR tpcds_partitioned_parquet_snap.date_dim_1.d_year = add(CAST(2000 AS INT), CAST(2 AS INT)) OR tpcds_partitioned_parquet_snap.date_dim_1.d_year = add(CAST(2000 AS INT), CAST(3 AS INT))
|  |     mem-estimate=16.00MB mem-reservation=512.00KB thread-reservation=0
|  |     tuple-ids=20 row-size=8B cardinality=1.48K cost=10467
|  |     in pipelines: 19(GETNEXT)
|  |
|  18:SCAN HDFS [tpcds_partitioned_parquet_snap.store_sales]
|     HDFS partitions=1824/1824 files=1824 size=389.90GB
|     runtime filters: RF015[min_max] -> tpcds_partitioned_parquet_snap.store_sales_1.ss_customer_sk, RF016[bloom] -> tpcds_partitioned_parquet_snap.store_sales_1.ss_sold_date_sk
|     stored statistics:
|       table: rows=8.64G size=389.90GB
|       partitions: 1824/1824 rows=8.64G
|       columns: all
|     extrapolated-rows=disabled max-scan-range-rows=390.22M est-scan-range=1479(filtered from 1824)
|     mem-estimate=16.00MB mem-reservation=8.00MB thread-reservation=0
|     tuple-ids=18 row-size=16B cardinality=7.01G(filtered from 8.64G) cost=1614121787
|     in pipelines: 18(GETNEXT)
|
17:HASH JOIN [INNER JOIN]
|  hash predicates: tpcds_partitioned_parquet_snap.catalog_sales.cs_bill_customer_sk = tpcds_partitioned_parquet_snap.customer.c_customer_sk
|  fk/pk conjuncts: none
|  runtime filters: RF001[min_max] <- tpcds_partitioned_parquet_snap.customer.c_customer_sk
|  mem-estimate=1.31GB mem-reservation=34.00MB spill-buffer=2.00MB thread-reservation=0
|  tuple-ids=9,5,7,4 row-size=92B cardinality=23.38M cost=40233312
|  in pipelines: 15(GETNEXT), 04(OPEN)
|
|--04:AGGREGATE [FINALIZE]
|  |  output: sum(multiply(CAST(tpcds_partitioned_parquet_snap.store_sales.ss_quantity AS DECIMAL(10,0)), tpcds_partitioned_parquet_snap.store_sales.ss_sales_price))
|  |  group by: tpcds_partitioned_parquet_snap.customer.c_customer_sk
|  |  mem-estimate=915.53MB mem-reservation=34.00MB spill-buffer=2.00MB thread-reservation=0
|  |  tuple-ids=4 row-size=20B cardinality=30.00M cost=2398099308
|  |  in pipelines: 04(GETNEXT), 01(OPEN)
|  |
|  03:HASH JOIN [INNER JOIN]
|  |  hash predicates: tpcds_partitioned_parquet_snap.store_sales.ss_customer_sk = tpcds_partitioned_parquet_snap.customer.c_customer_sk
|  |  fk/pk conjuncts: tpcds_partitioned_parquet_snap.store_sales.ss_customer_sk = tpcds_partitioned_parquet_snap.customer.c_customer_sk
|  |  runtime filters: RF013[min_max] <- tpcds_partitioned_parquet_snap.customer.c_customer_sk
|  |  mem-estimate=882.44MB mem-reservation=34.00MB spill-buffer=2.00MB thread-reservation=0
|  |  tuple-ids=0,2 row-size=16B cardinality=7.93G cost=3501497176
|  |  in pipelines: 01(GETNEXT), 02(OPEN)
|  |
|  |--02:SCAN HDFS [tpcds_partitioned_parquet_snap.customer]
|  |     HDFS partitions=1/1 files=1 size=1.55GB
|  |     stored statistics:
|  |       table: rows=30.00M size=1.55GB
|  |       columns: all
|  |     extrapolated-rows=disabled max-scan-range-rows=3.10M
|  |     mem-estimate=16.00MB mem-reservation=1.00MB thread-reservation=0
|  |     tuple-ids=2 row-size=4B cardinality=30.00M cost=1728000
|  |     in pipelines: 02(GETNEXT)
|  |
|  01:SCAN HDFS [tpcds_partitioned_parquet_snap.store_sales]
|     HDFS partitions=1824/1824 files=1824 size=389.90GB
|     runtime filters: RF013[min_max] -> tpcds_partitioned_parquet_snap.store_sales.ss_customer_sk
|     stored statistics:
|       table: rows=8.64G size=389.90GB
|       partitions: 1824/1824 rows=8.64G
|       columns: all
|     extrapolated-rows=disabled max-scan-range-rows=390.22M
|     mem-estimate=16.00MB mem-reservation=8.00MB thread-reservation=0
|     tuple-ids=0 row-size=12B cardinality=7.93G(filtered from 8.64G) cost=1492980801
|     in pipelines: 01(GETNEXT)
|
16:HASH JOIN [RIGHT SEMI JOIN]
|  hash predicates: tpcds_partitioned_parquet_snap.item.i_item_sk = tpcds_partitioned_parquet_snap.catalog_sales.cs_item_sk
|  runtime filters: RF002[bloom] <- tpcds_partitioned_parquet_snap.catalog_sales.cs_item_sk, RF003[min_max] <- tpcds_partitioned_parquet_snap.catalog_sales.cs_item_sk
|  mem-estimate=2.66GB mem-reservation=34.00MB spill-buffer=2.00MB thread-reservation=0
|  tuple-ids=9,5,7 row-size=72B cardinality=23.38M cost=207235188
|  in pipelines: 15(GETNEXT), 08(OPEN)
|
|--09:HASH JOIN [INNER JOIN]
|  |  hash predicates: tpcds_partitioned_parquet_snap.customer_0.c_customer_sk = tpcds_partitioned_parquet_snap.catalog_sales.cs_bill_customer_sk
|  |  fk/pk conjuncts: tpcds_partitioned_parquet_snap.customer_0.c_customer_sk = tpcds_partitioned_parquet_snap.catalog_sales.cs_bill_customer_sk
|  |  runtime filters: RF008[bloom] <- tpcds_partitioned_parquet_snap.catalog_sales.cs_bill_customer_sk, RF009[min_max] <- tpcds_partitioned_parquet_snap.catalog_sales.cs_bill_customer_sk
|  |  mem-estimate=1.51GB mem-reservation=34.00MB spill-buffer=2.00MB thread-reservation=0
|  |  tuple-ids=9,5,7 row-size=72B cardinality=23.39M cost=36256180
|  |  in pipelines: 08(GETNEXT), 05(OPEN)
|  |
|  |--07:HASH JOIN [INNER JOIN]
|  |  |  hash predicates: tpcds_partitioned_parquet_snap.catalog_sales.cs_sold_date_sk = tpcds_partitioned_parquet_snap.date_dim.d_date_sk
|  |  |  fk/pk conjuncts: tpcds_partitioned_parquet_snap.catalog_sales.cs_sold_date_sk = tpcds_partitioned_parquet_snap.date_dim.d_date_sk
|  |  |  runtime filters: RF010[bloom] <- tpcds_partitioned_parquet_snap.date_dim.d_date_sk
|  |  |  mem-estimate=1.94MB mem-reservation=1.94MB spill-buffer=64.00KB thread-reservation=0
|  |  |  tuple-ids=5,7 row-size=32B cardinality=25.48M cost=11153412
|  |  |  in pipelines: 05(GETNEXT), 06(OPEN)
|  |  |
|  |  |--06:SCAN HDFS [tpcds_partitioned_parquet_snap.date_dim]
|  |  |     HDFS partitions=1/1 files=1 size=2.17MB
|  |  |     predicates: tpcds_partitioned_parquet_snap.date_dim.d_year = CAST(2000 AS INT), tpcds_partitioned_parquet_snap.date_dim.d_moy = CAST(5 AS INT)
|  |  |     stored statistics:
|  |  |       table: rows=73.05K size=2.17MB
|  |  |       columns: all
|  |  |     extrapolated-rows=disabled max-scan-range-rows=73.05K
|  |  |     parquet statistics predicates: tpcds_partitioned_parquet_snap.date_dim.d_year = CAST(2000 AS INT), tpcds_partitioned_parquet_snap.date_dim.d_moy = CAST(5 AS INT)
|  |  |     parquet dictionary predicates: tpcds_partitioned_parquet_snap.date_dim.d_year = CAST(2000 AS INT), tpcds_partitioned_parquet_snap.date_dim.d_moy = CAST(5 AS INT)
|  |  |     mem-estimate=16.00MB mem-reservation=512.00KB thread-reservation=0
|  |  |     tuple-ids=7 row-size=12B cardinality=108 cost=16728
|  |  |     in pipelines: 06(GETNEXT)
|  |  |
|  |  05:SCAN HDFS [tpcds_partitioned_parquet_snap.catalog_sales]
|  |     HDFS partitions=1831/1831 files=1831 size=280.96GB
|  |     predicates: is_not_null_pred(tpcds_partitioned_parquet_snap.catalog_sales.cs_item_sk)
|  |     runtime filters: RF001[min_max] -> tpcds_partitioned_parquet_snap.catalog_sales.cs_bill_customer_sk, RF010[bloom] -> tpcds_partitioned_parquet_snap.catalog_sales.cs_sold_date_sk
|  |     stored statistics:
|  |       table: rows=4.32G size=280.96GB
|  |       partitions: 1831/1831 rows=4.32G
|  |       columns: all
|  |     extrapolated-rows=disabled max-scan-range-rows=21.52M est-scan-range=109(filtered from 1831)
|  |     parquet dictionary predicates: is_not_null_pred(tpcds_partitioned_parquet_snap.catalog_sales.cs_item_sk)
|  |     mem-estimate=16.00MB mem-reservation=1.00MB thread-reservation=0
|  |     tuple-ids=5 row-size=20B cardinality=25.48M(filtered from 432.01M) cost=80547393
|  |     in pipelines: 05(GETNEXT)
|  |
|  08:SCAN HDFS [tpcds_partitioned_parquet_snap.customer]
|     HDFS partitions=1/1 files=1 size=1.55GB
|     runtime filters: RF009[min_max] -> tpcds_partitioned_parquet_snap.customer_0.c_customer_sk, RF001[min_max] -> tpcds_partitioned_parquet_snap.customer_0.c_customer_sk, RF008[bloom] -> tpcds_partitioned_parquet_snap.customer_0.c_customer_sk
|     stored statistics:
|       table: rows=30.00M size=1.55GB
|       columns: all
|     extrapolated-rows=disabled max-scan-range-rows=3.10M
|     mem-estimate=16.00MB mem-reservation=1.00MB thread-reservation=0
|     tuple-ids=9 row-size=40B cardinality=25.48M(filtered from 30.00M) cost=6897933
|     in pipelines: 08(GETNEXT)
|
15:AGGREGATE [FINALIZE]
|  output: count()
|  group by: substr(tpcds_partitioned_parquet_snap.item.i_item_desc, CAST(1 AS BIGINT), CAST(30 AS BIGINT)), tpcds_partitioned_parquet_snap.item.i_item_sk, tpcds_partitioned_parquet_snap.date_dim_0.d_date
|  having: count() > CAST(4 AS BIGINT)
|  mem-estimate=50.00GB mem-reservation=34.00MB spill-buffer=2.00MB thread-reservation=0
|  tuple-ids=17 row-size=28B cardinality=700.22M cost=41331397080
|  in pipelines: 15(GETNEXT), 10(OPEN)
|
14:HASH JOIN [INNER JOIN]
|  hash predicates: tpcds_partitioned_parquet_snap.store_sales_0.ss_item_sk = tpcds_partitioned_parquet_snap.item.i_item_sk
|  fk/pk conjuncts: tpcds_partitioned_parquet_snap.store_sales_0.ss_item_sk = tpcds_partitioned_parquet_snap.item.i_item_sk
|  runtime filters: RF005[min_max] <- tpcds_partitioned_parquet_snap.item.i_item_sk
|  mem-estimate=52.03MB mem-reservation=34.00MB spill-buffer=2.00MB thread-reservation=0
|  tuple-ids=11,13,15 row-size=137B cardinality=7.00G cost=3066136649
|  in pipelines: 10(GETNEXT), 13(OPEN)
|
|--13:SCAN HDFS [tpcds_partitioned_parquet_snap.item]
|     HDFS partitions=1/1 files=1 size=33.54MB
|     runtime filters: RF003[min_max] -> tpcds_partitioned_parquet_snap.item.i_item_sk, RF002[bloom] -> tpcds_partitioned_parquet_snap.item.i_item_sk
|     stored statistics:
|       table: rows=360.00K size=33.54MB
|       columns: all
|     extrapolated-rows=disabled max-scan-range-rows=101.54K
|     mem-estimate=16.00MB mem-reservation=512.00KB thread-reservation=0
|     tuple-ids=15 row-size=117B cardinality=360.00K cost=542243
|     in pipelines: 13(GETNEXT)
|
12:HASH JOIN [INNER JOIN]
|  hash predicates: tpcds_partitioned_parquet_snap.store_sales_0.ss_sold_date_sk = tpcds_partitioned_parquet_snap.date_dim_0.d_date_sk
|  fk/pk conjuncts: tpcds_partitioned_parquet_snap.store_sales_0.ss_sold_date_sk = tpcds_partitioned_parquet_snap.date_dim_0.d_date_sk
|  runtime filters: RF006[bloom] <- tpcds_partitioned_parquet_snap.date_dim_0.d_date_sk
|  mem-estimate=1.94MB mem-reservation=1.94MB spill-buffer=64.00KB thread-reservation=0
|  tuple-ids=11,13 row-size=20B cardinality=7.01G cost=3066412531
|  in pipelines: 10(GETNEXT), 11(OPEN)
|
|--11:SCAN HDFS [tpcds_partitioned_parquet_snap.date_dim]
|     HDFS partitions=1/1 files=1 size=2.17MB
|     predicates: tpcds_partitioned_parquet_snap.date_dim_0.d_year = CAST(2000 AS INT) OR tpcds_partitioned_parquet_snap.date_dim_0.d_year = add(CAST(2000 AS INT), CAST(1 AS INT)) OR tpcds_partitioned_parquet_snap.date_dim_0.d_year = add(CAST(2000 AS INT), CAST(2 AS INT)) OR tpcds_partitioned_parquet_snap.date_dim_0.d_year = add(CAST(2000 AS INT), CAST(3 AS INT))
|     stored statistics:
|       table: rows=73.05K size=2.17MB
|       columns: all
|     extrapolated-rows=disabled max-scan-range-rows=73.05K
|     parquet dictionary predicates: tpcds_partitioned_parquet_snap.date_dim_0.d_year = CAST(2000 AS INT) OR tpcds_partitioned_parquet_snap.date_dim_0.d_year = add(CAST(2000 AS INT), CAST(1 AS INT)) OR tpcds_partitioned_parquet_snap.date_dim_0.d_year = add(CAST(2000 AS INT), CAST(2 AS INT)) OR tpcds_partitioned_parquet_snap.date_dim_0.d_year = add(CAST(2000 AS INT), CAST(3 AS INT))
|     mem-estimate=16.00MB mem-reservation=1.00MB thread-reservation=0
|     tuple-ids=13 row-size=12B cardinality=1.48K cost=14675
|     in pipelines: 11(GETNEXT)
|
10:SCAN HDFS [tpcds_partitioned_parquet_snap.store_sales]
   HDFS partitions=1824/1824 files=1824 size=389.90GB
   runtime filters: RF003[min_max] -> tpcds_partitioned_parquet_snap.store_sales_0.ss_item_sk, RF005[min_max] -> tpcds_partitioned_parquet_snap.store_sales_0.ss_item_sk, RF002[bloom] -> tpcds_partitioned_parquet_snap.store_sales_0.ss_item_sk, RF006[bloom] -> tpcds_partitioned_parquet_snap.store_sales_0.ss_sold_date_sk
   stored statistics:
     table: rows=8.64G size=389.90GB
     partitions: 1824/1824 rows=8.64G
     columns: all
   extrapolated-rows=disabled max-scan-range-rows=390.22M est-scan-range=1479(filtered from 1824)
   mem-estimate=16.00MB mem-reservation=4.00MB thread-reservation=0
   tuple-ids=11 row-size=8B cardinality=7.01G(filtered from 8.64G) cost=807060893
   in pipelines: 10(GETNEXT)
---- DISTRIBUTEDPLAN
Max Per-Host Resource Reservation: Memory=7.26GB Threads=168
Per-Host Resource Estimates: Memory=92.58GB
F37:PLAN FRAGMENT [UNPARTITIONED] hosts=1 instances=1
|  Per-Instance Resources: mem-estimate=4.08MB mem-reservation=4.00MB thread-reservation=1
|  max-parallelism=1 segment-costs=[333] cpu-comparison-result=850 [max(1 (self) vs 850 (sum children))]
PLAN-ROOT SINK
|  output exprs: C_LAST_NAME, C_FIRST_NAME, SALES
|  mem-estimate=4.00MB mem-reservation=4.00MB spill-buffer=2.00MB thread-reservation=0 cost=300
|
98:MERGING-EXCHANGE [UNPARTITIONED]
|  order by: C_LAST_NAME ASC NULLS LAST, C_FIRST_NAME ASC NULLS LAST, SALES ASC NULLS LAST
|  limit: 100
|  mem-estimate=86.33KB mem-reservation=0B thread-reservation=0
|  tuple-ids=55 row-size=40B cardinality=100 cost=33
|  in pipelines: 53(GETNEXT)
|
F36:PLAN FRAGMENT [RANDOM] hosts=10 instances=20 (adjusted from 120)
Per-Instance Resources: mem-estimate=82.41MB mem-reservation=34.00MB thread-reservation=1
max-parallelism=20 segment-costs=[146187680, 73553544, 496664800, 136] cpu-comparison-result=850 [max(20 (self) vs 850 (sum children))]
53:TOP-N [LIMIT=100]
|  order by: C_LAST_NAME ASC NULLS LAST, C_FIRST_NAME ASC NULLS LAST, SALES ASC NULLS LAST
|  mem-estimate=3.91KB mem-reservation=0B thread-reservation=0
|  tuple-ids=55 row-size=40B cardinality=100 cost=496664800
|  in pipelines: 53(GETNEXT), 75(OPEN), 97(OPEN)
|
00:UNION
|  pass-through-operands: all
|  mem-estimate=0B mem-reservation=0B thread-reservation=0
|  tuple-ids=54 row-size=40B cardinality=35.14M cost=0
|  in pipelines: 75(GETNEXT), 97(GETNEXT)
|
|--97:AGGREGATE [FINALIZE]
|  |  output: sum:merge(multiply(tpcds_partitioned_parquet_snap.web_sales.ws_quantity, tpcds_partitioned_parquet_snap.web_sales.ws_list_price))
|  |  group by: tpcds_partitioned_parquet_snap.customer_3.c_last_name, tpcds_partitioned_parquet_snap.customer_3.c_first_name
|  |  mem-estimate=35.88MB mem-reservation=34.00MB spill-buffer=2.00MB thread-reservation=0
|  |  tuple-ids=53 row-size=52B cardinality=11.76M cost=69434591
|  |  in pipelines: 97(GETNEXT), 79(OPEN)
|  |
|  96:EXCHANGE [HASH(tpcds_partitioned_parquet_snap.customer_3.c_last_name,tpcds_partitioned_parquet_snap.customer_3.c_first_name)]
|  |  mem-estimate=10.55MB mem-reservation=0B thread-reservation=0
|  |  tuple-ids=53 row-size=52B cardinality=11.76M cost=4118953
|  |  in pipelines: 79(GETNEXT)
|  |
|  F29:PLAN FRAGMENT [HASH(tpcds_partitioned_parquet_snap.customer_2.c_customer_sk)] hosts=10 instances=10 (adjusted from 120)
|  Per-Instance Resources: mem-estimate=71.47MB mem-reservation=34.00MB thread-reservation=1
|  max-parallelism=10 segment-costs=[83060716, 45429074] cpu-comparison-result=420 [max(50 (self) vs 420 (sum children))]
|  52:AGGREGATE [STREAMING]
|  |  output: sum(multiply(CAST(tpcds_partitioned_parquet_snap.web_sales.ws_quantity AS DECIMAL(10,0)), tpcds_partitioned_parquet_snap.web_sales.ws_list_price))
|  |  group by: tpcds_partitioned_parquet_snap.customer_3.c_last_name, tpcds_partitioned_parquet_snap.customer_3.c_first_name
|  |  mem-estimate=53.82MB mem-reservation=34.00MB spill-buffer=2.00MB thread-reservation=0
|  |  tuple-ids=53 row-size=52B cardinality=11.76M cost=69434591
|  |  in pipelines: 79(GETNEXT)
|  |
|  51:NESTED LOOP JOIN [INNER JOIN, BROADCAST]
|  |  join table id: 10
|  |  join predicates: sum(multiply(tpcds_partitioned_parquet_snap.store_sales_2.ss_quantity, tpcds_partitioned_parquet_snap.store_sales_2.ss_sales_price)) > multiply(divide(CAST(95 AS DECIMAL(3,0)), CAST(100.0 AS DECIMAL(4,1))), max(sum(multiply(tpcds_partitioned_parquet_snap.store_sales_4.ss_quantity, tpcds_partitioned_parquet_snap.store_sales_4.ss_sales_price))))
|  |  mem-estimate=0B mem-reservation=0B thread-reservation=0
|  |  tuple-ids=36,32,34,31,52 row-size=108B cardinality=11.76M cost=2410318
|  |  in pipelines: 79(GETNEXT), 94(OPEN)
|  |
|  |--F48:PLAN FRAGMENT [HASH(tpcds_partitioned_parquet_snap.customer_2.c_customer_sk)] hosts=10 instances=10
|  |  |  Per-Instance Resources: mem-estimate=16.02KB mem-reservation=0B thread-reservation=1
|  |  |  max-parallelism=10 segment-costs=[0] cpu-comparison-result=120 [max(10 (self) vs 120 (sum children))]
|  |  JOIN BUILD
|  |  |  join-table-id=10 plan-id=11 cohort-id=06
|  |  |  mem-estimate=16B mem-reservation=0B thread-reservation=0 cost=0
|  |  |
|  |  95:EXCHANGE [BROADCAST]
|  |  |  mem-estimate=16.00KB mem-reservation=0B thread-reservation=0
|  |  |  tuple-ids=52 row-size=16B cardinality=1 cost=0
|  |  |  in pipelines: 94(GETNEXT)
|  |  |
|  |  F34:PLAN FRAGMENT [UNPARTITIONED] hosts=1 instances=1
|  |  Per-Instance Resources: mem-estimate=109.94KB mem-reservation=0B thread-reservation=1
|  |  max-parallelism=1 segment-costs=[30, 0] cpu-comparison-result=120 [max(1 (self) vs 120 (sum children))]
|  |  94:AGGREGATE [FINALIZE]
|  |  |  output: max:merge(sum(multiply(tpcds_partitioned_parquet_snap.store_sales_4.ss_quantity, tpcds_partitioned_parquet_snap.store_sales_4.ss_sales_price)))
|  |  |  mem-estimate=16.00KB mem-reservation=0B spill-buffer=2.00MB thread-reservation=0
|  |  |  tuple-ids=52 row-size=16B cardinality=1 cost=8
|  |  |  in pipelines: 94(GETNEXT), 50(OPEN)
|  |  |
|  |  93:EXCHANGE [UNPARTITIONED]
|  |  |  mem-estimate=93.94KB mem-reservation=0B thread-reservation=0
|  |  |  tuple-ids=52 row-size=16B cardinality=120 cost=22
|  |  |  in pipelines: 50(GETNEXT)
|  |  |
|  |  F33:PLAN FRAGMENT [HASH(tpcds_partitioned_parquet_snap.customer_4.c_customer_sk)] hosts=10 instances=40 (adjusted from 120)
|  |  Per-Instance Resources: mem-estimate=46.81MB mem-reservation=34.00MB thread-reservation=1
|  |  max-parallelism=160 segment-costs=[1563421020, 2100000, 185] cpu-comparison-result=120 [max(40 (self) vs 120 (sum children))]
|  |  50:AGGREGATE
|  |  |  output: max(sum(multiply(tpcds_partitioned_parquet_snap.store_sales_4.ss_quantity, tpcds_partitioned_parquet_snap.store_sales_4.ss_sales_price)))
|  |  |  mem-estimate=16.00KB mem-reservation=0B spill-buffer=2.00MB thread-reservation=0
|  |  |  tuple-ids=52 row-size=16B cardinality=120 cost=2100000
|  |  |  in pipelines: 50(GETNEXT), 92(OPEN)
|  |  |
|  |  92:AGGREGATE [FINALIZE]
|  |  |  output: sum:merge(multiply(tpcds_partitioned_parquet_snap.store_sales_4.ss_quantity, tpcds_partitioned_parquet_snap.store_sales_4.ss_sales_price))
|  |  |  group by: tpcds_partitioned_parquet_snap.customer_4.c_customer_sk
|  |  |  mem-estimate=34.00MB mem-reservation=34.00MB spill-buffer=2.00MB thread-reservation=0
|  |  |  tuple-ids=51 row-size=20B cardinality=30.00M cost=954774653
|  |  |  in pipelines: 92(GETNEXT), 44(OPEN)
|  |  |
|  |  91:EXCHANGE [HASH(tpcds_partitioned_parquet_snap.customer_4.c_customer_sk)]
|  |  |  mem-estimate=12.81MB mem-reservation=0B thread-reservation=0
|  |  |  tuple-ids=51 row-size=20B cardinality=3.00G cost=608646367
|  |  |  in pipelines: 44(GETNEXT)
|  |  |
|  |  F30:PLAN FRAGMENT [RANDOM] hosts=10 instances=120
|  |  Per-Host Shared Resources: mem-estimate=1.00MB mem-reservation=1.00MB thread-reservation=0 runtime-filters-memory=1.00MB
|  |  Per-Instance Resources: mem-estimate=935.28MB mem-reservation=42.00MB thread-reservation=1
|  |  max-parallelism=1479 segment-costs=[17337114136, 5403796797] cpu-comparison-result=120 [max(120 (self) vs 31 (sum children))]
|  |  49:AGGREGATE [STREAMING]
|  |  |  output: sum(multiply(CAST(tpcds_partitioned_parquet_snap.store_sales_4.ss_quantity AS DECIMAL(10,0)), tpcds_partitioned_parquet_snap.store_sales_4.ss_sales_price))
|  |  |  group by: tpcds_partitioned_parquet_snap.customer_4.c_customer_sk
|  |  |  mem-estimate=915.53MB mem-reservation=34.00MB spill-buffer=2.00MB thread-reservation=0
|  |  |  tuple-ids=51 row-size=20B cardinality=3.00G cost=9694298891
|  |  |  in pipelines: 44(GETNEXT)
|  |  |
|  |  48:HASH JOIN [INNER JOIN, BROADCAST]
|  |  |  hash-table-id=11
|  |  |  hash predicates: tpcds_partitioned_parquet_snap.store_sales_4.ss_customer_sk = tpcds_partitioned_parquet_snap.customer_4.c_customer_sk
|  |  |  fk/pk conjuncts: tpcds_partitioned_parquet_snap.store_sales_4.ss_customer_sk = tpcds_partitioned_parquet_snap.customer_4.c_customer_sk
|  |  |  mem-estimate=0B mem-reservation=0B spill-buffer=2.00MB thread-reservation=0
|  |  |  tuple-ids=45,47,49 row-size=28B cardinality=6.43G cost=2962282406
|  |  |  in pipelines: 44(GETNEXT), 47(OPEN)
|  |  |
|  |  |--F49:PLAN FRAGMENT [RANDOM] hosts=10 instances=10
|  |  |  |  Per-Instance Resources: mem-estimate=892.52MB mem-reservation=408.00MB thread-reservation=1
|  |  |  |  max-parallelism=10 segment-costs=[69869990]
|  |  |  JOIN BUILD
|  |  |  |  join-table-id=11 plan-id=12 cohort-id=07
|  |  |  |  build expressions: tpcds_partitioned_parquet_snap.customer_4.c_customer_sk
|  |  |  |  runtime filters: RF033[min_max] <- tpcds_partitioned_parquet_snap.customer_4.c_customer_sk
|  |  |  |  mem-estimate=882.44MB mem-reservation=408.00MB spill-buffer=2.00MB thread-reservation=0 cost=30000000
|  |  |  |
|  |  |  90:EXCHANGE [BROADCAST]
|  |  |  |  mem-estimate=10.08MB mem-reservation=0B thread-reservation=0
|  |  |  |  tuple-ids=49 row-size=4B cardinality=30.00M cost=39869990
|  |  |  |  in pipelines: 47(GETNEXT)
|  |  |  |
|  |  |  F32:PLAN FRAGMENT [RANDOM] hosts=10 instances=10
|  |  |  Per-Instance Resources: mem-estimate=16.03MB mem-reservation=1.00MB thread-reservation=1
|  |  |  max-parallelism=10 segment-costs=[2700000]
|  |  |  47:SCAN HDFS [tpcds_partitioned_parquet_snap.customer, RANDOM]
|  |  |     HDFS partitions=1/1 files=1 size=1.55GB
|  |  |     stored statistics:
|  |  |       table: rows=30.00M size=1.55GB
|  |  |       columns: all
|  |  |     extrapolated-rows=disabled max-scan-range-rows=3.10M
|  |  |     mem-estimate=16.00MB mem-reservation=1.00MB thread-reservation=0
|  |  |     tuple-ids=49 row-size=4B cardinality=30.00M cost=1728000
|  |  |     in pipelines: 47(GETNEXT)
|  |  |
|  |  46:HASH JOIN [INNER JOIN, BROADCAST]
|  |  |  hash-table-id=12
|  |  |  hash predicates: tpcds_partitioned_parquet_snap.store_sales_4.ss_sold_date_sk = tpcds_partitioned_parquet_snap.date_dim_4.d_date_sk
|  |  |  fk/pk conjuncts: tpcds_partitioned_parquet_snap.store_sales_4.ss_sold_date_sk = tpcds_partitioned_parquet_snap.date_dim_4.d_date_sk
|  |  |  mem-estimate=0B mem-reservation=0B spill-buffer=64.00KB thread-reservation=0
|  |  |  tuple-ids=45,47 row-size=24B cardinality=7.01G cost=3066411052
|  |  |  in pipelines: 44(GETNEXT), 45(OPEN)
|  |  |
|  |  |--F50:PLAN FRAGMENT [RANDOM] hosts=10 instances=10
|  |  |  |  Per-Instance Resources: mem-estimate=24.27MB mem-reservation=24.25MB thread-reservation=1 runtime-filters-memory=1.00MB
|  |  |  |  max-parallelism=10 segment-costs=[3439]
|  |  |  JOIN BUILD
|  |  |  |  join-table-id=12 plan-id=13 cohort-id=07
|  |  |  |  build expressions: tpcds_partitioned_parquet_snap.date_dim_4.d_date_sk
|  |  |  |  runtime filters: RF034[bloom] <- tpcds_partitioned_parquet_snap.date_dim_4.d_date_sk
|  |  |  |  mem-estimate=23.25MB mem-reservation=23.25MB spill-buffer=64.00KB thread-reservation=0 cost=1479
|  |  |  |
|  |  |  89:EXCHANGE [BROADCAST]
|  |  |  |  mem-estimate=23.55KB mem-reservation=0B thread-reservation=0
|  |  |  |  tuple-ids=47 row-size=8B cardinality=1.48K cost=1960
|  |  |  |  in pipelines: 45(GETNEXT)
|  |  |  |
|  |  |  F31:PLAN FRAGMENT [RANDOM] hosts=1 instances=1
|  |  |  Per-Instance Resources: mem-estimate=16.05MB mem-reservation=512.00KB thread-reservation=1
|  |  |  max-parallelism=1 segment-costs=[10530]
|  |  |  45:SCAN HDFS [tpcds_partitioned_parquet_snap.date_dim, RANDOM]
|  |  |     HDFS partitions=1/1 files=1 size=2.17MB
|  |  |     predicates: tpcds_partitioned_parquet_snap.date_dim_4.d_year = CAST(2000 AS INT) OR tpcds_partitioned_parquet_snap.date_dim_4.d_year = add(CAST(2000 AS INT), CAST(1 AS INT)) OR tpcds_partitioned_parquet_snap.date_dim_4.d_year = add(CAST(2000 AS INT), CAST(2 AS INT)) OR tpcds_partitioned_parquet_snap.date_dim_4.d_year = add(CAST(2000 AS INT), CAST(3 AS INT))
|  |  |     stored statistics:
|  |  |       table: rows=73.05K size=2.17MB
|  |  |       columns: all
|  |  |     extrapolated-rows=disabled max-scan-range-rows=73.05K
|  |  |     parquet dictionary predicates: tpcds_partitioned_parquet_snap.date_dim_4.d_year = CAST(2000 AS INT) OR tpcds_partitioned_parquet_snap.date_dim_4.d_year = add(CAST(2000 AS INT), CAST(1 AS INT)) OR tpcds_partitioned_parquet_snap.date_dim_4.d_year = add(CAST(2000 AS INT), CAST(2 AS INT)) OR tpcds_partitioned_parquet_snap.date_dim_4.d_year = add(CAST(2000 AS INT), CAST(3 AS INT))
|  |  |     mem-estimate=16.00MB mem-reservation=512.00KB thread-reservation=0
|  |  |     tuple-ids=47 row-size=8B cardinality=1.48K cost=10467
|  |  |     in pipelines: 45(GETNEXT)
|  |  |
|  |  44:SCAN HDFS [tpcds_partitioned_parquet_snap.store_sales, RANDOM]
|  |     HDFS partitions=1824/1824 files=1824 size=389.90GB
|  |     runtime filters: RF033[min_max] -> tpcds_partitioned_parquet_snap.store_sales_4.ss_customer_sk, RF034[bloom] -> tpcds_partitioned_parquet_snap.store_sales_4.ss_sold_date_sk
|  |     stored statistics:
|  |       table: rows=8.64G size=389.90GB
|  |       partitions: 1824/1824 rows=8.64G
|  |       columns: all
|  |     extrapolated-rows=disabled max-scan-range-rows=390.22M est-scan-range=1479(filtered from 1824)
|  |     mem-estimate=16.00MB mem-reservation=8.00MB thread-reservation=0
|  |     tuple-ids=45 row-size=16B cardinality=7.01G(filtered from 8.64G) cost=1614121787
|  |     in pipelines: 44(GETNEXT)
|  |
|  43:HASH JOIN [INNER JOIN, PARTITIONED]
|  |  hash-table-id=13
|  |  hash predicates: tpcds_partitioned_parquet_snap.web_sales.ws_bill_customer_sk = tpcds_partitioned_parquet_snap.customer_2.c_customer_sk
|  |  fk/pk conjuncts: none
|  |  mem-estimate=0B mem-reservation=0B spill-buffer=2.00MB thread-reservation=0
|  |  tuple-ids=36,32,34,31 row-size=92B cardinality=11.76M cost=5148836
|  |  in pipelines: 79(GETNEXT), 87(OPEN)
|  |
|  |--F51:PLAN FRAGMENT [HASH(tpcds_partitioned_parquet_snap.customer_2.c_customer_sk)] hosts=10 instances=10 (adjusted from 120)
|  |  |  Per-Instance Resources: mem-estimate=225.57MB mem-reservation=68.00MB thread-reservation=1
|  |  |  max-parallelism=10 segment-costs=[1665300897, 30000000] cpu-comparison-result=120 [max(10 (self) vs 120 (sum children))]
|  |  JOIN BUILD
|  |  |  join-table-id=13 plan-id=14 cohort-id=06
|  |  |  build expressions: tpcds_partitioned_parquet_snap.customer_2.c_customer_sk
|  |  |  runtime filters: RF019[min_max] <- tpcds_partitioned_parquet_snap.customer_2.c_customer_sk
|  |  |  mem-estimate=134.02MB mem-reservation=34.00MB spill-buffer=2.00MB thread-reservation=0 cost=30000000
|  |  |
|  |  87:AGGREGATE [FINALIZE]
|  |  |  output: sum:merge(multiply(tpcds_partitioned_parquet_snap.store_sales_2.ss_quantity, tpcds_partitioned_parquet_snap.store_sales_2.ss_sales_price))
|  |  |  group by: tpcds_partitioned_parquet_snap.customer_2.c_customer_sk
|  |  |  mem-estimate=91.55MB mem-reservation=34.00MB spill-buffer=2.00MB thread-reservation=0
|  |  |  tuple-ids=31 row-size=20B cardinality=30.00M cost=1014903515
|  |  |  in pipelines: 87(GETNEXT), 27(OPEN)
|  |  |
|  |  86:EXCHANGE [HASH(tpcds_partitioned_parquet_snap.customer_2.c_customer_sk)]
|  |  |  mem-estimate=12.81MB mem-reservation=0B thread-reservation=0
|  |  |  tuple-ids=31 row-size=20B cardinality=3.20G cost=650397382
|  |  |  in pipelines: 27(GETNEXT)
|  |  |
|  |  F27:PLAN FRAGMENT [RANDOM] hosts=10 instances=120
|  |  Per-Instance Resources: mem-estimate=932.46MB mem-reservation=42.00MB thread-reservation=1
|  |  max-parallelism=1570 segment-costs=[15633529457, 5774478385] cpu-comparison-result=120 [max(120 (self) vs 20 (sum children))]
|  |  30:AGGREGATE [STREAMING]
|  |  |  output: sum(multiply(CAST(tpcds_partitioned_parquet_snap.store_sales_2.ss_quantity AS DECIMAL(10,0)), tpcds_partitioned_parquet_snap.store_sales_2.ss_sales_price))
|  |  |  group by: tpcds_partitioned_parquet_snap.customer_2.c_customer_sk
|  |  |  mem-estimate=915.53MB mem-reservation=34.00MB spill-buffer=2.00MB thread-reservation=0
|  |  |  tuple-ids=31 row-size=20B cardinality=3.20G cost=10669051480
|  |  |  in pipelines: 27(GETNEXT)
|  |  |
|  |  29:HASH JOIN [INNER JOIN, BROADCAST]
|  |  |  hash-table-id=14
|  |  |  hash predicates: tpcds_partitioned_parquet_snap.store_sales_2.ss_customer_sk = tpcds_partitioned_parquet_snap.customer_2.c_customer_sk
|  |  |  fk/pk conjuncts: tpcds_partitioned_parquet_snap.store_sales_2.ss_customer_sk = tpcds_partitioned_parquet_snap.customer_2.c_customer_sk
|  |  |  mem-estimate=0B mem-reservation=0B spill-buffer=2.00MB thread-reservation=0
|  |  |  tuple-ids=27,29 row-size=16B cardinality=7.93G cost=3471497176
|  |  |  in pipelines: 27(GETNEXT), 28(OPEN)
|  |  |
|  |  |--F52:PLAN FRAGMENT [RANDOM] hosts=10 instances=10
|  |  |  |  Per-Instance Resources: mem-estimate=892.52MB mem-reservation=408.00MB thread-reservation=1
|  |  |  |  max-parallelism=10 segment-costs=[69869990]
|  |  |  JOIN BUILD
|  |  |  |  join-table-id=14 plan-id=15 cohort-id=08
|  |  |  |  build expressions: tpcds_partitioned_parquet_snap.customer_2.c_customer_sk
|  |  |  |  runtime filters: RF031[min_max] <- tpcds_partitioned_parquet_snap.customer_2.c_customer_sk
|  |  |  |  mem-estimate=882.44MB mem-reservation=408.00MB spill-buffer=2.00MB thread-reservation=0 cost=30000000
|  |  |  |
|  |  |  85:EXCHANGE [BROADCAST]
|  |  |  |  mem-estimate=10.08MB mem-reservation=0B thread-reservation=0
|  |  |  |  tuple-ids=29 row-size=4B cardinality=30.00M cost=39869990
|  |  |  |  in pipelines: 28(GETNEXT)
|  |  |  |
|  |  |  F28:PLAN FRAGMENT [RANDOM] hosts=10 instances=10
|  |  |  Per-Instance Resources: mem-estimate=16.03MB mem-reservation=1.00MB thread-reservation=1
|  |  |  max-parallelism=10 segment-costs=[2700000]
|  |  |  28:SCAN HDFS [tpcds_partitioned_parquet_snap.customer, RANDOM]
|  |  |     HDFS partitions=1/1 files=1 size=1.55GB
|  |  |     stored statistics:
|  |  |       table: rows=30.00M size=1.55GB
|  |  |       columns: all
|  |  |     extrapolated-rows=disabled max-scan-range-rows=3.10M
|  |  |     mem-estimate=16.00MB mem-reservation=1.00MB thread-reservation=0
|  |  |     tuple-ids=29 row-size=4B cardinality=30.00M cost=1728000
|  |  |     in pipelines: 28(GETNEXT)
|  |  |
|  |  27:SCAN HDFS [tpcds_partitioned_parquet_snap.store_sales, RANDOM]
|  |     HDFS partitions=1824/1824 files=1824 size=389.90GB
|  |     runtime filters: RF031[min_max] -> tpcds_partitioned_parquet_snap.store_sales_2.ss_customer_sk
|  |     stored statistics:
|  |       table: rows=8.64G size=389.90GB
|  |       partitions: 1824/1824 rows=8.64G
|  |       columns: all
|  |     extrapolated-rows=disabled max-scan-range-rows=390.22M
|  |     mem-estimate=16.00MB mem-reservation=8.00MB thread-reservation=0
|  |     tuple-ids=27 row-size=12B cardinality=7.93G(filtered from 8.64G) cost=1492980801
|  |     in pipelines: 27(GETNEXT)
|  |
|  88:EXCHANGE [HASH(tpcds_partitioned_parquet_snap.web_sales.ws_bill_customer_sk)]
|  |  mem-estimate=13.28MB mem-reservation=0B thread-reservation=0
|  |  tuple-ids=36,32,34 row-size=72B cardinality=11.76M cost=6066971
|  |  in pipelines: 79(GETNEXT)
|  |
|  F26:PLAN FRAGMENT [HASH(tpcds_partitioned_parquet_snap.web_sales.ws_item_sk)] hosts=10 instances=40 (adjusted from 120)
|  Per-Instance Resources: mem-estimate=17.03MB mem-reservation=0B thread-reservation=1
|  max-parallelism=50 segment-costs=[422423831]
|  42:HASH JOIN [RIGHT SEMI JOIN, PARTITIONED]
|  |  hash-table-id=15
|  |  hash predicates: tpcds_partitioned_parquet_snap.item_0.i_item_sk = tpcds_partitioned_parquet_snap.web_sales.ws_item_sk
|  |  mem-estimate=0B mem-reservation=0B spill-buffer=2.00MB thread-reservation=0
|  |  tuple-ids=36,32,34 row-size=72B cardinality=11.76M cost=181738874
|  |  in pipelines: 79(GETNEXT), 34(OPEN)
|  |
|  |--F53:PLAN FRAGMENT [HASH(tpcds_partitioned_parquet_snap.web_sales.ws_item_sk)] hosts=10 instances=40 (adjusted from 120)
|  |  |  Per-Instance Resources: mem-estimate=45.97MB mem-reservation=35.00MB thread-reservation=1 runtime-filters-memory=1.00MB
|  |  |  max-parallelism=50 segment-costs=[17839278] cpu-comparison-result=60 [max(60 (self) vs 20 (sum children))]
|  |  JOIN BUILD
|  |  |  join-table-id=15 plan-id=16 cohort-id=06
|  |  |  build expressions: tpcds_partitioned_parquet_snap.web_sales.ws_item_sk
|  |  |  runtime filters: RF020[bloom] <- tpcds_partitioned_parquet_snap.web_sales.ws_item_sk, RF021[min_max] <- tpcds_partitioned_parquet_snap.web_sales.ws_item_sk
|  |  |  mem-estimate=34.15MB mem-reservation=34.00MB spill-buffer=2.00MB thread-reservation=0 cost=11769273
|  |  |
|  |  84:EXCHANGE [HASH(tpcds_partitioned_parquet_snap.web_sales.ws_item_sk)]
|  |  |  mem-estimate=10.82MB mem-reservation=0B thread-reservation=0
|  |  |  tuple-ids=36,32,34 row-size=72B cardinality=11.77M cost=6070005
|  |  |  in pipelines: 34(GETNEXT)
|  |  |
|  |  F25:PLAN FRAGMENT [HASH(tpcds_partitioned_parquet_snap.customer_3.c_customer_sk)] hosts=10 instances=10
|  |  Per-Instance Resources: mem-estimate=23.55MB mem-reservation=0B thread-reservation=1
|  |  max-parallelism=10 segment-costs=[81922918]
|  |  35:HASH JOIN [INNER JOIN, PARTITIONED]
|  |  |  hash-table-id=16
|  |  |  hash predicates: tpcds_partitioned_parquet_snap.customer_3.c_customer_sk = tpcds_partitioned_parquet_snap.web_sales.ws_bill_customer_sk
|  |  |  fk/pk conjuncts: tpcds_partitioned_parquet_snap.customer_3.c_customer_sk = tpcds_partitioned_parquet_snap.web_sales.ws_bill_customer_sk
|  |  |  mem-estimate=0B mem-reservation=0B spill-buffer=2.00MB thread-reservation=0
|  |  |  tuple-ids=36,32,34 row-size=72B cardinality=11.77M cost=5413043
|  |  |  in pipelines: 34(GETNEXT), 31(OPEN)
|  |  |
|  |  |--F54:PLAN FRAGMENT [HASH(tpcds_partitioned_parquet_snap.customer_3.c_customer_sk)] hosts=10 instances=10
|  |  |  |  Per-Instance Resources: mem-estimate=103.82MB mem-reservation=50.00MB thread-reservation=1 runtime-filters-memory=16.00MB
|  |  |  |  max-parallelism=10 segment-costs=[16563403] cpu-comparison-result=20 [max(20 (self) vs 11 (sum children))]
|  |  |  JOIN BUILD
|  |  |  |  join-table-id=16 plan-id=17 cohort-id=09
|  |  |  |  build expressions: tpcds_partitioned_parquet_snap.web_sales.ws_bill_customer_sk
|  |  |  |  runtime filters: RF026[bloom] <- tpcds_partitioned_parquet_snap.web_sales.ws_bill_customer_sk, RF027[min_max] <- tpcds_partitioned_parquet_snap.web_sales.ws_bill_customer_sk
|  |  |  |  mem-estimate=77.43MB mem-reservation=34.00MB spill-buffer=2.00MB thread-reservation=0 cost=12789285
|  |  |  |
|  |  |  82:EXCHANGE [HASH(tpcds_partitioned_parquet_snap.web_sales.ws_bill_customer_sk)]
|  |  |  |  mem-estimate=10.39MB mem-reservation=0B thread-reservation=0
|  |  |  |  tuple-ids=32,34 row-size=32B cardinality=12.79M cost=3774118
|  |  |  |  in pipelines: 31(GETNEXT)
|  |  |  |
|  |  |  F23:PLAN FRAGMENT [RANDOM] hosts=10 instances=10 (adjusted from 120)
|  |  |  Per-Host Shared Resources: mem-estimate=1.00MB mem-reservation=1.00MB thread-reservation=0 runtime-filters-memory=1.00MB
|  |  |  Per-Instance Resources: mem-estimate=17.56MB mem-reservation=128.00KB thread-reservation=1
|  |  |  max-parallelism=10 segment-costs=[85559034]
|  |  |  33:HASH JOIN [INNER JOIN, BROADCAST]
|  |  |  |  hash-table-id=17
|  |  |  |  hash predicates: tpcds_partitioned_parquet_snap.web_sales.ws_sold_date_sk = tpcds_partitioned_parquet_snap.date_dim_2.d_date_sk
|  |  |  |  fk/pk conjuncts: tpcds_partitioned_parquet_snap.web_sales.ws_sold_date_sk = tpcds_partitioned_parquet_snap.date_dim_2.d_date_sk
|  |  |  |  mem-estimate=0B mem-reservation=0B spill-buffer=64.00KB thread-reservation=0
|  |  |  |  tuple-ids=32,34 row-size=32B cardinality=12.79M cost=5597870
|  |  |  |  in pipelines: 31(GETNEXT), 32(OPEN)
|  |  |  |
|  |  |  |--F55:PLAN FRAGMENT [RANDOM] hosts=10 instances=10
|  |  |  |  |  Per-Instance Resources: mem-estimate=2.95MB mem-reservation=2.94MB thread-reservation=1 runtime-filters-memory=1.00MB
|  |  |  |  |  max-parallelism=10 segment-costs=[248]
|  |  |  |  JOIN BUILD
|  |  |  |  |  join-table-id=17 plan-id=18 cohort-id=10
|  |  |  |  |  build expressions: tpcds_partitioned_parquet_snap.date_dim_2.d_date_sk
|  |  |  |  |  runtime filters: RF028[bloom] <- tpcds_partitioned_parquet_snap.date_dim_2.d_date_sk
|  |  |  |  |  mem-estimate=1.94MB mem-reservation=1.94MB spill-buffer=64.00KB thread-reservation=0 cost=108
|  |  |  |  |
|  |  |  |  80:EXCHANGE [BROADCAST]
|  |  |  |  |  mem-estimate=16.00KB mem-reservation=0B thread-reservation=0
|  |  |  |  |  tuple-ids=34 row-size=12B cardinality=108 cost=140
|  |  |  |  |  in pipelines: 32(GETNEXT)
|  |  |  |  |
|  |  |  |  F24:PLAN FRAGMENT [RANDOM] hosts=1 instances=1
|  |  |  |  Per-Instance Resources: mem-estimate=16.06MB mem-reservation=512.00KB thread-reservation=1
|  |  |  |  max-parallelism=1 segment-costs=[16733]
|  |  |  |  32:SCAN HDFS [tpcds_partitioned_parquet_snap.date_dim, RANDOM]
|  |  |  |     HDFS partitions=1/1 files=1 size=2.17MB
|  |  |  |     predicates: tpcds_partitioned_parquet_snap.date_dim_2.d_year = CAST(2000 AS INT), tpcds_partitioned_parquet_snap.date_dim_2.d_moy = CAST(5 AS INT)
|  |  |  |     stored statistics:
|  |  |  |       table: rows=73.05K size=2.17MB
|  |  |  |       columns: all
|  |  |  |     extrapolated-rows=disabled max-scan-range-rows=73.05K
|  |  |  |     parquet statistics predicates: tpcds_partitioned_parquet_snap.date_dim_2.d_year = CAST(2000 AS INT), tpcds_partitioned_parquet_snap.date_dim_2.d_moy = CAST(5 AS INT)
|  |  |  |     parquet dictionary predicates: tpcds_partitioned_parquet_snap.date_dim_2.d_year = CAST(2000 AS INT), tpcds_partitioned_parquet_snap.date_dim_2.d_moy = CAST(5 AS INT)
|  |  |  |     mem-estimate=16.00MB mem-reservation=512.00KB thread-reservation=0
|  |  |  |     tuple-ids=34 row-size=12B cardinality=108 cost=16728
|  |  |  |     in pipelines: 32(GETNEXT)
|  |  |  |
|  |  |  31:SCAN HDFS [tpcds_partitioned_parquet_snap.web_sales, RANDOM]
|  |  |     HDFS partitions=1824/1824 files=1824 size=145.75GB
|  |  |     predicates: is_not_null_pred(tpcds_partitioned_parquet_snap.web_sales.ws_item_sk)
|  |  |     runtime filters: RF019[min_max] -> tpcds_partitioned_parquet_snap.web_sales.ws_bill_customer_sk, RF028[bloom] -> tpcds_partitioned_parquet_snap.web_sales.ws_sold_date_sk
|  |  |     stored statistics:
|  |  |       table: rows=2.16G size=145.75GB
|  |  |       partitions: 1824/1824 rows=2.16G
|  |  |       columns: all
|  |  |     extrapolated-rows=disabled max-scan-range-rows=3.37M est-scan-range=109(filtered from 1824)
|  |  |     parquet dictionary predicates: is_not_null_pred(tpcds_partitioned_parquet_snap.web_sales.ws_item_sk)
|  |  |     mem-estimate=16.00MB mem-reservation=128.00KB thread-reservation=0
|  |  |     tuple-ids=32 row-size=20B cardinality=12.79M(filtered from 216.00M) cost=40426927
|  |  |     in pipelines: 31(GETNEXT)
|  |  |
|  |  81:EXCHANGE [HASH(tpcds_partitioned_parquet_snap.customer_3.c_customer_sk)]
|  |  |  mem-estimate=10.43MB mem-reservation=0B thread-reservation=0
|  |  |  tuple-ids=36 row-size=40B cardinality=12.79M(filtered from 30.00M) cost=3772202
|  |  |  in pipelines: 34(GETNEXT)
|  |  |
|  |  F22:PLAN FRAGMENT [RANDOM] hosts=10 instances=10
|  |  Per-Host Shared Resources: mem-estimate=16.00MB mem-reservation=16.00MB thread-reservation=0 runtime-filters-memory=16.00MB
|  |  Per-Instance Resources: mem-estimate=17.72MB mem-reservation=1.00MB thread-reservation=1
|  |  max-parallelism=10 segment-costs=[46405351]
|  |  34:SCAN HDFS [tpcds_partitioned_parquet_snap.customer, RANDOM]
|  |     HDFS partitions=1/1 files=1 size=1.55GB
|  |     runtime filters: RF027[min_max] -> tpcds_partitioned_parquet_snap.customer_3.c_customer_sk, RF019[min_max] -> tpcds_partitioned_parquet_snap.customer_3.c_customer_sk, RF026[bloom] -> tpcds_partitioned_parquet_snap.customer_3.c_customer_sk
|  |     stored statistics:
|  |       table: rows=30.00M size=1.55GB
|  |       columns: all
|  |     extrapolated-rows=disabled max-scan-range-rows=3.10M
|  |     mem-estimate=16.00MB mem-reservation=1.00MB thread-reservation=0
|  |     tuple-ids=36 row-size=40B cardinality=12.79M(filtered from 30.00M) cost=6897933
|  |     in pipelines: 34(GETNEXT)
|  |
|  83:EXCHANGE [HASH(tpcds_partitioned_parquet_snap.item_0.i_item_sk)]
|  |  mem-estimate=13.75MB mem-reservation=0B thread-reservation=0
|  |  tuple-ids=44 row-size=28B cardinality=700.22M cost=167983637
|  |  in pipelines: 79(GETNEXT)
|  |
|  F21:PLAN FRAGMENT [HASH(substr(tpcds_partitioned_parquet_snap.item_0.i_item_desc, 1, 30),tpcds_partitioned_parquet_snap.item_0.i_item_sk,tpcds_partitioned_parquet_snap.date_dim_3.d_date)] hosts=10 instances=120
|  Per-Instance Resources: mem-estimate=954.24MB mem-reservation=34.00MB thread-reservation=1
|  max-parallelism=4310 segment-costs=[43011233450, 1623398350] cpu-comparison-result=120 [max(120 (self) vs 120 (sum children))]
|  79:AGGREGATE [FINALIZE]
|  |  output: count:merge()
|  |  group by: substr(tpcds_partitioned_parquet_snap.item_0.i_item_desc, 1, 30), tpcds_partitioned_parquet_snap.item_0.i_item_sk, tpcds_partitioned_parquet_snap.date_dim_3.d_date
|  |  having: count() > CAST(4 AS BIGINT)
|  |  mem-estimate=940.49MB mem-reservation=34.00MB spill-buffer=2.00MB thread-reservation=0
|  |  tuple-ids=44 row-size=28B cardinality=700.22M cost=41331397080
|  |  in pipelines: 79(GETNEXT), 36(OPEN)
|  |
|  78:EXCHANGE [HASH(substr(tpcds_partitioned_parquet_snap.item_0.i_item_desc, 1, 30),tpcds_partitioned_parquet_snap.item_0.i_item_sk,tpcds_partitioned_parquet_snap.date_dim_3.d_date)]
|  |  mem-estimate=13.75MB mem-reservation=0B thread-reservation=0
|  |  tuple-ids=44 row-size=28B cardinality=7.00G cost=1679836370
|  |  in pipelines: 36(GETNEXT)
|  |
|  F18:PLAN FRAGMENT [RANDOM] hosts=10 instances=120
|  Per-Host Shared Resources: mem-estimate=2.00MB mem-reservation=2.00MB thread-reservation=0 runtime-filters-memory=2.00MB
|  Per-Instance Resources: mem-estimate=832.37MB mem-reservation=38.00MB thread-reservation=1
|  max-parallelism=1479 segment-costs=[48270645674, 16233983497] cpu-comparison-result=120 [max(120 (self) vs 25 (sum children))]
|  41:AGGREGATE [STREAMING]
|  |  output: count()
|  |  group by: substr(tpcds_partitioned_parquet_snap.item_0.i_item_desc, CAST(1 AS BIGINT), CAST(30 AS BIGINT)), tpcds_partitioned_parquet_snap.item_0.i_item_sk, tpcds_partitioned_parquet_snap.date_dim_3.d_date
|  |  mem-estimate=801.37MB mem-reservation=34.00MB spill-buffer=2.00MB thread-reservation=0
|  |  tuple-ids=44 row-size=28B cardinality=7.00G cost=41331397080
|  |  in pipelines: 36(GETNEXT)
|  |
|  40:HASH JOIN [INNER JOIN, BROADCAST]
|  |  hash-table-id=18
|  |  hash predicates: tpcds_partitioned_parquet_snap.store_sales_3.ss_item_sk = tpcds_partitioned_parquet_snap.item_0.i_item_sk
|  |  fk/pk conjuncts: tpcds_partitioned_parquet_snap.store_sales_3.ss_item_sk = tpcds_partitioned_parquet_snap.item_0.i_item_sk
|  |  mem-estimate=0B mem-reservation=0B spill-buffer=2.00MB thread-reservation=0
|  |  tuple-ids=38,40,42 row-size=137B cardinality=7.00G cost=3065776649
|  |  in pipelines: 36(GETNEXT), 39(OPEN)
|  |
|  |--F56:PLAN FRAGMENT [RANDOM] hosts=10 instances=10
|  |  |  Per-Instance Resources: mem-estimate=418.47MB mem-reservation=408.00MB thread-reservation=1
|  |  |  max-parallelism=10 segment-costs=[838440]
|  |  JOIN BUILD
|  |  |  join-table-id=18 plan-id=19 cohort-id=06
|  |  |  build expressions: tpcds_partitioned_parquet_snap.item_0.i_item_sk
|  |  |  runtime filters: RF023[min_max] <- tpcds_partitioned_parquet_snap.item_0.i_item_sk
|  |  |  mem-estimate=408.00MB mem-reservation=408.00MB spill-buffer=2.00MB thread-reservation=0 cost=360000
|  |  |
|  |  77:EXCHANGE [BROADCAST]
|  |  |  mem-estimate=10.47MB mem-reservation=0B thread-reservation=0
|  |  |  tuple-ids=42 row-size=117B cardinality=360.00K cost=478440
|  |  |  in pipelines: 39(GETNEXT)
|  |  |
|  |  F20:PLAN FRAGMENT [RANDOM] hosts=4 instances=4
|  |  Per-Host Shared Resources: mem-estimate=1.00MB mem-reservation=1.00MB thread-reservation=0 runtime-filters-memory=1.00MB
|  |  Per-Instance Resources: mem-estimate=16.47MB mem-reservation=512.00KB thread-reservation=1
|  |  max-parallelism=4 segment-costs=[663353]
|  |  39:SCAN HDFS [tpcds_partitioned_parquet_snap.item, RANDOM]
|  |     HDFS partitions=1/1 files=1 size=33.54MB
|  |     runtime filters: RF021[min_max] -> tpcds_partitioned_parquet_snap.item_0.i_item_sk, RF020[bloom] -> tpcds_partitioned_parquet_snap.item_0.i_item_sk
|  |     stored statistics:
|  |       table: rows=360.00K size=33.54MB
|  |       columns: all
|  |     extrapolated-rows=disabled max-scan-range-rows=101.54K
|  |     mem-estimate=16.00MB mem-reservation=512.00KB thread-reservation=0
|  |     tuple-ids=42 row-size=117B cardinality=360.00K cost=542243
|  |     in pipelines: 39(GETNEXT)
|  |
|  38:HASH JOIN [INNER JOIN, BROADCAST]
|  |  hash-table-id=19
|  |  hash predicates: tpcds_partitioned_parquet_snap.store_sales_3.ss_sold_date_sk = tpcds_partitioned_parquet_snap.date_dim_3.d_date_sk
|  |  fk/pk conjuncts: tpcds_partitioned_parquet_snap.store_sales_3.ss_sold_date_sk = tpcds_partitioned_parquet_snap.date_dim_3.d_date_sk
|  |  mem-estimate=0B mem-reservation=0B spill-buffer=64.00KB thread-reservation=0
|  |  tuple-ids=38,40 row-size=20B cardinality=7.01G cost=3066411052
|  |  in pipelines: 36(GETNEXT), 37(OPEN)
|  |
|  |--F57:PLAN FRAGMENT [RANDOM] hosts=10 instances=10
|  |  |  Per-Instance Resources: mem-estimate=24.28MB mem-reservation=24.25MB thread-reservation=1 runtime-filters-memory=1.00MB
|  |  |  max-parallelism=10 segment-costs=[3439]
|  |  JOIN BUILD
|  |  |  join-table-id=19 plan-id=20 cohort-id=06
|  |  |  build expressions: tpcds_partitioned_parquet_snap.date_dim_3.d_date_sk
|  |  |  runtime filters: RF024[bloom] <- tpcds_partitioned_parquet_snap.date_dim_3.d_date_sk
|  |  |  mem-estimate=23.25MB mem-reservation=23.25MB spill-buffer=64.00KB thread-reservation=0 cost=1479
|  |  |
|  |  76:EXCHANGE [BROADCAST]
|  |  |  mem-estimate=33.33KB mem-reservation=0B thread-reservation=0
|  |  |  tuple-ids=40 row-size=12B cardinality=1.48K cost=1960
|  |  |  in pipelines: 37(GETNEXT)
|  |  |
|  |  F19:PLAN FRAGMENT [RANDOM] hosts=1 instances=1
|  |  Per-Instance Resources: mem-estimate=16.06MB mem-reservation=1.00MB thread-reservation=1
|  |  max-parallelism=1 segment-costs=[14754]
|  |  37:SCAN HDFS [tpcds_partitioned_parquet_snap.date_dim, RANDOM]
|  |     HDFS partitions=1/1 files=1 size=2.17MB
|  |     predicates: tpcds_partitioned_parquet_snap.date_dim_3.d_year = CAST(2000 AS INT) OR tpcds_partitioned_parquet_snap.date_dim_3.d_year = add(CAST(2000 AS INT), CAST(1 AS INT)) OR tpcds_partitioned_parquet_snap.date_dim_3.d_year = add(CAST(2000 AS INT), CAST(2 AS INT)) OR tpcds_partitioned_parquet_snap.date_dim_3.d_year = add(CAST(2000 AS INT), CAST(3 AS INT))
|  |     stored statistics:
|  |       table: rows=73.05K size=2.17MB
|  |       columns: all
|  |     extrapolated-rows=disabled max-scan-range-rows=73.05K
|  |     parquet dictionary predicates: tpcds_partitioned_parquet_snap.date_dim_3.d_year = CAST(2000 AS INT) OR tpcds_partitioned_parquet_snap.date_dim_3.d_year = add(CAST(2000 AS INT), CAST(1 AS INT)) OR tpcds_partitioned_parquet_snap.date_dim_3.d_year = add(CAST(2000 AS INT), CAST(2 AS INT)) OR tpcds_partitioned_parquet_snap.date_dim_3.d_year = add(CAST(2000 AS INT), CAST(3 AS INT))
|  |     mem-estimate=16.00MB mem-reservation=1.00MB thread-reservation=0
|  |     tuple-ids=40 row-size=12B cardinality=1.48K cost=14675
|  |     in pipelines: 37(GETNEXT)
|  |
|  36:SCAN HDFS [tpcds_partitioned_parquet_snap.store_sales, RANDOM]
|     HDFS partitions=1824/1824 files=1824 size=389.90GB
|     runtime filters: RF021[min_max] -> tpcds_partitioned_parquet_snap.store_sales_3.ss_item_sk, RF023[min_max] -> tpcds_partitioned_parquet_snap.store_sales_3.ss_item_sk, RF020[bloom] -> tpcds_partitioned_parquet_snap.store_sales_3.ss_item_sk, RF024[bloom] -> tpcds_partitioned_parquet_snap.store_sales_3.ss_sold_date_sk
|     stored statistics:
|       table: rows=8.64G size=389.90GB
|       partitions: 1824/1824 rows=8.64G
|       columns: all
|     extrapolated-rows=disabled max-scan-range-rows=390.22M est-scan-range=1479(filtered from 1824)
|     mem-estimate=16.00MB mem-reservation=4.00MB thread-reservation=0
|     tuple-ids=38 row-size=8B cardinality=7.01G(filtered from 8.64G) cost=807060893
|     in pipelines: 36(GETNEXT)
|
75:AGGREGATE [FINALIZE]
|  output: sum:merge(multiply(tpcds_partitioned_parquet_snap.catalog_sales.cs_quantity, tpcds_partitioned_parquet_snap.catalog_sales.cs_list_price))
|  group by: tpcds_partitioned_parquet_snap.customer_0.c_last_name, tpcds_partitioned_parquet_snap.customer_0.c_first_name
|  mem-estimate=71.31MB mem-reservation=34.00MB spill-buffer=2.00MB thread-reservation=0
|  tuple-ids=26 row-size=52B cardinality=23.38M cost=138001259
|  in pipelines: 75(GETNEXT), 57(OPEN)
|
74:EXCHANGE [HASH(tpcds_partitioned_parquet_snap.customer_0.c_last_name,tpcds_partitioned_parquet_snap.customer_0.c_first_name)]
|  mem-estimate=11.09MB mem-reservation=0B thread-reservation=0
|  tuple-ids=26 row-size=52B cardinality=23.38M cost=8186421
|  in pipelines: 57(GETNEXT)
|
F11:PLAN FRAGMENT [HASH(tpcds_partitioned_parquet_snap.customer.c_customer_sk)] hosts=10 instances=20 (adjusted from 120)
Per-Instance Resources: mem-estimate=71.14MB mem-reservation=34.00MB thread-reservation=1
max-parallelism=20 segment-costs=[165083185, 90290291] cpu-comparison-result=430 [max(60 (self) vs 430 (sum children))]
26:AGGREGATE [STREAMING]
|  output: sum(multiply(CAST(tpcds_partitioned_parquet_snap.catalog_sales.cs_quantity AS DECIMAL(10,0)), tpcds_partitioned_parquet_snap.catalog_sales.cs_list_price))
|  group by: tpcds_partitioned_parquet_snap.customer_0.c_last_name, tpcds_partitioned_parquet_snap.customer_0.c_first_name
|  mem-estimate=53.48MB mem-reservation=34.00MB spill-buffer=2.00MB thread-reservation=0
|  tuple-ids=26 row-size=52B cardinality=23.38M cost=138001259
|  in pipelines: 57(GETNEXT)
|
25:NESTED LOOP JOIN [INNER JOIN, BROADCAST]
|  join table id: 00
|  join predicates: sum(multiply(tpcds_partitioned_parquet_snap.store_sales.ss_quantity, tpcds_partitioned_parquet_snap.store_sales.ss_sales_price)) > multiply(divide(CAST(95 AS DECIMAL(3,0)), CAST(100.0 AS DECIMAL(4,1))), max(sum(multiply(tpcds_partitioned_parquet_snap.store_sales_1.ss_quantity, tpcds_partitioned_parquet_snap.store_sales_1.ss_sales_price))))
|  mem-estimate=0B mem-reservation=0B thread-reservation=0
|  tuple-ids=9,5,7,4,25 row-size=108B cardinality=23.38M cost=4790508
|  in pipelines: 57(GETNEXT), 72(OPEN)
|
|--F38:PLAN FRAGMENT [HASH(tpcds_partitioned_parquet_snap.customer.c_customer_sk)] hosts=10 instances=10
|  |  Per-Instance Resources: mem-estimate=16.02KB mem-reservation=0B thread-reservation=1
|  |  max-parallelism=10 segment-costs=[0] cpu-comparison-result=120 [max(10 (self) vs 120 (sum children))]
|  JOIN BUILD
|  |  join-table-id=00 plan-id=01 cohort-id=01
|  |  mem-estimate=16B mem-reservation=0B thread-reservation=0 cost=0
|  |
|  73:EXCHANGE [BROADCAST]
|  |  mem-estimate=16.00KB mem-reservation=0B thread-reservation=0
|  |  tuple-ids=25 row-size=16B cardinality=1 cost=0
|  |  in pipelines: 72(GETNEXT)
|  |
|  F16:PLAN FRAGMENT [UNPARTITIONED] hosts=1 instances=1
|  Per-Instance Resources: mem-estimate=109.94KB mem-reservation=0B thread-reservation=1
|  max-parallelism=1 segment-costs=[30, 0] cpu-comparison-result=120 [max(1 (self) vs 120 (sum children))]
|  72:AGGREGATE [FINALIZE]
|  |  output: max:merge(sum(multiply(tpcds_partitioned_parquet_snap.store_sales_1.ss_quantity, tpcds_partitioned_parquet_snap.store_sales_1.ss_sales_price)))
|  |  mem-estimate=16.00KB mem-reservation=0B spill-buffer=2.00MB thread-reservation=0
|  |  tuple-ids=25 row-size=16B cardinality=1 cost=8
|  |  in pipelines: 72(GETNEXT), 24(OPEN)
|  |
|  71:EXCHANGE [UNPARTITIONED]
|  |  mem-estimate=93.94KB mem-reservation=0B thread-reservation=0
|  |  tuple-ids=25 row-size=16B cardinality=120 cost=22
|  |  in pipelines: 24(GETNEXT)
|  |
|  F15:PLAN FRAGMENT [HASH(tpcds_partitioned_parquet_snap.customer_1.c_customer_sk)] hosts=10 instances=40 (adjusted from 120)
|  Per-Instance Resources: mem-estimate=46.81MB mem-reservation=34.00MB thread-reservation=1
|  max-parallelism=160 segment-costs=[1563421020, 2100000, 185] cpu-comparison-result=120 [max(40 (self) vs 120 (sum children))]
|  24:AGGREGATE
|  |  output: max(sum(multiply(tpcds_partitioned_parquet_snap.store_sales_1.ss_quantity, tpcds_partitioned_parquet_snap.store_sales_1.ss_sales_price)))
|  |  mem-estimate=16.00KB mem-reservation=0B spill-buffer=2.00MB thread-reservation=0
|  |  tuple-ids=25 row-size=16B cardinality=120 cost=2100000
|  |  in pipelines: 24(GETNEXT), 70(OPEN)
|  |
|  70:AGGREGATE [FINALIZE]
|  |  output: sum:merge(multiply(tpcds_partitioned_parquet_snap.store_sales_1.ss_quantity, tpcds_partitioned_parquet_snap.store_sales_1.ss_sales_price))
|  |  group by: tpcds_partitioned_parquet_snap.customer_1.c_customer_sk
|  |  mem-estimate=34.00MB mem-reservation=34.00MB spill-buffer=2.00MB thread-reservation=0
|  |  tuple-ids=24 row-size=20B cardinality=30.00M cost=954774653
|  |  in pipelines: 70(GETNEXT), 18(OPEN)
|  |
|  69:EXCHANGE [HASH(tpcds_partitioned_parquet_snap.customer_1.c_customer_sk)]
|  |  mem-estimate=12.81MB mem-reservation=0B thread-reservation=0
|  |  tuple-ids=24 row-size=20B cardinality=3.00G cost=608646367
|  |  in pipelines: 18(GETNEXT)
|  |
|  F12:PLAN FRAGMENT [RANDOM] hosts=10 instances=120
|  Per-Host Shared Resources: mem-estimate=1.00MB mem-reservation=1.00MB thread-reservation=0 runtime-filters-memory=1.00MB
|  Per-Instance Resources: mem-estimate=935.28MB mem-reservation=42.00MB thread-reservation=1
|  max-parallelism=1479 segment-costs=[17337114136, 5403796797] cpu-comparison-result=120 [max(120 (self) vs 31 (sum children))]
|  23:AGGREGATE [STREAMING]
|  |  output: sum(multiply(CAST(tpcds_partitioned_parquet_snap.store_sales_1.ss_quantity AS DECIMAL(10,0)), tpcds_partitioned_parquet_snap.store_sales_1.ss_sales_price))
|  |  group by: tpcds_partitioned_parquet_snap.customer_1.c_customer_sk
|  |  mem-estimate=915.53MB mem-reservation=34.00MB spill-buffer=2.00MB thread-reservation=0
|  |  tuple-ids=24 row-size=20B cardinality=3.00G cost=9694298891
|  |  in pipelines: 18(GETNEXT)
|  |
|  22:HASH JOIN [INNER JOIN, BROADCAST]
|  |  hash-table-id=01
|  |  hash predicates: tpcds_partitioned_parquet_snap.store_sales_1.ss_customer_sk = tpcds_partitioned_parquet_snap.customer_1.c_customer_sk
|  |  fk/pk conjuncts: tpcds_partitioned_parquet_snap.store_sales_1.ss_customer_sk = tpcds_partitioned_parquet_snap.customer_1.c_customer_sk
|  |  mem-estimate=0B mem-reservation=0B spill-buffer=2.00MB thread-reservation=0
|  |  tuple-ids=18,20,22 row-size=28B cardinality=6.43G cost=2962282406
|  |  in pipelines: 18(GETNEXT), 21(OPEN)
|  |
|  |--F39:PLAN FRAGMENT [RANDOM] hosts=10 instances=10
|  |  |  Per-Instance Resources: mem-estimate=892.52MB mem-reservation=408.00MB thread-reservation=1
|  |  |  max-parallelism=10 segment-costs=[69869990]
|  |  JOIN BUILD
|  |  |  join-table-id=01 plan-id=02 cohort-id=02
|  |  |  build expressions: tpcds_partitioned_parquet_snap.customer_1.c_customer_sk
|  |  |  runtime filters: RF015[min_max] <- tpcds_partitioned_parquet_snap.customer_1.c_customer_sk
|  |  |  mem-estimate=882.44MB mem-reservation=408.00MB spill-buffer=2.00MB thread-reservation=0 cost=30000000
|  |  |
|  |  68:EXCHANGE [BROADCAST]
|  |  |  mem-estimate=10.08MB mem-reservation=0B thread-reservation=0
|  |  |  tuple-ids=22 row-size=4B cardinality=30.00M cost=39869990
|  |  |  in pipelines: 21(GETNEXT)
|  |  |
|  |  F14:PLAN FRAGMENT [RANDOM] hosts=10 instances=10
|  |  Per-Instance Resources: mem-estimate=16.03MB mem-reservation=1.00MB thread-reservation=1
|  |  max-parallelism=10 segment-costs=[2700000]
|  |  21:SCAN HDFS [tpcds_partitioned_parquet_snap.customer, RANDOM]
|  |     HDFS partitions=1/1 files=1 size=1.55GB
|  |     stored statistics:
|  |       table: rows=30.00M size=1.55GB
|  |       columns: all
|  |     extrapolated-rows=disabled max-scan-range-rows=3.10M
|  |     mem-estimate=16.00MB mem-reservation=1.00MB thread-reservation=0
|  |     tuple-ids=22 row-size=4B cardinality=30.00M cost=1728000
|  |     in pipelines: 21(GETNEXT)
|  |
|  20:HASH JOIN [INNER JOIN, BROADCAST]
|  |  hash-table-id=02
|  |  hash predicates: tpcds_partitioned_parquet_snap.store_sales_1.ss_sold_date_sk = tpcds_partitioned_parquet_snap.date_dim_1.d_date_sk
|  |  fk/pk conjuncts: tpcds_partitioned_parquet_snap.store_sales_1.ss_sold_date_sk = tpcds_partitioned_parquet_snap.date_dim_1.d_date_sk
|  |  mem-estimate=0B mem-reservation=0B spill-buffer=64.00KB thread-reservation=0
|  |  tuple-ids=18,20 row-size=24B cardinality=7.01G cost=3066411052
|  |  in pipelines: 18(GETNEXT), 19(OPEN)
|  |
|  |--F40:PLAN FRAGMENT [RANDOM] hosts=10 instances=10
|  |  |  Per-Instance Resources: mem-estimate=24.27MB mem-reservation=24.25MB thread-reservation=1 runtime-filters-memory=1.00MB
|  |  |  max-parallelism=10 segment-costs=[3439]
|  |  JOIN BUILD
|  |  |  join-table-id=02 plan-id=03 cohort-id=02
|  |  |  build expressions: tpcds_partitioned_parquet_snap.date_dim_1.d_date_sk
|  |  |  runtime filters: RF016[bloom] <- tpcds_partitioned_parquet_snap.date_dim_1.d_date_sk
|  |  |  mem-estimate=23.25MB mem-reservation=23.25MB spill-buffer=64.00KB thread-reservation=0 cost=1479
|  |  |
|  |  67:EXCHANGE [BROADCAST]
|  |  |  mem-estimate=23.55KB mem-reservation=0B thread-reservation=0
|  |  |  tuple-ids=20 row-size=8B cardinality=1.48K cost=1960
|  |  |  in pipelines: 19(GETNEXT)
|  |  |
|  |  F13:PLAN FRAGMENT [RANDOM] hosts=1 instances=1
|  |  Per-Instance Resources: mem-estimate=16.05MB mem-reservation=512.00KB thread-reservation=1
|  |  max-parallelism=1 segment-costs=[10530]
|  |  19:SCAN HDFS [tpcds_partitioned_parquet_snap.date_dim, RANDOM]
|  |     HDFS partitions=1/1 files=1 size=2.17MB
|  |     predicates: tpcds_partitioned_parquet_snap.date_dim_1.d_year = CAST(2000 AS INT) OR tpcds_partitioned_parquet_snap.date_dim_1.d_year = add(CAST(2000 AS INT), CAST(1 AS INT)) OR tpcds_partitioned_parquet_snap.date_dim_1.d_year = add(CAST(2000 AS INT), CAST(2 AS INT)) OR tpcds_partitioned_parquet_snap.date_dim_1.d_year = add(CAST(2000 AS INT), CAST(3 AS INT))
|  |     stored statistics:
|  |       table: rows=73.05K size=2.17MB
|  |       columns: all
|  |     extrapolated-rows=disabled max-scan-range-rows=73.05K
|  |     parquet dictionary predicates: tpcds_partitioned_parquet_snap.date_dim_1.d_year = CAST(2000 AS INT) OR tpcds_partitioned_parquet_snap.date_dim_1.d_year = add(CAST(2000 AS INT), CAST(1 AS INT)) OR tpcds_partitioned_parquet_snap.date_dim_1.d_year = add(CAST(2000 AS INT), CAST(2 AS INT)) OR tpcds_partitioned_parquet_snap.date_dim_1.d_year = add(CAST(2000 AS INT), CAST(3 AS INT))
|  |     mem-estimate=16.00MB mem-reservation=512.00KB thread-reservation=0
|  |     tuple-ids=20 row-size=8B cardinality=1.48K cost=10467
|  |     in pipelines: 19(GETNEXT)
|  |
|  18:SCAN HDFS [tpcds_partitioned_parquet_snap.store_sales, RANDOM]
|     HDFS partitions=1824/1824 files=1824 size=389.90GB
|     runtime filters: RF015[min_max] -> tpcds_partitioned_parquet_snap.store_sales_1.ss_customer_sk, RF016[bloom] -> tpcds_partitioned_parquet_snap.store_sales_1.ss_sold_date_sk
|     stored statistics:
|       table: rows=8.64G size=389.90GB
|       partitions: 1824/1824 rows=8.64G
|       columns: all
|     extrapolated-rows=disabled max-scan-range-rows=390.22M est-scan-range=1479(filtered from 1824)
|     mem-estimate=16.00MB mem-reservation=8.00MB thread-reservation=0
|     tuple-ids=18 row-size=16B cardinality=7.01G(filtered from 8.64G) cost=1614121787
|     in pipelines: 18(GETNEXT)
|
17:HASH JOIN [INNER JOIN, PARTITIONED]
|  hash-table-id=03
|  hash predicates: tpcds_partitioned_parquet_snap.catalog_sales.cs_bill_customer_sk = tpcds_partitioned_parquet_snap.customer.c_customer_sk
|  fk/pk conjuncts: none
|  mem-estimate=0B mem-reservation=0B spill-buffer=2.00MB thread-reservation=0
|  tuple-ids=9,5,7,4 row-size=92B cardinality=23.38M cost=10233312
|  in pipelines: 57(GETNEXT), 65(OPEN)
|
|--F41:PLAN FRAGMENT [HASH(tpcds_partitioned_parquet_snap.customer.c_customer_sk)] hosts=10 instances=20 (adjusted from 120)
|  |  Per-Instance Resources: mem-estimate=112.79MB mem-reservation=68.00MB thread-reservation=1
|  |  max-parallelism=20 segment-costs=[1665300897, 30000000] cpu-comparison-result=120 [max(20 (self) vs 120 (sum children))]
|  JOIN BUILD
|  |  join-table-id=03 plan-id=04 cohort-id=01
|  |  build expressions: tpcds_partitioned_parquet_snap.customer.c_customer_sk
|  |  runtime filters: RF001[min_max] <- tpcds_partitioned_parquet_snap.customer.c_customer_sk
|  |  mem-estimate=67.01MB mem-reservation=34.00MB spill-buffer=2.00MB thread-reservation=0 cost=30000000
|  |
|  65:AGGREGATE [FINALIZE]
|  |  output: sum:merge(multiply(tpcds_partitioned_parquet_snap.store_sales.ss_quantity, tpcds_partitioned_parquet_snap.store_sales.ss_sales_price))
|  |  group by: tpcds_partitioned_parquet_snap.customer.c_customer_sk
|  |  mem-estimate=45.78MB mem-reservation=34.00MB spill-buffer=2.00MB thread-reservation=0
|  |  tuple-ids=4 row-size=20B cardinality=30.00M cost=1014903515
|  |  in pipelines: 65(GETNEXT), 01(OPEN)
|  |
|  64:EXCHANGE [HASH(tpcds_partitioned_parquet_snap.customer.c_customer_sk)]
|  |  mem-estimate=12.81MB mem-reservation=0B thread-reservation=0
|  |  tuple-ids=4 row-size=20B cardinality=3.20G cost=650397382
|  |  in pipelines: 01(GETNEXT)
|  |
|  F09:PLAN FRAGMENT [RANDOM] hosts=10 instances=120
|  Per-Instance Resources: mem-estimate=933.40MB mem-reservation=42.00MB thread-reservation=1
|  max-parallelism=1570 segment-costs=[15633529457, 5774478385] cpu-comparison-result=120 [max(120 (self) vs 20 (sum children))]
|  04:AGGREGATE [STREAMING]
|  |  output: sum(multiply(CAST(tpcds_partitioned_parquet_snap.store_sales.ss_quantity AS DECIMAL(10,0)), tpcds_partitioned_parquet_snap.store_sales.ss_sales_price))
|  |  group by: tpcds_partitioned_parquet_snap.customer.c_customer_sk
|  |  mem-estimate=915.53MB mem-reservation=34.00MB spill-buffer=2.00MB thread-reservation=0
|  |  tuple-ids=4 row-size=20B cardinality=3.20G cost=10669051480
|  |  in pipelines: 01(GETNEXT)
|  |
|  03:HASH JOIN [INNER JOIN, BROADCAST]
|  |  hash-table-id=04
|  |  hash predicates: tpcds_partitioned_parquet_snap.store_sales.ss_customer_sk = tpcds_partitioned_parquet_snap.customer.c_customer_sk
|  |  fk/pk conjuncts: tpcds_partitioned_parquet_snap.store_sales.ss_customer_sk = tpcds_partitioned_parquet_snap.customer.c_customer_sk
|  |  mem-estimate=0B mem-reservation=0B spill-buffer=2.00MB thread-reservation=0
|  |  tuple-ids=0,2 row-size=16B cardinality=7.93G cost=3471497176
|  |  in pipelines: 01(GETNEXT), 02(OPEN)
|  |
|  |--F42:PLAN FRAGMENT [RANDOM] hosts=10 instances=10
|  |  |  Per-Instance Resources: mem-estimate=892.52MB mem-reservation=408.00MB thread-reservation=1
|  |  |  max-parallelism=10 segment-costs=[69869990]
|  |  JOIN BUILD
|  |  |  join-table-id=04 plan-id=05 cohort-id=03
|  |  |  build expressions: tpcds_partitioned_parquet_snap.customer.c_customer_sk
|  |  |  runtime filters: RF013[min_max] <- tpcds_partitioned_parquet_snap.customer.c_customer_sk
|  |  |  mem-estimate=882.44MB mem-reservation=408.00MB spill-buffer=2.00MB thread-reservation=0 cost=30000000
|  |  |
|  |  63:EXCHANGE [BROADCAST]
|  |  |  mem-estimate=10.08MB mem-reservation=0B thread-reservation=0
|  |  |  tuple-ids=2 row-size=4B cardinality=30.00M cost=39869990
|  |  |  in pipelines: 02(GETNEXT)
|  |  |
|  |  F10:PLAN FRAGMENT [RANDOM] hosts=10 instances=10
|  |  Per-Instance Resources: mem-estimate=16.03MB mem-reservation=1.00MB thread-reservation=1
|  |  max-parallelism=10 segment-costs=[2700000]
|  |  02:SCAN HDFS [tpcds_partitioned_parquet_snap.customer, RANDOM]
|  |     HDFS partitions=1/1 files=1 size=1.55GB
|  |     stored statistics:
|  |       table: rows=30.00M size=1.55GB
|  |       columns: all
|  |     extrapolated-rows=disabled max-scan-range-rows=3.10M
|  |     mem-estimate=16.00MB mem-reservation=1.00MB thread-reservation=0
|  |     tuple-ids=2 row-size=4B cardinality=30.00M cost=1728000
|  |     in pipelines: 02(GETNEXT)
|  |
|  01:SCAN HDFS [tpcds_partitioned_parquet_snap.store_sales, RANDOM]
|     HDFS partitions=1824/1824 files=1824 size=389.90GB
|     runtime filters: RF013[min_max] -> tpcds_partitioned_parquet_snap.store_sales.ss_customer_sk
|     stored statistics:
|       table: rows=8.64G size=389.90GB
|       partitions: 1824/1824 rows=8.64G
|       columns: all
|     extrapolated-rows=disabled max-scan-range-rows=390.22M
|     mem-estimate=16.00MB mem-reservation=8.00MB thread-reservation=0
|     tuple-ids=0 row-size=12B cardinality=7.93G(filtered from 8.64G) cost=1492980801
|     in pipelines: 01(GETNEXT)
|
66:EXCHANGE [HASH(tpcds_partitioned_parquet_snap.catalog_sales.cs_bill_customer_sk)]
|  mem-estimate=13.28MB mem-reservation=0B thread-reservation=0
|  tuple-ids=9,5,7 row-size=72B cardinality=23.38M cost=12058106
|  in pipelines: 57(GETNEXT)
|
F08:PLAN FRAGMENT [HASH(tpcds_partitioned_parquet_snap.catalog_sales.cs_item_sk)] hosts=10 instances=40 (adjusted from 120)
Per-Instance Resources: mem-estimate=20.31MB mem-reservation=0B thread-reservation=1
max-parallelism=50 segment-costs=[496321277]
16:HASH JOIN [RIGHT SEMI JOIN, PARTITIONED]
|  hash-table-id=05
|  hash predicates: tpcds_partitioned_parquet_snap.item.i_item_sk = tpcds_partitioned_parquet_snap.catalog_sales.cs_item_sk
|  mem-estimate=0B mem-reservation=0B spill-buffer=2.00MB thread-reservation=0
|  tuple-ids=9,5,7 row-size=72B cardinality=23.38M cost=183843757
|  in pipelines: 57(GETNEXT), 08(OPEN)
|
|--F43:PLAN FRAGMENT [HASH(tpcds_partitioned_parquet_snap.catalog_sales.cs_item_sk)] hosts=10 instances=40 (adjusted from 120)
|  |  Per-Instance Resources: mem-estimate=80.76MB mem-reservation=35.00MB thread-reservation=1 runtime-filters-memory=1.00MB
|  |  max-parallelism=50 segment-costs=[35455566] cpu-comparison-result=70 [max(70 (self) vs 40 (sum children))]
|  JOIN BUILD
|  |  join-table-id=05 plan-id=06 cohort-id=01
|  |  build expressions: tpcds_partitioned_parquet_snap.catalog_sales.cs_item_sk
|  |  runtime filters: RF002[bloom] <- tpcds_partitioned_parquet_snap.catalog_sales.cs_item_sk, RF003[min_max] <- tpcds_partitioned_parquet_snap.catalog_sales.cs_item_sk
|  |  mem-estimate=68.12MB mem-reservation=34.00MB spill-buffer=2.00MB thread-reservation=0 cost=23391431
|  |
|  62:EXCHANGE [HASH(tpcds_partitioned_parquet_snap.catalog_sales.cs_item_sk)]
|  |  mem-estimate=11.64MB mem-reservation=0B thread-reservation=0
|  |  tuple-ids=9,5,7 row-size=72B cardinality=23.39M cost=12064135
|  |  in pipelines: 08(GETNEXT)
|  |
|  F07:PLAN FRAGMENT [HASH(tpcds_partitioned_parquet_snap.customer_0.c_customer_sk)] hosts=10 instances=20 (adjusted from 10)
|  Per-Instance Resources: mem-estimate=23.55MB mem-reservation=0B thread-reservation=1
|  max-parallelism=20 segment-costs=[162856500]
|  09:HASH JOIN [INNER JOIN, PARTITIONED]
|  |  hash-table-id=06
|  |  hash predicates: tpcds_partitioned_parquet_snap.customer_0.c_customer_sk = tpcds_partitioned_parquet_snap.catalog_sales.cs_bill_customer_sk
|  |  fk/pk conjuncts: tpcds_partitioned_parquet_snap.customer_0.c_customer_sk = tpcds_partitioned_parquet_snap.catalog_sales.cs_bill_customer_sk
|  |  mem-estimate=0B mem-reservation=0B spill-buffer=2.00MB thread-reservation=0
|  |  tuple-ids=9,5,7 row-size=72B cardinality=23.39M cost=10774562
|  |  in pipelines: 08(GETNEXT), 05(OPEN)
|  |
|  |--F44:PLAN FRAGMENT [HASH(tpcds_partitioned_parquet_snap.customer_0.c_customer_sk)] hosts=10 instances=20 (adjusted from 10)
|  |  |  Per-Instance Resources: mem-estimate=104.06MB mem-reservation=50.00MB thread-reservation=1 runtime-filters-memory=16.00MB
|  |  |  max-parallelism=20 segment-costs=[33001243] cpu-comparison-result=40 [max(40 (self) vs 11 (sum children))]
|  |  JOIN BUILD
|  |  |  join-table-id=06 plan-id=07 cohort-id=04
|  |  |  build expressions: tpcds_partitioned_parquet_snap.catalog_sales.cs_bill_customer_sk
|  |  |  runtime filters: RF008[bloom] <- tpcds_partitioned_parquet_snap.catalog_sales.cs_bill_customer_sk, RF009[min_max] <- tpcds_partitioned_parquet_snap.catalog_sales.cs_bill_customer_sk
|  |  |  mem-estimate=77.28MB mem-reservation=34.00MB spill-buffer=2.00MB thread-reservation=0 cost=25481618
|  |  |
|  |  60:EXCHANGE [HASH(tpcds_partitioned_parquet_snap.catalog_sales.cs_bill_customer_sk)]
|  |  |  mem-estimate=10.78MB mem-reservation=0B thread-reservation=0
|  |  |  tuple-ids=5,7 row-size=32B cardinality=25.48M cost=7519625
|  |  |  in pipelines: 05(GETNEXT)
|  |  |
|  |  F05:PLAN FRAGMENT [RANDOM] hosts=10 instances=20 (adjusted from 120)
|  |  Per-Host Shared Resources: mem-estimate=1.00MB mem-reservation=1.00MB thread-reservation=0 runtime-filters-memory=1.00MB
|  |  Per-Instance Resources: mem-estimate=19.12MB mem-reservation=1.00MB thread-reservation=1
|  |  max-parallelism=20 segment-costs=[170469474]
|  |  07:HASH JOIN [INNER JOIN, BROADCAST]
|  |  |  hash-table-id=07
|  |  |  hash predicates: tpcds_partitioned_parquet_snap.catalog_sales.cs_sold_date_sk = tpcds_partitioned_parquet_snap.date_dim.d_date_sk
|  |  |  fk/pk conjuncts: tpcds_partitioned_parquet_snap.catalog_sales.cs_sold_date_sk = tpcds_partitioned_parquet_snap.date_dim.d_date_sk
|  |  |  mem-estimate=0B mem-reservation=0B spill-buffer=64.00KB thread-reservation=0
|  |  |  tuple-ids=5,7 row-size=32B cardinality=25.48M cost=11153304
|  |  |  in pipelines: 05(GETNEXT), 06(OPEN)
|  |  |
|  |  |--F45:PLAN FRAGMENT [RANDOM] hosts=10 instances=10
|  |  |  |  Per-Instance Resources: mem-estimate=4.89MB mem-reservation=4.88MB thread-reservation=1 runtime-filters-memory=1.00MB
|  |  |  |  max-parallelism=10 segment-costs=[248]
|  |  |  JOIN BUILD
|  |  |  |  join-table-id=07 plan-id=08 cohort-id=05
|  |  |  |  build expressions: tpcds_partitioned_parquet_snap.date_dim.d_date_sk
|  |  |  |  runtime filters: RF010[bloom] <- tpcds_partitioned_parquet_snap.date_dim.d_date_sk
|  |  |  |  mem-estimate=3.88MB mem-reservation=3.88MB spill-buffer=64.00KB thread-reservation=0 cost=108
|  |  |  |
|  |  |  58:EXCHANGE [BROADCAST]
|  |  |  |  mem-estimate=16.00KB mem-reservation=0B thread-reservation=0
|  |  |  |  tuple-ids=7 row-size=12B cardinality=108 cost=140
|  |  |  |  in pipelines: 06(GETNEXT)
|  |  |  |
|  |  |  F06:PLAN FRAGMENT [RANDOM] hosts=1 instances=1
|  |  |  Per-Instance Resources: mem-estimate=16.06MB mem-reservation=512.00KB thread-reservation=1
|  |  |  max-parallelism=1 segment-costs=[16733]
|  |  |  06:SCAN HDFS [tpcds_partitioned_parquet_snap.date_dim, RANDOM]
|  |  |     HDFS partitions=1/1 files=1 size=2.17MB
|  |  |     predicates: tpcds_partitioned_parquet_snap.date_dim.d_year = CAST(2000 AS INT), tpcds_partitioned_parquet_snap.date_dim.d_moy = CAST(5 AS INT)
|  |  |     stored statistics:
|  |  |       table: rows=73.05K size=2.17MB
|  |  |       columns: all
|  |  |     extrapolated-rows=disabled max-scan-range-rows=73.05K
|  |  |     parquet statistics predicates: tpcds_partitioned_parquet_snap.date_dim.d_year = CAST(2000 AS INT), tpcds_partitioned_parquet_snap.date_dim.d_moy = CAST(5 AS INT)
|  |  |     parquet dictionary predicates: tpcds_partitioned_parquet_snap.date_dim.d_year = CAST(2000 AS INT), tpcds_partitioned_parquet_snap.date_dim.d_moy = CAST(5 AS INT)
|  |  |     mem-estimate=16.00MB mem-reservation=512.00KB thread-reservation=0
|  |  |     tuple-ids=7 row-size=12B cardinality=108 cost=16728
|  |  |     in pipelines: 06(GETNEXT)
|  |  |
|  |  05:SCAN HDFS [tpcds_partitioned_parquet_snap.catalog_sales, RANDOM]
|  |     HDFS partitions=1831/1831 files=1831 size=280.96GB
|  |     predicates: is_not_null_pred(tpcds_partitioned_parquet_snap.catalog_sales.cs_item_sk)
|  |     runtime filters: RF001[min_max] -> tpcds_partitioned_parquet_snap.catalog_sales.cs_bill_customer_sk, RF010[bloom] -> tpcds_partitioned_parquet_snap.catalog_sales.cs_sold_date_sk
|  |     stored statistics:
|  |       table: rows=4.32G size=280.96GB
|  |       partitions: 1831/1831 rows=4.32G
|  |       columns: all
|  |     extrapolated-rows=disabled max-scan-range-rows=21.52M est-scan-range=109(filtered from 1831)
|  |     parquet dictionary predicates: is_not_null_pred(tpcds_partitioned_parquet_snap.catalog_sales.cs_item_sk)
|  |     mem-estimate=16.00MB mem-reservation=1.00MB thread-reservation=0
|  |     tuple-ids=5 row-size=20B cardinality=25.48M(filtered from 432.01M) cost=80547393
|  |     in pipelines: 05(GETNEXT)
|  |
|  59:EXCHANGE [HASH(tpcds_partitioned_parquet_snap.customer_0.c_customer_sk)]
|  |  mem-estimate=10.43MB mem-reservation=0B thread-reservation=0
|  |  tuple-ids=9 row-size=40B cardinality=25.48M(filtered from 30.00M) cost=7515808
|  |  in pipelines: 08(GETNEXT)
|  |
|  F04:PLAN FRAGMENT [RANDOM] hosts=10 instances=10
|  Per-Host Shared Resources: mem-estimate=16.00MB mem-reservation=16.00MB thread-reservation=0 runtime-filters-memory=16.00MB
|  Per-Instance Resources: mem-estimate=19.43MB mem-reservation=1.00MB thread-reservation=1
|  max-parallelism=10 segment-costs=[85613275]
|  08:SCAN HDFS [tpcds_partitioned_parquet_snap.customer, RANDOM]
|     HDFS partitions=1/1 files=1 size=1.55GB
|     runtime filters: RF009[min_max] -> tpcds_partitioned_parquet_snap.customer_0.c_customer_sk, RF001[min_max] -> tpcds_partitioned_parquet_snap.customer_0.c_customer_sk, RF008[bloom] -> tpcds_partitioned_parquet_snap.customer_0.c_customer_sk
|     stored statistics:
|       table: rows=30.00M size=1.55GB
|       columns: all
|     extrapolated-rows=disabled max-scan-range-rows=3.10M
|     mem-estimate=16.00MB mem-reservation=1.00MB thread-reservation=0
|     tuple-ids=9 row-size=40B cardinality=25.48M(filtered from 30.00M) cost=6897933
|     in pipelines: 08(GETNEXT)
|
61:EXCHANGE [HASH(tpcds_partitioned_parquet_snap.item.i_item_sk)]
|  mem-estimate=13.75MB mem-reservation=0B thread-reservation=0
|  tuple-ids=17 row-size=28B cardinality=700.22M cost=167983637
|  in pipelines: 57(GETNEXT)
|
F03:PLAN FRAGMENT [HASH(substr(tpcds_partitioned_parquet_snap.item.i_item_desc, 1, 30),tpcds_partitioned_parquet_snap.item.i_item_sk,tpcds_partitioned_parquet_snap.date_dim_0.d_date)] hosts=10 instances=120
Per-Instance Resources: mem-estimate=954.24MB mem-reservation=34.00MB thread-reservation=1
max-parallelism=4310 segment-costs=[43011233450, 1623398350] cpu-comparison-result=120 [max(120 (self) vs 120 (sum children))]
57:AGGREGATE [FINALIZE]
|  output: count:merge()
|  group by: substr(tpcds_partitioned_parquet_snap.item.i_item_desc, 1, 30), tpcds_partitioned_parquet_snap.item.i_item_sk, tpcds_partitioned_parquet_snap.date_dim_0.d_date
|  having: count() > CAST(4 AS BIGINT)
|  mem-estimate=940.49MB mem-reservation=34.00MB spill-buffer=2.00MB thread-reservation=0
|  tuple-ids=17 row-size=28B cardinality=700.22M cost=41331397080
|  in pipelines: 57(GETNEXT), 10(OPEN)
|
56:EXCHANGE [HASH(substr(tpcds_partitioned_parquet_snap.item.i_item_desc, 1, 30),tpcds_partitioned_parquet_snap.item.i_item_sk,tpcds_partitioned_parquet_snap.date_dim_0.d_date)]
|  mem-estimate=13.75MB mem-reservation=0B thread-reservation=0
|  tuple-ids=17 row-size=28B cardinality=7.00G cost=1679836370
|  in pipelines: 10(GETNEXT)
|
F00:PLAN FRAGMENT [RANDOM] hosts=10 instances=120
Per-Host Shared Resources: mem-estimate=2.00MB mem-reservation=2.00MB thread-reservation=0 runtime-filters-memory=2.00MB
Per-Instance Resources: mem-estimate=832.37MB mem-reservation=38.00MB thread-reservation=1
max-parallelism=1479 segment-costs=[48270645674, 16233983497] cpu-comparison-result=120 [max(120 (self) vs 25 (sum children))]
15:AGGREGATE [STREAMING]
|  output: count()
|  group by: substr(tpcds_partitioned_parquet_snap.item.i_item_desc, CAST(1 AS BIGINT), CAST(30 AS BIGINT)), tpcds_partitioned_parquet_snap.item.i_item_sk, tpcds_partitioned_parquet_snap.date_dim_0.d_date
|  mem-estimate=801.37MB mem-reservation=34.00MB spill-buffer=2.00MB thread-reservation=0
|  tuple-ids=17 row-size=28B cardinality=7.00G cost=41331397080
|  in pipelines: 10(GETNEXT)
|
14:HASH JOIN [INNER JOIN, BROADCAST]
|  hash-table-id=08
|  hash predicates: tpcds_partitioned_parquet_snap.store_sales_0.ss_item_sk = tpcds_partitioned_parquet_snap.item.i_item_sk
|  fk/pk conjuncts: tpcds_partitioned_parquet_snap.store_sales_0.ss_item_sk = tpcds_partitioned_parquet_snap.item.i_item_sk
|  mem-estimate=0B mem-reservation=0B spill-buffer=2.00MB thread-reservation=0
|  tuple-ids=11,13,15 row-size=137B cardinality=7.00G cost=3065776649
|  in pipelines: 10(GETNEXT), 13(OPEN)
|
|--F46:PLAN FRAGMENT [RANDOM] hosts=10 instances=10
|  |  Per-Instance Resources: mem-estimate=418.47MB mem-reservation=408.00MB thread-reservation=1
|  |  max-parallelism=10 segment-costs=[838440]
|  JOIN BUILD
|  |  join-table-id=08 plan-id=09 cohort-id=01
|  |  build expressions: tpcds_partitioned_parquet_snap.item.i_item_sk
|  |  runtime filters: RF005[min_max] <- tpcds_partitioned_parquet_snap.item.i_item_sk
|  |  mem-estimate=408.00MB mem-reservation=408.00MB spill-buffer=2.00MB thread-reservation=0 cost=360000
|  |
|  55:EXCHANGE [BROADCAST]
|  |  mem-estimate=10.47MB mem-reservation=0B thread-reservation=0
|  |  tuple-ids=15 row-size=117B cardinality=360.00K cost=478440
|  |  in pipelines: 13(GETNEXT)
|  |
|  F02:PLAN FRAGMENT [RANDOM] hosts=4 instances=4
|  Per-Host Shared Resources: mem-estimate=1.00MB mem-reservation=1.00MB thread-reservation=0 runtime-filters-memory=1.00MB
|  Per-Instance Resources: mem-estimate=16.47MB mem-reservation=512.00KB thread-reservation=1
|  max-parallelism=4 segment-costs=[663353]
|  13:SCAN HDFS [tpcds_partitioned_parquet_snap.item, RANDOM]
|     HDFS partitions=1/1 files=1 size=33.54MB
|     runtime filters: RF003[min_max] -> tpcds_partitioned_parquet_snap.item.i_item_sk, RF002[bloom] -> tpcds_partitioned_parquet_snap.item.i_item_sk
|     stored statistics:
|       table: rows=360.00K size=33.54MB
|       columns: all
|     extrapolated-rows=disabled max-scan-range-rows=101.54K
|     mem-estimate=16.00MB mem-reservation=512.00KB thread-reservation=0
|     tuple-ids=15 row-size=117B cardinality=360.00K cost=542243
|     in pipelines: 13(GETNEXT)
|
12:HASH JOIN [INNER JOIN, BROADCAST]
|  hash-table-id=09
|  hash predicates: tpcds_partitioned_parquet_snap.store_sales_0.ss_sold_date_sk = tpcds_partitioned_parquet_snap.date_dim_0.d_date_sk
|  fk/pk conjuncts: tpcds_partitioned_parquet_snap.store_sales_0.ss_sold_date_sk = tpcds_partitioned_parquet_snap.date_dim_0.d_date_sk
|  mem-estimate=0B mem-reservation=0B spill-buffer=64.00KB thread-reservation=0
|  tuple-ids=11,13 row-size=20B cardinality=7.01G cost=3066411052
|  in pipelines: 10(GETNEXT), 11(OPEN)
|
|--F47:PLAN FRAGMENT [RANDOM] hosts=10 instances=10
|  |  Per-Instance Resources: mem-estimate=24.28MB mem-reservation=24.25MB thread-reservation=1 runtime-filters-memory=1.00MB
|  |  max-parallelism=10 segment-costs=[3439]
|  JOIN BUILD
|  |  join-table-id=09 plan-id=10 cohort-id=01
|  |  build expressions: tpcds_partitioned_parquet_snap.date_dim_0.d_date_sk
|  |  runtime filters: RF006[bloom] <- tpcds_partitioned_parquet_snap.date_dim_0.d_date_sk
|  |  mem-estimate=23.25MB mem-reservation=23.25MB spill-buffer=64.00KB thread-reservation=0 cost=1479
|  |
|  54:EXCHANGE [BROADCAST]
|  |  mem-estimate=33.33KB mem-reservation=0B thread-reservation=0
|  |  tuple-ids=13 row-size=12B cardinality=1.48K cost=1960
|  |  in pipelines: 11(GETNEXT)
|  |
|  F01:PLAN FRAGMENT [RANDOM] hosts=1 instances=1
|  Per-Instance Resources: mem-estimate=16.06MB mem-reservation=1.00MB thread-reservation=1
|  max-parallelism=1 segment-costs=[14754]
|  11:SCAN HDFS [tpcds_partitioned_parquet_snap.date_dim, RANDOM]
|     HDFS partitions=1/1 files=1 size=2.17MB
|     predicates: tpcds_partitioned_parquet_snap.date_dim_0.d_year = CAST(2000 AS INT) OR tpcds_partitioned_parquet_snap.date_dim_0.d_year = add(CAST(2000 AS INT), CAST(1 AS INT)) OR tpcds_partitioned_parquet_snap.date_dim_0.d_year = add(CAST(2000 AS INT), CAST(2 AS INT)) OR tpcds_partitioned_parquet_snap.date_dim_0.d_year = add(CAST(2000 AS INT), CAST(3 AS INT))
|     stored statistics:
|       table: rows=73.05K size=2.17MB
|       columns: all
|     extrapolated-rows=disabled max-scan-range-rows=73.05K
|     parquet dictionary predicates: tpcds_partitioned_parquet_snap.date_dim_0.d_year = CAST(2000 AS INT) OR tpcds_partitioned_parquet_snap.date_dim_0.d_year = add(CAST(2000 AS INT), CAST(1 AS INT)) OR tpcds_partitioned_parquet_snap.date_dim_0.d_year = add(CAST(2000 AS INT), CAST(2 AS INT)) OR tpcds_partitioned_parquet_snap.date_dim_0.d_year = add(CAST(2000 AS INT), CAST(3 AS INT))
|     mem-estimate=16.00MB mem-reservation=1.00MB thread-reservation=0
|     tuple-ids=13 row-size=12B cardinality=1.48K cost=14675
|     in pipelines: 11(GETNEXT)
|
10:SCAN HDFS [tpcds_partitioned_parquet_snap.store_sales, RANDOM]
   HDFS partitions=1824/1824 files=1824 size=389.90GB
   runtime filters: RF003[min_max] -> tpcds_partitioned_parquet_snap.store_sales_0.ss_item_sk, RF005[min_max] -> tpcds_partitioned_parquet_snap.store_sales_0.ss_item_sk, RF002[bloom] -> tpcds_partitioned_parquet_snap.store_sales_0.ss_item_sk, RF006[bloom] -> tpcds_partitioned_parquet_snap.store_sales_0.ss_sold_date_sk
   stored statistics:
     table: rows=8.64G size=389.90GB
     partitions: 1824/1824 rows=8.64G
     columns: all
   extrapolated-rows=disabled max-scan-range-rows=390.22M est-scan-range=1479(filtered from 1824)
   mem-estimate=16.00MB mem-reservation=4.00MB thread-reservation=0
   tuple-ids=11 row-size=8B cardinality=7.01G(filtered from 8.64G) cost=807060893
   in pipelines: 10(GETNEXT)
---- PARALLELPLANS
Max Per-Host Resource Reservation: Memory=7.26GB Threads=168
Per-Host Resource Estimates: Memory=92.58GB
F37:PLAN FRAGMENT [UNPARTITIONED] hosts=1 instances=1
|  Per-Instance Resources: mem-estimate=4.08MB mem-reservation=4.00MB thread-reservation=1
|  max-parallelism=1 segment-costs=[333] cpu-comparison-result=850 [max(1 (self) vs 850 (sum children))]
PLAN-ROOT SINK
|  output exprs: C_LAST_NAME, C_FIRST_NAME, SALES
|  mem-estimate=4.00MB mem-reservation=4.00MB spill-buffer=2.00MB thread-reservation=0 cost=300
|
98:MERGING-EXCHANGE [UNPARTITIONED]
|  order by: C_LAST_NAME ASC NULLS LAST, C_FIRST_NAME ASC NULLS LAST, SALES ASC NULLS LAST
|  limit: 100
|  mem-estimate=86.33KB mem-reservation=0B thread-reservation=0
|  tuple-ids=55 row-size=40B cardinality=100 cost=33
|  in pipelines: 53(GETNEXT)
|
F36:PLAN FRAGMENT [RANDOM] hosts=10 instances=20 (adjusted from 120)
Per-Instance Resources: mem-estimate=82.41MB mem-reservation=34.00MB thread-reservation=1
max-parallelism=20 segment-costs=[146187680, 73553544, 496664800, 136] cpu-comparison-result=850 [max(20 (self) vs 850 (sum children))]
53:TOP-N [LIMIT=100]
|  order by: C_LAST_NAME ASC NULLS LAST, C_FIRST_NAME ASC NULLS LAST, SALES ASC NULLS LAST
|  mem-estimate=3.91KB mem-reservation=0B thread-reservation=0
|  tuple-ids=55 row-size=40B cardinality=100 cost=496664800
|  in pipelines: 53(GETNEXT), 75(OPEN), 97(OPEN)
|
00:UNION
|  pass-through-operands: all
|  mem-estimate=0B mem-reservation=0B thread-reservation=0
|  tuple-ids=54 row-size=40B cardinality=35.14M cost=0
|  in pipelines: 75(GETNEXT), 97(GETNEXT)
|
|--97:AGGREGATE [FINALIZE]
|  |  output: sum:merge(multiply(tpcds_partitioned_parquet_snap.web_sales.ws_quantity, tpcds_partitioned_parquet_snap.web_sales.ws_list_price))
|  |  group by: tpcds_partitioned_parquet_snap.customer_3.c_last_name, tpcds_partitioned_parquet_snap.customer_3.c_first_name
|  |  mem-estimate=35.88MB mem-reservation=34.00MB spill-buffer=2.00MB thread-reservation=0
|  |  tuple-ids=53 row-size=52B cardinality=11.76M cost=69434591
|  |  in pipelines: 97(GETNEXT), 79(OPEN)
|  |
|  96:EXCHANGE [HASH(tpcds_partitioned_parquet_snap.customer_3.c_last_name,tpcds_partitioned_parquet_snap.customer_3.c_first_name)]
|  |  mem-estimate=10.55MB mem-reservation=0B thread-reservation=0
|  |  tuple-ids=53 row-size=52B cardinality=11.76M cost=4118953
|  |  in pipelines: 79(GETNEXT)
|  |
|  F29:PLAN FRAGMENT [HASH(tpcds_partitioned_parquet_snap.customer_2.c_customer_sk)] hosts=10 instances=10 (adjusted from 120)
|  Per-Instance Resources: mem-estimate=71.47MB mem-reservation=34.00MB thread-reservation=1
|  max-parallelism=10 segment-costs=[83060716, 45429074] cpu-comparison-result=420 [max(50 (self) vs 420 (sum children))]
|  52:AGGREGATE [STREAMING]
|  |  output: sum(multiply(CAST(tpcds_partitioned_parquet_snap.web_sales.ws_quantity AS DECIMAL(10,0)), tpcds_partitioned_parquet_snap.web_sales.ws_list_price))
|  |  group by: tpcds_partitioned_parquet_snap.customer_3.c_last_name, tpcds_partitioned_parquet_snap.customer_3.c_first_name
|  |  mem-estimate=53.82MB mem-reservation=34.00MB spill-buffer=2.00MB thread-reservation=0
|  |  tuple-ids=53 row-size=52B cardinality=11.76M cost=69434591
|  |  in pipelines: 79(GETNEXT)
|  |
|  51:NESTED LOOP JOIN [INNER JOIN, BROADCAST]
|  |  join table id: 10
|  |  join predicates: sum(multiply(tpcds_partitioned_parquet_snap.store_sales_2.ss_quantity, tpcds_partitioned_parquet_snap.store_sales_2.ss_sales_price)) > multiply(divide(CAST(95 AS DECIMAL(3,0)), CAST(100.0 AS DECIMAL(4,1))), max(sum(multiply(tpcds_partitioned_parquet_snap.store_sales_4.ss_quantity, tpcds_partitioned_parquet_snap.store_sales_4.ss_sales_price))))
|  |  mem-estimate=0B mem-reservation=0B thread-reservation=0
|  |  tuple-ids=36,32,34,31,52 row-size=108B cardinality=11.76M cost=2410318
|  |  in pipelines: 79(GETNEXT), 94(OPEN)
|  |
|  |--F48:PLAN FRAGMENT [HASH(tpcds_partitioned_parquet_snap.customer_2.c_customer_sk)] hosts=10 instances=10
|  |  |  Per-Instance Resources: mem-estimate=16.02KB mem-reservation=0B thread-reservation=1
|  |  |  max-parallelism=10 segment-costs=[0] cpu-comparison-result=120 [max(10 (self) vs 120 (sum children))]
|  |  JOIN BUILD
|  |  |  join-table-id=10 plan-id=11 cohort-id=06
|  |  |  mem-estimate=16B mem-reservation=0B thread-reservation=0 cost=0
|  |  |
|  |  95:EXCHANGE [BROADCAST]
|  |  |  mem-estimate=16.00KB mem-reservation=0B thread-reservation=0
|  |  |  tuple-ids=52 row-size=16B cardinality=1 cost=0
|  |  |  in pipelines: 94(GETNEXT)
|  |  |
|  |  F34:PLAN FRAGMENT [UNPARTITIONED] hosts=1 instances=1
|  |  Per-Instance Resources: mem-estimate=109.94KB mem-reservation=0B thread-reservation=1
|  |  max-parallelism=1 segment-costs=[30, 0] cpu-comparison-result=120 [max(1 (self) vs 120 (sum children))]
|  |  94:AGGREGATE [FINALIZE]
|  |  |  output: max:merge(sum(multiply(tpcds_partitioned_parquet_snap.store_sales_4.ss_quantity, tpcds_partitioned_parquet_snap.store_sales_4.ss_sales_price)))
|  |  |  mem-estimate=16.00KB mem-reservation=0B spill-buffer=2.00MB thread-reservation=0
|  |  |  tuple-ids=52 row-size=16B cardinality=1 cost=8
|  |  |  in pipelines: 94(GETNEXT), 50(OPEN)
|  |  |
|  |  93:EXCHANGE [UNPARTITIONED]
|  |  |  mem-estimate=93.94KB mem-reservation=0B thread-reservation=0
|  |  |  tuple-ids=52 row-size=16B cardinality=120 cost=22
|  |  |  in pipelines: 50(GETNEXT)
|  |  |
|  |  F33:PLAN FRAGMENT [HASH(tpcds_partitioned_parquet_snap.customer_4.c_customer_sk)] hosts=10 instances=40 (adjusted from 120)
|  |  Per-Instance Resources: mem-estimate=46.81MB mem-reservation=34.00MB thread-reservation=1
|  |  max-parallelism=160 segment-costs=[1563421020, 2100000, 185] cpu-comparison-result=120 [max(40 (self) vs 120 (sum children))]
|  |  50:AGGREGATE
|  |  |  output: max(sum(multiply(tpcds_partitioned_parquet_snap.store_sales_4.ss_quantity, tpcds_partitioned_parquet_snap.store_sales_4.ss_sales_price)))
|  |  |  mem-estimate=16.00KB mem-reservation=0B spill-buffer=2.00MB thread-reservation=0
|  |  |  tuple-ids=52 row-size=16B cardinality=120 cost=2100000
|  |  |  in pipelines: 50(GETNEXT), 92(OPEN)
|  |  |
|  |  92:AGGREGATE [FINALIZE]
|  |  |  output: sum:merge(multiply(tpcds_partitioned_parquet_snap.store_sales_4.ss_quantity, tpcds_partitioned_parquet_snap.store_sales_4.ss_sales_price))
|  |  |  group by: tpcds_partitioned_parquet_snap.customer_4.c_customer_sk
|  |  |  mem-estimate=34.00MB mem-reservation=34.00MB spill-buffer=2.00MB thread-reservation=0
|  |  |  tuple-ids=51 row-size=20B cardinality=30.00M cost=954774653
|  |  |  in pipelines: 92(GETNEXT), 44(OPEN)
|  |  |
|  |  91:EXCHANGE [HASH(tpcds_partitioned_parquet_snap.customer_4.c_customer_sk)]
|  |  |  mem-estimate=12.81MB mem-reservation=0B thread-reservation=0
|  |  |  tuple-ids=51 row-size=20B cardinality=3.00G cost=608646367
|  |  |  in pipelines: 44(GETNEXT)
|  |  |
|  |  F30:PLAN FRAGMENT [RANDOM] hosts=10 instances=120
|  |  Per-Host Shared Resources: mem-estimate=1.00MB mem-reservation=1.00MB thread-reservation=0 runtime-filters-memory=1.00MB
|  |  Per-Instance Resources: mem-estimate=935.28MB mem-reservation=42.00MB thread-reservation=1
|  |  max-parallelism=1479 segment-costs=[17337114136, 5403796797] cpu-comparison-result=120 [max(120 (self) vs 31 (sum children))]
|  |  49:AGGREGATE [STREAMING]
|  |  |  output: sum(multiply(CAST(tpcds_partitioned_parquet_snap.store_sales_4.ss_quantity AS DECIMAL(10,0)), tpcds_partitioned_parquet_snap.store_sales_4.ss_sales_price))
|  |  |  group by: tpcds_partitioned_parquet_snap.customer_4.c_customer_sk
|  |  |  mem-estimate=915.53MB mem-reservation=34.00MB spill-buffer=2.00MB thread-reservation=0
|  |  |  tuple-ids=51 row-size=20B cardinality=3.00G cost=9694298891
|  |  |  in pipelines: 44(GETNEXT)
|  |  |
|  |  48:HASH JOIN [INNER JOIN, BROADCAST]
|  |  |  hash-table-id=11
|  |  |  hash predicates: tpcds_partitioned_parquet_snap.store_sales_4.ss_customer_sk = tpcds_partitioned_parquet_snap.customer_4.c_customer_sk
|  |  |  fk/pk conjuncts: tpcds_partitioned_parquet_snap.store_sales_4.ss_customer_sk = tpcds_partitioned_parquet_snap.customer_4.c_customer_sk
|  |  |  mem-estimate=0B mem-reservation=0B spill-buffer=2.00MB thread-reservation=0
|  |  |  tuple-ids=45,47,49 row-size=28B cardinality=6.43G cost=2962282406
|  |  |  in pipelines: 44(GETNEXT), 47(OPEN)
|  |  |
|  |  |--F49:PLAN FRAGMENT [RANDOM] hosts=10 instances=10
|  |  |  |  Per-Instance Resources: mem-estimate=892.52MB mem-reservation=408.00MB thread-reservation=1
|  |  |  |  max-parallelism=10 segment-costs=[69869990]
|  |  |  JOIN BUILD
|  |  |  |  join-table-id=11 plan-id=12 cohort-id=07
|  |  |  |  build expressions: tpcds_partitioned_parquet_snap.customer_4.c_customer_sk
|  |  |  |  runtime filters: RF033[min_max] <- tpcds_partitioned_parquet_snap.customer_4.c_customer_sk
|  |  |  |  mem-estimate=882.44MB mem-reservation=408.00MB spill-buffer=2.00MB thread-reservation=0 cost=30000000
|  |  |  |
|  |  |  90:EXCHANGE [BROADCAST]
|  |  |  |  mem-estimate=10.08MB mem-reservation=0B thread-reservation=0
|  |  |  |  tuple-ids=49 row-size=4B cardinality=30.00M cost=39869990
|  |  |  |  in pipelines: 47(GETNEXT)
|  |  |  |
|  |  |  F32:PLAN FRAGMENT [RANDOM] hosts=10 instances=10
|  |  |  Per-Instance Resources: mem-estimate=16.03MB mem-reservation=1.00MB thread-reservation=1
|  |  |  max-parallelism=10 segment-costs=[2700000]
|  |  |  47:SCAN HDFS [tpcds_partitioned_parquet_snap.customer, RANDOM]
|  |  |     HDFS partitions=1/1 files=1 size=1.55GB
|  |  |     stored statistics:
|  |  |       table: rows=30.00M size=1.55GB
|  |  |       columns: all
|  |  |     extrapolated-rows=disabled max-scan-range-rows=3.10M
|  |  |     mem-estimate=16.00MB mem-reservation=1.00MB thread-reservation=0
|  |  |     tuple-ids=49 row-size=4B cardinality=30.00M cost=1728000
|  |  |     in pipelines: 47(GETNEXT)
|  |  |
|  |  46:HASH JOIN [INNER JOIN, BROADCAST]
|  |  |  hash-table-id=12
|  |  |  hash predicates: tpcds_partitioned_parquet_snap.store_sales_4.ss_sold_date_sk = tpcds_partitioned_parquet_snap.date_dim_4.d_date_sk
|  |  |  fk/pk conjuncts: tpcds_partitioned_parquet_snap.store_sales_4.ss_sold_date_sk = tpcds_partitioned_parquet_snap.date_dim_4.d_date_sk
|  |  |  mem-estimate=0B mem-reservation=0B spill-buffer=64.00KB thread-reservation=0
|  |  |  tuple-ids=45,47 row-size=24B cardinality=7.01G cost=3066411052
|  |  |  in pipelines: 44(GETNEXT), 45(OPEN)
|  |  |
|  |  |--F50:PLAN FRAGMENT [RANDOM] hosts=10 instances=10
|  |  |  |  Per-Instance Resources: mem-estimate=24.27MB mem-reservation=24.25MB thread-reservation=1 runtime-filters-memory=1.00MB
|  |  |  |  max-parallelism=10 segment-costs=[3439]
|  |  |  JOIN BUILD
|  |  |  |  join-table-id=12 plan-id=13 cohort-id=07
|  |  |  |  build expressions: tpcds_partitioned_parquet_snap.date_dim_4.d_date_sk
|  |  |  |  runtime filters: RF034[bloom] <- tpcds_partitioned_parquet_snap.date_dim_4.d_date_sk
|  |  |  |  mem-estimate=23.25MB mem-reservation=23.25MB spill-buffer=64.00KB thread-reservation=0 cost=1479
|  |  |  |
|  |  |  89:EXCHANGE [BROADCAST]
|  |  |  |  mem-estimate=23.55KB mem-reservation=0B thread-reservation=0
|  |  |  |  tuple-ids=47 row-size=8B cardinality=1.48K cost=1960
|  |  |  |  in pipelines: 45(GETNEXT)
|  |  |  |
|  |  |  F31:PLAN FRAGMENT [RANDOM] hosts=1 instances=1
|  |  |  Per-Instance Resources: mem-estimate=16.05MB mem-reservation=512.00KB thread-reservation=1
|  |  |  max-parallelism=1 segment-costs=[10530]
|  |  |  45:SCAN HDFS [tpcds_partitioned_parquet_snap.date_dim, RANDOM]
|  |  |     HDFS partitions=1/1 files=1 size=2.17MB
|  |  |     predicates: tpcds_partitioned_parquet_snap.date_dim_4.d_year = CAST(2000 AS INT) OR tpcds_partitioned_parquet_snap.date_dim_4.d_year = add(CAST(2000 AS INT), CAST(1 AS INT)) OR tpcds_partitioned_parquet_snap.date_dim_4.d_year = add(CAST(2000 AS INT), CAST(2 AS INT)) OR tpcds_partitioned_parquet_snap.date_dim_4.d_year = add(CAST(2000 AS INT), CAST(3 AS INT))
|  |  |     stored statistics:
|  |  |       table: rows=73.05K size=2.17MB
|  |  |       columns: all
|  |  |     extrapolated-rows=disabled max-scan-range-rows=73.05K
|  |  |     parquet dictionary predicates: tpcds_partitioned_parquet_snap.date_dim_4.d_year = CAST(2000 AS INT) OR tpcds_partitioned_parquet_snap.date_dim_4.d_year = add(CAST(2000 AS INT), CAST(1 AS INT)) OR tpcds_partitioned_parquet_snap.date_dim_4.d_year = add(CAST(2000 AS INT), CAST(2 AS INT)) OR tpcds_partitioned_parquet_snap.date_dim_4.d_year = add(CAST(2000 AS INT), CAST(3 AS INT))
|  |  |     mem-estimate=16.00MB mem-reservation=512.00KB thread-reservation=0
|  |  |     tuple-ids=47 row-size=8B cardinality=1.48K cost=10467
|  |  |     in pipelines: 45(GETNEXT)
|  |  |
|  |  44:SCAN HDFS [tpcds_partitioned_parquet_snap.store_sales, RANDOM]
|  |     HDFS partitions=1824/1824 files=1824 size=389.90GB
|  |     runtime filters: RF033[min_max] -> tpcds_partitioned_parquet_snap.store_sales_4.ss_customer_sk, RF034[bloom] -> tpcds_partitioned_parquet_snap.store_sales_4.ss_sold_date_sk
|  |     stored statistics:
|  |       table: rows=8.64G size=389.90GB
|  |       partitions: 1824/1824 rows=8.64G
|  |       columns: all
|  |     extrapolated-rows=disabled max-scan-range-rows=390.22M est-scan-range=1479(filtered from 1824)
|  |     mem-estimate=16.00MB mem-reservation=8.00MB thread-reservation=0
|  |     tuple-ids=45 row-size=16B cardinality=7.01G(filtered from 8.64G) cost=1614121787
|  |     in pipelines: 44(GETNEXT)
|  |
|  43:HASH JOIN [INNER JOIN, PARTITIONED]
|  |  hash-table-id=13
|  |  hash predicates: tpcds_partitioned_parquet_snap.web_sales.ws_bill_customer_sk = tpcds_partitioned_parquet_snap.customer_2.c_customer_sk
|  |  fk/pk conjuncts: none
|  |  mem-estimate=0B mem-reservation=0B spill-buffer=2.00MB thread-reservation=0
|  |  tuple-ids=36,32,34,31 row-size=92B cardinality=11.76M cost=5148836
|  |  in pipelines: 79(GETNEXT), 87(OPEN)
|  |
|  |--F51:PLAN FRAGMENT [HASH(tpcds_partitioned_parquet_snap.customer_2.c_customer_sk)] hosts=10 instances=10 (adjusted from 120)
|  |  |  Per-Instance Resources: mem-estimate=225.57MB mem-reservation=68.00MB thread-reservation=1
|  |  |  max-parallelism=10 segment-costs=[1665300897, 30000000] cpu-comparison-result=120 [max(10 (self) vs 120 (sum children))]
|  |  JOIN BUILD
|  |  |  join-table-id=13 plan-id=14 cohort-id=06
|  |  |  build expressions: tpcds_partitioned_parquet_snap.customer_2.c_customer_sk
|  |  |  runtime filters: RF019[min_max] <- tpcds_partitioned_parquet_snap.customer_2.c_customer_sk
|  |  |  mem-estimate=134.02MB mem-reservation=34.00MB spill-buffer=2.00MB thread-reservation=0 cost=30000000
|  |  |
|  |  87:AGGREGATE [FINALIZE]
|  |  |  output: sum:merge(multiply(tpcds_partitioned_parquet_snap.store_sales_2.ss_quantity, tpcds_partitioned_parquet_snap.store_sales_2.ss_sales_price))
|  |  |  group by: tpcds_partitioned_parquet_snap.customer_2.c_customer_sk
|  |  |  mem-estimate=91.55MB mem-reservation=34.00MB spill-buffer=2.00MB thread-reservation=0
|  |  |  tuple-ids=31 row-size=20B cardinality=30.00M cost=1014903515
|  |  |  in pipelines: 87(GETNEXT), 27(OPEN)
|  |  |
|  |  86:EXCHANGE [HASH(tpcds_partitioned_parquet_snap.customer_2.c_customer_sk)]
|  |  |  mem-estimate=12.81MB mem-reservation=0B thread-reservation=0
|  |  |  tuple-ids=31 row-size=20B cardinality=3.20G cost=650397382
|  |  |  in pipelines: 27(GETNEXT)
|  |  |
|  |  F27:PLAN FRAGMENT [RANDOM] hosts=10 instances=120
|  |  Per-Instance Resources: mem-estimate=932.46MB mem-reservation=42.00MB thread-reservation=1
|  |  max-parallelism=1570 segment-costs=[15633529457, 5774478385] cpu-comparison-result=120 [max(120 (self) vs 20 (sum children))]
|  |  30:AGGREGATE [STREAMING]
|  |  |  output: sum(multiply(CAST(tpcds_partitioned_parquet_snap.store_sales_2.ss_quantity AS DECIMAL(10,0)), tpcds_partitioned_parquet_snap.store_sales_2.ss_sales_price))
|  |  |  group by: tpcds_partitioned_parquet_snap.customer_2.c_customer_sk
|  |  |  mem-estimate=915.53MB mem-reservation=34.00MB spill-buffer=2.00MB thread-reservation=0
|  |  |  tuple-ids=31 row-size=20B cardinality=3.20G cost=10669051480
|  |  |  in pipelines: 27(GETNEXT)
|  |  |
|  |  29:HASH JOIN [INNER JOIN, BROADCAST]
|  |  |  hash-table-id=14
|  |  |  hash predicates: tpcds_partitioned_parquet_snap.store_sales_2.ss_customer_sk = tpcds_partitioned_parquet_snap.customer_2.c_customer_sk
|  |  |  fk/pk conjuncts: tpcds_partitioned_parquet_snap.store_sales_2.ss_customer_sk = tpcds_partitioned_parquet_snap.customer_2.c_customer_sk
|  |  |  mem-estimate=0B mem-reservation=0B spill-buffer=2.00MB thread-reservation=0
|  |  |  tuple-ids=27,29 row-size=16B cardinality=7.93G cost=3471497176
|  |  |  in pipelines: 27(GETNEXT), 28(OPEN)
|  |  |
|  |  |--F52:PLAN FRAGMENT [RANDOM] hosts=10 instances=10
|  |  |  |  Per-Instance Resources: mem-estimate=892.52MB mem-reservation=408.00MB thread-reservation=1
|  |  |  |  max-parallelism=10 segment-costs=[69869990]
|  |  |  JOIN BUILD
|  |  |  |  join-table-id=14 plan-id=15 cohort-id=08
|  |  |  |  build expressions: tpcds_partitioned_parquet_snap.customer_2.c_customer_sk
|  |  |  |  runtime filters: RF031[min_max] <- tpcds_partitioned_parquet_snap.customer_2.c_customer_sk
|  |  |  |  mem-estimate=882.44MB mem-reservation=408.00MB spill-buffer=2.00MB thread-reservation=0 cost=30000000
|  |  |  |
|  |  |  85:EXCHANGE [BROADCAST]
|  |  |  |  mem-estimate=10.08MB mem-reservation=0B thread-reservation=0
|  |  |  |  tuple-ids=29 row-size=4B cardinality=30.00M cost=39869990
|  |  |  |  in pipelines: 28(GETNEXT)
|  |  |  |
|  |  |  F28:PLAN FRAGMENT [RANDOM] hosts=10 instances=10
|  |  |  Per-Instance Resources: mem-estimate=16.03MB mem-reservation=1.00MB thread-reservation=1
|  |  |  max-parallelism=10 segment-costs=[2700000]
|  |  |  28:SCAN HDFS [tpcds_partitioned_parquet_snap.customer, RANDOM]
|  |  |     HDFS partitions=1/1 files=1 size=1.55GB
|  |  |     stored statistics:
|  |  |       table: rows=30.00M size=1.55GB
|  |  |       columns: all
|  |  |     extrapolated-rows=disabled max-scan-range-rows=3.10M
|  |  |     mem-estimate=16.00MB mem-reservation=1.00MB thread-reservation=0
|  |  |     tuple-ids=29 row-size=4B cardinality=30.00M cost=1728000
|  |  |     in pipelines: 28(GETNEXT)
|  |  |
|  |  27:SCAN HDFS [tpcds_partitioned_parquet_snap.store_sales, RANDOM]
|  |     HDFS partitions=1824/1824 files=1824 size=389.90GB
|  |     runtime filters: RF031[min_max] -> tpcds_partitioned_parquet_snap.store_sales_2.ss_customer_sk
|  |     stored statistics:
|  |       table: rows=8.64G size=389.90GB
|  |       partitions: 1824/1824 rows=8.64G
|  |       columns: all
|  |     extrapolated-rows=disabled max-scan-range-rows=390.22M
|  |     mem-estimate=16.00MB mem-reservation=8.00MB thread-reservation=0
|  |     tuple-ids=27 row-size=12B cardinality=7.93G(filtered from 8.64G) cost=1492980801
|  |     in pipelines: 27(GETNEXT)
|  |
|  88:EXCHANGE [HASH(tpcds_partitioned_parquet_snap.web_sales.ws_bill_customer_sk)]
|  |  mem-estimate=13.28MB mem-reservation=0B thread-reservation=0
|  |  tuple-ids=36,32,34 row-size=72B cardinality=11.76M cost=6066971
|  |  in pipelines: 79(GETNEXT)
|  |
|  F26:PLAN FRAGMENT [HASH(tpcds_partitioned_parquet_snap.web_sales.ws_item_sk)] hosts=10 instances=40 (adjusted from 120)
|  Per-Instance Resources: mem-estimate=17.03MB mem-reservation=0B thread-reservation=1
|  max-parallelism=50 segment-costs=[422423831]
|  42:HASH JOIN [RIGHT SEMI JOIN, PARTITIONED]
|  |  hash-table-id=15
|  |  hash predicates: tpcds_partitioned_parquet_snap.item_0.i_item_sk = tpcds_partitioned_parquet_snap.web_sales.ws_item_sk
|  |  mem-estimate=0B mem-reservation=0B spill-buffer=2.00MB thread-reservation=0
|  |  tuple-ids=36,32,34 row-size=72B cardinality=11.76M cost=181738874
|  |  in pipelines: 79(GETNEXT), 34(OPEN)
|  |
|  |--F53:PLAN FRAGMENT [HASH(tpcds_partitioned_parquet_snap.web_sales.ws_item_sk)] hosts=10 instances=40 (adjusted from 120)
|  |  |  Per-Instance Resources: mem-estimate=45.97MB mem-reservation=35.00MB thread-reservation=1 runtime-filters-memory=1.00MB
|  |  |  max-parallelism=50 segment-costs=[17839278] cpu-comparison-result=60 [max(60 (self) vs 20 (sum children))]
|  |  JOIN BUILD
|  |  |  join-table-id=15 plan-id=16 cohort-id=06
|  |  |  build expressions: tpcds_partitioned_parquet_snap.web_sales.ws_item_sk
|  |  |  runtime filters: RF020[bloom] <- tpcds_partitioned_parquet_snap.web_sales.ws_item_sk, RF021[min_max] <- tpcds_partitioned_parquet_snap.web_sales.ws_item_sk
|  |  |  mem-estimate=34.15MB mem-reservation=34.00MB spill-buffer=2.00MB thread-reservation=0 cost=11769273
|  |  |
|  |  84:EXCHANGE [HASH(tpcds_partitioned_parquet_snap.web_sales.ws_item_sk)]
|  |  |  mem-estimate=10.82MB mem-reservation=0B thread-reservation=0
|  |  |  tuple-ids=36,32,34 row-size=72B cardinality=11.77M cost=6070005
|  |  |  in pipelines: 34(GETNEXT)
|  |  |
|  |  F25:PLAN FRAGMENT [HASH(tpcds_partitioned_parquet_snap.customer_3.c_customer_sk)] hosts=10 instances=10
|  |  Per-Instance Resources: mem-estimate=23.55MB mem-reservation=0B thread-reservation=1
|  |  max-parallelism=10 segment-costs=[81922918]
|  |  35:HASH JOIN [INNER JOIN, PARTITIONED]
|  |  |  hash-table-id=16
|  |  |  hash predicates: tpcds_partitioned_parquet_snap.customer_3.c_customer_sk = tpcds_partitioned_parquet_snap.web_sales.ws_bill_customer_sk
|  |  |  fk/pk conjuncts: tpcds_partitioned_parquet_snap.customer_3.c_customer_sk = tpcds_partitioned_parquet_snap.web_sales.ws_bill_customer_sk
|  |  |  mem-estimate=0B mem-reservation=0B spill-buffer=2.00MB thread-reservation=0
|  |  |  tuple-ids=36,32,34 row-size=72B cardinality=11.77M cost=5413043
|  |  |  in pipelines: 34(GETNEXT), 31(OPEN)
|  |  |
|  |  |--F54:PLAN FRAGMENT [HASH(tpcds_partitioned_parquet_snap.customer_3.c_customer_sk)] hosts=10 instances=10
|  |  |  |  Per-Instance Resources: mem-estimate=103.82MB mem-reservation=50.00MB thread-reservation=1 runtime-filters-memory=16.00MB
|  |  |  |  max-parallelism=10 segment-costs=[16563403] cpu-comparison-result=20 [max(20 (self) vs 11 (sum children))]
|  |  |  JOIN BUILD
|  |  |  |  join-table-id=16 plan-id=17 cohort-id=09
|  |  |  |  build expressions: tpcds_partitioned_parquet_snap.web_sales.ws_bill_customer_sk
|  |  |  |  runtime filters: RF026[bloom] <- tpcds_partitioned_parquet_snap.web_sales.ws_bill_customer_sk, RF027[min_max] <- tpcds_partitioned_parquet_snap.web_sales.ws_bill_customer_sk
|  |  |  |  mem-estimate=77.43MB mem-reservation=34.00MB spill-buffer=2.00MB thread-reservation=0 cost=12789285
|  |  |  |
|  |  |  82:EXCHANGE [HASH(tpcds_partitioned_parquet_snap.web_sales.ws_bill_customer_sk)]
|  |  |  |  mem-estimate=10.39MB mem-reservation=0B thread-reservation=0
|  |  |  |  tuple-ids=32,34 row-size=32B cardinality=12.79M cost=3774118
|  |  |  |  in pipelines: 31(GETNEXT)
|  |  |  |
|  |  |  F23:PLAN FRAGMENT [RANDOM] hosts=10 instances=10 (adjusted from 120)
|  |  |  Per-Host Shared Resources: mem-estimate=1.00MB mem-reservation=1.00MB thread-reservation=0 runtime-filters-memory=1.00MB
|  |  |  Per-Instance Resources: mem-estimate=17.56MB mem-reservation=128.00KB thread-reservation=1
|  |  |  max-parallelism=10 segment-costs=[85559034]
|  |  |  33:HASH JOIN [INNER JOIN, BROADCAST]
|  |  |  |  hash-table-id=17
|  |  |  |  hash predicates: tpcds_partitioned_parquet_snap.web_sales.ws_sold_date_sk = tpcds_partitioned_parquet_snap.date_dim_2.d_date_sk
|  |  |  |  fk/pk conjuncts: tpcds_partitioned_parquet_snap.web_sales.ws_sold_date_sk = tpcds_partitioned_parquet_snap.date_dim_2.d_date_sk
|  |  |  |  mem-estimate=0B mem-reservation=0B spill-buffer=64.00KB thread-reservation=0
|  |  |  |  tuple-ids=32,34 row-size=32B cardinality=12.79M cost=5597870
|  |  |  |  in pipelines: 31(GETNEXT), 32(OPEN)
|  |  |  |
|  |  |  |--F55:PLAN FRAGMENT [RANDOM] hosts=10 instances=10
|  |  |  |  |  Per-Instance Resources: mem-estimate=2.95MB mem-reservation=2.94MB thread-reservation=1 runtime-filters-memory=1.00MB
|  |  |  |  |  max-parallelism=10 segment-costs=[248]
|  |  |  |  JOIN BUILD
|  |  |  |  |  join-table-id=17 plan-id=18 cohort-id=10
|  |  |  |  |  build expressions: tpcds_partitioned_parquet_snap.date_dim_2.d_date_sk
|  |  |  |  |  runtime filters: RF028[bloom] <- tpcds_partitioned_parquet_snap.date_dim_2.d_date_sk
|  |  |  |  |  mem-estimate=1.94MB mem-reservation=1.94MB spill-buffer=64.00KB thread-reservation=0 cost=108
|  |  |  |  |
|  |  |  |  80:EXCHANGE [BROADCAST]
|  |  |  |  |  mem-estimate=16.00KB mem-reservation=0B thread-reservation=0
|  |  |  |  |  tuple-ids=34 row-size=12B cardinality=108 cost=140
|  |  |  |  |  in pipelines: 32(GETNEXT)
|  |  |  |  |
|  |  |  |  F24:PLAN FRAGMENT [RANDOM] hosts=1 instances=1
|  |  |  |  Per-Instance Resources: mem-estimate=16.06MB mem-reservation=512.00KB thread-reservation=1
|  |  |  |  max-parallelism=1 segment-costs=[16733]
|  |  |  |  32:SCAN HDFS [tpcds_partitioned_parquet_snap.date_dim, RANDOM]
|  |  |  |     HDFS partitions=1/1 files=1 size=2.17MB
|  |  |  |     predicates: tpcds_partitioned_parquet_snap.date_dim_2.d_year = CAST(2000 AS INT), tpcds_partitioned_parquet_snap.date_dim_2.d_moy = CAST(5 AS INT)
|  |  |  |     stored statistics:
|  |  |  |       table: rows=73.05K size=2.17MB
|  |  |  |       columns: all
|  |  |  |     extrapolated-rows=disabled max-scan-range-rows=73.05K
|  |  |  |     parquet statistics predicates: tpcds_partitioned_parquet_snap.date_dim_2.d_year = CAST(2000 AS INT), tpcds_partitioned_parquet_snap.date_dim_2.d_moy = CAST(5 AS INT)
|  |  |  |     parquet dictionary predicates: tpcds_partitioned_parquet_snap.date_dim_2.d_year = CAST(2000 AS INT), tpcds_partitioned_parquet_snap.date_dim_2.d_moy = CAST(5 AS INT)
|  |  |  |     mem-estimate=16.00MB mem-reservation=512.00KB thread-reservation=0
|  |  |  |     tuple-ids=34 row-size=12B cardinality=108 cost=16728
|  |  |  |     in pipelines: 32(GETNEXT)
|  |  |  |
|  |  |  31:SCAN HDFS [tpcds_partitioned_parquet_snap.web_sales, RANDOM]
|  |  |     HDFS partitions=1824/1824 files=1824 size=145.75GB
|  |  |     predicates: is_not_null_pred(tpcds_partitioned_parquet_snap.web_sales.ws_item_sk)
|  |  |     runtime filters: RF019[min_max] -> tpcds_partitioned_parquet_snap.web_sales.ws_bill_customer_sk, RF028[bloom] -> tpcds_partitioned_parquet_snap.web_sales.ws_sold_date_sk
|  |  |     stored statistics:
|  |  |       table: rows=2.16G size=145.75GB
|  |  |       partitions: 1824/1824 rows=2.16G
|  |  |       columns: all
|  |  |     extrapolated-rows=disabled max-scan-range-rows=3.37M est-scan-range=109(filtered from 1824)
|  |  |     parquet dictionary predicates: is_not_null_pred(tpcds_partitioned_parquet_snap.web_sales.ws_item_sk)
|  |  |     mem-estimate=16.00MB mem-reservation=128.00KB thread-reservation=0
|  |  |     tuple-ids=32 row-size=20B cardinality=12.79M(filtered from 216.00M) cost=40426927
|  |  |     in pipelines: 31(GETNEXT)
|  |  |
|  |  81:EXCHANGE [HASH(tpcds_partitioned_parquet_snap.customer_3.c_customer_sk)]
|  |  |  mem-estimate=10.43MB mem-reservation=0B thread-reservation=0
|  |  |  tuple-ids=36 row-size=40B cardinality=12.79M(filtered from 30.00M) cost=3772202
|  |  |  in pipelines: 34(GETNEXT)
|  |  |
|  |  F22:PLAN FRAGMENT [RANDOM] hosts=10 instances=10
|  |  Per-Host Shared Resources: mem-estimate=16.00MB mem-reservation=16.00MB thread-reservation=0 runtime-filters-memory=16.00MB
|  |  Per-Instance Resources: mem-estimate=17.72MB mem-reservation=1.00MB thread-reservation=1
|  |  max-parallelism=10 segment-costs=[46405351]
|  |  34:SCAN HDFS [tpcds_partitioned_parquet_snap.customer, RANDOM]
|  |     HDFS partitions=1/1 files=1 size=1.55GB
|  |     runtime filters: RF027[min_max] -> tpcds_partitioned_parquet_snap.customer_3.c_customer_sk, RF019[min_max] -> tpcds_partitioned_parquet_snap.customer_3.c_customer_sk, RF026[bloom] -> tpcds_partitioned_parquet_snap.customer_3.c_customer_sk
|  |     stored statistics:
|  |       table: rows=30.00M size=1.55GB
|  |       columns: all
|  |     extrapolated-rows=disabled max-scan-range-rows=3.10M
|  |     mem-estimate=16.00MB mem-reservation=1.00MB thread-reservation=0
|  |     tuple-ids=36 row-size=40B cardinality=12.79M(filtered from 30.00M) cost=6897933
|  |     in pipelines: 34(GETNEXT)
|  |
|  83:EXCHANGE [HASH(tpcds_partitioned_parquet_snap.item_0.i_item_sk)]
|  |  mem-estimate=13.75MB mem-reservation=0B thread-reservation=0
|  |  tuple-ids=44 row-size=28B cardinality=700.22M cost=167983637
|  |  in pipelines: 79(GETNEXT)
|  |
|  F21:PLAN FRAGMENT [HASH(substr(tpcds_partitioned_parquet_snap.item_0.i_item_desc, 1, 30),tpcds_partitioned_parquet_snap.item_0.i_item_sk,tpcds_partitioned_parquet_snap.date_dim_3.d_date)] hosts=10 instances=120
|  Per-Instance Resources: mem-estimate=954.24MB mem-reservation=34.00MB thread-reservation=1
|  max-parallelism=4310 segment-costs=[43011233450, 1623398350] cpu-comparison-result=120 [max(120 (self) vs 120 (sum children))]
|  79:AGGREGATE [FINALIZE]
|  |  output: count:merge()
|  |  group by: substr(tpcds_partitioned_parquet_snap.item_0.i_item_desc, 1, 30), tpcds_partitioned_parquet_snap.item_0.i_item_sk, tpcds_partitioned_parquet_snap.date_dim_3.d_date
|  |  having: count() > CAST(4 AS BIGINT)
|  |  mem-estimate=940.49MB mem-reservation=34.00MB spill-buffer=2.00MB thread-reservation=0
|  |  tuple-ids=44 row-size=28B cardinality=700.22M cost=41331397080
|  |  in pipelines: 79(GETNEXT), 36(OPEN)
|  |
|  78:EXCHANGE [HASH(substr(tpcds_partitioned_parquet_snap.item_0.i_item_desc, 1, 30),tpcds_partitioned_parquet_snap.item_0.i_item_sk,tpcds_partitioned_parquet_snap.date_dim_3.d_date)]
|  |  mem-estimate=13.75MB mem-reservation=0B thread-reservation=0
|  |  tuple-ids=44 row-size=28B cardinality=7.00G cost=1679836370
|  |  in pipelines: 36(GETNEXT)
|  |
|  F18:PLAN FRAGMENT [RANDOM] hosts=10 instances=120
|  Per-Host Shared Resources: mem-estimate=2.00MB mem-reservation=2.00MB thread-reservation=0 runtime-filters-memory=2.00MB
|  Per-Instance Resources: mem-estimate=832.37MB mem-reservation=38.00MB thread-reservation=1
|  max-parallelism=1479 segment-costs=[48270645674, 16233983497] cpu-comparison-result=120 [max(120 (self) vs 25 (sum children))]
|  41:AGGREGATE [STREAMING]
|  |  output: count()
|  |  group by: substr(tpcds_partitioned_parquet_snap.item_0.i_item_desc, CAST(1 AS BIGINT), CAST(30 AS BIGINT)), tpcds_partitioned_parquet_snap.item_0.i_item_sk, tpcds_partitioned_parquet_snap.date_dim_3.d_date
|  |  mem-estimate=801.37MB mem-reservation=34.00MB spill-buffer=2.00MB thread-reservation=0
|  |  tuple-ids=44 row-size=28B cardinality=7.00G cost=41331397080
|  |  in pipelines: 36(GETNEXT)
|  |
|  40:HASH JOIN [INNER JOIN, BROADCAST]
|  |  hash-table-id=18
|  |  hash predicates: tpcds_partitioned_parquet_snap.store_sales_3.ss_item_sk = tpcds_partitioned_parquet_snap.item_0.i_item_sk
|  |  fk/pk conjuncts: tpcds_partitioned_parquet_snap.store_sales_3.ss_item_sk = tpcds_partitioned_parquet_snap.item_0.i_item_sk
|  |  mem-estimate=0B mem-reservation=0B spill-buffer=2.00MB thread-reservation=0
|  |  tuple-ids=38,40,42 row-size=137B cardinality=7.00G cost=3065776649
|  |  in pipelines: 36(GETNEXT), 39(OPEN)
|  |
|  |--F56:PLAN FRAGMENT [RANDOM] hosts=10 instances=10
|  |  |  Per-Instance Resources: mem-estimate=418.47MB mem-reservation=408.00MB thread-reservation=1
|  |  |  max-parallelism=10 segment-costs=[838440]
|  |  JOIN BUILD
|  |  |  join-table-id=18 plan-id=19 cohort-id=06
|  |  |  build expressions: tpcds_partitioned_parquet_snap.item_0.i_item_sk
|  |  |  runtime filters: RF023[min_max] <- tpcds_partitioned_parquet_snap.item_0.i_item_sk
|  |  |  mem-estimate=408.00MB mem-reservation=408.00MB spill-buffer=2.00MB thread-reservation=0 cost=360000
|  |  |
|  |  77:EXCHANGE [BROADCAST]
|  |  |  mem-estimate=10.47MB mem-reservation=0B thread-reservation=0
|  |  |  tuple-ids=42 row-size=117B cardinality=360.00K cost=478440
|  |  |  in pipelines: 39(GETNEXT)
|  |  |
|  |  F20:PLAN FRAGMENT [RANDOM] hosts=4 instances=4
|  |  Per-Host Shared Resources: mem-estimate=1.00MB mem-reservation=1.00MB thread-reservation=0 runtime-filters-memory=1.00MB
|  |  Per-Instance Resources: mem-estimate=16.47MB mem-reservation=512.00KB thread-reservation=1
|  |  max-parallelism=4 segment-costs=[663353]
|  |  39:SCAN HDFS [tpcds_partitioned_parquet_snap.item, RANDOM]
|  |     HDFS partitions=1/1 files=1 size=33.54MB
|  |     runtime filters: RF021[min_max] -> tpcds_partitioned_parquet_snap.item_0.i_item_sk, RF020[bloom] -> tpcds_partitioned_parquet_snap.item_0.i_item_sk
|  |     stored statistics:
|  |       table: rows=360.00K size=33.54MB
|  |       columns: all
|  |     extrapolated-rows=disabled max-scan-range-rows=101.54K
|  |     mem-estimate=16.00MB mem-reservation=512.00KB thread-reservation=0
|  |     tuple-ids=42 row-size=117B cardinality=360.00K cost=542243
|  |     in pipelines: 39(GETNEXT)
|  |
|  38:HASH JOIN [INNER JOIN, BROADCAST]
|  |  hash-table-id=19
|  |  hash predicates: tpcds_partitioned_parquet_snap.store_sales_3.ss_sold_date_sk = tpcds_partitioned_parquet_snap.date_dim_3.d_date_sk
|  |  fk/pk conjuncts: tpcds_partitioned_parquet_snap.store_sales_3.ss_sold_date_sk = tpcds_partitioned_parquet_snap.date_dim_3.d_date_sk
|  |  mem-estimate=0B mem-reservation=0B spill-buffer=64.00KB thread-reservation=0
|  |  tuple-ids=38,40 row-size=20B cardinality=7.01G cost=3066411052
|  |  in pipelines: 36(GETNEXT), 37(OPEN)
|  |
|  |--F57:PLAN FRAGMENT [RANDOM] hosts=10 instances=10
|  |  |  Per-Instance Resources: mem-estimate=24.28MB mem-reservation=24.25MB thread-reservation=1 runtime-filters-memory=1.00MB
|  |  |  max-parallelism=10 segment-costs=[3439]
|  |  JOIN BUILD
|  |  |  join-table-id=19 plan-id=20 cohort-id=06
|  |  |  build expressions: tpcds_partitioned_parquet_snap.date_dim_3.d_date_sk
|  |  |  runtime filters: RF024[bloom] <- tpcds_partitioned_parquet_snap.date_dim_3.d_date_sk
|  |  |  mem-estimate=23.25MB mem-reservation=23.25MB spill-buffer=64.00KB thread-reservation=0 cost=1479
|  |  |
|  |  76:EXCHANGE [BROADCAST]
|  |  |  mem-estimate=33.33KB mem-reservation=0B thread-reservation=0
|  |  |  tuple-ids=40 row-size=12B cardinality=1.48K cost=1960
|  |  |  in pipelines: 37(GETNEXT)
|  |  |
|  |  F19:PLAN FRAGMENT [RANDOM] hosts=1 instances=1
|  |  Per-Instance Resources: mem-estimate=16.06MB mem-reservation=1.00MB thread-reservation=1
|  |  max-parallelism=1 segment-costs=[14754]
|  |  37:SCAN HDFS [tpcds_partitioned_parquet_snap.date_dim, RANDOM]
|  |     HDFS partitions=1/1 files=1 size=2.17MB
|  |     predicates: tpcds_partitioned_parquet_snap.date_dim_3.d_year = CAST(2000 AS INT) OR tpcds_partitioned_parquet_snap.date_dim_3.d_year = add(CAST(2000 AS INT), CAST(1 AS INT)) OR tpcds_partitioned_parquet_snap.date_dim_3.d_year = add(CAST(2000 AS INT), CAST(2 AS INT)) OR tpcds_partitioned_parquet_snap.date_dim_3.d_year = add(CAST(2000 AS INT), CAST(3 AS INT))
|  |     stored statistics:
|  |       table: rows=73.05K size=2.17MB
|  |       columns: all
|  |     extrapolated-rows=disabled max-scan-range-rows=73.05K
|  |     parquet dictionary predicates: tpcds_partitioned_parquet_snap.date_dim_3.d_year = CAST(2000 AS INT) OR tpcds_partitioned_parquet_snap.date_dim_3.d_year = add(CAST(2000 AS INT), CAST(1 AS INT)) OR tpcds_partitioned_parquet_snap.date_dim_3.d_year = add(CAST(2000 AS INT), CAST(2 AS INT)) OR tpcds_partitioned_parquet_snap.date_dim_3.d_year = add(CAST(2000 AS INT), CAST(3 AS INT))
|  |     mem-estimate=16.00MB mem-reservation=1.00MB thread-reservation=0
|  |     tuple-ids=40 row-size=12B cardinality=1.48K cost=14675
|  |     in pipelines: 37(GETNEXT)
|  |
|  36:SCAN HDFS [tpcds_partitioned_parquet_snap.store_sales, RANDOM]
|     HDFS partitions=1824/1824 files=1824 size=389.90GB
|     runtime filters: RF021[min_max] -> tpcds_partitioned_parquet_snap.store_sales_3.ss_item_sk, RF023[min_max] -> tpcds_partitioned_parquet_snap.store_sales_3.ss_item_sk, RF020[bloom] -> tpcds_partitioned_parquet_snap.store_sales_3.ss_item_sk, RF024[bloom] -> tpcds_partitioned_parquet_snap.store_sales_3.ss_sold_date_sk
|     stored statistics:
|       table: rows=8.64G size=389.90GB
|       partitions: 1824/1824 rows=8.64G
|       columns: all
|     extrapolated-rows=disabled max-scan-range-rows=390.22M est-scan-range=1479(filtered from 1824)
|     mem-estimate=16.00MB mem-reservation=4.00MB thread-reservation=0
|     tuple-ids=38 row-size=8B cardinality=7.01G(filtered from 8.64G) cost=807060893
|     in pipelines: 36(GETNEXT)
|
75:AGGREGATE [FINALIZE]
|  output: sum:merge(multiply(tpcds_partitioned_parquet_snap.catalog_sales.cs_quantity, tpcds_partitioned_parquet_snap.catalog_sales.cs_list_price))
|  group by: tpcds_partitioned_parquet_snap.customer_0.c_last_name, tpcds_partitioned_parquet_snap.customer_0.c_first_name
|  mem-estimate=71.31MB mem-reservation=34.00MB spill-buffer=2.00MB thread-reservation=0
|  tuple-ids=26 row-size=52B cardinality=23.38M cost=138001259
|  in pipelines: 75(GETNEXT), 57(OPEN)
|
74:EXCHANGE [HASH(tpcds_partitioned_parquet_snap.customer_0.c_last_name,tpcds_partitioned_parquet_snap.customer_0.c_first_name)]
|  mem-estimate=11.09MB mem-reservation=0B thread-reservation=0
|  tuple-ids=26 row-size=52B cardinality=23.38M cost=8186421
|  in pipelines: 57(GETNEXT)
|
F11:PLAN FRAGMENT [HASH(tpcds_partitioned_parquet_snap.customer.c_customer_sk)] hosts=10 instances=20 (adjusted from 120)
Per-Instance Resources: mem-estimate=71.14MB mem-reservation=34.00MB thread-reservation=1
max-parallelism=20 segment-costs=[165083185, 90290291] cpu-comparison-result=430 [max(60 (self) vs 430 (sum children))]
26:AGGREGATE [STREAMING]
|  output: sum(multiply(CAST(tpcds_partitioned_parquet_snap.catalog_sales.cs_quantity AS DECIMAL(10,0)), tpcds_partitioned_parquet_snap.catalog_sales.cs_list_price))
|  group by: tpcds_partitioned_parquet_snap.customer_0.c_last_name, tpcds_partitioned_parquet_snap.customer_0.c_first_name
|  mem-estimate=53.48MB mem-reservation=34.00MB spill-buffer=2.00MB thread-reservation=0
|  tuple-ids=26 row-size=52B cardinality=23.38M cost=138001259
|  in pipelines: 57(GETNEXT)
|
25:NESTED LOOP JOIN [INNER JOIN, BROADCAST]
|  join table id: 00
|  join predicates: sum(multiply(tpcds_partitioned_parquet_snap.store_sales.ss_quantity, tpcds_partitioned_parquet_snap.store_sales.ss_sales_price)) > multiply(divide(CAST(95 AS DECIMAL(3,0)), CAST(100.0 AS DECIMAL(4,1))), max(sum(multiply(tpcds_partitioned_parquet_snap.store_sales_1.ss_quantity, tpcds_partitioned_parquet_snap.store_sales_1.ss_sales_price))))
|  mem-estimate=0B mem-reservation=0B thread-reservation=0
|  tuple-ids=9,5,7,4,25 row-size=108B cardinality=23.38M cost=4790508
|  in pipelines: 57(GETNEXT), 72(OPEN)
|
|--F38:PLAN FRAGMENT [HASH(tpcds_partitioned_parquet_snap.customer.c_customer_sk)] hosts=10 instances=10
|  |  Per-Instance Resources: mem-estimate=16.02KB mem-reservation=0B thread-reservation=1
|  |  max-parallelism=10 segment-costs=[0] cpu-comparison-result=120 [max(10 (self) vs 120 (sum children))]
|  JOIN BUILD
|  |  join-table-id=00 plan-id=01 cohort-id=01
|  |  mem-estimate=16B mem-reservation=0B thread-reservation=0 cost=0
|  |
|  73:EXCHANGE [BROADCAST]
|  |  mem-estimate=16.00KB mem-reservation=0B thread-reservation=0
|  |  tuple-ids=25 row-size=16B cardinality=1 cost=0
|  |  in pipelines: 72(GETNEXT)
|  |
|  F16:PLAN FRAGMENT [UNPARTITIONED] hosts=1 instances=1
|  Per-Instance Resources: mem-estimate=109.94KB mem-reservation=0B thread-reservation=1
|  max-parallelism=1 segment-costs=[30, 0] cpu-comparison-result=120 [max(1 (self) vs 120 (sum children))]
|  72:AGGREGATE [FINALIZE]
|  |  output: max:merge(sum(multiply(tpcds_partitioned_parquet_snap.store_sales_1.ss_quantity, tpcds_partitioned_parquet_snap.store_sales_1.ss_sales_price)))
|  |  mem-estimate=16.00KB mem-reservation=0B spill-buffer=2.00MB thread-reservation=0
|  |  tuple-ids=25 row-size=16B cardinality=1 cost=8
|  |  in pipelines: 72(GETNEXT), 24(OPEN)
|  |
|  71:EXCHANGE [UNPARTITIONED]
|  |  mem-estimate=93.94KB mem-reservation=0B thread-reservation=0
|  |  tuple-ids=25 row-size=16B cardinality=120 cost=22
|  |  in pipelines: 24(GETNEXT)
|  |
|  F15:PLAN FRAGMENT [HASH(tpcds_partitioned_parquet_snap.customer_1.c_customer_sk)] hosts=10 instances=40 (adjusted from 120)
|  Per-Instance Resources: mem-estimate=46.81MB mem-reservation=34.00MB thread-reservation=1
|  max-parallelism=160 segment-costs=[1563421020, 2100000, 185] cpu-comparison-result=120 [max(40 (self) vs 120 (sum children))]
|  24:AGGREGATE
|  |  output: max(sum(multiply(tpcds_partitioned_parquet_snap.store_sales_1.ss_quantity, tpcds_partitioned_parquet_snap.store_sales_1.ss_sales_price)))
|  |  mem-estimate=16.00KB mem-reservation=0B spill-buffer=2.00MB thread-reservation=0
|  |  tuple-ids=25 row-size=16B cardinality=120 cost=2100000
|  |  in pipelines: 24(GETNEXT), 70(OPEN)
|  |
|  70:AGGREGATE [FINALIZE]
|  |  output: sum:merge(multiply(tpcds_partitioned_parquet_snap.store_sales_1.ss_quantity, tpcds_partitioned_parquet_snap.store_sales_1.ss_sales_price))
|  |  group by: tpcds_partitioned_parquet_snap.customer_1.c_customer_sk
|  |  mem-estimate=34.00MB mem-reservation=34.00MB spill-buffer=2.00MB thread-reservation=0
|  |  tuple-ids=24 row-size=20B cardinality=30.00M cost=954774653
|  |  in pipelines: 70(GETNEXT), 18(OPEN)
|  |
|  69:EXCHANGE [HASH(tpcds_partitioned_parquet_snap.customer_1.c_customer_sk)]
|  |  mem-estimate=12.81MB mem-reservation=0B thread-reservation=0
|  |  tuple-ids=24 row-size=20B cardinality=3.00G cost=608646367
|  |  in pipelines: 18(GETNEXT)
|  |
|  F12:PLAN FRAGMENT [RANDOM] hosts=10 instances=120
|  Per-Host Shared Resources: mem-estimate=1.00MB mem-reservation=1.00MB thread-reservation=0 runtime-filters-memory=1.00MB
|  Per-Instance Resources: mem-estimate=935.28MB mem-reservation=42.00MB thread-reservation=1
|  max-parallelism=1479 segment-costs=[17337114136, 5403796797] cpu-comparison-result=120 [max(120 (self) vs 31 (sum children))]
|  23:AGGREGATE [STREAMING]
|  |  output: sum(multiply(CAST(tpcds_partitioned_parquet_snap.store_sales_1.ss_quantity AS DECIMAL(10,0)), tpcds_partitioned_parquet_snap.store_sales_1.ss_sales_price))
|  |  group by: tpcds_partitioned_parquet_snap.customer_1.c_customer_sk
|  |  mem-estimate=915.53MB mem-reservation=34.00MB spill-buffer=2.00MB thread-reservation=0
|  |  tuple-ids=24 row-size=20B cardinality=3.00G cost=9694298891
|  |  in pipelines: 18(GETNEXT)
|  |
|  22:HASH JOIN [INNER JOIN, BROADCAST]
|  |  hash-table-id=01
|  |  hash predicates: tpcds_partitioned_parquet_snap.store_sales_1.ss_customer_sk = tpcds_partitioned_parquet_snap.customer_1.c_customer_sk
|  |  fk/pk conjuncts: tpcds_partitioned_parquet_snap.store_sales_1.ss_customer_sk = tpcds_partitioned_parquet_snap.customer_1.c_customer_sk
|  |  mem-estimate=0B mem-reservation=0B spill-buffer=2.00MB thread-reservation=0
|  |  tuple-ids=18,20,22 row-size=28B cardinality=6.43G cost=2962282406
|  |  in pipelines: 18(GETNEXT), 21(OPEN)
|  |
|  |--F39:PLAN FRAGMENT [RANDOM] hosts=10 instances=10
|  |  |  Per-Instance Resources: mem-estimate=892.52MB mem-reservation=408.00MB thread-reservation=1
|  |  |  max-parallelism=10 segment-costs=[69869990]
|  |  JOIN BUILD
|  |  |  join-table-id=01 plan-id=02 cohort-id=02
|  |  |  build expressions: tpcds_partitioned_parquet_snap.customer_1.c_customer_sk
|  |  |  runtime filters: RF015[min_max] <- tpcds_partitioned_parquet_snap.customer_1.c_customer_sk
|  |  |  mem-estimate=882.44MB mem-reservation=408.00MB spill-buffer=2.00MB thread-reservation=0 cost=30000000
|  |  |
|  |  68:EXCHANGE [BROADCAST]
|  |  |  mem-estimate=10.08MB mem-reservation=0B thread-reservation=0
|  |  |  tuple-ids=22 row-size=4B cardinality=30.00M cost=39869990
|  |  |  in pipelines: 21(GETNEXT)
|  |  |
|  |  F14:PLAN FRAGMENT [RANDOM] hosts=10 instances=10
|  |  Per-Instance Resources: mem-estimate=16.03MB mem-reservation=1.00MB thread-reservation=1
|  |  max-parallelism=10 segment-costs=[2700000]
|  |  21:SCAN HDFS [tpcds_partitioned_parquet_snap.customer, RANDOM]
|  |     HDFS partitions=1/1 files=1 size=1.55GB
|  |     stored statistics:
|  |       table: rows=30.00M size=1.55GB
|  |       columns: all
|  |     extrapolated-rows=disabled max-scan-range-rows=3.10M
|  |     mem-estimate=16.00MB mem-reservation=1.00MB thread-reservation=0
|  |     tuple-ids=22 row-size=4B cardinality=30.00M cost=1728000
|  |     in pipelines: 21(GETNEXT)
|  |
|  20:HASH JOIN [INNER JOIN, BROADCAST]
|  |  hash-table-id=02
|  |  hash predicates: tpcds_partitioned_parquet_snap.store_sales_1.ss_sold_date_sk = tpcds_partitioned_parquet_snap.date_dim_1.d_date_sk
|  |  fk/pk conjuncts: tpcds_partitioned_parquet_snap.store_sales_1.ss_sold_date_sk = tpcds_partitioned_parquet_snap.date_dim_1.d_date_sk
|  |  mem-estimate=0B mem-reservation=0B spill-buffer=64.00KB thread-reservation=0
|  |  tuple-ids=18,20 row-size=24B cardinality=7.01G cost=3066411052
|  |  in pipelines: 18(GETNEXT), 19(OPEN)
|  |
|  |--F40:PLAN FRAGMENT [RANDOM] hosts=10 instances=10
|  |  |  Per-Instance Resources: mem-estimate=24.27MB mem-reservation=24.25MB thread-reservation=1 runtime-filters-memory=1.00MB
|  |  |  max-parallelism=10 segment-costs=[3439]
|  |  JOIN BUILD
|  |  |  join-table-id=02 plan-id=03 cohort-id=02
|  |  |  build expressions: tpcds_partitioned_parquet_snap.date_dim_1.d_date_sk
|  |  |  runtime filters: RF016[bloom] <- tpcds_partitioned_parquet_snap.date_dim_1.d_date_sk
|  |  |  mem-estimate=23.25MB mem-reservation=23.25MB spill-buffer=64.00KB thread-reservation=0 cost=1479
|  |  |
|  |  67:EXCHANGE [BROADCAST]
|  |  |  mem-estimate=23.55KB mem-reservation=0B thread-reservation=0
|  |  |  tuple-ids=20 row-size=8B cardinality=1.48K cost=1960
|  |  |  in pipelines: 19(GETNEXT)
|  |  |
|  |  F13:PLAN FRAGMENT [RANDOM] hosts=1 instances=1
|  |  Per-Instance Resources: mem-estimate=16.05MB mem-reservation=512.00KB thread-reservation=1
|  |  max-parallelism=1 segment-costs=[10530]
|  |  19:SCAN HDFS [tpcds_partitioned_parquet_snap.date_dim, RANDOM]
|  |     HDFS partitions=1/1 files=1 size=2.17MB
|  |     predicates: tpcds_partitioned_parquet_snap.date_dim_1.d_year = CAST(2000 AS INT) OR tpcds_partitioned_parquet_snap.date_dim_1.d_year = add(CAST(2000 AS INT), CAST(1 AS INT)) OR tpcds_partitioned_parquet_snap.date_dim_1.d_year = add(CAST(2000 AS INT), CAST(2 AS INT)) OR tpcds_partitioned_parquet_snap.date_dim_1.d_year = add(CAST(2000 AS INT), CAST(3 AS INT))
|  |     stored statistics:
|  |       table: rows=73.05K size=2.17MB
|  |       columns: all
|  |     extrapolated-rows=disabled max-scan-range-rows=73.05K
|  |     parquet dictionary predicates: tpcds_partitioned_parquet_snap.date_dim_1.d_year = CAST(2000 AS INT) OR tpcds_partitioned_parquet_snap.date_dim_1.d_year = add(CAST(2000 AS INT), CAST(1 AS INT)) OR tpcds_partitioned_parquet_snap.date_dim_1.d_year = add(CAST(2000 AS INT), CAST(2 AS INT)) OR tpcds_partitioned_parquet_snap.date_dim_1.d_year = add(CAST(2000 AS INT), CAST(3 AS INT))
|  |     mem-estimate=16.00MB mem-reservation=512.00KB thread-reservation=0
|  |     tuple-ids=20 row-size=8B cardinality=1.48K cost=10467
|  |     in pipelines: 19(GETNEXT)
|  |
|  18:SCAN HDFS [tpcds_partitioned_parquet_snap.store_sales, RANDOM]
|     HDFS partitions=1824/1824 files=1824 size=389.90GB
|     runtime filters: RF015[min_max] -> tpcds_partitioned_parquet_snap.store_sales_1.ss_customer_sk, RF016[bloom] -> tpcds_partitioned_parquet_snap.store_sales_1.ss_sold_date_sk
|     stored statistics:
|       table: rows=8.64G size=389.90GB
|       partitions: 1824/1824 rows=8.64G
|       columns: all
|     extrapolated-rows=disabled max-scan-range-rows=390.22M est-scan-range=1479(filtered from 1824)
|     mem-estimate=16.00MB mem-reservation=8.00MB thread-reservation=0
|     tuple-ids=18 row-size=16B cardinality=7.01G(filtered from 8.64G) cost=1614121787
|     in pipelines: 18(GETNEXT)
|
17:HASH JOIN [INNER JOIN, PARTITIONED]
|  hash-table-id=03
|  hash predicates: tpcds_partitioned_parquet_snap.catalog_sales.cs_bill_customer_sk = tpcds_partitioned_parquet_snap.customer.c_customer_sk
|  fk/pk conjuncts: none
|  mem-estimate=0B mem-reservation=0B spill-buffer=2.00MB thread-reservation=0
|  tuple-ids=9,5,7,4 row-size=92B cardinality=23.38M cost=10233312
|  in pipelines: 57(GETNEXT), 65(OPEN)
|
|--F41:PLAN FRAGMENT [HASH(tpcds_partitioned_parquet_snap.customer.c_customer_sk)] hosts=10 instances=20 (adjusted from 120)
|  |  Per-Instance Resources: mem-estimate=112.79MB mem-reservation=68.00MB thread-reservation=1
|  |  max-parallelism=20 segment-costs=[1665300897, 30000000] cpu-comparison-result=120 [max(20 (self) vs 120 (sum children))]
|  JOIN BUILD
|  |  join-table-id=03 plan-id=04 cohort-id=01
|  |  build expressions: tpcds_partitioned_parquet_snap.customer.c_customer_sk
|  |  runtime filters: RF001[min_max] <- tpcds_partitioned_parquet_snap.customer.c_customer_sk
|  |  mem-estimate=67.01MB mem-reservation=34.00MB spill-buffer=2.00MB thread-reservation=0 cost=30000000
|  |
|  65:AGGREGATE [FINALIZE]
|  |  output: sum:merge(multiply(tpcds_partitioned_parquet_snap.store_sales.ss_quantity, tpcds_partitioned_parquet_snap.store_sales.ss_sales_price))
|  |  group by: tpcds_partitioned_parquet_snap.customer.c_customer_sk
|  |  mem-estimate=45.78MB mem-reservation=34.00MB spill-buffer=2.00MB thread-reservation=0
|  |  tuple-ids=4 row-size=20B cardinality=30.00M cost=1014903515
|  |  in pipelines: 65(GETNEXT), 01(OPEN)
|  |
|  64:EXCHANGE [HASH(tpcds_partitioned_parquet_snap.customer.c_customer_sk)]
|  |  mem-estimate=12.81MB mem-reservation=0B thread-reservation=0
|  |  tuple-ids=4 row-size=20B cardinality=3.20G cost=650397382
|  |  in pipelines: 01(GETNEXT)
|  |
|  F09:PLAN FRAGMENT [RANDOM] hosts=10 instances=120
|  Per-Instance Resources: mem-estimate=933.40MB mem-reservation=42.00MB thread-reservation=1
|  max-parallelism=1570 segment-costs=[15633529457, 5774478385] cpu-comparison-result=120 [max(120 (self) vs 20 (sum children))]
|  04:AGGREGATE [STREAMING]
|  |  output: sum(multiply(CAST(tpcds_partitioned_parquet_snap.store_sales.ss_quantity AS DECIMAL(10,0)), tpcds_partitioned_parquet_snap.store_sales.ss_sales_price))
|  |  group by: tpcds_partitioned_parquet_snap.customer.c_customer_sk
|  |  mem-estimate=915.53MB mem-reservation=34.00MB spill-buffer=2.00MB thread-reservation=0
|  |  tuple-ids=4 row-size=20B cardinality=3.20G cost=10669051480
|  |  in pipelines: 01(GETNEXT)
|  |
|  03:HASH JOIN [INNER JOIN, BROADCAST]
|  |  hash-table-id=04
|  |  hash predicates: tpcds_partitioned_parquet_snap.store_sales.ss_customer_sk = tpcds_partitioned_parquet_snap.customer.c_customer_sk
|  |  fk/pk conjuncts: tpcds_partitioned_parquet_snap.store_sales.ss_customer_sk = tpcds_partitioned_parquet_snap.customer.c_customer_sk
|  |  mem-estimate=0B mem-reservation=0B spill-buffer=2.00MB thread-reservation=0
|  |  tuple-ids=0,2 row-size=16B cardinality=7.93G cost=3471497176
|  |  in pipelines: 01(GETNEXT), 02(OPEN)
|  |
|  |--F42:PLAN FRAGMENT [RANDOM] hosts=10 instances=10
|  |  |  Per-Instance Resources: mem-estimate=892.52MB mem-reservation=408.00MB thread-reservation=1
|  |  |  max-parallelism=10 segment-costs=[69869990]
|  |  JOIN BUILD
|  |  |  join-table-id=04 plan-id=05 cohort-id=03
|  |  |  build expressions: tpcds_partitioned_parquet_snap.customer.c_customer_sk
|  |  |  runtime filters: RF013[min_max] <- tpcds_partitioned_parquet_snap.customer.c_customer_sk
|  |  |  mem-estimate=882.44MB mem-reservation=408.00MB spill-buffer=2.00MB thread-reservation=0 cost=30000000
|  |  |
|  |  63:EXCHANGE [BROADCAST]
|  |  |  mem-estimate=10.08MB mem-reservation=0B thread-reservation=0
|  |  |  tuple-ids=2 row-size=4B cardinality=30.00M cost=39869990
|  |  |  in pipelines: 02(GETNEXT)
|  |  |
|  |  F10:PLAN FRAGMENT [RANDOM] hosts=10 instances=10
|  |  Per-Instance Resources: mem-estimate=16.03MB mem-reservation=1.00MB thread-reservation=1
|  |  max-parallelism=10 segment-costs=[2700000]
|  |  02:SCAN HDFS [tpcds_partitioned_parquet_snap.customer, RANDOM]
|  |     HDFS partitions=1/1 files=1 size=1.55GB
|  |     stored statistics:
|  |       table: rows=30.00M size=1.55GB
|  |       columns: all
|  |     extrapolated-rows=disabled max-scan-range-rows=3.10M
|  |     mem-estimate=16.00MB mem-reservation=1.00MB thread-reservation=0
|  |     tuple-ids=2 row-size=4B cardinality=30.00M cost=1728000
|  |     in pipelines: 02(GETNEXT)
|  |
|  01:SCAN HDFS [tpcds_partitioned_parquet_snap.store_sales, RANDOM]
|     HDFS partitions=1824/1824 files=1824 size=389.90GB
|     runtime filters: RF013[min_max] -> tpcds_partitioned_parquet_snap.store_sales.ss_customer_sk
|     stored statistics:
|       table: rows=8.64G size=389.90GB
|       partitions: 1824/1824 rows=8.64G
|       columns: all
|     extrapolated-rows=disabled max-scan-range-rows=390.22M
|     mem-estimate=16.00MB mem-reservation=8.00MB thread-reservation=0
|     tuple-ids=0 row-size=12B cardinality=7.93G(filtered from 8.64G) cost=1492980801
|     in pipelines: 01(GETNEXT)
|
66:EXCHANGE [HASH(tpcds_partitioned_parquet_snap.catalog_sales.cs_bill_customer_sk)]
|  mem-estimate=13.28MB mem-reservation=0B thread-reservation=0
|  tuple-ids=9,5,7 row-size=72B cardinality=23.38M cost=12058106
|  in pipelines: 57(GETNEXT)
|
F08:PLAN FRAGMENT [HASH(tpcds_partitioned_parquet_snap.catalog_sales.cs_item_sk)] hosts=10 instances=40 (adjusted from 120)
Per-Instance Resources: mem-estimate=20.31MB mem-reservation=0B thread-reservation=1
max-parallelism=50 segment-costs=[496321277]
16:HASH JOIN [RIGHT SEMI JOIN, PARTITIONED]
|  hash-table-id=05
|  hash predicates: tpcds_partitioned_parquet_snap.item.i_item_sk = tpcds_partitioned_parquet_snap.catalog_sales.cs_item_sk
|  mem-estimate=0B mem-reservation=0B spill-buffer=2.00MB thread-reservation=0
|  tuple-ids=9,5,7 row-size=72B cardinality=23.38M cost=183843757
|  in pipelines: 57(GETNEXT), 08(OPEN)
|
|--F43:PLAN FRAGMENT [HASH(tpcds_partitioned_parquet_snap.catalog_sales.cs_item_sk)] hosts=10 instances=40 (adjusted from 120)
|  |  Per-Instance Resources: mem-estimate=80.76MB mem-reservation=35.00MB thread-reservation=1 runtime-filters-memory=1.00MB
|  |  max-parallelism=50 segment-costs=[35455566] cpu-comparison-result=70 [max(70 (self) vs 40 (sum children))]
|  JOIN BUILD
|  |  join-table-id=05 plan-id=06 cohort-id=01
|  |  build expressions: tpcds_partitioned_parquet_snap.catalog_sales.cs_item_sk
|  |  runtime filters: RF002[bloom] <- tpcds_partitioned_parquet_snap.catalog_sales.cs_item_sk, RF003[min_max] <- tpcds_partitioned_parquet_snap.catalog_sales.cs_item_sk
|  |  mem-estimate=68.12MB mem-reservation=34.00MB spill-buffer=2.00MB thread-reservation=0 cost=23391431
|  |
|  62:EXCHANGE [HASH(tpcds_partitioned_parquet_snap.catalog_sales.cs_item_sk)]
|  |  mem-estimate=11.64MB mem-reservation=0B thread-reservation=0
|  |  tuple-ids=9,5,7 row-size=72B cardinality=23.39M cost=12064135
|  |  in pipelines: 08(GETNEXT)
|  |
|  F07:PLAN FRAGMENT [HASH(tpcds_partitioned_parquet_snap.customer_0.c_customer_sk)] hosts=10 instances=20 (adjusted from 10)
|  Per-Instance Resources: mem-estimate=23.55MB mem-reservation=0B thread-reservation=1
|  max-parallelism=20 segment-costs=[162856500]
|  09:HASH JOIN [INNER JOIN, PARTITIONED]
|  |  hash-table-id=06
|  |  hash predicates: tpcds_partitioned_parquet_snap.customer_0.c_customer_sk = tpcds_partitioned_parquet_snap.catalog_sales.cs_bill_customer_sk
|  |  fk/pk conjuncts: tpcds_partitioned_parquet_snap.customer_0.c_customer_sk = tpcds_partitioned_parquet_snap.catalog_sales.cs_bill_customer_sk
|  |  mem-estimate=0B mem-reservation=0B spill-buffer=2.00MB thread-reservation=0
|  |  tuple-ids=9,5,7 row-size=72B cardinality=23.39M cost=10774562
|  |  in pipelines: 08(GETNEXT), 05(OPEN)
|  |
|  |--F44:PLAN FRAGMENT [HASH(tpcds_partitioned_parquet_snap.customer_0.c_customer_sk)] hosts=10 instances=20 (adjusted from 10)
|  |  |  Per-Instance Resources: mem-estimate=104.06MB mem-reservation=50.00MB thread-reservation=1 runtime-filters-memory=16.00MB
|  |  |  max-parallelism=20 segment-costs=[33001243] cpu-comparison-result=40 [max(40 (self) vs 11 (sum children))]
|  |  JOIN BUILD
|  |  |  join-table-id=06 plan-id=07 cohort-id=04
|  |  |  build expressions: tpcds_partitioned_parquet_snap.catalog_sales.cs_bill_customer_sk
|  |  |  runtime filters: RF008[bloom] <- tpcds_partitioned_parquet_snap.catalog_sales.cs_bill_customer_sk, RF009[min_max] <- tpcds_partitioned_parquet_snap.catalog_sales.cs_bill_customer_sk
|  |  |  mem-estimate=77.28MB mem-reservation=34.00MB spill-buffer=2.00MB thread-reservation=0 cost=25481618
|  |  |
|  |  60:EXCHANGE [HASH(tpcds_partitioned_parquet_snap.catalog_sales.cs_bill_customer_sk)]
|  |  |  mem-estimate=10.78MB mem-reservation=0B thread-reservation=0
|  |  |  tuple-ids=5,7 row-size=32B cardinality=25.48M cost=7519625
|  |  |  in pipelines: 05(GETNEXT)
|  |  |
|  |  F05:PLAN FRAGMENT [RANDOM] hosts=10 instances=20 (adjusted from 120)
|  |  Per-Host Shared Resources: mem-estimate=1.00MB mem-reservation=1.00MB thread-reservation=0 runtime-filters-memory=1.00MB
|  |  Per-Instance Resources: mem-estimate=19.12MB mem-reservation=1.00MB thread-reservation=1
|  |  max-parallelism=20 segment-costs=[170469474]
|  |  07:HASH JOIN [INNER JOIN, BROADCAST]
|  |  |  hash-table-id=07
|  |  |  hash predicates: tpcds_partitioned_parquet_snap.catalog_sales.cs_sold_date_sk = tpcds_partitioned_parquet_snap.date_dim.d_date_sk
|  |  |  fk/pk conjuncts: tpcds_partitioned_parquet_snap.catalog_sales.cs_sold_date_sk = tpcds_partitioned_parquet_snap.date_dim.d_date_sk
|  |  |  mem-estimate=0B mem-reservation=0B spill-buffer=64.00KB thread-reservation=0
|  |  |  tuple-ids=5,7 row-size=32B cardinality=25.48M cost=11153304
|  |  |  in pipelines: 05(GETNEXT), 06(OPEN)
|  |  |
|  |  |--F45:PLAN FRAGMENT [RANDOM] hosts=10 instances=10
|  |  |  |  Per-Instance Resources: mem-estimate=4.89MB mem-reservation=4.88MB thread-reservation=1 runtime-filters-memory=1.00MB
|  |  |  |  max-parallelism=10 segment-costs=[248]
|  |  |  JOIN BUILD
|  |  |  |  join-table-id=07 plan-id=08 cohort-id=05
|  |  |  |  build expressions: tpcds_partitioned_parquet_snap.date_dim.d_date_sk
|  |  |  |  runtime filters: RF010[bloom] <- tpcds_partitioned_parquet_snap.date_dim.d_date_sk
|  |  |  |  mem-estimate=3.88MB mem-reservation=3.88MB spill-buffer=64.00KB thread-reservation=0 cost=108
|  |  |  |
|  |  |  58:EXCHANGE [BROADCAST]
|  |  |  |  mem-estimate=16.00KB mem-reservation=0B thread-reservation=0
|  |  |  |  tuple-ids=7 row-size=12B cardinality=108 cost=140
|  |  |  |  in pipelines: 06(GETNEXT)
|  |  |  |
|  |  |  F06:PLAN FRAGMENT [RANDOM] hosts=1 instances=1
|  |  |  Per-Instance Resources: mem-estimate=16.06MB mem-reservation=512.00KB thread-reservation=1
|  |  |  max-parallelism=1 segment-costs=[16733]
|  |  |  06:SCAN HDFS [tpcds_partitioned_parquet_snap.date_dim, RANDOM]
|  |  |     HDFS partitions=1/1 files=1 size=2.17MB
|  |  |     predicates: tpcds_partitioned_parquet_snap.date_dim.d_year = CAST(2000 AS INT), tpcds_partitioned_parquet_snap.date_dim.d_moy = CAST(5 AS INT)
|  |  |     stored statistics:
|  |  |       table: rows=73.05K size=2.17MB
|  |  |       columns: all
|  |  |     extrapolated-rows=disabled max-scan-range-rows=73.05K
|  |  |     parquet statistics predicates: tpcds_partitioned_parquet_snap.date_dim.d_year = CAST(2000 AS INT), tpcds_partitioned_parquet_snap.date_dim.d_moy = CAST(5 AS INT)
|  |  |     parquet dictionary predicates: tpcds_partitioned_parquet_snap.date_dim.d_year = CAST(2000 AS INT), tpcds_partitioned_parquet_snap.date_dim.d_moy = CAST(5 AS INT)
|  |  |     mem-estimate=16.00MB mem-reservation=512.00KB thread-reservation=0
|  |  |     tuple-ids=7 row-size=12B cardinality=108 cost=16728
|  |  |     in pipelines: 06(GETNEXT)
|  |  |
|  |  05:SCAN HDFS [tpcds_partitioned_parquet_snap.catalog_sales, RANDOM]
|  |     HDFS partitions=1831/1831 files=1831 size=280.96GB
|  |     predicates: is_not_null_pred(tpcds_partitioned_parquet_snap.catalog_sales.cs_item_sk)
|  |     runtime filters: RF001[min_max] -> tpcds_partitioned_parquet_snap.catalog_sales.cs_bill_customer_sk, RF010[bloom] -> tpcds_partitioned_parquet_snap.catalog_sales.cs_sold_date_sk
|  |     stored statistics:
|  |       table: rows=4.32G size=280.96GB
|  |       partitions: 1831/1831 rows=4.32G
|  |       columns: all
|  |     extrapolated-rows=disabled max-scan-range-rows=21.52M est-scan-range=109(filtered from 1831)
|  |     parquet dictionary predicates: is_not_null_pred(tpcds_partitioned_parquet_snap.catalog_sales.cs_item_sk)
|  |     mem-estimate=16.00MB mem-reservation=1.00MB thread-reservation=0
|  |     tuple-ids=5 row-size=20B cardinality=25.48M(filtered from 432.01M) cost=80547393
|  |     in pipelines: 05(GETNEXT)
|  |
|  59:EXCHANGE [HASH(tpcds_partitioned_parquet_snap.customer_0.c_customer_sk)]
|  |  mem-estimate=10.43MB mem-reservation=0B thread-reservation=0
|  |  tuple-ids=9 row-size=40B cardinality=25.48M(filtered from 30.00M) cost=7515808
|  |  in pipelines: 08(GETNEXT)
|  |
|  F04:PLAN FRAGMENT [RANDOM] hosts=10 instances=10
|  Per-Host Shared Resources: mem-estimate=16.00MB mem-reservation=16.00MB thread-reservation=0 runtime-filters-memory=16.00MB
|  Per-Instance Resources: mem-estimate=19.43MB mem-reservation=1.00MB thread-reservation=1
|  max-parallelism=10 segment-costs=[85613275]
|  08:SCAN HDFS [tpcds_partitioned_parquet_snap.customer, RANDOM]
|     HDFS partitions=1/1 files=1 size=1.55GB
|     runtime filters: RF009[min_max] -> tpcds_partitioned_parquet_snap.customer_0.c_customer_sk, RF001[min_max] -> tpcds_partitioned_parquet_snap.customer_0.c_customer_sk, RF008[bloom] -> tpcds_partitioned_parquet_snap.customer_0.c_customer_sk
|     stored statistics:
|       table: rows=30.00M size=1.55GB
|       columns: all
|     extrapolated-rows=disabled max-scan-range-rows=3.10M
|     mem-estimate=16.00MB mem-reservation=1.00MB thread-reservation=0
|     tuple-ids=9 row-size=40B cardinality=25.48M(filtered from 30.00M) cost=6897933
|     in pipelines: 08(GETNEXT)
|
61:EXCHANGE [HASH(tpcds_partitioned_parquet_snap.item.i_item_sk)]
|  mem-estimate=13.75MB mem-reservation=0B thread-reservation=0
|  tuple-ids=17 row-size=28B cardinality=700.22M cost=167983637
|  in pipelines: 57(GETNEXT)
|
F03:PLAN FRAGMENT [HASH(substr(tpcds_partitioned_parquet_snap.item.i_item_desc, 1, 30),tpcds_partitioned_parquet_snap.item.i_item_sk,tpcds_partitioned_parquet_snap.date_dim_0.d_date)] hosts=10 instances=120
Per-Instance Resources: mem-estimate=954.24MB mem-reservation=34.00MB thread-reservation=1
max-parallelism=4310 segment-costs=[43011233450, 1623398350] cpu-comparison-result=120 [max(120 (self) vs 120 (sum children))]
57:AGGREGATE [FINALIZE]
|  output: count:merge()
|  group by: substr(tpcds_partitioned_parquet_snap.item.i_item_desc, 1, 30), tpcds_partitioned_parquet_snap.item.i_item_sk, tpcds_partitioned_parquet_snap.date_dim_0.d_date
|  having: count() > CAST(4 AS BIGINT)
|  mem-estimate=940.49MB mem-reservation=34.00MB spill-buffer=2.00MB thread-reservation=0
|  tuple-ids=17 row-size=28B cardinality=700.22M cost=41331397080
|  in pipelines: 57(GETNEXT), 10(OPEN)
|
56:EXCHANGE [HASH(substr(tpcds_partitioned_parquet_snap.item.i_item_desc, 1, 30),tpcds_partitioned_parquet_snap.item.i_item_sk,tpcds_partitioned_parquet_snap.date_dim_0.d_date)]
|  mem-estimate=13.75MB mem-reservation=0B thread-reservation=0
|  tuple-ids=17 row-size=28B cardinality=7.00G cost=1679836370
|  in pipelines: 10(GETNEXT)
|
F00:PLAN FRAGMENT [RANDOM] hosts=10 instances=120
Per-Host Shared Resources: mem-estimate=2.00MB mem-reservation=2.00MB thread-reservation=0 runtime-filters-memory=2.00MB
Per-Instance Resources: mem-estimate=832.37MB mem-reservation=38.00MB thread-reservation=1
max-parallelism=1479 segment-costs=[48270645674, 16233983497] cpu-comparison-result=120 [max(120 (self) vs 25 (sum children))]
15:AGGREGATE [STREAMING]
|  output: count()
|  group by: substr(tpcds_partitioned_parquet_snap.item.i_item_desc, CAST(1 AS BIGINT), CAST(30 AS BIGINT)), tpcds_partitioned_parquet_snap.item.i_item_sk, tpcds_partitioned_parquet_snap.date_dim_0.d_date
|  mem-estimate=801.37MB mem-reservation=34.00MB spill-buffer=2.00MB thread-reservation=0
|  tuple-ids=17 row-size=28B cardinality=7.00G cost=41331397080
|  in pipelines: 10(GETNEXT)
|
14:HASH JOIN [INNER JOIN, BROADCAST]
|  hash-table-id=08
|  hash predicates: tpcds_partitioned_parquet_snap.store_sales_0.ss_item_sk = tpcds_partitioned_parquet_snap.item.i_item_sk
|  fk/pk conjuncts: tpcds_partitioned_parquet_snap.store_sales_0.ss_item_sk = tpcds_partitioned_parquet_snap.item.i_item_sk
|  mem-estimate=0B mem-reservation=0B spill-buffer=2.00MB thread-reservation=0
|  tuple-ids=11,13,15 row-size=137B cardinality=7.00G cost=3065776649
|  in pipelines: 10(GETNEXT), 13(OPEN)
|
|--F46:PLAN FRAGMENT [RANDOM] hosts=10 instances=10
|  |  Per-Instance Resources: mem-estimate=418.47MB mem-reservation=408.00MB thread-reservation=1
|  |  max-parallelism=10 segment-costs=[838440]
|  JOIN BUILD
|  |  join-table-id=08 plan-id=09 cohort-id=01
|  |  build expressions: tpcds_partitioned_parquet_snap.item.i_item_sk
|  |  runtime filters: RF005[min_max] <- tpcds_partitioned_parquet_snap.item.i_item_sk
|  |  mem-estimate=408.00MB mem-reservation=408.00MB spill-buffer=2.00MB thread-reservation=0 cost=360000
|  |
|  55:EXCHANGE [BROADCAST]
|  |  mem-estimate=10.47MB mem-reservation=0B thread-reservation=0
|  |  tuple-ids=15 row-size=117B cardinality=360.00K cost=478440
|  |  in pipelines: 13(GETNEXT)
|  |
|  F02:PLAN FRAGMENT [RANDOM] hosts=4 instances=4
|  Per-Host Shared Resources: mem-estimate=1.00MB mem-reservation=1.00MB thread-reservation=0 runtime-filters-memory=1.00MB
|  Per-Instance Resources: mem-estimate=16.47MB mem-reservation=512.00KB thread-reservation=1
|  max-parallelism=4 segment-costs=[663353]
|  13:SCAN HDFS [tpcds_partitioned_parquet_snap.item, RANDOM]
|     HDFS partitions=1/1 files=1 size=33.54MB
|     runtime filters: RF003[min_max] -> tpcds_partitioned_parquet_snap.item.i_item_sk, RF002[bloom] -> tpcds_partitioned_parquet_snap.item.i_item_sk
|     stored statistics:
|       table: rows=360.00K size=33.54MB
|       columns: all
|     extrapolated-rows=disabled max-scan-range-rows=101.54K
|     mem-estimate=16.00MB mem-reservation=512.00KB thread-reservation=0
|     tuple-ids=15 row-size=117B cardinality=360.00K cost=542243
|     in pipelines: 13(GETNEXT)
|
12:HASH JOIN [INNER JOIN, BROADCAST]
|  hash-table-id=09
|  hash predicates: tpcds_partitioned_parquet_snap.store_sales_0.ss_sold_date_sk = tpcds_partitioned_parquet_snap.date_dim_0.d_date_sk
|  fk/pk conjuncts: tpcds_partitioned_parquet_snap.store_sales_0.ss_sold_date_sk = tpcds_partitioned_parquet_snap.date_dim_0.d_date_sk
|  mem-estimate=0B mem-reservation=0B spill-buffer=64.00KB thread-reservation=0
|  tuple-ids=11,13 row-size=20B cardinality=7.01G cost=3066411052
|  in pipelines: 10(GETNEXT), 11(OPEN)
|
|--F47:PLAN FRAGMENT [RANDOM] hosts=10 instances=10
|  |  Per-Instance Resources: mem-estimate=24.28MB mem-reservation=24.25MB thread-reservation=1 runtime-filters-memory=1.00MB
|  |  max-parallelism=10 segment-costs=[3439]
|  JOIN BUILD
|  |  join-table-id=09 plan-id=10 cohort-id=01
|  |  build expressions: tpcds_partitioned_parquet_snap.date_dim_0.d_date_sk
|  |  runtime filters: RF006[bloom] <- tpcds_partitioned_parquet_snap.date_dim_0.d_date_sk
|  |  mem-estimate=23.25MB mem-reservation=23.25MB spill-buffer=64.00KB thread-reservation=0 cost=1479
|  |
|  54:EXCHANGE [BROADCAST]
|  |  mem-estimate=33.33KB mem-reservation=0B thread-reservation=0
|  |  tuple-ids=13 row-size=12B cardinality=1.48K cost=1960
|  |  in pipelines: 11(GETNEXT)
|  |
|  F01:PLAN FRAGMENT [RANDOM] hosts=1 instances=1
|  Per-Instance Resources: mem-estimate=16.06MB mem-reservation=1.00MB thread-reservation=1
|  max-parallelism=1 segment-costs=[14754]
|  11:SCAN HDFS [tpcds_partitioned_parquet_snap.date_dim, RANDOM]
|     HDFS partitions=1/1 files=1 size=2.17MB
|     predicates: tpcds_partitioned_parquet_snap.date_dim_0.d_year = CAST(2000 AS INT) OR tpcds_partitioned_parquet_snap.date_dim_0.d_year = add(CAST(2000 AS INT), CAST(1 AS INT)) OR tpcds_partitioned_parquet_snap.date_dim_0.d_year = add(CAST(2000 AS INT), CAST(2 AS INT)) OR tpcds_partitioned_parquet_snap.date_dim_0.d_year = add(CAST(2000 AS INT), CAST(3 AS INT))
|     stored statistics:
|       table: rows=73.05K size=2.17MB
|       columns: all
|     extrapolated-rows=disabled max-scan-range-rows=73.05K
|     parquet dictionary predicates: tpcds_partitioned_parquet_snap.date_dim_0.d_year = CAST(2000 AS INT) OR tpcds_partitioned_parquet_snap.date_dim_0.d_year = add(CAST(2000 AS INT), CAST(1 AS INT)) OR tpcds_partitioned_parquet_snap.date_dim_0.d_year = add(CAST(2000 AS INT), CAST(2 AS INT)) OR tpcds_partitioned_parquet_snap.date_dim_0.d_year = add(CAST(2000 AS INT), CAST(3 AS INT))
|     mem-estimate=16.00MB mem-reservation=1.00MB thread-reservation=0
|     tuple-ids=13 row-size=12B cardinality=1.48K cost=14675
|     in pipelines: 11(GETNEXT)
|
10:SCAN HDFS [tpcds_partitioned_parquet_snap.store_sales, RANDOM]
   HDFS partitions=1824/1824 files=1824 size=389.90GB
   runtime filters: RF003[min_max] -> tpcds_partitioned_parquet_snap.store_sales_0.ss_item_sk, RF005[min_max] -> tpcds_partitioned_parquet_snap.store_sales_0.ss_item_sk, RF002[bloom] -> tpcds_partitioned_parquet_snap.store_sales_0.ss_item_sk, RF006[bloom] -> tpcds_partitioned_parquet_snap.store_sales_0.ss_sold_date_sk
   stored statistics:
     table: rows=8.64G size=389.90GB
     partitions: 1824/1824 rows=8.64G
     columns: all
   extrapolated-rows=disabled max-scan-range-rows=390.22M est-scan-range=1479(filtered from 1824)
   mem-estimate=16.00MB mem-reservation=4.00MB thread-reservation=0
   tuple-ids=11 row-size=8B cardinality=7.01G(filtered from 8.64G) cost=807060893
   in pipelines: 10(GETNEXT)
====
