# TPCDS-Q16
# start query 16 in stream 0 using template query16.tpl using seed 1179008650
select
   count(distinct cs_order_number) as "order count"
  ,sum(cs_ext_ship_cost) as "total shipping cost"
  ,sum(cs_net_profit) as "total net profit"
from
   catalog_sales cs1
  ,date_dim
  ,customer_address
  ,call_center
where
    d_date between cast('2001-2-01' as date) and
           (cast('2001-2-01' as date) + interval 60 days)
and cs1.cs_ship_date_sk = d_date_sk
and cs1.cs_ship_addr_sk = ca_address_sk
and ca_state = 'MS'
and cs1.cs_call_center_sk = cc_call_center_sk
and cc_county in ('Jackson County','Daviess County','Walker County','Dauphin County',
                  'Mobile County'
)
and exists (select *
            from catalog_sales cs2
            where cs1.cs_order_number = cs2.cs_order_number
              and cs1.cs_warehouse_sk <> cs2.cs_warehouse_sk)
and not exists(select *
               from catalog_returns cr1
               where cs1.cs_order_number = cr1.cr_order_number)
order by count(distinct cs_order_number)
limit 100

# end query 16 in stream 0 using template query16.tpl
---- PLAN
Max Per-Host Resource Reservation: Memory=200.00MB Threads=1
Per-Host Resource Estimates: Memory=6.54GB
F00:PLAN FRAGMENT [UNPARTITIONED] hosts=1 instances=1
|  Per-Instance Resources: mem-estimate=6.54GB mem-reservation=200.00MB thread-reservation=1 runtime-filters-memory=29.00MB
|  max-parallelism=1 segment-costs=[187180000, 1716035118, 2032688705, 2332109895, 32648, 0, 3]
PLAN-ROOT SINK
|  output exprs: count(tpcds_partitioned_parquet_snap.catalog_sales_1.cs_order_number), sum(tpcds_partitioned_parquet_snap.catalog_sales_1.cs_ext_ship_cost), sum(tpcds_partitioned_parquet_snap.catalog_sales_1.cs_net_profit)
|  mem-estimate=4.00MB mem-reservation=4.00MB spill-buffer=2.00MB thread-reservation=0 cost=3
|
24:TOP-N [LIMIT=100]
|  order by: count(tpcds_partitioned_parquet_snap.catalog_sales_1.cs_order_number) ASC NULLS LAST
|  mem-estimate=40B mem-reservation=0B thread-reservation=0
|  tuple-ids=25 row-size=40B cardinality=1 cost=0
|  in pipelines: 24(GETNEXT), 23(OPEN)
|
23:AGGREGATE [FINALIZE]
|  output: count(tpcds_partitioned_parquet_snap.catalog_sales_1.cs_order_number), sum:merge(tpcds_partitioned_parquet_snap.catalog_sales_1.cs_ext_ship_cost), sum:merge(tpcds_partitioned_parquet_snap.catalog_sales_1.cs_net_profit)
|  mem-estimate=16.00KB mem-reservation=0B spill-buffer=2.00MB thread-reservation=0
|  tuple-ids=24 row-size=40B cardinality=1 cost=32648
|  in pipelines: 23(GETNEXT), 22(OPEN)
|
22:AGGREGATE
|  output: sum(tpcds_partitioned_parquet_snap.catalog_sales_1.cs_ext_ship_cost), sum(tpcds_partitioned_parquet_snap.catalog_sales_1.cs_net_profit)
|  group by: tpcds_partitioned_parquet_snap.catalog_sales_1.cs_order_number
|  mem-estimate=10.00MB mem-reservation=8.50MB spill-buffer=512.00KB thread-reservation=0
|  tuple-ids=23 row-size=40B cardinality=155.47K cost=461690
|  in pipelines: 22(GETNEXT), 10(OPEN)
|
21:HASH JOIN [INNER JOIN]
|  hash predicates: tpcds_partitioned_parquet_snap.catalog_sales_0.cs_order_number = tpcds_partitioned_parquet_snap.catalog_sales_1.cs_order_number, tpcds_partitioned_parquet_snap.catalog_sales_0.cs_warehouse_sk = tpcds_partitioned_parquet_snap.catalog_sales_1.cs_warehouse_sk
|  fk/pk conjuncts: tpcds_partitioned_parquet_snap.catalog_sales_0.cs_order_number = tpcds_partitioned_parquet_snap.catalog_sales_1.cs_order_number, tpcds_partitioned_parquet_snap.catalog_sales_0.cs_warehouse_sk = tpcds_partitioned_parquet_snap.catalog_sales_1.cs_warehouse_sk
|  runtime filters: RF000[bloom] <- tpcds_partitioned_parquet_snap.catalog_sales_1.cs_order_number, RF001[bloom] <- tpcds_partitioned_parquet_snap.catalog_sales_1.cs_warehouse_sk, RF002[min_max] <- tpcds_partitioned_parquet_snap.catalog_sales_1.cs_order_number, RF003[min_max] <- tpcds_partitioned_parquet_snap.catalog_sales_1.cs_warehouse_sk
|  mem-estimate=402.67MB mem-reservation=34.00MB spill-buffer=2.00MB thread-reservation=0
|  tuple-ids=11,22N,12,14,16,18 row-size=108B cardinality=155.47K cost=54557286
|  in pipelines: 10(GETNEXT), 19(OPEN)
|
|--20:HASH JOIN [RIGHT OUTER JOIN]
|  |  hash predicates: tpcds_partitioned_parquet_snap.catalog_returns.cr_order_number = tpcds_partitioned_parquet_snap.catalog_sales_1.cs_order_number
|  |  fk/pk conjuncts: none
|  |  other predicates: is_null_pred(if(TupleIsNull(22), NULL, TRUE))
|  |  runtime filters: RF012[bloom] <- tpcds_partitioned_parquet_snap.catalog_sales_1.cs_order_number, RF013[min_max] <- tpcds_partitioned_parquet_snap.catalog_sales_1.cs_order_number
|  |  mem-estimate=227.68MB mem-reservation=34.00MB spill-buffer=2.00MB thread-reservation=0
|  |  tuple-ids=22N,12,14,16,18 row-size=96B cardinality=3.37M cost=13844652
|  |  in pipelines: 19(GETNEXT), 11(OPEN)
|  |
|  |--17:HASH JOIN [INNER JOIN]
|  |  |  hash predicates: tpcds_partitioned_parquet_snap.catalog_sales_1.cs_call_center_sk = tpcds_partitioned_parquet_snap.call_center_0.cc_call_center_sk
|  |  |  fk/pk conjuncts: tpcds_partitioned_parquet_snap.catalog_sales_1.cs_call_center_sk = tpcds_partitioned_parquet_snap.call_center_0.cc_call_center_sk
|  |  |  runtime filters: RF014[bloom] <- tpcds_partitioned_parquet_snap.call_center_0.cc_call_center_sk, RF015[min_max] <- tpcds_partitioned_parquet_snap.call_center_0.cc_call_center_sk
|  |  |  mem-estimate=1.94MB mem-reservation=1.94MB spill-buffer=64.00KB thread-reservation=0
|  |  |  tuple-ids=12,14,16,18 row-size=88B cardinality=2.15M cost=2429506
|  |  |  in pipelines: 11(GETNEXT), 16(OPEN)
|  |  |
|  |  |--16:SCAN HDFS [tpcds_partitioned_parquet_snap.call_center]
|  |  |     HDFS partitions=1/1 files=1 size=16.57KB
|  |  |     predicates: tpcds_partitioned_parquet_snap.call_center_0.cc_county = 'Dauphin County' OR tpcds_partitioned_parquet_snap.call_center_0.cc_county = 'Daviess County' OR tpcds_partitioned_parquet_snap.call_center_0.cc_county = 'Jackson County' OR tpcds_partitioned_parquet_snap.call_center_0.cc_county = 'Mobile County' OR tpcds_partitioned_parquet_snap.call_center_0.cc_county = 'Walker County'
|  |  |     stored statistics:
|  |  |       table: rows=48 size=16.57KB
|  |  |       columns: all
|  |  |     extrapolated-rows=disabled max-scan-range-rows=48
|  |  |     parquet dictionary predicates: tpcds_partitioned_parquet_snap.call_center_0.cc_county = 'Dauphin County' OR tpcds_partitioned_parquet_snap.call_center_0.cc_county = 'Daviess County' OR tpcds_partitioned_parquet_snap.call_center_0.cc_county = 'Jackson County' OR tpcds_partitioned_parquet_snap.call_center_0.cc_county = 'Mobile County' OR tpcds_partitioned_parquet_snap.call_center_0.cc_county = 'Walker County'
|  |  |     mem-estimate=16.00MB mem-reservation=16.00KB thread-reservation=0
|  |  |     tuple-ids=18 row-size=30B cardinality=13 cost=13
|  |  |     in pipelines: 16(GETNEXT)
|  |  |
|  |  15:HASH JOIN [INNER JOIN]
|  |  |  hash predicates: tpcds_partitioned_parquet_snap.catalog_sales_1.cs_ship_date_sk = tpcds_partitioned_parquet_snap.date_dim_0.d_date_sk
|  |  |  fk/pk conjuncts: tpcds_partitioned_parquet_snap.catalog_sales_1.cs_ship_date_sk = tpcds_partitioned_parquet_snap.date_dim_0.d_date_sk
|  |  |  runtime filters: RF016[bloom] <- tpcds_partitioned_parquet_snap.date_dim_0.d_date_sk, RF017[min_max] <- tpcds_partitioned_parquet_snap.date_dim_0.d_date_sk
|  |  |  mem-estimate=1.94MB mem-reservation=1.94MB spill-buffer=64.00KB thread-reservation=0
|  |  |  tuple-ids=12,14,16 row-size=58B cardinality=7.95M cost=3487266
|  |  |  in pipelines: 11(GETNEXT), 14(OPEN)
|  |  |
|  |  |--14:SCAN HDFS [tpcds_partitioned_parquet_snap.date_dim]
|  |  |     HDFS partitions=1/1 files=1 size=2.17MB
|  |  |     predicates: tpcds_partitioned_parquet_snap.date_dim_0.d_date <= CAST('2001-2-01' AS DATE) + INTERVAL CAST(60 AS INT) DAY, tpcds_partitioned_parquet_snap.date_dim_0.d_date >= CAST('2001-2-01' AS DATE)
|  |  |     stored statistics:
|  |  |       table: rows=73.05K size=2.17MB
|  |  |       columns: all
|  |  |     extrapolated-rows=disabled max-scan-range-rows=73.05K
|  |  |     parquet statistics predicates: tpcds_partitioned_parquet_snap.date_dim_0.d_date <= CAST('2001-2-01' AS DATE) + INTERVAL CAST(60 AS INT) DAY, tpcds_partitioned_parquet_snap.date_dim_0.d_date >= CAST('2001-2-01' AS DATE)
|  |  |     parquet dictionary predicates: tpcds_partitioned_parquet_snap.date_dim_0.d_date <= CAST('2001-2-01' AS DATE) + INTERVAL CAST(60 AS INT) DAY, tpcds_partitioned_parquet_snap.date_dim_0.d_date >= CAST('2001-2-01' AS DATE)
|  |  |     mem-estimate=16.00MB mem-reservation=1.00MB thread-reservation=0
|  |  |     tuple-ids=16 row-size=8B cardinality=7.30K cost=12520
|  |  |     in pipelines: 14(GETNEXT)
|  |  |
|  |  13:HASH JOIN [INNER JOIN]
|  |  |  hash predicates: tpcds_partitioned_parquet_snap.catalog_sales_1.cs_ship_addr_sk = tpcds_partitioned_parquet_snap.customer_address_0.ca_address_sk
|  |  |  fk/pk conjuncts: tpcds_partitioned_parquet_snap.catalog_sales_1.cs_ship_addr_sk = tpcds_partitioned_parquet_snap.customer_address_0.ca_address_sk
|  |  |  runtime filters: RF018[bloom] <- tpcds_partitioned_parquet_snap.customer_address_0.ca_address_sk, RF019[min_max] <- tpcds_partitioned_parquet_snap.customer_address_0.ca_address_sk
|  |  |  mem-estimate=17.00MB mem-reservation=17.00MB spill-buffer=1.00MB thread-reservation=0
|  |  |  tuple-ids=12,14 row-size=50B cardinality=7.95M cost=22119147
|  |  |  in pipelines: 11(GETNEXT), 12(OPEN)
|  |  |
|  |  |--12:SCAN HDFS [tpcds_partitioned_parquet_snap.customer_address]
|  |  |     HDFS partitions=1/1 files=1 size=307.36MB
|  |  |     predicates: tpcds_partitioned_parquet_snap.customer_address_0.ca_state = 'MS'
|  |  |     stored statistics:
|  |  |       table: rows=15.00M size=307.36MB
|  |  |       columns: all
|  |  |     extrapolated-rows=disabled max-scan-range-rows=1.58M
|  |  |     parquet statistics predicates: tpcds_partitioned_parquet_snap.customer_address_0.ca_state = 'MS'
|  |  |     parquet dictionary predicates: tpcds_partitioned_parquet_snap.customer_address_0.ca_state = 'MS'
|  |  |     mem-estimate=16.00MB mem-reservation=128.00KB thread-reservation=0
|  |  |     tuple-ids=14 row-size=18B cardinality=285.31K cost=1717500
|  |  |     in pipelines: 12(GETNEXT)
|  |  |
|  |  11:SCAN HDFS [tpcds_partitioned_parquet_snap.catalog_sales]
|  |     HDFS partitions=1831/1831 files=1831 size=280.96GB
|  |     predicates: is_not_null_pred(tpcds_partitioned_parquet_snap.catalog_sales_1.cs_order_number), is_not_null_pred(tpcds_partitioned_parquet_snap.catalog_sales_1.cs_warehouse_sk)
|  |     runtime filters: RF019[min_max] -> tpcds_partitioned_parquet_snap.catalog_sales_1.cs_ship_addr_sk, RF015[min_max] -> tpcds_partitioned_parquet_snap.catalog_sales_1.cs_call_center_sk, RF017[min_max] -> tpcds_partitioned_parquet_snap.catalog_sales_1.cs_ship_date_sk, RF018[bloom] -> tpcds_partitioned_parquet_snap.catalog_sales_1.cs_ship_addr_sk, RF014[bloom] -> tpcds_partitioned_parquet_snap.catalog_sales_1.cs_call_center_sk, RF016[bloom] -> tpcds_partitioned_parquet_snap.catalog_sales_1.cs_ship_date_sk
|  |     stored statistics:
|  |       table: rows=4.32G size=280.96GB
|  |       partitions: 1831/1831 rows=4.32G
|  |       columns: all
|  |     extrapolated-rows=disabled max-scan-range-rows=21.52M
|  |     parquet dictionary predicates: is_not_null_pred(tpcds_partitioned_parquet_snap.catalog_sales_1.cs_order_number), is_not_null_pred(tpcds_partitioned_parquet_snap.catalog_sales_1.cs_warehouse_sk)
|  |     mem-estimate=16.00MB mem-reservation=1.00MB thread-reservation=0
|  |     tuple-ids=12 row-size=32B cardinality=79.51M(filtered from 432.01M) cost=2233480315
|  |     in pipelines: 11(GETNEXT)
|  |
|  19:AGGREGATE [FINALIZE]
|  |  group by: tpcds_partitioned_parquet_snap.catalog_returns.cr_order_number
|  |  mem-estimate=824.01MB mem-reservation=34.00MB spill-buffer=2.00MB thread-reservation=0
|  |  tuple-ids=22 row-size=8B cardinality=43.20M cost=125271966
|  |  in pipelines: 19(GETNEXT), 18(OPEN)
|  |
|  18:SCAN HDFS [tpcds_partitioned_parquet_snap.catalog_returns]
|     HDFS partitions=2060/2060 files=2060 size=32.77GB
|     predicates: is_not_null_pred(tpcds_partitioned_parquet_snap.catalog_returns.cr_order_number)
|     runtime filters: RF013[min_max] -> tpcds_partitioned_parquet_snap.catalog_returns.cr_order_number, RF012[bloom] -> tpcds_partitioned_parquet_snap.catalog_returns.cr_order_number
|     stored statistics:
|       table: rows=432.02M size=32.77GB
|       partitions: 2060/2060 rows=432.02M
|       columns: all
|     extrapolated-rows=disabled max-scan-range-rows=416.82K
|     parquet dictionary predicates: is_not_null_pred(tpcds_partitioned_parquet_snap.catalog_returns.cr_order_number)
|     mem-estimate=16.00MB mem-reservation=32.00KB thread-reservation=0
|     tuple-ids=20 row-size=8B cardinality=43.20M cost=61908034
|     in pipelines: 18(GETNEXT)
|
10:AGGREGATE [FINALIZE]
|  group by: tpcds_partitioned_parquet_snap.catalog_sales_0.cs_warehouse_sk, tpcds_partitioned_parquet_snap.catalog_sales_0.cs_order_number
|  mem-estimate=4.46GB mem-reservation=34.00MB spill-buffer=2.00MB thread-reservation=0
|  tuple-ids=11 row-size=12B cardinality=199.46M cost=1177342110
|  in pipelines: 10(GETNEXT), 00(OPEN)
|
09:HASH JOIN [INNER JOIN]
|  hash predicates: tpcds_partitioned_parquet_snap.catalog_sales.cs_order_number = tpcds_partitioned_parquet_snap.catalog_sales_0.cs_order_number
|  fk/pk conjuncts: none
|  other join predicates: tpcds_partitioned_parquet_snap.catalog_sales_0.cs_warehouse_sk != tpcds_partitioned_parquet_snap.catalog_sales.cs_warehouse_sk
|  runtime filters: RF004[bloom] <- tpcds_partitioned_parquet_snap.catalog_sales_0.cs_order_number, RF005[min_max] <- tpcds_partitioned_parquet_snap.catalog_sales_0.cs_order_number
|  mem-estimate=630.42MB mem-reservation=34.00MB spill-buffer=2.00MB thread-reservation=0
|  tuple-ids=0,10 row-size=24B cardinality=199.46M cost=108837121
|  in pipelines: 00(GETNEXT), 08(OPEN)
|
|--08:AGGREGATE [FINALIZE]
|  |  group by: tpcds_partitioned_parquet_snap.catalog_sales_0.cs_warehouse_sk, tpcds_partitioned_parquet_snap.catalog_sales_0.cs_order_number
|  |  mem-estimate=492.85MB mem-reservation=34.00MB spill-buffer=2.00MB thread-reservation=0
|  |  tuple-ids=10 row-size=12B cardinality=21.53M cost=127099351
|  |  in pipelines: 08(GETNEXT), 01(OPEN)
|  |
|  07:HASH JOIN [INNER JOIN]
|  |  hash predicates: tpcds_partitioned_parquet_snap.catalog_sales_0.cs_call_center_sk = tpcds_partitioned_parquet_snap.call_center.cc_call_center_sk
|  |  fk/pk conjuncts: tpcds_partitioned_parquet_snap.catalog_sales_0.cs_call_center_sk = tpcds_partitioned_parquet_snap.call_center.cc_call_center_sk
|  |  runtime filters: RF006[bloom] <- tpcds_partitioned_parquet_snap.call_center.cc_call_center_sk, RF007[min_max] <- tpcds_partitioned_parquet_snap.call_center.cc_call_center_sk
|  |  mem-estimate=1.94MB mem-reservation=1.94MB spill-buffer=64.00KB thread-reservation=0
|  |  tuple-ids=2,4,6,8 row-size=80B cardinality=21.53M cost=24294944
|  |  in pipelines: 01(GETNEXT), 06(OPEN)
|  |
|  |--06:SCAN HDFS [tpcds_partitioned_parquet_snap.call_center]
|  |     HDFS partitions=1/1 files=1 size=16.57KB
|  |     predicates: tpcds_partitioned_parquet_snap.call_center.cc_county = 'Dauphin County' OR tpcds_partitioned_parquet_snap.call_center.cc_county = 'Daviess County' OR tpcds_partitioned_parquet_snap.call_center.cc_county = 'Jackson County' OR tpcds_partitioned_parquet_snap.call_center.cc_county = 'Mobile County' OR tpcds_partitioned_parquet_snap.call_center.cc_county = 'Walker County'
|  |     stored statistics:
|  |       table: rows=48 size=16.57KB
|  |       columns: all
|  |     extrapolated-rows=disabled max-scan-range-rows=48
|  |     parquet dictionary predicates: tpcds_partitioned_parquet_snap.call_center.cc_county = 'Dauphin County' OR tpcds_partitioned_parquet_snap.call_center.cc_county = 'Daviess County' OR tpcds_partitioned_parquet_snap.call_center.cc_county = 'Jackson County' OR tpcds_partitioned_parquet_snap.call_center.cc_county = 'Mobile County' OR tpcds_partitioned_parquet_snap.call_center.cc_county = 'Walker County'
|  |     mem-estimate=16.00MB mem-reservation=16.00KB thread-reservation=0
|  |     tuple-ids=8 row-size=30B cardinality=13 cost=13
|  |     in pipelines: 06(GETNEXT)
|  |
|  05:HASH JOIN [INNER JOIN]
|  |  hash predicates: tpcds_partitioned_parquet_snap.catalog_sales_0.cs_ship_date_sk = tpcds_partitioned_parquet_snap.date_dim.d_date_sk
|  |  fk/pk conjuncts: tpcds_partitioned_parquet_snap.catalog_sales_0.cs_ship_date_sk = tpcds_partitioned_parquet_snap.date_dim.d_date_sk
|  |  runtime filters: RF008[bloom] <- tpcds_partitioned_parquet_snap.date_dim.d_date_sk, RF009[min_max] <- tpcds_partitioned_parquet_snap.date_dim.d_date_sk
|  |  mem-estimate=1.94MB mem-reservation=1.94MB spill-buffer=64.00KB thread-reservation=0
|  |  tuple-ids=2,4,6 row-size=50B cardinality=79.51M cost=34806917
|  |  in pipelines: 01(GETNEXT), 04(OPEN)
|  |
|  |--04:SCAN HDFS [tpcds_partitioned_parquet_snap.date_dim]
|  |     HDFS partitions=1/1 files=1 size=2.17MB
|  |     predicates: tpcds_partitioned_parquet_snap.date_dim.d_date <= CAST('2001-2-01' AS DATE) + INTERVAL CAST(60 AS INT) DAY, tpcds_partitioned_parquet_snap.date_dim.d_date >= CAST('2001-2-01' AS DATE)
|  |     stored statistics:
|  |       table: rows=73.05K size=2.17MB
|  |       columns: all
|  |     extrapolated-rows=disabled max-scan-range-rows=73.05K
|  |     parquet statistics predicates: tpcds_partitioned_parquet_snap.date_dim.d_date <= CAST('2001-2-01' AS DATE) + INTERVAL CAST(60 AS INT) DAY, tpcds_partitioned_parquet_snap.date_dim.d_date >= CAST('2001-2-01' AS DATE)
|  |     parquet dictionary predicates: tpcds_partitioned_parquet_snap.date_dim.d_date <= CAST('2001-2-01' AS DATE) + INTERVAL CAST(60 AS INT) DAY, tpcds_partitioned_parquet_snap.date_dim.d_date >= CAST('2001-2-01' AS DATE)
|  |     mem-estimate=16.00MB mem-reservation=1.00MB thread-reservation=0
|  |     tuple-ids=6 row-size=8B cardinality=7.30K cost=12520
|  |     in pipelines: 04(GETNEXT)
|  |
|  03:HASH JOIN [INNER JOIN]
|  |  hash predicates: tpcds_partitioned_parquet_snap.catalog_sales_0.cs_ship_addr_sk = tpcds_partitioned_parquet_snap.customer_address.ca_address_sk
|  |  fk/pk conjuncts: tpcds_partitioned_parquet_snap.catalog_sales_0.cs_ship_addr_sk = tpcds_partitioned_parquet_snap.customer_address.ca_address_sk
|  |  runtime filters: RF010[bloom] <- tpcds_partitioned_parquet_snap.customer_address.ca_address_sk, RF011[min_max] <- tpcds_partitioned_parquet_snap.customer_address.ca_address_sk
|  |  mem-estimate=17.00MB mem-reservation=17.00MB spill-buffer=1.00MB thread-reservation=0
|  |  tuple-ids=2,4 row-size=42B cardinality=79.51M cost=35084924
|  |  in pipelines: 01(GETNEXT), 02(OPEN)
|  |
|  |--02:SCAN HDFS [tpcds_partitioned_parquet_snap.customer_address]
|  |     HDFS partitions=1/1 files=1 size=307.36MB
|  |     predicates: tpcds_partitioned_parquet_snap.customer_address.ca_state = 'MS'
|  |     stored statistics:
|  |       table: rows=15.00M size=307.36MB
|  |       columns: all
|  |     extrapolated-rows=disabled max-scan-range-rows=1.58M
|  |     parquet statistics predicates: tpcds_partitioned_parquet_snap.customer_address.ca_state = 'MS'
|  |     parquet dictionary predicates: tpcds_partitioned_parquet_snap.customer_address.ca_state = 'MS'
|  |     mem-estimate=16.00MB mem-reservation=128.00KB thread-reservation=0
|  |     tuple-ids=4 row-size=18B cardinality=285.31K cost=1717500
|  |     in pipelines: 02(GETNEXT)
|  |
|  01:SCAN HDFS [tpcds_partitioned_parquet_snap.catalog_sales]
|     HDFS partitions=1831/1831 files=1831 size=280.96GB
|     runtime filters: RF002[min_max] -> tpcds_partitioned_parquet_snap.catalog_sales_0.cs_order_number, RF003[min_max] -> tpcds_partitioned_parquet_snap.catalog_sales_0.cs_warehouse_sk, RF011[min_max] -> tpcds_partitioned_parquet_snap.catalog_sales_0.cs_ship_addr_sk, RF007[min_max] -> tpcds_partitioned_parquet_snap.catalog_sales_0.cs_call_center_sk, RF009[min_max] -> tpcds_partitioned_parquet_snap.catalog_sales_0.cs_ship_date_sk, RF000[bloom] -> tpcds_partitioned_parquet_snap.catalog_sales_0.cs_order_number, RF001[bloom] -> tpcds_partitioned_parquet_snap.catalog_sales_0.cs_warehouse_sk, RF010[bloom] -> tpcds_partitioned_parquet_snap.catalog_sales_0.cs_ship_addr_sk, RF006[bloom] -> tpcds_partitioned_parquet_snap.catalog_sales_0.cs_call_center_sk, RF008[bloom] -> tpcds_partitioned_parquet_snap.catalog_sales_0.cs_ship_date_sk
|     stored statistics:
|       table: rows=4.32G size=280.96GB
|       partitions: 1831/1831 rows=4.32G
|       columns: all
|     extrapolated-rows=disabled max-scan-range-rows=21.52M
|     mem-estimate=16.00MB mem-reservation=1.00MB thread-reservation=0
|     tuple-ids=2 row-size=24B cardinality=79.51M(filtered from 4.32G) cost=1493018949
|     in pipelines: 01(GETNEXT)
|
00:SCAN HDFS [tpcds_partitioned_parquet_snap.catalog_sales]
   HDFS partitions=1831/1831 files=1831 size=280.96GB
   runtime filters: RF002[min_max] -> tpcds_partitioned_parquet_snap.catalog_sales.cs_order_number, RF005[min_max] -> tpcds_partitioned_parquet_snap.catalog_sales.cs_order_number, RF000[bloom] -> tpcds_partitioned_parquet_snap.catalog_sales.cs_order_number, RF004[bloom] -> tpcds_partitioned_parquet_snap.catalog_sales.cs_order_number
   stored statistics:
     table: rows=4.32G size=280.96GB
     partitions: 1831/1831 rows=4.32G
     columns: all
   extrapolated-rows=disabled max-scan-range-rows=21.52M
   mem-estimate=16.00MB mem-reservation=1.00MB thread-reservation=0
   tuple-ids=0 row-size=12B cardinality=199.46M(filtered from 4.32G) cost=746509474
   in pipelines: 00(GETNEXT)
---- DISTRIBUTEDPLAN
Max Per-Host Resource Reservation: Memory=2.21GB Threads=83
Per-Host Resource Estimates: Memory=3.98GB
F14:PLAN FRAGMENT [UNPARTITIONED] hosts=1 instances=1
|  Per-Instance Resources: mem-estimate=4.00MB mem-reservation=4.00MB thread-reservation=1
|  max-parallelism=1 segment-costs=[0, 0, 3] cpu-comparison-result=280 [max(1 (self) vs 280 (sum children))]
PLAN-ROOT SINK
|  output exprs: count(tpcds_partitioned_parquet_snap.catalog_sales_1.cs_order_number), sum(tpcds_partitioned_parquet_snap.catalog_sales_1.cs_ext_ship_cost), sum(tpcds_partitioned_parquet_snap.catalog_sales_1.cs_net_profit)
|  mem-estimate=4.00MB mem-reservation=4.00MB spill-buffer=2.00MB thread-reservation=0 cost=3
|
24:TOP-N [LIMIT=100]
|  order by: count(tpcds_partitioned_parquet_snap.catalog_sales_1.cs_order_number) ASC NULLS LAST
|  mem-estimate=40B mem-reservation=0B thread-reservation=0
|  tuple-ids=25 row-size=40B cardinality=1 cost=0
|  in pipelines: 24(GETNEXT), 43(OPEN)
|
43:AGGREGATE [FINALIZE]
|  output: count:merge(tpcds_partitioned_parquet_snap.catalog_sales_1.cs_order_number), sum:merge(tpcds_partitioned_parquet_snap.catalog_sales_1.cs_ext_ship_cost), sum:merge(tpcds_partitioned_parquet_snap.catalog_sales_1.cs_net_profit)
|  mem-estimate=16.00KB mem-reservation=0B spill-buffer=2.00MB thread-reservation=0
|  tuple-ids=24 row-size=40B cardinality=1 cost=0
|  in pipelines: 43(GETNEXT), 23(OPEN)
|
42:EXCHANGE [UNPARTITIONED]
|  mem-estimate=16.00KB mem-reservation=0B thread-reservation=0
|  tuple-ids=24 row-size=40B cardinality=1 cost=0
|  in pipelines: 23(GETNEXT)
|
F13:PLAN FRAGMENT [HASH(tpcds_partitioned_parquet_snap.catalog_sales_1.cs_order_number)] hosts=10 instances=10 (adjusted from 120)
Per-Instance Resources: mem-estimate=15.75MB mem-reservation=1.94MB thread-reservation=1
max-parallelism=10 segment-costs=[507568, 32648, 3] cpu-comparison-result=280 [max(10 (self) vs 280 (sum children))]
23:AGGREGATE
|  output: count(tpcds_partitioned_parquet_snap.catalog_sales_1.cs_order_number), sum:merge(tpcds_partitioned_parquet_snap.catalog_sales_1.cs_ext_ship_cost), sum:merge(tpcds_partitioned_parquet_snap.catalog_sales_1.cs_net_profit)
|  mem-estimate=16.00KB mem-reservation=0B spill-buffer=2.00MB thread-reservation=0
|  tuple-ids=24 row-size=40B cardinality=1 cost=32648
|  in pipelines: 23(GETNEXT), 41(OPEN)
|
41:AGGREGATE
|  output: sum:merge(tpcds_partitioned_parquet_snap.catalog_sales_1.cs_ext_ship_cost), sum:merge(tpcds_partitioned_parquet_snap.catalog_sales_1.cs_net_profit)
|  group by: tpcds_partitioned_parquet_snap.catalog_sales_1.cs_order_number
|  mem-estimate=10.00MB mem-reservation=1.94MB spill-buffer=64.00KB thread-reservation=0
|  tuple-ids=23 row-size=40B cardinality=155.47K cost=461690
|  in pipelines: 41(GETNEXT), 32(OPEN)
|
40:EXCHANGE [HASH(tpcds_partitioned_parquet_snap.catalog_sales_1.cs_order_number)]
|  mem-estimate=5.75MB mem-reservation=0B thread-reservation=0
|  tuple-ids=23 row-size=40B cardinality=155.47K cost=45878
|  in pipelines: 32(GETNEXT)
|
F06:PLAN FRAGMENT [HASH(tpcds_partitioned_parquet_snap.catalog_sales_0.cs_warehouse_sk,tpcds_partitioned_parquet_snap.catalog_sales_0.cs_order_number)] hosts=10 instances=120
Per-Instance Resources: mem-estimate=59.92MB mem-reservation=36.00MB thread-reservation=1
max-parallelism=130 segment-costs=[1210512576, 51651764, 480579] cpu-comparison-result=280 [max(120 (self) vs 280 (sum children))]
22:AGGREGATE [STREAMING]
|  output: sum(tpcds_partitioned_parquet_snap.catalog_sales_1.cs_ext_ship_cost), sum(tpcds_partitioned_parquet_snap.catalog_sales_1.cs_net_profit)
|  group by: tpcds_partitioned_parquet_snap.catalog_sales_1.cs_order_number
|  mem-estimate=10.00MB mem-reservation=2.00MB spill-buffer=64.00KB thread-reservation=0
|  tuple-ids=23 row-size=40B cardinality=155.47K cost=461690
|  in pipelines: 32(GETNEXT)
|
21:HASH JOIN [INNER JOIN, PARTITIONED]
|  hash-table-id=00
|  hash predicates: tpcds_partitioned_parquet_snap.catalog_sales_0.cs_order_number = tpcds_partitioned_parquet_snap.catalog_sales_1.cs_order_number, tpcds_partitioned_parquet_snap.catalog_sales_0.cs_warehouse_sk = tpcds_partitioned_parquet_snap.catalog_sales_1.cs_warehouse_sk
|  fk/pk conjuncts: tpcds_partitioned_parquet_snap.catalog_sales_0.cs_order_number = tpcds_partitioned_parquet_snap.catalog_sales_1.cs_order_number, tpcds_partitioned_parquet_snap.catalog_sales_0.cs_warehouse_sk = tpcds_partitioned_parquet_snap.catalog_sales_1.cs_warehouse_sk
|  mem-estimate=0B mem-reservation=0B spill-buffer=256.00KB thread-reservation=0
|  tuple-ids=11,22N,12,14,16,18 row-size=108B cardinality=155.47K cost=51190074
|  in pipelines: 32(GETNEXT), 34(OPEN)
|
|--F15:PLAN FRAGMENT [HASH(tpcds_partitioned_parquet_snap.catalog_sales_0.cs_warehouse_sk,tpcds_partitioned_parquet_snap.catalog_sales_0.cs_order_number)] hosts=10 instances=120
|  |  Per-Instance Resources: mem-estimate=22.01MB mem-reservation=9.75MB thread-reservation=1 runtime-filters-memory=5.00MB
|  |  max-parallelism=130 segment-costs=[5716179] cpu-comparison-result=160 [max(120 (self) vs 160 (sum children))]
|  JOIN BUILD
|  |  join-table-id=00 plan-id=01 cohort-id=01
|  |  build expressions: tpcds_partitioned_parquet_snap.catalog_sales_1.cs_order_number, tpcds_partitioned_parquet_snap.catalog_sales_1.cs_warehouse_sk
|  |  runtime filters: RF000[bloom] <- tpcds_partitioned_parquet_snap.catalog_sales_1.cs_order_number, RF001[bloom] <- tpcds_partitioned_parquet_snap.catalog_sales_1.cs_warehouse_sk, RF002[min_max] <- tpcds_partitioned_parquet_snap.catalog_sales_1.cs_order_number, RF003[min_max] <- tpcds_partitioned_parquet_snap.catalog_sales_1.cs_warehouse_sk
|  |  mem-estimate=4.75MB mem-reservation=4.75MB spill-buffer=256.00KB thread-reservation=0 cost=3367212
|  |
|  39:EXCHANGE [HASH(tpcds_partitioned_parquet_snap.catalog_sales_1.cs_warehouse_sk,tpcds_partitioned_parquet_snap.catalog_sales_1.cs_order_number)]
|  |  mem-estimate=12.26MB mem-reservation=0B thread-reservation=0
|  |  tuple-ids=22N,12,14,16,18 row-size=96B cardinality=3.37M cost=2348967
|  |  in pipelines: 34(GETNEXT)
|  |
|  F08:PLAN FRAGMENT [HASH(tpcds_partitioned_parquet_snap.catalog_returns.cr_order_number)] hosts=10 instances=20 (adjusted from 120)
|  Per-Instance Resources: mem-estimate=95.34MB mem-reservation=34.00MB thread-reservation=1
|  max-parallelism=20 segment-costs=[131661497, 41074339] cpu-comparison-result=160 [max(20 (self) vs 160 (sum children))]
|  20:HASH JOIN [RIGHT OUTER JOIN, PARTITIONED]
|  |  hash-table-id=01
|  |  hash predicates: tpcds_partitioned_parquet_snap.catalog_returns.cr_order_number = tpcds_partitioned_parquet_snap.catalog_sales_1.cs_order_number
|  |  fk/pk conjuncts: none
|  |  other predicates: is_null_pred(if(TupleIsNull(22), NULL, TRUE))
|  |  mem-estimate=0B mem-reservation=0B spill-buffer=1.00MB thread-reservation=0
|  |  tuple-ids=22N,12,14,16,18 row-size=96B cardinality=3.37M cost=11691374
|  |  in pipelines: 34(GETNEXT), 11(OPEN)
|  |
|  |--F16:PLAN FRAGMENT [HASH(tpcds_partitioned_parquet_snap.catalog_returns.cr_order_number)] hosts=10 instances=20 (adjusted from 120)
|  |  |  Per-Instance Resources: mem-estimate=41.13MB mem-reservation=19.00MB thread-reservation=1 runtime-filters-memory=2.00MB
|  |  |  max-parallelism=20 segment-costs=[3496923] cpu-comparison-result=140 [max(140 (self) vs 42 (sum children))]
|  |  JOIN BUILD
|  |  |  join-table-id=01 plan-id=02 cohort-id=02
|  |  |  build expressions: tpcds_partitioned_parquet_snap.catalog_sales_1.cs_order_number
|  |  |  runtime filters: RF012[bloom] <- tpcds_partitioned_parquet_snap.catalog_sales_1.cs_order_number, RF013[min_max] <- tpcds_partitioned_parquet_snap.catalog_sales_1.cs_order_number
|  |  |  mem-estimate=17.00MB mem-reservation=17.00MB spill-buffer=1.00MB thread-reservation=0 cost=2153278
|  |  |
|  |  38:EXCHANGE [HASH(tpcds_partitioned_parquet_snap.catalog_sales_1.cs_order_number)]
|  |  |  mem-estimate=22.13MB mem-reservation=0B thread-reservation=0
|  |  |  tuple-ids=12,14,16,18 row-size=88B cardinality=2.15M cost=1343645
|  |  |  in pipelines: 11(GETNEXT)
|  |  |
|  |  F09:PLAN FRAGMENT [RANDOM] hosts=10 instances=120
|  |  Per-Host Shared Resources: mem-estimate=3.00MB mem-reservation=3.00MB thread-reservation=0 runtime-filters-memory=3.00MB
|  |  Per-Instance Resources: mem-estimate=24.09MB mem-reservation=1.00MB thread-reservation=1
|  |  max-parallelism=230 segment-costs=[2277794800]
|  |  17:HASH JOIN [INNER JOIN, BROADCAST]
|  |  |  hash-table-id=02
|  |  |  hash predicates: tpcds_partitioned_parquet_snap.catalog_sales_1.cs_call_center_sk = tpcds_partitioned_parquet_snap.call_center_0.cc_call_center_sk
|  |  |  fk/pk conjuncts: tpcds_partitioned_parquet_snap.catalog_sales_1.cs_call_center_sk = tpcds_partitioned_parquet_snap.call_center_0.cc_call_center_sk
|  |  |  mem-estimate=0B mem-reservation=0B spill-buffer=64.00KB thread-reservation=0
|  |  |  tuple-ids=12,14,16,18 row-size=88B cardinality=2.15M cost=2429493
|  |  |  in pipelines: 11(GETNEXT), 16(OPEN)
|  |  |
|  |  |--F17:PLAN FRAGMENT [RANDOM] hosts=10 instances=10
|  |  |  |  Per-Instance Resources: mem-estimate=24.27MB mem-reservation=24.25MB thread-reservation=1 runtime-filters-memory=1.00MB
|  |  |  |  max-parallelism=10 segment-costs=[23]
|  |  |  JOIN BUILD
|  |  |  |  join-table-id=02 plan-id=03 cohort-id=03
|  |  |  |  build expressions: tpcds_partitioned_parquet_snap.call_center_0.cc_call_center_sk
|  |  |  |  runtime filters: RF014[bloom] <- tpcds_partitioned_parquet_snap.call_center_0.cc_call_center_sk, RF015[min_max] <- tpcds_partitioned_parquet_snap.call_center_0.cc_call_center_sk
|  |  |  |  mem-estimate=23.25MB mem-reservation=23.25MB spill-buffer=64.00KB thread-reservation=0 cost=13
|  |  |  |
|  |  |  37:EXCHANGE [BROADCAST]
|  |  |  |  mem-estimate=16.00KB mem-reservation=0B thread-reservation=0
|  |  |  |  tuple-ids=18 row-size=30B cardinality=13 cost=10
|  |  |  |  in pipelines: 16(GETNEXT)
|  |  |  |
|  |  |  F12:PLAN FRAGMENT [RANDOM] hosts=1 instances=1
|  |  |  Per-Instance Resources: mem-estimate=16.13MB mem-reservation=16.00KB thread-reservation=1
|  |  |  max-parallelism=1 segment-costs=[14]
|  |  |  16:SCAN HDFS [tpcds_partitioned_parquet_snap.call_center, RANDOM]
|  |  |     HDFS partitions=1/1 files=1 size=16.57KB
|  |  |     predicates: tpcds_partitioned_parquet_snap.call_center_0.cc_county = 'Dauphin County' OR tpcds_partitioned_parquet_snap.call_center_0.cc_county = 'Daviess County' OR tpcds_partitioned_parquet_snap.call_center_0.cc_county = 'Jackson County' OR tpcds_partitioned_parquet_snap.call_center_0.cc_county = 'Mobile County' OR tpcds_partitioned_parquet_snap.call_center_0.cc_county = 'Walker County'
|  |  |     stored statistics:
|  |  |       table: rows=48 size=16.57KB
|  |  |       columns: all
|  |  |     extrapolated-rows=disabled max-scan-range-rows=48
|  |  |     parquet dictionary predicates: tpcds_partitioned_parquet_snap.call_center_0.cc_county = 'Dauphin County' OR tpcds_partitioned_parquet_snap.call_center_0.cc_county = 'Daviess County' OR tpcds_partitioned_parquet_snap.call_center_0.cc_county = 'Jackson County' OR tpcds_partitioned_parquet_snap.call_center_0.cc_county = 'Mobile County' OR tpcds_partitioned_parquet_snap.call_center_0.cc_county = 'Walker County'
|  |  |     mem-estimate=16.00MB mem-reservation=16.00KB thread-reservation=0
|  |  |     tuple-ids=18 row-size=30B cardinality=13 cost=13
|  |  |     in pipelines: 16(GETNEXT)
|  |  |
|  |  15:HASH JOIN [INNER JOIN, BROADCAST]
|  |  |  hash-table-id=03
|  |  |  hash predicates: tpcds_partitioned_parquet_snap.catalog_sales_1.cs_ship_date_sk = tpcds_partitioned_parquet_snap.date_dim_0.d_date_sk
|  |  |  fk/pk conjuncts: tpcds_partitioned_parquet_snap.catalog_sales_1.cs_ship_date_sk = tpcds_partitioned_parquet_snap.date_dim_0.d_date_sk
|  |  |  mem-estimate=0B mem-reservation=0B spill-buffer=64.00KB thread-reservation=0
|  |  |  tuple-ids=12,14,16 row-size=58B cardinality=7.95M cost=3479961
|  |  |  in pipelines: 11(GETNEXT), 14(OPEN)
|  |  |
|  |  |--F18:PLAN FRAGMENT [RANDOM] hosts=10 instances=10
|  |  |  |  Per-Instance Resources: mem-estimate=24.32MB mem-reservation=24.25MB thread-reservation=1 runtime-filters-memory=1.00MB
|  |  |  |  max-parallelism=10 segment-costs=[17005]
|  |  |  JOIN BUILD
|  |  |  |  join-table-id=03 plan-id=04 cohort-id=03
|  |  |  |  build expressions: tpcds_partitioned_parquet_snap.date_dim_0.d_date_sk
|  |  |  |  runtime filters: RF016[bloom] <- tpcds_partitioned_parquet_snap.date_dim_0.d_date_sk, RF017[min_max] <- tpcds_partitioned_parquet_snap.date_dim_0.d_date_sk
|  |  |  |  mem-estimate=23.25MB mem-reservation=23.25MB spill-buffer=64.00KB thread-reservation=0 cost=7305
|  |  |  |
|  |  |  36:EXCHANGE [BROADCAST]
|  |  |  |  mem-estimate=69.07KB mem-reservation=0B thread-reservation=0
|  |  |  |  tuple-ids=16 row-size=8B cardinality=7.30K cost=9700
|  |  |  |  in pipelines: 14(GETNEXT)
|  |  |  |
|  |  |  F11:PLAN FRAGMENT [RANDOM] hosts=1 instances=1
|  |  |  Per-Instance Resources: mem-estimate=16.05MB mem-reservation=1.00MB thread-reservation=1
|  |  |  max-parallelism=1 segment-costs=[12835]
|  |  |  14:SCAN HDFS [tpcds_partitioned_parquet_snap.date_dim, RANDOM]
|  |  |     HDFS partitions=1/1 files=1 size=2.17MB
|  |  |     predicates: tpcds_partitioned_parquet_snap.date_dim_0.d_date <= CAST('2001-2-01' AS DATE) + INTERVAL CAST(60 AS INT) DAY, tpcds_partitioned_parquet_snap.date_dim_0.d_date >= CAST('2001-2-01' AS DATE)
|  |  |     stored statistics:
|  |  |       table: rows=73.05K size=2.17MB
|  |  |       columns: all
|  |  |     extrapolated-rows=disabled max-scan-range-rows=73.05K
|  |  |     parquet statistics predicates: tpcds_partitioned_parquet_snap.date_dim_0.d_date <= CAST('2001-2-01' AS DATE) + INTERVAL CAST(60 AS INT) DAY, tpcds_partitioned_parquet_snap.date_dim_0.d_date >= CAST('2001-2-01' AS DATE)
|  |  |     parquet dictionary predicates: tpcds_partitioned_parquet_snap.date_dim_0.d_date <= CAST('2001-2-01' AS DATE) + INTERVAL CAST(60 AS INT) DAY, tpcds_partitioned_parquet_snap.date_dim_0.d_date >= CAST('2001-2-01' AS DATE)
|  |  |     mem-estimate=16.00MB mem-reservation=1.00MB thread-reservation=0
|  |  |     tuple-ids=16 row-size=8B cardinality=7.30K cost=12520
|  |  |     in pipelines: 14(GETNEXT)
|  |  |
|  |  13:HASH JOIN [INNER JOIN, BROADCAST]
|  |  |  hash-table-id=04
|  |  |  hash predicates: tpcds_partitioned_parquet_snap.catalog_sales_1.cs_ship_addr_sk = tpcds_partitioned_parquet_snap.customer_address_0.ca_address_sk
|  |  |  fk/pk conjuncts: tpcds_partitioned_parquet_snap.catalog_sales_1.cs_ship_addr_sk = tpcds_partitioned_parquet_snap.customer_address_0.ca_address_sk
|  |  |  mem-estimate=0B mem-reservation=0B spill-buffer=1.00MB thread-reservation=0
|  |  |  tuple-ids=12,14 row-size=50B cardinality=7.95M cost=21833835
|  |  |  in pipelines: 11(GETNEXT), 12(OPEN)
|  |  |
|  |  |--F19:PLAN FRAGMENT [RANDOM] hosts=10 instances=10
|  |  |  |  Per-Instance Resources: mem-estimate=210.11MB mem-reservation=205.00MB thread-reservation=1 runtime-filters-memory=1.00MB
|  |  |  |  max-parallelism=10 segment-costs=[664482]
|  |  |  JOIN BUILD
|  |  |  |  join-table-id=04 plan-id=05 cohort-id=03
|  |  |  |  build expressions: tpcds_partitioned_parquet_snap.customer_address_0.ca_address_sk
|  |  |  |  runtime filters: RF018[bloom] <- tpcds_partitioned_parquet_snap.customer_address_0.ca_address_sk, RF019[min_max] <- tpcds_partitioned_parquet_snap.customer_address_0.ca_address_sk
|  |  |  |  mem-estimate=204.00MB mem-reservation=204.00MB spill-buffer=1.00MB thread-reservation=0 cost=285312
|  |  |  |
|  |  |  35:EXCHANGE [BROADCAST]
|  |  |  |  mem-estimate=5.11MB mem-reservation=0B thread-reservation=0
|  |  |  |  tuple-ids=14 row-size=18B cardinality=285.31K cost=379170
|  |  |  |  in pipelines: 12(GETNEXT)
|  |  |  |
|  |  |  F10:PLAN FRAGMENT [RANDOM] hosts=10 instances=10
|  |  |  Per-Instance Resources: mem-estimate=16.09MB mem-reservation=128.00KB thread-reservation=1
|  |  |  max-parallelism=10 segment-costs=[1737528]
|  |  |  12:SCAN HDFS [tpcds_partitioned_parquet_snap.customer_address, RANDOM]
|  |  |     HDFS partitions=1/1 files=1 size=307.36MB
|  |  |     predicates: tpcds_partitioned_parquet_snap.customer_address_0.ca_state = 'MS'
|  |  |     stored statistics:
|  |  |       table: rows=15.00M size=307.36MB
|  |  |       columns: all
|  |  |     extrapolated-rows=disabled max-scan-range-rows=1.58M
|  |  |     parquet statistics predicates: tpcds_partitioned_parquet_snap.customer_address_0.ca_state = 'MS'
|  |  |     parquet dictionary predicates: tpcds_partitioned_parquet_snap.customer_address_0.ca_state = 'MS'
|  |  |     mem-estimate=16.00MB mem-reservation=128.00KB thread-reservation=0
|  |  |     tuple-ids=14 row-size=18B cardinality=285.31K cost=1717500
|  |  |     in pipelines: 12(GETNEXT)
|  |  |
|  |  11:SCAN HDFS [tpcds_partitioned_parquet_snap.catalog_sales, RANDOM]
|  |     HDFS partitions=1831/1831 files=1831 size=280.96GB
|  |     predicates: is_not_null_pred(tpcds_partitioned_parquet_snap.catalog_sales_1.cs_order_number), is_not_null_pred(tpcds_partitioned_parquet_snap.catalog_sales_1.cs_warehouse_sk)
|  |     runtime filters: RF019[min_max] -> tpcds_partitioned_parquet_snap.catalog_sales_1.cs_ship_addr_sk, RF015[min_max] -> tpcds_partitioned_parquet_snap.catalog_sales_1.cs_call_center_sk, RF017[min_max] -> tpcds_partitioned_parquet_snap.catalog_sales_1.cs_ship_date_sk, RF018[bloom] -> tpcds_partitioned_parquet_snap.catalog_sales_1.cs_ship_addr_sk, RF014[bloom] -> tpcds_partitioned_parquet_snap.catalog_sales_1.cs_call_center_sk, RF016[bloom] -> tpcds_partitioned_parquet_snap.catalog_sales_1.cs_ship_date_sk
|  |     stored statistics:
|  |       table: rows=4.32G size=280.96GB
|  |       partitions: 1831/1831 rows=4.32G
|  |       columns: all
|  |     extrapolated-rows=disabled max-scan-range-rows=21.52M
|  |     parquet dictionary predicates: is_not_null_pred(tpcds_partitioned_parquet_snap.catalog_sales_1.cs_order_number), is_not_null_pred(tpcds_partitioned_parquet_snap.catalog_sales_1.cs_warehouse_sk)
|  |     mem-estimate=16.00MB mem-reservation=1.00MB thread-reservation=0
|  |     tuple-ids=12 row-size=32B cardinality=79.51M(filtered from 432.01M) cost=2233480315
|  |     in pipelines: 11(GETNEXT)
|  |
|  34:AGGREGATE [FINALIZE]
|  |  group by: tpcds_partitioned_parquet_snap.catalog_returns.cr_order_number
|  |  mem-estimate=41.20MB mem-reservation=34.00MB spill-buffer=2.00MB thread-reservation=0
|  |  tuple-ids=22 row-size=8B cardinality=43.20M cost=125271966
|  |  in pipelines: 34(GETNEXT), 18(OPEN)
|  |
|  33:EXCHANGE [HASH(tpcds_partitioned_parquet_snap.catalog_returns.cr_order_number)]
|  |  mem-estimate=10.23MB mem-reservation=0B thread-reservation=0
|  |  tuple-ids=22 row-size=8B cardinality=43.20M cost=6389531
|  |  in pipelines: 18(GETNEXT)
|  |
|  F07:PLAN FRAGMENT [RANDOM] hosts=10 instances=20 (adjusted from 120)
|  Per-Host Shared Resources: mem-estimate=2.00MB mem-reservation=2.00MB thread-reservation=0 runtime-filters-memory=2.00MB
|  Per-Instance Resources: mem-estimate=50.94MB mem-reservation=34.03MB thread-reservation=1
|  max-parallelism=20 segment-costs=[187180000, 44515030]
|  19:AGGREGATE [STREAMING]
|  |  group by: tpcds_partitioned_parquet_snap.catalog_returns.cr_order_number
|  |  mem-estimate=34.00MB mem-reservation=34.00MB spill-buffer=2.00MB thread-reservation=0
|  |  tuple-ids=22 row-size=8B cardinality=43.20M cost=125271966
|  |  in pipelines: 18(GETNEXT)
|  |
|  18:SCAN HDFS [tpcds_partitioned_parquet_snap.catalog_returns, RANDOM]
|     HDFS partitions=2060/2060 files=2060 size=32.77GB
|     predicates: is_not_null_pred(tpcds_partitioned_parquet_snap.catalog_returns.cr_order_number)
|     runtime filters: RF013[min_max] -> tpcds_partitioned_parquet_snap.catalog_returns.cr_order_number, RF012[bloom] -> tpcds_partitioned_parquet_snap.catalog_returns.cr_order_number
|     stored statistics:
|       table: rows=432.02M size=32.77GB
|       partitions: 2060/2060 rows=432.02M
|       columns: all
|     extrapolated-rows=disabled max-scan-range-rows=416.82K
|     parquet dictionary predicates: is_not_null_pred(tpcds_partitioned_parquet_snap.catalog_returns.cr_order_number)
|     mem-estimate=16.00MB mem-reservation=32.00KB thread-reservation=0
|     tuple-ids=20 row-size=8B cardinality=43.20M cost=61908034
|     in pipelines: 18(GETNEXT)
|
32:AGGREGATE [FINALIZE]
|  group by: tpcds_partitioned_parquet_snap.catalog_sales_0.cs_warehouse_sk, tpcds_partitioned_parquet_snap.catalog_sales_0.cs_order_number
|  mem-estimate=38.04MB mem-reservation=34.00MB spill-buffer=2.00MB thread-reservation=0
|  tuple-ids=11 row-size=12B cardinality=199.46M cost=1177342110
|  in pipelines: 32(GETNEXT), 00(OPEN)
|
31:EXCHANGE [HASH(tpcds_partitioned_parquet_snap.catalog_sales_0.cs_warehouse_sk,tpcds_partitioned_parquet_snap.catalog_sales_0.cs_order_number)]
|  mem-estimate=11.88MB mem-reservation=0B thread-reservation=0
|  tuple-ids=11 row-size=12B cardinality=199.46M cost=33170466
|  in pipelines: 00(GETNEXT)
|
F00:PLAN FRAGMENT [RANDOM] hosts=10 instances=120
Per-Host Shared Resources: mem-estimate=20.00MB mem-reservation=20.00MB thread-reservation=0 runtime-filters-memory=20.00MB
Per-Instance Resources: mem-estimate=57.50MB mem-reservation=35.00MB thread-reservation=1
max-parallelism=210 segment-costs=[2011155931, 256906556] cpu-comparison-result=120 [max(120 (self) vs 120 (sum children))]
10:AGGREGATE [STREAMING]
|  group by: tpcds_partitioned_parquet_snap.catalog_sales_0.cs_warehouse_sk, tpcds_partitioned_parquet_snap.catalog_sales_0.cs_order_number
|  mem-estimate=34.00MB mem-reservation=34.00MB spill-buffer=2.00MB thread-reservation=0
|  tuple-ids=11 row-size=12B cardinality=199.46M cost=1177342110
|  in pipelines: 00(GETNEXT)
|
09:HASH JOIN [INNER JOIN, BROADCAST]
|  hash-table-id=05
|  hash predicates: tpcds_partitioned_parquet_snap.catalog_sales.cs_order_number = tpcds_partitioned_parquet_snap.catalog_sales_0.cs_order_number
|  fk/pk conjuncts: none
|  other join predicates: tpcds_partitioned_parquet_snap.catalog_sales_0.cs_warehouse_sk != tpcds_partitioned_parquet_snap.catalog_sales.cs_warehouse_sk
|  mem-estimate=0B mem-reservation=0B spill-buffer=2.00MB thread-reservation=0
|  tuple-ids=0,10 row-size=24B cardinality=199.46M cost=87304347
|  in pipelines: 00(GETNEXT), 29(OPEN)
|
|--F20:PLAN FRAGMENT [RANDOM] hosts=10 instances=10
|  |  Per-Instance Resources: mem-estimate=656.74MB mem-reservation=424.00MB thread-reservation=1 runtime-filters-memory=16.00MB
|  |  max-parallelism=10 segment-costs=[50149824] cpu-comparison-result=120 [max(10 (self) vs 120 (sum children))]
|  JOIN BUILD
|  |  join-table-id=05 plan-id=06 cohort-id=01
|  |  build expressions: tpcds_partitioned_parquet_snap.catalog_sales_0.cs_order_number
|  |  runtime filters: RF004[bloom] <- tpcds_partitioned_parquet_snap.catalog_sales_0.cs_order_number, RF005[min_max] <- tpcds_partitioned_parquet_snap.catalog_sales_0.cs_order_number
|  |  mem-estimate=630.42MB mem-reservation=408.00MB spill-buffer=2.00MB thread-reservation=0 cost=21532774
|  |
|  30:EXCHANGE [BROADCAST]
|  |  mem-estimate=10.31MB mem-reservation=0B thread-reservation=0
|  |  tuple-ids=10 row-size=12B cardinality=21.53M cost=28617050
|  |  in pipelines: 29(GETNEXT)
|  |
|  F05:PLAN FRAGMENT [HASH(tpcds_partitioned_parquet_snap.catalog_sales_0.cs_warehouse_sk,tpcds_partitioned_parquet_snap.catalog_sales_0.cs_order_number)] hosts=10 instances=20 (adjusted from 120)
|  Per-Instance Resources: mem-estimate=45.88MB mem-reservation=34.00MB thread-reservation=1
|  max-parallelism=20 segment-costs=[130680251, 1162769] cpu-comparison-result=120 [max(20 (self) vs 120 (sum children))]
|  29:AGGREGATE [FINALIZE]
|  |  group by: tpcds_partitioned_parquet_snap.catalog_sales_0.cs_warehouse_sk, tpcds_partitioned_parquet_snap.catalog_sales_0.cs_order_number
|  |  mem-estimate=34.00MB mem-reservation=34.00MB spill-buffer=2.00MB thread-reservation=0
|  |  tuple-ids=10 row-size=12B cardinality=21.53M cost=127099351
|  |  in pipelines: 29(GETNEXT), 01(OPEN)
|  |
|  28:EXCHANGE [HASH(tpcds_partitioned_parquet_snap.catalog_sales_0.cs_warehouse_sk,tpcds_partitioned_parquet_snap.catalog_sales_0.cs_order_number)]
|  |  mem-estimate=11.88MB mem-reservation=0B thread-reservation=0
|  |  tuple-ids=10 row-size=12B cardinality=21.53M cost=3580900
|  |  in pipelines: 01(GETNEXT)
|  |
|  F01:PLAN FRAGMENT [RANDOM] hosts=10 instances=120
|  Per-Host Shared Resources: mem-estimate=8.00MB mem-reservation=8.00MB thread-reservation=0 runtime-filters-memory=8.00MB
|  Per-Instance Resources: mem-estimate=27.25MB mem-reservation=6.00MB thread-reservation=1
|  max-parallelism=180 segment-costs=[1714012455, 27734212] cpu-comparison-result=120 [max(120 (self) vs 42 (sum children))]
|  08:AGGREGATE [STREAMING]
|  |  group by: tpcds_partitioned_parquet_snap.catalog_sales_0.cs_warehouse_sk, tpcds_partitioned_parquet_snap.catalog_sales_0.cs_order_number
|  |  mem-estimate=10.00MB mem-reservation=5.00MB spill-buffer=256.00KB thread-reservation=0
|  |  tuple-ids=10 row-size=12B cardinality=21.53M cost=127099351
|  |  in pipelines: 01(GETNEXT)
|  |
|  07:HASH JOIN [INNER JOIN, BROADCAST]
|  |  hash-table-id=06
|  |  hash predicates: tpcds_partitioned_parquet_snap.catalog_sales_0.cs_call_center_sk = tpcds_partitioned_parquet_snap.call_center.cc_call_center_sk
|  |  fk/pk conjuncts: tpcds_partitioned_parquet_snap.catalog_sales_0.cs_call_center_sk = tpcds_partitioned_parquet_snap.call_center.cc_call_center_sk
|  |  mem-estimate=0B mem-reservation=0B spill-buffer=64.00KB thread-reservation=0
|  |  tuple-ids=2,4,6,8 row-size=80B cardinality=21.53M cost=24294931
|  |  in pipelines: 01(GETNEXT), 06(OPEN)
|  |
|  |--F21:PLAN FRAGMENT [RANDOM] hosts=10 instances=10
|  |  |  Per-Instance Resources: mem-estimate=24.27MB mem-reservation=24.25MB thread-reservation=1 runtime-filters-memory=1.00MB
|  |  |  max-parallelism=10 segment-costs=[23]
|  |  JOIN BUILD
|  |  |  join-table-id=06 plan-id=07 cohort-id=04
|  |  |  build expressions: tpcds_partitioned_parquet_snap.call_center.cc_call_center_sk
|  |  |  runtime filters: RF006[bloom] <- tpcds_partitioned_parquet_snap.call_center.cc_call_center_sk, RF007[min_max] <- tpcds_partitioned_parquet_snap.call_center.cc_call_center_sk
|  |  |  mem-estimate=23.25MB mem-reservation=23.25MB spill-buffer=64.00KB thread-reservation=0 cost=13
|  |  |
|  |  27:EXCHANGE [BROADCAST]
|  |  |  mem-estimate=16.00KB mem-reservation=0B thread-reservation=0
|  |  |  tuple-ids=8 row-size=30B cardinality=13 cost=10
|  |  |  in pipelines: 06(GETNEXT)
|  |  |
|  |  F04:PLAN FRAGMENT [RANDOM] hosts=1 instances=1
|  |  Per-Instance Resources: mem-estimate=16.13MB mem-reservation=16.00KB thread-reservation=1
|  |  max-parallelism=1 segment-costs=[14]
|  |  06:SCAN HDFS [tpcds_partitioned_parquet_snap.call_center, RANDOM]
|  |     HDFS partitions=1/1 files=1 size=16.57KB
|  |     predicates: tpcds_partitioned_parquet_snap.call_center.cc_county = 'Dauphin County' OR tpcds_partitioned_parquet_snap.call_center.cc_county = 'Daviess County' OR tpcds_partitioned_parquet_snap.call_center.cc_county = 'Jackson County' OR tpcds_partitioned_parquet_snap.call_center.cc_county = 'Mobile County' OR tpcds_partitioned_parquet_snap.call_center.cc_county = 'Walker County'
|  |     stored statistics:
|  |       table: rows=48 size=16.57KB
|  |       columns: all
|  |     extrapolated-rows=disabled max-scan-range-rows=48
|  |     parquet dictionary predicates: tpcds_partitioned_parquet_snap.call_center.cc_county = 'Dauphin County' OR tpcds_partitioned_parquet_snap.call_center.cc_county = 'Daviess County' OR tpcds_partitioned_parquet_snap.call_center.cc_county = 'Jackson County' OR tpcds_partitioned_parquet_snap.call_center.cc_county = 'Mobile County' OR tpcds_partitioned_parquet_snap.call_center.cc_county = 'Walker County'
|  |     mem-estimate=16.00MB mem-reservation=16.00KB thread-reservation=0
|  |     tuple-ids=8 row-size=30B cardinality=13 cost=13
|  |     in pipelines: 06(GETNEXT)
|  |
|  05:HASH JOIN [INNER JOIN, BROADCAST]
|  |  hash-table-id=07
|  |  hash predicates: tpcds_partitioned_parquet_snap.catalog_sales_0.cs_ship_date_sk = tpcds_partitioned_parquet_snap.date_dim.d_date_sk
|  |  fk/pk conjuncts: tpcds_partitioned_parquet_snap.catalog_sales_0.cs_ship_date_sk = tpcds_partitioned_parquet_snap.date_dim.d_date_sk
|  |  mem-estimate=0B mem-reservation=0B spill-buffer=64.00KB thread-reservation=0
|  |  tuple-ids=2,4,6 row-size=50B cardinality=79.51M cost=34799612
|  |  in pipelines: 01(GETNEXT), 04(OPEN)
|  |
|  |--F22:PLAN FRAGMENT [RANDOM] hosts=10 instances=10
|  |  |  Per-Instance Resources: mem-estimate=24.32MB mem-reservation=24.25MB thread-reservation=1 runtime-filters-memory=1.00MB
|  |  |  max-parallelism=10 segment-costs=[17005]
|  |  JOIN BUILD
|  |  |  join-table-id=07 plan-id=08 cohort-id=04
|  |  |  build expressions: tpcds_partitioned_parquet_snap.date_dim.d_date_sk
|  |  |  runtime filters: RF008[bloom] <- tpcds_partitioned_parquet_snap.date_dim.d_date_sk, RF009[min_max] <- tpcds_partitioned_parquet_snap.date_dim.d_date_sk
|  |  |  mem-estimate=23.25MB mem-reservation=23.25MB spill-buffer=64.00KB thread-reservation=0 cost=7305
|  |  |
|  |  26:EXCHANGE [BROADCAST]
|  |  |  mem-estimate=69.07KB mem-reservation=0B thread-reservation=0
|  |  |  tuple-ids=6 row-size=8B cardinality=7.30K cost=9700
|  |  |  in pipelines: 04(GETNEXT)
|  |  |
|  |  F03:PLAN FRAGMENT [RANDOM] hosts=1 instances=1
|  |  Per-Instance Resources: mem-estimate=16.05MB mem-reservation=1.00MB thread-reservation=1
|  |  max-parallelism=1 segment-costs=[12835]
|  |  04:SCAN HDFS [tpcds_partitioned_parquet_snap.date_dim, RANDOM]
|  |     HDFS partitions=1/1 files=1 size=2.17MB
|  |     predicates: tpcds_partitioned_parquet_snap.date_dim.d_date <= CAST('2001-2-01' AS DATE) + INTERVAL CAST(60 AS INT) DAY, tpcds_partitioned_parquet_snap.date_dim.d_date >= CAST('2001-2-01' AS DATE)
|  |     stored statistics:
|  |       table: rows=73.05K size=2.17MB
|  |       columns: all
|  |     extrapolated-rows=disabled max-scan-range-rows=73.05K
|  |     parquet statistics predicates: tpcds_partitioned_parquet_snap.date_dim.d_date <= CAST('2001-2-01' AS DATE) + INTERVAL CAST(60 AS INT) DAY, tpcds_partitioned_parquet_snap.date_dim.d_date >= CAST('2001-2-01' AS DATE)
|  |     parquet dictionary predicates: tpcds_partitioned_parquet_snap.date_dim.d_date <= CAST('2001-2-01' AS DATE) + INTERVAL CAST(60 AS INT) DAY, tpcds_partitioned_parquet_snap.date_dim.d_date >= CAST('2001-2-01' AS DATE)
|  |     mem-estimate=16.00MB mem-reservation=1.00MB thread-reservation=0
|  |     tuple-ids=6 row-size=8B cardinality=7.30K cost=12520
|  |     in pipelines: 04(GETNEXT)
|  |
|  03:HASH JOIN [INNER JOIN, BROADCAST]
|  |  hash-table-id=08
|  |  hash predicates: tpcds_partitioned_parquet_snap.catalog_sales_0.cs_ship_addr_sk = tpcds_partitioned_parquet_snap.customer_address.ca_address_sk
|  |  fk/pk conjuncts: tpcds_partitioned_parquet_snap.catalog_sales_0.cs_ship_addr_sk = tpcds_partitioned_parquet_snap.customer_address.ca_address_sk
|  |  mem-estimate=0B mem-reservation=0B spill-buffer=1.00MB thread-reservation=0
|  |  tuple-ids=2,4 row-size=42B cardinality=79.51M cost=34799612
|  |  in pipelines: 01(GETNEXT), 02(OPEN)
|  |
|  |--F23:PLAN FRAGMENT [RANDOM] hosts=10 instances=10
|  |  |  Per-Instance Resources: mem-estimate=210.11MB mem-reservation=205.00MB thread-reservation=1 runtime-filters-memory=1.00MB
|  |  |  max-parallelism=10 segment-costs=[664482]
|  |  JOIN BUILD
|  |  |  join-table-id=08 plan-id=09 cohort-id=04
|  |  |  build expressions: tpcds_partitioned_parquet_snap.customer_address.ca_address_sk
|  |  |  runtime filters: RF010[bloom] <- tpcds_partitioned_parquet_snap.customer_address.ca_address_sk, RF011[min_max] <- tpcds_partitioned_parquet_snap.customer_address.ca_address_sk
|  |  |  mem-estimate=204.00MB mem-reservation=204.00MB spill-buffer=1.00MB thread-reservation=0 cost=285312
|  |  |
|  |  25:EXCHANGE [BROADCAST]
|  |  |  mem-estimate=5.11MB mem-reservation=0B thread-reservation=0
|  |  |  tuple-ids=4 row-size=18B cardinality=285.31K cost=379170
|  |  |  in pipelines: 02(GETNEXT)
|  |  |
|  |  F02:PLAN FRAGMENT [RANDOM] hosts=10 instances=10
|  |  Per-Instance Resources: mem-estimate=16.09MB mem-reservation=128.00KB thread-reservation=1
|  |  max-parallelism=10 segment-costs=[1737528]
|  |  02:SCAN HDFS [tpcds_partitioned_parquet_snap.customer_address, RANDOM]
|  |     HDFS partitions=1/1 files=1 size=307.36MB
|  |     predicates: tpcds_partitioned_parquet_snap.customer_address.ca_state = 'MS'
|  |     stored statistics:
|  |       table: rows=15.00M size=307.36MB
|  |       columns: all
|  |     extrapolated-rows=disabled max-scan-range-rows=1.58M
|  |     parquet statistics predicates: tpcds_partitioned_parquet_snap.customer_address.ca_state = 'MS'
|  |     parquet dictionary predicates: tpcds_partitioned_parquet_snap.customer_address.ca_state = 'MS'
|  |     mem-estimate=16.00MB mem-reservation=128.00KB thread-reservation=0
|  |     tuple-ids=4 row-size=18B cardinality=285.31K cost=1717500
|  |     in pipelines: 02(GETNEXT)
|  |
|  01:SCAN HDFS [tpcds_partitioned_parquet_snap.catalog_sales, RANDOM]
|     HDFS partitions=1831/1831 files=1831 size=280.96GB
|     runtime filters: RF002[min_max] -> tpcds_partitioned_parquet_snap.catalog_sales_0.cs_order_number, RF003[min_max] -> tpcds_partitioned_parquet_snap.catalog_sales_0.cs_warehouse_sk, RF011[min_max] -> tpcds_partitioned_parquet_snap.catalog_sales_0.cs_ship_addr_sk, RF007[min_max] -> tpcds_partitioned_parquet_snap.catalog_sales_0.cs_call_center_sk, RF009[min_max] -> tpcds_partitioned_parquet_snap.catalog_sales_0.cs_ship_date_sk, RF000[bloom] -> tpcds_partitioned_parquet_snap.catalog_sales_0.cs_order_number, RF001[bloom] -> tpcds_partitioned_parquet_snap.catalog_sales_0.cs_warehouse_sk, RF010[bloom] -> tpcds_partitioned_parquet_snap.catalog_sales_0.cs_ship_addr_sk, RF006[bloom] -> tpcds_partitioned_parquet_snap.catalog_sales_0.cs_call_center_sk, RF008[bloom] -> tpcds_partitioned_parquet_snap.catalog_sales_0.cs_ship_date_sk
|     stored statistics:
|       table: rows=4.32G size=280.96GB
|       partitions: 1831/1831 rows=4.32G
|       columns: all
|     extrapolated-rows=disabled max-scan-range-rows=21.52M
|     mem-estimate=16.00MB mem-reservation=1.00MB thread-reservation=0
|     tuple-ids=2 row-size=24B cardinality=79.51M(filtered from 4.32G) cost=1493018949
|     in pipelines: 01(GETNEXT)
|
00:SCAN HDFS [tpcds_partitioned_parquet_snap.catalog_sales, RANDOM]
   HDFS partitions=1831/1831 files=1831 size=280.96GB
   runtime filters: RF002[min_max] -> tpcds_partitioned_parquet_snap.catalog_sales.cs_order_number, RF005[min_max] -> tpcds_partitioned_parquet_snap.catalog_sales.cs_order_number, RF000[bloom] -> tpcds_partitioned_parquet_snap.catalog_sales.cs_order_number, RF004[bloom] -> tpcds_partitioned_parquet_snap.catalog_sales.cs_order_number
   stored statistics:
     table: rows=4.32G size=280.96GB
     partitions: 1831/1831 rows=4.32G
     columns: all
   extrapolated-rows=disabled max-scan-range-rows=21.52M
   mem-estimate=16.00MB mem-reservation=1.00MB thread-reservation=0
   tuple-ids=0 row-size=12B cardinality=199.46M(filtered from 4.32G) cost=746509474
   in pipelines: 00(GETNEXT)
---- PARALLELPLANS
Max Per-Host Resource Reservation: Memory=2.21GB Threads=83
Per-Host Resource Estimates: Memory=3.98GB
F14:PLAN FRAGMENT [UNPARTITIONED] hosts=1 instances=1
|  Per-Instance Resources: mem-estimate=4.00MB mem-reservation=4.00MB thread-reservation=1
|  max-parallelism=1 segment-costs=[0, 0, 3] cpu-comparison-result=280 [max(1 (self) vs 280 (sum children))]
PLAN-ROOT SINK
|  output exprs: count(tpcds_partitioned_parquet_snap.catalog_sales_1.cs_order_number), sum(tpcds_partitioned_parquet_snap.catalog_sales_1.cs_ext_ship_cost), sum(tpcds_partitioned_parquet_snap.catalog_sales_1.cs_net_profit)
|  mem-estimate=4.00MB mem-reservation=4.00MB spill-buffer=2.00MB thread-reservation=0 cost=3
|
24:TOP-N [LIMIT=100]
|  order by: count(tpcds_partitioned_parquet_snap.catalog_sales_1.cs_order_number) ASC NULLS LAST
|  mem-estimate=40B mem-reservation=0B thread-reservation=0
|  tuple-ids=25 row-size=40B cardinality=1 cost=0
|  in pipelines: 24(GETNEXT), 43(OPEN)
|
43:AGGREGATE [FINALIZE]
|  output: count:merge(tpcds_partitioned_parquet_snap.catalog_sales_1.cs_order_number), sum:merge(tpcds_partitioned_parquet_snap.catalog_sales_1.cs_ext_ship_cost), sum:merge(tpcds_partitioned_parquet_snap.catalog_sales_1.cs_net_profit)
|  mem-estimate=16.00KB mem-reservation=0B spill-buffer=2.00MB thread-reservation=0
|  tuple-ids=24 row-size=40B cardinality=1 cost=0
|  in pipelines: 43(GETNEXT), 23(OPEN)
|
42:EXCHANGE [UNPARTITIONED]
|  mem-estimate=16.00KB mem-reservation=0B thread-reservation=0
|  tuple-ids=24 row-size=40B cardinality=1 cost=0
|  in pipelines: 23(GETNEXT)
|
F13:PLAN FRAGMENT [HASH(tpcds_partitioned_parquet_snap.catalog_sales_1.cs_order_number)] hosts=10 instances=10 (adjusted from 120)
Per-Instance Resources: mem-estimate=15.75MB mem-reservation=1.94MB thread-reservation=1
max-parallelism=10 segment-costs=[507568, 32648, 3] cpu-comparison-result=280 [max(10 (self) vs 280 (sum children))]
23:AGGREGATE
|  output: count(tpcds_partitioned_parquet_snap.catalog_sales_1.cs_order_number), sum:merge(tpcds_partitioned_parquet_snap.catalog_sales_1.cs_ext_ship_cost), sum:merge(tpcds_partitioned_parquet_snap.catalog_sales_1.cs_net_profit)
|  mem-estimate=16.00KB mem-reservation=0B spill-buffer=2.00MB thread-reservation=0
|  tuple-ids=24 row-size=40B cardinality=1 cost=32648
|  in pipelines: 23(GETNEXT), 41(OPEN)
|
41:AGGREGATE
|  output: sum:merge(tpcds_partitioned_parquet_snap.catalog_sales_1.cs_ext_ship_cost), sum:merge(tpcds_partitioned_parquet_snap.catalog_sales_1.cs_net_profit)
|  group by: tpcds_partitioned_parquet_snap.catalog_sales_1.cs_order_number
|  mem-estimate=10.00MB mem-reservation=1.94MB spill-buffer=64.00KB thread-reservation=0
|  tuple-ids=23 row-size=40B cardinality=155.47K cost=461690
|  in pipelines: 41(GETNEXT), 32(OPEN)
|
40:EXCHANGE [HASH(tpcds_partitioned_parquet_snap.catalog_sales_1.cs_order_number)]
|  mem-estimate=5.75MB mem-reservation=0B thread-reservation=0
|  tuple-ids=23 row-size=40B cardinality=155.47K cost=45878
|  in pipelines: 32(GETNEXT)
|
F06:PLAN FRAGMENT [HASH(tpcds_partitioned_parquet_snap.catalog_sales_0.cs_warehouse_sk,tpcds_partitioned_parquet_snap.catalog_sales_0.cs_order_number)] hosts=10 instances=120
Per-Instance Resources: mem-estimate=59.92MB mem-reservation=36.00MB thread-reservation=1
max-parallelism=130 segment-costs=[1210512576, 51651764, 480579] cpu-comparison-result=280 [max(120 (self) vs 280 (sum children))]
22:AGGREGATE [STREAMING]
|  output: sum(tpcds_partitioned_parquet_snap.catalog_sales_1.cs_ext_ship_cost), sum(tpcds_partitioned_parquet_snap.catalog_sales_1.cs_net_profit)
|  group by: tpcds_partitioned_parquet_snap.catalog_sales_1.cs_order_number
|  mem-estimate=10.00MB mem-reservation=2.00MB spill-buffer=64.00KB thread-reservation=0
|  tuple-ids=23 row-size=40B cardinality=155.47K cost=461690
|  in pipelines: 32(GETNEXT)
|
21:HASH JOIN [INNER JOIN, PARTITIONED]
|  hash-table-id=00
|  hash predicates: tpcds_partitioned_parquet_snap.catalog_sales_0.cs_order_number = tpcds_partitioned_parquet_snap.catalog_sales_1.cs_order_number, tpcds_partitioned_parquet_snap.catalog_sales_0.cs_warehouse_sk = tpcds_partitioned_parquet_snap.catalog_sales_1.cs_warehouse_sk
|  fk/pk conjuncts: tpcds_partitioned_parquet_snap.catalog_sales_0.cs_order_number = tpcds_partitioned_parquet_snap.catalog_sales_1.cs_order_number, tpcds_partitioned_parquet_snap.catalog_sales_0.cs_warehouse_sk = tpcds_partitioned_parquet_snap.catalog_sales_1.cs_warehouse_sk
|  mem-estimate=0B mem-reservation=0B spill-buffer=256.00KB thread-reservation=0
|  tuple-ids=11,22N,12,14,16,18 row-size=108B cardinality=155.47K cost=51190074
|  in pipelines: 32(GETNEXT), 34(OPEN)
|
|--F15:PLAN FRAGMENT [HASH(tpcds_partitioned_parquet_snap.catalog_sales_0.cs_warehouse_sk,tpcds_partitioned_parquet_snap.catalog_sales_0.cs_order_number)] hosts=10 instances=120
|  |  Per-Instance Resources: mem-estimate=22.01MB mem-reservation=9.75MB thread-reservation=1 runtime-filters-memory=5.00MB
|  |  max-parallelism=130 segment-costs=[5716179] cpu-comparison-result=160 [max(120 (self) vs 160 (sum children))]
|  JOIN BUILD
|  |  join-table-id=00 plan-id=01 cohort-id=01
|  |  build expressions: tpcds_partitioned_parquet_snap.catalog_sales_1.cs_order_number, tpcds_partitioned_parquet_snap.catalog_sales_1.cs_warehouse_sk
|  |  runtime filters: RF000[bloom] <- tpcds_partitioned_parquet_snap.catalog_sales_1.cs_order_number, RF001[bloom] <- tpcds_partitioned_parquet_snap.catalog_sales_1.cs_warehouse_sk, RF002[min_max] <- tpcds_partitioned_parquet_snap.catalog_sales_1.cs_order_number, RF003[min_max] <- tpcds_partitioned_parquet_snap.catalog_sales_1.cs_warehouse_sk
|  |  mem-estimate=4.75MB mem-reservation=4.75MB spill-buffer=256.00KB thread-reservation=0 cost=3367212
|  |
|  39:EXCHANGE [HASH(tpcds_partitioned_parquet_snap.catalog_sales_1.cs_warehouse_sk,tpcds_partitioned_parquet_snap.catalog_sales_1.cs_order_number)]
|  |  mem-estimate=12.26MB mem-reservation=0B thread-reservation=0
|  |  tuple-ids=22N,12,14,16,18 row-size=96B cardinality=3.37M cost=2348967
|  |  in pipelines: 34(GETNEXT)
|  |
|  F08:PLAN FRAGMENT [HASH(tpcds_partitioned_parquet_snap.catalog_returns.cr_order_number)] hosts=10 instances=20 (adjusted from 120)
|  Per-Instance Resources: mem-estimate=95.34MB mem-reservation=34.00MB thread-reservation=1
|  max-parallelism=20 segment-costs=[131661497, 41074339] cpu-comparison-result=160 [max(20 (self) vs 160 (sum children))]
|  20:HASH JOIN [RIGHT OUTER JOIN, PARTITIONED]
|  |  hash-table-id=01
|  |  hash predicates: tpcds_partitioned_parquet_snap.catalog_returns.cr_order_number = tpcds_partitioned_parquet_snap.catalog_sales_1.cs_order_number
|  |  fk/pk conjuncts: none
|  |  other predicates: is_null_pred(if(TupleIsNull(22), NULL, TRUE))
|  |  mem-estimate=0B mem-reservation=0B spill-buffer=1.00MB thread-reservation=0
|  |  tuple-ids=22N,12,14,16,18 row-size=96B cardinality=3.37M cost=11691374
|  |  in pipelines: 34(GETNEXT), 11(OPEN)
|  |
|  |--F16:PLAN FRAGMENT [HASH(tpcds_partitioned_parquet_snap.catalog_returns.cr_order_number)] hosts=10 instances=20 (adjusted from 120)
|  |  |  Per-Instance Resources: mem-estimate=41.13MB mem-reservation=19.00MB thread-reservation=1 runtime-filters-memory=2.00MB
|  |  |  max-parallelism=20 segment-costs=[3496923] cpu-comparison-result=140 [max(140 (self) vs 42 (sum children))]
|  |  JOIN BUILD
|  |  |  join-table-id=01 plan-id=02 cohort-id=02
|  |  |  build expressions: tpcds_partitioned_parquet_snap.catalog_sales_1.cs_order_number
|  |  |  runtime filters: RF012[bloom] <- tpcds_partitioned_parquet_snap.catalog_sales_1.cs_order_number, RF013[min_max] <- tpcds_partitioned_parquet_snap.catalog_sales_1.cs_order_number
|  |  |  mem-estimate=17.00MB mem-reservation=17.00MB spill-buffer=1.00MB thread-reservation=0 cost=2153278
|  |  |
|  |  38:EXCHANGE [HASH(tpcds_partitioned_parquet_snap.catalog_sales_1.cs_order_number)]
|  |  |  mem-estimate=22.13MB mem-reservation=0B thread-reservation=0
|  |  |  tuple-ids=12,14,16,18 row-size=88B cardinality=2.15M cost=1343645
|  |  |  in pipelines: 11(GETNEXT)
|  |  |
|  |  F09:PLAN FRAGMENT [RANDOM] hosts=10 instances=120
|  |  Per-Host Shared Resources: mem-estimate=3.00MB mem-reservation=3.00MB thread-reservation=0 runtime-filters-memory=3.00MB
|  |  Per-Instance Resources: mem-estimate=24.09MB mem-reservation=1.00MB thread-reservation=1
|  |  max-parallelism=230 segment-costs=[2277794800]
|  |  17:HASH JOIN [INNER JOIN, BROADCAST]
|  |  |  hash-table-id=02
|  |  |  hash predicates: tpcds_partitioned_parquet_snap.catalog_sales_1.cs_call_center_sk = tpcds_partitioned_parquet_snap.call_center_0.cc_call_center_sk
|  |  |  fk/pk conjuncts: tpcds_partitioned_parquet_snap.catalog_sales_1.cs_call_center_sk = tpcds_partitioned_parquet_snap.call_center_0.cc_call_center_sk
|  |  |  mem-estimate=0B mem-reservation=0B spill-buffer=64.00KB thread-reservation=0
|  |  |  tuple-ids=12,14,16,18 row-size=88B cardinality=2.15M cost=2429493
|  |  |  in pipelines: 11(GETNEXT), 16(OPEN)
|  |  |
|  |  |--F17:PLAN FRAGMENT [RANDOM] hosts=10 instances=10
|  |  |  |  Per-Instance Resources: mem-estimate=24.27MB mem-reservation=24.25MB thread-reservation=1 runtime-filters-memory=1.00MB
|  |  |  |  max-parallelism=10 segment-costs=[23]
|  |  |  JOIN BUILD
|  |  |  |  join-table-id=02 plan-id=03 cohort-id=03
|  |  |  |  build expressions: tpcds_partitioned_parquet_snap.call_center_0.cc_call_center_sk
|  |  |  |  runtime filters: RF014[bloom] <- tpcds_partitioned_parquet_snap.call_center_0.cc_call_center_sk, RF015[min_max] <- tpcds_partitioned_parquet_snap.call_center_0.cc_call_center_sk
|  |  |  |  mem-estimate=23.25MB mem-reservation=23.25MB spill-buffer=64.00KB thread-reservation=0 cost=13
|  |  |  |
|  |  |  37:EXCHANGE [BROADCAST]
|  |  |  |  mem-estimate=16.00KB mem-reservation=0B thread-reservation=0
|  |  |  |  tuple-ids=18 row-size=30B cardinality=13 cost=10
|  |  |  |  in pipelines: 16(GETNEXT)
|  |  |  |
|  |  |  F12:PLAN FRAGMENT [RANDOM] hosts=1 instances=1
|  |  |  Per-Instance Resources: mem-estimate=16.13MB mem-reservation=16.00KB thread-reservation=1
|  |  |  max-parallelism=1 segment-costs=[14]
|  |  |  16:SCAN HDFS [tpcds_partitioned_parquet_snap.call_center, RANDOM]
|  |  |     HDFS partitions=1/1 files=1 size=16.57KB
|  |  |     predicates: tpcds_partitioned_parquet_snap.call_center_0.cc_county = 'Dauphin County' OR tpcds_partitioned_parquet_snap.call_center_0.cc_county = 'Daviess County' OR tpcds_partitioned_parquet_snap.call_center_0.cc_county = 'Jackson County' OR tpcds_partitioned_parquet_snap.call_center_0.cc_county = 'Mobile County' OR tpcds_partitioned_parquet_snap.call_center_0.cc_county = 'Walker County'
|  |  |     stored statistics:
|  |  |       table: rows=48 size=16.57KB
|  |  |       columns: all
|  |  |     extrapolated-rows=disabled max-scan-range-rows=48
|  |  |     parquet dictionary predicates: tpcds_partitioned_parquet_snap.call_center_0.cc_county = 'Dauphin County' OR tpcds_partitioned_parquet_snap.call_center_0.cc_county = 'Daviess County' OR tpcds_partitioned_parquet_snap.call_center_0.cc_county = 'Jackson County' OR tpcds_partitioned_parquet_snap.call_center_0.cc_county = 'Mobile County' OR tpcds_partitioned_parquet_snap.call_center_0.cc_county = 'Walker County'
|  |  |     mem-estimate=16.00MB mem-reservation=16.00KB thread-reservation=0
|  |  |     tuple-ids=18 row-size=30B cardinality=13 cost=13
|  |  |     in pipelines: 16(GETNEXT)
|  |  |
|  |  15:HASH JOIN [INNER JOIN, BROADCAST]
|  |  |  hash-table-id=03
|  |  |  hash predicates: tpcds_partitioned_parquet_snap.catalog_sales_1.cs_ship_date_sk = tpcds_partitioned_parquet_snap.date_dim_0.d_date_sk
|  |  |  fk/pk conjuncts: tpcds_partitioned_parquet_snap.catalog_sales_1.cs_ship_date_sk = tpcds_partitioned_parquet_snap.date_dim_0.d_date_sk
|  |  |  mem-estimate=0B mem-reservation=0B spill-buffer=64.00KB thread-reservation=0
|  |  |  tuple-ids=12,14,16 row-size=58B cardinality=7.95M cost=3479961
|  |  |  in pipelines: 11(GETNEXT), 14(OPEN)
|  |  |
|  |  |--F18:PLAN FRAGMENT [RANDOM] hosts=10 instances=10
|  |  |  |  Per-Instance Resources: mem-estimate=24.32MB mem-reservation=24.25MB thread-reservation=1 runtime-filters-memory=1.00MB
|  |  |  |  max-parallelism=10 segment-costs=[17005]
|  |  |  JOIN BUILD
|  |  |  |  join-table-id=03 plan-id=04 cohort-id=03
|  |  |  |  build expressions: tpcds_partitioned_parquet_snap.date_dim_0.d_date_sk
|  |  |  |  runtime filters: RF016[bloom] <- tpcds_partitioned_parquet_snap.date_dim_0.d_date_sk, RF017[min_max] <- tpcds_partitioned_parquet_snap.date_dim_0.d_date_sk
|  |  |  |  mem-estimate=23.25MB mem-reservation=23.25MB spill-buffer=64.00KB thread-reservation=0 cost=7305
|  |  |  |
|  |  |  36:EXCHANGE [BROADCAST]
|  |  |  |  mem-estimate=69.07KB mem-reservation=0B thread-reservation=0
|  |  |  |  tuple-ids=16 row-size=8B cardinality=7.30K cost=9700
|  |  |  |  in pipelines: 14(GETNEXT)
|  |  |  |
|  |  |  F11:PLAN FRAGMENT [RANDOM] hosts=1 instances=1
|  |  |  Per-Instance Resources: mem-estimate=16.05MB mem-reservation=1.00MB thread-reservation=1
|  |  |  max-parallelism=1 segment-costs=[12835]
|  |  |  14:SCAN HDFS [tpcds_partitioned_parquet_snap.date_dim, RANDOM]
|  |  |     HDFS partitions=1/1 files=1 size=2.17MB
|  |  |     predicates: tpcds_partitioned_parquet_snap.date_dim_0.d_date <= CAST('2001-2-01' AS DATE) + INTERVAL CAST(60 AS INT) DAY, tpcds_partitioned_parquet_snap.date_dim_0.d_date >= CAST('2001-2-01' AS DATE)
|  |  |     stored statistics:
|  |  |       table: rows=73.05K size=2.17MB
|  |  |       columns: all
|  |  |     extrapolated-rows=disabled max-scan-range-rows=73.05K
|  |  |     parquet statistics predicates: tpcds_partitioned_parquet_snap.date_dim_0.d_date <= CAST('2001-2-01' AS DATE) + INTERVAL CAST(60 AS INT) DAY, tpcds_partitioned_parquet_snap.date_dim_0.d_date >= CAST('2001-2-01' AS DATE)
|  |  |     parquet dictionary predicates: tpcds_partitioned_parquet_snap.date_dim_0.d_date <= CAST('2001-2-01' AS DATE) + INTERVAL CAST(60 AS INT) DAY, tpcds_partitioned_parquet_snap.date_dim_0.d_date >= CAST('2001-2-01' AS DATE)
|  |  |     mem-estimate=16.00MB mem-reservation=1.00MB thread-reservation=0
|  |  |     tuple-ids=16 row-size=8B cardinality=7.30K cost=12520
|  |  |     in pipelines: 14(GETNEXT)
|  |  |
|  |  13:HASH JOIN [INNER JOIN, BROADCAST]
|  |  |  hash-table-id=04
|  |  |  hash predicates: tpcds_partitioned_parquet_snap.catalog_sales_1.cs_ship_addr_sk = tpcds_partitioned_parquet_snap.customer_address_0.ca_address_sk
|  |  |  fk/pk conjuncts: tpcds_partitioned_parquet_snap.catalog_sales_1.cs_ship_addr_sk = tpcds_partitioned_parquet_snap.customer_address_0.ca_address_sk
|  |  |  mem-estimate=0B mem-reservation=0B spill-buffer=1.00MB thread-reservation=0
|  |  |  tuple-ids=12,14 row-size=50B cardinality=7.95M cost=21833835
|  |  |  in pipelines: 11(GETNEXT), 12(OPEN)
|  |  |
|  |  |--F19:PLAN FRAGMENT [RANDOM] hosts=10 instances=10
|  |  |  |  Per-Instance Resources: mem-estimate=210.11MB mem-reservation=205.00MB thread-reservation=1 runtime-filters-memory=1.00MB
|  |  |  |  max-parallelism=10 segment-costs=[664482]
|  |  |  JOIN BUILD
|  |  |  |  join-table-id=04 plan-id=05 cohort-id=03
|  |  |  |  build expressions: tpcds_partitioned_parquet_snap.customer_address_0.ca_address_sk
|  |  |  |  runtime filters: RF018[bloom] <- tpcds_partitioned_parquet_snap.customer_address_0.ca_address_sk, RF019[min_max] <- tpcds_partitioned_parquet_snap.customer_address_0.ca_address_sk
|  |  |  |  mem-estimate=204.00MB mem-reservation=204.00MB spill-buffer=1.00MB thread-reservation=0 cost=285312
|  |  |  |
|  |  |  35:EXCHANGE [BROADCAST]
|  |  |  |  mem-estimate=5.11MB mem-reservation=0B thread-reservation=0
|  |  |  |  tuple-ids=14 row-size=18B cardinality=285.31K cost=379170
|  |  |  |  in pipelines: 12(GETNEXT)
|  |  |  |
|  |  |  F10:PLAN FRAGMENT [RANDOM] hosts=10 instances=10
|  |  |  Per-Instance Resources: mem-estimate=16.09MB mem-reservation=128.00KB thread-reservation=1
|  |  |  max-parallelism=10 segment-costs=[1737528]
|  |  |  12:SCAN HDFS [tpcds_partitioned_parquet_snap.customer_address, RANDOM]
|  |  |     HDFS partitions=1/1 files=1 size=307.36MB
|  |  |     predicates: tpcds_partitioned_parquet_snap.customer_address_0.ca_state = 'MS'
|  |  |     stored statistics:
|  |  |       table: rows=15.00M size=307.36MB
|  |  |       columns: all
|  |  |     extrapolated-rows=disabled max-scan-range-rows=1.58M
|  |  |     parquet statistics predicates: tpcds_partitioned_parquet_snap.customer_address_0.ca_state = 'MS'
|  |  |     parquet dictionary predicates: tpcds_partitioned_parquet_snap.customer_address_0.ca_state = 'MS'
|  |  |     mem-estimate=16.00MB mem-reservation=128.00KB thread-reservation=0
|  |  |     tuple-ids=14 row-size=18B cardinality=285.31K cost=1717500
|  |  |     in pipelines: 12(GETNEXT)
|  |  |
|  |  11:SCAN HDFS [tpcds_partitioned_parquet_snap.catalog_sales, RANDOM]
|  |     HDFS partitions=1831/1831 files=1831 size=280.96GB
|  |     predicates: is_not_null_pred(tpcds_partitioned_parquet_snap.catalog_sales_1.cs_order_number), is_not_null_pred(tpcds_partitioned_parquet_snap.catalog_sales_1.cs_warehouse_sk)
|  |     runtime filters: RF019[min_max] -> tpcds_partitioned_parquet_snap.catalog_sales_1.cs_ship_addr_sk, RF015[min_max] -> tpcds_partitioned_parquet_snap.catalog_sales_1.cs_call_center_sk, RF017[min_max] -> tpcds_partitioned_parquet_snap.catalog_sales_1.cs_ship_date_sk, RF018[bloom] -> tpcds_partitioned_parquet_snap.catalog_sales_1.cs_ship_addr_sk, RF014[bloom] -> tpcds_partitioned_parquet_snap.catalog_sales_1.cs_call_center_sk, RF016[bloom] -> tpcds_partitioned_parquet_snap.catalog_sales_1.cs_ship_date_sk
|  |     stored statistics:
|  |       table: rows=4.32G size=280.96GB
|  |       partitions: 1831/1831 rows=4.32G
|  |       columns: all
|  |     extrapolated-rows=disabled max-scan-range-rows=21.52M
|  |     parquet dictionary predicates: is_not_null_pred(tpcds_partitioned_parquet_snap.catalog_sales_1.cs_order_number), is_not_null_pred(tpcds_partitioned_parquet_snap.catalog_sales_1.cs_warehouse_sk)
|  |     mem-estimate=16.00MB mem-reservation=1.00MB thread-reservation=0
|  |     tuple-ids=12 row-size=32B cardinality=79.51M(filtered from 432.01M) cost=2233480315
|  |     in pipelines: 11(GETNEXT)
|  |
|  34:AGGREGATE [FINALIZE]
|  |  group by: tpcds_partitioned_parquet_snap.catalog_returns.cr_order_number
|  |  mem-estimate=41.20MB mem-reservation=34.00MB spill-buffer=2.00MB thread-reservation=0
|  |  tuple-ids=22 row-size=8B cardinality=43.20M cost=125271966
|  |  in pipelines: 34(GETNEXT), 18(OPEN)
|  |
|  33:EXCHANGE [HASH(tpcds_partitioned_parquet_snap.catalog_returns.cr_order_number)]
|  |  mem-estimate=10.23MB mem-reservation=0B thread-reservation=0
|  |  tuple-ids=22 row-size=8B cardinality=43.20M cost=6389531
|  |  in pipelines: 18(GETNEXT)
|  |
|  F07:PLAN FRAGMENT [RANDOM] hosts=10 instances=20 (adjusted from 120)
|  Per-Host Shared Resources: mem-estimate=2.00MB mem-reservation=2.00MB thread-reservation=0 runtime-filters-memory=2.00MB
|  Per-Instance Resources: mem-estimate=50.94MB mem-reservation=34.03MB thread-reservation=1
|  max-parallelism=20 segment-costs=[187180000, 44515030]
|  19:AGGREGATE [STREAMING]
|  |  group by: tpcds_partitioned_parquet_snap.catalog_returns.cr_order_number
|  |  mem-estimate=34.00MB mem-reservation=34.00MB spill-buffer=2.00MB thread-reservation=0
|  |  tuple-ids=22 row-size=8B cardinality=43.20M cost=125271966
|  |  in pipelines: 18(GETNEXT)
|  |
|  18:SCAN HDFS [tpcds_partitioned_parquet_snap.catalog_returns, RANDOM]
|     HDFS partitions=2060/2060 files=2060 size=32.77GB
|     predicates: is_not_null_pred(tpcds_partitioned_parquet_snap.catalog_returns.cr_order_number)
|     runtime filters: RF013[min_max] -> tpcds_partitioned_parquet_snap.catalog_returns.cr_order_number, RF012[bloom] -> tpcds_partitioned_parquet_snap.catalog_returns.cr_order_number
|     stored statistics:
|       table: rows=432.02M size=32.77GB
|       partitions: 2060/2060 rows=432.02M
|       columns: all
|     extrapolated-rows=disabled max-scan-range-rows=416.82K
|     parquet dictionary predicates: is_not_null_pred(tpcds_partitioned_parquet_snap.catalog_returns.cr_order_number)
|     mem-estimate=16.00MB mem-reservation=32.00KB thread-reservation=0
|     tuple-ids=20 row-size=8B cardinality=43.20M cost=61908034
|     in pipelines: 18(GETNEXT)
|
32:AGGREGATE [FINALIZE]
|  group by: tpcds_partitioned_parquet_snap.catalog_sales_0.cs_warehouse_sk, tpcds_partitioned_parquet_snap.catalog_sales_0.cs_order_number
|  mem-estimate=38.04MB mem-reservation=34.00MB spill-buffer=2.00MB thread-reservation=0
|  tuple-ids=11 row-size=12B cardinality=199.46M cost=1177342110
|  in pipelines: 32(GETNEXT), 00(OPEN)
|
31:EXCHANGE [HASH(tpcds_partitioned_parquet_snap.catalog_sales_0.cs_warehouse_sk,tpcds_partitioned_parquet_snap.catalog_sales_0.cs_order_number)]
|  mem-estimate=11.88MB mem-reservation=0B thread-reservation=0
|  tuple-ids=11 row-size=12B cardinality=199.46M cost=33170466
|  in pipelines: 00(GETNEXT)
|
F00:PLAN FRAGMENT [RANDOM] hosts=10 instances=120
Per-Host Shared Resources: mem-estimate=20.00MB mem-reservation=20.00MB thread-reservation=0 runtime-filters-memory=20.00MB
Per-Instance Resources: mem-estimate=57.50MB mem-reservation=35.00MB thread-reservation=1
max-parallelism=210 segment-costs=[2011155931, 256906556] cpu-comparison-result=120 [max(120 (self) vs 120 (sum children))]
10:AGGREGATE [STREAMING]
|  group by: tpcds_partitioned_parquet_snap.catalog_sales_0.cs_warehouse_sk, tpcds_partitioned_parquet_snap.catalog_sales_0.cs_order_number
|  mem-estimate=34.00MB mem-reservation=34.00MB spill-buffer=2.00MB thread-reservation=0
|  tuple-ids=11 row-size=12B cardinality=199.46M cost=1177342110
|  in pipelines: 00(GETNEXT)
|
09:HASH JOIN [INNER JOIN, BROADCAST]
|  hash-table-id=05
|  hash predicates: tpcds_partitioned_parquet_snap.catalog_sales.cs_order_number = tpcds_partitioned_parquet_snap.catalog_sales_0.cs_order_number
|  fk/pk conjuncts: none
|  other join predicates: tpcds_partitioned_parquet_snap.catalog_sales_0.cs_warehouse_sk != tpcds_partitioned_parquet_snap.catalog_sales.cs_warehouse_sk
|  mem-estimate=0B mem-reservation=0B spill-buffer=2.00MB thread-reservation=0
|  tuple-ids=0,10 row-size=24B cardinality=199.46M cost=87304347
|  in pipelines: 00(GETNEXT), 29(OPEN)
|
|--F20:PLAN FRAGMENT [RANDOM] hosts=10 instances=10
|  |  Per-Instance Resources: mem-estimate=656.74MB mem-reservation=424.00MB thread-reservation=1 runtime-filters-memory=16.00MB
|  |  max-parallelism=10 segment-costs=[50149824] cpu-comparison-result=120 [max(10 (self) vs 120 (sum children))]
|  JOIN BUILD
|  |  join-table-id=05 plan-id=06 cohort-id=01
|  |  build expressions: tpcds_partitioned_parquet_snap.catalog_sales_0.cs_order_number
|  |  runtime filters: RF004[bloom] <- tpcds_partitioned_parquet_snap.catalog_sales_0.cs_order_number, RF005[min_max] <- tpcds_partitioned_parquet_snap.catalog_sales_0.cs_order_number
|  |  mem-estimate=630.42MB mem-reservation=408.00MB spill-buffer=2.00MB thread-reservation=0 cost=21532774
|  |
|  30:EXCHANGE [BROADCAST]
|  |  mem-estimate=10.31MB mem-reservation=0B thread-reservation=0
|  |  tuple-ids=10 row-size=12B cardinality=21.53M cost=28617050
|  |  in pipelines: 29(GETNEXT)
|  |
|  F05:PLAN FRAGMENT [HASH(tpcds_partitioned_parquet_snap.catalog_sales_0.cs_warehouse_sk,tpcds_partitioned_parquet_snap.catalog_sales_0.cs_order_number)] hosts=10 instances=20 (adjusted from 120)
|  Per-Instance Resources: mem-estimate=45.88MB mem-reservation=34.00MB thread-reservation=1
|  max-parallelism=20 segment-costs=[130680251, 1162769] cpu-comparison-result=120 [max(20 (self) vs 120 (sum children))]
|  29:AGGREGATE [FINALIZE]
|  |  group by: tpcds_partitioned_parquet_snap.catalog_sales_0.cs_warehouse_sk, tpcds_partitioned_parquet_snap.catalog_sales_0.cs_order_number
|  |  mem-estimate=34.00MB mem-reservation=34.00MB spill-buffer=2.00MB thread-reservation=0
|  |  tuple-ids=10 row-size=12B cardinality=21.53M cost=127099351
|  |  in pipelines: 29(GETNEXT), 01(OPEN)
|  |
|  28:EXCHANGE [HASH(tpcds_partitioned_parquet_snap.catalog_sales_0.cs_warehouse_sk,tpcds_partitioned_parquet_snap.catalog_sales_0.cs_order_number)]
|  |  mem-estimate=11.88MB mem-reservation=0B thread-reservation=0
|  |  tuple-ids=10 row-size=12B cardinality=21.53M cost=3580900
|  |  in pipelines: 01(GETNEXT)
|  |
|  F01:PLAN FRAGMENT [RANDOM] hosts=10 instances=120
|  Per-Host Shared Resources: mem-estimate=8.00MB mem-reservation=8.00MB thread-reservation=0 runtime-filters-memory=8.00MB
|  Per-Instance Resources: mem-estimate=27.25MB mem-reservation=6.00MB thread-reservation=1
|  max-parallelism=180 segment-costs=[1714012455, 27734212] cpu-comparison-result=120 [max(120 (self) vs 42 (sum children))]
|  08:AGGREGATE [STREAMING]
|  |  group by: tpcds_partitioned_parquet_snap.catalog_sales_0.cs_warehouse_sk, tpcds_partitioned_parquet_snap.catalog_sales_0.cs_order_number
|  |  mem-estimate=10.00MB mem-reservation=5.00MB spill-buffer=256.00KB thread-reservation=0
|  |  tuple-ids=10 row-size=12B cardinality=21.53M cost=127099351
|  |  in pipelines: 01(GETNEXT)
|  |
|  07:HASH JOIN [INNER JOIN, BROADCAST]
|  |  hash-table-id=06
|  |  hash predicates: tpcds_partitioned_parquet_snap.catalog_sales_0.cs_call_center_sk = tpcds_partitioned_parquet_snap.call_center.cc_call_center_sk
|  |  fk/pk conjuncts: tpcds_partitioned_parquet_snap.catalog_sales_0.cs_call_center_sk = tpcds_partitioned_parquet_snap.call_center.cc_call_center_sk
|  |  mem-estimate=0B mem-reservation=0B spill-buffer=64.00KB thread-reservation=0
|  |  tuple-ids=2,4,6,8 row-size=80B cardinality=21.53M cost=24294931
|  |  in pipelines: 01(GETNEXT), 06(OPEN)
|  |
|  |--F21:PLAN FRAGMENT [RANDOM] hosts=10 instances=10
|  |  |  Per-Instance Resources: mem-estimate=24.27MB mem-reservation=24.25MB thread-reservation=1 runtime-filters-memory=1.00MB
|  |  |  max-parallelism=10 segment-costs=[23]
|  |  JOIN BUILD
|  |  |  join-table-id=06 plan-id=07 cohort-id=04
|  |  |  build expressions: tpcds_partitioned_parquet_snap.call_center.cc_call_center_sk
|  |  |  runtime filters: RF006[bloom] <- tpcds_partitioned_parquet_snap.call_center.cc_call_center_sk, RF007[min_max] <- tpcds_partitioned_parquet_snap.call_center.cc_call_center_sk
|  |  |  mem-estimate=23.25MB mem-reservation=23.25MB spill-buffer=64.00KB thread-reservation=0 cost=13
|  |  |
|  |  27:EXCHANGE [BROADCAST]
|  |  |  mem-estimate=16.00KB mem-reservation=0B thread-reservation=0
|  |  |  tuple-ids=8 row-size=30B cardinality=13 cost=10
|  |  |  in pipelines: 06(GETNEXT)
|  |  |
|  |  F04:PLAN FRAGMENT [RANDOM] hosts=1 instances=1
|  |  Per-Instance Resources: mem-estimate=16.13MB mem-reservation=16.00KB thread-reservation=1
|  |  max-parallelism=1 segment-costs=[14]
|  |  06:SCAN HDFS [tpcds_partitioned_parquet_snap.call_center, RANDOM]
|  |     HDFS partitions=1/1 files=1 size=16.57KB
|  |     predicates: tpcds_partitioned_parquet_snap.call_center.cc_county = 'Dauphin County' OR tpcds_partitioned_parquet_snap.call_center.cc_county = 'Daviess County' OR tpcds_partitioned_parquet_snap.call_center.cc_county = 'Jackson County' OR tpcds_partitioned_parquet_snap.call_center.cc_county = 'Mobile County' OR tpcds_partitioned_parquet_snap.call_center.cc_county = 'Walker County'
|  |     stored statistics:
|  |       table: rows=48 size=16.57KB
|  |       columns: all
|  |     extrapolated-rows=disabled max-scan-range-rows=48
|  |     parquet dictionary predicates: tpcds_partitioned_parquet_snap.call_center.cc_county = 'Dauphin County' OR tpcds_partitioned_parquet_snap.call_center.cc_county = 'Daviess County' OR tpcds_partitioned_parquet_snap.call_center.cc_county = 'Jackson County' OR tpcds_partitioned_parquet_snap.call_center.cc_county = 'Mobile County' OR tpcds_partitioned_parquet_snap.call_center.cc_county = 'Walker County'
|  |     mem-estimate=16.00MB mem-reservation=16.00KB thread-reservation=0
|  |     tuple-ids=8 row-size=30B cardinality=13 cost=13
|  |     in pipelines: 06(GETNEXT)
|  |
|  05:HASH JOIN [INNER JOIN, BROADCAST]
|  |  hash-table-id=07
|  |  hash predicates: tpcds_partitioned_parquet_snap.catalog_sales_0.cs_ship_date_sk = tpcds_partitioned_parquet_snap.date_dim.d_date_sk
|  |  fk/pk conjuncts: tpcds_partitioned_parquet_snap.catalog_sales_0.cs_ship_date_sk = tpcds_partitioned_parquet_snap.date_dim.d_date_sk
|  |  mem-estimate=0B mem-reservation=0B spill-buffer=64.00KB thread-reservation=0
|  |  tuple-ids=2,4,6 row-size=50B cardinality=79.51M cost=34799612
|  |  in pipelines: 01(GETNEXT), 04(OPEN)
|  |
|  |--F22:PLAN FRAGMENT [RANDOM] hosts=10 instances=10
|  |  |  Per-Instance Resources: mem-estimate=24.32MB mem-reservation=24.25MB thread-reservation=1 runtime-filters-memory=1.00MB
|  |  |  max-parallelism=10 segment-costs=[17005]
|  |  JOIN BUILD
|  |  |  join-table-id=07 plan-id=08 cohort-id=04
|  |  |  build expressions: tpcds_partitioned_parquet_snap.date_dim.d_date_sk
|  |  |  runtime filters: RF008[bloom] <- tpcds_partitioned_parquet_snap.date_dim.d_date_sk, RF009[min_max] <- tpcds_partitioned_parquet_snap.date_dim.d_date_sk
|  |  |  mem-estimate=23.25MB mem-reservation=23.25MB spill-buffer=64.00KB thread-reservation=0 cost=7305
|  |  |
|  |  26:EXCHANGE [BROADCAST]
|  |  |  mem-estimate=69.07KB mem-reservation=0B thread-reservation=0
|  |  |  tuple-ids=6 row-size=8B cardinality=7.30K cost=9700
|  |  |  in pipelines: 04(GETNEXT)
|  |  |
|  |  F03:PLAN FRAGMENT [RANDOM] hosts=1 instances=1
|  |  Per-Instance Resources: mem-estimate=16.05MB mem-reservation=1.00MB thread-reservation=1
|  |  max-parallelism=1 segment-costs=[12835]
|  |  04:SCAN HDFS [tpcds_partitioned_parquet_snap.date_dim, RANDOM]
|  |     HDFS partitions=1/1 files=1 size=2.17MB
|  |     predicates: tpcds_partitioned_parquet_snap.date_dim.d_date <= CAST('2001-2-01' AS DATE) + INTERVAL CAST(60 AS INT) DAY, tpcds_partitioned_parquet_snap.date_dim.d_date >= CAST('2001-2-01' AS DATE)
|  |     stored statistics:
|  |       table: rows=73.05K size=2.17MB
|  |       columns: all
|  |     extrapolated-rows=disabled max-scan-range-rows=73.05K
|  |     parquet statistics predicates: tpcds_partitioned_parquet_snap.date_dim.d_date <= CAST('2001-2-01' AS DATE) + INTERVAL CAST(60 AS INT) DAY, tpcds_partitioned_parquet_snap.date_dim.d_date >= CAST('2001-2-01' AS DATE)
|  |     parquet dictionary predicates: tpcds_partitioned_parquet_snap.date_dim.d_date <= CAST('2001-2-01' AS DATE) + INTERVAL CAST(60 AS INT) DAY, tpcds_partitioned_parquet_snap.date_dim.d_date >= CAST('2001-2-01' AS DATE)
|  |     mem-estimate=16.00MB mem-reservation=1.00MB thread-reservation=0
|  |     tuple-ids=6 row-size=8B cardinality=7.30K cost=12520
|  |     in pipelines: 04(GETNEXT)
|  |
|  03:HASH JOIN [INNER JOIN, BROADCAST]
|  |  hash-table-id=08
|  |  hash predicates: tpcds_partitioned_parquet_snap.catalog_sales_0.cs_ship_addr_sk = tpcds_partitioned_parquet_snap.customer_address.ca_address_sk
|  |  fk/pk conjuncts: tpcds_partitioned_parquet_snap.catalog_sales_0.cs_ship_addr_sk = tpcds_partitioned_parquet_snap.customer_address.ca_address_sk
|  |  mem-estimate=0B mem-reservation=0B spill-buffer=1.00MB thread-reservation=0
|  |  tuple-ids=2,4 row-size=42B cardinality=79.51M cost=34799612
|  |  in pipelines: 01(GETNEXT), 02(OPEN)
|  |
|  |--F23:PLAN FRAGMENT [RANDOM] hosts=10 instances=10
|  |  |  Per-Instance Resources: mem-estimate=210.11MB mem-reservation=205.00MB thread-reservation=1 runtime-filters-memory=1.00MB
|  |  |  max-parallelism=10 segment-costs=[664482]
|  |  JOIN BUILD
|  |  |  join-table-id=08 plan-id=09 cohort-id=04
|  |  |  build expressions: tpcds_partitioned_parquet_snap.customer_address.ca_address_sk
|  |  |  runtime filters: RF010[bloom] <- tpcds_partitioned_parquet_snap.customer_address.ca_address_sk, RF011[min_max] <- tpcds_partitioned_parquet_snap.customer_address.ca_address_sk
|  |  |  mem-estimate=204.00MB mem-reservation=204.00MB spill-buffer=1.00MB thread-reservation=0 cost=285312
|  |  |
|  |  25:EXCHANGE [BROADCAST]
|  |  |  mem-estimate=5.11MB mem-reservation=0B thread-reservation=0
|  |  |  tuple-ids=4 row-size=18B cardinality=285.31K cost=379170
|  |  |  in pipelines: 02(GETNEXT)
|  |  |
|  |  F02:PLAN FRAGMENT [RANDOM] hosts=10 instances=10
|  |  Per-Instance Resources: mem-estimate=16.09MB mem-reservation=128.00KB thread-reservation=1
|  |  max-parallelism=10 segment-costs=[1737528]
|  |  02:SCAN HDFS [tpcds_partitioned_parquet_snap.customer_address, RANDOM]
|  |     HDFS partitions=1/1 files=1 size=307.36MB
|  |     predicates: tpcds_partitioned_parquet_snap.customer_address.ca_state = 'MS'
|  |     stored statistics:
|  |       table: rows=15.00M size=307.36MB
|  |       columns: all
|  |     extrapolated-rows=disabled max-scan-range-rows=1.58M
|  |     parquet statistics predicates: tpcds_partitioned_parquet_snap.customer_address.ca_state = 'MS'
|  |     parquet dictionary predicates: tpcds_partitioned_parquet_snap.customer_address.ca_state = 'MS'
|  |     mem-estimate=16.00MB mem-reservation=128.00KB thread-reservation=0
|  |     tuple-ids=4 row-size=18B cardinality=285.31K cost=1717500
|  |     in pipelines: 02(GETNEXT)
|  |
|  01:SCAN HDFS [tpcds_partitioned_parquet_snap.catalog_sales, RANDOM]
|     HDFS partitions=1831/1831 files=1831 size=280.96GB
|     runtime filters: RF002[min_max] -> tpcds_partitioned_parquet_snap.catalog_sales_0.cs_order_number, RF003[min_max] -> tpcds_partitioned_parquet_snap.catalog_sales_0.cs_warehouse_sk, RF011[min_max] -> tpcds_partitioned_parquet_snap.catalog_sales_0.cs_ship_addr_sk, RF007[min_max] -> tpcds_partitioned_parquet_snap.catalog_sales_0.cs_call_center_sk, RF009[min_max] -> tpcds_partitioned_parquet_snap.catalog_sales_0.cs_ship_date_sk, RF000[bloom] -> tpcds_partitioned_parquet_snap.catalog_sales_0.cs_order_number, RF001[bloom] -> tpcds_partitioned_parquet_snap.catalog_sales_0.cs_warehouse_sk, RF010[bloom] -> tpcds_partitioned_parquet_snap.catalog_sales_0.cs_ship_addr_sk, RF006[bloom] -> tpcds_partitioned_parquet_snap.catalog_sales_0.cs_call_center_sk, RF008[bloom] -> tpcds_partitioned_parquet_snap.catalog_sales_0.cs_ship_date_sk
|     stored statistics:
|       table: rows=4.32G size=280.96GB
|       partitions: 1831/1831 rows=4.32G
|       columns: all
|     extrapolated-rows=disabled max-scan-range-rows=21.52M
|     mem-estimate=16.00MB mem-reservation=1.00MB thread-reservation=0
|     tuple-ids=2 row-size=24B cardinality=79.51M(filtered from 4.32G) cost=1493018949
|     in pipelines: 01(GETNEXT)
|
00:SCAN HDFS [tpcds_partitioned_parquet_snap.catalog_sales, RANDOM]
   HDFS partitions=1831/1831 files=1831 size=280.96GB
   runtime filters: RF002[min_max] -> tpcds_partitioned_parquet_snap.catalog_sales.cs_order_number, RF005[min_max] -> tpcds_partitioned_parquet_snap.catalog_sales.cs_order_number, RF000[bloom] -> tpcds_partitioned_parquet_snap.catalog_sales.cs_order_number, RF004[bloom] -> tpcds_partitioned_parquet_snap.catalog_sales.cs_order_number
   stored statistics:
     table: rows=4.32G size=280.96GB
     partitions: 1831/1831 rows=4.32G
     columns: all
   extrapolated-rows=disabled max-scan-range-rows=21.52M
   mem-estimate=16.00MB mem-reservation=1.00MB thread-reservation=0
   tuple-ids=0 row-size=12B cardinality=199.46M(filtered from 4.32G) cost=746509474
   in pipelines: 00(GETNEXT)
====
