# TPCDS-Q61
# start query 61 in stream 0 using template query61.tpl using seed 789351448
select  promotions,total,cast(promotions as decimal(15,4))/cast(total as decimal(15,4))*100
from
  (select sum(ss_ext_sales_price) promotions
   from  store_sales
        ,store
        ,promotion
        ,date_dim
        ,customer
        ,customer_address
        ,item
   where ss_sold_date_sk = d_date_sk
   and   ss_store_sk = s_store_sk
   and   ss_promo_sk = p_promo_sk
   and   ss_customer_sk= c_customer_sk
   and   ca_address_sk = c_current_addr_sk
   and   ss_item_sk = i_item_sk
   and   ca_gmt_offset = -7
   and   i_category = 'Electronics'
   and   (p_channel_dmail = 'Y' or p_channel_email = 'Y' or p_channel_tv = 'Y')
   and   s_gmt_offset = -7
   and   d_year = 2001
   and   d_moy  = 11) promotional_sales,
  (select sum(ss_ext_sales_price) total
   from  store_sales
        ,store
        ,date_dim
        ,customer
        ,customer_address
        ,item
   where ss_sold_date_sk = d_date_sk
   and   ss_store_sk = s_store_sk
   and   ss_customer_sk= c_customer_sk
   and   ca_address_sk = c_current_addr_sk
   and   ss_item_sk = i_item_sk
   and   ca_gmt_offset = -7
   and   i_category = 'Electronics'
   and   s_gmt_offset = -7
   and   d_year = 2001
   and   d_moy  = 11) all_sales
order by promotions, total
limit 100

# end query 61 in stream 0 using template query61.tpl
---- PLAN
Max Per-Host Resource Reservation: Memory=189.50MB Threads=1
Per-Host Resource Estimates: Memory=701MB
F00:PLAN FRAGMENT [UNPARTITIONED] hosts=1 instances=1
|  Per-Instance Resources: mem-estimate=700.85MB mem-reservation=189.50MB thread-reservation=1 runtime-filters-memory=18.00MB
|  max-parallelism=1 segment-costs=[495520718, 449460008, 0, 3]
PLAN-ROOT SINK
|  output exprs: sum(tpcds_partitioned_parquet_snap.store_sales.ss_ext_sales_price), sum(tpcds_partitioned_parquet_snap.store_sales_0.ss_ext_sales_price), multiply(divide(CAST(sum(tpcds_partitioned_parquet_snap.store_sales.ss_ext_sales_price) AS DECIMAL(15,4)), CAST(sum(tpcds_partitioned_parquet_snap.store_sales_0.ss_ext_sales_price) AS DECIMAL(15,4))), CAST(100 AS DECIMAL(3,0)))
|  mem-estimate=4.00MB mem-reservation=4.00MB spill-buffer=2.00MB thread-reservation=0 cost=3
|
27:TOP-N [LIMIT=100]
|  order by: sum(tpcds_partitioned_parquet_snap.store_sales.ss_ext_sales_price) ASC NULLS LAST, sum(tpcds_partitioned_parquet_snap.store_sales_0.ss_ext_sales_price) ASC NULLS LAST
|  mem-estimate=32B mem-reservation=0B thread-reservation=0
|  tuple-ids=28 row-size=32B cardinality=1 cost=0
|  in pipelines: 27(GETNEXT), 13(OPEN)
|
26:NESTED LOOP JOIN [CROSS JOIN]
|  mem-estimate=16B mem-reservation=0B thread-reservation=0
|  tuple-ids=14,27 row-size=32B cardinality=1 cost=0
|  in pipelines: 13(GETNEXT), 25(OPEN)
|
|--25:AGGREGATE [FINALIZE]
|  |  output: sum(tpcds_partitioned_parquet_snap.store_sales_0.ss_ext_sales_price)
|  |  mem-estimate=16.00KB mem-reservation=0B spill-buffer=2.00MB thread-reservation=0
|  |  tuple-ids=27 row-size=16B cardinality=1 cost=299532
|  |  in pipelines: 25(GETNEXT), 14(OPEN)
|  |
|  24:HASH JOIN [INNER JOIN]
|  |  hash predicates: tpcds_partitioned_parquet_snap.store_sales_0.ss_customer_sk = tpcds_partitioned_parquet_snap.customer_0.c_customer_sk
|  |  fk/pk conjuncts: tpcds_partitioned_parquet_snap.store_sales_0.ss_customer_sk = tpcds_partitioned_parquet_snap.customer_0.c_customer_sk
|  |  runtime filters: RF012[bloom] <- tpcds_partitioned_parquet_snap.customer_0.c_customer_sk, RF013[min_max] <- tpcds_partitioned_parquet_snap.customer_0.c_customer_sk
|  |  mem-estimate=179.21MB mem-reservation=34.00MB spill-buffer=2.00MB thread-reservation=0
|  |  tuple-ids=15,17,19,21,23,25 row-size=78B cardinality=4.28M cost=12806296
|  |  in pipelines: 14(GETNEXT), 21(OPEN)
|  |
|  |--23:HASH JOIN [INNER JOIN]
|  |  |  hash predicates: tpcds_partitioned_parquet_snap.customer_0.c_current_addr_sk = tpcds_partitioned_parquet_snap.customer_address_0.ca_address_sk
|  |  |  fk/pk conjuncts: tpcds_partitioned_parquet_snap.customer_0.c_current_addr_sk = tpcds_partitioned_parquet_snap.customer_address_0.ca_address_sk
|  |  |  runtime filters: RF020[bloom] <- tpcds_partitioned_parquet_snap.customer_address_0.ca_address_sk, RF021[min_max] <- tpcds_partitioned_parquet_snap.customer_address_0.ca_address_sk
|  |  |  mem-estimate=66.50MB mem-reservation=34.00MB spill-buffer=2.00MB thread-reservation=0
|  |  |  tuple-ids=23,25 row-size=16B cardinality=5.45M cost=4811817
|  |  |  in pipelines: 21(GETNEXT), 22(OPEN)
|  |  |
|  |  |--22:SCAN HDFS [tpcds_partitioned_parquet_snap.customer_address]
|  |  |     HDFS partitions=1/1 files=1 size=307.36MB
|  |  |     predicates: CAST(tpcds_partitioned_parquet_snap.customer_address_0.ca_gmt_offset AS DECIMAL(12,2)) = CAST(-7 AS DECIMAL(12,2))
|  |  |     stored statistics:
|  |  |       table: rows=15.00M size=307.36MB
|  |  |       columns: all
|  |  |     extrapolated-rows=disabled max-scan-range-rows=1.58M
|  |  |     parquet dictionary predicates: CAST(tpcds_partitioned_parquet_snap.customer_address_0.ca_gmt_offset AS DECIMAL(12,2)) = CAST(-7 AS DECIMAL(12,2))
|  |  |     mem-estimate=16.00MB mem-reservation=128.00KB thread-reservation=0
|  |  |     tuple-ids=25 row-size=8B cardinality=2.43M cost=2149500
|  |  |     in pipelines: 22(GETNEXT)
|  |  |
|  |  21:SCAN HDFS [tpcds_partitioned_parquet_snap.customer]
|  |     HDFS partitions=1/1 files=1 size=1.55GB
|  |     runtime filters: RF021[min_max] -> tpcds_partitioned_parquet_snap.customer_0.c_current_addr_sk, RF020[bloom] -> tpcds_partitioned_parquet_snap.customer_0.c_current_addr_sk
|  |     stored statistics:
|  |       table: rows=30.00M size=1.55GB
|  |       columns: all
|  |     extrapolated-rows=disabled max-scan-range-rows=3.10M
|  |     mem-estimate=16.00MB mem-reservation=1.00MB thread-reservation=0
|  |     tuple-ids=23 row-size=8B cardinality=5.45M(filtered from 30.00M) cost=3456000
|  |     in pipelines: 21(GETNEXT)
|  |
|  20:HASH JOIN [INNER JOIN]
|  |  hash predicates: tpcds_partitioned_parquet_snap.store_sales_0.ss_sold_date_sk = tpcds_partitioned_parquet_snap.date_dim_0.d_date_sk
|  |  fk/pk conjuncts: tpcds_partitioned_parquet_snap.store_sales_0.ss_sold_date_sk = tpcds_partitioned_parquet_snap.date_dim_0.d_date_sk
|  |  runtime filters: RF014[bloom] <- tpcds_partitioned_parquet_snap.date_dim_0.d_date_sk
|  |  mem-estimate=1.94MB mem-reservation=1.94MB spill-buffer=64.00KB thread-reservation=0
|  |  tuple-ids=15,17,19,21 row-size=62B cardinality=25.65M cost=17731360
|  |  in pipelines: 14(GETNEXT), 19(OPEN)
|  |
|  |--19:SCAN HDFS [tpcds_partitioned_parquet_snap.date_dim]
|  |     HDFS partitions=1/1 files=1 size=2.17MB
|  |     predicates: tpcds_partitioned_parquet_snap.date_dim_0.d_year = CAST(2001 AS INT), tpcds_partitioned_parquet_snap.date_dim_0.d_moy = CAST(11 AS INT)
|  |     stored statistics:
|  |       table: rows=73.05K size=2.17MB
|  |       columns: all
|  |     extrapolated-rows=disabled max-scan-range-rows=73.05K
|  |     parquet statistics predicates: tpcds_partitioned_parquet_snap.date_dim_0.d_year = CAST(2001 AS INT), tpcds_partitioned_parquet_snap.date_dim_0.d_moy = CAST(11 AS INT)
|  |     parquet dictionary predicates: tpcds_partitioned_parquet_snap.date_dim_0.d_year = CAST(2001 AS INT), tpcds_partitioned_parquet_snap.date_dim_0.d_moy = CAST(11 AS INT)
|  |     mem-estimate=16.00MB mem-reservation=512.00KB thread-reservation=0
|  |     tuple-ids=21 row-size=12B cardinality=108 cost=16728
|  |     in pipelines: 19(GETNEXT)
|  |
|  18:HASH JOIN [INNER JOIN]
|  |  hash predicates: tpcds_partitioned_parquet_snap.store_sales_0.ss_store_sk = tpcds_partitioned_parquet_snap.store_0.s_store_sk
|  |  fk/pk conjuncts: tpcds_partitioned_parquet_snap.store_sales_0.ss_store_sk = tpcds_partitioned_parquet_snap.store_0.s_store_sk
|  |  runtime filters: RF016[bloom] <- tpcds_partitioned_parquet_snap.store_0.s_store_sk, RF017[min_max] <- tpcds_partitioned_parquet_snap.store_0.s_store_sk
|  |  mem-estimate=1.94MB mem-reservation=1.94MB spill-buffer=64.00KB thread-reservation=0
|  |  tuple-ids=15,17,19 row-size=50B cardinality=51.01M(filtered from 433.12M) cost=91565270
|  |  in pipelines: 14(GETNEXT), 17(OPEN)
|  |
|  |--17:SCAN HDFS [tpcds_partitioned_parquet_snap.store]
|  |     HDFS partitions=1/1 files=1 size=119.76KB
|  |     predicates: CAST(tpcds_partitioned_parquet_snap.store_0.s_gmt_offset AS DECIMAL(12,2)) = CAST(-7 AS DECIMAL(12,2))
|  |     stored statistics:
|  |       table: rows=1.35K size=119.76KB
|  |       columns: all
|  |     extrapolated-rows=disabled max-scan-range-rows=1.35K
|  |     parquet dictionary predicates: CAST(tpcds_partitioned_parquet_snap.store_0.s_gmt_offset AS DECIMAL(12,2)) = CAST(-7 AS DECIMAL(12,2))
|  |     mem-estimate=16.00MB mem-reservation=16.00KB thread-reservation=0
|  |     tuple-ids=19 row-size=8B cardinality=336 cost=193
|  |     in pipelines: 17(GETNEXT)
|  |
|  16:HASH JOIN [INNER JOIN]
|  |  hash predicates: tpcds_partitioned_parquet_snap.store_sales_0.ss_item_sk = tpcds_partitioned_parquet_snap.item_0.i_item_sk
|  |  fk/pk conjuncts: tpcds_partitioned_parquet_snap.store_sales_0.ss_item_sk = tpcds_partitioned_parquet_snap.item_0.i_item_sk
|  |  runtime filters: RF018[bloom] <- tpcds_partitioned_parquet_snap.item_0.i_item_sk, RF019[min_max] <- tpcds_partitioned_parquet_snap.item_0.i_item_sk
|  |  mem-estimate=2.88MB mem-reservation=2.88MB spill-buffer=128.00KB thread-reservation=0
|  |  tuple-ids=15,17 row-size=42B cardinality=51.01M(filtered from 861.52M) cost=169228218
|  |  in pipelines: 14(GETNEXT), 15(OPEN)
|  |
|  |--15:SCAN HDFS [tpcds_partitioned_parquet_snap.item]
|  |     HDFS partitions=1/1 files=1 size=33.54MB
|  |     predicates: tpcds_partitioned_parquet_snap.item_0.i_category = 'Electronics'
|  |     stored statistics:
|  |       table: rows=360.00K size=33.54MB
|  |       columns: all
|  |     extrapolated-rows=disabled max-scan-range-rows=101.54K
|  |     parquet statistics predicates: tpcds_partitioned_parquet_snap.item_0.i_category = 'Electronics'
|  |     parquet dictionary predicates: tpcds_partitioned_parquet_snap.item_0.i_category = 'Electronics'
|  |     mem-estimate=16.00MB mem-reservation=512.00KB thread-reservation=0
|  |     tuple-ids=17 row-size=22B cardinality=35.91K cost=61463
|  |     in pipelines: 15(GETNEXT)
|  |
|  14:SCAN HDFS [tpcds_partitioned_parquet_snap.store_sales]
|     HDFS partitions=1824/1824 files=1824 size=389.90GB
|     runtime filters: RF019[min_max] -> tpcds_partitioned_parquet_snap.store_sales_0.ss_item_sk, RF013[min_max] -> tpcds_partitioned_parquet_snap.store_sales_0.ss_customer_sk, RF017[min_max] -> tpcds_partitioned_parquet_snap.store_sales_0.ss_store_sk, RF014[bloom] -> tpcds_partitioned_parquet_snap.store_sales_0.ss_sold_date_sk, RF018[bloom] -> tpcds_partitioned_parquet_snap.store_sales_0.ss_item_sk, RF012[bloom] -> tpcds_partitioned_parquet_snap.store_sales_0.ss_customer_sk, RF016[bloom] -> tpcds_partitioned_parquet_snap.store_sales_0.ss_store_sk
|     stored statistics:
|       table: rows=8.64G size=389.90GB
|       partitions: 1824/1824 rows=8.64G
|       columns: all
|     extrapolated-rows=disabled max-scan-range-rows=390.22M est-scan-range=109(filtered from 1824)
|     mem-estimate=16.00MB mem-reservation=8.00MB thread-reservation=0
|     tuple-ids=15 row-size=20B cardinality=51.01M(filtered from 8.64G) cost=147333631
|     in pipelines: 14(GETNEXT)
|
13:AGGREGATE [FINALIZE]
|  output: sum(tpcds_partitioned_parquet_snap.store_sales.ss_ext_sales_price)
|  mem-estimate=16.00KB mem-reservation=0B spill-buffer=2.00MB thread-reservation=0
|  tuple-ids=14 row-size=16B cardinality=1 cost=1795150
|  in pipelines: 13(GETNEXT), 03(OPEN)
|
12:HASH JOIN [INNER JOIN]
|  hash predicates: tpcds_partitioned_parquet_snap.store_sales.ss_customer_sk = tpcds_partitioned_parquet_snap.customer.c_customer_sk
|  fk/pk conjuncts: none
|  runtime filters: RF000[bloom] <- tpcds_partitioned_parquet_snap.customer.c_customer_sk, RF001[min_max] <- tpcds_partitioned_parquet_snap.customer.c_customer_sk
|  mem-estimate=179.21MB mem-reservation=34.00MB spill-buffer=2.00MB thread-reservation=0
|  tuple-ids=4,6,8,10,12,0,2 row-size=125B cardinality=25.65M cost=16677810
|  in pipelines: 03(GETNEXT), 00(OPEN)
|
|--02:HASH JOIN [INNER JOIN]
|  |  hash predicates: tpcds_partitioned_parquet_snap.customer.c_current_addr_sk = tpcds_partitioned_parquet_snap.customer_address.ca_address_sk
|  |  fk/pk conjuncts: tpcds_partitioned_parquet_snap.customer.c_current_addr_sk = tpcds_partitioned_parquet_snap.customer_address.ca_address_sk
|  |  runtime filters: RF010[bloom] <- tpcds_partitioned_parquet_snap.customer_address.ca_address_sk, RF011[min_max] <- tpcds_partitioned_parquet_snap.customer_address.ca_address_sk
|  |  mem-estimate=66.50MB mem-reservation=34.00MB spill-buffer=2.00MB thread-reservation=0
|  |  tuple-ids=0,2 row-size=16B cardinality=5.45M cost=4811817
|  |  in pipelines: 00(GETNEXT), 01(OPEN)
|  |
|  |--01:SCAN HDFS [tpcds_partitioned_parquet_snap.customer_address]
|  |     HDFS partitions=1/1 files=1 size=307.36MB
|  |     predicates: CAST(tpcds_partitioned_parquet_snap.customer_address.ca_gmt_offset AS DECIMAL(12,2)) = CAST(-7 AS DECIMAL(12,2))
|  |     stored statistics:
|  |       table: rows=15.00M size=307.36MB
|  |       columns: all
|  |     extrapolated-rows=disabled max-scan-range-rows=1.58M
|  |     parquet dictionary predicates: CAST(tpcds_partitioned_parquet_snap.customer_address.ca_gmt_offset AS DECIMAL(12,2)) = CAST(-7 AS DECIMAL(12,2))
|  |     mem-estimate=16.00MB mem-reservation=128.00KB thread-reservation=0
|  |     tuple-ids=2 row-size=8B cardinality=2.43M cost=2149500
|  |     in pipelines: 01(GETNEXT)
|  |
|  00:SCAN HDFS [tpcds_partitioned_parquet_snap.customer]
|     HDFS partitions=1/1 files=1 size=1.55GB
|     runtime filters: RF011[min_max] -> tpcds_partitioned_parquet_snap.customer.c_current_addr_sk, RF010[bloom] -> tpcds_partitioned_parquet_snap.customer.c_current_addr_sk
|     stored statistics:
|       table: rows=30.00M size=1.55GB
|       columns: all
|     extrapolated-rows=disabled max-scan-range-rows=3.10M
|     mem-estimate=16.00MB mem-reservation=1.00MB thread-reservation=0
|     tuple-ids=0 row-size=8B cardinality=5.45M(filtered from 30.00M) cost=3456000
|     in pipelines: 00(GETNEXT)
|
11:HASH JOIN [INNER JOIN]
|  hash predicates: tpcds_partitioned_parquet_snap.store_sales.ss_promo_sk = tpcds_partitioned_parquet_snap.promotion.p_promo_sk
|  fk/pk conjuncts: tpcds_partitioned_parquet_snap.store_sales.ss_promo_sk = tpcds_partitioned_parquet_snap.promotion.p_promo_sk
|  runtime filters: RF003[min_max] <- tpcds_partitioned_parquet_snap.promotion.p_promo_sk
|  mem-estimate=1.94MB mem-reservation=1.94MB spill-buffer=64.00KB thread-reservation=0
|  tuple-ids=4,6,8,10,12 row-size=109B cardinality=25.65M cost=11226619
|  in pipelines: 03(GETNEXT), 10(OPEN)
|
|--10:SCAN HDFS [tpcds_partitioned_parquet_snap.promotion]
|     HDFS partitions=1/1 files=1 size=100.50KB
|     predicates: tpcds_partitioned_parquet_snap.promotion.p_channel_dmail = 'Y' OR tpcds_partitioned_parquet_snap.promotion.p_channel_email = 'Y' OR tpcds_partitioned_parquet_snap.promotion.p_channel_tv = 'Y'
|     stored statistics:
|       table: rows=1.80K size=100.50KB
|       columns: all
|     extrapolated-rows=disabled max-scan-range-rows=1.80K
|     mem-estimate=16.00MB mem-reservation=32.00KB thread-reservation=0
|     tuple-ids=12 row-size=43B cardinality=1.80K cost=232
|     in pipelines: 10(GETNEXT)
|
09:HASH JOIN [INNER JOIN]
|  hash predicates: tpcds_partitioned_parquet_snap.store_sales.ss_sold_date_sk = tpcds_partitioned_parquet_snap.date_dim.d_date_sk
|  fk/pk conjuncts: tpcds_partitioned_parquet_snap.store_sales.ss_sold_date_sk = tpcds_partitioned_parquet_snap.date_dim.d_date_sk
|  runtime filters: RF004[bloom] <- tpcds_partitioned_parquet_snap.date_dim.d_date_sk
|  mem-estimate=1.94MB mem-reservation=1.94MB spill-buffer=64.00KB thread-reservation=0
|  tuple-ids=4,6,8,10 row-size=66B cardinality=25.65M cost=17731360
|  in pipelines: 03(GETNEXT), 08(OPEN)
|
|--08:SCAN HDFS [tpcds_partitioned_parquet_snap.date_dim]
|     HDFS partitions=1/1 files=1 size=2.17MB
|     predicates: tpcds_partitioned_parquet_snap.date_dim.d_year = CAST(2001 AS INT), tpcds_partitioned_parquet_snap.date_dim.d_moy = CAST(11 AS INT)
|     stored statistics:
|       table: rows=73.05K size=2.17MB
|       columns: all
|     extrapolated-rows=disabled max-scan-range-rows=73.05K
|     parquet statistics predicates: tpcds_partitioned_parquet_snap.date_dim.d_year = CAST(2001 AS INT), tpcds_partitioned_parquet_snap.date_dim.d_moy = CAST(11 AS INT)
|     parquet dictionary predicates: tpcds_partitioned_parquet_snap.date_dim.d_year = CAST(2001 AS INT), tpcds_partitioned_parquet_snap.date_dim.d_moy = CAST(11 AS INT)
|     mem-estimate=16.00MB mem-reservation=512.00KB thread-reservation=0
|     tuple-ids=10 row-size=12B cardinality=108 cost=16728
|     in pipelines: 08(GETNEXT)
|
07:HASH JOIN [INNER JOIN]
|  hash predicates: tpcds_partitioned_parquet_snap.store_sales.ss_store_sk = tpcds_partitioned_parquet_snap.store.s_store_sk
|  fk/pk conjuncts: tpcds_partitioned_parquet_snap.store_sales.ss_store_sk = tpcds_partitioned_parquet_snap.store.s_store_sk
|  runtime filters: RF006[bloom] <- tpcds_partitioned_parquet_snap.store.s_store_sk, RF007[min_max] <- tpcds_partitioned_parquet_snap.store.s_store_sk
|  mem-estimate=1.94MB mem-reservation=1.94MB spill-buffer=64.00KB thread-reservation=0
|  tuple-ids=4,6,8 row-size=54B cardinality=51.01M(filtered from 433.12M) cost=91565270
|  in pipelines: 03(GETNEXT), 06(OPEN)
|
|--06:SCAN HDFS [tpcds_partitioned_parquet_snap.store]
|     HDFS partitions=1/1 files=1 size=119.76KB
|     predicates: CAST(tpcds_partitioned_parquet_snap.store.s_gmt_offset AS DECIMAL(12,2)) = CAST(-7 AS DECIMAL(12,2))
|     stored statistics:
|       table: rows=1.35K size=119.76KB
|       columns: all
|     extrapolated-rows=disabled max-scan-range-rows=1.35K
|     parquet dictionary predicates: CAST(tpcds_partitioned_parquet_snap.store.s_gmt_offset AS DECIMAL(12,2)) = CAST(-7 AS DECIMAL(12,2))
|     mem-estimate=16.00MB mem-reservation=16.00KB thread-reservation=0
|     tuple-ids=8 row-size=8B cardinality=336 cost=193
|     in pipelines: 06(GETNEXT)
|
05:HASH JOIN [INNER JOIN]
|  hash predicates: tpcds_partitioned_parquet_snap.store_sales.ss_item_sk = tpcds_partitioned_parquet_snap.item.i_item_sk
|  fk/pk conjuncts: tpcds_partitioned_parquet_snap.store_sales.ss_item_sk = tpcds_partitioned_parquet_snap.item.i_item_sk
|  runtime filters: RF008[bloom] <- tpcds_partitioned_parquet_snap.item.i_item_sk, RF009[min_max] <- tpcds_partitioned_parquet_snap.item.i_item_sk
|  mem-estimate=2.88MB mem-reservation=2.88MB spill-buffer=128.00KB thread-reservation=0
|  tuple-ids=4,6 row-size=46B cardinality=51.01M(filtered from 861.52M) cost=169228218
|  in pipelines: 03(GETNEXT), 04(OPEN)
|
|--04:SCAN HDFS [tpcds_partitioned_parquet_snap.item]
|     HDFS partitions=1/1 files=1 size=33.54MB
|     predicates: tpcds_partitioned_parquet_snap.item.i_category = 'Electronics'
|     stored statistics:
|       table: rows=360.00K size=33.54MB
|       columns: all
|     extrapolated-rows=disabled max-scan-range-rows=101.54K
|     parquet statistics predicates: tpcds_partitioned_parquet_snap.item.i_category = 'Electronics'
|     parquet dictionary predicates: tpcds_partitioned_parquet_snap.item.i_category = 'Electronics'
|     mem-estimate=16.00MB mem-reservation=512.00KB thread-reservation=0
|     tuple-ids=6 row-size=22B cardinality=35.91K cost=61463
|     in pipelines: 04(GETNEXT)
|
03:SCAN HDFS [tpcds_partitioned_parquet_snap.store_sales]
   HDFS partitions=1824/1824 files=1824 size=389.90GB
   runtime filters: RF009[min_max] -> tpcds_partitioned_parquet_snap.store_sales.ss_item_sk, RF007[min_max] -> tpcds_partitioned_parquet_snap.store_sales.ss_store_sk, RF001[min_max] -> tpcds_partitioned_parquet_snap.store_sales.ss_customer_sk, RF003[min_max] -> tpcds_partitioned_parquet_snap.store_sales.ss_promo_sk, RF004[bloom] -> tpcds_partitioned_parquet_snap.store_sales.ss_sold_date_sk, RF008[bloom] -> tpcds_partitioned_parquet_snap.store_sales.ss_item_sk, RF006[bloom] -> tpcds_partitioned_parquet_snap.store_sales.ss_store_sk, RF000[bloom] -> tpcds_partitioned_parquet_snap.store_sales.ss_customer_sk
   stored statistics:
     table: rows=8.64G size=389.90GB
     partitions: 1824/1824 rows=8.64G
     columns: all
   extrapolated-rows=disabled max-scan-range-rows=390.22M est-scan-range=109(filtered from 1824)
   mem-estimate=16.00MB mem-reservation=8.00MB thread-reservation=0
   tuple-ids=4 row-size=24B cardinality=51.01M(filtered from 8.64G) cost=176800358
   in pipelines: 03(GETNEXT)
---- DISTRIBUTEDPLAN
Max Per-Host Resource Reservation: Memory=437.25MB Threads=39
Per-Host Resource Estimates: Memory=788MB
F08:PLAN FRAGMENT [UNPARTITIONED] hosts=1 instances=1
|  Per-Instance Resources: mem-estimate=4.00MB mem-reservation=4.00MB thread-reservation=1
|  max-parallelism=1 segment-costs=[30, 0, 3] cpu-comparison-result=147 [max(1 (self) vs 147 (sum children))]
PLAN-ROOT SINK
|  output exprs: sum(tpcds_partitioned_parquet_snap.store_sales.ss_ext_sales_price), sum(tpcds_partitioned_parquet_snap.store_sales_0.ss_ext_sales_price), multiply(divide(CAST(sum(tpcds_partitioned_parquet_snap.store_sales.ss_ext_sales_price) AS DECIMAL(15,4)), CAST(sum(tpcds_partitioned_parquet_snap.store_sales_0.ss_ext_sales_price) AS DECIMAL(15,4))), CAST(100 AS DECIMAL(3,0)))
|  mem-estimate=4.00MB mem-reservation=4.00MB spill-buffer=2.00MB thread-reservation=0 cost=3
|
27:TOP-N [LIMIT=100]
|  order by: sum(tpcds_partitioned_parquet_snap.store_sales.ss_ext_sales_price) ASC NULLS LAST, sum(tpcds_partitioned_parquet_snap.store_sales_0.ss_ext_sales_price) ASC NULLS LAST
|  mem-estimate=32B mem-reservation=0B thread-reservation=0
|  tuple-ids=28 row-size=32B cardinality=1 cost=0
|  in pipelines: 27(GETNEXT), 36(OPEN)
|
26:NESTED LOOP JOIN [CROSS JOIN, BROADCAST]
|  join table id: 00
|  mem-estimate=0B mem-reservation=0B thread-reservation=0
|  tuple-ids=14,27 row-size=32B cardinality=1 cost=0
|  in pipelines: 36(GETNEXT), 45(OPEN)
|
|--F18:PLAN FRAGMENT [UNPARTITIONED] hosts=1 instances=1
|  |  Per-Instance Resources: mem-estimate=16.02KB mem-reservation=0B thread-reservation=1
|  |  max-parallelism=1 segment-costs=[0] cpu-comparison-result=70 [max(1 (self) vs 70 (sum children))]
|  JOIN BUILD
|  |  join-table-id=00 plan-id=01 cohort-id=01
|  |  mem-estimate=16B mem-reservation=0B thread-reservation=0 cost=0
|  |
|  46:EXCHANGE [UNPARTITIONED]
|  |  mem-estimate=16.00KB mem-reservation=0B thread-reservation=0
|  |  tuple-ids=27 row-size=16B cardinality=1 cost=0
|  |  in pipelines: 45(GETNEXT)
|  |
|  F17:PLAN FRAGMENT [UNPARTITIONED] hosts=1 instances=1
|  Per-Instance Resources: mem-estimate=96.00KB mem-reservation=0B thread-reservation=1
|  max-parallelism=1 segment-costs=[30, 1] cpu-comparison-result=70 [max(1 (self) vs 70 (sum children))]
|  45:AGGREGATE [FINALIZE]
|  |  output: sum:merge(tpcds_partitioned_parquet_snap.store_sales_0.ss_ext_sales_price)
|  |  mem-estimate=16.00KB mem-reservation=0B spill-buffer=2.00MB thread-reservation=0
|  |  tuple-ids=27 row-size=16B cardinality=1 cost=8
|  |  in pipelines: 45(GETNEXT), 25(OPEN)
|  |
|  44:EXCHANGE [UNPARTITIONED]
|  |  mem-estimate=23.62KB mem-reservation=0B thread-reservation=0
|  |  tuple-ids=27 row-size=16B cardinality=120 cost=22
|  |  in pipelines: 25(GETNEXT)
|  |
|  F16:PLAN FRAGMENT [HASH(tpcds_partitioned_parquet_snap.store_sales_0.ss_customer_sk)] hosts=10 instances=10 (adjusted from 120)
|  Per-Instance Resources: mem-estimate=14.58MB mem-reservation=0B thread-reservation=1
|  max-parallelism=10 segment-costs=[20635965, 185] cpu-comparison-result=70 [max(70 (self) vs 66 (sum children))]
|  25:AGGREGATE
|  |  output: sum(tpcds_partitioned_parquet_snap.store_sales_0.ss_ext_sales_price)
|  |  mem-estimate=16.00KB mem-reservation=0B spill-buffer=2.00MB thread-reservation=0
|  |  tuple-ids=27 row-size=16B cardinality=120 cost=299532
|  |  in pipelines: 25(GETNEXT), 14(OPEN)
|  |
|  24:HASH JOIN [INNER JOIN, PARTITIONED]
|  |  hash-table-id=01
|  |  hash predicates: tpcds_partitioned_parquet_snap.store_sales_0.ss_customer_sk = tpcds_partitioned_parquet_snap.customer_0.c_customer_sk
|  |  fk/pk conjuncts: tpcds_partitioned_parquet_snap.store_sales_0.ss_customer_sk = tpcds_partitioned_parquet_snap.customer_0.c_customer_sk
|  |  mem-estimate=0B mem-reservation=0B spill-buffer=2.00MB thread-reservation=0
|  |  tuple-ids=15,17,19,21,23,25 row-size=78B cardinality=4.28M cost=7353305
|  |  in pipelines: 14(GETNEXT), 21(OPEN)
|  |
|  |--F19:PLAN FRAGMENT [HASH(tpcds_partitioned_parquet_snap.store_sales_0.ss_customer_sk)] hosts=10 instances=10 (adjusted from 120)
|  |  |  Per-Instance Resources: mem-estimate=46.55MB mem-reservation=38.00MB thread-reservation=1 runtime-filters-memory=4.00MB
|  |  |  max-parallelism=10 segment-costs=[6660828] cpu-comparison-result=30 [max(30 (self) vs 20 (sum children))]
|  |  JOIN BUILD
|  |  |  join-table-id=01 plan-id=02 cohort-id=02
|  |  |  build expressions: tpcds_partitioned_parquet_snap.customer_0.c_customer_sk
|  |  |  runtime filters: RF012[bloom] <- tpcds_partitioned_parquet_snap.customer_0.c_customer_sk, RF013[min_max] <- tpcds_partitioned_parquet_snap.customer_0.c_customer_sk
|  |  |  mem-estimate=34.00MB mem-reservation=34.00MB spill-buffer=2.00MB thread-reservation=0 cost=5452991
|  |  |
|  |  43:EXCHANGE [HASH(tpcds_partitioned_parquet_snap.customer_0.c_customer_sk)]
|  |  |  mem-estimate=8.55MB mem-reservation=0B thread-reservation=0
|  |  |  tuple-ids=23,25 row-size=16B cardinality=5.45M cost=1207837
|  |  |  in pipelines: 21(GETNEXT)
|  |  |
|  |  F15:PLAN FRAGMENT [HASH(tpcds_partitioned_parquet_snap.customer_0.c_current_addr_sk)] hosts=10 instances=10
|  |  Per-Instance Resources: mem-estimate=11.05MB mem-reservation=0B thread-reservation=1
|  |  max-parallelism=10 segment-costs=[14430794]
|  |  23:HASH JOIN [INNER JOIN, PARTITIONED]
|  |  |  hash-table-id=02
|  |  |  hash predicates: tpcds_partitioned_parquet_snap.customer_0.c_current_addr_sk = tpcds_partitioned_parquet_snap.customer_address_0.ca_address_sk
|  |  |  fk/pk conjuncts: tpcds_partitioned_parquet_snap.customer_0.c_current_addr_sk = tpcds_partitioned_parquet_snap.customer_address_0.ca_address_sk
|  |  |  mem-estimate=0B mem-reservation=0B spill-buffer=512.00KB thread-reservation=0
|  |  |  tuple-ids=23,25 row-size=16B cardinality=5.45M cost=2386774
|  |  |  in pipelines: 21(GETNEXT), 22(OPEN)
|  |  |
|  |  |--F20:PLAN FRAGMENT [HASH(tpcds_partitioned_parquet_snap.customer_0.c_current_addr_sk)] hosts=10 instances=10
|  |  |  |  Per-Instance Resources: mem-estimate=12.47MB mem-reservation=10.50MB thread-reservation=1 runtime-filters-memory=2.00MB
|  |  |  |  max-parallelism=10 segment-costs=[2783706]
|  |  |  JOIN BUILD
|  |  |  |  join-table-id=02 plan-id=03 cohort-id=03
|  |  |  |  build expressions: tpcds_partitioned_parquet_snap.customer_address_0.ca_address_sk
|  |  |  |  runtime filters: RF020[bloom] <- tpcds_partitioned_parquet_snap.customer_address_0.ca_address_sk, RF021[min_max] <- tpcds_partitioned_parquet_snap.customer_address_0.ca_address_sk
|  |  |  |  mem-estimate=8.50MB mem-reservation=8.50MB spill-buffer=512.00KB thread-reservation=0 cost=2425043
|  |  |  |
|  |  |  41:EXCHANGE [HASH(tpcds_partitioned_parquet_snap.customer_address_0.ca_address_sk)]
|  |  |  |  mem-estimate=1.97MB mem-reservation=0B thread-reservation=0
|  |  |  |  tuple-ids=25 row-size=8B cardinality=2.43M cost=358663
|  |  |  |  in pipelines: 22(GETNEXT)
|  |  |  |
|  |  |  F14:PLAN FRAGMENT [RANDOM] hosts=10 instances=10
|  |  |  Per-Instance Resources: mem-estimate=16.47MB mem-reservation=128.00KB thread-reservation=1
|  |  |  max-parallelism=10 segment-costs=[4648264]
|  |  |  22:SCAN HDFS [tpcds_partitioned_parquet_snap.customer_address, RANDOM]
|  |  |     HDFS partitions=1/1 files=1 size=307.36MB
|  |  |     predicates: CAST(tpcds_partitioned_parquet_snap.customer_address_0.ca_gmt_offset AS DECIMAL(12,2)) = CAST(-7 AS DECIMAL(12,2))
|  |  |     stored statistics:
|  |  |       table: rows=15.00M size=307.36MB
|  |  |       columns: all
|  |  |     extrapolated-rows=disabled max-scan-range-rows=1.58M
|  |  |     parquet dictionary predicates: CAST(tpcds_partitioned_parquet_snap.customer_address_0.ca_gmt_offset AS DECIMAL(12,2)) = CAST(-7 AS DECIMAL(12,2))
|  |  |     mem-estimate=16.00MB mem-reservation=128.00KB thread-reservation=0
|  |  |     tuple-ids=25 row-size=8B cardinality=2.43M cost=2149500
|  |  |     in pipelines: 22(GETNEXT)
|  |  |
|  |  40:EXCHANGE [HASH(tpcds_partitioned_parquet_snap.customer_0.c_current_addr_sk)]
|  |  |  mem-estimate=10.12MB mem-reservation=0B thread-reservation=0
|  |  |  tuple-ids=23 row-size=8B cardinality=5.45M(filtered from 30.00M) cost=806497
|  |  |  in pipelines: 21(GETNEXT)
|  |  |
|  |  F13:PLAN FRAGMENT [RANDOM] hosts=10 instances=10
|  |  Per-Host Shared Resources: mem-estimate=2.00MB mem-reservation=2.00MB thread-reservation=0 runtime-filters-memory=2.00MB
|  |  Per-Instance Resources: mem-estimate=16.47MB mem-reservation=1.00MB thread-reservation=1
|  |  max-parallelism=10 segment-costs=[9074761]
|  |  21:SCAN HDFS [tpcds_partitioned_parquet_snap.customer, RANDOM]
|  |     HDFS partitions=1/1 files=1 size=1.55GB
|  |     runtime filters: RF021[min_max] -> tpcds_partitioned_parquet_snap.customer_0.c_current_addr_sk, RF020[bloom] -> tpcds_partitioned_parquet_snap.customer_0.c_current_addr_sk
|  |     stored statistics:
|  |       table: rows=30.00M size=1.55GB
|  |       columns: all
|  |     extrapolated-rows=disabled max-scan-range-rows=3.10M
|  |     mem-estimate=16.00MB mem-reservation=1.00MB thread-reservation=0
|  |     tuple-ids=23 row-size=8B cardinality=5.45M(filtered from 30.00M) cost=3456000
|  |     in pipelines: 21(GETNEXT)
|  |
|  42:EXCHANGE [HASH(tpcds_partitioned_parquet_snap.store_sales_0.ss_customer_sk)]
|  |  mem-estimate=14.56MB mem-reservation=0B thread-reservation=0
|  |  tuple-ids=15,17,19,21 row-size=62B cardinality=25.65M cost=12983128
|  |  in pipelines: 14(GETNEXT)
|  |
|  F09:PLAN FRAGMENT [RANDOM] hosts=10 instances=60 (adjusted from 120)
|  Per-Host Shared Resources: mem-estimate=7.00MB mem-reservation=7.00MB thread-reservation=0 runtime-filters-memory=7.00MB
|  Per-Instance Resources: mem-estimate=19.04MB mem-reservation=8.00MB thread-reservation=1
|  max-parallelism=60 segment-costs=[580909987]
|  20:HASH JOIN [INNER JOIN, BROADCAST]
|  |  hash-table-id=03
|  |  hash predicates: tpcds_partitioned_parquet_snap.store_sales_0.ss_sold_date_sk = tpcds_partitioned_parquet_snap.date_dim_0.d_date_sk
|  |  fk/pk conjuncts: tpcds_partitioned_parquet_snap.store_sales_0.ss_sold_date_sk = tpcds_partitioned_parquet_snap.date_dim_0.d_date_sk
|  |  mem-estimate=0B mem-reservation=0B spill-buffer=64.00KB thread-reservation=0
|  |  tuple-ids=15,17,19,21 row-size=62B cardinality=25.65M cost=17731252
|  |  in pipelines: 14(GETNEXT), 19(OPEN)
|  |
|  |--F21:PLAN FRAGMENT [RANDOM] hosts=10 instances=10
|  |  |  Per-Instance Resources: mem-estimate=12.64MB mem-reservation=12.62MB thread-reservation=1 runtime-filters-memory=1.00MB
|  |  |  max-parallelism=10 segment-costs=[248]
|  |  JOIN BUILD
|  |  |  join-table-id=03 plan-id=04 cohort-id=02
|  |  |  build expressions: tpcds_partitioned_parquet_snap.date_dim_0.d_date_sk
|  |  |  runtime filters: RF014[bloom] <- tpcds_partitioned_parquet_snap.date_dim_0.d_date_sk
|  |  |  mem-estimate=11.62MB mem-reservation=11.62MB spill-buffer=64.00KB thread-reservation=0 cost=108
|  |  |
|  |  39:EXCHANGE [BROADCAST]
|  |  |  mem-estimate=16.00KB mem-reservation=0B thread-reservation=0
|  |  |  tuple-ids=21 row-size=12B cardinality=108 cost=140
|  |  |  in pipelines: 19(GETNEXT)
|  |  |
|  |  F12:PLAN FRAGMENT [RANDOM] hosts=1 instances=1
|  |  Per-Instance Resources: mem-estimate=16.06MB mem-reservation=512.00KB thread-reservation=1
|  |  max-parallelism=1 segment-costs=[16733]
|  |  19:SCAN HDFS [tpcds_partitioned_parquet_snap.date_dim, RANDOM]
|  |     HDFS partitions=1/1 files=1 size=2.17MB
|  |     predicates: tpcds_partitioned_parquet_snap.date_dim_0.d_year = CAST(2001 AS INT), tpcds_partitioned_parquet_snap.date_dim_0.d_moy = CAST(11 AS INT)
|  |     stored statistics:
|  |       table: rows=73.05K size=2.17MB
|  |       columns: all
|  |     extrapolated-rows=disabled max-scan-range-rows=73.05K
|  |     parquet statistics predicates: tpcds_partitioned_parquet_snap.date_dim_0.d_year = CAST(2001 AS INT), tpcds_partitioned_parquet_snap.date_dim_0.d_moy = CAST(11 AS INT)
|  |     parquet dictionary predicates: tpcds_partitioned_parquet_snap.date_dim_0.d_year = CAST(2001 AS INT), tpcds_partitioned_parquet_snap.date_dim_0.d_moy = CAST(11 AS INT)
|  |     mem-estimate=16.00MB mem-reservation=512.00KB thread-reservation=0
|  |     tuple-ids=21 row-size=12B cardinality=108 cost=16728
|  |     in pipelines: 19(GETNEXT)
|  |
|  18:HASH JOIN [INNER JOIN, BROADCAST]
|  |  hash-table-id=04
|  |  hash predicates: tpcds_partitioned_parquet_snap.store_sales_0.ss_store_sk = tpcds_partitioned_parquet_snap.store_0.s_store_sk
|  |  fk/pk conjuncts: tpcds_partitioned_parquet_snap.store_sales_0.ss_store_sk = tpcds_partitioned_parquet_snap.store_0.s_store_sk
|  |  mem-estimate=0B mem-reservation=0B spill-buffer=64.00KB thread-reservation=0
|  |  tuple-ids=15,17,19 row-size=50B cardinality=51.01M(filtered from 433.12M) cost=91564934
|  |  in pipelines: 14(GETNEXT), 17(OPEN)
|  |
|  |--F22:PLAN FRAGMENT [RANDOM] hosts=10 instances=10
|  |  |  Per-Instance Resources: mem-estimate=12.64MB mem-reservation=12.62MB thread-reservation=1 runtime-filters-memory=1.00MB
|  |  |  max-parallelism=10 segment-costs=[776]
|  |  JOIN BUILD
|  |  |  join-table-id=04 plan-id=05 cohort-id=02
|  |  |  build expressions: tpcds_partitioned_parquet_snap.store_0.s_store_sk
|  |  |  runtime filters: RF016[bloom] <- tpcds_partitioned_parquet_snap.store_0.s_store_sk, RF017[min_max] <- tpcds_partitioned_parquet_snap.store_0.s_store_sk
|  |  |  mem-estimate=11.62MB mem-reservation=11.62MB spill-buffer=64.00KB thread-reservation=0 cost=336
|  |  |
|  |  38:EXCHANGE [BROADCAST]
|  |  |  mem-estimate=16.00KB mem-reservation=0B thread-reservation=0
|  |  |  tuple-ids=19 row-size=8B cardinality=336 cost=440
|  |  |  in pipelines: 17(GETNEXT)
|  |  |
|  |  F11:PLAN FRAGMENT [RANDOM] hosts=1 instances=1
|  |  Per-Instance Resources: mem-estimate=16.05MB mem-reservation=16.00KB thread-reservation=1
|  |  max-parallelism=1 segment-costs=[207]
|  |  17:SCAN HDFS [tpcds_partitioned_parquet_snap.store, RANDOM]
|  |     HDFS partitions=1/1 files=1 size=119.76KB
|  |     predicates: CAST(tpcds_partitioned_parquet_snap.store_0.s_gmt_offset AS DECIMAL(12,2)) = CAST(-7 AS DECIMAL(12,2))
|  |     stored statistics:
|  |       table: rows=1.35K size=119.76KB
|  |       columns: all
|  |     extrapolated-rows=disabled max-scan-range-rows=1.35K
|  |     parquet dictionary predicates: CAST(tpcds_partitioned_parquet_snap.store_0.s_gmt_offset AS DECIMAL(12,2)) = CAST(-7 AS DECIMAL(12,2))
|  |     mem-estimate=16.00MB mem-reservation=16.00KB thread-reservation=0
|  |     tuple-ids=19 row-size=8B cardinality=336 cost=193
|  |     in pipelines: 17(GETNEXT)
|  |
|  16:HASH JOIN [INNER JOIN, BROADCAST]
|  |  hash-table-id=05
|  |  hash predicates: tpcds_partitioned_parquet_snap.store_sales_0.ss_item_sk = tpcds_partitioned_parquet_snap.item_0.i_item_sk
|  |  fk/pk conjuncts: tpcds_partitioned_parquet_snap.store_sales_0.ss_item_sk = tpcds_partitioned_parquet_snap.item_0.i_item_sk
|  |  mem-estimate=0B mem-reservation=0B spill-buffer=128.00KB thread-reservation=0
|  |  tuple-ids=15,17 row-size=42B cardinality=51.01M(filtered from 861.52M) cost=169192303
|  |  in pipelines: 14(GETNEXT), 15(OPEN)
|  |
|  |--F23:PLAN FRAGMENT [RANDOM] hosts=10 instances=10
|  |  |  Per-Instance Resources: mem-estimate=19.10MB mem-reservation=18.25MB thread-reservation=1 runtime-filters-memory=1.00MB
|  |  |  max-parallelism=10 segment-costs=[83645]
|  |  JOIN BUILD
|  |  |  join-table-id=05 plan-id=06 cohort-id=02
|  |  |  build expressions: tpcds_partitioned_parquet_snap.item_0.i_item_sk
|  |  |  runtime filters: RF018[bloom] <- tpcds_partitioned_parquet_snap.item_0.i_item_sk, RF019[min_max] <- tpcds_partitioned_parquet_snap.item_0.i_item_sk
|  |  |  mem-estimate=17.25MB mem-reservation=17.25MB spill-buffer=128.00KB thread-reservation=0 cost=35915
|  |  |
|  |  37:EXCHANGE [BROADCAST]
|  |  |  mem-estimate=871.90KB mem-reservation=0B thread-reservation=0
|  |  |  tuple-ids=17 row-size=22B cardinality=35.91K cost=47730
|  |  |  in pipelines: 15(GETNEXT)
|  |  |
|  |  F10:PLAN FRAGMENT [RANDOM] hosts=4 instances=4
|  |  Per-Instance Resources: mem-estimate=16.10MB mem-reservation=512.00KB thread-reservation=1
|  |  max-parallelism=4 segment-costs=[64362]
|  |  15:SCAN HDFS [tpcds_partitioned_parquet_snap.item, RANDOM]
|  |     HDFS partitions=1/1 files=1 size=33.54MB
|  |     predicates: tpcds_partitioned_parquet_snap.item_0.i_category = 'Electronics'
|  |     stored statistics:
|  |       table: rows=360.00K size=33.54MB
|  |       columns: all
|  |     extrapolated-rows=disabled max-scan-range-rows=101.54K
|  |     parquet statistics predicates: tpcds_partitioned_parquet_snap.item_0.i_category = 'Electronics'
|  |     parquet dictionary predicates: tpcds_partitioned_parquet_snap.item_0.i_category = 'Electronics'
|  |     mem-estimate=16.00MB mem-reservation=512.00KB thread-reservation=0
|  |     tuple-ids=17 row-size=22B cardinality=35.91K cost=61463
|  |     in pipelines: 15(GETNEXT)
|  |
|  14:SCAN HDFS [tpcds_partitioned_parquet_snap.store_sales, RANDOM]
|     HDFS partitions=1824/1824 files=1824 size=389.90GB
|     runtime filters: RF019[min_max] -> tpcds_partitioned_parquet_snap.store_sales_0.ss_item_sk, RF013[min_max] -> tpcds_partitioned_parquet_snap.store_sales_0.ss_customer_sk, RF017[min_max] -> tpcds_partitioned_parquet_snap.store_sales_0.ss_store_sk, RF014[bloom] -> tpcds_partitioned_parquet_snap.store_sales_0.ss_sold_date_sk, RF018[bloom] -> tpcds_partitioned_parquet_snap.store_sales_0.ss_item_sk, RF012[bloom] -> tpcds_partitioned_parquet_snap.store_sales_0.ss_customer_sk, RF016[bloom] -> tpcds_partitioned_parquet_snap.store_sales_0.ss_store_sk
|     stored statistics:
|       table: rows=8.64G size=389.90GB
|       partitions: 1824/1824 rows=8.64G
|       columns: all
|     extrapolated-rows=disabled max-scan-range-rows=390.22M est-scan-range=109(filtered from 1824)
|     mem-estimate=16.00MB mem-reservation=8.00MB thread-reservation=0
|     tuple-ids=15 row-size=20B cardinality=51.01M(filtered from 8.64G) cost=147333631
|     in pipelines: 14(GETNEXT)
|
36:AGGREGATE [FINALIZE]
|  output: sum:merge(tpcds_partitioned_parquet_snap.store_sales.ss_ext_sales_price)
|  mem-estimate=16.00KB mem-reservation=0B spill-buffer=2.00MB thread-reservation=0
|  tuple-ids=14 row-size=16B cardinality=1 cost=8
|  in pipelines: 36(GETNEXT), 13(OPEN)
|
35:EXCHANGE [UNPARTITIONED]
|  mem-estimate=117.38KB mem-reservation=0B thread-reservation=0
|  tuple-ids=14 row-size=16B cardinality=120 cost=22
|  in pipelines: 13(GETNEXT)
|
F00:PLAN FRAGMENT [RANDOM] hosts=10 instances=50 (adjusted from 120)
Per-Host Shared Resources: mem-estimate=7.00MB mem-reservation=7.00MB thread-reservation=0 runtime-filters-memory=7.00MB
Per-Instance Resources: mem-estimate=16.02MB mem-reservation=8.00MB thread-reservation=1
max-parallelism=50 segment-costs=[479533635, 185] cpu-comparison-result=77 [max(50 (self) vs 77 (sum children))]
13:AGGREGATE
|  output: sum(tpcds_partitioned_parquet_snap.store_sales.ss_ext_sales_price)
|  mem-estimate=16.00KB mem-reservation=0B spill-buffer=2.00MB thread-reservation=0
|  tuple-ids=14 row-size=16B cardinality=120 cost=1795150
|  in pipelines: 13(GETNEXT), 03(OPEN)
|
12:HASH JOIN [INNER JOIN, BROADCAST]
|  hash-table-id=06
|  hash predicates: tpcds_partitioned_parquet_snap.store_sales.ss_customer_sk = tpcds_partitioned_parquet_snap.customer.c_customer_sk
|  fk/pk conjuncts: none
|  mem-estimate=0B mem-reservation=0B spill-buffer=2.00MB thread-reservation=0
|  tuple-ids=4,6,8,10,12,0,2 row-size=125B cardinality=25.65M cost=11224819
|  in pipelines: 03(GETNEXT), 00(OPEN)
|
|--F24:PLAN FRAGMENT [RANDOM] hosts=10 instances=10
|  |  Per-Instance Resources: mem-estimate=193.44MB mem-reservation=174.00MB thread-reservation=1 runtime-filters-memory=4.00MB
|  |  max-parallelism=10 segment-costs=[12700011] cpu-comparison-result=30 [max(30 (self) vs 20 (sum children))]
|  JOIN BUILD
|  |  join-table-id=06 plan-id=07 cohort-id=01
|  |  build expressions: tpcds_partitioned_parquet_snap.customer.c_customer_sk
|  |  runtime filters: RF000[bloom] <- tpcds_partitioned_parquet_snap.customer.c_customer_sk, RF001[min_max] <- tpcds_partitioned_parquet_snap.customer.c_customer_sk
|  |  mem-estimate=179.21MB mem-reservation=170.00MB spill-buffer=2.00MB thread-reservation=0 cost=5452991
|  |
|  34:EXCHANGE [BROADCAST]
|  |  mem-estimate=10.23MB mem-reservation=0B thread-reservation=0
|  |  tuple-ids=0,2 row-size=16B cardinality=5.45M cost=7247020
|  |  in pipelines: 00(GETNEXT)
|  |
|  F07:PLAN FRAGMENT [HASH(tpcds_partitioned_parquet_snap.customer.c_current_addr_sk)] hosts=10 instances=10
|  Per-Instance Resources: mem-estimate=10.21MB mem-reservation=0B thread-reservation=1
|  max-parallelism=10 segment-costs=[3664409]
|  02:HASH JOIN [INNER JOIN, PARTITIONED]
|  |  hash-table-id=07
|  |  hash predicates: tpcds_partitioned_parquet_snap.customer.c_current_addr_sk = tpcds_partitioned_parquet_snap.customer_address.ca_address_sk
|  |  fk/pk conjuncts: tpcds_partitioned_parquet_snap.customer.c_current_addr_sk = tpcds_partitioned_parquet_snap.customer_address.ca_address_sk
|  |  mem-estimate=0B mem-reservation=0B spill-buffer=512.00KB thread-reservation=0
|  |  tuple-ids=0,2 row-size=16B cardinality=5.45M cost=2386774
|  |  in pipelines: 00(GETNEXT), 01(OPEN)
|  |
|  |--F25:PLAN FRAGMENT [HASH(tpcds_partitioned_parquet_snap.customer.c_current_addr_sk)] hosts=10 instances=10
|  |  |  Per-Instance Resources: mem-estimate=12.47MB mem-reservation=10.50MB thread-reservation=1 runtime-filters-memory=2.00MB
|  |  |  max-parallelism=10 segment-costs=[2783706]
|  |  JOIN BUILD
|  |  |  join-table-id=07 plan-id=08 cohort-id=04
|  |  |  build expressions: tpcds_partitioned_parquet_snap.customer_address.ca_address_sk
|  |  |  runtime filters: RF010[bloom] <- tpcds_partitioned_parquet_snap.customer_address.ca_address_sk, RF011[min_max] <- tpcds_partitioned_parquet_snap.customer_address.ca_address_sk
|  |  |  mem-estimate=8.50MB mem-reservation=8.50MB spill-buffer=512.00KB thread-reservation=0 cost=2425043
|  |  |
|  |  33:EXCHANGE [HASH(tpcds_partitioned_parquet_snap.customer_address.ca_address_sk)]
|  |  |  mem-estimate=1.97MB mem-reservation=0B thread-reservation=0
|  |  |  tuple-ids=2 row-size=8B cardinality=2.43M cost=358663
|  |  |  in pipelines: 01(GETNEXT)
|  |  |
|  |  F06:PLAN FRAGMENT [RANDOM] hosts=10 instances=10
|  |  Per-Instance Resources: mem-estimate=16.47MB mem-reservation=128.00KB thread-reservation=1
|  |  max-parallelism=10 segment-costs=[4648264]
|  |  01:SCAN HDFS [tpcds_partitioned_parquet_snap.customer_address, RANDOM]
|  |     HDFS partitions=1/1 files=1 size=307.36MB
|  |     predicates: CAST(tpcds_partitioned_parquet_snap.customer_address.ca_gmt_offset AS DECIMAL(12,2)) = CAST(-7 AS DECIMAL(12,2))
|  |     stored statistics:
|  |       table: rows=15.00M size=307.36MB
|  |       columns: all
|  |     extrapolated-rows=disabled max-scan-range-rows=1.58M
|  |     parquet dictionary predicates: CAST(tpcds_partitioned_parquet_snap.customer_address.ca_gmt_offset AS DECIMAL(12,2)) = CAST(-7 AS DECIMAL(12,2))
|  |     mem-estimate=16.00MB mem-reservation=128.00KB thread-reservation=0
|  |     tuple-ids=2 row-size=8B cardinality=2.43M cost=2149500
|  |     in pipelines: 01(GETNEXT)
|  |
|  32:EXCHANGE [HASH(tpcds_partitioned_parquet_snap.customer.c_current_addr_sk)]
|  |  mem-estimate=10.12MB mem-reservation=0B thread-reservation=0
|  |  tuple-ids=0 row-size=8B cardinality=5.45M(filtered from 30.00M) cost=806497
|  |  in pipelines: 00(GETNEXT)
|  |
|  F05:PLAN FRAGMENT [RANDOM] hosts=10 instances=10
|  Per-Host Shared Resources: mem-estimate=2.00MB mem-reservation=2.00MB thread-reservation=0 runtime-filters-memory=2.00MB
|  Per-Instance Resources: mem-estimate=16.47MB mem-reservation=1.00MB thread-reservation=1
|  max-parallelism=10 segment-costs=[9074761]
|  00:SCAN HDFS [tpcds_partitioned_parquet_snap.customer, RANDOM]
|     HDFS partitions=1/1 files=1 size=1.55GB
|     runtime filters: RF011[min_max] -> tpcds_partitioned_parquet_snap.customer.c_current_addr_sk, RF010[bloom] -> tpcds_partitioned_parquet_snap.customer.c_current_addr_sk
|     stored statistics:
|       table: rows=30.00M size=1.55GB
|       columns: all
|     extrapolated-rows=disabled max-scan-range-rows=3.10M
|     mem-estimate=16.00MB mem-reservation=1.00MB thread-reservation=0
|     tuple-ids=0 row-size=8B cardinality=5.45M(filtered from 30.00M) cost=3456000
|     in pipelines: 00(GETNEXT)
|
11:HASH JOIN [INNER JOIN, BROADCAST]
|  hash-table-id=08
|  hash predicates: tpcds_partitioned_parquet_snap.store_sales.ss_promo_sk = tpcds_partitioned_parquet_snap.promotion.p_promo_sk
|  fk/pk conjuncts: tpcds_partitioned_parquet_snap.store_sales.ss_promo_sk = tpcds_partitioned_parquet_snap.promotion.p_promo_sk
|  mem-estimate=0B mem-reservation=0B spill-buffer=64.00KB thread-reservation=0
|  tuple-ids=4,6,8,10,12 row-size=109B cardinality=25.65M cost=11224819
|  in pipelines: 03(GETNEXT), 10(OPEN)
|
|--F26:PLAN FRAGMENT [RANDOM] hosts=10 instances=10
|  |  Per-Instance Resources: mem-estimate=9.81MB mem-reservation=9.69MB thread-reservation=1
|  |  max-parallelism=10 segment-costs=[4190]
|  JOIN BUILD
|  |  join-table-id=08 plan-id=09 cohort-id=01
|  |  build expressions: tpcds_partitioned_parquet_snap.promotion.p_promo_sk
|  |  runtime filters: RF003[min_max] <- tpcds_partitioned_parquet_snap.promotion.p_promo_sk
|  |  mem-estimate=9.69MB mem-reservation=9.69MB spill-buffer=64.00KB thread-reservation=0 cost=1800
|  |
|  31:EXCHANGE [BROADCAST]
|  |  mem-estimate=122.59KB mem-reservation=0B thread-reservation=0
|  |  tuple-ids=12 row-size=43B cardinality=1.80K cost=2390
|  |  in pipelines: 10(GETNEXT)
|  |
|  F04:PLAN FRAGMENT [RANDOM] hosts=1 instances=1
|  Per-Instance Resources: mem-estimate=16.18MB mem-reservation=32.00KB thread-reservation=1
|  max-parallelism=1 segment-costs=[479]
|  10:SCAN HDFS [tpcds_partitioned_parquet_snap.promotion, RANDOM]
|     HDFS partitions=1/1 files=1 size=100.50KB
|     predicates: tpcds_partitioned_parquet_snap.promotion.p_channel_dmail = 'Y' OR tpcds_partitioned_parquet_snap.promotion.p_channel_email = 'Y' OR tpcds_partitioned_parquet_snap.promotion.p_channel_tv = 'Y'
|     stored statistics:
|       table: rows=1.80K size=100.50KB
|       columns: all
|     extrapolated-rows=disabled max-scan-range-rows=1.80K
|     mem-estimate=16.00MB mem-reservation=32.00KB thread-reservation=0
|     tuple-ids=12 row-size=43B cardinality=1.80K cost=232
|     in pipelines: 10(GETNEXT)
|
09:HASH JOIN [INNER JOIN, BROADCAST]
|  hash-table-id=09
|  hash predicates: tpcds_partitioned_parquet_snap.store_sales.ss_sold_date_sk = tpcds_partitioned_parquet_snap.date_dim.d_date_sk
|  fk/pk conjuncts: tpcds_partitioned_parquet_snap.store_sales.ss_sold_date_sk = tpcds_partitioned_parquet_snap.date_dim.d_date_sk
|  mem-estimate=0B mem-reservation=0B spill-buffer=64.00KB thread-reservation=0
|  tuple-ids=4,6,8,10 row-size=66B cardinality=25.65M cost=17731252
|  in pipelines: 03(GETNEXT), 08(OPEN)
|
|--F27:PLAN FRAGMENT [RANDOM] hosts=10 instances=10
|  |  Per-Instance Resources: mem-estimate=10.70MB mem-reservation=10.69MB thread-reservation=1 runtime-filters-memory=1.00MB
|  |  max-parallelism=10 segment-costs=[248]
|  JOIN BUILD
|  |  join-table-id=09 plan-id=10 cohort-id=01
|  |  build expressions: tpcds_partitioned_parquet_snap.date_dim.d_date_sk
|  |  runtime filters: RF004[bloom] <- tpcds_partitioned_parquet_snap.date_dim.d_date_sk
|  |  mem-estimate=9.69MB mem-reservation=9.69MB spill-buffer=64.00KB thread-reservation=0 cost=108
|  |
|  30:EXCHANGE [BROADCAST]
|  |  mem-estimate=16.00KB mem-reservation=0B thread-reservation=0
|  |  tuple-ids=10 row-size=12B cardinality=108 cost=140
|  |  in pipelines: 08(GETNEXT)
|  |
|  F03:PLAN FRAGMENT [RANDOM] hosts=1 instances=1
|  Per-Instance Resources: mem-estimate=16.06MB mem-reservation=512.00KB thread-reservation=1
|  max-parallelism=1 segment-costs=[16733]
|  08:SCAN HDFS [tpcds_partitioned_parquet_snap.date_dim, RANDOM]
|     HDFS partitions=1/1 files=1 size=2.17MB
|     predicates: tpcds_partitioned_parquet_snap.date_dim.d_year = CAST(2001 AS INT), tpcds_partitioned_parquet_snap.date_dim.d_moy = CAST(11 AS INT)
|     stored statistics:
|       table: rows=73.05K size=2.17MB
|       columns: all
|     extrapolated-rows=disabled max-scan-range-rows=73.05K
|     parquet statistics predicates: tpcds_partitioned_parquet_snap.date_dim.d_year = CAST(2001 AS INT), tpcds_partitioned_parquet_snap.date_dim.d_moy = CAST(11 AS INT)
|     parquet dictionary predicates: tpcds_partitioned_parquet_snap.date_dim.d_year = CAST(2001 AS INT), tpcds_partitioned_parquet_snap.date_dim.d_moy = CAST(11 AS INT)
|     mem-estimate=16.00MB mem-reservation=512.00KB thread-reservation=0
|     tuple-ids=10 row-size=12B cardinality=108 cost=16728
|     in pipelines: 08(GETNEXT)
|
07:HASH JOIN [INNER JOIN, BROADCAST]
|  hash-table-id=10
|  hash predicates: tpcds_partitioned_parquet_snap.store_sales.ss_store_sk = tpcds_partitioned_parquet_snap.store.s_store_sk
|  fk/pk conjuncts: tpcds_partitioned_parquet_snap.store_sales.ss_store_sk = tpcds_partitioned_parquet_snap.store.s_store_sk
|  mem-estimate=0B mem-reservation=0B spill-buffer=64.00KB thread-reservation=0
|  tuple-ids=4,6,8 row-size=54B cardinality=51.01M(filtered from 433.12M) cost=91564934
|  in pipelines: 03(GETNEXT), 06(OPEN)
|
|--F28:PLAN FRAGMENT [RANDOM] hosts=10 instances=10
|  |  Per-Instance Resources: mem-estimate=10.70MB mem-reservation=10.69MB thread-reservation=1 runtime-filters-memory=1.00MB
|  |  max-parallelism=10 segment-costs=[776]
|  JOIN BUILD
|  |  join-table-id=10 plan-id=11 cohort-id=01
|  |  build expressions: tpcds_partitioned_parquet_snap.store.s_store_sk
|  |  runtime filters: RF006[bloom] <- tpcds_partitioned_parquet_snap.store.s_store_sk, RF007[min_max] <- tpcds_partitioned_parquet_snap.store.s_store_sk
|  |  mem-estimate=9.69MB mem-reservation=9.69MB spill-buffer=64.00KB thread-reservation=0 cost=336
|  |
|  29:EXCHANGE [BROADCAST]
|  |  mem-estimate=16.00KB mem-reservation=0B thread-reservation=0
|  |  tuple-ids=8 row-size=8B cardinality=336 cost=440
|  |  in pipelines: 06(GETNEXT)
|  |
|  F02:PLAN FRAGMENT [RANDOM] hosts=1 instances=1
|  Per-Instance Resources: mem-estimate=16.05MB mem-reservation=16.00KB thread-reservation=1
|  max-parallelism=1 segment-costs=[207]
|  06:SCAN HDFS [tpcds_partitioned_parquet_snap.store, RANDOM]
|     HDFS partitions=1/1 files=1 size=119.76KB
|     predicates: CAST(tpcds_partitioned_parquet_snap.store.s_gmt_offset AS DECIMAL(12,2)) = CAST(-7 AS DECIMAL(12,2))
|     stored statistics:
|       table: rows=1.35K size=119.76KB
|       columns: all
|     extrapolated-rows=disabled max-scan-range-rows=1.35K
|     parquet dictionary predicates: CAST(tpcds_partitioned_parquet_snap.store.s_gmt_offset AS DECIMAL(12,2)) = CAST(-7 AS DECIMAL(12,2))
|     mem-estimate=16.00MB mem-reservation=16.00KB thread-reservation=0
|     tuple-ids=8 row-size=8B cardinality=336 cost=193
|     in pipelines: 06(GETNEXT)
|
05:HASH JOIN [INNER JOIN, BROADCAST]
|  hash-table-id=11
|  hash predicates: tpcds_partitioned_parquet_snap.store_sales.ss_item_sk = tpcds_partitioned_parquet_snap.item.i_item_sk
|  fk/pk conjuncts: tpcds_partitioned_parquet_snap.store_sales.ss_item_sk = tpcds_partitioned_parquet_snap.item.i_item_sk
|  mem-estimate=0B mem-reservation=0B spill-buffer=128.00KB thread-reservation=0
|  tuple-ids=4,6 row-size=46B cardinality=51.01M(filtered from 861.52M) cost=169192303
|  in pipelines: 03(GETNEXT), 04(OPEN)
|
|--F29:PLAN FRAGMENT [RANDOM] hosts=10 instances=10
|  |  Per-Instance Resources: mem-estimate=16.23MB mem-reservation=15.38MB thread-reservation=1 runtime-filters-memory=1.00MB
|  |  max-parallelism=10 segment-costs=[83645]
|  JOIN BUILD
|  |  join-table-id=11 plan-id=12 cohort-id=01
|  |  build expressions: tpcds_partitioned_parquet_snap.item.i_item_sk
|  |  runtime filters: RF008[bloom] <- tpcds_partitioned_parquet_snap.item.i_item_sk, RF009[min_max] <- tpcds_partitioned_parquet_snap.item.i_item_sk
|  |  mem-estimate=14.38MB mem-reservation=14.38MB spill-buffer=128.00KB thread-reservation=0 cost=35915
|  |
|  28:EXCHANGE [BROADCAST]
|  |  mem-estimate=871.90KB mem-reservation=0B thread-reservation=0
|  |  tuple-ids=6 row-size=22B cardinality=35.91K cost=47730
|  |  in pipelines: 04(GETNEXT)
|  |
|  F01:PLAN FRAGMENT [RANDOM] hosts=4 instances=4
|  Per-Instance Resources: mem-estimate=16.10MB mem-reservation=512.00KB thread-reservation=1
|  max-parallelism=4 segment-costs=[64362]
|  04:SCAN HDFS [tpcds_partitioned_parquet_snap.item, RANDOM]
|     HDFS partitions=1/1 files=1 size=33.54MB
|     predicates: tpcds_partitioned_parquet_snap.item.i_category = 'Electronics'
|     stored statistics:
|       table: rows=360.00K size=33.54MB
|       columns: all
|     extrapolated-rows=disabled max-scan-range-rows=101.54K
|     parquet statistics predicates: tpcds_partitioned_parquet_snap.item.i_category = 'Electronics'
|     parquet dictionary predicates: tpcds_partitioned_parquet_snap.item.i_category = 'Electronics'
|     mem-estimate=16.00MB mem-reservation=512.00KB thread-reservation=0
|     tuple-ids=6 row-size=22B cardinality=35.91K cost=61463
|     in pipelines: 04(GETNEXT)
|
03:SCAN HDFS [tpcds_partitioned_parquet_snap.store_sales, RANDOM]
   HDFS partitions=1824/1824 files=1824 size=389.90GB
   runtime filters: RF009[min_max] -> tpcds_partitioned_parquet_snap.store_sales.ss_item_sk, RF007[min_max] -> tpcds_partitioned_parquet_snap.store_sales.ss_store_sk, RF001[min_max] -> tpcds_partitioned_parquet_snap.store_sales.ss_customer_sk, RF003[min_max] -> tpcds_partitioned_parquet_snap.store_sales.ss_promo_sk, RF004[bloom] -> tpcds_partitioned_parquet_snap.store_sales.ss_sold_date_sk, RF008[bloom] -> tpcds_partitioned_parquet_snap.store_sales.ss_item_sk, RF006[bloom] -> tpcds_partitioned_parquet_snap.store_sales.ss_store_sk, RF000[bloom] -> tpcds_partitioned_parquet_snap.store_sales.ss_customer_sk
   stored statistics:
     table: rows=8.64G size=389.90GB
     partitions: 1824/1824 rows=8.64G
     columns: all
   extrapolated-rows=disabled max-scan-range-rows=390.22M est-scan-range=109(filtered from 1824)
   mem-estimate=16.00MB mem-reservation=8.00MB thread-reservation=0
   tuple-ids=4 row-size=24B cardinality=51.01M(filtered from 8.64G) cost=176800358
   in pipelines: 03(GETNEXT)
---- PARALLELPLANS
Max Per-Host Resource Reservation: Memory=351.31MB Threads=43
Per-Host Resource Estimates: Memory=776MB
F09:PLAN FRAGMENT [UNPARTITIONED] hosts=1 instances=1
|  Per-Instance Resources: mem-estimate=4.00MB mem-reservation=4.00MB thread-reservation=1
|  max-parallelism=1 segment-costs=[30, 0, 3] cpu-comparison-result=160 [max(1 (self) vs 160 (sum children))]
PLAN-ROOT SINK
|  output exprs: sum(tpcds_partitioned_parquet_snap.store_sales.ss_ext_sales_price), sum(tpcds_partitioned_parquet_snap.store_sales_0.ss_ext_sales_price), multiply(divide(CAST(sum(tpcds_partitioned_parquet_snap.store_sales.ss_ext_sales_price) AS DECIMAL(15,4)), CAST(sum(tpcds_partitioned_parquet_snap.store_sales_0.ss_ext_sales_price) AS DECIMAL(15,4))), CAST(100 AS DECIMAL(3,0)))
|  mem-estimate=4.00MB mem-reservation=4.00MB spill-buffer=2.00MB thread-reservation=0 cost=3
|
27:TOP-N [LIMIT=100]
|  order by: sum(tpcds_partitioned_parquet_snap.store_sales.ss_ext_sales_price) ASC NULLS LAST, sum(tpcds_partitioned_parquet_snap.store_sales_0.ss_ext_sales_price) ASC NULLS LAST
|  mem-estimate=32B mem-reservation=0B thread-reservation=0
|  tuple-ids=28 row-size=32B cardinality=1 cost=0
|  in pipelines: 27(GETNEXT), 37(OPEN)
|
26:NESTED LOOP JOIN [CROSS JOIN, BROADCAST]
|  join table id: 00
|  mem-estimate=0B mem-reservation=0B thread-reservation=0
|  tuple-ids=14,27 row-size=32B cardinality=1 cost=0
|  in pipelines: 37(GETNEXT), 46(OPEN)
|
|--F19:PLAN FRAGMENT [UNPARTITIONED] hosts=1 instances=1
|  |  Per-Instance Resources: mem-estimate=16.02KB mem-reservation=0B thread-reservation=1
|  |  max-parallelism=1 segment-costs=[0] cpu-comparison-result=70 [max(1 (self) vs 70 (sum children))]
|  JOIN BUILD
|  |  join-table-id=00 plan-id=01 cohort-id=01
|  |  mem-estimate=16B mem-reservation=0B thread-reservation=0 cost=0
|  |
|  47:EXCHANGE [UNPARTITIONED]
|  |  mem-estimate=16.00KB mem-reservation=0B thread-reservation=0
|  |  tuple-ids=27 row-size=16B cardinality=1 cost=0
|  |  in pipelines: 46(GETNEXT)
|  |
|  F18:PLAN FRAGMENT [UNPARTITIONED] hosts=1 instances=1
|  Per-Instance Resources: mem-estimate=96.00KB mem-reservation=0B thread-reservation=1
|  max-parallelism=1 segment-costs=[30, 1] cpu-comparison-result=70 [max(1 (self) vs 70 (sum children))]
|  46:AGGREGATE [FINALIZE]
|  |  output: sum:merge(tpcds_partitioned_parquet_snap.store_sales_0.ss_ext_sales_price)
|  |  mem-estimate=16.00KB mem-reservation=0B spill-buffer=2.00MB thread-reservation=0
|  |  tuple-ids=27 row-size=16B cardinality=1 cost=8
|  |  in pipelines: 46(GETNEXT), 25(OPEN)
|  |
|  45:EXCHANGE [UNPARTITIONED]
|  |  mem-estimate=23.62KB mem-reservation=0B thread-reservation=0
|  |  tuple-ids=27 row-size=16B cardinality=120 cost=22
|  |  in pipelines: 25(GETNEXT)
|  |
|  F17:PLAN FRAGMENT [HASH(tpcds_partitioned_parquet_snap.store_sales_0.ss_customer_sk)] hosts=10 instances=10 (adjusted from 120)
|  Per-Instance Resources: mem-estimate=14.58MB mem-reservation=0B thread-reservation=1
|  max-parallelism=10 segment-costs=[20635965, 185] cpu-comparison-result=70 [max(70 (self) vs 66 (sum children))]
|  25:AGGREGATE
|  |  output: sum(tpcds_partitioned_parquet_snap.store_sales_0.ss_ext_sales_price)
|  |  mem-estimate=16.00KB mem-reservation=0B spill-buffer=2.00MB thread-reservation=0
|  |  tuple-ids=27 row-size=16B cardinality=120 cost=299532
|  |  in pipelines: 25(GETNEXT), 14(OPEN)
|  |
|  24:HASH JOIN [INNER JOIN, PARTITIONED]
|  |  hash-table-id=01
|  |  hash predicates: tpcds_partitioned_parquet_snap.store_sales_0.ss_customer_sk = tpcds_partitioned_parquet_snap.customer_0.c_customer_sk
|  |  fk/pk conjuncts: tpcds_partitioned_parquet_snap.store_sales_0.ss_customer_sk = tpcds_partitioned_parquet_snap.customer_0.c_customer_sk
|  |  mem-estimate=0B mem-reservation=0B spill-buffer=2.00MB thread-reservation=0
|  |  tuple-ids=15,17,19,21,23,25 row-size=78B cardinality=4.28M cost=7353305
|  |  in pipelines: 14(GETNEXT), 21(OPEN)
|  |
|  |--F20:PLAN FRAGMENT [HASH(tpcds_partitioned_parquet_snap.store_sales_0.ss_customer_sk)] hosts=10 instances=10 (adjusted from 120)
|  |  |  Per-Instance Resources: mem-estimate=46.55MB mem-reservation=38.00MB thread-reservation=1 runtime-filters-memory=4.00MB
|  |  |  max-parallelism=10 segment-costs=[6660828] cpu-comparison-result=30 [max(30 (self) vs 20 (sum children))]
|  |  JOIN BUILD
|  |  |  join-table-id=01 plan-id=02 cohort-id=02
|  |  |  build expressions: tpcds_partitioned_parquet_snap.customer_0.c_customer_sk
|  |  |  runtime filters: RF012[bloom] <- tpcds_partitioned_parquet_snap.customer_0.c_customer_sk, RF013[min_max] <- tpcds_partitioned_parquet_snap.customer_0.c_customer_sk
|  |  |  mem-estimate=34.00MB mem-reservation=34.00MB spill-buffer=2.00MB thread-reservation=0 cost=5452991
|  |  |
|  |  44:EXCHANGE [HASH(tpcds_partitioned_parquet_snap.customer_0.c_customer_sk)]
|  |  |  mem-estimate=8.55MB mem-reservation=0B thread-reservation=0
|  |  |  tuple-ids=23,25 row-size=16B cardinality=5.45M cost=1207837
|  |  |  in pipelines: 21(GETNEXT)
|  |  |
|  |  F16:PLAN FRAGMENT [HASH(tpcds_partitioned_parquet_snap.customer_0.c_current_addr_sk)] hosts=10 instances=10
|  |  Per-Instance Resources: mem-estimate=11.05MB mem-reservation=0B thread-reservation=1
|  |  max-parallelism=10 segment-costs=[14430794]
|  |  23:HASH JOIN [INNER JOIN, PARTITIONED]
|  |  |  hash-table-id=02
|  |  |  hash predicates: tpcds_partitioned_parquet_snap.customer_0.c_current_addr_sk = tpcds_partitioned_parquet_snap.customer_address_0.ca_address_sk
|  |  |  fk/pk conjuncts: tpcds_partitioned_parquet_snap.customer_0.c_current_addr_sk = tpcds_partitioned_parquet_snap.customer_address_0.ca_address_sk
|  |  |  mem-estimate=0B mem-reservation=0B spill-buffer=512.00KB thread-reservation=0
|  |  |  tuple-ids=23,25 row-size=16B cardinality=5.45M cost=2386774
|  |  |  in pipelines: 21(GETNEXT), 22(OPEN)
|  |  |
|  |  |--F21:PLAN FRAGMENT [HASH(tpcds_partitioned_parquet_snap.customer_0.c_current_addr_sk)] hosts=10 instances=10
|  |  |  |  Per-Instance Resources: mem-estimate=12.47MB mem-reservation=10.50MB thread-reservation=1 runtime-filters-memory=2.00MB
|  |  |  |  max-parallelism=10 segment-costs=[2783706]
|  |  |  JOIN BUILD
|  |  |  |  join-table-id=02 plan-id=03 cohort-id=03
|  |  |  |  build expressions: tpcds_partitioned_parquet_snap.customer_address_0.ca_address_sk
|  |  |  |  runtime filters: RF020[bloom] <- tpcds_partitioned_parquet_snap.customer_address_0.ca_address_sk, RF021[min_max] <- tpcds_partitioned_parquet_snap.customer_address_0.ca_address_sk
|  |  |  |  mem-estimate=8.50MB mem-reservation=8.50MB spill-buffer=512.00KB thread-reservation=0 cost=2425043
|  |  |  |
|  |  |  42:EXCHANGE [HASH(tpcds_partitioned_parquet_snap.customer_address_0.ca_address_sk)]
|  |  |  |  mem-estimate=1.97MB mem-reservation=0B thread-reservation=0
|  |  |  |  tuple-ids=25 row-size=8B cardinality=2.43M cost=358663
|  |  |  |  in pipelines: 22(GETNEXT)
|  |  |  |
|  |  |  F15:PLAN FRAGMENT [RANDOM] hosts=10 instances=10
|  |  |  Per-Instance Resources: mem-estimate=16.47MB mem-reservation=128.00KB thread-reservation=1
|  |  |  max-parallelism=10 segment-costs=[4648264]
|  |  |  22:SCAN HDFS [tpcds_partitioned_parquet_snap.customer_address, RANDOM]
|  |  |     HDFS partitions=1/1 files=1 size=307.36MB
|  |  |     predicates: CAST(tpcds_partitioned_parquet_snap.customer_address_0.ca_gmt_offset AS DECIMAL(12,2)) = CAST(-7 AS DECIMAL(12,2))
|  |  |     stored statistics:
|  |  |       table: rows=15.00M size=307.36MB
|  |  |       columns: all
|  |  |     extrapolated-rows=disabled max-scan-range-rows=1.58M
|  |  |     parquet dictionary predicates: CAST(tpcds_partitioned_parquet_snap.customer_address_0.ca_gmt_offset AS DECIMAL(12,2)) = CAST(-7 AS DECIMAL(12,2))
|  |  |     mem-estimate=16.00MB mem-reservation=128.00KB thread-reservation=0
|  |  |     tuple-ids=25 row-size=8B cardinality=2.43M cost=2149500
|  |  |     in pipelines: 22(GETNEXT)
|  |  |
|  |  41:EXCHANGE [HASH(tpcds_partitioned_parquet_snap.customer_0.c_current_addr_sk)]
|  |  |  mem-estimate=10.12MB mem-reservation=0B thread-reservation=0
|  |  |  tuple-ids=23 row-size=8B cardinality=5.45M(filtered from 30.00M) cost=806497
|  |  |  in pipelines: 21(GETNEXT)
|  |  |
|  |  F14:PLAN FRAGMENT [RANDOM] hosts=10 instances=10
|  |  Per-Host Shared Resources: mem-estimate=2.00MB mem-reservation=2.00MB thread-reservation=0 runtime-filters-memory=2.00MB
|  |  Per-Instance Resources: mem-estimate=16.47MB mem-reservation=1.00MB thread-reservation=1
|  |  max-parallelism=10 segment-costs=[9074761]
|  |  21:SCAN HDFS [tpcds_partitioned_parquet_snap.customer, RANDOM]
|  |     HDFS partitions=1/1 files=1 size=1.55GB
|  |     runtime filters: RF021[min_max] -> tpcds_partitioned_parquet_snap.customer_0.c_current_addr_sk, RF020[bloom] -> tpcds_partitioned_parquet_snap.customer_0.c_current_addr_sk
|  |     stored statistics:
|  |       table: rows=30.00M size=1.55GB
|  |       columns: all
|  |     extrapolated-rows=disabled max-scan-range-rows=3.10M
|  |     mem-estimate=16.00MB mem-reservation=1.00MB thread-reservation=0
|  |     tuple-ids=23 row-size=8B cardinality=5.45M(filtered from 30.00M) cost=3456000
|  |     in pipelines: 21(GETNEXT)
|  |
|  43:EXCHANGE [HASH(tpcds_partitioned_parquet_snap.store_sales_0.ss_customer_sk)]
|  |  mem-estimate=14.56MB mem-reservation=0B thread-reservation=0
|  |  tuple-ids=15,17,19,21 row-size=62B cardinality=25.65M cost=12983128
|  |  in pipelines: 14(GETNEXT)
|  |
|  F10:PLAN FRAGMENT [RANDOM] hosts=10 instances=60 (adjusted from 120)
|  Per-Host Shared Resources: mem-estimate=7.00MB mem-reservation=7.00MB thread-reservation=0 runtime-filters-memory=7.00MB
|  Per-Instance Resources: mem-estimate=19.04MB mem-reservation=8.00MB thread-reservation=1
|  max-parallelism=60 segment-costs=[580909987]
|  20:HASH JOIN [INNER JOIN, BROADCAST]
|  |  hash-table-id=03
|  |  hash predicates: tpcds_partitioned_parquet_snap.store_sales_0.ss_sold_date_sk = tpcds_partitioned_parquet_snap.date_dim_0.d_date_sk
|  |  fk/pk conjuncts: tpcds_partitioned_parquet_snap.store_sales_0.ss_sold_date_sk = tpcds_partitioned_parquet_snap.date_dim_0.d_date_sk
|  |  mem-estimate=0B mem-reservation=0B spill-buffer=64.00KB thread-reservation=0
|  |  tuple-ids=15,17,19,21 row-size=62B cardinality=25.65M cost=17731252
|  |  in pipelines: 14(GETNEXT), 19(OPEN)
|  |
|  |--F22:PLAN FRAGMENT [RANDOM] hosts=10 instances=10
|  |  |  Per-Instance Resources: mem-estimate=12.64MB mem-reservation=12.62MB thread-reservation=1 runtime-filters-memory=1.00MB
|  |  |  max-parallelism=10 segment-costs=[248]
|  |  JOIN BUILD
|  |  |  join-table-id=03 plan-id=04 cohort-id=02
|  |  |  build expressions: tpcds_partitioned_parquet_snap.date_dim_0.d_date_sk
|  |  |  runtime filters: RF014[bloom] <- tpcds_partitioned_parquet_snap.date_dim_0.d_date_sk
|  |  |  mem-estimate=11.62MB mem-reservation=11.62MB spill-buffer=64.00KB thread-reservation=0 cost=108
|  |  |
|  |  40:EXCHANGE [BROADCAST]
|  |  |  mem-estimate=16.00KB mem-reservation=0B thread-reservation=0
|  |  |  tuple-ids=21 row-size=12B cardinality=108 cost=140
|  |  |  in pipelines: 19(GETNEXT)
|  |  |
|  |  F13:PLAN FRAGMENT [RANDOM] hosts=1 instances=1
|  |  Per-Instance Resources: mem-estimate=16.06MB mem-reservation=512.00KB thread-reservation=1
|  |  max-parallelism=1 segment-costs=[16733]
|  |  19:SCAN HDFS [tpcds_partitioned_parquet_snap.date_dim, RANDOM]
|  |     HDFS partitions=1/1 files=1 size=2.17MB
|  |     predicates: tpcds_partitioned_parquet_snap.date_dim_0.d_year = CAST(2001 AS INT), tpcds_partitioned_parquet_snap.date_dim_0.d_moy = CAST(11 AS INT)
|  |     stored statistics:
|  |       table: rows=73.05K size=2.17MB
|  |       columns: all
|  |     extrapolated-rows=disabled max-scan-range-rows=73.05K
|  |     parquet statistics predicates: tpcds_partitioned_parquet_snap.date_dim_0.d_year = CAST(2001 AS INT), tpcds_partitioned_parquet_snap.date_dim_0.d_moy = CAST(11 AS INT)
|  |     parquet dictionary predicates: tpcds_partitioned_parquet_snap.date_dim_0.d_year = CAST(2001 AS INT), tpcds_partitioned_parquet_snap.date_dim_0.d_moy = CAST(11 AS INT)
|  |     mem-estimate=16.00MB mem-reservation=512.00KB thread-reservation=0
|  |     tuple-ids=21 row-size=12B cardinality=108 cost=16728
|  |     in pipelines: 19(GETNEXT)
|  |
|  18:HASH JOIN [INNER JOIN, BROADCAST]
|  |  hash-table-id=04
|  |  hash predicates: tpcds_partitioned_parquet_snap.store_sales_0.ss_store_sk = tpcds_partitioned_parquet_snap.store_0.s_store_sk
|  |  fk/pk conjuncts: tpcds_partitioned_parquet_snap.store_sales_0.ss_store_sk = tpcds_partitioned_parquet_snap.store_0.s_store_sk
|  |  mem-estimate=0B mem-reservation=0B spill-buffer=64.00KB thread-reservation=0
|  |  tuple-ids=15,17,19 row-size=50B cardinality=51.01M(filtered from 433.12M) cost=91564934
|  |  in pipelines: 14(GETNEXT), 17(OPEN)
|  |
|  |--F23:PLAN FRAGMENT [RANDOM] hosts=10 instances=10
|  |  |  Per-Instance Resources: mem-estimate=12.64MB mem-reservation=12.62MB thread-reservation=1 runtime-filters-memory=1.00MB
|  |  |  max-parallelism=10 segment-costs=[776]
|  |  JOIN BUILD
|  |  |  join-table-id=04 plan-id=05 cohort-id=02
|  |  |  build expressions: tpcds_partitioned_parquet_snap.store_0.s_store_sk
|  |  |  runtime filters: RF016[bloom] <- tpcds_partitioned_parquet_snap.store_0.s_store_sk, RF017[min_max] <- tpcds_partitioned_parquet_snap.store_0.s_store_sk
|  |  |  mem-estimate=11.62MB mem-reservation=11.62MB spill-buffer=64.00KB thread-reservation=0 cost=336
|  |  |
|  |  39:EXCHANGE [BROADCAST]
|  |  |  mem-estimate=16.00KB mem-reservation=0B thread-reservation=0
|  |  |  tuple-ids=19 row-size=8B cardinality=336 cost=440
|  |  |  in pipelines: 17(GETNEXT)
|  |  |
|  |  F12:PLAN FRAGMENT [RANDOM] hosts=1 instances=1
|  |  Per-Instance Resources: mem-estimate=16.05MB mem-reservation=16.00KB thread-reservation=1
|  |  max-parallelism=1 segment-costs=[207]
|  |  17:SCAN HDFS [tpcds_partitioned_parquet_snap.store, RANDOM]
|  |     HDFS partitions=1/1 files=1 size=119.76KB
|  |     predicates: CAST(tpcds_partitioned_parquet_snap.store_0.s_gmt_offset AS DECIMAL(12,2)) = CAST(-7 AS DECIMAL(12,2))
|  |     stored statistics:
|  |       table: rows=1.35K size=119.76KB
|  |       columns: all
|  |     extrapolated-rows=disabled max-scan-range-rows=1.35K
|  |     parquet dictionary predicates: CAST(tpcds_partitioned_parquet_snap.store_0.s_gmt_offset AS DECIMAL(12,2)) = CAST(-7 AS DECIMAL(12,2))
|  |     mem-estimate=16.00MB mem-reservation=16.00KB thread-reservation=0
|  |     tuple-ids=19 row-size=8B cardinality=336 cost=193
|  |     in pipelines: 17(GETNEXT)
|  |
|  16:HASH JOIN [INNER JOIN, BROADCAST]
|  |  hash-table-id=05
|  |  hash predicates: tpcds_partitioned_parquet_snap.store_sales_0.ss_item_sk = tpcds_partitioned_parquet_snap.item_0.i_item_sk
|  |  fk/pk conjuncts: tpcds_partitioned_parquet_snap.store_sales_0.ss_item_sk = tpcds_partitioned_parquet_snap.item_0.i_item_sk
|  |  mem-estimate=0B mem-reservation=0B spill-buffer=128.00KB thread-reservation=0
|  |  tuple-ids=15,17 row-size=42B cardinality=51.01M(filtered from 861.52M) cost=169192303
|  |  in pipelines: 14(GETNEXT), 15(OPEN)
|  |
|  |--F24:PLAN FRAGMENT [RANDOM] hosts=10 instances=10
|  |  |  Per-Instance Resources: mem-estimate=19.10MB mem-reservation=18.25MB thread-reservation=1 runtime-filters-memory=1.00MB
|  |  |  max-parallelism=10 segment-costs=[83645]
|  |  JOIN BUILD
|  |  |  join-table-id=05 plan-id=06 cohort-id=02
|  |  |  build expressions: tpcds_partitioned_parquet_snap.item_0.i_item_sk
|  |  |  runtime filters: RF018[bloom] <- tpcds_partitioned_parquet_snap.item_0.i_item_sk, RF019[min_max] <- tpcds_partitioned_parquet_snap.item_0.i_item_sk
|  |  |  mem-estimate=17.25MB mem-reservation=17.25MB spill-buffer=128.00KB thread-reservation=0 cost=35915
|  |  |
|  |  38:EXCHANGE [BROADCAST]
|  |  |  mem-estimate=871.90KB mem-reservation=0B thread-reservation=0
|  |  |  tuple-ids=17 row-size=22B cardinality=35.91K cost=47730
|  |  |  in pipelines: 15(GETNEXT)
|  |  |
|  |  F11:PLAN FRAGMENT [RANDOM] hosts=4 instances=4
|  |  Per-Instance Resources: mem-estimate=16.10MB mem-reservation=512.00KB thread-reservation=1
|  |  max-parallelism=4 segment-costs=[64362]
|  |  15:SCAN HDFS [tpcds_partitioned_parquet_snap.item, RANDOM]
|  |     HDFS partitions=1/1 files=1 size=33.54MB
|  |     predicates: tpcds_partitioned_parquet_snap.item_0.i_category = 'Electronics'
|  |     stored statistics:
|  |       table: rows=360.00K size=33.54MB
|  |       columns: all
|  |     extrapolated-rows=disabled max-scan-range-rows=101.54K
|  |     parquet statistics predicates: tpcds_partitioned_parquet_snap.item_0.i_category = 'Electronics'
|  |     parquet dictionary predicates: tpcds_partitioned_parquet_snap.item_0.i_category = 'Electronics'
|  |     mem-estimate=16.00MB mem-reservation=512.00KB thread-reservation=0
|  |     tuple-ids=17 row-size=22B cardinality=35.91K cost=61463
|  |     in pipelines: 15(GETNEXT)
|  |
|  14:SCAN HDFS [tpcds_partitioned_parquet_snap.store_sales, RANDOM]
|     HDFS partitions=1824/1824 files=1824 size=389.90GB
|     runtime filters: RF019[min_max] -> tpcds_partitioned_parquet_snap.store_sales_0.ss_item_sk, RF013[min_max] -> tpcds_partitioned_parquet_snap.store_sales_0.ss_customer_sk, RF017[min_max] -> tpcds_partitioned_parquet_snap.store_sales_0.ss_store_sk, RF014[bloom] -> tpcds_partitioned_parquet_snap.store_sales_0.ss_sold_date_sk, RF018[bloom] -> tpcds_partitioned_parquet_snap.store_sales_0.ss_item_sk, RF012[bloom] -> tpcds_partitioned_parquet_snap.store_sales_0.ss_customer_sk, RF016[bloom] -> tpcds_partitioned_parquet_snap.store_sales_0.ss_store_sk
|     stored statistics:
|       table: rows=8.64G size=389.90GB
|       partitions: 1824/1824 rows=8.64G
|       columns: all
|     extrapolated-rows=disabled max-scan-range-rows=390.22M est-scan-range=109(filtered from 1824)
|     mem-estimate=16.00MB mem-reservation=8.00MB thread-reservation=0
|     tuple-ids=15 row-size=20B cardinality=51.01M(filtered from 8.64G) cost=147333631
|     in pipelines: 14(GETNEXT)
|
37:AGGREGATE [FINALIZE]
|  output: sum:merge(tpcds_partitioned_parquet_snap.store_sales.ss_ext_sales_price)
|  mem-estimate=16.00KB mem-reservation=0B spill-buffer=2.00MB thread-reservation=0
|  tuple-ids=14 row-size=16B cardinality=1 cost=8
|  in pipelines: 37(GETNEXT), 13(OPEN)
|
36:EXCHANGE [UNPARTITIONED]
|  mem-estimate=23.62KB mem-reservation=0B thread-reservation=0
|  tuple-ids=14 row-size=16B cardinality=120 cost=22
|  in pipelines: 13(GETNEXT)
|
F08:PLAN FRAGMENT [HASH(tpcds_partitioned_parquet_snap.store_sales.ss_customer_sk)] hosts=10 instances=10 (adjusted from 120)
Per-Instance Resources: mem-estimate=20.09MB mem-reservation=0B thread-reservation=1
max-parallelism=10 segment-costs=[32491284, 185] cpu-comparison-result=90 [max(90 (self) vs 77 (sum children))]
13:AGGREGATE
|  output: sum(tpcds_partitioned_parquet_snap.store_sales.ss_ext_sales_price)
|  mem-estimate=16.00KB mem-reservation=0B spill-buffer=2.00MB thread-reservation=0
|  tuple-ids=14 row-size=16B cardinality=120 cost=1795150
|  in pipelines: 13(GETNEXT), 03(OPEN)
|
12:HASH JOIN [INNER JOIN, PARTITIONED]
|  hash-table-id=06
|  hash predicates: tpcds_partitioned_parquet_snap.store_sales.ss_customer_sk = tpcds_partitioned_parquet_snap.customer.c_customer_sk
|  fk/pk conjuncts: none
|  mem-estimate=0B mem-reservation=0B spill-buffer=2.00MB thread-reservation=0
|  tuple-ids=4,6,8,10,12,0,2 row-size=125B cardinality=25.65M cost=11224819
|  in pipelines: 03(GETNEXT), 00(OPEN)
|
|--F25:PLAN FRAGMENT [HASH(tpcds_partitioned_parquet_snap.store_sales.ss_customer_sk)] hosts=10 instances=10 (adjusted from 120)
|  |  Per-Instance Resources: mem-estimate=46.55MB mem-reservation=38.00MB thread-reservation=1 runtime-filters-memory=4.00MB
|  |  max-parallelism=10 segment-costs=[6660828] cpu-comparison-result=30 [max(30 (self) vs 20 (sum children))]
|  JOIN BUILD
|  |  join-table-id=06 plan-id=07 cohort-id=01
|  |  build expressions: tpcds_partitioned_parquet_snap.customer.c_customer_sk
|  |  runtime filters: RF000[bloom] <- tpcds_partitioned_parquet_snap.customer.c_customer_sk, RF001[min_max] <- tpcds_partitioned_parquet_snap.customer.c_customer_sk
|  |  mem-estimate=34.00MB mem-reservation=34.00MB spill-buffer=2.00MB thread-reservation=0 cost=5452991
|  |
|  35:EXCHANGE [HASH(tpcds_partitioned_parquet_snap.customer.c_customer_sk)]
|  |  mem-estimate=8.55MB mem-reservation=0B thread-reservation=0
|  |  tuple-ids=0,2 row-size=16B cardinality=5.45M cost=1207837
|  |  in pipelines: 00(GETNEXT)
|  |
|  F07:PLAN FRAGMENT [HASH(tpcds_partitioned_parquet_snap.customer.c_current_addr_sk)] hosts=10 instances=10
|  Per-Instance Resources: mem-estimate=11.05MB mem-reservation=0B thread-reservation=1
|  max-parallelism=10 segment-costs=[14430794]
|  02:HASH JOIN [INNER JOIN, PARTITIONED]
|  |  hash-table-id=07
|  |  hash predicates: tpcds_partitioned_parquet_snap.customer.c_current_addr_sk = tpcds_partitioned_parquet_snap.customer_address.ca_address_sk
|  |  fk/pk conjuncts: tpcds_partitioned_parquet_snap.customer.c_current_addr_sk = tpcds_partitioned_parquet_snap.customer_address.ca_address_sk
|  |  mem-estimate=0B mem-reservation=0B spill-buffer=512.00KB thread-reservation=0
|  |  tuple-ids=0,2 row-size=16B cardinality=5.45M cost=2386774
|  |  in pipelines: 00(GETNEXT), 01(OPEN)
|  |
|  |--F26:PLAN FRAGMENT [HASH(tpcds_partitioned_parquet_snap.customer.c_current_addr_sk)] hosts=10 instances=10
|  |  |  Per-Instance Resources: mem-estimate=12.47MB mem-reservation=10.50MB thread-reservation=1 runtime-filters-memory=2.00MB
|  |  |  max-parallelism=10 segment-costs=[2783706]
|  |  JOIN BUILD
|  |  |  join-table-id=07 plan-id=08 cohort-id=04
|  |  |  build expressions: tpcds_partitioned_parquet_snap.customer_address.ca_address_sk
|  |  |  runtime filters: RF010[bloom] <- tpcds_partitioned_parquet_snap.customer_address.ca_address_sk, RF011[min_max] <- tpcds_partitioned_parquet_snap.customer_address.ca_address_sk
|  |  |  mem-estimate=8.50MB mem-reservation=8.50MB spill-buffer=512.00KB thread-reservation=0 cost=2425043
|  |  |
|  |  33:EXCHANGE [HASH(tpcds_partitioned_parquet_snap.customer_address.ca_address_sk)]
|  |  |  mem-estimate=1.97MB mem-reservation=0B thread-reservation=0
|  |  |  tuple-ids=2 row-size=8B cardinality=2.43M cost=358663
|  |  |  in pipelines: 01(GETNEXT)
|  |  |
|  |  F06:PLAN FRAGMENT [RANDOM] hosts=10 instances=10
|  |  Per-Instance Resources: mem-estimate=16.47MB mem-reservation=128.00KB thread-reservation=1
|  |  max-parallelism=10 segment-costs=[4648264]
|  |  01:SCAN HDFS [tpcds_partitioned_parquet_snap.customer_address, RANDOM]
|  |     HDFS partitions=1/1 files=1 size=307.36MB
|  |     predicates: CAST(tpcds_partitioned_parquet_snap.customer_address.ca_gmt_offset AS DECIMAL(12,2)) = CAST(-7 AS DECIMAL(12,2))
|  |     stored statistics:
|  |       table: rows=15.00M size=307.36MB
|  |       columns: all
|  |     extrapolated-rows=disabled max-scan-range-rows=1.58M
|  |     parquet dictionary predicates: CAST(tpcds_partitioned_parquet_snap.customer_address.ca_gmt_offset AS DECIMAL(12,2)) = CAST(-7 AS DECIMAL(12,2))
|  |     mem-estimate=16.00MB mem-reservation=128.00KB thread-reservation=0
|  |     tuple-ids=2 row-size=8B cardinality=2.43M cost=2149500
|  |     in pipelines: 01(GETNEXT)
|  |
|  32:EXCHANGE [HASH(tpcds_partitioned_parquet_snap.customer.c_current_addr_sk)]
|  |  mem-estimate=10.12MB mem-reservation=0B thread-reservation=0
|  |  tuple-ids=0 row-size=8B cardinality=5.45M(filtered from 30.00M) cost=806497
|  |  in pipelines: 00(GETNEXT)
|  |
|  F05:PLAN FRAGMENT [RANDOM] hosts=10 instances=10
|  Per-Host Shared Resources: mem-estimate=2.00MB mem-reservation=2.00MB thread-reservation=0 runtime-filters-memory=2.00MB
|  Per-Instance Resources: mem-estimate=16.47MB mem-reservation=1.00MB thread-reservation=1
|  max-parallelism=10 segment-costs=[9074761]
|  00:SCAN HDFS [tpcds_partitioned_parquet_snap.customer, RANDOM]
|     HDFS partitions=1/1 files=1 size=1.55GB
|     runtime filters: RF011[min_max] -> tpcds_partitioned_parquet_snap.customer.c_current_addr_sk, RF010[bloom] -> tpcds_partitioned_parquet_snap.customer.c_current_addr_sk
|     stored statistics:
|       table: rows=30.00M size=1.55GB
|       columns: all
|     extrapolated-rows=disabled max-scan-range-rows=3.10M
|     mem-estimate=16.00MB mem-reservation=1.00MB thread-reservation=0
|     tuple-ids=0 row-size=8B cardinality=5.45M(filtered from 30.00M) cost=3456000
|     in pipelines: 00(GETNEXT)
|
34:EXCHANGE [HASH(tpcds_partitioned_parquet_snap.store_sales.ss_customer_sk)]
|  mem-estimate=20.07MB mem-reservation=0B thread-reservation=0
|  tuple-ids=4,6,8,10,12 row-size=109B cardinality=25.65M cost=19471315
|  in pipelines: 03(GETNEXT)
|
F00:PLAN FRAGMENT [RANDOM] hosts=10 instances=80 (adjusted from 120)
Per-Host Shared Resources: mem-estimate=7.00MB mem-reservation=7.00MB thread-reservation=0 runtime-filters-memory=7.00MB
Per-Instance Resources: mem-estimate=21.04MB mem-reservation=8.00MB thread-reservation=1
max-parallelism=80 segment-costs=[712436148]
11:HASH JOIN [INNER JOIN, BROADCAST]
|  hash-table-id=08
|  hash predicates: tpcds_partitioned_parquet_snap.store_sales.ss_promo_sk = tpcds_partitioned_parquet_snap.promotion.p_promo_sk
|  fk/pk conjuncts: tpcds_partitioned_parquet_snap.store_sales.ss_promo_sk = tpcds_partitioned_parquet_snap.promotion.p_promo_sk
|  mem-estimate=0B mem-reservation=0B spill-buffer=64.00KB thread-reservation=0
|  tuple-ids=4,6,8,10,12 row-size=109B cardinality=25.65M cost=11224819
|  in pipelines: 03(GETNEXT), 10(OPEN)
|
|--F27:PLAN FRAGMENT [RANDOM] hosts=10 instances=10
|  |  Per-Instance Resources: mem-estimate=15.62MB mem-reservation=15.50MB thread-reservation=1
|  |  max-parallelism=10 segment-costs=[4190]
|  JOIN BUILD
|  |  join-table-id=08 plan-id=09 cohort-id=01
|  |  build expressions: tpcds_partitioned_parquet_snap.promotion.p_promo_sk
|  |  runtime filters: RF003[min_max] <- tpcds_partitioned_parquet_snap.promotion.p_promo_sk
|  |  mem-estimate=15.50MB mem-reservation=15.50MB spill-buffer=64.00KB thread-reservation=0 cost=1800
|  |
|  31:EXCHANGE [BROADCAST]
|  |  mem-estimate=122.59KB mem-reservation=0B thread-reservation=0
|  |  tuple-ids=12 row-size=43B cardinality=1.80K cost=2390
|  |  in pipelines: 10(GETNEXT)
|  |
|  F04:PLAN FRAGMENT [RANDOM] hosts=1 instances=1
|  Per-Instance Resources: mem-estimate=16.18MB mem-reservation=32.00KB thread-reservation=1
|  max-parallelism=1 segment-costs=[479]
|  10:SCAN HDFS [tpcds_partitioned_parquet_snap.promotion, RANDOM]
|     HDFS partitions=1/1 files=1 size=100.50KB
|     predicates: tpcds_partitioned_parquet_snap.promotion.p_channel_dmail = 'Y' OR tpcds_partitioned_parquet_snap.promotion.p_channel_email = 'Y' OR tpcds_partitioned_parquet_snap.promotion.p_channel_tv = 'Y'
|     stored statistics:
|       table: rows=1.80K size=100.50KB
|       columns: all
|     extrapolated-rows=disabled max-scan-range-rows=1.80K
|     mem-estimate=16.00MB mem-reservation=32.00KB thread-reservation=0
|     tuple-ids=12 row-size=43B cardinality=1.80K cost=232
|     in pipelines: 10(GETNEXT)
|
09:HASH JOIN [INNER JOIN, BROADCAST]
|  hash-table-id=09
|  hash predicates: tpcds_partitioned_parquet_snap.store_sales.ss_sold_date_sk = tpcds_partitioned_parquet_snap.date_dim.d_date_sk
|  fk/pk conjuncts: tpcds_partitioned_parquet_snap.store_sales.ss_sold_date_sk = tpcds_partitioned_parquet_snap.date_dim.d_date_sk
|  mem-estimate=0B mem-reservation=0B spill-buffer=64.00KB thread-reservation=0
|  tuple-ids=4,6,8,10 row-size=66B cardinality=25.65M cost=17731252
|  in pipelines: 03(GETNEXT), 08(OPEN)
|
|--F28:PLAN FRAGMENT [RANDOM] hosts=10 instances=10
|  |  Per-Instance Resources: mem-estimate=16.52MB mem-reservation=16.50MB thread-reservation=1 runtime-filters-memory=1.00MB
|  |  max-parallelism=10 segment-costs=[248]
|  JOIN BUILD
|  |  join-table-id=09 plan-id=10 cohort-id=01
|  |  build expressions: tpcds_partitioned_parquet_snap.date_dim.d_date_sk
|  |  runtime filters: RF004[bloom] <- tpcds_partitioned_parquet_snap.date_dim.d_date_sk
|  |  mem-estimate=15.50MB mem-reservation=15.50MB spill-buffer=64.00KB thread-reservation=0 cost=108
|  |
|  30:EXCHANGE [BROADCAST]
|  |  mem-estimate=16.00KB mem-reservation=0B thread-reservation=0
|  |  tuple-ids=10 row-size=12B cardinality=108 cost=140
|  |  in pipelines: 08(GETNEXT)
|  |
|  F03:PLAN FRAGMENT [RANDOM] hosts=1 instances=1
|  Per-Instance Resources: mem-estimate=16.06MB mem-reservation=512.00KB thread-reservation=1
|  max-parallelism=1 segment-costs=[16733]
|  08:SCAN HDFS [tpcds_partitioned_parquet_snap.date_dim, RANDOM]
|     HDFS partitions=1/1 files=1 size=2.17MB
|     predicates: tpcds_partitioned_parquet_snap.date_dim.d_year = CAST(2001 AS INT), tpcds_partitioned_parquet_snap.date_dim.d_moy = CAST(11 AS INT)
|     stored statistics:
|       table: rows=73.05K size=2.17MB
|       columns: all
|     extrapolated-rows=disabled max-scan-range-rows=73.05K
|     parquet statistics predicates: tpcds_partitioned_parquet_snap.date_dim.d_year = CAST(2001 AS INT), tpcds_partitioned_parquet_snap.date_dim.d_moy = CAST(11 AS INT)
|     parquet dictionary predicates: tpcds_partitioned_parquet_snap.date_dim.d_year = CAST(2001 AS INT), tpcds_partitioned_parquet_snap.date_dim.d_moy = CAST(11 AS INT)
|     mem-estimate=16.00MB mem-reservation=512.00KB thread-reservation=0
|     tuple-ids=10 row-size=12B cardinality=108 cost=16728
|     in pipelines: 08(GETNEXT)
|
07:HASH JOIN [INNER JOIN, BROADCAST]
|  hash-table-id=10
|  hash predicates: tpcds_partitioned_parquet_snap.store_sales.ss_store_sk = tpcds_partitioned_parquet_snap.store.s_store_sk
|  fk/pk conjuncts: tpcds_partitioned_parquet_snap.store_sales.ss_store_sk = tpcds_partitioned_parquet_snap.store.s_store_sk
|  mem-estimate=0B mem-reservation=0B spill-buffer=64.00KB thread-reservation=0
|  tuple-ids=4,6,8 row-size=54B cardinality=51.01M(filtered from 433.12M) cost=91564934
|  in pipelines: 03(GETNEXT), 06(OPEN)
|
|--F29:PLAN FRAGMENT [RANDOM] hosts=10 instances=10
|  |  Per-Instance Resources: mem-estimate=16.52MB mem-reservation=16.50MB thread-reservation=1 runtime-filters-memory=1.00MB
|  |  max-parallelism=10 segment-costs=[776]
|  JOIN BUILD
|  |  join-table-id=10 plan-id=11 cohort-id=01
|  |  build expressions: tpcds_partitioned_parquet_snap.store.s_store_sk
|  |  runtime filters: RF006[bloom] <- tpcds_partitioned_parquet_snap.store.s_store_sk, RF007[min_max] <- tpcds_partitioned_parquet_snap.store.s_store_sk
|  |  mem-estimate=15.50MB mem-reservation=15.50MB spill-buffer=64.00KB thread-reservation=0 cost=336
|  |
|  29:EXCHANGE [BROADCAST]
|  |  mem-estimate=16.00KB mem-reservation=0B thread-reservation=0
|  |  tuple-ids=8 row-size=8B cardinality=336 cost=440
|  |  in pipelines: 06(GETNEXT)
|  |
|  F02:PLAN FRAGMENT [RANDOM] hosts=1 instances=1
|  Per-Instance Resources: mem-estimate=16.05MB mem-reservation=16.00KB thread-reservation=1
|  max-parallelism=1 segment-costs=[207]
|  06:SCAN HDFS [tpcds_partitioned_parquet_snap.store, RANDOM]
|     HDFS partitions=1/1 files=1 size=119.76KB
|     predicates: CAST(tpcds_partitioned_parquet_snap.store.s_gmt_offset AS DECIMAL(12,2)) = CAST(-7 AS DECIMAL(12,2))
|     stored statistics:
|       table: rows=1.35K size=119.76KB
|       columns: all
|     extrapolated-rows=disabled max-scan-range-rows=1.35K
|     parquet dictionary predicates: CAST(tpcds_partitioned_parquet_snap.store.s_gmt_offset AS DECIMAL(12,2)) = CAST(-7 AS DECIMAL(12,2))
|     mem-estimate=16.00MB mem-reservation=16.00KB thread-reservation=0
|     tuple-ids=8 row-size=8B cardinality=336 cost=193
|     in pipelines: 06(GETNEXT)
|
05:HASH JOIN [INNER JOIN, BROADCAST]
|  hash-table-id=11
|  hash predicates: tpcds_partitioned_parquet_snap.store_sales.ss_item_sk = tpcds_partitioned_parquet_snap.item.i_item_sk
|  fk/pk conjuncts: tpcds_partitioned_parquet_snap.store_sales.ss_item_sk = tpcds_partitioned_parquet_snap.item.i_item_sk
|  mem-estimate=0B mem-reservation=0B spill-buffer=128.00KB thread-reservation=0
|  tuple-ids=4,6 row-size=46B cardinality=51.01M(filtered from 861.52M) cost=169192303
|  in pipelines: 03(GETNEXT), 04(OPEN)
|
|--F30:PLAN FRAGMENT [RANDOM] hosts=10 instances=10
|  |  Per-Instance Resources: mem-estimate=24.85MB mem-reservation=24.00MB thread-reservation=1 runtime-filters-memory=1.00MB
|  |  max-parallelism=10 segment-costs=[83645]
|  JOIN BUILD
|  |  join-table-id=11 plan-id=12 cohort-id=01
|  |  build expressions: tpcds_partitioned_parquet_snap.item.i_item_sk
|  |  runtime filters: RF008[bloom] <- tpcds_partitioned_parquet_snap.item.i_item_sk, RF009[min_max] <- tpcds_partitioned_parquet_snap.item.i_item_sk
|  |  mem-estimate=23.00MB mem-reservation=23.00MB spill-buffer=128.00KB thread-reservation=0 cost=35915
|  |
|  28:EXCHANGE [BROADCAST]
|  |  mem-estimate=871.90KB mem-reservation=0B thread-reservation=0
|  |  tuple-ids=6 row-size=22B cardinality=35.91K cost=47730
|  |  in pipelines: 04(GETNEXT)
|  |
|  F01:PLAN FRAGMENT [RANDOM] hosts=4 instances=4
|  Per-Instance Resources: mem-estimate=16.10MB mem-reservation=512.00KB thread-reservation=1
|  max-parallelism=4 segment-costs=[64362]
|  04:SCAN HDFS [tpcds_partitioned_parquet_snap.item, RANDOM]
|     HDFS partitions=1/1 files=1 size=33.54MB
|     predicates: tpcds_partitioned_parquet_snap.item.i_category = 'Electronics'
|     stored statistics:
|       table: rows=360.00K size=33.54MB
|       columns: all
|     extrapolated-rows=disabled max-scan-range-rows=101.54K
|     parquet statistics predicates: tpcds_partitioned_parquet_snap.item.i_category = 'Electronics'
|     parquet dictionary predicates: tpcds_partitioned_parquet_snap.item.i_category = 'Electronics'
|     mem-estimate=16.00MB mem-reservation=512.00KB thread-reservation=0
|     tuple-ids=6 row-size=22B cardinality=35.91K cost=61463
|     in pipelines: 04(GETNEXT)
|
03:SCAN HDFS [tpcds_partitioned_parquet_snap.store_sales, RANDOM]
   HDFS partitions=1824/1824 files=1824 size=389.90GB
   runtime filters: RF009[min_max] -> tpcds_partitioned_parquet_snap.store_sales.ss_item_sk, RF007[min_max] -> tpcds_partitioned_parquet_snap.store_sales.ss_store_sk, RF001[min_max] -> tpcds_partitioned_parquet_snap.store_sales.ss_customer_sk, RF003[min_max] -> tpcds_partitioned_parquet_snap.store_sales.ss_promo_sk, RF004[bloom] -> tpcds_partitioned_parquet_snap.store_sales.ss_sold_date_sk, RF008[bloom] -> tpcds_partitioned_parquet_snap.store_sales.ss_item_sk, RF006[bloom] -> tpcds_partitioned_parquet_snap.store_sales.ss_store_sk, RF000[bloom] -> tpcds_partitioned_parquet_snap.store_sales.ss_customer_sk
   stored statistics:
     table: rows=8.64G size=389.90GB
     partitions: 1824/1824 rows=8.64G
     columns: all
   extrapolated-rows=disabled max-scan-range-rows=390.22M est-scan-range=109(filtered from 1824)
   mem-estimate=16.00MB mem-reservation=8.00MB thread-reservation=0
   tuple-ids=4 row-size=24B cardinality=51.01M(filtered from 8.64G) cost=176800358
   in pipelines: 03(GETNEXT)
====
