# TPCDS-Q9
# start query 9 in stream 0 using template query9.tpl using seed 759754328
select case when (select count(*)
                  from store_sales
                  where ss_quantity between 1 and 20) > 2972190
            then (select avg(ss_ext_discount_amt)
                  from store_sales
                  where ss_quantity between 1 and 20)
            else (select avg(ss_net_profit)
                  from store_sales
                  where ss_quantity between 1 and 20) end bucket1 ,
       case when (select count(*)
                  from store_sales
                  where ss_quantity between 21 and 40) > 111711138
            then (select avg(ss_ext_discount_amt)
                  from store_sales
                  where ss_quantity between 21 and 40)
            else (select avg(ss_net_profit)
                  from store_sales
                  where ss_quantity between 21 and 40) end bucket2,
       case when (select count(*)
                  from store_sales
                  where ss_quantity between 41 and 60) > 127958920
            then (select avg(ss_ext_discount_amt)
                  from store_sales
                  where ss_quantity between 41 and 60)
            else (select avg(ss_net_profit)
                  from store_sales
                  where ss_quantity between 41 and 60) end bucket3,
       case when (select count(*)
                  from store_sales
                  where ss_quantity between 61 and 80) > 41162107
            then (select avg(ss_ext_discount_amt)
                  from store_sales
                  where ss_quantity between 61 and 80)
            else (select avg(ss_net_profit)
                  from store_sales
                  where ss_quantity between 61 and 80) end bucket4,
       case when (select count(*)
                  from store_sales
                  where ss_quantity between 81 and 100) > 25211875
            then (select avg(ss_ext_discount_amt)
                  from store_sales
                  where ss_quantity between 81 and 100)
            else (select avg(ss_net_profit)
                  from store_sales
                  where ss_quantity between 81 and 100) end bucket5
from reason
where r_reason_sk = 1


# end query 9 in stream 0 using template query9.tpl
---- PLAN
Max Per-Host Resource Reservation: Memory=100.01MB Threads=1
Per-Host Resource Estimates: Memory=256MB
F00:PLAN FRAGMENT [UNPARTITIONED] hosts=1 instances=1
|  Per-Instance Resources: mem-estimate=256.23MB mem-reservation=100.01MB thread-reservation=1
|  max-parallelism=1 segment-costs=[1043704170, 1541364438, 1541364438, 1043704170, 1541364438, 1541364438, 1043704170, 1541364438, 1541364438, 1043704170, 1541364438, 1541364438, 1043704170, 1541364438, 1541364438, 10]
PLAN-ROOT SINK
|  output exprs: CASE WHEN count() > CAST(2972190 AS BIGINT) THEN avg(tpcds_partitioned_parquet_snap.store_sales_12.ss_ext_discount_amt) ELSE avg(tpcds_partitioned_parquet_snap.store_sales_11.ss_net_profit) END, CASE WHEN count() > CAST(111711138 AS BIGINT) THEN avg(tpcds_partitioned_parquet_snap.store_sales_9.ss_ext_discount_amt) ELSE avg(tpcds_partitioned_parquet_snap.store_sales_8.ss_net_profit) END, CASE WHEN count() > CAST(127958920 AS BIGINT) THEN avg(tpcds_partitioned_parquet_snap.store_sales_6.ss_ext_discount_amt) ELSE avg(tpcds_partitioned_parquet_snap.store_sales_5.ss_net_profit) END, CASE WHEN count() > CAST(41162107 AS BIGINT) THEN avg(tpcds_partitioned_parquet_snap.store_sales_3.ss_ext_discount_amt) ELSE avg(tpcds_partitioned_parquet_snap.store_sales_2.ss_net_profit) END, CASE WHEN count() > CAST(25211875 AS BIGINT) THEN avg(tpcds_partitioned_parquet_snap.store_sales_0.ss_ext_discount_amt) ELSE avg(tpcds_partitioned_parquet_snap.store_sales.ss_net_profit) END
|  mem-estimate=4.00MB mem-reservation=4.00MB spill-buffer=2.00MB thread-reservation=0 cost=5
|
45:NESTED LOOP JOIN [LEFT OUTER JOIN]
|  mem-estimate=8B mem-reservation=0B thread-reservation=0
|  tuple-ids=54N,55,51N,47N,43N,40N,36N,32N,29N,25N,21N,18N,14N,10N,7N,3N row-size=124B cardinality=1 cost=0
|  in pipelines: 29(GETNEXT), 01(OPEN)
|
|--01:AGGREGATE [FINALIZE]
|  |  output: avg(tpcds_partitioned_parquet_snap.store_sales.ss_net_profit)
|  |  mem-estimate=16.00KB mem-reservation=0B spill-buffer=2.00MB thread-reservation=0
|  |  tuple-ids=3 row-size=8B cardinality=1 cost=60479546
|  |  in pipelines: 01(GETNEXT), 00(OPEN)
|  |
|  00:SCAN HDFS [tpcds_partitioned_parquet_snap.store_sales]
|     HDFS partitions=1824/1824 files=1824 size=389.90GB
|     predicates: tpcds_partitioned_parquet_snap.store_sales.ss_quantity <= CAST(100 AS INT), tpcds_partitioned_parquet_snap.store_sales.ss_quantity >= CAST(81 AS INT)
|     stored statistics:
|       table: rows=8.64G size=389.90GB
|       partitions: 1824/1824 rows=8.64G
|       columns: all
|     extrapolated-rows=disabled max-scan-range-rows=390.22M
|     parquet statistics predicates: tpcds_partitioned_parquet_snap.store_sales.ss_quantity <= CAST(100 AS INT), tpcds_partitioned_parquet_snap.store_sales.ss_quantity >= CAST(81 AS INT)
|     parquet dictionary predicates: tpcds_partitioned_parquet_snap.store_sales.ss_quantity <= CAST(100 AS INT), tpcds_partitioned_parquet_snap.store_sales.ss_quantity >= CAST(81 AS INT)
|     mem-estimate=16.00MB mem-reservation=8.00MB thread-reservation=0
|     tuple-ids=0 row-size=8B cardinality=863.99M cost=1480884892
|     in pipelines: 00(GETNEXT)
|
44:NESTED LOOP JOIN [LEFT OUTER JOIN]
|  mem-estimate=8B mem-reservation=0B thread-reservation=0
|  tuple-ids=54N,55,51N,47N,43N,40N,36N,32N,29N,25N,21N,18N,14N,10N,7N row-size=116B cardinality=1 cost=0
|  in pipelines: 29(GETNEXT), 03(OPEN)
|
|--03:AGGREGATE [FINALIZE]
|  |  output: avg(tpcds_partitioned_parquet_snap.store_sales_0.ss_ext_discount_amt)
|  |  mem-estimate=16.00KB mem-reservation=0B spill-buffer=2.00MB thread-reservation=0
|  |  tuple-ids=7 row-size=8B cardinality=1 cost=60479546
|  |  in pipelines: 03(GETNEXT), 02(OPEN)
|  |
|  02:SCAN HDFS [tpcds_partitioned_parquet_snap.store_sales]
|     HDFS partitions=1824/1824 files=1824 size=389.90GB
|     predicates: tpcds_partitioned_parquet_snap.store_sales_0.ss_quantity <= CAST(100 AS INT), tpcds_partitioned_parquet_snap.store_sales_0.ss_quantity >= CAST(81 AS INT)
|     stored statistics:
|       table: rows=8.64G size=389.90GB
|       partitions: 1824/1824 rows=8.64G
|       columns: all
|     extrapolated-rows=disabled max-scan-range-rows=390.22M
|     parquet statistics predicates: tpcds_partitioned_parquet_snap.store_sales_0.ss_quantity <= CAST(100 AS INT), tpcds_partitioned_parquet_snap.store_sales_0.ss_quantity >= CAST(81 AS INT)
|     parquet dictionary predicates: tpcds_partitioned_parquet_snap.store_sales_0.ss_quantity <= CAST(100 AS INT), tpcds_partitioned_parquet_snap.store_sales_0.ss_quantity >= CAST(81 AS INT)
|     mem-estimate=16.00MB mem-reservation=8.00MB thread-reservation=0
|     tuple-ids=4 row-size=8B cardinality=863.99M cost=1480884892
|     in pipelines: 02(GETNEXT)
|
43:NESTED LOOP JOIN [LEFT OUTER JOIN]
|  mem-estimate=8B mem-reservation=0B thread-reservation=0
|  tuple-ids=54N,55,51N,47N,43N,40N,36N,32N,29N,25N,21N,18N,14N,10N row-size=108B cardinality=1 cost=0
|  in pipelines: 29(GETNEXT), 05(OPEN)
|
|--05:AGGREGATE [FINALIZE]
|  |  output: count()
|  |  mem-estimate=16.00KB mem-reservation=0B spill-buffer=2.00MB thread-reservation=0
|  |  tuple-ids=10 row-size=8B cardinality=1 cost=60479546
|  |  in pipelines: 05(GETNEXT), 04(OPEN)
|  |
|  04:SCAN HDFS [tpcds_partitioned_parquet_snap.store_sales]
|     HDFS partitions=1824/1824 files=1824 size=389.90GB
|     predicates: tpcds_partitioned_parquet_snap.store_sales_1.ss_quantity <= CAST(100 AS INT), tpcds_partitioned_parquet_snap.store_sales_1.ss_quantity >= CAST(81 AS INT)
|     stored statistics:
|       table: rows=8.64G size=389.90GB
|       partitions: 1824/1824 rows=8.64G
|       columns: all
|     extrapolated-rows=disabled max-scan-range-rows=390.22M
|     parquet statistics predicates: tpcds_partitioned_parquet_snap.store_sales_1.ss_quantity <= CAST(100 AS INT), tpcds_partitioned_parquet_snap.store_sales_1.ss_quantity >= CAST(81 AS INT)
|     parquet dictionary predicates: tpcds_partitioned_parquet_snap.store_sales_1.ss_quantity <= CAST(100 AS INT), tpcds_partitioned_parquet_snap.store_sales_1.ss_quantity >= CAST(81 AS INT)
|     mem-estimate=16.00MB mem-reservation=4.00MB thread-reservation=0
|     tuple-ids=8 row-size=4B cardinality=863.99M cost=983224624
|     in pipelines: 04(GETNEXT)
|
42:NESTED LOOP JOIN [LEFT OUTER JOIN]
|  mem-estimate=8B mem-reservation=0B thread-reservation=0
|  tuple-ids=54N,55,51N,47N,43N,40N,36N,32N,29N,25N,21N,18N,14N row-size=100B cardinality=1 cost=0
|  in pipelines: 29(GETNEXT), 07(OPEN)
|
|--07:AGGREGATE [FINALIZE]
|  |  output: avg(tpcds_partitioned_parquet_snap.store_sales_2.ss_net_profit)
|  |  mem-estimate=16.00KB mem-reservation=0B spill-buffer=2.00MB thread-reservation=0
|  |  tuple-ids=14 row-size=8B cardinality=1 cost=60479546
|  |  in pipelines: 07(GETNEXT), 06(OPEN)
|  |
|  06:SCAN HDFS [tpcds_partitioned_parquet_snap.store_sales]
|     HDFS partitions=1824/1824 files=1824 size=389.90GB
|     predicates: tpcds_partitioned_parquet_snap.store_sales_2.ss_quantity <= CAST(80 AS INT), tpcds_partitioned_parquet_snap.store_sales_2.ss_quantity >= CAST(61 AS INT)
|     stored statistics:
|       table: rows=8.64G size=389.90GB
|       partitions: 1824/1824 rows=8.64G
|       columns: all
|     extrapolated-rows=disabled max-scan-range-rows=390.22M
|     parquet statistics predicates: tpcds_partitioned_parquet_snap.store_sales_2.ss_quantity <= CAST(80 AS INT), tpcds_partitioned_parquet_snap.store_sales_2.ss_quantity >= CAST(61 AS INT)
|     parquet dictionary predicates: tpcds_partitioned_parquet_snap.store_sales_2.ss_quantity <= CAST(80 AS INT), tpcds_partitioned_parquet_snap.store_sales_2.ss_quantity >= CAST(61 AS INT)
|     mem-estimate=16.00MB mem-reservation=8.00MB thread-reservation=0
|     tuple-ids=11 row-size=8B cardinality=863.99M cost=1480884892
|     in pipelines: 06(GETNEXT)
|
41:NESTED LOOP JOIN [LEFT OUTER JOIN]
|  mem-estimate=8B mem-reservation=0B thread-reservation=0
|  tuple-ids=54N,55,51N,47N,43N,40N,36N,32N,29N,25N,21N,18N row-size=92B cardinality=1 cost=0
|  in pipelines: 29(GETNEXT), 09(OPEN)
|
|--09:AGGREGATE [FINALIZE]
|  |  output: avg(tpcds_partitioned_parquet_snap.store_sales_3.ss_ext_discount_amt)
|  |  mem-estimate=16.00KB mem-reservation=0B spill-buffer=2.00MB thread-reservation=0
|  |  tuple-ids=18 row-size=8B cardinality=1 cost=60479546
|  |  in pipelines: 09(GETNEXT), 08(OPEN)
|  |
|  08:SCAN HDFS [tpcds_partitioned_parquet_snap.store_sales]
|     HDFS partitions=1824/1824 files=1824 size=389.90GB
|     predicates: tpcds_partitioned_parquet_snap.store_sales_3.ss_quantity <= CAST(80 AS INT), tpcds_partitioned_parquet_snap.store_sales_3.ss_quantity >= CAST(61 AS INT)
|     stored statistics:
|       table: rows=8.64G size=389.90GB
|       partitions: 1824/1824 rows=8.64G
|       columns: all
|     extrapolated-rows=disabled max-scan-range-rows=390.22M
|     parquet statistics predicates: tpcds_partitioned_parquet_snap.store_sales_3.ss_quantity <= CAST(80 AS INT), tpcds_partitioned_parquet_snap.store_sales_3.ss_quantity >= CAST(61 AS INT)
|     parquet dictionary predicates: tpcds_partitioned_parquet_snap.store_sales_3.ss_quantity <= CAST(80 AS INT), tpcds_partitioned_parquet_snap.store_sales_3.ss_quantity >= CAST(61 AS INT)
|     mem-estimate=16.00MB mem-reservation=8.00MB thread-reservation=0
|     tuple-ids=15 row-size=8B cardinality=863.99M cost=1480884892
|     in pipelines: 08(GETNEXT)
|
40:NESTED LOOP JOIN [LEFT OUTER JOIN]
|  mem-estimate=8B mem-reservation=0B thread-reservation=0
|  tuple-ids=54N,55,51N,47N,43N,40N,36N,32N,29N,25N,21N row-size=84B cardinality=1 cost=0
|  in pipelines: 29(GETNEXT), 11(OPEN)
|
|--11:AGGREGATE [FINALIZE]
|  |  output: count()
|  |  mem-estimate=16.00KB mem-reservation=0B spill-buffer=2.00MB thread-reservation=0
|  |  tuple-ids=21 row-size=8B cardinality=1 cost=60479546
|  |  in pipelines: 11(GETNEXT), 10(OPEN)
|  |
|  10:SCAN HDFS [tpcds_partitioned_parquet_snap.store_sales]
|     HDFS partitions=1824/1824 files=1824 size=389.90GB
|     predicates: tpcds_partitioned_parquet_snap.store_sales_4.ss_quantity <= CAST(80 AS INT), tpcds_partitioned_parquet_snap.store_sales_4.ss_quantity >= CAST(61 AS INT)
|     stored statistics:
|       table: rows=8.64G size=389.90GB
|       partitions: 1824/1824 rows=8.64G
|       columns: all
|     extrapolated-rows=disabled max-scan-range-rows=390.22M
|     parquet statistics predicates: tpcds_partitioned_parquet_snap.store_sales_4.ss_quantity <= CAST(80 AS INT), tpcds_partitioned_parquet_snap.store_sales_4.ss_quantity >= CAST(61 AS INT)
|     parquet dictionary predicates: tpcds_partitioned_parquet_snap.store_sales_4.ss_quantity <= CAST(80 AS INT), tpcds_partitioned_parquet_snap.store_sales_4.ss_quantity >= CAST(61 AS INT)
|     mem-estimate=16.00MB mem-reservation=4.00MB thread-reservation=0
|     tuple-ids=19 row-size=4B cardinality=863.99M cost=983224624
|     in pipelines: 10(GETNEXT)
|
39:NESTED LOOP JOIN [LEFT OUTER JOIN]
|  mem-estimate=8B mem-reservation=0B thread-reservation=0
|  tuple-ids=54N,55,51N,47N,43N,40N,36N,32N,29N,25N row-size=76B cardinality=1 cost=0
|  in pipelines: 29(GETNEXT), 13(OPEN)
|
|--13:AGGREGATE [FINALIZE]
|  |  output: avg(tpcds_partitioned_parquet_snap.store_sales_5.ss_net_profit)
|  |  mem-estimate=16.00KB mem-reservation=0B spill-buffer=2.00MB thread-reservation=0
|  |  tuple-ids=25 row-size=8B cardinality=1 cost=60479546
|  |  in pipelines: 13(GETNEXT), 12(OPEN)
|  |
|  12:SCAN HDFS [tpcds_partitioned_parquet_snap.store_sales]
|     HDFS partitions=1824/1824 files=1824 size=389.90GB
|     predicates: tpcds_partitioned_parquet_snap.store_sales_5.ss_quantity <= CAST(60 AS INT), tpcds_partitioned_parquet_snap.store_sales_5.ss_quantity >= CAST(41 AS INT)
|     stored statistics:
|       table: rows=8.64G size=389.90GB
|       partitions: 1824/1824 rows=8.64G
|       columns: all
|     extrapolated-rows=disabled max-scan-range-rows=390.22M
|     parquet statistics predicates: tpcds_partitioned_parquet_snap.store_sales_5.ss_quantity <= CAST(60 AS INT), tpcds_partitioned_parquet_snap.store_sales_5.ss_quantity >= CAST(41 AS INT)
|     parquet dictionary predicates: tpcds_partitioned_parquet_snap.store_sales_5.ss_quantity <= CAST(60 AS INT), tpcds_partitioned_parquet_snap.store_sales_5.ss_quantity >= CAST(41 AS INT)
|     mem-estimate=16.00MB mem-reservation=8.00MB thread-reservation=0
|     tuple-ids=22 row-size=8B cardinality=863.99M cost=1480884892
|     in pipelines: 12(GETNEXT)
|
38:NESTED LOOP JOIN [LEFT OUTER JOIN]
|  mem-estimate=8B mem-reservation=0B thread-reservation=0
|  tuple-ids=54N,55,51N,47N,43N,40N,36N,32N,29N row-size=68B cardinality=1 cost=0
|  in pipelines: 29(GETNEXT), 15(OPEN)
|
|--15:AGGREGATE [FINALIZE]
|  |  output: avg(tpcds_partitioned_parquet_snap.store_sales_6.ss_ext_discount_amt)
|  |  mem-estimate=16.00KB mem-reservation=0B spill-buffer=2.00MB thread-reservation=0
|  |  tuple-ids=29 row-size=8B cardinality=1 cost=60479546
|  |  in pipelines: 15(GETNEXT), 14(OPEN)
|  |
|  14:SCAN HDFS [tpcds_partitioned_parquet_snap.store_sales]
|     HDFS partitions=1824/1824 files=1824 size=389.90GB
|     predicates: tpcds_partitioned_parquet_snap.store_sales_6.ss_quantity <= CAST(60 AS INT), tpcds_partitioned_parquet_snap.store_sales_6.ss_quantity >= CAST(41 AS INT)
|     stored statistics:
|       table: rows=8.64G size=389.90GB
|       partitions: 1824/1824 rows=8.64G
|       columns: all
|     extrapolated-rows=disabled max-scan-range-rows=390.22M
|     parquet statistics predicates: tpcds_partitioned_parquet_snap.store_sales_6.ss_quantity <= CAST(60 AS INT), tpcds_partitioned_parquet_snap.store_sales_6.ss_quantity >= CAST(41 AS INT)
|     parquet dictionary predicates: tpcds_partitioned_parquet_snap.store_sales_6.ss_quantity <= CAST(60 AS INT), tpcds_partitioned_parquet_snap.store_sales_6.ss_quantity >= CAST(41 AS INT)
|     mem-estimate=16.00MB mem-reservation=8.00MB thread-reservation=0
|     tuple-ids=26 row-size=8B cardinality=863.99M cost=1480884892
|     in pipelines: 14(GETNEXT)
|
37:NESTED LOOP JOIN [LEFT OUTER JOIN]
|  mem-estimate=8B mem-reservation=0B thread-reservation=0
|  tuple-ids=54N,55,51N,47N,43N,40N,36N,32N row-size=60B cardinality=1 cost=0
|  in pipelines: 29(GETNEXT), 17(OPEN)
|
|--17:AGGREGATE [FINALIZE]
|  |  output: count()
|  |  mem-estimate=16.00KB mem-reservation=0B spill-buffer=2.00MB thread-reservation=0
|  |  tuple-ids=32 row-size=8B cardinality=1 cost=60479546
|  |  in pipelines: 17(GETNEXT), 16(OPEN)
|  |
|  16:SCAN HDFS [tpcds_partitioned_parquet_snap.store_sales]
|     HDFS partitions=1824/1824 files=1824 size=389.90GB
|     predicates: tpcds_partitioned_parquet_snap.store_sales_7.ss_quantity <= CAST(60 AS INT), tpcds_partitioned_parquet_snap.store_sales_7.ss_quantity >= CAST(41 AS INT)
|     stored statistics:
|       table: rows=8.64G size=389.90GB
|       partitions: 1824/1824 rows=8.64G
|       columns: all
|     extrapolated-rows=disabled max-scan-range-rows=390.22M
|     parquet statistics predicates: tpcds_partitioned_parquet_snap.store_sales_7.ss_quantity <= CAST(60 AS INT), tpcds_partitioned_parquet_snap.store_sales_7.ss_quantity >= CAST(41 AS INT)
|     parquet dictionary predicates: tpcds_partitioned_parquet_snap.store_sales_7.ss_quantity <= CAST(60 AS INT), tpcds_partitioned_parquet_snap.store_sales_7.ss_quantity >= CAST(41 AS INT)
|     mem-estimate=16.00MB mem-reservation=4.00MB thread-reservation=0
|     tuple-ids=30 row-size=4B cardinality=863.99M cost=983224624
|     in pipelines: 16(GETNEXT)
|
36:NESTED LOOP JOIN [LEFT OUTER JOIN]
|  mem-estimate=8B mem-reservation=0B thread-reservation=0
|  tuple-ids=54N,55,51N,47N,43N,40N,36N row-size=52B cardinality=1 cost=0
|  in pipelines: 29(GETNEXT), 19(OPEN)
|
|--19:AGGREGATE [FINALIZE]
|  |  output: avg(tpcds_partitioned_parquet_snap.store_sales_8.ss_net_profit)
|  |  mem-estimate=16.00KB mem-reservation=0B spill-buffer=2.00MB thread-reservation=0
|  |  tuple-ids=36 row-size=8B cardinality=1 cost=60479546
|  |  in pipelines: 19(GETNEXT), 18(OPEN)
|  |
|  18:SCAN HDFS [tpcds_partitioned_parquet_snap.store_sales]
|     HDFS partitions=1824/1824 files=1824 size=389.90GB
|     predicates: tpcds_partitioned_parquet_snap.store_sales_8.ss_quantity <= CAST(40 AS INT), tpcds_partitioned_parquet_snap.store_sales_8.ss_quantity >= CAST(21 AS INT)
|     stored statistics:
|       table: rows=8.64G size=389.90GB
|       partitions: 1824/1824 rows=8.64G
|       columns: all
|     extrapolated-rows=disabled max-scan-range-rows=390.22M
|     parquet statistics predicates: tpcds_partitioned_parquet_snap.store_sales_8.ss_quantity <= CAST(40 AS INT), tpcds_partitioned_parquet_snap.store_sales_8.ss_quantity >= CAST(21 AS INT)
|     parquet dictionary predicates: tpcds_partitioned_parquet_snap.store_sales_8.ss_quantity <= CAST(40 AS INT), tpcds_partitioned_parquet_snap.store_sales_8.ss_quantity >= CAST(21 AS INT)
|     mem-estimate=16.00MB mem-reservation=8.00MB thread-reservation=0
|     tuple-ids=33 row-size=8B cardinality=863.99M cost=1480884892
|     in pipelines: 18(GETNEXT)
|
35:NESTED LOOP JOIN [LEFT OUTER JOIN]
|  mem-estimate=8B mem-reservation=0B thread-reservation=0
|  tuple-ids=54N,55,51N,47N,43N,40N row-size=44B cardinality=1 cost=0
|  in pipelines: 29(GETNEXT), 21(OPEN)
|
|--21:AGGREGATE [FINALIZE]
|  |  output: avg(tpcds_partitioned_parquet_snap.store_sales_9.ss_ext_discount_amt)
|  |  mem-estimate=16.00KB mem-reservation=0B spill-buffer=2.00MB thread-reservation=0
|  |  tuple-ids=40 row-size=8B cardinality=1 cost=60479546
|  |  in pipelines: 21(GETNEXT), 20(OPEN)
|  |
|  20:SCAN HDFS [tpcds_partitioned_parquet_snap.store_sales]
|     HDFS partitions=1824/1824 files=1824 size=389.90GB
|     predicates: tpcds_partitioned_parquet_snap.store_sales_9.ss_quantity <= CAST(40 AS INT), tpcds_partitioned_parquet_snap.store_sales_9.ss_quantity >= CAST(21 AS INT)
|     stored statistics:
|       table: rows=8.64G size=389.90GB
|       partitions: 1824/1824 rows=8.64G
|       columns: all
|     extrapolated-rows=disabled max-scan-range-rows=390.22M
|     parquet statistics predicates: tpcds_partitioned_parquet_snap.store_sales_9.ss_quantity <= CAST(40 AS INT), tpcds_partitioned_parquet_snap.store_sales_9.ss_quantity >= CAST(21 AS INT)
|     parquet dictionary predicates: tpcds_partitioned_parquet_snap.store_sales_9.ss_quantity <= CAST(40 AS INT), tpcds_partitioned_parquet_snap.store_sales_9.ss_quantity >= CAST(21 AS INT)
|     mem-estimate=16.00MB mem-reservation=8.00MB thread-reservation=0
|     tuple-ids=37 row-size=8B cardinality=863.99M cost=1480884892
|     in pipelines: 20(GETNEXT)
|
34:NESTED LOOP JOIN [LEFT OUTER JOIN]
|  mem-estimate=8B mem-reservation=0B thread-reservation=0
|  tuple-ids=54N,55,51N,47N,43N row-size=36B cardinality=1 cost=0
|  in pipelines: 29(GETNEXT), 23(OPEN)
|
|--23:AGGREGATE [FINALIZE]
|  |  output: count()
|  |  mem-estimate=16.00KB mem-reservation=0B spill-buffer=2.00MB thread-reservation=0
|  |  tuple-ids=43 row-size=8B cardinality=1 cost=60479546
|  |  in pipelines: 23(GETNEXT), 22(OPEN)
|  |
|  22:SCAN HDFS [tpcds_partitioned_parquet_snap.store_sales]
|     HDFS partitions=1824/1824 files=1824 size=389.90GB
|     predicates: tpcds_partitioned_parquet_snap.store_sales_10.ss_quantity <= CAST(40 AS INT), tpcds_partitioned_parquet_snap.store_sales_10.ss_quantity >= CAST(21 AS INT)
|     stored statistics:
|       table: rows=8.64G size=389.90GB
|       partitions: 1824/1824 rows=8.64G
|       columns: all
|     extrapolated-rows=disabled max-scan-range-rows=390.22M
|     parquet statistics predicates: tpcds_partitioned_parquet_snap.store_sales_10.ss_quantity <= CAST(40 AS INT), tpcds_partitioned_parquet_snap.store_sales_10.ss_quantity >= CAST(21 AS INT)
|     parquet dictionary predicates: tpcds_partitioned_parquet_snap.store_sales_10.ss_quantity <= CAST(40 AS INT), tpcds_partitioned_parquet_snap.store_sales_10.ss_quantity >= CAST(21 AS INT)
|     mem-estimate=16.00MB mem-reservation=4.00MB thread-reservation=0
|     tuple-ids=41 row-size=4B cardinality=863.99M cost=983224624
|     in pipelines: 22(GETNEXT)
|
33:NESTED LOOP JOIN [LEFT OUTER JOIN]
|  mem-estimate=8B mem-reservation=0B thread-reservation=0
|  tuple-ids=54N,55,51N,47N row-size=28B cardinality=1 cost=0
|  in pipelines: 29(GETNEXT), 25(OPEN)
|
|--25:AGGREGATE [FINALIZE]
|  |  output: avg(tpcds_partitioned_parquet_snap.store_sales_11.ss_net_profit)
|  |  mem-estimate=16.00KB mem-reservation=0B spill-buffer=2.00MB thread-reservation=0
|  |  tuple-ids=47 row-size=8B cardinality=1 cost=60479546
|  |  in pipelines: 25(GETNEXT), 24(OPEN)
|  |
|  24:SCAN HDFS [tpcds_partitioned_parquet_snap.store_sales]
|     HDFS partitions=1824/1824 files=1824 size=389.90GB
|     predicates: tpcds_partitioned_parquet_snap.store_sales_11.ss_quantity <= CAST(20 AS INT), tpcds_partitioned_parquet_snap.store_sales_11.ss_quantity >= CAST(1 AS INT)
|     stored statistics:
|       table: rows=8.64G size=389.90GB
|       partitions: 1824/1824 rows=8.64G
|       columns: all
|     extrapolated-rows=disabled max-scan-range-rows=390.22M
|     parquet statistics predicates: tpcds_partitioned_parquet_snap.store_sales_11.ss_quantity <= CAST(20 AS INT), tpcds_partitioned_parquet_snap.store_sales_11.ss_quantity >= CAST(1 AS INT)
|     parquet dictionary predicates: tpcds_partitioned_parquet_snap.store_sales_11.ss_quantity <= CAST(20 AS INT), tpcds_partitioned_parquet_snap.store_sales_11.ss_quantity >= CAST(1 AS INT)
|     mem-estimate=16.00MB mem-reservation=8.00MB thread-reservation=0
|     tuple-ids=44 row-size=8B cardinality=863.99M cost=1480884892
|     in pipelines: 24(GETNEXT)
|
32:NESTED LOOP JOIN [LEFT OUTER JOIN]
|  mem-estimate=8B mem-reservation=0B thread-reservation=0
|  tuple-ids=54N,55,51N row-size=20B cardinality=1 cost=0
|  in pipelines: 29(GETNEXT), 27(OPEN)
|
|--27:AGGREGATE [FINALIZE]
|  |  output: avg(tpcds_partitioned_parquet_snap.store_sales_12.ss_ext_discount_amt)
|  |  mem-estimate=16.00KB mem-reservation=0B spill-buffer=2.00MB thread-reservation=0
|  |  tuple-ids=51 row-size=8B cardinality=1 cost=60479546
|  |  in pipelines: 27(GETNEXT), 26(OPEN)
|  |
|  26:SCAN HDFS [tpcds_partitioned_parquet_snap.store_sales]
|     HDFS partitions=1824/1824 files=1824 size=389.90GB
|     predicates: tpcds_partitioned_parquet_snap.store_sales_12.ss_quantity <= CAST(20 AS INT), tpcds_partitioned_parquet_snap.store_sales_12.ss_quantity >= CAST(1 AS INT)
|     stored statistics:
|       table: rows=8.64G size=389.90GB
|       partitions: 1824/1824 rows=8.64G
|       columns: all
|     extrapolated-rows=disabled max-scan-range-rows=390.22M
|     parquet statistics predicates: tpcds_partitioned_parquet_snap.store_sales_12.ss_quantity <= CAST(20 AS INT), tpcds_partitioned_parquet_snap.store_sales_12.ss_quantity >= CAST(1 AS INT)
|     parquet dictionary predicates: tpcds_partitioned_parquet_snap.store_sales_12.ss_quantity <= CAST(20 AS INT), tpcds_partitioned_parquet_snap.store_sales_12.ss_quantity >= CAST(1 AS INT)
|     mem-estimate=16.00MB mem-reservation=8.00MB thread-reservation=0
|     tuple-ids=48 row-size=8B cardinality=863.99M cost=1480884892
|     in pipelines: 26(GETNEXT)
|
31:NESTED LOOP JOIN [RIGHT OUTER JOIN]
|  mem-estimate=4B mem-reservation=0B thread-reservation=0
|  tuple-ids=54N,55 row-size=12B cardinality=1 cost=0
|  in pipelines: 29(GETNEXT), 30(OPEN)
|
|--30:SCAN HDFS [tpcds_partitioned_parquet_snap.reason]
|     HDFS partitions=1/1 files=1 size=2.49KB
|     predicates: tpcds_partitioned_parquet_snap.reason.r_reason_sk = CAST(1 AS INT)
|     stored statistics:
|       table: rows=67 size=2.49KB
|       columns: all
|     extrapolated-rows=disabled max-scan-range-rows=67
|     parquet statistics predicates: tpcds_partitioned_parquet_snap.reason.r_reason_sk = CAST(1 AS INT)
|     parquet dictionary predicates: tpcds_partitioned_parquet_snap.reason.r_reason_sk = CAST(1 AS INT)
|     mem-estimate=16.00MB mem-reservation=8.00KB thread-reservation=0
|     tuple-ids=55 row-size=4B cardinality=1 cost=5
|     in pipelines: 30(GETNEXT)
|
29:AGGREGATE [FINALIZE]
|  output: count()
|  mem-estimate=16.00KB mem-reservation=0B spill-buffer=2.00MB thread-reservation=0
|  tuple-ids=54 row-size=8B cardinality=1 cost=60479546
|  in pipelines: 29(GETNEXT), 28(OPEN)
|
28:SCAN HDFS [tpcds_partitioned_parquet_snap.store_sales]
   HDFS partitions=1824/1824 files=1824 size=389.90GB
   predicates: tpcds_partitioned_parquet_snap.store_sales_13.ss_quantity <= CAST(20 AS INT), tpcds_partitioned_parquet_snap.store_sales_13.ss_quantity >= CAST(1 AS INT)
   stored statistics:
     table: rows=8.64G size=389.90GB
     partitions: 1824/1824 rows=8.64G
     columns: all
   extrapolated-rows=disabled max-scan-range-rows=390.22M
   parquet statistics predicates: tpcds_partitioned_parquet_snap.store_sales_13.ss_quantity <= CAST(20 AS INT), tpcds_partitioned_parquet_snap.store_sales_13.ss_quantity >= CAST(1 AS INT)
   parquet dictionary predicates: tpcds_partitioned_parquet_snap.store_sales_13.ss_quantity <= CAST(20 AS INT), tpcds_partitioned_parquet_snap.store_sales_13.ss_quantity >= CAST(1 AS INT)
   mem-estimate=16.00MB mem-reservation=4.00MB thread-reservation=0
   tuple-ids=52 row-size=4B cardinality=863.99M cost=983224624
   in pipelines: 28(GETNEXT)
---- DISTRIBUTEDPLAN
Max Per-Host Resource Reservation: Memory=1.16GB Threads=207
Per-Host Resource Estimates: Memory=2.76GB
F31:PLAN FRAGMENT [UNPARTITIONED] hosts=1 instances=1
|  Per-Instance Resources: mem-estimate=4.02MB mem-reservation=4.00MB thread-reservation=1
|  max-parallelism=1 segment-costs=[6] cpu-comparison-result=1750 [max(2 (self) vs 1750 (sum children))]
PLAN-ROOT SINK
|  output exprs: CASE WHEN count() > CAST(2972190 AS BIGINT) THEN avg(tpcds_partitioned_parquet_snap.store_sales_12.ss_ext_discount_amt) ELSE avg(tpcds_partitioned_parquet_snap.store_sales_11.ss_net_profit) END, CASE WHEN count() > CAST(111711138 AS BIGINT) THEN avg(tpcds_partitioned_parquet_snap.store_sales_9.ss_ext_discount_amt) ELSE avg(tpcds_partitioned_parquet_snap.store_sales_8.ss_net_profit) END, CASE WHEN count() > CAST(127958920 AS BIGINT) THEN avg(tpcds_partitioned_parquet_snap.store_sales_6.ss_ext_discount_amt) ELSE avg(tpcds_partitioned_parquet_snap.store_sales_5.ss_net_profit) END, CASE WHEN count() > CAST(41162107 AS BIGINT) THEN avg(tpcds_partitioned_parquet_snap.store_sales_3.ss_ext_discount_amt) ELSE avg(tpcds_partitioned_parquet_snap.store_sales_2.ss_net_profit) END, CASE WHEN count() > CAST(25211875 AS BIGINT) THEN avg(tpcds_partitioned_parquet_snap.store_sales_0.ss_ext_discount_amt) ELSE avg(tpcds_partitioned_parquet_snap.store_sales.ss_net_profit) END
|  mem-estimate=4.00MB mem-reservation=4.00MB spill-buffer=2.00MB thread-reservation=0 cost=5
|
91:EXCHANGE [UNPARTITIONED]
|  mem-estimate=16.00KB mem-reservation=0B thread-reservation=0
|  tuple-ids=55,54N,51N,47N,43N,40N,36N,32N,29N,25N,21N,18N,14N,10N,7N,3N row-size=124B cardinality=1 cost=1
|  in pipelines: 30(GETNEXT)
|
F00:PLAN FRAGMENT [RANDOM] hosts=1 instances=1
Per-Instance Resources: mem-estimate=16.73MB mem-reservation=8.00KB thread-reservation=1
max-parallelism=1 segment-costs=[21]
45:NESTED LOOP JOIN [LEFT OUTER JOIN, BROADCAST]
|  join table id: 00
|  mem-estimate=0B mem-reservation=0B thread-reservation=0
|  tuple-ids=55,54N,51N,47N,43N,40N,36N,32N,29N,25N,21N,18N,14N,10N,7N,3N row-size=124B cardinality=1 cost=0
|  in pipelines: 30(GETNEXT), 89(OPEN)
|
|--F32:PLAN FRAGMENT [RANDOM] hosts=1 instances=1
|  |  Per-Instance Resources: mem-estimate=16.01KB mem-reservation=0B thread-reservation=1
|  |  max-parallelism=1 segment-costs=[0] cpu-comparison-result=120 [max(1 (self) vs 120 (sum children))]
|  JOIN BUILD
|  |  join-table-id=00 plan-id=01 cohort-id=01
|  |  mem-estimate=8B mem-reservation=0B thread-reservation=0 cost=0
|  |
|  90:EXCHANGE [BROADCAST]
|  |  mem-estimate=16.00KB mem-reservation=0B thread-reservation=0
|  |  tuple-ids=3 row-size=8B cardinality=1 cost=0
|  |  in pipelines: 89(GETNEXT)
|  |
|  F30:PLAN FRAGMENT [UNPARTITIONED] hosts=1 instances=1
|  Per-Instance Resources: mem-estimate=184.84KB mem-reservation=0B thread-reservation=1
|  max-parallelism=1 segment-costs=[25, 0] cpu-comparison-result=120 [max(1 (self) vs 120 (sum children))]
|  89:AGGREGATE [FINALIZE]
|  |  output: avg:merge(tpcds_partitioned_parquet_snap.store_sales.ss_net_profit)
|  |  mem-estimate=16.00KB mem-reservation=0B spill-buffer=2.00MB thread-reservation=0
|  |  tuple-ids=3 row-size=8B cardinality=1 cost=8
|  |  in pipelines: 89(GETNEXT), 01(OPEN)
|  |
|  88:EXCHANGE [UNPARTITIONED]
|  |  mem-estimate=168.84KB mem-reservation=0B thread-reservation=0
|  |  tuple-ids=2 row-size=8B cardinality=120 cost=17
|  |  in pipelines: 01(GETNEXT)
|  |
|  F29:PLAN FRAGMENT [RANDOM] hosts=10 instances=120
|  Per-Instance Resources: mem-estimate=16.02MB mem-reservation=8.00MB thread-reservation=1
|  max-parallelism=160 segment-costs=[1541364438, 123]
|  01:AGGREGATE
|  |  output: avg(tpcds_partitioned_parquet_snap.store_sales.ss_net_profit)
|  |  mem-estimate=16.00KB mem-reservation=0B spill-buffer=2.00MB thread-reservation=0
|  |  tuple-ids=2 row-size=8B cardinality=120 cost=60479546
|  |  in pipelines: 01(GETNEXT), 00(OPEN)
|  |
|  00:SCAN HDFS [tpcds_partitioned_parquet_snap.store_sales, RANDOM]
|     HDFS partitions=1824/1824 files=1824 size=389.90GB
|     predicates: tpcds_partitioned_parquet_snap.store_sales.ss_quantity <= CAST(100 AS INT), tpcds_partitioned_parquet_snap.store_sales.ss_quantity >= CAST(81 AS INT)
|     stored statistics:
|       table: rows=8.64G size=389.90GB
|       partitions: 1824/1824 rows=8.64G
|       columns: all
|     extrapolated-rows=disabled max-scan-range-rows=390.22M
|     parquet statistics predicates: tpcds_partitioned_parquet_snap.store_sales.ss_quantity <= CAST(100 AS INT), tpcds_partitioned_parquet_snap.store_sales.ss_quantity >= CAST(81 AS INT)
|     parquet dictionary predicates: tpcds_partitioned_parquet_snap.store_sales.ss_quantity <= CAST(100 AS INT), tpcds_partitioned_parquet_snap.store_sales.ss_quantity >= CAST(81 AS INT)
|     mem-estimate=16.00MB mem-reservation=8.00MB thread-reservation=0
|     tuple-ids=0 row-size=8B cardinality=863.99M cost=1480884892
|     in pipelines: 00(GETNEXT)
|
44:NESTED LOOP JOIN [LEFT OUTER JOIN, BROADCAST]
|  join table id: 01
|  mem-estimate=0B mem-reservation=0B thread-reservation=0
|  tuple-ids=55,54N,51N,47N,43N,40N,36N,32N,29N,25N,21N,18N,14N,10N,7N row-size=116B cardinality=1 cost=0
|  in pipelines: 30(GETNEXT), 86(OPEN)
|
|--F33:PLAN FRAGMENT [RANDOM] hosts=1 instances=1
|  |  Per-Instance Resources: mem-estimate=16.01KB mem-reservation=0B thread-reservation=1
|  |  max-parallelism=1 segment-costs=[0] cpu-comparison-result=120 [max(1 (self) vs 120 (sum children))]
|  JOIN BUILD
|  |  join-table-id=01 plan-id=02 cohort-id=01
|  |  mem-estimate=8B mem-reservation=0B thread-reservation=0 cost=0
|  |
|  87:EXCHANGE [BROADCAST]
|  |  mem-estimate=16.00KB mem-reservation=0B thread-reservation=0
|  |  tuple-ids=7 row-size=8B cardinality=1 cost=0
|  |  in pipelines: 86(GETNEXT)
|  |
|  F28:PLAN FRAGMENT [UNPARTITIONED] hosts=1 instances=1
|  Per-Instance Resources: mem-estimate=184.84KB mem-reservation=0B thread-reservation=1
|  max-parallelism=1 segment-costs=[25, 0] cpu-comparison-result=120 [max(1 (self) vs 120 (sum children))]
|  86:AGGREGATE [FINALIZE]
|  |  output: avg:merge(tpcds_partitioned_parquet_snap.store_sales_0.ss_ext_discount_amt)
|  |  mem-estimate=16.00KB mem-reservation=0B spill-buffer=2.00MB thread-reservation=0
|  |  tuple-ids=7 row-size=8B cardinality=1 cost=8
|  |  in pipelines: 86(GETNEXT), 03(OPEN)
|  |
|  85:EXCHANGE [UNPARTITIONED]
|  |  mem-estimate=168.84KB mem-reservation=0B thread-reservation=0
|  |  tuple-ids=6 row-size=8B cardinality=120 cost=17
|  |  in pipelines: 03(GETNEXT)
|  |
|  F27:PLAN FRAGMENT [RANDOM] hosts=10 instances=120
|  Per-Instance Resources: mem-estimate=16.02MB mem-reservation=8.00MB thread-reservation=1
|  max-parallelism=160 segment-costs=[1541364438, 123]
|  03:AGGREGATE
|  |  output: avg(tpcds_partitioned_parquet_snap.store_sales_0.ss_ext_discount_amt)
|  |  mem-estimate=16.00KB mem-reservation=0B spill-buffer=2.00MB thread-reservation=0
|  |  tuple-ids=6 row-size=8B cardinality=120 cost=60479546
|  |  in pipelines: 03(GETNEXT), 02(OPEN)
|  |
|  02:SCAN HDFS [tpcds_partitioned_parquet_snap.store_sales, RANDOM]
|     HDFS partitions=1824/1824 files=1824 size=389.90GB
|     predicates: tpcds_partitioned_parquet_snap.store_sales_0.ss_quantity <= CAST(100 AS INT), tpcds_partitioned_parquet_snap.store_sales_0.ss_quantity >= CAST(81 AS INT)
|     stored statistics:
|       table: rows=8.64G size=389.90GB
|       partitions: 1824/1824 rows=8.64G
|       columns: all
|     extrapolated-rows=disabled max-scan-range-rows=390.22M
|     parquet statistics predicates: tpcds_partitioned_parquet_snap.store_sales_0.ss_quantity <= CAST(100 AS INT), tpcds_partitioned_parquet_snap.store_sales_0.ss_quantity >= CAST(81 AS INT)
|     parquet dictionary predicates: tpcds_partitioned_parquet_snap.store_sales_0.ss_quantity <= CAST(100 AS INT), tpcds_partitioned_parquet_snap.store_sales_0.ss_quantity >= CAST(81 AS INT)
|     mem-estimate=16.00MB mem-reservation=8.00MB thread-reservation=0
|     tuple-ids=4 row-size=8B cardinality=863.99M cost=1480884892
|     in pipelines: 02(GETNEXT)
|
43:NESTED LOOP JOIN [LEFT OUTER JOIN, BROADCAST]
|  join table id: 02
|  mem-estimate=0B mem-reservation=0B thread-reservation=0
|  tuple-ids=55,54N,51N,47N,43N,40N,36N,32N,29N,25N,21N,18N,14N,10N row-size=108B cardinality=1 cost=0
|  in pipelines: 30(GETNEXT), 83(OPEN)
|
|--F34:PLAN FRAGMENT [RANDOM] hosts=1 instances=1
|  |  Per-Instance Resources: mem-estimate=16.01KB mem-reservation=0B thread-reservation=1
|  |  max-parallelism=1 segment-costs=[0] cpu-comparison-result=110 [max(1 (self) vs 110 (sum children))]
|  JOIN BUILD
|  |  join-table-id=02 plan-id=03 cohort-id=01
|  |  mem-estimate=8B mem-reservation=0B thread-reservation=0 cost=0
|  |
|  84:EXCHANGE [BROADCAST]
|  |  mem-estimate=16.00KB mem-reservation=0B thread-reservation=0
|  |  tuple-ids=10 row-size=8B cardinality=1 cost=0
|  |  in pipelines: 83(GETNEXT)
|  |
|  F26:PLAN FRAGMENT [UNPARTITIONED] hosts=1 instances=1
|  Per-Instance Resources: mem-estimate=170.78KB mem-reservation=0B thread-reservation=1
|  max-parallelism=1 segment-costs=[25, 0] cpu-comparison-result=110 [max(1 (self) vs 110 (sum children))]
|  83:AGGREGATE [FINALIZE]
|  |  output: count:merge()
|  |  mem-estimate=16.00KB mem-reservation=0B spill-buffer=2.00MB thread-reservation=0
|  |  tuple-ids=10 row-size=8B cardinality=1 cost=8
|  |  in pipelines: 83(GETNEXT), 05(OPEN)
|  |
|  82:EXCHANGE [UNPARTITIONED]
|  |  mem-estimate=154.78KB mem-reservation=0B thread-reservation=0
|  |  tuple-ids=10 row-size=8B cardinality=120 cost=17
|  |  in pipelines: 05(GETNEXT)
|  |
|  F25:PLAN FRAGMENT [RANDOM] hosts=10 instances=110 (adjusted from 120)
|  Per-Instance Resources: mem-estimate=16.02MB mem-reservation=4.00MB thread-reservation=1
|  max-parallelism=110 segment-costs=[1043704170, 123]
|  05:AGGREGATE
|  |  output: count()
|  |  mem-estimate=16.00KB mem-reservation=0B spill-buffer=2.00MB thread-reservation=0
|  |  tuple-ids=10 row-size=8B cardinality=120 cost=60479546
|  |  in pipelines: 05(GETNEXT), 04(OPEN)
|  |
|  04:SCAN HDFS [tpcds_partitioned_parquet_snap.store_sales, RANDOM]
|     HDFS partitions=1824/1824 files=1824 size=389.90GB
|     predicates: tpcds_partitioned_parquet_snap.store_sales_1.ss_quantity <= CAST(100 AS INT), tpcds_partitioned_parquet_snap.store_sales_1.ss_quantity >= CAST(81 AS INT)
|     stored statistics:
|       table: rows=8.64G size=389.90GB
|       partitions: 1824/1824 rows=8.64G
|       columns: all
|     extrapolated-rows=disabled max-scan-range-rows=390.22M
|     parquet statistics predicates: tpcds_partitioned_parquet_snap.store_sales_1.ss_quantity <= CAST(100 AS INT), tpcds_partitioned_parquet_snap.store_sales_1.ss_quantity >= CAST(81 AS INT)
|     parquet dictionary predicates: tpcds_partitioned_parquet_snap.store_sales_1.ss_quantity <= CAST(100 AS INT), tpcds_partitioned_parquet_snap.store_sales_1.ss_quantity >= CAST(81 AS INT)
|     mem-estimate=16.00MB mem-reservation=4.00MB thread-reservation=0
|     tuple-ids=8 row-size=4B cardinality=863.99M cost=983224624
|     in pipelines: 04(GETNEXT)
|
42:NESTED LOOP JOIN [LEFT OUTER JOIN, BROADCAST]
|  join table id: 03
|  mem-estimate=0B mem-reservation=0B thread-reservation=0
|  tuple-ids=55,54N,51N,47N,43N,40N,36N,32N,29N,25N,21N,18N,14N row-size=100B cardinality=1 cost=0
|  in pipelines: 30(GETNEXT), 80(OPEN)
|
|--F35:PLAN FRAGMENT [RANDOM] hosts=1 instances=1
|  |  Per-Instance Resources: mem-estimate=16.01KB mem-reservation=0B thread-reservation=1
|  |  max-parallelism=1 segment-costs=[0] cpu-comparison-result=120 [max(1 (self) vs 120 (sum children))]
|  JOIN BUILD
|  |  join-table-id=03 plan-id=04 cohort-id=01
|  |  mem-estimate=8B mem-reservation=0B thread-reservation=0 cost=0
|  |
|  81:EXCHANGE [BROADCAST]
|  |  mem-estimate=16.00KB mem-reservation=0B thread-reservation=0
|  |  tuple-ids=14 row-size=8B cardinality=1 cost=0
|  |  in pipelines: 80(GETNEXT)
|  |
|  F24:PLAN FRAGMENT [UNPARTITIONED] hosts=1 instances=1
|  Per-Instance Resources: mem-estimate=184.84KB mem-reservation=0B thread-reservation=1
|  max-parallelism=1 segment-costs=[25, 0] cpu-comparison-result=120 [max(1 (self) vs 120 (sum children))]
|  80:AGGREGATE [FINALIZE]
|  |  output: avg:merge(tpcds_partitioned_parquet_snap.store_sales_2.ss_net_profit)
|  |  mem-estimate=16.00KB mem-reservation=0B spill-buffer=2.00MB thread-reservation=0
|  |  tuple-ids=14 row-size=8B cardinality=1 cost=8
|  |  in pipelines: 80(GETNEXT), 07(OPEN)
|  |
|  79:EXCHANGE [UNPARTITIONED]
|  |  mem-estimate=168.84KB mem-reservation=0B thread-reservation=0
|  |  tuple-ids=13 row-size=8B cardinality=120 cost=17
|  |  in pipelines: 07(GETNEXT)
|  |
|  F23:PLAN FRAGMENT [RANDOM] hosts=10 instances=120
|  Per-Instance Resources: mem-estimate=16.02MB mem-reservation=8.00MB thread-reservation=1
|  max-parallelism=160 segment-costs=[1541364438, 123]
|  07:AGGREGATE
|  |  output: avg(tpcds_partitioned_parquet_snap.store_sales_2.ss_net_profit)
|  |  mem-estimate=16.00KB mem-reservation=0B spill-buffer=2.00MB thread-reservation=0
|  |  tuple-ids=13 row-size=8B cardinality=120 cost=60479546
|  |  in pipelines: 07(GETNEXT), 06(OPEN)
|  |
|  06:SCAN HDFS [tpcds_partitioned_parquet_snap.store_sales, RANDOM]
|     HDFS partitions=1824/1824 files=1824 size=389.90GB
|     predicates: tpcds_partitioned_parquet_snap.store_sales_2.ss_quantity <= CAST(80 AS INT), tpcds_partitioned_parquet_snap.store_sales_2.ss_quantity >= CAST(61 AS INT)
|     stored statistics:
|       table: rows=8.64G size=389.90GB
|       partitions: 1824/1824 rows=8.64G
|       columns: all
|     extrapolated-rows=disabled max-scan-range-rows=390.22M
|     parquet statistics predicates: tpcds_partitioned_parquet_snap.store_sales_2.ss_quantity <= CAST(80 AS INT), tpcds_partitioned_parquet_snap.store_sales_2.ss_quantity >= CAST(61 AS INT)
|     parquet dictionary predicates: tpcds_partitioned_parquet_snap.store_sales_2.ss_quantity <= CAST(80 AS INT), tpcds_partitioned_parquet_snap.store_sales_2.ss_quantity >= CAST(61 AS INT)
|     mem-estimate=16.00MB mem-reservation=8.00MB thread-reservation=0
|     tuple-ids=11 row-size=8B cardinality=863.99M cost=1480884892
|     in pipelines: 06(GETNEXT)
|
41:NESTED LOOP JOIN [LEFT OUTER JOIN, BROADCAST]
|  join table id: 04
|  mem-estimate=0B mem-reservation=0B thread-reservation=0
|  tuple-ids=55,54N,51N,47N,43N,40N,36N,32N,29N,25N,21N,18N row-size=92B cardinality=1 cost=0
|  in pipelines: 30(GETNEXT), 77(OPEN)
|
|--F36:PLAN FRAGMENT [RANDOM] hosts=1 instances=1
|  |  Per-Instance Resources: mem-estimate=16.01KB mem-reservation=0B thread-reservation=1
|  |  max-parallelism=1 segment-costs=[0] cpu-comparison-result=120 [max(1 (self) vs 120 (sum children))]
|  JOIN BUILD
|  |  join-table-id=04 plan-id=05 cohort-id=01
|  |  mem-estimate=8B mem-reservation=0B thread-reservation=0 cost=0
|  |
|  78:EXCHANGE [BROADCAST]
|  |  mem-estimate=16.00KB mem-reservation=0B thread-reservation=0
|  |  tuple-ids=18 row-size=8B cardinality=1 cost=0
|  |  in pipelines: 77(GETNEXT)
|  |
|  F22:PLAN FRAGMENT [UNPARTITIONED] hosts=1 instances=1
|  Per-Instance Resources: mem-estimate=184.84KB mem-reservation=0B thread-reservation=1
|  max-parallelism=1 segment-costs=[25, 0] cpu-comparison-result=120 [max(1 (self) vs 120 (sum children))]
|  77:AGGREGATE [FINALIZE]
|  |  output: avg:merge(tpcds_partitioned_parquet_snap.store_sales_3.ss_ext_discount_amt)
|  |  mem-estimate=16.00KB mem-reservation=0B spill-buffer=2.00MB thread-reservation=0
|  |  tuple-ids=18 row-size=8B cardinality=1 cost=8
|  |  in pipelines: 77(GETNEXT), 09(OPEN)
|  |
|  76:EXCHANGE [UNPARTITIONED]
|  |  mem-estimate=168.84KB mem-reservation=0B thread-reservation=0
|  |  tuple-ids=17 row-size=8B cardinality=120 cost=17
|  |  in pipelines: 09(GETNEXT)
|  |
|  F21:PLAN FRAGMENT [RANDOM] hosts=10 instances=120
|  Per-Instance Resources: mem-estimate=16.02MB mem-reservation=8.00MB thread-reservation=1
|  max-parallelism=160 segment-costs=[1541364438, 123]
|  09:AGGREGATE
|  |  output: avg(tpcds_partitioned_parquet_snap.store_sales_3.ss_ext_discount_amt)
|  |  mem-estimate=16.00KB mem-reservation=0B spill-buffer=2.00MB thread-reservation=0
|  |  tuple-ids=17 row-size=8B cardinality=120 cost=60479546
|  |  in pipelines: 09(GETNEXT), 08(OPEN)
|  |
|  08:SCAN HDFS [tpcds_partitioned_parquet_snap.store_sales, RANDOM]
|     HDFS partitions=1824/1824 files=1824 size=389.90GB
|     predicates: tpcds_partitioned_parquet_snap.store_sales_3.ss_quantity <= CAST(80 AS INT), tpcds_partitioned_parquet_snap.store_sales_3.ss_quantity >= CAST(61 AS INT)
|     stored statistics:
|       table: rows=8.64G size=389.90GB
|       partitions: 1824/1824 rows=8.64G
|       columns: all
|     extrapolated-rows=disabled max-scan-range-rows=390.22M
|     parquet statistics predicates: tpcds_partitioned_parquet_snap.store_sales_3.ss_quantity <= CAST(80 AS INT), tpcds_partitioned_parquet_snap.store_sales_3.ss_quantity >= CAST(61 AS INT)
|     parquet dictionary predicates: tpcds_partitioned_parquet_snap.store_sales_3.ss_quantity <= CAST(80 AS INT), tpcds_partitioned_parquet_snap.store_sales_3.ss_quantity >= CAST(61 AS INT)
|     mem-estimate=16.00MB mem-reservation=8.00MB thread-reservation=0
|     tuple-ids=15 row-size=8B cardinality=863.99M cost=1480884892
|     in pipelines: 08(GETNEXT)
|
40:NESTED LOOP JOIN [LEFT OUTER JOIN, BROADCAST]
|  join table id: 05
|  mem-estimate=0B mem-reservation=0B thread-reservation=0
|  tuple-ids=55,54N,51N,47N,43N,40N,36N,32N,29N,25N,21N row-size=84B cardinality=1 cost=0
|  in pipelines: 30(GETNEXT), 74(OPEN)
|
|--F37:PLAN FRAGMENT [RANDOM] hosts=1 instances=1
|  |  Per-Instance Resources: mem-estimate=16.01KB mem-reservation=0B thread-reservation=1
|  |  max-parallelism=1 segment-costs=[0] cpu-comparison-result=110 [max(1 (self) vs 110 (sum children))]
|  JOIN BUILD
|  |  join-table-id=05 plan-id=06 cohort-id=01
|  |  mem-estimate=8B mem-reservation=0B thread-reservation=0 cost=0
|  |
|  75:EXCHANGE [BROADCAST]
|  |  mem-estimate=16.00KB mem-reservation=0B thread-reservation=0
|  |  tuple-ids=21 row-size=8B cardinality=1 cost=0
|  |  in pipelines: 74(GETNEXT)
|  |
|  F20:PLAN FRAGMENT [UNPARTITIONED] hosts=1 instances=1
|  Per-Instance Resources: mem-estimate=170.78KB mem-reservation=0B thread-reservation=1
|  max-parallelism=1 segment-costs=[25, 0] cpu-comparison-result=110 [max(1 (self) vs 110 (sum children))]
|  74:AGGREGATE [FINALIZE]
|  |  output: count:merge()
|  |  mem-estimate=16.00KB mem-reservation=0B spill-buffer=2.00MB thread-reservation=0
|  |  tuple-ids=21 row-size=8B cardinality=1 cost=8
|  |  in pipelines: 74(GETNEXT), 11(OPEN)
|  |
|  73:EXCHANGE [UNPARTITIONED]
|  |  mem-estimate=154.78KB mem-reservation=0B thread-reservation=0
|  |  tuple-ids=21 row-size=8B cardinality=120 cost=17
|  |  in pipelines: 11(GETNEXT)
|  |
|  F19:PLAN FRAGMENT [RANDOM] hosts=10 instances=110 (adjusted from 120)
|  Per-Instance Resources: mem-estimate=16.02MB mem-reservation=4.00MB thread-reservation=1
|  max-parallelism=110 segment-costs=[1043704170, 123]
|  11:AGGREGATE
|  |  output: count()
|  |  mem-estimate=16.00KB mem-reservation=0B spill-buffer=2.00MB thread-reservation=0
|  |  tuple-ids=21 row-size=8B cardinality=120 cost=60479546
|  |  in pipelines: 11(GETNEXT), 10(OPEN)
|  |
|  10:SCAN HDFS [tpcds_partitioned_parquet_snap.store_sales, RANDOM]
|     HDFS partitions=1824/1824 files=1824 size=389.90GB
|     predicates: tpcds_partitioned_parquet_snap.store_sales_4.ss_quantity <= CAST(80 AS INT), tpcds_partitioned_parquet_snap.store_sales_4.ss_quantity >= CAST(61 AS INT)
|     stored statistics:
|       table: rows=8.64G size=389.90GB
|       partitions: 1824/1824 rows=8.64G
|       columns: all
|     extrapolated-rows=disabled max-scan-range-rows=390.22M
|     parquet statistics predicates: tpcds_partitioned_parquet_snap.store_sales_4.ss_quantity <= CAST(80 AS INT), tpcds_partitioned_parquet_snap.store_sales_4.ss_quantity >= CAST(61 AS INT)
|     parquet dictionary predicates: tpcds_partitioned_parquet_snap.store_sales_4.ss_quantity <= CAST(80 AS INT), tpcds_partitioned_parquet_snap.store_sales_4.ss_quantity >= CAST(61 AS INT)
|     mem-estimate=16.00MB mem-reservation=4.00MB thread-reservation=0
|     tuple-ids=19 row-size=4B cardinality=863.99M cost=983224624
|     in pipelines: 10(GETNEXT)
|
39:NESTED LOOP JOIN [LEFT OUTER JOIN, BROADCAST]
|  join table id: 06
|  mem-estimate=0B mem-reservation=0B thread-reservation=0
|  tuple-ids=55,54N,51N,47N,43N,40N,36N,32N,29N,25N row-size=76B cardinality=1 cost=0
|  in pipelines: 30(GETNEXT), 71(OPEN)
|
|--F38:PLAN FRAGMENT [RANDOM] hosts=1 instances=1
|  |  Per-Instance Resources: mem-estimate=16.01KB mem-reservation=0B thread-reservation=1
|  |  max-parallelism=1 segment-costs=[0] cpu-comparison-result=120 [max(1 (self) vs 120 (sum children))]
|  JOIN BUILD
|  |  join-table-id=06 plan-id=07 cohort-id=01
|  |  mem-estimate=8B mem-reservation=0B thread-reservation=0 cost=0
|  |
|  72:EXCHANGE [BROADCAST]
|  |  mem-estimate=16.00KB mem-reservation=0B thread-reservation=0
|  |  tuple-ids=25 row-size=8B cardinality=1 cost=0
|  |  in pipelines: 71(GETNEXT)
|  |
|  F18:PLAN FRAGMENT [UNPARTITIONED] hosts=1 instances=1
|  Per-Instance Resources: mem-estimate=184.84KB mem-reservation=0B thread-reservation=1
|  max-parallelism=1 segment-costs=[25, 0] cpu-comparison-result=120 [max(1 (self) vs 120 (sum children))]
|  71:AGGREGATE [FINALIZE]
|  |  output: avg:merge(tpcds_partitioned_parquet_snap.store_sales_5.ss_net_profit)
|  |  mem-estimate=16.00KB mem-reservation=0B spill-buffer=2.00MB thread-reservation=0
|  |  tuple-ids=25 row-size=8B cardinality=1 cost=8
|  |  in pipelines: 71(GETNEXT), 13(OPEN)
|  |
|  70:EXCHANGE [UNPARTITIONED]
|  |  mem-estimate=168.84KB mem-reservation=0B thread-reservation=0
|  |  tuple-ids=24 row-size=8B cardinality=120 cost=17
|  |  in pipelines: 13(GETNEXT)
|  |
|  F17:PLAN FRAGMENT [RANDOM] hosts=10 instances=120
|  Per-Instance Resources: mem-estimate=16.02MB mem-reservation=8.00MB thread-reservation=1
|  max-parallelism=160 segment-costs=[1541364438, 123]
|  13:AGGREGATE
|  |  output: avg(tpcds_partitioned_parquet_snap.store_sales_5.ss_net_profit)
|  |  mem-estimate=16.00KB mem-reservation=0B spill-buffer=2.00MB thread-reservation=0
|  |  tuple-ids=24 row-size=8B cardinality=120 cost=60479546
|  |  in pipelines: 13(GETNEXT), 12(OPEN)
|  |
|  12:SCAN HDFS [tpcds_partitioned_parquet_snap.store_sales, RANDOM]
|     HDFS partitions=1824/1824 files=1824 size=389.90GB
|     predicates: tpcds_partitioned_parquet_snap.store_sales_5.ss_quantity <= CAST(60 AS INT), tpcds_partitioned_parquet_snap.store_sales_5.ss_quantity >= CAST(41 AS INT)
|     stored statistics:
|       table: rows=8.64G size=389.90GB
|       partitions: 1824/1824 rows=8.64G
|       columns: all
|     extrapolated-rows=disabled max-scan-range-rows=390.22M
|     parquet statistics predicates: tpcds_partitioned_parquet_snap.store_sales_5.ss_quantity <= CAST(60 AS INT), tpcds_partitioned_parquet_snap.store_sales_5.ss_quantity >= CAST(41 AS INT)
|     parquet dictionary predicates: tpcds_partitioned_parquet_snap.store_sales_5.ss_quantity <= CAST(60 AS INT), tpcds_partitioned_parquet_snap.store_sales_5.ss_quantity >= CAST(41 AS INT)
|     mem-estimate=16.00MB mem-reservation=8.00MB thread-reservation=0
|     tuple-ids=22 row-size=8B cardinality=863.99M cost=1480884892
|     in pipelines: 12(GETNEXT)
|
38:NESTED LOOP JOIN [LEFT OUTER JOIN, BROADCAST]
|  join table id: 07
|  mem-estimate=0B mem-reservation=0B thread-reservation=0
|  tuple-ids=55,54N,51N,47N,43N,40N,36N,32N,29N row-size=68B cardinality=1 cost=0
|  in pipelines: 30(GETNEXT), 68(OPEN)
|
|--F39:PLAN FRAGMENT [RANDOM] hosts=1 instances=1
|  |  Per-Instance Resources: mem-estimate=16.01KB mem-reservation=0B thread-reservation=1
|  |  max-parallelism=1 segment-costs=[0] cpu-comparison-result=120 [max(1 (self) vs 120 (sum children))]
|  JOIN BUILD
|  |  join-table-id=07 plan-id=08 cohort-id=01
|  |  mem-estimate=8B mem-reservation=0B thread-reservation=0 cost=0
|  |
|  69:EXCHANGE [BROADCAST]
|  |  mem-estimate=16.00KB mem-reservation=0B thread-reservation=0
|  |  tuple-ids=29 row-size=8B cardinality=1 cost=0
|  |  in pipelines: 68(GETNEXT)
|  |
|  F16:PLAN FRAGMENT [UNPARTITIONED] hosts=1 instances=1
|  Per-Instance Resources: mem-estimate=184.84KB mem-reservation=0B thread-reservation=1
|  max-parallelism=1 segment-costs=[25, 0] cpu-comparison-result=120 [max(1 (self) vs 120 (sum children))]
|  68:AGGREGATE [FINALIZE]
|  |  output: avg:merge(tpcds_partitioned_parquet_snap.store_sales_6.ss_ext_discount_amt)
|  |  mem-estimate=16.00KB mem-reservation=0B spill-buffer=2.00MB thread-reservation=0
|  |  tuple-ids=29 row-size=8B cardinality=1 cost=8
|  |  in pipelines: 68(GETNEXT), 15(OPEN)
|  |
|  67:EXCHANGE [UNPARTITIONED]
|  |  mem-estimate=168.84KB mem-reservation=0B thread-reservation=0
|  |  tuple-ids=28 row-size=8B cardinality=120 cost=17
|  |  in pipelines: 15(GETNEXT)
|  |
|  F15:PLAN FRAGMENT [RANDOM] hosts=10 instances=120
|  Per-Instance Resources: mem-estimate=16.02MB mem-reservation=8.00MB thread-reservation=1
|  max-parallelism=160 segment-costs=[1541364438, 123]
|  15:AGGREGATE
|  |  output: avg(tpcds_partitioned_parquet_snap.store_sales_6.ss_ext_discount_amt)
|  |  mem-estimate=16.00KB mem-reservation=0B spill-buffer=2.00MB thread-reservation=0
|  |  tuple-ids=28 row-size=8B cardinality=120 cost=60479546
|  |  in pipelines: 15(GETNEXT), 14(OPEN)
|  |
|  14:SCAN HDFS [tpcds_partitioned_parquet_snap.store_sales, RANDOM]
|     HDFS partitions=1824/1824 files=1824 size=389.90GB
|     predicates: tpcds_partitioned_parquet_snap.store_sales_6.ss_quantity <= CAST(60 AS INT), tpcds_partitioned_parquet_snap.store_sales_6.ss_quantity >= CAST(41 AS INT)
|     stored statistics:
|       table: rows=8.64G size=389.90GB
|       partitions: 1824/1824 rows=8.64G
|       columns: all
|     extrapolated-rows=disabled max-scan-range-rows=390.22M
|     parquet statistics predicates: tpcds_partitioned_parquet_snap.store_sales_6.ss_quantity <= CAST(60 AS INT), tpcds_partitioned_parquet_snap.store_sales_6.ss_quantity >= CAST(41 AS INT)
|     parquet dictionary predicates: tpcds_partitioned_parquet_snap.store_sales_6.ss_quantity <= CAST(60 AS INT), tpcds_partitioned_parquet_snap.store_sales_6.ss_quantity >= CAST(41 AS INT)
|     mem-estimate=16.00MB mem-reservation=8.00MB thread-reservation=0
|     tuple-ids=26 row-size=8B cardinality=863.99M cost=1480884892
|     in pipelines: 14(GETNEXT)
|
37:NESTED LOOP JOIN [LEFT OUTER JOIN, BROADCAST]
|  join table id: 08
|  mem-estimate=0B mem-reservation=0B thread-reservation=0
|  tuple-ids=55,54N,51N,47N,43N,40N,36N,32N row-size=60B cardinality=1 cost=0
|  in pipelines: 30(GETNEXT), 65(OPEN)
|
|--F40:PLAN FRAGMENT [RANDOM] hosts=1 instances=1
|  |  Per-Instance Resources: mem-estimate=16.01KB mem-reservation=0B thread-reservation=1
|  |  max-parallelism=1 segment-costs=[0] cpu-comparison-result=110 [max(1 (self) vs 110 (sum children))]
|  JOIN BUILD
|  |  join-table-id=08 plan-id=09 cohort-id=01
|  |  mem-estimate=8B mem-reservation=0B thread-reservation=0 cost=0
|  |
|  66:EXCHANGE [BROADCAST]
|  |  mem-estimate=16.00KB mem-reservation=0B thread-reservation=0
|  |  tuple-ids=32 row-size=8B cardinality=1 cost=0
|  |  in pipelines: 65(GETNEXT)
|  |
|  F14:PLAN FRAGMENT [UNPARTITIONED] hosts=1 instances=1
|  Per-Instance Resources: mem-estimate=170.78KB mem-reservation=0B thread-reservation=1
|  max-parallelism=1 segment-costs=[25, 0] cpu-comparison-result=110 [max(1 (self) vs 110 (sum children))]
|  65:AGGREGATE [FINALIZE]
|  |  output: count:merge()
|  |  mem-estimate=16.00KB mem-reservation=0B spill-buffer=2.00MB thread-reservation=0
|  |  tuple-ids=32 row-size=8B cardinality=1 cost=8
|  |  in pipelines: 65(GETNEXT), 17(OPEN)
|  |
|  64:EXCHANGE [UNPARTITIONED]
|  |  mem-estimate=154.78KB mem-reservation=0B thread-reservation=0
|  |  tuple-ids=32 row-size=8B cardinality=120 cost=17
|  |  in pipelines: 17(GETNEXT)
|  |
|  F13:PLAN FRAGMENT [RANDOM] hosts=10 instances=110 (adjusted from 120)
|  Per-Instance Resources: mem-estimate=16.02MB mem-reservation=4.00MB thread-reservation=1
|  max-parallelism=110 segment-costs=[1043704170, 123]
|  17:AGGREGATE
|  |  output: count()
|  |  mem-estimate=16.00KB mem-reservation=0B spill-buffer=2.00MB thread-reservation=0
|  |  tuple-ids=32 row-size=8B cardinality=120 cost=60479546
|  |  in pipelines: 17(GETNEXT), 16(OPEN)
|  |
|  16:SCAN HDFS [tpcds_partitioned_parquet_snap.store_sales, RANDOM]
|     HDFS partitions=1824/1824 files=1824 size=389.90GB
|     predicates: tpcds_partitioned_parquet_snap.store_sales_7.ss_quantity <= CAST(60 AS INT), tpcds_partitioned_parquet_snap.store_sales_7.ss_quantity >= CAST(41 AS INT)
|     stored statistics:
|       table: rows=8.64G size=389.90GB
|       partitions: 1824/1824 rows=8.64G
|       columns: all
|     extrapolated-rows=disabled max-scan-range-rows=390.22M
|     parquet statistics predicates: tpcds_partitioned_parquet_snap.store_sales_7.ss_quantity <= CAST(60 AS INT), tpcds_partitioned_parquet_snap.store_sales_7.ss_quantity >= CAST(41 AS INT)
|     parquet dictionary predicates: tpcds_partitioned_parquet_snap.store_sales_7.ss_quantity <= CAST(60 AS INT), tpcds_partitioned_parquet_snap.store_sales_7.ss_quantity >= CAST(41 AS INT)
|     mem-estimate=16.00MB mem-reservation=4.00MB thread-reservation=0
|     tuple-ids=30 row-size=4B cardinality=863.99M cost=983224624
|     in pipelines: 16(GETNEXT)
|
36:NESTED LOOP JOIN [LEFT OUTER JOIN, BROADCAST]
|  join table id: 09
|  mem-estimate=0B mem-reservation=0B thread-reservation=0
|  tuple-ids=55,54N,51N,47N,43N,40N,36N row-size=52B cardinality=1 cost=0
|  in pipelines: 30(GETNEXT), 62(OPEN)
|
|--F41:PLAN FRAGMENT [RANDOM] hosts=1 instances=1
|  |  Per-Instance Resources: mem-estimate=16.01KB mem-reservation=0B thread-reservation=1
|  |  max-parallelism=1 segment-costs=[0] cpu-comparison-result=120 [max(1 (self) vs 120 (sum children))]
|  JOIN BUILD
|  |  join-table-id=09 plan-id=10 cohort-id=01
|  |  mem-estimate=8B mem-reservation=0B thread-reservation=0 cost=0
|  |
|  63:EXCHANGE [BROADCAST]
|  |  mem-estimate=16.00KB mem-reservation=0B thread-reservation=0
|  |  tuple-ids=36 row-size=8B cardinality=1 cost=0
|  |  in pipelines: 62(GETNEXT)
|  |
|  F12:PLAN FRAGMENT [UNPARTITIONED] hosts=1 instances=1
|  Per-Instance Resources: mem-estimate=184.84KB mem-reservation=0B thread-reservation=1
|  max-parallelism=1 segment-costs=[25, 0] cpu-comparison-result=120 [max(1 (self) vs 120 (sum children))]
|  62:AGGREGATE [FINALIZE]
|  |  output: avg:merge(tpcds_partitioned_parquet_snap.store_sales_8.ss_net_profit)
|  |  mem-estimate=16.00KB mem-reservation=0B spill-buffer=2.00MB thread-reservation=0
|  |  tuple-ids=36 row-size=8B cardinality=1 cost=8
|  |  in pipelines: 62(GETNEXT), 19(OPEN)
|  |
|  61:EXCHANGE [UNPARTITIONED]
|  |  mem-estimate=168.84KB mem-reservation=0B thread-reservation=0
|  |  tuple-ids=35 row-size=8B cardinality=120 cost=17
|  |  in pipelines: 19(GETNEXT)
|  |
|  F11:PLAN FRAGMENT [RANDOM] hosts=10 instances=120
|  Per-Instance Resources: mem-estimate=16.02MB mem-reservation=8.00MB thread-reservation=1
|  max-parallelism=160 segment-costs=[1541364438, 123]
|  19:AGGREGATE
|  |  output: avg(tpcds_partitioned_parquet_snap.store_sales_8.ss_net_profit)
|  |  mem-estimate=16.00KB mem-reservation=0B spill-buffer=2.00MB thread-reservation=0
|  |  tuple-ids=35 row-size=8B cardinality=120 cost=60479546
|  |  in pipelines: 19(GETNEXT), 18(OPEN)
|  |
|  18:SCAN HDFS [tpcds_partitioned_parquet_snap.store_sales, RANDOM]
|     HDFS partitions=1824/1824 files=1824 size=389.90GB
|     predicates: tpcds_partitioned_parquet_snap.store_sales_8.ss_quantity <= CAST(40 AS INT), tpcds_partitioned_parquet_snap.store_sales_8.ss_quantity >= CAST(21 AS INT)
|     stored statistics:
|       table: rows=8.64G size=389.90GB
|       partitions: 1824/1824 rows=8.64G
|       columns: all
|     extrapolated-rows=disabled max-scan-range-rows=390.22M
|     parquet statistics predicates: tpcds_partitioned_parquet_snap.store_sales_8.ss_quantity <= CAST(40 AS INT), tpcds_partitioned_parquet_snap.store_sales_8.ss_quantity >= CAST(21 AS INT)
|     parquet dictionary predicates: tpcds_partitioned_parquet_snap.store_sales_8.ss_quantity <= CAST(40 AS INT), tpcds_partitioned_parquet_snap.store_sales_8.ss_quantity >= CAST(21 AS INT)
|     mem-estimate=16.00MB mem-reservation=8.00MB thread-reservation=0
|     tuple-ids=33 row-size=8B cardinality=863.99M cost=1480884892
|     in pipelines: 18(GETNEXT)
|
35:NESTED LOOP JOIN [LEFT OUTER JOIN, BROADCAST]
|  join table id: 10
|  mem-estimate=0B mem-reservation=0B thread-reservation=0
|  tuple-ids=55,54N,51N,47N,43N,40N row-size=44B cardinality=1 cost=0
|  in pipelines: 30(GETNEXT), 59(OPEN)
|
|--F42:PLAN FRAGMENT [RANDOM] hosts=1 instances=1
|  |  Per-Instance Resources: mem-estimate=16.01KB mem-reservation=0B thread-reservation=1
|  |  max-parallelism=1 segment-costs=[0] cpu-comparison-result=120 [max(1 (self) vs 120 (sum children))]
|  JOIN BUILD
|  |  join-table-id=10 plan-id=11 cohort-id=01
|  |  mem-estimate=8B mem-reservation=0B thread-reservation=0 cost=0
|  |
|  60:EXCHANGE [BROADCAST]
|  |  mem-estimate=16.00KB mem-reservation=0B thread-reservation=0
|  |  tuple-ids=40 row-size=8B cardinality=1 cost=0
|  |  in pipelines: 59(GETNEXT)
|  |
|  F10:PLAN FRAGMENT [UNPARTITIONED] hosts=1 instances=1
|  Per-Instance Resources: mem-estimate=184.84KB mem-reservation=0B thread-reservation=1
|  max-parallelism=1 segment-costs=[25, 0] cpu-comparison-result=120 [max(1 (self) vs 120 (sum children))]
|  59:AGGREGATE [FINALIZE]
|  |  output: avg:merge(tpcds_partitioned_parquet_snap.store_sales_9.ss_ext_discount_amt)
|  |  mem-estimate=16.00KB mem-reservation=0B spill-buffer=2.00MB thread-reservation=0
|  |  tuple-ids=40 row-size=8B cardinality=1 cost=8
|  |  in pipelines: 59(GETNEXT), 21(OPEN)
|  |
|  58:EXCHANGE [UNPARTITIONED]
|  |  mem-estimate=168.84KB mem-reservation=0B thread-reservation=0
|  |  tuple-ids=39 row-size=8B cardinality=120 cost=17
|  |  in pipelines: 21(GETNEXT)
|  |
|  F09:PLAN FRAGMENT [RANDOM] hosts=10 instances=120
|  Per-Instance Resources: mem-estimate=16.02MB mem-reservation=8.00MB thread-reservation=1
|  max-parallelism=160 segment-costs=[1541364438, 123]
|  21:AGGREGATE
|  |  output: avg(tpcds_partitioned_parquet_snap.store_sales_9.ss_ext_discount_amt)
|  |  mem-estimate=16.00KB mem-reservation=0B spill-buffer=2.00MB thread-reservation=0
|  |  tuple-ids=39 row-size=8B cardinality=120 cost=60479546
|  |  in pipelines: 21(GETNEXT), 20(OPEN)
|  |
|  20:SCAN HDFS [tpcds_partitioned_parquet_snap.store_sales, RANDOM]
|     HDFS partitions=1824/1824 files=1824 size=389.90GB
|     predicates: tpcds_partitioned_parquet_snap.store_sales_9.ss_quantity <= CAST(40 AS INT), tpcds_partitioned_parquet_snap.store_sales_9.ss_quantity >= CAST(21 AS INT)
|     stored statistics:
|       table: rows=8.64G size=389.90GB
|       partitions: 1824/1824 rows=8.64G
|       columns: all
|     extrapolated-rows=disabled max-scan-range-rows=390.22M
|     parquet statistics predicates: tpcds_partitioned_parquet_snap.store_sales_9.ss_quantity <= CAST(40 AS INT), tpcds_partitioned_parquet_snap.store_sales_9.ss_quantity >= CAST(21 AS INT)
|     parquet dictionary predicates: tpcds_partitioned_parquet_snap.store_sales_9.ss_quantity <= CAST(40 AS INT), tpcds_partitioned_parquet_snap.store_sales_9.ss_quantity >= CAST(21 AS INT)
|     mem-estimate=16.00MB mem-reservation=8.00MB thread-reservation=0
|     tuple-ids=37 row-size=8B cardinality=863.99M cost=1480884892
|     in pipelines: 20(GETNEXT)
|
34:NESTED LOOP JOIN [LEFT OUTER JOIN, BROADCAST]
|  join table id: 11
|  mem-estimate=0B mem-reservation=0B thread-reservation=0
|  tuple-ids=55,54N,51N,47N,43N row-size=36B cardinality=1 cost=0
|  in pipelines: 30(GETNEXT), 56(OPEN)
|
|--F43:PLAN FRAGMENT [RANDOM] hosts=1 instances=1
|  |  Per-Instance Resources: mem-estimate=16.01KB mem-reservation=0B thread-reservation=1
|  |  max-parallelism=1 segment-costs=[0] cpu-comparison-result=110 [max(1 (self) vs 110 (sum children))]
|  JOIN BUILD
|  |  join-table-id=11 plan-id=12 cohort-id=01
|  |  mem-estimate=8B mem-reservation=0B thread-reservation=0 cost=0
|  |
|  57:EXCHANGE [BROADCAST]
|  |  mem-estimate=16.00KB mem-reservation=0B thread-reservation=0
|  |  tuple-ids=43 row-size=8B cardinality=1 cost=0
|  |  in pipelines: 56(GETNEXT)
|  |
|  F08:PLAN FRAGMENT [UNPARTITIONED] hosts=1 instances=1
|  Per-Instance Resources: mem-estimate=170.78KB mem-reservation=0B thread-reservation=1
|  max-parallelism=1 segment-costs=[25, 0] cpu-comparison-result=110 [max(1 (self) vs 110 (sum children))]
|  56:AGGREGATE [FINALIZE]
|  |  output: count:merge()
|  |  mem-estimate=16.00KB mem-reservation=0B spill-buffer=2.00MB thread-reservation=0
|  |  tuple-ids=43 row-size=8B cardinality=1 cost=8
|  |  in pipelines: 56(GETNEXT), 23(OPEN)
|  |
|  55:EXCHANGE [UNPARTITIONED]
|  |  mem-estimate=154.78KB mem-reservation=0B thread-reservation=0
|  |  tuple-ids=43 row-size=8B cardinality=120 cost=17
|  |  in pipelines: 23(GETNEXT)
|  |
|  F07:PLAN FRAGMENT [RANDOM] hosts=10 instances=110 (adjusted from 120)
|  Per-Instance Resources: mem-estimate=16.02MB mem-reservation=4.00MB thread-reservation=1
|  max-parallelism=110 segment-costs=[1043704170, 123]
|  23:AGGREGATE
|  |  output: count()
|  |  mem-estimate=16.00KB mem-reservation=0B spill-buffer=2.00MB thread-reservation=0
|  |  tuple-ids=43 row-size=8B cardinality=120 cost=60479546
|  |  in pipelines: 23(GETNEXT), 22(OPEN)
|  |
|  22:SCAN HDFS [tpcds_partitioned_parquet_snap.store_sales, RANDOM]
|     HDFS partitions=1824/1824 files=1824 size=389.90GB
|     predicates: tpcds_partitioned_parquet_snap.store_sales_10.ss_quantity <= CAST(40 AS INT), tpcds_partitioned_parquet_snap.store_sales_10.ss_quantity >= CAST(21 AS INT)
|     stored statistics:
|       table: rows=8.64G size=389.90GB
|       partitions: 1824/1824 rows=8.64G
|       columns: all
|     extrapolated-rows=disabled max-scan-range-rows=390.22M
|     parquet statistics predicates: tpcds_partitioned_parquet_snap.store_sales_10.ss_quantity <= CAST(40 AS INT), tpcds_partitioned_parquet_snap.store_sales_10.ss_quantity >= CAST(21 AS INT)
|     parquet dictionary predicates: tpcds_partitioned_parquet_snap.store_sales_10.ss_quantity <= CAST(40 AS INT), tpcds_partitioned_parquet_snap.store_sales_10.ss_quantity >= CAST(21 AS INT)
|     mem-estimate=16.00MB mem-reservation=4.00MB thread-reservation=0
|     tuple-ids=41 row-size=4B cardinality=863.99M cost=983224624
|     in pipelines: 22(GETNEXT)
|
33:NESTED LOOP JOIN [LEFT OUTER JOIN, BROADCAST]
|  join table id: 12
|  mem-estimate=0B mem-reservation=0B thread-reservation=0
|  tuple-ids=55,54N,51N,47N row-size=28B cardinality=1 cost=0
|  in pipelines: 30(GETNEXT), 53(OPEN)
|
|--F44:PLAN FRAGMENT [RANDOM] hosts=1 instances=1
|  |  Per-Instance Resources: mem-estimate=16.01KB mem-reservation=0B thread-reservation=1
|  |  max-parallelism=1 segment-costs=[0] cpu-comparison-result=120 [max(1 (self) vs 120 (sum children))]
|  JOIN BUILD
|  |  join-table-id=12 plan-id=13 cohort-id=01
|  |  mem-estimate=8B mem-reservation=0B thread-reservation=0 cost=0
|  |
|  54:EXCHANGE [BROADCAST]
|  |  mem-estimate=16.00KB mem-reservation=0B thread-reservation=0
|  |  tuple-ids=47 row-size=8B cardinality=1 cost=0
|  |  in pipelines: 53(GETNEXT)
|  |
|  F06:PLAN FRAGMENT [UNPARTITIONED] hosts=1 instances=1
|  Per-Instance Resources: mem-estimate=184.84KB mem-reservation=0B thread-reservation=1
|  max-parallelism=1 segment-costs=[25, 0] cpu-comparison-result=120 [max(1 (self) vs 120 (sum children))]
|  53:AGGREGATE [FINALIZE]
|  |  output: avg:merge(tpcds_partitioned_parquet_snap.store_sales_11.ss_net_profit)
|  |  mem-estimate=16.00KB mem-reservation=0B spill-buffer=2.00MB thread-reservation=0
|  |  tuple-ids=47 row-size=8B cardinality=1 cost=8
|  |  in pipelines: 53(GETNEXT), 25(OPEN)
|  |
|  52:EXCHANGE [UNPARTITIONED]
|  |  mem-estimate=168.84KB mem-reservation=0B thread-reservation=0
|  |  tuple-ids=46 row-size=8B cardinality=120 cost=17
|  |  in pipelines: 25(GETNEXT)
|  |
|  F05:PLAN FRAGMENT [RANDOM] hosts=10 instances=120
|  Per-Instance Resources: mem-estimate=16.02MB mem-reservation=8.00MB thread-reservation=1
|  max-parallelism=160 segment-costs=[1541364438, 123]
|  25:AGGREGATE
|  |  output: avg(tpcds_partitioned_parquet_snap.store_sales_11.ss_net_profit)
|  |  mem-estimate=16.00KB mem-reservation=0B spill-buffer=2.00MB thread-reservation=0
|  |  tuple-ids=46 row-size=8B cardinality=120 cost=60479546
|  |  in pipelines: 25(GETNEXT), 24(OPEN)
|  |
|  24:SCAN HDFS [tpcds_partitioned_parquet_snap.store_sales, RANDOM]
|     HDFS partitions=1824/1824 files=1824 size=389.90GB
|     predicates: tpcds_partitioned_parquet_snap.store_sales_11.ss_quantity <= CAST(20 AS INT), tpcds_partitioned_parquet_snap.store_sales_11.ss_quantity >= CAST(1 AS INT)
|     stored statistics:
|       table: rows=8.64G size=389.90GB
|       partitions: 1824/1824 rows=8.64G
|       columns: all
|     extrapolated-rows=disabled max-scan-range-rows=390.22M
|     parquet statistics predicates: tpcds_partitioned_parquet_snap.store_sales_11.ss_quantity <= CAST(20 AS INT), tpcds_partitioned_parquet_snap.store_sales_11.ss_quantity >= CAST(1 AS INT)
|     parquet dictionary predicates: tpcds_partitioned_parquet_snap.store_sales_11.ss_quantity <= CAST(20 AS INT), tpcds_partitioned_parquet_snap.store_sales_11.ss_quantity >= CAST(1 AS INT)
|     mem-estimate=16.00MB mem-reservation=8.00MB thread-reservation=0
|     tuple-ids=44 row-size=8B cardinality=863.99M cost=1480884892
|     in pipelines: 24(GETNEXT)
|
32:NESTED LOOP JOIN [LEFT OUTER JOIN, BROADCAST]
|  join table id: 13
|  mem-estimate=0B mem-reservation=0B thread-reservation=0
|  tuple-ids=55,54N,51N row-size=20B cardinality=1 cost=0
|  in pipelines: 30(GETNEXT), 50(OPEN)
|
|--F45:PLAN FRAGMENT [RANDOM] hosts=1 instances=1
|  |  Per-Instance Resources: mem-estimate=16.01KB mem-reservation=0B thread-reservation=1
|  |  max-parallelism=1 segment-costs=[0] cpu-comparison-result=120 [max(1 (self) vs 120 (sum children))]
|  JOIN BUILD
|  |  join-table-id=13 plan-id=14 cohort-id=01
|  |  mem-estimate=8B mem-reservation=0B thread-reservation=0 cost=0
|  |
|  51:EXCHANGE [BROADCAST]
|  |  mem-estimate=16.00KB mem-reservation=0B thread-reservation=0
|  |  tuple-ids=51 row-size=8B cardinality=1 cost=0
|  |  in pipelines: 50(GETNEXT)
|  |
|  F04:PLAN FRAGMENT [UNPARTITIONED] hosts=1 instances=1
|  Per-Instance Resources: mem-estimate=184.84KB mem-reservation=0B thread-reservation=1
|  max-parallelism=1 segment-costs=[25, 0] cpu-comparison-result=120 [max(1 (self) vs 120 (sum children))]
|  50:AGGREGATE [FINALIZE]
|  |  output: avg:merge(tpcds_partitioned_parquet_snap.store_sales_12.ss_ext_discount_amt)
|  |  mem-estimate=16.00KB mem-reservation=0B spill-buffer=2.00MB thread-reservation=0
|  |  tuple-ids=51 row-size=8B cardinality=1 cost=8
|  |  in pipelines: 50(GETNEXT), 27(OPEN)
|  |
|  49:EXCHANGE [UNPARTITIONED]
|  |  mem-estimate=168.84KB mem-reservation=0B thread-reservation=0
|  |  tuple-ids=50 row-size=8B cardinality=120 cost=17
|  |  in pipelines: 27(GETNEXT)
|  |
|  F03:PLAN FRAGMENT [RANDOM] hosts=10 instances=120
|  Per-Instance Resources: mem-estimate=16.02MB mem-reservation=8.00MB thread-reservation=1
|  max-parallelism=160 segment-costs=[1541364438, 123]
|  27:AGGREGATE
|  |  output: avg(tpcds_partitioned_parquet_snap.store_sales_12.ss_ext_discount_amt)
|  |  mem-estimate=16.00KB mem-reservation=0B spill-buffer=2.00MB thread-reservation=0
|  |  tuple-ids=50 row-size=8B cardinality=120 cost=60479546
|  |  in pipelines: 27(GETNEXT), 26(OPEN)
|  |
|  26:SCAN HDFS [tpcds_partitioned_parquet_snap.store_sales, RANDOM]
|     HDFS partitions=1824/1824 files=1824 size=389.90GB
|     predicates: tpcds_partitioned_parquet_snap.store_sales_12.ss_quantity <= CAST(20 AS INT), tpcds_partitioned_parquet_snap.store_sales_12.ss_quantity >= CAST(1 AS INT)
|     stored statistics:
|       table: rows=8.64G size=389.90GB
|       partitions: 1824/1824 rows=8.64G
|       columns: all
|     extrapolated-rows=disabled max-scan-range-rows=390.22M
|     parquet statistics predicates: tpcds_partitioned_parquet_snap.store_sales_12.ss_quantity <= CAST(20 AS INT), tpcds_partitioned_parquet_snap.store_sales_12.ss_quantity >= CAST(1 AS INT)
|     parquet dictionary predicates: tpcds_partitioned_parquet_snap.store_sales_12.ss_quantity <= CAST(20 AS INT), tpcds_partitioned_parquet_snap.store_sales_12.ss_quantity >= CAST(1 AS INT)
|     mem-estimate=16.00MB mem-reservation=8.00MB thread-reservation=0
|     tuple-ids=48 row-size=8B cardinality=863.99M cost=1480884892
|     in pipelines: 26(GETNEXT)
|
31:NESTED LOOP JOIN [LEFT OUTER JOIN, BROADCAST]
|  join table id: 14
|  mem-estimate=0B mem-reservation=0B thread-reservation=0
|  tuple-ids=55,54N row-size=12B cardinality=1 cost=0
|  in pipelines: 30(GETNEXT), 47(OPEN)
|
|--F46:PLAN FRAGMENT [RANDOM] hosts=1 instances=1
|  |  Per-Instance Resources: mem-estimate=16.01KB mem-reservation=0B thread-reservation=1
|  |  max-parallelism=1 segment-costs=[0] cpu-comparison-result=110 [max(1 (self) vs 110 (sum children))]
|  JOIN BUILD
|  |  join-table-id=14 plan-id=15 cohort-id=01
|  |  mem-estimate=8B mem-reservation=0B thread-reservation=0 cost=0
|  |
|  48:EXCHANGE [BROADCAST]
|  |  mem-estimate=16.00KB mem-reservation=0B thread-reservation=0
|  |  tuple-ids=54 row-size=8B cardinality=1 cost=0
|  |  in pipelines: 47(GETNEXT)
|  |
|  F02:PLAN FRAGMENT [UNPARTITIONED] hosts=1 instances=1
|  Per-Instance Resources: mem-estimate=170.78KB mem-reservation=0B thread-reservation=1
|  max-parallelism=1 segment-costs=[25, 0] cpu-comparison-result=110 [max(1 (self) vs 110 (sum children))]
|  47:AGGREGATE [FINALIZE]
|  |  output: count:merge()
|  |  mem-estimate=16.00KB mem-reservation=0B spill-buffer=2.00MB thread-reservation=0
|  |  tuple-ids=54 row-size=8B cardinality=1 cost=8
|  |  in pipelines: 47(GETNEXT), 29(OPEN)
|  |
|  46:EXCHANGE [UNPARTITIONED]
|  |  mem-estimate=154.78KB mem-reservation=0B thread-reservation=0
|  |  tuple-ids=54 row-size=8B cardinality=120 cost=17
|  |  in pipelines: 29(GETNEXT)
|  |
|  F01:PLAN FRAGMENT [RANDOM] hosts=10 instances=110 (adjusted from 120)
|  Per-Instance Resources: mem-estimate=16.02MB mem-reservation=4.00MB thread-reservation=1
|  max-parallelism=110 segment-costs=[1043704170, 123]
|  29:AGGREGATE
|  |  output: count()
|  |  mem-estimate=16.00KB mem-reservation=0B spill-buffer=2.00MB thread-reservation=0
|  |  tuple-ids=54 row-size=8B cardinality=120 cost=60479546
|  |  in pipelines: 29(GETNEXT), 28(OPEN)
|  |
|  28:SCAN HDFS [tpcds_partitioned_parquet_snap.store_sales, RANDOM]
|     HDFS partitions=1824/1824 files=1824 size=389.90GB
|     predicates: tpcds_partitioned_parquet_snap.store_sales_13.ss_quantity <= CAST(20 AS INT), tpcds_partitioned_parquet_snap.store_sales_13.ss_quantity >= CAST(1 AS INT)
|     stored statistics:
|       table: rows=8.64G size=389.90GB
|       partitions: 1824/1824 rows=8.64G
|       columns: all
|     extrapolated-rows=disabled max-scan-range-rows=390.22M
|     parquet statistics predicates: tpcds_partitioned_parquet_snap.store_sales_13.ss_quantity <= CAST(20 AS INT), tpcds_partitioned_parquet_snap.store_sales_13.ss_quantity >= CAST(1 AS INT)
|     parquet dictionary predicates: tpcds_partitioned_parquet_snap.store_sales_13.ss_quantity <= CAST(20 AS INT), tpcds_partitioned_parquet_snap.store_sales_13.ss_quantity >= CAST(1 AS INT)
|     mem-estimate=16.00MB mem-reservation=4.00MB thread-reservation=0
|     tuple-ids=52 row-size=4B cardinality=863.99M cost=983224624
|     in pipelines: 28(GETNEXT)
|
30:SCAN HDFS [tpcds_partitioned_parquet_snap.reason, RANDOM]
   HDFS partitions=1/1 files=1 size=2.49KB
   predicates: tpcds_partitioned_parquet_snap.reason.r_reason_sk = CAST(1 AS INT)
   stored statistics:
     table: rows=67 size=2.49KB
     columns: all
   extrapolated-rows=disabled max-scan-range-rows=67
   parquet statistics predicates: tpcds_partitioned_parquet_snap.reason.r_reason_sk = CAST(1 AS INT)
   parquet dictionary predicates: tpcds_partitioned_parquet_snap.reason.r_reason_sk = CAST(1 AS INT)
   mem-estimate=16.00MB mem-reservation=8.00KB thread-reservation=0
   tuple-ids=55 row-size=4B cardinality=1 cost=5
   in pipelines: 30(GETNEXT)
---- PARALLELPLANS
Max Per-Host Resource Reservation: Memory=1.16GB Threads=207
Per-Host Resource Estimates: Memory=2.76GB
F31:PLAN FRAGMENT [UNPARTITIONED] hosts=1 instances=1
|  Per-Instance Resources: mem-estimate=4.02MB mem-reservation=4.00MB thread-reservation=1
|  max-parallelism=1 segment-costs=[6] cpu-comparison-result=1750 [max(2 (self) vs 1750 (sum children))]
PLAN-ROOT SINK
|  output exprs: CASE WHEN count() > CAST(2972190 AS BIGINT) THEN avg(tpcds_partitioned_parquet_snap.store_sales_12.ss_ext_discount_amt) ELSE avg(tpcds_partitioned_parquet_snap.store_sales_11.ss_net_profit) END, CASE WHEN count() > CAST(111711138 AS BIGINT) THEN avg(tpcds_partitioned_parquet_snap.store_sales_9.ss_ext_discount_amt) ELSE avg(tpcds_partitioned_parquet_snap.store_sales_8.ss_net_profit) END, CASE WHEN count() > CAST(127958920 AS BIGINT) THEN avg(tpcds_partitioned_parquet_snap.store_sales_6.ss_ext_discount_amt) ELSE avg(tpcds_partitioned_parquet_snap.store_sales_5.ss_net_profit) END, CASE WHEN count() > CAST(41162107 AS BIGINT) THEN avg(tpcds_partitioned_parquet_snap.store_sales_3.ss_ext_discount_amt) ELSE avg(tpcds_partitioned_parquet_snap.store_sales_2.ss_net_profit) END, CASE WHEN count() > CAST(25211875 AS BIGINT) THEN avg(tpcds_partitioned_parquet_snap.store_sales_0.ss_ext_discount_amt) ELSE avg(tpcds_partitioned_parquet_snap.store_sales.ss_net_profit) END
|  mem-estimate=4.00MB mem-reservation=4.00MB spill-buffer=2.00MB thread-reservation=0 cost=5
|
91:EXCHANGE [UNPARTITIONED]
|  mem-estimate=16.00KB mem-reservation=0B thread-reservation=0
|  tuple-ids=55,54N,51N,47N,43N,40N,36N,32N,29N,25N,21N,18N,14N,10N,7N,3N row-size=124B cardinality=1 cost=1
|  in pipelines: 30(GETNEXT)
|
F00:PLAN FRAGMENT [RANDOM] hosts=1 instances=1
Per-Instance Resources: mem-estimate=16.73MB mem-reservation=8.00KB thread-reservation=1
max-parallelism=1 segment-costs=[21]
45:NESTED LOOP JOIN [LEFT OUTER JOIN, BROADCAST]
|  join table id: 00
|  mem-estimate=0B mem-reservation=0B thread-reservation=0
|  tuple-ids=55,54N,51N,47N,43N,40N,36N,32N,29N,25N,21N,18N,14N,10N,7N,3N row-size=124B cardinality=1 cost=0
|  in pipelines: 30(GETNEXT), 89(OPEN)
|
|--F32:PLAN FRAGMENT [RANDOM] hosts=1 instances=1
|  |  Per-Instance Resources: mem-estimate=16.01KB mem-reservation=0B thread-reservation=1
|  |  max-parallelism=1 segment-costs=[0] cpu-comparison-result=120 [max(1 (self) vs 120 (sum children))]
|  JOIN BUILD
|  |  join-table-id=00 plan-id=01 cohort-id=01
|  |  mem-estimate=8B mem-reservation=0B thread-reservation=0 cost=0
|  |
|  90:EXCHANGE [BROADCAST]
|  |  mem-estimate=16.00KB mem-reservation=0B thread-reservation=0
|  |  tuple-ids=3 row-size=8B cardinality=1 cost=0
|  |  in pipelines: 89(GETNEXT)
|  |
|  F30:PLAN FRAGMENT [UNPARTITIONED] hosts=1 instances=1
|  Per-Instance Resources: mem-estimate=184.84KB mem-reservation=0B thread-reservation=1
|  max-parallelism=1 segment-costs=[25, 0] cpu-comparison-result=120 [max(1 (self) vs 120 (sum children))]
|  89:AGGREGATE [FINALIZE]
|  |  output: avg:merge(tpcds_partitioned_parquet_snap.store_sales.ss_net_profit)
|  |  mem-estimate=16.00KB mem-reservation=0B spill-buffer=2.00MB thread-reservation=0
|  |  tuple-ids=3 row-size=8B cardinality=1 cost=8
|  |  in pipelines: 89(GETNEXT), 01(OPEN)
|  |
|  88:EXCHANGE [UNPARTITIONED]
|  |  mem-estimate=168.84KB mem-reservation=0B thread-reservation=0
|  |  tuple-ids=2 row-size=8B cardinality=120 cost=17
|  |  in pipelines: 01(GETNEXT)
|  |
|  F29:PLAN FRAGMENT [RANDOM] hosts=10 instances=120
|  Per-Instance Resources: mem-estimate=16.02MB mem-reservation=8.00MB thread-reservation=1
|  max-parallelism=160 segment-costs=[1541364438, 123]
|  01:AGGREGATE
|  |  output: avg(tpcds_partitioned_parquet_snap.store_sales.ss_net_profit)
|  |  mem-estimate=16.00KB mem-reservation=0B spill-buffer=2.00MB thread-reservation=0
|  |  tuple-ids=2 row-size=8B cardinality=120 cost=60479546
|  |  in pipelines: 01(GETNEXT), 00(OPEN)
|  |
|  00:SCAN HDFS [tpcds_partitioned_parquet_snap.store_sales, RANDOM]
|     HDFS partitions=1824/1824 files=1824 size=389.90GB
|     predicates: tpcds_partitioned_parquet_snap.store_sales.ss_quantity <= CAST(100 AS INT), tpcds_partitioned_parquet_snap.store_sales.ss_quantity >= CAST(81 AS INT)
|     stored statistics:
|       table: rows=8.64G size=389.90GB
|       partitions: 1824/1824 rows=8.64G
|       columns: all
|     extrapolated-rows=disabled max-scan-range-rows=390.22M
|     parquet statistics predicates: tpcds_partitioned_parquet_snap.store_sales.ss_quantity <= CAST(100 AS INT), tpcds_partitioned_parquet_snap.store_sales.ss_quantity >= CAST(81 AS INT)
|     parquet dictionary predicates: tpcds_partitioned_parquet_snap.store_sales.ss_quantity <= CAST(100 AS INT), tpcds_partitioned_parquet_snap.store_sales.ss_quantity >= CAST(81 AS INT)
|     mem-estimate=16.00MB mem-reservation=8.00MB thread-reservation=0
|     tuple-ids=0 row-size=8B cardinality=863.99M cost=1480884892
|     in pipelines: 00(GETNEXT)
|
44:NESTED LOOP JOIN [LEFT OUTER JOIN, BROADCAST]
|  join table id: 01
|  mem-estimate=0B mem-reservation=0B thread-reservation=0
|  tuple-ids=55,54N,51N,47N,43N,40N,36N,32N,29N,25N,21N,18N,14N,10N,7N row-size=116B cardinality=1 cost=0
|  in pipelines: 30(GETNEXT), 86(OPEN)
|
|--F33:PLAN FRAGMENT [RANDOM] hosts=1 instances=1
|  |  Per-Instance Resources: mem-estimate=16.01KB mem-reservation=0B thread-reservation=1
|  |  max-parallelism=1 segment-costs=[0] cpu-comparison-result=120 [max(1 (self) vs 120 (sum children))]
|  JOIN BUILD
|  |  join-table-id=01 plan-id=02 cohort-id=01
|  |  mem-estimate=8B mem-reservation=0B thread-reservation=0 cost=0
|  |
|  87:EXCHANGE [BROADCAST]
|  |  mem-estimate=16.00KB mem-reservation=0B thread-reservation=0
|  |  tuple-ids=7 row-size=8B cardinality=1 cost=0
|  |  in pipelines: 86(GETNEXT)
|  |
|  F28:PLAN FRAGMENT [UNPARTITIONED] hosts=1 instances=1
|  Per-Instance Resources: mem-estimate=184.84KB mem-reservation=0B thread-reservation=1
|  max-parallelism=1 segment-costs=[25, 0] cpu-comparison-result=120 [max(1 (self) vs 120 (sum children))]
|  86:AGGREGATE [FINALIZE]
|  |  output: avg:merge(tpcds_partitioned_parquet_snap.store_sales_0.ss_ext_discount_amt)
|  |  mem-estimate=16.00KB mem-reservation=0B spill-buffer=2.00MB thread-reservation=0
|  |  tuple-ids=7 row-size=8B cardinality=1 cost=8
|  |  in pipelines: 86(GETNEXT), 03(OPEN)
|  |
|  85:EXCHANGE [UNPARTITIONED]
|  |  mem-estimate=168.84KB mem-reservation=0B thread-reservation=0
|  |  tuple-ids=6 row-size=8B cardinality=120 cost=17
|  |  in pipelines: 03(GETNEXT)
|  |
|  F27:PLAN FRAGMENT [RANDOM] hosts=10 instances=120
|  Per-Instance Resources: mem-estimate=16.02MB mem-reservation=8.00MB thread-reservation=1
|  max-parallelism=160 segment-costs=[1541364438, 123]
|  03:AGGREGATE
|  |  output: avg(tpcds_partitioned_parquet_snap.store_sales_0.ss_ext_discount_amt)
|  |  mem-estimate=16.00KB mem-reservation=0B spill-buffer=2.00MB thread-reservation=0
|  |  tuple-ids=6 row-size=8B cardinality=120 cost=60479546
|  |  in pipelines: 03(GETNEXT), 02(OPEN)
|  |
|  02:SCAN HDFS [tpcds_partitioned_parquet_snap.store_sales, RANDOM]
|     HDFS partitions=1824/1824 files=1824 size=389.90GB
|     predicates: tpcds_partitioned_parquet_snap.store_sales_0.ss_quantity <= CAST(100 AS INT), tpcds_partitioned_parquet_snap.store_sales_0.ss_quantity >= CAST(81 AS INT)
|     stored statistics:
|       table: rows=8.64G size=389.90GB
|       partitions: 1824/1824 rows=8.64G
|       columns: all
|     extrapolated-rows=disabled max-scan-range-rows=390.22M
|     parquet statistics predicates: tpcds_partitioned_parquet_snap.store_sales_0.ss_quantity <= CAST(100 AS INT), tpcds_partitioned_parquet_snap.store_sales_0.ss_quantity >= CAST(81 AS INT)
|     parquet dictionary predicates: tpcds_partitioned_parquet_snap.store_sales_0.ss_quantity <= CAST(100 AS INT), tpcds_partitioned_parquet_snap.store_sales_0.ss_quantity >= CAST(81 AS INT)
|     mem-estimate=16.00MB mem-reservation=8.00MB thread-reservation=0
|     tuple-ids=4 row-size=8B cardinality=863.99M cost=1480884892
|     in pipelines: 02(GETNEXT)
|
43:NESTED LOOP JOIN [LEFT OUTER JOIN, BROADCAST]
|  join table id: 02
|  mem-estimate=0B mem-reservation=0B thread-reservation=0
|  tuple-ids=55,54N,51N,47N,43N,40N,36N,32N,29N,25N,21N,18N,14N,10N row-size=108B cardinality=1 cost=0
|  in pipelines: 30(GETNEXT), 83(OPEN)
|
|--F34:PLAN FRAGMENT [RANDOM] hosts=1 instances=1
|  |  Per-Instance Resources: mem-estimate=16.01KB mem-reservation=0B thread-reservation=1
|  |  max-parallelism=1 segment-costs=[0] cpu-comparison-result=110 [max(1 (self) vs 110 (sum children))]
|  JOIN BUILD
|  |  join-table-id=02 plan-id=03 cohort-id=01
|  |  mem-estimate=8B mem-reservation=0B thread-reservation=0 cost=0
|  |
|  84:EXCHANGE [BROADCAST]
|  |  mem-estimate=16.00KB mem-reservation=0B thread-reservation=0
|  |  tuple-ids=10 row-size=8B cardinality=1 cost=0
|  |  in pipelines: 83(GETNEXT)
|  |
|  F26:PLAN FRAGMENT [UNPARTITIONED] hosts=1 instances=1
|  Per-Instance Resources: mem-estimate=170.78KB mem-reservation=0B thread-reservation=1
|  max-parallelism=1 segment-costs=[25, 0] cpu-comparison-result=110 [max(1 (self) vs 110 (sum children))]
|  83:AGGREGATE [FINALIZE]
|  |  output: count:merge()
|  |  mem-estimate=16.00KB mem-reservation=0B spill-buffer=2.00MB thread-reservation=0
|  |  tuple-ids=10 row-size=8B cardinality=1 cost=8
|  |  in pipelines: 83(GETNEXT), 05(OPEN)
|  |
|  82:EXCHANGE [UNPARTITIONED]
|  |  mem-estimate=154.78KB mem-reservation=0B thread-reservation=0
|  |  tuple-ids=10 row-size=8B cardinality=120 cost=17
|  |  in pipelines: 05(GETNEXT)
|  |
|  F25:PLAN FRAGMENT [RANDOM] hosts=10 instances=110 (adjusted from 120)
|  Per-Instance Resources: mem-estimate=16.02MB mem-reservation=4.00MB thread-reservation=1
|  max-parallelism=110 segment-costs=[1043704170, 123]
|  05:AGGREGATE
|  |  output: count()
|  |  mem-estimate=16.00KB mem-reservation=0B spill-buffer=2.00MB thread-reservation=0
|  |  tuple-ids=10 row-size=8B cardinality=120 cost=60479546
|  |  in pipelines: 05(GETNEXT), 04(OPEN)
|  |
|  04:SCAN HDFS [tpcds_partitioned_parquet_snap.store_sales, RANDOM]
|     HDFS partitions=1824/1824 files=1824 size=389.90GB
|     predicates: tpcds_partitioned_parquet_snap.store_sales_1.ss_quantity <= CAST(100 AS INT), tpcds_partitioned_parquet_snap.store_sales_1.ss_quantity >= CAST(81 AS INT)
|     stored statistics:
|       table: rows=8.64G size=389.90GB
|       partitions: 1824/1824 rows=8.64G
|       columns: all
|     extrapolated-rows=disabled max-scan-range-rows=390.22M
|     parquet statistics predicates: tpcds_partitioned_parquet_snap.store_sales_1.ss_quantity <= CAST(100 AS INT), tpcds_partitioned_parquet_snap.store_sales_1.ss_quantity >= CAST(81 AS INT)
|     parquet dictionary predicates: tpcds_partitioned_parquet_snap.store_sales_1.ss_quantity <= CAST(100 AS INT), tpcds_partitioned_parquet_snap.store_sales_1.ss_quantity >= CAST(81 AS INT)
|     mem-estimate=16.00MB mem-reservation=4.00MB thread-reservation=0
|     tuple-ids=8 row-size=4B cardinality=863.99M cost=983224624
|     in pipelines: 04(GETNEXT)
|
42:NESTED LOOP JOIN [LEFT OUTER JOIN, BROADCAST]
|  join table id: 03
|  mem-estimate=0B mem-reservation=0B thread-reservation=0
|  tuple-ids=55,54N,51N,47N,43N,40N,36N,32N,29N,25N,21N,18N,14N row-size=100B cardinality=1 cost=0
|  in pipelines: 30(GETNEXT), 80(OPEN)
|
|--F35:PLAN FRAGMENT [RANDOM] hosts=1 instances=1
|  |  Per-Instance Resources: mem-estimate=16.01KB mem-reservation=0B thread-reservation=1
|  |  max-parallelism=1 segment-costs=[0] cpu-comparison-result=120 [max(1 (self) vs 120 (sum children))]
|  JOIN BUILD
|  |  join-table-id=03 plan-id=04 cohort-id=01
|  |  mem-estimate=8B mem-reservation=0B thread-reservation=0 cost=0
|  |
|  81:EXCHANGE [BROADCAST]
|  |  mem-estimate=16.00KB mem-reservation=0B thread-reservation=0
|  |  tuple-ids=14 row-size=8B cardinality=1 cost=0
|  |  in pipelines: 80(GETNEXT)
|  |
|  F24:PLAN FRAGMENT [UNPARTITIONED] hosts=1 instances=1
|  Per-Instance Resources: mem-estimate=184.84KB mem-reservation=0B thread-reservation=1
|  max-parallelism=1 segment-costs=[25, 0] cpu-comparison-result=120 [max(1 (self) vs 120 (sum children))]
|  80:AGGREGATE [FINALIZE]
|  |  output: avg:merge(tpcds_partitioned_parquet_snap.store_sales_2.ss_net_profit)
|  |  mem-estimate=16.00KB mem-reservation=0B spill-buffer=2.00MB thread-reservation=0
|  |  tuple-ids=14 row-size=8B cardinality=1 cost=8
|  |  in pipelines: 80(GETNEXT), 07(OPEN)
|  |
|  79:EXCHANGE [UNPARTITIONED]
|  |  mem-estimate=168.84KB mem-reservation=0B thread-reservation=0
|  |  tuple-ids=13 row-size=8B cardinality=120 cost=17
|  |  in pipelines: 07(GETNEXT)
|  |
|  F23:PLAN FRAGMENT [RANDOM] hosts=10 instances=120
|  Per-Instance Resources: mem-estimate=16.02MB mem-reservation=8.00MB thread-reservation=1
|  max-parallelism=160 segment-costs=[1541364438, 123]
|  07:AGGREGATE
|  |  output: avg(tpcds_partitioned_parquet_snap.store_sales_2.ss_net_profit)
|  |  mem-estimate=16.00KB mem-reservation=0B spill-buffer=2.00MB thread-reservation=0
|  |  tuple-ids=13 row-size=8B cardinality=120 cost=60479546
|  |  in pipelines: 07(GETNEXT), 06(OPEN)
|  |
|  06:SCAN HDFS [tpcds_partitioned_parquet_snap.store_sales, RANDOM]
|     HDFS partitions=1824/1824 files=1824 size=389.90GB
|     predicates: tpcds_partitioned_parquet_snap.store_sales_2.ss_quantity <= CAST(80 AS INT), tpcds_partitioned_parquet_snap.store_sales_2.ss_quantity >= CAST(61 AS INT)
|     stored statistics:
|       table: rows=8.64G size=389.90GB
|       partitions: 1824/1824 rows=8.64G
|       columns: all
|     extrapolated-rows=disabled max-scan-range-rows=390.22M
|     parquet statistics predicates: tpcds_partitioned_parquet_snap.store_sales_2.ss_quantity <= CAST(80 AS INT), tpcds_partitioned_parquet_snap.store_sales_2.ss_quantity >= CAST(61 AS INT)
|     parquet dictionary predicates: tpcds_partitioned_parquet_snap.store_sales_2.ss_quantity <= CAST(80 AS INT), tpcds_partitioned_parquet_snap.store_sales_2.ss_quantity >= CAST(61 AS INT)
|     mem-estimate=16.00MB mem-reservation=8.00MB thread-reservation=0
|     tuple-ids=11 row-size=8B cardinality=863.99M cost=1480884892
|     in pipelines: 06(GETNEXT)
|
41:NESTED LOOP JOIN [LEFT OUTER JOIN, BROADCAST]
|  join table id: 04
|  mem-estimate=0B mem-reservation=0B thread-reservation=0
|  tuple-ids=55,54N,51N,47N,43N,40N,36N,32N,29N,25N,21N,18N row-size=92B cardinality=1 cost=0
|  in pipelines: 30(GETNEXT), 77(OPEN)
|
|--F36:PLAN FRAGMENT [RANDOM] hosts=1 instances=1
|  |  Per-Instance Resources: mem-estimate=16.01KB mem-reservation=0B thread-reservation=1
|  |  max-parallelism=1 segment-costs=[0] cpu-comparison-result=120 [max(1 (self) vs 120 (sum children))]
|  JOIN BUILD
|  |  join-table-id=04 plan-id=05 cohort-id=01
|  |  mem-estimate=8B mem-reservation=0B thread-reservation=0 cost=0
|  |
|  78:EXCHANGE [BROADCAST]
|  |  mem-estimate=16.00KB mem-reservation=0B thread-reservation=0
|  |  tuple-ids=18 row-size=8B cardinality=1 cost=0
|  |  in pipelines: 77(GETNEXT)
|  |
|  F22:PLAN FRAGMENT [UNPARTITIONED] hosts=1 instances=1
|  Per-Instance Resources: mem-estimate=184.84KB mem-reservation=0B thread-reservation=1
|  max-parallelism=1 segment-costs=[25, 0] cpu-comparison-result=120 [max(1 (self) vs 120 (sum children))]
|  77:AGGREGATE [FINALIZE]
|  |  output: avg:merge(tpcds_partitioned_parquet_snap.store_sales_3.ss_ext_discount_amt)
|  |  mem-estimate=16.00KB mem-reservation=0B spill-buffer=2.00MB thread-reservation=0
|  |  tuple-ids=18 row-size=8B cardinality=1 cost=8
|  |  in pipelines: 77(GETNEXT), 09(OPEN)
|  |
|  76:EXCHANGE [UNPARTITIONED]
|  |  mem-estimate=168.84KB mem-reservation=0B thread-reservation=0
|  |  tuple-ids=17 row-size=8B cardinality=120 cost=17
|  |  in pipelines: 09(GETNEXT)
|  |
|  F21:PLAN FRAGMENT [RANDOM] hosts=10 instances=120
|  Per-Instance Resources: mem-estimate=16.02MB mem-reservation=8.00MB thread-reservation=1
|  max-parallelism=160 segment-costs=[1541364438, 123]
|  09:AGGREGATE
|  |  output: avg(tpcds_partitioned_parquet_snap.store_sales_3.ss_ext_discount_amt)
|  |  mem-estimate=16.00KB mem-reservation=0B spill-buffer=2.00MB thread-reservation=0
|  |  tuple-ids=17 row-size=8B cardinality=120 cost=60479546
|  |  in pipelines: 09(GETNEXT), 08(OPEN)
|  |
|  08:SCAN HDFS [tpcds_partitioned_parquet_snap.store_sales, RANDOM]
|     HDFS partitions=1824/1824 files=1824 size=389.90GB
|     predicates: tpcds_partitioned_parquet_snap.store_sales_3.ss_quantity <= CAST(80 AS INT), tpcds_partitioned_parquet_snap.store_sales_3.ss_quantity >= CAST(61 AS INT)
|     stored statistics:
|       table: rows=8.64G size=389.90GB
|       partitions: 1824/1824 rows=8.64G
|       columns: all
|     extrapolated-rows=disabled max-scan-range-rows=390.22M
|     parquet statistics predicates: tpcds_partitioned_parquet_snap.store_sales_3.ss_quantity <= CAST(80 AS INT), tpcds_partitioned_parquet_snap.store_sales_3.ss_quantity >= CAST(61 AS INT)
|     parquet dictionary predicates: tpcds_partitioned_parquet_snap.store_sales_3.ss_quantity <= CAST(80 AS INT), tpcds_partitioned_parquet_snap.store_sales_3.ss_quantity >= CAST(61 AS INT)
|     mem-estimate=16.00MB mem-reservation=8.00MB thread-reservation=0
|     tuple-ids=15 row-size=8B cardinality=863.99M cost=1480884892
|     in pipelines: 08(GETNEXT)
|
40:NESTED LOOP JOIN [LEFT OUTER JOIN, BROADCAST]
|  join table id: 05
|  mem-estimate=0B mem-reservation=0B thread-reservation=0
|  tuple-ids=55,54N,51N,47N,43N,40N,36N,32N,29N,25N,21N row-size=84B cardinality=1 cost=0
|  in pipelines: 30(GETNEXT), 74(OPEN)
|
|--F37:PLAN FRAGMENT [RANDOM] hosts=1 instances=1
|  |  Per-Instance Resources: mem-estimate=16.01KB mem-reservation=0B thread-reservation=1
|  |  max-parallelism=1 segment-costs=[0] cpu-comparison-result=110 [max(1 (self) vs 110 (sum children))]
|  JOIN BUILD
|  |  join-table-id=05 plan-id=06 cohort-id=01
|  |  mem-estimate=8B mem-reservation=0B thread-reservation=0 cost=0
|  |
|  75:EXCHANGE [BROADCAST]
|  |  mem-estimate=16.00KB mem-reservation=0B thread-reservation=0
|  |  tuple-ids=21 row-size=8B cardinality=1 cost=0
|  |  in pipelines: 74(GETNEXT)
|  |
|  F20:PLAN FRAGMENT [UNPARTITIONED] hosts=1 instances=1
|  Per-Instance Resources: mem-estimate=170.78KB mem-reservation=0B thread-reservation=1
|  max-parallelism=1 segment-costs=[25, 0] cpu-comparison-result=110 [max(1 (self) vs 110 (sum children))]
|  74:AGGREGATE [FINALIZE]
|  |  output: count:merge()
|  |  mem-estimate=16.00KB mem-reservation=0B spill-buffer=2.00MB thread-reservation=0
|  |  tuple-ids=21 row-size=8B cardinality=1 cost=8
|  |  in pipelines: 74(GETNEXT), 11(OPEN)
|  |
|  73:EXCHANGE [UNPARTITIONED]
|  |  mem-estimate=154.78KB mem-reservation=0B thread-reservation=0
|  |  tuple-ids=21 row-size=8B cardinality=120 cost=17
|  |  in pipelines: 11(GETNEXT)
|  |
|  F19:PLAN FRAGMENT [RANDOM] hosts=10 instances=110 (adjusted from 120)
|  Per-Instance Resources: mem-estimate=16.02MB mem-reservation=4.00MB thread-reservation=1
|  max-parallelism=110 segment-costs=[1043704170, 123]
|  11:AGGREGATE
|  |  output: count()
|  |  mem-estimate=16.00KB mem-reservation=0B spill-buffer=2.00MB thread-reservation=0
|  |  tuple-ids=21 row-size=8B cardinality=120 cost=60479546
|  |  in pipelines: 11(GETNEXT), 10(OPEN)
|  |
|  10:SCAN HDFS [tpcds_partitioned_parquet_snap.store_sales, RANDOM]
|     HDFS partitions=1824/1824 files=1824 size=389.90GB
|     predicates: tpcds_partitioned_parquet_snap.store_sales_4.ss_quantity <= CAST(80 AS INT), tpcds_partitioned_parquet_snap.store_sales_4.ss_quantity >= CAST(61 AS INT)
|     stored statistics:
|       table: rows=8.64G size=389.90GB
|       partitions: 1824/1824 rows=8.64G
|       columns: all
|     extrapolated-rows=disabled max-scan-range-rows=390.22M
|     parquet statistics predicates: tpcds_partitioned_parquet_snap.store_sales_4.ss_quantity <= CAST(80 AS INT), tpcds_partitioned_parquet_snap.store_sales_4.ss_quantity >= CAST(61 AS INT)
|     parquet dictionary predicates: tpcds_partitioned_parquet_snap.store_sales_4.ss_quantity <= CAST(80 AS INT), tpcds_partitioned_parquet_snap.store_sales_4.ss_quantity >= CAST(61 AS INT)
|     mem-estimate=16.00MB mem-reservation=4.00MB thread-reservation=0
|     tuple-ids=19 row-size=4B cardinality=863.99M cost=983224624
|     in pipelines: 10(GETNEXT)
|
39:NESTED LOOP JOIN [LEFT OUTER JOIN, BROADCAST]
|  join table id: 06
|  mem-estimate=0B mem-reservation=0B thread-reservation=0
|  tuple-ids=55,54N,51N,47N,43N,40N,36N,32N,29N,25N row-size=76B cardinality=1 cost=0
|  in pipelines: 30(GETNEXT), 71(OPEN)
|
|--F38:PLAN FRAGMENT [RANDOM] hosts=1 instances=1
|  |  Per-Instance Resources: mem-estimate=16.01KB mem-reservation=0B thread-reservation=1
|  |  max-parallelism=1 segment-costs=[0] cpu-comparison-result=120 [max(1 (self) vs 120 (sum children))]
|  JOIN BUILD
|  |  join-table-id=06 plan-id=07 cohort-id=01
|  |  mem-estimate=8B mem-reservation=0B thread-reservation=0 cost=0
|  |
|  72:EXCHANGE [BROADCAST]
|  |  mem-estimate=16.00KB mem-reservation=0B thread-reservation=0
|  |  tuple-ids=25 row-size=8B cardinality=1 cost=0
|  |  in pipelines: 71(GETNEXT)
|  |
|  F18:PLAN FRAGMENT [UNPARTITIONED] hosts=1 instances=1
|  Per-Instance Resources: mem-estimate=184.84KB mem-reservation=0B thread-reservation=1
|  max-parallelism=1 segment-costs=[25, 0] cpu-comparison-result=120 [max(1 (self) vs 120 (sum children))]
|  71:AGGREGATE [FINALIZE]
|  |  output: avg:merge(tpcds_partitioned_parquet_snap.store_sales_5.ss_net_profit)
|  |  mem-estimate=16.00KB mem-reservation=0B spill-buffer=2.00MB thread-reservation=0
|  |  tuple-ids=25 row-size=8B cardinality=1 cost=8
|  |  in pipelines: 71(GETNEXT), 13(OPEN)
|  |
|  70:EXCHANGE [UNPARTITIONED]
|  |  mem-estimate=168.84KB mem-reservation=0B thread-reservation=0
|  |  tuple-ids=24 row-size=8B cardinality=120 cost=17
|  |  in pipelines: 13(GETNEXT)
|  |
|  F17:PLAN FRAGMENT [RANDOM] hosts=10 instances=120
|  Per-Instance Resources: mem-estimate=16.02MB mem-reservation=8.00MB thread-reservation=1
|  max-parallelism=160 segment-costs=[1541364438, 123]
|  13:AGGREGATE
|  |  output: avg(tpcds_partitioned_parquet_snap.store_sales_5.ss_net_profit)
|  |  mem-estimate=16.00KB mem-reservation=0B spill-buffer=2.00MB thread-reservation=0
|  |  tuple-ids=24 row-size=8B cardinality=120 cost=60479546
|  |  in pipelines: 13(GETNEXT), 12(OPEN)
|  |
|  12:SCAN HDFS [tpcds_partitioned_parquet_snap.store_sales, RANDOM]
|     HDFS partitions=1824/1824 files=1824 size=389.90GB
|     predicates: tpcds_partitioned_parquet_snap.store_sales_5.ss_quantity <= CAST(60 AS INT), tpcds_partitioned_parquet_snap.store_sales_5.ss_quantity >= CAST(41 AS INT)
|     stored statistics:
|       table: rows=8.64G size=389.90GB
|       partitions: 1824/1824 rows=8.64G
|       columns: all
|     extrapolated-rows=disabled max-scan-range-rows=390.22M
|     parquet statistics predicates: tpcds_partitioned_parquet_snap.store_sales_5.ss_quantity <= CAST(60 AS INT), tpcds_partitioned_parquet_snap.store_sales_5.ss_quantity >= CAST(41 AS INT)
|     parquet dictionary predicates: tpcds_partitioned_parquet_snap.store_sales_5.ss_quantity <= CAST(60 AS INT), tpcds_partitioned_parquet_snap.store_sales_5.ss_quantity >= CAST(41 AS INT)
|     mem-estimate=16.00MB mem-reservation=8.00MB thread-reservation=0
|     tuple-ids=22 row-size=8B cardinality=863.99M cost=1480884892
|     in pipelines: 12(GETNEXT)
|
38:NESTED LOOP JOIN [LEFT OUTER JOIN, BROADCAST]
|  join table id: 07
|  mem-estimate=0B mem-reservation=0B thread-reservation=0
|  tuple-ids=55,54N,51N,47N,43N,40N,36N,32N,29N row-size=68B cardinality=1 cost=0
|  in pipelines: 30(GETNEXT), 68(OPEN)
|
|--F39:PLAN FRAGMENT [RANDOM] hosts=1 instances=1
|  |  Per-Instance Resources: mem-estimate=16.01KB mem-reservation=0B thread-reservation=1
|  |  max-parallelism=1 segment-costs=[0] cpu-comparison-result=120 [max(1 (self) vs 120 (sum children))]
|  JOIN BUILD
|  |  join-table-id=07 plan-id=08 cohort-id=01
|  |  mem-estimate=8B mem-reservation=0B thread-reservation=0 cost=0
|  |
|  69:EXCHANGE [BROADCAST]
|  |  mem-estimate=16.00KB mem-reservation=0B thread-reservation=0
|  |  tuple-ids=29 row-size=8B cardinality=1 cost=0
|  |  in pipelines: 68(GETNEXT)
|  |
|  F16:PLAN FRAGMENT [UNPARTITIONED] hosts=1 instances=1
|  Per-Instance Resources: mem-estimate=184.84KB mem-reservation=0B thread-reservation=1
|  max-parallelism=1 segment-costs=[25, 0] cpu-comparison-result=120 [max(1 (self) vs 120 (sum children))]
|  68:AGGREGATE [FINALIZE]
|  |  output: avg:merge(tpcds_partitioned_parquet_snap.store_sales_6.ss_ext_discount_amt)
|  |  mem-estimate=16.00KB mem-reservation=0B spill-buffer=2.00MB thread-reservation=0
|  |  tuple-ids=29 row-size=8B cardinality=1 cost=8
|  |  in pipelines: 68(GETNEXT), 15(OPEN)
|  |
|  67:EXCHANGE [UNPARTITIONED]
|  |  mem-estimate=168.84KB mem-reservation=0B thread-reservation=0
|  |  tuple-ids=28 row-size=8B cardinality=120 cost=17
|  |  in pipelines: 15(GETNEXT)
|  |
|  F15:PLAN FRAGMENT [RANDOM] hosts=10 instances=120
|  Per-Instance Resources: mem-estimate=16.02MB mem-reservation=8.00MB thread-reservation=1
|  max-parallelism=160 segment-costs=[1541364438, 123]
|  15:AGGREGATE
|  |  output: avg(tpcds_partitioned_parquet_snap.store_sales_6.ss_ext_discount_amt)
|  |  mem-estimate=16.00KB mem-reservation=0B spill-buffer=2.00MB thread-reservation=0
|  |  tuple-ids=28 row-size=8B cardinality=120 cost=60479546
|  |  in pipelines: 15(GETNEXT), 14(OPEN)
|  |
|  14:SCAN HDFS [tpcds_partitioned_parquet_snap.store_sales, RANDOM]
|     HDFS partitions=1824/1824 files=1824 size=389.90GB
|     predicates: tpcds_partitioned_parquet_snap.store_sales_6.ss_quantity <= CAST(60 AS INT), tpcds_partitioned_parquet_snap.store_sales_6.ss_quantity >= CAST(41 AS INT)
|     stored statistics:
|       table: rows=8.64G size=389.90GB
|       partitions: 1824/1824 rows=8.64G
|       columns: all
|     extrapolated-rows=disabled max-scan-range-rows=390.22M
|     parquet statistics predicates: tpcds_partitioned_parquet_snap.store_sales_6.ss_quantity <= CAST(60 AS INT), tpcds_partitioned_parquet_snap.store_sales_6.ss_quantity >= CAST(41 AS INT)
|     parquet dictionary predicates: tpcds_partitioned_parquet_snap.store_sales_6.ss_quantity <= CAST(60 AS INT), tpcds_partitioned_parquet_snap.store_sales_6.ss_quantity >= CAST(41 AS INT)
|     mem-estimate=16.00MB mem-reservation=8.00MB thread-reservation=0
|     tuple-ids=26 row-size=8B cardinality=863.99M cost=1480884892
|     in pipelines: 14(GETNEXT)
|
37:NESTED LOOP JOIN [LEFT OUTER JOIN, BROADCAST]
|  join table id: 08
|  mem-estimate=0B mem-reservation=0B thread-reservation=0
|  tuple-ids=55,54N,51N,47N,43N,40N,36N,32N row-size=60B cardinality=1 cost=0
|  in pipelines: 30(GETNEXT), 65(OPEN)
|
|--F40:PLAN FRAGMENT [RANDOM] hosts=1 instances=1
|  |  Per-Instance Resources: mem-estimate=16.01KB mem-reservation=0B thread-reservation=1
|  |  max-parallelism=1 segment-costs=[0] cpu-comparison-result=110 [max(1 (self) vs 110 (sum children))]
|  JOIN BUILD
|  |  join-table-id=08 plan-id=09 cohort-id=01
|  |  mem-estimate=8B mem-reservation=0B thread-reservation=0 cost=0
|  |
|  66:EXCHANGE [BROADCAST]
|  |  mem-estimate=16.00KB mem-reservation=0B thread-reservation=0
|  |  tuple-ids=32 row-size=8B cardinality=1 cost=0
|  |  in pipelines: 65(GETNEXT)
|  |
|  F14:PLAN FRAGMENT [UNPARTITIONED] hosts=1 instances=1
|  Per-Instance Resources: mem-estimate=170.78KB mem-reservation=0B thread-reservation=1
|  max-parallelism=1 segment-costs=[25, 0] cpu-comparison-result=110 [max(1 (self) vs 110 (sum children))]
|  65:AGGREGATE [FINALIZE]
|  |  output: count:merge()
|  |  mem-estimate=16.00KB mem-reservation=0B spill-buffer=2.00MB thread-reservation=0
|  |  tuple-ids=32 row-size=8B cardinality=1 cost=8
|  |  in pipelines: 65(GETNEXT), 17(OPEN)
|  |
|  64:EXCHANGE [UNPARTITIONED]
|  |  mem-estimate=154.78KB mem-reservation=0B thread-reservation=0
|  |  tuple-ids=32 row-size=8B cardinality=120 cost=17
|  |  in pipelines: 17(GETNEXT)
|  |
|  F13:PLAN FRAGMENT [RANDOM] hosts=10 instances=110 (adjusted from 120)
|  Per-Instance Resources: mem-estimate=16.02MB mem-reservation=4.00MB thread-reservation=1
|  max-parallelism=110 segment-costs=[1043704170, 123]
|  17:AGGREGATE
|  |  output: count()
|  |  mem-estimate=16.00KB mem-reservation=0B spill-buffer=2.00MB thread-reservation=0
|  |  tuple-ids=32 row-size=8B cardinality=120 cost=60479546
|  |  in pipelines: 17(GETNEXT), 16(OPEN)
|  |
|  16:SCAN HDFS [tpcds_partitioned_parquet_snap.store_sales, RANDOM]
|     HDFS partitions=1824/1824 files=1824 size=389.90GB
|     predicates: tpcds_partitioned_parquet_snap.store_sales_7.ss_quantity <= CAST(60 AS INT), tpcds_partitioned_parquet_snap.store_sales_7.ss_quantity >= CAST(41 AS INT)
|     stored statistics:
|       table: rows=8.64G size=389.90GB
|       partitions: 1824/1824 rows=8.64G
|       columns: all
|     extrapolated-rows=disabled max-scan-range-rows=390.22M
|     parquet statistics predicates: tpcds_partitioned_parquet_snap.store_sales_7.ss_quantity <= CAST(60 AS INT), tpcds_partitioned_parquet_snap.store_sales_7.ss_quantity >= CAST(41 AS INT)
|     parquet dictionary predicates: tpcds_partitioned_parquet_snap.store_sales_7.ss_quantity <= CAST(60 AS INT), tpcds_partitioned_parquet_snap.store_sales_7.ss_quantity >= CAST(41 AS INT)
|     mem-estimate=16.00MB mem-reservation=4.00MB thread-reservation=0
|     tuple-ids=30 row-size=4B cardinality=863.99M cost=983224624
|     in pipelines: 16(GETNEXT)
|
36:NESTED LOOP JOIN [LEFT OUTER JOIN, BROADCAST]
|  join table id: 09
|  mem-estimate=0B mem-reservation=0B thread-reservation=0
|  tuple-ids=55,54N,51N,47N,43N,40N,36N row-size=52B cardinality=1 cost=0
|  in pipelines: 30(GETNEXT), 62(OPEN)
|
|--F41:PLAN FRAGMENT [RANDOM] hosts=1 instances=1
|  |  Per-Instance Resources: mem-estimate=16.01KB mem-reservation=0B thread-reservation=1
|  |  max-parallelism=1 segment-costs=[0] cpu-comparison-result=120 [max(1 (self) vs 120 (sum children))]
|  JOIN BUILD
|  |  join-table-id=09 plan-id=10 cohort-id=01
|  |  mem-estimate=8B mem-reservation=0B thread-reservation=0 cost=0
|  |
|  63:EXCHANGE [BROADCAST]
|  |  mem-estimate=16.00KB mem-reservation=0B thread-reservation=0
|  |  tuple-ids=36 row-size=8B cardinality=1 cost=0
|  |  in pipelines: 62(GETNEXT)
|  |
|  F12:PLAN FRAGMENT [UNPARTITIONED] hosts=1 instances=1
|  Per-Instance Resources: mem-estimate=184.84KB mem-reservation=0B thread-reservation=1
|  max-parallelism=1 segment-costs=[25, 0] cpu-comparison-result=120 [max(1 (self) vs 120 (sum children))]
|  62:AGGREGATE [FINALIZE]
|  |  output: avg:merge(tpcds_partitioned_parquet_snap.store_sales_8.ss_net_profit)
|  |  mem-estimate=16.00KB mem-reservation=0B spill-buffer=2.00MB thread-reservation=0
|  |  tuple-ids=36 row-size=8B cardinality=1 cost=8
|  |  in pipelines: 62(GETNEXT), 19(OPEN)
|  |
|  61:EXCHANGE [UNPARTITIONED]
|  |  mem-estimate=168.84KB mem-reservation=0B thread-reservation=0
|  |  tuple-ids=35 row-size=8B cardinality=120 cost=17
|  |  in pipelines: 19(GETNEXT)
|  |
|  F11:PLAN FRAGMENT [RANDOM] hosts=10 instances=120
|  Per-Instance Resources: mem-estimate=16.02MB mem-reservation=8.00MB thread-reservation=1
|  max-parallelism=160 segment-costs=[1541364438, 123]
|  19:AGGREGATE
|  |  output: avg(tpcds_partitioned_parquet_snap.store_sales_8.ss_net_profit)
|  |  mem-estimate=16.00KB mem-reservation=0B spill-buffer=2.00MB thread-reservation=0
|  |  tuple-ids=35 row-size=8B cardinality=120 cost=60479546
|  |  in pipelines: 19(GETNEXT), 18(OPEN)
|  |
|  18:SCAN HDFS [tpcds_partitioned_parquet_snap.store_sales, RANDOM]
|     HDFS partitions=1824/1824 files=1824 size=389.90GB
|     predicates: tpcds_partitioned_parquet_snap.store_sales_8.ss_quantity <= CAST(40 AS INT), tpcds_partitioned_parquet_snap.store_sales_8.ss_quantity >= CAST(21 AS INT)
|     stored statistics:
|       table: rows=8.64G size=389.90GB
|       partitions: 1824/1824 rows=8.64G
|       columns: all
|     extrapolated-rows=disabled max-scan-range-rows=390.22M
|     parquet statistics predicates: tpcds_partitioned_parquet_snap.store_sales_8.ss_quantity <= CAST(40 AS INT), tpcds_partitioned_parquet_snap.store_sales_8.ss_quantity >= CAST(21 AS INT)
|     parquet dictionary predicates: tpcds_partitioned_parquet_snap.store_sales_8.ss_quantity <= CAST(40 AS INT), tpcds_partitioned_parquet_snap.store_sales_8.ss_quantity >= CAST(21 AS INT)
|     mem-estimate=16.00MB mem-reservation=8.00MB thread-reservation=0
|     tuple-ids=33 row-size=8B cardinality=863.99M cost=1480884892
|     in pipelines: 18(GETNEXT)
|
35:NESTED LOOP JOIN [LEFT OUTER JOIN, BROADCAST]
|  join table id: 10
|  mem-estimate=0B mem-reservation=0B thread-reservation=0
|  tuple-ids=55,54N,51N,47N,43N,40N row-size=44B cardinality=1 cost=0
|  in pipelines: 30(GETNEXT), 59(OPEN)
|
|--F42:PLAN FRAGMENT [RANDOM] hosts=1 instances=1
|  |  Per-Instance Resources: mem-estimate=16.01KB mem-reservation=0B thread-reservation=1
|  |  max-parallelism=1 segment-costs=[0] cpu-comparison-result=120 [max(1 (self) vs 120 (sum children))]
|  JOIN BUILD
|  |  join-table-id=10 plan-id=11 cohort-id=01
|  |  mem-estimate=8B mem-reservation=0B thread-reservation=0 cost=0
|  |
|  60:EXCHANGE [BROADCAST]
|  |  mem-estimate=16.00KB mem-reservation=0B thread-reservation=0
|  |  tuple-ids=40 row-size=8B cardinality=1 cost=0
|  |  in pipelines: 59(GETNEXT)
|  |
|  F10:PLAN FRAGMENT [UNPARTITIONED] hosts=1 instances=1
|  Per-Instance Resources: mem-estimate=184.84KB mem-reservation=0B thread-reservation=1
|  max-parallelism=1 segment-costs=[25, 0] cpu-comparison-result=120 [max(1 (self) vs 120 (sum children))]
|  59:AGGREGATE [FINALIZE]
|  |  output: avg:merge(tpcds_partitioned_parquet_snap.store_sales_9.ss_ext_discount_amt)
|  |  mem-estimate=16.00KB mem-reservation=0B spill-buffer=2.00MB thread-reservation=0
|  |  tuple-ids=40 row-size=8B cardinality=1 cost=8
|  |  in pipelines: 59(GETNEXT), 21(OPEN)
|  |
|  58:EXCHANGE [UNPARTITIONED]
|  |  mem-estimate=168.84KB mem-reservation=0B thread-reservation=0
|  |  tuple-ids=39 row-size=8B cardinality=120 cost=17
|  |  in pipelines: 21(GETNEXT)
|  |
|  F09:PLAN FRAGMENT [RANDOM] hosts=10 instances=120
|  Per-Instance Resources: mem-estimate=16.02MB mem-reservation=8.00MB thread-reservation=1
|  max-parallelism=160 segment-costs=[1541364438, 123]
|  21:AGGREGATE
|  |  output: avg(tpcds_partitioned_parquet_snap.store_sales_9.ss_ext_discount_amt)
|  |  mem-estimate=16.00KB mem-reservation=0B spill-buffer=2.00MB thread-reservation=0
|  |  tuple-ids=39 row-size=8B cardinality=120 cost=60479546
|  |  in pipelines: 21(GETNEXT), 20(OPEN)
|  |
|  20:SCAN HDFS [tpcds_partitioned_parquet_snap.store_sales, RANDOM]
|     HDFS partitions=1824/1824 files=1824 size=389.90GB
|     predicates: tpcds_partitioned_parquet_snap.store_sales_9.ss_quantity <= CAST(40 AS INT), tpcds_partitioned_parquet_snap.store_sales_9.ss_quantity >= CAST(21 AS INT)
|     stored statistics:
|       table: rows=8.64G size=389.90GB
|       partitions: 1824/1824 rows=8.64G
|       columns: all
|     extrapolated-rows=disabled max-scan-range-rows=390.22M
|     parquet statistics predicates: tpcds_partitioned_parquet_snap.store_sales_9.ss_quantity <= CAST(40 AS INT), tpcds_partitioned_parquet_snap.store_sales_9.ss_quantity >= CAST(21 AS INT)
|     parquet dictionary predicates: tpcds_partitioned_parquet_snap.store_sales_9.ss_quantity <= CAST(40 AS INT), tpcds_partitioned_parquet_snap.store_sales_9.ss_quantity >= CAST(21 AS INT)
|     mem-estimate=16.00MB mem-reservation=8.00MB thread-reservation=0
|     tuple-ids=37 row-size=8B cardinality=863.99M cost=1480884892
|     in pipelines: 20(GETNEXT)
|
34:NESTED LOOP JOIN [LEFT OUTER JOIN, BROADCAST]
|  join table id: 11
|  mem-estimate=0B mem-reservation=0B thread-reservation=0
|  tuple-ids=55,54N,51N,47N,43N row-size=36B cardinality=1 cost=0
|  in pipelines: 30(GETNEXT), 56(OPEN)
|
|--F43:PLAN FRAGMENT [RANDOM] hosts=1 instances=1
|  |  Per-Instance Resources: mem-estimate=16.01KB mem-reservation=0B thread-reservation=1
|  |  max-parallelism=1 segment-costs=[0] cpu-comparison-result=110 [max(1 (self) vs 110 (sum children))]
|  JOIN BUILD
|  |  join-table-id=11 plan-id=12 cohort-id=01
|  |  mem-estimate=8B mem-reservation=0B thread-reservation=0 cost=0
|  |
|  57:EXCHANGE [BROADCAST]
|  |  mem-estimate=16.00KB mem-reservation=0B thread-reservation=0
|  |  tuple-ids=43 row-size=8B cardinality=1 cost=0
|  |  in pipelines: 56(GETNEXT)
|  |
|  F08:PLAN FRAGMENT [UNPARTITIONED] hosts=1 instances=1
|  Per-Instance Resources: mem-estimate=170.78KB mem-reservation=0B thread-reservation=1
|  max-parallelism=1 segment-costs=[25, 0] cpu-comparison-result=110 [max(1 (self) vs 110 (sum children))]
|  56:AGGREGATE [FINALIZE]
|  |  output: count:merge()
|  |  mem-estimate=16.00KB mem-reservation=0B spill-buffer=2.00MB thread-reservation=0
|  |  tuple-ids=43 row-size=8B cardinality=1 cost=8
|  |  in pipelines: 56(GETNEXT), 23(OPEN)
|  |
|  55:EXCHANGE [UNPARTITIONED]
|  |  mem-estimate=154.78KB mem-reservation=0B thread-reservation=0
|  |  tuple-ids=43 row-size=8B cardinality=120 cost=17
|  |  in pipelines: 23(GETNEXT)
|  |
|  F07:PLAN FRAGMENT [RANDOM] hosts=10 instances=110 (adjusted from 120)
|  Per-Instance Resources: mem-estimate=16.02MB mem-reservation=4.00MB thread-reservation=1
|  max-parallelism=110 segment-costs=[1043704170, 123]
|  23:AGGREGATE
|  |  output: count()
|  |  mem-estimate=16.00KB mem-reservation=0B spill-buffer=2.00MB thread-reservation=0
|  |  tuple-ids=43 row-size=8B cardinality=120 cost=60479546
|  |  in pipelines: 23(GETNEXT), 22(OPEN)
|  |
|  22:SCAN HDFS [tpcds_partitioned_parquet_snap.store_sales, RANDOM]
|     HDFS partitions=1824/1824 files=1824 size=389.90GB
|     predicates: tpcds_partitioned_parquet_snap.store_sales_10.ss_quantity <= CAST(40 AS INT), tpcds_partitioned_parquet_snap.store_sales_10.ss_quantity >= CAST(21 AS INT)
|     stored statistics:
|       table: rows=8.64G size=389.90GB
|       partitions: 1824/1824 rows=8.64G
|       columns: all
|     extrapolated-rows=disabled max-scan-range-rows=390.22M
|     parquet statistics predicates: tpcds_partitioned_parquet_snap.store_sales_10.ss_quantity <= CAST(40 AS INT), tpcds_partitioned_parquet_snap.store_sales_10.ss_quantity >= CAST(21 AS INT)
|     parquet dictionary predicates: tpcds_partitioned_parquet_snap.store_sales_10.ss_quantity <= CAST(40 AS INT), tpcds_partitioned_parquet_snap.store_sales_10.ss_quantity >= CAST(21 AS INT)
|     mem-estimate=16.00MB mem-reservation=4.00MB thread-reservation=0
|     tuple-ids=41 row-size=4B cardinality=863.99M cost=983224624
|     in pipelines: 22(GETNEXT)
|
33:NESTED LOOP JOIN [LEFT OUTER JOIN, BROADCAST]
|  join table id: 12
|  mem-estimate=0B mem-reservation=0B thread-reservation=0
|  tuple-ids=55,54N,51N,47N row-size=28B cardinality=1 cost=0
|  in pipelines: 30(GETNEXT), 53(OPEN)
|
|--F44:PLAN FRAGMENT [RANDOM] hosts=1 instances=1
|  |  Per-Instance Resources: mem-estimate=16.01KB mem-reservation=0B thread-reservation=1
|  |  max-parallelism=1 segment-costs=[0] cpu-comparison-result=120 [max(1 (self) vs 120 (sum children))]
|  JOIN BUILD
|  |  join-table-id=12 plan-id=13 cohort-id=01
|  |  mem-estimate=8B mem-reservation=0B thread-reservation=0 cost=0
|  |
|  54:EXCHANGE [BROADCAST]
|  |  mem-estimate=16.00KB mem-reservation=0B thread-reservation=0
|  |  tuple-ids=47 row-size=8B cardinality=1 cost=0
|  |  in pipelines: 53(GETNEXT)
|  |
|  F06:PLAN FRAGMENT [UNPARTITIONED] hosts=1 instances=1
|  Per-Instance Resources: mem-estimate=184.84KB mem-reservation=0B thread-reservation=1
|  max-parallelism=1 segment-costs=[25, 0] cpu-comparison-result=120 [max(1 (self) vs 120 (sum children))]
|  53:AGGREGATE [FINALIZE]
|  |  output: avg:merge(tpcds_partitioned_parquet_snap.store_sales_11.ss_net_profit)
|  |  mem-estimate=16.00KB mem-reservation=0B spill-buffer=2.00MB thread-reservation=0
|  |  tuple-ids=47 row-size=8B cardinality=1 cost=8
|  |  in pipelines: 53(GETNEXT), 25(OPEN)
|  |
|  52:EXCHANGE [UNPARTITIONED]
|  |  mem-estimate=168.84KB mem-reservation=0B thread-reservation=0
|  |  tuple-ids=46 row-size=8B cardinality=120 cost=17
|  |  in pipelines: 25(GETNEXT)
|  |
|  F05:PLAN FRAGMENT [RANDOM] hosts=10 instances=120
|  Per-Instance Resources: mem-estimate=16.02MB mem-reservation=8.00MB thread-reservation=1
|  max-parallelism=160 segment-costs=[1541364438, 123]
|  25:AGGREGATE
|  |  output: avg(tpcds_partitioned_parquet_snap.store_sales_11.ss_net_profit)
|  |  mem-estimate=16.00KB mem-reservation=0B spill-buffer=2.00MB thread-reservation=0
|  |  tuple-ids=46 row-size=8B cardinality=120 cost=60479546
|  |  in pipelines: 25(GETNEXT), 24(OPEN)
|  |
|  24:SCAN HDFS [tpcds_partitioned_parquet_snap.store_sales, RANDOM]
|     HDFS partitions=1824/1824 files=1824 size=389.90GB
|     predicates: tpcds_partitioned_parquet_snap.store_sales_11.ss_quantity <= CAST(20 AS INT), tpcds_partitioned_parquet_snap.store_sales_11.ss_quantity >= CAST(1 AS INT)
|     stored statistics:
|       table: rows=8.64G size=389.90GB
|       partitions: 1824/1824 rows=8.64G
|       columns: all
|     extrapolated-rows=disabled max-scan-range-rows=390.22M
|     parquet statistics predicates: tpcds_partitioned_parquet_snap.store_sales_11.ss_quantity <= CAST(20 AS INT), tpcds_partitioned_parquet_snap.store_sales_11.ss_quantity >= CAST(1 AS INT)
|     parquet dictionary predicates: tpcds_partitioned_parquet_snap.store_sales_11.ss_quantity <= CAST(20 AS INT), tpcds_partitioned_parquet_snap.store_sales_11.ss_quantity >= CAST(1 AS INT)
|     mem-estimate=16.00MB mem-reservation=8.00MB thread-reservation=0
|     tuple-ids=44 row-size=8B cardinality=863.99M cost=1480884892
|     in pipelines: 24(GETNEXT)
|
32:NESTED LOOP JOIN [LEFT OUTER JOIN, BROADCAST]
|  join table id: 13
|  mem-estimate=0B mem-reservation=0B thread-reservation=0
|  tuple-ids=55,54N,51N row-size=20B cardinality=1 cost=0
|  in pipelines: 30(GETNEXT), 50(OPEN)
|
|--F45:PLAN FRAGMENT [RANDOM] hosts=1 instances=1
|  |  Per-Instance Resources: mem-estimate=16.01KB mem-reservation=0B thread-reservation=1
|  |  max-parallelism=1 segment-costs=[0] cpu-comparison-result=120 [max(1 (self) vs 120 (sum children))]
|  JOIN BUILD
|  |  join-table-id=13 plan-id=14 cohort-id=01
|  |  mem-estimate=8B mem-reservation=0B thread-reservation=0 cost=0
|  |
|  51:EXCHANGE [BROADCAST]
|  |  mem-estimate=16.00KB mem-reservation=0B thread-reservation=0
|  |  tuple-ids=51 row-size=8B cardinality=1 cost=0
|  |  in pipelines: 50(GETNEXT)
|  |
|  F04:PLAN FRAGMENT [UNPARTITIONED] hosts=1 instances=1
|  Per-Instance Resources: mem-estimate=184.84KB mem-reservation=0B thread-reservation=1
|  max-parallelism=1 segment-costs=[25, 0] cpu-comparison-result=120 [max(1 (self) vs 120 (sum children))]
|  50:AGGREGATE [FINALIZE]
|  |  output: avg:merge(tpcds_partitioned_parquet_snap.store_sales_12.ss_ext_discount_amt)
|  |  mem-estimate=16.00KB mem-reservation=0B spill-buffer=2.00MB thread-reservation=0
|  |  tuple-ids=51 row-size=8B cardinality=1 cost=8
|  |  in pipelines: 50(GETNEXT), 27(OPEN)
|  |
|  49:EXCHANGE [UNPARTITIONED]
|  |  mem-estimate=168.84KB mem-reservation=0B thread-reservation=0
|  |  tuple-ids=50 row-size=8B cardinality=120 cost=17
|  |  in pipelines: 27(GETNEXT)
|  |
|  F03:PLAN FRAGMENT [RANDOM] hosts=10 instances=120
|  Per-Instance Resources: mem-estimate=16.02MB mem-reservation=8.00MB thread-reservation=1
|  max-parallelism=160 segment-costs=[1541364438, 123]
|  27:AGGREGATE
|  |  output: avg(tpcds_partitioned_parquet_snap.store_sales_12.ss_ext_discount_amt)
|  |  mem-estimate=16.00KB mem-reservation=0B spill-buffer=2.00MB thread-reservation=0
|  |  tuple-ids=50 row-size=8B cardinality=120 cost=60479546
|  |  in pipelines: 27(GETNEXT), 26(OPEN)
|  |
|  26:SCAN HDFS [tpcds_partitioned_parquet_snap.store_sales, RANDOM]
|     HDFS partitions=1824/1824 files=1824 size=389.90GB
|     predicates: tpcds_partitioned_parquet_snap.store_sales_12.ss_quantity <= CAST(20 AS INT), tpcds_partitioned_parquet_snap.store_sales_12.ss_quantity >= CAST(1 AS INT)
|     stored statistics:
|       table: rows=8.64G size=389.90GB
|       partitions: 1824/1824 rows=8.64G
|       columns: all
|     extrapolated-rows=disabled max-scan-range-rows=390.22M
|     parquet statistics predicates: tpcds_partitioned_parquet_snap.store_sales_12.ss_quantity <= CAST(20 AS INT), tpcds_partitioned_parquet_snap.store_sales_12.ss_quantity >= CAST(1 AS INT)
|     parquet dictionary predicates: tpcds_partitioned_parquet_snap.store_sales_12.ss_quantity <= CAST(20 AS INT), tpcds_partitioned_parquet_snap.store_sales_12.ss_quantity >= CAST(1 AS INT)
|     mem-estimate=16.00MB mem-reservation=8.00MB thread-reservation=0
|     tuple-ids=48 row-size=8B cardinality=863.99M cost=1480884892
|     in pipelines: 26(GETNEXT)
|
31:NESTED LOOP JOIN [LEFT OUTER JOIN, BROADCAST]
|  join table id: 14
|  mem-estimate=0B mem-reservation=0B thread-reservation=0
|  tuple-ids=55,54N row-size=12B cardinality=1 cost=0
|  in pipelines: 30(GETNEXT), 47(OPEN)
|
|--F46:PLAN FRAGMENT [RANDOM] hosts=1 instances=1
|  |  Per-Instance Resources: mem-estimate=16.01KB mem-reservation=0B thread-reservation=1
|  |  max-parallelism=1 segment-costs=[0] cpu-comparison-result=110 [max(1 (self) vs 110 (sum children))]
|  JOIN BUILD
|  |  join-table-id=14 plan-id=15 cohort-id=01
|  |  mem-estimate=8B mem-reservation=0B thread-reservation=0 cost=0
|  |
|  48:EXCHANGE [BROADCAST]
|  |  mem-estimate=16.00KB mem-reservation=0B thread-reservation=0
|  |  tuple-ids=54 row-size=8B cardinality=1 cost=0
|  |  in pipelines: 47(GETNEXT)
|  |
|  F02:PLAN FRAGMENT [UNPARTITIONED] hosts=1 instances=1
|  Per-Instance Resources: mem-estimate=170.78KB mem-reservation=0B thread-reservation=1
|  max-parallelism=1 segment-costs=[25, 0] cpu-comparison-result=110 [max(1 (self) vs 110 (sum children))]
|  47:AGGREGATE [FINALIZE]
|  |  output: count:merge()
|  |  mem-estimate=16.00KB mem-reservation=0B spill-buffer=2.00MB thread-reservation=0
|  |  tuple-ids=54 row-size=8B cardinality=1 cost=8
|  |  in pipelines: 47(GETNEXT), 29(OPEN)
|  |
|  46:EXCHANGE [UNPARTITIONED]
|  |  mem-estimate=154.78KB mem-reservation=0B thread-reservation=0
|  |  tuple-ids=54 row-size=8B cardinality=120 cost=17
|  |  in pipelines: 29(GETNEXT)
|  |
|  F01:PLAN FRAGMENT [RANDOM] hosts=10 instances=110 (adjusted from 120)
|  Per-Instance Resources: mem-estimate=16.02MB mem-reservation=4.00MB thread-reservation=1
|  max-parallelism=110 segment-costs=[1043704170, 123]
|  29:AGGREGATE
|  |  output: count()
|  |  mem-estimate=16.00KB mem-reservation=0B spill-buffer=2.00MB thread-reservation=0
|  |  tuple-ids=54 row-size=8B cardinality=120 cost=60479546
|  |  in pipelines: 29(GETNEXT), 28(OPEN)
|  |
|  28:SCAN HDFS [tpcds_partitioned_parquet_snap.store_sales, RANDOM]
|     HDFS partitions=1824/1824 files=1824 size=389.90GB
|     predicates: tpcds_partitioned_parquet_snap.store_sales_13.ss_quantity <= CAST(20 AS INT), tpcds_partitioned_parquet_snap.store_sales_13.ss_quantity >= CAST(1 AS INT)
|     stored statistics:
|       table: rows=8.64G size=389.90GB
|       partitions: 1824/1824 rows=8.64G
|       columns: all
|     extrapolated-rows=disabled max-scan-range-rows=390.22M
|     parquet statistics predicates: tpcds_partitioned_parquet_snap.store_sales_13.ss_quantity <= CAST(20 AS INT), tpcds_partitioned_parquet_snap.store_sales_13.ss_quantity >= CAST(1 AS INT)
|     parquet dictionary predicates: tpcds_partitioned_parquet_snap.store_sales_13.ss_quantity <= CAST(20 AS INT), tpcds_partitioned_parquet_snap.store_sales_13.ss_quantity >= CAST(1 AS INT)
|     mem-estimate=16.00MB mem-reservation=4.00MB thread-reservation=0
|     tuple-ids=52 row-size=4B cardinality=863.99M cost=983224624
|     in pipelines: 28(GETNEXT)
|
30:SCAN HDFS [tpcds_partitioned_parquet_snap.reason, RANDOM]
   HDFS partitions=1/1 files=1 size=2.49KB
   predicates: tpcds_partitioned_parquet_snap.reason.r_reason_sk = CAST(1 AS INT)
   stored statistics:
     table: rows=67 size=2.49KB
     columns: all
   extrapolated-rows=disabled max-scan-range-rows=67
   parquet statistics predicates: tpcds_partitioned_parquet_snap.reason.r_reason_sk = CAST(1 AS INT)
   parquet dictionary predicates: tpcds_partitioned_parquet_snap.reason.r_reason_sk = CAST(1 AS INT)
   mem-estimate=16.00MB mem-reservation=8.00KB thread-reservation=0
   tuple-ids=55 row-size=4B cardinality=1 cost=5
   in pipelines: 30(GETNEXT)
====
