# TPCDS-Q94
# start query 94 in stream 0 using template query94.tpl using seed 707078206
select
   count(distinct ws_order_number) as "order count"
  ,sum(ws_ext_ship_cost) as "total shipping cost"
  ,sum(ws_net_profit) as "total net profit"
from
   web_sales ws1
  ,date_dim
  ,customer_address
  ,web_site
where
    d_date between cast('2001-5-01' as date) and
           (cast('2001-5-01' as date) + interval 60 days)
and ws1.ws_ship_date_sk = d_date_sk
and ws1.ws_ship_addr_sk = ca_address_sk
and ca_state = 'TX'
and ws1.ws_web_site_sk = web_site_sk
and web_company_name = 'pri'
and exists (select *
            from web_sales ws2
            where ws1.ws_order_number = ws2.ws_order_number
              and ws1.ws_warehouse_sk <> ws2.ws_warehouse_sk)
and not exists(select *
               from web_returns wr1
               where ws1.ws_order_number = wr1.wr_order_number)
order by count(distinct ws_order_number)
limit 100

# end query 94 in stream 0 using template query94.tpl
---- PLAN
Max Per-Host Resource Reservation: Memory=156.52MB Threads=1
Per-Host Resource Estimates: Memory=4.71GB
F00:PLAN FRAGMENT [UNPARTITIONED] hosts=1 instances=1
|  Per-Instance Resources: mem-estimate=4.71GB mem-reservation=156.52MB thread-reservation=1 runtime-filters-memory=32.00MB
|  max-parallelism=1 segment-costs=[818664781, 886639777, 93587484, 1218148804, 8752, 0, 3]
PLAN-ROOT SINK
|  output exprs: count(tpcds_partitioned_parquet_snap.web_sales.ws_order_number), sum(tpcds_partitioned_parquet_snap.web_sales.ws_ext_ship_cost), sum(tpcds_partitioned_parquet_snap.web_sales.ws_net_profit)
|  mem-estimate=4.00MB mem-reservation=4.00MB spill-buffer=2.00MB thread-reservation=0 cost=3
|
24:TOP-N [LIMIT=100]
|  order by: count(tpcds_partitioned_parquet_snap.web_sales.ws_order_number) ASC NULLS LAST
|  mem-estimate=40B mem-reservation=0B thread-reservation=0
|  tuple-ids=25 row-size=40B cardinality=1 cost=0
|  in pipelines: 24(GETNEXT), 23(OPEN)
|
23:AGGREGATE [FINALIZE]
|  output: count(tpcds_partitioned_parquet_snap.web_sales.ws_order_number), sum:merge(tpcds_partitioned_parquet_snap.web_sales.ws_ext_ship_cost), sum:merge(tpcds_partitioned_parquet_snap.web_sales.ws_net_profit)
|  mem-estimate=16.00KB mem-reservation=0B spill-buffer=2.00MB thread-reservation=0
|  tuple-ids=24 row-size=40B cardinality=1 cost=8752
|  in pipelines: 23(GETNEXT), 22(OPEN)
|
22:AGGREGATE
|  output: sum(tpcds_partitioned_parquet_snap.web_sales.ws_ext_ship_cost), sum(tpcds_partitioned_parquet_snap.web_sales.ws_net_profit)
|  group by: tpcds_partitioned_parquet_snap.web_sales.ws_order_number
|  mem-estimate=10.00MB mem-reservation=4.75MB spill-buffer=256.00KB thread-reservation=0
|  tuple-ids=23 row-size=40B cardinality=41.68K cost=123777
|  in pipelines: 22(GETNEXT), 01(OPEN)
|
21:HASH JOIN [INNER JOIN]
|  hash predicates: tpcds_partitioned_parquet_snap.web_sales.ws_ship_date_sk = tpcds_partitioned_parquet_snap.date_dim_0.d_date_sk
|  fk/pk conjuncts: tpcds_partitioned_parquet_snap.web_sales.ws_ship_date_sk = tpcds_partitioned_parquet_snap.date_dim_0.d_date_sk
|  runtime filters: RF000[bloom] <- tpcds_partitioned_parquet_snap.date_dim_0.d_date_sk, RF001[min_max] <- tpcds_partitioned_parquet_snap.date_dim_0.d_date_sk
|  mem-estimate=1.94MB mem-reservation=1.94MB spill-buffer=64.00KB thread-reservation=0
|  tuple-ids=2N,3,16,17,19,21 row-size=98B cardinality=41.68K cost=25548
|  in pipelines: 01(GETNEXT), 20(OPEN)
|
|--20:SCAN HDFS [tpcds_partitioned_parquet_snap.date_dim]
|     HDFS partitions=1/1 files=1 size=2.17MB
|     predicates: tpcds_partitioned_parquet_snap.date_dim_0.d_date <= CAST('2001-5-01' AS DATE) + INTERVAL CAST(60 AS INT) DAY, tpcds_partitioned_parquet_snap.date_dim_0.d_date >= CAST('2001-5-01' AS DATE)
|     stored statistics:
|       table: rows=73.05K size=2.17MB
|       columns: all
|     extrapolated-rows=disabled max-scan-range-rows=73.05K
|     parquet statistics predicates: tpcds_partitioned_parquet_snap.date_dim_0.d_date <= CAST('2001-5-01' AS DATE) + INTERVAL CAST(60 AS INT) DAY, tpcds_partitioned_parquet_snap.date_dim_0.d_date >= CAST('2001-5-01' AS DATE)
|     parquet dictionary predicates: tpcds_partitioned_parquet_snap.date_dim_0.d_date <= CAST('2001-5-01' AS DATE) + INTERVAL CAST(60 AS INT) DAY, tpcds_partitioned_parquet_snap.date_dim_0.d_date >= CAST('2001-5-01' AS DATE)
|     mem-estimate=16.00MB mem-reservation=1.00MB thread-reservation=0
|     tuple-ids=21 row-size=8B cardinality=7.30K cost=12520
|     in pipelines: 20(GETNEXT)
|
19:HASH JOIN [RIGHT OUTER JOIN]
|  hash predicates: tpcds_partitioned_parquet_snap.web_returns.wr_order_number = tpcds_partitioned_parquet_snap.web_sales.ws_order_number
|  fk/pk conjuncts: none
|  other predicates: is_null_pred(if(TupleIsNull(2), NULL, TRUE))
|  runtime filters: RF002[bloom] <- tpcds_partitioned_parquet_snap.web_sales.ws_order_number, RF003[min_max] <- tpcds_partitioned_parquet_snap.web_sales.ws_order_number
|  mem-estimate=4.75MB mem-reservation=4.75MB spill-buffer=256.00KB thread-reservation=0
|  tuple-ids=2N,3,16,17,19 row-size=90B cardinality=41.68K cost=5572177
|  in pipelines: 01(GETNEXT), 02(OPEN)
|
|--18:HASH JOIN [INNER JOIN]
|  |  hash predicates: tpcds_partitioned_parquet_snap.web_sales.ws_web_site_sk = tpcds_partitioned_parquet_snap.web_site_0.web_site_sk
|  |  fk/pk conjuncts: tpcds_partitioned_parquet_snap.web_sales.ws_web_site_sk = tpcds_partitioned_parquet_snap.web_site_0.web_site_sk
|  |  runtime filters: RF004[bloom] <- tpcds_partitioned_parquet_snap.web_site_0.web_site_sk, RF005[min_max] <- tpcds_partitioned_parquet_snap.web_site_0.web_site_sk
|  |  mem-estimate=1.94MB mem-reservation=1.94MB spill-buffer=64.00KB thread-reservation=0
|  |  tuple-ids=3,16,17,19 row-size=82B cardinality=24.16K cost=42126
|  |  in pipelines: 02(GETNEXT), 17(OPEN)
|  |
|  |--17:SCAN HDFS [tpcds_partitioned_parquet_snap.web_site]
|  |     HDFS partitions=1/1 files=1 size=17.88KB
|  |     predicates: tpcds_partitioned_parquet_snap.web_site_0.web_company_name = 'pri'
|  |     stored statistics:
|  |       table: rows=66 size=17.88KB
|  |       columns: all
|  |     extrapolated-rows=disabled max-scan-range-rows=66
|  |     parquet statistics predicates: tpcds_partitioned_parquet_snap.web_site_0.web_company_name = 'pri'
|  |     parquet dictionary predicates: tpcds_partitioned_parquet_snap.web_site_0.web_company_name = 'pri'
|  |     mem-estimate=16.00MB mem-reservation=16.00KB thread-reservation=0
|  |     tuple-ids=19 row-size=20B cardinality=11 cost=9
|  |     in pipelines: 17(GETNEXT)
|  |
|  16:HASH JOIN [INNER JOIN]
|  |  hash predicates: tpcds_partitioned_parquet_snap.web_sales.ws_ship_addr_sk = tpcds_partitioned_parquet_snap.customer_address_0.ca_address_sk
|  |  fk/pk conjuncts: tpcds_partitioned_parquet_snap.web_sales.ws_ship_addr_sk = tpcds_partitioned_parquet_snap.customer_address_0.ca_address_sk
|  |  runtime filters: RF006[bloom] <- tpcds_partitioned_parquet_snap.customer_address_0.ca_address_sk, RF007[min_max] <- tpcds_partitioned_parquet_snap.customer_address_0.ca_address_sk
|  |  mem-estimate=17.00MB mem-reservation=17.00MB spill-buffer=1.00MB thread-reservation=0
|  |  tuple-ids=3,16,17 row-size=62B cardinality=147.13K cost=2362542
|  |  in pipelines: 02(GETNEXT), 15(OPEN)
|  |
|  |--15:SCAN HDFS [tpcds_partitioned_parquet_snap.customer_address]
|  |     HDFS partitions=1/1 files=1 size=307.36MB
|  |     predicates: tpcds_partitioned_parquet_snap.customer_address_0.ca_state = 'TX'
|  |     stored statistics:
|  |       table: rows=15.00M size=307.36MB
|  |       columns: all
|  |     extrapolated-rows=disabled max-scan-range-rows=1.58M
|  |     parquet statistics predicates: tpcds_partitioned_parquet_snap.customer_address_0.ca_state = 'TX'
|  |     parquet dictionary predicates: tpcds_partitioned_parquet_snap.customer_address_0.ca_state = 'TX'
|  |     mem-estimate=16.00MB mem-reservation=128.00KB thread-reservation=0
|  |     tuple-ids=17 row-size=18B cardinality=285.31K cost=1717500
|  |     in pipelines: 15(GETNEXT)
|  |
|  14:HASH JOIN [INNER JOIN]
|  |  hash predicates: tpcds_partitioned_parquet_snap.web_sales.ws_order_number = tpcds_partitioned_parquet_snap.web_sales_1.ws_order_number, tpcds_partitioned_parquet_snap.web_sales.ws_warehouse_sk = tpcds_partitioned_parquet_snap.web_sales_1.ws_warehouse_sk
|  |  fk/pk conjuncts: tpcds_partitioned_parquet_snap.web_sales.ws_order_number = tpcds_partitioned_parquet_snap.web_sales_1.ws_order_number, tpcds_partitioned_parquet_snap.web_sales.ws_warehouse_sk = tpcds_partitioned_parquet_snap.web_sales_1.ws_warehouse_sk
|  |  runtime filters: RF008[bloom] <- tpcds_partitioned_parquet_snap.web_sales_1.ws_order_number, RF009[bloom] <- tpcds_partitioned_parquet_snap.web_sales_1.ws_warehouse_sk, RF010[min_max] <- tpcds_partitioned_parquet_snap.web_sales_1.ws_order_number, RF011[min_max] <- tpcds_partitioned_parquet_snap.web_sales_1.ws_warehouse_sk
|  |  mem-estimate=2.39GB mem-reservation=34.00MB spill-buffer=2.00MB thread-reservation=0
|  |  tuple-ids=3,16 row-size=44B cardinality=7.99M cost=91589167
|  |  in pipelines: 02(GETNEXT), 13(OPEN)
|  |
|  |--13:AGGREGATE [FINALIZE]
|  |  |  group by: tpcds_partitioned_parquet_snap.web_sales_1.ws_warehouse_sk, tpcds_partitioned_parquet_snap.web_sales_1.ws_order_number
|  |  |  mem-estimate=1.79GB mem-reservation=34.00MB spill-buffer=2.00MB thread-reservation=0
|  |  |  tuple-ids=16 row-size=12B cardinality=79.94M cost=471879319
|  |  |  in pipelines: 13(GETNEXT), 03(OPEN)
|  |  |
|  |  12:HASH JOIN [INNER JOIN]
|  |  |  hash predicates: tpcds_partitioned_parquet_snap.web_sales_0.ws_order_number = tpcds_partitioned_parquet_snap.web_sales_1.ws_order_number
|  |  |  fk/pk conjuncts: none
|  |  |  other join predicates: tpcds_partitioned_parquet_snap.web_sales_1.ws_warehouse_sk != tpcds_partitioned_parquet_snap.web_sales_0.ws_warehouse_sk
|  |  |  runtime filters: RF012[bloom] <- tpcds_partitioned_parquet_snap.web_sales_1.ws_order_number, RF013[min_max] <- tpcds_partitioned_parquet_snap.web_sales_1.ws_order_number
|  |  |  mem-estimate=266.69MB mem-reservation=34.00MB spill-buffer=2.00MB thread-reservation=0
|  |  |  tuple-ids=5,15 row-size=24B cardinality=79.94M cost=41517994
|  |  |  in pipelines: 03(GETNEXT), 11(OPEN)
|  |  |
|  |  |--11:AGGREGATE [FINALIZE]
|  |  |  |  group by: tpcds_partitioned_parquet_snap.web_sales_1.ws_warehouse_sk, tpcds_partitioned_parquet_snap.web_sales_1.ws_order_number
|  |  |  |  mem-estimate=149.38MB mem-reservation=34.00MB spill-buffer=2.00MB thread-reservation=0
|  |  |  |  tuple-ids=15 row-size=12B cardinality=6.53M cost=38522533
|  |  |  |  in pipelines: 11(GETNEXT), 04(OPEN)
|  |  |  |
|  |  |  10:HASH JOIN [INNER JOIN]
|  |  |  |  hash predicates: tpcds_partitioned_parquet_snap.web_sales_1.ws_ship_date_sk = tpcds_partitioned_parquet_snap.date_dim.d_date_sk
|  |  |  |  fk/pk conjuncts: tpcds_partitioned_parquet_snap.web_sales_1.ws_ship_date_sk = tpcds_partitioned_parquet_snap.date_dim.d_date_sk
|  |  |  |  runtime filters: RF014[bloom] <- tpcds_partitioned_parquet_snap.date_dim.d_date_sk, RF015[min_max] <- tpcds_partitioned_parquet_snap.date_dim.d_date_sk
|  |  |  |  mem-estimate=1.94MB mem-reservation=1.94MB spill-buffer=64.00KB thread-reservation=0
|  |  |  |  tuple-ids=7,9,11,13 row-size=70B cardinality=6.53M cost=2863895
|  |  |  |  in pipelines: 04(GETNEXT), 09(OPEN)
|  |  |  |
|  |  |  |--09:SCAN HDFS [tpcds_partitioned_parquet_snap.date_dim]
|  |  |  |     HDFS partitions=1/1 files=1 size=2.17MB
|  |  |  |     predicates: tpcds_partitioned_parquet_snap.date_dim.d_date <= CAST('2001-5-01' AS DATE) + INTERVAL CAST(60 AS INT) DAY, tpcds_partitioned_parquet_snap.date_dim.d_date >= CAST('2001-5-01' AS DATE)
|  |  |  |     stored statistics:
|  |  |  |       table: rows=73.05K size=2.17MB
|  |  |  |       columns: all
|  |  |  |     extrapolated-rows=disabled max-scan-range-rows=73.05K
|  |  |  |     parquet statistics predicates: tpcds_partitioned_parquet_snap.date_dim.d_date <= CAST('2001-5-01' AS DATE) + INTERVAL CAST(60 AS INT) DAY, tpcds_partitioned_parquet_snap.date_dim.d_date >= CAST('2001-5-01' AS DATE)
|  |  |  |     parquet dictionary predicates: tpcds_partitioned_parquet_snap.date_dim.d_date <= CAST('2001-5-01' AS DATE) + INTERVAL CAST(60 AS INT) DAY, tpcds_partitioned_parquet_snap.date_dim.d_date >= CAST('2001-5-01' AS DATE)
|  |  |  |     mem-estimate=16.00MB mem-reservation=1.00MB thread-reservation=0
|  |  |  |     tuple-ids=13 row-size=8B cardinality=7.30K cost=12520
|  |  |  |     in pipelines: 09(GETNEXT)
|  |  |  |
|  |  |  08:HASH JOIN [INNER JOIN]
|  |  |  |  hash predicates: tpcds_partitioned_parquet_snap.web_sales_1.ws_web_site_sk = tpcds_partitioned_parquet_snap.web_site.web_site_sk
|  |  |  |  fk/pk conjuncts: tpcds_partitioned_parquet_snap.web_sales_1.ws_web_site_sk = tpcds_partitioned_parquet_snap.web_site.web_site_sk
|  |  |  |  runtime filters: RF016[bloom] <- tpcds_partitioned_parquet_snap.web_site.web_site_sk, RF017[min_max] <- tpcds_partitioned_parquet_snap.web_site.web_site_sk
|  |  |  |  mem-estimate=1.94MB mem-reservation=1.94MB spill-buffer=64.00KB thread-reservation=0
|  |  |  |  tuple-ids=7,9,11 row-size=62B cardinality=6.53M cost=11378849
|  |  |  |  in pipelines: 04(GETNEXT), 07(OPEN)
|  |  |  |
|  |  |  |--07:SCAN HDFS [tpcds_partitioned_parquet_snap.web_site]
|  |  |  |     HDFS partitions=1/1 files=1 size=17.88KB
|  |  |  |     predicates: tpcds_partitioned_parquet_snap.web_site.web_company_name = 'pri'
|  |  |  |     stored statistics:
|  |  |  |       table: rows=66 size=17.88KB
|  |  |  |       columns: all
|  |  |  |     extrapolated-rows=disabled max-scan-range-rows=66
|  |  |  |     parquet statistics predicates: tpcds_partitioned_parquet_snap.web_site.web_company_name = 'pri'
|  |  |  |     parquet dictionary predicates: tpcds_partitioned_parquet_snap.web_site.web_company_name = 'pri'
|  |  |  |     mem-estimate=16.00MB mem-reservation=16.00KB thread-reservation=0
|  |  |  |     tuple-ids=11 row-size=20B cardinality=11 cost=9
|  |  |  |     in pipelines: 07(GETNEXT)
|  |  |  |
|  |  |  06:HASH JOIN [INNER JOIN]
|  |  |  |  hash predicates: tpcds_partitioned_parquet_snap.web_sales_1.ws_ship_addr_sk = tpcds_partitioned_parquet_snap.customer_address.ca_address_sk
|  |  |  |  fk/pk conjuncts: tpcds_partitioned_parquet_snap.web_sales_1.ws_ship_addr_sk = tpcds_partitioned_parquet_snap.customer_address.ca_address_sk
|  |  |  |  runtime filters: RF018[bloom] <- tpcds_partitioned_parquet_snap.customer_address.ca_address_sk, RF019[min_max] <- tpcds_partitioned_parquet_snap.customer_address.ca_address_sk
|  |  |  |  mem-estimate=17.00MB mem-reservation=17.00MB spill-buffer=1.00MB thread-reservation=0
|  |  |  |  tuple-ids=7,9 row-size=42B cardinality=39.75M(filtered from 39.75M) cost=17684546
|  |  |  |  in pipelines: 04(GETNEXT), 05(OPEN)
|  |  |  |
|  |  |  |--05:SCAN HDFS [tpcds_partitioned_parquet_snap.customer_address]
|  |  |  |     HDFS partitions=1/1 files=1 size=307.36MB
|  |  |  |     predicates: tpcds_partitioned_parquet_snap.customer_address.ca_state = 'TX'
|  |  |  |     stored statistics:
|  |  |  |       table: rows=15.00M size=307.36MB
|  |  |  |       columns: all
|  |  |  |     extrapolated-rows=disabled max-scan-range-rows=1.58M
|  |  |  |     parquet statistics predicates: tpcds_partitioned_parquet_snap.customer_address.ca_state = 'TX'
|  |  |  |     parquet dictionary predicates: tpcds_partitioned_parquet_snap.customer_address.ca_state = 'TX'
|  |  |  |     mem-estimate=16.00MB mem-reservation=128.00KB thread-reservation=0
|  |  |  |     tuple-ids=9 row-size=18B cardinality=285.31K cost=1717500
|  |  |  |     in pipelines: 05(GETNEXT)
|  |  |  |
|  |  |  04:SCAN HDFS [tpcds_partitioned_parquet_snap.web_sales]
|  |  |     HDFS partitions=1824/1824 files=1824 size=145.75GB
|  |  |     runtime filters: RF019[min_max] -> tpcds_partitioned_parquet_snap.web_sales_1.ws_ship_addr_sk, RF017[min_max] -> tpcds_partitioned_parquet_snap.web_sales_1.ws_web_site_sk, RF015[min_max] -> tpcds_partitioned_parquet_snap.web_sales_1.ws_ship_date_sk, RF018[bloom] -> tpcds_partitioned_parquet_snap.web_sales_1.ws_ship_addr_sk, RF016[bloom] -> tpcds_partitioned_parquet_snap.web_sales_1.ws_web_site_sk, RF014[bloom] -> tpcds_partitioned_parquet_snap.web_sales_1.ws_ship_date_sk
|  |  |     stored statistics:
|  |  |       table: rows=2.16G size=145.75GB
|  |  |       partitions: 1824/1824 rows=2.16G
|  |  |       columns: all
|  |  |     extrapolated-rows=disabled max-scan-range-rows=3.37M
|  |  |     mem-estimate=16.00MB mem-reservation=128.00KB thread-reservation=0
|  |  |     tuple-ids=7 row-size=24B cardinality=39.75M(filtered from 2.16G) cost=746484929
|  |  |     in pipelines: 04(GETNEXT)
|  |  |
|  |  03:SCAN HDFS [tpcds_partitioned_parquet_snap.web_sales]
|  |     HDFS partitions=1824/1824 files=1824 size=145.75GB
|  |     runtime filters: RF013[min_max] -> tpcds_partitioned_parquet_snap.web_sales_0.ws_order_number, RF012[bloom] -> tpcds_partitioned_parquet_snap.web_sales_0.ws_order_number
|  |     stored statistics:
|  |       table: rows=2.16G size=145.75GB
|  |       partitions: 1824/1824 rows=2.16G
|  |       columns: all
|  |     extrapolated-rows=disabled max-scan-range-rows=3.37M
|  |     mem-estimate=16.00MB mem-reservation=128.00KB thread-reservation=0
|  |     tuple-ids=5 row-size=12B cardinality=79.94M(filtered from 2.16G) cost=373242464
|  |     in pipelines: 03(GETNEXT)
|  |
|  02:SCAN HDFS [tpcds_partitioned_parquet_snap.web_sales]
|     HDFS partitions=1824/1824 files=1824 size=145.75GB
|     predicates: is_not_null_pred(tpcds_partitioned_parquet_snap.web_sales.ws_order_number), is_not_null_pred(tpcds_partitioned_parquet_snap.web_sales.ws_warehouse_sk)
|     runtime filters: RF007[min_max] -> tpcds_partitioned_parquet_snap.web_sales.ws_ship_addr_sk, RF010[min_max] -> tpcds_partitioned_parquet_snap.web_sales.ws_order_number, RF011[min_max] -> tpcds_partitioned_parquet_snap.web_sales.ws_warehouse_sk, RF005[min_max] -> tpcds_partitioned_parquet_snap.web_sales.ws_web_site_sk, RF001[min_max] -> tpcds_partitioned_parquet_snap.web_sales.ws_ship_date_sk, RF006[bloom] -> tpcds_partitioned_parquet_snap.web_sales.ws_ship_addr_sk, RF008[bloom] -> tpcds_partitioned_parquet_snap.web_sales.ws_order_number, RF009[bloom] -> tpcds_partitioned_parquet_snap.web_sales.ws_warehouse_sk, RF004[bloom] -> tpcds_partitioned_parquet_snap.web_sales.ws_web_site_sk, RF000[bloom] -> tpcds_partitioned_parquet_snap.web_sales.ws_ship_date_sk
|     stored statistics:
|       table: rows=2.16G size=145.75GB
|       partitions: 1824/1824 rows=2.16G
|       columns: all
|     extrapolated-rows=disabled max-scan-range-rows=3.37M
|     parquet dictionary predicates: is_not_null_pred(tpcds_partitioned_parquet_snap.web_sales.ws_order_number), is_not_null_pred(tpcds_partitioned_parquet_snap.web_sales.ws_warehouse_sk)
|     mem-estimate=16.00MB mem-reservation=128.00KB thread-reservation=0
|     tuple-ids=3 row-size=32B cardinality=39.75M(filtered from 216.00M) cost=1116703438
|     in pipelines: 02(GETNEXT)
|
01:AGGREGATE [FINALIZE]
|  group by: tpcds_partitioned_parquet_snap.web_returns.wr_order_number
|  mem-estimate=411.99MB mem-reservation=34.00MB spill-buffer=2.00MB thread-reservation=0
|  tuple-ids=2 row-size=8B cardinality=21.60M cost=62634300
|  in pipelines: 01(GETNEXT), 00(OPEN)
|
00:SCAN HDFS [tpcds_partitioned_parquet_snap.web_returns]
   HDFS partitions=2114/2114 files=2114 size=16.74GB
   predicates: is_not_null_pred(tpcds_partitioned_parquet_snap.web_returns.wr_order_number)
   runtime filters: RF003[min_max] -> tpcds_partitioned_parquet_snap.web_returns.wr_order_number, RF002[bloom] -> tpcds_partitioned_parquet_snap.web_returns.wr_order_number
   stored statistics:
     table: rows=216.00M size=16.74GB
     partitions: 2114/2114 rows=216.00M
     columns: all
   extrapolated-rows=disabled max-scan-range-rows=9.41M
   parquet dictionary predicates: is_not_null_pred(tpcds_partitioned_parquet_snap.web_returns.wr_order_number)
   mem-estimate=16.00MB mem-reservation=256.00KB thread-reservation=0
   tuple-ids=0 row-size=8B cardinality=21.60M cost=30953184
   in pipelines: 00(GETNEXT)
---- DISTRIBUTEDPLAN
Max Per-Host Resource Reservation: Memory=927.91MB Threads=51
Per-Host Resource Estimates: Memory=2.00GB
F14:PLAN FRAGMENT [UNPARTITIONED] hosts=1 instances=1
|  Per-Instance Resources: mem-estimate=4.00MB mem-reservation=4.00MB thread-reservation=1
|  max-parallelism=1 segment-costs=[0, 0, 3] cpu-comparison-result=161 [max(1 (self) vs 161 (sum children))]
PLAN-ROOT SINK
|  output exprs: count(tpcds_partitioned_parquet_snap.web_sales.ws_order_number), sum(tpcds_partitioned_parquet_snap.web_sales.ws_ext_ship_cost), sum(tpcds_partitioned_parquet_snap.web_sales.ws_net_profit)
|  mem-estimate=4.00MB mem-reservation=4.00MB spill-buffer=2.00MB thread-reservation=0 cost=3
|
24:TOP-N [LIMIT=100]
|  order by: count(tpcds_partitioned_parquet_snap.web_sales.ws_order_number) ASC NULLS LAST
|  mem-estimate=40B mem-reservation=0B thread-reservation=0
|  tuple-ids=25 row-size=40B cardinality=1 cost=0
|  in pipelines: 24(GETNEXT), 43(OPEN)
|
43:AGGREGATE [FINALIZE]
|  output: count:merge(tpcds_partitioned_parquet_snap.web_sales.ws_order_number), sum:merge(tpcds_partitioned_parquet_snap.web_sales.ws_ext_ship_cost), sum:merge(tpcds_partitioned_parquet_snap.web_sales.ws_net_profit)
|  mem-estimate=16.00KB mem-reservation=0B spill-buffer=2.00MB thread-reservation=0
|  tuple-ids=24 row-size=40B cardinality=1 cost=0
|  in pipelines: 43(GETNEXT), 23(OPEN)
|
42:EXCHANGE [UNPARTITIONED]
|  mem-estimate=16.00KB mem-reservation=0B thread-reservation=0
|  tuple-ids=24 row-size=40B cardinality=1 cost=0
|  in pipelines: 23(GETNEXT)
|
F13:PLAN FRAGMENT [HASH(tpcds_partitioned_parquet_snap.web_sales.ws_order_number)] hosts=10 instances=10 (adjusted from 120)
Per-Instance Resources: mem-estimate=10.59MB mem-reservation=1.94MB thread-reservation=1
max-parallelism=10 segment-costs=[136076, 8752, 3] cpu-comparison-result=161 [max(10 (self) vs 161 (sum children))]
23:AGGREGATE
|  output: count(tpcds_partitioned_parquet_snap.web_sales.ws_order_number), sum:merge(tpcds_partitioned_parquet_snap.web_sales.ws_ext_ship_cost), sum:merge(tpcds_partitioned_parquet_snap.web_sales.ws_net_profit)
|  mem-estimate=16.00KB mem-reservation=0B spill-buffer=2.00MB thread-reservation=0
|  tuple-ids=24 row-size=40B cardinality=1 cost=8752
|  in pipelines: 23(GETNEXT), 41(OPEN)
|
41:AGGREGATE
|  output: sum:merge(tpcds_partitioned_parquet_snap.web_sales.ws_ext_ship_cost), sum:merge(tpcds_partitioned_parquet_snap.web_sales.ws_net_profit)
|  group by: tpcds_partitioned_parquet_snap.web_sales.ws_order_number
|  mem-estimate=10.00MB mem-reservation=1.94MB spill-buffer=64.00KB thread-reservation=0
|  tuple-ids=23 row-size=40B cardinality=41.68K cost=123777
|  in pipelines: 41(GETNEXT), 26(OPEN)
|
40:EXCHANGE [HASH(tpcds_partitioned_parquet_snap.web_sales.ws_order_number)]
|  mem-estimate=602.81KB mem-reservation=0B thread-reservation=0
|  tuple-ids=23 row-size=40B cardinality=41.68K cost=12299
|  in pipelines: 26(GETNEXT)
|
F01:PLAN FRAGMENT [HASH(tpcds_partitioned_parquet_snap.web_returns.wr_order_number)] hosts=10 instances=10 (adjusted from 120)
Per-Instance Resources: mem-estimate=61.32MB mem-reservation=36.00MB thread-reservation=1
max-parallelism=10 segment-costs=[65828979, 5690041, 128841] cpu-comparison-result=161 [max(10 (self) vs 161 (sum children))]
22:AGGREGATE [STREAMING]
|  output: sum(tpcds_partitioned_parquet_snap.web_sales.ws_ext_ship_cost), sum(tpcds_partitioned_parquet_snap.web_sales.ws_net_profit)
|  group by: tpcds_partitioned_parquet_snap.web_sales.ws_order_number
|  mem-estimate=10.00MB mem-reservation=2.00MB spill-buffer=64.00KB thread-reservation=0
|  tuple-ids=23 row-size=40B cardinality=41.68K cost=123777
|  in pipelines: 26(GETNEXT)
|
21:HASH JOIN [INNER JOIN, BROADCAST]
|  hash-table-id=00
|  hash predicates: tpcds_partitioned_parquet_snap.web_sales.ws_ship_date_sk = tpcds_partitioned_parquet_snap.date_dim_0.d_date_sk
|  fk/pk conjuncts: tpcds_partitioned_parquet_snap.web_sales.ws_ship_date_sk = tpcds_partitioned_parquet_snap.date_dim_0.d_date_sk
|  mem-estimate=0B mem-reservation=0B spill-buffer=64.00KB thread-reservation=0
|  tuple-ids=2N,3,16,17,19,21 row-size=98B cardinality=41.68K cost=18243
|  in pipelines: 26(GETNEXT), 20(OPEN)
|
|--F15:PLAN FRAGMENT [HASH(tpcds_partitioned_parquet_snap.web_returns.wr_order_number)] hosts=10 instances=10
|  |  Per-Instance Resources: mem-estimate=3.00MB mem-reservation=2.94MB thread-reservation=1 runtime-filters-memory=1.00MB
|  |  max-parallelism=10 segment-costs=[17005]
|  JOIN BUILD
|  |  join-table-id=00 plan-id=01 cohort-id=01
|  |  build expressions: tpcds_partitioned_parquet_snap.date_dim_0.d_date_sk
|  |  runtime filters: RF000[bloom] <- tpcds_partitioned_parquet_snap.date_dim_0.d_date_sk, RF001[min_max] <- tpcds_partitioned_parquet_snap.date_dim_0.d_date_sk
|  |  mem-estimate=1.94MB mem-reservation=1.94MB spill-buffer=64.00KB thread-reservation=0 cost=7305
|  |
|  39:EXCHANGE [BROADCAST]
|  |  mem-estimate=69.07KB mem-reservation=0B thread-reservation=0
|  |  tuple-ids=21 row-size=8B cardinality=7.30K cost=9700
|  |  in pipelines: 20(GETNEXT)
|  |
|  F12:PLAN FRAGMENT [RANDOM] hosts=1 instances=1
|  Per-Instance Resources: mem-estimate=16.05MB mem-reservation=1.00MB thread-reservation=1
|  max-parallelism=1 segment-costs=[12835]
|  20:SCAN HDFS [tpcds_partitioned_parquet_snap.date_dim, RANDOM]
|     HDFS partitions=1/1 files=1 size=2.17MB
|     predicates: tpcds_partitioned_parquet_snap.date_dim_0.d_date <= CAST('2001-5-01' AS DATE) + INTERVAL CAST(60 AS INT) DAY, tpcds_partitioned_parquet_snap.date_dim_0.d_date >= CAST('2001-5-01' AS DATE)
|     stored statistics:
|       table: rows=73.05K size=2.17MB
|       columns: all
|     extrapolated-rows=disabled max-scan-range-rows=73.05K
|     parquet statistics predicates: tpcds_partitioned_parquet_snap.date_dim_0.d_date <= CAST('2001-5-01' AS DATE) + INTERVAL CAST(60 AS INT) DAY, tpcds_partitioned_parquet_snap.date_dim_0.d_date >= CAST('2001-5-01' AS DATE)
|     parquet dictionary predicates: tpcds_partitioned_parquet_snap.date_dim_0.d_date <= CAST('2001-5-01' AS DATE) + INTERVAL CAST(60 AS INT) DAY, tpcds_partitioned_parquet_snap.date_dim_0.d_date >= CAST('2001-5-01' AS DATE)
|     mem-estimate=16.00MB mem-reservation=1.00MB thread-reservation=0
|     tuple-ids=21 row-size=8B cardinality=7.30K cost=12520
|     in pipelines: 20(GETNEXT)
|
19:HASH JOIN [RIGHT OUTER JOIN, PARTITIONED]
|  hash-table-id=01
|  hash predicates: tpcds_partitioned_parquet_snap.web_returns.wr_order_number = tpcds_partitioned_parquet_snap.web_sales.ws_order_number
|  fk/pk conjuncts: none
|  other predicates: is_null_pred(if(TupleIsNull(2), NULL, TRUE))
|  mem-estimate=0B mem-reservation=0B spill-buffer=64.00KB thread-reservation=0
|  tuple-ids=2N,3,16,17,19 row-size=90B cardinality=41.68K cost=5548021
|  in pipelines: 26(GETNEXT), 02(OPEN)
|
|--F16:PLAN FRAGMENT [HASH(tpcds_partitioned_parquet_snap.web_returns.wr_order_number)] hosts=10 instances=10 (adjusted from 120)
|  |  Per-Instance Resources: mem-estimate=4.08MB mem-reservation=2.94MB thread-reservation=1 runtime-filters-memory=1.00MB
|  |  max-parallelism=10 segment-costs=[38612] cpu-comparison-result=140 [max(140 (self) vs 121 (sum children))]
|  JOIN BUILD
|  |  join-table-id=01 plan-id=02 cohort-id=01
|  |  build expressions: tpcds_partitioned_parquet_snap.web_sales.ws_order_number
|  |  runtime filters: RF002[bloom] <- tpcds_partitioned_parquet_snap.web_sales.ws_order_number, RF003[min_max] <- tpcds_partitioned_parquet_snap.web_sales.ws_order_number
|  |  mem-estimate=1.94MB mem-reservation=1.94MB spill-buffer=64.00KB thread-reservation=0 cost=24156
|  |
|  38:EXCHANGE [HASH(tpcds_partitioned_parquet_snap.web_sales.ws_order_number)]
|  |  mem-estimate=1.15MB mem-reservation=0B thread-reservation=0
|  |  tuple-ids=3,16,17,19 row-size=82B cardinality=24.16K cost=14456
|  |  in pipelines: 02(GETNEXT)
|  |
|  F09:PLAN FRAGMENT [HASH(tpcds_partitioned_parquet_snap.web_sales_1.ws_warehouse_sk,tpcds_partitioned_parquet_snap.web_sales_1.ws_order_number)] hosts=10 instances=10 (adjusted from 120)
|  Per-Instance Resources: mem-estimate=18.05MB mem-reservation=0B thread-reservation=1
|  max-parallelism=10 segment-costs=[24209279]
|  18:HASH JOIN [INNER JOIN, BROADCAST]
|  |  hash-table-id=02
|  |  hash predicates: tpcds_partitioned_parquet_snap.web_sales.ws_web_site_sk = tpcds_partitioned_parquet_snap.web_site_0.web_site_sk
|  |  fk/pk conjuncts: tpcds_partitioned_parquet_snap.web_sales.ws_web_site_sk = tpcds_partitioned_parquet_snap.web_site_0.web_site_sk
|  |  mem-estimate=0B mem-reservation=0B spill-buffer=64.00KB thread-reservation=0
|  |  tuple-ids=3,16,17,19 row-size=82B cardinality=24.16K cost=42115
|  |  in pipelines: 02(GETNEXT), 17(OPEN)
|  |
|  |--F17:PLAN FRAGMENT [HASH(tpcds_partitioned_parquet_snap.web_sales_1.ws_warehouse_sk,tpcds_partitioned_parquet_snap.web_sales_1.ws_order_number)] hosts=10 instances=10
|  |  |  Per-Instance Resources: mem-estimate=2.95MB mem-reservation=2.94MB thread-reservation=1 runtime-filters-memory=1.00MB
|  |  |  max-parallelism=10 segment-costs=[21]
|  |  JOIN BUILD
|  |  |  join-table-id=02 plan-id=03 cohort-id=02
|  |  |  build expressions: tpcds_partitioned_parquet_snap.web_site_0.web_site_sk
|  |  |  runtime filters: RF004[bloom] <- tpcds_partitioned_parquet_snap.web_site_0.web_site_sk, RF005[min_max] <- tpcds_partitioned_parquet_snap.web_site_0.web_site_sk
|  |  |  mem-estimate=1.94MB mem-reservation=1.94MB spill-buffer=64.00KB thread-reservation=0 cost=11
|  |  |
|  |  37:EXCHANGE [BROADCAST]
|  |  |  mem-estimate=16.00KB mem-reservation=0B thread-reservation=0
|  |  |  tuple-ids=19 row-size=20B cardinality=11 cost=10
|  |  |  in pipelines: 17(GETNEXT)
|  |  |
|  |  F11:PLAN FRAGMENT [RANDOM] hosts=1 instances=1
|  |  Per-Instance Resources: mem-estimate=16.09MB mem-reservation=16.00KB thread-reservation=1
|  |  max-parallelism=1 segment-costs=[9]
|  |  17:SCAN HDFS [tpcds_partitioned_parquet_snap.web_site, RANDOM]
|  |     HDFS partitions=1/1 files=1 size=17.88KB
|  |     predicates: tpcds_partitioned_parquet_snap.web_site_0.web_company_name = 'pri'
|  |     stored statistics:
|  |       table: rows=66 size=17.88KB
|  |       columns: all
|  |     extrapolated-rows=disabled max-scan-range-rows=66
|  |     parquet statistics predicates: tpcds_partitioned_parquet_snap.web_site_0.web_company_name = 'pri'
|  |     parquet dictionary predicates: tpcds_partitioned_parquet_snap.web_site_0.web_company_name = 'pri'
|  |     mem-estimate=16.00MB mem-reservation=16.00KB thread-reservation=0
|  |     tuple-ids=19 row-size=20B cardinality=11 cost=9
|  |     in pipelines: 17(GETNEXT)
|  |
|  16:HASH JOIN [INNER JOIN, BROADCAST]
|  |  hash-table-id=03
|  |  hash predicates: tpcds_partitioned_parquet_snap.web_sales.ws_ship_addr_sk = tpcds_partitioned_parquet_snap.customer_address_0.ca_address_sk
|  |  fk/pk conjuncts: tpcds_partitioned_parquet_snap.web_sales.ws_ship_addr_sk = tpcds_partitioned_parquet_snap.customer_address_0.ca_address_sk
|  |  mem-estimate=0B mem-reservation=0B spill-buffer=1.00MB thread-reservation=0
|  |  tuple-ids=3,16,17 row-size=62B cardinality=147.13K cost=2077230
|  |  in pipelines: 02(GETNEXT), 15(OPEN)
|  |
|  |--F18:PLAN FRAGMENT [HASH(tpcds_partitioned_parquet_snap.web_sales_1.ws_warehouse_sk,tpcds_partitioned_parquet_snap.web_sales_1.ws_order_number)] hosts=10 instances=10
|  |  |  Per-Instance Resources: mem-estimate=23.11MB mem-reservation=18.00MB thread-reservation=1 runtime-filters-memory=1.00MB
|  |  |  max-parallelism=10 segment-costs=[664482]
|  |  JOIN BUILD
|  |  |  join-table-id=03 plan-id=04 cohort-id=02
|  |  |  build expressions: tpcds_partitioned_parquet_snap.customer_address_0.ca_address_sk
|  |  |  runtime filters: RF006[bloom] <- tpcds_partitioned_parquet_snap.customer_address_0.ca_address_sk, RF007[min_max] <- tpcds_partitioned_parquet_snap.customer_address_0.ca_address_sk
|  |  |  mem-estimate=17.00MB mem-reservation=17.00MB spill-buffer=1.00MB thread-reservation=0 cost=285312
|  |  |
|  |  36:EXCHANGE [BROADCAST]
|  |  |  mem-estimate=5.11MB mem-reservation=0B thread-reservation=0
|  |  |  tuple-ids=17 row-size=18B cardinality=285.31K cost=379170
|  |  |  in pipelines: 15(GETNEXT)
|  |  |
|  |  F10:PLAN FRAGMENT [RANDOM] hosts=10 instances=10
|  |  Per-Instance Resources: mem-estimate=16.09MB mem-reservation=128.00KB thread-reservation=1
|  |  max-parallelism=10 segment-costs=[1737528]
|  |  15:SCAN HDFS [tpcds_partitioned_parquet_snap.customer_address, RANDOM]
|  |     HDFS partitions=1/1 files=1 size=307.36MB
|  |     predicates: tpcds_partitioned_parquet_snap.customer_address_0.ca_state = 'TX'
|  |     stored statistics:
|  |       table: rows=15.00M size=307.36MB
|  |       columns: all
|  |     extrapolated-rows=disabled max-scan-range-rows=1.58M
|  |     parquet statistics predicates: tpcds_partitioned_parquet_snap.customer_address_0.ca_state = 'TX'
|  |     parquet dictionary predicates: tpcds_partitioned_parquet_snap.customer_address_0.ca_state = 'TX'
|  |     mem-estimate=16.00MB mem-reservation=128.00KB thread-reservation=0
|  |     tuple-ids=17 row-size=18B cardinality=285.31K cost=1717500
|  |     in pipelines: 15(GETNEXT)
|  |
|  14:HASH JOIN [INNER JOIN, PARTITIONED]
|  |  hash-table-id=04
|  |  hash predicates: tpcds_partitioned_parquet_snap.web_sales.ws_order_number = tpcds_partitioned_parquet_snap.web_sales_1.ws_order_number, tpcds_partitioned_parquet_snap.web_sales.ws_warehouse_sk = tpcds_partitioned_parquet_snap.web_sales_1.ws_warehouse_sk
|  |  fk/pk conjuncts: tpcds_partitioned_parquet_snap.web_sales.ws_order_number = tpcds_partitioned_parquet_snap.web_sales_1.ws_order_number, tpcds_partitioned_parquet_snap.web_sales.ws_warehouse_sk = tpcds_partitioned_parquet_snap.web_sales_1.ws_warehouse_sk
|  |  mem-estimate=0B mem-reservation=0B spill-buffer=2.00MB thread-reservation=0
|  |  tuple-ids=3,16 row-size=44B cardinality=7.99M cost=11644851
|  |  in pipelines: 02(GETNEXT), 34(OPEN)
|  |
|  |--F19:PLAN FRAGMENT [HASH(tpcds_partitioned_parquet_snap.web_sales_1.ws_warehouse_sk,tpcds_partitioned_parquet_snap.web_sales_1.ws_order_number)] hosts=10 instances=10 (adjusted from 120)
|  |  |  Per-Instance Resources: mem-estimate=445.07MB mem-reservation=85.00MB thread-reservation=1 runtime-filters-memory=17.00MB
|  |  |  max-parallelism=10 segment-costs=[485174058, 79944316] cpu-comparison-result=90 [max(10 (self) vs 90 (sum children))]
|  |  JOIN BUILD
|  |  |  join-table-id=04 plan-id=05 cohort-id=02
|  |  |  build expressions: tpcds_partitioned_parquet_snap.web_sales_1.ws_order_number, tpcds_partitioned_parquet_snap.web_sales_1.ws_warehouse_sk
|  |  |  runtime filters: RF008[bloom] <- tpcds_partitioned_parquet_snap.web_sales_1.ws_order_number, RF009[bloom] <- tpcds_partitioned_parquet_snap.web_sales_1.ws_warehouse_sk, RF010[min_max] <- tpcds_partitioned_parquet_snap.web_sales_1.ws_order_number, RF011[min_max] <- tpcds_partitioned_parquet_snap.web_sales_1.ws_warehouse_sk
|  |  |  mem-estimate=245.09MB mem-reservation=34.00MB spill-buffer=2.00MB thread-reservation=0 cost=79944316
|  |  |
|  |  34:AGGREGATE [FINALIZE]
|  |  |  group by: tpcds_partitioned_parquet_snap.web_sales_1.ws_warehouse_sk, tpcds_partitioned_parquet_snap.web_sales_1.ws_order_number
|  |  |  mem-estimate=182.98MB mem-reservation=34.00MB spill-buffer=2.00MB thread-reservation=0
|  |  |  tuple-ids=16 row-size=12B cardinality=79.94M cost=471879319
|  |  |  in pipelines: 34(GETNEXT), 03(OPEN)
|  |  |
|  |  33:EXCHANGE [HASH(tpcds_partitioned_parquet_snap.web_sales_1.ws_warehouse_sk,tpcds_partitioned_parquet_snap.web_sales_1.ws_order_number)]
|  |  |  mem-estimate=11.41MB mem-reservation=0B thread-reservation=0
|  |  |  tuple-ids=16 row-size=12B cardinality=79.94M cost=13294739
|  |  |  in pipelines: 03(GETNEXT)
|  |  |
|  |  F03:PLAN FRAGMENT [RANDOM] hosts=10 instances=90 (adjusted from 120)
|  |  Per-Host Shared Resources: mem-estimate=8.00MB mem-reservation=8.00MB thread-reservation=0 runtime-filters-memory=8.00MB
|  |  Per-Instance Resources: mem-estimate=33.62MB mem-reservation=17.12MB thread-reservation=1
|  |  max-parallelism=90 segment-costs=[880113410, 102968279] cpu-comparison-result=90 [max(90 (self) vs 90 (sum children))]
|  |  13:AGGREGATE [STREAMING]
|  |  |  group by: tpcds_partitioned_parquet_snap.web_sales_1.ws_warehouse_sk, tpcds_partitioned_parquet_snap.web_sales_1.ws_order_number
|  |  |  mem-estimate=17.00MB mem-reservation=17.00MB spill-buffer=1.00MB thread-reservation=0
|  |  |  tuple-ids=16 row-size=12B cardinality=79.94M cost=471879319
|  |  |  in pipelines: 03(GETNEXT)
|  |  |
|  |  12:HASH JOIN [INNER JOIN, BROADCAST]
|  |  |  hash-table-id=05
|  |  |  hash predicates: tpcds_partitioned_parquet_snap.web_sales_0.ws_order_number = tpcds_partitioned_parquet_snap.web_sales_1.ws_order_number
|  |  |  fk/pk conjuncts: none
|  |  |  other join predicates: tpcds_partitioned_parquet_snap.web_sales_1.ws_warehouse_sk != tpcds_partitioned_parquet_snap.web_sales_0.ws_warehouse_sk
|  |  |  mem-estimate=0B mem-reservation=0B spill-buffer=2.00MB thread-reservation=0
|  |  |  tuple-ids=5,15 row-size=24B cardinality=79.94M cost=34991627
|  |  |  in pipelines: 03(GETNEXT), 31(OPEN)
|  |  |
|  |  |--F20:PLAN FRAGMENT [RANDOM] hosts=10 instances=10
|  |  |  |  Per-Instance Resources: mem-estimate=324.16MB mem-reservation=314.00MB thread-reservation=1 runtime-filters-memory=8.00MB
|  |  |  |  max-parallelism=10 segment-costs=[15199907] cpu-comparison-result=90 [max(10 (self) vs 90 (sum children))]
|  |  |  JOIN BUILD
|  |  |  |  join-table-id=05 plan-id=06 cohort-id=03
|  |  |  |  build expressions: tpcds_partitioned_parquet_snap.web_sales_1.ws_order_number
|  |  |  |  runtime filters: RF012[bloom] <- tpcds_partitioned_parquet_snap.web_sales_1.ws_order_number, RF013[min_max] <- tpcds_partitioned_parquet_snap.web_sales_1.ws_order_number
|  |  |  |  mem-estimate=306.00MB mem-reservation=306.00MB spill-buffer=2.00MB thread-reservation=0 cost=6526367
|  |  |  |
|  |  |  32:EXCHANGE [BROADCAST]
|  |  |  |  mem-estimate=10.16MB mem-reservation=0B thread-reservation=0
|  |  |  |  tuple-ids=15 row-size=12B cardinality=6.53M cost=8673540
|  |  |  |  in pipelines: 31(GETNEXT)
|  |  |  |
|  |  |  F08:PLAN FRAGMENT [HASH(tpcds_partitioned_parquet_snap.web_sales_1.ws_warehouse_sk,tpcds_partitioned_parquet_snap.web_sales_1.ws_order_number)] hosts=10 instances=10 (adjusted from 120)
|  |  |  Per-Instance Resources: mem-estimate=25.88MB mem-reservation=17.00MB thread-reservation=1
|  |  |  max-parallelism=10 segment-costs=[39607867, 352423] cpu-comparison-result=90 [max(10 (self) vs 90 (sum children))]
|  |  |  31:AGGREGATE [FINALIZE]
|  |  |  |  group by: tpcds_partitioned_parquet_snap.web_sales_1.ws_warehouse_sk, tpcds_partitioned_parquet_snap.web_sales_1.ws_order_number
|  |  |  |  mem-estimate=17.00MB mem-reservation=17.00MB spill-buffer=1.00MB thread-reservation=0
|  |  |  |  tuple-ids=15 row-size=12B cardinality=6.53M cost=38522533
|  |  |  |  in pipelines: 31(GETNEXT), 04(OPEN)
|  |  |  |
|  |  |  30:EXCHANGE [HASH(tpcds_partitioned_parquet_snap.web_sales_1.ws_warehouse_sk,tpcds_partitioned_parquet_snap.web_sales_1.ws_order_number)]
|  |  |  |  mem-estimate=8.88MB mem-reservation=0B thread-reservation=0
|  |  |  |  tuple-ids=15 row-size=12B cardinality=6.53M cost=1085334
|  |  |  |  in pipelines: 04(GETNEXT)
|  |  |  |
|  |  |  F04:PLAN FRAGMENT [RANDOM] hosts=10 instances=90 (adjusted from 120)
|  |  |  Per-Host Shared Resources: mem-estimate=3.00MB mem-reservation=3.00MB thread-reservation=0 runtime-filters-memory=3.00MB
|  |  |  Per-Instance Resources: mem-estimate=26.62MB mem-reservation=3.12MB thread-reservation=1
|  |  |  max-parallelism=90 segment-costs=[816642124, 8405960] cpu-comparison-result=90 [max(90 (self) vs 42 (sum children))]
|  |  |  11:AGGREGATE [STREAMING]
|  |  |  |  group by: tpcds_partitioned_parquet_snap.web_sales_1.ws_warehouse_sk, tpcds_partitioned_parquet_snap.web_sales_1.ws_order_number
|  |  |  |  mem-estimate=10.00MB mem-reservation=3.00MB spill-buffer=128.00KB thread-reservation=0
|  |  |  |  tuple-ids=15 row-size=12B cardinality=6.53M cost=38522533
|  |  |  |  in pipelines: 04(GETNEXT)
|  |  |  |
|  |  |  10:HASH JOIN [INNER JOIN, BROADCAST]
|  |  |  |  hash-table-id=06
|  |  |  |  hash predicates: tpcds_partitioned_parquet_snap.web_sales_1.ws_ship_date_sk = tpcds_partitioned_parquet_snap.date_dim.d_date_sk
|  |  |  |  fk/pk conjuncts: tpcds_partitioned_parquet_snap.web_sales_1.ws_ship_date_sk = tpcds_partitioned_parquet_snap.date_dim.d_date_sk
|  |  |  |  mem-estimate=0B mem-reservation=0B spill-buffer=64.00KB thread-reservation=0
|  |  |  |  tuple-ids=7,9,11,13 row-size=70B cardinality=6.53M cost=2856590
|  |  |  |  in pipelines: 04(GETNEXT), 09(OPEN)
|  |  |  |
|  |  |  |--F21:PLAN FRAGMENT [RANDOM] hosts=10 instances=10
|  |  |  |  |  Per-Instance Resources: mem-estimate=18.50MB mem-reservation=18.44MB thread-reservation=1 runtime-filters-memory=1.00MB
|  |  |  |  |  max-parallelism=10 segment-costs=[17005]
|  |  |  |  JOIN BUILD
|  |  |  |  |  join-table-id=06 plan-id=07 cohort-id=04
|  |  |  |  |  build expressions: tpcds_partitioned_parquet_snap.date_dim.d_date_sk
|  |  |  |  |  runtime filters: RF014[bloom] <- tpcds_partitioned_parquet_snap.date_dim.d_date_sk, RF015[min_max] <- tpcds_partitioned_parquet_snap.date_dim.d_date_sk
|  |  |  |  |  mem-estimate=17.44MB mem-reservation=17.44MB spill-buffer=64.00KB thread-reservation=0 cost=7305
|  |  |  |  |
|  |  |  |  29:EXCHANGE [BROADCAST]
|  |  |  |  |  mem-estimate=69.07KB mem-reservation=0B thread-reservation=0
|  |  |  |  |  tuple-ids=13 row-size=8B cardinality=7.30K cost=9700
|  |  |  |  |  in pipelines: 09(GETNEXT)
|  |  |  |  |
|  |  |  |  F07:PLAN FRAGMENT [RANDOM] hosts=1 instances=1
|  |  |  |  Per-Instance Resources: mem-estimate=16.05MB mem-reservation=1.00MB thread-reservation=1
|  |  |  |  max-parallelism=1 segment-costs=[12835]
|  |  |  |  09:SCAN HDFS [tpcds_partitioned_parquet_snap.date_dim, RANDOM]
|  |  |  |     HDFS partitions=1/1 files=1 size=2.17MB
|  |  |  |     predicates: tpcds_partitioned_parquet_snap.date_dim.d_date <= CAST('2001-5-01' AS DATE) + INTERVAL CAST(60 AS INT) DAY, tpcds_partitioned_parquet_snap.date_dim.d_date >= CAST('2001-5-01' AS DATE)
|  |  |  |     stored statistics:
|  |  |  |       table: rows=73.05K size=2.17MB
|  |  |  |       columns: all
|  |  |  |     extrapolated-rows=disabled max-scan-range-rows=73.05K
|  |  |  |     parquet statistics predicates: tpcds_partitioned_parquet_snap.date_dim.d_date <= CAST('2001-5-01' AS DATE) + INTERVAL CAST(60 AS INT) DAY, tpcds_partitioned_parquet_snap.date_dim.d_date >= CAST('2001-5-01' AS DATE)
|  |  |  |     parquet dictionary predicates: tpcds_partitioned_parquet_snap.date_dim.d_date <= CAST('2001-5-01' AS DATE) + INTERVAL CAST(60 AS INT) DAY, tpcds_partitioned_parquet_snap.date_dim.d_date >= CAST('2001-5-01' AS DATE)
|  |  |  |     mem-estimate=16.00MB mem-reservation=1.00MB thread-reservation=0
|  |  |  |     tuple-ids=13 row-size=8B cardinality=7.30K cost=12520
|  |  |  |     in pipelines: 09(GETNEXT)
|  |  |  |
|  |  |  08:HASH JOIN [INNER JOIN, BROADCAST]
|  |  |  |  hash-table-id=07
|  |  |  |  hash predicates: tpcds_partitioned_parquet_snap.web_sales_1.ws_web_site_sk = tpcds_partitioned_parquet_snap.web_site.web_site_sk
|  |  |  |  fk/pk conjuncts: tpcds_partitioned_parquet_snap.web_sales_1.ws_web_site_sk = tpcds_partitioned_parquet_snap.web_site.web_site_sk
|  |  |  |  mem-estimate=0B mem-reservation=0B spill-buffer=64.00KB thread-reservation=0
|  |  |  |  tuple-ids=7,9,11 row-size=62B cardinality=6.53M cost=11378838
|  |  |  |  in pipelines: 04(GETNEXT), 07(OPEN)
|  |  |  |
|  |  |  |--F22:PLAN FRAGMENT [RANDOM] hosts=10 instances=10
|  |  |  |  |  Per-Instance Resources: mem-estimate=18.45MB mem-reservation=18.44MB thread-reservation=1 runtime-filters-memory=1.00MB
|  |  |  |  |  max-parallelism=10 segment-costs=[21]
|  |  |  |  JOIN BUILD
|  |  |  |  |  join-table-id=07 plan-id=08 cohort-id=04
|  |  |  |  |  build expressions: tpcds_partitioned_parquet_snap.web_site.web_site_sk
|  |  |  |  |  runtime filters: RF016[bloom] <- tpcds_partitioned_parquet_snap.web_site.web_site_sk, RF017[min_max] <- tpcds_partitioned_parquet_snap.web_site.web_site_sk
|  |  |  |  |  mem-estimate=17.44MB mem-reservation=17.44MB spill-buffer=64.00KB thread-reservation=0 cost=11
|  |  |  |  |
|  |  |  |  28:EXCHANGE [BROADCAST]
|  |  |  |  |  mem-estimate=16.00KB mem-reservation=0B thread-reservation=0
|  |  |  |  |  tuple-ids=11 row-size=20B cardinality=11 cost=10
|  |  |  |  |  in pipelines: 07(GETNEXT)
|  |  |  |  |
|  |  |  |  F06:PLAN FRAGMENT [RANDOM] hosts=1 instances=1
|  |  |  |  Per-Instance Resources: mem-estimate=16.09MB mem-reservation=16.00KB thread-reservation=1
|  |  |  |  max-parallelism=1 segment-costs=[9]
|  |  |  |  07:SCAN HDFS [tpcds_partitioned_parquet_snap.web_site, RANDOM]
|  |  |  |     HDFS partitions=1/1 files=1 size=17.88KB
|  |  |  |     predicates: tpcds_partitioned_parquet_snap.web_site.web_company_name = 'pri'
|  |  |  |     stored statistics:
|  |  |  |       table: rows=66 size=17.88KB
|  |  |  |       columns: all
|  |  |  |     extrapolated-rows=disabled max-scan-range-rows=66
|  |  |  |     parquet statistics predicates: tpcds_partitioned_parquet_snap.web_site.web_company_name = 'pri'
|  |  |  |     parquet dictionary predicates: tpcds_partitioned_parquet_snap.web_site.web_company_name = 'pri'
|  |  |  |     mem-estimate=16.00MB mem-reservation=16.00KB thread-reservation=0
|  |  |  |     tuple-ids=11 row-size=20B cardinality=11 cost=9
|  |  |  |     in pipelines: 07(GETNEXT)
|  |  |  |
|  |  |  06:HASH JOIN [INNER JOIN, BROADCAST]
|  |  |  |  hash-table-id=08
|  |  |  |  hash predicates: tpcds_partitioned_parquet_snap.web_sales_1.ws_ship_addr_sk = tpcds_partitioned_parquet_snap.customer_address.ca_address_sk
|  |  |  |  fk/pk conjuncts: tpcds_partitioned_parquet_snap.web_sales_1.ws_ship_addr_sk = tpcds_partitioned_parquet_snap.customer_address.ca_address_sk
|  |  |  |  mem-estimate=0B mem-reservation=0B spill-buffer=1.00MB thread-reservation=0
|  |  |  |  tuple-ids=7,9 row-size=42B cardinality=39.75M(filtered from 39.75M) cost=17399234
|  |  |  |  in pipelines: 04(GETNEXT), 05(OPEN)
|  |  |  |
|  |  |  |--F23:PLAN FRAGMENT [RANDOM] hosts=10 instances=10
|  |  |  |  |  Per-Instance Resources: mem-estimate=159.11MB mem-reservation=154.00MB thread-reservation=1 runtime-filters-memory=1.00MB
|  |  |  |  |  max-parallelism=10 segment-costs=[664482]
|  |  |  |  JOIN BUILD
|  |  |  |  |  join-table-id=08 plan-id=09 cohort-id=04
|  |  |  |  |  build expressions: tpcds_partitioned_parquet_snap.customer_address.ca_address_sk
|  |  |  |  |  runtime filters: RF018[bloom] <- tpcds_partitioned_parquet_snap.customer_address.ca_address_sk, RF019[min_max] <- tpcds_partitioned_parquet_snap.customer_address.ca_address_sk
|  |  |  |  |  mem-estimate=153.00MB mem-reservation=153.00MB spill-buffer=1.00MB thread-reservation=0 cost=285312
|  |  |  |  |
|  |  |  |  27:EXCHANGE [BROADCAST]
|  |  |  |  |  mem-estimate=5.11MB mem-reservation=0B thread-reservation=0
|  |  |  |  |  tuple-ids=9 row-size=18B cardinality=285.31K cost=379170
|  |  |  |  |  in pipelines: 05(GETNEXT)
|  |  |  |  |
|  |  |  |  F05:PLAN FRAGMENT [RANDOM] hosts=10 instances=10
|  |  |  |  Per-Instance Resources: mem-estimate=16.09MB mem-reservation=128.00KB thread-reservation=1
|  |  |  |  max-parallelism=10 segment-costs=[1737528]
|  |  |  |  05:SCAN HDFS [tpcds_partitioned_parquet_snap.customer_address, RANDOM]
|  |  |  |     HDFS partitions=1/1 files=1 size=307.36MB
|  |  |  |     predicates: tpcds_partitioned_parquet_snap.customer_address.ca_state = 'TX'
|  |  |  |     stored statistics:
|  |  |  |       table: rows=15.00M size=307.36MB
|  |  |  |       columns: all
|  |  |  |     extrapolated-rows=disabled max-scan-range-rows=1.58M
|  |  |  |     parquet statistics predicates: tpcds_partitioned_parquet_snap.customer_address.ca_state = 'TX'
|  |  |  |     parquet dictionary predicates: tpcds_partitioned_parquet_snap.customer_address.ca_state = 'TX'
|  |  |  |     mem-estimate=16.00MB mem-reservation=128.00KB thread-reservation=0
|  |  |  |     tuple-ids=9 row-size=18B cardinality=285.31K cost=1717500
|  |  |  |     in pipelines: 05(GETNEXT)
|  |  |  |
|  |  |  04:SCAN HDFS [tpcds_partitioned_parquet_snap.web_sales, RANDOM]
|  |  |     HDFS partitions=1824/1824 files=1824 size=145.75GB
|  |  |     runtime filters: RF019[min_max] -> tpcds_partitioned_parquet_snap.web_sales_1.ws_ship_addr_sk, RF017[min_max] -> tpcds_partitioned_parquet_snap.web_sales_1.ws_web_site_sk, RF015[min_max] -> tpcds_partitioned_parquet_snap.web_sales_1.ws_ship_date_sk, RF018[bloom] -> tpcds_partitioned_parquet_snap.web_sales_1.ws_ship_addr_sk, RF016[bloom] -> tpcds_partitioned_parquet_snap.web_sales_1.ws_web_site_sk, RF014[bloom] -> tpcds_partitioned_parquet_snap.web_sales_1.ws_ship_date_sk
|  |  |     stored statistics:
|  |  |       table: rows=2.16G size=145.75GB
|  |  |       partitions: 1824/1824 rows=2.16G
|  |  |       columns: all
|  |  |     extrapolated-rows=disabled max-scan-range-rows=3.37M
|  |  |     mem-estimate=16.00MB mem-reservation=128.00KB thread-reservation=0
|  |  |     tuple-ids=7 row-size=24B cardinality=39.75M(filtered from 2.16G) cost=746484929
|  |  |     in pipelines: 04(GETNEXT)
|  |  |
|  |  03:SCAN HDFS [tpcds_partitioned_parquet_snap.web_sales, RANDOM]
|  |     HDFS partitions=1824/1824 files=1824 size=145.75GB
|  |     runtime filters: RF013[min_max] -> tpcds_partitioned_parquet_snap.web_sales_0.ws_order_number, RF012[bloom] -> tpcds_partitioned_parquet_snap.web_sales_0.ws_order_number
|  |     stored statistics:
|  |       table: rows=2.16G size=145.75GB
|  |       partitions: 1824/1824 rows=2.16G
|  |       columns: all
|  |     extrapolated-rows=disabled max-scan-range-rows=3.37M
|  |     mem-estimate=16.00MB mem-reservation=128.00KB thread-reservation=0
|  |     tuple-ids=5 row-size=12B cardinality=79.94M(filtered from 2.16G) cost=373242464
|  |     in pipelines: 03(GETNEXT)
|  |
|  35:EXCHANGE [HASH(tpcds_partitioned_parquet_snap.web_sales.ws_warehouse_sk,tpcds_partitioned_parquet_snap.web_sales.ws_order_number)]
|  |  mem-estimate=14.22MB mem-reservation=0B thread-reservation=0
|  |  tuple-ids=3 row-size=32B cardinality=39.75M(filtered from 216.00M) cost=10267813
|  |  in pipelines: 02(GETNEXT)
|  |
|  F02:PLAN FRAGMENT [RANDOM] hosts=10 instances=120
|  Per-Host Shared Resources: mem-estimate=20.00MB mem-reservation=20.00MB thread-reservation=0 runtime-filters-memory=20.00MB
|  Per-Instance Resources: mem-estimate=17.41MB mem-reservation=128.00KB thread-reservation=1
|  max-parallelism=130 segment-costs=[1219103317]
|  02:SCAN HDFS [tpcds_partitioned_parquet_snap.web_sales, RANDOM]
|     HDFS partitions=1824/1824 files=1824 size=145.75GB
|     predicates: is_not_null_pred(tpcds_partitioned_parquet_snap.web_sales.ws_order_number), is_not_null_pred(tpcds_partitioned_parquet_snap.web_sales.ws_warehouse_sk)
|     runtime filters: RF007[min_max] -> tpcds_partitioned_parquet_snap.web_sales.ws_ship_addr_sk, RF010[min_max] -> tpcds_partitioned_parquet_snap.web_sales.ws_order_number, RF011[min_max] -> tpcds_partitioned_parquet_snap.web_sales.ws_warehouse_sk, RF005[min_max] -> tpcds_partitioned_parquet_snap.web_sales.ws_web_site_sk, RF001[min_max] -> tpcds_partitioned_parquet_snap.web_sales.ws_ship_date_sk, RF006[bloom] -> tpcds_partitioned_parquet_snap.web_sales.ws_ship_addr_sk, RF008[bloom] -> tpcds_partitioned_parquet_snap.web_sales.ws_order_number, RF009[bloom] -> tpcds_partitioned_parquet_snap.web_sales.ws_warehouse_sk, RF004[bloom] -> tpcds_partitioned_parquet_snap.web_sales.ws_web_site_sk, RF000[bloom] -> tpcds_partitioned_parquet_snap.web_sales.ws_ship_date_sk
|     stored statistics:
|       table: rows=2.16G size=145.75GB
|       partitions: 1824/1824 rows=2.16G
|       columns: all
|     extrapolated-rows=disabled max-scan-range-rows=3.37M
|     parquet dictionary predicates: is_not_null_pred(tpcds_partitioned_parquet_snap.web_sales.ws_order_number), is_not_null_pred(tpcds_partitioned_parquet_snap.web_sales.ws_warehouse_sk)
|     mem-estimate=16.00MB mem-reservation=128.00KB thread-reservation=0
|     tuple-ids=3 row-size=32B cardinality=39.75M(filtered from 216.00M) cost=1116703438
|     in pipelines: 02(GETNEXT)
|
26:AGGREGATE [FINALIZE]
|  group by: tpcds_partitioned_parquet_snap.web_returns.wr_order_number
|  mem-estimate=41.20MB mem-reservation=34.00MB spill-buffer=2.00MB thread-reservation=0
|  tuple-ids=2 row-size=8B cardinality=21.60M cost=62634300
|  in pipelines: 26(GETNEXT), 00(OPEN)
|
25:EXCHANGE [HASH(tpcds_partitioned_parquet_snap.web_returns.wr_order_number)]
|  mem-estimate=10.12MB mem-reservation=0B thread-reservation=0
|  tuple-ids=2 row-size=8B cardinality=21.60M cost=3194679
|  in pipelines: 00(GETNEXT)
|
F00:PLAN FRAGMENT [RANDOM] hosts=10 instances=10 (adjusted from 120)
Per-Host Shared Resources: mem-estimate=1.00MB mem-reservation=1.00MB thread-reservation=0 runtime-filters-memory=1.00MB
Per-Instance Resources: mem-estimate=50.47MB mem-reservation=34.25MB thread-reservation=1
max-parallelism=10 segment-costs=[93587484, 22256917]
01:AGGREGATE [STREAMING]
|  group by: tpcds_partitioned_parquet_snap.web_returns.wr_order_number
|  mem-estimate=34.00MB mem-reservation=34.00MB spill-buffer=2.00MB thread-reservation=0
|  tuple-ids=2 row-size=8B cardinality=21.60M cost=62634300
|  in pipelines: 00(GETNEXT)
|
00:SCAN HDFS [tpcds_partitioned_parquet_snap.web_returns, RANDOM]
   HDFS partitions=2114/2114 files=2114 size=16.74GB
   predicates: is_not_null_pred(tpcds_partitioned_parquet_snap.web_returns.wr_order_number)
   runtime filters: RF003[min_max] -> tpcds_partitioned_parquet_snap.web_returns.wr_order_number, RF002[bloom] -> tpcds_partitioned_parquet_snap.web_returns.wr_order_number
   stored statistics:
     table: rows=216.00M size=16.74GB
     partitions: 2114/2114 rows=216.00M
     columns: all
   extrapolated-rows=disabled max-scan-range-rows=9.41M
   parquet dictionary predicates: is_not_null_pred(tpcds_partitioned_parquet_snap.web_returns.wr_order_number)
   mem-estimate=16.00MB mem-reservation=256.00KB thread-reservation=0
   tuple-ids=0 row-size=8B cardinality=21.60M cost=30953184
   in pipelines: 00(GETNEXT)
---- PARALLELPLANS
Max Per-Host Resource Reservation: Memory=927.91MB Threads=51
Per-Host Resource Estimates: Memory=2.00GB
F14:PLAN FRAGMENT [UNPARTITIONED] hosts=1 instances=1
|  Per-Instance Resources: mem-estimate=4.00MB mem-reservation=4.00MB thread-reservation=1
|  max-parallelism=1 segment-costs=[0, 0, 3] cpu-comparison-result=161 [max(1 (self) vs 161 (sum children))]
PLAN-ROOT SINK
|  output exprs: count(tpcds_partitioned_parquet_snap.web_sales.ws_order_number), sum(tpcds_partitioned_parquet_snap.web_sales.ws_ext_ship_cost), sum(tpcds_partitioned_parquet_snap.web_sales.ws_net_profit)
|  mem-estimate=4.00MB mem-reservation=4.00MB spill-buffer=2.00MB thread-reservation=0 cost=3
|
24:TOP-N [LIMIT=100]
|  order by: count(tpcds_partitioned_parquet_snap.web_sales.ws_order_number) ASC NULLS LAST
|  mem-estimate=40B mem-reservation=0B thread-reservation=0
|  tuple-ids=25 row-size=40B cardinality=1 cost=0
|  in pipelines: 24(GETNEXT), 43(OPEN)
|
43:AGGREGATE [FINALIZE]
|  output: count:merge(tpcds_partitioned_parquet_snap.web_sales.ws_order_number), sum:merge(tpcds_partitioned_parquet_snap.web_sales.ws_ext_ship_cost), sum:merge(tpcds_partitioned_parquet_snap.web_sales.ws_net_profit)
|  mem-estimate=16.00KB mem-reservation=0B spill-buffer=2.00MB thread-reservation=0
|  tuple-ids=24 row-size=40B cardinality=1 cost=0
|  in pipelines: 43(GETNEXT), 23(OPEN)
|
42:EXCHANGE [UNPARTITIONED]
|  mem-estimate=16.00KB mem-reservation=0B thread-reservation=0
|  tuple-ids=24 row-size=40B cardinality=1 cost=0
|  in pipelines: 23(GETNEXT)
|
F13:PLAN FRAGMENT [HASH(tpcds_partitioned_parquet_snap.web_sales.ws_order_number)] hosts=10 instances=10 (adjusted from 120)
Per-Instance Resources: mem-estimate=10.59MB mem-reservation=1.94MB thread-reservation=1
max-parallelism=10 segment-costs=[136076, 8752, 3] cpu-comparison-result=161 [max(10 (self) vs 161 (sum children))]
23:AGGREGATE
|  output: count(tpcds_partitioned_parquet_snap.web_sales.ws_order_number), sum:merge(tpcds_partitioned_parquet_snap.web_sales.ws_ext_ship_cost), sum:merge(tpcds_partitioned_parquet_snap.web_sales.ws_net_profit)
|  mem-estimate=16.00KB mem-reservation=0B spill-buffer=2.00MB thread-reservation=0
|  tuple-ids=24 row-size=40B cardinality=1 cost=8752
|  in pipelines: 23(GETNEXT), 41(OPEN)
|
41:AGGREGATE
|  output: sum:merge(tpcds_partitioned_parquet_snap.web_sales.ws_ext_ship_cost), sum:merge(tpcds_partitioned_parquet_snap.web_sales.ws_net_profit)
|  group by: tpcds_partitioned_parquet_snap.web_sales.ws_order_number
|  mem-estimate=10.00MB mem-reservation=1.94MB spill-buffer=64.00KB thread-reservation=0
|  tuple-ids=23 row-size=40B cardinality=41.68K cost=123777
|  in pipelines: 41(GETNEXT), 26(OPEN)
|
40:EXCHANGE [HASH(tpcds_partitioned_parquet_snap.web_sales.ws_order_number)]
|  mem-estimate=602.81KB mem-reservation=0B thread-reservation=0
|  tuple-ids=23 row-size=40B cardinality=41.68K cost=12299
|  in pipelines: 26(GETNEXT)
|
F01:PLAN FRAGMENT [HASH(tpcds_partitioned_parquet_snap.web_returns.wr_order_number)] hosts=10 instances=10 (adjusted from 120)
Per-Instance Resources: mem-estimate=61.32MB mem-reservation=36.00MB thread-reservation=1
max-parallelism=10 segment-costs=[65828979, 5690041, 128841] cpu-comparison-result=161 [max(10 (self) vs 161 (sum children))]
22:AGGREGATE [STREAMING]
|  output: sum(tpcds_partitioned_parquet_snap.web_sales.ws_ext_ship_cost), sum(tpcds_partitioned_parquet_snap.web_sales.ws_net_profit)
|  group by: tpcds_partitioned_parquet_snap.web_sales.ws_order_number
|  mem-estimate=10.00MB mem-reservation=2.00MB spill-buffer=64.00KB thread-reservation=0
|  tuple-ids=23 row-size=40B cardinality=41.68K cost=123777
|  in pipelines: 26(GETNEXT)
|
21:HASH JOIN [INNER JOIN, BROADCAST]
|  hash-table-id=00
|  hash predicates: tpcds_partitioned_parquet_snap.web_sales.ws_ship_date_sk = tpcds_partitioned_parquet_snap.date_dim_0.d_date_sk
|  fk/pk conjuncts: tpcds_partitioned_parquet_snap.web_sales.ws_ship_date_sk = tpcds_partitioned_parquet_snap.date_dim_0.d_date_sk
|  mem-estimate=0B mem-reservation=0B spill-buffer=64.00KB thread-reservation=0
|  tuple-ids=2N,3,16,17,19,21 row-size=98B cardinality=41.68K cost=18243
|  in pipelines: 26(GETNEXT), 20(OPEN)
|
|--F15:PLAN FRAGMENT [HASH(tpcds_partitioned_parquet_snap.web_returns.wr_order_number)] hosts=10 instances=10
|  |  Per-Instance Resources: mem-estimate=3.00MB mem-reservation=2.94MB thread-reservation=1 runtime-filters-memory=1.00MB
|  |  max-parallelism=10 segment-costs=[17005]
|  JOIN BUILD
|  |  join-table-id=00 plan-id=01 cohort-id=01
|  |  build expressions: tpcds_partitioned_parquet_snap.date_dim_0.d_date_sk
|  |  runtime filters: RF000[bloom] <- tpcds_partitioned_parquet_snap.date_dim_0.d_date_sk, RF001[min_max] <- tpcds_partitioned_parquet_snap.date_dim_0.d_date_sk
|  |  mem-estimate=1.94MB mem-reservation=1.94MB spill-buffer=64.00KB thread-reservation=0 cost=7305
|  |
|  39:EXCHANGE [BROADCAST]
|  |  mem-estimate=69.07KB mem-reservation=0B thread-reservation=0
|  |  tuple-ids=21 row-size=8B cardinality=7.30K cost=9700
|  |  in pipelines: 20(GETNEXT)
|  |
|  F12:PLAN FRAGMENT [RANDOM] hosts=1 instances=1
|  Per-Instance Resources: mem-estimate=16.05MB mem-reservation=1.00MB thread-reservation=1
|  max-parallelism=1 segment-costs=[12835]
|  20:SCAN HDFS [tpcds_partitioned_parquet_snap.date_dim, RANDOM]
|     HDFS partitions=1/1 files=1 size=2.17MB
|     predicates: tpcds_partitioned_parquet_snap.date_dim_0.d_date <= CAST('2001-5-01' AS DATE) + INTERVAL CAST(60 AS INT) DAY, tpcds_partitioned_parquet_snap.date_dim_0.d_date >= CAST('2001-5-01' AS DATE)
|     stored statistics:
|       table: rows=73.05K size=2.17MB
|       columns: all
|     extrapolated-rows=disabled max-scan-range-rows=73.05K
|     parquet statistics predicates: tpcds_partitioned_parquet_snap.date_dim_0.d_date <= CAST('2001-5-01' AS DATE) + INTERVAL CAST(60 AS INT) DAY, tpcds_partitioned_parquet_snap.date_dim_0.d_date >= CAST('2001-5-01' AS DATE)
|     parquet dictionary predicates: tpcds_partitioned_parquet_snap.date_dim_0.d_date <= CAST('2001-5-01' AS DATE) + INTERVAL CAST(60 AS INT) DAY, tpcds_partitioned_parquet_snap.date_dim_0.d_date >= CAST('2001-5-01' AS DATE)
|     mem-estimate=16.00MB mem-reservation=1.00MB thread-reservation=0
|     tuple-ids=21 row-size=8B cardinality=7.30K cost=12520
|     in pipelines: 20(GETNEXT)
|
19:HASH JOIN [RIGHT OUTER JOIN, PARTITIONED]
|  hash-table-id=01
|  hash predicates: tpcds_partitioned_parquet_snap.web_returns.wr_order_number = tpcds_partitioned_parquet_snap.web_sales.ws_order_number
|  fk/pk conjuncts: none
|  other predicates: is_null_pred(if(TupleIsNull(2), NULL, TRUE))
|  mem-estimate=0B mem-reservation=0B spill-buffer=64.00KB thread-reservation=0
|  tuple-ids=2N,3,16,17,19 row-size=90B cardinality=41.68K cost=5548021
|  in pipelines: 26(GETNEXT), 02(OPEN)
|
|--F16:PLAN FRAGMENT [HASH(tpcds_partitioned_parquet_snap.web_returns.wr_order_number)] hosts=10 instances=10 (adjusted from 120)
|  |  Per-Instance Resources: mem-estimate=4.08MB mem-reservation=2.94MB thread-reservation=1 runtime-filters-memory=1.00MB
|  |  max-parallelism=10 segment-costs=[38612] cpu-comparison-result=140 [max(140 (self) vs 121 (sum children))]
|  JOIN BUILD
|  |  join-table-id=01 plan-id=02 cohort-id=01
|  |  build expressions: tpcds_partitioned_parquet_snap.web_sales.ws_order_number
|  |  runtime filters: RF002[bloom] <- tpcds_partitioned_parquet_snap.web_sales.ws_order_number, RF003[min_max] <- tpcds_partitioned_parquet_snap.web_sales.ws_order_number
|  |  mem-estimate=1.94MB mem-reservation=1.94MB spill-buffer=64.00KB thread-reservation=0 cost=24156
|  |
|  38:EXCHANGE [HASH(tpcds_partitioned_parquet_snap.web_sales.ws_order_number)]
|  |  mem-estimate=1.15MB mem-reservation=0B thread-reservation=0
|  |  tuple-ids=3,16,17,19 row-size=82B cardinality=24.16K cost=14456
|  |  in pipelines: 02(GETNEXT)
|  |
|  F09:PLAN FRAGMENT [HASH(tpcds_partitioned_parquet_snap.web_sales_1.ws_warehouse_sk,tpcds_partitioned_parquet_snap.web_sales_1.ws_order_number)] hosts=10 instances=10 (adjusted from 120)
|  Per-Instance Resources: mem-estimate=18.05MB mem-reservation=0B thread-reservation=1
|  max-parallelism=10 segment-costs=[24209279]
|  18:HASH JOIN [INNER JOIN, BROADCAST]
|  |  hash-table-id=02
|  |  hash predicates: tpcds_partitioned_parquet_snap.web_sales.ws_web_site_sk = tpcds_partitioned_parquet_snap.web_site_0.web_site_sk
|  |  fk/pk conjuncts: tpcds_partitioned_parquet_snap.web_sales.ws_web_site_sk = tpcds_partitioned_parquet_snap.web_site_0.web_site_sk
|  |  mem-estimate=0B mem-reservation=0B spill-buffer=64.00KB thread-reservation=0
|  |  tuple-ids=3,16,17,19 row-size=82B cardinality=24.16K cost=42115
|  |  in pipelines: 02(GETNEXT), 17(OPEN)
|  |
|  |--F17:PLAN FRAGMENT [HASH(tpcds_partitioned_parquet_snap.web_sales_1.ws_warehouse_sk,tpcds_partitioned_parquet_snap.web_sales_1.ws_order_number)] hosts=10 instances=10
|  |  |  Per-Instance Resources: mem-estimate=2.95MB mem-reservation=2.94MB thread-reservation=1 runtime-filters-memory=1.00MB
|  |  |  max-parallelism=10 segment-costs=[21]
|  |  JOIN BUILD
|  |  |  join-table-id=02 plan-id=03 cohort-id=02
|  |  |  build expressions: tpcds_partitioned_parquet_snap.web_site_0.web_site_sk
|  |  |  runtime filters: RF004[bloom] <- tpcds_partitioned_parquet_snap.web_site_0.web_site_sk, RF005[min_max] <- tpcds_partitioned_parquet_snap.web_site_0.web_site_sk
|  |  |  mem-estimate=1.94MB mem-reservation=1.94MB spill-buffer=64.00KB thread-reservation=0 cost=11
|  |  |
|  |  37:EXCHANGE [BROADCAST]
|  |  |  mem-estimate=16.00KB mem-reservation=0B thread-reservation=0
|  |  |  tuple-ids=19 row-size=20B cardinality=11 cost=10
|  |  |  in pipelines: 17(GETNEXT)
|  |  |
|  |  F11:PLAN FRAGMENT [RANDOM] hosts=1 instances=1
|  |  Per-Instance Resources: mem-estimate=16.09MB mem-reservation=16.00KB thread-reservation=1
|  |  max-parallelism=1 segment-costs=[9]
|  |  17:SCAN HDFS [tpcds_partitioned_parquet_snap.web_site, RANDOM]
|  |     HDFS partitions=1/1 files=1 size=17.88KB
|  |     predicates: tpcds_partitioned_parquet_snap.web_site_0.web_company_name = 'pri'
|  |     stored statistics:
|  |       table: rows=66 size=17.88KB
|  |       columns: all
|  |     extrapolated-rows=disabled max-scan-range-rows=66
|  |     parquet statistics predicates: tpcds_partitioned_parquet_snap.web_site_0.web_company_name = 'pri'
|  |     parquet dictionary predicates: tpcds_partitioned_parquet_snap.web_site_0.web_company_name = 'pri'
|  |     mem-estimate=16.00MB mem-reservation=16.00KB thread-reservation=0
|  |     tuple-ids=19 row-size=20B cardinality=11 cost=9
|  |     in pipelines: 17(GETNEXT)
|  |
|  16:HASH JOIN [INNER JOIN, BROADCAST]
|  |  hash-table-id=03
|  |  hash predicates: tpcds_partitioned_parquet_snap.web_sales.ws_ship_addr_sk = tpcds_partitioned_parquet_snap.customer_address_0.ca_address_sk
|  |  fk/pk conjuncts: tpcds_partitioned_parquet_snap.web_sales.ws_ship_addr_sk = tpcds_partitioned_parquet_snap.customer_address_0.ca_address_sk
|  |  mem-estimate=0B mem-reservation=0B spill-buffer=1.00MB thread-reservation=0
|  |  tuple-ids=3,16,17 row-size=62B cardinality=147.13K cost=2077230
|  |  in pipelines: 02(GETNEXT), 15(OPEN)
|  |
|  |--F18:PLAN FRAGMENT [HASH(tpcds_partitioned_parquet_snap.web_sales_1.ws_warehouse_sk,tpcds_partitioned_parquet_snap.web_sales_1.ws_order_number)] hosts=10 instances=10
|  |  |  Per-Instance Resources: mem-estimate=23.11MB mem-reservation=18.00MB thread-reservation=1 runtime-filters-memory=1.00MB
|  |  |  max-parallelism=10 segment-costs=[664482]
|  |  JOIN BUILD
|  |  |  join-table-id=03 plan-id=04 cohort-id=02
|  |  |  build expressions: tpcds_partitioned_parquet_snap.customer_address_0.ca_address_sk
|  |  |  runtime filters: RF006[bloom] <- tpcds_partitioned_parquet_snap.customer_address_0.ca_address_sk, RF007[min_max] <- tpcds_partitioned_parquet_snap.customer_address_0.ca_address_sk
|  |  |  mem-estimate=17.00MB mem-reservation=17.00MB spill-buffer=1.00MB thread-reservation=0 cost=285312
|  |  |
|  |  36:EXCHANGE [BROADCAST]
|  |  |  mem-estimate=5.11MB mem-reservation=0B thread-reservation=0
|  |  |  tuple-ids=17 row-size=18B cardinality=285.31K cost=379170
|  |  |  in pipelines: 15(GETNEXT)
|  |  |
|  |  F10:PLAN FRAGMENT [RANDOM] hosts=10 instances=10
|  |  Per-Instance Resources: mem-estimate=16.09MB mem-reservation=128.00KB thread-reservation=1
|  |  max-parallelism=10 segment-costs=[1737528]
|  |  15:SCAN HDFS [tpcds_partitioned_parquet_snap.customer_address, RANDOM]
|  |     HDFS partitions=1/1 files=1 size=307.36MB
|  |     predicates: tpcds_partitioned_parquet_snap.customer_address_0.ca_state = 'TX'
|  |     stored statistics:
|  |       table: rows=15.00M size=307.36MB
|  |       columns: all
|  |     extrapolated-rows=disabled max-scan-range-rows=1.58M
|  |     parquet statistics predicates: tpcds_partitioned_parquet_snap.customer_address_0.ca_state = 'TX'
|  |     parquet dictionary predicates: tpcds_partitioned_parquet_snap.customer_address_0.ca_state = 'TX'
|  |     mem-estimate=16.00MB mem-reservation=128.00KB thread-reservation=0
|  |     tuple-ids=17 row-size=18B cardinality=285.31K cost=1717500
|  |     in pipelines: 15(GETNEXT)
|  |
|  14:HASH JOIN [INNER JOIN, PARTITIONED]
|  |  hash-table-id=04
|  |  hash predicates: tpcds_partitioned_parquet_snap.web_sales.ws_order_number = tpcds_partitioned_parquet_snap.web_sales_1.ws_order_number, tpcds_partitioned_parquet_snap.web_sales.ws_warehouse_sk = tpcds_partitioned_parquet_snap.web_sales_1.ws_warehouse_sk
|  |  fk/pk conjuncts: tpcds_partitioned_parquet_snap.web_sales.ws_order_number = tpcds_partitioned_parquet_snap.web_sales_1.ws_order_number, tpcds_partitioned_parquet_snap.web_sales.ws_warehouse_sk = tpcds_partitioned_parquet_snap.web_sales_1.ws_warehouse_sk
|  |  mem-estimate=0B mem-reservation=0B spill-buffer=2.00MB thread-reservation=0
|  |  tuple-ids=3,16 row-size=44B cardinality=7.99M cost=11644851
|  |  in pipelines: 02(GETNEXT), 34(OPEN)
|  |
|  |--F19:PLAN FRAGMENT [HASH(tpcds_partitioned_parquet_snap.web_sales_1.ws_warehouse_sk,tpcds_partitioned_parquet_snap.web_sales_1.ws_order_number)] hosts=10 instances=10 (adjusted from 120)
|  |  |  Per-Instance Resources: mem-estimate=445.07MB mem-reservation=85.00MB thread-reservation=1 runtime-filters-memory=17.00MB
|  |  |  max-parallelism=10 segment-costs=[485174058, 79944316] cpu-comparison-result=90 [max(10 (self) vs 90 (sum children))]
|  |  JOIN BUILD
|  |  |  join-table-id=04 plan-id=05 cohort-id=02
|  |  |  build expressions: tpcds_partitioned_parquet_snap.web_sales_1.ws_order_number, tpcds_partitioned_parquet_snap.web_sales_1.ws_warehouse_sk
|  |  |  runtime filters: RF008[bloom] <- tpcds_partitioned_parquet_snap.web_sales_1.ws_order_number, RF009[bloom] <- tpcds_partitioned_parquet_snap.web_sales_1.ws_warehouse_sk, RF010[min_max] <- tpcds_partitioned_parquet_snap.web_sales_1.ws_order_number, RF011[min_max] <- tpcds_partitioned_parquet_snap.web_sales_1.ws_warehouse_sk
|  |  |  mem-estimate=245.09MB mem-reservation=34.00MB spill-buffer=2.00MB thread-reservation=0 cost=79944316
|  |  |
|  |  34:AGGREGATE [FINALIZE]
|  |  |  group by: tpcds_partitioned_parquet_snap.web_sales_1.ws_warehouse_sk, tpcds_partitioned_parquet_snap.web_sales_1.ws_order_number
|  |  |  mem-estimate=182.98MB mem-reservation=34.00MB spill-buffer=2.00MB thread-reservation=0
|  |  |  tuple-ids=16 row-size=12B cardinality=79.94M cost=471879319
|  |  |  in pipelines: 34(GETNEXT), 03(OPEN)
|  |  |
|  |  33:EXCHANGE [HASH(tpcds_partitioned_parquet_snap.web_sales_1.ws_warehouse_sk,tpcds_partitioned_parquet_snap.web_sales_1.ws_order_number)]
|  |  |  mem-estimate=11.41MB mem-reservation=0B thread-reservation=0
|  |  |  tuple-ids=16 row-size=12B cardinality=79.94M cost=13294739
|  |  |  in pipelines: 03(GETNEXT)
|  |  |
|  |  F03:PLAN FRAGMENT [RANDOM] hosts=10 instances=90 (adjusted from 120)
|  |  Per-Host Shared Resources: mem-estimate=8.00MB mem-reservation=8.00MB thread-reservation=0 runtime-filters-memory=8.00MB
|  |  Per-Instance Resources: mem-estimate=33.62MB mem-reservation=17.12MB thread-reservation=1
|  |  max-parallelism=90 segment-costs=[880113410, 102968279] cpu-comparison-result=90 [max(90 (self) vs 90 (sum children))]
|  |  13:AGGREGATE [STREAMING]
|  |  |  group by: tpcds_partitioned_parquet_snap.web_sales_1.ws_warehouse_sk, tpcds_partitioned_parquet_snap.web_sales_1.ws_order_number
|  |  |  mem-estimate=17.00MB mem-reservation=17.00MB spill-buffer=1.00MB thread-reservation=0
|  |  |  tuple-ids=16 row-size=12B cardinality=79.94M cost=471879319
|  |  |  in pipelines: 03(GETNEXT)
|  |  |
|  |  12:HASH JOIN [INNER JOIN, BROADCAST]
|  |  |  hash-table-id=05
|  |  |  hash predicates: tpcds_partitioned_parquet_snap.web_sales_0.ws_order_number = tpcds_partitioned_parquet_snap.web_sales_1.ws_order_number
|  |  |  fk/pk conjuncts: none
|  |  |  other join predicates: tpcds_partitioned_parquet_snap.web_sales_1.ws_warehouse_sk != tpcds_partitioned_parquet_snap.web_sales_0.ws_warehouse_sk
|  |  |  mem-estimate=0B mem-reservation=0B spill-buffer=2.00MB thread-reservation=0
|  |  |  tuple-ids=5,15 row-size=24B cardinality=79.94M cost=34991627
|  |  |  in pipelines: 03(GETNEXT), 31(OPEN)
|  |  |
|  |  |--F20:PLAN FRAGMENT [RANDOM] hosts=10 instances=10
|  |  |  |  Per-Instance Resources: mem-estimate=324.16MB mem-reservation=314.00MB thread-reservation=1 runtime-filters-memory=8.00MB
|  |  |  |  max-parallelism=10 segment-costs=[15199907] cpu-comparison-result=90 [max(10 (self) vs 90 (sum children))]
|  |  |  JOIN BUILD
|  |  |  |  join-table-id=05 plan-id=06 cohort-id=03
|  |  |  |  build expressions: tpcds_partitioned_parquet_snap.web_sales_1.ws_order_number
|  |  |  |  runtime filters: RF012[bloom] <- tpcds_partitioned_parquet_snap.web_sales_1.ws_order_number, RF013[min_max] <- tpcds_partitioned_parquet_snap.web_sales_1.ws_order_number
|  |  |  |  mem-estimate=306.00MB mem-reservation=306.00MB spill-buffer=2.00MB thread-reservation=0 cost=6526367
|  |  |  |
|  |  |  32:EXCHANGE [BROADCAST]
|  |  |  |  mem-estimate=10.16MB mem-reservation=0B thread-reservation=0
|  |  |  |  tuple-ids=15 row-size=12B cardinality=6.53M cost=8673540
|  |  |  |  in pipelines: 31(GETNEXT)
|  |  |  |
|  |  |  F08:PLAN FRAGMENT [HASH(tpcds_partitioned_parquet_snap.web_sales_1.ws_warehouse_sk,tpcds_partitioned_parquet_snap.web_sales_1.ws_order_number)] hosts=10 instances=10 (adjusted from 120)
|  |  |  Per-Instance Resources: mem-estimate=25.88MB mem-reservation=17.00MB thread-reservation=1
|  |  |  max-parallelism=10 segment-costs=[39607867, 352423] cpu-comparison-result=90 [max(10 (self) vs 90 (sum children))]
|  |  |  31:AGGREGATE [FINALIZE]
|  |  |  |  group by: tpcds_partitioned_parquet_snap.web_sales_1.ws_warehouse_sk, tpcds_partitioned_parquet_snap.web_sales_1.ws_order_number
|  |  |  |  mem-estimate=17.00MB mem-reservation=17.00MB spill-buffer=1.00MB thread-reservation=0
|  |  |  |  tuple-ids=15 row-size=12B cardinality=6.53M cost=38522533
|  |  |  |  in pipelines: 31(GETNEXT), 04(OPEN)
|  |  |  |
|  |  |  30:EXCHANGE [HASH(tpcds_partitioned_parquet_snap.web_sales_1.ws_warehouse_sk,tpcds_partitioned_parquet_snap.web_sales_1.ws_order_number)]
|  |  |  |  mem-estimate=8.88MB mem-reservation=0B thread-reservation=0
|  |  |  |  tuple-ids=15 row-size=12B cardinality=6.53M cost=1085334
|  |  |  |  in pipelines: 04(GETNEXT)
|  |  |  |
|  |  |  F04:PLAN FRAGMENT [RANDOM] hosts=10 instances=90 (adjusted from 120)
|  |  |  Per-Host Shared Resources: mem-estimate=3.00MB mem-reservation=3.00MB thread-reservation=0 runtime-filters-memory=3.00MB
|  |  |  Per-Instance Resources: mem-estimate=26.62MB mem-reservation=3.12MB thread-reservation=1
|  |  |  max-parallelism=90 segment-costs=[816642124, 8405960] cpu-comparison-result=90 [max(90 (self) vs 42 (sum children))]
|  |  |  11:AGGREGATE [STREAMING]
|  |  |  |  group by: tpcds_partitioned_parquet_snap.web_sales_1.ws_warehouse_sk, tpcds_partitioned_parquet_snap.web_sales_1.ws_order_number
|  |  |  |  mem-estimate=10.00MB mem-reservation=3.00MB spill-buffer=128.00KB thread-reservation=0
|  |  |  |  tuple-ids=15 row-size=12B cardinality=6.53M cost=38522533
|  |  |  |  in pipelines: 04(GETNEXT)
|  |  |  |
|  |  |  10:HASH JOIN [INNER JOIN, BROADCAST]
|  |  |  |  hash-table-id=06
|  |  |  |  hash predicates: tpcds_partitioned_parquet_snap.web_sales_1.ws_ship_date_sk = tpcds_partitioned_parquet_snap.date_dim.d_date_sk
|  |  |  |  fk/pk conjuncts: tpcds_partitioned_parquet_snap.web_sales_1.ws_ship_date_sk = tpcds_partitioned_parquet_snap.date_dim.d_date_sk
|  |  |  |  mem-estimate=0B mem-reservation=0B spill-buffer=64.00KB thread-reservation=0
|  |  |  |  tuple-ids=7,9,11,13 row-size=70B cardinality=6.53M cost=2856590
|  |  |  |  in pipelines: 04(GETNEXT), 09(OPEN)
|  |  |  |
|  |  |  |--F21:PLAN FRAGMENT [RANDOM] hosts=10 instances=10
|  |  |  |  |  Per-Instance Resources: mem-estimate=18.50MB mem-reservation=18.44MB thread-reservation=1 runtime-filters-memory=1.00MB
|  |  |  |  |  max-parallelism=10 segment-costs=[17005]
|  |  |  |  JOIN BUILD
|  |  |  |  |  join-table-id=06 plan-id=07 cohort-id=04
|  |  |  |  |  build expressions: tpcds_partitioned_parquet_snap.date_dim.d_date_sk
|  |  |  |  |  runtime filters: RF014[bloom] <- tpcds_partitioned_parquet_snap.date_dim.d_date_sk, RF015[min_max] <- tpcds_partitioned_parquet_snap.date_dim.d_date_sk
|  |  |  |  |  mem-estimate=17.44MB mem-reservation=17.44MB spill-buffer=64.00KB thread-reservation=0 cost=7305
|  |  |  |  |
|  |  |  |  29:EXCHANGE [BROADCAST]
|  |  |  |  |  mem-estimate=69.07KB mem-reservation=0B thread-reservation=0
|  |  |  |  |  tuple-ids=13 row-size=8B cardinality=7.30K cost=9700
|  |  |  |  |  in pipelines: 09(GETNEXT)
|  |  |  |  |
|  |  |  |  F07:PLAN FRAGMENT [RANDOM] hosts=1 instances=1
|  |  |  |  Per-Instance Resources: mem-estimate=16.05MB mem-reservation=1.00MB thread-reservation=1
|  |  |  |  max-parallelism=1 segment-costs=[12835]
|  |  |  |  09:SCAN HDFS [tpcds_partitioned_parquet_snap.date_dim, RANDOM]
|  |  |  |     HDFS partitions=1/1 files=1 size=2.17MB
|  |  |  |     predicates: tpcds_partitioned_parquet_snap.date_dim.d_date <= CAST('2001-5-01' AS DATE) + INTERVAL CAST(60 AS INT) DAY, tpcds_partitioned_parquet_snap.date_dim.d_date >= CAST('2001-5-01' AS DATE)
|  |  |  |     stored statistics:
|  |  |  |       table: rows=73.05K size=2.17MB
|  |  |  |       columns: all
|  |  |  |     extrapolated-rows=disabled max-scan-range-rows=73.05K
|  |  |  |     parquet statistics predicates: tpcds_partitioned_parquet_snap.date_dim.d_date <= CAST('2001-5-01' AS DATE) + INTERVAL CAST(60 AS INT) DAY, tpcds_partitioned_parquet_snap.date_dim.d_date >= CAST('2001-5-01' AS DATE)
|  |  |  |     parquet dictionary predicates: tpcds_partitioned_parquet_snap.date_dim.d_date <= CAST('2001-5-01' AS DATE) + INTERVAL CAST(60 AS INT) DAY, tpcds_partitioned_parquet_snap.date_dim.d_date >= CAST('2001-5-01' AS DATE)
|  |  |  |     mem-estimate=16.00MB mem-reservation=1.00MB thread-reservation=0
|  |  |  |     tuple-ids=13 row-size=8B cardinality=7.30K cost=12520
|  |  |  |     in pipelines: 09(GETNEXT)
|  |  |  |
|  |  |  08:HASH JOIN [INNER JOIN, BROADCAST]
|  |  |  |  hash-table-id=07
|  |  |  |  hash predicates: tpcds_partitioned_parquet_snap.web_sales_1.ws_web_site_sk = tpcds_partitioned_parquet_snap.web_site.web_site_sk
|  |  |  |  fk/pk conjuncts: tpcds_partitioned_parquet_snap.web_sales_1.ws_web_site_sk = tpcds_partitioned_parquet_snap.web_site.web_site_sk
|  |  |  |  mem-estimate=0B mem-reservation=0B spill-buffer=64.00KB thread-reservation=0
|  |  |  |  tuple-ids=7,9,11 row-size=62B cardinality=6.53M cost=11378838
|  |  |  |  in pipelines: 04(GETNEXT), 07(OPEN)
|  |  |  |
|  |  |  |--F22:PLAN FRAGMENT [RANDOM] hosts=10 instances=10
|  |  |  |  |  Per-Instance Resources: mem-estimate=18.45MB mem-reservation=18.44MB thread-reservation=1 runtime-filters-memory=1.00MB
|  |  |  |  |  max-parallelism=10 segment-costs=[21]
|  |  |  |  JOIN BUILD
|  |  |  |  |  join-table-id=07 plan-id=08 cohort-id=04
|  |  |  |  |  build expressions: tpcds_partitioned_parquet_snap.web_site.web_site_sk
|  |  |  |  |  runtime filters: RF016[bloom] <- tpcds_partitioned_parquet_snap.web_site.web_site_sk, RF017[min_max] <- tpcds_partitioned_parquet_snap.web_site.web_site_sk
|  |  |  |  |  mem-estimate=17.44MB mem-reservation=17.44MB spill-buffer=64.00KB thread-reservation=0 cost=11
|  |  |  |  |
|  |  |  |  28:EXCHANGE [BROADCAST]
|  |  |  |  |  mem-estimate=16.00KB mem-reservation=0B thread-reservation=0
|  |  |  |  |  tuple-ids=11 row-size=20B cardinality=11 cost=10
|  |  |  |  |  in pipelines: 07(GETNEXT)
|  |  |  |  |
|  |  |  |  F06:PLAN FRAGMENT [RANDOM] hosts=1 instances=1
|  |  |  |  Per-Instance Resources: mem-estimate=16.09MB mem-reservation=16.00KB thread-reservation=1
|  |  |  |  max-parallelism=1 segment-costs=[9]
|  |  |  |  07:SCAN HDFS [tpcds_partitioned_parquet_snap.web_site, RANDOM]
|  |  |  |     HDFS partitions=1/1 files=1 size=17.88KB
|  |  |  |     predicates: tpcds_partitioned_parquet_snap.web_site.web_company_name = 'pri'
|  |  |  |     stored statistics:
|  |  |  |       table: rows=66 size=17.88KB
|  |  |  |       columns: all
|  |  |  |     extrapolated-rows=disabled max-scan-range-rows=66
|  |  |  |     parquet statistics predicates: tpcds_partitioned_parquet_snap.web_site.web_company_name = 'pri'
|  |  |  |     parquet dictionary predicates: tpcds_partitioned_parquet_snap.web_site.web_company_name = 'pri'
|  |  |  |     mem-estimate=16.00MB mem-reservation=16.00KB thread-reservation=0
|  |  |  |     tuple-ids=11 row-size=20B cardinality=11 cost=9
|  |  |  |     in pipelines: 07(GETNEXT)
|  |  |  |
|  |  |  06:HASH JOIN [INNER JOIN, BROADCAST]
|  |  |  |  hash-table-id=08
|  |  |  |  hash predicates: tpcds_partitioned_parquet_snap.web_sales_1.ws_ship_addr_sk = tpcds_partitioned_parquet_snap.customer_address.ca_address_sk
|  |  |  |  fk/pk conjuncts: tpcds_partitioned_parquet_snap.web_sales_1.ws_ship_addr_sk = tpcds_partitioned_parquet_snap.customer_address.ca_address_sk
|  |  |  |  mem-estimate=0B mem-reservation=0B spill-buffer=1.00MB thread-reservation=0
|  |  |  |  tuple-ids=7,9 row-size=42B cardinality=39.75M(filtered from 39.75M) cost=17399234
|  |  |  |  in pipelines: 04(GETNEXT), 05(OPEN)
|  |  |  |
|  |  |  |--F23:PLAN FRAGMENT [RANDOM] hosts=10 instances=10
|  |  |  |  |  Per-Instance Resources: mem-estimate=159.11MB mem-reservation=154.00MB thread-reservation=1 runtime-filters-memory=1.00MB
|  |  |  |  |  max-parallelism=10 segment-costs=[664482]
|  |  |  |  JOIN BUILD
|  |  |  |  |  join-table-id=08 plan-id=09 cohort-id=04
|  |  |  |  |  build expressions: tpcds_partitioned_parquet_snap.customer_address.ca_address_sk
|  |  |  |  |  runtime filters: RF018[bloom] <- tpcds_partitioned_parquet_snap.customer_address.ca_address_sk, RF019[min_max] <- tpcds_partitioned_parquet_snap.customer_address.ca_address_sk
|  |  |  |  |  mem-estimate=153.00MB mem-reservation=153.00MB spill-buffer=1.00MB thread-reservation=0 cost=285312
|  |  |  |  |
|  |  |  |  27:EXCHANGE [BROADCAST]
|  |  |  |  |  mem-estimate=5.11MB mem-reservation=0B thread-reservation=0
|  |  |  |  |  tuple-ids=9 row-size=18B cardinality=285.31K cost=379170
|  |  |  |  |  in pipelines: 05(GETNEXT)
|  |  |  |  |
|  |  |  |  F05:PLAN FRAGMENT [RANDOM] hosts=10 instances=10
|  |  |  |  Per-Instance Resources: mem-estimate=16.09MB mem-reservation=128.00KB thread-reservation=1
|  |  |  |  max-parallelism=10 segment-costs=[1737528]
|  |  |  |  05:SCAN HDFS [tpcds_partitioned_parquet_snap.customer_address, RANDOM]
|  |  |  |     HDFS partitions=1/1 files=1 size=307.36MB
|  |  |  |     predicates: tpcds_partitioned_parquet_snap.customer_address.ca_state = 'TX'
|  |  |  |     stored statistics:
|  |  |  |       table: rows=15.00M size=307.36MB
|  |  |  |       columns: all
|  |  |  |     extrapolated-rows=disabled max-scan-range-rows=1.58M
|  |  |  |     parquet statistics predicates: tpcds_partitioned_parquet_snap.customer_address.ca_state = 'TX'
|  |  |  |     parquet dictionary predicates: tpcds_partitioned_parquet_snap.customer_address.ca_state = 'TX'
|  |  |  |     mem-estimate=16.00MB mem-reservation=128.00KB thread-reservation=0
|  |  |  |     tuple-ids=9 row-size=18B cardinality=285.31K cost=1717500
|  |  |  |     in pipelines: 05(GETNEXT)
|  |  |  |
|  |  |  04:SCAN HDFS [tpcds_partitioned_parquet_snap.web_sales, RANDOM]
|  |  |     HDFS partitions=1824/1824 files=1824 size=145.75GB
|  |  |     runtime filters: RF019[min_max] -> tpcds_partitioned_parquet_snap.web_sales_1.ws_ship_addr_sk, RF017[min_max] -> tpcds_partitioned_parquet_snap.web_sales_1.ws_web_site_sk, RF015[min_max] -> tpcds_partitioned_parquet_snap.web_sales_1.ws_ship_date_sk, RF018[bloom] -> tpcds_partitioned_parquet_snap.web_sales_1.ws_ship_addr_sk, RF016[bloom] -> tpcds_partitioned_parquet_snap.web_sales_1.ws_web_site_sk, RF014[bloom] -> tpcds_partitioned_parquet_snap.web_sales_1.ws_ship_date_sk
|  |  |     stored statistics:
|  |  |       table: rows=2.16G size=145.75GB
|  |  |       partitions: 1824/1824 rows=2.16G
|  |  |       columns: all
|  |  |     extrapolated-rows=disabled max-scan-range-rows=3.37M
|  |  |     mem-estimate=16.00MB mem-reservation=128.00KB thread-reservation=0
|  |  |     tuple-ids=7 row-size=24B cardinality=39.75M(filtered from 2.16G) cost=746484929
|  |  |     in pipelines: 04(GETNEXT)
|  |  |
|  |  03:SCAN HDFS [tpcds_partitioned_parquet_snap.web_sales, RANDOM]
|  |     HDFS partitions=1824/1824 files=1824 size=145.75GB
|  |     runtime filters: RF013[min_max] -> tpcds_partitioned_parquet_snap.web_sales_0.ws_order_number, RF012[bloom] -> tpcds_partitioned_parquet_snap.web_sales_0.ws_order_number
|  |     stored statistics:
|  |       table: rows=2.16G size=145.75GB
|  |       partitions: 1824/1824 rows=2.16G
|  |       columns: all
|  |     extrapolated-rows=disabled max-scan-range-rows=3.37M
|  |     mem-estimate=16.00MB mem-reservation=128.00KB thread-reservation=0
|  |     tuple-ids=5 row-size=12B cardinality=79.94M(filtered from 2.16G) cost=373242464
|  |     in pipelines: 03(GETNEXT)
|  |
|  35:EXCHANGE [HASH(tpcds_partitioned_parquet_snap.web_sales.ws_warehouse_sk,tpcds_partitioned_parquet_snap.web_sales.ws_order_number)]
|  |  mem-estimate=14.22MB mem-reservation=0B thread-reservation=0
|  |  tuple-ids=3 row-size=32B cardinality=39.75M(filtered from 216.00M) cost=10267813
|  |  in pipelines: 02(GETNEXT)
|  |
|  F02:PLAN FRAGMENT [RANDOM] hosts=10 instances=120
|  Per-Host Shared Resources: mem-estimate=20.00MB mem-reservation=20.00MB thread-reservation=0 runtime-filters-memory=20.00MB
|  Per-Instance Resources: mem-estimate=17.41MB mem-reservation=128.00KB thread-reservation=1
|  max-parallelism=130 segment-costs=[1219103317]
|  02:SCAN HDFS [tpcds_partitioned_parquet_snap.web_sales, RANDOM]
|     HDFS partitions=1824/1824 files=1824 size=145.75GB
|     predicates: is_not_null_pred(tpcds_partitioned_parquet_snap.web_sales.ws_order_number), is_not_null_pred(tpcds_partitioned_parquet_snap.web_sales.ws_warehouse_sk)
|     runtime filters: RF007[min_max] -> tpcds_partitioned_parquet_snap.web_sales.ws_ship_addr_sk, RF010[min_max] -> tpcds_partitioned_parquet_snap.web_sales.ws_order_number, RF011[min_max] -> tpcds_partitioned_parquet_snap.web_sales.ws_warehouse_sk, RF005[min_max] -> tpcds_partitioned_parquet_snap.web_sales.ws_web_site_sk, RF001[min_max] -> tpcds_partitioned_parquet_snap.web_sales.ws_ship_date_sk, RF006[bloom] -> tpcds_partitioned_parquet_snap.web_sales.ws_ship_addr_sk, RF008[bloom] -> tpcds_partitioned_parquet_snap.web_sales.ws_order_number, RF009[bloom] -> tpcds_partitioned_parquet_snap.web_sales.ws_warehouse_sk, RF004[bloom] -> tpcds_partitioned_parquet_snap.web_sales.ws_web_site_sk, RF000[bloom] -> tpcds_partitioned_parquet_snap.web_sales.ws_ship_date_sk
|     stored statistics:
|       table: rows=2.16G size=145.75GB
|       partitions: 1824/1824 rows=2.16G
|       columns: all
|     extrapolated-rows=disabled max-scan-range-rows=3.37M
|     parquet dictionary predicates: is_not_null_pred(tpcds_partitioned_parquet_snap.web_sales.ws_order_number), is_not_null_pred(tpcds_partitioned_parquet_snap.web_sales.ws_warehouse_sk)
|     mem-estimate=16.00MB mem-reservation=128.00KB thread-reservation=0
|     tuple-ids=3 row-size=32B cardinality=39.75M(filtered from 216.00M) cost=1116703438
|     in pipelines: 02(GETNEXT)
|
26:AGGREGATE [FINALIZE]
|  group by: tpcds_partitioned_parquet_snap.web_returns.wr_order_number
|  mem-estimate=41.20MB mem-reservation=34.00MB spill-buffer=2.00MB thread-reservation=0
|  tuple-ids=2 row-size=8B cardinality=21.60M cost=62634300
|  in pipelines: 26(GETNEXT), 00(OPEN)
|
25:EXCHANGE [HASH(tpcds_partitioned_parquet_snap.web_returns.wr_order_number)]
|  mem-estimate=10.12MB mem-reservation=0B thread-reservation=0
|  tuple-ids=2 row-size=8B cardinality=21.60M cost=3194679
|  in pipelines: 00(GETNEXT)
|
F00:PLAN FRAGMENT [RANDOM] hosts=10 instances=10 (adjusted from 120)
Per-Host Shared Resources: mem-estimate=1.00MB mem-reservation=1.00MB thread-reservation=0 runtime-filters-memory=1.00MB
Per-Instance Resources: mem-estimate=50.47MB mem-reservation=34.25MB thread-reservation=1
max-parallelism=10 segment-costs=[93587484, 22256917]
01:AGGREGATE [STREAMING]
|  group by: tpcds_partitioned_parquet_snap.web_returns.wr_order_number
|  mem-estimate=34.00MB mem-reservation=34.00MB spill-buffer=2.00MB thread-reservation=0
|  tuple-ids=2 row-size=8B cardinality=21.60M cost=62634300
|  in pipelines: 00(GETNEXT)
|
00:SCAN HDFS [tpcds_partitioned_parquet_snap.web_returns, RANDOM]
   HDFS partitions=2114/2114 files=2114 size=16.74GB
   predicates: is_not_null_pred(tpcds_partitioned_parquet_snap.web_returns.wr_order_number)
   runtime filters: RF003[min_max] -> tpcds_partitioned_parquet_snap.web_returns.wr_order_number, RF002[bloom] -> tpcds_partitioned_parquet_snap.web_returns.wr_order_number
   stored statistics:
     table: rows=216.00M size=16.74GB
     partitions: 2114/2114 rows=216.00M
     columns: all
   extrapolated-rows=disabled max-scan-range-rows=9.41M
   parquet dictionary predicates: is_not_null_pred(tpcds_partitioned_parquet_snap.web_returns.wr_order_number)
   mem-estimate=16.00MB mem-reservation=256.00KB thread-reservation=0
   tuple-ids=0 row-size=8B cardinality=21.60M cost=30953184
   in pipelines: 00(GETNEXT)
====
