# TPCDS-Q12
# start query 12 in stream 0 using template query12.tpl using seed 1152269469
select  i_item_id
      ,i_item_desc
      ,i_category
      ,i_class
      ,i_current_price
      ,sum(ws_ext_sales_price) as itemrevenue
      ,sum(ws_ext_sales_price)*100/sum(sum(ws_ext_sales_price)) over
          (partition by i_class) as revenueratio
from
	web_sales
    	,item
    	,date_dim
where
	ws_item_sk = i_item_sk
  	and i_category in ('Men', 'Books', 'Children')
  	and ws_sold_date_sk = d_date_sk
	and d_date between cast('1998-03-28' as date)
				and (cast('1998-03-28' as date) + interval 30 days)
group by
	i_item_id
        ,i_item_desc
        ,i_category
        ,i_class
        ,i_current_price
order by
	i_category
        ,i_class
        ,i_item_id
        ,i_item_desc
        ,revenueratio
limit 100

# end query 12 in stream 0 using template query12.tpl
---- PLAN
Max Per-Host Resource Reservation: Memory=76.06MB Threads=1
Per-Host Resource Estimates: Memory=7.69GB
F00:PLAN FRAGMENT [UNPARTITIONED] hosts=1 instances=1
|  Per-Instance Resources: mem-estimate=7.69GB mem-reservation=76.06MB thread-reservation=1 runtime-filters-memory=2.00MB
|  max-parallelism=1 segment-costs=[1974600303, 3251818, 4466309, 700]
PLAN-ROOT SINK
|  output exprs: tpcds_partitioned_parquet_snap.item.i_item_id, tpcds_partitioned_parquet_snap.item.i_item_desc, tpcds_partitioned_parquet_snap.item.i_category, tpcds_partitioned_parquet_snap.item.i_class, tpcds_partitioned_parquet_snap.item.i_current_price, sum(tpcds_partitioned_parquet_snap.web_sales.ws_ext_sales_price), divide(multiply(sum(tpcds_partitioned_parquet_snap.web_sales.ws_ext_sales_price), CAST(100 AS DECIMAL(3,0))), CASE WHEN count(sum(tpcds_partitioned_parquet_snap.web_sales.ws_ext_sales_price)) > CAST(0 AS BIGINT) THEN sum(sum(tpcds_partitioned_parquet_snap.web_sales.ws_ext_sales_price)) ELSE NULL END)
|  mem-estimate=4.00MB mem-reservation=4.00MB spill-buffer=2.00MB thread-reservation=0 cost=700
|
08:TOP-N [LIMIT=100]
|  order by: tpcds_partitioned_parquet_snap.item.i_category ASC NULLS LAST, tpcds_partitioned_parquet_snap.item.i_class ASC NULLS LAST, tpcds_partitioned_parquet_snap.item.i_item_id ASC NULLS LAST, tpcds_partitioned_parquet_snap.item.i_item_desc ASC NULLS LAST, divide(multiply(sum(tpcds_partitioned_parquet_snap.web_sales.ws_ext_sales_price), 100), CASE WHEN count(sum(tpcds_partitioned_parquet_snap.web_sales.ws_ext_sales_price)) > 0 THEN sum(sum(tpcds_partitioned_parquet_snap.web_sales.ws_ext_sales_price)) ELSE NULL END) ASC NULLS LAST
|  mem-estimate=21.71KB mem-reservation=0B thread-reservation=0
|  tuple-ids=11 row-size=222B cardinality=100 cost=3746309
|  in pipelines: 08(GETNEXT), 06(OPEN)
|
07:ANALYTIC
|  functions: count(sum(tpcds_partitioned_parquet_snap.web_sales.ws_ext_sales_price)), sum(sum(tpcds_partitioned_parquet_snap.web_sales.ws_ext_sales_price))
|  partition by: tpcds_partitioned_parquet_snap.item.i_class
|  window: RANGE BETWEEN UNBOUNDED PRECEDING AND UNBOUNDED FOLLOWING
|  mem-estimate=4.00MB mem-reservation=4.00MB spill-buffer=2.00MB thread-reservation=0
|  tuple-ids=9,8 row-size=222B cardinality=360.00K cost=720000
|  in pipelines: 06(GETNEXT)
|
06:SORT
|  order by: tpcds_partitioned_parquet_snap.item.i_class ASC NULLS LAST
|  mem-estimate=68.08MB mem-reservation=12.00MB spill-buffer=2.00MB thread-reservation=0
|  tuple-ids=9 row-size=198B cardinality=360.00K cost=3251818
|  in pipelines: 06(GETNEXT), 05(OPEN)
|
05:AGGREGATE [FINALIZE]
|  output: sum(tpcds_partitioned_parquet_snap.web_sales.ws_ext_sales_price)
|  group by: tpcds_partitioned_parquet_snap.item.i_item_id, tpcds_partitioned_parquet_snap.item.i_item_desc, tpcds_partitioned_parquet_snap.item.i_category, tpcds_partitioned_parquet_snap.item.i_class, tpcds_partitioned_parquet_snap.item.i_current_price
|  mem-estimate=7.61GB mem-reservation=34.00MB spill-buffer=2.00MB thread-reservation=0
|  tuple-ids=6 row-size=198B cardinality=360.00K cost=803845548
|  in pipelines: 05(GETNEXT), 00(OPEN)
|
04:HASH JOIN [INNER JOIN]
|  hash predicates: tpcds_partitioned_parquet_snap.web_sales.ws_item_sk = tpcds_partitioned_parquet_snap.item.i_item_sk
|  fk/pk conjuncts: tpcds_partitioned_parquet_snap.web_sales.ws_item_sk = tpcds_partitioned_parquet_snap.item.i_item_sk
|  runtime filters: RF000[bloom] <- tpcds_partitioned_parquet_snap.item.i_item_sk, RF001[min_max] <- tpcds_partitioned_parquet_snap.item.i_item_sk
|  mem-estimate=34.00MB mem-reservation=34.00MB spill-buffer=2.00MB thread-reservation=0
|  tuple-ids=0,2,4 row-size=206B cardinality=583.81M cost=255631615
|  in pipelines: 00(GETNEXT), 03(OPEN)
|
|--03:SCAN HDFS [tpcds_partitioned_parquet_snap.item]
|     HDFS partitions=1/1 files=1 size=33.54MB
|     predicates: tpcds_partitioned_parquet_snap.item.i_category = 'Books' OR tpcds_partitioned_parquet_snap.item.i_category = 'Children' OR tpcds_partitioned_parquet_snap.item.i_category = 'Men'
|     stored statistics:
|       table: rows=360.00K size=33.54MB
|       columns: all
|     extrapolated-rows=disabled max-scan-range-rows=101.54K
|     parquet dictionary predicates: tpcds_partitioned_parquet_snap.item.i_category = 'Books' OR tpcds_partitioned_parquet_snap.item.i_category = 'Children' OR tpcds_partitioned_parquet_snap.item.i_category = 'Men'
|     mem-estimate=16.00MB mem-reservation=512.00KB thread-reservation=0
|     tuple-ids=4 row-size=186B cardinality=97.35K cost=727024
|     in pipelines: 03(GETNEXT)
|
02:HASH JOIN [INNER JOIN]
|  hash predicates: tpcds_partitioned_parquet_snap.web_sales.ws_sold_date_sk = tpcds_partitioned_parquet_snap.date_dim.d_date_sk
|  fk/pk conjuncts: tpcds_partitioned_parquet_snap.web_sales.ws_sold_date_sk = tpcds_partitioned_parquet_snap.date_dim.d_date_sk
|  runtime filters: RF002[bloom] <- tpcds_partitioned_parquet_snap.date_dim.d_date_sk
|  mem-estimate=1.94MB mem-reservation=1.94MB spill-buffer=64.00KB thread-reservation=0
|  tuple-ids=0,2 row-size=20B cardinality=583.81M(filtered from 2.16G) cost=541141132
|  in pipelines: 00(GETNEXT), 01(OPEN)
|
|--01:SCAN HDFS [tpcds_partitioned_parquet_snap.date_dim]
|     HDFS partitions=1/1 files=1 size=2.17MB
|     predicates: tpcds_partitioned_parquet_snap.date_dim.d_date <= CAST('1998-03-28' AS DATE) + INTERVAL CAST(30 AS INT) DAY, tpcds_partitioned_parquet_snap.date_dim.d_date >= CAST('1998-03-28' AS DATE)
|     stored statistics:
|       table: rows=73.05K size=2.17MB
|       columns: all
|     extrapolated-rows=disabled max-scan-range-rows=73.05K
|     parquet statistics predicates: tpcds_partitioned_parquet_snap.date_dim.d_date <= CAST('1998-03-28' AS DATE) + INTERVAL CAST(30 AS INT) DAY, tpcds_partitioned_parquet_snap.date_dim.d_date >= CAST('1998-03-28' AS DATE)
|     parquet dictionary predicates: tpcds_partitioned_parquet_snap.date_dim.d_date <= CAST('1998-03-28' AS DATE) + INTERVAL CAST(30 AS INT) DAY, tpcds_partitioned_parquet_snap.date_dim.d_date >= CAST('1998-03-28' AS DATE)
|     mem-estimate=16.00MB mem-reservation=1.00MB thread-reservation=0
|     tuple-ids=2 row-size=8B cardinality=7.30K cost=12520
|     in pipelines: 01(GETNEXT)
|
00:SCAN HDFS [tpcds_partitioned_parquet_snap.web_sales]
   HDFS partitions=1824/1824 files=1824 size=145.75GB
   runtime filters: RF001[min_max] -> tpcds_partitioned_parquet_snap.web_sales.ws_item_sk, RF000[bloom] -> tpcds_partitioned_parquet_snap.web_sales.ws_item_sk, RF002[bloom] -> tpcds_partitioned_parquet_snap.web_sales.ws_sold_date_sk
   stored statistics:
     table: rows=2.16G size=145.75GB
     partitions: 1824/1824 rows=2.16G
     columns: all
   extrapolated-rows=disabled max-scan-range-rows=3.37M
   mem-estimate=16.00MB mem-reservation=128.00KB thread-reservation=0
   tuple-ids=0 row-size=12B cardinality=583.81M(filtered from 2.16G) cost=373242464
   in pipelines: 00(GETNEXT)
---- DISTRIBUTEDPLAN
Max Per-Host Resource Reservation: Memory=934.25MB Threads=20
Per-Host Resource Estimates: Memory=7.94GB
F05:PLAN FRAGMENT [UNPARTITIONED] hosts=1 instances=1
|  Per-Instance Resources: mem-estimate=4.22MB mem-reservation=4.00MB thread-reservation=1
|  max-parallelism=1 segment-costs=[769] cpu-comparison-result=120 [max(1 (self) vs 120 (sum children))]
PLAN-ROOT SINK
|  output exprs: tpcds_partitioned_parquet_snap.item.i_item_id, tpcds_partitioned_parquet_snap.item.i_item_desc, tpcds_partitioned_parquet_snap.item.i_category, tpcds_partitioned_parquet_snap.item.i_class, tpcds_partitioned_parquet_snap.item.i_current_price, sum(tpcds_partitioned_parquet_snap.web_sales.ws_ext_sales_price), divide(multiply(sum(tpcds_partitioned_parquet_snap.web_sales.ws_ext_sales_price), CAST(100 AS DECIMAL(3,0))), CASE WHEN count(sum(tpcds_partitioned_parquet_snap.web_sales.ws_ext_sales_price)) > CAST(0 AS BIGINT) THEN sum(sum(tpcds_partitioned_parquet_snap.web_sales.ws_ext_sales_price)) ELSE NULL END)
|  mem-estimate=4.00MB mem-reservation=4.00MB spill-buffer=2.00MB thread-reservation=0 cost=700
|
14:MERGING-EXCHANGE [UNPARTITIONED]
|  order by: tpcds_partitioned_parquet_snap.item.i_category ASC NULLS LAST, tpcds_partitioned_parquet_snap.item.i_class ASC NULLS LAST, tpcds_partitioned_parquet_snap.item.i_item_id ASC NULLS LAST, tpcds_partitioned_parquet_snap.item.i_item_desc ASC NULLS LAST, divide(multiply(sum(tpcds_partitioned_parquet_snap.web_sales.ws_ext_sales_price), 100), CASE WHEN count(sum(tpcds_partitioned_parquet_snap.web_sales.ws_ext_sales_price)) > 0 THEN sum(sum(tpcds_partitioned_parquet_snap.web_sales.ws_ext_sales_price)) ELSE NULL END) ASC NULLS LAST
|  limit: 100
|  mem-estimate=223.17KB mem-reservation=0B thread-reservation=0
|  tuple-ids=11 row-size=222B cardinality=100 cost=69
|  in pipelines: 08(GETNEXT)
|
F04:PLAN FRAGMENT [HASH(tpcds_partitioned_parquet_snap.item.i_class)] hosts=10 instances=10 (adjusted from 120)
Per-Instance Resources: mem-estimate=26.76MB mem-reservation=16.00MB thread-reservation=1
max-parallelism=10 segment-costs=[3620186, 4466309, 613] cpu-comparison-result=120 [max(10 (self) vs 120 (sum children))]
08:TOP-N [LIMIT=100]
|  order by: tpcds_partitioned_parquet_snap.item.i_category ASC NULLS LAST, tpcds_partitioned_parquet_snap.item.i_class ASC NULLS LAST, tpcds_partitioned_parquet_snap.item.i_item_id ASC NULLS LAST, tpcds_partitioned_parquet_snap.item.i_item_desc ASC NULLS LAST, divide(multiply(sum(tpcds_partitioned_parquet_snap.web_sales.ws_ext_sales_price), 100), CASE WHEN count(sum(tpcds_partitioned_parquet_snap.web_sales.ws_ext_sales_price)) > 0 THEN sum(sum(tpcds_partitioned_parquet_snap.web_sales.ws_ext_sales_price)) ELSE NULL END) ASC NULLS LAST
|  mem-estimate=21.71KB mem-reservation=0B thread-reservation=0
|  tuple-ids=11 row-size=222B cardinality=100 cost=3746309
|  in pipelines: 08(GETNEXT), 06(OPEN)
|
07:ANALYTIC
|  functions: count(sum(tpcds_partitioned_parquet_snap.web_sales.ws_ext_sales_price)), sum(sum(tpcds_partitioned_parquet_snap.web_sales.ws_ext_sales_price))
|  partition by: tpcds_partitioned_parquet_snap.item.i_class
|  window: RANGE BETWEEN UNBOUNDED PRECEDING AND UNBOUNDED FOLLOWING
|  mem-estimate=4.00MB mem-reservation=4.00MB spill-buffer=2.00MB thread-reservation=0
|  tuple-ids=9,8 row-size=222B cardinality=360.00K cost=720000
|  in pipelines: 06(GETNEXT)
|
06:SORT
|  order by: tpcds_partitioned_parquet_snap.item.i_class ASC NULLS LAST
|  mem-estimate=12.00MB mem-reservation=12.00MB spill-buffer=2.00MB thread-reservation=0
|  tuple-ids=9 row-size=198B cardinality=360.00K cost=3251818
|  in pipelines: 06(GETNEXT), 12(OPEN)
|
13:EXCHANGE [HASH(tpcds_partitioned_parquet_snap.item.i_class)]
|  mem-estimate=10.76MB mem-reservation=0B thread-reservation=0
|  tuple-ids=6 row-size=198B cardinality=360.00K cost=368368
|  in pipelines: 12(GETNEXT)
|
F03:PLAN FRAGMENT [HASH(tpcds_partitioned_parquet_snap.item.i_item_id,tpcds_partitioned_parquet_snap.item.i_item_desc,tpcds_partitioned_parquet_snap.item.i_category,tpcds_partitioned_parquet_snap.item.i_class,tpcds_partitioned_parquet_snap.item.i_current_price)] hosts=10 instances=20 (adjusted from 120)
Per-Instance Resources: mem-estimate=466.90MB mem-reservation=34.00MB thread-reservation=1
max-parallelism=20 segment-costs=[105195609, 4782688] cpu-comparison-result=120 [max(20 (self) vs 120 (sum children))]
12:AGGREGATE [FINALIZE]
|  output: sum:merge(tpcds_partitioned_parquet_snap.web_sales.ws_ext_sales_price)
|  group by: tpcds_partitioned_parquet_snap.item.i_item_id, tpcds_partitioned_parquet_snap.item.i_item_desc, tpcds_partitioned_parquet_snap.item.i_category, tpcds_partitioned_parquet_snap.item.i_class, tpcds_partitioned_parquet_snap.item.i_current_price
|  mem-estimate=433.19MB mem-reservation=34.00MB spill-buffer=2.00MB thread-reservation=0
|  tuple-ids=6 row-size=198B cardinality=360.00K cost=60991380
|  in pipelines: 12(GETNEXT), 00(OPEN)
|
11:EXCHANGE [HASH(tpcds_partitioned_parquet_snap.item.i_item_id,tpcds_partitioned_parquet_snap.item.i_item_desc,tpcds_partitioned_parquet_snap.item.i_category,tpcds_partitioned_parquet_snap.item.i_class,tpcds_partitioned_parquet_snap.item.i_current_price)]
|  mem-estimate=33.71MB mem-reservation=0B thread-reservation=0
|  tuple-ids=6 row-size=198B cardinality=43.20M cost=44204229
|  in pipelines: 00(GETNEXT)
|
F00:PLAN FRAGMENT [RANDOM] hosts=10 instances=120
Per-Host Shared Resources: mem-estimate=2.00MB mem-reservation=2.00MB thread-reservation=0 runtime-filters-memory=2.00MB
Per-Instance Resources: mem-estimate=557.54MB mem-reservation=34.12MB thread-reservation=1
max-parallelism=220 segment-costs=[2167757042, 573922566] cpu-comparison-result=120 [max(120 (self) vs 25 (sum children))]
05:AGGREGATE [STREAMING]
|  output: sum(tpcds_partitioned_parquet_snap.web_sales.ws_ext_sales_price)
|  group by: tpcds_partitioned_parquet_snap.item.i_item_id, tpcds_partitioned_parquet_snap.item.i_item_desc, tpcds_partitioned_parquet_snap.item.i_category, tpcds_partitioned_parquet_snap.item.i_class, tpcds_partitioned_parquet_snap.item.i_current_price
|  mem-estimate=525.74MB mem-reservation=34.00MB spill-buffer=2.00MB thread-reservation=0
|  tuple-ids=6 row-size=198B cardinality=43.20M cost=997846488
|  in pipelines: 00(GETNEXT)
|
04:HASH JOIN [INNER JOIN, BROADCAST]
|  hash-table-id=00
|  hash predicates: tpcds_partitioned_parquet_snap.web_sales.ws_item_sk = tpcds_partitioned_parquet_snap.item.i_item_sk
|  fk/pk conjuncts: tpcds_partitioned_parquet_snap.web_sales.ws_item_sk = tpcds_partitioned_parquet_snap.item.i_item_sk
|  mem-estimate=0B mem-reservation=0B spill-buffer=2.00MB thread-reservation=0
|  tuple-ids=0,2,4 row-size=206B cardinality=583.81M cost=255534263
|  in pipelines: 00(GETNEXT), 03(OPEN)
|
|--F06:PLAN FRAGMENT [RANDOM] hosts=10 instances=10
|  |  Per-Instance Resources: mem-estimate=419.74MB mem-reservation=409.00MB thread-reservation=1 runtime-filters-memory=1.00MB
|  |  max-parallelism=10 segment-costs=[226732]
|  JOIN BUILD
|  |  join-table-id=00 plan-id=01 cohort-id=01
|  |  build expressions: tpcds_partitioned_parquet_snap.item.i_item_sk
|  |  runtime filters: RF000[bloom] <- tpcds_partitioned_parquet_snap.item.i_item_sk, RF001[min_max] <- tpcds_partitioned_parquet_snap.item.i_item_sk
|  |  mem-estimate=408.00MB mem-reservation=408.00MB spill-buffer=2.00MB thread-reservation=0 cost=97352
|  |
|  10:EXCHANGE [BROADCAST]
|  |  mem-estimate=10.74MB mem-reservation=0B thread-reservation=0
|  |  tuple-ids=4 row-size=186B cardinality=97.35K cost=129380
|  |  in pipelines: 03(GETNEXT)
|  |
|  F02:PLAN FRAGMENT [RANDOM] hosts=4 instances=4
|  Per-Instance Resources: mem-estimate=16.74MB mem-reservation=512.00KB thread-reservation=1
|  max-parallelism=4 segment-costs=[778093]
|  03:SCAN HDFS [tpcds_partitioned_parquet_snap.item, RANDOM]
|     HDFS partitions=1/1 files=1 size=33.54MB
|     predicates: tpcds_partitioned_parquet_snap.item.i_category = 'Books' OR tpcds_partitioned_parquet_snap.item.i_category = 'Children' OR tpcds_partitioned_parquet_snap.item.i_category = 'Men'
|     stored statistics:
|       table: rows=360.00K size=33.54MB
|       columns: all
|     extrapolated-rows=disabled max-scan-range-rows=101.54K
|     parquet dictionary predicates: tpcds_partitioned_parquet_snap.item.i_category = 'Books' OR tpcds_partitioned_parquet_snap.item.i_category = 'Children' OR tpcds_partitioned_parquet_snap.item.i_category = 'Men'
|     mem-estimate=16.00MB mem-reservation=512.00KB thread-reservation=0
|     tuple-ids=4 row-size=186B cardinality=97.35K cost=727024
|     in pipelines: 03(GETNEXT)
|
02:HASH JOIN [INNER JOIN, BROADCAST]
|  hash-table-id=01
|  hash predicates: tpcds_partitioned_parquet_snap.web_sales.ws_sold_date_sk = tpcds_partitioned_parquet_snap.date_dim.d_date_sk
|  fk/pk conjuncts: tpcds_partitioned_parquet_snap.web_sales.ws_sold_date_sk = tpcds_partitioned_parquet_snap.date_dim.d_date_sk
|  mem-estimate=0B mem-reservation=0B spill-buffer=64.00KB thread-reservation=0
|  tuple-ids=0,2 row-size=20B cardinality=583.81M(filtered from 2.16G) cost=541133827
|  in pipelines: 00(GETNEXT), 01(OPEN)
|
|--F07:PLAN FRAGMENT [RANDOM] hosts=10 instances=10
|  |  Per-Instance Resources: mem-estimate=24.32MB mem-reservation=24.25MB thread-reservation=1 runtime-filters-memory=1.00MB
|  |  max-parallelism=10 segment-costs=[17005]
|  JOIN BUILD
|  |  join-table-id=01 plan-id=02 cohort-id=01
|  |  build expressions: tpcds_partitioned_parquet_snap.date_dim.d_date_sk
|  |  runtime filters: RF002[bloom] <- tpcds_partitioned_parquet_snap.date_dim.d_date_sk
|  |  mem-estimate=23.25MB mem-reservation=23.25MB spill-buffer=64.00KB thread-reservation=0 cost=7305
|  |
|  09:EXCHANGE [BROADCAST]
|  |  mem-estimate=69.07KB mem-reservation=0B thread-reservation=0
|  |  tuple-ids=2 row-size=8B cardinality=7.30K cost=9700
|  |  in pipelines: 01(GETNEXT)
|  |
|  F01:PLAN FRAGMENT [RANDOM] hosts=1 instances=1
|  Per-Instance Resources: mem-estimate=16.05MB mem-reservation=1.00MB thread-reservation=1
|  max-parallelism=1 segment-costs=[12835]
|  01:SCAN HDFS [tpcds_partitioned_parquet_snap.date_dim, RANDOM]
|     HDFS partitions=1/1 files=1 size=2.17MB
|     predicates: tpcds_partitioned_parquet_snap.date_dim.d_date <= CAST('1998-03-28' AS DATE) + INTERVAL CAST(30 AS INT) DAY, tpcds_partitioned_parquet_snap.date_dim.d_date >= CAST('1998-03-28' AS DATE)
|     stored statistics:
|       table: rows=73.05K size=2.17MB
|       columns: all
|     extrapolated-rows=disabled max-scan-range-rows=73.05K
|     parquet statistics predicates: tpcds_partitioned_parquet_snap.date_dim.d_date <= CAST('1998-03-28' AS DATE) + INTERVAL CAST(30 AS INT) DAY, tpcds_partitioned_parquet_snap.date_dim.d_date >= CAST('1998-03-28' AS DATE)
|     parquet dictionary predicates: tpcds_partitioned_parquet_snap.date_dim.d_date <= CAST('1998-03-28' AS DATE) + INTERVAL CAST(30 AS INT) DAY, tpcds_partitioned_parquet_snap.date_dim.d_date >= CAST('1998-03-28' AS DATE)
|     mem-estimate=16.00MB mem-reservation=1.00MB thread-reservation=0
|     tuple-ids=2 row-size=8B cardinality=7.30K cost=12520
|     in pipelines: 01(GETNEXT)
|
00:SCAN HDFS [tpcds_partitioned_parquet_snap.web_sales, RANDOM]
   HDFS partitions=1824/1824 files=1824 size=145.75GB
   runtime filters: RF001[min_max] -> tpcds_partitioned_parquet_snap.web_sales.ws_item_sk, RF000[bloom] -> tpcds_partitioned_parquet_snap.web_sales.ws_item_sk, RF002[bloom] -> tpcds_partitioned_parquet_snap.web_sales.ws_sold_date_sk
   stored statistics:
     table: rows=2.16G size=145.75GB
     partitions: 1824/1824 rows=2.16G
     columns: all
   extrapolated-rows=disabled max-scan-range-rows=3.37M
   mem-estimate=16.00MB mem-reservation=128.00KB thread-reservation=0
   tuple-ids=0 row-size=12B cardinality=583.81M(filtered from 2.16G) cost=373242464
   in pipelines: 00(GETNEXT)
---- PARALLELPLANS
Max Per-Host Resource Reservation: Memory=934.25MB Threads=20
Per-Host Resource Estimates: Memory=7.94GB
F05:PLAN FRAGMENT [UNPARTITIONED] hosts=1 instances=1
|  Per-Instance Resources: mem-estimate=4.22MB mem-reservation=4.00MB thread-reservation=1
|  max-parallelism=1 segment-costs=[769] cpu-comparison-result=120 [max(1 (self) vs 120 (sum children))]
PLAN-ROOT SINK
|  output exprs: tpcds_partitioned_parquet_snap.item.i_item_id, tpcds_partitioned_parquet_snap.item.i_item_desc, tpcds_partitioned_parquet_snap.item.i_category, tpcds_partitioned_parquet_snap.item.i_class, tpcds_partitioned_parquet_snap.item.i_current_price, sum(tpcds_partitioned_parquet_snap.web_sales.ws_ext_sales_price), divide(multiply(sum(tpcds_partitioned_parquet_snap.web_sales.ws_ext_sales_price), CAST(100 AS DECIMAL(3,0))), CASE WHEN count(sum(tpcds_partitioned_parquet_snap.web_sales.ws_ext_sales_price)) > CAST(0 AS BIGINT) THEN sum(sum(tpcds_partitioned_parquet_snap.web_sales.ws_ext_sales_price)) ELSE NULL END)
|  mem-estimate=4.00MB mem-reservation=4.00MB spill-buffer=2.00MB thread-reservation=0 cost=700
|
14:MERGING-EXCHANGE [UNPARTITIONED]
|  order by: tpcds_partitioned_parquet_snap.item.i_category ASC NULLS LAST, tpcds_partitioned_parquet_snap.item.i_class ASC NULLS LAST, tpcds_partitioned_parquet_snap.item.i_item_id ASC NULLS LAST, tpcds_partitioned_parquet_snap.item.i_item_desc ASC NULLS LAST, divide(multiply(sum(tpcds_partitioned_parquet_snap.web_sales.ws_ext_sales_price), 100), CASE WHEN count(sum(tpcds_partitioned_parquet_snap.web_sales.ws_ext_sales_price)) > 0 THEN sum(sum(tpcds_partitioned_parquet_snap.web_sales.ws_ext_sales_price)) ELSE NULL END) ASC NULLS LAST
|  limit: 100
|  mem-estimate=223.17KB mem-reservation=0B thread-reservation=0
|  tuple-ids=11 row-size=222B cardinality=100 cost=69
|  in pipelines: 08(GETNEXT)
|
F04:PLAN FRAGMENT [HASH(tpcds_partitioned_parquet_snap.item.i_class)] hosts=10 instances=10 (adjusted from 120)
Per-Instance Resources: mem-estimate=26.76MB mem-reservation=16.00MB thread-reservation=1
max-parallelism=10 segment-costs=[3620186, 4466309, 613] cpu-comparison-result=120 [max(10 (self) vs 120 (sum children))]
08:TOP-N [LIMIT=100]
|  order by: tpcds_partitioned_parquet_snap.item.i_category ASC NULLS LAST, tpcds_partitioned_parquet_snap.item.i_class ASC NULLS LAST, tpcds_partitioned_parquet_snap.item.i_item_id ASC NULLS LAST, tpcds_partitioned_parquet_snap.item.i_item_desc ASC NULLS LAST, divide(multiply(sum(tpcds_partitioned_parquet_snap.web_sales.ws_ext_sales_price), 100), CASE WHEN count(sum(tpcds_partitioned_parquet_snap.web_sales.ws_ext_sales_price)) > 0 THEN sum(sum(tpcds_partitioned_parquet_snap.web_sales.ws_ext_sales_price)) ELSE NULL END) ASC NULLS LAST
|  mem-estimate=21.71KB mem-reservation=0B thread-reservation=0
|  tuple-ids=11 row-size=222B cardinality=100 cost=3746309
|  in pipelines: 08(GETNEXT), 06(OPEN)
|
07:ANALYTIC
|  functions: count(sum(tpcds_partitioned_parquet_snap.web_sales.ws_ext_sales_price)), sum(sum(tpcds_partitioned_parquet_snap.web_sales.ws_ext_sales_price))
|  partition by: tpcds_partitioned_parquet_snap.item.i_class
|  window: RANGE BETWEEN UNBOUNDED PRECEDING AND UNBOUNDED FOLLOWING
|  mem-estimate=4.00MB mem-reservation=4.00MB spill-buffer=2.00MB thread-reservation=0
|  tuple-ids=9,8 row-size=222B cardinality=360.00K cost=720000
|  in pipelines: 06(GETNEXT)
|
06:SORT
|  order by: tpcds_partitioned_parquet_snap.item.i_class ASC NULLS LAST
|  mem-estimate=12.00MB mem-reservation=12.00MB spill-buffer=2.00MB thread-reservation=0
|  tuple-ids=9 row-size=198B cardinality=360.00K cost=3251818
|  in pipelines: 06(GETNEXT), 12(OPEN)
|
13:EXCHANGE [HASH(tpcds_partitioned_parquet_snap.item.i_class)]
|  mem-estimate=10.76MB mem-reservation=0B thread-reservation=0
|  tuple-ids=6 row-size=198B cardinality=360.00K cost=368368
|  in pipelines: 12(GETNEXT)
|
F03:PLAN FRAGMENT [HASH(tpcds_partitioned_parquet_snap.item.i_item_id,tpcds_partitioned_parquet_snap.item.i_item_desc,tpcds_partitioned_parquet_snap.item.i_category,tpcds_partitioned_parquet_snap.item.i_class,tpcds_partitioned_parquet_snap.item.i_current_price)] hosts=10 instances=20 (adjusted from 120)
Per-Instance Resources: mem-estimate=466.90MB mem-reservation=34.00MB thread-reservation=1
max-parallelism=20 segment-costs=[105195609, 4782688] cpu-comparison-result=120 [max(20 (self) vs 120 (sum children))]
12:AGGREGATE [FINALIZE]
|  output: sum:merge(tpcds_partitioned_parquet_snap.web_sales.ws_ext_sales_price)
|  group by: tpcds_partitioned_parquet_snap.item.i_item_id, tpcds_partitioned_parquet_snap.item.i_item_desc, tpcds_partitioned_parquet_snap.item.i_category, tpcds_partitioned_parquet_snap.item.i_class, tpcds_partitioned_parquet_snap.item.i_current_price
|  mem-estimate=433.19MB mem-reservation=34.00MB spill-buffer=2.00MB thread-reservation=0
|  tuple-ids=6 row-size=198B cardinality=360.00K cost=60991380
|  in pipelines: 12(GETNEXT), 00(OPEN)
|
11:EXCHANGE [HASH(tpcds_partitioned_parquet_snap.item.i_item_id,tpcds_partitioned_parquet_snap.item.i_item_desc,tpcds_partitioned_parquet_snap.item.i_category,tpcds_partitioned_parquet_snap.item.i_class,tpcds_partitioned_parquet_snap.item.i_current_price)]
|  mem-estimate=33.71MB mem-reservation=0B thread-reservation=0
|  tuple-ids=6 row-size=198B cardinality=43.20M cost=44204229
|  in pipelines: 00(GETNEXT)
|
F00:PLAN FRAGMENT [RANDOM] hosts=10 instances=120
Per-Host Shared Resources: mem-estimate=2.00MB mem-reservation=2.00MB thread-reservation=0 runtime-filters-memory=2.00MB
Per-Instance Resources: mem-estimate=557.54MB mem-reservation=34.12MB thread-reservation=1
max-parallelism=220 segment-costs=[2167757042, 573922566] cpu-comparison-result=120 [max(120 (self) vs 25 (sum children))]
05:AGGREGATE [STREAMING]
|  output: sum(tpcds_partitioned_parquet_snap.web_sales.ws_ext_sales_price)
|  group by: tpcds_partitioned_parquet_snap.item.i_item_id, tpcds_partitioned_parquet_snap.item.i_item_desc, tpcds_partitioned_parquet_snap.item.i_category, tpcds_partitioned_parquet_snap.item.i_class, tpcds_partitioned_parquet_snap.item.i_current_price
|  mem-estimate=525.74MB mem-reservation=34.00MB spill-buffer=2.00MB thread-reservation=0
|  tuple-ids=6 row-size=198B cardinality=43.20M cost=997846488
|  in pipelines: 00(GETNEXT)
|
04:HASH JOIN [INNER JOIN, BROADCAST]
|  hash-table-id=00
|  hash predicates: tpcds_partitioned_parquet_snap.web_sales.ws_item_sk = tpcds_partitioned_parquet_snap.item.i_item_sk
|  fk/pk conjuncts: tpcds_partitioned_parquet_snap.web_sales.ws_item_sk = tpcds_partitioned_parquet_snap.item.i_item_sk
|  mem-estimate=0B mem-reservation=0B spill-buffer=2.00MB thread-reservation=0
|  tuple-ids=0,2,4 row-size=206B cardinality=583.81M cost=255534263
|  in pipelines: 00(GETNEXT), 03(OPEN)
|
|--F06:PLAN FRAGMENT [RANDOM] hosts=10 instances=10
|  |  Per-Instance Resources: mem-estimate=419.74MB mem-reservation=409.00MB thread-reservation=1 runtime-filters-memory=1.00MB
|  |  max-parallelism=10 segment-costs=[226732]
|  JOIN BUILD
|  |  join-table-id=00 plan-id=01 cohort-id=01
|  |  build expressions: tpcds_partitioned_parquet_snap.item.i_item_sk
|  |  runtime filters: RF000[bloom] <- tpcds_partitioned_parquet_snap.item.i_item_sk, RF001[min_max] <- tpcds_partitioned_parquet_snap.item.i_item_sk
|  |  mem-estimate=408.00MB mem-reservation=408.00MB spill-buffer=2.00MB thread-reservation=0 cost=97352
|  |
|  10:EXCHANGE [BROADCAST]
|  |  mem-estimate=10.74MB mem-reservation=0B thread-reservation=0
|  |  tuple-ids=4 row-size=186B cardinality=97.35K cost=129380
|  |  in pipelines: 03(GETNEXT)
|  |
|  F02:PLAN FRAGMENT [RANDOM] hosts=4 instances=4
|  Per-Instance Resources: mem-estimate=16.74MB mem-reservation=512.00KB thread-reservation=1
|  max-parallelism=4 segment-costs=[778093]
|  03:SCAN HDFS [tpcds_partitioned_parquet_snap.item, RANDOM]
|     HDFS partitions=1/1 files=1 size=33.54MB
|     predicates: tpcds_partitioned_parquet_snap.item.i_category = 'Books' OR tpcds_partitioned_parquet_snap.item.i_category = 'Children' OR tpcds_partitioned_parquet_snap.item.i_category = 'Men'
|     stored statistics:
|       table: rows=360.00K size=33.54MB
|       columns: all
|     extrapolated-rows=disabled max-scan-range-rows=101.54K
|     parquet dictionary predicates: tpcds_partitioned_parquet_snap.item.i_category = 'Books' OR tpcds_partitioned_parquet_snap.item.i_category = 'Children' OR tpcds_partitioned_parquet_snap.item.i_category = 'Men'
|     mem-estimate=16.00MB mem-reservation=512.00KB thread-reservation=0
|     tuple-ids=4 row-size=186B cardinality=97.35K cost=727024
|     in pipelines: 03(GETNEXT)
|
02:HASH JOIN [INNER JOIN, BROADCAST]
|  hash-table-id=01
|  hash predicates: tpcds_partitioned_parquet_snap.web_sales.ws_sold_date_sk = tpcds_partitioned_parquet_snap.date_dim.d_date_sk
|  fk/pk conjuncts: tpcds_partitioned_parquet_snap.web_sales.ws_sold_date_sk = tpcds_partitioned_parquet_snap.date_dim.d_date_sk
|  mem-estimate=0B mem-reservation=0B spill-buffer=64.00KB thread-reservation=0
|  tuple-ids=0,2 row-size=20B cardinality=583.81M(filtered from 2.16G) cost=541133827
|  in pipelines: 00(GETNEXT), 01(OPEN)
|
|--F07:PLAN FRAGMENT [RANDOM] hosts=10 instances=10
|  |  Per-Instance Resources: mem-estimate=24.32MB mem-reservation=24.25MB thread-reservation=1 runtime-filters-memory=1.00MB
|  |  max-parallelism=10 segment-costs=[17005]
|  JOIN BUILD
|  |  join-table-id=01 plan-id=02 cohort-id=01
|  |  build expressions: tpcds_partitioned_parquet_snap.date_dim.d_date_sk
|  |  runtime filters: RF002[bloom] <- tpcds_partitioned_parquet_snap.date_dim.d_date_sk
|  |  mem-estimate=23.25MB mem-reservation=23.25MB spill-buffer=64.00KB thread-reservation=0 cost=7305
|  |
|  09:EXCHANGE [BROADCAST]
|  |  mem-estimate=69.07KB mem-reservation=0B thread-reservation=0
|  |  tuple-ids=2 row-size=8B cardinality=7.30K cost=9700
|  |  in pipelines: 01(GETNEXT)
|  |
|  F01:PLAN FRAGMENT [RANDOM] hosts=1 instances=1
|  Per-Instance Resources: mem-estimate=16.05MB mem-reservation=1.00MB thread-reservation=1
|  max-parallelism=1 segment-costs=[12835]
|  01:SCAN HDFS [tpcds_partitioned_parquet_snap.date_dim, RANDOM]
|     HDFS partitions=1/1 files=1 size=2.17MB
|     predicates: tpcds_partitioned_parquet_snap.date_dim.d_date <= CAST('1998-03-28' AS DATE) + INTERVAL CAST(30 AS INT) DAY, tpcds_partitioned_parquet_snap.date_dim.d_date >= CAST('1998-03-28' AS DATE)
|     stored statistics:
|       table: rows=73.05K size=2.17MB
|       columns: all
|     extrapolated-rows=disabled max-scan-range-rows=73.05K
|     parquet statistics predicates: tpcds_partitioned_parquet_snap.date_dim.d_date <= CAST('1998-03-28' AS DATE) + INTERVAL CAST(30 AS INT) DAY, tpcds_partitioned_parquet_snap.date_dim.d_date >= CAST('1998-03-28' AS DATE)
|     parquet dictionary predicates: tpcds_partitioned_parquet_snap.date_dim.d_date <= CAST('1998-03-28' AS DATE) + INTERVAL CAST(30 AS INT) DAY, tpcds_partitioned_parquet_snap.date_dim.d_date >= CAST('1998-03-28' AS DATE)
|     mem-estimate=16.00MB mem-reservation=1.00MB thread-reservation=0
|     tuple-ids=2 row-size=8B cardinality=7.30K cost=12520
|     in pipelines: 01(GETNEXT)
|
00:SCAN HDFS [tpcds_partitioned_parquet_snap.web_sales, RANDOM]
   HDFS partitions=1824/1824 files=1824 size=145.75GB
   runtime filters: RF001[min_max] -> tpcds_partitioned_parquet_snap.web_sales.ws_item_sk, RF000[bloom] -> tpcds_partitioned_parquet_snap.web_sales.ws_item_sk, RF002[bloom] -> tpcds_partitioned_parquet_snap.web_sales.ws_sold_date_sk
   stored statistics:
     table: rows=2.16G size=145.75GB
     partitions: 1824/1824 rows=2.16G
     columns: all
   extrapolated-rows=disabled max-scan-range-rows=3.37M
   mem-estimate=16.00MB mem-reservation=128.00KB thread-reservation=0
   tuple-ids=0 row-size=12B cardinality=583.81M(filtered from 2.16G) cost=373242464
   in pipelines: 00(GETNEXT)
====
