# TPCDS-Q11
# start query 11 in stream 0 using template query11.tpl using seed 356815656
with year_total as (
 select c_customer_id customer_id
       ,c_first_name customer_first_name
       ,c_last_name customer_last_name
       ,c_preferred_cust_flag customer_preferred_cust_flag
       ,c_birth_country customer_birth_country
       ,c_login customer_login
       ,c_email_address customer_email_address
       ,d_year dyear
       ,sum(ss_ext_list_price-ss_ext_discount_amt) year_total
       ,'s' sale_type
 from customer
     ,store_sales
     ,date_dim
 where c_customer_sk = ss_customer_sk
   and ss_sold_date_sk = d_date_sk
 group by c_customer_id
         ,c_first_name
         ,c_last_name
         ,c_preferred_cust_flag
         ,c_birth_country
         ,c_login
         ,c_email_address
         ,d_year
 union all
 select c_customer_id customer_id
       ,c_first_name customer_first_name
       ,c_last_name customer_last_name
       ,c_preferred_cust_flag customer_preferred_cust_flag
       ,c_birth_country customer_birth_country
       ,c_login customer_login
       ,c_email_address customer_email_address
       ,d_year dyear
       ,sum(ws_ext_list_price-ws_ext_discount_amt) year_total
       ,'w' sale_type
 from customer
     ,web_sales
     ,date_dim
 where c_customer_sk = ws_bill_customer_sk
   and ws_sold_date_sk = d_date_sk
 group by c_customer_id
         ,c_first_name
         ,c_last_name
         ,c_preferred_cust_flag
         ,c_birth_country
         ,c_login
         ,c_email_address
         ,d_year
         )
  select
                  t_s_secyear.customer_id
                 ,t_s_secyear.customer_first_name
                 ,t_s_secyear.customer_last_name
                 ,t_s_secyear.customer_login
 from year_total t_s_firstyear
     ,year_total t_s_secyear
     ,year_total t_w_firstyear
     ,year_total t_w_secyear
 where t_s_secyear.customer_id = t_s_firstyear.customer_id
         and t_s_firstyear.customer_id = t_w_secyear.customer_id
         and t_s_firstyear.customer_id = t_w_firstyear.customer_id
         and t_s_firstyear.sale_type = 's'
         and t_w_firstyear.sale_type = 'w'
         and t_s_secyear.sale_type = 's'
         and t_w_secyear.sale_type = 'w'
         and t_s_firstyear.dyear = 1998
         and t_s_secyear.dyear = 1998+1
         and t_w_firstyear.dyear = 1998
         and t_w_secyear.dyear = 1998+1
         and t_s_firstyear.year_total > 0
         and t_w_firstyear.year_total > 0
         and case when t_w_firstyear.year_total > 0 then t_w_secyear.year_total / t_w_firstyear.year_total else 0.0 end
             > case when t_s_firstyear.year_total > 0 then t_s_secyear.year_total / t_s_firstyear.year_total else 0.0 end
 order by t_s_secyear.customer_id
         ,t_s_secyear.customer_first_name
         ,t_s_secyear.customer_last_name
         ,t_s_secyear.customer_login
limit 100

# end query 11 in stream 0 using template query11.tpl
---- PLAN
Max Per-Host Resource Reservation: Memory=384.00MB Threads=1
Per-Host Resource Estimates: Memory=52.02GB
F00:PLAN FRAGMENT [UNPARTITIONED] hosts=1 instances=1
|  Per-Instance Resources: mem-estimate=52.02GB mem-reservation=384.00MB thread-reservation=1 runtime-filters-memory=88.00MB
|  max-parallelism=1 segment-costs=[11560811654, 516573571, 4351889221, 2941198901, 594065029, 400]
PLAN-ROOT SINK
|  output exprs: tpcds_partitioned_parquet_snap.customer.c_customer_id, tpcds_partitioned_parquet_snap.customer.c_first_name, tpcds_partitioned_parquet_snap.customer.c_last_name, tpcds_partitioned_parquet_snap.customer.c_login
|  mem-estimate=4.00MB mem-reservation=4.00MB spill-buffer=2.00MB thread-reservation=0 cost=400
|
27:TOP-N [LIMIT=100]
|  order by: tpcds_partitioned_parquet_snap.customer.c_customer_id ASC NULLS LAST, tpcds_partitioned_parquet_snap.customer.c_first_name ASC NULLS LAST, tpcds_partitioned_parquet_snap.customer.c_last_name ASC NULLS LAST, tpcds_partitioned_parquet_snap.customer.c_login ASC NULLS LAST
|  mem-estimate=7.42KB mem-reservation=0B thread-reservation=0
|  tuple-ids=28 row-size=76B cardinality=100 cost=420117698
|  in pipelines: 27(GETNEXT), 17(OPEN)
|
26:HASH JOIN [INNER JOIN]
|  hash predicates: tpcds_partitioned_parquet_snap.customer_1.c_customer_id = tpcds_partitioned_parquet_snap.customer_2.c_customer_id
|  fk/pk conjuncts: tpcds_partitioned_parquet_snap.customer_1.c_customer_id = tpcds_partitioned_parquet_snap.customer_2.c_customer_id
|  other join predicates: CASE WHEN sum(subtract(tpcds_partitioned_parquet_snap.web_sales_0.ws_ext_list_price, tpcds_partitioned_parquet_snap.web_sales_0.ws_ext_discount_amt)) > CAST(0 AS DECIMAL(3,0)) THEN divide(sum(subtract(tpcds_partitioned_parquet_snap.web_sales.ws_ext_list_price, tpcds_partitioned_parquet_snap.web_sales.ws_ext_discount_amt)), sum(subtract(tpcds_partitioned_parquet_snap.web_sales_0.ws_ext_list_price, tpcds_partitioned_parquet_snap.web_sales_0.ws_ext_discount_amt))) ELSE CAST(0 AS DECIMAL(38,6)) END > CASE WHEN sum(subtract(tpcds_partitioned_parquet_snap.store_sales_0.ss_ext_list_price, tpcds_partitioned_parquet_snap.store_sales_0.ss_ext_discount_amt)) > CAST(0 AS DECIMAL(3,0)) THEN divide(sum(subtract(tpcds_partitioned_parquet_snap.store_sales.ss_ext_list_price, tpcds_partitioned_parquet_snap.store_sales.ss_ext_discount_amt)), sum(subtract(tpcds_partitioned_parquet_snap.store_sales_0.ss_ext_list_price, tpcds_partitioned_parquet_snap.store_sales_0.ss_ext_discount_amt))) ELSE CAST(0 AS DECIMAL(38,6)) END
|  runtime filters: RF000[bloom] <- tpcds_partitioned_parquet_snap.customer_2.c_customer_id, RF001[min_max] <- tpcds_partitioned_parquet_snap.customer_2.c_customer_id
|  mem-estimate=7.16GB mem-reservation=34.00MB spill-buffer=2.00MB thread-reservation=0
|  tuple-ids=20,13,6,27 row-size=661B cardinality=30.00M cost=53778578
|  in pipelines: 17(GETNEXT), 25(OPEN)
|
|--25:AGGREGATE [FINALIZE]
|  |  output: sum(subtract(tpcds_partitioned_parquet_snap.web_sales_0.ws_ext_list_price, tpcds_partitioned_parquet_snap.web_sales_0.ws_ext_discount_amt))
|  |  group by: tpcds_partitioned_parquet_snap.customer_2.c_customer_id, tpcds_partitioned_parquet_snap.customer_2.c_first_name, tpcds_partitioned_parquet_snap.customer_2.c_last_name, tpcds_partitioned_parquet_snap.customer_2.c_preferred_cust_flag, tpcds_partitioned_parquet_snap.customer_2.c_birth_country, tpcds_partitioned_parquet_snap.customer_2.c_login, tpcds_partitioned_parquet_snap.customer_2.c_email_address
|  |  having: sum(subtract(tpcds_partitioned_parquet_snap.web_sales_0.ws_ext_list_price, tpcds_partitioned_parquet_snap.web_sales_0.ws_ext_discount_amt)) > CAST(0 AS DECIMAL(3,0))
|  |  mem-estimate=5.92GB mem-reservation=34.00MB spill-buffer=2.00MB thread-reservation=0
|  |  tuple-ids=27 row-size=165B cardinality=40.65M cost=2399263927
|  |  in pipelines: 25(GETNEXT), 20(OPEN)
|  |
|  24:HASH JOIN [INNER JOIN]
|  |  hash predicates: tpcds_partitioned_parquet_snap.web_sales_0.ws_bill_customer_sk = tpcds_partitioned_parquet_snap.customer_2.c_customer_sk
|  |  fk/pk conjuncts: tpcds_partitioned_parquet_snap.web_sales_0.ws_bill_customer_sk = tpcds_partitioned_parquet_snap.customer_2.c_customer_sk
|  |  runtime filters: RF018[bloom] <- tpcds_partitioned_parquet_snap.customer_2.c_customer_sk, RF019[min_max] <- tpcds_partitioned_parquet_snap.customer_2.c_customer_sk
|  |  mem-estimate=5.03GB mem-reservation=34.00MB spill-buffer=2.00MB thread-reservation=0
|  |  tuple-ids=21,23,25 row-size=177B cardinality=406.48M cost=216950480
|  |  in pipelines: 20(GETNEXT), 23(OPEN)
|  |
|  |--23:SCAN HDFS [tpcds_partitioned_parquet_snap.customer]
|  |     HDFS partitions=1/1 files=1 size=1.55GB
|  |     stored statistics:
|  |       table: rows=30.00M size=1.55GB
|  |       columns: all
|  |     extrapolated-rows=disabled max-scan-range-rows=3.10M
|  |     mem-estimate=16.00MB mem-reservation=1.00MB thread-reservation=0
|  |     tuple-ids=25 row-size=153B cardinality=30.00M cost=29871228
|  |     in pipelines: 23(GETNEXT)
|  |
|  22:HASH JOIN [INNER JOIN]
|  |  hash predicates: tpcds_partitioned_parquet_snap.web_sales_0.ws_sold_date_sk = tpcds_partitioned_parquet_snap.date_dim_2.d_date_sk
|  |  fk/pk conjuncts: tpcds_partitioned_parquet_snap.web_sales_0.ws_sold_date_sk = tpcds_partitioned_parquet_snap.date_dim_2.d_date_sk
|  |  runtime filters: RF020[bloom] <- tpcds_partitioned_parquet_snap.date_dim_2.d_date_sk
|  |  mem-estimate=1.94MB mem-reservation=1.94MB spill-buffer=64.00KB thread-reservation=0
|  |  tuple-ids=21,23 row-size=24B cardinality=441.70M cost=193334203
|  |  in pipelines: 20(GETNEXT), 21(OPEN)
|  |
|  |--21:SCAN HDFS [tpcds_partitioned_parquet_snap.date_dim]
|  |     HDFS partitions=1/1 files=1 size=2.17MB
|  |     predicates: tpcds_partitioned_parquet_snap.date_dim_2.d_year = CAST(1998 AS INT)
|  |     stored statistics:
|  |       table: rows=73.05K size=2.17MB
|  |       columns: all
|  |     extrapolated-rows=disabled max-scan-range-rows=73.05K
|  |     parquet statistics predicates: tpcds_partitioned_parquet_snap.date_dim_2.d_year = CAST(1998 AS INT)
|  |     parquet dictionary predicates: tpcds_partitioned_parquet_snap.date_dim_2.d_year = CAST(1998 AS INT)
|  |     mem-estimate=16.00MB mem-reservation=512.00KB thread-reservation=0
|  |     tuple-ids=23 row-size=8B cardinality=373 cost=10467
|  |     in pipelines: 21(GETNEXT)
|  |
|  20:SCAN HDFS [tpcds_partitioned_parquet_snap.web_sales]
|     HDFS partitions=1824/1824 files=1824 size=145.75GB
|     runtime filters: RF019[min_max] -> tpcds_partitioned_parquet_snap.web_sales_0.ws_bill_customer_sk, RF020[bloom] -> tpcds_partitioned_parquet_snap.web_sales_0.ws_sold_date_sk, RF018[bloom] -> tpcds_partitioned_parquet_snap.web_sales_0.ws_bill_customer_sk
|     stored statistics:
|       table: rows=2.16G size=145.75GB
|       partitions: 1824/1824 rows=2.16G
|       columns: all
|     extrapolated-rows=disabled max-scan-range-rows=3.37M est-scan-range=374(filtered from 1824)
|     mem-estimate=16.00MB mem-reservation=128.00KB thread-reservation=0
|     tuple-ids=21 row-size=16B cardinality=441.70M(filtered from 2.16G) cost=101768596
|     in pipelines: 20(GETNEXT)
|
19:HASH JOIN [INNER JOIN]
|  hash predicates: tpcds_partitioned_parquet_snap.customer_1.c_customer_id = tpcds_partitioned_parquet_snap.customer.c_customer_id
|  fk/pk conjuncts: tpcds_partitioned_parquet_snap.customer_1.c_customer_id = tpcds_partitioned_parquet_snap.customer.c_customer_id
|  runtime filters: RF003[min_max] <- tpcds_partitioned_parquet_snap.customer.c_customer_id
|  mem-estimate=5.36GB mem-reservation=34.00MB spill-buffer=2.00MB thread-reservation=0
|  tuple-ids=20,13,6 row-size=495B cardinality=30.00M cost=43131000
|  in pipelines: 17(GETNEXT), 05(OPEN)
|
|--05:AGGREGATE [FINALIZE]
|  |  output: sum(subtract(tpcds_partitioned_parquet_snap.store_sales.ss_ext_list_price, tpcds_partitioned_parquet_snap.store_sales.ss_ext_discount_amt))
|  |  group by: tpcds_partitioned_parquet_snap.customer.c_customer_id, tpcds_partitioned_parquet_snap.customer.c_first_name, tpcds_partitioned_parquet_snap.customer.c_last_name, tpcds_partitioned_parquet_snap.customer.c_preferred_cust_flag, tpcds_partitioned_parquet_snap.customer.c_birth_country, tpcds_partitioned_parquet_snap.customer.c_login, tpcds_partitioned_parquet_snap.customer.c_email_address
|  |  mem-estimate=9.05GB mem-reservation=34.00MB spill-buffer=2.00MB thread-reservation=0
|  |  tuple-ids=6 row-size=165B cardinality=30.00M cost=2364508786
|  |  in pipelines: 05(GETNEXT), 00(OPEN)
|  |
|  04:HASH JOIN [INNER JOIN]
|  |  hash predicates: tpcds_partitioned_parquet_snap.store_sales.ss_customer_sk = tpcds_partitioned_parquet_snap.customer.c_customer_sk
|  |  fk/pk conjuncts: tpcds_partitioned_parquet_snap.store_sales.ss_customer_sk = tpcds_partitioned_parquet_snap.customer.c_customer_sk
|  |  runtime filters: RF014[bloom] <- tpcds_partitioned_parquet_snap.customer.c_customer_sk, RF015[min_max] <- tpcds_partitioned_parquet_snap.customer.c_customer_sk
|  |  mem-estimate=5.03GB mem-reservation=34.00MB spill-buffer=2.00MB thread-reservation=0
|  |  tuple-ids=0,2,4 row-size=177B cardinality=1.62G cost=777080012
|  |  in pipelines: 00(GETNEXT), 03(OPEN)
|  |
|  |--03:SCAN HDFS [tpcds_partitioned_parquet_snap.customer]
|  |     HDFS partitions=1/1 files=1 size=1.55GB
|  |     runtime filters: RF001[min_max] -> tpcds_partitioned_parquet_snap.customer.c_customer_id, RF000[bloom] -> tpcds_partitioned_parquet_snap.customer.c_customer_id
|  |     stored statistics:
|  |       table: rows=30.00M size=1.55GB
|  |       columns: all
|  |     extrapolated-rows=disabled max-scan-range-rows=3.10M
|  |     mem-estimate=16.00MB mem-reservation=1.00MB thread-reservation=0
|  |     tuple-ids=4 row-size=153B cardinality=30.00M cost=29871228
|  |     in pipelines: 03(GETNEXT)
|  |
|  02:HASH JOIN [INNER JOIN]
|  |  hash predicates: tpcds_partitioned_parquet_snap.store_sales.ss_sold_date_sk = tpcds_partitioned_parquet_snap.date_dim.d_date_sk
|  |  fk/pk conjuncts: tpcds_partitioned_parquet_snap.store_sales.ss_sold_date_sk = tpcds_partitioned_parquet_snap.date_dim.d_date_sk
|  |  runtime filters: RF016[bloom] <- tpcds_partitioned_parquet_snap.date_dim.d_date_sk
|  |  mem-estimate=1.94MB mem-reservation=1.94MB spill-buffer=64.00KB thread-reservation=0
|  |  tuple-ids=0,2 row-size=24B cardinality=1.77G cost=773341361
|  |  in pipelines: 00(GETNEXT), 01(OPEN)
|  |
|  |--01:SCAN HDFS [tpcds_partitioned_parquet_snap.date_dim]
|  |     HDFS partitions=1/1 files=1 size=2.17MB
|  |     predicates: tpcds_partitioned_parquet_snap.date_dim.d_year = add(CAST(1998 AS INT), CAST(1 AS INT))
|  |     stored statistics:
|  |       table: rows=73.05K size=2.17MB
|  |       columns: all
|  |     extrapolated-rows=disabled max-scan-range-rows=73.05K
|  |     parquet statistics predicates: tpcds_partitioned_parquet_snap.date_dim.d_year = add(CAST(1998 AS INT), CAST(1 AS INT))
|  |     parquet dictionary predicates: tpcds_partitioned_parquet_snap.date_dim.d_year = add(CAST(1998 AS INT), CAST(1 AS INT))
|  |     mem-estimate=16.00MB mem-reservation=512.00KB thread-reservation=0
|  |     tuple-ids=2 row-size=8B cardinality=373 cost=10467
|  |     in pipelines: 01(GETNEXT)
|  |
|  00:SCAN HDFS [tpcds_partitioned_parquet_snap.store_sales]
|     HDFS partitions=1824/1824 files=1824 size=389.90GB
|     runtime filters: RF015[min_max] -> tpcds_partitioned_parquet_snap.store_sales.ss_customer_sk, RF016[bloom] -> tpcds_partitioned_parquet_snap.store_sales.ss_sold_date_sk, RF014[bloom] -> tpcds_partitioned_parquet_snap.store_sales.ss_customer_sk
|     stored statistics:
|       table: rows=8.64G size=389.90GB
|       partitions: 1824/1824 rows=8.64G
|       columns: all
|     extrapolated-rows=disabled max-scan-range-rows=390.22M est-scan-range=374(filtered from 1824)
|     mem-estimate=16.00MB mem-reservation=8.00MB thread-reservation=0
|     tuple-ids=0 row-size=16B cardinality=1.77G(filtered from 8.64G) cost=407077367
|     in pipelines: 00(GETNEXT)
|
18:HASH JOIN [INNER JOIN]
|  hash predicates: tpcds_partitioned_parquet_snap.customer_1.c_customer_id = tpcds_partitioned_parquet_snap.customer_0.c_customer_id
|  fk/pk conjuncts: tpcds_partitioned_parquet_snap.customer_1.c_customer_id = tpcds_partitioned_parquet_snap.customer_0.c_customer_id
|  runtime filters: RF004[bloom] <- tpcds_partitioned_parquet_snap.customer_0.c_customer_id, RF005[min_max] <- tpcds_partitioned_parquet_snap.customer_0.c_customer_id
|  mem-estimate=5.36GB mem-reservation=34.00MB spill-buffer=2.00MB thread-reservation=0
|  tuple-ids=20,13 row-size=330B cardinality=30.00M cost=77037753
|  in pipelines: 17(GETNEXT), 11(OPEN)
|
|--11:AGGREGATE [FINALIZE]
|  |  output: sum(subtract(tpcds_partitioned_parquet_snap.web_sales.ws_ext_list_price, tpcds_partitioned_parquet_snap.web_sales.ws_ext_discount_amt))
|  |  group by: tpcds_partitioned_parquet_snap.customer_0.c_customer_id, tpcds_partitioned_parquet_snap.customer_0.c_first_name, tpcds_partitioned_parquet_snap.customer_0.c_last_name, tpcds_partitioned_parquet_snap.customer_0.c_preferred_cust_flag, tpcds_partitioned_parquet_snap.customer_0.c_birth_country, tpcds_partitioned_parquet_snap.customer_0.c_login, tpcds_partitioned_parquet_snap.customer_0.c_email_address
|  |  mem-estimate=4.98GB mem-reservation=34.00MB spill-buffer=2.00MB thread-reservation=0
|  |  tuple-ids=13 row-size=165B cardinality=30.00M cost=191708836
|  |  in pipelines: 11(GETNEXT), 06(OPEN)
|  |
|  10:HASH JOIN [INNER JOIN]
|  |  hash predicates: tpcds_partitioned_parquet_snap.web_sales.ws_bill_customer_sk = tpcds_partitioned_parquet_snap.customer_0.c_customer_sk
|  |  fk/pk conjuncts: tpcds_partitioned_parquet_snap.web_sales.ws_bill_customer_sk = tpcds_partitioned_parquet_snap.customer_0.c_customer_sk
|  |  runtime filters: RF010[bloom] <- tpcds_partitioned_parquet_snap.customer_0.c_customer_sk, RF011[min_max] <- tpcds_partitioned_parquet_snap.customer_0.c_customer_sk
|  |  mem-estimate=534.16MB mem-reservation=34.00MB spill-buffer=2.00MB thread-reservation=0
|  |  tuple-ids=7,9,11 row-size=177B cardinality=40.65M cost=61349826
|  |  in pipelines: 06(GETNEXT), 09(OPEN)
|  |
|  |--09:SCAN HDFS [tpcds_partitioned_parquet_snap.customer]
|  |     HDFS partitions=1/1 files=1 size=1.55GB
|  |     predicates: is_not_null_pred(tpcds_partitioned_parquet_snap.customer_0.c_customer_id)
|  |     runtime filters: RF001[min_max] -> tpcds_partitioned_parquet_snap.customer_0.c_customer_id, RF003[min_max] -> tpcds_partitioned_parquet_snap.customer_0.c_customer_id, RF000[bloom] -> tpcds_partitioned_parquet_snap.customer_0.c_customer_id
|  |     stored statistics:
|  |       table: rows=30.00M size=1.55GB
|  |       columns: all
|  |     extrapolated-rows=disabled max-scan-range-rows=3.10M
|  |     parquet dictionary predicates: is_not_null_pred(tpcds_partitioned_parquet_snap.customer_0.c_customer_id)
|  |     mem-estimate=16.00MB mem-reservation=1.00MB thread-reservation=0
|  |     tuple-ids=11 row-size=153B cardinality=3.00M cost=30714228
|  |     in pipelines: 09(GETNEXT)
|  |
|  08:HASH JOIN [INNER JOIN]
|  |  hash predicates: tpcds_partitioned_parquet_snap.web_sales.ws_sold_date_sk = tpcds_partitioned_parquet_snap.date_dim_0.d_date_sk
|  |  fk/pk conjuncts: tpcds_partitioned_parquet_snap.web_sales.ws_sold_date_sk = tpcds_partitioned_parquet_snap.date_dim_0.d_date_sk
|  |  runtime filters: RF012[bloom] <- tpcds_partitioned_parquet_snap.date_dim_0.d_date_sk
|  |  mem-estimate=1.94MB mem-reservation=1.94MB spill-buffer=64.00KB thread-reservation=0
|  |  tuple-ids=7,9 row-size=24B cardinality=198.77M(filtered from 441.70M) cost=131021618
|  |  in pipelines: 06(GETNEXT), 07(OPEN)
|  |
|  |--07:SCAN HDFS [tpcds_partitioned_parquet_snap.date_dim]
|  |     HDFS partitions=1/1 files=1 size=2.17MB
|  |     predicates: tpcds_partitioned_parquet_snap.date_dim_0.d_year = add(CAST(1998 AS INT), CAST(1 AS INT))
|  |     stored statistics:
|  |       table: rows=73.05K size=2.17MB
|  |       columns: all
|  |     extrapolated-rows=disabled max-scan-range-rows=73.05K
|  |     parquet statistics predicates: tpcds_partitioned_parquet_snap.date_dim_0.d_year = add(CAST(1998 AS INT), CAST(1 AS INT))
|  |     parquet dictionary predicates: tpcds_partitioned_parquet_snap.date_dim_0.d_year = add(CAST(1998 AS INT), CAST(1 AS INT))
|  |     mem-estimate=16.00MB mem-reservation=512.00KB thread-reservation=0
|  |     tuple-ids=9 row-size=8B cardinality=373 cost=10467
|  |     in pipelines: 07(GETNEXT)
|  |
|  06:SCAN HDFS [tpcds_partitioned_parquet_snap.web_sales]
|     HDFS partitions=1824/1824 files=1824 size=145.75GB
|     runtime filters: RF011[min_max] -> tpcds_partitioned_parquet_snap.web_sales.ws_bill_customer_sk, RF010[bloom] -> tpcds_partitioned_parquet_snap.web_sales.ws_bill_customer_sk, RF012[bloom] -> tpcds_partitioned_parquet_snap.web_sales.ws_sold_date_sk
|     stored statistics:
|       table: rows=2.16G size=145.75GB
|       partitions: 1824/1824 rows=2.16G
|       columns: all
|     extrapolated-rows=disabled max-scan-range-rows=3.37M est-scan-range=374(filtered from 1824)
|     mem-estimate=16.00MB mem-reservation=128.00KB thread-reservation=0
|     tuple-ids=7 row-size=16B cardinality=198.77M(filtered from 2.16G) cost=101768596
|     in pipelines: 06(GETNEXT)
|
17:AGGREGATE [FINALIZE]
|  output: sum(subtract(tpcds_partitioned_parquet_snap.store_sales_0.ss_ext_list_price, tpcds_partitioned_parquet_snap.store_sales_0.ss_ext_discount_amt))
|  group by: tpcds_partitioned_parquet_snap.customer_1.c_customer_id, tpcds_partitioned_parquet_snap.customer_1.c_first_name, tpcds_partitioned_parquet_snap.customer_1.c_last_name, tpcds_partitioned_parquet_snap.customer_1.c_preferred_cust_flag, tpcds_partitioned_parquet_snap.customer_1.c_birth_country, tpcds_partitioned_parquet_snap.customer_1.c_login, tpcds_partitioned_parquet_snap.customer_1.c_email_address
|  having: sum(subtract(tpcds_partitioned_parquet_snap.store_sales_0.ss_ext_list_price, tpcds_partitioned_parquet_snap.store_sales_0.ss_ext_discount_amt)) > CAST(0 AS DECIMAL(3,0))
|  mem-estimate=9.05GB mem-reservation=34.00MB spill-buffer=2.00MB thread-reservation=0
|  tuple-ids=20 row-size=165B cardinality=162.19M cost=9573431219
|  in pipelines: 17(GETNEXT), 12(OPEN)
|
16:HASH JOIN [INNER JOIN]
|  hash predicates: tpcds_partitioned_parquet_snap.store_sales_0.ss_customer_sk = tpcds_partitioned_parquet_snap.customer_1.c_customer_sk
|  fk/pk conjuncts: tpcds_partitioned_parquet_snap.store_sales_0.ss_customer_sk = tpcds_partitioned_parquet_snap.customer_1.c_customer_sk
|  runtime filters: RF006[bloom] <- tpcds_partitioned_parquet_snap.customer_1.c_customer_sk, RF007[min_max] <- tpcds_partitioned_parquet_snap.customer_1.c_customer_sk
|  mem-estimate=5.03GB mem-reservation=34.00MB spill-buffer=2.00MB thread-reservation=0
|  tuple-ids=14,16,18 row-size=177B cardinality=1.62G cost=777080012
|  in pipelines: 12(GETNEXT), 15(OPEN)
|
|--15:SCAN HDFS [tpcds_partitioned_parquet_snap.customer]
|     HDFS partitions=1/1 files=1 size=1.55GB
|     runtime filters: RF005[min_max] -> tpcds_partitioned_parquet_snap.customer_1.c_customer_id, RF001[min_max] -> tpcds_partitioned_parquet_snap.customer_1.c_customer_id, RF003[min_max] -> tpcds_partitioned_parquet_snap.customer_1.c_customer_id, RF004[bloom] -> tpcds_partitioned_parquet_snap.customer_1.c_customer_id, RF000[bloom] -> tpcds_partitioned_parquet_snap.customer_1.c_customer_id
|     stored statistics:
|       table: rows=30.00M size=1.55GB
|       columns: all
|     extrapolated-rows=disabled max-scan-range-rows=3.10M
|     mem-estimate=16.00MB mem-reservation=1.00MB thread-reservation=0
|     tuple-ids=18 row-size=153B cardinality=30.00M cost=29871228
|     in pipelines: 15(GETNEXT)
|
14:HASH JOIN [INNER JOIN]
|  hash predicates: tpcds_partitioned_parquet_snap.store_sales_0.ss_sold_date_sk = tpcds_partitioned_parquet_snap.date_dim_1.d_date_sk
|  fk/pk conjuncts: tpcds_partitioned_parquet_snap.store_sales_0.ss_sold_date_sk = tpcds_partitioned_parquet_snap.date_dim_1.d_date_sk
|  runtime filters: RF008[bloom] <- tpcds_partitioned_parquet_snap.date_dim_1.d_date_sk
|  mem-estimate=1.94MB mem-reservation=1.94MB spill-buffer=64.00KB thread-reservation=0
|  tuple-ids=14,16 row-size=24B cardinality=1.77G cost=773341361
|  in pipelines: 12(GETNEXT), 13(OPEN)
|
|--13:SCAN HDFS [tpcds_partitioned_parquet_snap.date_dim]
|     HDFS partitions=1/1 files=1 size=2.17MB
|     predicates: tpcds_partitioned_parquet_snap.date_dim_1.d_year = CAST(1998 AS INT)
|     stored statistics:
|       table: rows=73.05K size=2.17MB
|       columns: all
|     extrapolated-rows=disabled max-scan-range-rows=73.05K
|     parquet statistics predicates: tpcds_partitioned_parquet_snap.date_dim_1.d_year = CAST(1998 AS INT)
|     parquet dictionary predicates: tpcds_partitioned_parquet_snap.date_dim_1.d_year = CAST(1998 AS INT)
|     mem-estimate=16.00MB mem-reservation=512.00KB thread-reservation=0
|     tuple-ids=16 row-size=8B cardinality=373 cost=10467
|     in pipelines: 13(GETNEXT)
|
12:SCAN HDFS [tpcds_partitioned_parquet_snap.store_sales]
   HDFS partitions=1824/1824 files=1824 size=389.90GB
   runtime filters: RF007[min_max] -> tpcds_partitioned_parquet_snap.store_sales_0.ss_customer_sk, RF008[bloom] -> tpcds_partitioned_parquet_snap.store_sales_0.ss_sold_date_sk, RF006[bloom] -> tpcds_partitioned_parquet_snap.store_sales_0.ss_customer_sk
   stored statistics:
     table: rows=8.64G size=389.90GB
     partitions: 1824/1824 rows=8.64G
     columns: all
   extrapolated-rows=disabled max-scan-range-rows=390.22M est-scan-range=374(filtered from 1824)
   mem-estimate=16.00MB mem-reservation=8.00MB thread-reservation=0
   tuple-ids=14 row-size=16B cardinality=1.77G(filtered from 8.64G) cost=407077367
   in pipelines: 12(GETNEXT)
---- DISTRIBUTEDPLAN
Max Per-Host Resource Reservation: Memory=5.74GB Threads=188
Per-Host Resource Estimates: Memory=113.27GB
F20:PLAN FRAGMENT [UNPARTITIONED] hosts=1 instances=1
|  Per-Instance Resources: mem-estimate=4.38MB mem-reservation=4.00MB thread-reservation=1
|  max-parallelism=1 segment-costs=[440] cpu-comparison-result=780 [max(1 (self) vs 780 (sum children))]
PLAN-ROOT SINK
|  output exprs: tpcds_partitioned_parquet_snap.customer.c_customer_id, tpcds_partitioned_parquet_snap.customer.c_first_name, tpcds_partitioned_parquet_snap.customer.c_last_name, tpcds_partitioned_parquet_snap.customer.c_login
|  mem-estimate=4.00MB mem-reservation=4.00MB spill-buffer=2.00MB thread-reservation=0 cost=400
|
51:MERGING-EXCHANGE [UNPARTITIONED]
|  order by: tpcds_partitioned_parquet_snap.customer.c_customer_id ASC NULLS LAST, tpcds_partitioned_parquet_snap.customer.c_first_name ASC NULLS LAST, tpcds_partitioned_parquet_snap.customer.c_last_name ASC NULLS LAST, tpcds_partitioned_parquet_snap.customer.c_login ASC NULLS LAST
|  limit: 100
|  mem-estimate=391.22KB mem-reservation=0B thread-reservation=0
|  tuple-ids=28 row-size=76B cardinality=100 cost=40
|  in pipelines: 27(GETNEXT)
|
F09:PLAN FRAGMENT [HASH(tpcds_partitioned_parquet_snap.customer_1.c_customer_id)] hosts=10 instances=50 (adjusted from 120)
Per-Instance Resources: mem-estimate=29.83MB mem-reservation=0B thread-reservation=1
max-parallelism=70 segment-costs=[634648230, 230] cpu-comparison-result=780 [max(50 (self) vs 780 (sum children))]
27:TOP-N [LIMIT=100]
|  order by: tpcds_partitioned_parquet_snap.customer.c_customer_id ASC NULLS LAST, tpcds_partitioned_parquet_snap.customer.c_first_name ASC NULLS LAST, tpcds_partitioned_parquet_snap.customer.c_last_name ASC NULLS LAST, tpcds_partitioned_parquet_snap.customer.c_login ASC NULLS LAST
|  mem-estimate=7.42KB mem-reservation=0B thread-reservation=0
|  tuple-ids=28 row-size=76B cardinality=100 cost=420117698
|  in pipelines: 27(GETNEXT), 32(OPEN)
|
26:HASH JOIN [INNER JOIN, PARTITIONED]
|  hash-table-id=00
|  hash predicates: tpcds_partitioned_parquet_snap.customer_1.c_customer_id = tpcds_partitioned_parquet_snap.customer_2.c_customer_id
|  fk/pk conjuncts: tpcds_partitioned_parquet_snap.customer_1.c_customer_id = tpcds_partitioned_parquet_snap.customer_2.c_customer_id
|  other join predicates: CASE WHEN sum(subtract(tpcds_partitioned_parquet_snap.web_sales_0.ws_ext_list_price, tpcds_partitioned_parquet_snap.web_sales_0.ws_ext_discount_amt)) > CAST(0 AS DECIMAL(3,0)) THEN divide(sum(subtract(tpcds_partitioned_parquet_snap.web_sales.ws_ext_list_price, tpcds_partitioned_parquet_snap.web_sales.ws_ext_discount_amt)), sum(subtract(tpcds_partitioned_parquet_snap.web_sales_0.ws_ext_list_price, tpcds_partitioned_parquet_snap.web_sales_0.ws_ext_discount_amt))) ELSE CAST(0 AS DECIMAL(38,6)) END > CASE WHEN sum(subtract(tpcds_partitioned_parquet_snap.store_sales_0.ss_ext_list_price, tpcds_partitioned_parquet_snap.store_sales_0.ss_ext_discount_amt)) > CAST(0 AS DECIMAL(3,0)) THEN divide(sum(subtract(tpcds_partitioned_parquet_snap.store_sales.ss_ext_list_price, tpcds_partitioned_parquet_snap.store_sales.ss_ext_discount_amt)), sum(subtract(tpcds_partitioned_parquet_snap.store_sales_0.ss_ext_list_price, tpcds_partitioned_parquet_snap.store_sales_0.ss_ext_discount_amt))) ELSE CAST(0 AS DECIMAL(38,6)) END
|  mem-estimate=0B mem-reservation=0B spill-buffer=2.00MB thread-reservation=0
|  tuple-ids=20,13,6,27 row-size=661B cardinality=30.00M cost=13131000
|  in pipelines: 32(GETNEXT), 49(OPEN)
|
|--F21:PLAN FRAGMENT [HASH(tpcds_partitioned_parquet_snap.customer_1.c_customer_id)] hosts=10 instances=50 (adjusted from 120)
|  |  Per-Instance Resources: mem-estimate=192.47MB mem-reservation=50.00MB thread-reservation=1 runtime-filters-memory=16.00MB
|  |  max-parallelism=70 segment-costs=[76042402] cpu-comparison-result=240 [max(50 (self) vs 240 (sum children))]
|  JOIN BUILD
|  |  join-table-id=00 plan-id=01 cohort-id=01
|  |  build expressions: tpcds_partitioned_parquet_snap.customer_2.c_customer_id
|  |  runtime filters: RF000[bloom] <- tpcds_partitioned_parquet_snap.customer_2.c_customer_id, RF001[min_max] <- tpcds_partitioned_parquet_snap.customer_2.c_customer_id
|  |  mem-estimate=146.65MB mem-reservation=34.00MB spill-buffer=2.00MB thread-reservation=0 cost=40647578
|  |
|  50:EXCHANGE [HASH(tpcds_partitioned_parquet_snap.customer_2.c_customer_id)]
|  |  mem-estimate=29.82MB mem-reservation=0B thread-reservation=0
|  |  tuple-ids=27 row-size=165B cardinality=40.65M cost=35394824
|  |  in pipelines: 49(GETNEXT)
|  |
|  F19:PLAN FRAGMENT [HASH(tpcds_partitioned_parquet_snap.customer_2.c_customer_id,tpcds_partitioned_parquet_snap.customer_2.c_first_name,tpcds_partitioned_parquet_snap.customer_2.c_last_name,tpcds_partitioned_parquet_snap.customer_2.c_preferred_cust_flag,tpcds_partitioned_parquet_snap.customer_2.c_birth_country,tpcds_partitioned_parquet_snap.customer_2.c_login,tpcds_partitioned_parquet_snap.customer_2.c_email_address)] hosts=10 instances=120
|  Per-Instance Resources: mem-estimate=605.29MB mem-reservation=34.00MB thread-reservation=1
|  max-parallelism=280 segment-costs=[2753212168, 453245929] cpu-comparison-result=240 [max(120 (self) vs 240 (sum children))]
|  49:AGGREGATE [FINALIZE]
|  |  output: sum:merge(subtract(tpcds_partitioned_parquet_snap.web_sales_0.ws_ext_list_price, tpcds_partitioned_parquet_snap.web_sales_0.ws_ext_discount_amt))
|  |  group by: tpcds_partitioned_parquet_snap.customer_2.c_customer_id, tpcds_partitioned_parquet_snap.customer_2.c_first_name, tpcds_partitioned_parquet_snap.customer_2.c_last_name, tpcds_partitioned_parquet_snap.customer_2.c_preferred_cust_flag, tpcds_partitioned_parquet_snap.customer_2.c_birth_country, tpcds_partitioned_parquet_snap.customer_2.c_login, tpcds_partitioned_parquet_snap.customer_2.c_email_address
|  |  having: sum(subtract(tpcds_partitioned_parquet_snap.web_sales_0.ws_ext_list_price, tpcds_partitioned_parquet_snap.web_sales_0.ws_ext_discount_amt)) > CAST(0 AS DECIMAL(3,0))
|  |  mem-estimate=572.25MB mem-reservation=34.00MB spill-buffer=2.00MB thread-reservation=0
|  |  tuple-ids=27 row-size=165B cardinality=40.65M cost=2399263927
|  |  in pipelines: 49(GETNEXT), 20(OPEN)
|  |
|  48:EXCHANGE [HASH(tpcds_partitioned_parquet_snap.customer_2.c_customer_id,tpcds_partitioned_parquet_snap.customer_2.c_first_name,tpcds_partitioned_parquet_snap.customer_2.c_last_name,tpcds_partitioned_parquet_snap.customer_2.c_preferred_cust_flag,tpcds_partitioned_parquet_snap.customer_2.c_birth_country,tpcds_partitioned_parquet_snap.customer_2.c_login,tpcds_partitioned_parquet_snap.customer_2.c_email_address)]
|  |  mem-estimate=29.82MB mem-reservation=0B thread-reservation=0
|  |  tuple-ids=27 row-size=165B cardinality=406.48M cost=353948241
|  |  in pipelines: 20(GETNEXT)
|  |
|  F18:PLAN FRAGMENT [HASH(tpcds_partitioned_parquet_snap.web_sales_0.ws_bill_customer_sk)] hosts=10 instances=120
|  Per-Instance Resources: mem-estimate=522.22MB mem-reservation=34.00MB thread-reservation=1
|  max-parallelism=460 segment-costs=[2700306544, 4532459269] cpu-comparison-result=240 [max(240 (self) vs 141 (sum children))]
|  25:AGGREGATE [STREAMING]
|  |  output: sum(subtract(tpcds_partitioned_parquet_snap.web_sales_0.ws_ext_list_price, tpcds_partitioned_parquet_snap.web_sales_0.ws_ext_discount_amt))
|  |  group by: tpcds_partitioned_parquet_snap.customer_2.c_customer_id, tpcds_partitioned_parquet_snap.customer_2.c_first_name, tpcds_partitioned_parquet_snap.customer_2.c_last_name, tpcds_partitioned_parquet_snap.customer_2.c_preferred_cust_flag, tpcds_partitioned_parquet_snap.customer_2.c_birth_country, tpcds_partitioned_parquet_snap.customer_2.c_login, tpcds_partitioned_parquet_snap.customer_2.c_email_address
|  |  mem-estimate=429.19MB mem-reservation=34.00MB spill-buffer=2.00MB thread-reservation=0
|  |  tuple-ids=27 row-size=165B cardinality=406.48M cost=2399263927
|  |  in pipelines: 20(GETNEXT)
|  |
|  24:HASH JOIN [INNER JOIN, PARTITIONED]
|  |  hash-table-id=01
|  |  hash predicates: tpcds_partitioned_parquet_snap.web_sales_0.ws_bill_customer_sk = tpcds_partitioned_parquet_snap.customer_2.c_customer_sk
|  |  fk/pk conjuncts: tpcds_partitioned_parquet_snap.web_sales_0.ws_bill_customer_sk = tpcds_partitioned_parquet_snap.customer_2.c_customer_sk
|  |  mem-estimate=0B mem-reservation=0B spill-buffer=2.00MB thread-reservation=0
|  |  tuple-ids=21,23,25 row-size=177B cardinality=406.48M cost=186950480
|  |  in pipelines: 20(GETNEXT), 23(OPEN)
|  |
|  |--F22:PLAN FRAGMENT [HASH(tpcds_partitioned_parquet_snap.web_sales_0.ws_bill_customer_sk)] hosts=10 instances=120
|  |  |  Per-Instance Resources: mem-estimate=70.45MB mem-reservation=50.00MB thread-reservation=1 runtime-filters-memory=16.00MB
|  |  |  max-parallelism=460 segment-costs=[54467197]
|  |  JOIN BUILD
|  |  |  join-table-id=01 plan-id=02 cohort-id=02
|  |  |  build expressions: tpcds_partitioned_parquet_snap.customer_2.c_customer_sk
|  |  |  runtime filters: RF018[bloom] <- tpcds_partitioned_parquet_snap.customer_2.c_customer_sk, RF019[min_max] <- tpcds_partitioned_parquet_snap.customer_2.c_customer_sk
|  |  |  mem-estimate=42.91MB mem-reservation=34.00MB spill-buffer=2.00MB thread-reservation=0 cost=30000000
|  |  |
|  |  47:EXCHANGE [HASH(tpcds_partitioned_parquet_snap.customer_2.c_customer_sk)]
|  |  |  mem-estimate=11.53MB mem-reservation=0B thread-reservation=0
|  |  |  tuple-ids=25 row-size=153B cardinality=30.00M cost=24467197
|  |  |  in pipelines: 23(GETNEXT)
|  |  |
|  |  F17:PLAN FRAGMENT [RANDOM] hosts=10 instances=10
|  |  Per-Instance Resources: mem-estimate=89.66MB mem-reservation=1.00MB thread-reservation=1
|  |  max-parallelism=10 segment-costs=[341205999]
|  |  23:SCAN HDFS [tpcds_partitioned_parquet_snap.customer, RANDOM]
|  |     HDFS partitions=1/1 files=1 size=1.55GB
|  |     stored statistics:
|  |       table: rows=30.00M size=1.55GB
|  |       columns: all
|  |     extrapolated-rows=disabled max-scan-range-rows=3.10M
|  |     mem-estimate=16.00MB mem-reservation=1.00MB thread-reservation=0
|  |     tuple-ids=25 row-size=153B cardinality=30.00M cost=29871228
|  |     in pipelines: 23(GETNEXT)
|  |
|  46:EXCHANGE [HASH(tpcds_partitioned_parquet_snap.web_sales_0.ws_bill_customer_sk)]
|  |  mem-estimate=13.75MB mem-reservation=0B thread-reservation=0
|  |  tuple-ids=21,23 row-size=24B cardinality=441.70M cost=114092137
|  |  in pipelines: 20(GETNEXT)
|  |
|  F15:PLAN FRAGMENT [RANDOM] hosts=10 instances=120
|  Per-Host Shared Resources: mem-estimate=17.00MB mem-reservation=17.00MB thread-reservation=0 runtime-filters-memory=17.00MB
|  Per-Instance Resources: mem-estimate=31.00MB mem-reservation=128.00KB thread-reservation=1
|  max-parallelism=150 segment-costs=[1432931868]
|  22:HASH JOIN [INNER JOIN, BROADCAST]
|  |  hash-table-id=02
|  |  hash predicates: tpcds_partitioned_parquet_snap.web_sales_0.ws_sold_date_sk = tpcds_partitioned_parquet_snap.date_dim_2.d_date_sk
|  |  fk/pk conjuncts: tpcds_partitioned_parquet_snap.web_sales_0.ws_sold_date_sk = tpcds_partitioned_parquet_snap.date_dim_2.d_date_sk
|  |  mem-estimate=0B mem-reservation=0B spill-buffer=64.00KB thread-reservation=0
|  |  tuple-ids=21,23 row-size=24B cardinality=441.70M cost=193333830
|  |  in pipelines: 20(GETNEXT), 21(OPEN)
|  |
|  |--F23:PLAN FRAGMENT [RANDOM] hosts=10 instances=10
|  |  |  Per-Instance Resources: mem-estimate=24.27MB mem-reservation=24.25MB thread-reservation=1 runtime-filters-memory=1.00MB
|  |  |  max-parallelism=10 segment-costs=[863]
|  |  JOIN BUILD
|  |  |  join-table-id=02 plan-id=03 cohort-id=02
|  |  |  build expressions: tpcds_partitioned_parquet_snap.date_dim_2.d_date_sk
|  |  |  runtime filters: RF020[bloom] <- tpcds_partitioned_parquet_snap.date_dim_2.d_date_sk
|  |  |  mem-estimate=23.25MB mem-reservation=23.25MB spill-buffer=64.00KB thread-reservation=0 cost=373
|  |  |
|  |  45:EXCHANGE [BROADCAST]
|  |  |  mem-estimate=16.00KB mem-reservation=0B thread-reservation=0
|  |  |  tuple-ids=23 row-size=8B cardinality=373 cost=490
|  |  |  in pipelines: 21(GETNEXT)
|  |  |
|  |  F16:PLAN FRAGMENT [RANDOM] hosts=1 instances=1
|  |  Per-Instance Resources: mem-estimate=16.05MB mem-reservation=512.00KB thread-reservation=1
|  |  max-parallelism=1 segment-costs=[10483]
|  |  21:SCAN HDFS [tpcds_partitioned_parquet_snap.date_dim, RANDOM]
|  |     HDFS partitions=1/1 files=1 size=2.17MB
|  |     predicates: tpcds_partitioned_parquet_snap.date_dim_2.d_year = CAST(1998 AS INT)
|  |     stored statistics:
|  |       table: rows=73.05K size=2.17MB
|  |       columns: all
|  |     extrapolated-rows=disabled max-scan-range-rows=73.05K
|  |     parquet statistics predicates: tpcds_partitioned_parquet_snap.date_dim_2.d_year = CAST(1998 AS INT)
|  |     parquet dictionary predicates: tpcds_partitioned_parquet_snap.date_dim_2.d_year = CAST(1998 AS INT)
|  |     mem-estimate=16.00MB mem-reservation=512.00KB thread-reservation=0
|  |     tuple-ids=23 row-size=8B cardinality=373 cost=10467
|  |     in pipelines: 21(GETNEXT)
|  |
|  20:SCAN HDFS [tpcds_partitioned_parquet_snap.web_sales, RANDOM]
|     HDFS partitions=1824/1824 files=1824 size=145.75GB
|     runtime filters: RF019[min_max] -> tpcds_partitioned_parquet_snap.web_sales_0.ws_bill_customer_sk, RF020[bloom] -> tpcds_partitioned_parquet_snap.web_sales_0.ws_sold_date_sk, RF018[bloom] -> tpcds_partitioned_parquet_snap.web_sales_0.ws_bill_customer_sk
|     stored statistics:
|       table: rows=2.16G size=145.75GB
|       partitions: 1824/1824 rows=2.16G
|       columns: all
|     extrapolated-rows=disabled max-scan-range-rows=3.37M est-scan-range=374(filtered from 1824)
|     mem-estimate=16.00MB mem-reservation=128.00KB thread-reservation=0
|     tuple-ids=21 row-size=16B cardinality=441.70M(filtered from 2.16G) cost=101768596
|     in pipelines: 20(GETNEXT)
|
19:HASH JOIN [INNER JOIN, PARTITIONED]
|  hash-table-id=03
|  hash predicates: tpcds_partitioned_parquet_snap.customer_1.c_customer_id = tpcds_partitioned_parquet_snap.customer.c_customer_id
|  fk/pk conjuncts: tpcds_partitioned_parquet_snap.customer_1.c_customer_id = tpcds_partitioned_parquet_snap.customer.c_customer_id
|  mem-estimate=0B mem-reservation=0B spill-buffer=2.00MB thread-reservation=0
|  tuple-ids=20,13,6 row-size=495B cardinality=30.00M cost=13131000
|  in pipelines: 32(GETNEXT), 43(OPEN)
|
|--F24:PLAN FRAGMENT [HASH(tpcds_partitioned_parquet_snap.customer_1.c_customer_id)] hosts=10 instances=50 (adjusted from 120)
|  |  Per-Instance Resources: mem-estimate=139.68MB mem-reservation=34.00MB thread-reservation=1
|  |  max-parallelism=70 segment-costs=[56123197] cpu-comparison-result=240 [max(50 (self) vs 240 (sum children))]
|  JOIN BUILD
|  |  join-table-id=03 plan-id=04 cohort-id=01
|  |  build expressions: tpcds_partitioned_parquet_snap.customer.c_customer_id
|  |  runtime filters: RF003[min_max] <- tpcds_partitioned_parquet_snap.customer.c_customer_id
|  |  mem-estimate=109.86MB mem-reservation=34.00MB spill-buffer=2.00MB thread-reservation=0 cost=30000000
|  |
|  44:EXCHANGE [HASH(tpcds_partitioned_parquet_snap.customer.c_customer_id)]
|  |  mem-estimate=29.82MB mem-reservation=0B thread-reservation=0
|  |  tuple-ids=6 row-size=165B cardinality=30.00M cost=26123197
|  |  in pipelines: 43(GETNEXT)
|  |
|  F14:PLAN FRAGMENT [HASH(tpcds_partitioned_parquet_snap.customer.c_customer_id,tpcds_partitioned_parquet_snap.customer.c_first_name,tpcds_partitioned_parquet_snap.customer.c_last_name,tpcds_partitioned_parquet_snap.customer.c_preferred_cust_flag,tpcds_partitioned_parquet_snap.customer.c_birth_country,tpcds_partitioned_parquet_snap.customer.c_login,tpcds_partitioned_parquet_snap.customer.c_email_address)] hosts=10 instances=120
|  Per-Instance Resources: mem-estimate=1.83GB mem-reservation=34.00MB thread-reservation=1
|  max-parallelism=310 segment-costs=[3067099075, 334518771] cpu-comparison-result=240 [max(120 (self) vs 240 (sum children))]
|  43:AGGREGATE [FINALIZE]
|  |  output: sum:merge(subtract(tpcds_partitioned_parquet_snap.store_sales.ss_ext_list_price, tpcds_partitioned_parquet_snap.store_sales.ss_ext_discount_amt))
|  |  group by: tpcds_partitioned_parquet_snap.customer.c_customer_id, tpcds_partitioned_parquet_snap.customer.c_first_name, tpcds_partitioned_parquet_snap.customer.c_last_name, tpcds_partitioned_parquet_snap.customer.c_preferred_cust_flag, tpcds_partitioned_parquet_snap.customer.c_birth_country, tpcds_partitioned_parquet_snap.customer.c_login, tpcds_partitioned_parquet_snap.customer.c_email_address
|  |  mem-estimate=1.80GB mem-reservation=34.00MB spill-buffer=2.00MB thread-reservation=0
|  |  tuple-ids=6 row-size=165B cardinality=30.00M cost=1930086569
|  |  in pipelines: 43(GETNEXT), 00(OPEN)
|  |
|  42:EXCHANGE [HASH(tpcds_partitioned_parquet_snap.customer.c_customer_id,tpcds_partitioned_parquet_snap.customer.c_first_name,tpcds_partitioned_parquet_snap.customer.c_last_name,tpcds_partitioned_parquet_snap.customer.c_preferred_cust_flag,tpcds_partitioned_parquet_snap.customer.c_birth_country,tpcds_partitioned_parquet_snap.customer.c_login,tpcds_partitioned_parquet_snap.customer.c_email_address)]
|  |  mem-estimate=29.82MB mem-reservation=0B thread-reservation=0
|  |  tuple-ids=6 row-size=165B cardinality=1.31G cost=1137012506
|  |  in pipelines: 00(GETNEXT)
|  |
|  F13:PLAN FRAGMENT [HASH(tpcds_partitioned_parquet_snap.store_sales.ss_customer_sk)] hosts=10 instances=120
|  Per-Instance Resources: mem-estimate=1.76GB mem-reservation=34.00MB thread-reservation=1
|  max-parallelism=1460 segment-costs=[9345196195, 14559933564] cpu-comparison-result=240 [max(240 (self) vs 141 (sum children))]
|  05:AGGREGATE [STREAMING]
|  |  output: sum(subtract(tpcds_partitioned_parquet_snap.store_sales.ss_ext_list_price, tpcds_partitioned_parquet_snap.store_sales.ss_ext_discount_amt))
|  |  group by: tpcds_partitioned_parquet_snap.customer.c_customer_id, tpcds_partitioned_parquet_snap.customer.c_first_name, tpcds_partitioned_parquet_snap.customer.c_last_name, tpcds_partitioned_parquet_snap.customer.c_preferred_cust_flag, tpcds_partitioned_parquet_snap.customer.c_birth_country, tpcds_partitioned_parquet_snap.customer.c_login, tpcds_partitioned_parquet_snap.customer.c_email_address
|  |  mem-estimate=1.67GB mem-reservation=34.00MB spill-buffer=2.00MB thread-reservation=0
|  |  tuple-ids=6 row-size=165B cardinality=1.31G cost=8141744291
|  |  in pipelines: 00(GETNEXT)
|  |
|  04:HASH JOIN [INNER JOIN, PARTITIONED]
|  |  hash-table-id=04
|  |  hash predicates: tpcds_partitioned_parquet_snap.store_sales.ss_customer_sk = tpcds_partitioned_parquet_snap.customer.c_customer_sk
|  |  fk/pk conjuncts: tpcds_partitioned_parquet_snap.store_sales.ss_customer_sk = tpcds_partitioned_parquet_snap.customer.c_customer_sk
|  |  mem-estimate=0B mem-reservation=0B spill-buffer=2.00MB thread-reservation=0
|  |  tuple-ids=0,2,4 row-size=177B cardinality=1.62G cost=747080012
|  |  in pipelines: 00(GETNEXT), 03(OPEN)
|  |
|  |--F25:PLAN FRAGMENT [HASH(tpcds_partitioned_parquet_snap.store_sales.ss_customer_sk)] hosts=10 instances=120
|  |  |  Per-Instance Resources: mem-estimate=70.45MB mem-reservation=50.00MB thread-reservation=1 runtime-filters-memory=16.00MB
|  |  |  max-parallelism=1460 segment-costs=[54467197]
|  |  JOIN BUILD
|  |  |  join-table-id=04 plan-id=05 cohort-id=03
|  |  |  build expressions: tpcds_partitioned_parquet_snap.customer.c_customer_sk
|  |  |  runtime filters: RF014[bloom] <- tpcds_partitioned_parquet_snap.customer.c_customer_sk, RF015[min_max] <- tpcds_partitioned_parquet_snap.customer.c_customer_sk
|  |  |  mem-estimate=42.91MB mem-reservation=34.00MB spill-buffer=2.00MB thread-reservation=0 cost=30000000
|  |  |
|  |  41:EXCHANGE [HASH(tpcds_partitioned_parquet_snap.customer.c_customer_sk)]
|  |  |  mem-estimate=11.53MB mem-reservation=0B thread-reservation=0
|  |  |  tuple-ids=4 row-size=153B cardinality=30.00M cost=24467197
|  |  |  in pipelines: 03(GETNEXT)
|  |  |
|  |  F12:PLAN FRAGMENT [RANDOM] hosts=10 instances=10
|  |  Per-Host Shared Resources: mem-estimate=16.00MB mem-reservation=16.00MB thread-reservation=0 runtime-filters-memory=16.00MB
|  |  Per-Instance Resources: mem-estimate=89.66MB mem-reservation=1.00MB thread-reservation=1
|  |  max-parallelism=10 segment-costs=[341205999]
|  |  03:SCAN HDFS [tpcds_partitioned_parquet_snap.customer, RANDOM]
|  |     HDFS partitions=1/1 files=1 size=1.55GB
|  |     runtime filters: RF001[min_max] -> tpcds_partitioned_parquet_snap.customer.c_customer_id, RF000[bloom] -> tpcds_partitioned_parquet_snap.customer.c_customer_id
|  |     stored statistics:
|  |       table: rows=30.00M size=1.55GB
|  |       columns: all
|  |     extrapolated-rows=disabled max-scan-range-rows=3.10M
|  |     mem-estimate=16.00MB mem-reservation=1.00MB thread-reservation=0
|  |     tuple-ids=4 row-size=153B cardinality=30.00M cost=29871228
|  |     in pipelines: 03(GETNEXT)
|  |
|  40:EXCHANGE [HASH(tpcds_partitioned_parquet_snap.store_sales.ss_customer_sk)]
|  |  mem-estimate=13.75MB mem-reservation=0B thread-reservation=0
|  |  tuple-ids=0,2 row-size=24B cardinality=1.77G cost=456371892
|  |  in pipelines: 00(GETNEXT)
|  |
|  F10:PLAN FRAGMENT [RANDOM] hosts=10 instances=120
|  Per-Host Shared Resources: mem-estimate=17.00MB mem-reservation=17.00MB thread-reservation=0 runtime-filters-memory=17.00MB
|  Per-Instance Resources: mem-estimate=31.00MB mem-reservation=8.00MB thread-reservation=1
|  max-parallelism=374 segment-costs=[5731769480]
|  02:HASH JOIN [INNER JOIN, BROADCAST]
|  |  hash-table-id=05
|  |  hash predicates: tpcds_partitioned_parquet_snap.store_sales.ss_sold_date_sk = tpcds_partitioned_parquet_snap.date_dim.d_date_sk
|  |  fk/pk conjuncts: tpcds_partitioned_parquet_snap.store_sales.ss_sold_date_sk = tpcds_partitioned_parquet_snap.date_dim.d_date_sk
|  |  mem-estimate=0B mem-reservation=0B spill-buffer=64.00KB thread-reservation=0
|  |  tuple-ids=0,2 row-size=24B cardinality=1.77G cost=773340988
|  |  in pipelines: 00(GETNEXT), 01(OPEN)
|  |
|  |--F26:PLAN FRAGMENT [RANDOM] hosts=10 instances=10
|  |  |  Per-Instance Resources: mem-estimate=24.27MB mem-reservation=24.25MB thread-reservation=1 runtime-filters-memory=1.00MB
|  |  |  max-parallelism=10 segment-costs=[863]
|  |  JOIN BUILD
|  |  |  join-table-id=05 plan-id=06 cohort-id=03
|  |  |  build expressions: tpcds_partitioned_parquet_snap.date_dim.d_date_sk
|  |  |  runtime filters: RF016[bloom] <- tpcds_partitioned_parquet_snap.date_dim.d_date_sk
|  |  |  mem-estimate=23.25MB mem-reservation=23.25MB spill-buffer=64.00KB thread-reservation=0 cost=373
|  |  |
|  |  39:EXCHANGE [BROADCAST]
|  |  |  mem-estimate=16.00KB mem-reservation=0B thread-reservation=0
|  |  |  tuple-ids=2 row-size=8B cardinality=373 cost=490
|  |  |  in pipelines: 01(GETNEXT)
|  |  |
|  |  F11:PLAN FRAGMENT [RANDOM] hosts=1 instances=1
|  |  Per-Instance Resources: mem-estimate=16.05MB mem-reservation=512.00KB thread-reservation=1
|  |  max-parallelism=1 segment-costs=[10483]
|  |  01:SCAN HDFS [tpcds_partitioned_parquet_snap.date_dim, RANDOM]
|  |     HDFS partitions=1/1 files=1 size=2.17MB
|  |     predicates: tpcds_partitioned_parquet_snap.date_dim.d_year = add(CAST(1998 AS INT), CAST(1 AS INT))
|  |     stored statistics:
|  |       table: rows=73.05K size=2.17MB
|  |       columns: all
|  |     extrapolated-rows=disabled max-scan-range-rows=73.05K
|  |     parquet statistics predicates: tpcds_partitioned_parquet_snap.date_dim.d_year = add(CAST(1998 AS INT), CAST(1 AS INT))
|  |     parquet dictionary predicates: tpcds_partitioned_parquet_snap.date_dim.d_year = add(CAST(1998 AS INT), CAST(1 AS INT))
|  |     mem-estimate=16.00MB mem-reservation=512.00KB thread-reservation=0
|  |     tuple-ids=2 row-size=8B cardinality=373 cost=10467
|  |     in pipelines: 01(GETNEXT)
|  |
|  00:SCAN HDFS [tpcds_partitioned_parquet_snap.store_sales, RANDOM]
|     HDFS partitions=1824/1824 files=1824 size=389.90GB
|     runtime filters: RF015[min_max] -> tpcds_partitioned_parquet_snap.store_sales.ss_customer_sk, RF016[bloom] -> tpcds_partitioned_parquet_snap.store_sales.ss_sold_date_sk, RF014[bloom] -> tpcds_partitioned_parquet_snap.store_sales.ss_customer_sk
|     stored statistics:
|       table: rows=8.64G size=389.90GB
|       partitions: 1824/1824 rows=8.64G
|       columns: all
|     extrapolated-rows=disabled max-scan-range-rows=390.22M est-scan-range=374(filtered from 1824)
|     mem-estimate=16.00MB mem-reservation=8.00MB thread-reservation=0
|     tuple-ids=0 row-size=16B cardinality=1.77G(filtered from 8.64G) cost=407077367
|     in pipelines: 00(GETNEXT)
|
18:HASH JOIN [INNER JOIN, PARTITIONED]
|  hash-table-id=06
|  hash predicates: tpcds_partitioned_parquet_snap.customer_1.c_customer_id = tpcds_partitioned_parquet_snap.customer_0.c_customer_id
|  fk/pk conjuncts: tpcds_partitioned_parquet_snap.customer_1.c_customer_id = tpcds_partitioned_parquet_snap.customer_0.c_customer_id
|  mem-estimate=0B mem-reservation=0B spill-buffer=2.00MB thread-reservation=0
|  tuple-ids=20,13 row-size=330B cardinality=30.00M cost=47037753
|  in pipelines: 32(GETNEXT), 36(OPEN)
|
|--F27:PLAN FRAGMENT [HASH(tpcds_partitioned_parquet_snap.customer_1.c_customer_id)] hosts=10 instances=50 (adjusted from 120)
|  |  Per-Instance Resources: mem-estimate=142.46MB mem-reservation=50.00MB thread-reservation=1 runtime-filters-memory=16.00MB
|  |  max-parallelism=70 segment-costs=[56123197] cpu-comparison-result=60 [max(50 (self) vs 60 (sum children))]
|  JOIN BUILD
|  |  join-table-id=06 plan-id=07 cohort-id=01
|  |  build expressions: tpcds_partitioned_parquet_snap.customer_0.c_customer_id
|  |  runtime filters: RF004[bloom] <- tpcds_partitioned_parquet_snap.customer_0.c_customer_id, RF005[min_max] <- tpcds_partitioned_parquet_snap.customer_0.c_customer_id
|  |  mem-estimate=109.86MB mem-reservation=34.00MB spill-buffer=2.00MB thread-reservation=0 cost=30000000
|  |
|  38:EXCHANGE [HASH(tpcds_partitioned_parquet_snap.customer_0.c_customer_id)]
|  |  mem-estimate=16.61MB mem-reservation=0B thread-reservation=0
|  |  tuple-ids=13 row-size=165B cardinality=30.00M cost=26123197
|  |  in pipelines: 36(GETNEXT)
|  |
|  F08:PLAN FRAGMENT [HASH(tpcds_partitioned_parquet_snap.customer_0.c_customer_id,tpcds_partitioned_parquet_snap.customer_0.c_first_name,tpcds_partitioned_parquet_snap.customer_0.c_last_name,tpcds_partitioned_parquet_snap.customer_0.c_preferred_cust_flag,tpcds_partitioned_parquet_snap.customer_0.c_birth_country,tpcds_partitioned_parquet_snap.customer_0.c_login,tpcds_partitioned_parquet_snap.customer_0.c_email_address)] hosts=10 instances=40 (adjusted from 120)
|  Per-Instance Resources: mem-estimate=203.75MB mem-reservation=34.00MB thread-reservation=1
|  max-parallelism=40 segment-costs=[226590531, 334518771] cpu-comparison-result=60 [max(40 (self) vs 60 (sum children))]
|  36:AGGREGATE [FINALIZE]
|  |  output: sum:merge(subtract(tpcds_partitioned_parquet_snap.web_sales.ws_ext_list_price, tpcds_partitioned_parquet_snap.web_sales.ws_ext_discount_amt))
|  |  group by: tpcds_partitioned_parquet_snap.customer_0.c_customer_id, tpcds_partitioned_parquet_snap.customer_0.c_first_name, tpcds_partitioned_parquet_snap.customer_0.c_last_name, tpcds_partitioned_parquet_snap.customer_0.c_preferred_cust_flag, tpcds_partitioned_parquet_snap.customer_0.c_birth_country, tpcds_partitioned_parquet_snap.customer_0.c_login, tpcds_partitioned_parquet_snap.customer_0.c_email_address
|  |  mem-estimate=170.71MB mem-reservation=34.00MB spill-buffer=2.00MB thread-reservation=0
|  |  tuple-ids=13 row-size=165B cardinality=30.00M cost=191394747
|  |  in pipelines: 36(GETNEXT), 06(OPEN)
|  |
|  35:EXCHANGE [HASH(tpcds_partitioned_parquet_snap.customer_0.c_customer_id,tpcds_partitioned_parquet_snap.customer_0.c_first_name,tpcds_partitioned_parquet_snap.customer_0.c_last_name,tpcds_partitioned_parquet_snap.customer_0.c_preferred_cust_flag,tpcds_partitioned_parquet_snap.customer_0.c_birth_country,tpcds_partitioned_parquet_snap.customer_0.c_login,tpcds_partitioned_parquet_snap.customer_0.c_email_address)]
|  |  mem-estimate=19.91MB mem-reservation=0B thread-reservation=0
|  |  tuple-ids=13 row-size=165B cardinality=40.42M cost=35195784
|  |  in pipelines: 06(GETNEXT)
|  |
|  F05:PLAN FRAGMENT [RANDOM] hosts=10 instances=60 (adjusted from 120)
|  Per-Host Shared Resources: mem-estimate=5.00MB mem-reservation=5.00MB thread-reservation=0 runtime-filters-memory=5.00MB
|  Per-Instance Resources: mem-estimate=128.27MB mem-reservation=34.12MB thread-reservation=1
|  max-parallelism=60 segment-costs=[530030945, 450697141] cpu-comparison-result=60 [max(60 (self) vs 31 (sum children))]
|  11:AGGREGATE [STREAMING]
|  |  output: sum(subtract(tpcds_partitioned_parquet_snap.web_sales.ws_ext_list_price, tpcds_partitioned_parquet_snap.web_sales.ws_ext_discount_amt))
|  |  group by: tpcds_partitioned_parquet_snap.customer_0.c_customer_id, tpcds_partitioned_parquet_snap.customer_0.c_first_name, tpcds_partitioned_parquet_snap.customer_0.c_last_name, tpcds_partitioned_parquet_snap.customer_0.c_preferred_cust_flag, tpcds_partitioned_parquet_snap.customer_0.c_birth_country, tpcds_partitioned_parquet_snap.customer_0.c_login, tpcds_partitioned_parquet_snap.customer_0.c_email_address
|  |  mem-estimate=85.84MB mem-reservation=34.00MB spill-buffer=2.00MB thread-reservation=0
|  |  tuple-ids=13 row-size=165B cardinality=40.42M cost=238891278
|  |  in pipelines: 06(GETNEXT)
|  |
|  10:HASH JOIN [INNER JOIN, BROADCAST]
|  |  hash-table-id=07
|  |  hash predicates: tpcds_partitioned_parquet_snap.web_sales.ws_bill_customer_sk = tpcds_partitioned_parquet_snap.customer_0.c_customer_sk
|  |  fk/pk conjuncts: tpcds_partitioned_parquet_snap.web_sales.ws_bill_customer_sk = tpcds_partitioned_parquet_snap.customer_0.c_customer_sk
|  |  mem-estimate=0B mem-reservation=0B spill-buffer=2.00MB thread-reservation=0
|  |  tuple-ids=7,9,11 row-size=177B cardinality=40.65M cost=58349826
|  |  in pipelines: 06(GETNEXT), 09(OPEN)
|  |
|  |--F28:PLAN FRAGMENT [RANDOM] hosts=10 instances=10
|  |  |  Per-Instance Resources: mem-estimate=549.69MB mem-reservation=208.00MB thread-reservation=1 runtime-filters-memory=4.00MB
|  |  |  max-parallelism=10 segment-costs=[6987000]
|  |  JOIN BUILD
|  |  |  join-table-id=07 plan-id=08 cohort-id=04
|  |  |  build expressions: tpcds_partitioned_parquet_snap.customer_0.c_customer_sk
|  |  |  runtime filters: RF010[bloom] <- tpcds_partitioned_parquet_snap.customer_0.c_customer_sk, RF011[min_max] <- tpcds_partitioned_parquet_snap.customer_0.c_customer_sk
|  |  |  mem-estimate=534.16MB mem-reservation=204.00MB spill-buffer=2.00MB thread-reservation=0 cost=3000000
|  |  |
|  |  34:EXCHANGE [BROADCAST]
|  |  |  mem-estimate=11.53MB mem-reservation=0B thread-reservation=0
|  |  |  tuple-ids=11 row-size=153B cardinality=3.00M cost=3987000
|  |  |  in pipelines: 09(GETNEXT)
|  |  |
|  |  F07:PLAN FRAGMENT [RANDOM] hosts=10 instances=10
|  |  Per-Host Shared Resources: mem-estimate=16.00MB mem-reservation=16.00MB thread-reservation=0 runtime-filters-memory=16.00MB
|  |  Per-Instance Resources: mem-estimate=16.61MB mem-reservation=1.00MB thread-reservation=1
|  |  max-parallelism=10 segment-costs=[32019513]
|  |  09:SCAN HDFS [tpcds_partitioned_parquet_snap.customer, RANDOM]
|  |     HDFS partitions=1/1 files=1 size=1.55GB
|  |     predicates: is_not_null_pred(tpcds_partitioned_parquet_snap.customer_0.c_customer_id)
|  |     runtime filters: RF001[min_max] -> tpcds_partitioned_parquet_snap.customer_0.c_customer_id, RF003[min_max] -> tpcds_partitioned_parquet_snap.customer_0.c_customer_id, RF000[bloom] -> tpcds_partitioned_parquet_snap.customer_0.c_customer_id
|  |     stored statistics:
|  |       table: rows=30.00M size=1.55GB
|  |       columns: all
|  |     extrapolated-rows=disabled max-scan-range-rows=3.10M
|  |     parquet dictionary predicates: is_not_null_pred(tpcds_partitioned_parquet_snap.customer_0.c_customer_id)
|  |     mem-estimate=16.00MB mem-reservation=1.00MB thread-reservation=0
|  |     tuple-ids=11 row-size=153B cardinality=3.00M cost=30714228
|  |     in pipelines: 09(GETNEXT)
|  |
|  08:HASH JOIN [INNER JOIN, BROADCAST]
|  |  hash-table-id=08
|  |  hash predicates: tpcds_partitioned_parquet_snap.web_sales.ws_sold_date_sk = tpcds_partitioned_parquet_snap.date_dim_0.d_date_sk
|  |  fk/pk conjuncts: tpcds_partitioned_parquet_snap.web_sales.ws_sold_date_sk = tpcds_partitioned_parquet_snap.date_dim_0.d_date_sk
|  |  mem-estimate=0B mem-reservation=0B spill-buffer=64.00KB thread-reservation=0
|  |  tuple-ids=7,9 row-size=24B cardinality=198.77M(filtered from 441.70M) cost=131021245
|  |  in pipelines: 06(GETNEXT), 07(OPEN)
|  |
|  |--F29:PLAN FRAGMENT [RANDOM] hosts=10 instances=10
|  |  |  Per-Instance Resources: mem-estimate=12.64MB mem-reservation=12.62MB thread-reservation=1 runtime-filters-memory=1.00MB
|  |  |  max-parallelism=10 segment-costs=[863]
|  |  JOIN BUILD
|  |  |  join-table-id=08 plan-id=09 cohort-id=04
|  |  |  build expressions: tpcds_partitioned_parquet_snap.date_dim_0.d_date_sk
|  |  |  runtime filters: RF012[bloom] <- tpcds_partitioned_parquet_snap.date_dim_0.d_date_sk
|  |  |  mem-estimate=11.62MB mem-reservation=11.62MB spill-buffer=64.00KB thread-reservation=0 cost=373
|  |  |
|  |  33:EXCHANGE [BROADCAST]
|  |  |  mem-estimate=16.00KB mem-reservation=0B thread-reservation=0
|  |  |  tuple-ids=9 row-size=8B cardinality=373 cost=490
|  |  |  in pipelines: 07(GETNEXT)
|  |  |
|  |  F06:PLAN FRAGMENT [RANDOM] hosts=1 instances=1
|  |  Per-Instance Resources: mem-estimate=16.05MB mem-reservation=512.00KB thread-reservation=1
|  |  max-parallelism=1 segment-costs=[10483]
|  |  07:SCAN HDFS [tpcds_partitioned_parquet_snap.date_dim, RANDOM]
|  |     HDFS partitions=1/1 files=1 size=2.17MB
|  |     predicates: tpcds_partitioned_parquet_snap.date_dim_0.d_year = add(CAST(1998 AS INT), CAST(1 AS INT))
|  |     stored statistics:
|  |       table: rows=73.05K size=2.17MB
|  |       columns: all
|  |     extrapolated-rows=disabled max-scan-range-rows=73.05K
|  |     parquet statistics predicates: tpcds_partitioned_parquet_snap.date_dim_0.d_year = add(CAST(1998 AS INT), CAST(1 AS INT))
|  |     parquet dictionary predicates: tpcds_partitioned_parquet_snap.date_dim_0.d_year = add(CAST(1998 AS INT), CAST(1 AS INT))
|  |     mem-estimate=16.00MB mem-reservation=512.00KB thread-reservation=0
|  |     tuple-ids=9 row-size=8B cardinality=373 cost=10467
|  |     in pipelines: 07(GETNEXT)
|  |
|  06:SCAN HDFS [tpcds_partitioned_parquet_snap.web_sales, RANDOM]
|     HDFS partitions=1824/1824 files=1824 size=145.75GB
|     runtime filters: RF011[min_max] -> tpcds_partitioned_parquet_snap.web_sales.ws_bill_customer_sk, RF010[bloom] -> tpcds_partitioned_parquet_snap.web_sales.ws_bill_customer_sk, RF012[bloom] -> tpcds_partitioned_parquet_snap.web_sales.ws_sold_date_sk
|     stored statistics:
|       table: rows=2.16G size=145.75GB
|       partitions: 1824/1824 rows=2.16G
|       columns: all
|     extrapolated-rows=disabled max-scan-range-rows=3.37M est-scan-range=374(filtered from 1824)
|     mem-estimate=16.00MB mem-reservation=128.00KB thread-reservation=0
|     tuple-ids=7 row-size=16B cardinality=198.77M(filtered from 2.16G) cost=101768596
|     in pipelines: 06(GETNEXT)
|
37:EXCHANGE [HASH(tpcds_partitioned_parquet_snap.customer_1.c_customer_id)]
|  mem-estimate=29.82MB mem-reservation=0B thread-reservation=0
|  tuple-ids=20 row-size=165B cardinality=162.19M cost=141230779
|  in pipelines: 32(GETNEXT)
|
F04:PLAN FRAGMENT [HASH(tpcds_partitioned_parquet_snap.customer_1.c_customer_id,tpcds_partitioned_parquet_snap.customer_1.c_first_name,tpcds_partitioned_parquet_snap.customer_1.c_last_name,tpcds_partitioned_parquet_snap.customer_1.c_preferred_cust_flag,tpcds_partitioned_parquet_snap.customer_1.c_birth_country,tpcds_partitioned_parquet_snap.customer_1.c_login,tpcds_partitioned_parquet_snap.customer_1.c_email_address)] hosts=10 instances=120
Per-Instance Resources: mem-estimate=2.26GB mem-reservation=34.00MB thread-reservation=1
max-parallelism=1100 segment-costs=[10985739011, 1808520801] cpu-comparison-result=240 [max(120 (self) vs 240 (sum children))]
32:AGGREGATE [FINALIZE]
|  output: sum:merge(subtract(tpcds_partitioned_parquet_snap.store_sales_0.ss_ext_list_price, tpcds_partitioned_parquet_snap.store_sales_0.ss_ext_discount_amt))
|  group by: tpcds_partitioned_parquet_snap.customer_1.c_customer_id, tpcds_partitioned_parquet_snap.customer_1.c_first_name, tpcds_partitioned_parquet_snap.customer_1.c_last_name, tpcds_partitioned_parquet_snap.customer_1.c_preferred_cust_flag, tpcds_partitioned_parquet_snap.customer_1.c_birth_country, tpcds_partitioned_parquet_snap.customer_1.c_login, tpcds_partitioned_parquet_snap.customer_1.c_email_address
|  having: sum(subtract(tpcds_partitioned_parquet_snap.store_sales_0.ss_ext_list_price, tpcds_partitioned_parquet_snap.store_sales_0.ss_ext_discount_amt)) > CAST(0 AS DECIMAL(3,0))
|  mem-estimate=2.23GB mem-reservation=34.00MB spill-buffer=2.00MB thread-reservation=0
|  tuple-ids=20 row-size=165B cardinality=162.19M cost=9573431219
|  in pipelines: 32(GETNEXT), 12(OPEN)
|
31:EXCHANGE [HASH(tpcds_partitioned_parquet_snap.customer_1.c_customer_id,tpcds_partitioned_parquet_snap.customer_1.c_first_name,tpcds_partitioned_parquet_snap.customer_1.c_last_name,tpcds_partitioned_parquet_snap.customer_1.c_preferred_cust_flag,tpcds_partitioned_parquet_snap.customer_1.c_birth_country,tpcds_partitioned_parquet_snap.customer_1.c_login,tpcds_partitioned_parquet_snap.customer_1.c_email_address)]
|  mem-estimate=29.82MB mem-reservation=0B thread-reservation=0
|  tuple-ids=20 row-size=165B cardinality=1.62G cost=1412307792
|  in pipelines: 12(GETNEXT)
|
F03:PLAN FRAGMENT [HASH(tpcds_partitioned_parquet_snap.store_sales_0.ss_customer_sk)] hosts=10 instances=120
Per-Instance Resources: mem-estimate=1.76GB mem-reservation=34.00MB thread-reservation=1
max-parallelism=1810 segment-costs=[10776883123, 18085207959] cpu-comparison-result=240 [max(240 (self) vs 141 (sum children))]
17:AGGREGATE [STREAMING]
|  output: sum(subtract(tpcds_partitioned_parquet_snap.store_sales_0.ss_ext_list_price, tpcds_partitioned_parquet_snap.store_sales_0.ss_ext_discount_amt))
|  group by: tpcds_partitioned_parquet_snap.customer_1.c_customer_id, tpcds_partitioned_parquet_snap.customer_1.c_first_name, tpcds_partitioned_parquet_snap.customer_1.c_last_name, tpcds_partitioned_parquet_snap.customer_1.c_preferred_cust_flag, tpcds_partitioned_parquet_snap.customer_1.c_birth_country, tpcds_partitioned_parquet_snap.customer_1.c_login, tpcds_partitioned_parquet_snap.customer_1.c_email_address
|  mem-estimate=1.67GB mem-reservation=34.00MB spill-buffer=2.00MB thread-reservation=0
|  tuple-ids=20 row-size=165B cardinality=1.62G cost=9573431219
|  in pipelines: 12(GETNEXT)
|
16:HASH JOIN [INNER JOIN, PARTITIONED]
|  hash-table-id=09
|  hash predicates: tpcds_partitioned_parquet_snap.store_sales_0.ss_customer_sk = tpcds_partitioned_parquet_snap.customer_1.c_customer_sk
|  fk/pk conjuncts: tpcds_partitioned_parquet_snap.store_sales_0.ss_customer_sk = tpcds_partitioned_parquet_snap.customer_1.c_customer_sk
|  mem-estimate=0B mem-reservation=0B spill-buffer=2.00MB thread-reservation=0
|  tuple-ids=14,16,18 row-size=177B cardinality=1.62G cost=747080012
|  in pipelines: 12(GETNEXT), 15(OPEN)
|
|--F30:PLAN FRAGMENT [HASH(tpcds_partitioned_parquet_snap.store_sales_0.ss_customer_sk)] hosts=10 instances=120
|  |  Per-Instance Resources: mem-estimate=70.45MB mem-reservation=50.00MB thread-reservation=1 runtime-filters-memory=16.00MB
|  |  max-parallelism=1810 segment-costs=[54467197]
|  JOIN BUILD
|  |  join-table-id=09 plan-id=10 cohort-id=01
|  |  build expressions: tpcds_partitioned_parquet_snap.customer_1.c_customer_sk
|  |  runtime filters: RF006[bloom] <- tpcds_partitioned_parquet_snap.customer_1.c_customer_sk, RF007[min_max] <- tpcds_partitioned_parquet_snap.customer_1.c_customer_sk
|  |  mem-estimate=42.91MB mem-reservation=34.00MB spill-buffer=2.00MB thread-reservation=0 cost=30000000
|  |
|  30:EXCHANGE [HASH(tpcds_partitioned_parquet_snap.customer_1.c_customer_sk)]
|  |  mem-estimate=11.53MB mem-reservation=0B thread-reservation=0
|  |  tuple-ids=18 row-size=153B cardinality=30.00M cost=24467197
|  |  in pipelines: 15(GETNEXT)
|  |
|  F02:PLAN FRAGMENT [RANDOM] hosts=10 instances=10
|  Per-Host Shared Resources: mem-estimate=32.00MB mem-reservation=32.00MB thread-reservation=0 runtime-filters-memory=32.00MB
|  Per-Instance Resources: mem-estimate=89.66MB mem-reservation=1.00MB thread-reservation=1
|  max-parallelism=10 segment-costs=[341205999]
|  15:SCAN HDFS [tpcds_partitioned_parquet_snap.customer, RANDOM]
|     HDFS partitions=1/1 files=1 size=1.55GB
|     runtime filters: RF005[min_max] -> tpcds_partitioned_parquet_snap.customer_1.c_customer_id, RF001[min_max] -> tpcds_partitioned_parquet_snap.customer_1.c_customer_id, RF003[min_max] -> tpcds_partitioned_parquet_snap.customer_1.c_customer_id, RF004[bloom] -> tpcds_partitioned_parquet_snap.customer_1.c_customer_id, RF000[bloom] -> tpcds_partitioned_parquet_snap.customer_1.c_customer_id
|     stored statistics:
|       table: rows=30.00M size=1.55GB
|       columns: all
|     extrapolated-rows=disabled max-scan-range-rows=3.10M
|     mem-estimate=16.00MB mem-reservation=1.00MB thread-reservation=0
|     tuple-ids=18 row-size=153B cardinality=30.00M cost=29871228
|     in pipelines: 15(GETNEXT)
|
29:EXCHANGE [HASH(tpcds_partitioned_parquet_snap.store_sales_0.ss_customer_sk)]
|  mem-estimate=13.75MB mem-reservation=0B thread-reservation=0
|  tuple-ids=14,16 row-size=24B cardinality=1.77G cost=456371892
|  in pipelines: 12(GETNEXT)
|
F00:PLAN FRAGMENT [RANDOM] hosts=10 instances=120
Per-Host Shared Resources: mem-estimate=17.00MB mem-reservation=17.00MB thread-reservation=0 runtime-filters-memory=17.00MB
Per-Instance Resources: mem-estimate=31.00MB mem-reservation=8.00MB thread-reservation=1
max-parallelism=374 segment-costs=[5731769480]
14:HASH JOIN [INNER JOIN, BROADCAST]
|  hash-table-id=10
|  hash predicates: tpcds_partitioned_parquet_snap.store_sales_0.ss_sold_date_sk = tpcds_partitioned_parquet_snap.date_dim_1.d_date_sk
|  fk/pk conjuncts: tpcds_partitioned_parquet_snap.store_sales_0.ss_sold_date_sk = tpcds_partitioned_parquet_snap.date_dim_1.d_date_sk
|  mem-estimate=0B mem-reservation=0B spill-buffer=64.00KB thread-reservation=0
|  tuple-ids=14,16 row-size=24B cardinality=1.77G cost=773340988
|  in pipelines: 12(GETNEXT), 13(OPEN)
|
|--F31:PLAN FRAGMENT [RANDOM] hosts=10 instances=10
|  |  Per-Instance Resources: mem-estimate=24.27MB mem-reservation=24.25MB thread-reservation=1 runtime-filters-memory=1.00MB
|  |  max-parallelism=10 segment-costs=[863]
|  JOIN BUILD
|  |  join-table-id=10 plan-id=11 cohort-id=01
|  |  build expressions: tpcds_partitioned_parquet_snap.date_dim_1.d_date_sk
|  |  runtime filters: RF008[bloom] <- tpcds_partitioned_parquet_snap.date_dim_1.d_date_sk
|  |  mem-estimate=23.25MB mem-reservation=23.25MB spill-buffer=64.00KB thread-reservation=0 cost=373
|  |
|  28:EXCHANGE [BROADCAST]
|  |  mem-estimate=16.00KB mem-reservation=0B thread-reservation=0
|  |  tuple-ids=16 row-size=8B cardinality=373 cost=490
|  |  in pipelines: 13(GETNEXT)
|  |
|  F01:PLAN FRAGMENT [RANDOM] hosts=1 instances=1
|  Per-Instance Resources: mem-estimate=16.05MB mem-reservation=512.00KB thread-reservation=1
|  max-parallelism=1 segment-costs=[10483]
|  13:SCAN HDFS [tpcds_partitioned_parquet_snap.date_dim, RANDOM]
|     HDFS partitions=1/1 files=1 size=2.17MB
|     predicates: tpcds_partitioned_parquet_snap.date_dim_1.d_year = CAST(1998 AS INT)
|     stored statistics:
|       table: rows=73.05K size=2.17MB
|       columns: all
|     extrapolated-rows=disabled max-scan-range-rows=73.05K
|     parquet statistics predicates: tpcds_partitioned_parquet_snap.date_dim_1.d_year = CAST(1998 AS INT)
|     parquet dictionary predicates: tpcds_partitioned_parquet_snap.date_dim_1.d_year = CAST(1998 AS INT)
|     mem-estimate=16.00MB mem-reservation=512.00KB thread-reservation=0
|     tuple-ids=16 row-size=8B cardinality=373 cost=10467
|     in pipelines: 13(GETNEXT)
|
12:SCAN HDFS [tpcds_partitioned_parquet_snap.store_sales, RANDOM]
   HDFS partitions=1824/1824 files=1824 size=389.90GB
   runtime filters: RF007[min_max] -> tpcds_partitioned_parquet_snap.store_sales_0.ss_customer_sk, RF008[bloom] -> tpcds_partitioned_parquet_snap.store_sales_0.ss_sold_date_sk, RF006[bloom] -> tpcds_partitioned_parquet_snap.store_sales_0.ss_customer_sk
   stored statistics:
     table: rows=8.64G size=389.90GB
     partitions: 1824/1824 rows=8.64G
     columns: all
   extrapolated-rows=disabled max-scan-range-rows=390.22M est-scan-range=374(filtered from 1824)
   mem-estimate=16.00MB mem-reservation=8.00MB thread-reservation=0
   tuple-ids=14 row-size=16B cardinality=1.77G(filtered from 8.64G) cost=407077367
   in pipelines: 12(GETNEXT)
---- PARALLELPLANS
Max Per-Host Resource Reservation: Memory=5.61GB Threads=199
Per-Host Resource Estimates: Memory=113.04GB
F21:PLAN FRAGMENT [UNPARTITIONED] hosts=1 instances=1
|  Per-Instance Resources: mem-estimate=4.38MB mem-reservation=4.00MB thread-reservation=1
|  max-parallelism=1 segment-costs=[440] cpu-comparison-result=850 [max(1 (self) vs 850 (sum children))]
PLAN-ROOT SINK
|  output exprs: tpcds_partitioned_parquet_snap.customer.c_customer_id, tpcds_partitioned_parquet_snap.customer.c_first_name, tpcds_partitioned_parquet_snap.customer.c_last_name, tpcds_partitioned_parquet_snap.customer.c_login
|  mem-estimate=4.00MB mem-reservation=4.00MB spill-buffer=2.00MB thread-reservation=0 cost=400
|
52:MERGING-EXCHANGE [UNPARTITIONED]
|  order by: tpcds_partitioned_parquet_snap.customer.c_customer_id ASC NULLS LAST, tpcds_partitioned_parquet_snap.customer.c_first_name ASC NULLS LAST, tpcds_partitioned_parquet_snap.customer.c_last_name ASC NULLS LAST, tpcds_partitioned_parquet_snap.customer.c_login ASC NULLS LAST
|  limit: 100
|  mem-estimate=391.22KB mem-reservation=0B thread-reservation=0
|  tuple-ids=28 row-size=76B cardinality=100 cost=40
|  in pipelines: 27(GETNEXT)
|
F10:PLAN FRAGMENT [HASH(tpcds_partitioned_parquet_snap.customer_1.c_customer_id)] hosts=10 instances=50 (adjusted from 120)
Per-Instance Resources: mem-estimate=29.83MB mem-reservation=0B thread-reservation=1
max-parallelism=70 segment-costs=[634648230, 230] cpu-comparison-result=850 [max(50 (self) vs 850 (sum children))]
27:TOP-N [LIMIT=100]
|  order by: tpcds_partitioned_parquet_snap.customer.c_customer_id ASC NULLS LAST, tpcds_partitioned_parquet_snap.customer.c_first_name ASC NULLS LAST, tpcds_partitioned_parquet_snap.customer.c_last_name ASC NULLS LAST, tpcds_partitioned_parquet_snap.customer.c_login ASC NULLS LAST
|  mem-estimate=7.42KB mem-reservation=0B thread-reservation=0
|  tuple-ids=28 row-size=76B cardinality=100 cost=420117698
|  in pipelines: 27(GETNEXT), 32(OPEN)
|
26:HASH JOIN [INNER JOIN, PARTITIONED]
|  hash-table-id=00
|  hash predicates: tpcds_partitioned_parquet_snap.customer_1.c_customer_id = tpcds_partitioned_parquet_snap.customer_2.c_customer_id
|  fk/pk conjuncts: tpcds_partitioned_parquet_snap.customer_1.c_customer_id = tpcds_partitioned_parquet_snap.customer_2.c_customer_id
|  other join predicates: CASE WHEN sum(subtract(tpcds_partitioned_parquet_snap.web_sales_0.ws_ext_list_price, tpcds_partitioned_parquet_snap.web_sales_0.ws_ext_discount_amt)) > CAST(0 AS DECIMAL(3,0)) THEN divide(sum(subtract(tpcds_partitioned_parquet_snap.web_sales.ws_ext_list_price, tpcds_partitioned_parquet_snap.web_sales.ws_ext_discount_amt)), sum(subtract(tpcds_partitioned_parquet_snap.web_sales_0.ws_ext_list_price, tpcds_partitioned_parquet_snap.web_sales_0.ws_ext_discount_amt))) ELSE CAST(0 AS DECIMAL(38,6)) END > CASE WHEN sum(subtract(tpcds_partitioned_parquet_snap.store_sales_0.ss_ext_list_price, tpcds_partitioned_parquet_snap.store_sales_0.ss_ext_discount_amt)) > CAST(0 AS DECIMAL(3,0)) THEN divide(sum(subtract(tpcds_partitioned_parquet_snap.store_sales.ss_ext_list_price, tpcds_partitioned_parquet_snap.store_sales.ss_ext_discount_amt)), sum(subtract(tpcds_partitioned_parquet_snap.store_sales_0.ss_ext_list_price, tpcds_partitioned_parquet_snap.store_sales_0.ss_ext_discount_amt))) ELSE CAST(0 AS DECIMAL(38,6)) END
|  mem-estimate=0B mem-reservation=0B spill-buffer=2.00MB thread-reservation=0
|  tuple-ids=20,13,6,27 row-size=661B cardinality=30.00M cost=13131000
|  in pipelines: 32(GETNEXT), 50(OPEN)
|
|--F22:PLAN FRAGMENT [HASH(tpcds_partitioned_parquet_snap.customer_1.c_customer_id)] hosts=10 instances=50 (adjusted from 120)
|  |  Per-Instance Resources: mem-estimate=192.47MB mem-reservation=50.00MB thread-reservation=1 runtime-filters-memory=16.00MB
|  |  max-parallelism=70 segment-costs=[76042402] cpu-comparison-result=240 [max(50 (self) vs 240 (sum children))]
|  JOIN BUILD
|  |  join-table-id=00 plan-id=01 cohort-id=01
|  |  build expressions: tpcds_partitioned_parquet_snap.customer_2.c_customer_id
|  |  runtime filters: RF000[bloom] <- tpcds_partitioned_parquet_snap.customer_2.c_customer_id, RF001[min_max] <- tpcds_partitioned_parquet_snap.customer_2.c_customer_id
|  |  mem-estimate=146.65MB mem-reservation=34.00MB spill-buffer=2.00MB thread-reservation=0 cost=40647578
|  |
|  51:EXCHANGE [HASH(tpcds_partitioned_parquet_snap.customer_2.c_customer_id)]
|  |  mem-estimate=29.82MB mem-reservation=0B thread-reservation=0
|  |  tuple-ids=27 row-size=165B cardinality=40.65M cost=35394824
|  |  in pipelines: 50(GETNEXT)
|  |
|  F20:PLAN FRAGMENT [HASH(tpcds_partitioned_parquet_snap.customer_2.c_customer_id,tpcds_partitioned_parquet_snap.customer_2.c_first_name,tpcds_partitioned_parquet_snap.customer_2.c_last_name,tpcds_partitioned_parquet_snap.customer_2.c_preferred_cust_flag,tpcds_partitioned_parquet_snap.customer_2.c_birth_country,tpcds_partitioned_parquet_snap.customer_2.c_login,tpcds_partitioned_parquet_snap.customer_2.c_email_address)] hosts=10 instances=120
|  Per-Instance Resources: mem-estimate=605.29MB mem-reservation=34.00MB thread-reservation=1
|  max-parallelism=280 segment-costs=[2753212168, 453245929] cpu-comparison-result=240 [max(120 (self) vs 240 (sum children))]
|  50:AGGREGATE [FINALIZE]
|  |  output: sum:merge(subtract(tpcds_partitioned_parquet_snap.web_sales_0.ws_ext_list_price, tpcds_partitioned_parquet_snap.web_sales_0.ws_ext_discount_amt))
|  |  group by: tpcds_partitioned_parquet_snap.customer_2.c_customer_id, tpcds_partitioned_parquet_snap.customer_2.c_first_name, tpcds_partitioned_parquet_snap.customer_2.c_last_name, tpcds_partitioned_parquet_snap.customer_2.c_preferred_cust_flag, tpcds_partitioned_parquet_snap.customer_2.c_birth_country, tpcds_partitioned_parquet_snap.customer_2.c_login, tpcds_partitioned_parquet_snap.customer_2.c_email_address
|  |  having: sum(subtract(tpcds_partitioned_parquet_snap.web_sales_0.ws_ext_list_price, tpcds_partitioned_parquet_snap.web_sales_0.ws_ext_discount_amt)) > CAST(0 AS DECIMAL(3,0))
|  |  mem-estimate=572.25MB mem-reservation=34.00MB spill-buffer=2.00MB thread-reservation=0
|  |  tuple-ids=27 row-size=165B cardinality=40.65M cost=2399263927
|  |  in pipelines: 50(GETNEXT), 20(OPEN)
|  |
|  49:EXCHANGE [HASH(tpcds_partitioned_parquet_snap.customer_2.c_customer_id,tpcds_partitioned_parquet_snap.customer_2.c_first_name,tpcds_partitioned_parquet_snap.customer_2.c_last_name,tpcds_partitioned_parquet_snap.customer_2.c_preferred_cust_flag,tpcds_partitioned_parquet_snap.customer_2.c_birth_country,tpcds_partitioned_parquet_snap.customer_2.c_login,tpcds_partitioned_parquet_snap.customer_2.c_email_address)]
|  |  mem-estimate=29.82MB mem-reservation=0B thread-reservation=0
|  |  tuple-ids=27 row-size=165B cardinality=406.48M cost=353948241
|  |  in pipelines: 20(GETNEXT)
|  |
|  F19:PLAN FRAGMENT [HASH(tpcds_partitioned_parquet_snap.web_sales_0.ws_bill_customer_sk)] hosts=10 instances=120
|  Per-Instance Resources: mem-estimate=522.22MB mem-reservation=34.00MB thread-reservation=1
|  max-parallelism=460 segment-costs=[2700306544, 4532459269] cpu-comparison-result=240 [max(240 (self) vs 141 (sum children))]
|  25:AGGREGATE [STREAMING]
|  |  output: sum(subtract(tpcds_partitioned_parquet_snap.web_sales_0.ws_ext_list_price, tpcds_partitioned_parquet_snap.web_sales_0.ws_ext_discount_amt))
|  |  group by: tpcds_partitioned_parquet_snap.customer_2.c_customer_id, tpcds_partitioned_parquet_snap.customer_2.c_first_name, tpcds_partitioned_parquet_snap.customer_2.c_last_name, tpcds_partitioned_parquet_snap.customer_2.c_preferred_cust_flag, tpcds_partitioned_parquet_snap.customer_2.c_birth_country, tpcds_partitioned_parquet_snap.customer_2.c_login, tpcds_partitioned_parquet_snap.customer_2.c_email_address
|  |  mem-estimate=429.19MB mem-reservation=34.00MB spill-buffer=2.00MB thread-reservation=0
|  |  tuple-ids=27 row-size=165B cardinality=406.48M cost=2399263927
|  |  in pipelines: 20(GETNEXT)
|  |
|  24:HASH JOIN [INNER JOIN, PARTITIONED]
|  |  hash-table-id=01
|  |  hash predicates: tpcds_partitioned_parquet_snap.web_sales_0.ws_bill_customer_sk = tpcds_partitioned_parquet_snap.customer_2.c_customer_sk
|  |  fk/pk conjuncts: tpcds_partitioned_parquet_snap.web_sales_0.ws_bill_customer_sk = tpcds_partitioned_parquet_snap.customer_2.c_customer_sk
|  |  mem-estimate=0B mem-reservation=0B spill-buffer=2.00MB thread-reservation=0
|  |  tuple-ids=21,23,25 row-size=177B cardinality=406.48M cost=186950480
|  |  in pipelines: 20(GETNEXT), 23(OPEN)
|  |
|  |--F23:PLAN FRAGMENT [HASH(tpcds_partitioned_parquet_snap.web_sales_0.ws_bill_customer_sk)] hosts=10 instances=120
|  |  |  Per-Instance Resources: mem-estimate=70.45MB mem-reservation=50.00MB thread-reservation=1 runtime-filters-memory=16.00MB
|  |  |  max-parallelism=460 segment-costs=[54467197]
|  |  JOIN BUILD
|  |  |  join-table-id=01 plan-id=02 cohort-id=02
|  |  |  build expressions: tpcds_partitioned_parquet_snap.customer_2.c_customer_sk
|  |  |  runtime filters: RF018[bloom] <- tpcds_partitioned_parquet_snap.customer_2.c_customer_sk, RF019[min_max] <- tpcds_partitioned_parquet_snap.customer_2.c_customer_sk
|  |  |  mem-estimate=42.91MB mem-reservation=34.00MB spill-buffer=2.00MB thread-reservation=0 cost=30000000
|  |  |
|  |  48:EXCHANGE [HASH(tpcds_partitioned_parquet_snap.customer_2.c_customer_sk)]
|  |  |  mem-estimate=11.53MB mem-reservation=0B thread-reservation=0
|  |  |  tuple-ids=25 row-size=153B cardinality=30.00M cost=24467197
|  |  |  in pipelines: 23(GETNEXT)
|  |  |
|  |  F18:PLAN FRAGMENT [RANDOM] hosts=10 instances=10
|  |  Per-Instance Resources: mem-estimate=89.66MB mem-reservation=1.00MB thread-reservation=1
|  |  max-parallelism=10 segment-costs=[341205999]
|  |  23:SCAN HDFS [tpcds_partitioned_parquet_snap.customer, RANDOM]
|  |     HDFS partitions=1/1 files=1 size=1.55GB
|  |     stored statistics:
|  |       table: rows=30.00M size=1.55GB
|  |       columns: all
|  |     extrapolated-rows=disabled max-scan-range-rows=3.10M
|  |     mem-estimate=16.00MB mem-reservation=1.00MB thread-reservation=0
|  |     tuple-ids=25 row-size=153B cardinality=30.00M cost=29871228
|  |     in pipelines: 23(GETNEXT)
|  |
|  47:EXCHANGE [HASH(tpcds_partitioned_parquet_snap.web_sales_0.ws_bill_customer_sk)]
|  |  mem-estimate=13.75MB mem-reservation=0B thread-reservation=0
|  |  tuple-ids=21,23 row-size=24B cardinality=441.70M cost=114092137
|  |  in pipelines: 20(GETNEXT)
|  |
|  F16:PLAN FRAGMENT [RANDOM] hosts=10 instances=120
|  Per-Host Shared Resources: mem-estimate=17.00MB mem-reservation=17.00MB thread-reservation=0 runtime-filters-memory=17.00MB
|  Per-Instance Resources: mem-estimate=31.00MB mem-reservation=128.00KB thread-reservation=1
|  max-parallelism=150 segment-costs=[1432931868]
|  22:HASH JOIN [INNER JOIN, BROADCAST]
|  |  hash-table-id=02
|  |  hash predicates: tpcds_partitioned_parquet_snap.web_sales_0.ws_sold_date_sk = tpcds_partitioned_parquet_snap.date_dim_2.d_date_sk
|  |  fk/pk conjuncts: tpcds_partitioned_parquet_snap.web_sales_0.ws_sold_date_sk = tpcds_partitioned_parquet_snap.date_dim_2.d_date_sk
|  |  mem-estimate=0B mem-reservation=0B spill-buffer=64.00KB thread-reservation=0
|  |  tuple-ids=21,23 row-size=24B cardinality=441.70M cost=193333830
|  |  in pipelines: 20(GETNEXT), 21(OPEN)
|  |
|  |--F24:PLAN FRAGMENT [RANDOM] hosts=10 instances=10
|  |  |  Per-Instance Resources: mem-estimate=24.27MB mem-reservation=24.25MB thread-reservation=1 runtime-filters-memory=1.00MB
|  |  |  max-parallelism=10 segment-costs=[863]
|  |  JOIN BUILD
|  |  |  join-table-id=02 plan-id=03 cohort-id=02
|  |  |  build expressions: tpcds_partitioned_parquet_snap.date_dim_2.d_date_sk
|  |  |  runtime filters: RF020[bloom] <- tpcds_partitioned_parquet_snap.date_dim_2.d_date_sk
|  |  |  mem-estimate=23.25MB mem-reservation=23.25MB spill-buffer=64.00KB thread-reservation=0 cost=373
|  |  |
|  |  46:EXCHANGE [BROADCAST]
|  |  |  mem-estimate=16.00KB mem-reservation=0B thread-reservation=0
|  |  |  tuple-ids=23 row-size=8B cardinality=373 cost=490
|  |  |  in pipelines: 21(GETNEXT)
|  |  |
|  |  F17:PLAN FRAGMENT [RANDOM] hosts=1 instances=1
|  |  Per-Instance Resources: mem-estimate=16.05MB mem-reservation=512.00KB thread-reservation=1
|  |  max-parallelism=1 segment-costs=[10483]
|  |  21:SCAN HDFS [tpcds_partitioned_parquet_snap.date_dim, RANDOM]
|  |     HDFS partitions=1/1 files=1 size=2.17MB
|  |     predicates: tpcds_partitioned_parquet_snap.date_dim_2.d_year = CAST(1998 AS INT)
|  |     stored statistics:
|  |       table: rows=73.05K size=2.17MB
|  |       columns: all
|  |     extrapolated-rows=disabled max-scan-range-rows=73.05K
|  |     parquet statistics predicates: tpcds_partitioned_parquet_snap.date_dim_2.d_year = CAST(1998 AS INT)
|  |     parquet dictionary predicates: tpcds_partitioned_parquet_snap.date_dim_2.d_year = CAST(1998 AS INT)
|  |     mem-estimate=16.00MB mem-reservation=512.00KB thread-reservation=0
|  |     tuple-ids=23 row-size=8B cardinality=373 cost=10467
|  |     in pipelines: 21(GETNEXT)
|  |
|  20:SCAN HDFS [tpcds_partitioned_parquet_snap.web_sales, RANDOM]
|     HDFS partitions=1824/1824 files=1824 size=145.75GB
|     runtime filters: RF019[min_max] -> tpcds_partitioned_parquet_snap.web_sales_0.ws_bill_customer_sk, RF020[bloom] -> tpcds_partitioned_parquet_snap.web_sales_0.ws_sold_date_sk, RF018[bloom] -> tpcds_partitioned_parquet_snap.web_sales_0.ws_bill_customer_sk
|     stored statistics:
|       table: rows=2.16G size=145.75GB
|       partitions: 1824/1824 rows=2.16G
|       columns: all
|     extrapolated-rows=disabled max-scan-range-rows=3.37M est-scan-range=374(filtered from 1824)
|     mem-estimate=16.00MB mem-reservation=128.00KB thread-reservation=0
|     tuple-ids=21 row-size=16B cardinality=441.70M(filtered from 2.16G) cost=101768596
|     in pipelines: 20(GETNEXT)
|
19:HASH JOIN [INNER JOIN, PARTITIONED]
|  hash-table-id=03
|  hash predicates: tpcds_partitioned_parquet_snap.customer_1.c_customer_id = tpcds_partitioned_parquet_snap.customer.c_customer_id
|  fk/pk conjuncts: tpcds_partitioned_parquet_snap.customer_1.c_customer_id = tpcds_partitioned_parquet_snap.customer.c_customer_id
|  mem-estimate=0B mem-reservation=0B spill-buffer=2.00MB thread-reservation=0
|  tuple-ids=20,13,6 row-size=495B cardinality=30.00M cost=13131000
|  in pipelines: 32(GETNEXT), 44(OPEN)
|
|--F25:PLAN FRAGMENT [HASH(tpcds_partitioned_parquet_snap.customer_1.c_customer_id)] hosts=10 instances=50 (adjusted from 120)
|  |  Per-Instance Resources: mem-estimate=139.68MB mem-reservation=34.00MB thread-reservation=1
|  |  max-parallelism=70 segment-costs=[56123197] cpu-comparison-result=240 [max(50 (self) vs 240 (sum children))]
|  JOIN BUILD
|  |  join-table-id=03 plan-id=04 cohort-id=01
|  |  build expressions: tpcds_partitioned_parquet_snap.customer.c_customer_id
|  |  runtime filters: RF003[min_max] <- tpcds_partitioned_parquet_snap.customer.c_customer_id
|  |  mem-estimate=109.86MB mem-reservation=34.00MB spill-buffer=2.00MB thread-reservation=0 cost=30000000
|  |
|  45:EXCHANGE [HASH(tpcds_partitioned_parquet_snap.customer.c_customer_id)]
|  |  mem-estimate=29.82MB mem-reservation=0B thread-reservation=0
|  |  tuple-ids=6 row-size=165B cardinality=30.00M cost=26123197
|  |  in pipelines: 44(GETNEXT)
|  |
|  F15:PLAN FRAGMENT [HASH(tpcds_partitioned_parquet_snap.customer.c_customer_id,tpcds_partitioned_parquet_snap.customer.c_first_name,tpcds_partitioned_parquet_snap.customer.c_last_name,tpcds_partitioned_parquet_snap.customer.c_preferred_cust_flag,tpcds_partitioned_parquet_snap.customer.c_birth_country,tpcds_partitioned_parquet_snap.customer.c_login,tpcds_partitioned_parquet_snap.customer.c_email_address)] hosts=10 instances=120
|  Per-Instance Resources: mem-estimate=1.83GB mem-reservation=34.00MB thread-reservation=1
|  max-parallelism=310 segment-costs=[3067099075, 334518771] cpu-comparison-result=240 [max(120 (self) vs 240 (sum children))]
|  44:AGGREGATE [FINALIZE]
|  |  output: sum:merge(subtract(tpcds_partitioned_parquet_snap.store_sales.ss_ext_list_price, tpcds_partitioned_parquet_snap.store_sales.ss_ext_discount_amt))
|  |  group by: tpcds_partitioned_parquet_snap.customer.c_customer_id, tpcds_partitioned_parquet_snap.customer.c_first_name, tpcds_partitioned_parquet_snap.customer.c_last_name, tpcds_partitioned_parquet_snap.customer.c_preferred_cust_flag, tpcds_partitioned_parquet_snap.customer.c_birth_country, tpcds_partitioned_parquet_snap.customer.c_login, tpcds_partitioned_parquet_snap.customer.c_email_address
|  |  mem-estimate=1.80GB mem-reservation=34.00MB spill-buffer=2.00MB thread-reservation=0
|  |  tuple-ids=6 row-size=165B cardinality=30.00M cost=1930086569
|  |  in pipelines: 44(GETNEXT), 00(OPEN)
|  |
|  43:EXCHANGE [HASH(tpcds_partitioned_parquet_snap.customer.c_customer_id,tpcds_partitioned_parquet_snap.customer.c_first_name,tpcds_partitioned_parquet_snap.customer.c_last_name,tpcds_partitioned_parquet_snap.customer.c_preferred_cust_flag,tpcds_partitioned_parquet_snap.customer.c_birth_country,tpcds_partitioned_parquet_snap.customer.c_login,tpcds_partitioned_parquet_snap.customer.c_email_address)]
|  |  mem-estimate=29.82MB mem-reservation=0B thread-reservation=0
|  |  tuple-ids=6 row-size=165B cardinality=1.31G cost=1137012506
|  |  in pipelines: 00(GETNEXT)
|  |
|  F14:PLAN FRAGMENT [HASH(tpcds_partitioned_parquet_snap.store_sales.ss_customer_sk)] hosts=10 instances=120
|  Per-Instance Resources: mem-estimate=1.76GB mem-reservation=34.00MB thread-reservation=1
|  max-parallelism=1460 segment-costs=[9345196195, 14559933564] cpu-comparison-result=240 [max(240 (self) vs 141 (sum children))]
|  05:AGGREGATE [STREAMING]
|  |  output: sum(subtract(tpcds_partitioned_parquet_snap.store_sales.ss_ext_list_price, tpcds_partitioned_parquet_snap.store_sales.ss_ext_discount_amt))
|  |  group by: tpcds_partitioned_parquet_snap.customer.c_customer_id, tpcds_partitioned_parquet_snap.customer.c_first_name, tpcds_partitioned_parquet_snap.customer.c_last_name, tpcds_partitioned_parquet_snap.customer.c_preferred_cust_flag, tpcds_partitioned_parquet_snap.customer.c_birth_country, tpcds_partitioned_parquet_snap.customer.c_login, tpcds_partitioned_parquet_snap.customer.c_email_address
|  |  mem-estimate=1.67GB mem-reservation=34.00MB spill-buffer=2.00MB thread-reservation=0
|  |  tuple-ids=6 row-size=165B cardinality=1.31G cost=8141744291
|  |  in pipelines: 00(GETNEXT)
|  |
|  04:HASH JOIN [INNER JOIN, PARTITIONED]
|  |  hash-table-id=04
|  |  hash predicates: tpcds_partitioned_parquet_snap.store_sales.ss_customer_sk = tpcds_partitioned_parquet_snap.customer.c_customer_sk
|  |  fk/pk conjuncts: tpcds_partitioned_parquet_snap.store_sales.ss_customer_sk = tpcds_partitioned_parquet_snap.customer.c_customer_sk
|  |  mem-estimate=0B mem-reservation=0B spill-buffer=2.00MB thread-reservation=0
|  |  tuple-ids=0,2,4 row-size=177B cardinality=1.62G cost=747080012
|  |  in pipelines: 00(GETNEXT), 03(OPEN)
|  |
|  |--F26:PLAN FRAGMENT [HASH(tpcds_partitioned_parquet_snap.store_sales.ss_customer_sk)] hosts=10 instances=120
|  |  |  Per-Instance Resources: mem-estimate=70.45MB mem-reservation=50.00MB thread-reservation=1 runtime-filters-memory=16.00MB
|  |  |  max-parallelism=1460 segment-costs=[54467197]
|  |  JOIN BUILD
|  |  |  join-table-id=04 plan-id=05 cohort-id=03
|  |  |  build expressions: tpcds_partitioned_parquet_snap.customer.c_customer_sk
|  |  |  runtime filters: RF014[bloom] <- tpcds_partitioned_parquet_snap.customer.c_customer_sk, RF015[min_max] <- tpcds_partitioned_parquet_snap.customer.c_customer_sk
|  |  |  mem-estimate=42.91MB mem-reservation=34.00MB spill-buffer=2.00MB thread-reservation=0 cost=30000000
|  |  |
|  |  42:EXCHANGE [HASH(tpcds_partitioned_parquet_snap.customer.c_customer_sk)]
|  |  |  mem-estimate=11.53MB mem-reservation=0B thread-reservation=0
|  |  |  tuple-ids=4 row-size=153B cardinality=30.00M cost=24467197
|  |  |  in pipelines: 03(GETNEXT)
|  |  |
|  |  F13:PLAN FRAGMENT [RANDOM] hosts=10 instances=10
|  |  Per-Host Shared Resources: mem-estimate=16.00MB mem-reservation=16.00MB thread-reservation=0 runtime-filters-memory=16.00MB
|  |  Per-Instance Resources: mem-estimate=89.66MB mem-reservation=1.00MB thread-reservation=1
|  |  max-parallelism=10 segment-costs=[341205999]
|  |  03:SCAN HDFS [tpcds_partitioned_parquet_snap.customer, RANDOM]
|  |     HDFS partitions=1/1 files=1 size=1.55GB
|  |     runtime filters: RF001[min_max] -> tpcds_partitioned_parquet_snap.customer.c_customer_id, RF000[bloom] -> tpcds_partitioned_parquet_snap.customer.c_customer_id
|  |     stored statistics:
|  |       table: rows=30.00M size=1.55GB
|  |       columns: all
|  |     extrapolated-rows=disabled max-scan-range-rows=3.10M
|  |     mem-estimate=16.00MB mem-reservation=1.00MB thread-reservation=0
|  |     tuple-ids=4 row-size=153B cardinality=30.00M cost=29871228
|  |     in pipelines: 03(GETNEXT)
|  |
|  41:EXCHANGE [HASH(tpcds_partitioned_parquet_snap.store_sales.ss_customer_sk)]
|  |  mem-estimate=13.75MB mem-reservation=0B thread-reservation=0
|  |  tuple-ids=0,2 row-size=24B cardinality=1.77G cost=456371892
|  |  in pipelines: 00(GETNEXT)
|  |
|  F11:PLAN FRAGMENT [RANDOM] hosts=10 instances=120
|  Per-Host Shared Resources: mem-estimate=17.00MB mem-reservation=17.00MB thread-reservation=0 runtime-filters-memory=17.00MB
|  Per-Instance Resources: mem-estimate=31.00MB mem-reservation=8.00MB thread-reservation=1
|  max-parallelism=374 segment-costs=[5731769480]
|  02:HASH JOIN [INNER JOIN, BROADCAST]
|  |  hash-table-id=05
|  |  hash predicates: tpcds_partitioned_parquet_snap.store_sales.ss_sold_date_sk = tpcds_partitioned_parquet_snap.date_dim.d_date_sk
|  |  fk/pk conjuncts: tpcds_partitioned_parquet_snap.store_sales.ss_sold_date_sk = tpcds_partitioned_parquet_snap.date_dim.d_date_sk
|  |  mem-estimate=0B mem-reservation=0B spill-buffer=64.00KB thread-reservation=0
|  |  tuple-ids=0,2 row-size=24B cardinality=1.77G cost=773340988
|  |  in pipelines: 00(GETNEXT), 01(OPEN)
|  |
|  |--F27:PLAN FRAGMENT [RANDOM] hosts=10 instances=10
|  |  |  Per-Instance Resources: mem-estimate=24.27MB mem-reservation=24.25MB thread-reservation=1 runtime-filters-memory=1.00MB
|  |  |  max-parallelism=10 segment-costs=[863]
|  |  JOIN BUILD
|  |  |  join-table-id=05 plan-id=06 cohort-id=03
|  |  |  build expressions: tpcds_partitioned_parquet_snap.date_dim.d_date_sk
|  |  |  runtime filters: RF016[bloom] <- tpcds_partitioned_parquet_snap.date_dim.d_date_sk
|  |  |  mem-estimate=23.25MB mem-reservation=23.25MB spill-buffer=64.00KB thread-reservation=0 cost=373
|  |  |
|  |  40:EXCHANGE [BROADCAST]
|  |  |  mem-estimate=16.00KB mem-reservation=0B thread-reservation=0
|  |  |  tuple-ids=2 row-size=8B cardinality=373 cost=490
|  |  |  in pipelines: 01(GETNEXT)
|  |  |
|  |  F12:PLAN FRAGMENT [RANDOM] hosts=1 instances=1
|  |  Per-Instance Resources: mem-estimate=16.05MB mem-reservation=512.00KB thread-reservation=1
|  |  max-parallelism=1 segment-costs=[10483]
|  |  01:SCAN HDFS [tpcds_partitioned_parquet_snap.date_dim, RANDOM]
|  |     HDFS partitions=1/1 files=1 size=2.17MB
|  |     predicates: tpcds_partitioned_parquet_snap.date_dim.d_year = add(CAST(1998 AS INT), CAST(1 AS INT))
|  |     stored statistics:
|  |       table: rows=73.05K size=2.17MB
|  |       columns: all
|  |     extrapolated-rows=disabled max-scan-range-rows=73.05K
|  |     parquet statistics predicates: tpcds_partitioned_parquet_snap.date_dim.d_year = add(CAST(1998 AS INT), CAST(1 AS INT))
|  |     parquet dictionary predicates: tpcds_partitioned_parquet_snap.date_dim.d_year = add(CAST(1998 AS INT), CAST(1 AS INT))
|  |     mem-estimate=16.00MB mem-reservation=512.00KB thread-reservation=0
|  |     tuple-ids=2 row-size=8B cardinality=373 cost=10467
|  |     in pipelines: 01(GETNEXT)
|  |
|  00:SCAN HDFS [tpcds_partitioned_parquet_snap.store_sales, RANDOM]
|     HDFS partitions=1824/1824 files=1824 size=389.90GB
|     runtime filters: RF015[min_max] -> tpcds_partitioned_parquet_snap.store_sales.ss_customer_sk, RF016[bloom] -> tpcds_partitioned_parquet_snap.store_sales.ss_sold_date_sk, RF014[bloom] -> tpcds_partitioned_parquet_snap.store_sales.ss_customer_sk
|     stored statistics:
|       table: rows=8.64G size=389.90GB
|       partitions: 1824/1824 rows=8.64G
|       columns: all
|     extrapolated-rows=disabled max-scan-range-rows=390.22M est-scan-range=374(filtered from 1824)
|     mem-estimate=16.00MB mem-reservation=8.00MB thread-reservation=0
|     tuple-ids=0 row-size=16B cardinality=1.77G(filtered from 8.64G) cost=407077367
|     in pipelines: 00(GETNEXT)
|
18:HASH JOIN [INNER JOIN, PARTITIONED]
|  hash-table-id=06
|  hash predicates: tpcds_partitioned_parquet_snap.customer_1.c_customer_id = tpcds_partitioned_parquet_snap.customer_0.c_customer_id
|  fk/pk conjuncts: tpcds_partitioned_parquet_snap.customer_1.c_customer_id = tpcds_partitioned_parquet_snap.customer_0.c_customer_id
|  mem-estimate=0B mem-reservation=0B spill-buffer=2.00MB thread-reservation=0
|  tuple-ids=20,13 row-size=330B cardinality=30.00M cost=47037753
|  in pipelines: 32(GETNEXT), 37(OPEN)
|
|--F28:PLAN FRAGMENT [HASH(tpcds_partitioned_parquet_snap.customer_1.c_customer_id)] hosts=10 instances=50 (adjusted from 120)
|  |  Per-Instance Resources: mem-estimate=142.46MB mem-reservation=50.00MB thread-reservation=1 runtime-filters-memory=16.00MB
|  |  max-parallelism=70 segment-costs=[56123197] cpu-comparison-result=130 [max(50 (self) vs 130 (sum children))]
|  JOIN BUILD
|  |  join-table-id=06 plan-id=07 cohort-id=01
|  |  build expressions: tpcds_partitioned_parquet_snap.customer_0.c_customer_id
|  |  runtime filters: RF004[bloom] <- tpcds_partitioned_parquet_snap.customer_0.c_customer_id, RF005[min_max] <- tpcds_partitioned_parquet_snap.customer_0.c_customer_id
|  |  mem-estimate=109.86MB mem-reservation=34.00MB spill-buffer=2.00MB thread-reservation=0 cost=30000000
|  |
|  39:EXCHANGE [HASH(tpcds_partitioned_parquet_snap.customer_0.c_customer_id)]
|  |  mem-estimate=16.61MB mem-reservation=0B thread-reservation=0
|  |  tuple-ids=13 row-size=165B cardinality=30.00M cost=26123197
|  |  in pipelines: 37(GETNEXT)
|  |
|  F09:PLAN FRAGMENT [HASH(tpcds_partitioned_parquet_snap.customer_0.c_customer_id,tpcds_partitioned_parquet_snap.customer_0.c_first_name,tpcds_partitioned_parquet_snap.customer_0.c_last_name,tpcds_partitioned_parquet_snap.customer_0.c_preferred_cust_flag,tpcds_partitioned_parquet_snap.customer_0.c_birth_country,tpcds_partitioned_parquet_snap.customer_0.c_login,tpcds_partitioned_parquet_snap.customer_0.c_email_address)] hosts=10 instances=40 (adjusted from 120)
|  Per-Instance Resources: mem-estimate=203.75MB mem-reservation=34.00MB thread-reservation=1
|  max-parallelism=40 segment-costs=[226590531, 334518771] cpu-comparison-result=130 [max(40 (self) vs 130 (sum children))]
|  37:AGGREGATE [FINALIZE]
|  |  output: sum:merge(subtract(tpcds_partitioned_parquet_snap.web_sales.ws_ext_list_price, tpcds_partitioned_parquet_snap.web_sales.ws_ext_discount_amt))
|  |  group by: tpcds_partitioned_parquet_snap.customer_0.c_customer_id, tpcds_partitioned_parquet_snap.customer_0.c_first_name, tpcds_partitioned_parquet_snap.customer_0.c_last_name, tpcds_partitioned_parquet_snap.customer_0.c_preferred_cust_flag, tpcds_partitioned_parquet_snap.customer_0.c_birth_country, tpcds_partitioned_parquet_snap.customer_0.c_login, tpcds_partitioned_parquet_snap.customer_0.c_email_address
|  |  mem-estimate=170.71MB mem-reservation=34.00MB spill-buffer=2.00MB thread-reservation=0
|  |  tuple-ids=13 row-size=165B cardinality=30.00M cost=191394747
|  |  in pipelines: 37(GETNEXT), 06(OPEN)
|  |
|  36:EXCHANGE [HASH(tpcds_partitioned_parquet_snap.customer_0.c_customer_id,tpcds_partitioned_parquet_snap.customer_0.c_first_name,tpcds_partitioned_parquet_snap.customer_0.c_last_name,tpcds_partitioned_parquet_snap.customer_0.c_preferred_cust_flag,tpcds_partitioned_parquet_snap.customer_0.c_birth_country,tpcds_partitioned_parquet_snap.customer_0.c_login,tpcds_partitioned_parquet_snap.customer_0.c_email_address)]
|  |  mem-estimate=18.26MB mem-reservation=0B thread-reservation=0
|  |  tuple-ids=13 row-size=165B cardinality=40.42M cost=35195784
|  |  in pipelines: 06(GETNEXT)
|  |
|  F08:PLAN FRAGMENT [HASH(tpcds_partitioned_parquet_snap.web_sales.ws_bill_customer_sk)] hosts=10 instances=50 (adjusted from 120)
|  Per-Instance Resources: mem-estimate=141.93MB mem-reservation=34.00MB thread-reservation=1
|  max-parallelism=50 segment-costs=[348583375, 450697141] cpu-comparison-result=130 [max(130 (self) vs 71 (sum children))]
|  11:AGGREGATE [STREAMING]
|  |  output: sum(subtract(tpcds_partitioned_parquet_snap.web_sales.ws_ext_list_price, tpcds_partitioned_parquet_snap.web_sales.ws_ext_discount_amt))
|  |  group by: tpcds_partitioned_parquet_snap.customer_0.c_customer_id, tpcds_partitioned_parquet_snap.customer_0.c_first_name, tpcds_partitioned_parquet_snap.customer_0.c_last_name, tpcds_partitioned_parquet_snap.customer_0.c_preferred_cust_flag, tpcds_partitioned_parquet_snap.customer_0.c_birth_country, tpcds_partitioned_parquet_snap.customer_0.c_login, tpcds_partitioned_parquet_snap.customer_0.c_email_address
|  |  mem-estimate=103.01MB mem-reservation=34.00MB spill-buffer=2.00MB thread-reservation=0
|  |  tuple-ids=13 row-size=165B cardinality=40.42M cost=238891278
|  |  in pipelines: 06(GETNEXT)
|  |
|  10:HASH JOIN [INNER JOIN, PARTITIONED]
|  |  hash-table-id=07
|  |  hash predicates: tpcds_partitioned_parquet_snap.web_sales.ws_bill_customer_sk = tpcds_partitioned_parquet_snap.customer_0.c_customer_sk
|  |  fk/pk conjuncts: tpcds_partitioned_parquet_snap.web_sales.ws_bill_customer_sk = tpcds_partitioned_parquet_snap.customer_0.c_customer_sk
|  |  mem-estimate=0B mem-reservation=0B spill-buffer=1.00MB thread-reservation=0
|  |  tuple-ids=7,9,11 row-size=177B cardinality=40.65M cost=58349826
|  |  in pipelines: 06(GETNEXT), 09(OPEN)
|  |
|  |--F29:PLAN FRAGMENT [HASH(tpcds_partitioned_parquet_snap.web_sales.ws_bill_customer_sk)] hosts=10 instances=50 (adjusted from 120)
|  |  |  Per-Instance Resources: mem-estimate=32.53MB mem-reservation=21.00MB thread-reservation=1 runtime-filters-memory=4.00MB
|  |  |  max-parallelism=50 segment-costs=[5446719]
|  |  JOIN BUILD
|  |  |  join-table-id=07 plan-id=08 cohort-id=04
|  |  |  build expressions: tpcds_partitioned_parquet_snap.customer_0.c_customer_sk
|  |  |  runtime filters: RF010[bloom] <- tpcds_partitioned_parquet_snap.customer_0.c_customer_sk, RF011[min_max] <- tpcds_partitioned_parquet_snap.customer_0.c_customer_sk
|  |  |  mem-estimate=17.00MB mem-reservation=17.00MB spill-buffer=1.00MB thread-reservation=0 cost=3000000
|  |  |
|  |  35:EXCHANGE [HASH(tpcds_partitioned_parquet_snap.customer_0.c_customer_sk)]
|  |  |  mem-estimate=11.53MB mem-reservation=0B thread-reservation=0
|  |  |  tuple-ids=11 row-size=153B cardinality=3.00M cost=2446719
|  |  |  in pipelines: 09(GETNEXT)
|  |  |
|  |  F07:PLAN FRAGMENT [RANDOM] hosts=10 instances=10
|  |  Per-Host Shared Resources: mem-estimate=16.00MB mem-reservation=16.00MB thread-reservation=0 runtime-filters-memory=16.00MB
|  |  Per-Instance Resources: mem-estimate=46.69MB mem-reservation=1.00MB thread-reservation=1
|  |  max-parallelism=10 segment-costs=[61847705]
|  |  09:SCAN HDFS [tpcds_partitioned_parquet_snap.customer, RANDOM]
|  |     HDFS partitions=1/1 files=1 size=1.55GB
|  |     predicates: is_not_null_pred(tpcds_partitioned_parquet_snap.customer_0.c_customer_id)
|  |     runtime filters: RF001[min_max] -> tpcds_partitioned_parquet_snap.customer_0.c_customer_id, RF003[min_max] -> tpcds_partitioned_parquet_snap.customer_0.c_customer_id, RF000[bloom] -> tpcds_partitioned_parquet_snap.customer_0.c_customer_id
|  |     stored statistics:
|  |       table: rows=30.00M size=1.55GB
|  |       columns: all
|  |     extrapolated-rows=disabled max-scan-range-rows=3.10M
|  |     parquet dictionary predicates: is_not_null_pred(tpcds_partitioned_parquet_snap.customer_0.c_customer_id)
|  |     mem-estimate=16.00MB mem-reservation=1.00MB thread-reservation=0
|  |     tuple-ids=11 row-size=153B cardinality=3.00M cost=30714228
|  |     in pipelines: 09(GETNEXT)
|  |
|  34:EXCHANGE [HASH(tpcds_partitioned_parquet_snap.web_sales.ws_bill_customer_sk)]
|  |  mem-estimate=12.50MB mem-reservation=0B thread-reservation=0
|  |  tuple-ids=7,9 row-size=24B cardinality=198.77M(filtered from 441.70M) cost=51342271
|  |  in pipelines: 06(GETNEXT)
|  |
|  F05:PLAN FRAGMENT [RANDOM] hosts=10 instances=80 (adjusted from 120)
|  Per-Host Shared Resources: mem-estimate=5.00MB mem-reservation=5.00MB thread-reservation=0 runtime-filters-memory=5.00MB
|  Per-Instance Resources: mem-estimate=22.25MB mem-reservation=128.00KB thread-reservation=1
|  max-parallelism=80 segment-costs=[744821165]
|  08:HASH JOIN [INNER JOIN, BROADCAST]
|  |  hash-table-id=08
|  |  hash predicates: tpcds_partitioned_parquet_snap.web_sales.ws_sold_date_sk = tpcds_partitioned_parquet_snap.date_dim_0.d_date_sk
|  |  fk/pk conjuncts: tpcds_partitioned_parquet_snap.web_sales.ws_sold_date_sk = tpcds_partitioned_parquet_snap.date_dim_0.d_date_sk
|  |  mem-estimate=0B mem-reservation=0B spill-buffer=64.00KB thread-reservation=0
|  |  tuple-ids=7,9 row-size=24B cardinality=198.77M(filtered from 441.70M) cost=131021245
|  |  in pipelines: 06(GETNEXT), 07(OPEN)
|  |
|  |--F30:PLAN FRAGMENT [RANDOM] hosts=10 instances=10
|  |  |  Per-Instance Resources: mem-estimate=16.52MB mem-reservation=16.50MB thread-reservation=1 runtime-filters-memory=1.00MB
|  |  |  max-parallelism=10 segment-costs=[863]
|  |  JOIN BUILD
|  |  |  join-table-id=08 plan-id=09 cohort-id=04
|  |  |  build expressions: tpcds_partitioned_parquet_snap.date_dim_0.d_date_sk
|  |  |  runtime filters: RF012[bloom] <- tpcds_partitioned_parquet_snap.date_dim_0.d_date_sk
|  |  |  mem-estimate=15.50MB mem-reservation=15.50MB spill-buffer=64.00KB thread-reservation=0 cost=373
|  |  |
|  |  33:EXCHANGE [BROADCAST]
|  |  |  mem-estimate=16.00KB mem-reservation=0B thread-reservation=0
|  |  |  tuple-ids=9 row-size=8B cardinality=373 cost=490
|  |  |  in pipelines: 07(GETNEXT)
|  |  |
|  |  F06:PLAN FRAGMENT [RANDOM] hosts=1 instances=1
|  |  Per-Instance Resources: mem-estimate=16.05MB mem-reservation=512.00KB thread-reservation=1
|  |  max-parallelism=1 segment-costs=[10483]
|  |  07:SCAN HDFS [tpcds_partitioned_parquet_snap.date_dim, RANDOM]
|  |     HDFS partitions=1/1 files=1 size=2.17MB
|  |     predicates: tpcds_partitioned_parquet_snap.date_dim_0.d_year = add(CAST(1998 AS INT), CAST(1 AS INT))
|  |     stored statistics:
|  |       table: rows=73.05K size=2.17MB
|  |       columns: all
|  |     extrapolated-rows=disabled max-scan-range-rows=73.05K
|  |     parquet statistics predicates: tpcds_partitioned_parquet_snap.date_dim_0.d_year = add(CAST(1998 AS INT), CAST(1 AS INT))
|  |     parquet dictionary predicates: tpcds_partitioned_parquet_snap.date_dim_0.d_year = add(CAST(1998 AS INT), CAST(1 AS INT))
|  |     mem-estimate=16.00MB mem-reservation=512.00KB thread-reservation=0
|  |     tuple-ids=9 row-size=8B cardinality=373 cost=10467
|  |     in pipelines: 07(GETNEXT)
|  |
|  06:SCAN HDFS [tpcds_partitioned_parquet_snap.web_sales, RANDOM]
|     HDFS partitions=1824/1824 files=1824 size=145.75GB
|     runtime filters: RF011[min_max] -> tpcds_partitioned_parquet_snap.web_sales.ws_bill_customer_sk, RF010[bloom] -> tpcds_partitioned_parquet_snap.web_sales.ws_bill_customer_sk, RF012[bloom] -> tpcds_partitioned_parquet_snap.web_sales.ws_sold_date_sk
|     stored statistics:
|       table: rows=2.16G size=145.75GB
|       partitions: 1824/1824 rows=2.16G
|       columns: all
|     extrapolated-rows=disabled max-scan-range-rows=3.37M est-scan-range=374(filtered from 1824)
|     mem-estimate=16.00MB mem-reservation=128.00KB thread-reservation=0
|     tuple-ids=7 row-size=16B cardinality=198.77M(filtered from 2.16G) cost=101768596
|     in pipelines: 06(GETNEXT)
|
38:EXCHANGE [HASH(tpcds_partitioned_parquet_snap.customer_1.c_customer_id)]
|  mem-estimate=29.82MB mem-reservation=0B thread-reservation=0
|  tuple-ids=20 row-size=165B cardinality=162.19M cost=141230779
|  in pipelines: 32(GETNEXT)
|
F04:PLAN FRAGMENT [HASH(tpcds_partitioned_parquet_snap.customer_1.c_customer_id,tpcds_partitioned_parquet_snap.customer_1.c_first_name,tpcds_partitioned_parquet_snap.customer_1.c_last_name,tpcds_partitioned_parquet_snap.customer_1.c_preferred_cust_flag,tpcds_partitioned_parquet_snap.customer_1.c_birth_country,tpcds_partitioned_parquet_snap.customer_1.c_login,tpcds_partitioned_parquet_snap.customer_1.c_email_address)] hosts=10 instances=120
Per-Instance Resources: mem-estimate=2.26GB mem-reservation=34.00MB thread-reservation=1
max-parallelism=1100 segment-costs=[10985739011, 1808520801] cpu-comparison-result=240 [max(120 (self) vs 240 (sum children))]
32:AGGREGATE [FINALIZE]
|  output: sum:merge(subtract(tpcds_partitioned_parquet_snap.store_sales_0.ss_ext_list_price, tpcds_partitioned_parquet_snap.store_sales_0.ss_ext_discount_amt))
|  group by: tpcds_partitioned_parquet_snap.customer_1.c_customer_id, tpcds_partitioned_parquet_snap.customer_1.c_first_name, tpcds_partitioned_parquet_snap.customer_1.c_last_name, tpcds_partitioned_parquet_snap.customer_1.c_preferred_cust_flag, tpcds_partitioned_parquet_snap.customer_1.c_birth_country, tpcds_partitioned_parquet_snap.customer_1.c_login, tpcds_partitioned_parquet_snap.customer_1.c_email_address
|  having: sum(subtract(tpcds_partitioned_parquet_snap.store_sales_0.ss_ext_list_price, tpcds_partitioned_parquet_snap.store_sales_0.ss_ext_discount_amt)) > CAST(0 AS DECIMAL(3,0))
|  mem-estimate=2.23GB mem-reservation=34.00MB spill-buffer=2.00MB thread-reservation=0
|  tuple-ids=20 row-size=165B cardinality=162.19M cost=9573431219
|  in pipelines: 32(GETNEXT), 12(OPEN)
|
31:EXCHANGE [HASH(tpcds_partitioned_parquet_snap.customer_1.c_customer_id,tpcds_partitioned_parquet_snap.customer_1.c_first_name,tpcds_partitioned_parquet_snap.customer_1.c_last_name,tpcds_partitioned_parquet_snap.customer_1.c_preferred_cust_flag,tpcds_partitioned_parquet_snap.customer_1.c_birth_country,tpcds_partitioned_parquet_snap.customer_1.c_login,tpcds_partitioned_parquet_snap.customer_1.c_email_address)]
|  mem-estimate=29.82MB mem-reservation=0B thread-reservation=0
|  tuple-ids=20 row-size=165B cardinality=1.62G cost=1412307792
|  in pipelines: 12(GETNEXT)
|
F03:PLAN FRAGMENT [HASH(tpcds_partitioned_parquet_snap.store_sales_0.ss_customer_sk)] hosts=10 instances=120
Per-Instance Resources: mem-estimate=1.76GB mem-reservation=34.00MB thread-reservation=1
max-parallelism=1810 segment-costs=[10776883123, 18085207959] cpu-comparison-result=240 [max(240 (self) vs 141 (sum children))]
17:AGGREGATE [STREAMING]
|  output: sum(subtract(tpcds_partitioned_parquet_snap.store_sales_0.ss_ext_list_price, tpcds_partitioned_parquet_snap.store_sales_0.ss_ext_discount_amt))
|  group by: tpcds_partitioned_parquet_snap.customer_1.c_customer_id, tpcds_partitioned_parquet_snap.customer_1.c_first_name, tpcds_partitioned_parquet_snap.customer_1.c_last_name, tpcds_partitioned_parquet_snap.customer_1.c_preferred_cust_flag, tpcds_partitioned_parquet_snap.customer_1.c_birth_country, tpcds_partitioned_parquet_snap.customer_1.c_login, tpcds_partitioned_parquet_snap.customer_1.c_email_address
|  mem-estimate=1.67GB mem-reservation=34.00MB spill-buffer=2.00MB thread-reservation=0
|  tuple-ids=20 row-size=165B cardinality=1.62G cost=9573431219
|  in pipelines: 12(GETNEXT)
|
16:HASH JOIN [INNER JOIN, PARTITIONED]
|  hash-table-id=09
|  hash predicates: tpcds_partitioned_parquet_snap.store_sales_0.ss_customer_sk = tpcds_partitioned_parquet_snap.customer_1.c_customer_sk
|  fk/pk conjuncts: tpcds_partitioned_parquet_snap.store_sales_0.ss_customer_sk = tpcds_partitioned_parquet_snap.customer_1.c_customer_sk
|  mem-estimate=0B mem-reservation=0B spill-buffer=2.00MB thread-reservation=0
|  tuple-ids=14,16,18 row-size=177B cardinality=1.62G cost=747080012
|  in pipelines: 12(GETNEXT), 15(OPEN)
|
|--F31:PLAN FRAGMENT [HASH(tpcds_partitioned_parquet_snap.store_sales_0.ss_customer_sk)] hosts=10 instances=120
|  |  Per-Instance Resources: mem-estimate=70.45MB mem-reservation=50.00MB thread-reservation=1 runtime-filters-memory=16.00MB
|  |  max-parallelism=1810 segment-costs=[54467197]
|  JOIN BUILD
|  |  join-table-id=09 plan-id=10 cohort-id=01
|  |  build expressions: tpcds_partitioned_parquet_snap.customer_1.c_customer_sk
|  |  runtime filters: RF006[bloom] <- tpcds_partitioned_parquet_snap.customer_1.c_customer_sk, RF007[min_max] <- tpcds_partitioned_parquet_snap.customer_1.c_customer_sk
|  |  mem-estimate=42.91MB mem-reservation=34.00MB spill-buffer=2.00MB thread-reservation=0 cost=30000000
|  |
|  30:EXCHANGE [HASH(tpcds_partitioned_parquet_snap.customer_1.c_customer_sk)]
|  |  mem-estimate=11.53MB mem-reservation=0B thread-reservation=0
|  |  tuple-ids=18 row-size=153B cardinality=30.00M cost=24467197
|  |  in pipelines: 15(GETNEXT)
|  |
|  F02:PLAN FRAGMENT [RANDOM] hosts=10 instances=10
|  Per-Host Shared Resources: mem-estimate=32.00MB mem-reservation=32.00MB thread-reservation=0 runtime-filters-memory=32.00MB
|  Per-Instance Resources: mem-estimate=89.66MB mem-reservation=1.00MB thread-reservation=1
|  max-parallelism=10 segment-costs=[341205999]
|  15:SCAN HDFS [tpcds_partitioned_parquet_snap.customer, RANDOM]
|     HDFS partitions=1/1 files=1 size=1.55GB
|     runtime filters: RF005[min_max] -> tpcds_partitioned_parquet_snap.customer_1.c_customer_id, RF001[min_max] -> tpcds_partitioned_parquet_snap.customer_1.c_customer_id, RF003[min_max] -> tpcds_partitioned_parquet_snap.customer_1.c_customer_id, RF004[bloom] -> tpcds_partitioned_parquet_snap.customer_1.c_customer_id, RF000[bloom] -> tpcds_partitioned_parquet_snap.customer_1.c_customer_id
|     stored statistics:
|       table: rows=30.00M size=1.55GB
|       columns: all
|     extrapolated-rows=disabled max-scan-range-rows=3.10M
|     mem-estimate=16.00MB mem-reservation=1.00MB thread-reservation=0
|     tuple-ids=18 row-size=153B cardinality=30.00M cost=29871228
|     in pipelines: 15(GETNEXT)
|
29:EXCHANGE [HASH(tpcds_partitioned_parquet_snap.store_sales_0.ss_customer_sk)]
|  mem-estimate=13.75MB mem-reservation=0B thread-reservation=0
|  tuple-ids=14,16 row-size=24B cardinality=1.77G cost=456371892
|  in pipelines: 12(GETNEXT)
|
F00:PLAN FRAGMENT [RANDOM] hosts=10 instances=120
Per-Host Shared Resources: mem-estimate=17.00MB mem-reservation=17.00MB thread-reservation=0 runtime-filters-memory=17.00MB
Per-Instance Resources: mem-estimate=31.00MB mem-reservation=8.00MB thread-reservation=1
max-parallelism=374 segment-costs=[5731769480]
14:HASH JOIN [INNER JOIN, BROADCAST]
|  hash-table-id=10
|  hash predicates: tpcds_partitioned_parquet_snap.store_sales_0.ss_sold_date_sk = tpcds_partitioned_parquet_snap.date_dim_1.d_date_sk
|  fk/pk conjuncts: tpcds_partitioned_parquet_snap.store_sales_0.ss_sold_date_sk = tpcds_partitioned_parquet_snap.date_dim_1.d_date_sk
|  mem-estimate=0B mem-reservation=0B spill-buffer=64.00KB thread-reservation=0
|  tuple-ids=14,16 row-size=24B cardinality=1.77G cost=773340988
|  in pipelines: 12(GETNEXT), 13(OPEN)
|
|--F32:PLAN FRAGMENT [RANDOM] hosts=10 instances=10
|  |  Per-Instance Resources: mem-estimate=24.27MB mem-reservation=24.25MB thread-reservation=1 runtime-filters-memory=1.00MB
|  |  max-parallelism=10 segment-costs=[863]
|  JOIN BUILD
|  |  join-table-id=10 plan-id=11 cohort-id=01
|  |  build expressions: tpcds_partitioned_parquet_snap.date_dim_1.d_date_sk
|  |  runtime filters: RF008[bloom] <- tpcds_partitioned_parquet_snap.date_dim_1.d_date_sk
|  |  mem-estimate=23.25MB mem-reservation=23.25MB spill-buffer=64.00KB thread-reservation=0 cost=373
|  |
|  28:EXCHANGE [BROADCAST]
|  |  mem-estimate=16.00KB mem-reservation=0B thread-reservation=0
|  |  tuple-ids=16 row-size=8B cardinality=373 cost=490
|  |  in pipelines: 13(GETNEXT)
|  |
|  F01:PLAN FRAGMENT [RANDOM] hosts=1 instances=1
|  Per-Instance Resources: mem-estimate=16.05MB mem-reservation=512.00KB thread-reservation=1
|  max-parallelism=1 segment-costs=[10483]
|  13:SCAN HDFS [tpcds_partitioned_parquet_snap.date_dim, RANDOM]
|     HDFS partitions=1/1 files=1 size=2.17MB
|     predicates: tpcds_partitioned_parquet_snap.date_dim_1.d_year = CAST(1998 AS INT)
|     stored statistics:
|       table: rows=73.05K size=2.17MB
|       columns: all
|     extrapolated-rows=disabled max-scan-range-rows=73.05K
|     parquet statistics predicates: tpcds_partitioned_parquet_snap.date_dim_1.d_year = CAST(1998 AS INT)
|     parquet dictionary predicates: tpcds_partitioned_parquet_snap.date_dim_1.d_year = CAST(1998 AS INT)
|     mem-estimate=16.00MB mem-reservation=512.00KB thread-reservation=0
|     tuple-ids=16 row-size=8B cardinality=373 cost=10467
|     in pipelines: 13(GETNEXT)
|
12:SCAN HDFS [tpcds_partitioned_parquet_snap.store_sales, RANDOM]
   HDFS partitions=1824/1824 files=1824 size=389.90GB
   runtime filters: RF007[min_max] -> tpcds_partitioned_parquet_snap.store_sales_0.ss_customer_sk, RF008[bloom] -> tpcds_partitioned_parquet_snap.store_sales_0.ss_sold_date_sk, RF006[bloom] -> tpcds_partitioned_parquet_snap.store_sales_0.ss_customer_sk
   stored statistics:
     table: rows=8.64G size=389.90GB
     partitions: 1824/1824 rows=8.64G
     columns: all
   extrapolated-rows=disabled max-scan-range-rows=390.22M est-scan-range=374(filtered from 1824)
   mem-estimate=16.00MB mem-reservation=8.00MB thread-reservation=0
   tuple-ids=14 row-size=16B cardinality=1.77G(filtered from 8.64G) cost=407077367
   in pipelines: 12(GETNEXT)
====
