# TPCDS-Q04
# start query 4 in stream 0 using template query4.tpl using seed 466720613
with year_total as (
 select c_customer_id customer_id
       ,c_first_name customer_first_name
       ,c_last_name customer_last_name
       ,c_preferred_cust_flag customer_preferred_cust_flag
       ,c_birth_country customer_birth_country
       ,c_login customer_login
       ,c_email_address customer_email_address
       ,d_year dyear
       ,sum(((ss_ext_list_price-ss_ext_wholesale_cost-ss_ext_discount_amt)+ss_ext_sales_price)/2) year_total
       ,'s' sale_type
 from customer
     ,store_sales
     ,date_dim
 where c_customer_sk = ss_customer_sk
   and ss_sold_date_sk = d_date_sk
 group by c_customer_id
         ,c_first_name
         ,c_last_name
         ,c_preferred_cust_flag
         ,c_birth_country
         ,c_login
         ,c_email_address
         ,d_year
 union all
 select c_customer_id customer_id
       ,c_first_name customer_first_name
       ,c_last_name customer_last_name
       ,c_preferred_cust_flag customer_preferred_cust_flag
       ,c_birth_country customer_birth_country
       ,c_login customer_login
       ,c_email_address customer_email_address
       ,d_year dyear
       ,sum((((cs_ext_list_price-cs_ext_wholesale_cost-cs_ext_discount_amt)+cs_ext_sales_price)/2) ) year_total
       ,'c' sale_type
 from customer
     ,catalog_sales
     ,date_dim
 where c_customer_sk = cs_bill_customer_sk
   and cs_sold_date_sk = d_date_sk
 group by c_customer_id
         ,c_first_name
         ,c_last_name
         ,c_preferred_cust_flag
         ,c_birth_country
         ,c_login
         ,c_email_address
         ,d_year
union all
 select c_customer_id customer_id
       ,c_first_name customer_first_name
       ,c_last_name customer_last_name
       ,c_preferred_cust_flag customer_preferred_cust_flag
       ,c_birth_country customer_birth_country
       ,c_login customer_login
       ,c_email_address customer_email_address
       ,d_year dyear
       ,sum((((ws_ext_list_price-ws_ext_wholesale_cost-ws_ext_discount_amt)+ws_ext_sales_price)/2) ) year_total
       ,'w' sale_type
 from customer
     ,web_sales
     ,date_dim
 where c_customer_sk = ws_bill_customer_sk
   and ws_sold_date_sk = d_date_sk
 group by c_customer_id
         ,c_first_name
         ,c_last_name
         ,c_preferred_cust_flag
         ,c_birth_country
         ,c_login
         ,c_email_address
         ,d_year
         )
  select
                  t_s_secyear.customer_id
                 ,t_s_secyear.customer_first_name
                 ,t_s_secyear.customer_last_name
                 ,t_s_secyear.customer_birth_country
 from year_total t_s_firstyear
     ,year_total t_s_secyear
     ,year_total t_c_firstyear
     ,year_total t_c_secyear
     ,year_total t_w_firstyear
     ,year_total t_w_secyear
 where t_s_secyear.customer_id = t_s_firstyear.customer_id
   and t_s_firstyear.customer_id = t_c_secyear.customer_id
   and t_s_firstyear.customer_id = t_c_firstyear.customer_id
   and t_s_firstyear.customer_id = t_w_firstyear.customer_id
   and t_s_firstyear.customer_id = t_w_secyear.customer_id
   and t_s_firstyear.sale_type = 's'
   and t_c_firstyear.sale_type = 'c'
   and t_w_firstyear.sale_type = 'w'
   and t_s_secyear.sale_type = 's'
   and t_c_secyear.sale_type = 'c'
   and t_w_secyear.sale_type = 'w'
   and t_s_firstyear.dyear =  1999
   and t_s_secyear.dyear = 1999+1
   and t_c_firstyear.dyear =  1999
   and t_c_secyear.dyear =  1999+1
   and t_w_firstyear.dyear = 1999
   and t_w_secyear.dyear = 1999+1
   and t_s_firstyear.year_total > 0
   and t_c_firstyear.year_total > 0
   and t_w_firstyear.year_total > 0
   and case when t_c_firstyear.year_total > 0 then t_c_secyear.year_total / t_c_firstyear.year_total else null end
           > case when t_s_firstyear.year_total > 0 then t_s_secyear.year_total / t_s_firstyear.year_total else null end
   and case when t_c_firstyear.year_total > 0 then t_c_secyear.year_total / t_c_firstyear.year_total else null end
           > case when t_w_firstyear.year_total > 0 then t_w_secyear.year_total / t_w_firstyear.year_total else null end
 order by t_s_secyear.customer_id
         ,t_s_secyear.customer_first_name
         ,t_s_secyear.customer_last_name
         ,t_s_secyear.customer_birth_country
limit 100

# end query 4 in stream 0 using template query4.tpl
---- PLAN
Max Per-Host Resource Reservation: Memory=474.88MB Threads=1
Per-Host Resource Estimates: Memory=76.67GB
F00:PLAN FRAGMENT [UNPARTITIONED] hosts=1 instances=1
|  Per-Instance Resources: mem-estimate=76.67GB mem-reservation=474.88MB thread-reservation=1 runtime-filters-memory=37.00MB
|  max-parallelism=1 segment-costs=[11764350338, 962284703, 567457869, 4555427905, 5889891799, 1209507461, 320028033, 400]
PLAN-ROOT SINK
|  output exprs: tpcds_partitioned_parquet_snap.customer.c_customer_id, tpcds_partitioned_parquet_snap.customer.c_first_name, tpcds_partitioned_parquet_snap.customer.c_last_name, tpcds_partitioned_parquet_snap.customer.c_birth_country
|  mem-estimate=4.00MB mem-reservation=4.00MB spill-buffer=2.00MB thread-reservation=0 cost=400
|
41:TOP-N [LIMIT=100]
|  order by: tpcds_partitioned_parquet_snap.customer.c_customer_id ASC NULLS LAST, tpcds_partitioned_parquet_snap.customer.c_first_name ASC NULLS LAST, tpcds_partitioned_parquet_snap.customer.c_last_name ASC NULLS LAST, tpcds_partitioned_parquet_snap.customer.c_birth_country ASC NULLS LAST
|  mem-estimate=8.27KB mem-reservation=0B thread-reservation=0
|  tuple-ids=42 row-size=85B cardinality=100 cost=50313918
|  in pipelines: 41(GETNEXT), 23(OPEN)
|
40:HASH JOIN [INNER JOIN]
|  hash predicates: tpcds_partitioned_parquet_snap.customer_2.c_customer_id = tpcds_partitioned_parquet_snap.customer_4.c_customer_id
|  fk/pk conjuncts: tpcds_partitioned_parquet_snap.customer_2.c_customer_id = tpcds_partitioned_parquet_snap.customer_4.c_customer_id
|  other join predicates: CASE WHEN sum(divide(add(subtract(subtract(tpcds_partitioned_parquet_snap.catalog_sales_0.cs_ext_list_price, tpcds_partitioned_parquet_snap.catalog_sales_0.cs_ext_wholesale_cost), tpcds_partitioned_parquet_snap.catalog_sales_0.cs_ext_discount_amt), tpcds_partitioned_parquet_snap.catalog_sales_0.cs_ext_sales_price), 2)) > CAST(0 AS DECIMAL(3,0)) THEN divide(sum(divide(add(subtract(subtract(tpcds_partitioned_parquet_snap.catalog_sales.cs_ext_list_price, tpcds_partitioned_parquet_snap.catalog_sales.cs_ext_wholesale_cost), tpcds_partitioned_parquet_snap.catalog_sales.cs_ext_discount_amt), tpcds_partitioned_parquet_snap.catalog_sales.cs_ext_sales_price), 2)), sum(divide(add(subtract(subtract(tpcds_partitioned_parquet_snap.catalog_sales_0.cs_ext_list_price, tpcds_partitioned_parquet_snap.catalog_sales_0.cs_ext_wholesale_cost), tpcds_partitioned_parquet_snap.catalog_sales_0.cs_ext_discount_amt), tpcds_partitioned_parquet_snap.catalog_sales_0.cs_ext_sales_price), 2))) ELSE NULL END > CASE WHEN sum(divide(add(subtract(subtract(tpcds_partitioned_parquet_snap.web_sales_0.ws_ext_list_price, tpcds_partitioned_parquet_snap.web_sales_0.ws_ext_wholesale_cost), tpcds_partitioned_parquet_snap.web_sales_0.ws_ext_discount_amt), tpcds_partitioned_parquet_snap.web_sales_0.ws_ext_sales_price), 2)) > CAST(0 AS DECIMAL(3,0)) THEN divide(sum(divide(add(subtract(subtract(tpcds_partitioned_parquet_snap.web_sales.ws_ext_list_price, tpcds_partitioned_parquet_snap.web_sales.ws_ext_wholesale_cost), tpcds_partitioned_parquet_snap.web_sales.ws_ext_discount_amt), tpcds_partitioned_parquet_snap.web_sales.ws_ext_sales_price), 2)), sum(divide(add(subtract(subtract(tpcds_partitioned_parquet_snap.web_sales_0.ws_ext_list_price, tpcds_partitioned_parquet_snap.web_sales_0.ws_ext_wholesale_cost), tpcds_partitioned_parquet_snap.web_sales_0.ws_ext_discount_amt), tpcds_partitioned_parquet_snap.web_sales_0.ws_ext_sales_price), 2))) ELSE NULL END
|  runtime filters: RF000[bloom] <- tpcds_partitioned_parquet_snap.customer_4.c_customer_id, RF001[min_max] <- tpcds_partitioned_parquet_snap.customer_4.c_customer_id
|  mem-estimate=736.18MB mem-reservation=34.00MB spill-buffer=2.00MB thread-reservation=0
|  tuple-ids=27,20,13,6,34,41 row-size=991B cardinality=4.06M cost=12496292
|  in pipelines: 23(GETNEXT), 39(OPEN)
|
|--39:AGGREGATE [FINALIZE]
|  |  output: sum(divide(add(subtract(subtract(tpcds_partitioned_parquet_snap.web_sales_0.ws_ext_list_price, tpcds_partitioned_parquet_snap.web_sales_0.ws_ext_wholesale_cost), tpcds_partitioned_parquet_snap.web_sales_0.ws_ext_discount_amt), tpcds_partitioned_parquet_snap.web_sales_0.ws_ext_sales_price), CAST(2 AS DECIMAL(3,0))))
|  |  group by: tpcds_partitioned_parquet_snap.customer_4.c_customer_id, tpcds_partitioned_parquet_snap.customer_4.c_first_name, tpcds_partitioned_parquet_snap.customer_4.c_last_name, tpcds_partitioned_parquet_snap.customer_4.c_preferred_cust_flag, tpcds_partitioned_parquet_snap.customer_4.c_birth_country, tpcds_partitioned_parquet_snap.customer_4.c_login, tpcds_partitioned_parquet_snap.customer_4.c_email_address
|  |  having: sum(divide(add(subtract(subtract(tpcds_partitioned_parquet_snap.web_sales_0.ws_ext_list_price, tpcds_partitioned_parquet_snap.web_sales_0.ws_ext_wholesale_cost), tpcds_partitioned_parquet_snap.web_sales_0.ws_ext_discount_amt), tpcds_partitioned_parquet_snap.web_sales_0.ws_ext_sales_price), 2)) > CAST(0 AS DECIMAL(3,0))
|  |  mem-estimate=4.98GB mem-reservation=34.00MB spill-buffer=2.00MB thread-reservation=0
|  |  tuple-ids=41 row-size=165B cardinality=4.06M cost=239926393
|  |  in pipelines: 39(GETNEXT), 34(OPEN)
|  |
|  38:HASH JOIN [INNER JOIN]
|  |  hash predicates: tpcds_partitioned_parquet_snap.web_sales_0.ws_bill_customer_sk = tpcds_partitioned_parquet_snap.customer_4.c_customer_sk
|  |  fk/pk conjuncts: tpcds_partitioned_parquet_snap.web_sales_0.ws_bill_customer_sk = tpcds_partitioned_parquet_snap.customer_4.c_customer_sk
|  |  runtime filters: RF030[bloom] <- tpcds_partitioned_parquet_snap.customer_4.c_customer_sk, RF031[min_max] <- tpcds_partitioned_parquet_snap.customer_4.c_customer_sk
|  |  mem-estimate=534.16MB mem-reservation=34.00MB spill-buffer=2.00MB thread-reservation=0
|  |  tuple-ids=35,37,39 row-size=185B cardinality=40.65M cost=61349826
|  |  in pipelines: 34(GETNEXT), 37(OPEN)
|  |
|  |--37:SCAN HDFS [tpcds_partitioned_parquet_snap.customer]
|  |     HDFS partitions=1/1 files=1 size=1.55GB
|  |     predicates: is_not_null_pred(tpcds_partitioned_parquet_snap.customer_4.c_customer_id)
|  |     stored statistics:
|  |       table: rows=30.00M size=1.55GB
|  |       columns: all
|  |     extrapolated-rows=disabled max-scan-range-rows=3.10M
|  |     parquet dictionary predicates: is_not_null_pred(tpcds_partitioned_parquet_snap.customer_4.c_customer_id)
|  |     mem-estimate=16.00MB mem-reservation=1.00MB thread-reservation=0
|  |     tuple-ids=39 row-size=153B cardinality=3.00M cost=30714228
|  |     in pipelines: 37(GETNEXT)
|  |
|  36:HASH JOIN [INNER JOIN]
|  |  hash predicates: tpcds_partitioned_parquet_snap.web_sales_0.ws_sold_date_sk = tpcds_partitioned_parquet_snap.date_dim_4.d_date_sk
|  |  fk/pk conjuncts: tpcds_partitioned_parquet_snap.web_sales_0.ws_sold_date_sk = tpcds_partitioned_parquet_snap.date_dim_4.d_date_sk
|  |  mem-estimate=1.94MB mem-reservation=1.94MB spill-buffer=64.00KB thread-reservation=0
|  |  tuple-ids=35,37 row-size=32B cardinality=198.77M(filtered from 441.70M) cost=131021618
|  |  in pipelines: 34(GETNEXT), 35(OPEN)
|  |
|  |--35:SCAN HDFS [tpcds_partitioned_parquet_snap.date_dim]
|  |     HDFS partitions=1/1 files=1 size=2.17MB
|  |     predicates: tpcds_partitioned_parquet_snap.date_dim_4.d_year = CAST(1999 AS INT)
|  |     stored statistics:
|  |       table: rows=73.05K size=2.17MB
|  |       columns: all
|  |     extrapolated-rows=disabled max-scan-range-rows=73.05K
|  |     parquet statistics predicates: tpcds_partitioned_parquet_snap.date_dim_4.d_year = CAST(1999 AS INT)
|  |     parquet dictionary predicates: tpcds_partitioned_parquet_snap.date_dim_4.d_year = CAST(1999 AS INT)
|  |     mem-estimate=16.00MB mem-reservation=512.00KB thread-reservation=0
|  |     tuple-ids=37 row-size=8B cardinality=373 cost=10467
|  |     in pipelines: 35(GETNEXT)
|  |
|  34:SCAN HDFS [tpcds_partitioned_parquet_snap.web_sales]
|     HDFS partitions=1824/1824 files=1824 size=145.75GB
|     runtime filters: RF031[min_max] -> tpcds_partitioned_parquet_snap.web_sales_0.ws_bill_customer_sk, RF030[bloom] -> tpcds_partitioned_parquet_snap.web_sales_0.ws_bill_customer_sk
|     stored statistics:
|       table: rows=2.16G size=145.75GB
|       partitions: 1824/1824 rows=2.16G
|       columns: all
|     extrapolated-rows=disabled max-scan-range-rows=3.37M
|     mem-estimate=16.00MB mem-reservation=128.00KB thread-reservation=0
|     tuple-ids=35 row-size=24B cardinality=198.77M(filtered from 2.16G) cost=746484929
|     in pipelines: 34(GETNEXT)
|
33:HASH JOIN [INNER JOIN]
|  hash predicates: tpcds_partitioned_parquet_snap.customer_2.c_customer_id = tpcds_partitioned_parquet_snap.customer_3.c_customer_id
|  fk/pk conjuncts: tpcds_partitioned_parquet_snap.customer_2.c_customer_id = tpcds_partitioned_parquet_snap.customer_3.c_customer_id
|  other join predicates: CASE WHEN sum(divide(add(subtract(subtract(tpcds_partitioned_parquet_snap.catalog_sales_0.cs_ext_list_price, tpcds_partitioned_parquet_snap.catalog_sales_0.cs_ext_wholesale_cost), tpcds_partitioned_parquet_snap.catalog_sales_0.cs_ext_discount_amt), tpcds_partitioned_parquet_snap.catalog_sales_0.cs_ext_sales_price), 2)) > CAST(0 AS DECIMAL(3,0)) THEN divide(sum(divide(add(subtract(subtract(tpcds_partitioned_parquet_snap.catalog_sales.cs_ext_list_price, tpcds_partitioned_parquet_snap.catalog_sales.cs_ext_wholesale_cost), tpcds_partitioned_parquet_snap.catalog_sales.cs_ext_discount_amt), tpcds_partitioned_parquet_snap.catalog_sales.cs_ext_sales_price), 2)), sum(divide(add(subtract(subtract(tpcds_partitioned_parquet_snap.catalog_sales_0.cs_ext_list_price, tpcds_partitioned_parquet_snap.catalog_sales_0.cs_ext_wholesale_cost), tpcds_partitioned_parquet_snap.catalog_sales_0.cs_ext_discount_amt), tpcds_partitioned_parquet_snap.catalog_sales_0.cs_ext_sales_price), 2))) ELSE NULL END > CASE WHEN sum(divide(add(subtract(subtract(tpcds_partitioned_parquet_snap.store_sales_0.ss_ext_list_price, tpcds_partitioned_parquet_snap.store_sales_0.ss_ext_wholesale_cost), tpcds_partitioned_parquet_snap.store_sales_0.ss_ext_discount_amt), tpcds_partitioned_parquet_snap.store_sales_0.ss_ext_sales_price), 2)) > CAST(0 AS DECIMAL(3,0)) THEN divide(sum(divide(add(subtract(subtract(tpcds_partitioned_parquet_snap.store_sales.ss_ext_list_price, tpcds_partitioned_parquet_snap.store_sales.ss_ext_wholesale_cost), tpcds_partitioned_parquet_snap.store_sales.ss_ext_discount_amt), tpcds_partitioned_parquet_snap.store_sales.ss_ext_sales_price), 2)), sum(divide(add(subtract(subtract(tpcds_partitioned_parquet_snap.store_sales_0.ss_ext_list_price, tpcds_partitioned_parquet_snap.store_sales_0.ss_ext_wholesale_cost), tpcds_partitioned_parquet_snap.store_sales_0.ss_ext_discount_amt), tpcds_partitioned_parquet_snap.store_sales_0.ss_ext_sales_price), 2))) ELSE NULL END
|  runtime filters: RF003[min_max] <- tpcds_partitioned_parquet_snap.customer_3.c_customer_id
|  mem-estimate=14.68GB mem-reservation=34.00MB spill-buffer=2.00MB thread-reservation=0
|  tuple-ids=27,20,13,6,34 row-size=826B cardinality=30.00M cost=93918070
|  in pipelines: 23(GETNEXT), 32(OPEN)
|
|--32:AGGREGATE [FINALIZE]
|  |  output: sum(divide(add(subtract(subtract(tpcds_partitioned_parquet_snap.catalog_sales_0.cs_ext_list_price, tpcds_partitioned_parquet_snap.catalog_sales_0.cs_ext_wholesale_cost), tpcds_partitioned_parquet_snap.catalog_sales_0.cs_ext_discount_amt), tpcds_partitioned_parquet_snap.catalog_sales_0.cs_ext_sales_price), CAST(2 AS DECIMAL(3,0))))
|  |  group by: tpcds_partitioned_parquet_snap.customer_3.c_customer_id, tpcds_partitioned_parquet_snap.customer_3.c_first_name, tpcds_partitioned_parquet_snap.customer_3.c_last_name, tpcds_partitioned_parquet_snap.customer_3.c_preferred_cust_flag, tpcds_partitioned_parquet_snap.customer_3.c_birth_country, tpcds_partitioned_parquet_snap.customer_3.c_login, tpcds_partitioned_parquet_snap.customer_3.c_email_address
|  |  having: sum(divide(add(subtract(subtract(tpcds_partitioned_parquet_snap.catalog_sales_0.cs_ext_list_price, tpcds_partitioned_parquet_snap.catalog_sales_0.cs_ext_wholesale_cost), tpcds_partitioned_parquet_snap.catalog_sales_0.cs_ext_discount_amt), tpcds_partitioned_parquet_snap.catalog_sales_0.cs_ext_sales_price), 2)) > CAST(0 AS DECIMAL(3,0))
|  |  mem-estimate=6.95GB mem-reservation=34.00MB spill-buffer=2.00MB thread-reservation=0
|  |  tuple-ids=34 row-size=165B cardinality=80.79M cost=4768537611
|  |  in pipelines: 32(GETNEXT), 27(OPEN)
|  |
|  31:HASH JOIN [INNER JOIN]
|  |  hash predicates: tpcds_partitioned_parquet_snap.catalog_sales_0.cs_bill_customer_sk = tpcds_partitioned_parquet_snap.customer_3.c_customer_sk
|  |  fk/pk conjuncts: tpcds_partitioned_parquet_snap.catalog_sales_0.cs_bill_customer_sk = tpcds_partitioned_parquet_snap.customer_3.c_customer_sk
|  |  runtime filters: RF027[min_max] <- tpcds_partitioned_parquet_snap.customer_3.c_customer_sk
|  |  mem-estimate=5.03GB mem-reservation=34.00MB spill-buffer=2.00MB thread-reservation=0
|  |  tuple-ids=28,30,32 row-size=185B cardinality=807.87M cost=402121453
|  |  in pipelines: 27(GETNEXT), 30(OPEN)
|  |
|  |--30:SCAN HDFS [tpcds_partitioned_parquet_snap.customer]
|  |     HDFS partitions=1/1 files=1 size=1.55GB
|  |     runtime filters: RF001[min_max] -> tpcds_partitioned_parquet_snap.customer_3.c_customer_id, RF000[bloom] -> tpcds_partitioned_parquet_snap.customer_3.c_customer_id
|  |     stored statistics:
|  |       table: rows=30.00M size=1.55GB
|  |       columns: all
|  |     extrapolated-rows=disabled max-scan-range-rows=3.10M
|  |     mem-estimate=16.00MB mem-reservation=1.00MB thread-reservation=0
|  |     tuple-ids=32 row-size=153B cardinality=30.00M cost=29871228
|  |     in pipelines: 30(GETNEXT)
|  |
|  29:HASH JOIN [INNER JOIN]
|  |  hash predicates: tpcds_partitioned_parquet_snap.catalog_sales_0.cs_sold_date_sk = tpcds_partitioned_parquet_snap.date_dim_3.d_date_sk
|  |  fk/pk conjuncts: tpcds_partitioned_parquet_snap.catalog_sales_0.cs_sold_date_sk = tpcds_partitioned_parquet_snap.date_dim_3.d_date_sk
|  |  runtime filters: RF028[bloom] <- tpcds_partitioned_parquet_snap.date_dim_3.d_date_sk
|  |  mem-estimate=1.94MB mem-reservation=1.94MB spill-buffer=64.00KB thread-reservation=0
|  |  tuple-ids=28,30 row-size=32B cardinality=880.06M cost=385202450
|  |  in pipelines: 27(GETNEXT), 28(OPEN)
|  |
|  |--28:SCAN HDFS [tpcds_partitioned_parquet_snap.date_dim]
|  |     HDFS partitions=1/1 files=1 size=2.17MB
|  |     predicates: tpcds_partitioned_parquet_snap.date_dim_3.d_year = CAST(1999 AS INT)
|  |     stored statistics:
|  |       table: rows=73.05K size=2.17MB
|  |       columns: all
|  |     extrapolated-rows=disabled max-scan-range-rows=73.05K
|  |     parquet statistics predicates: tpcds_partitioned_parquet_snap.date_dim_3.d_year = CAST(1999 AS INT)
|  |     parquet dictionary predicates: tpcds_partitioned_parquet_snap.date_dim_3.d_year = CAST(1999 AS INT)
|  |     mem-estimate=16.00MB mem-reservation=512.00KB thread-reservation=0
|  |     tuple-ids=30 row-size=8B cardinality=373 cost=10467
|  |     in pipelines: 28(GETNEXT)
|  |
|  27:SCAN HDFS [tpcds_partitioned_parquet_snap.catalog_sales]
|     HDFS partitions=1831/1831 files=1831 size=280.96GB
|     runtime filters: RF027[min_max] -> tpcds_partitioned_parquet_snap.catalog_sales_0.cs_bill_customer_sk, RF028[bloom] -> tpcds_partitioned_parquet_snap.catalog_sales_0.cs_sold_date_sk
|     stored statistics:
|       table: rows=4.32G size=280.96GB
|       partitions: 1831/1831 rows=4.32G
|       columns: all
|     extrapolated-rows=disabled max-scan-range-rows=21.52M est-scan-range=374(filtered from 1831)
|     mem-estimate=16.00MB mem-reservation=1.00MB thread-reservation=0
|     tuple-ids=28 row-size=24B cardinality=880.06M(filtered from 4.32G) cost=304148590
|     in pipelines: 27(GETNEXT)
|
26:HASH JOIN [INNER JOIN]
|  hash predicates: tpcds_partitioned_parquet_snap.customer_2.c_customer_id = tpcds_partitioned_parquet_snap.customer.c_customer_id
|  fk/pk conjuncts: tpcds_partitioned_parquet_snap.customer_2.c_customer_id = tpcds_partitioned_parquet_snap.customer.c_customer_id
|  runtime filters: RF005[min_max] <- tpcds_partitioned_parquet_snap.customer.c_customer_id
|  mem-estimate=5.36GB mem-reservation=34.00MB spill-buffer=2.00MB thread-reservation=0
|  tuple-ids=27,20,13,6 row-size=661B cardinality=30.00M cost=43131000
|  in pipelines: 23(GETNEXT), 05(OPEN)
|
|--05:AGGREGATE [FINALIZE]
|  |  output: sum(divide(add(subtract(subtract(tpcds_partitioned_parquet_snap.store_sales.ss_ext_list_price, tpcds_partitioned_parquet_snap.store_sales.ss_ext_wholesale_cost), tpcds_partitioned_parquet_snap.store_sales.ss_ext_discount_amt), tpcds_partitioned_parquet_snap.store_sales.ss_ext_sales_price), CAST(2 AS DECIMAL(3,0))))
|  |  group by: tpcds_partitioned_parquet_snap.customer.c_customer_id, tpcds_partitioned_parquet_snap.customer.c_first_name, tpcds_partitioned_parquet_snap.customer.c_last_name, tpcds_partitioned_parquet_snap.customer.c_preferred_cust_flag, tpcds_partitioned_parquet_snap.customer.c_birth_country, tpcds_partitioned_parquet_snap.customer.c_login, tpcds_partitioned_parquet_snap.customer.c_email_address
|  |  mem-estimate=9.05GB mem-reservation=34.00MB spill-buffer=2.00MB thread-reservation=0
|  |  tuple-ids=6 row-size=165B cardinality=30.00M cost=2364508786
|  |  in pipelines: 05(GETNEXT), 00(OPEN)
|  |
|  04:HASH JOIN [INNER JOIN]
|  |  hash predicates: tpcds_partitioned_parquet_snap.store_sales.ss_customer_sk = tpcds_partitioned_parquet_snap.customer.c_customer_sk
|  |  fk/pk conjuncts: tpcds_partitioned_parquet_snap.store_sales.ss_customer_sk = tpcds_partitioned_parquet_snap.customer.c_customer_sk
|  |  runtime filters: RF023[min_max] <- tpcds_partitioned_parquet_snap.customer.c_customer_sk
|  |  mem-estimate=5.03GB mem-reservation=34.00MB spill-buffer=2.00MB thread-reservation=0
|  |  tuple-ids=0,2,4 row-size=185B cardinality=1.62G cost=777080012
|  |  in pipelines: 00(GETNEXT), 03(OPEN)
|  |
|  |--03:SCAN HDFS [tpcds_partitioned_parquet_snap.customer]
|  |     HDFS partitions=1/1 files=1 size=1.55GB
|  |     runtime filters: RF001[min_max] -> tpcds_partitioned_parquet_snap.customer.c_customer_id, RF003[min_max] -> tpcds_partitioned_parquet_snap.customer.c_customer_id, RF000[bloom] -> tpcds_partitioned_parquet_snap.customer.c_customer_id
|  |     stored statistics:
|  |       table: rows=30.00M size=1.55GB
|  |       columns: all
|  |     extrapolated-rows=disabled max-scan-range-rows=3.10M
|  |     mem-estimate=16.00MB mem-reservation=1.00MB thread-reservation=0
|  |     tuple-ids=4 row-size=153B cardinality=30.00M cost=29871228
|  |     in pipelines: 03(GETNEXT)
|  |
|  02:HASH JOIN [INNER JOIN]
|  |  hash predicates: tpcds_partitioned_parquet_snap.store_sales.ss_sold_date_sk = tpcds_partitioned_parquet_snap.date_dim.d_date_sk
|  |  fk/pk conjuncts: tpcds_partitioned_parquet_snap.store_sales.ss_sold_date_sk = tpcds_partitioned_parquet_snap.date_dim.d_date_sk
|  |  runtime filters: RF024[bloom] <- tpcds_partitioned_parquet_snap.date_dim.d_date_sk
|  |  mem-estimate=1.94MB mem-reservation=1.94MB spill-buffer=64.00KB thread-reservation=0
|  |  tuple-ids=0,2 row-size=32B cardinality=1.77G cost=773341361
|  |  in pipelines: 00(GETNEXT), 01(OPEN)
|  |
|  |--01:SCAN HDFS [tpcds_partitioned_parquet_snap.date_dim]
|  |     HDFS partitions=1/1 files=1 size=2.17MB
|  |     predicates: tpcds_partitioned_parquet_snap.date_dim.d_year = add(CAST(1999 AS INT), CAST(1 AS INT))
|  |     stored statistics:
|  |       table: rows=73.05K size=2.17MB
|  |       columns: all
|  |     extrapolated-rows=disabled max-scan-range-rows=73.05K
|  |     parquet statistics predicates: tpcds_partitioned_parquet_snap.date_dim.d_year = add(CAST(1999 AS INT), CAST(1 AS INT))
|  |     parquet dictionary predicates: tpcds_partitioned_parquet_snap.date_dim.d_year = add(CAST(1999 AS INT), CAST(1 AS INT))
|  |     mem-estimate=16.00MB mem-reservation=512.00KB thread-reservation=0
|  |     tuple-ids=2 row-size=8B cardinality=373 cost=10467
|  |     in pipelines: 01(GETNEXT)
|  |
|  00:SCAN HDFS [tpcds_partitioned_parquet_snap.store_sales]
|     HDFS partitions=1824/1824 files=1824 size=389.90GB
|     runtime filters: RF023[min_max] -> tpcds_partitioned_parquet_snap.store_sales.ss_customer_sk, RF024[bloom] -> tpcds_partitioned_parquet_snap.store_sales.ss_sold_date_sk
|     stored statistics:
|       table: rows=8.64G size=389.90GB
|       partitions: 1824/1824 rows=8.64G
|       columns: all
|     extrapolated-rows=disabled max-scan-range-rows=390.22M est-scan-range=374(filtered from 1824)
|     mem-estimate=16.00MB mem-reservation=8.00MB thread-reservation=0
|     tuple-ids=0 row-size=24B cardinality=1.77G(filtered from 8.64G) cost=610616051
|     in pipelines: 00(GETNEXT)
|
25:HASH JOIN [INNER JOIN]
|  hash predicates: tpcds_partitioned_parquet_snap.customer_2.c_customer_id = tpcds_partitioned_parquet_snap.customer_0.c_customer_id
|  fk/pk conjuncts: tpcds_partitioned_parquet_snap.customer_2.c_customer_id = tpcds_partitioned_parquet_snap.customer_0.c_customer_id
|  runtime filters: RF007[min_max] <- tpcds_partitioned_parquet_snap.customer_0.c_customer_id
|  mem-estimate=5.36GB mem-reservation=34.00MB spill-buffer=2.00MB thread-reservation=0
|  tuple-ids=27,20,13 row-size=495B cardinality=30.00M cost=43131000
|  in pipelines: 23(GETNEXT), 11(OPEN)
|
|--11:AGGREGATE [FINALIZE]
|  |  output: sum(divide(add(subtract(subtract(tpcds_partitioned_parquet_snap.web_sales.ws_ext_list_price, tpcds_partitioned_parquet_snap.web_sales.ws_ext_wholesale_cost), tpcds_partitioned_parquet_snap.web_sales.ws_ext_discount_amt), tpcds_partitioned_parquet_snap.web_sales.ws_ext_sales_price), CAST(2 AS DECIMAL(3,0))))
|  |  group by: tpcds_partitioned_parquet_snap.customer_0.c_customer_id, tpcds_partitioned_parquet_snap.customer_0.c_first_name, tpcds_partitioned_parquet_snap.customer_0.c_last_name, tpcds_partitioned_parquet_snap.customer_0.c_preferred_cust_flag, tpcds_partitioned_parquet_snap.customer_0.c_birth_country, tpcds_partitioned_parquet_snap.customer_0.c_login, tpcds_partitioned_parquet_snap.customer_0.c_email_address
|  |  mem-estimate=4.98GB mem-reservation=34.00MB spill-buffer=2.00MB thread-reservation=0
|  |  tuple-ids=13 row-size=165B cardinality=30.00M cost=191708836
|  |  in pipelines: 11(GETNEXT), 06(OPEN)
|  |
|  10:HASH JOIN [INNER JOIN]
|  |  hash predicates: tpcds_partitioned_parquet_snap.web_sales.ws_bill_customer_sk = tpcds_partitioned_parquet_snap.customer_0.c_customer_sk
|  |  fk/pk conjuncts: tpcds_partitioned_parquet_snap.web_sales.ws_bill_customer_sk = tpcds_partitioned_parquet_snap.customer_0.c_customer_sk
|  |  runtime filters: RF018[bloom] <- tpcds_partitioned_parquet_snap.customer_0.c_customer_sk, RF019[min_max] <- tpcds_partitioned_parquet_snap.customer_0.c_customer_sk
|  |  mem-estimate=534.16MB mem-reservation=34.00MB spill-buffer=2.00MB thread-reservation=0
|  |  tuple-ids=7,9,11 row-size=185B cardinality=40.65M cost=61349826
|  |  in pipelines: 06(GETNEXT), 09(OPEN)
|  |
|  |--09:SCAN HDFS [tpcds_partitioned_parquet_snap.customer]
|  |     HDFS partitions=1/1 files=1 size=1.55GB
|  |     predicates: is_not_null_pred(tpcds_partitioned_parquet_snap.customer_0.c_customer_id)
|  |     runtime filters: RF001[min_max] -> tpcds_partitioned_parquet_snap.customer_0.c_customer_id, RF003[min_max] -> tpcds_partitioned_parquet_snap.customer_0.c_customer_id, RF005[min_max] -> tpcds_partitioned_parquet_snap.customer_0.c_customer_id, RF000[bloom] -> tpcds_partitioned_parquet_snap.customer_0.c_customer_id
|  |     stored statistics:
|  |       table: rows=30.00M size=1.55GB
|  |       columns: all
|  |     extrapolated-rows=disabled max-scan-range-rows=3.10M
|  |     parquet dictionary predicates: is_not_null_pred(tpcds_partitioned_parquet_snap.customer_0.c_customer_id)
|  |     mem-estimate=16.00MB mem-reservation=1.00MB thread-reservation=0
|  |     tuple-ids=11 row-size=153B cardinality=3.00M cost=30714228
|  |     in pipelines: 09(GETNEXT)
|  |
|  08:HASH JOIN [INNER JOIN]
|  |  hash predicates: tpcds_partitioned_parquet_snap.web_sales.ws_sold_date_sk = tpcds_partitioned_parquet_snap.date_dim_0.d_date_sk
|  |  fk/pk conjuncts: tpcds_partitioned_parquet_snap.web_sales.ws_sold_date_sk = tpcds_partitioned_parquet_snap.date_dim_0.d_date_sk
|  |  runtime filters: RF020[bloom] <- tpcds_partitioned_parquet_snap.date_dim_0.d_date_sk
|  |  mem-estimate=1.94MB mem-reservation=1.94MB spill-buffer=64.00KB thread-reservation=0
|  |  tuple-ids=7,9 row-size=32B cardinality=198.77M(filtered from 441.70M) cost=131021618
|  |  in pipelines: 06(GETNEXT), 07(OPEN)
|  |
|  |--07:SCAN HDFS [tpcds_partitioned_parquet_snap.date_dim]
|  |     HDFS partitions=1/1 files=1 size=2.17MB
|  |     predicates: tpcds_partitioned_parquet_snap.date_dim_0.d_year = add(CAST(1999 AS INT), CAST(1 AS INT))
|  |     stored statistics:
|  |       table: rows=73.05K size=2.17MB
|  |       columns: all
|  |     extrapolated-rows=disabled max-scan-range-rows=73.05K
|  |     parquet statistics predicates: tpcds_partitioned_parquet_snap.date_dim_0.d_year = add(CAST(1999 AS INT), CAST(1 AS INT))
|  |     parquet dictionary predicates: tpcds_partitioned_parquet_snap.date_dim_0.d_year = add(CAST(1999 AS INT), CAST(1 AS INT))
|  |     mem-estimate=16.00MB mem-reservation=512.00KB thread-reservation=0
|  |     tuple-ids=9 row-size=8B cardinality=373 cost=10467
|  |     in pipelines: 07(GETNEXT)
|  |
|  06:SCAN HDFS [tpcds_partitioned_parquet_snap.web_sales]
|     HDFS partitions=1824/1824 files=1824 size=145.75GB
|     runtime filters: RF019[min_max] -> tpcds_partitioned_parquet_snap.web_sales.ws_bill_customer_sk, RF018[bloom] -> tpcds_partitioned_parquet_snap.web_sales.ws_bill_customer_sk, RF020[bloom] -> tpcds_partitioned_parquet_snap.web_sales.ws_sold_date_sk
|     stored statistics:
|       table: rows=2.16G size=145.75GB
|       partitions: 1824/1824 rows=2.16G
|       columns: all
|     extrapolated-rows=disabled max-scan-range-rows=3.37M est-scan-range=374(filtered from 1824)
|     mem-estimate=16.00MB mem-reservation=128.00KB thread-reservation=0
|     tuple-ids=7 row-size=24B cardinality=198.77M(filtered from 2.16G) cost=152652894
|     in pipelines: 06(GETNEXT)
|
24:HASH JOIN [INNER JOIN]
|  hash predicates: tpcds_partitioned_parquet_snap.customer_2.c_customer_id = tpcds_partitioned_parquet_snap.customer_1.c_customer_id
|  fk/pk conjuncts: tpcds_partitioned_parquet_snap.customer_2.c_customer_id = tpcds_partitioned_parquet_snap.customer_1.c_customer_id
|  runtime filters: RF008[bloom] <- tpcds_partitioned_parquet_snap.customer_1.c_customer_id, RF009[min_max] <- tpcds_partitioned_parquet_snap.customer_1.c_customer_id
|  mem-estimate=5.36GB mem-reservation=34.00MB spill-buffer=2.00MB thread-reservation=0
|  tuple-ids=27,20 row-size=330B cardinality=30.00M cost=77037753
|  in pipelines: 23(GETNEXT), 17(OPEN)
|
|--17:AGGREGATE [FINALIZE]
|  |  output: sum(divide(add(subtract(subtract(tpcds_partitioned_parquet_snap.catalog_sales.cs_ext_list_price, tpcds_partitioned_parquet_snap.catalog_sales.cs_ext_wholesale_cost), tpcds_partitioned_parquet_snap.catalog_sales.cs_ext_discount_amt), tpcds_partitioned_parquet_snap.catalog_sales.cs_ext_sales_price), CAST(2 AS DECIMAL(3,0))))
|  |  group by: tpcds_partitioned_parquet_snap.customer_1.c_customer_id, tpcds_partitioned_parquet_snap.customer_1.c_first_name, tpcds_partitioned_parquet_snap.customer_1.c_last_name, tpcds_partitioned_parquet_snap.customer_1.c_preferred_cust_flag, tpcds_partitioned_parquet_snap.customer_1.c_birth_country, tpcds_partitioned_parquet_snap.customer_1.c_login, tpcds_partitioned_parquet_snap.customer_1.c_email_address
|  |  mem-estimate=5.08GB mem-reservation=34.00MB spill-buffer=2.00MB thread-reservation=0
|  |  tuple-ids=20 row-size=165B cardinality=30.00M cost=246864514
|  |  in pipelines: 17(GETNEXT), 12(OPEN)
|  |
|  16:HASH JOIN [INNER JOIN]
|  |  hash predicates: tpcds_partitioned_parquet_snap.catalog_sales.cs_bill_customer_sk = tpcds_partitioned_parquet_snap.customer_1.c_customer_sk
|  |  fk/pk conjuncts: tpcds_partitioned_parquet_snap.catalog_sales.cs_bill_customer_sk = tpcds_partitioned_parquet_snap.customer_1.c_customer_sk
|  |  runtime filters: RF014[bloom] <- tpcds_partitioned_parquet_snap.customer_1.c_customer_sk, RF015[min_max] <- tpcds_partitioned_parquet_snap.customer_1.c_customer_sk
|  |  mem-estimate=534.16MB mem-reservation=34.00MB spill-buffer=2.00MB thread-reservation=0
|  |  tuple-ids=14,16,18 row-size=185B cardinality=80.79M cost=119359176
|  |  in pipelines: 12(GETNEXT), 15(OPEN)
|  |
|  |--15:SCAN HDFS [tpcds_partitioned_parquet_snap.customer]
|  |     HDFS partitions=1/1 files=1 size=1.55GB
|  |     predicates: is_not_null_pred(tpcds_partitioned_parquet_snap.customer_1.c_customer_id)
|  |     runtime filters: RF001[min_max] -> tpcds_partitioned_parquet_snap.customer_1.c_customer_id, RF003[min_max] -> tpcds_partitioned_parquet_snap.customer_1.c_customer_id, RF005[min_max] -> tpcds_partitioned_parquet_snap.customer_1.c_customer_id, RF007[min_max] -> tpcds_partitioned_parquet_snap.customer_1.c_customer_id, RF000[bloom] -> tpcds_partitioned_parquet_snap.customer_1.c_customer_id
|  |     stored statistics:
|  |       table: rows=30.00M size=1.55GB
|  |       columns: all
|  |     extrapolated-rows=disabled max-scan-range-rows=3.10M
|  |     parquet dictionary predicates: is_not_null_pred(tpcds_partitioned_parquet_snap.customer_1.c_customer_id)
|  |     mem-estimate=16.00MB mem-reservation=1.00MB thread-reservation=0
|  |     tuple-ids=18 row-size=153B cardinality=3.00M cost=30714228
|  |     in pipelines: 15(GETNEXT)
|  |
|  14:HASH JOIN [INNER JOIN]
|  |  hash predicates: tpcds_partitioned_parquet_snap.catalog_sales.cs_sold_date_sk = tpcds_partitioned_parquet_snap.date_dim_1.d_date_sk
|  |  fk/pk conjuncts: tpcds_partitioned_parquet_snap.catalog_sales.cs_sold_date_sk = tpcds_partitioned_parquet_snap.date_dim_1.d_date_sk
|  |  runtime filters: RF016[bloom] <- tpcds_partitioned_parquet_snap.date_dim_1.d_date_sk
|  |  mem-estimate=1.94MB mem-reservation=1.94MB spill-buffer=64.00KB thread-reservation=0
|  |  tuple-ids=14,16 row-size=32B cardinality=396.57M(filtered from 880.06M) cost=261187728
|  |  in pipelines: 12(GETNEXT), 13(OPEN)
|  |
|  |--13:SCAN HDFS [tpcds_partitioned_parquet_snap.date_dim]
|  |     HDFS partitions=1/1 files=1 size=2.17MB
|  |     predicates: tpcds_partitioned_parquet_snap.date_dim_1.d_year = add(CAST(1999 AS INT), CAST(1 AS INT))
|  |     stored statistics:
|  |       table: rows=73.05K size=2.17MB
|  |       columns: all
|  |     extrapolated-rows=disabled max-scan-range-rows=73.05K
|  |     parquet statistics predicates: tpcds_partitioned_parquet_snap.date_dim_1.d_year = add(CAST(1999 AS INT), CAST(1 AS INT))
|  |     parquet dictionary predicates: tpcds_partitioned_parquet_snap.date_dim_1.d_year = add(CAST(1999 AS INT), CAST(1 AS INT))
|  |     mem-estimate=16.00MB mem-reservation=512.00KB thread-reservation=0
|  |     tuple-ids=16 row-size=8B cardinality=373 cost=10467
|  |     in pipelines: 13(GETNEXT)
|  |
|  12:SCAN HDFS [tpcds_partitioned_parquet_snap.catalog_sales]
|     HDFS partitions=1831/1831 files=1831 size=280.96GB
|     runtime filters: RF015[min_max] -> tpcds_partitioned_parquet_snap.catalog_sales.cs_bill_customer_sk, RF014[bloom] -> tpcds_partitioned_parquet_snap.catalog_sales.cs_bill_customer_sk, RF016[bloom] -> tpcds_partitioned_parquet_snap.catalog_sales.cs_sold_date_sk
|     stored statistics:
|       table: rows=4.32G size=280.96GB
|       partitions: 1831/1831 rows=4.32G
|       columns: all
|     extrapolated-rows=disabled max-scan-range-rows=21.52M est-scan-range=374(filtered from 1831)
|     mem-estimate=16.00MB mem-reservation=1.00MB thread-reservation=0
|     tuple-ids=14 row-size=24B cardinality=396.57M(filtered from 4.32G) cost=304148590
|     in pipelines: 12(GETNEXT)
|
23:AGGREGATE [FINALIZE]
|  output: sum(divide(add(subtract(subtract(tpcds_partitioned_parquet_snap.store_sales_0.ss_ext_list_price, tpcds_partitioned_parquet_snap.store_sales_0.ss_ext_wholesale_cost), tpcds_partitioned_parquet_snap.store_sales_0.ss_ext_discount_amt), tpcds_partitioned_parquet_snap.store_sales_0.ss_ext_sales_price), CAST(2 AS DECIMAL(3,0))))
|  group by: tpcds_partitioned_parquet_snap.customer_2.c_customer_id, tpcds_partitioned_parquet_snap.customer_2.c_first_name, tpcds_partitioned_parquet_snap.customer_2.c_last_name, tpcds_partitioned_parquet_snap.customer_2.c_preferred_cust_flag, tpcds_partitioned_parquet_snap.customer_2.c_birth_country, tpcds_partitioned_parquet_snap.customer_2.c_login, tpcds_partitioned_parquet_snap.customer_2.c_email_address
|  having: sum(divide(add(subtract(subtract(tpcds_partitioned_parquet_snap.store_sales_0.ss_ext_list_price, tpcds_partitioned_parquet_snap.store_sales_0.ss_ext_wholesale_cost), tpcds_partitioned_parquet_snap.store_sales_0.ss_ext_discount_amt), tpcds_partitioned_parquet_snap.store_sales_0.ss_ext_sales_price), 2)) > CAST(0 AS DECIMAL(3,0))
|  mem-estimate=9.05GB mem-reservation=34.00MB spill-buffer=2.00MB thread-reservation=0
|  tuple-ids=27 row-size=165B cardinality=162.19M cost=9573431219
|  in pipelines: 23(GETNEXT), 18(OPEN)
|
22:HASH JOIN [INNER JOIN]
|  hash predicates: tpcds_partitioned_parquet_snap.store_sales_0.ss_customer_sk = tpcds_partitioned_parquet_snap.customer_2.c_customer_sk
|  fk/pk conjuncts: tpcds_partitioned_parquet_snap.store_sales_0.ss_customer_sk = tpcds_partitioned_parquet_snap.customer_2.c_customer_sk
|  runtime filters: RF011[min_max] <- tpcds_partitioned_parquet_snap.customer_2.c_customer_sk
|  mem-estimate=5.03GB mem-reservation=34.00MB spill-buffer=2.00MB thread-reservation=0
|  tuple-ids=21,23,25 row-size=185B cardinality=1.62G cost=777080012
|  in pipelines: 18(GETNEXT), 21(OPEN)
|
|--21:SCAN HDFS [tpcds_partitioned_parquet_snap.customer]
|     HDFS partitions=1/1 files=1 size=1.55GB
|     runtime filters: RF001[min_max] -> tpcds_partitioned_parquet_snap.customer_2.c_customer_id, RF009[min_max] -> tpcds_partitioned_parquet_snap.customer_2.c_customer_id, RF003[min_max] -> tpcds_partitioned_parquet_snap.customer_2.c_customer_id, RF005[min_max] -> tpcds_partitioned_parquet_snap.customer_2.c_customer_id, RF007[min_max] -> tpcds_partitioned_parquet_snap.customer_2.c_customer_id, RF000[bloom] -> tpcds_partitioned_parquet_snap.customer_2.c_customer_id, RF008[bloom] -> tpcds_partitioned_parquet_snap.customer_2.c_customer_id
|     stored statistics:
|       table: rows=30.00M size=1.55GB
|       columns: all
|     extrapolated-rows=disabled max-scan-range-rows=3.10M
|     mem-estimate=16.00MB mem-reservation=1.00MB thread-reservation=0
|     tuple-ids=25 row-size=153B cardinality=30.00M cost=29871228
|     in pipelines: 21(GETNEXT)
|
20:HASH JOIN [INNER JOIN]
|  hash predicates: tpcds_partitioned_parquet_snap.store_sales_0.ss_sold_date_sk = tpcds_partitioned_parquet_snap.date_dim_2.d_date_sk
|  fk/pk conjuncts: tpcds_partitioned_parquet_snap.store_sales_0.ss_sold_date_sk = tpcds_partitioned_parquet_snap.date_dim_2.d_date_sk
|  runtime filters: RF012[bloom] <- tpcds_partitioned_parquet_snap.date_dim_2.d_date_sk
|  mem-estimate=1.94MB mem-reservation=1.94MB spill-buffer=64.00KB thread-reservation=0
|  tuple-ids=21,23 row-size=32B cardinality=1.77G cost=773341361
|  in pipelines: 18(GETNEXT), 19(OPEN)
|
|--19:SCAN HDFS [tpcds_partitioned_parquet_snap.date_dim]
|     HDFS partitions=1/1 files=1 size=2.17MB
|     predicates: tpcds_partitioned_parquet_snap.date_dim_2.d_year = CAST(1999 AS INT)
|     stored statistics:
|       table: rows=73.05K size=2.17MB
|       columns: all
|     extrapolated-rows=disabled max-scan-range-rows=73.05K
|     parquet statistics predicates: tpcds_partitioned_parquet_snap.date_dim_2.d_year = CAST(1999 AS INT)
|     parquet dictionary predicates: tpcds_partitioned_parquet_snap.date_dim_2.d_year = CAST(1999 AS INT)
|     mem-estimate=16.00MB mem-reservation=512.00KB thread-reservation=0
|     tuple-ids=23 row-size=8B cardinality=373 cost=10467
|     in pipelines: 19(GETNEXT)
|
18:SCAN HDFS [tpcds_partitioned_parquet_snap.store_sales]
   HDFS partitions=1824/1824 files=1824 size=389.90GB
   runtime filters: RF011[min_max] -> tpcds_partitioned_parquet_snap.store_sales_0.ss_customer_sk, RF012[bloom] -> tpcds_partitioned_parquet_snap.store_sales_0.ss_sold_date_sk
   stored statistics:
     table: rows=8.64G size=389.90GB
     partitions: 1824/1824 rows=8.64G
     columns: all
   extrapolated-rows=disabled max-scan-range-rows=390.22M est-scan-range=374(filtered from 1824)
   mem-estimate=16.00MB mem-reservation=8.00MB thread-reservation=0
   tuple-ids=21 row-size=24B cardinality=1.77G(filtered from 8.64G) cost=610616051
   in pipelines: 18(GETNEXT)
---- DISTRIBUTEDPLAN
Max Per-Host Resource Reservation: Memory=6.73GB Threads=219
Per-Host Resource Estimates: Memory=131.02GB
F28:PLAN FRAGMENT [UNPARTITIONED] hosts=1 instances=1
|  Per-Instance Resources: mem-estimate=4.17MB mem-reservation=4.00MB thread-reservation=1
|  max-parallelism=1 segment-costs=[442] cpu-comparison-result=1020 [max(1 (self) vs 1020 (sum children))]
PLAN-ROOT SINK
|  output exprs: tpcds_partitioned_parquet_snap.customer.c_customer_id, tpcds_partitioned_parquet_snap.customer.c_first_name, tpcds_partitioned_parquet_snap.customer.c_last_name, tpcds_partitioned_parquet_snap.customer.c_birth_country
|  mem-estimate=4.00MB mem-reservation=4.00MB spill-buffer=2.00MB thread-reservation=0 cost=400
|
75:MERGING-EXCHANGE [UNPARTITIONED]
|  order by: tpcds_partitioned_parquet_snap.customer.c_customer_id ASC NULLS LAST, tpcds_partitioned_parquet_snap.customer.c_first_name ASC NULLS LAST, tpcds_partitioned_parquet_snap.customer.c_last_name ASC NULLS LAST, tpcds_partitioned_parquet_snap.customer.c_birth_country ASC NULLS LAST
|  limit: 100
|  mem-estimate=174.03KB mem-reservation=0B thread-reservation=0
|  tuple-ids=42 row-size=85B cardinality=100 cost=42
|  in pipelines: 41(GETNEXT)
|
F09:PLAN FRAGMENT [HASH(tpcds_partitioned_parquet_snap.customer_2.c_customer_id)] hosts=10 instances=20 (adjusted from 120)
Per-Instance Resources: mem-estimate=29.83MB mem-reservation=0B thread-reservation=1
max-parallelism=30 segment-costs=[286406984, 253] cpu-comparison-result=1020 [max(20 (self) vs 1020 (sum children))]
41:TOP-N [LIMIT=100]
|  order by: tpcds_partitioned_parquet_snap.customer.c_customer_id ASC NULLS LAST, tpcds_partitioned_parquet_snap.customer.c_first_name ASC NULLS LAST, tpcds_partitioned_parquet_snap.customer.c_last_name ASC NULLS LAST, tpcds_partitioned_parquet_snap.customer.c_birth_country ASC NULLS LAST
|  mem-estimate=8.27KB mem-reservation=0B thread-reservation=0
|  tuple-ids=42 row-size=85B cardinality=100 cost=50313918
|  in pipelines: 41(GETNEXT), 46(OPEN)
|
40:HASH JOIN [INNER JOIN, PARTITIONED]
|  hash-table-id=00
|  hash predicates: tpcds_partitioned_parquet_snap.customer_2.c_customer_id = tpcds_partitioned_parquet_snap.customer_4.c_customer_id
|  fk/pk conjuncts: tpcds_partitioned_parquet_snap.customer_2.c_customer_id = tpcds_partitioned_parquet_snap.customer_4.c_customer_id
|  other join predicates: CASE WHEN sum(divide(add(subtract(subtract(tpcds_partitioned_parquet_snap.catalog_sales_0.cs_ext_list_price, tpcds_partitioned_parquet_snap.catalog_sales_0.cs_ext_wholesale_cost), tpcds_partitioned_parquet_snap.catalog_sales_0.cs_ext_discount_amt), tpcds_partitioned_parquet_snap.catalog_sales_0.cs_ext_sales_price), 2)) > CAST(0 AS DECIMAL(3,0)) THEN divide(sum(divide(add(subtract(subtract(tpcds_partitioned_parquet_snap.catalog_sales.cs_ext_list_price, tpcds_partitioned_parquet_snap.catalog_sales.cs_ext_wholesale_cost), tpcds_partitioned_parquet_snap.catalog_sales.cs_ext_discount_amt), tpcds_partitioned_parquet_snap.catalog_sales.cs_ext_sales_price), 2)), sum(divide(add(subtract(subtract(tpcds_partitioned_parquet_snap.catalog_sales_0.cs_ext_list_price, tpcds_partitioned_parquet_snap.catalog_sales_0.cs_ext_wholesale_cost), tpcds_partitioned_parquet_snap.catalog_sales_0.cs_ext_discount_amt), tpcds_partitioned_parquet_snap.catalog_sales_0.cs_ext_sales_price), 2))) ELSE NULL END > CASE WHEN sum(divide(add(subtract(subtract(tpcds_partitioned_parquet_snap.web_sales_0.ws_ext_list_price, tpcds_partitioned_parquet_snap.web_sales_0.ws_ext_wholesale_cost), tpcds_partitioned_parquet_snap.web_sales_0.ws_ext_discount_amt), tpcds_partitioned_parquet_snap.web_sales_0.ws_ext_sales_price), 2)) > CAST(0 AS DECIMAL(3,0)) THEN divide(sum(divide(add(subtract(subtract(tpcds_partitioned_parquet_snap.web_sales.ws_ext_list_price, tpcds_partitioned_parquet_snap.web_sales.ws_ext_wholesale_cost), tpcds_partitioned_parquet_snap.web_sales.ws_ext_discount_amt), tpcds_partitioned_parquet_snap.web_sales.ws_ext_sales_price), 2)), sum(divide(add(subtract(subtract(tpcds_partitioned_parquet_snap.web_sales_0.ws_ext_list_price, tpcds_partitioned_parquet_snap.web_sales_0.ws_ext_wholesale_cost), tpcds_partitioned_parquet_snap.web_sales_0.ws_ext_discount_amt), tpcds_partitioned_parquet_snap.web_sales_0.ws_ext_sales_price), 2))) ELSE NULL END
|  mem-estimate=0B mem-reservation=0B spill-buffer=2.00MB thread-reservation=0
|  tuple-ids=27,20,13,6,34,41 row-size=991B cardinality=4.06M cost=8431534
|  in pipelines: 46(GETNEXT), 73(OPEN)
|
|--F29:PLAN FRAGMENT [HASH(tpcds_partitioned_parquet_snap.customer_2.c_customer_id)] hosts=10 instances=20 (adjusted from 120)
|  |  Per-Instance Resources: mem-estimate=55.76MB mem-reservation=38.00MB thread-reservation=1 runtime-filters-memory=4.00MB
|  |  max-parallelism=30 segment-costs=[7604240] cpu-comparison-result=120 [max(20 (self) vs 120 (sum children))]
|  JOIN BUILD
|  |  join-table-id=00 plan-id=01 cohort-id=01
|  |  build expressions: tpcds_partitioned_parquet_snap.customer_4.c_customer_id
|  |  runtime filters: RF000[bloom] <- tpcds_partitioned_parquet_snap.customer_4.c_customer_id, RF001[min_max] <- tpcds_partitioned_parquet_snap.customer_4.c_customer_id
|  |  mem-estimate=36.81MB mem-reservation=34.00MB spill-buffer=2.00MB thread-reservation=0 cost=4064758
|  |
|  74:EXCHANGE [HASH(tpcds_partitioned_parquet_snap.customer_4.c_customer_id)]
|  |  mem-estimate=14.96MB mem-reservation=0B thread-reservation=0
|  |  tuple-ids=41 row-size=165B cardinality=4.06M cost=3539482
|  |  in pipelines: 73(GETNEXT)
|  |
|  F27:PLAN FRAGMENT [HASH(tpcds_partitioned_parquet_snap.customer_4.c_customer_id,tpcds_partitioned_parquet_snap.customer_4.c_first_name,tpcds_partitioned_parquet_snap.customer_4.c_last_name,tpcds_partitioned_parquet_snap.customer_4.c_preferred_cust_flag,tpcds_partitioned_parquet_snap.customer_4.c_birth_country,tpcds_partitioned_parquet_snap.customer_4.c_login,tpcds_partitioned_parquet_snap.customer_4.c_email_address)] hosts=10 instances=30 (adjusted from 120)
|  Per-Instance Resources: mem-estimate=258.72MB mem-reservation=34.00MB thread-reservation=1
|  max-parallelism=30 segment-costs=[275321217, 45324595] cpu-comparison-result=120 [max(30 (self) vs 120 (sum children))]
|  73:AGGREGATE [FINALIZE]
|  |  output: sum:merge(divide(add(subtract(subtract(tpcds_partitioned_parquet_snap.web_sales_0.ws_ext_list_price, tpcds_partitioned_parquet_snap.web_sales_0.ws_ext_wholesale_cost), tpcds_partitioned_parquet_snap.web_sales_0.ws_ext_discount_amt), tpcds_partitioned_parquet_snap.web_sales_0.ws_ext_sales_price), 2))
|  |  group by: tpcds_partitioned_parquet_snap.customer_4.c_customer_id, tpcds_partitioned_parquet_snap.customer_4.c_first_name, tpcds_partitioned_parquet_snap.customer_4.c_last_name, tpcds_partitioned_parquet_snap.customer_4.c_preferred_cust_flag, tpcds_partitioned_parquet_snap.customer_4.c_birth_country, tpcds_partitioned_parquet_snap.customer_4.c_login, tpcds_partitioned_parquet_snap.customer_4.c_email_address
|  |  having: sum(divide(add(subtract(subtract(tpcds_partitioned_parquet_snap.web_sales_0.ws_ext_list_price, tpcds_partitioned_parquet_snap.web_sales_0.ws_ext_wholesale_cost), tpcds_partitioned_parquet_snap.web_sales_0.ws_ext_discount_amt), tpcds_partitioned_parquet_snap.web_sales_0.ws_ext_sales_price), 2)) > CAST(0 AS DECIMAL(3,0))
|  |  mem-estimate=228.90MB mem-reservation=34.00MB spill-buffer=2.00MB thread-reservation=0
|  |  tuple-ids=41 row-size=165B cardinality=4.06M cost=239926393
|  |  in pipelines: 73(GETNEXT), 34(OPEN)
|  |
|  72:EXCHANGE [HASH(tpcds_partitioned_parquet_snap.customer_4.c_customer_id,tpcds_partitioned_parquet_snap.customer_4.c_first_name,tpcds_partitioned_parquet_snap.customer_4.c_last_name,tpcds_partitioned_parquet_snap.customer_4.c_preferred_cust_flag,tpcds_partitioned_parquet_snap.customer_4.c_birth_country,tpcds_partitioned_parquet_snap.customer_4.c_login,tpcds_partitioned_parquet_snap.customer_4.c_email_address)]
|  |  mem-estimate=29.82MB mem-reservation=0B thread-reservation=0
|  |  tuple-ids=41 row-size=165B cardinality=40.65M cost=35394824
|  |  in pipelines: 34(GETNEXT)
|  |
|  F24:PLAN FRAGMENT [RANDOM] hosts=10 instances=120
|  Per-Host Shared Resources: mem-estimate=4.00MB mem-reservation=4.00MB thread-reservation=0 runtime-filters-memory=4.00MB
|  Per-Instance Resources: mem-estimate=78.74MB mem-reservation=34.12MB thread-reservation=1
|  max-parallelism=120 segment-costs=[1175782393, 453245929] cpu-comparison-result=120 [max(120 (self) vs 31 (sum children))]
|  39:AGGREGATE [STREAMING]
|  |  output: sum(divide(add(subtract(subtract(tpcds_partitioned_parquet_snap.web_sales_0.ws_ext_list_price, tpcds_partitioned_parquet_snap.web_sales_0.ws_ext_wholesale_cost), tpcds_partitioned_parquet_snap.web_sales_0.ws_ext_discount_amt), tpcds_partitioned_parquet_snap.web_sales_0.ws_ext_sales_price), CAST(2 AS DECIMAL(3,0))))
|  |  group by: tpcds_partitioned_parquet_snap.customer_4.c_customer_id, tpcds_partitioned_parquet_snap.customer_4.c_first_name, tpcds_partitioned_parquet_snap.customer_4.c_last_name, tpcds_partitioned_parquet_snap.customer_4.c_preferred_cust_flag, tpcds_partitioned_parquet_snap.customer_4.c_birth_country, tpcds_partitioned_parquet_snap.customer_4.c_login, tpcds_partitioned_parquet_snap.customer_4.c_email_address
|  |  mem-estimate=42.92MB mem-reservation=34.00MB spill-buffer=2.00MB thread-reservation=0
|  |  tuple-ids=41 row-size=165B cardinality=40.65M cost=239926393
|  |  in pipelines: 34(GETNEXT)
|  |
|  38:HASH JOIN [INNER JOIN, BROADCAST]
|  |  hash-table-id=01
|  |  hash predicates: tpcds_partitioned_parquet_snap.web_sales_0.ws_bill_customer_sk = tpcds_partitioned_parquet_snap.customer_4.c_customer_sk
|  |  fk/pk conjuncts: tpcds_partitioned_parquet_snap.web_sales_0.ws_bill_customer_sk = tpcds_partitioned_parquet_snap.customer_4.c_customer_sk
|  |  mem-estimate=0B mem-reservation=0B spill-buffer=2.00MB thread-reservation=0
|  |  tuple-ids=35,37,39 row-size=185B cardinality=40.65M cost=58349826
|  |  in pipelines: 34(GETNEXT), 37(OPEN)
|  |
|  |--F30:PLAN FRAGMENT [RANDOM] hosts=10 instances=10
|  |  |  Per-Instance Resources: mem-estimate=549.69MB mem-reservation=412.00MB thread-reservation=1 runtime-filters-memory=4.00MB
|  |  |  max-parallelism=10 segment-costs=[6987000]
|  |  JOIN BUILD
|  |  |  join-table-id=01 plan-id=02 cohort-id=02
|  |  |  build expressions: tpcds_partitioned_parquet_snap.customer_4.c_customer_sk
|  |  |  runtime filters: RF030[bloom] <- tpcds_partitioned_parquet_snap.customer_4.c_customer_sk, RF031[min_max] <- tpcds_partitioned_parquet_snap.customer_4.c_customer_sk
|  |  |  mem-estimate=534.16MB mem-reservation=408.00MB spill-buffer=2.00MB thread-reservation=0 cost=3000000
|  |  |
|  |  71:EXCHANGE [BROADCAST]
|  |  |  mem-estimate=11.53MB mem-reservation=0B thread-reservation=0
|  |  |  tuple-ids=39 row-size=153B cardinality=3.00M cost=3987000
|  |  |  in pipelines: 37(GETNEXT)
|  |  |
|  |  F26:PLAN FRAGMENT [RANDOM] hosts=10 instances=10
|  |  Per-Instance Resources: mem-estimate=16.61MB mem-reservation=1.00MB thread-reservation=1
|  |  max-parallelism=10 segment-costs=[32019513]
|  |  37:SCAN HDFS [tpcds_partitioned_parquet_snap.customer, RANDOM]
|  |     HDFS partitions=1/1 files=1 size=1.55GB
|  |     predicates: is_not_null_pred(tpcds_partitioned_parquet_snap.customer_4.c_customer_id)
|  |     stored statistics:
|  |       table: rows=30.00M size=1.55GB
|  |       columns: all
|  |     extrapolated-rows=disabled max-scan-range-rows=3.10M
|  |     parquet dictionary predicates: is_not_null_pred(tpcds_partitioned_parquet_snap.customer_4.c_customer_id)
|  |     mem-estimate=16.00MB mem-reservation=1.00MB thread-reservation=0
|  |     tuple-ids=39 row-size=153B cardinality=3.00M cost=30714228
|  |     in pipelines: 37(GETNEXT)
|  |
|  36:HASH JOIN [INNER JOIN, BROADCAST]
|  |  hash-table-id=02
|  |  hash predicates: tpcds_partitioned_parquet_snap.web_sales_0.ws_sold_date_sk = tpcds_partitioned_parquet_snap.date_dim_4.d_date_sk
|  |  fk/pk conjuncts: tpcds_partitioned_parquet_snap.web_sales_0.ws_sold_date_sk = tpcds_partitioned_parquet_snap.date_dim_4.d_date_sk
|  |  mem-estimate=0B mem-reservation=0B spill-buffer=64.00KB thread-reservation=0
|  |  tuple-ids=35,37 row-size=32B cardinality=198.77M(filtered from 441.70M) cost=131021245
|  |  in pipelines: 34(GETNEXT), 35(OPEN)
|  |
|  |--F31:PLAN FRAGMENT [RANDOM] hosts=10 instances=10
|  |  |  Per-Instance Resources: mem-estimate=23.27MB mem-reservation=23.25MB thread-reservation=1
|  |  |  max-parallelism=10 segment-costs=[863]
|  |  JOIN BUILD
|  |  |  join-table-id=02 plan-id=03 cohort-id=02
|  |  |  build expressions: tpcds_partitioned_parquet_snap.date_dim_4.d_date_sk
|  |  |  mem-estimate=23.25MB mem-reservation=23.25MB spill-buffer=64.00KB thread-reservation=0 cost=373
|  |  |
|  |  70:EXCHANGE [BROADCAST]
|  |  |  mem-estimate=16.00KB mem-reservation=0B thread-reservation=0
|  |  |  tuple-ids=37 row-size=8B cardinality=373 cost=490
|  |  |  in pipelines: 35(GETNEXT)
|  |  |
|  |  F25:PLAN FRAGMENT [RANDOM] hosts=1 instances=1
|  |  Per-Instance Resources: mem-estimate=16.05MB mem-reservation=512.00KB thread-reservation=1
|  |  max-parallelism=1 segment-costs=[10483]
|  |  35:SCAN HDFS [tpcds_partitioned_parquet_snap.date_dim, RANDOM]
|  |     HDFS partitions=1/1 files=1 size=2.17MB
|  |     predicates: tpcds_partitioned_parquet_snap.date_dim_4.d_year = CAST(1999 AS INT)
|  |     stored statistics:
|  |       table: rows=73.05K size=2.17MB
|  |       columns: all
|  |     extrapolated-rows=disabled max-scan-range-rows=73.05K
|  |     parquet statistics predicates: tpcds_partitioned_parquet_snap.date_dim_4.d_year = CAST(1999 AS INT)
|  |     parquet dictionary predicates: tpcds_partitioned_parquet_snap.date_dim_4.d_year = CAST(1999 AS INT)
|  |     mem-estimate=16.00MB mem-reservation=512.00KB thread-reservation=0
|  |     tuple-ids=37 row-size=8B cardinality=373 cost=10467
|  |     in pipelines: 35(GETNEXT)
|  |
|  34:SCAN HDFS [tpcds_partitioned_parquet_snap.web_sales, RANDOM]
|     HDFS partitions=1824/1824 files=1824 size=145.75GB
|     runtime filters: RF031[min_max] -> tpcds_partitioned_parquet_snap.web_sales_0.ws_bill_customer_sk, RF030[bloom] -> tpcds_partitioned_parquet_snap.web_sales_0.ws_bill_customer_sk
|     stored statistics:
|       table: rows=2.16G size=145.75GB
|       partitions: 1824/1824 rows=2.16G
|       columns: all
|     extrapolated-rows=disabled max-scan-range-rows=3.37M
|     mem-estimate=16.00MB mem-reservation=128.00KB thread-reservation=0
|     tuple-ids=35 row-size=24B cardinality=198.77M(filtered from 2.16G) cost=746484929
|     in pipelines: 34(GETNEXT)
|
33:HASH JOIN [INNER JOIN, PARTITIONED]
|  hash-table-id=03
|  hash predicates: tpcds_partitioned_parquet_snap.customer_2.c_customer_id = tpcds_partitioned_parquet_snap.customer_3.c_customer_id
|  fk/pk conjuncts: tpcds_partitioned_parquet_snap.customer_2.c_customer_id = tpcds_partitioned_parquet_snap.customer_3.c_customer_id
|  other join predicates: CASE WHEN sum(divide(add(subtract(subtract(tpcds_partitioned_parquet_snap.catalog_sales_0.cs_ext_list_price, tpcds_partitioned_parquet_snap.catalog_sales_0.cs_ext_wholesale_cost), tpcds_partitioned_parquet_snap.catalog_sales_0.cs_ext_discount_amt), tpcds_partitioned_parquet_snap.catalog_sales_0.cs_ext_sales_price), 2)) > CAST(0 AS DECIMAL(3,0)) THEN divide(sum(divide(add(subtract(subtract(tpcds_partitioned_parquet_snap.catalog_sales.cs_ext_list_price, tpcds_partitioned_parquet_snap.catalog_sales.cs_ext_wholesale_cost), tpcds_partitioned_parquet_snap.catalog_sales.cs_ext_discount_amt), tpcds_partitioned_parquet_snap.catalog_sales.cs_ext_sales_price), 2)), sum(divide(add(subtract(subtract(tpcds_partitioned_parquet_snap.catalog_sales_0.cs_ext_list_price, tpcds_partitioned_parquet_snap.catalog_sales_0.cs_ext_wholesale_cost), tpcds_partitioned_parquet_snap.catalog_sales_0.cs_ext_discount_amt), tpcds_partitioned_parquet_snap.catalog_sales_0.cs_ext_sales_price), 2))) ELSE NULL END > CASE WHEN sum(divide(add(subtract(subtract(tpcds_partitioned_parquet_snap.store_sales_0.ss_ext_list_price, tpcds_partitioned_parquet_snap.store_sales_0.ss_ext_wholesale_cost), tpcds_partitioned_parquet_snap.store_sales_0.ss_ext_discount_amt), tpcds_partitioned_parquet_snap.store_sales_0.ss_ext_sales_price), 2)) > CAST(0 AS DECIMAL(3,0)) THEN divide(sum(divide(add(subtract(subtract(tpcds_partitioned_parquet_snap.store_sales.ss_ext_list_price, tpcds_partitioned_parquet_snap.store_sales.ss_ext_wholesale_cost), tpcds_partitioned_parquet_snap.store_sales.ss_ext_discount_amt), tpcds_partitioned_parquet_snap.store_sales.ss_ext_sales_price), 2)), sum(divide(add(subtract(subtract(tpcds_partitioned_parquet_snap.store_sales_0.ss_ext_list_price, tpcds_partitioned_parquet_snap.store_sales_0.ss_ext_wholesale_cost), tpcds_partitioned_parquet_snap.store_sales_0.ss_ext_discount_amt), tpcds_partitioned_parquet_snap.store_sales_0.ss_ext_sales_price), 2))) ELSE NULL END
|  mem-estimate=0B mem-reservation=0B spill-buffer=2.00MB thread-reservation=0
|  tuple-ids=27,20,13,6,34 row-size=826B cardinality=30.00M cost=13131000
|  in pipelines: 46(GETNEXT), 68(OPEN)
|
|--F32:PLAN FRAGMENT [HASH(tpcds_partitioned_parquet_snap.customer_2.c_customer_id)] hosts=10 instances=20 (adjusted from 120)
|  |  Per-Instance Resources: mem-estimate=781.55MB mem-reservation=34.00MB thread-reservation=1
|  |  max-parallelism=30 segment-costs=[151134290] cpu-comparison-result=240 [max(20 (self) vs 240 (sum children))]
|  JOIN BUILD
|  |  join-table-id=03 plan-id=04 cohort-id=01
|  |  build expressions: tpcds_partitioned_parquet_snap.customer_3.c_customer_id
|  |  runtime filters: RF003[min_max] <- tpcds_partitioned_parquet_snap.customer_3.c_customer_id
|  |  mem-estimate=751.73MB mem-reservation=34.00MB spill-buffer=2.00MB thread-reservation=0 cost=80787070
|  |
|  69:EXCHANGE [HASH(tpcds_partitioned_parquet_snap.customer_3.c_customer_id)]
|  |  mem-estimate=29.82MB mem-reservation=0B thread-reservation=0
|  |  tuple-ids=34 row-size=165B cardinality=80.79M cost=70347220
|  |  in pipelines: 68(GETNEXT)
|  |
|  F23:PLAN FRAGMENT [HASH(tpcds_partitioned_parquet_snap.customer_3.c_customer_id,tpcds_partitioned_parquet_snap.customer_3.c_first_name,tpcds_partitioned_parquet_snap.customer_3.c_last_name,tpcds_partitioned_parquet_snap.customer_3.c_preferred_cust_flag,tpcds_partitioned_parquet_snap.customer_3.c_birth_country,tpcds_partitioned_parquet_snap.customer_3.c_login,tpcds_partitioned_parquet_snap.customer_3.c_email_address)] hosts=10 instances=120
|  Per-Instance Resources: mem-estimate=1.14GB mem-reservation=34.00MB thread-reservation=1
|  max-parallelism=550 segment-costs=[5472009822, 900826381] cpu-comparison-result=240 [max(120 (self) vs 240 (sum children))]
|  68:AGGREGATE [FINALIZE]
|  |  output: sum:merge(divide(add(subtract(subtract(tpcds_partitioned_parquet_snap.catalog_sales_0.cs_ext_list_price, tpcds_partitioned_parquet_snap.catalog_sales_0.cs_ext_wholesale_cost), tpcds_partitioned_parquet_snap.catalog_sales_0.cs_ext_discount_amt), tpcds_partitioned_parquet_snap.catalog_sales_0.cs_ext_sales_price), 2))
|  |  group by: tpcds_partitioned_parquet_snap.customer_3.c_customer_id, tpcds_partitioned_parquet_snap.customer_3.c_first_name, tpcds_partitioned_parquet_snap.customer_3.c_last_name, tpcds_partitioned_parquet_snap.customer_3.c_preferred_cust_flag, tpcds_partitioned_parquet_snap.customer_3.c_birth_country, tpcds_partitioned_parquet_snap.customer_3.c_login, tpcds_partitioned_parquet_snap.customer_3.c_email_address
|  |  having: sum(divide(add(subtract(subtract(tpcds_partitioned_parquet_snap.catalog_sales_0.cs_ext_list_price, tpcds_partitioned_parquet_snap.catalog_sales_0.cs_ext_wholesale_cost), tpcds_partitioned_parquet_snap.catalog_sales_0.cs_ext_discount_amt), tpcds_partitioned_parquet_snap.catalog_sales_0.cs_ext_sales_price), 2)) > CAST(0 AS DECIMAL(3,0))
|  |  mem-estimate=1.11GB mem-reservation=34.00MB spill-buffer=2.00MB thread-reservation=0
|  |  tuple-ids=34 row-size=165B cardinality=80.79M cost=4768537611
|  |  in pipelines: 68(GETNEXT), 27(OPEN)
|  |
|  67:EXCHANGE [HASH(tpcds_partitioned_parquet_snap.customer_3.c_customer_id,tpcds_partitioned_parquet_snap.customer_3.c_first_name,tpcds_partitioned_parquet_snap.customer_3.c_last_name,tpcds_partitioned_parquet_snap.customer_3.c_preferred_cust_flag,tpcds_partitioned_parquet_snap.customer_3.c_birth_country,tpcds_partitioned_parquet_snap.customer_3.c_login,tpcds_partitioned_parquet_snap.customer_3.c_email_address)]
|  |  mem-estimate=29.82MB mem-reservation=0B thread-reservation=0
|  |  tuple-ids=34 row-size=165B cardinality=807.87M cost=703472211
|  |  in pipelines: 27(GETNEXT)
|  |
|  F22:PLAN FRAGMENT [HASH(tpcds_partitioned_parquet_snap.catalog_sales_0.cs_bill_customer_sk)] hosts=10 instances=120
|  Per-Instance Resources: mem-estimate=946.99MB mem-reservation=34.00MB thread-reservation=1
|  max-parallelism=910 segment-costs=[5400364645, 9008263849] cpu-comparison-result=240 [max(240 (self) vs 141 (sum children))]
|  32:AGGREGATE [STREAMING]
|  |  output: sum(divide(add(subtract(subtract(tpcds_partitioned_parquet_snap.catalog_sales_0.cs_ext_list_price, tpcds_partitioned_parquet_snap.catalog_sales_0.cs_ext_wholesale_cost), tpcds_partitioned_parquet_snap.catalog_sales_0.cs_ext_discount_amt), tpcds_partitioned_parquet_snap.catalog_sales_0.cs_ext_sales_price), CAST(2 AS DECIMAL(3,0))))
|  |  group by: tpcds_partitioned_parquet_snap.customer_3.c_customer_id, tpcds_partitioned_parquet_snap.customer_3.c_first_name, tpcds_partitioned_parquet_snap.customer_3.c_last_name, tpcds_partitioned_parquet_snap.customer_3.c_preferred_cust_flag, tpcds_partitioned_parquet_snap.customer_3.c_birth_country, tpcds_partitioned_parquet_snap.customer_3.c_login, tpcds_partitioned_parquet_snap.customer_3.c_email_address
|  |  mem-estimate=853.01MB mem-reservation=34.00MB spill-buffer=2.00MB thread-reservation=0
|  |  tuple-ids=34 row-size=165B cardinality=807.87M cost=4768537611
|  |  in pipelines: 27(GETNEXT)
|  |
|  31:HASH JOIN [INNER JOIN, PARTITIONED]
|  |  hash-table-id=04
|  |  hash predicates: tpcds_partitioned_parquet_snap.catalog_sales_0.cs_bill_customer_sk = tpcds_partitioned_parquet_snap.customer_3.c_customer_sk
|  |  fk/pk conjuncts: tpcds_partitioned_parquet_snap.catalog_sales_0.cs_bill_customer_sk = tpcds_partitioned_parquet_snap.customer_3.c_customer_sk
|  |  mem-estimate=0B mem-reservation=0B spill-buffer=2.00MB thread-reservation=0
|  |  tuple-ids=28,30,32 row-size=185B cardinality=807.87M cost=372121453
|  |  in pipelines: 27(GETNEXT), 30(OPEN)
|  |
|  |--F33:PLAN FRAGMENT [HASH(tpcds_partitioned_parquet_snap.catalog_sales_0.cs_bill_customer_sk)] hosts=10 instances=120
|  |  |  Per-Instance Resources: mem-estimate=54.45MB mem-reservation=34.00MB thread-reservation=1
|  |  |  max-parallelism=910 segment-costs=[54467197]
|  |  JOIN BUILD
|  |  |  join-table-id=04 plan-id=05 cohort-id=03
|  |  |  build expressions: tpcds_partitioned_parquet_snap.customer_3.c_customer_sk
|  |  |  runtime filters: RF027[min_max] <- tpcds_partitioned_parquet_snap.customer_3.c_customer_sk
|  |  |  mem-estimate=42.91MB mem-reservation=34.00MB spill-buffer=2.00MB thread-reservation=0 cost=30000000
|  |  |
|  |  66:EXCHANGE [HASH(tpcds_partitioned_parquet_snap.customer_3.c_customer_sk)]
|  |  |  mem-estimate=11.53MB mem-reservation=0B thread-reservation=0
|  |  |  tuple-ids=32 row-size=153B cardinality=30.00M cost=24467197
|  |  |  in pipelines: 30(GETNEXT)
|  |  |
|  |  F21:PLAN FRAGMENT [RANDOM] hosts=10 instances=10
|  |  Per-Host Shared Resources: mem-estimate=4.00MB mem-reservation=4.00MB thread-reservation=0 runtime-filters-memory=4.00MB
|  |  Per-Instance Resources: mem-estimate=89.66MB mem-reservation=1.00MB thread-reservation=1
|  |  max-parallelism=10 segment-costs=[341205999]
|  |  30:SCAN HDFS [tpcds_partitioned_parquet_snap.customer, RANDOM]
|  |     HDFS partitions=1/1 files=1 size=1.55GB
|  |     runtime filters: RF001[min_max] -> tpcds_partitioned_parquet_snap.customer_3.c_customer_id, RF000[bloom] -> tpcds_partitioned_parquet_snap.customer_3.c_customer_id
|  |     stored statistics:
|  |       table: rows=30.00M size=1.55GB
|  |       columns: all
|  |     extrapolated-rows=disabled max-scan-range-rows=3.10M
|  |     mem-estimate=16.00MB mem-reservation=1.00MB thread-reservation=0
|  |     tuple-ids=32 row-size=153B cardinality=30.00M cost=29871228
|  |     in pipelines: 30(GETNEXT)
|  |
|  65:EXCHANGE [HASH(tpcds_partitioned_parquet_snap.catalog_sales_0.cs_bill_customer_sk)]
|  |  mem-estimate=14.69MB mem-reservation=0B thread-reservation=0
|  |  tuple-ids=28,30 row-size=32B cardinality=880.06M cost=259705581
|  |  in pipelines: 27(GETNEXT)
|  |
|  F19:PLAN FRAGMENT [RANDOM] hosts=10 instances=120
|  Per-Host Shared Resources: mem-estimate=1.00MB mem-reservation=1.00MB thread-reservation=0 runtime-filters-memory=1.00MB
|  Per-Instance Resources: mem-estimate=34.75MB mem-reservation=1.00MB thread-reservation=1
|  max-parallelism=350 segment-costs=[3409790834]
|  29:HASH JOIN [INNER JOIN, BROADCAST]
|  |  hash-table-id=05
|  |  hash predicates: tpcds_partitioned_parquet_snap.catalog_sales_0.cs_sold_date_sk = tpcds_partitioned_parquet_snap.date_dim_3.d_date_sk
|  |  fk/pk conjuncts: tpcds_partitioned_parquet_snap.catalog_sales_0.cs_sold_date_sk = tpcds_partitioned_parquet_snap.date_dim_3.d_date_sk
|  |  mem-estimate=0B mem-reservation=0B spill-buffer=64.00KB thread-reservation=0
|  |  tuple-ids=28,30 row-size=32B cardinality=880.06M cost=385202077
|  |  in pipelines: 27(GETNEXT), 28(OPEN)
|  |
|  |--F34:PLAN FRAGMENT [RANDOM] hosts=10 instances=10
|  |  |  Per-Instance Resources: mem-estimate=24.27MB mem-reservation=24.25MB thread-reservation=1 runtime-filters-memory=1.00MB
|  |  |  max-parallelism=10 segment-costs=[863]
|  |  JOIN BUILD
|  |  |  join-table-id=05 plan-id=06 cohort-id=03
|  |  |  build expressions: tpcds_partitioned_parquet_snap.date_dim_3.d_date_sk
|  |  |  runtime filters: RF028[bloom] <- tpcds_partitioned_parquet_snap.date_dim_3.d_date_sk
|  |  |  mem-estimate=23.25MB mem-reservation=23.25MB spill-buffer=64.00KB thread-reservation=0 cost=373
|  |  |
|  |  64:EXCHANGE [BROADCAST]
|  |  |  mem-estimate=16.00KB mem-reservation=0B thread-reservation=0
|  |  |  tuple-ids=30 row-size=8B cardinality=373 cost=490
|  |  |  in pipelines: 28(GETNEXT)
|  |  |
|  |  F20:PLAN FRAGMENT [RANDOM] hosts=1 instances=1
|  |  Per-Instance Resources: mem-estimate=16.05MB mem-reservation=512.00KB thread-reservation=1
|  |  max-parallelism=1 segment-costs=[10483]
|  |  28:SCAN HDFS [tpcds_partitioned_parquet_snap.date_dim, RANDOM]
|  |     HDFS partitions=1/1 files=1 size=2.17MB
|  |     predicates: tpcds_partitioned_parquet_snap.date_dim_3.d_year = CAST(1999 AS INT)
|  |     stored statistics:
|  |       table: rows=73.05K size=2.17MB
|  |       columns: all
|  |     extrapolated-rows=disabled max-scan-range-rows=73.05K
|  |     parquet statistics predicates: tpcds_partitioned_parquet_snap.date_dim_3.d_year = CAST(1999 AS INT)
|  |     parquet dictionary predicates: tpcds_partitioned_parquet_snap.date_dim_3.d_year = CAST(1999 AS INT)
|  |     mem-estimate=16.00MB mem-reservation=512.00KB thread-reservation=0
|  |     tuple-ids=30 row-size=8B cardinality=373 cost=10467
|  |     in pipelines: 28(GETNEXT)
|  |
|  27:SCAN HDFS [tpcds_partitioned_parquet_snap.catalog_sales, RANDOM]
|     HDFS partitions=1831/1831 files=1831 size=280.96GB
|     runtime filters: RF027[min_max] -> tpcds_partitioned_parquet_snap.catalog_sales_0.cs_bill_customer_sk, RF028[bloom] -> tpcds_partitioned_parquet_snap.catalog_sales_0.cs_sold_date_sk
|     stored statistics:
|       table: rows=4.32G size=280.96GB
|       partitions: 1831/1831 rows=4.32G
|       columns: all
|     extrapolated-rows=disabled max-scan-range-rows=21.52M est-scan-range=374(filtered from 1831)
|     mem-estimate=16.00MB mem-reservation=1.00MB thread-reservation=0
|     tuple-ids=28 row-size=24B cardinality=880.06M(filtered from 4.32G) cost=304148590
|     in pipelines: 27(GETNEXT)
|
26:HASH JOIN [INNER JOIN, PARTITIONED]
|  hash-table-id=06
|  hash predicates: tpcds_partitioned_parquet_snap.customer_2.c_customer_id = tpcds_partitioned_parquet_snap.customer.c_customer_id
|  fk/pk conjuncts: tpcds_partitioned_parquet_snap.customer_2.c_customer_id = tpcds_partitioned_parquet_snap.customer.c_customer_id
|  mem-estimate=0B mem-reservation=0B spill-buffer=2.00MB thread-reservation=0
|  tuple-ids=27,20,13,6 row-size=661B cardinality=30.00M cost=13131000
|  in pipelines: 46(GETNEXT), 62(OPEN)
|
|--F35:PLAN FRAGMENT [HASH(tpcds_partitioned_parquet_snap.customer_2.c_customer_id)] hosts=10 instances=20 (adjusted from 120)
|  |  Per-Instance Resources: mem-estimate=304.47MB mem-reservation=34.00MB thread-reservation=1
|  |  max-parallelism=30 segment-costs=[56123197] cpu-comparison-result=240 [max(20 (self) vs 240 (sum children))]
|  JOIN BUILD
|  |  join-table-id=06 plan-id=07 cohort-id=01
|  |  build expressions: tpcds_partitioned_parquet_snap.customer.c_customer_id
|  |  runtime filters: RF005[min_max] <- tpcds_partitioned_parquet_snap.customer.c_customer_id
|  |  mem-estimate=274.64MB mem-reservation=34.00MB spill-buffer=2.00MB thread-reservation=0 cost=30000000
|  |
|  63:EXCHANGE [HASH(tpcds_partitioned_parquet_snap.customer.c_customer_id)]
|  |  mem-estimate=29.82MB mem-reservation=0B thread-reservation=0
|  |  tuple-ids=6 row-size=165B cardinality=30.00M cost=26123197
|  |  in pipelines: 62(GETNEXT)
|  |
|  F18:PLAN FRAGMENT [HASH(tpcds_partitioned_parquet_snap.customer.c_customer_id,tpcds_partitioned_parquet_snap.customer.c_first_name,tpcds_partitioned_parquet_snap.customer.c_last_name,tpcds_partitioned_parquet_snap.customer.c_preferred_cust_flag,tpcds_partitioned_parquet_snap.customer.c_birth_country,tpcds_partitioned_parquet_snap.customer.c_login,tpcds_partitioned_parquet_snap.customer.c_email_address)] hosts=10 instances=120
|  Per-Instance Resources: mem-estimate=1.82GB mem-reservation=34.00MB thread-reservation=1
|  max-parallelism=310 segment-costs=[3067099075, 334518771] cpu-comparison-result=240 [max(120 (self) vs 240 (sum children))]
|  62:AGGREGATE [FINALIZE]
|  |  output: sum:merge(divide(add(subtract(subtract(tpcds_partitioned_parquet_snap.store_sales.ss_ext_list_price, tpcds_partitioned_parquet_snap.store_sales.ss_ext_wholesale_cost), tpcds_partitioned_parquet_snap.store_sales.ss_ext_discount_amt), tpcds_partitioned_parquet_snap.store_sales.ss_ext_sales_price), 2))
|  |  group by: tpcds_partitioned_parquet_snap.customer.c_customer_id, tpcds_partitioned_parquet_snap.customer.c_first_name, tpcds_partitioned_parquet_snap.customer.c_last_name, tpcds_partitioned_parquet_snap.customer.c_preferred_cust_flag, tpcds_partitioned_parquet_snap.customer.c_birth_country, tpcds_partitioned_parquet_snap.customer.c_login, tpcds_partitioned_parquet_snap.customer.c_email_address
|  |  mem-estimate=1.80GB mem-reservation=34.00MB spill-buffer=2.00MB thread-reservation=0
|  |  tuple-ids=6 row-size=165B cardinality=30.00M cost=1930086569
|  |  in pipelines: 62(GETNEXT), 00(OPEN)
|  |
|  61:EXCHANGE [HASH(tpcds_partitioned_parquet_snap.customer.c_customer_id,tpcds_partitioned_parquet_snap.customer.c_first_name,tpcds_partitioned_parquet_snap.customer.c_last_name,tpcds_partitioned_parquet_snap.customer.c_preferred_cust_flag,tpcds_partitioned_parquet_snap.customer.c_birth_country,tpcds_partitioned_parquet_snap.customer.c_login,tpcds_partitioned_parquet_snap.customer.c_email_address)]
|  |  mem-estimate=29.82MB mem-reservation=0B thread-reservation=0
|  |  tuple-ids=6 row-size=165B cardinality=1.31G cost=1137012506
|  |  in pipelines: 00(GETNEXT)
|  |
|  F17:PLAN FRAGMENT [HASH(tpcds_partitioned_parquet_snap.store_sales.ss_customer_sk)] hosts=10 instances=120
|  Per-Instance Resources: mem-estimate=1.76GB mem-reservation=34.00MB thread-reservation=1
|  max-parallelism=1460 segment-costs=[9410215497, 14559933564] cpu-comparison-result=240 [max(240 (self) vs 141 (sum children))]
|  05:AGGREGATE [STREAMING]
|  |  output: sum(divide(add(subtract(subtract(tpcds_partitioned_parquet_snap.store_sales.ss_ext_list_price, tpcds_partitioned_parquet_snap.store_sales.ss_ext_wholesale_cost), tpcds_partitioned_parquet_snap.store_sales.ss_ext_discount_amt), tpcds_partitioned_parquet_snap.store_sales.ss_ext_sales_price), CAST(2 AS DECIMAL(3,0))))
|  |  group by: tpcds_partitioned_parquet_snap.customer.c_customer_id, tpcds_partitioned_parquet_snap.customer.c_first_name, tpcds_partitioned_parquet_snap.customer.c_last_name, tpcds_partitioned_parquet_snap.customer.c_preferred_cust_flag, tpcds_partitioned_parquet_snap.customer.c_birth_country, tpcds_partitioned_parquet_snap.customer.c_login, tpcds_partitioned_parquet_snap.customer.c_email_address
|  |  mem-estimate=1.67GB mem-reservation=34.00MB spill-buffer=2.00MB thread-reservation=0
|  |  tuple-ids=6 row-size=165B cardinality=1.31G cost=8141744291
|  |  in pipelines: 00(GETNEXT)
|  |
|  04:HASH JOIN [INNER JOIN, PARTITIONED]
|  |  hash-table-id=07
|  |  hash predicates: tpcds_partitioned_parquet_snap.store_sales.ss_customer_sk = tpcds_partitioned_parquet_snap.customer.c_customer_sk
|  |  fk/pk conjuncts: tpcds_partitioned_parquet_snap.store_sales.ss_customer_sk = tpcds_partitioned_parquet_snap.customer.c_customer_sk
|  |  mem-estimate=0B mem-reservation=0B spill-buffer=2.00MB thread-reservation=0
|  |  tuple-ids=0,2,4 row-size=185B cardinality=1.62G cost=747080012
|  |  in pipelines: 00(GETNEXT), 03(OPEN)
|  |
|  |--F36:PLAN FRAGMENT [HASH(tpcds_partitioned_parquet_snap.store_sales.ss_customer_sk)] hosts=10 instances=120
|  |  |  Per-Instance Resources: mem-estimate=54.45MB mem-reservation=34.00MB thread-reservation=1
|  |  |  max-parallelism=1460 segment-costs=[54467197]
|  |  JOIN BUILD
|  |  |  join-table-id=07 plan-id=08 cohort-id=04
|  |  |  build expressions: tpcds_partitioned_parquet_snap.customer.c_customer_sk
|  |  |  runtime filters: RF023[min_max] <- tpcds_partitioned_parquet_snap.customer.c_customer_sk
|  |  |  mem-estimate=42.91MB mem-reservation=34.00MB spill-buffer=2.00MB thread-reservation=0 cost=30000000
|  |  |
|  |  60:EXCHANGE [HASH(tpcds_partitioned_parquet_snap.customer.c_customer_sk)]
|  |  |  mem-estimate=11.53MB mem-reservation=0B thread-reservation=0
|  |  |  tuple-ids=4 row-size=153B cardinality=30.00M cost=24467197
|  |  |  in pipelines: 03(GETNEXT)
|  |  |
|  |  F16:PLAN FRAGMENT [RANDOM] hosts=10 instances=10
|  |  Per-Host Shared Resources: mem-estimate=4.00MB mem-reservation=4.00MB thread-reservation=0 runtime-filters-memory=4.00MB
|  |  Per-Instance Resources: mem-estimate=89.66MB mem-reservation=1.00MB thread-reservation=1
|  |  max-parallelism=10 segment-costs=[341205999]
|  |  03:SCAN HDFS [tpcds_partitioned_parquet_snap.customer, RANDOM]
|  |     HDFS partitions=1/1 files=1 size=1.55GB
|  |     runtime filters: RF001[min_max] -> tpcds_partitioned_parquet_snap.customer.c_customer_id, RF003[min_max] -> tpcds_partitioned_parquet_snap.customer.c_customer_id, RF000[bloom] -> tpcds_partitioned_parquet_snap.customer.c_customer_id
|  |     stored statistics:
|  |       table: rows=30.00M size=1.55GB
|  |       columns: all
|  |     extrapolated-rows=disabled max-scan-range-rows=3.10M
|  |     mem-estimate=16.00MB mem-reservation=1.00MB thread-reservation=0
|  |     tuple-ids=4 row-size=153B cardinality=30.00M cost=29871228
|  |     in pipelines: 03(GETNEXT)
|  |
|  59:EXCHANGE [HASH(tpcds_partitioned_parquet_snap.store_sales.ss_customer_sk)]
|  |  mem-estimate=14.69MB mem-reservation=0B thread-reservation=0
|  |  tuple-ids=0,2 row-size=32B cardinality=1.77G cost=521391194
|  |  in pipelines: 00(GETNEXT)
|  |
|  F14:PLAN FRAGMENT [RANDOM] hosts=10 instances=120
|  Per-Host Shared Resources: mem-estimate=1.00MB mem-reservation=1.00MB thread-reservation=0 runtime-filters-memory=1.00MB
|  Per-Instance Resources: mem-estimate=34.75MB mem-reservation=8.00MB thread-reservation=1
|  max-parallelism=374 segment-costs=[6845578389]
|  02:HASH JOIN [INNER JOIN, BROADCAST]
|  |  hash-table-id=08
|  |  hash predicates: tpcds_partitioned_parquet_snap.store_sales.ss_sold_date_sk = tpcds_partitioned_parquet_snap.date_dim.d_date_sk
|  |  fk/pk conjuncts: tpcds_partitioned_parquet_snap.store_sales.ss_sold_date_sk = tpcds_partitioned_parquet_snap.date_dim.d_date_sk
|  |  mem-estimate=0B mem-reservation=0B spill-buffer=64.00KB thread-reservation=0
|  |  tuple-ids=0,2 row-size=32B cardinality=1.77G cost=773340988
|  |  in pipelines: 00(GETNEXT), 01(OPEN)
|  |
|  |--F37:PLAN FRAGMENT [RANDOM] hosts=10 instances=10
|  |  |  Per-Instance Resources: mem-estimate=24.27MB mem-reservation=24.25MB thread-reservation=1 runtime-filters-memory=1.00MB
|  |  |  max-parallelism=10 segment-costs=[863]
|  |  JOIN BUILD
|  |  |  join-table-id=08 plan-id=09 cohort-id=04
|  |  |  build expressions: tpcds_partitioned_parquet_snap.date_dim.d_date_sk
|  |  |  runtime filters: RF024[bloom] <- tpcds_partitioned_parquet_snap.date_dim.d_date_sk
|  |  |  mem-estimate=23.25MB mem-reservation=23.25MB spill-buffer=64.00KB thread-reservation=0 cost=373
|  |  |
|  |  58:EXCHANGE [BROADCAST]
|  |  |  mem-estimate=16.00KB mem-reservation=0B thread-reservation=0
|  |  |  tuple-ids=2 row-size=8B cardinality=373 cost=490
|  |  |  in pipelines: 01(GETNEXT)
|  |  |
|  |  F15:PLAN FRAGMENT [RANDOM] hosts=1 instances=1
|  |  Per-Instance Resources: mem-estimate=16.05MB mem-reservation=512.00KB thread-reservation=1
|  |  max-parallelism=1 segment-costs=[10483]
|  |  01:SCAN HDFS [tpcds_partitioned_parquet_snap.date_dim, RANDOM]
|  |     HDFS partitions=1/1 files=1 size=2.17MB
|  |     predicates: tpcds_partitioned_parquet_snap.date_dim.d_year = add(CAST(1999 AS INT), CAST(1 AS INT))
|  |     stored statistics:
|  |       table: rows=73.05K size=2.17MB
|  |       columns: all
|  |     extrapolated-rows=disabled max-scan-range-rows=73.05K
|  |     parquet statistics predicates: tpcds_partitioned_parquet_snap.date_dim.d_year = add(CAST(1999 AS INT), CAST(1 AS INT))
|  |     parquet dictionary predicates: tpcds_partitioned_parquet_snap.date_dim.d_year = add(CAST(1999 AS INT), CAST(1 AS INT))
|  |     mem-estimate=16.00MB mem-reservation=512.00KB thread-reservation=0
|  |     tuple-ids=2 row-size=8B cardinality=373 cost=10467
|  |     in pipelines: 01(GETNEXT)
|  |
|  00:SCAN HDFS [tpcds_partitioned_parquet_snap.store_sales, RANDOM]
|     HDFS partitions=1824/1824 files=1824 size=389.90GB
|     runtime filters: RF023[min_max] -> tpcds_partitioned_parquet_snap.store_sales.ss_customer_sk, RF024[bloom] -> tpcds_partitioned_parquet_snap.store_sales.ss_sold_date_sk
|     stored statistics:
|       table: rows=8.64G size=389.90GB
|       partitions: 1824/1824 rows=8.64G
|       columns: all
|     extrapolated-rows=disabled max-scan-range-rows=390.22M est-scan-range=374(filtered from 1824)
|     mem-estimate=16.00MB mem-reservation=8.00MB thread-reservation=0
|     tuple-ids=0 row-size=24B cardinality=1.77G(filtered from 8.64G) cost=610616051
|     in pipelines: 00(GETNEXT)
|
25:HASH JOIN [INNER JOIN, PARTITIONED]
|  hash-table-id=09
|  hash predicates: tpcds_partitioned_parquet_snap.customer_2.c_customer_id = tpcds_partitioned_parquet_snap.customer_0.c_customer_id
|  fk/pk conjuncts: tpcds_partitioned_parquet_snap.customer_2.c_customer_id = tpcds_partitioned_parquet_snap.customer_0.c_customer_id
|  mem-estimate=0B mem-reservation=0B spill-buffer=2.00MB thread-reservation=0
|  tuple-ids=27,20,13 row-size=495B cardinality=30.00M cost=13131000
|  in pipelines: 46(GETNEXT), 56(OPEN)
|
|--F38:PLAN FRAGMENT [HASH(tpcds_partitioned_parquet_snap.customer_2.c_customer_id)] hosts=10 instances=20 (adjusted from 120)
|  |  Per-Instance Resources: mem-estimate=291.25MB mem-reservation=34.00MB thread-reservation=1
|  |  max-parallelism=30 segment-costs=[56123197] cpu-comparison-result=60 [max(20 (self) vs 60 (sum children))]
|  JOIN BUILD
|  |  join-table-id=09 plan-id=10 cohort-id=01
|  |  build expressions: tpcds_partitioned_parquet_snap.customer_0.c_customer_id
|  |  runtime filters: RF007[min_max] <- tpcds_partitioned_parquet_snap.customer_0.c_customer_id
|  |  mem-estimate=274.64MB mem-reservation=34.00MB spill-buffer=2.00MB thread-reservation=0 cost=30000000
|  |
|  57:EXCHANGE [HASH(tpcds_partitioned_parquet_snap.customer_0.c_customer_id)]
|  |  mem-estimate=16.61MB mem-reservation=0B thread-reservation=0
|  |  tuple-ids=13 row-size=165B cardinality=30.00M cost=26123197
|  |  in pipelines: 56(GETNEXT)
|  |
|  F13:PLAN FRAGMENT [HASH(tpcds_partitioned_parquet_snap.customer_0.c_customer_id,tpcds_partitioned_parquet_snap.customer_0.c_first_name,tpcds_partitioned_parquet_snap.customer_0.c_last_name,tpcds_partitioned_parquet_snap.customer_0.c_preferred_cust_flag,tpcds_partitioned_parquet_snap.customer_0.c_birth_country,tpcds_partitioned_parquet_snap.customer_0.c_login,tpcds_partitioned_parquet_snap.customer_0.c_email_address)] hosts=10 instances=40 (adjusted from 120)
|  Per-Instance Resources: mem-estimate=190.62MB mem-reservation=34.00MB thread-reservation=1
|  max-parallelism=40 segment-costs=[226590531, 334518771] cpu-comparison-result=60 [max(40 (self) vs 60 (sum children))]
|  56:AGGREGATE [FINALIZE]
|  |  output: sum:merge(divide(add(subtract(subtract(tpcds_partitioned_parquet_snap.web_sales.ws_ext_list_price, tpcds_partitioned_parquet_snap.web_sales.ws_ext_wholesale_cost), tpcds_partitioned_parquet_snap.web_sales.ws_ext_discount_amt), tpcds_partitioned_parquet_snap.web_sales.ws_ext_sales_price), 2))
|  |  group by: tpcds_partitioned_parquet_snap.customer_0.c_customer_id, tpcds_partitioned_parquet_snap.customer_0.c_first_name, tpcds_partitioned_parquet_snap.customer_0.c_last_name, tpcds_partitioned_parquet_snap.customer_0.c_preferred_cust_flag, tpcds_partitioned_parquet_snap.customer_0.c_birth_country, tpcds_partitioned_parquet_snap.customer_0.c_login, tpcds_partitioned_parquet_snap.customer_0.c_email_address
|  |  mem-estimate=170.71MB mem-reservation=34.00MB spill-buffer=2.00MB thread-reservation=0
|  |  tuple-ids=13 row-size=165B cardinality=30.00M cost=191394747
|  |  in pipelines: 56(GETNEXT), 06(OPEN)
|  |
|  55:EXCHANGE [HASH(tpcds_partitioned_parquet_snap.customer_0.c_customer_id,tpcds_partitioned_parquet_snap.customer_0.c_first_name,tpcds_partitioned_parquet_snap.customer_0.c_last_name,tpcds_partitioned_parquet_snap.customer_0.c_preferred_cust_flag,tpcds_partitioned_parquet_snap.customer_0.c_birth_country,tpcds_partitioned_parquet_snap.customer_0.c_login,tpcds_partitioned_parquet_snap.customer_0.c_email_address)]
|  |  mem-estimate=19.91MB mem-reservation=0B thread-reservation=0
|  |  tuple-ids=13 row-size=165B cardinality=40.42M cost=35195784
|  |  in pipelines: 06(GETNEXT)
|  |
|  F10:PLAN FRAGMENT [RANDOM] hosts=10 instances=60 (adjusted from 120)
|  Per-Host Shared Resources: mem-estimate=5.00MB mem-reservation=5.00MB thread-reservation=0 runtime-filters-memory=5.00MB
|  Per-Instance Resources: mem-estimate=128.27MB mem-reservation=34.12MB thread-reservation=1
|  max-parallelism=60 segment-costs=[580915243, 450697141] cpu-comparison-result=60 [max(60 (self) vs 31 (sum children))]
|  11:AGGREGATE [STREAMING]
|  |  output: sum(divide(add(subtract(subtract(tpcds_partitioned_parquet_snap.web_sales.ws_ext_list_price, tpcds_partitioned_parquet_snap.web_sales.ws_ext_wholesale_cost), tpcds_partitioned_parquet_snap.web_sales.ws_ext_discount_amt), tpcds_partitioned_parquet_snap.web_sales.ws_ext_sales_price), CAST(2 AS DECIMAL(3,0))))
|  |  group by: tpcds_partitioned_parquet_snap.customer_0.c_customer_id, tpcds_partitioned_parquet_snap.customer_0.c_first_name, tpcds_partitioned_parquet_snap.customer_0.c_last_name, tpcds_partitioned_parquet_snap.customer_0.c_preferred_cust_flag, tpcds_partitioned_parquet_snap.customer_0.c_birth_country, tpcds_partitioned_parquet_snap.customer_0.c_login, tpcds_partitioned_parquet_snap.customer_0.c_email_address
|  |  mem-estimate=85.84MB mem-reservation=34.00MB spill-buffer=2.00MB thread-reservation=0
|  |  tuple-ids=13 row-size=165B cardinality=40.42M cost=238891278
|  |  in pipelines: 06(GETNEXT)
|  |
|  10:HASH JOIN [INNER JOIN, BROADCAST]
|  |  hash-table-id=10
|  |  hash predicates: tpcds_partitioned_parquet_snap.web_sales.ws_bill_customer_sk = tpcds_partitioned_parquet_snap.customer_0.c_customer_sk
|  |  fk/pk conjuncts: tpcds_partitioned_parquet_snap.web_sales.ws_bill_customer_sk = tpcds_partitioned_parquet_snap.customer_0.c_customer_sk
|  |  mem-estimate=0B mem-reservation=0B spill-buffer=2.00MB thread-reservation=0
|  |  tuple-ids=7,9,11 row-size=185B cardinality=40.65M cost=58349826
|  |  in pipelines: 06(GETNEXT), 09(OPEN)
|  |
|  |--F39:PLAN FRAGMENT [RANDOM] hosts=10 instances=10
|  |  |  Per-Instance Resources: mem-estimate=549.69MB mem-reservation=208.00MB thread-reservation=1 runtime-filters-memory=4.00MB
|  |  |  max-parallelism=10 segment-costs=[6987000]
|  |  JOIN BUILD
|  |  |  join-table-id=10 plan-id=11 cohort-id=05
|  |  |  build expressions: tpcds_partitioned_parquet_snap.customer_0.c_customer_sk
|  |  |  runtime filters: RF018[bloom] <- tpcds_partitioned_parquet_snap.customer_0.c_customer_sk, RF019[min_max] <- tpcds_partitioned_parquet_snap.customer_0.c_customer_sk
|  |  |  mem-estimate=534.16MB mem-reservation=204.00MB spill-buffer=2.00MB thread-reservation=0 cost=3000000
|  |  |
|  |  54:EXCHANGE [BROADCAST]
|  |  |  mem-estimate=11.53MB mem-reservation=0B thread-reservation=0
|  |  |  tuple-ids=11 row-size=153B cardinality=3.00M cost=3987000
|  |  |  in pipelines: 09(GETNEXT)
|  |  |
|  |  F12:PLAN FRAGMENT [RANDOM] hosts=10 instances=10
|  |  Per-Host Shared Resources: mem-estimate=4.00MB mem-reservation=4.00MB thread-reservation=0 runtime-filters-memory=4.00MB
|  |  Per-Instance Resources: mem-estimate=16.61MB mem-reservation=1.00MB thread-reservation=1
|  |  max-parallelism=10 segment-costs=[32019513]
|  |  09:SCAN HDFS [tpcds_partitioned_parquet_snap.customer, RANDOM]
|  |     HDFS partitions=1/1 files=1 size=1.55GB
|  |     predicates: is_not_null_pred(tpcds_partitioned_parquet_snap.customer_0.c_customer_id)
|  |     runtime filters: RF001[min_max] -> tpcds_partitioned_parquet_snap.customer_0.c_customer_id, RF003[min_max] -> tpcds_partitioned_parquet_snap.customer_0.c_customer_id, RF005[min_max] -> tpcds_partitioned_parquet_snap.customer_0.c_customer_id, RF000[bloom] -> tpcds_partitioned_parquet_snap.customer_0.c_customer_id
|  |     stored statistics:
|  |       table: rows=30.00M size=1.55GB
|  |       columns: all
|  |     extrapolated-rows=disabled max-scan-range-rows=3.10M
|  |     parquet dictionary predicates: is_not_null_pred(tpcds_partitioned_parquet_snap.customer_0.c_customer_id)
|  |     mem-estimate=16.00MB mem-reservation=1.00MB thread-reservation=0
|  |     tuple-ids=11 row-size=153B cardinality=3.00M cost=30714228
|  |     in pipelines: 09(GETNEXT)
|  |
|  08:HASH JOIN [INNER JOIN, BROADCAST]
|  |  hash-table-id=11
|  |  hash predicates: tpcds_partitioned_parquet_snap.web_sales.ws_sold_date_sk = tpcds_partitioned_parquet_snap.date_dim_0.d_date_sk
|  |  fk/pk conjuncts: tpcds_partitioned_parquet_snap.web_sales.ws_sold_date_sk = tpcds_partitioned_parquet_snap.date_dim_0.d_date_sk
|  |  mem-estimate=0B mem-reservation=0B spill-buffer=64.00KB thread-reservation=0
|  |  tuple-ids=7,9 row-size=32B cardinality=198.77M(filtered from 441.70M) cost=131021245
|  |  in pipelines: 06(GETNEXT), 07(OPEN)
|  |
|  |--F40:PLAN FRAGMENT [RANDOM] hosts=10 instances=10
|  |  |  Per-Instance Resources: mem-estimate=12.64MB mem-reservation=12.62MB thread-reservation=1 runtime-filters-memory=1.00MB
|  |  |  max-parallelism=10 segment-costs=[863]
|  |  JOIN BUILD
|  |  |  join-table-id=11 plan-id=12 cohort-id=05
|  |  |  build expressions: tpcds_partitioned_parquet_snap.date_dim_0.d_date_sk
|  |  |  runtime filters: RF020[bloom] <- tpcds_partitioned_parquet_snap.date_dim_0.d_date_sk
|  |  |  mem-estimate=11.62MB mem-reservation=11.62MB spill-buffer=64.00KB thread-reservation=0 cost=373
|  |  |
|  |  53:EXCHANGE [BROADCAST]
|  |  |  mem-estimate=16.00KB mem-reservation=0B thread-reservation=0
|  |  |  tuple-ids=9 row-size=8B cardinality=373 cost=490
|  |  |  in pipelines: 07(GETNEXT)
|  |  |
|  |  F11:PLAN FRAGMENT [RANDOM] hosts=1 instances=1
|  |  Per-Instance Resources: mem-estimate=16.05MB mem-reservation=512.00KB thread-reservation=1
|  |  max-parallelism=1 segment-costs=[10483]
|  |  07:SCAN HDFS [tpcds_partitioned_parquet_snap.date_dim, RANDOM]
|  |     HDFS partitions=1/1 files=1 size=2.17MB
|  |     predicates: tpcds_partitioned_parquet_snap.date_dim_0.d_year = add(CAST(1999 AS INT), CAST(1 AS INT))
|  |     stored statistics:
|  |       table: rows=73.05K size=2.17MB
|  |       columns: all
|  |     extrapolated-rows=disabled max-scan-range-rows=73.05K
|  |     parquet statistics predicates: tpcds_partitioned_parquet_snap.date_dim_0.d_year = add(CAST(1999 AS INT), CAST(1 AS INT))
|  |     parquet dictionary predicates: tpcds_partitioned_parquet_snap.date_dim_0.d_year = add(CAST(1999 AS INT), CAST(1 AS INT))
|  |     mem-estimate=16.00MB mem-reservation=512.00KB thread-reservation=0
|  |     tuple-ids=9 row-size=8B cardinality=373 cost=10467
|  |     in pipelines: 07(GETNEXT)
|  |
|  06:SCAN HDFS [tpcds_partitioned_parquet_snap.web_sales, RANDOM]
|     HDFS partitions=1824/1824 files=1824 size=145.75GB
|     runtime filters: RF019[min_max] -> tpcds_partitioned_parquet_snap.web_sales.ws_bill_customer_sk, RF018[bloom] -> tpcds_partitioned_parquet_snap.web_sales.ws_bill_customer_sk, RF020[bloom] -> tpcds_partitioned_parquet_snap.web_sales.ws_sold_date_sk
|     stored statistics:
|       table: rows=2.16G size=145.75GB
|       partitions: 1824/1824 rows=2.16G
|       columns: all
|     extrapolated-rows=disabled max-scan-range-rows=3.37M est-scan-range=374(filtered from 1824)
|     mem-estimate=16.00MB mem-reservation=128.00KB thread-reservation=0
|     tuple-ids=7 row-size=24B cardinality=198.77M(filtered from 2.16G) cost=152652894
|     in pipelines: 06(GETNEXT)
|
24:HASH JOIN [INNER JOIN, PARTITIONED]
|  hash-table-id=12
|  hash predicates: tpcds_partitioned_parquet_snap.customer_2.c_customer_id = tpcds_partitioned_parquet_snap.customer_1.c_customer_id
|  fk/pk conjuncts: tpcds_partitioned_parquet_snap.customer_2.c_customer_id = tpcds_partitioned_parquet_snap.customer_1.c_customer_id
|  mem-estimate=0B mem-reservation=0B spill-buffer=2.00MB thread-reservation=0
|  tuple-ids=27,20 row-size=330B cardinality=30.00M cost=47037753
|  in pipelines: 46(GETNEXT), 50(OPEN)
|
|--F41:PLAN FRAGMENT [HASH(tpcds_partitioned_parquet_snap.customer_2.c_customer_id)] hosts=10 instances=20 (adjusted from 120)
|  |  Per-Instance Resources: mem-estimate=307.25MB mem-reservation=50.00MB thread-reservation=1 runtime-filters-memory=16.00MB
|  |  max-parallelism=30 segment-costs=[56123197] cpu-comparison-result=120 [max(20 (self) vs 120 (sum children))]
|  JOIN BUILD
|  |  join-table-id=12 plan-id=13 cohort-id=01
|  |  build expressions: tpcds_partitioned_parquet_snap.customer_1.c_customer_id
|  |  runtime filters: RF008[bloom] <- tpcds_partitioned_parquet_snap.customer_1.c_customer_id, RF009[min_max] <- tpcds_partitioned_parquet_snap.customer_1.c_customer_id
|  |  mem-estimate=274.64MB mem-reservation=34.00MB spill-buffer=2.00MB thread-reservation=0 cost=30000000
|  |
|  52:EXCHANGE [HASH(tpcds_partitioned_parquet_snap.customer_1.c_customer_id)]
|  |  mem-estimate=16.61MB mem-reservation=0B thread-reservation=0
|  |  tuple-ids=20 row-size=165B cardinality=30.00M cost=26123197
|  |  in pipelines: 50(GETNEXT)
|  |
|  F08:PLAN FRAGMENT [HASH(tpcds_partitioned_parquet_snap.customer_1.c_customer_id,tpcds_partitioned_parquet_snap.customer_1.c_first_name,tpcds_partitioned_parquet_snap.customer_1.c_last_name,tpcds_partitioned_parquet_snap.customer_1.c_preferred_cust_flag,tpcds_partitioned_parquet_snap.customer_1.c_birth_country,tpcds_partitioned_parquet_snap.customer_1.c_login,tpcds_partitioned_parquet_snap.customer_1.c_email_address)] hosts=10 instances=40 (adjusted from 120)
|  Per-Instance Resources: mem-estimate=367.23MB mem-reservation=34.00MB thread-reservation=1
|  max-parallelism=40 segment-costs=[315192267, 334518771] cpu-comparison-result=120 [max(40 (self) vs 120 (sum children))]
|  50:AGGREGATE [FINALIZE]
|  |  output: sum:merge(divide(add(subtract(subtract(tpcds_partitioned_parquet_snap.catalog_sales.cs_ext_list_price, tpcds_partitioned_parquet_snap.catalog_sales.cs_ext_wholesale_cost), tpcds_partitioned_parquet_snap.catalog_sales.cs_ext_discount_amt), tpcds_partitioned_parquet_snap.catalog_sales.cs_ext_sales_price), 2))
|  |  group by: tpcds_partitioned_parquet_snap.customer_1.c_customer_id, tpcds_partitioned_parquet_snap.customer_1.c_first_name, tpcds_partitioned_parquet_snap.customer_1.c_last_name, tpcds_partitioned_parquet_snap.customer_1.c_preferred_cust_flag, tpcds_partitioned_parquet_snap.customer_1.c_birth_country, tpcds_partitioned_parquet_snap.customer_1.c_login, tpcds_partitioned_parquet_snap.customer_1.c_email_address
|  |  mem-estimate=337.40MB mem-reservation=34.00MB spill-buffer=2.00MB thread-reservation=0
|  |  tuple-ids=20 row-size=165B cardinality=30.00M cost=245628386
|  |  in pipelines: 50(GETNEXT), 12(OPEN)
|  |
|  49:EXCHANGE [HASH(tpcds_partitioned_parquet_snap.customer_1.c_customer_id,tpcds_partitioned_parquet_snap.customer_1.c_first_name,tpcds_partitioned_parquet_snap.customer_1.c_last_name,tpcds_partitioned_parquet_snap.customer_1.c_preferred_cust_flag,tpcds_partitioned_parquet_snap.customer_1.c_birth_country,tpcds_partitioned_parquet_snap.customer_1.c_login,tpcds_partitioned_parquet_snap.customer_1.c_email_address)]
|  |  mem-estimate=29.82MB mem-reservation=0B thread-reservation=0
|  |  tuple-ids=20 row-size=165B cardinality=79.89M cost=69563881
|  |  in pipelines: 12(GETNEXT)
|  |
|  F05:PLAN FRAGMENT [RANDOM] hosts=10 instances=120
|  Per-Host Shared Resources: mem-estimate=5.00MB mem-reservation=5.00MB thread-reservation=0 runtime-filters-memory=5.00MB
|  Per-Instance Resources: mem-estimate=127.73MB mem-reservation=35.00MB thread-reservation=1
|  max-parallelism=120 segment-costs=[1154475088, 890795390] cpu-comparison-result=120 [max(120 (self) vs 31 (sum children))]
|  17:AGGREGATE [STREAMING]
|  |  output: sum(divide(add(subtract(subtract(tpcds_partitioned_parquet_snap.catalog_sales.cs_ext_list_price, tpcds_partitioned_parquet_snap.catalog_sales.cs_ext_wholesale_cost), tpcds_partitioned_parquet_snap.catalog_sales.cs_ext_discount_amt), tpcds_partitioned_parquet_snap.catalog_sales.cs_ext_sales_price), CAST(2 AS DECIMAL(3,0))))
|  |  group by: tpcds_partitioned_parquet_snap.customer_1.c_customer_id, tpcds_partitioned_parquet_snap.customer_1.c_first_name, tpcds_partitioned_parquet_snap.customer_1.c_last_name, tpcds_partitioned_parquet_snap.customer_1.c_preferred_cust_flag, tpcds_partitioned_parquet_snap.customer_1.c_birth_country, tpcds_partitioned_parquet_snap.customer_1.c_login, tpcds_partitioned_parquet_snap.customer_1.c_email_address
|  |  mem-estimate=85.30MB mem-reservation=34.00MB spill-buffer=2.00MB thread-reservation=0
|  |  tuple-ids=20 row-size=165B cardinality=79.89M cost=472779967
|  |  in pipelines: 12(GETNEXT)
|  |
|  16:HASH JOIN [INNER JOIN, BROADCAST]
|  |  hash-table-id=13
|  |  hash predicates: tpcds_partitioned_parquet_snap.catalog_sales.cs_bill_customer_sk = tpcds_partitioned_parquet_snap.customer_1.c_customer_sk
|  |  fk/pk conjuncts: tpcds_partitioned_parquet_snap.catalog_sales.cs_bill_customer_sk = tpcds_partitioned_parquet_snap.customer_1.c_customer_sk
|  |  mem-estimate=0B mem-reservation=0B spill-buffer=2.00MB thread-reservation=0
|  |  tuple-ids=14,16,18 row-size=185B cardinality=80.79M cost=116359176
|  |  in pipelines: 12(GETNEXT), 15(OPEN)
|  |
|  |--F42:PLAN FRAGMENT [RANDOM] hosts=10 instances=10
|  |  |  Per-Instance Resources: mem-estimate=549.69MB mem-reservation=412.00MB thread-reservation=1 runtime-filters-memory=4.00MB
|  |  |  max-parallelism=10 segment-costs=[6987000]
|  |  JOIN BUILD
|  |  |  join-table-id=13 plan-id=14 cohort-id=06
|  |  |  build expressions: tpcds_partitioned_parquet_snap.customer_1.c_customer_sk
|  |  |  runtime filters: RF014[bloom] <- tpcds_partitioned_parquet_snap.customer_1.c_customer_sk, RF015[min_max] <- tpcds_partitioned_parquet_snap.customer_1.c_customer_sk
|  |  |  mem-estimate=534.16MB mem-reservation=408.00MB spill-buffer=2.00MB thread-reservation=0 cost=3000000
|  |  |
|  |  48:EXCHANGE [BROADCAST]
|  |  |  mem-estimate=11.53MB mem-reservation=0B thread-reservation=0
|  |  |  tuple-ids=18 row-size=153B cardinality=3.00M cost=3987000
|  |  |  in pipelines: 15(GETNEXT)
|  |  |
|  |  F07:PLAN FRAGMENT [RANDOM] hosts=10 instances=10
|  |  Per-Host Shared Resources: mem-estimate=4.00MB mem-reservation=4.00MB thread-reservation=0 runtime-filters-memory=4.00MB
|  |  Per-Instance Resources: mem-estimate=16.61MB mem-reservation=1.00MB thread-reservation=1
|  |  max-parallelism=10 segment-costs=[32019513]
|  |  15:SCAN HDFS [tpcds_partitioned_parquet_snap.customer, RANDOM]
|  |     HDFS partitions=1/1 files=1 size=1.55GB
|  |     predicates: is_not_null_pred(tpcds_partitioned_parquet_snap.customer_1.c_customer_id)
|  |     runtime filters: RF001[min_max] -> tpcds_partitioned_parquet_snap.customer_1.c_customer_id, RF003[min_max] -> tpcds_partitioned_parquet_snap.customer_1.c_customer_id, RF005[min_max] -> tpcds_partitioned_parquet_snap.customer_1.c_customer_id, RF007[min_max] -> tpcds_partitioned_parquet_snap.customer_1.c_customer_id, RF000[bloom] -> tpcds_partitioned_parquet_snap.customer_1.c_customer_id
|  |     stored statistics:
|  |       table: rows=30.00M size=1.55GB
|  |       columns: all
|  |     extrapolated-rows=disabled max-scan-range-rows=3.10M
|  |     parquet dictionary predicates: is_not_null_pred(tpcds_partitioned_parquet_snap.customer_1.c_customer_id)
|  |     mem-estimate=16.00MB mem-reservation=1.00MB thread-reservation=0
|  |     tuple-ids=18 row-size=153B cardinality=3.00M cost=30714228
|  |     in pipelines: 15(GETNEXT)
|  |
|  14:HASH JOIN [INNER JOIN, BROADCAST]
|  |  hash-table-id=14
|  |  hash predicates: tpcds_partitioned_parquet_snap.catalog_sales.cs_sold_date_sk = tpcds_partitioned_parquet_snap.date_dim_1.d_date_sk
|  |  fk/pk conjuncts: tpcds_partitioned_parquet_snap.catalog_sales.cs_sold_date_sk = tpcds_partitioned_parquet_snap.date_dim_1.d_date_sk
|  |  mem-estimate=0B mem-reservation=0B spill-buffer=64.00KB thread-reservation=0
|  |  tuple-ids=14,16 row-size=32B cardinality=396.57M(filtered from 880.06M) cost=261187355
|  |  in pipelines: 12(GETNEXT), 13(OPEN)
|  |
|  |--F43:PLAN FRAGMENT [RANDOM] hosts=10 instances=10
|  |  |  Per-Instance Resources: mem-estimate=24.27MB mem-reservation=24.25MB thread-reservation=1 runtime-filters-memory=1.00MB
|  |  |  max-parallelism=10 segment-costs=[863]
|  |  JOIN BUILD
|  |  |  join-table-id=14 plan-id=15 cohort-id=06
|  |  |  build expressions: tpcds_partitioned_parquet_snap.date_dim_1.d_date_sk
|  |  |  runtime filters: RF016[bloom] <- tpcds_partitioned_parquet_snap.date_dim_1.d_date_sk
|  |  |  mem-estimate=23.25MB mem-reservation=23.25MB spill-buffer=64.00KB thread-reservation=0 cost=373
|  |  |
|  |  47:EXCHANGE [BROADCAST]
|  |  |  mem-estimate=16.00KB mem-reservation=0B thread-reservation=0
|  |  |  tuple-ids=16 row-size=8B cardinality=373 cost=490
|  |  |  in pipelines: 13(GETNEXT)
|  |  |
|  |  F06:PLAN FRAGMENT [RANDOM] hosts=1 instances=1
|  |  Per-Instance Resources: mem-estimate=16.05MB mem-reservation=512.00KB thread-reservation=1
|  |  max-parallelism=1 segment-costs=[10483]
|  |  13:SCAN HDFS [tpcds_partitioned_parquet_snap.date_dim, RANDOM]
|  |     HDFS partitions=1/1 files=1 size=2.17MB
|  |     predicates: tpcds_partitioned_parquet_snap.date_dim_1.d_year = add(CAST(1999 AS INT), CAST(1 AS INT))
|  |     stored statistics:
|  |       table: rows=73.05K size=2.17MB
|  |       columns: all
|  |     extrapolated-rows=disabled max-scan-range-rows=73.05K
|  |     parquet statistics predicates: tpcds_partitioned_parquet_snap.date_dim_1.d_year = add(CAST(1999 AS INT), CAST(1 AS INT))
|  |     parquet dictionary predicates: tpcds_partitioned_parquet_snap.date_dim_1.d_year = add(CAST(1999 AS INT), CAST(1 AS INT))
|  |     mem-estimate=16.00MB mem-reservation=512.00KB thread-reservation=0
|  |     tuple-ids=16 row-size=8B cardinality=373 cost=10467
|  |     in pipelines: 13(GETNEXT)
|  |
|  12:SCAN HDFS [tpcds_partitioned_parquet_snap.catalog_sales, RANDOM]
|     HDFS partitions=1831/1831 files=1831 size=280.96GB
|     runtime filters: RF015[min_max] -> tpcds_partitioned_parquet_snap.catalog_sales.cs_bill_customer_sk, RF014[bloom] -> tpcds_partitioned_parquet_snap.catalog_sales.cs_bill_customer_sk, RF016[bloom] -> tpcds_partitioned_parquet_snap.catalog_sales.cs_sold_date_sk
|     stored statistics:
|       table: rows=4.32G size=280.96GB
|       partitions: 1831/1831 rows=4.32G
|       columns: all
|     extrapolated-rows=disabled max-scan-range-rows=21.52M est-scan-range=374(filtered from 1831)
|     mem-estimate=16.00MB mem-reservation=1.00MB thread-reservation=0
|     tuple-ids=14 row-size=24B cardinality=396.57M(filtered from 4.32G) cost=304148590
|     in pipelines: 12(GETNEXT)
|
51:EXCHANGE [HASH(tpcds_partitioned_parquet_snap.customer_2.c_customer_id)]
|  mem-estimate=29.82MB mem-reservation=0B thread-reservation=0
|  tuple-ids=27 row-size=165B cardinality=162.19M cost=141230779
|  in pipelines: 46(GETNEXT)
|
F04:PLAN FRAGMENT [HASH(tpcds_partitioned_parquet_snap.customer_2.c_customer_id,tpcds_partitioned_parquet_snap.customer_2.c_first_name,tpcds_partitioned_parquet_snap.customer_2.c_last_name,tpcds_partitioned_parquet_snap.customer_2.c_preferred_cust_flag,tpcds_partitioned_parquet_snap.customer_2.c_birth_country,tpcds_partitioned_parquet_snap.customer_2.c_login,tpcds_partitioned_parquet_snap.customer_2.c_email_address)] hosts=10 instances=120
Per-Instance Resources: mem-estimate=2.26GB mem-reservation=34.00MB thread-reservation=1
max-parallelism=1100 segment-costs=[10985739011, 1808520801] cpu-comparison-result=240 [max(120 (self) vs 240 (sum children))]
46:AGGREGATE [FINALIZE]
|  output: sum:merge(divide(add(subtract(subtract(tpcds_partitioned_parquet_snap.store_sales_0.ss_ext_list_price, tpcds_partitioned_parquet_snap.store_sales_0.ss_ext_wholesale_cost), tpcds_partitioned_parquet_snap.store_sales_0.ss_ext_discount_amt), tpcds_partitioned_parquet_snap.store_sales_0.ss_ext_sales_price), 2))
|  group by: tpcds_partitioned_parquet_snap.customer_2.c_customer_id, tpcds_partitioned_parquet_snap.customer_2.c_first_name, tpcds_partitioned_parquet_snap.customer_2.c_last_name, tpcds_partitioned_parquet_snap.customer_2.c_preferred_cust_flag, tpcds_partitioned_parquet_snap.customer_2.c_birth_country, tpcds_partitioned_parquet_snap.customer_2.c_login, tpcds_partitioned_parquet_snap.customer_2.c_email_address
|  having: sum(divide(add(subtract(subtract(tpcds_partitioned_parquet_snap.store_sales_0.ss_ext_list_price, tpcds_partitioned_parquet_snap.store_sales_0.ss_ext_wholesale_cost), tpcds_partitioned_parquet_snap.store_sales_0.ss_ext_discount_amt), tpcds_partitioned_parquet_snap.store_sales_0.ss_ext_sales_price), 2)) > CAST(0 AS DECIMAL(3,0))
|  mem-estimate=2.23GB mem-reservation=34.00MB spill-buffer=2.00MB thread-reservation=0
|  tuple-ids=27 row-size=165B cardinality=162.19M cost=9573431219
|  in pipelines: 46(GETNEXT), 18(OPEN)
|
45:EXCHANGE [HASH(tpcds_partitioned_parquet_snap.customer_2.c_customer_id,tpcds_partitioned_parquet_snap.customer_2.c_first_name,tpcds_partitioned_parquet_snap.customer_2.c_last_name,tpcds_partitioned_parquet_snap.customer_2.c_preferred_cust_flag,tpcds_partitioned_parquet_snap.customer_2.c_birth_country,tpcds_partitioned_parquet_snap.customer_2.c_login,tpcds_partitioned_parquet_snap.customer_2.c_email_address)]
|  mem-estimate=29.82MB mem-reservation=0B thread-reservation=0
|  tuple-ids=27 row-size=165B cardinality=1.62G cost=1412307792
|  in pipelines: 18(GETNEXT)
|
F03:PLAN FRAGMENT [HASH(tpcds_partitioned_parquet_snap.store_sales_0.ss_customer_sk)] hosts=10 instances=120
Per-Instance Resources: mem-estimate=1.76GB mem-reservation=34.00MB thread-reservation=1
max-parallelism=1810 segment-costs=[10841902425, 18085207959] cpu-comparison-result=240 [max(240 (self) vs 141 (sum children))]
23:AGGREGATE [STREAMING]
|  output: sum(divide(add(subtract(subtract(tpcds_partitioned_parquet_snap.store_sales_0.ss_ext_list_price, tpcds_partitioned_parquet_snap.store_sales_0.ss_ext_wholesale_cost), tpcds_partitioned_parquet_snap.store_sales_0.ss_ext_discount_amt), tpcds_partitioned_parquet_snap.store_sales_0.ss_ext_sales_price), CAST(2 AS DECIMAL(3,0))))
|  group by: tpcds_partitioned_parquet_snap.customer_2.c_customer_id, tpcds_partitioned_parquet_snap.customer_2.c_first_name, tpcds_partitioned_parquet_snap.customer_2.c_last_name, tpcds_partitioned_parquet_snap.customer_2.c_preferred_cust_flag, tpcds_partitioned_parquet_snap.customer_2.c_birth_country, tpcds_partitioned_parquet_snap.customer_2.c_login, tpcds_partitioned_parquet_snap.customer_2.c_email_address
|  mem-estimate=1.67GB mem-reservation=34.00MB spill-buffer=2.00MB thread-reservation=0
|  tuple-ids=27 row-size=165B cardinality=1.62G cost=9573431219
|  in pipelines: 18(GETNEXT)
|
22:HASH JOIN [INNER JOIN, PARTITIONED]
|  hash-table-id=15
|  hash predicates: tpcds_partitioned_parquet_snap.store_sales_0.ss_customer_sk = tpcds_partitioned_parquet_snap.customer_2.c_customer_sk
|  fk/pk conjuncts: tpcds_partitioned_parquet_snap.store_sales_0.ss_customer_sk = tpcds_partitioned_parquet_snap.customer_2.c_customer_sk
|  mem-estimate=0B mem-reservation=0B spill-buffer=2.00MB thread-reservation=0
|  tuple-ids=21,23,25 row-size=185B cardinality=1.62G cost=747080012
|  in pipelines: 18(GETNEXT), 21(OPEN)
|
|--F44:PLAN FRAGMENT [HASH(tpcds_partitioned_parquet_snap.store_sales_0.ss_customer_sk)] hosts=10 instances=120
|  |  Per-Instance Resources: mem-estimate=54.45MB mem-reservation=34.00MB thread-reservation=1
|  |  max-parallelism=1810 segment-costs=[54467197]
|  JOIN BUILD
|  |  join-table-id=15 plan-id=16 cohort-id=01
|  |  build expressions: tpcds_partitioned_parquet_snap.customer_2.c_customer_sk
|  |  runtime filters: RF011[min_max] <- tpcds_partitioned_parquet_snap.customer_2.c_customer_sk
|  |  mem-estimate=42.91MB mem-reservation=34.00MB spill-buffer=2.00MB thread-reservation=0 cost=30000000
|  |
|  44:EXCHANGE [HASH(tpcds_partitioned_parquet_snap.customer_2.c_customer_sk)]
|  |  mem-estimate=11.53MB mem-reservation=0B thread-reservation=0
|  |  tuple-ids=25 row-size=153B cardinality=30.00M cost=24467197
|  |  in pipelines: 21(GETNEXT)
|  |
|  F02:PLAN FRAGMENT [RANDOM] hosts=10 instances=10
|  Per-Host Shared Resources: mem-estimate=20.00MB mem-reservation=20.00MB thread-reservation=0 runtime-filters-memory=20.00MB
|  Per-Instance Resources: mem-estimate=89.66MB mem-reservation=1.00MB thread-reservation=1
|  max-parallelism=10 segment-costs=[341205999]
|  21:SCAN HDFS [tpcds_partitioned_parquet_snap.customer, RANDOM]
|     HDFS partitions=1/1 files=1 size=1.55GB
|     runtime filters: RF001[min_max] -> tpcds_partitioned_parquet_snap.customer_2.c_customer_id, RF009[min_max] -> tpcds_partitioned_parquet_snap.customer_2.c_customer_id, RF003[min_max] -> tpcds_partitioned_parquet_snap.customer_2.c_customer_id, RF005[min_max] -> tpcds_partitioned_parquet_snap.customer_2.c_customer_id, RF007[min_max] -> tpcds_partitioned_parquet_snap.customer_2.c_customer_id, RF000[bloom] -> tpcds_partitioned_parquet_snap.customer_2.c_customer_id, RF008[bloom] -> tpcds_partitioned_parquet_snap.customer_2.c_customer_id
|     stored statistics:
|       table: rows=30.00M size=1.55GB
|       columns: all
|     extrapolated-rows=disabled max-scan-range-rows=3.10M
|     mem-estimate=16.00MB mem-reservation=1.00MB thread-reservation=0
|     tuple-ids=25 row-size=153B cardinality=30.00M cost=29871228
|     in pipelines: 21(GETNEXT)
|
43:EXCHANGE [HASH(tpcds_partitioned_parquet_snap.store_sales_0.ss_customer_sk)]
|  mem-estimate=14.69MB mem-reservation=0B thread-reservation=0
|  tuple-ids=21,23 row-size=32B cardinality=1.77G cost=521391194
|  in pipelines: 18(GETNEXT)
|
F00:PLAN FRAGMENT [RANDOM] hosts=10 instances=120
Per-Host Shared Resources: mem-estimate=1.00MB mem-reservation=1.00MB thread-reservation=0 runtime-filters-memory=1.00MB
Per-Instance Resources: mem-estimate=34.75MB mem-reservation=8.00MB thread-reservation=1
max-parallelism=374 segment-costs=[6845578389]
20:HASH JOIN [INNER JOIN, BROADCAST]
|  hash-table-id=16
|  hash predicates: tpcds_partitioned_parquet_snap.store_sales_0.ss_sold_date_sk = tpcds_partitioned_parquet_snap.date_dim_2.d_date_sk
|  fk/pk conjuncts: tpcds_partitioned_parquet_snap.store_sales_0.ss_sold_date_sk = tpcds_partitioned_parquet_snap.date_dim_2.d_date_sk
|  mem-estimate=0B mem-reservation=0B spill-buffer=64.00KB thread-reservation=0
|  tuple-ids=21,23 row-size=32B cardinality=1.77G cost=773340988
|  in pipelines: 18(GETNEXT), 19(OPEN)
|
|--F45:PLAN FRAGMENT [RANDOM] hosts=10 instances=10
|  |  Per-Instance Resources: mem-estimate=24.27MB mem-reservation=24.25MB thread-reservation=1 runtime-filters-memory=1.00MB
|  |  max-parallelism=10 segment-costs=[863]
|  JOIN BUILD
|  |  join-table-id=16 plan-id=17 cohort-id=01
|  |  build expressions: tpcds_partitioned_parquet_snap.date_dim_2.d_date_sk
|  |  runtime filters: RF012[bloom] <- tpcds_partitioned_parquet_snap.date_dim_2.d_date_sk
|  |  mem-estimate=23.25MB mem-reservation=23.25MB spill-buffer=64.00KB thread-reservation=0 cost=373
|  |
|  42:EXCHANGE [BROADCAST]
|  |  mem-estimate=16.00KB mem-reservation=0B thread-reservation=0
|  |  tuple-ids=23 row-size=8B cardinality=373 cost=490
|  |  in pipelines: 19(GETNEXT)
|  |
|  F01:PLAN FRAGMENT [RANDOM] hosts=1 instances=1
|  Per-Instance Resources: mem-estimate=16.05MB mem-reservation=512.00KB thread-reservation=1
|  max-parallelism=1 segment-costs=[10483]
|  19:SCAN HDFS [tpcds_partitioned_parquet_snap.date_dim, RANDOM]
|     HDFS partitions=1/1 files=1 size=2.17MB
|     predicates: tpcds_partitioned_parquet_snap.date_dim_2.d_year = CAST(1999 AS INT)
|     stored statistics:
|       table: rows=73.05K size=2.17MB
|       columns: all
|     extrapolated-rows=disabled max-scan-range-rows=73.05K
|     parquet statistics predicates: tpcds_partitioned_parquet_snap.date_dim_2.d_year = CAST(1999 AS INT)
|     parquet dictionary predicates: tpcds_partitioned_parquet_snap.date_dim_2.d_year = CAST(1999 AS INT)
|     mem-estimate=16.00MB mem-reservation=512.00KB thread-reservation=0
|     tuple-ids=23 row-size=8B cardinality=373 cost=10467
|     in pipelines: 19(GETNEXT)
|
18:SCAN HDFS [tpcds_partitioned_parquet_snap.store_sales, RANDOM]
   HDFS partitions=1824/1824 files=1824 size=389.90GB
   runtime filters: RF011[min_max] -> tpcds_partitioned_parquet_snap.store_sales_0.ss_customer_sk, RF012[bloom] -> tpcds_partitioned_parquet_snap.store_sales_0.ss_sold_date_sk
   stored statistics:
     table: rows=8.64G size=389.90GB
     partitions: 1824/1824 rows=8.64G
     columns: all
   extrapolated-rows=disabled max-scan-range-rows=390.22M est-scan-range=374(filtered from 1824)
   mem-estimate=16.00MB mem-reservation=8.00MB thread-reservation=0
   tuple-ids=21 row-size=24B cardinality=1.77G(filtered from 8.64G) cost=610616051
   in pipelines: 18(GETNEXT)
---- PARALLELPLANS
Max Per-Host Resource Reservation: Memory=6.02GB Threads=238
Per-Host Resource Estimates: Memory=130.37GB
F30:PLAN FRAGMENT [UNPARTITIONED] hosts=1 instances=1
|  Per-Instance Resources: mem-estimate=4.17MB mem-reservation=4.00MB thread-reservation=1
|  max-parallelism=1 segment-costs=[442] cpu-comparison-result=1140 [max(1 (self) vs 1140 (sum children))]
PLAN-ROOT SINK
|  output exprs: tpcds_partitioned_parquet_snap.customer.c_customer_id, tpcds_partitioned_parquet_snap.customer.c_first_name, tpcds_partitioned_parquet_snap.customer.c_last_name, tpcds_partitioned_parquet_snap.customer.c_birth_country
|  mem-estimate=4.00MB mem-reservation=4.00MB spill-buffer=2.00MB thread-reservation=0 cost=400
|
77:MERGING-EXCHANGE [UNPARTITIONED]
|  order by: tpcds_partitioned_parquet_snap.customer.c_customer_id ASC NULLS LAST, tpcds_partitioned_parquet_snap.customer.c_first_name ASC NULLS LAST, tpcds_partitioned_parquet_snap.customer.c_last_name ASC NULLS LAST, tpcds_partitioned_parquet_snap.customer.c_birth_country ASC NULLS LAST
|  limit: 100
|  mem-estimate=174.03KB mem-reservation=0B thread-reservation=0
|  tuple-ids=42 row-size=85B cardinality=100 cost=42
|  in pipelines: 41(GETNEXT)
|
F09:PLAN FRAGMENT [HASH(tpcds_partitioned_parquet_snap.customer_2.c_customer_id)] hosts=10 instances=20 (adjusted from 120)
Per-Instance Resources: mem-estimate=29.83MB mem-reservation=0B thread-reservation=1
max-parallelism=30 segment-costs=[286406984, 253] cpu-comparison-result=1140 [max(20 (self) vs 1140 (sum children))]
41:TOP-N [LIMIT=100]
|  order by: tpcds_partitioned_parquet_snap.customer.c_customer_id ASC NULLS LAST, tpcds_partitioned_parquet_snap.customer.c_first_name ASC NULLS LAST, tpcds_partitioned_parquet_snap.customer.c_last_name ASC NULLS LAST, tpcds_partitioned_parquet_snap.customer.c_birth_country ASC NULLS LAST
|  mem-estimate=8.27KB mem-reservation=0B thread-reservation=0
|  tuple-ids=42 row-size=85B cardinality=100 cost=50313918
|  in pipelines: 41(GETNEXT), 46(OPEN)
|
40:HASH JOIN [INNER JOIN, PARTITIONED]
|  hash-table-id=00
|  hash predicates: tpcds_partitioned_parquet_snap.customer_2.c_customer_id = tpcds_partitioned_parquet_snap.customer_4.c_customer_id
|  fk/pk conjuncts: tpcds_partitioned_parquet_snap.customer_2.c_customer_id = tpcds_partitioned_parquet_snap.customer_4.c_customer_id
|  other join predicates: CASE WHEN sum(divide(add(subtract(subtract(tpcds_partitioned_parquet_snap.catalog_sales_0.cs_ext_list_price, tpcds_partitioned_parquet_snap.catalog_sales_0.cs_ext_wholesale_cost), tpcds_partitioned_parquet_snap.catalog_sales_0.cs_ext_discount_amt), tpcds_partitioned_parquet_snap.catalog_sales_0.cs_ext_sales_price), 2)) > CAST(0 AS DECIMAL(3,0)) THEN divide(sum(divide(add(subtract(subtract(tpcds_partitioned_parquet_snap.catalog_sales.cs_ext_list_price, tpcds_partitioned_parquet_snap.catalog_sales.cs_ext_wholesale_cost), tpcds_partitioned_parquet_snap.catalog_sales.cs_ext_discount_amt), tpcds_partitioned_parquet_snap.catalog_sales.cs_ext_sales_price), 2)), sum(divide(add(subtract(subtract(tpcds_partitioned_parquet_snap.catalog_sales_0.cs_ext_list_price, tpcds_partitioned_parquet_snap.catalog_sales_0.cs_ext_wholesale_cost), tpcds_partitioned_parquet_snap.catalog_sales_0.cs_ext_discount_amt), tpcds_partitioned_parquet_snap.catalog_sales_0.cs_ext_sales_price), 2))) ELSE NULL END > CASE WHEN sum(divide(add(subtract(subtract(tpcds_partitioned_parquet_snap.web_sales_0.ws_ext_list_price, tpcds_partitioned_parquet_snap.web_sales_0.ws_ext_wholesale_cost), tpcds_partitioned_parquet_snap.web_sales_0.ws_ext_discount_amt), tpcds_partitioned_parquet_snap.web_sales_0.ws_ext_sales_price), 2)) > CAST(0 AS DECIMAL(3,0)) THEN divide(sum(divide(add(subtract(subtract(tpcds_partitioned_parquet_snap.web_sales.ws_ext_list_price, tpcds_partitioned_parquet_snap.web_sales.ws_ext_wholesale_cost), tpcds_partitioned_parquet_snap.web_sales.ws_ext_discount_amt), tpcds_partitioned_parquet_snap.web_sales.ws_ext_sales_price), 2)), sum(divide(add(subtract(subtract(tpcds_partitioned_parquet_snap.web_sales_0.ws_ext_list_price, tpcds_partitioned_parquet_snap.web_sales_0.ws_ext_wholesale_cost), tpcds_partitioned_parquet_snap.web_sales_0.ws_ext_discount_amt), tpcds_partitioned_parquet_snap.web_sales_0.ws_ext_sales_price), 2))) ELSE NULL END
|  mem-estimate=0B mem-reservation=0B spill-buffer=2.00MB thread-reservation=0
|  tuple-ids=27,20,13,6,34,41 row-size=991B cardinality=4.06M cost=8431534
|  in pipelines: 46(GETNEXT), 75(OPEN)
|
|--F31:PLAN FRAGMENT [HASH(tpcds_partitioned_parquet_snap.customer_2.c_customer_id)] hosts=10 instances=20 (adjusted from 120)
|  |  Per-Instance Resources: mem-estimate=55.76MB mem-reservation=38.00MB thread-reservation=1 runtime-filters-memory=4.00MB
|  |  max-parallelism=30 segment-costs=[7604240] cpu-comparison-result=160 [max(20 (self) vs 160 (sum children))]
|  JOIN BUILD
|  |  join-table-id=00 plan-id=01 cohort-id=01
|  |  build expressions: tpcds_partitioned_parquet_snap.customer_4.c_customer_id
|  |  runtime filters: RF000[bloom] <- tpcds_partitioned_parquet_snap.customer_4.c_customer_id, RF001[min_max] <- tpcds_partitioned_parquet_snap.customer_4.c_customer_id
|  |  mem-estimate=36.81MB mem-reservation=34.00MB spill-buffer=2.00MB thread-reservation=0 cost=4064758
|  |
|  76:EXCHANGE [HASH(tpcds_partitioned_parquet_snap.customer_4.c_customer_id)]
|  |  mem-estimate=14.96MB mem-reservation=0B thread-reservation=0
|  |  tuple-ids=41 row-size=165B cardinality=4.06M cost=3539482
|  |  in pipelines: 75(GETNEXT)
|  |
|  F29:PLAN FRAGMENT [HASH(tpcds_partitioned_parquet_snap.customer_4.c_customer_id,tpcds_partitioned_parquet_snap.customer_4.c_first_name,tpcds_partitioned_parquet_snap.customer_4.c_last_name,tpcds_partitioned_parquet_snap.customer_4.c_preferred_cust_flag,tpcds_partitioned_parquet_snap.customer_4.c_birth_country,tpcds_partitioned_parquet_snap.customer_4.c_login,tpcds_partitioned_parquet_snap.customer_4.c_email_address)] hosts=10 instances=30 (adjusted from 120)
|  Per-Instance Resources: mem-estimate=245.51MB mem-reservation=34.00MB thread-reservation=1
|  max-parallelism=30 segment-costs=[275321217, 45324595] cpu-comparison-result=160 [max(30 (self) vs 160 (sum children))]
|  75:AGGREGATE [FINALIZE]
|  |  output: sum:merge(divide(add(subtract(subtract(tpcds_partitioned_parquet_snap.web_sales_0.ws_ext_list_price, tpcds_partitioned_parquet_snap.web_sales_0.ws_ext_wholesale_cost), tpcds_partitioned_parquet_snap.web_sales_0.ws_ext_discount_amt), tpcds_partitioned_parquet_snap.web_sales_0.ws_ext_sales_price), 2))
|  |  group by: tpcds_partitioned_parquet_snap.customer_4.c_customer_id, tpcds_partitioned_parquet_snap.customer_4.c_first_name, tpcds_partitioned_parquet_snap.customer_4.c_last_name, tpcds_partitioned_parquet_snap.customer_4.c_preferred_cust_flag, tpcds_partitioned_parquet_snap.customer_4.c_birth_country, tpcds_partitioned_parquet_snap.customer_4.c_login, tpcds_partitioned_parquet_snap.customer_4.c_email_address
|  |  having: sum(divide(add(subtract(subtract(tpcds_partitioned_parquet_snap.web_sales_0.ws_ext_list_price, tpcds_partitioned_parquet_snap.web_sales_0.ws_ext_wholesale_cost), tpcds_partitioned_parquet_snap.web_sales_0.ws_ext_discount_amt), tpcds_partitioned_parquet_snap.web_sales_0.ws_ext_sales_price), 2)) > CAST(0 AS DECIMAL(3,0))
|  |  mem-estimate=228.90MB mem-reservation=34.00MB spill-buffer=2.00MB thread-reservation=0
|  |  tuple-ids=41 row-size=165B cardinality=4.06M cost=239926393
|  |  in pipelines: 75(GETNEXT), 34(OPEN)
|  |
|  74:EXCHANGE [HASH(tpcds_partitioned_parquet_snap.customer_4.c_customer_id,tpcds_partitioned_parquet_snap.customer_4.c_first_name,tpcds_partitioned_parquet_snap.customer_4.c_last_name,tpcds_partitioned_parquet_snap.customer_4.c_preferred_cust_flag,tpcds_partitioned_parquet_snap.customer_4.c_birth_country,tpcds_partitioned_parquet_snap.customer_4.c_login,tpcds_partitioned_parquet_snap.customer_4.c_email_address)]
|  |  mem-estimate=16.61MB mem-reservation=0B thread-reservation=0
|  |  tuple-ids=41 row-size=165B cardinality=40.65M cost=35394824
|  |  in pipelines: 34(GETNEXT)
|  |
|  F28:PLAN FRAGMENT [HASH(tpcds_partitioned_parquet_snap.web_sales_0.ws_bill_customer_sk)] hosts=10 instances=40 (adjusted from 120)
|  Per-Instance Resources: mem-estimate=163.27MB mem-reservation=34.00MB thread-reservation=1
|  max-parallelism=50 segment-costs=[356933223, 453245929] cpu-comparison-result=160 [max(160 (self) vs 61 (sum children))]
|  39:AGGREGATE [STREAMING]
|  |  output: sum(divide(add(subtract(subtract(tpcds_partitioned_parquet_snap.web_sales_0.ws_ext_list_price, tpcds_partitioned_parquet_snap.web_sales_0.ws_ext_wholesale_cost), tpcds_partitioned_parquet_snap.web_sales_0.ws_ext_discount_amt), tpcds_partitioned_parquet_snap.web_sales_0.ws_ext_sales_price), CAST(2 AS DECIMAL(3,0))))
|  |  group by: tpcds_partitioned_parquet_snap.customer_4.c_customer_id, tpcds_partitioned_parquet_snap.customer_4.c_first_name, tpcds_partitioned_parquet_snap.customer_4.c_last_name, tpcds_partitioned_parquet_snap.customer_4.c_preferred_cust_flag, tpcds_partitioned_parquet_snap.customer_4.c_birth_country, tpcds_partitioned_parquet_snap.customer_4.c_login, tpcds_partitioned_parquet_snap.customer_4.c_email_address
|  |  mem-estimate=128.76MB mem-reservation=34.00MB spill-buffer=2.00MB thread-reservation=0
|  |  tuple-ids=41 row-size=165B cardinality=40.65M cost=239926393
|  |  in pipelines: 34(GETNEXT)
|  |
|  38:HASH JOIN [INNER JOIN, PARTITIONED]
|  |  hash-table-id=01
|  |  hash predicates: tpcds_partitioned_parquet_snap.web_sales_0.ws_bill_customer_sk = tpcds_partitioned_parquet_snap.customer_4.c_customer_sk
|  |  fk/pk conjuncts: tpcds_partitioned_parquet_snap.web_sales_0.ws_bill_customer_sk = tpcds_partitioned_parquet_snap.customer_4.c_customer_sk
|  |  mem-estimate=0B mem-reservation=0B spill-buffer=1.00MB thread-reservation=0
|  |  tuple-ids=35,37,39 row-size=185B cardinality=40.65M cost=58349826
|  |  in pipelines: 34(GETNEXT), 37(OPEN)
|  |
|  |--F32:PLAN FRAGMENT [HASH(tpcds_partitioned_parquet_snap.web_sales_0.ws_bill_customer_sk)] hosts=10 instances=40 (adjusted from 120)
|  |  |  Per-Instance Resources: mem-estimate=32.53MB mem-reservation=21.00MB thread-reservation=1 runtime-filters-memory=4.00MB
|  |  |  max-parallelism=50 segment-costs=[5446719]
|  |  JOIN BUILD
|  |  |  join-table-id=01 plan-id=02 cohort-id=02
|  |  |  build expressions: tpcds_partitioned_parquet_snap.customer_4.c_customer_sk
|  |  |  runtime filters: RF030[bloom] <- tpcds_partitioned_parquet_snap.customer_4.c_customer_sk, RF031[min_max] <- tpcds_partitioned_parquet_snap.customer_4.c_customer_sk
|  |  |  mem-estimate=17.00MB mem-reservation=17.00MB spill-buffer=1.00MB thread-reservation=0 cost=3000000
|  |  |
|  |  73:EXCHANGE [HASH(tpcds_partitioned_parquet_snap.customer_4.c_customer_sk)]
|  |  |  mem-estimate=11.53MB mem-reservation=0B thread-reservation=0
|  |  |  tuple-ids=39 row-size=153B cardinality=3.00M cost=2446719
|  |  |  in pipelines: 37(GETNEXT)
|  |  |
|  |  F27:PLAN FRAGMENT [RANDOM] hosts=10 instances=10
|  |  Per-Instance Resources: mem-estimate=40.55MB mem-reservation=1.00MB thread-reservation=1
|  |  max-parallelism=10 segment-costs=[61847705]
|  |  37:SCAN HDFS [tpcds_partitioned_parquet_snap.customer, RANDOM]
|  |     HDFS partitions=1/1 files=1 size=1.55GB
|  |     predicates: is_not_null_pred(tpcds_partitioned_parquet_snap.customer_4.c_customer_id)
|  |     stored statistics:
|  |       table: rows=30.00M size=1.55GB
|  |       columns: all
|  |     extrapolated-rows=disabled max-scan-range-rows=3.10M
|  |     parquet dictionary predicates: is_not_null_pred(tpcds_partitioned_parquet_snap.customer_4.c_customer_id)
|  |     mem-estimate=16.00MB mem-reservation=1.00MB thread-reservation=0
|  |     tuple-ids=39 row-size=153B cardinality=3.00M cost=30714228
|  |     in pipelines: 37(GETNEXT)
|  |
|  72:EXCHANGE [HASH(tpcds_partitioned_parquet_snap.web_sales_0.ws_bill_customer_sk)]
|  |  mem-estimate=14.69MB mem-reservation=0B thread-reservation=0
|  |  tuple-ids=35,37 row-size=32B cardinality=198.77M(filtered from 441.70M) cost=58657004
|  |  in pipelines: 34(GETNEXT)
|  |
|  F25:PLAN FRAGMENT [RANDOM] hosts=10 instances=120
|  Per-Host Shared Resources: mem-estimate=4.00MB mem-reservation=4.00MB thread-reservation=0 runtime-filters-memory=4.00MB
|  Per-Instance Resources: mem-estimate=22.25MB mem-reservation=128.00KB thread-reservation=1
|  max-parallelism=150 segment-costs=[1491943763]
|  36:HASH JOIN [INNER JOIN, BROADCAST]
|  |  hash-table-id=02
|  |  hash predicates: tpcds_partitioned_parquet_snap.web_sales_0.ws_sold_date_sk = tpcds_partitioned_parquet_snap.date_dim_4.d_date_sk
|  |  fk/pk conjuncts: tpcds_partitioned_parquet_snap.web_sales_0.ws_sold_date_sk = tpcds_partitioned_parquet_snap.date_dim_4.d_date_sk
|  |  mem-estimate=0B mem-reservation=0B spill-buffer=64.00KB thread-reservation=0
|  |  tuple-ids=35,37 row-size=32B cardinality=198.77M(filtered from 441.70M) cost=131021245
|  |  in pipelines: 34(GETNEXT), 35(OPEN)
|  |
|  |--F33:PLAN FRAGMENT [RANDOM] hosts=10 instances=10
|  |  |  Per-Instance Resources: mem-estimate=23.27MB mem-reservation=23.25MB thread-reservation=1
|  |  |  max-parallelism=10 segment-costs=[863]
|  |  JOIN BUILD
|  |  |  join-table-id=02 plan-id=03 cohort-id=02
|  |  |  build expressions: tpcds_partitioned_parquet_snap.date_dim_4.d_date_sk
|  |  |  mem-estimate=23.25MB mem-reservation=23.25MB spill-buffer=64.00KB thread-reservation=0 cost=373
|  |  |
|  |  71:EXCHANGE [BROADCAST]
|  |  |  mem-estimate=16.00KB mem-reservation=0B thread-reservation=0
|  |  |  tuple-ids=37 row-size=8B cardinality=373 cost=490
|  |  |  in pipelines: 35(GETNEXT)
|  |  |
|  |  F26:PLAN FRAGMENT [RANDOM] hosts=1 instances=1
|  |  Per-Instance Resources: mem-estimate=16.05MB mem-reservation=512.00KB thread-reservation=1
|  |  max-parallelism=1 segment-costs=[10483]
|  |  35:SCAN HDFS [tpcds_partitioned_parquet_snap.date_dim, RANDOM]
|  |     HDFS partitions=1/1 files=1 size=2.17MB
|  |     predicates: tpcds_partitioned_parquet_snap.date_dim_4.d_year = CAST(1999 AS INT)
|  |     stored statistics:
|  |       table: rows=73.05K size=2.17MB
|  |       columns: all
|  |     extrapolated-rows=disabled max-scan-range-rows=73.05K
|  |     parquet statistics predicates: tpcds_partitioned_parquet_snap.date_dim_4.d_year = CAST(1999 AS INT)
|  |     parquet dictionary predicates: tpcds_partitioned_parquet_snap.date_dim_4.d_year = CAST(1999 AS INT)
|  |     mem-estimate=16.00MB mem-reservation=512.00KB thread-reservation=0
|  |     tuple-ids=37 row-size=8B cardinality=373 cost=10467
|  |     in pipelines: 35(GETNEXT)
|  |
|  34:SCAN HDFS [tpcds_partitioned_parquet_snap.web_sales, RANDOM]
|     HDFS partitions=1824/1824 files=1824 size=145.75GB
|     runtime filters: RF031[min_max] -> tpcds_partitioned_parquet_snap.web_sales_0.ws_bill_customer_sk, RF030[bloom] -> tpcds_partitioned_parquet_snap.web_sales_0.ws_bill_customer_sk
|     stored statistics:
|       table: rows=2.16G size=145.75GB
|       partitions: 1824/1824 rows=2.16G
|       columns: all
|     extrapolated-rows=disabled max-scan-range-rows=3.37M
|     mem-estimate=16.00MB mem-reservation=128.00KB thread-reservation=0
|     tuple-ids=35 row-size=24B cardinality=198.77M(filtered from 2.16G) cost=746484929
|     in pipelines: 34(GETNEXT)
|
33:HASH JOIN [INNER JOIN, PARTITIONED]
|  hash-table-id=03
|  hash predicates: tpcds_partitioned_parquet_snap.customer_2.c_customer_id = tpcds_partitioned_parquet_snap.customer_3.c_customer_id
|  fk/pk conjuncts: tpcds_partitioned_parquet_snap.customer_2.c_customer_id = tpcds_partitioned_parquet_snap.customer_3.c_customer_id
|  other join predicates: CASE WHEN sum(divide(add(subtract(subtract(tpcds_partitioned_parquet_snap.catalog_sales_0.cs_ext_list_price, tpcds_partitioned_parquet_snap.catalog_sales_0.cs_ext_wholesale_cost), tpcds_partitioned_parquet_snap.catalog_sales_0.cs_ext_discount_amt), tpcds_partitioned_parquet_snap.catalog_sales_0.cs_ext_sales_price), 2)) > CAST(0 AS DECIMAL(3,0)) THEN divide(sum(divide(add(subtract(subtract(tpcds_partitioned_parquet_snap.catalog_sales.cs_ext_list_price, tpcds_partitioned_parquet_snap.catalog_sales.cs_ext_wholesale_cost), tpcds_partitioned_parquet_snap.catalog_sales.cs_ext_discount_amt), tpcds_partitioned_parquet_snap.catalog_sales.cs_ext_sales_price), 2)), sum(divide(add(subtract(subtract(tpcds_partitioned_parquet_snap.catalog_sales_0.cs_ext_list_price, tpcds_partitioned_parquet_snap.catalog_sales_0.cs_ext_wholesale_cost), tpcds_partitioned_parquet_snap.catalog_sales_0.cs_ext_discount_amt), tpcds_partitioned_parquet_snap.catalog_sales_0.cs_ext_sales_price), 2))) ELSE NULL END > CASE WHEN sum(divide(add(subtract(subtract(tpcds_partitioned_parquet_snap.store_sales_0.ss_ext_list_price, tpcds_partitioned_parquet_snap.store_sales_0.ss_ext_wholesale_cost), tpcds_partitioned_parquet_snap.store_sales_0.ss_ext_discount_amt), tpcds_partitioned_parquet_snap.store_sales_0.ss_ext_sales_price), 2)) > CAST(0 AS DECIMAL(3,0)) THEN divide(sum(divide(add(subtract(subtract(tpcds_partitioned_parquet_snap.store_sales.ss_ext_list_price, tpcds_partitioned_parquet_snap.store_sales.ss_ext_wholesale_cost), tpcds_partitioned_parquet_snap.store_sales.ss_ext_discount_amt), tpcds_partitioned_parquet_snap.store_sales.ss_ext_sales_price), 2)), sum(divide(add(subtract(subtract(tpcds_partitioned_parquet_snap.store_sales_0.ss_ext_list_price, tpcds_partitioned_parquet_snap.store_sales_0.ss_ext_wholesale_cost), tpcds_partitioned_parquet_snap.store_sales_0.ss_ext_discount_amt), tpcds_partitioned_parquet_snap.store_sales_0.ss_ext_sales_price), 2))) ELSE NULL END
|  mem-estimate=0B mem-reservation=0B spill-buffer=2.00MB thread-reservation=0
|  tuple-ids=27,20,13,6,34 row-size=826B cardinality=30.00M cost=13131000
|  in pipelines: 46(GETNEXT), 69(OPEN)
|
|--F34:PLAN FRAGMENT [HASH(tpcds_partitioned_parquet_snap.customer_2.c_customer_id)] hosts=10 instances=20 (adjusted from 120)
|  |  Per-Instance Resources: mem-estimate=781.55MB mem-reservation=34.00MB thread-reservation=1
|  |  max-parallelism=30 segment-costs=[151134290] cpu-comparison-result=240 [max(20 (self) vs 240 (sum children))]
|  JOIN BUILD
|  |  join-table-id=03 plan-id=04 cohort-id=01
|  |  build expressions: tpcds_partitioned_parquet_snap.customer_3.c_customer_id
|  |  runtime filters: RF003[min_max] <- tpcds_partitioned_parquet_snap.customer_3.c_customer_id
|  |  mem-estimate=751.73MB mem-reservation=34.00MB spill-buffer=2.00MB thread-reservation=0 cost=80787070
|  |
|  70:EXCHANGE [HASH(tpcds_partitioned_parquet_snap.customer_3.c_customer_id)]
|  |  mem-estimate=29.82MB mem-reservation=0B thread-reservation=0
|  |  tuple-ids=34 row-size=165B cardinality=80.79M cost=70347220
|  |  in pipelines: 69(GETNEXT)
|  |
|  F24:PLAN FRAGMENT [HASH(tpcds_partitioned_parquet_snap.customer_3.c_customer_id,tpcds_partitioned_parquet_snap.customer_3.c_first_name,tpcds_partitioned_parquet_snap.customer_3.c_last_name,tpcds_partitioned_parquet_snap.customer_3.c_preferred_cust_flag,tpcds_partitioned_parquet_snap.customer_3.c_birth_country,tpcds_partitioned_parquet_snap.customer_3.c_login,tpcds_partitioned_parquet_snap.customer_3.c_email_address)] hosts=10 instances=120
|  Per-Instance Resources: mem-estimate=1.14GB mem-reservation=34.00MB thread-reservation=1
|  max-parallelism=550 segment-costs=[5472009822, 900826381] cpu-comparison-result=240 [max(120 (self) vs 240 (sum children))]
|  69:AGGREGATE [FINALIZE]
|  |  output: sum:merge(divide(add(subtract(subtract(tpcds_partitioned_parquet_snap.catalog_sales_0.cs_ext_list_price, tpcds_partitioned_parquet_snap.catalog_sales_0.cs_ext_wholesale_cost), tpcds_partitioned_parquet_snap.catalog_sales_0.cs_ext_discount_amt), tpcds_partitioned_parquet_snap.catalog_sales_0.cs_ext_sales_price), 2))
|  |  group by: tpcds_partitioned_parquet_snap.customer_3.c_customer_id, tpcds_partitioned_parquet_snap.customer_3.c_first_name, tpcds_partitioned_parquet_snap.customer_3.c_last_name, tpcds_partitioned_parquet_snap.customer_3.c_preferred_cust_flag, tpcds_partitioned_parquet_snap.customer_3.c_birth_country, tpcds_partitioned_parquet_snap.customer_3.c_login, tpcds_partitioned_parquet_snap.customer_3.c_email_address
|  |  having: sum(divide(add(subtract(subtract(tpcds_partitioned_parquet_snap.catalog_sales_0.cs_ext_list_price, tpcds_partitioned_parquet_snap.catalog_sales_0.cs_ext_wholesale_cost), tpcds_partitioned_parquet_snap.catalog_sales_0.cs_ext_discount_amt), tpcds_partitioned_parquet_snap.catalog_sales_0.cs_ext_sales_price), 2)) > CAST(0 AS DECIMAL(3,0))
|  |  mem-estimate=1.11GB mem-reservation=34.00MB spill-buffer=2.00MB thread-reservation=0
|  |  tuple-ids=34 row-size=165B cardinality=80.79M cost=4768537611
|  |  in pipelines: 69(GETNEXT), 27(OPEN)
|  |
|  68:EXCHANGE [HASH(tpcds_partitioned_parquet_snap.customer_3.c_customer_id,tpcds_partitioned_parquet_snap.customer_3.c_first_name,tpcds_partitioned_parquet_snap.customer_3.c_last_name,tpcds_partitioned_parquet_snap.customer_3.c_preferred_cust_flag,tpcds_partitioned_parquet_snap.customer_3.c_birth_country,tpcds_partitioned_parquet_snap.customer_3.c_login,tpcds_partitioned_parquet_snap.customer_3.c_email_address)]
|  |  mem-estimate=29.82MB mem-reservation=0B thread-reservation=0
|  |  tuple-ids=34 row-size=165B cardinality=807.87M cost=703472211
|  |  in pipelines: 27(GETNEXT)
|  |
|  F23:PLAN FRAGMENT [HASH(tpcds_partitioned_parquet_snap.catalog_sales_0.cs_bill_customer_sk)] hosts=10 instances=120
|  Per-Instance Resources: mem-estimate=946.99MB mem-reservation=34.00MB thread-reservation=1
|  max-parallelism=910 segment-costs=[5400364645, 9008263849] cpu-comparison-result=240 [max(240 (self) vs 141 (sum children))]
|  32:AGGREGATE [STREAMING]
|  |  output: sum(divide(add(subtract(subtract(tpcds_partitioned_parquet_snap.catalog_sales_0.cs_ext_list_price, tpcds_partitioned_parquet_snap.catalog_sales_0.cs_ext_wholesale_cost), tpcds_partitioned_parquet_snap.catalog_sales_0.cs_ext_discount_amt), tpcds_partitioned_parquet_snap.catalog_sales_0.cs_ext_sales_price), CAST(2 AS DECIMAL(3,0))))
|  |  group by: tpcds_partitioned_parquet_snap.customer_3.c_customer_id, tpcds_partitioned_parquet_snap.customer_3.c_first_name, tpcds_partitioned_parquet_snap.customer_3.c_last_name, tpcds_partitioned_parquet_snap.customer_3.c_preferred_cust_flag, tpcds_partitioned_parquet_snap.customer_3.c_birth_country, tpcds_partitioned_parquet_snap.customer_3.c_login, tpcds_partitioned_parquet_snap.customer_3.c_email_address
|  |  mem-estimate=853.01MB mem-reservation=34.00MB spill-buffer=2.00MB thread-reservation=0
|  |  tuple-ids=34 row-size=165B cardinality=807.87M cost=4768537611
|  |  in pipelines: 27(GETNEXT)
|  |
|  31:HASH JOIN [INNER JOIN, PARTITIONED]
|  |  hash-table-id=04
|  |  hash predicates: tpcds_partitioned_parquet_snap.catalog_sales_0.cs_bill_customer_sk = tpcds_partitioned_parquet_snap.customer_3.c_customer_sk
|  |  fk/pk conjuncts: tpcds_partitioned_parquet_snap.catalog_sales_0.cs_bill_customer_sk = tpcds_partitioned_parquet_snap.customer_3.c_customer_sk
|  |  mem-estimate=0B mem-reservation=0B spill-buffer=2.00MB thread-reservation=0
|  |  tuple-ids=28,30,32 row-size=185B cardinality=807.87M cost=372121453
|  |  in pipelines: 27(GETNEXT), 30(OPEN)
|  |
|  |--F35:PLAN FRAGMENT [HASH(tpcds_partitioned_parquet_snap.catalog_sales_0.cs_bill_customer_sk)] hosts=10 instances=120
|  |  |  Per-Instance Resources: mem-estimate=54.45MB mem-reservation=34.00MB thread-reservation=1
|  |  |  max-parallelism=910 segment-costs=[54467197]
|  |  JOIN BUILD
|  |  |  join-table-id=04 plan-id=05 cohort-id=03
|  |  |  build expressions: tpcds_partitioned_parquet_snap.customer_3.c_customer_sk
|  |  |  runtime filters: RF027[min_max] <- tpcds_partitioned_parquet_snap.customer_3.c_customer_sk
|  |  |  mem-estimate=42.91MB mem-reservation=34.00MB spill-buffer=2.00MB thread-reservation=0 cost=30000000
|  |  |
|  |  67:EXCHANGE [HASH(tpcds_partitioned_parquet_snap.customer_3.c_customer_sk)]
|  |  |  mem-estimate=11.53MB mem-reservation=0B thread-reservation=0
|  |  |  tuple-ids=32 row-size=153B cardinality=30.00M cost=24467197
|  |  |  in pipelines: 30(GETNEXT)
|  |  |
|  |  F22:PLAN FRAGMENT [RANDOM] hosts=10 instances=10
|  |  Per-Host Shared Resources: mem-estimate=4.00MB mem-reservation=4.00MB thread-reservation=0 runtime-filters-memory=4.00MB
|  |  Per-Instance Resources: mem-estimate=89.66MB mem-reservation=1.00MB thread-reservation=1
|  |  max-parallelism=10 segment-costs=[341205999]
|  |  30:SCAN HDFS [tpcds_partitioned_parquet_snap.customer, RANDOM]
|  |     HDFS partitions=1/1 files=1 size=1.55GB
|  |     runtime filters: RF001[min_max] -> tpcds_partitioned_parquet_snap.customer_3.c_customer_id, RF000[bloom] -> tpcds_partitioned_parquet_snap.customer_3.c_customer_id
|  |     stored statistics:
|  |       table: rows=30.00M size=1.55GB
|  |       columns: all
|  |     extrapolated-rows=disabled max-scan-range-rows=3.10M
|  |     mem-estimate=16.00MB mem-reservation=1.00MB thread-reservation=0
|  |     tuple-ids=32 row-size=153B cardinality=30.00M cost=29871228
|  |     in pipelines: 30(GETNEXT)
|  |
|  66:EXCHANGE [HASH(tpcds_partitioned_parquet_snap.catalog_sales_0.cs_bill_customer_sk)]
|  |  mem-estimate=14.69MB mem-reservation=0B thread-reservation=0
|  |  tuple-ids=28,30 row-size=32B cardinality=880.06M cost=259705581
|  |  in pipelines: 27(GETNEXT)
|  |
|  F20:PLAN FRAGMENT [RANDOM] hosts=10 instances=120
|  Per-Host Shared Resources: mem-estimate=1.00MB mem-reservation=1.00MB thread-reservation=0 runtime-filters-memory=1.00MB
|  Per-Instance Resources: mem-estimate=34.75MB mem-reservation=1.00MB thread-reservation=1
|  max-parallelism=350 segment-costs=[3409790834]
|  29:HASH JOIN [INNER JOIN, BROADCAST]
|  |  hash-table-id=05
|  |  hash predicates: tpcds_partitioned_parquet_snap.catalog_sales_0.cs_sold_date_sk = tpcds_partitioned_parquet_snap.date_dim_3.d_date_sk
|  |  fk/pk conjuncts: tpcds_partitioned_parquet_snap.catalog_sales_0.cs_sold_date_sk = tpcds_partitioned_parquet_snap.date_dim_3.d_date_sk
|  |  mem-estimate=0B mem-reservation=0B spill-buffer=64.00KB thread-reservation=0
|  |  tuple-ids=28,30 row-size=32B cardinality=880.06M cost=385202077
|  |  in pipelines: 27(GETNEXT), 28(OPEN)
|  |
|  |--F36:PLAN FRAGMENT [RANDOM] hosts=10 instances=10
|  |  |  Per-Instance Resources: mem-estimate=24.27MB mem-reservation=24.25MB thread-reservation=1 runtime-filters-memory=1.00MB
|  |  |  max-parallelism=10 segment-costs=[863]
|  |  JOIN BUILD
|  |  |  join-table-id=05 plan-id=06 cohort-id=03
|  |  |  build expressions: tpcds_partitioned_parquet_snap.date_dim_3.d_date_sk
|  |  |  runtime filters: RF028[bloom] <- tpcds_partitioned_parquet_snap.date_dim_3.d_date_sk
|  |  |  mem-estimate=23.25MB mem-reservation=23.25MB spill-buffer=64.00KB thread-reservation=0 cost=373
|  |  |
|  |  65:EXCHANGE [BROADCAST]
|  |  |  mem-estimate=16.00KB mem-reservation=0B thread-reservation=0
|  |  |  tuple-ids=30 row-size=8B cardinality=373 cost=490
|  |  |  in pipelines: 28(GETNEXT)
|  |  |
|  |  F21:PLAN FRAGMENT [RANDOM] hosts=1 instances=1
|  |  Per-Instance Resources: mem-estimate=16.05MB mem-reservation=512.00KB thread-reservation=1
|  |  max-parallelism=1 segment-costs=[10483]
|  |  28:SCAN HDFS [tpcds_partitioned_parquet_snap.date_dim, RANDOM]
|  |     HDFS partitions=1/1 files=1 size=2.17MB
|  |     predicates: tpcds_partitioned_parquet_snap.date_dim_3.d_year = CAST(1999 AS INT)
|  |     stored statistics:
|  |       table: rows=73.05K size=2.17MB
|  |       columns: all
|  |     extrapolated-rows=disabled max-scan-range-rows=73.05K
|  |     parquet statistics predicates: tpcds_partitioned_parquet_snap.date_dim_3.d_year = CAST(1999 AS INT)
|  |     parquet dictionary predicates: tpcds_partitioned_parquet_snap.date_dim_3.d_year = CAST(1999 AS INT)
|  |     mem-estimate=16.00MB mem-reservation=512.00KB thread-reservation=0
|  |     tuple-ids=30 row-size=8B cardinality=373 cost=10467
|  |     in pipelines: 28(GETNEXT)
|  |
|  27:SCAN HDFS [tpcds_partitioned_parquet_snap.catalog_sales, RANDOM]
|     HDFS partitions=1831/1831 files=1831 size=280.96GB
|     runtime filters: RF027[min_max] -> tpcds_partitioned_parquet_snap.catalog_sales_0.cs_bill_customer_sk, RF028[bloom] -> tpcds_partitioned_parquet_snap.catalog_sales_0.cs_sold_date_sk
|     stored statistics:
|       table: rows=4.32G size=280.96GB
|       partitions: 1831/1831 rows=4.32G
|       columns: all
|     extrapolated-rows=disabled max-scan-range-rows=21.52M est-scan-range=374(filtered from 1831)
|     mem-estimate=16.00MB mem-reservation=1.00MB thread-reservation=0
|     tuple-ids=28 row-size=24B cardinality=880.06M(filtered from 4.32G) cost=304148590
|     in pipelines: 27(GETNEXT)
|
26:HASH JOIN [INNER JOIN, PARTITIONED]
|  hash-table-id=06
|  hash predicates: tpcds_partitioned_parquet_snap.customer_2.c_customer_id = tpcds_partitioned_parquet_snap.customer.c_customer_id
|  fk/pk conjuncts: tpcds_partitioned_parquet_snap.customer_2.c_customer_id = tpcds_partitioned_parquet_snap.customer.c_customer_id
|  mem-estimate=0B mem-reservation=0B spill-buffer=2.00MB thread-reservation=0
|  tuple-ids=27,20,13,6 row-size=661B cardinality=30.00M cost=13131000
|  in pipelines: 46(GETNEXT), 63(OPEN)
|
|--F37:PLAN FRAGMENT [HASH(tpcds_partitioned_parquet_snap.customer_2.c_customer_id)] hosts=10 instances=20 (adjusted from 120)
|  |  Per-Instance Resources: mem-estimate=304.47MB mem-reservation=34.00MB thread-reservation=1
|  |  max-parallelism=30 segment-costs=[56123197] cpu-comparison-result=240 [max(20 (self) vs 240 (sum children))]
|  JOIN BUILD
|  |  join-table-id=06 plan-id=07 cohort-id=01
|  |  build expressions: tpcds_partitioned_parquet_snap.customer.c_customer_id
|  |  runtime filters: RF005[min_max] <- tpcds_partitioned_parquet_snap.customer.c_customer_id
|  |  mem-estimate=274.64MB mem-reservation=34.00MB spill-buffer=2.00MB thread-reservation=0 cost=30000000
|  |
|  64:EXCHANGE [HASH(tpcds_partitioned_parquet_snap.customer.c_customer_id)]
|  |  mem-estimate=29.82MB mem-reservation=0B thread-reservation=0
|  |  tuple-ids=6 row-size=165B cardinality=30.00M cost=26123197
|  |  in pipelines: 63(GETNEXT)
|  |
|  F19:PLAN FRAGMENT [HASH(tpcds_partitioned_parquet_snap.customer.c_customer_id,tpcds_partitioned_parquet_snap.customer.c_first_name,tpcds_partitioned_parquet_snap.customer.c_last_name,tpcds_partitioned_parquet_snap.customer.c_preferred_cust_flag,tpcds_partitioned_parquet_snap.customer.c_birth_country,tpcds_partitioned_parquet_snap.customer.c_login,tpcds_partitioned_parquet_snap.customer.c_email_address)] hosts=10 instances=120
|  Per-Instance Resources: mem-estimate=1.82GB mem-reservation=34.00MB thread-reservation=1
|  max-parallelism=310 segment-costs=[3067099075, 334518771] cpu-comparison-result=240 [max(120 (self) vs 240 (sum children))]
|  63:AGGREGATE [FINALIZE]
|  |  output: sum:merge(divide(add(subtract(subtract(tpcds_partitioned_parquet_snap.store_sales.ss_ext_list_price, tpcds_partitioned_parquet_snap.store_sales.ss_ext_wholesale_cost), tpcds_partitioned_parquet_snap.store_sales.ss_ext_discount_amt), tpcds_partitioned_parquet_snap.store_sales.ss_ext_sales_price), 2))
|  |  group by: tpcds_partitioned_parquet_snap.customer.c_customer_id, tpcds_partitioned_parquet_snap.customer.c_first_name, tpcds_partitioned_parquet_snap.customer.c_last_name, tpcds_partitioned_parquet_snap.customer.c_preferred_cust_flag, tpcds_partitioned_parquet_snap.customer.c_birth_country, tpcds_partitioned_parquet_snap.customer.c_login, tpcds_partitioned_parquet_snap.customer.c_email_address
|  |  mem-estimate=1.80GB mem-reservation=34.00MB spill-buffer=2.00MB thread-reservation=0
|  |  tuple-ids=6 row-size=165B cardinality=30.00M cost=1930086569
|  |  in pipelines: 63(GETNEXT), 00(OPEN)
|  |
|  62:EXCHANGE [HASH(tpcds_partitioned_parquet_snap.customer.c_customer_id,tpcds_partitioned_parquet_snap.customer.c_first_name,tpcds_partitioned_parquet_snap.customer.c_last_name,tpcds_partitioned_parquet_snap.customer.c_preferred_cust_flag,tpcds_partitioned_parquet_snap.customer.c_birth_country,tpcds_partitioned_parquet_snap.customer.c_login,tpcds_partitioned_parquet_snap.customer.c_email_address)]
|  |  mem-estimate=29.82MB mem-reservation=0B thread-reservation=0
|  |  tuple-ids=6 row-size=165B cardinality=1.31G cost=1137012506
|  |  in pipelines: 00(GETNEXT)
|  |
|  F18:PLAN FRAGMENT [HASH(tpcds_partitioned_parquet_snap.store_sales.ss_customer_sk)] hosts=10 instances=120
|  Per-Instance Resources: mem-estimate=1.76GB mem-reservation=34.00MB thread-reservation=1
|  max-parallelism=1460 segment-costs=[9410215497, 14559933564] cpu-comparison-result=240 [max(240 (self) vs 141 (sum children))]
|  05:AGGREGATE [STREAMING]
|  |  output: sum(divide(add(subtract(subtract(tpcds_partitioned_parquet_snap.store_sales.ss_ext_list_price, tpcds_partitioned_parquet_snap.store_sales.ss_ext_wholesale_cost), tpcds_partitioned_parquet_snap.store_sales.ss_ext_discount_amt), tpcds_partitioned_parquet_snap.store_sales.ss_ext_sales_price), CAST(2 AS DECIMAL(3,0))))
|  |  group by: tpcds_partitioned_parquet_snap.customer.c_customer_id, tpcds_partitioned_parquet_snap.customer.c_first_name, tpcds_partitioned_parquet_snap.customer.c_last_name, tpcds_partitioned_parquet_snap.customer.c_preferred_cust_flag, tpcds_partitioned_parquet_snap.customer.c_birth_country, tpcds_partitioned_parquet_snap.customer.c_login, tpcds_partitioned_parquet_snap.customer.c_email_address
|  |  mem-estimate=1.67GB mem-reservation=34.00MB spill-buffer=2.00MB thread-reservation=0
|  |  tuple-ids=6 row-size=165B cardinality=1.31G cost=8141744291
|  |  in pipelines: 00(GETNEXT)
|  |
|  04:HASH JOIN [INNER JOIN, PARTITIONED]
|  |  hash-table-id=07
|  |  hash predicates: tpcds_partitioned_parquet_snap.store_sales.ss_customer_sk = tpcds_partitioned_parquet_snap.customer.c_customer_sk
|  |  fk/pk conjuncts: tpcds_partitioned_parquet_snap.store_sales.ss_customer_sk = tpcds_partitioned_parquet_snap.customer.c_customer_sk
|  |  mem-estimate=0B mem-reservation=0B spill-buffer=2.00MB thread-reservation=0
|  |  tuple-ids=0,2,4 row-size=185B cardinality=1.62G cost=747080012
|  |  in pipelines: 00(GETNEXT), 03(OPEN)
|  |
|  |--F38:PLAN FRAGMENT [HASH(tpcds_partitioned_parquet_snap.store_sales.ss_customer_sk)] hosts=10 instances=120
|  |  |  Per-Instance Resources: mem-estimate=54.45MB mem-reservation=34.00MB thread-reservation=1
|  |  |  max-parallelism=1460 segment-costs=[54467197]
|  |  JOIN BUILD
|  |  |  join-table-id=07 plan-id=08 cohort-id=04
|  |  |  build expressions: tpcds_partitioned_parquet_snap.customer.c_customer_sk
|  |  |  runtime filters: RF023[min_max] <- tpcds_partitioned_parquet_snap.customer.c_customer_sk
|  |  |  mem-estimate=42.91MB mem-reservation=34.00MB spill-buffer=2.00MB thread-reservation=0 cost=30000000
|  |  |
|  |  61:EXCHANGE [HASH(tpcds_partitioned_parquet_snap.customer.c_customer_sk)]
|  |  |  mem-estimate=11.53MB mem-reservation=0B thread-reservation=0
|  |  |  tuple-ids=4 row-size=153B cardinality=30.00M cost=24467197
|  |  |  in pipelines: 03(GETNEXT)
|  |  |
|  |  F17:PLAN FRAGMENT [RANDOM] hosts=10 instances=10
|  |  Per-Host Shared Resources: mem-estimate=4.00MB mem-reservation=4.00MB thread-reservation=0 runtime-filters-memory=4.00MB
|  |  Per-Instance Resources: mem-estimate=89.66MB mem-reservation=1.00MB thread-reservation=1
|  |  max-parallelism=10 segment-costs=[341205999]
|  |  03:SCAN HDFS [tpcds_partitioned_parquet_snap.customer, RANDOM]
|  |     HDFS partitions=1/1 files=1 size=1.55GB
|  |     runtime filters: RF001[min_max] -> tpcds_partitioned_parquet_snap.customer.c_customer_id, RF003[min_max] -> tpcds_partitioned_parquet_snap.customer.c_customer_id, RF000[bloom] -> tpcds_partitioned_parquet_snap.customer.c_customer_id
|  |     stored statistics:
|  |       table: rows=30.00M size=1.55GB
|  |       columns: all
|  |     extrapolated-rows=disabled max-scan-range-rows=3.10M
|  |     mem-estimate=16.00MB mem-reservation=1.00MB thread-reservation=0
|  |     tuple-ids=4 row-size=153B cardinality=30.00M cost=29871228
|  |     in pipelines: 03(GETNEXT)
|  |
|  60:EXCHANGE [HASH(tpcds_partitioned_parquet_snap.store_sales.ss_customer_sk)]
|  |  mem-estimate=14.69MB mem-reservation=0B thread-reservation=0
|  |  tuple-ids=0,2 row-size=32B cardinality=1.77G cost=521391194
|  |  in pipelines: 00(GETNEXT)
|  |
|  F15:PLAN FRAGMENT [RANDOM] hosts=10 instances=120
|  Per-Host Shared Resources: mem-estimate=1.00MB mem-reservation=1.00MB thread-reservation=0 runtime-filters-memory=1.00MB
|  Per-Instance Resources: mem-estimate=34.75MB mem-reservation=8.00MB thread-reservation=1
|  max-parallelism=374 segment-costs=[6845578389]
|  02:HASH JOIN [INNER JOIN, BROADCAST]
|  |  hash-table-id=08
|  |  hash predicates: tpcds_partitioned_parquet_snap.store_sales.ss_sold_date_sk = tpcds_partitioned_parquet_snap.date_dim.d_date_sk
|  |  fk/pk conjuncts: tpcds_partitioned_parquet_snap.store_sales.ss_sold_date_sk = tpcds_partitioned_parquet_snap.date_dim.d_date_sk
|  |  mem-estimate=0B mem-reservation=0B spill-buffer=64.00KB thread-reservation=0
|  |  tuple-ids=0,2 row-size=32B cardinality=1.77G cost=773340988
|  |  in pipelines: 00(GETNEXT), 01(OPEN)
|  |
|  |--F39:PLAN FRAGMENT [RANDOM] hosts=10 instances=10
|  |  |  Per-Instance Resources: mem-estimate=24.27MB mem-reservation=24.25MB thread-reservation=1 runtime-filters-memory=1.00MB
|  |  |  max-parallelism=10 segment-costs=[863]
|  |  JOIN BUILD
|  |  |  join-table-id=08 plan-id=09 cohort-id=04
|  |  |  build expressions: tpcds_partitioned_parquet_snap.date_dim.d_date_sk
|  |  |  runtime filters: RF024[bloom] <- tpcds_partitioned_parquet_snap.date_dim.d_date_sk
|  |  |  mem-estimate=23.25MB mem-reservation=23.25MB spill-buffer=64.00KB thread-reservation=0 cost=373
|  |  |
|  |  59:EXCHANGE [BROADCAST]
|  |  |  mem-estimate=16.00KB mem-reservation=0B thread-reservation=0
|  |  |  tuple-ids=2 row-size=8B cardinality=373 cost=490
|  |  |  in pipelines: 01(GETNEXT)
|  |  |
|  |  F16:PLAN FRAGMENT [RANDOM] hosts=1 instances=1
|  |  Per-Instance Resources: mem-estimate=16.05MB mem-reservation=512.00KB thread-reservation=1
|  |  max-parallelism=1 segment-costs=[10483]
|  |  01:SCAN HDFS [tpcds_partitioned_parquet_snap.date_dim, RANDOM]
|  |     HDFS partitions=1/1 files=1 size=2.17MB
|  |     predicates: tpcds_partitioned_parquet_snap.date_dim.d_year = add(CAST(1999 AS INT), CAST(1 AS INT))
|  |     stored statistics:
|  |       table: rows=73.05K size=2.17MB
|  |       columns: all
|  |     extrapolated-rows=disabled max-scan-range-rows=73.05K
|  |     parquet statistics predicates: tpcds_partitioned_parquet_snap.date_dim.d_year = add(CAST(1999 AS INT), CAST(1 AS INT))
|  |     parquet dictionary predicates: tpcds_partitioned_parquet_snap.date_dim.d_year = add(CAST(1999 AS INT), CAST(1 AS INT))
|  |     mem-estimate=16.00MB mem-reservation=512.00KB thread-reservation=0
|  |     tuple-ids=2 row-size=8B cardinality=373 cost=10467
|  |     in pipelines: 01(GETNEXT)
|  |
|  00:SCAN HDFS [tpcds_partitioned_parquet_snap.store_sales, RANDOM]
|     HDFS partitions=1824/1824 files=1824 size=389.90GB
|     runtime filters: RF023[min_max] -> tpcds_partitioned_parquet_snap.store_sales.ss_customer_sk, RF024[bloom] -> tpcds_partitioned_parquet_snap.store_sales.ss_sold_date_sk
|     stored statistics:
|       table: rows=8.64G size=389.90GB
|       partitions: 1824/1824 rows=8.64G
|       columns: all
|     extrapolated-rows=disabled max-scan-range-rows=390.22M est-scan-range=374(filtered from 1824)
|     mem-estimate=16.00MB mem-reservation=8.00MB thread-reservation=0
|     tuple-ids=0 row-size=24B cardinality=1.77G(filtered from 8.64G) cost=610616051
|     in pipelines: 00(GETNEXT)
|
25:HASH JOIN [INNER JOIN, PARTITIONED]
|  hash-table-id=09
|  hash predicates: tpcds_partitioned_parquet_snap.customer_2.c_customer_id = tpcds_partitioned_parquet_snap.customer_0.c_customer_id
|  fk/pk conjuncts: tpcds_partitioned_parquet_snap.customer_2.c_customer_id = tpcds_partitioned_parquet_snap.customer_0.c_customer_id
|  mem-estimate=0B mem-reservation=0B spill-buffer=2.00MB thread-reservation=0
|  tuple-ids=27,20,13 row-size=495B cardinality=30.00M cost=13131000
|  in pipelines: 46(GETNEXT), 57(OPEN)
|
|--F40:PLAN FRAGMENT [HASH(tpcds_partitioned_parquet_snap.customer_2.c_customer_id)] hosts=10 instances=20 (adjusted from 120)
|  |  Per-Instance Resources: mem-estimate=291.25MB mem-reservation=34.00MB thread-reservation=1
|  |  max-parallelism=30 segment-costs=[56123197] cpu-comparison-result=140 [max(20 (self) vs 140 (sum children))]
|  JOIN BUILD
|  |  join-table-id=09 plan-id=10 cohort-id=01
|  |  build expressions: tpcds_partitioned_parquet_snap.customer_0.c_customer_id
|  |  runtime filters: RF007[min_max] <- tpcds_partitioned_parquet_snap.customer_0.c_customer_id
|  |  mem-estimate=274.64MB mem-reservation=34.00MB spill-buffer=2.00MB thread-reservation=0 cost=30000000
|  |
|  58:EXCHANGE [HASH(tpcds_partitioned_parquet_snap.customer_0.c_customer_id)]
|  |  mem-estimate=16.61MB mem-reservation=0B thread-reservation=0
|  |  tuple-ids=13 row-size=165B cardinality=30.00M cost=26123197
|  |  in pipelines: 57(GETNEXT)
|  |
|  F14:PLAN FRAGMENT [HASH(tpcds_partitioned_parquet_snap.customer_0.c_customer_id,tpcds_partitioned_parquet_snap.customer_0.c_first_name,tpcds_partitioned_parquet_snap.customer_0.c_last_name,tpcds_partitioned_parquet_snap.customer_0.c_preferred_cust_flag,tpcds_partitioned_parquet_snap.customer_0.c_birth_country,tpcds_partitioned_parquet_snap.customer_0.c_login,tpcds_partitioned_parquet_snap.customer_0.c_email_address)] hosts=10 instances=40 (adjusted from 120)
|  Per-Instance Resources: mem-estimate=188.97MB mem-reservation=34.00MB thread-reservation=1
|  max-parallelism=40 segment-costs=[226590531, 334518771] cpu-comparison-result=140 [max(40 (self) vs 140 (sum children))]
|  57:AGGREGATE [FINALIZE]
|  |  output: sum:merge(divide(add(subtract(subtract(tpcds_partitioned_parquet_snap.web_sales.ws_ext_list_price, tpcds_partitioned_parquet_snap.web_sales.ws_ext_wholesale_cost), tpcds_partitioned_parquet_snap.web_sales.ws_ext_discount_amt), tpcds_partitioned_parquet_snap.web_sales.ws_ext_sales_price), 2))
|  |  group by: tpcds_partitioned_parquet_snap.customer_0.c_customer_id, tpcds_partitioned_parquet_snap.customer_0.c_first_name, tpcds_partitioned_parquet_snap.customer_0.c_last_name, tpcds_partitioned_parquet_snap.customer_0.c_preferred_cust_flag, tpcds_partitioned_parquet_snap.customer_0.c_birth_country, tpcds_partitioned_parquet_snap.customer_0.c_login, tpcds_partitioned_parquet_snap.customer_0.c_email_address
|  |  mem-estimate=170.71MB mem-reservation=34.00MB spill-buffer=2.00MB thread-reservation=0
|  |  tuple-ids=13 row-size=165B cardinality=30.00M cost=191394747
|  |  in pipelines: 57(GETNEXT), 06(OPEN)
|  |
|  56:EXCHANGE [HASH(tpcds_partitioned_parquet_snap.customer_0.c_customer_id,tpcds_partitioned_parquet_snap.customer_0.c_first_name,tpcds_partitioned_parquet_snap.customer_0.c_last_name,tpcds_partitioned_parquet_snap.customer_0.c_preferred_cust_flag,tpcds_partitioned_parquet_snap.customer_0.c_birth_country,tpcds_partitioned_parquet_snap.customer_0.c_login,tpcds_partitioned_parquet_snap.customer_0.c_email_address)]
|  |  mem-estimate=18.26MB mem-reservation=0B thread-reservation=0
|  |  tuple-ids=13 row-size=165B cardinality=40.42M cost=35195784
|  |  in pipelines: 06(GETNEXT)
|  |
|  F13:PLAN FRAGMENT [HASH(tpcds_partitioned_parquet_snap.web_sales.ws_bill_customer_sk)] hosts=10 instances=50 (adjusted from 120)
|  Per-Instance Resources: mem-estimate=142.95MB mem-reservation=34.00MB thread-reservation=1
|  max-parallelism=50 segment-costs=[355898108, 450697141] cpu-comparison-result=140 [max(140 (self) vs 71 (sum children))]
|  11:AGGREGATE [STREAMING]
|  |  output: sum(divide(add(subtract(subtract(tpcds_partitioned_parquet_snap.web_sales.ws_ext_list_price, tpcds_partitioned_parquet_snap.web_sales.ws_ext_wholesale_cost), tpcds_partitioned_parquet_snap.web_sales.ws_ext_discount_amt), tpcds_partitioned_parquet_snap.web_sales.ws_ext_sales_price), CAST(2 AS DECIMAL(3,0))))
|  |  group by: tpcds_partitioned_parquet_snap.customer_0.c_customer_id, tpcds_partitioned_parquet_snap.customer_0.c_first_name, tpcds_partitioned_parquet_snap.customer_0.c_last_name, tpcds_partitioned_parquet_snap.customer_0.c_preferred_cust_flag, tpcds_partitioned_parquet_snap.customer_0.c_birth_country, tpcds_partitioned_parquet_snap.customer_0.c_login, tpcds_partitioned_parquet_snap.customer_0.c_email_address
|  |  mem-estimate=103.01MB mem-reservation=34.00MB spill-buffer=2.00MB thread-reservation=0
|  |  tuple-ids=13 row-size=165B cardinality=40.42M cost=238891278
|  |  in pipelines: 06(GETNEXT)
|  |
|  10:HASH JOIN [INNER JOIN, PARTITIONED]
|  |  hash-table-id=10
|  |  hash predicates: tpcds_partitioned_parquet_snap.web_sales.ws_bill_customer_sk = tpcds_partitioned_parquet_snap.customer_0.c_customer_sk
|  |  fk/pk conjuncts: tpcds_partitioned_parquet_snap.web_sales.ws_bill_customer_sk = tpcds_partitioned_parquet_snap.customer_0.c_customer_sk
|  |  mem-estimate=0B mem-reservation=0B spill-buffer=1.00MB thread-reservation=0
|  |  tuple-ids=7,9,11 row-size=185B cardinality=40.65M cost=58349826
|  |  in pipelines: 06(GETNEXT), 09(OPEN)
|  |
|  |--F41:PLAN FRAGMENT [HASH(tpcds_partitioned_parquet_snap.web_sales.ws_bill_customer_sk)] hosts=10 instances=50 (adjusted from 120)
|  |  |  Per-Instance Resources: mem-estimate=32.53MB mem-reservation=21.00MB thread-reservation=1 runtime-filters-memory=4.00MB
|  |  |  max-parallelism=50 segment-costs=[5446719]
|  |  JOIN BUILD
|  |  |  join-table-id=10 plan-id=11 cohort-id=05
|  |  |  build expressions: tpcds_partitioned_parquet_snap.customer_0.c_customer_sk
|  |  |  runtime filters: RF018[bloom] <- tpcds_partitioned_parquet_snap.customer_0.c_customer_sk, RF019[min_max] <- tpcds_partitioned_parquet_snap.customer_0.c_customer_sk
|  |  |  mem-estimate=17.00MB mem-reservation=17.00MB spill-buffer=1.00MB thread-reservation=0 cost=3000000
|  |  |
|  |  55:EXCHANGE [HASH(tpcds_partitioned_parquet_snap.customer_0.c_customer_sk)]
|  |  |  mem-estimate=11.53MB mem-reservation=0B thread-reservation=0
|  |  |  tuple-ids=11 row-size=153B cardinality=3.00M cost=2446719
|  |  |  in pipelines: 09(GETNEXT)
|  |  |
|  |  F12:PLAN FRAGMENT [RANDOM] hosts=10 instances=10
|  |  Per-Host Shared Resources: mem-estimate=4.00MB mem-reservation=4.00MB thread-reservation=0 runtime-filters-memory=4.00MB
|  |  Per-Instance Resources: mem-estimate=46.69MB mem-reservation=1.00MB thread-reservation=1
|  |  max-parallelism=10 segment-costs=[61847705]
|  |  09:SCAN HDFS [tpcds_partitioned_parquet_snap.customer, RANDOM]
|  |     HDFS partitions=1/1 files=1 size=1.55GB
|  |     predicates: is_not_null_pred(tpcds_partitioned_parquet_snap.customer_0.c_customer_id)
|  |     runtime filters: RF001[min_max] -> tpcds_partitioned_parquet_snap.customer_0.c_customer_id, RF003[min_max] -> tpcds_partitioned_parquet_snap.customer_0.c_customer_id, RF005[min_max] -> tpcds_partitioned_parquet_snap.customer_0.c_customer_id, RF000[bloom] -> tpcds_partitioned_parquet_snap.customer_0.c_customer_id
|  |     stored statistics:
|  |       table: rows=30.00M size=1.55GB
|  |       columns: all
|  |     extrapolated-rows=disabled max-scan-range-rows=3.10M
|  |     parquet dictionary predicates: is_not_null_pred(tpcds_partitioned_parquet_snap.customer_0.c_customer_id)
|  |     mem-estimate=16.00MB mem-reservation=1.00MB thread-reservation=0
|  |     tuple-ids=11 row-size=153B cardinality=3.00M cost=30714228
|  |     in pipelines: 09(GETNEXT)
|  |
|  54:EXCHANGE [HASH(tpcds_partitioned_parquet_snap.web_sales.ws_bill_customer_sk)]
|  |  mem-estimate=13.52MB mem-reservation=0B thread-reservation=0
|  |  tuple-ids=7,9 row-size=32B cardinality=198.77M(filtered from 441.70M) cost=58657004
|  |  in pipelines: 06(GETNEXT)
|  |
|  F10:PLAN FRAGMENT [RANDOM] hosts=10 instances=90 (adjusted from 120)
|  Per-Host Shared Resources: mem-estimate=5.00MB mem-reservation=5.00MB thread-reservation=0 runtime-filters-memory=5.00MB
|  Per-Instance Resources: mem-estimate=23.81MB mem-reservation=128.00KB thread-reservation=1
|  max-parallelism=90 segment-costs=[898111728]
|  08:HASH JOIN [INNER JOIN, BROADCAST]
|  |  hash-table-id=11
|  |  hash predicates: tpcds_partitioned_parquet_snap.web_sales.ws_sold_date_sk = tpcds_partitioned_parquet_snap.date_dim_0.d_date_sk
|  |  fk/pk conjuncts: tpcds_partitioned_parquet_snap.web_sales.ws_sold_date_sk = tpcds_partitioned_parquet_snap.date_dim_0.d_date_sk
|  |  mem-estimate=0B mem-reservation=0B spill-buffer=64.00KB thread-reservation=0
|  |  tuple-ids=7,9 row-size=32B cardinality=198.77M(filtered from 441.70M) cost=131021245
|  |  in pipelines: 06(GETNEXT), 07(OPEN)
|  |
|  |--F42:PLAN FRAGMENT [RANDOM] hosts=10 instances=10
|  |  |  Per-Instance Resources: mem-estimate=18.45MB mem-reservation=18.44MB thread-reservation=1 runtime-filters-memory=1.00MB
|  |  |  max-parallelism=10 segment-costs=[863]
|  |  JOIN BUILD
|  |  |  join-table-id=11 plan-id=12 cohort-id=05
|  |  |  build expressions: tpcds_partitioned_parquet_snap.date_dim_0.d_date_sk
|  |  |  runtime filters: RF020[bloom] <- tpcds_partitioned_parquet_snap.date_dim_0.d_date_sk
|  |  |  mem-estimate=17.44MB mem-reservation=17.44MB spill-buffer=64.00KB thread-reservation=0 cost=373
|  |  |
|  |  53:EXCHANGE [BROADCAST]
|  |  |  mem-estimate=16.00KB mem-reservation=0B thread-reservation=0
|  |  |  tuple-ids=9 row-size=8B cardinality=373 cost=490
|  |  |  in pipelines: 07(GETNEXT)
|  |  |
|  |  F11:PLAN FRAGMENT [RANDOM] hosts=1 instances=1
|  |  Per-Instance Resources: mem-estimate=16.05MB mem-reservation=512.00KB thread-reservation=1
|  |  max-parallelism=1 segment-costs=[10483]
|  |  07:SCAN HDFS [tpcds_partitioned_parquet_snap.date_dim, RANDOM]
|  |     HDFS partitions=1/1 files=1 size=2.17MB
|  |     predicates: tpcds_partitioned_parquet_snap.date_dim_0.d_year = add(CAST(1999 AS INT), CAST(1 AS INT))
|  |     stored statistics:
|  |       table: rows=73.05K size=2.17MB
|  |       columns: all
|  |     extrapolated-rows=disabled max-scan-range-rows=73.05K
|  |     parquet statistics predicates: tpcds_partitioned_parquet_snap.date_dim_0.d_year = add(CAST(1999 AS INT), CAST(1 AS INT))
|  |     parquet dictionary predicates: tpcds_partitioned_parquet_snap.date_dim_0.d_year = add(CAST(1999 AS INT), CAST(1 AS INT))
|  |     mem-estimate=16.00MB mem-reservation=512.00KB thread-reservation=0
|  |     tuple-ids=9 row-size=8B cardinality=373 cost=10467
|  |     in pipelines: 07(GETNEXT)
|  |
|  06:SCAN HDFS [tpcds_partitioned_parquet_snap.web_sales, RANDOM]
|     HDFS partitions=1824/1824 files=1824 size=145.75GB
|     runtime filters: RF019[min_max] -> tpcds_partitioned_parquet_snap.web_sales.ws_bill_customer_sk, RF018[bloom] -> tpcds_partitioned_parquet_snap.web_sales.ws_bill_customer_sk, RF020[bloom] -> tpcds_partitioned_parquet_snap.web_sales.ws_sold_date_sk
|     stored statistics:
|       table: rows=2.16G size=145.75GB
|       partitions: 1824/1824 rows=2.16G
|       columns: all
|     extrapolated-rows=disabled max-scan-range-rows=3.37M est-scan-range=374(filtered from 1824)
|     mem-estimate=16.00MB mem-reservation=128.00KB thread-reservation=0
|     tuple-ids=7 row-size=24B cardinality=198.77M(filtered from 2.16G) cost=152652894
|     in pipelines: 06(GETNEXT)
|
24:HASH JOIN [INNER JOIN, PARTITIONED]
|  hash-table-id=12
|  hash predicates: tpcds_partitioned_parquet_snap.customer_2.c_customer_id = tpcds_partitioned_parquet_snap.customer_1.c_customer_id
|  fk/pk conjuncts: tpcds_partitioned_parquet_snap.customer_2.c_customer_id = tpcds_partitioned_parquet_snap.customer_1.c_customer_id
|  mem-estimate=0B mem-reservation=0B spill-buffer=2.00MB thread-reservation=0
|  tuple-ids=27,20 row-size=330B cardinality=30.00M cost=47037753
|  in pipelines: 46(GETNEXT), 50(OPEN)
|
|--F43:PLAN FRAGMENT [HASH(tpcds_partitioned_parquet_snap.customer_2.c_customer_id)] hosts=10 instances=20 (adjusted from 120)
|  |  Per-Instance Resources: mem-estimate=307.25MB mem-reservation=50.00MB thread-reservation=1 runtime-filters-memory=16.00MB
|  |  max-parallelism=30 segment-costs=[56123197] cpu-comparison-result=120 [max(20 (self) vs 120 (sum children))]
|  JOIN BUILD
|  |  join-table-id=12 plan-id=13 cohort-id=01
|  |  build expressions: tpcds_partitioned_parquet_snap.customer_1.c_customer_id
|  |  runtime filters: RF008[bloom] <- tpcds_partitioned_parquet_snap.customer_1.c_customer_id, RF009[min_max] <- tpcds_partitioned_parquet_snap.customer_1.c_customer_id
|  |  mem-estimate=274.64MB mem-reservation=34.00MB spill-buffer=2.00MB thread-reservation=0 cost=30000000
|  |
|  52:EXCHANGE [HASH(tpcds_partitioned_parquet_snap.customer_1.c_customer_id)]
|  |  mem-estimate=16.61MB mem-reservation=0B thread-reservation=0
|  |  tuple-ids=20 row-size=165B cardinality=30.00M cost=26123197
|  |  in pipelines: 50(GETNEXT)
|  |
|  F08:PLAN FRAGMENT [HASH(tpcds_partitioned_parquet_snap.customer_1.c_customer_id,tpcds_partitioned_parquet_snap.customer_1.c_first_name,tpcds_partitioned_parquet_snap.customer_1.c_last_name,tpcds_partitioned_parquet_snap.customer_1.c_preferred_cust_flag,tpcds_partitioned_parquet_snap.customer_1.c_birth_country,tpcds_partitioned_parquet_snap.customer_1.c_login,tpcds_partitioned_parquet_snap.customer_1.c_email_address)] hosts=10 instances=40 (adjusted from 120)
|  Per-Instance Resources: mem-estimate=367.23MB mem-reservation=34.00MB thread-reservation=1
|  max-parallelism=40 segment-costs=[315192267, 334518771] cpu-comparison-result=120 [max(40 (self) vs 120 (sum children))]
|  50:AGGREGATE [FINALIZE]
|  |  output: sum:merge(divide(add(subtract(subtract(tpcds_partitioned_parquet_snap.catalog_sales.cs_ext_list_price, tpcds_partitioned_parquet_snap.catalog_sales.cs_ext_wholesale_cost), tpcds_partitioned_parquet_snap.catalog_sales.cs_ext_discount_amt), tpcds_partitioned_parquet_snap.catalog_sales.cs_ext_sales_price), 2))
|  |  group by: tpcds_partitioned_parquet_snap.customer_1.c_customer_id, tpcds_partitioned_parquet_snap.customer_1.c_first_name, tpcds_partitioned_parquet_snap.customer_1.c_last_name, tpcds_partitioned_parquet_snap.customer_1.c_preferred_cust_flag, tpcds_partitioned_parquet_snap.customer_1.c_birth_country, tpcds_partitioned_parquet_snap.customer_1.c_login, tpcds_partitioned_parquet_snap.customer_1.c_email_address
|  |  mem-estimate=337.40MB mem-reservation=34.00MB spill-buffer=2.00MB thread-reservation=0
|  |  tuple-ids=20 row-size=165B cardinality=30.00M cost=245628386
|  |  in pipelines: 50(GETNEXT), 12(OPEN)
|  |
|  49:EXCHANGE [HASH(tpcds_partitioned_parquet_snap.customer_1.c_customer_id,tpcds_partitioned_parquet_snap.customer_1.c_first_name,tpcds_partitioned_parquet_snap.customer_1.c_last_name,tpcds_partitioned_parquet_snap.customer_1.c_preferred_cust_flag,tpcds_partitioned_parquet_snap.customer_1.c_birth_country,tpcds_partitioned_parquet_snap.customer_1.c_login,tpcds_partitioned_parquet_snap.customer_1.c_email_address)]
|  |  mem-estimate=29.82MB mem-reservation=0B thread-reservation=0
|  |  tuple-ids=20 row-size=165B cardinality=79.89M cost=69563881
|  |  in pipelines: 12(GETNEXT)
|  |
|  F05:PLAN FRAGMENT [RANDOM] hosts=10 instances=120
|  Per-Host Shared Resources: mem-estimate=5.00MB mem-reservation=5.00MB thread-reservation=0 runtime-filters-memory=5.00MB
|  Per-Instance Resources: mem-estimate=127.73MB mem-reservation=35.00MB thread-reservation=1
|  max-parallelism=120 segment-costs=[1154475088, 890795390] cpu-comparison-result=120 [max(120 (self) vs 31 (sum children))]
|  17:AGGREGATE [STREAMING]
|  |  output: sum(divide(add(subtract(subtract(tpcds_partitioned_parquet_snap.catalog_sales.cs_ext_list_price, tpcds_partitioned_parquet_snap.catalog_sales.cs_ext_wholesale_cost), tpcds_partitioned_parquet_snap.catalog_sales.cs_ext_discount_amt), tpcds_partitioned_parquet_snap.catalog_sales.cs_ext_sales_price), CAST(2 AS DECIMAL(3,0))))
|  |  group by: tpcds_partitioned_parquet_snap.customer_1.c_customer_id, tpcds_partitioned_parquet_snap.customer_1.c_first_name, tpcds_partitioned_parquet_snap.customer_1.c_last_name, tpcds_partitioned_parquet_snap.customer_1.c_preferred_cust_flag, tpcds_partitioned_parquet_snap.customer_1.c_birth_country, tpcds_partitioned_parquet_snap.customer_1.c_login, tpcds_partitioned_parquet_snap.customer_1.c_email_address
|  |  mem-estimate=85.30MB mem-reservation=34.00MB spill-buffer=2.00MB thread-reservation=0
|  |  tuple-ids=20 row-size=165B cardinality=79.89M cost=472779967
|  |  in pipelines: 12(GETNEXT)
|  |
|  16:HASH JOIN [INNER JOIN, BROADCAST]
|  |  hash-table-id=13
|  |  hash predicates: tpcds_partitioned_parquet_snap.catalog_sales.cs_bill_customer_sk = tpcds_partitioned_parquet_snap.customer_1.c_customer_sk
|  |  fk/pk conjuncts: tpcds_partitioned_parquet_snap.catalog_sales.cs_bill_customer_sk = tpcds_partitioned_parquet_snap.customer_1.c_customer_sk
|  |  mem-estimate=0B mem-reservation=0B spill-buffer=2.00MB thread-reservation=0
|  |  tuple-ids=14,16,18 row-size=185B cardinality=80.79M cost=116359176
|  |  in pipelines: 12(GETNEXT), 15(OPEN)
|  |
|  |--F44:PLAN FRAGMENT [RANDOM] hosts=10 instances=10
|  |  |  Per-Instance Resources: mem-estimate=549.69MB mem-reservation=412.00MB thread-reservation=1 runtime-filters-memory=4.00MB
|  |  |  max-parallelism=10 segment-costs=[6987000]
|  |  JOIN BUILD
|  |  |  join-table-id=13 plan-id=14 cohort-id=06
|  |  |  build expressions: tpcds_partitioned_parquet_snap.customer_1.c_customer_sk
|  |  |  runtime filters: RF014[bloom] <- tpcds_partitioned_parquet_snap.customer_1.c_customer_sk, RF015[min_max] <- tpcds_partitioned_parquet_snap.customer_1.c_customer_sk
|  |  |  mem-estimate=534.16MB mem-reservation=408.00MB spill-buffer=2.00MB thread-reservation=0 cost=3000000
|  |  |
|  |  48:EXCHANGE [BROADCAST]
|  |  |  mem-estimate=11.53MB mem-reservation=0B thread-reservation=0
|  |  |  tuple-ids=18 row-size=153B cardinality=3.00M cost=3987000
|  |  |  in pipelines: 15(GETNEXT)
|  |  |
|  |  F07:PLAN FRAGMENT [RANDOM] hosts=10 instances=10
|  |  Per-Host Shared Resources: mem-estimate=4.00MB mem-reservation=4.00MB thread-reservation=0 runtime-filters-memory=4.00MB
|  |  Per-Instance Resources: mem-estimate=16.61MB mem-reservation=1.00MB thread-reservation=1
|  |  max-parallelism=10 segment-costs=[32019513]
|  |  15:SCAN HDFS [tpcds_partitioned_parquet_snap.customer, RANDOM]
|  |     HDFS partitions=1/1 files=1 size=1.55GB
|  |     predicates: is_not_null_pred(tpcds_partitioned_parquet_snap.customer_1.c_customer_id)
|  |     runtime filters: RF001[min_max] -> tpcds_partitioned_parquet_snap.customer_1.c_customer_id, RF003[min_max] -> tpcds_partitioned_parquet_snap.customer_1.c_customer_id, RF005[min_max] -> tpcds_partitioned_parquet_snap.customer_1.c_customer_id, RF007[min_max] -> tpcds_partitioned_parquet_snap.customer_1.c_customer_id, RF000[bloom] -> tpcds_partitioned_parquet_snap.customer_1.c_customer_id
|  |     stored statistics:
|  |       table: rows=30.00M size=1.55GB
|  |       columns: all
|  |     extrapolated-rows=disabled max-scan-range-rows=3.10M
|  |     parquet dictionary predicates: is_not_null_pred(tpcds_partitioned_parquet_snap.customer_1.c_customer_id)
|  |     mem-estimate=16.00MB mem-reservation=1.00MB thread-reservation=0
|  |     tuple-ids=18 row-size=153B cardinality=3.00M cost=30714228
|  |     in pipelines: 15(GETNEXT)
|  |
|  14:HASH JOIN [INNER JOIN, BROADCAST]
|  |  hash-table-id=14
|  |  hash predicates: tpcds_partitioned_parquet_snap.catalog_sales.cs_sold_date_sk = tpcds_partitioned_parquet_snap.date_dim_1.d_date_sk
|  |  fk/pk conjuncts: tpcds_partitioned_parquet_snap.catalog_sales.cs_sold_date_sk = tpcds_partitioned_parquet_snap.date_dim_1.d_date_sk
|  |  mem-estimate=0B mem-reservation=0B spill-buffer=64.00KB thread-reservation=0
|  |  tuple-ids=14,16 row-size=32B cardinality=396.57M(filtered from 880.06M) cost=261187355
|  |  in pipelines: 12(GETNEXT), 13(OPEN)
|  |
|  |--F45:PLAN FRAGMENT [RANDOM] hosts=10 instances=10
|  |  |  Per-Instance Resources: mem-estimate=24.27MB mem-reservation=24.25MB thread-reservation=1 runtime-filters-memory=1.00MB
|  |  |  max-parallelism=10 segment-costs=[863]
|  |  JOIN BUILD
|  |  |  join-table-id=14 plan-id=15 cohort-id=06
|  |  |  build expressions: tpcds_partitioned_parquet_snap.date_dim_1.d_date_sk
|  |  |  runtime filters: RF016[bloom] <- tpcds_partitioned_parquet_snap.date_dim_1.d_date_sk
|  |  |  mem-estimate=23.25MB mem-reservation=23.25MB spill-buffer=64.00KB thread-reservation=0 cost=373
|  |  |
|  |  47:EXCHANGE [BROADCAST]
|  |  |  mem-estimate=16.00KB mem-reservation=0B thread-reservation=0
|  |  |  tuple-ids=16 row-size=8B cardinality=373 cost=490
|  |  |  in pipelines: 13(GETNEXT)
|  |  |
|  |  F06:PLAN FRAGMENT [RANDOM] hosts=1 instances=1
|  |  Per-Instance Resources: mem-estimate=16.05MB mem-reservation=512.00KB thread-reservation=1
|  |  max-parallelism=1 segment-costs=[10483]
|  |  13:SCAN HDFS [tpcds_partitioned_parquet_snap.date_dim, RANDOM]
|  |     HDFS partitions=1/1 files=1 size=2.17MB
|  |     predicates: tpcds_partitioned_parquet_snap.date_dim_1.d_year = add(CAST(1999 AS INT), CAST(1 AS INT))
|  |     stored statistics:
|  |       table: rows=73.05K size=2.17MB
|  |       columns: all
|  |     extrapolated-rows=disabled max-scan-range-rows=73.05K
|  |     parquet statistics predicates: tpcds_partitioned_parquet_snap.date_dim_1.d_year = add(CAST(1999 AS INT), CAST(1 AS INT))
|  |     parquet dictionary predicates: tpcds_partitioned_parquet_snap.date_dim_1.d_year = add(CAST(1999 AS INT), CAST(1 AS INT))
|  |     mem-estimate=16.00MB mem-reservation=512.00KB thread-reservation=0
|  |     tuple-ids=16 row-size=8B cardinality=373 cost=10467
|  |     in pipelines: 13(GETNEXT)
|  |
|  12:SCAN HDFS [tpcds_partitioned_parquet_snap.catalog_sales, RANDOM]
|     HDFS partitions=1831/1831 files=1831 size=280.96GB
|     runtime filters: RF015[min_max] -> tpcds_partitioned_parquet_snap.catalog_sales.cs_bill_customer_sk, RF014[bloom] -> tpcds_partitioned_parquet_snap.catalog_sales.cs_bill_customer_sk, RF016[bloom] -> tpcds_partitioned_parquet_snap.catalog_sales.cs_sold_date_sk
|     stored statistics:
|       table: rows=4.32G size=280.96GB
|       partitions: 1831/1831 rows=4.32G
|       columns: all
|     extrapolated-rows=disabled max-scan-range-rows=21.52M est-scan-range=374(filtered from 1831)
|     mem-estimate=16.00MB mem-reservation=1.00MB thread-reservation=0
|     tuple-ids=14 row-size=24B cardinality=396.57M(filtered from 4.32G) cost=304148590
|     in pipelines: 12(GETNEXT)
|
51:EXCHANGE [HASH(tpcds_partitioned_parquet_snap.customer_2.c_customer_id)]
|  mem-estimate=29.82MB mem-reservation=0B thread-reservation=0
|  tuple-ids=27 row-size=165B cardinality=162.19M cost=141230779
|  in pipelines: 46(GETNEXT)
|
F04:PLAN FRAGMENT [HASH(tpcds_partitioned_parquet_snap.customer_2.c_customer_id,tpcds_partitioned_parquet_snap.customer_2.c_first_name,tpcds_partitioned_parquet_snap.customer_2.c_last_name,tpcds_partitioned_parquet_snap.customer_2.c_preferred_cust_flag,tpcds_partitioned_parquet_snap.customer_2.c_birth_country,tpcds_partitioned_parquet_snap.customer_2.c_login,tpcds_partitioned_parquet_snap.customer_2.c_email_address)] hosts=10 instances=120
Per-Instance Resources: mem-estimate=2.26GB mem-reservation=34.00MB thread-reservation=1
max-parallelism=1100 segment-costs=[10985739011, 1808520801] cpu-comparison-result=240 [max(120 (self) vs 240 (sum children))]
46:AGGREGATE [FINALIZE]
|  output: sum:merge(divide(add(subtract(subtract(tpcds_partitioned_parquet_snap.store_sales_0.ss_ext_list_price, tpcds_partitioned_parquet_snap.store_sales_0.ss_ext_wholesale_cost), tpcds_partitioned_parquet_snap.store_sales_0.ss_ext_discount_amt), tpcds_partitioned_parquet_snap.store_sales_0.ss_ext_sales_price), 2))
|  group by: tpcds_partitioned_parquet_snap.customer_2.c_customer_id, tpcds_partitioned_parquet_snap.customer_2.c_first_name, tpcds_partitioned_parquet_snap.customer_2.c_last_name, tpcds_partitioned_parquet_snap.customer_2.c_preferred_cust_flag, tpcds_partitioned_parquet_snap.customer_2.c_birth_country, tpcds_partitioned_parquet_snap.customer_2.c_login, tpcds_partitioned_parquet_snap.customer_2.c_email_address
|  having: sum(divide(add(subtract(subtract(tpcds_partitioned_parquet_snap.store_sales_0.ss_ext_list_price, tpcds_partitioned_parquet_snap.store_sales_0.ss_ext_wholesale_cost), tpcds_partitioned_parquet_snap.store_sales_0.ss_ext_discount_amt), tpcds_partitioned_parquet_snap.store_sales_0.ss_ext_sales_price), 2)) > CAST(0 AS DECIMAL(3,0))
|  mem-estimate=2.23GB mem-reservation=34.00MB spill-buffer=2.00MB thread-reservation=0
|  tuple-ids=27 row-size=165B cardinality=162.19M cost=9573431219
|  in pipelines: 46(GETNEXT), 18(OPEN)
|
45:EXCHANGE [HASH(tpcds_partitioned_parquet_snap.customer_2.c_customer_id,tpcds_partitioned_parquet_snap.customer_2.c_first_name,tpcds_partitioned_parquet_snap.customer_2.c_last_name,tpcds_partitioned_parquet_snap.customer_2.c_preferred_cust_flag,tpcds_partitioned_parquet_snap.customer_2.c_birth_country,tpcds_partitioned_parquet_snap.customer_2.c_login,tpcds_partitioned_parquet_snap.customer_2.c_email_address)]
|  mem-estimate=29.82MB mem-reservation=0B thread-reservation=0
|  tuple-ids=27 row-size=165B cardinality=1.62G cost=1412307792
|  in pipelines: 18(GETNEXT)
|
F03:PLAN FRAGMENT [HASH(tpcds_partitioned_parquet_snap.store_sales_0.ss_customer_sk)] hosts=10 instances=120
Per-Instance Resources: mem-estimate=1.76GB mem-reservation=34.00MB thread-reservation=1
max-parallelism=1810 segment-costs=[10841902425, 18085207959] cpu-comparison-result=240 [max(240 (self) vs 141 (sum children))]
23:AGGREGATE [STREAMING]
|  output: sum(divide(add(subtract(subtract(tpcds_partitioned_parquet_snap.store_sales_0.ss_ext_list_price, tpcds_partitioned_parquet_snap.store_sales_0.ss_ext_wholesale_cost), tpcds_partitioned_parquet_snap.store_sales_0.ss_ext_discount_amt), tpcds_partitioned_parquet_snap.store_sales_0.ss_ext_sales_price), CAST(2 AS DECIMAL(3,0))))
|  group by: tpcds_partitioned_parquet_snap.customer_2.c_customer_id, tpcds_partitioned_parquet_snap.customer_2.c_first_name, tpcds_partitioned_parquet_snap.customer_2.c_last_name, tpcds_partitioned_parquet_snap.customer_2.c_preferred_cust_flag, tpcds_partitioned_parquet_snap.customer_2.c_birth_country, tpcds_partitioned_parquet_snap.customer_2.c_login, tpcds_partitioned_parquet_snap.customer_2.c_email_address
|  mem-estimate=1.67GB mem-reservation=34.00MB spill-buffer=2.00MB thread-reservation=0
|  tuple-ids=27 row-size=165B cardinality=1.62G cost=9573431219
|  in pipelines: 18(GETNEXT)
|
22:HASH JOIN [INNER JOIN, PARTITIONED]
|  hash-table-id=15
|  hash predicates: tpcds_partitioned_parquet_snap.store_sales_0.ss_customer_sk = tpcds_partitioned_parquet_snap.customer_2.c_customer_sk
|  fk/pk conjuncts: tpcds_partitioned_parquet_snap.store_sales_0.ss_customer_sk = tpcds_partitioned_parquet_snap.customer_2.c_customer_sk
|  mem-estimate=0B mem-reservation=0B spill-buffer=2.00MB thread-reservation=0
|  tuple-ids=21,23,25 row-size=185B cardinality=1.62G cost=747080012
|  in pipelines: 18(GETNEXT), 21(OPEN)
|
|--F46:PLAN FRAGMENT [HASH(tpcds_partitioned_parquet_snap.store_sales_0.ss_customer_sk)] hosts=10 instances=120
|  |  Per-Instance Resources: mem-estimate=54.45MB mem-reservation=34.00MB thread-reservation=1
|  |  max-parallelism=1810 segment-costs=[54467197]
|  JOIN BUILD
|  |  join-table-id=15 plan-id=16 cohort-id=01
|  |  build expressions: tpcds_partitioned_parquet_snap.customer_2.c_customer_sk
|  |  runtime filters: RF011[min_max] <- tpcds_partitioned_parquet_snap.customer_2.c_customer_sk
|  |  mem-estimate=42.91MB mem-reservation=34.00MB spill-buffer=2.00MB thread-reservation=0 cost=30000000
|  |
|  44:EXCHANGE [HASH(tpcds_partitioned_parquet_snap.customer_2.c_customer_sk)]
|  |  mem-estimate=11.53MB mem-reservation=0B thread-reservation=0
|  |  tuple-ids=25 row-size=153B cardinality=30.00M cost=24467197
|  |  in pipelines: 21(GETNEXT)
|  |
|  F02:PLAN FRAGMENT [RANDOM] hosts=10 instances=10
|  Per-Host Shared Resources: mem-estimate=20.00MB mem-reservation=20.00MB thread-reservation=0 runtime-filters-memory=20.00MB
|  Per-Instance Resources: mem-estimate=89.66MB mem-reservation=1.00MB thread-reservation=1
|  max-parallelism=10 segment-costs=[341205999]
|  21:SCAN HDFS [tpcds_partitioned_parquet_snap.customer, RANDOM]
|     HDFS partitions=1/1 files=1 size=1.55GB
|     runtime filters: RF001[min_max] -> tpcds_partitioned_parquet_snap.customer_2.c_customer_id, RF009[min_max] -> tpcds_partitioned_parquet_snap.customer_2.c_customer_id, RF003[min_max] -> tpcds_partitioned_parquet_snap.customer_2.c_customer_id, RF005[min_max] -> tpcds_partitioned_parquet_snap.customer_2.c_customer_id, RF007[min_max] -> tpcds_partitioned_parquet_snap.customer_2.c_customer_id, RF000[bloom] -> tpcds_partitioned_parquet_snap.customer_2.c_customer_id, RF008[bloom] -> tpcds_partitioned_parquet_snap.customer_2.c_customer_id
|     stored statistics:
|       table: rows=30.00M size=1.55GB
|       columns: all
|     extrapolated-rows=disabled max-scan-range-rows=3.10M
|     mem-estimate=16.00MB mem-reservation=1.00MB thread-reservation=0
|     tuple-ids=25 row-size=153B cardinality=30.00M cost=29871228
|     in pipelines: 21(GETNEXT)
|
43:EXCHANGE [HASH(tpcds_partitioned_parquet_snap.store_sales_0.ss_customer_sk)]
|  mem-estimate=14.69MB mem-reservation=0B thread-reservation=0
|  tuple-ids=21,23 row-size=32B cardinality=1.77G cost=521391194
|  in pipelines: 18(GETNEXT)
|
F00:PLAN FRAGMENT [RANDOM] hosts=10 instances=120
Per-Host Shared Resources: mem-estimate=1.00MB mem-reservation=1.00MB thread-reservation=0 runtime-filters-memory=1.00MB
Per-Instance Resources: mem-estimate=34.75MB mem-reservation=8.00MB thread-reservation=1
max-parallelism=374 segment-costs=[6845578389]
20:HASH JOIN [INNER JOIN, BROADCAST]
|  hash-table-id=16
|  hash predicates: tpcds_partitioned_parquet_snap.store_sales_0.ss_sold_date_sk = tpcds_partitioned_parquet_snap.date_dim_2.d_date_sk
|  fk/pk conjuncts: tpcds_partitioned_parquet_snap.store_sales_0.ss_sold_date_sk = tpcds_partitioned_parquet_snap.date_dim_2.d_date_sk
|  mem-estimate=0B mem-reservation=0B spill-buffer=64.00KB thread-reservation=0
|  tuple-ids=21,23 row-size=32B cardinality=1.77G cost=773340988
|  in pipelines: 18(GETNEXT), 19(OPEN)
|
|--F47:PLAN FRAGMENT [RANDOM] hosts=10 instances=10
|  |  Per-Instance Resources: mem-estimate=24.27MB mem-reservation=24.25MB thread-reservation=1 runtime-filters-memory=1.00MB
|  |  max-parallelism=10 segment-costs=[863]
|  JOIN BUILD
|  |  join-table-id=16 plan-id=17 cohort-id=01
|  |  build expressions: tpcds_partitioned_parquet_snap.date_dim_2.d_date_sk
|  |  runtime filters: RF012[bloom] <- tpcds_partitioned_parquet_snap.date_dim_2.d_date_sk
|  |  mem-estimate=23.25MB mem-reservation=23.25MB spill-buffer=64.00KB thread-reservation=0 cost=373
|  |
|  42:EXCHANGE [BROADCAST]
|  |  mem-estimate=16.00KB mem-reservation=0B thread-reservation=0
|  |  tuple-ids=23 row-size=8B cardinality=373 cost=490
|  |  in pipelines: 19(GETNEXT)
|  |
|  F01:PLAN FRAGMENT [RANDOM] hosts=1 instances=1
|  Per-Instance Resources: mem-estimate=16.05MB mem-reservation=512.00KB thread-reservation=1
|  max-parallelism=1 segment-costs=[10483]
|  19:SCAN HDFS [tpcds_partitioned_parquet_snap.date_dim, RANDOM]
|     HDFS partitions=1/1 files=1 size=2.17MB
|     predicates: tpcds_partitioned_parquet_snap.date_dim_2.d_year = CAST(1999 AS INT)
|     stored statistics:
|       table: rows=73.05K size=2.17MB
|       columns: all
|     extrapolated-rows=disabled max-scan-range-rows=73.05K
|     parquet statistics predicates: tpcds_partitioned_parquet_snap.date_dim_2.d_year = CAST(1999 AS INT)
|     parquet dictionary predicates: tpcds_partitioned_parquet_snap.date_dim_2.d_year = CAST(1999 AS INT)
|     mem-estimate=16.00MB mem-reservation=512.00KB thread-reservation=0
|     tuple-ids=23 row-size=8B cardinality=373 cost=10467
|     in pipelines: 19(GETNEXT)
|
18:SCAN HDFS [tpcds_partitioned_parquet_snap.store_sales, RANDOM]
   HDFS partitions=1824/1824 files=1824 size=389.90GB
   runtime filters: RF011[min_max] -> tpcds_partitioned_parquet_snap.store_sales_0.ss_customer_sk, RF012[bloom] -> tpcds_partitioned_parquet_snap.store_sales_0.ss_sold_date_sk
   stored statistics:
     table: rows=8.64G size=389.90GB
     partitions: 1824/1824 rows=8.64G
     columns: all
   extrapolated-rows=disabled max-scan-range-rows=390.22M est-scan-range=374(filtered from 1824)
   mem-estimate=16.00MB mem-reservation=8.00MB thread-reservation=0
   tuple-ids=21 row-size=24B cardinality=1.77G(filtered from 8.64G) cost=610616051
   in pipelines: 18(GETNEXT)
====
