# TPCDS-Q88
# start query 88 in stream 0 using template query88.tpl using seed 1427045415
select  *
from
 (select count(*) h8_30_to_9
 from store_sales, household_demographics , time_dim, store
 where ss_sold_time_sk = time_dim.t_time_sk
     and ss_hdemo_sk = household_demographics.hd_demo_sk
     and ss_store_sk = s_store_sk
     and time_dim.t_hour = 8
     and time_dim.t_minute >= 30
     and ((household_demographics.hd_dep_count = 1 and household_demographics.hd_vehicle_count<=1+2) or
          (household_demographics.hd_dep_count = 2 and household_demographics.hd_vehicle_count<=2+2) or
          (household_demographics.hd_dep_count = 0 and household_demographics.hd_vehicle_count<=0+2))
     and store.s_store_name = 'ese') s1,
 (select count(*) h9_to_9_30
 from store_sales, household_demographics , time_dim, store
 where ss_sold_time_sk = time_dim.t_time_sk
     and ss_hdemo_sk = household_demographics.hd_demo_sk
     and ss_store_sk = s_store_sk
     and time_dim.t_hour = 9
     and time_dim.t_minute < 30
     and ((household_demographics.hd_dep_count = 1 and household_demographics.hd_vehicle_count<=1+2) or
          (household_demographics.hd_dep_count = 2 and household_demographics.hd_vehicle_count<=2+2) or
          (household_demographics.hd_dep_count = 0 and household_demographics.hd_vehicle_count<=0+2))
     and store.s_store_name = 'ese') s2,
 (select count(*) h9_30_to_10
 from store_sales, household_demographics , time_dim, store
 where ss_sold_time_sk = time_dim.t_time_sk
     and ss_hdemo_sk = household_demographics.hd_demo_sk
     and ss_store_sk = s_store_sk
     and time_dim.t_hour = 9
     and time_dim.t_minute >= 30
     and ((household_demographics.hd_dep_count = 1 and household_demographics.hd_vehicle_count<=1+2) or
          (household_demographics.hd_dep_count = 2 and household_demographics.hd_vehicle_count<=2+2) or
          (household_demographics.hd_dep_count = 0 and household_demographics.hd_vehicle_count<=0+2))
     and store.s_store_name = 'ese') s3,
 (select count(*) h10_to_10_30
 from store_sales, household_demographics , time_dim, store
 where ss_sold_time_sk = time_dim.t_time_sk
     and ss_hdemo_sk = household_demographics.hd_demo_sk
     and ss_store_sk = s_store_sk
     and time_dim.t_hour = 10
     and time_dim.t_minute < 30
     and ((household_demographics.hd_dep_count = 1 and household_demographics.hd_vehicle_count<=1+2) or
          (household_demographics.hd_dep_count = 2 and household_demographics.hd_vehicle_count<=2+2) or
          (household_demographics.hd_dep_count = 0 and household_demographics.hd_vehicle_count<=0+2))
     and store.s_store_name = 'ese') s4,
 (select count(*) h10_30_to_11
 from store_sales, household_demographics , time_dim, store
 where ss_sold_time_sk = time_dim.t_time_sk
     and ss_hdemo_sk = household_demographics.hd_demo_sk
     and ss_store_sk = s_store_sk
     and time_dim.t_hour = 10
     and time_dim.t_minute >= 30
     and ((household_demographics.hd_dep_count = 1 and household_demographics.hd_vehicle_count<=1+2) or
          (household_demographics.hd_dep_count = 2 and household_demographics.hd_vehicle_count<=2+2) or
          (household_demographics.hd_dep_count = 0 and household_demographics.hd_vehicle_count<=0+2))
     and store.s_store_name = 'ese') s5,
 (select count(*) h11_to_11_30
 from store_sales, household_demographics , time_dim, store
 where ss_sold_time_sk = time_dim.t_time_sk
     and ss_hdemo_sk = household_demographics.hd_demo_sk
     and ss_store_sk = s_store_sk
     and time_dim.t_hour = 11
     and time_dim.t_minute < 30
     and ((household_demographics.hd_dep_count = 1 and household_demographics.hd_vehicle_count<=1+2) or
          (household_demographics.hd_dep_count = 2 and household_demographics.hd_vehicle_count<=2+2) or
          (household_demographics.hd_dep_count = 0 and household_demographics.hd_vehicle_count<=0+2))
     and store.s_store_name = 'ese') s6,
 (select count(*) h11_30_to_12
 from store_sales, household_demographics , time_dim, store
 where ss_sold_time_sk = time_dim.t_time_sk
     and ss_hdemo_sk = household_demographics.hd_demo_sk
     and ss_store_sk = s_store_sk
     and time_dim.t_hour = 11
     and time_dim.t_minute >= 30
     and ((household_demographics.hd_dep_count = 1 and household_demographics.hd_vehicle_count<=1+2) or
          (household_demographics.hd_dep_count = 2 and household_demographics.hd_vehicle_count<=2+2) or
          (household_demographics.hd_dep_count = 0 and household_demographics.hd_vehicle_count<=0+2))
     and store.s_store_name = 'ese') s7,
 (select count(*) h12_to_12_30
 from store_sales, household_demographics , time_dim, store
 where ss_sold_time_sk = time_dim.t_time_sk
     and ss_hdemo_sk = household_demographics.hd_demo_sk
     and ss_store_sk = s_store_sk
     and time_dim.t_hour = 12
     and time_dim.t_minute < 30
     and ((household_demographics.hd_dep_count = 1 and household_demographics.hd_vehicle_count<=1+2) or
          (household_demographics.hd_dep_count = 2 and household_demographics.hd_vehicle_count<=2+2) or
          (household_demographics.hd_dep_count = 0 and household_demographics.hd_vehicle_count<=0+2))
     and store.s_store_name = 'ese') s8


# end query 88 in stream 0 using template query88.tpl
---- PLAN
Max Per-Host Resource Reservation: Memory=125.12MB Threads=1
Per-Host Resource Estimates: Memory=568MB
F00:PLAN FRAGMENT [UNPARTITIONED] hosts=1 instances=1
|  Per-Instance Resources: mem-estimate=568.50MB mem-reservation=125.12MB thread-reservation=1 runtime-filters-memory=10.00MB
|  max-parallelism=1 segment-costs=[1682347800, 1682347800, 1682347800, 1682347800, 1682347800, 1682347800, 1682347800, 1682347800, 8]
PLAN-ROOT SINK
|  output exprs: count(), count(), count(), count(), count(), count(), count(), count()
|  mem-estimate=4.00MB mem-reservation=4.00MB spill-buffer=2.00MB thread-reservation=0 cost=8
|
70:NESTED LOOP JOIN [CROSS JOIN]
|  mem-estimate=8B mem-reservation=0B thread-reservation=0
|  tuple-ids=8,17,26,35,44,53,62,71 row-size=64B cardinality=1 cost=0
|  in pipelines: 07(GETNEXT), 69(OPEN)
|
|--69:AGGREGATE [FINALIZE]
|  |  output: count()
|  |  mem-estimate=16.00KB mem-reservation=0B spill-buffer=2.00MB thread-reservation=0
|  |  tuple-ids=71 row-size=8B cardinality=1 cost=145605
|  |  in pipelines: 69(GETNEXT), 62(OPEN)
|  |
|  68:HASH JOIN [INNER JOIN]
|  |  hash predicates: tpcds_partitioned_parquet_snap.store_sales_6.ss_store_sk = tpcds_partitioned_parquet_snap.store_6.s_store_sk
|  |  fk/pk conjuncts: tpcds_partitioned_parquet_snap.store_sales_6.ss_store_sk = tpcds_partitioned_parquet_snap.store_6.s_store_sk
|  |  runtime filters: RF043[min_max] <- tpcds_partitioned_parquet_snap.store_6.s_store_sk
|  |  mem-estimate=1.94MB mem-reservation=1.94MB spill-buffer=64.00KB thread-reservation=0
|  |  tuple-ids=63,65,67,69 row-size=56B cardinality=2.08M cost=3038172
|  |  in pipelines: 62(GETNEXT), 67(OPEN)
|  |
|  |--67:SCAN HDFS [tpcds_partitioned_parquet_snap.store]
|  |     HDFS partitions=1/1 files=1 size=119.76KB
|  |     predicates: tpcds_partitioned_parquet_snap.store_6.s_store_name = 'ese'
|  |     stored statistics:
|  |       table: rows=1.35K size=119.76KB
|  |       columns: all
|  |     extrapolated-rows=disabled max-scan-range-rows=1.35K
|  |     parquet statistics predicates: tpcds_partitioned_parquet_snap.store_6.s_store_name = 'ese'
|  |     parquet dictionary predicates: tpcds_partitioned_parquet_snap.store_6.s_store_name = 'ese'
|  |     mem-estimate=16.00MB mem-reservation=16.00KB thread-reservation=0
|  |     tuple-ids=69 row-size=20B cardinality=134 cost=192
|  |     in pipelines: 67(GETNEXT)
|  |
|  66:HASH JOIN [INNER JOIN]
|  |  hash predicates: tpcds_partitioned_parquet_snap.store_sales_6.ss_sold_time_sk = tpcds_partitioned_parquet_snap.time_dim_6.t_time_sk
|  |  fk/pk conjuncts: tpcds_partitioned_parquet_snap.store_sales_6.ss_sold_time_sk = tpcds_partitioned_parquet_snap.time_dim_6.t_time_sk
|  |  runtime filters: RF044[bloom] <- tpcds_partitioned_parquet_snap.time_dim_6.t_time_sk, RF045[min_max] <- tpcds_partitioned_parquet_snap.time_dim_6.t_time_sk
|  |  mem-estimate=1.94MB mem-reservation=1.94MB spill-buffer=64.00KB thread-reservation=0
|  |  tuple-ids=63,65,67 row-size=36B cardinality=10.37M cost=54223645
|  |  in pipelines: 62(GETNEXT), 65(OPEN)
|  |
|  |--65:SCAN HDFS [tpcds_partitioned_parquet_snap.time_dim]
|  |     HDFS partitions=1/1 files=1 size=1.31MB
|  |     predicates: tpcds_partitioned_parquet_snap.time_dim_6.t_hour = CAST(9 AS INT), tpcds_partitioned_parquet_snap.time_dim_6.t_minute < CAST(30 AS INT)
|  |     stored statistics:
|  |       table: rows=86.40K size=1.31MB
|  |       columns: all
|  |     extrapolated-rows=disabled max-scan-range-rows=86.40K
|  |     parquet statistics predicates: tpcds_partitioned_parquet_snap.time_dim_6.t_hour = CAST(9 AS INT), tpcds_partitioned_parquet_snap.time_dim_6.t_minute < CAST(30 AS INT)
|  |     parquet dictionary predicates: tpcds_partitioned_parquet_snap.time_dim_6.t_hour = CAST(9 AS INT), tpcds_partitioned_parquet_snap.time_dim_6.t_minute < CAST(30 AS INT)
|  |     mem-estimate=16.00MB mem-reservation=512.00KB thread-reservation=0
|  |     tuple-ids=67 row-size=12B cardinality=1.14K cost=19785
|  |     in pipelines: 65(GETNEXT)
|  |
|  64:HASH JOIN [INNER JOIN]
|  |  hash predicates: tpcds_partitioned_parquet_snap.store_sales_6.ss_hdemo_sk = tpcds_partitioned_parquet_snap.household_demographics_6.hd_demo_sk
|  |  fk/pk conjuncts: tpcds_partitioned_parquet_snap.store_sales_6.ss_hdemo_sk = tpcds_partitioned_parquet_snap.household_demographics_6.hd_demo_sk
|  |  runtime filters: RF047[min_max] <- tpcds_partitioned_parquet_snap.household_demographics_6.hd_demo_sk
|  |  mem-estimate=1.94MB mem-reservation=1.94MB spill-buffer=64.00KB thread-reservation=0
|  |  tuple-ids=63,65 row-size=24B cardinality=204.06M(filtered from 439.26M) cost=131936738
|  |  in pipelines: 62(GETNEXT), 63(OPEN)
|  |
|  |--63:SCAN HDFS [tpcds_partitioned_parquet_snap.household_demographics]
|  |     HDFS partitions=1/1 files=1 size=41.69KB
|  |     predicates: tpcds_partitioned_parquet_snap.household_demographics_6.hd_dep_count = CAST(0 AS INT) OR tpcds_partitioned_parquet_snap.household_demographics_6.hd_dep_count = CAST(1 AS INT) OR tpcds_partitioned_parquet_snap.household_demographics_6.hd_dep_count = CAST(2 AS INT), tpcds_partitioned_parquet_snap.household_demographics_6.hd_dep_count = CAST(0 AS INT) OR tpcds_partitioned_parquet_snap.household_demographics_6.hd_dep_count = CAST(1 AS INT) OR tpcds_partitioned_parquet_snap.household_demographics_6.hd_vehicle_count <= CAST(add(CAST(2 AS SMALLINT), CAST(2 AS SMALLINT)) AS INT), tpcds_partitioned_parquet_snap.household_demographics_6.hd_dep_count = CAST(1 AS INT) OR tpcds_partitioned_parquet_snap.household_demographics_6.hd_dep_count = CAST(2 AS INT) OR tpcds_partitioned_parquet_snap.household_demographics_6.hd_vehicle_count <= CAST(2 AS INT), tpcds_partitioned_parquet_snap.household_demographics_6.hd_dep_count = CAST(1 AS INT) OR tpcds_partitioned_parquet_snap.household_demographics_6.hd_vehicle_count <= CAST(add(CAST(2 AS SMALLINT), CAST(2 AS SMALLINT)) AS INT) OR tpcds_partitioned_parquet_snap.household_demographics_6.hd_vehicle_count <= CAST(2 AS INT), tpcds_partitioned_parquet_snap.household_demographics_6.hd_vehicle_count <= CAST(add(CAST(1 AS SMALLINT), CAST(2 AS SMALLINT)) AS INT) OR tpcds_partitioned_parquet_snap.household_demographics_6.hd_dep_count = CAST(0 AS INT) OR tpcds_partitioned_parquet_snap.household_demographics_6.hd_dep_count = CAST(2 AS INT), tpcds_partitioned_parquet_snap.household_demographics_6.hd_vehicle_count <= CAST(add(CAST(1 AS SMALLINT), CAST(2 AS SMALLINT)) AS INT) OR tpcds_partitioned_parquet_snap.household_demographics_6.hd_dep_count = CAST(2 AS INT) OR tpcds_partitioned_parquet_snap.household_demographics_6.hd_vehicle_count <= CAST(2 AS INT), tpcds_partitioned_parquet_snap.household_demographics_6.hd_vehicle_count <= CAST(add(CAST(1 AS SMALLINT), CAST(2 AS SMALLINT)) AS INT) OR tpcds_partitioned_parquet_snap.household_demographics_6.hd_vehicle_count <= CAST(add(CAST(2 AS SMALLINT), CAST(2 AS SMALLINT)) AS INT) OR tpcds_partitioned_parquet_snap.household_demographics_6.hd_dep_count = CAST(0 AS INT), tpcds_partitioned_parquet_snap.household_demographics_6.hd_vehicle_count <= CAST(add(CAST(1 AS SMALLINT), CAST(2 AS SMALLINT)) AS INT) OR tpcds_partitioned_parquet_snap.household_demographics_6.hd_vehicle_count <= CAST(add(CAST(2 AS SMALLINT), CAST(2 AS SMALLINT)) AS INT) OR tpcds_partitioned_parquet_snap.household_demographics_6.hd_vehicle_count <= CAST(2 AS INT)
|  |     stored statistics:
|  |       table: rows=7.20K size=41.69KB
|  |       columns: all
|  |     extrapolated-rows=disabled max-scan-range-rows=7.20K
|  |     parquet dictionary predicates: tpcds_partitioned_parquet_snap.household_demographics_6.hd_dep_count = CAST(0 AS INT) OR tpcds_partitioned_parquet_snap.household_demographics_6.hd_dep_count = CAST(1 AS INT) OR tpcds_partitioned_parquet_snap.household_demographics_6.hd_dep_count = CAST(2 AS INT), tpcds_partitioned_parquet_snap.household_demographics_6.hd_vehicle_count <= CAST(add(CAST(1 AS SMALLINT), CAST(2 AS SMALLINT)) AS INT) OR tpcds_partitioned_parquet_snap.household_demographics_6.hd_vehicle_count <= CAST(add(CAST(2 AS SMALLINT), CAST(2 AS SMALLINT)) AS INT) OR tpcds_partitioned_parquet_snap.household_demographics_6.hd_vehicle_count <= CAST(2 AS INT)
|  |     mem-estimate=16.00MB mem-reservation=64.00KB thread-reservation=0
|  |     tuple-ids=65 row-size=12B cardinality=375 cost=2862
|  |     in pipelines: 63(GETNEXT)
|  |
|  62:SCAN HDFS [tpcds_partitioned_parquet_snap.store_sales]
|     HDFS partitions=1824/1824 files=1824 size=389.90GB
|     runtime filters: RF045[min_max] -> tpcds_partitioned_parquet_snap.store_sales_6.ss_sold_time_sk, RF047[min_max] -> tpcds_partitioned_parquet_snap.store_sales_6.ss_hdemo_sk, RF043[min_max] -> tpcds_partitioned_parquet_snap.store_sales_6.ss_store_sk, RF044[bloom] -> tpcds_partitioned_parquet_snap.store_sales_6.ss_sold_time_sk
|     stored statistics:
|       table: rows=8.64G size=389.90GB
|       partitions: 1824/1824 rows=8.64G
|       columns: all
|     extrapolated-rows=disabled max-scan-range-rows=390.22M
|     mem-estimate=16.00MB mem-reservation=8.00MB thread-reservation=0
|     tuple-ids=63 row-size=12B cardinality=204.06M(filtered from 8.64G) cost=1492980801
|     in pipelines: 62(GETNEXT)
|
61:NESTED LOOP JOIN [CROSS JOIN]
|  mem-estimate=8B mem-reservation=0B thread-reservation=0
|  tuple-ids=8,17,26,35,44,53,62 row-size=56B cardinality=1 cost=0
|  in pipelines: 07(GETNEXT), 60(OPEN)
|
|--60:AGGREGATE [FINALIZE]
|  |  output: count()
|  |  mem-estimate=16.00KB mem-reservation=0B spill-buffer=2.00MB thread-reservation=0
|  |  tuple-ids=62 row-size=8B cardinality=1 cost=145605
|  |  in pipelines: 60(GETNEXT), 53(OPEN)
|  |
|  59:HASH JOIN [INNER JOIN]
|  |  hash predicates: tpcds_partitioned_parquet_snap.store_sales_5.ss_store_sk = tpcds_partitioned_parquet_snap.store_5.s_store_sk
|  |  fk/pk conjuncts: tpcds_partitioned_parquet_snap.store_sales_5.ss_store_sk = tpcds_partitioned_parquet_snap.store_5.s_store_sk
|  |  runtime filters: RF037[min_max] <- tpcds_partitioned_parquet_snap.store_5.s_store_sk
|  |  mem-estimate=1.94MB mem-reservation=1.94MB spill-buffer=64.00KB thread-reservation=0
|  |  tuple-ids=54,56,58,60 row-size=56B cardinality=2.08M cost=3038172
|  |  in pipelines: 53(GETNEXT), 58(OPEN)
|  |
|  |--58:SCAN HDFS [tpcds_partitioned_parquet_snap.store]
|  |     HDFS partitions=1/1 files=1 size=119.76KB
|  |     predicates: tpcds_partitioned_parquet_snap.store_5.s_store_name = 'ese'
|  |     stored statistics:
|  |       table: rows=1.35K size=119.76KB
|  |       columns: all
|  |     extrapolated-rows=disabled max-scan-range-rows=1.35K
|  |     parquet statistics predicates: tpcds_partitioned_parquet_snap.store_5.s_store_name = 'ese'
|  |     parquet dictionary predicates: tpcds_partitioned_parquet_snap.store_5.s_store_name = 'ese'
|  |     mem-estimate=16.00MB mem-reservation=16.00KB thread-reservation=0
|  |     tuple-ids=60 row-size=20B cardinality=134 cost=192
|  |     in pipelines: 58(GETNEXT)
|  |
|  57:HASH JOIN [INNER JOIN]
|  |  hash predicates: tpcds_partitioned_parquet_snap.store_sales_5.ss_sold_time_sk = tpcds_partitioned_parquet_snap.time_dim_5.t_time_sk
|  |  fk/pk conjuncts: tpcds_partitioned_parquet_snap.store_sales_5.ss_sold_time_sk = tpcds_partitioned_parquet_snap.time_dim_5.t_time_sk
|  |  runtime filters: RF038[bloom] <- tpcds_partitioned_parquet_snap.time_dim_5.t_time_sk, RF039[min_max] <- tpcds_partitioned_parquet_snap.time_dim_5.t_time_sk
|  |  mem-estimate=1.94MB mem-reservation=1.94MB spill-buffer=64.00KB thread-reservation=0
|  |  tuple-ids=54,56,58 row-size=36B cardinality=10.37M cost=54223645
|  |  in pipelines: 53(GETNEXT), 56(OPEN)
|  |
|  |--56:SCAN HDFS [tpcds_partitioned_parquet_snap.time_dim]
|  |     HDFS partitions=1/1 files=1 size=1.31MB
|  |     predicates: tpcds_partitioned_parquet_snap.time_dim_5.t_hour = CAST(9 AS INT), tpcds_partitioned_parquet_snap.time_dim_5.t_minute >= CAST(30 AS INT)
|  |     stored statistics:
|  |       table: rows=86.40K size=1.31MB
|  |       columns: all
|  |     extrapolated-rows=disabled max-scan-range-rows=86.40K
|  |     parquet statistics predicates: tpcds_partitioned_parquet_snap.time_dim_5.t_hour = CAST(9 AS INT), tpcds_partitioned_parquet_snap.time_dim_5.t_minute >= CAST(30 AS INT)
|  |     parquet dictionary predicates: tpcds_partitioned_parquet_snap.time_dim_5.t_hour = CAST(9 AS INT), tpcds_partitioned_parquet_snap.time_dim_5.t_minute >= CAST(30 AS INT)
|  |     mem-estimate=16.00MB mem-reservation=512.00KB thread-reservation=0
|  |     tuple-ids=58 row-size=12B cardinality=1.14K cost=19785
|  |     in pipelines: 56(GETNEXT)
|  |
|  55:HASH JOIN [INNER JOIN]
|  |  hash predicates: tpcds_partitioned_parquet_snap.store_sales_5.ss_hdemo_sk = tpcds_partitioned_parquet_snap.household_demographics_5.hd_demo_sk
|  |  fk/pk conjuncts: tpcds_partitioned_parquet_snap.store_sales_5.ss_hdemo_sk = tpcds_partitioned_parquet_snap.household_demographics_5.hd_demo_sk
|  |  runtime filters: RF041[min_max] <- tpcds_partitioned_parquet_snap.household_demographics_5.hd_demo_sk
|  |  mem-estimate=1.94MB mem-reservation=1.94MB spill-buffer=64.00KB thread-reservation=0
|  |  tuple-ids=54,56 row-size=24B cardinality=204.06M(filtered from 439.26M) cost=131936738
|  |  in pipelines: 53(GETNEXT), 54(OPEN)
|  |
|  |--54:SCAN HDFS [tpcds_partitioned_parquet_snap.household_demographics]
|  |     HDFS partitions=1/1 files=1 size=41.69KB
|  |     predicates: tpcds_partitioned_parquet_snap.household_demographics_5.hd_dep_count = CAST(0 AS INT) OR tpcds_partitioned_parquet_snap.household_demographics_5.hd_dep_count = CAST(1 AS INT) OR tpcds_partitioned_parquet_snap.household_demographics_5.hd_dep_count = CAST(2 AS INT), tpcds_partitioned_parquet_snap.household_demographics_5.hd_dep_count = CAST(0 AS INT) OR tpcds_partitioned_parquet_snap.household_demographics_5.hd_dep_count = CAST(1 AS INT) OR tpcds_partitioned_parquet_snap.household_demographics_5.hd_vehicle_count <= CAST(add(CAST(2 AS SMALLINT), CAST(2 AS SMALLINT)) AS INT), tpcds_partitioned_parquet_snap.household_demographics_5.hd_dep_count = CAST(1 AS INT) OR tpcds_partitioned_parquet_snap.household_demographics_5.hd_dep_count = CAST(2 AS INT) OR tpcds_partitioned_parquet_snap.household_demographics_5.hd_vehicle_count <= CAST(2 AS INT), tpcds_partitioned_parquet_snap.household_demographics_5.hd_dep_count = CAST(1 AS INT) OR tpcds_partitioned_parquet_snap.household_demographics_5.hd_vehicle_count <= CAST(add(CAST(2 AS SMALLINT), CAST(2 AS SMALLINT)) AS INT) OR tpcds_partitioned_parquet_snap.household_demographics_5.hd_vehicle_count <= CAST(2 AS INT), tpcds_partitioned_parquet_snap.household_demographics_5.hd_vehicle_count <= CAST(add(CAST(1 AS SMALLINT), CAST(2 AS SMALLINT)) AS INT) OR tpcds_partitioned_parquet_snap.household_demographics_5.hd_dep_count = CAST(0 AS INT) OR tpcds_partitioned_parquet_snap.household_demographics_5.hd_dep_count = CAST(2 AS INT), tpcds_partitioned_parquet_snap.household_demographics_5.hd_vehicle_count <= CAST(add(CAST(1 AS SMALLINT), CAST(2 AS SMALLINT)) AS INT) OR tpcds_partitioned_parquet_snap.household_demographics_5.hd_dep_count = CAST(2 AS INT) OR tpcds_partitioned_parquet_snap.household_demographics_5.hd_vehicle_count <= CAST(2 AS INT), tpcds_partitioned_parquet_snap.household_demographics_5.hd_vehicle_count <= CAST(add(CAST(1 AS SMALLINT), CAST(2 AS SMALLINT)) AS INT) OR tpcds_partitioned_parquet_snap.household_demographics_5.hd_vehicle_count <= CAST(add(CAST(2 AS SMALLINT), CAST(2 AS SMALLINT)) AS INT) OR tpcds_partitioned_parquet_snap.household_demographics_5.hd_dep_count = CAST(0 AS INT), tpcds_partitioned_parquet_snap.household_demographics_5.hd_vehicle_count <= CAST(add(CAST(1 AS SMALLINT), CAST(2 AS SMALLINT)) AS INT) OR tpcds_partitioned_parquet_snap.household_demographics_5.hd_vehicle_count <= CAST(add(CAST(2 AS SMALLINT), CAST(2 AS SMALLINT)) AS INT) OR tpcds_partitioned_parquet_snap.household_demographics_5.hd_vehicle_count <= CAST(2 AS INT)
|  |     stored statistics:
|  |       table: rows=7.20K size=41.69KB
|  |       columns: all
|  |     extrapolated-rows=disabled max-scan-range-rows=7.20K
|  |     parquet dictionary predicates: tpcds_partitioned_parquet_snap.household_demographics_5.hd_dep_count = CAST(0 AS INT) OR tpcds_partitioned_parquet_snap.household_demographics_5.hd_dep_count = CAST(1 AS INT) OR tpcds_partitioned_parquet_snap.household_demographics_5.hd_dep_count = CAST(2 AS INT), tpcds_partitioned_parquet_snap.household_demographics_5.hd_vehicle_count <= CAST(add(CAST(1 AS SMALLINT), CAST(2 AS SMALLINT)) AS INT) OR tpcds_partitioned_parquet_snap.household_demographics_5.hd_vehicle_count <= CAST(add(CAST(2 AS SMALLINT), CAST(2 AS SMALLINT)) AS INT) OR tpcds_partitioned_parquet_snap.household_demographics_5.hd_vehicle_count <= CAST(2 AS INT)
|  |     mem-estimate=16.00MB mem-reservation=64.00KB thread-reservation=0
|  |     tuple-ids=56 row-size=12B cardinality=375 cost=2862
|  |     in pipelines: 54(GETNEXT)
|  |
|  53:SCAN HDFS [tpcds_partitioned_parquet_snap.store_sales]
|     HDFS partitions=1824/1824 files=1824 size=389.90GB
|     runtime filters: RF039[min_max] -> tpcds_partitioned_parquet_snap.store_sales_5.ss_sold_time_sk, RF041[min_max] -> tpcds_partitioned_parquet_snap.store_sales_5.ss_hdemo_sk, RF037[min_max] -> tpcds_partitioned_parquet_snap.store_sales_5.ss_store_sk, RF038[bloom] -> tpcds_partitioned_parquet_snap.store_sales_5.ss_sold_time_sk
|     stored statistics:
|       table: rows=8.64G size=389.90GB
|       partitions: 1824/1824 rows=8.64G
|       columns: all
|     extrapolated-rows=disabled max-scan-range-rows=390.22M
|     mem-estimate=16.00MB mem-reservation=8.00MB thread-reservation=0
|     tuple-ids=54 row-size=12B cardinality=204.06M(filtered from 8.64G) cost=1492980801
|     in pipelines: 53(GETNEXT)
|
52:NESTED LOOP JOIN [CROSS JOIN]
|  mem-estimate=8B mem-reservation=0B thread-reservation=0
|  tuple-ids=8,17,26,35,44,53 row-size=48B cardinality=1 cost=0
|  in pipelines: 07(GETNEXT), 51(OPEN)
|
|--51:AGGREGATE [FINALIZE]
|  |  output: count()
|  |  mem-estimate=16.00KB mem-reservation=0B spill-buffer=2.00MB thread-reservation=0
|  |  tuple-ids=53 row-size=8B cardinality=1 cost=145605
|  |  in pipelines: 51(GETNEXT), 44(OPEN)
|  |
|  50:HASH JOIN [INNER JOIN]
|  |  hash predicates: tpcds_partitioned_parquet_snap.store_sales_4.ss_store_sk = tpcds_partitioned_parquet_snap.store_4.s_store_sk
|  |  fk/pk conjuncts: tpcds_partitioned_parquet_snap.store_sales_4.ss_store_sk = tpcds_partitioned_parquet_snap.store_4.s_store_sk
|  |  runtime filters: RF031[min_max] <- tpcds_partitioned_parquet_snap.store_4.s_store_sk
|  |  mem-estimate=1.94MB mem-reservation=1.94MB spill-buffer=64.00KB thread-reservation=0
|  |  tuple-ids=45,47,49,51 row-size=56B cardinality=2.08M cost=3038172
|  |  in pipelines: 44(GETNEXT), 49(OPEN)
|  |
|  |--49:SCAN HDFS [tpcds_partitioned_parquet_snap.store]
|  |     HDFS partitions=1/1 files=1 size=119.76KB
|  |     predicates: tpcds_partitioned_parquet_snap.store_4.s_store_name = 'ese'
|  |     stored statistics:
|  |       table: rows=1.35K size=119.76KB
|  |       columns: all
|  |     extrapolated-rows=disabled max-scan-range-rows=1.35K
|  |     parquet statistics predicates: tpcds_partitioned_parquet_snap.store_4.s_store_name = 'ese'
|  |     parquet dictionary predicates: tpcds_partitioned_parquet_snap.store_4.s_store_name = 'ese'
|  |     mem-estimate=16.00MB mem-reservation=16.00KB thread-reservation=0
|  |     tuple-ids=51 row-size=20B cardinality=134 cost=192
|  |     in pipelines: 49(GETNEXT)
|  |
|  48:HASH JOIN [INNER JOIN]
|  |  hash predicates: tpcds_partitioned_parquet_snap.store_sales_4.ss_sold_time_sk = tpcds_partitioned_parquet_snap.time_dim_4.t_time_sk
|  |  fk/pk conjuncts: tpcds_partitioned_parquet_snap.store_sales_4.ss_sold_time_sk = tpcds_partitioned_parquet_snap.time_dim_4.t_time_sk
|  |  runtime filters: RF032[bloom] <- tpcds_partitioned_parquet_snap.time_dim_4.t_time_sk, RF033[min_max] <- tpcds_partitioned_parquet_snap.time_dim_4.t_time_sk
|  |  mem-estimate=1.94MB mem-reservation=1.94MB spill-buffer=64.00KB thread-reservation=0
|  |  tuple-ids=45,47,49 row-size=36B cardinality=10.37M cost=54223645
|  |  in pipelines: 44(GETNEXT), 47(OPEN)
|  |
|  |--47:SCAN HDFS [tpcds_partitioned_parquet_snap.time_dim]
|  |     HDFS partitions=1/1 files=1 size=1.31MB
|  |     predicates: tpcds_partitioned_parquet_snap.time_dim_4.t_hour = CAST(10 AS INT), tpcds_partitioned_parquet_snap.time_dim_4.t_minute < CAST(30 AS INT)
|  |     stored statistics:
|  |       table: rows=86.40K size=1.31MB
|  |       columns: all
|  |     extrapolated-rows=disabled max-scan-range-rows=86.40K
|  |     parquet statistics predicates: tpcds_partitioned_parquet_snap.time_dim_4.t_hour = CAST(10 AS INT), tpcds_partitioned_parquet_snap.time_dim_4.t_minute < CAST(30 AS INT)
|  |     parquet dictionary predicates: tpcds_partitioned_parquet_snap.time_dim_4.t_hour = CAST(10 AS INT), tpcds_partitioned_parquet_snap.time_dim_4.t_minute < CAST(30 AS INT)
|  |     mem-estimate=16.00MB mem-reservation=512.00KB thread-reservation=0
|  |     tuple-ids=49 row-size=12B cardinality=1.14K cost=19785
|  |     in pipelines: 47(GETNEXT)
|  |
|  46:HASH JOIN [INNER JOIN]
|  |  hash predicates: tpcds_partitioned_parquet_snap.store_sales_4.ss_hdemo_sk = tpcds_partitioned_parquet_snap.household_demographics_4.hd_demo_sk
|  |  fk/pk conjuncts: tpcds_partitioned_parquet_snap.store_sales_4.ss_hdemo_sk = tpcds_partitioned_parquet_snap.household_demographics_4.hd_demo_sk
|  |  runtime filters: RF035[min_max] <- tpcds_partitioned_parquet_snap.household_demographics_4.hd_demo_sk
|  |  mem-estimate=1.94MB mem-reservation=1.94MB spill-buffer=64.00KB thread-reservation=0
|  |  tuple-ids=45,47 row-size=24B cardinality=204.06M(filtered from 439.26M) cost=131936738
|  |  in pipelines: 44(GETNEXT), 45(OPEN)
|  |
|  |--45:SCAN HDFS [tpcds_partitioned_parquet_snap.household_demographics]
|  |     HDFS partitions=1/1 files=1 size=41.69KB
|  |     predicates: tpcds_partitioned_parquet_snap.household_demographics_4.hd_dep_count = CAST(0 AS INT) OR tpcds_partitioned_parquet_snap.household_demographics_4.hd_dep_count = CAST(1 AS INT) OR tpcds_partitioned_parquet_snap.household_demographics_4.hd_dep_count = CAST(2 AS INT), tpcds_partitioned_parquet_snap.household_demographics_4.hd_dep_count = CAST(0 AS INT) OR tpcds_partitioned_parquet_snap.household_demographics_4.hd_dep_count = CAST(1 AS INT) OR tpcds_partitioned_parquet_snap.household_demographics_4.hd_vehicle_count <= CAST(add(CAST(2 AS SMALLINT), CAST(2 AS SMALLINT)) AS INT), tpcds_partitioned_parquet_snap.household_demographics_4.hd_dep_count = CAST(1 AS INT) OR tpcds_partitioned_parquet_snap.household_demographics_4.hd_dep_count = CAST(2 AS INT) OR tpcds_partitioned_parquet_snap.household_demographics_4.hd_vehicle_count <= CAST(2 AS INT), tpcds_partitioned_parquet_snap.household_demographics_4.hd_dep_count = CAST(1 AS INT) OR tpcds_partitioned_parquet_snap.household_demographics_4.hd_vehicle_count <= CAST(add(CAST(2 AS SMALLINT), CAST(2 AS SMALLINT)) AS INT) OR tpcds_partitioned_parquet_snap.household_demographics_4.hd_vehicle_count <= CAST(2 AS INT), tpcds_partitioned_parquet_snap.household_demographics_4.hd_vehicle_count <= CAST(add(CAST(1 AS SMALLINT), CAST(2 AS SMALLINT)) AS INT) OR tpcds_partitioned_parquet_snap.household_demographics_4.hd_dep_count = CAST(0 AS INT) OR tpcds_partitioned_parquet_snap.household_demographics_4.hd_dep_count = CAST(2 AS INT), tpcds_partitioned_parquet_snap.household_demographics_4.hd_vehicle_count <= CAST(add(CAST(1 AS SMALLINT), CAST(2 AS SMALLINT)) AS INT) OR tpcds_partitioned_parquet_snap.household_demographics_4.hd_dep_count = CAST(2 AS INT) OR tpcds_partitioned_parquet_snap.household_demographics_4.hd_vehicle_count <= CAST(2 AS INT), tpcds_partitioned_parquet_snap.household_demographics_4.hd_vehicle_count <= CAST(add(CAST(1 AS SMALLINT), CAST(2 AS SMALLINT)) AS INT) OR tpcds_partitioned_parquet_snap.household_demographics_4.hd_vehicle_count <= CAST(add(CAST(2 AS SMALLINT), CAST(2 AS SMALLINT)) AS INT) OR tpcds_partitioned_parquet_snap.household_demographics_4.hd_dep_count = CAST(0 AS INT), tpcds_partitioned_parquet_snap.household_demographics_4.hd_vehicle_count <= CAST(add(CAST(1 AS SMALLINT), CAST(2 AS SMALLINT)) AS INT) OR tpcds_partitioned_parquet_snap.household_demographics_4.hd_vehicle_count <= CAST(add(CAST(2 AS SMALLINT), CAST(2 AS SMALLINT)) AS INT) OR tpcds_partitioned_parquet_snap.household_demographics_4.hd_vehicle_count <= CAST(2 AS INT)
|  |     stored statistics:
|  |       table: rows=7.20K size=41.69KB
|  |       columns: all
|  |     extrapolated-rows=disabled max-scan-range-rows=7.20K
|  |     parquet dictionary predicates: tpcds_partitioned_parquet_snap.household_demographics_4.hd_dep_count = CAST(0 AS INT) OR tpcds_partitioned_parquet_snap.household_demographics_4.hd_dep_count = CAST(1 AS INT) OR tpcds_partitioned_parquet_snap.household_demographics_4.hd_dep_count = CAST(2 AS INT), tpcds_partitioned_parquet_snap.household_demographics_4.hd_vehicle_count <= CAST(add(CAST(1 AS SMALLINT), CAST(2 AS SMALLINT)) AS INT) OR tpcds_partitioned_parquet_snap.household_demographics_4.hd_vehicle_count <= CAST(add(CAST(2 AS SMALLINT), CAST(2 AS SMALLINT)) AS INT) OR tpcds_partitioned_parquet_snap.household_demographics_4.hd_vehicle_count <= CAST(2 AS INT)
|  |     mem-estimate=16.00MB mem-reservation=64.00KB thread-reservation=0
|  |     tuple-ids=47 row-size=12B cardinality=375 cost=2862
|  |     in pipelines: 45(GETNEXT)
|  |
|  44:SCAN HDFS [tpcds_partitioned_parquet_snap.store_sales]
|     HDFS partitions=1824/1824 files=1824 size=389.90GB
|     runtime filters: RF033[min_max] -> tpcds_partitioned_parquet_snap.store_sales_4.ss_sold_time_sk, RF035[min_max] -> tpcds_partitioned_parquet_snap.store_sales_4.ss_hdemo_sk, RF031[min_max] -> tpcds_partitioned_parquet_snap.store_sales_4.ss_store_sk, RF032[bloom] -> tpcds_partitioned_parquet_snap.store_sales_4.ss_sold_time_sk
|     stored statistics:
|       table: rows=8.64G size=389.90GB
|       partitions: 1824/1824 rows=8.64G
|       columns: all
|     extrapolated-rows=disabled max-scan-range-rows=390.22M
|     mem-estimate=16.00MB mem-reservation=8.00MB thread-reservation=0
|     tuple-ids=45 row-size=12B cardinality=204.06M(filtered from 8.64G) cost=1492980801
|     in pipelines: 44(GETNEXT)
|
43:NESTED LOOP JOIN [CROSS JOIN]
|  mem-estimate=8B mem-reservation=0B thread-reservation=0
|  tuple-ids=8,17,26,35,44 row-size=40B cardinality=1 cost=0
|  in pipelines: 07(GETNEXT), 42(OPEN)
|
|--42:AGGREGATE [FINALIZE]
|  |  output: count()
|  |  mem-estimate=16.00KB mem-reservation=0B spill-buffer=2.00MB thread-reservation=0
|  |  tuple-ids=44 row-size=8B cardinality=1 cost=145605
|  |  in pipelines: 42(GETNEXT), 35(OPEN)
|  |
|  41:HASH JOIN [INNER JOIN]
|  |  hash predicates: tpcds_partitioned_parquet_snap.store_sales_3.ss_store_sk = tpcds_partitioned_parquet_snap.store_3.s_store_sk
|  |  fk/pk conjuncts: tpcds_partitioned_parquet_snap.store_sales_3.ss_store_sk = tpcds_partitioned_parquet_snap.store_3.s_store_sk
|  |  runtime filters: RF025[min_max] <- tpcds_partitioned_parquet_snap.store_3.s_store_sk
|  |  mem-estimate=1.94MB mem-reservation=1.94MB spill-buffer=64.00KB thread-reservation=0
|  |  tuple-ids=36,38,40,42 row-size=56B cardinality=2.08M cost=3038172
|  |  in pipelines: 35(GETNEXT), 40(OPEN)
|  |
|  |--40:SCAN HDFS [tpcds_partitioned_parquet_snap.store]
|  |     HDFS partitions=1/1 files=1 size=119.76KB
|  |     predicates: tpcds_partitioned_parquet_snap.store_3.s_store_name = 'ese'
|  |     stored statistics:
|  |       table: rows=1.35K size=119.76KB
|  |       columns: all
|  |     extrapolated-rows=disabled max-scan-range-rows=1.35K
|  |     parquet statistics predicates: tpcds_partitioned_parquet_snap.store_3.s_store_name = 'ese'
|  |     parquet dictionary predicates: tpcds_partitioned_parquet_snap.store_3.s_store_name = 'ese'
|  |     mem-estimate=16.00MB mem-reservation=16.00KB thread-reservation=0
|  |     tuple-ids=42 row-size=20B cardinality=134 cost=192
|  |     in pipelines: 40(GETNEXT)
|  |
|  39:HASH JOIN [INNER JOIN]
|  |  hash predicates: tpcds_partitioned_parquet_snap.store_sales_3.ss_sold_time_sk = tpcds_partitioned_parquet_snap.time_dim_3.t_time_sk
|  |  fk/pk conjuncts: tpcds_partitioned_parquet_snap.store_sales_3.ss_sold_time_sk = tpcds_partitioned_parquet_snap.time_dim_3.t_time_sk
|  |  runtime filters: RF026[bloom] <- tpcds_partitioned_parquet_snap.time_dim_3.t_time_sk, RF027[min_max] <- tpcds_partitioned_parquet_snap.time_dim_3.t_time_sk
|  |  mem-estimate=1.94MB mem-reservation=1.94MB spill-buffer=64.00KB thread-reservation=0
|  |  tuple-ids=36,38,40 row-size=36B cardinality=10.37M cost=54223645
|  |  in pipelines: 35(GETNEXT), 38(OPEN)
|  |
|  |--38:SCAN HDFS [tpcds_partitioned_parquet_snap.time_dim]
|  |     HDFS partitions=1/1 files=1 size=1.31MB
|  |     predicates: tpcds_partitioned_parquet_snap.time_dim_3.t_hour = CAST(10 AS INT), tpcds_partitioned_parquet_snap.time_dim_3.t_minute >= CAST(30 AS INT)
|  |     stored statistics:
|  |       table: rows=86.40K size=1.31MB
|  |       columns: all
|  |     extrapolated-rows=disabled max-scan-range-rows=86.40K
|  |     parquet statistics predicates: tpcds_partitioned_parquet_snap.time_dim_3.t_hour = CAST(10 AS INT), tpcds_partitioned_parquet_snap.time_dim_3.t_minute >= CAST(30 AS INT)
|  |     parquet dictionary predicates: tpcds_partitioned_parquet_snap.time_dim_3.t_hour = CAST(10 AS INT), tpcds_partitioned_parquet_snap.time_dim_3.t_minute >= CAST(30 AS INT)
|  |     mem-estimate=16.00MB mem-reservation=512.00KB thread-reservation=0
|  |     tuple-ids=40 row-size=12B cardinality=1.14K cost=19785
|  |     in pipelines: 38(GETNEXT)
|  |
|  37:HASH JOIN [INNER JOIN]
|  |  hash predicates: tpcds_partitioned_parquet_snap.store_sales_3.ss_hdemo_sk = tpcds_partitioned_parquet_snap.household_demographics_3.hd_demo_sk
|  |  fk/pk conjuncts: tpcds_partitioned_parquet_snap.store_sales_3.ss_hdemo_sk = tpcds_partitioned_parquet_snap.household_demographics_3.hd_demo_sk
|  |  runtime filters: RF029[min_max] <- tpcds_partitioned_parquet_snap.household_demographics_3.hd_demo_sk
|  |  mem-estimate=1.94MB mem-reservation=1.94MB spill-buffer=64.00KB thread-reservation=0
|  |  tuple-ids=36,38 row-size=24B cardinality=204.06M(filtered from 439.26M) cost=131936738
|  |  in pipelines: 35(GETNEXT), 36(OPEN)
|  |
|  |--36:SCAN HDFS [tpcds_partitioned_parquet_snap.household_demographics]
|  |     HDFS partitions=1/1 files=1 size=41.69KB
|  |     predicates: tpcds_partitioned_parquet_snap.household_demographics_3.hd_dep_count = CAST(0 AS INT) OR tpcds_partitioned_parquet_snap.household_demographics_3.hd_dep_count = CAST(1 AS INT) OR tpcds_partitioned_parquet_snap.household_demographics_3.hd_dep_count = CAST(2 AS INT), tpcds_partitioned_parquet_snap.household_demographics_3.hd_dep_count = CAST(0 AS INT) OR tpcds_partitioned_parquet_snap.household_demographics_3.hd_dep_count = CAST(1 AS INT) OR tpcds_partitioned_parquet_snap.household_demographics_3.hd_vehicle_count <= CAST(add(CAST(2 AS SMALLINT), CAST(2 AS SMALLINT)) AS INT), tpcds_partitioned_parquet_snap.household_demographics_3.hd_dep_count = CAST(1 AS INT) OR tpcds_partitioned_parquet_snap.household_demographics_3.hd_dep_count = CAST(2 AS INT) OR tpcds_partitioned_parquet_snap.household_demographics_3.hd_vehicle_count <= CAST(2 AS INT), tpcds_partitioned_parquet_snap.household_demographics_3.hd_dep_count = CAST(1 AS INT) OR tpcds_partitioned_parquet_snap.household_demographics_3.hd_vehicle_count <= CAST(add(CAST(2 AS SMALLINT), CAST(2 AS SMALLINT)) AS INT) OR tpcds_partitioned_parquet_snap.household_demographics_3.hd_vehicle_count <= CAST(2 AS INT), tpcds_partitioned_parquet_snap.household_demographics_3.hd_vehicle_count <= CAST(add(CAST(1 AS SMALLINT), CAST(2 AS SMALLINT)) AS INT) OR tpcds_partitioned_parquet_snap.household_demographics_3.hd_dep_count = CAST(0 AS INT) OR tpcds_partitioned_parquet_snap.household_demographics_3.hd_dep_count = CAST(2 AS INT), tpcds_partitioned_parquet_snap.household_demographics_3.hd_vehicle_count <= CAST(add(CAST(1 AS SMALLINT), CAST(2 AS SMALLINT)) AS INT) OR tpcds_partitioned_parquet_snap.household_demographics_3.hd_dep_count = CAST(2 AS INT) OR tpcds_partitioned_parquet_snap.household_demographics_3.hd_vehicle_count <= CAST(2 AS INT), tpcds_partitioned_parquet_snap.household_demographics_3.hd_vehicle_count <= CAST(add(CAST(1 AS SMALLINT), CAST(2 AS SMALLINT)) AS INT) OR tpcds_partitioned_parquet_snap.household_demographics_3.hd_vehicle_count <= CAST(add(CAST(2 AS SMALLINT), CAST(2 AS SMALLINT)) AS INT) OR tpcds_partitioned_parquet_snap.household_demographics_3.hd_dep_count = CAST(0 AS INT), tpcds_partitioned_parquet_snap.household_demographics_3.hd_vehicle_count <= CAST(add(CAST(1 AS SMALLINT), CAST(2 AS SMALLINT)) AS INT) OR tpcds_partitioned_parquet_snap.household_demographics_3.hd_vehicle_count <= CAST(add(CAST(2 AS SMALLINT), CAST(2 AS SMALLINT)) AS INT) OR tpcds_partitioned_parquet_snap.household_demographics_3.hd_vehicle_count <= CAST(2 AS INT)
|  |     stored statistics:
|  |       table: rows=7.20K size=41.69KB
|  |       columns: all
|  |     extrapolated-rows=disabled max-scan-range-rows=7.20K
|  |     parquet dictionary predicates: tpcds_partitioned_parquet_snap.household_demographics_3.hd_dep_count = CAST(0 AS INT) OR tpcds_partitioned_parquet_snap.household_demographics_3.hd_dep_count = CAST(1 AS INT) OR tpcds_partitioned_parquet_snap.household_demographics_3.hd_dep_count = CAST(2 AS INT), tpcds_partitioned_parquet_snap.household_demographics_3.hd_vehicle_count <= CAST(add(CAST(1 AS SMALLINT), CAST(2 AS SMALLINT)) AS INT) OR tpcds_partitioned_parquet_snap.household_demographics_3.hd_vehicle_count <= CAST(add(CAST(2 AS SMALLINT), CAST(2 AS SMALLINT)) AS INT) OR tpcds_partitioned_parquet_snap.household_demographics_3.hd_vehicle_count <= CAST(2 AS INT)
|  |     mem-estimate=16.00MB mem-reservation=64.00KB thread-reservation=0
|  |     tuple-ids=38 row-size=12B cardinality=375 cost=2862
|  |     in pipelines: 36(GETNEXT)
|  |
|  35:SCAN HDFS [tpcds_partitioned_parquet_snap.store_sales]
|     HDFS partitions=1824/1824 files=1824 size=389.90GB
|     runtime filters: RF027[min_max] -> tpcds_partitioned_parquet_snap.store_sales_3.ss_sold_time_sk, RF029[min_max] -> tpcds_partitioned_parquet_snap.store_sales_3.ss_hdemo_sk, RF025[min_max] -> tpcds_partitioned_parquet_snap.store_sales_3.ss_store_sk, RF026[bloom] -> tpcds_partitioned_parquet_snap.store_sales_3.ss_sold_time_sk
|     stored statistics:
|       table: rows=8.64G size=389.90GB
|       partitions: 1824/1824 rows=8.64G
|       columns: all
|     extrapolated-rows=disabled max-scan-range-rows=390.22M
|     mem-estimate=16.00MB mem-reservation=8.00MB thread-reservation=0
|     tuple-ids=36 row-size=12B cardinality=204.06M(filtered from 8.64G) cost=1492980801
|     in pipelines: 35(GETNEXT)
|
34:NESTED LOOP JOIN [CROSS JOIN]
|  mem-estimate=8B mem-reservation=0B thread-reservation=0
|  tuple-ids=8,17,26,35 row-size=32B cardinality=1 cost=0
|  in pipelines: 07(GETNEXT), 33(OPEN)
|
|--33:AGGREGATE [FINALIZE]
|  |  output: count()
|  |  mem-estimate=16.00KB mem-reservation=0B spill-buffer=2.00MB thread-reservation=0
|  |  tuple-ids=35 row-size=8B cardinality=1 cost=145605
|  |  in pipelines: 33(GETNEXT), 26(OPEN)
|  |
|  32:HASH JOIN [INNER JOIN]
|  |  hash predicates: tpcds_partitioned_parquet_snap.store_sales_2.ss_store_sk = tpcds_partitioned_parquet_snap.store_2.s_store_sk
|  |  fk/pk conjuncts: tpcds_partitioned_parquet_snap.store_sales_2.ss_store_sk = tpcds_partitioned_parquet_snap.store_2.s_store_sk
|  |  runtime filters: RF019[min_max] <- tpcds_partitioned_parquet_snap.store_2.s_store_sk
|  |  mem-estimate=1.94MB mem-reservation=1.94MB spill-buffer=64.00KB thread-reservation=0
|  |  tuple-ids=27,29,31,33 row-size=56B cardinality=2.08M cost=3038172
|  |  in pipelines: 26(GETNEXT), 31(OPEN)
|  |
|  |--31:SCAN HDFS [tpcds_partitioned_parquet_snap.store]
|  |     HDFS partitions=1/1 files=1 size=119.76KB
|  |     predicates: tpcds_partitioned_parquet_snap.store_2.s_store_name = 'ese'
|  |     stored statistics:
|  |       table: rows=1.35K size=119.76KB
|  |       columns: all
|  |     extrapolated-rows=disabled max-scan-range-rows=1.35K
|  |     parquet statistics predicates: tpcds_partitioned_parquet_snap.store_2.s_store_name = 'ese'
|  |     parquet dictionary predicates: tpcds_partitioned_parquet_snap.store_2.s_store_name = 'ese'
|  |     mem-estimate=16.00MB mem-reservation=16.00KB thread-reservation=0
|  |     tuple-ids=33 row-size=20B cardinality=134 cost=192
|  |     in pipelines: 31(GETNEXT)
|  |
|  30:HASH JOIN [INNER JOIN]
|  |  hash predicates: tpcds_partitioned_parquet_snap.store_sales_2.ss_sold_time_sk = tpcds_partitioned_parquet_snap.time_dim_2.t_time_sk
|  |  fk/pk conjuncts: tpcds_partitioned_parquet_snap.store_sales_2.ss_sold_time_sk = tpcds_partitioned_parquet_snap.time_dim_2.t_time_sk
|  |  runtime filters: RF020[bloom] <- tpcds_partitioned_parquet_snap.time_dim_2.t_time_sk, RF021[min_max] <- tpcds_partitioned_parquet_snap.time_dim_2.t_time_sk
|  |  mem-estimate=1.94MB mem-reservation=1.94MB spill-buffer=64.00KB thread-reservation=0
|  |  tuple-ids=27,29,31 row-size=36B cardinality=10.37M cost=54223645
|  |  in pipelines: 26(GETNEXT), 29(OPEN)
|  |
|  |--29:SCAN HDFS [tpcds_partitioned_parquet_snap.time_dim]
|  |     HDFS partitions=1/1 files=1 size=1.31MB
|  |     predicates: tpcds_partitioned_parquet_snap.time_dim_2.t_hour = CAST(11 AS INT), tpcds_partitioned_parquet_snap.time_dim_2.t_minute < CAST(30 AS INT)
|  |     stored statistics:
|  |       table: rows=86.40K size=1.31MB
|  |       columns: all
|  |     extrapolated-rows=disabled max-scan-range-rows=86.40K
|  |     parquet statistics predicates: tpcds_partitioned_parquet_snap.time_dim_2.t_hour = CAST(11 AS INT), tpcds_partitioned_parquet_snap.time_dim_2.t_minute < CAST(30 AS INT)
|  |     parquet dictionary predicates: tpcds_partitioned_parquet_snap.time_dim_2.t_hour = CAST(11 AS INT), tpcds_partitioned_parquet_snap.time_dim_2.t_minute < CAST(30 AS INT)
|  |     mem-estimate=16.00MB mem-reservation=512.00KB thread-reservation=0
|  |     tuple-ids=31 row-size=12B cardinality=1.14K cost=19785
|  |     in pipelines: 29(GETNEXT)
|  |
|  28:HASH JOIN [INNER JOIN]
|  |  hash predicates: tpcds_partitioned_parquet_snap.store_sales_2.ss_hdemo_sk = tpcds_partitioned_parquet_snap.household_demographics_2.hd_demo_sk
|  |  fk/pk conjuncts: tpcds_partitioned_parquet_snap.store_sales_2.ss_hdemo_sk = tpcds_partitioned_parquet_snap.household_demographics_2.hd_demo_sk
|  |  runtime filters: RF023[min_max] <- tpcds_partitioned_parquet_snap.household_demographics_2.hd_demo_sk
|  |  mem-estimate=1.94MB mem-reservation=1.94MB spill-buffer=64.00KB thread-reservation=0
|  |  tuple-ids=27,29 row-size=24B cardinality=204.06M(filtered from 439.26M) cost=131936738
|  |  in pipelines: 26(GETNEXT), 27(OPEN)
|  |
|  |--27:SCAN HDFS [tpcds_partitioned_parquet_snap.household_demographics]
|  |     HDFS partitions=1/1 files=1 size=41.69KB
|  |     predicates: tpcds_partitioned_parquet_snap.household_demographics_2.hd_dep_count = CAST(0 AS INT) OR tpcds_partitioned_parquet_snap.household_demographics_2.hd_dep_count = CAST(1 AS INT) OR tpcds_partitioned_parquet_snap.household_demographics_2.hd_dep_count = CAST(2 AS INT), tpcds_partitioned_parquet_snap.household_demographics_2.hd_dep_count = CAST(0 AS INT) OR tpcds_partitioned_parquet_snap.household_demographics_2.hd_dep_count = CAST(1 AS INT) OR tpcds_partitioned_parquet_snap.household_demographics_2.hd_vehicle_count <= CAST(add(CAST(2 AS SMALLINT), CAST(2 AS SMALLINT)) AS INT), tpcds_partitioned_parquet_snap.household_demographics_2.hd_dep_count = CAST(1 AS INT) OR tpcds_partitioned_parquet_snap.household_demographics_2.hd_dep_count = CAST(2 AS INT) OR tpcds_partitioned_parquet_snap.household_demographics_2.hd_vehicle_count <= CAST(2 AS INT), tpcds_partitioned_parquet_snap.household_demographics_2.hd_dep_count = CAST(1 AS INT) OR tpcds_partitioned_parquet_snap.household_demographics_2.hd_vehicle_count <= CAST(add(CAST(2 AS SMALLINT), CAST(2 AS SMALLINT)) AS INT) OR tpcds_partitioned_parquet_snap.household_demographics_2.hd_vehicle_count <= CAST(2 AS INT), tpcds_partitioned_parquet_snap.household_demographics_2.hd_vehicle_count <= CAST(add(CAST(1 AS SMALLINT), CAST(2 AS SMALLINT)) AS INT) OR tpcds_partitioned_parquet_snap.household_demographics_2.hd_dep_count = CAST(0 AS INT) OR tpcds_partitioned_parquet_snap.household_demographics_2.hd_dep_count = CAST(2 AS INT), tpcds_partitioned_parquet_snap.household_demographics_2.hd_vehicle_count <= CAST(add(CAST(1 AS SMALLINT), CAST(2 AS SMALLINT)) AS INT) OR tpcds_partitioned_parquet_snap.household_demographics_2.hd_dep_count = CAST(2 AS INT) OR tpcds_partitioned_parquet_snap.household_demographics_2.hd_vehicle_count <= CAST(2 AS INT), tpcds_partitioned_parquet_snap.household_demographics_2.hd_vehicle_count <= CAST(add(CAST(1 AS SMALLINT), CAST(2 AS SMALLINT)) AS INT) OR tpcds_partitioned_parquet_snap.household_demographics_2.hd_vehicle_count <= CAST(add(CAST(2 AS SMALLINT), CAST(2 AS SMALLINT)) AS INT) OR tpcds_partitioned_parquet_snap.household_demographics_2.hd_dep_count = CAST(0 AS INT), tpcds_partitioned_parquet_snap.household_demographics_2.hd_vehicle_count <= CAST(add(CAST(1 AS SMALLINT), CAST(2 AS SMALLINT)) AS INT) OR tpcds_partitioned_parquet_snap.household_demographics_2.hd_vehicle_count <= CAST(add(CAST(2 AS SMALLINT), CAST(2 AS SMALLINT)) AS INT) OR tpcds_partitioned_parquet_snap.household_demographics_2.hd_vehicle_count <= CAST(2 AS INT)
|  |     stored statistics:
|  |       table: rows=7.20K size=41.69KB
|  |       columns: all
|  |     extrapolated-rows=disabled max-scan-range-rows=7.20K
|  |     parquet dictionary predicates: tpcds_partitioned_parquet_snap.household_demographics_2.hd_dep_count = CAST(0 AS INT) OR tpcds_partitioned_parquet_snap.household_demographics_2.hd_dep_count = CAST(1 AS INT) OR tpcds_partitioned_parquet_snap.household_demographics_2.hd_dep_count = CAST(2 AS INT), tpcds_partitioned_parquet_snap.household_demographics_2.hd_vehicle_count <= CAST(add(CAST(1 AS SMALLINT), CAST(2 AS SMALLINT)) AS INT) OR tpcds_partitioned_parquet_snap.household_demographics_2.hd_vehicle_count <= CAST(add(CAST(2 AS SMALLINT), CAST(2 AS SMALLINT)) AS INT) OR tpcds_partitioned_parquet_snap.household_demographics_2.hd_vehicle_count <= CAST(2 AS INT)
|  |     mem-estimate=16.00MB mem-reservation=64.00KB thread-reservation=0
|  |     tuple-ids=29 row-size=12B cardinality=375 cost=2862
|  |     in pipelines: 27(GETNEXT)
|  |
|  26:SCAN HDFS [tpcds_partitioned_parquet_snap.store_sales]
|     HDFS partitions=1824/1824 files=1824 size=389.90GB
|     runtime filters: RF021[min_max] -> tpcds_partitioned_parquet_snap.store_sales_2.ss_sold_time_sk, RF023[min_max] -> tpcds_partitioned_parquet_snap.store_sales_2.ss_hdemo_sk, RF019[min_max] -> tpcds_partitioned_parquet_snap.store_sales_2.ss_store_sk, RF020[bloom] -> tpcds_partitioned_parquet_snap.store_sales_2.ss_sold_time_sk
|     stored statistics:
|       table: rows=8.64G size=389.90GB
|       partitions: 1824/1824 rows=8.64G
|       columns: all
|     extrapolated-rows=disabled max-scan-range-rows=390.22M
|     mem-estimate=16.00MB mem-reservation=8.00MB thread-reservation=0
|     tuple-ids=27 row-size=12B cardinality=204.06M(filtered from 8.64G) cost=1492980801
|     in pipelines: 26(GETNEXT)
|
25:NESTED LOOP JOIN [CROSS JOIN]
|  mem-estimate=8B mem-reservation=0B thread-reservation=0
|  tuple-ids=8,17,26 row-size=24B cardinality=1 cost=0
|  in pipelines: 07(GETNEXT), 24(OPEN)
|
|--24:AGGREGATE [FINALIZE]
|  |  output: count()
|  |  mem-estimate=16.00KB mem-reservation=0B spill-buffer=2.00MB thread-reservation=0
|  |  tuple-ids=26 row-size=8B cardinality=1 cost=145605
|  |  in pipelines: 24(GETNEXT), 17(OPEN)
|  |
|  23:HASH JOIN [INNER JOIN]
|  |  hash predicates: tpcds_partitioned_parquet_snap.store_sales_1.ss_store_sk = tpcds_partitioned_parquet_snap.store_1.s_store_sk
|  |  fk/pk conjuncts: tpcds_partitioned_parquet_snap.store_sales_1.ss_store_sk = tpcds_partitioned_parquet_snap.store_1.s_store_sk
|  |  runtime filters: RF013[min_max] <- tpcds_partitioned_parquet_snap.store_1.s_store_sk
|  |  mem-estimate=1.94MB mem-reservation=1.94MB spill-buffer=64.00KB thread-reservation=0
|  |  tuple-ids=18,20,22,24 row-size=56B cardinality=2.08M cost=3038172
|  |  in pipelines: 17(GETNEXT), 22(OPEN)
|  |
|  |--22:SCAN HDFS [tpcds_partitioned_parquet_snap.store]
|  |     HDFS partitions=1/1 files=1 size=119.76KB
|  |     predicates: tpcds_partitioned_parquet_snap.store_1.s_store_name = 'ese'
|  |     stored statistics:
|  |       table: rows=1.35K size=119.76KB
|  |       columns: all
|  |     extrapolated-rows=disabled max-scan-range-rows=1.35K
|  |     parquet statistics predicates: tpcds_partitioned_parquet_snap.store_1.s_store_name = 'ese'
|  |     parquet dictionary predicates: tpcds_partitioned_parquet_snap.store_1.s_store_name = 'ese'
|  |     mem-estimate=16.00MB mem-reservation=16.00KB thread-reservation=0
|  |     tuple-ids=24 row-size=20B cardinality=134 cost=192
|  |     in pipelines: 22(GETNEXT)
|  |
|  21:HASH JOIN [INNER JOIN]
|  |  hash predicates: tpcds_partitioned_parquet_snap.store_sales_1.ss_sold_time_sk = tpcds_partitioned_parquet_snap.time_dim_1.t_time_sk
|  |  fk/pk conjuncts: tpcds_partitioned_parquet_snap.store_sales_1.ss_sold_time_sk = tpcds_partitioned_parquet_snap.time_dim_1.t_time_sk
|  |  runtime filters: RF014[bloom] <- tpcds_partitioned_parquet_snap.time_dim_1.t_time_sk, RF015[min_max] <- tpcds_partitioned_parquet_snap.time_dim_1.t_time_sk
|  |  mem-estimate=1.94MB mem-reservation=1.94MB spill-buffer=64.00KB thread-reservation=0
|  |  tuple-ids=18,20,22 row-size=36B cardinality=10.37M cost=54223645
|  |  in pipelines: 17(GETNEXT), 20(OPEN)
|  |
|  |--20:SCAN HDFS [tpcds_partitioned_parquet_snap.time_dim]
|  |     HDFS partitions=1/1 files=1 size=1.31MB
|  |     predicates: tpcds_partitioned_parquet_snap.time_dim_1.t_hour = CAST(11 AS INT), tpcds_partitioned_parquet_snap.time_dim_1.t_minute >= CAST(30 AS INT)
|  |     stored statistics:
|  |       table: rows=86.40K size=1.31MB
|  |       columns: all
|  |     extrapolated-rows=disabled max-scan-range-rows=86.40K
|  |     parquet statistics predicates: tpcds_partitioned_parquet_snap.time_dim_1.t_hour = CAST(11 AS INT), tpcds_partitioned_parquet_snap.time_dim_1.t_minute >= CAST(30 AS INT)
|  |     parquet dictionary predicates: tpcds_partitioned_parquet_snap.time_dim_1.t_hour = CAST(11 AS INT), tpcds_partitioned_parquet_snap.time_dim_1.t_minute >= CAST(30 AS INT)
|  |     mem-estimate=16.00MB mem-reservation=512.00KB thread-reservation=0
|  |     tuple-ids=22 row-size=12B cardinality=1.14K cost=19785
|  |     in pipelines: 20(GETNEXT)
|  |
|  19:HASH JOIN [INNER JOIN]
|  |  hash predicates: tpcds_partitioned_parquet_snap.store_sales_1.ss_hdemo_sk = tpcds_partitioned_parquet_snap.household_demographics_1.hd_demo_sk
|  |  fk/pk conjuncts: tpcds_partitioned_parquet_snap.store_sales_1.ss_hdemo_sk = tpcds_partitioned_parquet_snap.household_demographics_1.hd_demo_sk
|  |  runtime filters: RF017[min_max] <- tpcds_partitioned_parquet_snap.household_demographics_1.hd_demo_sk
|  |  mem-estimate=1.94MB mem-reservation=1.94MB spill-buffer=64.00KB thread-reservation=0
|  |  tuple-ids=18,20 row-size=24B cardinality=204.06M(filtered from 439.26M) cost=131936738
|  |  in pipelines: 17(GETNEXT), 18(OPEN)
|  |
|  |--18:SCAN HDFS [tpcds_partitioned_parquet_snap.household_demographics]
|  |     HDFS partitions=1/1 files=1 size=41.69KB
|  |     predicates: tpcds_partitioned_parquet_snap.household_demographics_1.hd_dep_count = CAST(0 AS INT) OR tpcds_partitioned_parquet_snap.household_demographics_1.hd_dep_count = CAST(1 AS INT) OR tpcds_partitioned_parquet_snap.household_demographics_1.hd_dep_count = CAST(2 AS INT), tpcds_partitioned_parquet_snap.household_demographics_1.hd_dep_count = CAST(0 AS INT) OR tpcds_partitioned_parquet_snap.household_demographics_1.hd_dep_count = CAST(1 AS INT) OR tpcds_partitioned_parquet_snap.household_demographics_1.hd_vehicle_count <= CAST(add(CAST(2 AS SMALLINT), CAST(2 AS SMALLINT)) AS INT), tpcds_partitioned_parquet_snap.household_demographics_1.hd_dep_count = CAST(1 AS INT) OR tpcds_partitioned_parquet_snap.household_demographics_1.hd_dep_count = CAST(2 AS INT) OR tpcds_partitioned_parquet_snap.household_demographics_1.hd_vehicle_count <= CAST(2 AS INT), tpcds_partitioned_parquet_snap.household_demographics_1.hd_dep_count = CAST(1 AS INT) OR tpcds_partitioned_parquet_snap.household_demographics_1.hd_vehicle_count <= CAST(add(CAST(2 AS SMALLINT), CAST(2 AS SMALLINT)) AS INT) OR tpcds_partitioned_parquet_snap.household_demographics_1.hd_vehicle_count <= CAST(2 AS INT), tpcds_partitioned_parquet_snap.household_demographics_1.hd_vehicle_count <= CAST(add(CAST(1 AS SMALLINT), CAST(2 AS SMALLINT)) AS INT) OR tpcds_partitioned_parquet_snap.household_demographics_1.hd_dep_count = CAST(0 AS INT) OR tpcds_partitioned_parquet_snap.household_demographics_1.hd_dep_count = CAST(2 AS INT), tpcds_partitioned_parquet_snap.household_demographics_1.hd_vehicle_count <= CAST(add(CAST(1 AS SMALLINT), CAST(2 AS SMALLINT)) AS INT) OR tpcds_partitioned_parquet_snap.household_demographics_1.hd_dep_count = CAST(2 AS INT) OR tpcds_partitioned_parquet_snap.household_demographics_1.hd_vehicle_count <= CAST(2 AS INT), tpcds_partitioned_parquet_snap.household_demographics_1.hd_vehicle_count <= CAST(add(CAST(1 AS SMALLINT), CAST(2 AS SMALLINT)) AS INT) OR tpcds_partitioned_parquet_snap.household_demographics_1.hd_vehicle_count <= CAST(add(CAST(2 AS SMALLINT), CAST(2 AS SMALLINT)) AS INT) OR tpcds_partitioned_parquet_snap.household_demographics_1.hd_dep_count = CAST(0 AS INT), tpcds_partitioned_parquet_snap.household_demographics_1.hd_vehicle_count <= CAST(add(CAST(1 AS SMALLINT), CAST(2 AS SMALLINT)) AS INT) OR tpcds_partitioned_parquet_snap.household_demographics_1.hd_vehicle_count <= CAST(add(CAST(2 AS SMALLINT), CAST(2 AS SMALLINT)) AS INT) OR tpcds_partitioned_parquet_snap.household_demographics_1.hd_vehicle_count <= CAST(2 AS INT)
|  |     stored statistics:
|  |       table: rows=7.20K size=41.69KB
|  |       columns: all
|  |     extrapolated-rows=disabled max-scan-range-rows=7.20K
|  |     parquet dictionary predicates: tpcds_partitioned_parquet_snap.household_demographics_1.hd_dep_count = CAST(0 AS INT) OR tpcds_partitioned_parquet_snap.household_demographics_1.hd_dep_count = CAST(1 AS INT) OR tpcds_partitioned_parquet_snap.household_demographics_1.hd_dep_count = CAST(2 AS INT), tpcds_partitioned_parquet_snap.household_demographics_1.hd_vehicle_count <= CAST(add(CAST(1 AS SMALLINT), CAST(2 AS SMALLINT)) AS INT) OR tpcds_partitioned_parquet_snap.household_demographics_1.hd_vehicle_count <= CAST(add(CAST(2 AS SMALLINT), CAST(2 AS SMALLINT)) AS INT) OR tpcds_partitioned_parquet_snap.household_demographics_1.hd_vehicle_count <= CAST(2 AS INT)
|  |     mem-estimate=16.00MB mem-reservation=64.00KB thread-reservation=0
|  |     tuple-ids=20 row-size=12B cardinality=375 cost=2862
|  |     in pipelines: 18(GETNEXT)
|  |
|  17:SCAN HDFS [tpcds_partitioned_parquet_snap.store_sales]
|     HDFS partitions=1824/1824 files=1824 size=389.90GB
|     runtime filters: RF015[min_max] -> tpcds_partitioned_parquet_snap.store_sales_1.ss_sold_time_sk, RF017[min_max] -> tpcds_partitioned_parquet_snap.store_sales_1.ss_hdemo_sk, RF013[min_max] -> tpcds_partitioned_parquet_snap.store_sales_1.ss_store_sk, RF014[bloom] -> tpcds_partitioned_parquet_snap.store_sales_1.ss_sold_time_sk
|     stored statistics:
|       table: rows=8.64G size=389.90GB
|       partitions: 1824/1824 rows=8.64G
|       columns: all
|     extrapolated-rows=disabled max-scan-range-rows=390.22M
|     mem-estimate=16.00MB mem-reservation=8.00MB thread-reservation=0
|     tuple-ids=18 row-size=12B cardinality=204.06M(filtered from 8.64G) cost=1492980801
|     in pipelines: 17(GETNEXT)
|
16:NESTED LOOP JOIN [CROSS JOIN]
|  mem-estimate=8B mem-reservation=0B thread-reservation=0
|  tuple-ids=8,17 row-size=16B cardinality=1 cost=0
|  in pipelines: 07(GETNEXT), 15(OPEN)
|
|--15:AGGREGATE [FINALIZE]
|  |  output: count()
|  |  mem-estimate=16.00KB mem-reservation=0B spill-buffer=2.00MB thread-reservation=0
|  |  tuple-ids=17 row-size=8B cardinality=1 cost=145605
|  |  in pipelines: 15(GETNEXT), 08(OPEN)
|  |
|  14:HASH JOIN [INNER JOIN]
|  |  hash predicates: tpcds_partitioned_parquet_snap.store_sales_0.ss_store_sk = tpcds_partitioned_parquet_snap.store_0.s_store_sk
|  |  fk/pk conjuncts: tpcds_partitioned_parquet_snap.store_sales_0.ss_store_sk = tpcds_partitioned_parquet_snap.store_0.s_store_sk
|  |  runtime filters: RF007[min_max] <- tpcds_partitioned_parquet_snap.store_0.s_store_sk
|  |  mem-estimate=1.94MB mem-reservation=1.94MB spill-buffer=64.00KB thread-reservation=0
|  |  tuple-ids=9,11,13,15 row-size=56B cardinality=2.08M cost=3038172
|  |  in pipelines: 08(GETNEXT), 13(OPEN)
|  |
|  |--13:SCAN HDFS [tpcds_partitioned_parquet_snap.store]
|  |     HDFS partitions=1/1 files=1 size=119.76KB
|  |     predicates: tpcds_partitioned_parquet_snap.store_0.s_store_name = 'ese'
|  |     stored statistics:
|  |       table: rows=1.35K size=119.76KB
|  |       columns: all
|  |     extrapolated-rows=disabled max-scan-range-rows=1.35K
|  |     parquet statistics predicates: tpcds_partitioned_parquet_snap.store_0.s_store_name = 'ese'
|  |     parquet dictionary predicates: tpcds_partitioned_parquet_snap.store_0.s_store_name = 'ese'
|  |     mem-estimate=16.00MB mem-reservation=16.00KB thread-reservation=0
|  |     tuple-ids=15 row-size=20B cardinality=134 cost=192
|  |     in pipelines: 13(GETNEXT)
|  |
|  12:HASH JOIN [INNER JOIN]
|  |  hash predicates: tpcds_partitioned_parquet_snap.store_sales_0.ss_sold_time_sk = tpcds_partitioned_parquet_snap.time_dim_0.t_time_sk
|  |  fk/pk conjuncts: tpcds_partitioned_parquet_snap.store_sales_0.ss_sold_time_sk = tpcds_partitioned_parquet_snap.time_dim_0.t_time_sk
|  |  runtime filters: RF008[bloom] <- tpcds_partitioned_parquet_snap.time_dim_0.t_time_sk, RF009[min_max] <- tpcds_partitioned_parquet_snap.time_dim_0.t_time_sk
|  |  mem-estimate=1.94MB mem-reservation=1.94MB spill-buffer=64.00KB thread-reservation=0
|  |  tuple-ids=9,11,13 row-size=36B cardinality=10.37M cost=54223645
|  |  in pipelines: 08(GETNEXT), 11(OPEN)
|  |
|  |--11:SCAN HDFS [tpcds_partitioned_parquet_snap.time_dim]
|  |     HDFS partitions=1/1 files=1 size=1.31MB
|  |     predicates: tpcds_partitioned_parquet_snap.time_dim_0.t_hour = CAST(12 AS INT), tpcds_partitioned_parquet_snap.time_dim_0.t_minute < CAST(30 AS INT)
|  |     stored statistics:
|  |       table: rows=86.40K size=1.31MB
|  |       columns: all
|  |     extrapolated-rows=disabled max-scan-range-rows=86.40K
|  |     parquet statistics predicates: tpcds_partitioned_parquet_snap.time_dim_0.t_hour = CAST(12 AS INT), tpcds_partitioned_parquet_snap.time_dim_0.t_minute < CAST(30 AS INT)
|  |     parquet dictionary predicates: tpcds_partitioned_parquet_snap.time_dim_0.t_hour = CAST(12 AS INT), tpcds_partitioned_parquet_snap.time_dim_0.t_minute < CAST(30 AS INT)
|  |     mem-estimate=16.00MB mem-reservation=512.00KB thread-reservation=0
|  |     tuple-ids=13 row-size=12B cardinality=1.14K cost=19785
|  |     in pipelines: 11(GETNEXT)
|  |
|  10:HASH JOIN [INNER JOIN]
|  |  hash predicates: tpcds_partitioned_parquet_snap.store_sales_0.ss_hdemo_sk = tpcds_partitioned_parquet_snap.household_demographics_0.hd_demo_sk
|  |  fk/pk conjuncts: tpcds_partitioned_parquet_snap.store_sales_0.ss_hdemo_sk = tpcds_partitioned_parquet_snap.household_demographics_0.hd_demo_sk
|  |  runtime filters: RF010[bloom] <- tpcds_partitioned_parquet_snap.household_demographics_0.hd_demo_sk, RF011[min_max] <- tpcds_partitioned_parquet_snap.household_demographics_0.hd_demo_sk
|  |  mem-estimate=1.94MB mem-reservation=1.94MB spill-buffer=64.00KB thread-reservation=0
|  |  tuple-ids=9,11 row-size=24B cardinality=204.06M(filtered from 439.26M) cost=131936738
|  |  in pipelines: 08(GETNEXT), 09(OPEN)
|  |
|  |--09:SCAN HDFS [tpcds_partitioned_parquet_snap.household_demographics]
|  |     HDFS partitions=1/1 files=1 size=41.69KB
|  |     predicates: tpcds_partitioned_parquet_snap.household_demographics_0.hd_dep_count = CAST(0 AS INT) OR tpcds_partitioned_parquet_snap.household_demographics_0.hd_dep_count = CAST(1 AS INT) OR tpcds_partitioned_parquet_snap.household_demographics_0.hd_dep_count = CAST(2 AS INT), tpcds_partitioned_parquet_snap.household_demographics_0.hd_dep_count = CAST(0 AS INT) OR tpcds_partitioned_parquet_snap.household_demographics_0.hd_dep_count = CAST(1 AS INT) OR tpcds_partitioned_parquet_snap.household_demographics_0.hd_vehicle_count <= CAST(add(CAST(2 AS SMALLINT), CAST(2 AS SMALLINT)) AS INT), tpcds_partitioned_parquet_snap.household_demographics_0.hd_dep_count = CAST(1 AS INT) OR tpcds_partitioned_parquet_snap.household_demographics_0.hd_dep_count = CAST(2 AS INT) OR tpcds_partitioned_parquet_snap.household_demographics_0.hd_vehicle_count <= CAST(2 AS INT), tpcds_partitioned_parquet_snap.household_demographics_0.hd_dep_count = CAST(1 AS INT) OR tpcds_partitioned_parquet_snap.household_demographics_0.hd_vehicle_count <= CAST(add(CAST(2 AS SMALLINT), CAST(2 AS SMALLINT)) AS INT) OR tpcds_partitioned_parquet_snap.household_demographics_0.hd_vehicle_count <= CAST(2 AS INT), tpcds_partitioned_parquet_snap.household_demographics_0.hd_vehicle_count <= CAST(add(CAST(1 AS SMALLINT), CAST(2 AS SMALLINT)) AS INT) OR tpcds_partitioned_parquet_snap.household_demographics_0.hd_dep_count = CAST(0 AS INT) OR tpcds_partitioned_parquet_snap.household_demographics_0.hd_dep_count = CAST(2 AS INT), tpcds_partitioned_parquet_snap.household_demographics_0.hd_vehicle_count <= CAST(add(CAST(1 AS SMALLINT), CAST(2 AS SMALLINT)) AS INT) OR tpcds_partitioned_parquet_snap.household_demographics_0.hd_dep_count = CAST(2 AS INT) OR tpcds_partitioned_parquet_snap.household_demographics_0.hd_vehicle_count <= CAST(2 AS INT), tpcds_partitioned_parquet_snap.household_demographics_0.hd_vehicle_count <= CAST(add(CAST(1 AS SMALLINT), CAST(2 AS SMALLINT)) AS INT) OR tpcds_partitioned_parquet_snap.household_demographics_0.hd_vehicle_count <= CAST(add(CAST(2 AS SMALLINT), CAST(2 AS SMALLINT)) AS INT) OR tpcds_partitioned_parquet_snap.household_demographics_0.hd_dep_count = CAST(0 AS INT), tpcds_partitioned_parquet_snap.household_demographics_0.hd_vehicle_count <= CAST(add(CAST(1 AS SMALLINT), CAST(2 AS SMALLINT)) AS INT) OR tpcds_partitioned_parquet_snap.household_demographics_0.hd_vehicle_count <= CAST(add(CAST(2 AS SMALLINT), CAST(2 AS SMALLINT)) AS INT) OR tpcds_partitioned_parquet_snap.household_demographics_0.hd_vehicle_count <= CAST(2 AS INT)
|  |     stored statistics:
|  |       table: rows=7.20K size=41.69KB
|  |       columns: all
|  |     extrapolated-rows=disabled max-scan-range-rows=7.20K
|  |     parquet dictionary predicates: tpcds_partitioned_parquet_snap.household_demographics_0.hd_dep_count = CAST(0 AS INT) OR tpcds_partitioned_parquet_snap.household_demographics_0.hd_dep_count = CAST(1 AS INT) OR tpcds_partitioned_parquet_snap.household_demographics_0.hd_dep_count = CAST(2 AS INT), tpcds_partitioned_parquet_snap.household_demographics_0.hd_vehicle_count <= CAST(add(CAST(1 AS SMALLINT), CAST(2 AS SMALLINT)) AS INT) OR tpcds_partitioned_parquet_snap.household_demographics_0.hd_vehicle_count <= CAST(add(CAST(2 AS SMALLINT), CAST(2 AS SMALLINT)) AS INT) OR tpcds_partitioned_parquet_snap.household_demographics_0.hd_vehicle_count <= CAST(2 AS INT)
|  |     mem-estimate=16.00MB mem-reservation=64.00KB thread-reservation=0
|  |     tuple-ids=11 row-size=12B cardinality=375 cost=2862
|  |     in pipelines: 09(GETNEXT)
|  |
|  08:SCAN HDFS [tpcds_partitioned_parquet_snap.store_sales]
|     HDFS partitions=1824/1824 files=1824 size=389.90GB
|     runtime filters: RF009[min_max] -> tpcds_partitioned_parquet_snap.store_sales_0.ss_sold_time_sk, RF011[min_max] -> tpcds_partitioned_parquet_snap.store_sales_0.ss_hdemo_sk, RF007[min_max] -> tpcds_partitioned_parquet_snap.store_sales_0.ss_store_sk, RF008[bloom] -> tpcds_partitioned_parquet_snap.store_sales_0.ss_sold_time_sk, RF010[bloom] -> tpcds_partitioned_parquet_snap.store_sales_0.ss_hdemo_sk
|     stored statistics:
|       table: rows=8.64G size=389.90GB
|       partitions: 1824/1824 rows=8.64G
|       columns: all
|     extrapolated-rows=disabled max-scan-range-rows=390.22M
|     mem-estimate=16.00MB mem-reservation=8.00MB thread-reservation=0
|     tuple-ids=9 row-size=12B cardinality=204.06M(filtered from 8.64G) cost=1492980801
|     in pipelines: 08(GETNEXT)
|
07:AGGREGATE [FINALIZE]
|  output: count()
|  mem-estimate=16.00KB mem-reservation=0B spill-buffer=2.00MB thread-reservation=0
|  tuple-ids=8 row-size=8B cardinality=1 cost=145605
|  in pipelines: 07(GETNEXT), 00(OPEN)
|
06:HASH JOIN [INNER JOIN]
|  hash predicates: tpcds_partitioned_parquet_snap.store_sales.ss_store_sk = tpcds_partitioned_parquet_snap.store.s_store_sk
|  fk/pk conjuncts: tpcds_partitioned_parquet_snap.store_sales.ss_store_sk = tpcds_partitioned_parquet_snap.store.s_store_sk
|  runtime filters: RF001[min_max] <- tpcds_partitioned_parquet_snap.store.s_store_sk
|  mem-estimate=1.94MB mem-reservation=1.94MB spill-buffer=64.00KB thread-reservation=0
|  tuple-ids=0,2,4,6 row-size=56B cardinality=2.08M cost=3038172
|  in pipelines: 00(GETNEXT), 05(OPEN)
|
|--05:SCAN HDFS [tpcds_partitioned_parquet_snap.store]
|     HDFS partitions=1/1 files=1 size=119.76KB
|     predicates: tpcds_partitioned_parquet_snap.store.s_store_name = 'ese'
|     stored statistics:
|       table: rows=1.35K size=119.76KB
|       columns: all
|     extrapolated-rows=disabled max-scan-range-rows=1.35K
|     parquet statistics predicates: tpcds_partitioned_parquet_snap.store.s_store_name = 'ese'
|     parquet dictionary predicates: tpcds_partitioned_parquet_snap.store.s_store_name = 'ese'
|     mem-estimate=16.00MB mem-reservation=16.00KB thread-reservation=0
|     tuple-ids=6 row-size=20B cardinality=134 cost=192
|     in pipelines: 05(GETNEXT)
|
04:HASH JOIN [INNER JOIN]
|  hash predicates: tpcds_partitioned_parquet_snap.store_sales.ss_sold_time_sk = tpcds_partitioned_parquet_snap.time_dim.t_time_sk
|  fk/pk conjuncts: tpcds_partitioned_parquet_snap.store_sales.ss_sold_time_sk = tpcds_partitioned_parquet_snap.time_dim.t_time_sk
|  runtime filters: RF002[bloom] <- tpcds_partitioned_parquet_snap.time_dim.t_time_sk, RF003[min_max] <- tpcds_partitioned_parquet_snap.time_dim.t_time_sk
|  mem-estimate=1.94MB mem-reservation=1.94MB spill-buffer=64.00KB thread-reservation=0
|  tuple-ids=0,2,4 row-size=36B cardinality=10.37M cost=54223645
|  in pipelines: 00(GETNEXT), 03(OPEN)
|
|--03:SCAN HDFS [tpcds_partitioned_parquet_snap.time_dim]
|     HDFS partitions=1/1 files=1 size=1.31MB
|     predicates: tpcds_partitioned_parquet_snap.time_dim.t_hour = CAST(8 AS INT), tpcds_partitioned_parquet_snap.time_dim.t_minute >= CAST(30 AS INT)
|     stored statistics:
|       table: rows=86.40K size=1.31MB
|       columns: all
|     extrapolated-rows=disabled max-scan-range-rows=86.40K
|     parquet statistics predicates: tpcds_partitioned_parquet_snap.time_dim.t_hour = CAST(8 AS INT), tpcds_partitioned_parquet_snap.time_dim.t_minute >= CAST(30 AS INT)
|     parquet dictionary predicates: tpcds_partitioned_parquet_snap.time_dim.t_hour = CAST(8 AS INT), tpcds_partitioned_parquet_snap.time_dim.t_minute >= CAST(30 AS INT)
|     mem-estimate=16.00MB mem-reservation=512.00KB thread-reservation=0
|     tuple-ids=4 row-size=12B cardinality=1.14K cost=19785
|     in pipelines: 03(GETNEXT)
|
02:HASH JOIN [INNER JOIN]
|  hash predicates: tpcds_partitioned_parquet_snap.store_sales.ss_hdemo_sk = tpcds_partitioned_parquet_snap.household_demographics.hd_demo_sk
|  fk/pk conjuncts: tpcds_partitioned_parquet_snap.store_sales.ss_hdemo_sk = tpcds_partitioned_parquet_snap.household_demographics.hd_demo_sk
|  runtime filters: RF004[bloom] <- tpcds_partitioned_parquet_snap.household_demographics.hd_demo_sk, RF005[min_max] <- tpcds_partitioned_parquet_snap.household_demographics.hd_demo_sk
|  mem-estimate=1.94MB mem-reservation=1.94MB spill-buffer=64.00KB thread-reservation=0
|  tuple-ids=0,2 row-size=24B cardinality=204.06M(filtered from 439.26M) cost=131936738
|  in pipelines: 00(GETNEXT), 01(OPEN)
|
|--01:SCAN HDFS [tpcds_partitioned_parquet_snap.household_demographics]
|     HDFS partitions=1/1 files=1 size=41.69KB
|     predicates: tpcds_partitioned_parquet_snap.household_demographics.hd_dep_count = CAST(0 AS INT) OR tpcds_partitioned_parquet_snap.household_demographics.hd_dep_count = CAST(1 AS INT) OR tpcds_partitioned_parquet_snap.household_demographics.hd_dep_count = CAST(2 AS INT), tpcds_partitioned_parquet_snap.household_demographics.hd_dep_count = CAST(0 AS INT) OR tpcds_partitioned_parquet_snap.household_demographics.hd_dep_count = CAST(1 AS INT) OR tpcds_partitioned_parquet_snap.household_demographics.hd_vehicle_count <= CAST(add(CAST(2 AS SMALLINT), CAST(2 AS SMALLINT)) AS INT), tpcds_partitioned_parquet_snap.household_demographics.hd_dep_count = CAST(1 AS INT) OR tpcds_partitioned_parquet_snap.household_demographics.hd_dep_count = CAST(2 AS INT) OR tpcds_partitioned_parquet_snap.household_demographics.hd_vehicle_count <= CAST(2 AS INT), tpcds_partitioned_parquet_snap.household_demographics.hd_dep_count = CAST(1 AS INT) OR tpcds_partitioned_parquet_snap.household_demographics.hd_vehicle_count <= CAST(add(CAST(2 AS SMALLINT), CAST(2 AS SMALLINT)) AS INT) OR tpcds_partitioned_parquet_snap.household_demographics.hd_vehicle_count <= CAST(2 AS INT), tpcds_partitioned_parquet_snap.household_demographics.hd_vehicle_count <= CAST(add(CAST(1 AS SMALLINT), CAST(2 AS SMALLINT)) AS INT) OR tpcds_partitioned_parquet_snap.household_demographics.hd_dep_count = CAST(0 AS INT) OR tpcds_partitioned_parquet_snap.household_demographics.hd_dep_count = CAST(2 AS INT), tpcds_partitioned_parquet_snap.household_demographics.hd_vehicle_count <= CAST(add(CAST(1 AS SMALLINT), CAST(2 AS SMALLINT)) AS INT) OR tpcds_partitioned_parquet_snap.household_demographics.hd_dep_count = CAST(2 AS INT) OR tpcds_partitioned_parquet_snap.household_demographics.hd_vehicle_count <= CAST(2 AS INT), tpcds_partitioned_parquet_snap.household_demographics.hd_vehicle_count <= CAST(add(CAST(1 AS SMALLINT), CAST(2 AS SMALLINT)) AS INT) OR tpcds_partitioned_parquet_snap.household_demographics.hd_vehicle_count <= CAST(add(CAST(2 AS SMALLINT), CAST(2 AS SMALLINT)) AS INT) OR tpcds_partitioned_parquet_snap.household_demographics.hd_dep_count = CAST(0 AS INT), tpcds_partitioned_parquet_snap.household_demographics.hd_vehicle_count <= CAST(add(CAST(1 AS SMALLINT), CAST(2 AS SMALLINT)) AS INT) OR tpcds_partitioned_parquet_snap.household_demographics.hd_vehicle_count <= CAST(add(CAST(2 AS SMALLINT), CAST(2 AS SMALLINT)) AS INT) OR tpcds_partitioned_parquet_snap.household_demographics.hd_vehicle_count <= CAST(2 AS INT)
|     stored statistics:
|       table: rows=7.20K size=41.69KB
|       columns: all
|     extrapolated-rows=disabled max-scan-range-rows=7.20K
|     parquet dictionary predicates: tpcds_partitioned_parquet_snap.household_demographics.hd_dep_count = CAST(0 AS INT) OR tpcds_partitioned_parquet_snap.household_demographics.hd_dep_count = CAST(1 AS INT) OR tpcds_partitioned_parquet_snap.household_demographics.hd_dep_count = CAST(2 AS INT), tpcds_partitioned_parquet_snap.household_demographics.hd_vehicle_count <= CAST(add(CAST(1 AS SMALLINT), CAST(2 AS SMALLINT)) AS INT) OR tpcds_partitioned_parquet_snap.household_demographics.hd_vehicle_count <= CAST(add(CAST(2 AS SMALLINT), CAST(2 AS SMALLINT)) AS INT) OR tpcds_partitioned_parquet_snap.household_demographics.hd_vehicle_count <= CAST(2 AS INT)
|     mem-estimate=16.00MB mem-reservation=64.00KB thread-reservation=0
|     tuple-ids=2 row-size=12B cardinality=375 cost=2862
|     in pipelines: 01(GETNEXT)
|
00:SCAN HDFS [tpcds_partitioned_parquet_snap.store_sales]
   HDFS partitions=1824/1824 files=1824 size=389.90GB
   runtime filters: RF003[min_max] -> tpcds_partitioned_parquet_snap.store_sales.ss_sold_time_sk, RF005[min_max] -> tpcds_partitioned_parquet_snap.store_sales.ss_hdemo_sk, RF001[min_max] -> tpcds_partitioned_parquet_snap.store_sales.ss_store_sk, RF002[bloom] -> tpcds_partitioned_parquet_snap.store_sales.ss_sold_time_sk, RF004[bloom] -> tpcds_partitioned_parquet_snap.store_sales.ss_hdemo_sk
   stored statistics:
     table: rows=8.64G size=389.90GB
     partitions: 1824/1824 rows=8.64G
     columns: all
   extrapolated-rows=disabled max-scan-range-rows=390.22M
   mem-estimate=16.00MB mem-reservation=8.00MB thread-reservation=0
   tuple-ids=0 row-size=12B cardinality=204.06M(filtered from 8.64G) cost=1492980801
   in pipelines: 00(GETNEXT)
---- DISTRIBUTEDPLAN
Max Per-Host Resource Reservation: Memory=1.32GB Threads=159
Per-Host Resource Estimates: Memory=2.45GB
F04:PLAN FRAGMENT [UNPARTITIONED] hosts=1 instances=1
|  Per-Instance Resources: mem-estimate=4.02MB mem-reservation=4.00MB thread-reservation=1
|  max-parallelism=1 segment-costs=[25, 8] cpu-comparison-result=960 [max(1 (self) vs 960 (sum children))]
PLAN-ROOT SINK
|  output exprs: count(), count(), count(), count(), count(), count(), count(), count()
|  mem-estimate=4.00MB mem-reservation=4.00MB spill-buffer=2.00MB thread-reservation=0 cost=8
|
70:NESTED LOOP JOIN [CROSS JOIN, BROADCAST]
|  join table id: 00
|  mem-estimate=0B mem-reservation=0B thread-reservation=0
|  tuple-ids=8,17,26,35,44,53,62,71 row-size=64B cardinality=1 cost=0
|  in pipelines: 75(GETNEXT), 116(OPEN)
|
|--F40:PLAN FRAGMENT [UNPARTITIONED] hosts=1 instances=1
|  |  Per-Instance Resources: mem-estimate=16.01KB mem-reservation=0B thread-reservation=1
|  |  max-parallelism=1 segment-costs=[0] cpu-comparison-result=120 [max(1 (self) vs 120 (sum children))]
|  JOIN BUILD
|  |  join-table-id=00 plan-id=01 cohort-id=01
|  |  mem-estimate=8B mem-reservation=0B thread-reservation=0 cost=0
|  |
|  117:EXCHANGE [UNPARTITIONED]
|  |  mem-estimate=16.00KB mem-reservation=0B thread-reservation=0
|  |  tuple-ids=71 row-size=8B cardinality=1 cost=0
|  |  in pipelines: 116(GETNEXT)
|  |
|  F39:PLAN FRAGMENT [UNPARTITIONED] hosts=1 instances=1
|  Per-Instance Resources: mem-estimate=184.84KB mem-reservation=0B thread-reservation=1
|  max-parallelism=1 segment-costs=[25, 1] cpu-comparison-result=120 [max(1 (self) vs 120 (sum children))]
|  116:AGGREGATE [FINALIZE]
|  |  output: count:merge()
|  |  mem-estimate=16.00KB mem-reservation=0B spill-buffer=2.00MB thread-reservation=0
|  |  tuple-ids=71 row-size=8B cardinality=1 cost=8
|  |  in pipelines: 116(GETNEXT), 69(OPEN)
|  |
|  115:EXCHANGE [UNPARTITIONED]
|  |  mem-estimate=168.84KB mem-reservation=0B thread-reservation=0
|  |  tuple-ids=71 row-size=8B cardinality=120 cost=17
|  |  in pipelines: 69(GETNEXT)
|  |
|  F35:PLAN FRAGMENT [RANDOM] hosts=10 instances=120
|  Per-Host Shared Resources: mem-estimate=1.00MB mem-reservation=1.00MB thread-reservation=0 runtime-filters-memory=1.00MB
|  Per-Instance Resources: mem-estimate=16.02MB mem-reservation=8.00MB thread-reservation=1
|  max-parallelism=170 segment-costs=[1682323314, 123] cpu-comparison-result=120 [max(120 (self) vs 33 (sum children))]
|  69:AGGREGATE
|  |  output: count()
|  |  mem-estimate=16.00KB mem-reservation=0B spill-buffer=2.00MB thread-reservation=0
|  |  tuple-ids=71 row-size=8B cardinality=120 cost=145605
|  |  in pipelines: 69(GETNEXT), 62(OPEN)
|  |
|  68:HASH JOIN [INNER JOIN, BROADCAST]
|  |  hash-table-id=01
|  |  hash predicates: tpcds_partitioned_parquet_snap.store_sales_6.ss_store_sk = tpcds_partitioned_parquet_snap.store_6.s_store_sk
|  |  fk/pk conjuncts: tpcds_partitioned_parquet_snap.store_sales_6.ss_store_sk = tpcds_partitioned_parquet_snap.store_6.s_store_sk
|  |  mem-estimate=0B mem-reservation=0B spill-buffer=64.00KB thread-reservation=0
|  |  tuple-ids=63,65,67,69 row-size=56B cardinality=2.08M cost=3038038
|  |  in pipelines: 62(GETNEXT), 67(OPEN)
|  |
|  |--F41:PLAN FRAGMENT [RANDOM] hosts=10 instances=10
|  |  |  Per-Instance Resources: mem-estimate=23.27MB mem-reservation=23.25MB thread-reservation=1
|  |  |  max-parallelism=10 segment-costs=[304]
|  |  JOIN BUILD
|  |  |  join-table-id=01 plan-id=02 cohort-id=02
|  |  |  build expressions: tpcds_partitioned_parquet_snap.store_6.s_store_sk
|  |  |  runtime filters: RF043[min_max] <- tpcds_partitioned_parquet_snap.store_6.s_store_sk
|  |  |  mem-estimate=23.25MB mem-reservation=23.25MB spill-buffer=64.00KB thread-reservation=0 cost=134
|  |  |
|  |  114:EXCHANGE [BROADCAST]
|  |  |  mem-estimate=16.00KB mem-reservation=0B thread-reservation=0
|  |  |  tuple-ids=69 row-size=20B cardinality=134 cost=170
|  |  |  in pipelines: 67(GETNEXT)
|  |  |
|  |  F38:PLAN FRAGMENT [RANDOM] hosts=1 instances=1
|  |  Per-Instance Resources: mem-estimate=16.09MB mem-reservation=16.00KB thread-reservation=1
|  |  max-parallelism=1 segment-costs=[202]
|  |  67:SCAN HDFS [tpcds_partitioned_parquet_snap.store, RANDOM]
|  |     HDFS partitions=1/1 files=1 size=119.76KB
|  |     predicates: tpcds_partitioned_parquet_snap.store_6.s_store_name = 'ese'
|  |     stored statistics:
|  |       table: rows=1.35K size=119.76KB
|  |       columns: all
|  |     extrapolated-rows=disabled max-scan-range-rows=1.35K
|  |     parquet statistics predicates: tpcds_partitioned_parquet_snap.store_6.s_store_name = 'ese'
|  |     parquet dictionary predicates: tpcds_partitioned_parquet_snap.store_6.s_store_name = 'ese'
|  |     mem-estimate=16.00MB mem-reservation=16.00KB thread-reservation=0
|  |     tuple-ids=69 row-size=20B cardinality=134 cost=192
|  |     in pipelines: 67(GETNEXT)
|  |
|  66:HASH JOIN [INNER JOIN, BROADCAST]
|  |  hash-table-id=02
|  |  hash predicates: tpcds_partitioned_parquet_snap.store_sales_6.ss_sold_time_sk = tpcds_partitioned_parquet_snap.time_dim_6.t_time_sk
|  |  fk/pk conjuncts: tpcds_partitioned_parquet_snap.store_sales_6.ss_sold_time_sk = tpcds_partitioned_parquet_snap.time_dim_6.t_time_sk
|  |  mem-estimate=0B mem-reservation=0B spill-buffer=64.00KB thread-reservation=0
|  |  tuple-ids=63,65,67 row-size=36B cardinality=10.37M cost=54222507
|  |  in pipelines: 62(GETNEXT), 65(OPEN)
|  |
|  |--F42:PLAN FRAGMENT [RANDOM] hosts=10 instances=10
|  |  |  Per-Instance Resources: mem-estimate=24.28MB mem-reservation=24.25MB thread-reservation=1 runtime-filters-memory=1.00MB
|  |  |  max-parallelism=10 segment-costs=[2648]
|  |  JOIN BUILD
|  |  |  join-table-id=02 plan-id=03 cohort-id=02
|  |  |  build expressions: tpcds_partitioned_parquet_snap.time_dim_6.t_time_sk
|  |  |  runtime filters: RF044[bloom] <- tpcds_partitioned_parquet_snap.time_dim_6.t_time_sk, RF045[min_max] <- tpcds_partitioned_parquet_snap.time_dim_6.t_time_sk
|  |  |  mem-estimate=23.25MB mem-reservation=23.25MB spill-buffer=64.00KB thread-reservation=0 cost=1138
|  |  |
|  |  113:EXCHANGE [BROADCAST]
|  |  |  mem-estimate=29.34KB mem-reservation=0B thread-reservation=0
|  |  |  tuple-ids=67 row-size=12B cardinality=1.14K cost=1510
|  |  |  in pipelines: 65(GETNEXT)
|  |  |
|  |  F37:PLAN FRAGMENT [RANDOM] hosts=1 instances=1
|  |  Per-Instance Resources: mem-estimate=16.06MB mem-reservation=512.00KB thread-reservation=1
|  |  max-parallelism=1 segment-costs=[19846]
|  |  65:SCAN HDFS [tpcds_partitioned_parquet_snap.time_dim, RANDOM]
|  |     HDFS partitions=1/1 files=1 size=1.31MB
|  |     predicates: tpcds_partitioned_parquet_snap.time_dim_6.t_hour = CAST(9 AS INT), tpcds_partitioned_parquet_snap.time_dim_6.t_minute < CAST(30 AS INT)
|  |     stored statistics:
|  |       table: rows=86.40K size=1.31MB
|  |       columns: all
|  |     extrapolated-rows=disabled max-scan-range-rows=86.40K
|  |     parquet statistics predicates: tpcds_partitioned_parquet_snap.time_dim_6.t_hour = CAST(9 AS INT), tpcds_partitioned_parquet_snap.time_dim_6.t_minute < CAST(30 AS INT)
|  |     parquet dictionary predicates: tpcds_partitioned_parquet_snap.time_dim_6.t_hour = CAST(9 AS INT), tpcds_partitioned_parquet_snap.time_dim_6.t_minute < CAST(30 AS INT)
|  |     mem-estimate=16.00MB mem-reservation=512.00KB thread-reservation=0
|  |     tuple-ids=67 row-size=12B cardinality=1.14K cost=19785
|  |     in pipelines: 65(GETNEXT)
|  |
|  64:HASH JOIN [INNER JOIN, BROADCAST]
|  |  hash-table-id=03
|  |  hash predicates: tpcds_partitioned_parquet_snap.store_sales_6.ss_hdemo_sk = tpcds_partitioned_parquet_snap.household_demographics_6.hd_demo_sk
|  |  fk/pk conjuncts: tpcds_partitioned_parquet_snap.store_sales_6.ss_hdemo_sk = tpcds_partitioned_parquet_snap.household_demographics_6.hd_demo_sk
|  |  mem-estimate=0B mem-reservation=0B spill-buffer=64.00KB thread-reservation=0
|  |  tuple-ids=63,65 row-size=24B cardinality=204.06M(filtered from 439.26M) cost=131936363
|  |  in pipelines: 62(GETNEXT), 63(OPEN)
|  |
|  |--F43:PLAN FRAGMENT [RANDOM] hosts=10 instances=10
|  |  |  Per-Instance Resources: mem-estimate=23.27MB mem-reservation=23.25MB thread-reservation=1
|  |  |  max-parallelism=10 segment-costs=[865]
|  |  JOIN BUILD
|  |  |  join-table-id=03 plan-id=04 cohort-id=02
|  |  |  build expressions: tpcds_partitioned_parquet_snap.household_demographics_6.hd_demo_sk
|  |  |  runtime filters: RF047[min_max] <- tpcds_partitioned_parquet_snap.household_demographics_6.hd_demo_sk
|  |  |  mem-estimate=23.25MB mem-reservation=23.25MB spill-buffer=64.00KB thread-reservation=0 cost=375
|  |  |
|  |  112:EXCHANGE [BROADCAST]
|  |  |  mem-estimate=16.00KB mem-reservation=0B thread-reservation=0
|  |  |  tuple-ids=65 row-size=12B cardinality=375 cost=490
|  |  |  in pipelines: 63(GETNEXT)
|  |  |
|  |  F36:PLAN FRAGMENT [RANDOM] hosts=1 instances=1
|  |  Per-Instance Resources: mem-estimate=16.06MB mem-reservation=64.00KB thread-reservation=1
|  |  max-parallelism=1 segment-costs=[2882]
|  |  63:SCAN HDFS [tpcds_partitioned_parquet_snap.household_demographics, RANDOM]
|  |     HDFS partitions=1/1 files=1 size=41.69KB
|  |     predicates: tpcds_partitioned_parquet_snap.household_demographics_6.hd_dep_count = CAST(0 AS INT) OR tpcds_partitioned_parquet_snap.household_demographics_6.hd_dep_count = CAST(1 AS INT) OR tpcds_partitioned_parquet_snap.household_demographics_6.hd_dep_count = CAST(2 AS INT), tpcds_partitioned_parquet_snap.household_demographics_6.hd_dep_count = CAST(0 AS INT) OR tpcds_partitioned_parquet_snap.household_demographics_6.hd_dep_count = CAST(1 AS INT) OR tpcds_partitioned_parquet_snap.household_demographics_6.hd_vehicle_count <= CAST(add(CAST(2 AS SMALLINT), CAST(2 AS SMALLINT)) AS INT), tpcds_partitioned_parquet_snap.household_demographics_6.hd_dep_count = CAST(1 AS INT) OR tpcds_partitioned_parquet_snap.household_demographics_6.hd_dep_count = CAST(2 AS INT) OR tpcds_partitioned_parquet_snap.household_demographics_6.hd_vehicle_count <= CAST(2 AS INT), tpcds_partitioned_parquet_snap.household_demographics_6.hd_dep_count = CAST(1 AS INT) OR tpcds_partitioned_parquet_snap.household_demographics_6.hd_vehicle_count <= CAST(add(CAST(2 AS SMALLINT), CAST(2 AS SMALLINT)) AS INT) OR tpcds_partitioned_parquet_snap.household_demographics_6.hd_vehicle_count <= CAST(2 AS INT), tpcds_partitioned_parquet_snap.household_demographics_6.hd_vehicle_count <= CAST(add(CAST(1 AS SMALLINT), CAST(2 AS SMALLINT)) AS INT) OR tpcds_partitioned_parquet_snap.household_demographics_6.hd_dep_count = CAST(0 AS INT) OR tpcds_partitioned_parquet_snap.household_demographics_6.hd_dep_count = CAST(2 AS INT), tpcds_partitioned_parquet_snap.household_demographics_6.hd_vehicle_count <= CAST(add(CAST(1 AS SMALLINT), CAST(2 AS SMALLINT)) AS INT) OR tpcds_partitioned_parquet_snap.household_demographics_6.hd_dep_count = CAST(2 AS INT) OR tpcds_partitioned_parquet_snap.household_demographics_6.hd_vehicle_count <= CAST(2 AS INT), tpcds_partitioned_parquet_snap.household_demographics_6.hd_vehicle_count <= CAST(add(CAST(1 AS SMALLINT), CAST(2 AS SMALLINT)) AS INT) OR tpcds_partitioned_parquet_snap.household_demographics_6.hd_vehicle_count <= CAST(add(CAST(2 AS SMALLINT), CAST(2 AS SMALLINT)) AS INT) OR tpcds_partitioned_parquet_snap.household_demographics_6.hd_dep_count = CAST(0 AS INT), tpcds_partitioned_parquet_snap.household_demographics_6.hd_vehicle_count <= CAST(add(CAST(1 AS SMALLINT), CAST(2 AS SMALLINT)) AS INT) OR tpcds_partitioned_parquet_snap.household_demographics_6.hd_vehicle_count <= CAST(add(CAST(2 AS SMALLINT), CAST(2 AS SMALLINT)) AS INT) OR tpcds_partitioned_parquet_snap.household_demographics_6.hd_vehicle_count <= CAST(2 AS INT)
|  |     stored statistics:
|  |       table: rows=7.20K size=41.69KB
|  |       columns: all
|  |     extrapolated-rows=disabled max-scan-range-rows=7.20K
|  |     parquet dictionary predicates: tpcds_partitioned_parquet_snap.household_demographics_6.hd_dep_count = CAST(0 AS INT) OR tpcds_partitioned_parquet_snap.household_demographics_6.hd_dep_count = CAST(1 AS INT) OR tpcds_partitioned_parquet_snap.household_demographics_6.hd_dep_count = CAST(2 AS INT), tpcds_partitioned_parquet_snap.household_demographics_6.hd_vehicle_count <= CAST(add(CAST(1 AS SMALLINT), CAST(2 AS SMALLINT)) AS INT) OR tpcds_partitioned_parquet_snap.household_demographics_6.hd_vehicle_count <= CAST(add(CAST(2 AS SMALLINT), CAST(2 AS SMALLINT)) AS INT) OR tpcds_partitioned_parquet_snap.household_demographics_6.hd_vehicle_count <= CAST(2 AS INT)
|  |     mem-estimate=16.00MB mem-reservation=64.00KB thread-reservation=0
|  |     tuple-ids=65 row-size=12B cardinality=375 cost=2862
|  |     in pipelines: 63(GETNEXT)
|  |
|  62:SCAN HDFS [tpcds_partitioned_parquet_snap.store_sales, RANDOM]
|     HDFS partitions=1824/1824 files=1824 size=389.90GB
|     runtime filters: RF045[min_max] -> tpcds_partitioned_parquet_snap.store_sales_6.ss_sold_time_sk, RF047[min_max] -> tpcds_partitioned_parquet_snap.store_sales_6.ss_hdemo_sk, RF043[min_max] -> tpcds_partitioned_parquet_snap.store_sales_6.ss_store_sk, RF044[bloom] -> tpcds_partitioned_parquet_snap.store_sales_6.ss_sold_time_sk
|     stored statistics:
|       table: rows=8.64G size=389.90GB
|       partitions: 1824/1824 rows=8.64G
|       columns: all
|     extrapolated-rows=disabled max-scan-range-rows=390.22M
|     mem-estimate=16.00MB mem-reservation=8.00MB thread-reservation=0
|     tuple-ids=63 row-size=12B cardinality=204.06M(filtered from 8.64G) cost=1492980801
|     in pipelines: 62(GETNEXT)
|
61:NESTED LOOP JOIN [CROSS JOIN, BROADCAST]
|  join table id: 04
|  mem-estimate=0B mem-reservation=0B thread-reservation=0
|  tuple-ids=8,17,26,35,44,53,62 row-size=56B cardinality=1 cost=0
|  in pipelines: 75(GETNEXT), 110(OPEN)
|
|--F44:PLAN FRAGMENT [UNPARTITIONED] hosts=1 instances=1
|  |  Per-Instance Resources: mem-estimate=16.01KB mem-reservation=0B thread-reservation=1
|  |  max-parallelism=1 segment-costs=[0] cpu-comparison-result=120 [max(1 (self) vs 120 (sum children))]
|  JOIN BUILD
|  |  join-table-id=04 plan-id=05 cohort-id=01
|  |  mem-estimate=8B mem-reservation=0B thread-reservation=0 cost=0
|  |
|  111:EXCHANGE [UNPARTITIONED]
|  |  mem-estimate=16.00KB mem-reservation=0B thread-reservation=0
|  |  tuple-ids=62 row-size=8B cardinality=1 cost=0
|  |  in pipelines: 110(GETNEXT)
|  |
|  F34:PLAN FRAGMENT [UNPARTITIONED] hosts=1 instances=1
|  Per-Instance Resources: mem-estimate=184.84KB mem-reservation=0B thread-reservation=1
|  max-parallelism=1 segment-costs=[25, 1] cpu-comparison-result=120 [max(1 (self) vs 120 (sum children))]
|  110:AGGREGATE [FINALIZE]
|  |  output: count:merge()
|  |  mem-estimate=16.00KB mem-reservation=0B spill-buffer=2.00MB thread-reservation=0
|  |  tuple-ids=62 row-size=8B cardinality=1 cost=8
|  |  in pipelines: 110(GETNEXT), 60(OPEN)
|  |
|  109:EXCHANGE [UNPARTITIONED]
|  |  mem-estimate=168.84KB mem-reservation=0B thread-reservation=0
|  |  tuple-ids=62 row-size=8B cardinality=120 cost=17
|  |  in pipelines: 60(GETNEXT)
|  |
|  F30:PLAN FRAGMENT [RANDOM] hosts=10 instances=120
|  Per-Host Shared Resources: mem-estimate=1.00MB mem-reservation=1.00MB thread-reservation=0 runtime-filters-memory=1.00MB
|  Per-Instance Resources: mem-estimate=16.02MB mem-reservation=8.00MB thread-reservation=1
|  max-parallelism=170 segment-costs=[1682323314, 123] cpu-comparison-result=120 [max(120 (self) vs 33 (sum children))]
|  60:AGGREGATE
|  |  output: count()
|  |  mem-estimate=16.00KB mem-reservation=0B spill-buffer=2.00MB thread-reservation=0
|  |  tuple-ids=62 row-size=8B cardinality=120 cost=145605
|  |  in pipelines: 60(GETNEXT), 53(OPEN)
|  |
|  59:HASH JOIN [INNER JOIN, BROADCAST]
|  |  hash-table-id=05
|  |  hash predicates: tpcds_partitioned_parquet_snap.store_sales_5.ss_store_sk = tpcds_partitioned_parquet_snap.store_5.s_store_sk
|  |  fk/pk conjuncts: tpcds_partitioned_parquet_snap.store_sales_5.ss_store_sk = tpcds_partitioned_parquet_snap.store_5.s_store_sk
|  |  mem-estimate=0B mem-reservation=0B spill-buffer=64.00KB thread-reservation=0
|  |  tuple-ids=54,56,58,60 row-size=56B cardinality=2.08M cost=3038038
|  |  in pipelines: 53(GETNEXT), 58(OPEN)
|  |
|  |--F45:PLAN FRAGMENT [RANDOM] hosts=10 instances=10
|  |  |  Per-Instance Resources: mem-estimate=23.27MB mem-reservation=23.25MB thread-reservation=1
|  |  |  max-parallelism=10 segment-costs=[304]
|  |  JOIN BUILD
|  |  |  join-table-id=05 plan-id=06 cohort-id=03
|  |  |  build expressions: tpcds_partitioned_parquet_snap.store_5.s_store_sk
|  |  |  runtime filters: RF037[min_max] <- tpcds_partitioned_parquet_snap.store_5.s_store_sk
|  |  |  mem-estimate=23.25MB mem-reservation=23.25MB spill-buffer=64.00KB thread-reservation=0 cost=134
|  |  |
|  |  108:EXCHANGE [BROADCAST]
|  |  |  mem-estimate=16.00KB mem-reservation=0B thread-reservation=0
|  |  |  tuple-ids=60 row-size=20B cardinality=134 cost=170
|  |  |  in pipelines: 58(GETNEXT)
|  |  |
|  |  F33:PLAN FRAGMENT [RANDOM] hosts=1 instances=1
|  |  Per-Instance Resources: mem-estimate=16.09MB mem-reservation=16.00KB thread-reservation=1
|  |  max-parallelism=1 segment-costs=[202]
|  |  58:SCAN HDFS [tpcds_partitioned_parquet_snap.store, RANDOM]
|  |     HDFS partitions=1/1 files=1 size=119.76KB
|  |     predicates: tpcds_partitioned_parquet_snap.store_5.s_store_name = 'ese'
|  |     stored statistics:
|  |       table: rows=1.35K size=119.76KB
|  |       columns: all
|  |     extrapolated-rows=disabled max-scan-range-rows=1.35K
|  |     parquet statistics predicates: tpcds_partitioned_parquet_snap.store_5.s_store_name = 'ese'
|  |     parquet dictionary predicates: tpcds_partitioned_parquet_snap.store_5.s_store_name = 'ese'
|  |     mem-estimate=16.00MB mem-reservation=16.00KB thread-reservation=0
|  |     tuple-ids=60 row-size=20B cardinality=134 cost=192
|  |     in pipelines: 58(GETNEXT)
|  |
|  57:HASH JOIN [INNER JOIN, BROADCAST]
|  |  hash-table-id=06
|  |  hash predicates: tpcds_partitioned_parquet_snap.store_sales_5.ss_sold_time_sk = tpcds_partitioned_parquet_snap.time_dim_5.t_time_sk
|  |  fk/pk conjuncts: tpcds_partitioned_parquet_snap.store_sales_5.ss_sold_time_sk = tpcds_partitioned_parquet_snap.time_dim_5.t_time_sk
|  |  mem-estimate=0B mem-reservation=0B spill-buffer=64.00KB thread-reservation=0
|  |  tuple-ids=54,56,58 row-size=36B cardinality=10.37M cost=54222507
|  |  in pipelines: 53(GETNEXT), 56(OPEN)
|  |
|  |--F46:PLAN FRAGMENT [RANDOM] hosts=10 instances=10
|  |  |  Per-Instance Resources: mem-estimate=24.28MB mem-reservation=24.25MB thread-reservation=1 runtime-filters-memory=1.00MB
|  |  |  max-parallelism=10 segment-costs=[2648]
|  |  JOIN BUILD
|  |  |  join-table-id=06 plan-id=07 cohort-id=03
|  |  |  build expressions: tpcds_partitioned_parquet_snap.time_dim_5.t_time_sk
|  |  |  runtime filters: RF038[bloom] <- tpcds_partitioned_parquet_snap.time_dim_5.t_time_sk, RF039[min_max] <- tpcds_partitioned_parquet_snap.time_dim_5.t_time_sk
|  |  |  mem-estimate=23.25MB mem-reservation=23.25MB spill-buffer=64.00KB thread-reservation=0 cost=1138
|  |  |
|  |  107:EXCHANGE [BROADCAST]
|  |  |  mem-estimate=29.34KB mem-reservation=0B thread-reservation=0
|  |  |  tuple-ids=58 row-size=12B cardinality=1.14K cost=1510
|  |  |  in pipelines: 56(GETNEXT)
|  |  |
|  |  F32:PLAN FRAGMENT [RANDOM] hosts=1 instances=1
|  |  Per-Instance Resources: mem-estimate=16.06MB mem-reservation=512.00KB thread-reservation=1
|  |  max-parallelism=1 segment-costs=[19846]
|  |  56:SCAN HDFS [tpcds_partitioned_parquet_snap.time_dim, RANDOM]
|  |     HDFS partitions=1/1 files=1 size=1.31MB
|  |     predicates: tpcds_partitioned_parquet_snap.time_dim_5.t_hour = CAST(9 AS INT), tpcds_partitioned_parquet_snap.time_dim_5.t_minute >= CAST(30 AS INT)
|  |     stored statistics:
|  |       table: rows=86.40K size=1.31MB
|  |       columns: all
|  |     extrapolated-rows=disabled max-scan-range-rows=86.40K
|  |     parquet statistics predicates: tpcds_partitioned_parquet_snap.time_dim_5.t_hour = CAST(9 AS INT), tpcds_partitioned_parquet_snap.time_dim_5.t_minute >= CAST(30 AS INT)
|  |     parquet dictionary predicates: tpcds_partitioned_parquet_snap.time_dim_5.t_hour = CAST(9 AS INT), tpcds_partitioned_parquet_snap.time_dim_5.t_minute >= CAST(30 AS INT)
|  |     mem-estimate=16.00MB mem-reservation=512.00KB thread-reservation=0
|  |     tuple-ids=58 row-size=12B cardinality=1.14K cost=19785
|  |     in pipelines: 56(GETNEXT)
|  |
|  55:HASH JOIN [INNER JOIN, BROADCAST]
|  |  hash-table-id=07
|  |  hash predicates: tpcds_partitioned_parquet_snap.store_sales_5.ss_hdemo_sk = tpcds_partitioned_parquet_snap.household_demographics_5.hd_demo_sk
|  |  fk/pk conjuncts: tpcds_partitioned_parquet_snap.store_sales_5.ss_hdemo_sk = tpcds_partitioned_parquet_snap.household_demographics_5.hd_demo_sk
|  |  mem-estimate=0B mem-reservation=0B spill-buffer=64.00KB thread-reservation=0
|  |  tuple-ids=54,56 row-size=24B cardinality=204.06M(filtered from 439.26M) cost=131936363
|  |  in pipelines: 53(GETNEXT), 54(OPEN)
|  |
|  |--F47:PLAN FRAGMENT [RANDOM] hosts=10 instances=10
|  |  |  Per-Instance Resources: mem-estimate=23.27MB mem-reservation=23.25MB thread-reservation=1
|  |  |  max-parallelism=10 segment-costs=[865]
|  |  JOIN BUILD
|  |  |  join-table-id=07 plan-id=08 cohort-id=03
|  |  |  build expressions: tpcds_partitioned_parquet_snap.household_demographics_5.hd_demo_sk
|  |  |  runtime filters: RF041[min_max] <- tpcds_partitioned_parquet_snap.household_demographics_5.hd_demo_sk
|  |  |  mem-estimate=23.25MB mem-reservation=23.25MB spill-buffer=64.00KB thread-reservation=0 cost=375
|  |  |
|  |  106:EXCHANGE [BROADCAST]
|  |  |  mem-estimate=16.00KB mem-reservation=0B thread-reservation=0
|  |  |  tuple-ids=56 row-size=12B cardinality=375 cost=490
|  |  |  in pipelines: 54(GETNEXT)
|  |  |
|  |  F31:PLAN FRAGMENT [RANDOM] hosts=1 instances=1
|  |  Per-Instance Resources: mem-estimate=16.06MB mem-reservation=64.00KB thread-reservation=1
|  |  max-parallelism=1 segment-costs=[2882]
|  |  54:SCAN HDFS [tpcds_partitioned_parquet_snap.household_demographics, RANDOM]
|  |     HDFS partitions=1/1 files=1 size=41.69KB
|  |     predicates: tpcds_partitioned_parquet_snap.household_demographics_5.hd_dep_count = CAST(0 AS INT) OR tpcds_partitioned_parquet_snap.household_demographics_5.hd_dep_count = CAST(1 AS INT) OR tpcds_partitioned_parquet_snap.household_demographics_5.hd_dep_count = CAST(2 AS INT), tpcds_partitioned_parquet_snap.household_demographics_5.hd_dep_count = CAST(0 AS INT) OR tpcds_partitioned_parquet_snap.household_demographics_5.hd_dep_count = CAST(1 AS INT) OR tpcds_partitioned_parquet_snap.household_demographics_5.hd_vehicle_count <= CAST(add(CAST(2 AS SMALLINT), CAST(2 AS SMALLINT)) AS INT), tpcds_partitioned_parquet_snap.household_demographics_5.hd_dep_count = CAST(1 AS INT) OR tpcds_partitioned_parquet_snap.household_demographics_5.hd_dep_count = CAST(2 AS INT) OR tpcds_partitioned_parquet_snap.household_demographics_5.hd_vehicle_count <= CAST(2 AS INT), tpcds_partitioned_parquet_snap.household_demographics_5.hd_dep_count = CAST(1 AS INT) OR tpcds_partitioned_parquet_snap.household_demographics_5.hd_vehicle_count <= CAST(add(CAST(2 AS SMALLINT), CAST(2 AS SMALLINT)) AS INT) OR tpcds_partitioned_parquet_snap.household_demographics_5.hd_vehicle_count <= CAST(2 AS INT), tpcds_partitioned_parquet_snap.household_demographics_5.hd_vehicle_count <= CAST(add(CAST(1 AS SMALLINT), CAST(2 AS SMALLINT)) AS INT) OR tpcds_partitioned_parquet_snap.household_demographics_5.hd_dep_count = CAST(0 AS INT) OR tpcds_partitioned_parquet_snap.household_demographics_5.hd_dep_count = CAST(2 AS INT), tpcds_partitioned_parquet_snap.household_demographics_5.hd_vehicle_count <= CAST(add(CAST(1 AS SMALLINT), CAST(2 AS SMALLINT)) AS INT) OR tpcds_partitioned_parquet_snap.household_demographics_5.hd_dep_count = CAST(2 AS INT) OR tpcds_partitioned_parquet_snap.household_demographics_5.hd_vehicle_count <= CAST(2 AS INT), tpcds_partitioned_parquet_snap.household_demographics_5.hd_vehicle_count <= CAST(add(CAST(1 AS SMALLINT), CAST(2 AS SMALLINT)) AS INT) OR tpcds_partitioned_parquet_snap.household_demographics_5.hd_vehicle_count <= CAST(add(CAST(2 AS SMALLINT), CAST(2 AS SMALLINT)) AS INT) OR tpcds_partitioned_parquet_snap.household_demographics_5.hd_dep_count = CAST(0 AS INT), tpcds_partitioned_parquet_snap.household_demographics_5.hd_vehicle_count <= CAST(add(CAST(1 AS SMALLINT), CAST(2 AS SMALLINT)) AS INT) OR tpcds_partitioned_parquet_snap.household_demographics_5.hd_vehicle_count <= CAST(add(CAST(2 AS SMALLINT), CAST(2 AS SMALLINT)) AS INT) OR tpcds_partitioned_parquet_snap.household_demographics_5.hd_vehicle_count <= CAST(2 AS INT)
|  |     stored statistics:
|  |       table: rows=7.20K size=41.69KB
|  |       columns: all
|  |     extrapolated-rows=disabled max-scan-range-rows=7.20K
|  |     parquet dictionary predicates: tpcds_partitioned_parquet_snap.household_demographics_5.hd_dep_count = CAST(0 AS INT) OR tpcds_partitioned_parquet_snap.household_demographics_5.hd_dep_count = CAST(1 AS INT) OR tpcds_partitioned_parquet_snap.household_demographics_5.hd_dep_count = CAST(2 AS INT), tpcds_partitioned_parquet_snap.household_demographics_5.hd_vehicle_count <= CAST(add(CAST(1 AS SMALLINT), CAST(2 AS SMALLINT)) AS INT) OR tpcds_partitioned_parquet_snap.household_demographics_5.hd_vehicle_count <= CAST(add(CAST(2 AS SMALLINT), CAST(2 AS SMALLINT)) AS INT) OR tpcds_partitioned_parquet_snap.household_demographics_5.hd_vehicle_count <= CAST(2 AS INT)
|  |     mem-estimate=16.00MB mem-reservation=64.00KB thread-reservation=0
|  |     tuple-ids=56 row-size=12B cardinality=375 cost=2862
|  |     in pipelines: 54(GETNEXT)
|  |
|  53:SCAN HDFS [tpcds_partitioned_parquet_snap.store_sales, RANDOM]
|     HDFS partitions=1824/1824 files=1824 size=389.90GB
|     runtime filters: RF039[min_max] -> tpcds_partitioned_parquet_snap.store_sales_5.ss_sold_time_sk, RF041[min_max] -> tpcds_partitioned_parquet_snap.store_sales_5.ss_hdemo_sk, RF037[min_max] -> tpcds_partitioned_parquet_snap.store_sales_5.ss_store_sk, RF038[bloom] -> tpcds_partitioned_parquet_snap.store_sales_5.ss_sold_time_sk
|     stored statistics:
|       table: rows=8.64G size=389.90GB
|       partitions: 1824/1824 rows=8.64G
|       columns: all
|     extrapolated-rows=disabled max-scan-range-rows=390.22M
|     mem-estimate=16.00MB mem-reservation=8.00MB thread-reservation=0
|     tuple-ids=54 row-size=12B cardinality=204.06M(filtered from 8.64G) cost=1492980801
|     in pipelines: 53(GETNEXT)
|
52:NESTED LOOP JOIN [CROSS JOIN, BROADCAST]
|  join table id: 08
|  mem-estimate=0B mem-reservation=0B thread-reservation=0
|  tuple-ids=8,17,26,35,44,53 row-size=48B cardinality=1 cost=0
|  in pipelines: 75(GETNEXT), 104(OPEN)
|
|--F48:PLAN FRAGMENT [UNPARTITIONED] hosts=1 instances=1
|  |  Per-Instance Resources: mem-estimate=16.01KB mem-reservation=0B thread-reservation=1
|  |  max-parallelism=1 segment-costs=[0] cpu-comparison-result=120 [max(1 (self) vs 120 (sum children))]
|  JOIN BUILD
|  |  join-table-id=08 plan-id=09 cohort-id=01
|  |  mem-estimate=8B mem-reservation=0B thread-reservation=0 cost=0
|  |
|  105:EXCHANGE [UNPARTITIONED]
|  |  mem-estimate=16.00KB mem-reservation=0B thread-reservation=0
|  |  tuple-ids=53 row-size=8B cardinality=1 cost=0
|  |  in pipelines: 104(GETNEXT)
|  |
|  F29:PLAN FRAGMENT [UNPARTITIONED] hosts=1 instances=1
|  Per-Instance Resources: mem-estimate=184.84KB mem-reservation=0B thread-reservation=1
|  max-parallelism=1 segment-costs=[25, 1] cpu-comparison-result=120 [max(1 (self) vs 120 (sum children))]
|  104:AGGREGATE [FINALIZE]
|  |  output: count:merge()
|  |  mem-estimate=16.00KB mem-reservation=0B spill-buffer=2.00MB thread-reservation=0
|  |  tuple-ids=53 row-size=8B cardinality=1 cost=8
|  |  in pipelines: 104(GETNEXT), 51(OPEN)
|  |
|  103:EXCHANGE [UNPARTITIONED]
|  |  mem-estimate=168.84KB mem-reservation=0B thread-reservation=0
|  |  tuple-ids=53 row-size=8B cardinality=120 cost=17
|  |  in pipelines: 51(GETNEXT)
|  |
|  F25:PLAN FRAGMENT [RANDOM] hosts=10 instances=120
|  Per-Host Shared Resources: mem-estimate=1.00MB mem-reservation=1.00MB thread-reservation=0 runtime-filters-memory=1.00MB
|  Per-Instance Resources: mem-estimate=16.02MB mem-reservation=8.00MB thread-reservation=1
|  max-parallelism=170 segment-costs=[1682323314, 123] cpu-comparison-result=120 [max(120 (self) vs 33 (sum children))]
|  51:AGGREGATE
|  |  output: count()
|  |  mem-estimate=16.00KB mem-reservation=0B spill-buffer=2.00MB thread-reservation=0
|  |  tuple-ids=53 row-size=8B cardinality=120 cost=145605
|  |  in pipelines: 51(GETNEXT), 44(OPEN)
|  |
|  50:HASH JOIN [INNER JOIN, BROADCAST]
|  |  hash-table-id=09
|  |  hash predicates: tpcds_partitioned_parquet_snap.store_sales_4.ss_store_sk = tpcds_partitioned_parquet_snap.store_4.s_store_sk
|  |  fk/pk conjuncts: tpcds_partitioned_parquet_snap.store_sales_4.ss_store_sk = tpcds_partitioned_parquet_snap.store_4.s_store_sk
|  |  mem-estimate=0B mem-reservation=0B spill-buffer=64.00KB thread-reservation=0
|  |  tuple-ids=45,47,49,51 row-size=56B cardinality=2.08M cost=3038038
|  |  in pipelines: 44(GETNEXT), 49(OPEN)
|  |
|  |--F49:PLAN FRAGMENT [RANDOM] hosts=10 instances=10
|  |  |  Per-Instance Resources: mem-estimate=23.27MB mem-reservation=23.25MB thread-reservation=1
|  |  |  max-parallelism=10 segment-costs=[304]
|  |  JOIN BUILD
|  |  |  join-table-id=09 plan-id=10 cohort-id=04
|  |  |  build expressions: tpcds_partitioned_parquet_snap.store_4.s_store_sk
|  |  |  runtime filters: RF031[min_max] <- tpcds_partitioned_parquet_snap.store_4.s_store_sk
|  |  |  mem-estimate=23.25MB mem-reservation=23.25MB spill-buffer=64.00KB thread-reservation=0 cost=134
|  |  |
|  |  102:EXCHANGE [BROADCAST]
|  |  |  mem-estimate=16.00KB mem-reservation=0B thread-reservation=0
|  |  |  tuple-ids=51 row-size=20B cardinality=134 cost=170
|  |  |  in pipelines: 49(GETNEXT)
|  |  |
|  |  F28:PLAN FRAGMENT [RANDOM] hosts=1 instances=1
|  |  Per-Instance Resources: mem-estimate=16.09MB mem-reservation=16.00KB thread-reservation=1
|  |  max-parallelism=1 segment-costs=[202]
|  |  49:SCAN HDFS [tpcds_partitioned_parquet_snap.store, RANDOM]
|  |     HDFS partitions=1/1 files=1 size=119.76KB
|  |     predicates: tpcds_partitioned_parquet_snap.store_4.s_store_name = 'ese'
|  |     stored statistics:
|  |       table: rows=1.35K size=119.76KB
|  |       columns: all
|  |     extrapolated-rows=disabled max-scan-range-rows=1.35K
|  |     parquet statistics predicates: tpcds_partitioned_parquet_snap.store_4.s_store_name = 'ese'
|  |     parquet dictionary predicates: tpcds_partitioned_parquet_snap.store_4.s_store_name = 'ese'
|  |     mem-estimate=16.00MB mem-reservation=16.00KB thread-reservation=0
|  |     tuple-ids=51 row-size=20B cardinality=134 cost=192
|  |     in pipelines: 49(GETNEXT)
|  |
|  48:HASH JOIN [INNER JOIN, BROADCAST]
|  |  hash-table-id=10
|  |  hash predicates: tpcds_partitioned_parquet_snap.store_sales_4.ss_sold_time_sk = tpcds_partitioned_parquet_snap.time_dim_4.t_time_sk
|  |  fk/pk conjuncts: tpcds_partitioned_parquet_snap.store_sales_4.ss_sold_time_sk = tpcds_partitioned_parquet_snap.time_dim_4.t_time_sk
|  |  mem-estimate=0B mem-reservation=0B spill-buffer=64.00KB thread-reservation=0
|  |  tuple-ids=45,47,49 row-size=36B cardinality=10.37M cost=54222507
|  |  in pipelines: 44(GETNEXT), 47(OPEN)
|  |
|  |--F50:PLAN FRAGMENT [RANDOM] hosts=10 instances=10
|  |  |  Per-Instance Resources: mem-estimate=24.28MB mem-reservation=24.25MB thread-reservation=1 runtime-filters-memory=1.00MB
|  |  |  max-parallelism=10 segment-costs=[2648]
|  |  JOIN BUILD
|  |  |  join-table-id=10 plan-id=11 cohort-id=04
|  |  |  build expressions: tpcds_partitioned_parquet_snap.time_dim_4.t_time_sk
|  |  |  runtime filters: RF032[bloom] <- tpcds_partitioned_parquet_snap.time_dim_4.t_time_sk, RF033[min_max] <- tpcds_partitioned_parquet_snap.time_dim_4.t_time_sk
|  |  |  mem-estimate=23.25MB mem-reservation=23.25MB spill-buffer=64.00KB thread-reservation=0 cost=1138
|  |  |
|  |  101:EXCHANGE [BROADCAST]
|  |  |  mem-estimate=29.34KB mem-reservation=0B thread-reservation=0
|  |  |  tuple-ids=49 row-size=12B cardinality=1.14K cost=1510
|  |  |  in pipelines: 47(GETNEXT)
|  |  |
|  |  F27:PLAN FRAGMENT [RANDOM] hosts=1 instances=1
|  |  Per-Instance Resources: mem-estimate=16.06MB mem-reservation=512.00KB thread-reservation=1
|  |  max-parallelism=1 segment-costs=[19846]
|  |  47:SCAN HDFS [tpcds_partitioned_parquet_snap.time_dim, RANDOM]
|  |     HDFS partitions=1/1 files=1 size=1.31MB
|  |     predicates: tpcds_partitioned_parquet_snap.time_dim_4.t_hour = CAST(10 AS INT), tpcds_partitioned_parquet_snap.time_dim_4.t_minute < CAST(30 AS INT)
|  |     stored statistics:
|  |       table: rows=86.40K size=1.31MB
|  |       columns: all
|  |     extrapolated-rows=disabled max-scan-range-rows=86.40K
|  |     parquet statistics predicates: tpcds_partitioned_parquet_snap.time_dim_4.t_hour = CAST(10 AS INT), tpcds_partitioned_parquet_snap.time_dim_4.t_minute < CAST(30 AS INT)
|  |     parquet dictionary predicates: tpcds_partitioned_parquet_snap.time_dim_4.t_hour = CAST(10 AS INT), tpcds_partitioned_parquet_snap.time_dim_4.t_minute < CAST(30 AS INT)
|  |     mem-estimate=16.00MB mem-reservation=512.00KB thread-reservation=0
|  |     tuple-ids=49 row-size=12B cardinality=1.14K cost=19785
|  |     in pipelines: 47(GETNEXT)
|  |
|  46:HASH JOIN [INNER JOIN, BROADCAST]
|  |  hash-table-id=11
|  |  hash predicates: tpcds_partitioned_parquet_snap.store_sales_4.ss_hdemo_sk = tpcds_partitioned_parquet_snap.household_demographics_4.hd_demo_sk
|  |  fk/pk conjuncts: tpcds_partitioned_parquet_snap.store_sales_4.ss_hdemo_sk = tpcds_partitioned_parquet_snap.household_demographics_4.hd_demo_sk
|  |  mem-estimate=0B mem-reservation=0B spill-buffer=64.00KB thread-reservation=0
|  |  tuple-ids=45,47 row-size=24B cardinality=204.06M(filtered from 439.26M) cost=131936363
|  |  in pipelines: 44(GETNEXT), 45(OPEN)
|  |
|  |--F51:PLAN FRAGMENT [RANDOM] hosts=10 instances=10
|  |  |  Per-Instance Resources: mem-estimate=23.27MB mem-reservation=23.25MB thread-reservation=1
|  |  |  max-parallelism=10 segment-costs=[865]
|  |  JOIN BUILD
|  |  |  join-table-id=11 plan-id=12 cohort-id=04
|  |  |  build expressions: tpcds_partitioned_parquet_snap.household_demographics_4.hd_demo_sk
|  |  |  runtime filters: RF035[min_max] <- tpcds_partitioned_parquet_snap.household_demographics_4.hd_demo_sk
|  |  |  mem-estimate=23.25MB mem-reservation=23.25MB spill-buffer=64.00KB thread-reservation=0 cost=375
|  |  |
|  |  100:EXCHANGE [BROADCAST]
|  |  |  mem-estimate=16.00KB mem-reservation=0B thread-reservation=0
|  |  |  tuple-ids=47 row-size=12B cardinality=375 cost=490
|  |  |  in pipelines: 45(GETNEXT)
|  |  |
|  |  F26:PLAN FRAGMENT [RANDOM] hosts=1 instances=1
|  |  Per-Instance Resources: mem-estimate=16.06MB mem-reservation=64.00KB thread-reservation=1
|  |  max-parallelism=1 segment-costs=[2882]
|  |  45:SCAN HDFS [tpcds_partitioned_parquet_snap.household_demographics, RANDOM]
|  |     HDFS partitions=1/1 files=1 size=41.69KB
|  |     predicates: tpcds_partitioned_parquet_snap.household_demographics_4.hd_dep_count = CAST(0 AS INT) OR tpcds_partitioned_parquet_snap.household_demographics_4.hd_dep_count = CAST(1 AS INT) OR tpcds_partitioned_parquet_snap.household_demographics_4.hd_dep_count = CAST(2 AS INT), tpcds_partitioned_parquet_snap.household_demographics_4.hd_dep_count = CAST(0 AS INT) OR tpcds_partitioned_parquet_snap.household_demographics_4.hd_dep_count = CAST(1 AS INT) OR tpcds_partitioned_parquet_snap.household_demographics_4.hd_vehicle_count <= CAST(add(CAST(2 AS SMALLINT), CAST(2 AS SMALLINT)) AS INT), tpcds_partitioned_parquet_snap.household_demographics_4.hd_dep_count = CAST(1 AS INT) OR tpcds_partitioned_parquet_snap.household_demographics_4.hd_dep_count = CAST(2 AS INT) OR tpcds_partitioned_parquet_snap.household_demographics_4.hd_vehicle_count <= CAST(2 AS INT), tpcds_partitioned_parquet_snap.household_demographics_4.hd_dep_count = CAST(1 AS INT) OR tpcds_partitioned_parquet_snap.household_demographics_4.hd_vehicle_count <= CAST(add(CAST(2 AS SMALLINT), CAST(2 AS SMALLINT)) AS INT) OR tpcds_partitioned_parquet_snap.household_demographics_4.hd_vehicle_count <= CAST(2 AS INT), tpcds_partitioned_parquet_snap.household_demographics_4.hd_vehicle_count <= CAST(add(CAST(1 AS SMALLINT), CAST(2 AS SMALLINT)) AS INT) OR tpcds_partitioned_parquet_snap.household_demographics_4.hd_dep_count = CAST(0 AS INT) OR tpcds_partitioned_parquet_snap.household_demographics_4.hd_dep_count = CAST(2 AS INT), tpcds_partitioned_parquet_snap.household_demographics_4.hd_vehicle_count <= CAST(add(CAST(1 AS SMALLINT), CAST(2 AS SMALLINT)) AS INT) OR tpcds_partitioned_parquet_snap.household_demographics_4.hd_dep_count = CAST(2 AS INT) OR tpcds_partitioned_parquet_snap.household_demographics_4.hd_vehicle_count <= CAST(2 AS INT), tpcds_partitioned_parquet_snap.household_demographics_4.hd_vehicle_count <= CAST(add(CAST(1 AS SMALLINT), CAST(2 AS SMALLINT)) AS INT) OR tpcds_partitioned_parquet_snap.household_demographics_4.hd_vehicle_count <= CAST(add(CAST(2 AS SMALLINT), CAST(2 AS SMALLINT)) AS INT) OR tpcds_partitioned_parquet_snap.household_demographics_4.hd_dep_count = CAST(0 AS INT), tpcds_partitioned_parquet_snap.household_demographics_4.hd_vehicle_count <= CAST(add(CAST(1 AS SMALLINT), CAST(2 AS SMALLINT)) AS INT) OR tpcds_partitioned_parquet_snap.household_demographics_4.hd_vehicle_count <= CAST(add(CAST(2 AS SMALLINT), CAST(2 AS SMALLINT)) AS INT) OR tpcds_partitioned_parquet_snap.household_demographics_4.hd_vehicle_count <= CAST(2 AS INT)
|  |     stored statistics:
|  |       table: rows=7.20K size=41.69KB
|  |       columns: all
|  |     extrapolated-rows=disabled max-scan-range-rows=7.20K
|  |     parquet dictionary predicates: tpcds_partitioned_parquet_snap.household_demographics_4.hd_dep_count = CAST(0 AS INT) OR tpcds_partitioned_parquet_snap.household_demographics_4.hd_dep_count = CAST(1 AS INT) OR tpcds_partitioned_parquet_snap.household_demographics_4.hd_dep_count = CAST(2 AS INT), tpcds_partitioned_parquet_snap.household_demographics_4.hd_vehicle_count <= CAST(add(CAST(1 AS SMALLINT), CAST(2 AS SMALLINT)) AS INT) OR tpcds_partitioned_parquet_snap.household_demographics_4.hd_vehicle_count <= CAST(add(CAST(2 AS SMALLINT), CAST(2 AS SMALLINT)) AS INT) OR tpcds_partitioned_parquet_snap.household_demographics_4.hd_vehicle_count <= CAST(2 AS INT)
|  |     mem-estimate=16.00MB mem-reservation=64.00KB thread-reservation=0
|  |     tuple-ids=47 row-size=12B cardinality=375 cost=2862
|  |     in pipelines: 45(GETNEXT)
|  |
|  44:SCAN HDFS [tpcds_partitioned_parquet_snap.store_sales, RANDOM]
|     HDFS partitions=1824/1824 files=1824 size=389.90GB
|     runtime filters: RF033[min_max] -> tpcds_partitioned_parquet_snap.store_sales_4.ss_sold_time_sk, RF035[min_max] -> tpcds_partitioned_parquet_snap.store_sales_4.ss_hdemo_sk, RF031[min_max] -> tpcds_partitioned_parquet_snap.store_sales_4.ss_store_sk, RF032[bloom] -> tpcds_partitioned_parquet_snap.store_sales_4.ss_sold_time_sk
|     stored statistics:
|       table: rows=8.64G size=389.90GB
|       partitions: 1824/1824 rows=8.64G
|       columns: all
|     extrapolated-rows=disabled max-scan-range-rows=390.22M
|     mem-estimate=16.00MB mem-reservation=8.00MB thread-reservation=0
|     tuple-ids=45 row-size=12B cardinality=204.06M(filtered from 8.64G) cost=1492980801
|     in pipelines: 44(GETNEXT)
|
43:NESTED LOOP JOIN [CROSS JOIN, BROADCAST]
|  join table id: 12
|  mem-estimate=0B mem-reservation=0B thread-reservation=0
|  tuple-ids=8,17,26,35,44 row-size=40B cardinality=1 cost=0
|  in pipelines: 75(GETNEXT), 98(OPEN)
|
|--F52:PLAN FRAGMENT [UNPARTITIONED] hosts=1 instances=1
|  |  Per-Instance Resources: mem-estimate=16.01KB mem-reservation=0B thread-reservation=1
|  |  max-parallelism=1 segment-costs=[0] cpu-comparison-result=120 [max(1 (self) vs 120 (sum children))]
|  JOIN BUILD
|  |  join-table-id=12 plan-id=13 cohort-id=01
|  |  mem-estimate=8B mem-reservation=0B thread-reservation=0 cost=0
|  |
|  99:EXCHANGE [UNPARTITIONED]
|  |  mem-estimate=16.00KB mem-reservation=0B thread-reservation=0
|  |  tuple-ids=44 row-size=8B cardinality=1 cost=0
|  |  in pipelines: 98(GETNEXT)
|  |
|  F24:PLAN FRAGMENT [UNPARTITIONED] hosts=1 instances=1
|  Per-Instance Resources: mem-estimate=184.84KB mem-reservation=0B thread-reservation=1
|  max-parallelism=1 segment-costs=[25, 1] cpu-comparison-result=120 [max(1 (self) vs 120 (sum children))]
|  98:AGGREGATE [FINALIZE]
|  |  output: count:merge()
|  |  mem-estimate=16.00KB mem-reservation=0B spill-buffer=2.00MB thread-reservation=0
|  |  tuple-ids=44 row-size=8B cardinality=1 cost=8
|  |  in pipelines: 98(GETNEXT), 42(OPEN)
|  |
|  97:EXCHANGE [UNPARTITIONED]
|  |  mem-estimate=168.84KB mem-reservation=0B thread-reservation=0
|  |  tuple-ids=44 row-size=8B cardinality=120 cost=17
|  |  in pipelines: 42(GETNEXT)
|  |
|  F20:PLAN FRAGMENT [RANDOM] hosts=10 instances=120
|  Per-Host Shared Resources: mem-estimate=1.00MB mem-reservation=1.00MB thread-reservation=0 runtime-filters-memory=1.00MB
|  Per-Instance Resources: mem-estimate=16.02MB mem-reservation=8.00MB thread-reservation=1
|  max-parallelism=170 segment-costs=[1682323314, 123] cpu-comparison-result=120 [max(120 (self) vs 33 (sum children))]
|  42:AGGREGATE
|  |  output: count()
|  |  mem-estimate=16.00KB mem-reservation=0B spill-buffer=2.00MB thread-reservation=0
|  |  tuple-ids=44 row-size=8B cardinality=120 cost=145605
|  |  in pipelines: 42(GETNEXT), 35(OPEN)
|  |
|  41:HASH JOIN [INNER JOIN, BROADCAST]
|  |  hash-table-id=13
|  |  hash predicates: tpcds_partitioned_parquet_snap.store_sales_3.ss_store_sk = tpcds_partitioned_parquet_snap.store_3.s_store_sk
|  |  fk/pk conjuncts: tpcds_partitioned_parquet_snap.store_sales_3.ss_store_sk = tpcds_partitioned_parquet_snap.store_3.s_store_sk
|  |  mem-estimate=0B mem-reservation=0B spill-buffer=64.00KB thread-reservation=0
|  |  tuple-ids=36,38,40,42 row-size=56B cardinality=2.08M cost=3038038
|  |  in pipelines: 35(GETNEXT), 40(OPEN)
|  |
|  |--F53:PLAN FRAGMENT [RANDOM] hosts=10 instances=10
|  |  |  Per-Instance Resources: mem-estimate=23.27MB mem-reservation=23.25MB thread-reservation=1
|  |  |  max-parallelism=10 segment-costs=[304]
|  |  JOIN BUILD
|  |  |  join-table-id=13 plan-id=14 cohort-id=05
|  |  |  build expressions: tpcds_partitioned_parquet_snap.store_3.s_store_sk
|  |  |  runtime filters: RF025[min_max] <- tpcds_partitioned_parquet_snap.store_3.s_store_sk
|  |  |  mem-estimate=23.25MB mem-reservation=23.25MB spill-buffer=64.00KB thread-reservation=0 cost=134
|  |  |
|  |  96:EXCHANGE [BROADCAST]
|  |  |  mem-estimate=16.00KB mem-reservation=0B thread-reservation=0
|  |  |  tuple-ids=42 row-size=20B cardinality=134 cost=170
|  |  |  in pipelines: 40(GETNEXT)
|  |  |
|  |  F23:PLAN FRAGMENT [RANDOM] hosts=1 instances=1
|  |  Per-Instance Resources: mem-estimate=16.09MB mem-reservation=16.00KB thread-reservation=1
|  |  max-parallelism=1 segment-costs=[202]
|  |  40:SCAN HDFS [tpcds_partitioned_parquet_snap.store, RANDOM]
|  |     HDFS partitions=1/1 files=1 size=119.76KB
|  |     predicates: tpcds_partitioned_parquet_snap.store_3.s_store_name = 'ese'
|  |     stored statistics:
|  |       table: rows=1.35K size=119.76KB
|  |       columns: all
|  |     extrapolated-rows=disabled max-scan-range-rows=1.35K
|  |     parquet statistics predicates: tpcds_partitioned_parquet_snap.store_3.s_store_name = 'ese'
|  |     parquet dictionary predicates: tpcds_partitioned_parquet_snap.store_3.s_store_name = 'ese'
|  |     mem-estimate=16.00MB mem-reservation=16.00KB thread-reservation=0
|  |     tuple-ids=42 row-size=20B cardinality=134 cost=192
|  |     in pipelines: 40(GETNEXT)
|  |
|  39:HASH JOIN [INNER JOIN, BROADCAST]
|  |  hash-table-id=14
|  |  hash predicates: tpcds_partitioned_parquet_snap.store_sales_3.ss_sold_time_sk = tpcds_partitioned_parquet_snap.time_dim_3.t_time_sk
|  |  fk/pk conjuncts: tpcds_partitioned_parquet_snap.store_sales_3.ss_sold_time_sk = tpcds_partitioned_parquet_snap.time_dim_3.t_time_sk
|  |  mem-estimate=0B mem-reservation=0B spill-buffer=64.00KB thread-reservation=0
|  |  tuple-ids=36,38,40 row-size=36B cardinality=10.37M cost=54222507
|  |  in pipelines: 35(GETNEXT), 38(OPEN)
|  |
|  |--F54:PLAN FRAGMENT [RANDOM] hosts=10 instances=10
|  |  |  Per-Instance Resources: mem-estimate=24.28MB mem-reservation=24.25MB thread-reservation=1 runtime-filters-memory=1.00MB
|  |  |  max-parallelism=10 segment-costs=[2648]
|  |  JOIN BUILD
|  |  |  join-table-id=14 plan-id=15 cohort-id=05
|  |  |  build expressions: tpcds_partitioned_parquet_snap.time_dim_3.t_time_sk
|  |  |  runtime filters: RF026[bloom] <- tpcds_partitioned_parquet_snap.time_dim_3.t_time_sk, RF027[min_max] <- tpcds_partitioned_parquet_snap.time_dim_3.t_time_sk
|  |  |  mem-estimate=23.25MB mem-reservation=23.25MB spill-buffer=64.00KB thread-reservation=0 cost=1138
|  |  |
|  |  95:EXCHANGE [BROADCAST]
|  |  |  mem-estimate=29.34KB mem-reservation=0B thread-reservation=0
|  |  |  tuple-ids=40 row-size=12B cardinality=1.14K cost=1510
|  |  |  in pipelines: 38(GETNEXT)
|  |  |
|  |  F22:PLAN FRAGMENT [RANDOM] hosts=1 instances=1
|  |  Per-Instance Resources: mem-estimate=16.06MB mem-reservation=512.00KB thread-reservation=1
|  |  max-parallelism=1 segment-costs=[19846]
|  |  38:SCAN HDFS [tpcds_partitioned_parquet_snap.time_dim, RANDOM]
|  |     HDFS partitions=1/1 files=1 size=1.31MB
|  |     predicates: tpcds_partitioned_parquet_snap.time_dim_3.t_hour = CAST(10 AS INT), tpcds_partitioned_parquet_snap.time_dim_3.t_minute >= CAST(30 AS INT)
|  |     stored statistics:
|  |       table: rows=86.40K size=1.31MB
|  |       columns: all
|  |     extrapolated-rows=disabled max-scan-range-rows=86.40K
|  |     parquet statistics predicates: tpcds_partitioned_parquet_snap.time_dim_3.t_hour = CAST(10 AS INT), tpcds_partitioned_parquet_snap.time_dim_3.t_minute >= CAST(30 AS INT)
|  |     parquet dictionary predicates: tpcds_partitioned_parquet_snap.time_dim_3.t_hour = CAST(10 AS INT), tpcds_partitioned_parquet_snap.time_dim_3.t_minute >= CAST(30 AS INT)
|  |     mem-estimate=16.00MB mem-reservation=512.00KB thread-reservation=0
|  |     tuple-ids=40 row-size=12B cardinality=1.14K cost=19785
|  |     in pipelines: 38(GETNEXT)
|  |
|  37:HASH JOIN [INNER JOIN, BROADCAST]
|  |  hash-table-id=15
|  |  hash predicates: tpcds_partitioned_parquet_snap.store_sales_3.ss_hdemo_sk = tpcds_partitioned_parquet_snap.household_demographics_3.hd_demo_sk
|  |  fk/pk conjuncts: tpcds_partitioned_parquet_snap.store_sales_3.ss_hdemo_sk = tpcds_partitioned_parquet_snap.household_demographics_3.hd_demo_sk
|  |  mem-estimate=0B mem-reservation=0B spill-buffer=64.00KB thread-reservation=0
|  |  tuple-ids=36,38 row-size=24B cardinality=204.06M(filtered from 439.26M) cost=131936363
|  |  in pipelines: 35(GETNEXT), 36(OPEN)
|  |
|  |--F55:PLAN FRAGMENT [RANDOM] hosts=10 instances=10
|  |  |  Per-Instance Resources: mem-estimate=23.27MB mem-reservation=23.25MB thread-reservation=1
|  |  |  max-parallelism=10 segment-costs=[865]
|  |  JOIN BUILD
|  |  |  join-table-id=15 plan-id=16 cohort-id=05
|  |  |  build expressions: tpcds_partitioned_parquet_snap.household_demographics_3.hd_demo_sk
|  |  |  runtime filters: RF029[min_max] <- tpcds_partitioned_parquet_snap.household_demographics_3.hd_demo_sk
|  |  |  mem-estimate=23.25MB mem-reservation=23.25MB spill-buffer=64.00KB thread-reservation=0 cost=375
|  |  |
|  |  94:EXCHANGE [BROADCAST]
|  |  |  mem-estimate=16.00KB mem-reservation=0B thread-reservation=0
|  |  |  tuple-ids=38 row-size=12B cardinality=375 cost=490
|  |  |  in pipelines: 36(GETNEXT)
|  |  |
|  |  F21:PLAN FRAGMENT [RANDOM] hosts=1 instances=1
|  |  Per-Instance Resources: mem-estimate=16.06MB mem-reservation=64.00KB thread-reservation=1
|  |  max-parallelism=1 segment-costs=[2882]
|  |  36:SCAN HDFS [tpcds_partitioned_parquet_snap.household_demographics, RANDOM]
|  |     HDFS partitions=1/1 files=1 size=41.69KB
|  |     predicates: tpcds_partitioned_parquet_snap.household_demographics_3.hd_dep_count = CAST(0 AS INT) OR tpcds_partitioned_parquet_snap.household_demographics_3.hd_dep_count = CAST(1 AS INT) OR tpcds_partitioned_parquet_snap.household_demographics_3.hd_dep_count = CAST(2 AS INT), tpcds_partitioned_parquet_snap.household_demographics_3.hd_dep_count = CAST(0 AS INT) OR tpcds_partitioned_parquet_snap.household_demographics_3.hd_dep_count = CAST(1 AS INT) OR tpcds_partitioned_parquet_snap.household_demographics_3.hd_vehicle_count <= CAST(add(CAST(2 AS SMALLINT), CAST(2 AS SMALLINT)) AS INT), tpcds_partitioned_parquet_snap.household_demographics_3.hd_dep_count = CAST(1 AS INT) OR tpcds_partitioned_parquet_snap.household_demographics_3.hd_dep_count = CAST(2 AS INT) OR tpcds_partitioned_parquet_snap.household_demographics_3.hd_vehicle_count <= CAST(2 AS INT), tpcds_partitioned_parquet_snap.household_demographics_3.hd_dep_count = CAST(1 AS INT) OR tpcds_partitioned_parquet_snap.household_demographics_3.hd_vehicle_count <= CAST(add(CAST(2 AS SMALLINT), CAST(2 AS SMALLINT)) AS INT) OR tpcds_partitioned_parquet_snap.household_demographics_3.hd_vehicle_count <= CAST(2 AS INT), tpcds_partitioned_parquet_snap.household_demographics_3.hd_vehicle_count <= CAST(add(CAST(1 AS SMALLINT), CAST(2 AS SMALLINT)) AS INT) OR tpcds_partitioned_parquet_snap.household_demographics_3.hd_dep_count = CAST(0 AS INT) OR tpcds_partitioned_parquet_snap.household_demographics_3.hd_dep_count = CAST(2 AS INT), tpcds_partitioned_parquet_snap.household_demographics_3.hd_vehicle_count <= CAST(add(CAST(1 AS SMALLINT), CAST(2 AS SMALLINT)) AS INT) OR tpcds_partitioned_parquet_snap.household_demographics_3.hd_dep_count = CAST(2 AS INT) OR tpcds_partitioned_parquet_snap.household_demographics_3.hd_vehicle_count <= CAST(2 AS INT), tpcds_partitioned_parquet_snap.household_demographics_3.hd_vehicle_count <= CAST(add(CAST(1 AS SMALLINT), CAST(2 AS SMALLINT)) AS INT) OR tpcds_partitioned_parquet_snap.household_demographics_3.hd_vehicle_count <= CAST(add(CAST(2 AS SMALLINT), CAST(2 AS SMALLINT)) AS INT) OR tpcds_partitioned_parquet_snap.household_demographics_3.hd_dep_count = CAST(0 AS INT), tpcds_partitioned_parquet_snap.household_demographics_3.hd_vehicle_count <= CAST(add(CAST(1 AS SMALLINT), CAST(2 AS SMALLINT)) AS INT) OR tpcds_partitioned_parquet_snap.household_demographics_3.hd_vehicle_count <= CAST(add(CAST(2 AS SMALLINT), CAST(2 AS SMALLINT)) AS INT) OR tpcds_partitioned_parquet_snap.household_demographics_3.hd_vehicle_count <= CAST(2 AS INT)
|  |     stored statistics:
|  |       table: rows=7.20K size=41.69KB
|  |       columns: all
|  |     extrapolated-rows=disabled max-scan-range-rows=7.20K
|  |     parquet dictionary predicates: tpcds_partitioned_parquet_snap.household_demographics_3.hd_dep_count = CAST(0 AS INT) OR tpcds_partitioned_parquet_snap.household_demographics_3.hd_dep_count = CAST(1 AS INT) OR tpcds_partitioned_parquet_snap.household_demographics_3.hd_dep_count = CAST(2 AS INT), tpcds_partitioned_parquet_snap.household_demographics_3.hd_vehicle_count <= CAST(add(CAST(1 AS SMALLINT), CAST(2 AS SMALLINT)) AS INT) OR tpcds_partitioned_parquet_snap.household_demographics_3.hd_vehicle_count <= CAST(add(CAST(2 AS SMALLINT), CAST(2 AS SMALLINT)) AS INT) OR tpcds_partitioned_parquet_snap.household_demographics_3.hd_vehicle_count <= CAST(2 AS INT)
|  |     mem-estimate=16.00MB mem-reservation=64.00KB thread-reservation=0
|  |     tuple-ids=38 row-size=12B cardinality=375 cost=2862
|  |     in pipelines: 36(GETNEXT)
|  |
|  35:SCAN HDFS [tpcds_partitioned_parquet_snap.store_sales, RANDOM]
|     HDFS partitions=1824/1824 files=1824 size=389.90GB
|     runtime filters: RF027[min_max] -> tpcds_partitioned_parquet_snap.store_sales_3.ss_sold_time_sk, RF029[min_max] -> tpcds_partitioned_parquet_snap.store_sales_3.ss_hdemo_sk, RF025[min_max] -> tpcds_partitioned_parquet_snap.store_sales_3.ss_store_sk, RF026[bloom] -> tpcds_partitioned_parquet_snap.store_sales_3.ss_sold_time_sk
|     stored statistics:
|       table: rows=8.64G size=389.90GB
|       partitions: 1824/1824 rows=8.64G
|       columns: all
|     extrapolated-rows=disabled max-scan-range-rows=390.22M
|     mem-estimate=16.00MB mem-reservation=8.00MB thread-reservation=0
|     tuple-ids=36 row-size=12B cardinality=204.06M(filtered from 8.64G) cost=1492980801
|     in pipelines: 35(GETNEXT)
|
34:NESTED LOOP JOIN [CROSS JOIN, BROADCAST]
|  join table id: 16
|  mem-estimate=0B mem-reservation=0B thread-reservation=0
|  tuple-ids=8,17,26,35 row-size=32B cardinality=1 cost=0
|  in pipelines: 75(GETNEXT), 92(OPEN)
|
|--F56:PLAN FRAGMENT [UNPARTITIONED] hosts=1 instances=1
|  |  Per-Instance Resources: mem-estimate=16.01KB mem-reservation=0B thread-reservation=1
|  |  max-parallelism=1 segment-costs=[0] cpu-comparison-result=120 [max(1 (self) vs 120 (sum children))]
|  JOIN BUILD
|  |  join-table-id=16 plan-id=17 cohort-id=01
|  |  mem-estimate=8B mem-reservation=0B thread-reservation=0 cost=0
|  |
|  93:EXCHANGE [UNPARTITIONED]
|  |  mem-estimate=16.00KB mem-reservation=0B thread-reservation=0
|  |  tuple-ids=35 row-size=8B cardinality=1 cost=0
|  |  in pipelines: 92(GETNEXT)
|  |
|  F19:PLAN FRAGMENT [UNPARTITIONED] hosts=1 instances=1
|  Per-Instance Resources: mem-estimate=184.84KB mem-reservation=0B thread-reservation=1
|  max-parallelism=1 segment-costs=[25, 1] cpu-comparison-result=120 [max(1 (self) vs 120 (sum children))]
|  92:AGGREGATE [FINALIZE]
|  |  output: count:merge()
|  |  mem-estimate=16.00KB mem-reservation=0B spill-buffer=2.00MB thread-reservation=0
|  |  tuple-ids=35 row-size=8B cardinality=1 cost=8
|  |  in pipelines: 92(GETNEXT), 33(OPEN)
|  |
|  91:EXCHANGE [UNPARTITIONED]
|  |  mem-estimate=168.84KB mem-reservation=0B thread-reservation=0
|  |  tuple-ids=35 row-size=8B cardinality=120 cost=17
|  |  in pipelines: 33(GETNEXT)
|  |
|  F15:PLAN FRAGMENT [RANDOM] hosts=10 instances=120
|  Per-Host Shared Resources: mem-estimate=1.00MB mem-reservation=1.00MB thread-reservation=0 runtime-filters-memory=1.00MB
|  Per-Instance Resources: mem-estimate=16.02MB mem-reservation=8.00MB thread-reservation=1
|  max-parallelism=170 segment-costs=[1682323314, 123] cpu-comparison-result=120 [max(120 (self) vs 33 (sum children))]
|  33:AGGREGATE
|  |  output: count()
|  |  mem-estimate=16.00KB mem-reservation=0B spill-buffer=2.00MB thread-reservation=0
|  |  tuple-ids=35 row-size=8B cardinality=120 cost=145605
|  |  in pipelines: 33(GETNEXT), 26(OPEN)
|  |
|  32:HASH JOIN [INNER JOIN, BROADCAST]
|  |  hash-table-id=17
|  |  hash predicates: tpcds_partitioned_parquet_snap.store_sales_2.ss_store_sk = tpcds_partitioned_parquet_snap.store_2.s_store_sk
|  |  fk/pk conjuncts: tpcds_partitioned_parquet_snap.store_sales_2.ss_store_sk = tpcds_partitioned_parquet_snap.store_2.s_store_sk
|  |  mem-estimate=0B mem-reservation=0B spill-buffer=64.00KB thread-reservation=0
|  |  tuple-ids=27,29,31,33 row-size=56B cardinality=2.08M cost=3038038
|  |  in pipelines: 26(GETNEXT), 31(OPEN)
|  |
|  |--F57:PLAN FRAGMENT [RANDOM] hosts=10 instances=10
|  |  |  Per-Instance Resources: mem-estimate=23.27MB mem-reservation=23.25MB thread-reservation=1
|  |  |  max-parallelism=10 segment-costs=[304]
|  |  JOIN BUILD
|  |  |  join-table-id=17 plan-id=18 cohort-id=06
|  |  |  build expressions: tpcds_partitioned_parquet_snap.store_2.s_store_sk
|  |  |  runtime filters: RF019[min_max] <- tpcds_partitioned_parquet_snap.store_2.s_store_sk
|  |  |  mem-estimate=23.25MB mem-reservation=23.25MB spill-buffer=64.00KB thread-reservation=0 cost=134
|  |  |
|  |  90:EXCHANGE [BROADCAST]
|  |  |  mem-estimate=16.00KB mem-reservation=0B thread-reservation=0
|  |  |  tuple-ids=33 row-size=20B cardinality=134 cost=170
|  |  |  in pipelines: 31(GETNEXT)
|  |  |
|  |  F18:PLAN FRAGMENT [RANDOM] hosts=1 instances=1
|  |  Per-Instance Resources: mem-estimate=16.09MB mem-reservation=16.00KB thread-reservation=1
|  |  max-parallelism=1 segment-costs=[202]
|  |  31:SCAN HDFS [tpcds_partitioned_parquet_snap.store, RANDOM]
|  |     HDFS partitions=1/1 files=1 size=119.76KB
|  |     predicates: tpcds_partitioned_parquet_snap.store_2.s_store_name = 'ese'
|  |     stored statistics:
|  |       table: rows=1.35K size=119.76KB
|  |       columns: all
|  |     extrapolated-rows=disabled max-scan-range-rows=1.35K
|  |     parquet statistics predicates: tpcds_partitioned_parquet_snap.store_2.s_store_name = 'ese'
|  |     parquet dictionary predicates: tpcds_partitioned_parquet_snap.store_2.s_store_name = 'ese'
|  |     mem-estimate=16.00MB mem-reservation=16.00KB thread-reservation=0
|  |     tuple-ids=33 row-size=20B cardinality=134 cost=192
|  |     in pipelines: 31(GETNEXT)
|  |
|  30:HASH JOIN [INNER JOIN, BROADCAST]
|  |  hash-table-id=18
|  |  hash predicates: tpcds_partitioned_parquet_snap.store_sales_2.ss_sold_time_sk = tpcds_partitioned_parquet_snap.time_dim_2.t_time_sk
|  |  fk/pk conjuncts: tpcds_partitioned_parquet_snap.store_sales_2.ss_sold_time_sk = tpcds_partitioned_parquet_snap.time_dim_2.t_time_sk
|  |  mem-estimate=0B mem-reservation=0B spill-buffer=64.00KB thread-reservation=0
|  |  tuple-ids=27,29,31 row-size=36B cardinality=10.37M cost=54222507
|  |  in pipelines: 26(GETNEXT), 29(OPEN)
|  |
|  |--F58:PLAN FRAGMENT [RANDOM] hosts=10 instances=10
|  |  |  Per-Instance Resources: mem-estimate=24.28MB mem-reservation=24.25MB thread-reservation=1 runtime-filters-memory=1.00MB
|  |  |  max-parallelism=10 segment-costs=[2648]
|  |  JOIN BUILD
|  |  |  join-table-id=18 plan-id=19 cohort-id=06
|  |  |  build expressions: tpcds_partitioned_parquet_snap.time_dim_2.t_time_sk
|  |  |  runtime filters: RF020[bloom] <- tpcds_partitioned_parquet_snap.time_dim_2.t_time_sk, RF021[min_max] <- tpcds_partitioned_parquet_snap.time_dim_2.t_time_sk
|  |  |  mem-estimate=23.25MB mem-reservation=23.25MB spill-buffer=64.00KB thread-reservation=0 cost=1138
|  |  |
|  |  89:EXCHANGE [BROADCAST]
|  |  |  mem-estimate=29.34KB mem-reservation=0B thread-reservation=0
|  |  |  tuple-ids=31 row-size=12B cardinality=1.14K cost=1510
|  |  |  in pipelines: 29(GETNEXT)
|  |  |
|  |  F17:PLAN FRAGMENT [RANDOM] hosts=1 instances=1
|  |  Per-Instance Resources: mem-estimate=16.06MB mem-reservation=512.00KB thread-reservation=1
|  |  max-parallelism=1 segment-costs=[19846]
|  |  29:SCAN HDFS [tpcds_partitioned_parquet_snap.time_dim, RANDOM]
|  |     HDFS partitions=1/1 files=1 size=1.31MB
|  |     predicates: tpcds_partitioned_parquet_snap.time_dim_2.t_hour = CAST(11 AS INT), tpcds_partitioned_parquet_snap.time_dim_2.t_minute < CAST(30 AS INT)
|  |     stored statistics:
|  |       table: rows=86.40K size=1.31MB
|  |       columns: all
|  |     extrapolated-rows=disabled max-scan-range-rows=86.40K
|  |     parquet statistics predicates: tpcds_partitioned_parquet_snap.time_dim_2.t_hour = CAST(11 AS INT), tpcds_partitioned_parquet_snap.time_dim_2.t_minute < CAST(30 AS INT)
|  |     parquet dictionary predicates: tpcds_partitioned_parquet_snap.time_dim_2.t_hour = CAST(11 AS INT), tpcds_partitioned_parquet_snap.time_dim_2.t_minute < CAST(30 AS INT)
|  |     mem-estimate=16.00MB mem-reservation=512.00KB thread-reservation=0
|  |     tuple-ids=31 row-size=12B cardinality=1.14K cost=19785
|  |     in pipelines: 29(GETNEXT)
|  |
|  28:HASH JOIN [INNER JOIN, BROADCAST]
|  |  hash-table-id=19
|  |  hash predicates: tpcds_partitioned_parquet_snap.store_sales_2.ss_hdemo_sk = tpcds_partitioned_parquet_snap.household_demographics_2.hd_demo_sk
|  |  fk/pk conjuncts: tpcds_partitioned_parquet_snap.store_sales_2.ss_hdemo_sk = tpcds_partitioned_parquet_snap.household_demographics_2.hd_demo_sk
|  |  mem-estimate=0B mem-reservation=0B spill-buffer=64.00KB thread-reservation=0
|  |  tuple-ids=27,29 row-size=24B cardinality=204.06M(filtered from 439.26M) cost=131936363
|  |  in pipelines: 26(GETNEXT), 27(OPEN)
|  |
|  |--F59:PLAN FRAGMENT [RANDOM] hosts=10 instances=10
|  |  |  Per-Instance Resources: mem-estimate=23.27MB mem-reservation=23.25MB thread-reservation=1
|  |  |  max-parallelism=10 segment-costs=[865]
|  |  JOIN BUILD
|  |  |  join-table-id=19 plan-id=20 cohort-id=06
|  |  |  build expressions: tpcds_partitioned_parquet_snap.household_demographics_2.hd_demo_sk
|  |  |  runtime filters: RF023[min_max] <- tpcds_partitioned_parquet_snap.household_demographics_2.hd_demo_sk
|  |  |  mem-estimate=23.25MB mem-reservation=23.25MB spill-buffer=64.00KB thread-reservation=0 cost=375
|  |  |
|  |  88:EXCHANGE [BROADCAST]
|  |  |  mem-estimate=16.00KB mem-reservation=0B thread-reservation=0
|  |  |  tuple-ids=29 row-size=12B cardinality=375 cost=490
|  |  |  in pipelines: 27(GETNEXT)
|  |  |
|  |  F16:PLAN FRAGMENT [RANDOM] hosts=1 instances=1
|  |  Per-Instance Resources: mem-estimate=16.06MB mem-reservation=64.00KB thread-reservation=1
|  |  max-parallelism=1 segment-costs=[2882]
|  |  27:SCAN HDFS [tpcds_partitioned_parquet_snap.household_demographics, RANDOM]
|  |     HDFS partitions=1/1 files=1 size=41.69KB
|  |     predicates: tpcds_partitioned_parquet_snap.household_demographics_2.hd_dep_count = CAST(0 AS INT) OR tpcds_partitioned_parquet_snap.household_demographics_2.hd_dep_count = CAST(1 AS INT) OR tpcds_partitioned_parquet_snap.household_demographics_2.hd_dep_count = CAST(2 AS INT), tpcds_partitioned_parquet_snap.household_demographics_2.hd_dep_count = CAST(0 AS INT) OR tpcds_partitioned_parquet_snap.household_demographics_2.hd_dep_count = CAST(1 AS INT) OR tpcds_partitioned_parquet_snap.household_demographics_2.hd_vehicle_count <= CAST(add(CAST(2 AS SMALLINT), CAST(2 AS SMALLINT)) AS INT), tpcds_partitioned_parquet_snap.household_demographics_2.hd_dep_count = CAST(1 AS INT) OR tpcds_partitioned_parquet_snap.household_demographics_2.hd_dep_count = CAST(2 AS INT) OR tpcds_partitioned_parquet_snap.household_demographics_2.hd_vehicle_count <= CAST(2 AS INT), tpcds_partitioned_parquet_snap.household_demographics_2.hd_dep_count = CAST(1 AS INT) OR tpcds_partitioned_parquet_snap.household_demographics_2.hd_vehicle_count <= CAST(add(CAST(2 AS SMALLINT), CAST(2 AS SMALLINT)) AS INT) OR tpcds_partitioned_parquet_snap.household_demographics_2.hd_vehicle_count <= CAST(2 AS INT), tpcds_partitioned_parquet_snap.household_demographics_2.hd_vehicle_count <= CAST(add(CAST(1 AS SMALLINT), CAST(2 AS SMALLINT)) AS INT) OR tpcds_partitioned_parquet_snap.household_demographics_2.hd_dep_count = CAST(0 AS INT) OR tpcds_partitioned_parquet_snap.household_demographics_2.hd_dep_count = CAST(2 AS INT), tpcds_partitioned_parquet_snap.household_demographics_2.hd_vehicle_count <= CAST(add(CAST(1 AS SMALLINT), CAST(2 AS SMALLINT)) AS INT) OR tpcds_partitioned_parquet_snap.household_demographics_2.hd_dep_count = CAST(2 AS INT) OR tpcds_partitioned_parquet_snap.household_demographics_2.hd_vehicle_count <= CAST(2 AS INT), tpcds_partitioned_parquet_snap.household_demographics_2.hd_vehicle_count <= CAST(add(CAST(1 AS SMALLINT), CAST(2 AS SMALLINT)) AS INT) OR tpcds_partitioned_parquet_snap.household_demographics_2.hd_vehicle_count <= CAST(add(CAST(2 AS SMALLINT), CAST(2 AS SMALLINT)) AS INT) OR tpcds_partitioned_parquet_snap.household_demographics_2.hd_dep_count = CAST(0 AS INT), tpcds_partitioned_parquet_snap.household_demographics_2.hd_vehicle_count <= CAST(add(CAST(1 AS SMALLINT), CAST(2 AS SMALLINT)) AS INT) OR tpcds_partitioned_parquet_snap.household_demographics_2.hd_vehicle_count <= CAST(add(CAST(2 AS SMALLINT), CAST(2 AS SMALLINT)) AS INT) OR tpcds_partitioned_parquet_snap.household_demographics_2.hd_vehicle_count <= CAST(2 AS INT)
|  |     stored statistics:
|  |       table: rows=7.20K size=41.69KB
|  |       columns: all
|  |     extrapolated-rows=disabled max-scan-range-rows=7.20K
|  |     parquet dictionary predicates: tpcds_partitioned_parquet_snap.household_demographics_2.hd_dep_count = CAST(0 AS INT) OR tpcds_partitioned_parquet_snap.household_demographics_2.hd_dep_count = CAST(1 AS INT) OR tpcds_partitioned_parquet_snap.household_demographics_2.hd_dep_count = CAST(2 AS INT), tpcds_partitioned_parquet_snap.household_demographics_2.hd_vehicle_count <= CAST(add(CAST(1 AS SMALLINT), CAST(2 AS SMALLINT)) AS INT) OR tpcds_partitioned_parquet_snap.household_demographics_2.hd_vehicle_count <= CAST(add(CAST(2 AS SMALLINT), CAST(2 AS SMALLINT)) AS INT) OR tpcds_partitioned_parquet_snap.household_demographics_2.hd_vehicle_count <= CAST(2 AS INT)
|  |     mem-estimate=16.00MB mem-reservation=64.00KB thread-reservation=0
|  |     tuple-ids=29 row-size=12B cardinality=375 cost=2862
|  |     in pipelines: 27(GETNEXT)
|  |
|  26:SCAN HDFS [tpcds_partitioned_parquet_snap.store_sales, RANDOM]
|     HDFS partitions=1824/1824 files=1824 size=389.90GB
|     runtime filters: RF021[min_max] -> tpcds_partitioned_parquet_snap.store_sales_2.ss_sold_time_sk, RF023[min_max] -> tpcds_partitioned_parquet_snap.store_sales_2.ss_hdemo_sk, RF019[min_max] -> tpcds_partitioned_parquet_snap.store_sales_2.ss_store_sk, RF020[bloom] -> tpcds_partitioned_parquet_snap.store_sales_2.ss_sold_time_sk
|     stored statistics:
|       table: rows=8.64G size=389.90GB
|       partitions: 1824/1824 rows=8.64G
|       columns: all
|     extrapolated-rows=disabled max-scan-range-rows=390.22M
|     mem-estimate=16.00MB mem-reservation=8.00MB thread-reservation=0
|     tuple-ids=27 row-size=12B cardinality=204.06M(filtered from 8.64G) cost=1492980801
|     in pipelines: 26(GETNEXT)
|
25:NESTED LOOP JOIN [CROSS JOIN, BROADCAST]
|  join table id: 20
|  mem-estimate=0B mem-reservation=0B thread-reservation=0
|  tuple-ids=8,17,26 row-size=24B cardinality=1 cost=0
|  in pipelines: 75(GETNEXT), 86(OPEN)
|
|--F60:PLAN FRAGMENT [UNPARTITIONED] hosts=1 instances=1
|  |  Per-Instance Resources: mem-estimate=16.01KB mem-reservation=0B thread-reservation=1
|  |  max-parallelism=1 segment-costs=[0] cpu-comparison-result=120 [max(1 (self) vs 120 (sum children))]
|  JOIN BUILD
|  |  join-table-id=20 plan-id=21 cohort-id=01
|  |  mem-estimate=8B mem-reservation=0B thread-reservation=0 cost=0
|  |
|  87:EXCHANGE [UNPARTITIONED]
|  |  mem-estimate=16.00KB mem-reservation=0B thread-reservation=0
|  |  tuple-ids=26 row-size=8B cardinality=1 cost=0
|  |  in pipelines: 86(GETNEXT)
|  |
|  F14:PLAN FRAGMENT [UNPARTITIONED] hosts=1 instances=1
|  Per-Instance Resources: mem-estimate=184.84KB mem-reservation=0B thread-reservation=1
|  max-parallelism=1 segment-costs=[25, 1] cpu-comparison-result=120 [max(1 (self) vs 120 (sum children))]
|  86:AGGREGATE [FINALIZE]
|  |  output: count:merge()
|  |  mem-estimate=16.00KB mem-reservation=0B spill-buffer=2.00MB thread-reservation=0
|  |  tuple-ids=26 row-size=8B cardinality=1 cost=8
|  |  in pipelines: 86(GETNEXT), 24(OPEN)
|  |
|  85:EXCHANGE [UNPARTITIONED]
|  |  mem-estimate=168.84KB mem-reservation=0B thread-reservation=0
|  |  tuple-ids=26 row-size=8B cardinality=120 cost=17
|  |  in pipelines: 24(GETNEXT)
|  |
|  F10:PLAN FRAGMENT [RANDOM] hosts=10 instances=120
|  Per-Host Shared Resources: mem-estimate=1.00MB mem-reservation=1.00MB thread-reservation=0 runtime-filters-memory=1.00MB
|  Per-Instance Resources: mem-estimate=16.02MB mem-reservation=8.00MB thread-reservation=1
|  max-parallelism=170 segment-costs=[1682323314, 123] cpu-comparison-result=120 [max(120 (self) vs 33 (sum children))]
|  24:AGGREGATE
|  |  output: count()
|  |  mem-estimate=16.00KB mem-reservation=0B spill-buffer=2.00MB thread-reservation=0
|  |  tuple-ids=26 row-size=8B cardinality=120 cost=145605
|  |  in pipelines: 24(GETNEXT), 17(OPEN)
|  |
|  23:HASH JOIN [INNER JOIN, BROADCAST]
|  |  hash-table-id=21
|  |  hash predicates: tpcds_partitioned_parquet_snap.store_sales_1.ss_store_sk = tpcds_partitioned_parquet_snap.store_1.s_store_sk
|  |  fk/pk conjuncts: tpcds_partitioned_parquet_snap.store_sales_1.ss_store_sk = tpcds_partitioned_parquet_snap.store_1.s_store_sk
|  |  mem-estimate=0B mem-reservation=0B spill-buffer=64.00KB thread-reservation=0
|  |  tuple-ids=18,20,22,24 row-size=56B cardinality=2.08M cost=3038038
|  |  in pipelines: 17(GETNEXT), 22(OPEN)
|  |
|  |--F61:PLAN FRAGMENT [RANDOM] hosts=10 instances=10
|  |  |  Per-Instance Resources: mem-estimate=23.27MB mem-reservation=23.25MB thread-reservation=1
|  |  |  max-parallelism=10 segment-costs=[304]
|  |  JOIN BUILD
|  |  |  join-table-id=21 plan-id=22 cohort-id=07
|  |  |  build expressions: tpcds_partitioned_parquet_snap.store_1.s_store_sk
|  |  |  runtime filters: RF013[min_max] <- tpcds_partitioned_parquet_snap.store_1.s_store_sk
|  |  |  mem-estimate=23.25MB mem-reservation=23.25MB spill-buffer=64.00KB thread-reservation=0 cost=134
|  |  |
|  |  84:EXCHANGE [BROADCAST]
|  |  |  mem-estimate=16.00KB mem-reservation=0B thread-reservation=0
|  |  |  tuple-ids=24 row-size=20B cardinality=134 cost=170
|  |  |  in pipelines: 22(GETNEXT)
|  |  |
|  |  F13:PLAN FRAGMENT [RANDOM] hosts=1 instances=1
|  |  Per-Instance Resources: mem-estimate=16.09MB mem-reservation=16.00KB thread-reservation=1
|  |  max-parallelism=1 segment-costs=[202]
|  |  22:SCAN HDFS [tpcds_partitioned_parquet_snap.store, RANDOM]
|  |     HDFS partitions=1/1 files=1 size=119.76KB
|  |     predicates: tpcds_partitioned_parquet_snap.store_1.s_store_name = 'ese'
|  |     stored statistics:
|  |       table: rows=1.35K size=119.76KB
|  |       columns: all
|  |     extrapolated-rows=disabled max-scan-range-rows=1.35K
|  |     parquet statistics predicates: tpcds_partitioned_parquet_snap.store_1.s_store_name = 'ese'
|  |     parquet dictionary predicates: tpcds_partitioned_parquet_snap.store_1.s_store_name = 'ese'
|  |     mem-estimate=16.00MB mem-reservation=16.00KB thread-reservation=0
|  |     tuple-ids=24 row-size=20B cardinality=134 cost=192
|  |     in pipelines: 22(GETNEXT)
|  |
|  21:HASH JOIN [INNER JOIN, BROADCAST]
|  |  hash-table-id=22
|  |  hash predicates: tpcds_partitioned_parquet_snap.store_sales_1.ss_sold_time_sk = tpcds_partitioned_parquet_snap.time_dim_1.t_time_sk
|  |  fk/pk conjuncts: tpcds_partitioned_parquet_snap.store_sales_1.ss_sold_time_sk = tpcds_partitioned_parquet_snap.time_dim_1.t_time_sk
|  |  mem-estimate=0B mem-reservation=0B spill-buffer=64.00KB thread-reservation=0
|  |  tuple-ids=18,20,22 row-size=36B cardinality=10.37M cost=54222507
|  |  in pipelines: 17(GETNEXT), 20(OPEN)
|  |
|  |--F62:PLAN FRAGMENT [RANDOM] hosts=10 instances=10
|  |  |  Per-Instance Resources: mem-estimate=24.28MB mem-reservation=24.25MB thread-reservation=1 runtime-filters-memory=1.00MB
|  |  |  max-parallelism=10 segment-costs=[2648]
|  |  JOIN BUILD
|  |  |  join-table-id=22 plan-id=23 cohort-id=07
|  |  |  build expressions: tpcds_partitioned_parquet_snap.time_dim_1.t_time_sk
|  |  |  runtime filters: RF014[bloom] <- tpcds_partitioned_parquet_snap.time_dim_1.t_time_sk, RF015[min_max] <- tpcds_partitioned_parquet_snap.time_dim_1.t_time_sk
|  |  |  mem-estimate=23.25MB mem-reservation=23.25MB spill-buffer=64.00KB thread-reservation=0 cost=1138
|  |  |
|  |  83:EXCHANGE [BROADCAST]
|  |  |  mem-estimate=29.34KB mem-reservation=0B thread-reservation=0
|  |  |  tuple-ids=22 row-size=12B cardinality=1.14K cost=1510
|  |  |  in pipelines: 20(GETNEXT)
|  |  |
|  |  F12:PLAN FRAGMENT [RANDOM] hosts=1 instances=1
|  |  Per-Instance Resources: mem-estimate=16.06MB mem-reservation=512.00KB thread-reservation=1
|  |  max-parallelism=1 segment-costs=[19846]
|  |  20:SCAN HDFS [tpcds_partitioned_parquet_snap.time_dim, RANDOM]
|  |     HDFS partitions=1/1 files=1 size=1.31MB
|  |     predicates: tpcds_partitioned_parquet_snap.time_dim_1.t_hour = CAST(11 AS INT), tpcds_partitioned_parquet_snap.time_dim_1.t_minute >= CAST(30 AS INT)
|  |     stored statistics:
|  |       table: rows=86.40K size=1.31MB
|  |       columns: all
|  |     extrapolated-rows=disabled max-scan-range-rows=86.40K
|  |     parquet statistics predicates: tpcds_partitioned_parquet_snap.time_dim_1.t_hour = CAST(11 AS INT), tpcds_partitioned_parquet_snap.time_dim_1.t_minute >= CAST(30 AS INT)
|  |     parquet dictionary predicates: tpcds_partitioned_parquet_snap.time_dim_1.t_hour = CAST(11 AS INT), tpcds_partitioned_parquet_snap.time_dim_1.t_minute >= CAST(30 AS INT)
|  |     mem-estimate=16.00MB mem-reservation=512.00KB thread-reservation=0
|  |     tuple-ids=22 row-size=12B cardinality=1.14K cost=19785
|  |     in pipelines: 20(GETNEXT)
|  |
|  19:HASH JOIN [INNER JOIN, BROADCAST]
|  |  hash-table-id=23
|  |  hash predicates: tpcds_partitioned_parquet_snap.store_sales_1.ss_hdemo_sk = tpcds_partitioned_parquet_snap.household_demographics_1.hd_demo_sk
|  |  fk/pk conjuncts: tpcds_partitioned_parquet_snap.store_sales_1.ss_hdemo_sk = tpcds_partitioned_parquet_snap.household_demographics_1.hd_demo_sk
|  |  mem-estimate=0B mem-reservation=0B spill-buffer=64.00KB thread-reservation=0
|  |  tuple-ids=18,20 row-size=24B cardinality=204.06M(filtered from 439.26M) cost=131936363
|  |  in pipelines: 17(GETNEXT), 18(OPEN)
|  |
|  |--F63:PLAN FRAGMENT [RANDOM] hosts=10 instances=10
|  |  |  Per-Instance Resources: mem-estimate=23.27MB mem-reservation=23.25MB thread-reservation=1
|  |  |  max-parallelism=10 segment-costs=[865]
|  |  JOIN BUILD
|  |  |  join-table-id=23 plan-id=24 cohort-id=07
|  |  |  build expressions: tpcds_partitioned_parquet_snap.household_demographics_1.hd_demo_sk
|  |  |  runtime filters: RF017[min_max] <- tpcds_partitioned_parquet_snap.household_demographics_1.hd_demo_sk
|  |  |  mem-estimate=23.25MB mem-reservation=23.25MB spill-buffer=64.00KB thread-reservation=0 cost=375
|  |  |
|  |  82:EXCHANGE [BROADCAST]
|  |  |  mem-estimate=16.00KB mem-reservation=0B thread-reservation=0
|  |  |  tuple-ids=20 row-size=12B cardinality=375 cost=490
|  |  |  in pipelines: 18(GETNEXT)
|  |  |
|  |  F11:PLAN FRAGMENT [RANDOM] hosts=1 instances=1
|  |  Per-Instance Resources: mem-estimate=16.06MB mem-reservation=64.00KB thread-reservation=1
|  |  max-parallelism=1 segment-costs=[2882]
|  |  18:SCAN HDFS [tpcds_partitioned_parquet_snap.household_demographics, RANDOM]
|  |     HDFS partitions=1/1 files=1 size=41.69KB
|  |     predicates: tpcds_partitioned_parquet_snap.household_demographics_1.hd_dep_count = CAST(0 AS INT) OR tpcds_partitioned_parquet_snap.household_demographics_1.hd_dep_count = CAST(1 AS INT) OR tpcds_partitioned_parquet_snap.household_demographics_1.hd_dep_count = CAST(2 AS INT), tpcds_partitioned_parquet_snap.household_demographics_1.hd_dep_count = CAST(0 AS INT) OR tpcds_partitioned_parquet_snap.household_demographics_1.hd_dep_count = CAST(1 AS INT) OR tpcds_partitioned_parquet_snap.household_demographics_1.hd_vehicle_count <= CAST(add(CAST(2 AS SMALLINT), CAST(2 AS SMALLINT)) AS INT), tpcds_partitioned_parquet_snap.household_demographics_1.hd_dep_count = CAST(1 AS INT) OR tpcds_partitioned_parquet_snap.household_demographics_1.hd_dep_count = CAST(2 AS INT) OR tpcds_partitioned_parquet_snap.household_demographics_1.hd_vehicle_count <= CAST(2 AS INT), tpcds_partitioned_parquet_snap.household_demographics_1.hd_dep_count = CAST(1 AS INT) OR tpcds_partitioned_parquet_snap.household_demographics_1.hd_vehicle_count <= CAST(add(CAST(2 AS SMALLINT), CAST(2 AS SMALLINT)) AS INT) OR tpcds_partitioned_parquet_snap.household_demographics_1.hd_vehicle_count <= CAST(2 AS INT), tpcds_partitioned_parquet_snap.household_demographics_1.hd_vehicle_count <= CAST(add(CAST(1 AS SMALLINT), CAST(2 AS SMALLINT)) AS INT) OR tpcds_partitioned_parquet_snap.household_demographics_1.hd_dep_count = CAST(0 AS INT) OR tpcds_partitioned_parquet_snap.household_demographics_1.hd_dep_count = CAST(2 AS INT), tpcds_partitioned_parquet_snap.household_demographics_1.hd_vehicle_count <= CAST(add(CAST(1 AS SMALLINT), CAST(2 AS SMALLINT)) AS INT) OR tpcds_partitioned_parquet_snap.household_demographics_1.hd_dep_count = CAST(2 AS INT) OR tpcds_partitioned_parquet_snap.household_demographics_1.hd_vehicle_count <= CAST(2 AS INT), tpcds_partitioned_parquet_snap.household_demographics_1.hd_vehicle_count <= CAST(add(CAST(1 AS SMALLINT), CAST(2 AS SMALLINT)) AS INT) OR tpcds_partitioned_parquet_snap.household_demographics_1.hd_vehicle_count <= CAST(add(CAST(2 AS SMALLINT), CAST(2 AS SMALLINT)) AS INT) OR tpcds_partitioned_parquet_snap.household_demographics_1.hd_dep_count = CAST(0 AS INT), tpcds_partitioned_parquet_snap.household_demographics_1.hd_vehicle_count <= CAST(add(CAST(1 AS SMALLINT), CAST(2 AS SMALLINT)) AS INT) OR tpcds_partitioned_parquet_snap.household_demographics_1.hd_vehicle_count <= CAST(add(CAST(2 AS SMALLINT), CAST(2 AS SMALLINT)) AS INT) OR tpcds_partitioned_parquet_snap.household_demographics_1.hd_vehicle_count <= CAST(2 AS INT)
|  |     stored statistics:
|  |       table: rows=7.20K size=41.69KB
|  |       columns: all
|  |     extrapolated-rows=disabled max-scan-range-rows=7.20K
|  |     parquet dictionary predicates: tpcds_partitioned_parquet_snap.household_demographics_1.hd_dep_count = CAST(0 AS INT) OR tpcds_partitioned_parquet_snap.household_demographics_1.hd_dep_count = CAST(1 AS INT) OR tpcds_partitioned_parquet_snap.household_demographics_1.hd_dep_count = CAST(2 AS INT), tpcds_partitioned_parquet_snap.household_demographics_1.hd_vehicle_count <= CAST(add(CAST(1 AS SMALLINT), CAST(2 AS SMALLINT)) AS INT) OR tpcds_partitioned_parquet_snap.household_demographics_1.hd_vehicle_count <= CAST(add(CAST(2 AS SMALLINT), CAST(2 AS SMALLINT)) AS INT) OR tpcds_partitioned_parquet_snap.household_demographics_1.hd_vehicle_count <= CAST(2 AS INT)
|  |     mem-estimate=16.00MB mem-reservation=64.00KB thread-reservation=0
|  |     tuple-ids=20 row-size=12B cardinality=375 cost=2862
|  |     in pipelines: 18(GETNEXT)
|  |
|  17:SCAN HDFS [tpcds_partitioned_parquet_snap.store_sales, RANDOM]
|     HDFS partitions=1824/1824 files=1824 size=389.90GB
|     runtime filters: RF015[min_max] -> tpcds_partitioned_parquet_snap.store_sales_1.ss_sold_time_sk, RF017[min_max] -> tpcds_partitioned_parquet_snap.store_sales_1.ss_hdemo_sk, RF013[min_max] -> tpcds_partitioned_parquet_snap.store_sales_1.ss_store_sk, RF014[bloom] -> tpcds_partitioned_parquet_snap.store_sales_1.ss_sold_time_sk
|     stored statistics:
|       table: rows=8.64G size=389.90GB
|       partitions: 1824/1824 rows=8.64G
|       columns: all
|     extrapolated-rows=disabled max-scan-range-rows=390.22M
|     mem-estimate=16.00MB mem-reservation=8.00MB thread-reservation=0
|     tuple-ids=18 row-size=12B cardinality=204.06M(filtered from 8.64G) cost=1492980801
|     in pipelines: 17(GETNEXT)
|
16:NESTED LOOP JOIN [CROSS JOIN, BROADCAST]
|  join table id: 24
|  mem-estimate=0B mem-reservation=0B thread-reservation=0
|  tuple-ids=8,17 row-size=16B cardinality=1 cost=0
|  in pipelines: 75(GETNEXT), 80(OPEN)
|
|--F64:PLAN FRAGMENT [UNPARTITIONED] hosts=1 instances=1
|  |  Per-Instance Resources: mem-estimate=16.01KB mem-reservation=0B thread-reservation=1
|  |  max-parallelism=1 segment-costs=[0] cpu-comparison-result=120 [max(1 (self) vs 120 (sum children))]
|  JOIN BUILD
|  |  join-table-id=24 plan-id=25 cohort-id=01
|  |  mem-estimate=8B mem-reservation=0B thread-reservation=0 cost=0
|  |
|  81:EXCHANGE [UNPARTITIONED]
|  |  mem-estimate=16.00KB mem-reservation=0B thread-reservation=0
|  |  tuple-ids=17 row-size=8B cardinality=1 cost=0
|  |  in pipelines: 80(GETNEXT)
|  |
|  F09:PLAN FRAGMENT [UNPARTITIONED] hosts=1 instances=1
|  Per-Instance Resources: mem-estimate=184.84KB mem-reservation=0B thread-reservation=1
|  max-parallelism=1 segment-costs=[25, 1] cpu-comparison-result=120 [max(1 (self) vs 120 (sum children))]
|  80:AGGREGATE [FINALIZE]
|  |  output: count:merge()
|  |  mem-estimate=16.00KB mem-reservation=0B spill-buffer=2.00MB thread-reservation=0
|  |  tuple-ids=17 row-size=8B cardinality=1 cost=8
|  |  in pipelines: 80(GETNEXT), 15(OPEN)
|  |
|  79:EXCHANGE [UNPARTITIONED]
|  |  mem-estimate=168.84KB mem-reservation=0B thread-reservation=0
|  |  tuple-ids=17 row-size=8B cardinality=120 cost=17
|  |  in pipelines: 15(GETNEXT)
|  |
|  F05:PLAN FRAGMENT [RANDOM] hosts=10 instances=120
|  Per-Host Shared Resources: mem-estimate=2.00MB mem-reservation=2.00MB thread-reservation=0 runtime-filters-memory=2.00MB
|  Per-Instance Resources: mem-estimate=16.02MB mem-reservation=8.00MB thread-reservation=1
|  max-parallelism=170 segment-costs=[1682323314, 123] cpu-comparison-result=120 [max(120 (self) vs 33 (sum children))]
|  15:AGGREGATE
|  |  output: count()
|  |  mem-estimate=16.00KB mem-reservation=0B spill-buffer=2.00MB thread-reservation=0
|  |  tuple-ids=17 row-size=8B cardinality=120 cost=145605
|  |  in pipelines: 15(GETNEXT), 08(OPEN)
|  |
|  14:HASH JOIN [INNER JOIN, BROADCAST]
|  |  hash-table-id=25
|  |  hash predicates: tpcds_partitioned_parquet_snap.store_sales_0.ss_store_sk = tpcds_partitioned_parquet_snap.store_0.s_store_sk
|  |  fk/pk conjuncts: tpcds_partitioned_parquet_snap.store_sales_0.ss_store_sk = tpcds_partitioned_parquet_snap.store_0.s_store_sk
|  |  mem-estimate=0B mem-reservation=0B spill-buffer=64.00KB thread-reservation=0
|  |  tuple-ids=9,11,13,15 row-size=56B cardinality=2.08M cost=3038038
|  |  in pipelines: 08(GETNEXT), 13(OPEN)
|  |
|  |--F65:PLAN FRAGMENT [RANDOM] hosts=10 instances=10
|  |  |  Per-Instance Resources: mem-estimate=23.27MB mem-reservation=23.25MB thread-reservation=1
|  |  |  max-parallelism=10 segment-costs=[304]
|  |  JOIN BUILD
|  |  |  join-table-id=25 plan-id=26 cohort-id=08
|  |  |  build expressions: tpcds_partitioned_parquet_snap.store_0.s_store_sk
|  |  |  runtime filters: RF007[min_max] <- tpcds_partitioned_parquet_snap.store_0.s_store_sk
|  |  |  mem-estimate=23.25MB mem-reservation=23.25MB spill-buffer=64.00KB thread-reservation=0 cost=134
|  |  |
|  |  78:EXCHANGE [BROADCAST]
|  |  |  mem-estimate=16.00KB mem-reservation=0B thread-reservation=0
|  |  |  tuple-ids=15 row-size=20B cardinality=134 cost=170
|  |  |  in pipelines: 13(GETNEXT)
|  |  |
|  |  F08:PLAN FRAGMENT [RANDOM] hosts=1 instances=1
|  |  Per-Instance Resources: mem-estimate=16.09MB mem-reservation=16.00KB thread-reservation=1
|  |  max-parallelism=1 segment-costs=[202]
|  |  13:SCAN HDFS [tpcds_partitioned_parquet_snap.store, RANDOM]
|  |     HDFS partitions=1/1 files=1 size=119.76KB
|  |     predicates: tpcds_partitioned_parquet_snap.store_0.s_store_name = 'ese'
|  |     stored statistics:
|  |       table: rows=1.35K size=119.76KB
|  |       columns: all
|  |     extrapolated-rows=disabled max-scan-range-rows=1.35K
|  |     parquet statistics predicates: tpcds_partitioned_parquet_snap.store_0.s_store_name = 'ese'
|  |     parquet dictionary predicates: tpcds_partitioned_parquet_snap.store_0.s_store_name = 'ese'
|  |     mem-estimate=16.00MB mem-reservation=16.00KB thread-reservation=0
|  |     tuple-ids=15 row-size=20B cardinality=134 cost=192
|  |     in pipelines: 13(GETNEXT)
|  |
|  12:HASH JOIN [INNER JOIN, BROADCAST]
|  |  hash-table-id=26
|  |  hash predicates: tpcds_partitioned_parquet_snap.store_sales_0.ss_sold_time_sk = tpcds_partitioned_parquet_snap.time_dim_0.t_time_sk
|  |  fk/pk conjuncts: tpcds_partitioned_parquet_snap.store_sales_0.ss_sold_time_sk = tpcds_partitioned_parquet_snap.time_dim_0.t_time_sk
|  |  mem-estimate=0B mem-reservation=0B spill-buffer=64.00KB thread-reservation=0
|  |  tuple-ids=9,11,13 row-size=36B cardinality=10.37M cost=54222507
|  |  in pipelines: 08(GETNEXT), 11(OPEN)
|  |
|  |--F66:PLAN FRAGMENT [RANDOM] hosts=10 instances=10
|  |  |  Per-Instance Resources: mem-estimate=24.28MB mem-reservation=24.25MB thread-reservation=1 runtime-filters-memory=1.00MB
|  |  |  max-parallelism=10 segment-costs=[2648]
|  |  JOIN BUILD
|  |  |  join-table-id=26 plan-id=27 cohort-id=08
|  |  |  build expressions: tpcds_partitioned_parquet_snap.time_dim_0.t_time_sk
|  |  |  runtime filters: RF008[bloom] <- tpcds_partitioned_parquet_snap.time_dim_0.t_time_sk, RF009[min_max] <- tpcds_partitioned_parquet_snap.time_dim_0.t_time_sk
|  |  |  mem-estimate=23.25MB mem-reservation=23.25MB spill-buffer=64.00KB thread-reservation=0 cost=1138
|  |  |
|  |  77:EXCHANGE [BROADCAST]
|  |  |  mem-estimate=29.34KB mem-reservation=0B thread-reservation=0
|  |  |  tuple-ids=13 row-size=12B cardinality=1.14K cost=1510
|  |  |  in pipelines: 11(GETNEXT)
|  |  |
|  |  F07:PLAN FRAGMENT [RANDOM] hosts=1 instances=1
|  |  Per-Instance Resources: mem-estimate=16.06MB mem-reservation=512.00KB thread-reservation=1
|  |  max-parallelism=1 segment-costs=[19846]
|  |  11:SCAN HDFS [tpcds_partitioned_parquet_snap.time_dim, RANDOM]
|  |     HDFS partitions=1/1 files=1 size=1.31MB
|  |     predicates: tpcds_partitioned_parquet_snap.time_dim_0.t_hour = CAST(12 AS INT), tpcds_partitioned_parquet_snap.time_dim_0.t_minute < CAST(30 AS INT)
|  |     stored statistics:
|  |       table: rows=86.40K size=1.31MB
|  |       columns: all
|  |     extrapolated-rows=disabled max-scan-range-rows=86.40K
|  |     parquet statistics predicates: tpcds_partitioned_parquet_snap.time_dim_0.t_hour = CAST(12 AS INT), tpcds_partitioned_parquet_snap.time_dim_0.t_minute < CAST(30 AS INT)
|  |     parquet dictionary predicates: tpcds_partitioned_parquet_snap.time_dim_0.t_hour = CAST(12 AS INT), tpcds_partitioned_parquet_snap.time_dim_0.t_minute < CAST(30 AS INT)
|  |     mem-estimate=16.00MB mem-reservation=512.00KB thread-reservation=0
|  |     tuple-ids=13 row-size=12B cardinality=1.14K cost=19785
|  |     in pipelines: 11(GETNEXT)
|  |
|  10:HASH JOIN [INNER JOIN, BROADCAST]
|  |  hash-table-id=27
|  |  hash predicates: tpcds_partitioned_parquet_snap.store_sales_0.ss_hdemo_sk = tpcds_partitioned_parquet_snap.household_demographics_0.hd_demo_sk
|  |  fk/pk conjuncts: tpcds_partitioned_parquet_snap.store_sales_0.ss_hdemo_sk = tpcds_partitioned_parquet_snap.household_demographics_0.hd_demo_sk
|  |  mem-estimate=0B mem-reservation=0B spill-buffer=64.00KB thread-reservation=0
|  |  tuple-ids=9,11 row-size=24B cardinality=204.06M(filtered from 439.26M) cost=131936363
|  |  in pipelines: 08(GETNEXT), 09(OPEN)
|  |
|  |--F67:PLAN FRAGMENT [RANDOM] hosts=10 instances=10
|  |  |  Per-Instance Resources: mem-estimate=24.27MB mem-reservation=24.25MB thread-reservation=1 runtime-filters-memory=1.00MB
|  |  |  max-parallelism=10 segment-costs=[865]
|  |  JOIN BUILD
|  |  |  join-table-id=27 plan-id=28 cohort-id=08
|  |  |  build expressions: tpcds_partitioned_parquet_snap.household_demographics_0.hd_demo_sk
|  |  |  runtime filters: RF010[bloom] <- tpcds_partitioned_parquet_snap.household_demographics_0.hd_demo_sk, RF011[min_max] <- tpcds_partitioned_parquet_snap.household_demographics_0.hd_demo_sk
|  |  |  mem-estimate=23.25MB mem-reservation=23.25MB spill-buffer=64.00KB thread-reservation=0 cost=375
|  |  |
|  |  76:EXCHANGE [BROADCAST]
|  |  |  mem-estimate=16.00KB mem-reservation=0B thread-reservation=0
|  |  |  tuple-ids=11 row-size=12B cardinality=375 cost=490
|  |  |  in pipelines: 09(GETNEXT)
|  |  |
|  |  F06:PLAN FRAGMENT [RANDOM] hosts=1 instances=1
|  |  Per-Instance Resources: mem-estimate=16.06MB mem-reservation=64.00KB thread-reservation=1
|  |  max-parallelism=1 segment-costs=[2882]
|  |  09:SCAN HDFS [tpcds_partitioned_parquet_snap.household_demographics, RANDOM]
|  |     HDFS partitions=1/1 files=1 size=41.69KB
|  |     predicates: tpcds_partitioned_parquet_snap.household_demographics_0.hd_dep_count = CAST(0 AS INT) OR tpcds_partitioned_parquet_snap.household_demographics_0.hd_dep_count = CAST(1 AS INT) OR tpcds_partitioned_parquet_snap.household_demographics_0.hd_dep_count = CAST(2 AS INT), tpcds_partitioned_parquet_snap.household_demographics_0.hd_dep_count = CAST(0 AS INT) OR tpcds_partitioned_parquet_snap.household_demographics_0.hd_dep_count = CAST(1 AS INT) OR tpcds_partitioned_parquet_snap.household_demographics_0.hd_vehicle_count <= CAST(add(CAST(2 AS SMALLINT), CAST(2 AS SMALLINT)) AS INT), tpcds_partitioned_parquet_snap.household_demographics_0.hd_dep_count = CAST(1 AS INT) OR tpcds_partitioned_parquet_snap.household_demographics_0.hd_dep_count = CAST(2 AS INT) OR tpcds_partitioned_parquet_snap.household_demographics_0.hd_vehicle_count <= CAST(2 AS INT), tpcds_partitioned_parquet_snap.household_demographics_0.hd_dep_count = CAST(1 AS INT) OR tpcds_partitioned_parquet_snap.household_demographics_0.hd_vehicle_count <= CAST(add(CAST(2 AS SMALLINT), CAST(2 AS SMALLINT)) AS INT) OR tpcds_partitioned_parquet_snap.household_demographics_0.hd_vehicle_count <= CAST(2 AS INT), tpcds_partitioned_parquet_snap.household_demographics_0.hd_vehicle_count <= CAST(add(CAST(1 AS SMALLINT), CAST(2 AS SMALLINT)) AS INT) OR tpcds_partitioned_parquet_snap.household_demographics_0.hd_dep_count = CAST(0 AS INT) OR tpcds_partitioned_parquet_snap.household_demographics_0.hd_dep_count = CAST(2 AS INT), tpcds_partitioned_parquet_snap.household_demographics_0.hd_vehicle_count <= CAST(add(CAST(1 AS SMALLINT), CAST(2 AS SMALLINT)) AS INT) OR tpcds_partitioned_parquet_snap.household_demographics_0.hd_dep_count = CAST(2 AS INT) OR tpcds_partitioned_parquet_snap.household_demographics_0.hd_vehicle_count <= CAST(2 AS INT), tpcds_partitioned_parquet_snap.household_demographics_0.hd_vehicle_count <= CAST(add(CAST(1 AS SMALLINT), CAST(2 AS SMALLINT)) AS INT) OR tpcds_partitioned_parquet_snap.household_demographics_0.hd_vehicle_count <= CAST(add(CAST(2 AS SMALLINT), CAST(2 AS SMALLINT)) AS INT) OR tpcds_partitioned_parquet_snap.household_demographics_0.hd_dep_count = CAST(0 AS INT), tpcds_partitioned_parquet_snap.household_demographics_0.hd_vehicle_count <= CAST(add(CAST(1 AS SMALLINT), CAST(2 AS SMALLINT)) AS INT) OR tpcds_partitioned_parquet_snap.household_demographics_0.hd_vehicle_count <= CAST(add(CAST(2 AS SMALLINT), CAST(2 AS SMALLINT)) AS INT) OR tpcds_partitioned_parquet_snap.household_demographics_0.hd_vehicle_count <= CAST(2 AS INT)
|  |     stored statistics:
|  |       table: rows=7.20K size=41.69KB
|  |       columns: all
|  |     extrapolated-rows=disabled max-scan-range-rows=7.20K
|  |     parquet dictionary predicates: tpcds_partitioned_parquet_snap.household_demographics_0.hd_dep_count = CAST(0 AS INT) OR tpcds_partitioned_parquet_snap.household_demographics_0.hd_dep_count = CAST(1 AS INT) OR tpcds_partitioned_parquet_snap.household_demographics_0.hd_dep_count = CAST(2 AS INT), tpcds_partitioned_parquet_snap.household_demographics_0.hd_vehicle_count <= CAST(add(CAST(1 AS SMALLINT), CAST(2 AS SMALLINT)) AS INT) OR tpcds_partitioned_parquet_snap.household_demographics_0.hd_vehicle_count <= CAST(add(CAST(2 AS SMALLINT), CAST(2 AS SMALLINT)) AS INT) OR tpcds_partitioned_parquet_snap.household_demographics_0.hd_vehicle_count <= CAST(2 AS INT)
|  |     mem-estimate=16.00MB mem-reservation=64.00KB thread-reservation=0
|  |     tuple-ids=11 row-size=12B cardinality=375 cost=2862
|  |     in pipelines: 09(GETNEXT)
|  |
|  08:SCAN HDFS [tpcds_partitioned_parquet_snap.store_sales, RANDOM]
|     HDFS partitions=1824/1824 files=1824 size=389.90GB
|     runtime filters: RF009[min_max] -> tpcds_partitioned_parquet_snap.store_sales_0.ss_sold_time_sk, RF011[min_max] -> tpcds_partitioned_parquet_snap.store_sales_0.ss_hdemo_sk, RF007[min_max] -> tpcds_partitioned_parquet_snap.store_sales_0.ss_store_sk, RF008[bloom] -> tpcds_partitioned_parquet_snap.store_sales_0.ss_sold_time_sk, RF010[bloom] -> tpcds_partitioned_parquet_snap.store_sales_0.ss_hdemo_sk
|     stored statistics:
|       table: rows=8.64G size=389.90GB
|       partitions: 1824/1824 rows=8.64G
|       columns: all
|     extrapolated-rows=disabled max-scan-range-rows=390.22M
|     mem-estimate=16.00MB mem-reservation=8.00MB thread-reservation=0
|     tuple-ids=9 row-size=12B cardinality=204.06M(filtered from 8.64G) cost=1492980801
|     in pipelines: 08(GETNEXT)
|
75:AGGREGATE [FINALIZE]
|  output: count:merge()
|  mem-estimate=16.00KB mem-reservation=0B spill-buffer=2.00MB thread-reservation=0
|  tuple-ids=8 row-size=8B cardinality=1 cost=8
|  in pipelines: 75(GETNEXT), 07(OPEN)
|
74:EXCHANGE [UNPARTITIONED]
|  mem-estimate=168.84KB mem-reservation=0B thread-reservation=0
|  tuple-ids=8 row-size=8B cardinality=120 cost=17
|  in pipelines: 07(GETNEXT)
|
F00:PLAN FRAGMENT [RANDOM] hosts=10 instances=120
Per-Host Shared Resources: mem-estimate=2.00MB mem-reservation=2.00MB thread-reservation=0 runtime-filters-memory=2.00MB
Per-Instance Resources: mem-estimate=16.02MB mem-reservation=8.00MB thread-reservation=1
max-parallelism=170 segment-costs=[1682323314, 123] cpu-comparison-result=120 [max(120 (self) vs 33 (sum children))]
07:AGGREGATE
|  output: count()
|  mem-estimate=16.00KB mem-reservation=0B spill-buffer=2.00MB thread-reservation=0
|  tuple-ids=8 row-size=8B cardinality=120 cost=145605
|  in pipelines: 07(GETNEXT), 00(OPEN)
|
06:HASH JOIN [INNER JOIN, BROADCAST]
|  hash-table-id=28
|  hash predicates: tpcds_partitioned_parquet_snap.store_sales.ss_store_sk = tpcds_partitioned_parquet_snap.store.s_store_sk
|  fk/pk conjuncts: tpcds_partitioned_parquet_snap.store_sales.ss_store_sk = tpcds_partitioned_parquet_snap.store.s_store_sk
|  mem-estimate=0B mem-reservation=0B spill-buffer=64.00KB thread-reservation=0
|  tuple-ids=0,2,4,6 row-size=56B cardinality=2.08M cost=3038038
|  in pipelines: 00(GETNEXT), 05(OPEN)
|
|--F68:PLAN FRAGMENT [RANDOM] hosts=10 instances=10
|  |  Per-Instance Resources: mem-estimate=23.27MB mem-reservation=23.25MB thread-reservation=1
|  |  max-parallelism=10 segment-costs=[304]
|  JOIN BUILD
|  |  join-table-id=28 plan-id=29 cohort-id=01
|  |  build expressions: tpcds_partitioned_parquet_snap.store.s_store_sk
|  |  runtime filters: RF001[min_max] <- tpcds_partitioned_parquet_snap.store.s_store_sk
|  |  mem-estimate=23.25MB mem-reservation=23.25MB spill-buffer=64.00KB thread-reservation=0 cost=134
|  |
|  73:EXCHANGE [BROADCAST]
|  |  mem-estimate=16.00KB mem-reservation=0B thread-reservation=0
|  |  tuple-ids=6 row-size=20B cardinality=134 cost=170
|  |  in pipelines: 05(GETNEXT)
|  |
|  F03:PLAN FRAGMENT [RANDOM] hosts=1 instances=1
|  Per-Instance Resources: mem-estimate=16.09MB mem-reservation=16.00KB thread-reservation=1
|  max-parallelism=1 segment-costs=[202]
|  05:SCAN HDFS [tpcds_partitioned_parquet_snap.store, RANDOM]
|     HDFS partitions=1/1 files=1 size=119.76KB
|     predicates: tpcds_partitioned_parquet_snap.store.s_store_name = 'ese'
|     stored statistics:
|       table: rows=1.35K size=119.76KB
|       columns: all
|     extrapolated-rows=disabled max-scan-range-rows=1.35K
|     parquet statistics predicates: tpcds_partitioned_parquet_snap.store.s_store_name = 'ese'
|     parquet dictionary predicates: tpcds_partitioned_parquet_snap.store.s_store_name = 'ese'
|     mem-estimate=16.00MB mem-reservation=16.00KB thread-reservation=0
|     tuple-ids=6 row-size=20B cardinality=134 cost=192
|     in pipelines: 05(GETNEXT)
|
04:HASH JOIN [INNER JOIN, BROADCAST]
|  hash-table-id=29
|  hash predicates: tpcds_partitioned_parquet_snap.store_sales.ss_sold_time_sk = tpcds_partitioned_parquet_snap.time_dim.t_time_sk
|  fk/pk conjuncts: tpcds_partitioned_parquet_snap.store_sales.ss_sold_time_sk = tpcds_partitioned_parquet_snap.time_dim.t_time_sk
|  mem-estimate=0B mem-reservation=0B spill-buffer=64.00KB thread-reservation=0
|  tuple-ids=0,2,4 row-size=36B cardinality=10.37M cost=54222507
|  in pipelines: 00(GETNEXT), 03(OPEN)
|
|--F69:PLAN FRAGMENT [RANDOM] hosts=10 instances=10
|  |  Per-Instance Resources: mem-estimate=24.28MB mem-reservation=24.25MB thread-reservation=1 runtime-filters-memory=1.00MB
|  |  max-parallelism=10 segment-costs=[2648]
|  JOIN BUILD
|  |  join-table-id=29 plan-id=30 cohort-id=01
|  |  build expressions: tpcds_partitioned_parquet_snap.time_dim.t_time_sk
|  |  runtime filters: RF002[bloom] <- tpcds_partitioned_parquet_snap.time_dim.t_time_sk, RF003[min_max] <- tpcds_partitioned_parquet_snap.time_dim.t_time_sk
|  |  mem-estimate=23.25MB mem-reservation=23.25MB spill-buffer=64.00KB thread-reservation=0 cost=1138
|  |
|  72:EXCHANGE [BROADCAST]
|  |  mem-estimate=29.34KB mem-reservation=0B thread-reservation=0
|  |  tuple-ids=4 row-size=12B cardinality=1.14K cost=1510
|  |  in pipelines: 03(GETNEXT)
|  |
|  F02:PLAN FRAGMENT [RANDOM] hosts=1 instances=1
|  Per-Instance Resources: mem-estimate=16.06MB mem-reservation=512.00KB thread-reservation=1
|  max-parallelism=1 segment-costs=[19846]
|  03:SCAN HDFS [tpcds_partitioned_parquet_snap.time_dim, RANDOM]
|     HDFS partitions=1/1 files=1 size=1.31MB
|     predicates: tpcds_partitioned_parquet_snap.time_dim.t_hour = CAST(8 AS INT), tpcds_partitioned_parquet_snap.time_dim.t_minute >= CAST(30 AS INT)
|     stored statistics:
|       table: rows=86.40K size=1.31MB
|       columns: all
|     extrapolated-rows=disabled max-scan-range-rows=86.40K
|     parquet statistics predicates: tpcds_partitioned_parquet_snap.time_dim.t_hour = CAST(8 AS INT), tpcds_partitioned_parquet_snap.time_dim.t_minute >= CAST(30 AS INT)
|     parquet dictionary predicates: tpcds_partitioned_parquet_snap.time_dim.t_hour = CAST(8 AS INT), tpcds_partitioned_parquet_snap.time_dim.t_minute >= CAST(30 AS INT)
|     mem-estimate=16.00MB mem-reservation=512.00KB thread-reservation=0
|     tuple-ids=4 row-size=12B cardinality=1.14K cost=19785
|     in pipelines: 03(GETNEXT)
|
02:HASH JOIN [INNER JOIN, BROADCAST]
|  hash-table-id=30
|  hash predicates: tpcds_partitioned_parquet_snap.store_sales.ss_hdemo_sk = tpcds_partitioned_parquet_snap.household_demographics.hd_demo_sk
|  fk/pk conjuncts: tpcds_partitioned_parquet_snap.store_sales.ss_hdemo_sk = tpcds_partitioned_parquet_snap.household_demographics.hd_demo_sk
|  mem-estimate=0B mem-reservation=0B spill-buffer=64.00KB thread-reservation=0
|  tuple-ids=0,2 row-size=24B cardinality=204.06M(filtered from 439.26M) cost=131936363
|  in pipelines: 00(GETNEXT), 01(OPEN)
|
|--F70:PLAN FRAGMENT [RANDOM] hosts=10 instances=10
|  |  Per-Instance Resources: mem-estimate=24.27MB mem-reservation=24.25MB thread-reservation=1 runtime-filters-memory=1.00MB
|  |  max-parallelism=10 segment-costs=[865]
|  JOIN BUILD
|  |  join-table-id=30 plan-id=31 cohort-id=01
|  |  build expressions: tpcds_partitioned_parquet_snap.household_demographics.hd_demo_sk
|  |  runtime filters: RF004[bloom] <- tpcds_partitioned_parquet_snap.household_demographics.hd_demo_sk, RF005[min_max] <- tpcds_partitioned_parquet_snap.household_demographics.hd_demo_sk
|  |  mem-estimate=23.25MB mem-reservation=23.25MB spill-buffer=64.00KB thread-reservation=0 cost=375
|  |
|  71:EXCHANGE [BROADCAST]
|  |  mem-estimate=16.00KB mem-reservation=0B thread-reservation=0
|  |  tuple-ids=2 row-size=12B cardinality=375 cost=490
|  |  in pipelines: 01(GETNEXT)
|  |
|  F01:PLAN FRAGMENT [RANDOM] hosts=1 instances=1
|  Per-Instance Resources: mem-estimate=16.06MB mem-reservation=64.00KB thread-reservation=1
|  max-parallelism=1 segment-costs=[2882]
|  01:SCAN HDFS [tpcds_partitioned_parquet_snap.household_demographics, RANDOM]
|     HDFS partitions=1/1 files=1 size=41.69KB
|     predicates: tpcds_partitioned_parquet_snap.household_demographics.hd_dep_count = CAST(0 AS INT) OR tpcds_partitioned_parquet_snap.household_demographics.hd_dep_count = CAST(1 AS INT) OR tpcds_partitioned_parquet_snap.household_demographics.hd_dep_count = CAST(2 AS INT), tpcds_partitioned_parquet_snap.household_demographics.hd_dep_count = CAST(0 AS INT) OR tpcds_partitioned_parquet_snap.household_demographics.hd_dep_count = CAST(1 AS INT) OR tpcds_partitioned_parquet_snap.household_demographics.hd_vehicle_count <= CAST(add(CAST(2 AS SMALLINT), CAST(2 AS SMALLINT)) AS INT), tpcds_partitioned_parquet_snap.household_demographics.hd_dep_count = CAST(1 AS INT) OR tpcds_partitioned_parquet_snap.household_demographics.hd_dep_count = CAST(2 AS INT) OR tpcds_partitioned_parquet_snap.household_demographics.hd_vehicle_count <= CAST(2 AS INT), tpcds_partitioned_parquet_snap.household_demographics.hd_dep_count = CAST(1 AS INT) OR tpcds_partitioned_parquet_snap.household_demographics.hd_vehicle_count <= CAST(add(CAST(2 AS SMALLINT), CAST(2 AS SMALLINT)) AS INT) OR tpcds_partitioned_parquet_snap.household_demographics.hd_vehicle_count <= CAST(2 AS INT), tpcds_partitioned_parquet_snap.household_demographics.hd_vehicle_count <= CAST(add(CAST(1 AS SMALLINT), CAST(2 AS SMALLINT)) AS INT) OR tpcds_partitioned_parquet_snap.household_demographics.hd_dep_count = CAST(0 AS INT) OR tpcds_partitioned_parquet_snap.household_demographics.hd_dep_count = CAST(2 AS INT), tpcds_partitioned_parquet_snap.household_demographics.hd_vehicle_count <= CAST(add(CAST(1 AS SMALLINT), CAST(2 AS SMALLINT)) AS INT) OR tpcds_partitioned_parquet_snap.household_demographics.hd_dep_count = CAST(2 AS INT) OR tpcds_partitioned_parquet_snap.household_demographics.hd_vehicle_count <= CAST(2 AS INT), tpcds_partitioned_parquet_snap.household_demographics.hd_vehicle_count <= CAST(add(CAST(1 AS SMALLINT), CAST(2 AS SMALLINT)) AS INT) OR tpcds_partitioned_parquet_snap.household_demographics.hd_vehicle_count <= CAST(add(CAST(2 AS SMALLINT), CAST(2 AS SMALLINT)) AS INT) OR tpcds_partitioned_parquet_snap.household_demographics.hd_dep_count = CAST(0 AS INT), tpcds_partitioned_parquet_snap.household_demographics.hd_vehicle_count <= CAST(add(CAST(1 AS SMALLINT), CAST(2 AS SMALLINT)) AS INT) OR tpcds_partitioned_parquet_snap.household_demographics.hd_vehicle_count <= CAST(add(CAST(2 AS SMALLINT), CAST(2 AS SMALLINT)) AS INT) OR tpcds_partitioned_parquet_snap.household_demographics.hd_vehicle_count <= CAST(2 AS INT)
|     stored statistics:
|       table: rows=7.20K size=41.69KB
|       columns: all
|     extrapolated-rows=disabled max-scan-range-rows=7.20K
|     parquet dictionary predicates: tpcds_partitioned_parquet_snap.household_demographics.hd_dep_count = CAST(0 AS INT) OR tpcds_partitioned_parquet_snap.household_demographics.hd_dep_count = CAST(1 AS INT) OR tpcds_partitioned_parquet_snap.household_demographics.hd_dep_count = CAST(2 AS INT), tpcds_partitioned_parquet_snap.household_demographics.hd_vehicle_count <= CAST(add(CAST(1 AS SMALLINT), CAST(2 AS SMALLINT)) AS INT) OR tpcds_partitioned_parquet_snap.household_demographics.hd_vehicle_count <= CAST(add(CAST(2 AS SMALLINT), CAST(2 AS SMALLINT)) AS INT) OR tpcds_partitioned_parquet_snap.household_demographics.hd_vehicle_count <= CAST(2 AS INT)
|     mem-estimate=16.00MB mem-reservation=64.00KB thread-reservation=0
|     tuple-ids=2 row-size=12B cardinality=375 cost=2862
|     in pipelines: 01(GETNEXT)
|
00:SCAN HDFS [tpcds_partitioned_parquet_snap.store_sales, RANDOM]
   HDFS partitions=1824/1824 files=1824 size=389.90GB
   runtime filters: RF003[min_max] -> tpcds_partitioned_parquet_snap.store_sales.ss_sold_time_sk, RF005[min_max] -> tpcds_partitioned_parquet_snap.store_sales.ss_hdemo_sk, RF001[min_max] -> tpcds_partitioned_parquet_snap.store_sales.ss_store_sk, RF002[bloom] -> tpcds_partitioned_parquet_snap.store_sales.ss_sold_time_sk, RF004[bloom] -> tpcds_partitioned_parquet_snap.store_sales.ss_hdemo_sk
   stored statistics:
     table: rows=8.64G size=389.90GB
     partitions: 1824/1824 rows=8.64G
     columns: all
   extrapolated-rows=disabled max-scan-range-rows=390.22M
   mem-estimate=16.00MB mem-reservation=8.00MB thread-reservation=0
   tuple-ids=0 row-size=12B cardinality=204.06M(filtered from 8.64G) cost=1492980801
   in pipelines: 00(GETNEXT)
---- PARALLELPLANS
Max Per-Host Resource Reservation: Memory=1.32GB Threads=159
Per-Host Resource Estimates: Memory=2.45GB
F04:PLAN FRAGMENT [UNPARTITIONED] hosts=1 instances=1
|  Per-Instance Resources: mem-estimate=4.02MB mem-reservation=4.00MB thread-reservation=1
|  max-parallelism=1 segment-costs=[25, 8] cpu-comparison-result=960 [max(1 (self) vs 960 (sum children))]
PLAN-ROOT SINK
|  output exprs: count(), count(), count(), count(), count(), count(), count(), count()
|  mem-estimate=4.00MB mem-reservation=4.00MB spill-buffer=2.00MB thread-reservation=0 cost=8
|
70:NESTED LOOP JOIN [CROSS JOIN, BROADCAST]
|  join table id: 00
|  mem-estimate=0B mem-reservation=0B thread-reservation=0
|  tuple-ids=8,17,26,35,44,53,62,71 row-size=64B cardinality=1 cost=0
|  in pipelines: 75(GETNEXT), 116(OPEN)
|
|--F40:PLAN FRAGMENT [UNPARTITIONED] hosts=1 instances=1
|  |  Per-Instance Resources: mem-estimate=16.01KB mem-reservation=0B thread-reservation=1
|  |  max-parallelism=1 segment-costs=[0] cpu-comparison-result=120 [max(1 (self) vs 120 (sum children))]
|  JOIN BUILD
|  |  join-table-id=00 plan-id=01 cohort-id=01
|  |  mem-estimate=8B mem-reservation=0B thread-reservation=0 cost=0
|  |
|  117:EXCHANGE [UNPARTITIONED]
|  |  mem-estimate=16.00KB mem-reservation=0B thread-reservation=0
|  |  tuple-ids=71 row-size=8B cardinality=1 cost=0
|  |  in pipelines: 116(GETNEXT)
|  |
|  F39:PLAN FRAGMENT [UNPARTITIONED] hosts=1 instances=1
|  Per-Instance Resources: mem-estimate=184.84KB mem-reservation=0B thread-reservation=1
|  max-parallelism=1 segment-costs=[25, 1] cpu-comparison-result=120 [max(1 (self) vs 120 (sum children))]
|  116:AGGREGATE [FINALIZE]
|  |  output: count:merge()
|  |  mem-estimate=16.00KB mem-reservation=0B spill-buffer=2.00MB thread-reservation=0
|  |  tuple-ids=71 row-size=8B cardinality=1 cost=8
|  |  in pipelines: 116(GETNEXT), 69(OPEN)
|  |
|  115:EXCHANGE [UNPARTITIONED]
|  |  mem-estimate=168.84KB mem-reservation=0B thread-reservation=0
|  |  tuple-ids=71 row-size=8B cardinality=120 cost=17
|  |  in pipelines: 69(GETNEXT)
|  |
|  F35:PLAN FRAGMENT [RANDOM] hosts=10 instances=120
|  Per-Host Shared Resources: mem-estimate=1.00MB mem-reservation=1.00MB thread-reservation=0 runtime-filters-memory=1.00MB
|  Per-Instance Resources: mem-estimate=16.02MB mem-reservation=8.00MB thread-reservation=1
|  max-parallelism=170 segment-costs=[1682323314, 123] cpu-comparison-result=120 [max(120 (self) vs 33 (sum children))]
|  69:AGGREGATE
|  |  output: count()
|  |  mem-estimate=16.00KB mem-reservation=0B spill-buffer=2.00MB thread-reservation=0
|  |  tuple-ids=71 row-size=8B cardinality=120 cost=145605
|  |  in pipelines: 69(GETNEXT), 62(OPEN)
|  |
|  68:HASH JOIN [INNER JOIN, BROADCAST]
|  |  hash-table-id=01
|  |  hash predicates: tpcds_partitioned_parquet_snap.store_sales_6.ss_store_sk = tpcds_partitioned_parquet_snap.store_6.s_store_sk
|  |  fk/pk conjuncts: tpcds_partitioned_parquet_snap.store_sales_6.ss_store_sk = tpcds_partitioned_parquet_snap.store_6.s_store_sk
|  |  mem-estimate=0B mem-reservation=0B spill-buffer=64.00KB thread-reservation=0
|  |  tuple-ids=63,65,67,69 row-size=56B cardinality=2.08M cost=3038038
|  |  in pipelines: 62(GETNEXT), 67(OPEN)
|  |
|  |--F41:PLAN FRAGMENT [RANDOM] hosts=10 instances=10
|  |  |  Per-Instance Resources: mem-estimate=23.27MB mem-reservation=23.25MB thread-reservation=1
|  |  |  max-parallelism=10 segment-costs=[304]
|  |  JOIN BUILD
|  |  |  join-table-id=01 plan-id=02 cohort-id=02
|  |  |  build expressions: tpcds_partitioned_parquet_snap.store_6.s_store_sk
|  |  |  runtime filters: RF043[min_max] <- tpcds_partitioned_parquet_snap.store_6.s_store_sk
|  |  |  mem-estimate=23.25MB mem-reservation=23.25MB spill-buffer=64.00KB thread-reservation=0 cost=134
|  |  |
|  |  114:EXCHANGE [BROADCAST]
|  |  |  mem-estimate=16.00KB mem-reservation=0B thread-reservation=0
|  |  |  tuple-ids=69 row-size=20B cardinality=134 cost=170
|  |  |  in pipelines: 67(GETNEXT)
|  |  |
|  |  F38:PLAN FRAGMENT [RANDOM] hosts=1 instances=1
|  |  Per-Instance Resources: mem-estimate=16.09MB mem-reservation=16.00KB thread-reservation=1
|  |  max-parallelism=1 segment-costs=[202]
|  |  67:SCAN HDFS [tpcds_partitioned_parquet_snap.store, RANDOM]
|  |     HDFS partitions=1/1 files=1 size=119.76KB
|  |     predicates: tpcds_partitioned_parquet_snap.store_6.s_store_name = 'ese'
|  |     stored statistics:
|  |       table: rows=1.35K size=119.76KB
|  |       columns: all
|  |     extrapolated-rows=disabled max-scan-range-rows=1.35K
|  |     parquet statistics predicates: tpcds_partitioned_parquet_snap.store_6.s_store_name = 'ese'
|  |     parquet dictionary predicates: tpcds_partitioned_parquet_snap.store_6.s_store_name = 'ese'
|  |     mem-estimate=16.00MB mem-reservation=16.00KB thread-reservation=0
|  |     tuple-ids=69 row-size=20B cardinality=134 cost=192
|  |     in pipelines: 67(GETNEXT)
|  |
|  66:HASH JOIN [INNER JOIN, BROADCAST]
|  |  hash-table-id=02
|  |  hash predicates: tpcds_partitioned_parquet_snap.store_sales_6.ss_sold_time_sk = tpcds_partitioned_parquet_snap.time_dim_6.t_time_sk
|  |  fk/pk conjuncts: tpcds_partitioned_parquet_snap.store_sales_6.ss_sold_time_sk = tpcds_partitioned_parquet_snap.time_dim_6.t_time_sk
|  |  mem-estimate=0B mem-reservation=0B spill-buffer=64.00KB thread-reservation=0
|  |  tuple-ids=63,65,67 row-size=36B cardinality=10.37M cost=54222507
|  |  in pipelines: 62(GETNEXT), 65(OPEN)
|  |
|  |--F42:PLAN FRAGMENT [RANDOM] hosts=10 instances=10
|  |  |  Per-Instance Resources: mem-estimate=24.28MB mem-reservation=24.25MB thread-reservation=1 runtime-filters-memory=1.00MB
|  |  |  max-parallelism=10 segment-costs=[2648]
|  |  JOIN BUILD
|  |  |  join-table-id=02 plan-id=03 cohort-id=02
|  |  |  build expressions: tpcds_partitioned_parquet_snap.time_dim_6.t_time_sk
|  |  |  runtime filters: RF044[bloom] <- tpcds_partitioned_parquet_snap.time_dim_6.t_time_sk, RF045[min_max] <- tpcds_partitioned_parquet_snap.time_dim_6.t_time_sk
|  |  |  mem-estimate=23.25MB mem-reservation=23.25MB spill-buffer=64.00KB thread-reservation=0 cost=1138
|  |  |
|  |  113:EXCHANGE [BROADCAST]
|  |  |  mem-estimate=29.34KB mem-reservation=0B thread-reservation=0
|  |  |  tuple-ids=67 row-size=12B cardinality=1.14K cost=1510
|  |  |  in pipelines: 65(GETNEXT)
|  |  |
|  |  F37:PLAN FRAGMENT [RANDOM] hosts=1 instances=1
|  |  Per-Instance Resources: mem-estimate=16.06MB mem-reservation=512.00KB thread-reservation=1
|  |  max-parallelism=1 segment-costs=[19846]
|  |  65:SCAN HDFS [tpcds_partitioned_parquet_snap.time_dim, RANDOM]
|  |     HDFS partitions=1/1 files=1 size=1.31MB
|  |     predicates: tpcds_partitioned_parquet_snap.time_dim_6.t_hour = CAST(9 AS INT), tpcds_partitioned_parquet_snap.time_dim_6.t_minute < CAST(30 AS INT)
|  |     stored statistics:
|  |       table: rows=86.40K size=1.31MB
|  |       columns: all
|  |     extrapolated-rows=disabled max-scan-range-rows=86.40K
|  |     parquet statistics predicates: tpcds_partitioned_parquet_snap.time_dim_6.t_hour = CAST(9 AS INT), tpcds_partitioned_parquet_snap.time_dim_6.t_minute < CAST(30 AS INT)
|  |     parquet dictionary predicates: tpcds_partitioned_parquet_snap.time_dim_6.t_hour = CAST(9 AS INT), tpcds_partitioned_parquet_snap.time_dim_6.t_minute < CAST(30 AS INT)
|  |     mem-estimate=16.00MB mem-reservation=512.00KB thread-reservation=0
|  |     tuple-ids=67 row-size=12B cardinality=1.14K cost=19785
|  |     in pipelines: 65(GETNEXT)
|  |
|  64:HASH JOIN [INNER JOIN, BROADCAST]
|  |  hash-table-id=03
|  |  hash predicates: tpcds_partitioned_parquet_snap.store_sales_6.ss_hdemo_sk = tpcds_partitioned_parquet_snap.household_demographics_6.hd_demo_sk
|  |  fk/pk conjuncts: tpcds_partitioned_parquet_snap.store_sales_6.ss_hdemo_sk = tpcds_partitioned_parquet_snap.household_demographics_6.hd_demo_sk
|  |  mem-estimate=0B mem-reservation=0B spill-buffer=64.00KB thread-reservation=0
|  |  tuple-ids=63,65 row-size=24B cardinality=204.06M(filtered from 439.26M) cost=131936363
|  |  in pipelines: 62(GETNEXT), 63(OPEN)
|  |
|  |--F43:PLAN FRAGMENT [RANDOM] hosts=10 instances=10
|  |  |  Per-Instance Resources: mem-estimate=23.27MB mem-reservation=23.25MB thread-reservation=1
|  |  |  max-parallelism=10 segment-costs=[865]
|  |  JOIN BUILD
|  |  |  join-table-id=03 plan-id=04 cohort-id=02
|  |  |  build expressions: tpcds_partitioned_parquet_snap.household_demographics_6.hd_demo_sk
|  |  |  runtime filters: RF047[min_max] <- tpcds_partitioned_parquet_snap.household_demographics_6.hd_demo_sk
|  |  |  mem-estimate=23.25MB mem-reservation=23.25MB spill-buffer=64.00KB thread-reservation=0 cost=375
|  |  |
|  |  112:EXCHANGE [BROADCAST]
|  |  |  mem-estimate=16.00KB mem-reservation=0B thread-reservation=0
|  |  |  tuple-ids=65 row-size=12B cardinality=375 cost=490
|  |  |  in pipelines: 63(GETNEXT)
|  |  |
|  |  F36:PLAN FRAGMENT [RANDOM] hosts=1 instances=1
|  |  Per-Instance Resources: mem-estimate=16.06MB mem-reservation=64.00KB thread-reservation=1
|  |  max-parallelism=1 segment-costs=[2882]
|  |  63:SCAN HDFS [tpcds_partitioned_parquet_snap.household_demographics, RANDOM]
|  |     HDFS partitions=1/1 files=1 size=41.69KB
|  |     predicates: tpcds_partitioned_parquet_snap.household_demographics_6.hd_dep_count = CAST(0 AS INT) OR tpcds_partitioned_parquet_snap.household_demographics_6.hd_dep_count = CAST(1 AS INT) OR tpcds_partitioned_parquet_snap.household_demographics_6.hd_dep_count = CAST(2 AS INT), tpcds_partitioned_parquet_snap.household_demographics_6.hd_dep_count = CAST(0 AS INT) OR tpcds_partitioned_parquet_snap.household_demographics_6.hd_dep_count = CAST(1 AS INT) OR tpcds_partitioned_parquet_snap.household_demographics_6.hd_vehicle_count <= CAST(add(CAST(2 AS SMALLINT), CAST(2 AS SMALLINT)) AS INT), tpcds_partitioned_parquet_snap.household_demographics_6.hd_dep_count = CAST(1 AS INT) OR tpcds_partitioned_parquet_snap.household_demographics_6.hd_dep_count = CAST(2 AS INT) OR tpcds_partitioned_parquet_snap.household_demographics_6.hd_vehicle_count <= CAST(2 AS INT), tpcds_partitioned_parquet_snap.household_demographics_6.hd_dep_count = CAST(1 AS INT) OR tpcds_partitioned_parquet_snap.household_demographics_6.hd_vehicle_count <= CAST(add(CAST(2 AS SMALLINT), CAST(2 AS SMALLINT)) AS INT) OR tpcds_partitioned_parquet_snap.household_demographics_6.hd_vehicle_count <= CAST(2 AS INT), tpcds_partitioned_parquet_snap.household_demographics_6.hd_vehicle_count <= CAST(add(CAST(1 AS SMALLINT), CAST(2 AS SMALLINT)) AS INT) OR tpcds_partitioned_parquet_snap.household_demographics_6.hd_dep_count = CAST(0 AS INT) OR tpcds_partitioned_parquet_snap.household_demographics_6.hd_dep_count = CAST(2 AS INT), tpcds_partitioned_parquet_snap.household_demographics_6.hd_vehicle_count <= CAST(add(CAST(1 AS SMALLINT), CAST(2 AS SMALLINT)) AS INT) OR tpcds_partitioned_parquet_snap.household_demographics_6.hd_dep_count = CAST(2 AS INT) OR tpcds_partitioned_parquet_snap.household_demographics_6.hd_vehicle_count <= CAST(2 AS INT), tpcds_partitioned_parquet_snap.household_demographics_6.hd_vehicle_count <= CAST(add(CAST(1 AS SMALLINT), CAST(2 AS SMALLINT)) AS INT) OR tpcds_partitioned_parquet_snap.household_demographics_6.hd_vehicle_count <= CAST(add(CAST(2 AS SMALLINT), CAST(2 AS SMALLINT)) AS INT) OR tpcds_partitioned_parquet_snap.household_demographics_6.hd_dep_count = CAST(0 AS INT), tpcds_partitioned_parquet_snap.household_demographics_6.hd_vehicle_count <= CAST(add(CAST(1 AS SMALLINT), CAST(2 AS SMALLINT)) AS INT) OR tpcds_partitioned_parquet_snap.household_demographics_6.hd_vehicle_count <= CAST(add(CAST(2 AS SMALLINT), CAST(2 AS SMALLINT)) AS INT) OR tpcds_partitioned_parquet_snap.household_demographics_6.hd_vehicle_count <= CAST(2 AS INT)
|  |     stored statistics:
|  |       table: rows=7.20K size=41.69KB
|  |       columns: all
|  |     extrapolated-rows=disabled max-scan-range-rows=7.20K
|  |     parquet dictionary predicates: tpcds_partitioned_parquet_snap.household_demographics_6.hd_dep_count = CAST(0 AS INT) OR tpcds_partitioned_parquet_snap.household_demographics_6.hd_dep_count = CAST(1 AS INT) OR tpcds_partitioned_parquet_snap.household_demographics_6.hd_dep_count = CAST(2 AS INT), tpcds_partitioned_parquet_snap.household_demographics_6.hd_vehicle_count <= CAST(add(CAST(1 AS SMALLINT), CAST(2 AS SMALLINT)) AS INT) OR tpcds_partitioned_parquet_snap.household_demographics_6.hd_vehicle_count <= CAST(add(CAST(2 AS SMALLINT), CAST(2 AS SMALLINT)) AS INT) OR tpcds_partitioned_parquet_snap.household_demographics_6.hd_vehicle_count <= CAST(2 AS INT)
|  |     mem-estimate=16.00MB mem-reservation=64.00KB thread-reservation=0
|  |     tuple-ids=65 row-size=12B cardinality=375 cost=2862
|  |     in pipelines: 63(GETNEXT)
|  |
|  62:SCAN HDFS [tpcds_partitioned_parquet_snap.store_sales, RANDOM]
|     HDFS partitions=1824/1824 files=1824 size=389.90GB
|     runtime filters: RF045[min_max] -> tpcds_partitioned_parquet_snap.store_sales_6.ss_sold_time_sk, RF047[min_max] -> tpcds_partitioned_parquet_snap.store_sales_6.ss_hdemo_sk, RF043[min_max] -> tpcds_partitioned_parquet_snap.store_sales_6.ss_store_sk, RF044[bloom] -> tpcds_partitioned_parquet_snap.store_sales_6.ss_sold_time_sk
|     stored statistics:
|       table: rows=8.64G size=389.90GB
|       partitions: 1824/1824 rows=8.64G
|       columns: all
|     extrapolated-rows=disabled max-scan-range-rows=390.22M
|     mem-estimate=16.00MB mem-reservation=8.00MB thread-reservation=0
|     tuple-ids=63 row-size=12B cardinality=204.06M(filtered from 8.64G) cost=1492980801
|     in pipelines: 62(GETNEXT)
|
61:NESTED LOOP JOIN [CROSS JOIN, BROADCAST]
|  join table id: 04
|  mem-estimate=0B mem-reservation=0B thread-reservation=0
|  tuple-ids=8,17,26,35,44,53,62 row-size=56B cardinality=1 cost=0
|  in pipelines: 75(GETNEXT), 110(OPEN)
|
|--F44:PLAN FRAGMENT [UNPARTITIONED] hosts=1 instances=1
|  |  Per-Instance Resources: mem-estimate=16.01KB mem-reservation=0B thread-reservation=1
|  |  max-parallelism=1 segment-costs=[0] cpu-comparison-result=120 [max(1 (self) vs 120 (sum children))]
|  JOIN BUILD
|  |  join-table-id=04 plan-id=05 cohort-id=01
|  |  mem-estimate=8B mem-reservation=0B thread-reservation=0 cost=0
|  |
|  111:EXCHANGE [UNPARTITIONED]
|  |  mem-estimate=16.00KB mem-reservation=0B thread-reservation=0
|  |  tuple-ids=62 row-size=8B cardinality=1 cost=0
|  |  in pipelines: 110(GETNEXT)
|  |
|  F34:PLAN FRAGMENT [UNPARTITIONED] hosts=1 instances=1
|  Per-Instance Resources: mem-estimate=184.84KB mem-reservation=0B thread-reservation=1
|  max-parallelism=1 segment-costs=[25, 1] cpu-comparison-result=120 [max(1 (self) vs 120 (sum children))]
|  110:AGGREGATE [FINALIZE]
|  |  output: count:merge()
|  |  mem-estimate=16.00KB mem-reservation=0B spill-buffer=2.00MB thread-reservation=0
|  |  tuple-ids=62 row-size=8B cardinality=1 cost=8
|  |  in pipelines: 110(GETNEXT), 60(OPEN)
|  |
|  109:EXCHANGE [UNPARTITIONED]
|  |  mem-estimate=168.84KB mem-reservation=0B thread-reservation=0
|  |  tuple-ids=62 row-size=8B cardinality=120 cost=17
|  |  in pipelines: 60(GETNEXT)
|  |
|  F30:PLAN FRAGMENT [RANDOM] hosts=10 instances=120
|  Per-Host Shared Resources: mem-estimate=1.00MB mem-reservation=1.00MB thread-reservation=0 runtime-filters-memory=1.00MB
|  Per-Instance Resources: mem-estimate=16.02MB mem-reservation=8.00MB thread-reservation=1
|  max-parallelism=170 segment-costs=[1682323314, 123] cpu-comparison-result=120 [max(120 (self) vs 33 (sum children))]
|  60:AGGREGATE
|  |  output: count()
|  |  mem-estimate=16.00KB mem-reservation=0B spill-buffer=2.00MB thread-reservation=0
|  |  tuple-ids=62 row-size=8B cardinality=120 cost=145605
|  |  in pipelines: 60(GETNEXT), 53(OPEN)
|  |
|  59:HASH JOIN [INNER JOIN, BROADCAST]
|  |  hash-table-id=05
|  |  hash predicates: tpcds_partitioned_parquet_snap.store_sales_5.ss_store_sk = tpcds_partitioned_parquet_snap.store_5.s_store_sk
|  |  fk/pk conjuncts: tpcds_partitioned_parquet_snap.store_sales_5.ss_store_sk = tpcds_partitioned_parquet_snap.store_5.s_store_sk
|  |  mem-estimate=0B mem-reservation=0B spill-buffer=64.00KB thread-reservation=0
|  |  tuple-ids=54,56,58,60 row-size=56B cardinality=2.08M cost=3038038
|  |  in pipelines: 53(GETNEXT), 58(OPEN)
|  |
|  |--F45:PLAN FRAGMENT [RANDOM] hosts=10 instances=10
|  |  |  Per-Instance Resources: mem-estimate=23.27MB mem-reservation=23.25MB thread-reservation=1
|  |  |  max-parallelism=10 segment-costs=[304]
|  |  JOIN BUILD
|  |  |  join-table-id=05 plan-id=06 cohort-id=03
|  |  |  build expressions: tpcds_partitioned_parquet_snap.store_5.s_store_sk
|  |  |  runtime filters: RF037[min_max] <- tpcds_partitioned_parquet_snap.store_5.s_store_sk
|  |  |  mem-estimate=23.25MB mem-reservation=23.25MB spill-buffer=64.00KB thread-reservation=0 cost=134
|  |  |
|  |  108:EXCHANGE [BROADCAST]
|  |  |  mem-estimate=16.00KB mem-reservation=0B thread-reservation=0
|  |  |  tuple-ids=60 row-size=20B cardinality=134 cost=170
|  |  |  in pipelines: 58(GETNEXT)
|  |  |
|  |  F33:PLAN FRAGMENT [RANDOM] hosts=1 instances=1
|  |  Per-Instance Resources: mem-estimate=16.09MB mem-reservation=16.00KB thread-reservation=1
|  |  max-parallelism=1 segment-costs=[202]
|  |  58:SCAN HDFS [tpcds_partitioned_parquet_snap.store, RANDOM]
|  |     HDFS partitions=1/1 files=1 size=119.76KB
|  |     predicates: tpcds_partitioned_parquet_snap.store_5.s_store_name = 'ese'
|  |     stored statistics:
|  |       table: rows=1.35K size=119.76KB
|  |       columns: all
|  |     extrapolated-rows=disabled max-scan-range-rows=1.35K
|  |     parquet statistics predicates: tpcds_partitioned_parquet_snap.store_5.s_store_name = 'ese'
|  |     parquet dictionary predicates: tpcds_partitioned_parquet_snap.store_5.s_store_name = 'ese'
|  |     mem-estimate=16.00MB mem-reservation=16.00KB thread-reservation=0
|  |     tuple-ids=60 row-size=20B cardinality=134 cost=192
|  |     in pipelines: 58(GETNEXT)
|  |
|  57:HASH JOIN [INNER JOIN, BROADCAST]
|  |  hash-table-id=06
|  |  hash predicates: tpcds_partitioned_parquet_snap.store_sales_5.ss_sold_time_sk = tpcds_partitioned_parquet_snap.time_dim_5.t_time_sk
|  |  fk/pk conjuncts: tpcds_partitioned_parquet_snap.store_sales_5.ss_sold_time_sk = tpcds_partitioned_parquet_snap.time_dim_5.t_time_sk
|  |  mem-estimate=0B mem-reservation=0B spill-buffer=64.00KB thread-reservation=0
|  |  tuple-ids=54,56,58 row-size=36B cardinality=10.37M cost=54222507
|  |  in pipelines: 53(GETNEXT), 56(OPEN)
|  |
|  |--F46:PLAN FRAGMENT [RANDOM] hosts=10 instances=10
|  |  |  Per-Instance Resources: mem-estimate=24.28MB mem-reservation=24.25MB thread-reservation=1 runtime-filters-memory=1.00MB
|  |  |  max-parallelism=10 segment-costs=[2648]
|  |  JOIN BUILD
|  |  |  join-table-id=06 plan-id=07 cohort-id=03
|  |  |  build expressions: tpcds_partitioned_parquet_snap.time_dim_5.t_time_sk
|  |  |  runtime filters: RF038[bloom] <- tpcds_partitioned_parquet_snap.time_dim_5.t_time_sk, RF039[min_max] <- tpcds_partitioned_parquet_snap.time_dim_5.t_time_sk
|  |  |  mem-estimate=23.25MB mem-reservation=23.25MB spill-buffer=64.00KB thread-reservation=0 cost=1138
|  |  |
|  |  107:EXCHANGE [BROADCAST]
|  |  |  mem-estimate=29.34KB mem-reservation=0B thread-reservation=0
|  |  |  tuple-ids=58 row-size=12B cardinality=1.14K cost=1510
|  |  |  in pipelines: 56(GETNEXT)
|  |  |
|  |  F32:PLAN FRAGMENT [RANDOM] hosts=1 instances=1
|  |  Per-Instance Resources: mem-estimate=16.06MB mem-reservation=512.00KB thread-reservation=1
|  |  max-parallelism=1 segment-costs=[19846]
|  |  56:SCAN HDFS [tpcds_partitioned_parquet_snap.time_dim, RANDOM]
|  |     HDFS partitions=1/1 files=1 size=1.31MB
|  |     predicates: tpcds_partitioned_parquet_snap.time_dim_5.t_hour = CAST(9 AS INT), tpcds_partitioned_parquet_snap.time_dim_5.t_minute >= CAST(30 AS INT)
|  |     stored statistics:
|  |       table: rows=86.40K size=1.31MB
|  |       columns: all
|  |     extrapolated-rows=disabled max-scan-range-rows=86.40K
|  |     parquet statistics predicates: tpcds_partitioned_parquet_snap.time_dim_5.t_hour = CAST(9 AS INT), tpcds_partitioned_parquet_snap.time_dim_5.t_minute >= CAST(30 AS INT)
|  |     parquet dictionary predicates: tpcds_partitioned_parquet_snap.time_dim_5.t_hour = CAST(9 AS INT), tpcds_partitioned_parquet_snap.time_dim_5.t_minute >= CAST(30 AS INT)
|  |     mem-estimate=16.00MB mem-reservation=512.00KB thread-reservation=0
|  |     tuple-ids=58 row-size=12B cardinality=1.14K cost=19785
|  |     in pipelines: 56(GETNEXT)
|  |
|  55:HASH JOIN [INNER JOIN, BROADCAST]
|  |  hash-table-id=07
|  |  hash predicates: tpcds_partitioned_parquet_snap.store_sales_5.ss_hdemo_sk = tpcds_partitioned_parquet_snap.household_demographics_5.hd_demo_sk
|  |  fk/pk conjuncts: tpcds_partitioned_parquet_snap.store_sales_5.ss_hdemo_sk = tpcds_partitioned_parquet_snap.household_demographics_5.hd_demo_sk
|  |  mem-estimate=0B mem-reservation=0B spill-buffer=64.00KB thread-reservation=0
|  |  tuple-ids=54,56 row-size=24B cardinality=204.06M(filtered from 439.26M) cost=131936363
|  |  in pipelines: 53(GETNEXT), 54(OPEN)
|  |
|  |--F47:PLAN FRAGMENT [RANDOM] hosts=10 instances=10
|  |  |  Per-Instance Resources: mem-estimate=23.27MB mem-reservation=23.25MB thread-reservation=1
|  |  |  max-parallelism=10 segment-costs=[865]
|  |  JOIN BUILD
|  |  |  join-table-id=07 plan-id=08 cohort-id=03
|  |  |  build expressions: tpcds_partitioned_parquet_snap.household_demographics_5.hd_demo_sk
|  |  |  runtime filters: RF041[min_max] <- tpcds_partitioned_parquet_snap.household_demographics_5.hd_demo_sk
|  |  |  mem-estimate=23.25MB mem-reservation=23.25MB spill-buffer=64.00KB thread-reservation=0 cost=375
|  |  |
|  |  106:EXCHANGE [BROADCAST]
|  |  |  mem-estimate=16.00KB mem-reservation=0B thread-reservation=0
|  |  |  tuple-ids=56 row-size=12B cardinality=375 cost=490
|  |  |  in pipelines: 54(GETNEXT)
|  |  |
|  |  F31:PLAN FRAGMENT [RANDOM] hosts=1 instances=1
|  |  Per-Instance Resources: mem-estimate=16.06MB mem-reservation=64.00KB thread-reservation=1
|  |  max-parallelism=1 segment-costs=[2882]
|  |  54:SCAN HDFS [tpcds_partitioned_parquet_snap.household_demographics, RANDOM]
|  |     HDFS partitions=1/1 files=1 size=41.69KB
|  |     predicates: tpcds_partitioned_parquet_snap.household_demographics_5.hd_dep_count = CAST(0 AS INT) OR tpcds_partitioned_parquet_snap.household_demographics_5.hd_dep_count = CAST(1 AS INT) OR tpcds_partitioned_parquet_snap.household_demographics_5.hd_dep_count = CAST(2 AS INT), tpcds_partitioned_parquet_snap.household_demographics_5.hd_dep_count = CAST(0 AS INT) OR tpcds_partitioned_parquet_snap.household_demographics_5.hd_dep_count = CAST(1 AS INT) OR tpcds_partitioned_parquet_snap.household_demographics_5.hd_vehicle_count <= CAST(add(CAST(2 AS SMALLINT), CAST(2 AS SMALLINT)) AS INT), tpcds_partitioned_parquet_snap.household_demographics_5.hd_dep_count = CAST(1 AS INT) OR tpcds_partitioned_parquet_snap.household_demographics_5.hd_dep_count = CAST(2 AS INT) OR tpcds_partitioned_parquet_snap.household_demographics_5.hd_vehicle_count <= CAST(2 AS INT), tpcds_partitioned_parquet_snap.household_demographics_5.hd_dep_count = CAST(1 AS INT) OR tpcds_partitioned_parquet_snap.household_demographics_5.hd_vehicle_count <= CAST(add(CAST(2 AS SMALLINT), CAST(2 AS SMALLINT)) AS INT) OR tpcds_partitioned_parquet_snap.household_demographics_5.hd_vehicle_count <= CAST(2 AS INT), tpcds_partitioned_parquet_snap.household_demographics_5.hd_vehicle_count <= CAST(add(CAST(1 AS SMALLINT), CAST(2 AS SMALLINT)) AS INT) OR tpcds_partitioned_parquet_snap.household_demographics_5.hd_dep_count = CAST(0 AS INT) OR tpcds_partitioned_parquet_snap.household_demographics_5.hd_dep_count = CAST(2 AS INT), tpcds_partitioned_parquet_snap.household_demographics_5.hd_vehicle_count <= CAST(add(CAST(1 AS SMALLINT), CAST(2 AS SMALLINT)) AS INT) OR tpcds_partitioned_parquet_snap.household_demographics_5.hd_dep_count = CAST(2 AS INT) OR tpcds_partitioned_parquet_snap.household_demographics_5.hd_vehicle_count <= CAST(2 AS INT), tpcds_partitioned_parquet_snap.household_demographics_5.hd_vehicle_count <= CAST(add(CAST(1 AS SMALLINT), CAST(2 AS SMALLINT)) AS INT) OR tpcds_partitioned_parquet_snap.household_demographics_5.hd_vehicle_count <= CAST(add(CAST(2 AS SMALLINT), CAST(2 AS SMALLINT)) AS INT) OR tpcds_partitioned_parquet_snap.household_demographics_5.hd_dep_count = CAST(0 AS INT), tpcds_partitioned_parquet_snap.household_demographics_5.hd_vehicle_count <= CAST(add(CAST(1 AS SMALLINT), CAST(2 AS SMALLINT)) AS INT) OR tpcds_partitioned_parquet_snap.household_demographics_5.hd_vehicle_count <= CAST(add(CAST(2 AS SMALLINT), CAST(2 AS SMALLINT)) AS INT) OR tpcds_partitioned_parquet_snap.household_demographics_5.hd_vehicle_count <= CAST(2 AS INT)
|  |     stored statistics:
|  |       table: rows=7.20K size=41.69KB
|  |       columns: all
|  |     extrapolated-rows=disabled max-scan-range-rows=7.20K
|  |     parquet dictionary predicates: tpcds_partitioned_parquet_snap.household_demographics_5.hd_dep_count = CAST(0 AS INT) OR tpcds_partitioned_parquet_snap.household_demographics_5.hd_dep_count = CAST(1 AS INT) OR tpcds_partitioned_parquet_snap.household_demographics_5.hd_dep_count = CAST(2 AS INT), tpcds_partitioned_parquet_snap.household_demographics_5.hd_vehicle_count <= CAST(add(CAST(1 AS SMALLINT), CAST(2 AS SMALLINT)) AS INT) OR tpcds_partitioned_parquet_snap.household_demographics_5.hd_vehicle_count <= CAST(add(CAST(2 AS SMALLINT), CAST(2 AS SMALLINT)) AS INT) OR tpcds_partitioned_parquet_snap.household_demographics_5.hd_vehicle_count <= CAST(2 AS INT)
|  |     mem-estimate=16.00MB mem-reservation=64.00KB thread-reservation=0
|  |     tuple-ids=56 row-size=12B cardinality=375 cost=2862
|  |     in pipelines: 54(GETNEXT)
|  |
|  53:SCAN HDFS [tpcds_partitioned_parquet_snap.store_sales, RANDOM]
|     HDFS partitions=1824/1824 files=1824 size=389.90GB
|     runtime filters: RF039[min_max] -> tpcds_partitioned_parquet_snap.store_sales_5.ss_sold_time_sk, RF041[min_max] -> tpcds_partitioned_parquet_snap.store_sales_5.ss_hdemo_sk, RF037[min_max] -> tpcds_partitioned_parquet_snap.store_sales_5.ss_store_sk, RF038[bloom] -> tpcds_partitioned_parquet_snap.store_sales_5.ss_sold_time_sk
|     stored statistics:
|       table: rows=8.64G size=389.90GB
|       partitions: 1824/1824 rows=8.64G
|       columns: all
|     extrapolated-rows=disabled max-scan-range-rows=390.22M
|     mem-estimate=16.00MB mem-reservation=8.00MB thread-reservation=0
|     tuple-ids=54 row-size=12B cardinality=204.06M(filtered from 8.64G) cost=1492980801
|     in pipelines: 53(GETNEXT)
|
52:NESTED LOOP JOIN [CROSS JOIN, BROADCAST]
|  join table id: 08
|  mem-estimate=0B mem-reservation=0B thread-reservation=0
|  tuple-ids=8,17,26,35,44,53 row-size=48B cardinality=1 cost=0
|  in pipelines: 75(GETNEXT), 104(OPEN)
|
|--F48:PLAN FRAGMENT [UNPARTITIONED] hosts=1 instances=1
|  |  Per-Instance Resources: mem-estimate=16.01KB mem-reservation=0B thread-reservation=1
|  |  max-parallelism=1 segment-costs=[0] cpu-comparison-result=120 [max(1 (self) vs 120 (sum children))]
|  JOIN BUILD
|  |  join-table-id=08 plan-id=09 cohort-id=01
|  |  mem-estimate=8B mem-reservation=0B thread-reservation=0 cost=0
|  |
|  105:EXCHANGE [UNPARTITIONED]
|  |  mem-estimate=16.00KB mem-reservation=0B thread-reservation=0
|  |  tuple-ids=53 row-size=8B cardinality=1 cost=0
|  |  in pipelines: 104(GETNEXT)
|  |
|  F29:PLAN FRAGMENT [UNPARTITIONED] hosts=1 instances=1
|  Per-Instance Resources: mem-estimate=184.84KB mem-reservation=0B thread-reservation=1
|  max-parallelism=1 segment-costs=[25, 1] cpu-comparison-result=120 [max(1 (self) vs 120 (sum children))]
|  104:AGGREGATE [FINALIZE]
|  |  output: count:merge()
|  |  mem-estimate=16.00KB mem-reservation=0B spill-buffer=2.00MB thread-reservation=0
|  |  tuple-ids=53 row-size=8B cardinality=1 cost=8
|  |  in pipelines: 104(GETNEXT), 51(OPEN)
|  |
|  103:EXCHANGE [UNPARTITIONED]
|  |  mem-estimate=168.84KB mem-reservation=0B thread-reservation=0
|  |  tuple-ids=53 row-size=8B cardinality=120 cost=17
|  |  in pipelines: 51(GETNEXT)
|  |
|  F25:PLAN FRAGMENT [RANDOM] hosts=10 instances=120
|  Per-Host Shared Resources: mem-estimate=1.00MB mem-reservation=1.00MB thread-reservation=0 runtime-filters-memory=1.00MB
|  Per-Instance Resources: mem-estimate=16.02MB mem-reservation=8.00MB thread-reservation=1
|  max-parallelism=170 segment-costs=[1682323314, 123] cpu-comparison-result=120 [max(120 (self) vs 33 (sum children))]
|  51:AGGREGATE
|  |  output: count()
|  |  mem-estimate=16.00KB mem-reservation=0B spill-buffer=2.00MB thread-reservation=0
|  |  tuple-ids=53 row-size=8B cardinality=120 cost=145605
|  |  in pipelines: 51(GETNEXT), 44(OPEN)
|  |
|  50:HASH JOIN [INNER JOIN, BROADCAST]
|  |  hash-table-id=09
|  |  hash predicates: tpcds_partitioned_parquet_snap.store_sales_4.ss_store_sk = tpcds_partitioned_parquet_snap.store_4.s_store_sk
|  |  fk/pk conjuncts: tpcds_partitioned_parquet_snap.store_sales_4.ss_store_sk = tpcds_partitioned_parquet_snap.store_4.s_store_sk
|  |  mem-estimate=0B mem-reservation=0B spill-buffer=64.00KB thread-reservation=0
|  |  tuple-ids=45,47,49,51 row-size=56B cardinality=2.08M cost=3038038
|  |  in pipelines: 44(GETNEXT), 49(OPEN)
|  |
|  |--F49:PLAN FRAGMENT [RANDOM] hosts=10 instances=10
|  |  |  Per-Instance Resources: mem-estimate=23.27MB mem-reservation=23.25MB thread-reservation=1
|  |  |  max-parallelism=10 segment-costs=[304]
|  |  JOIN BUILD
|  |  |  join-table-id=09 plan-id=10 cohort-id=04
|  |  |  build expressions: tpcds_partitioned_parquet_snap.store_4.s_store_sk
|  |  |  runtime filters: RF031[min_max] <- tpcds_partitioned_parquet_snap.store_4.s_store_sk
|  |  |  mem-estimate=23.25MB mem-reservation=23.25MB spill-buffer=64.00KB thread-reservation=0 cost=134
|  |  |
|  |  102:EXCHANGE [BROADCAST]
|  |  |  mem-estimate=16.00KB mem-reservation=0B thread-reservation=0
|  |  |  tuple-ids=51 row-size=20B cardinality=134 cost=170
|  |  |  in pipelines: 49(GETNEXT)
|  |  |
|  |  F28:PLAN FRAGMENT [RANDOM] hosts=1 instances=1
|  |  Per-Instance Resources: mem-estimate=16.09MB mem-reservation=16.00KB thread-reservation=1
|  |  max-parallelism=1 segment-costs=[202]
|  |  49:SCAN HDFS [tpcds_partitioned_parquet_snap.store, RANDOM]
|  |     HDFS partitions=1/1 files=1 size=119.76KB
|  |     predicates: tpcds_partitioned_parquet_snap.store_4.s_store_name = 'ese'
|  |     stored statistics:
|  |       table: rows=1.35K size=119.76KB
|  |       columns: all
|  |     extrapolated-rows=disabled max-scan-range-rows=1.35K
|  |     parquet statistics predicates: tpcds_partitioned_parquet_snap.store_4.s_store_name = 'ese'
|  |     parquet dictionary predicates: tpcds_partitioned_parquet_snap.store_4.s_store_name = 'ese'
|  |     mem-estimate=16.00MB mem-reservation=16.00KB thread-reservation=0
|  |     tuple-ids=51 row-size=20B cardinality=134 cost=192
|  |     in pipelines: 49(GETNEXT)
|  |
|  48:HASH JOIN [INNER JOIN, BROADCAST]
|  |  hash-table-id=10
|  |  hash predicates: tpcds_partitioned_parquet_snap.store_sales_4.ss_sold_time_sk = tpcds_partitioned_parquet_snap.time_dim_4.t_time_sk
|  |  fk/pk conjuncts: tpcds_partitioned_parquet_snap.store_sales_4.ss_sold_time_sk = tpcds_partitioned_parquet_snap.time_dim_4.t_time_sk
|  |  mem-estimate=0B mem-reservation=0B spill-buffer=64.00KB thread-reservation=0
|  |  tuple-ids=45,47,49 row-size=36B cardinality=10.37M cost=54222507
|  |  in pipelines: 44(GETNEXT), 47(OPEN)
|  |
|  |--F50:PLAN FRAGMENT [RANDOM] hosts=10 instances=10
|  |  |  Per-Instance Resources: mem-estimate=24.28MB mem-reservation=24.25MB thread-reservation=1 runtime-filters-memory=1.00MB
|  |  |  max-parallelism=10 segment-costs=[2648]
|  |  JOIN BUILD
|  |  |  join-table-id=10 plan-id=11 cohort-id=04
|  |  |  build expressions: tpcds_partitioned_parquet_snap.time_dim_4.t_time_sk
|  |  |  runtime filters: RF032[bloom] <- tpcds_partitioned_parquet_snap.time_dim_4.t_time_sk, RF033[min_max] <- tpcds_partitioned_parquet_snap.time_dim_4.t_time_sk
|  |  |  mem-estimate=23.25MB mem-reservation=23.25MB spill-buffer=64.00KB thread-reservation=0 cost=1138
|  |  |
|  |  101:EXCHANGE [BROADCAST]
|  |  |  mem-estimate=29.34KB mem-reservation=0B thread-reservation=0
|  |  |  tuple-ids=49 row-size=12B cardinality=1.14K cost=1510
|  |  |  in pipelines: 47(GETNEXT)
|  |  |
|  |  F27:PLAN FRAGMENT [RANDOM] hosts=1 instances=1
|  |  Per-Instance Resources: mem-estimate=16.06MB mem-reservation=512.00KB thread-reservation=1
|  |  max-parallelism=1 segment-costs=[19846]
|  |  47:SCAN HDFS [tpcds_partitioned_parquet_snap.time_dim, RANDOM]
|  |     HDFS partitions=1/1 files=1 size=1.31MB
|  |     predicates: tpcds_partitioned_parquet_snap.time_dim_4.t_hour = CAST(10 AS INT), tpcds_partitioned_parquet_snap.time_dim_4.t_minute < CAST(30 AS INT)
|  |     stored statistics:
|  |       table: rows=86.40K size=1.31MB
|  |       columns: all
|  |     extrapolated-rows=disabled max-scan-range-rows=86.40K
|  |     parquet statistics predicates: tpcds_partitioned_parquet_snap.time_dim_4.t_hour = CAST(10 AS INT), tpcds_partitioned_parquet_snap.time_dim_4.t_minute < CAST(30 AS INT)
|  |     parquet dictionary predicates: tpcds_partitioned_parquet_snap.time_dim_4.t_hour = CAST(10 AS INT), tpcds_partitioned_parquet_snap.time_dim_4.t_minute < CAST(30 AS INT)
|  |     mem-estimate=16.00MB mem-reservation=512.00KB thread-reservation=0
|  |     tuple-ids=49 row-size=12B cardinality=1.14K cost=19785
|  |     in pipelines: 47(GETNEXT)
|  |
|  46:HASH JOIN [INNER JOIN, BROADCAST]
|  |  hash-table-id=11
|  |  hash predicates: tpcds_partitioned_parquet_snap.store_sales_4.ss_hdemo_sk = tpcds_partitioned_parquet_snap.household_demographics_4.hd_demo_sk
|  |  fk/pk conjuncts: tpcds_partitioned_parquet_snap.store_sales_4.ss_hdemo_sk = tpcds_partitioned_parquet_snap.household_demographics_4.hd_demo_sk
|  |  mem-estimate=0B mem-reservation=0B spill-buffer=64.00KB thread-reservation=0
|  |  tuple-ids=45,47 row-size=24B cardinality=204.06M(filtered from 439.26M) cost=131936363
|  |  in pipelines: 44(GETNEXT), 45(OPEN)
|  |
|  |--F51:PLAN FRAGMENT [RANDOM] hosts=10 instances=10
|  |  |  Per-Instance Resources: mem-estimate=23.27MB mem-reservation=23.25MB thread-reservation=1
|  |  |  max-parallelism=10 segment-costs=[865]
|  |  JOIN BUILD
|  |  |  join-table-id=11 plan-id=12 cohort-id=04
|  |  |  build expressions: tpcds_partitioned_parquet_snap.household_demographics_4.hd_demo_sk
|  |  |  runtime filters: RF035[min_max] <- tpcds_partitioned_parquet_snap.household_demographics_4.hd_demo_sk
|  |  |  mem-estimate=23.25MB mem-reservation=23.25MB spill-buffer=64.00KB thread-reservation=0 cost=375
|  |  |
|  |  100:EXCHANGE [BROADCAST]
|  |  |  mem-estimate=16.00KB mem-reservation=0B thread-reservation=0
|  |  |  tuple-ids=47 row-size=12B cardinality=375 cost=490
|  |  |  in pipelines: 45(GETNEXT)
|  |  |
|  |  F26:PLAN FRAGMENT [RANDOM] hosts=1 instances=1
|  |  Per-Instance Resources: mem-estimate=16.06MB mem-reservation=64.00KB thread-reservation=1
|  |  max-parallelism=1 segment-costs=[2882]
|  |  45:SCAN HDFS [tpcds_partitioned_parquet_snap.household_demographics, RANDOM]
|  |     HDFS partitions=1/1 files=1 size=41.69KB
|  |     predicates: tpcds_partitioned_parquet_snap.household_demographics_4.hd_dep_count = CAST(0 AS INT) OR tpcds_partitioned_parquet_snap.household_demographics_4.hd_dep_count = CAST(1 AS INT) OR tpcds_partitioned_parquet_snap.household_demographics_4.hd_dep_count = CAST(2 AS INT), tpcds_partitioned_parquet_snap.household_demographics_4.hd_dep_count = CAST(0 AS INT) OR tpcds_partitioned_parquet_snap.household_demographics_4.hd_dep_count = CAST(1 AS INT) OR tpcds_partitioned_parquet_snap.household_demographics_4.hd_vehicle_count <= CAST(add(CAST(2 AS SMALLINT), CAST(2 AS SMALLINT)) AS INT), tpcds_partitioned_parquet_snap.household_demographics_4.hd_dep_count = CAST(1 AS INT) OR tpcds_partitioned_parquet_snap.household_demographics_4.hd_dep_count = CAST(2 AS INT) OR tpcds_partitioned_parquet_snap.household_demographics_4.hd_vehicle_count <= CAST(2 AS INT), tpcds_partitioned_parquet_snap.household_demographics_4.hd_dep_count = CAST(1 AS INT) OR tpcds_partitioned_parquet_snap.household_demographics_4.hd_vehicle_count <= CAST(add(CAST(2 AS SMALLINT), CAST(2 AS SMALLINT)) AS INT) OR tpcds_partitioned_parquet_snap.household_demographics_4.hd_vehicle_count <= CAST(2 AS INT), tpcds_partitioned_parquet_snap.household_demographics_4.hd_vehicle_count <= CAST(add(CAST(1 AS SMALLINT), CAST(2 AS SMALLINT)) AS INT) OR tpcds_partitioned_parquet_snap.household_demographics_4.hd_dep_count = CAST(0 AS INT) OR tpcds_partitioned_parquet_snap.household_demographics_4.hd_dep_count = CAST(2 AS INT), tpcds_partitioned_parquet_snap.household_demographics_4.hd_vehicle_count <= CAST(add(CAST(1 AS SMALLINT), CAST(2 AS SMALLINT)) AS INT) OR tpcds_partitioned_parquet_snap.household_demographics_4.hd_dep_count = CAST(2 AS INT) OR tpcds_partitioned_parquet_snap.household_demographics_4.hd_vehicle_count <= CAST(2 AS INT), tpcds_partitioned_parquet_snap.household_demographics_4.hd_vehicle_count <= CAST(add(CAST(1 AS SMALLINT), CAST(2 AS SMALLINT)) AS INT) OR tpcds_partitioned_parquet_snap.household_demographics_4.hd_vehicle_count <= CAST(add(CAST(2 AS SMALLINT), CAST(2 AS SMALLINT)) AS INT) OR tpcds_partitioned_parquet_snap.household_demographics_4.hd_dep_count = CAST(0 AS INT), tpcds_partitioned_parquet_snap.household_demographics_4.hd_vehicle_count <= CAST(add(CAST(1 AS SMALLINT), CAST(2 AS SMALLINT)) AS INT) OR tpcds_partitioned_parquet_snap.household_demographics_4.hd_vehicle_count <= CAST(add(CAST(2 AS SMALLINT), CAST(2 AS SMALLINT)) AS INT) OR tpcds_partitioned_parquet_snap.household_demographics_4.hd_vehicle_count <= CAST(2 AS INT)
|  |     stored statistics:
|  |       table: rows=7.20K size=41.69KB
|  |       columns: all
|  |     extrapolated-rows=disabled max-scan-range-rows=7.20K
|  |     parquet dictionary predicates: tpcds_partitioned_parquet_snap.household_demographics_4.hd_dep_count = CAST(0 AS INT) OR tpcds_partitioned_parquet_snap.household_demographics_4.hd_dep_count = CAST(1 AS INT) OR tpcds_partitioned_parquet_snap.household_demographics_4.hd_dep_count = CAST(2 AS INT), tpcds_partitioned_parquet_snap.household_demographics_4.hd_vehicle_count <= CAST(add(CAST(1 AS SMALLINT), CAST(2 AS SMALLINT)) AS INT) OR tpcds_partitioned_parquet_snap.household_demographics_4.hd_vehicle_count <= CAST(add(CAST(2 AS SMALLINT), CAST(2 AS SMALLINT)) AS INT) OR tpcds_partitioned_parquet_snap.household_demographics_4.hd_vehicle_count <= CAST(2 AS INT)
|  |     mem-estimate=16.00MB mem-reservation=64.00KB thread-reservation=0
|  |     tuple-ids=47 row-size=12B cardinality=375 cost=2862
|  |     in pipelines: 45(GETNEXT)
|  |
|  44:SCAN HDFS [tpcds_partitioned_parquet_snap.store_sales, RANDOM]
|     HDFS partitions=1824/1824 files=1824 size=389.90GB
|     runtime filters: RF033[min_max] -> tpcds_partitioned_parquet_snap.store_sales_4.ss_sold_time_sk, RF035[min_max] -> tpcds_partitioned_parquet_snap.store_sales_4.ss_hdemo_sk, RF031[min_max] -> tpcds_partitioned_parquet_snap.store_sales_4.ss_store_sk, RF032[bloom] -> tpcds_partitioned_parquet_snap.store_sales_4.ss_sold_time_sk
|     stored statistics:
|       table: rows=8.64G size=389.90GB
|       partitions: 1824/1824 rows=8.64G
|       columns: all
|     extrapolated-rows=disabled max-scan-range-rows=390.22M
|     mem-estimate=16.00MB mem-reservation=8.00MB thread-reservation=0
|     tuple-ids=45 row-size=12B cardinality=204.06M(filtered from 8.64G) cost=1492980801
|     in pipelines: 44(GETNEXT)
|
43:NESTED LOOP JOIN [CROSS JOIN, BROADCAST]
|  join table id: 12
|  mem-estimate=0B mem-reservation=0B thread-reservation=0
|  tuple-ids=8,17,26,35,44 row-size=40B cardinality=1 cost=0
|  in pipelines: 75(GETNEXT), 98(OPEN)
|
|--F52:PLAN FRAGMENT [UNPARTITIONED] hosts=1 instances=1
|  |  Per-Instance Resources: mem-estimate=16.01KB mem-reservation=0B thread-reservation=1
|  |  max-parallelism=1 segment-costs=[0] cpu-comparison-result=120 [max(1 (self) vs 120 (sum children))]
|  JOIN BUILD
|  |  join-table-id=12 plan-id=13 cohort-id=01
|  |  mem-estimate=8B mem-reservation=0B thread-reservation=0 cost=0
|  |
|  99:EXCHANGE [UNPARTITIONED]
|  |  mem-estimate=16.00KB mem-reservation=0B thread-reservation=0
|  |  tuple-ids=44 row-size=8B cardinality=1 cost=0
|  |  in pipelines: 98(GETNEXT)
|  |
|  F24:PLAN FRAGMENT [UNPARTITIONED] hosts=1 instances=1
|  Per-Instance Resources: mem-estimate=184.84KB mem-reservation=0B thread-reservation=1
|  max-parallelism=1 segment-costs=[25, 1] cpu-comparison-result=120 [max(1 (self) vs 120 (sum children))]
|  98:AGGREGATE [FINALIZE]
|  |  output: count:merge()
|  |  mem-estimate=16.00KB mem-reservation=0B spill-buffer=2.00MB thread-reservation=0
|  |  tuple-ids=44 row-size=8B cardinality=1 cost=8
|  |  in pipelines: 98(GETNEXT), 42(OPEN)
|  |
|  97:EXCHANGE [UNPARTITIONED]
|  |  mem-estimate=168.84KB mem-reservation=0B thread-reservation=0
|  |  tuple-ids=44 row-size=8B cardinality=120 cost=17
|  |  in pipelines: 42(GETNEXT)
|  |
|  F20:PLAN FRAGMENT [RANDOM] hosts=10 instances=120
|  Per-Host Shared Resources: mem-estimate=1.00MB mem-reservation=1.00MB thread-reservation=0 runtime-filters-memory=1.00MB
|  Per-Instance Resources: mem-estimate=16.02MB mem-reservation=8.00MB thread-reservation=1
|  max-parallelism=170 segment-costs=[1682323314, 123] cpu-comparison-result=120 [max(120 (self) vs 33 (sum children))]
|  42:AGGREGATE
|  |  output: count()
|  |  mem-estimate=16.00KB mem-reservation=0B spill-buffer=2.00MB thread-reservation=0
|  |  tuple-ids=44 row-size=8B cardinality=120 cost=145605
|  |  in pipelines: 42(GETNEXT), 35(OPEN)
|  |
|  41:HASH JOIN [INNER JOIN, BROADCAST]
|  |  hash-table-id=13
|  |  hash predicates: tpcds_partitioned_parquet_snap.store_sales_3.ss_store_sk = tpcds_partitioned_parquet_snap.store_3.s_store_sk
|  |  fk/pk conjuncts: tpcds_partitioned_parquet_snap.store_sales_3.ss_store_sk = tpcds_partitioned_parquet_snap.store_3.s_store_sk
|  |  mem-estimate=0B mem-reservation=0B spill-buffer=64.00KB thread-reservation=0
|  |  tuple-ids=36,38,40,42 row-size=56B cardinality=2.08M cost=3038038
|  |  in pipelines: 35(GETNEXT), 40(OPEN)
|  |
|  |--F53:PLAN FRAGMENT [RANDOM] hosts=10 instances=10
|  |  |  Per-Instance Resources: mem-estimate=23.27MB mem-reservation=23.25MB thread-reservation=1
|  |  |  max-parallelism=10 segment-costs=[304]
|  |  JOIN BUILD
|  |  |  join-table-id=13 plan-id=14 cohort-id=05
|  |  |  build expressions: tpcds_partitioned_parquet_snap.store_3.s_store_sk
|  |  |  runtime filters: RF025[min_max] <- tpcds_partitioned_parquet_snap.store_3.s_store_sk
|  |  |  mem-estimate=23.25MB mem-reservation=23.25MB spill-buffer=64.00KB thread-reservation=0 cost=134
|  |  |
|  |  96:EXCHANGE [BROADCAST]
|  |  |  mem-estimate=16.00KB mem-reservation=0B thread-reservation=0
|  |  |  tuple-ids=42 row-size=20B cardinality=134 cost=170
|  |  |  in pipelines: 40(GETNEXT)
|  |  |
|  |  F23:PLAN FRAGMENT [RANDOM] hosts=1 instances=1
|  |  Per-Instance Resources: mem-estimate=16.09MB mem-reservation=16.00KB thread-reservation=1
|  |  max-parallelism=1 segment-costs=[202]
|  |  40:SCAN HDFS [tpcds_partitioned_parquet_snap.store, RANDOM]
|  |     HDFS partitions=1/1 files=1 size=119.76KB
|  |     predicates: tpcds_partitioned_parquet_snap.store_3.s_store_name = 'ese'
|  |     stored statistics:
|  |       table: rows=1.35K size=119.76KB
|  |       columns: all
|  |     extrapolated-rows=disabled max-scan-range-rows=1.35K
|  |     parquet statistics predicates: tpcds_partitioned_parquet_snap.store_3.s_store_name = 'ese'
|  |     parquet dictionary predicates: tpcds_partitioned_parquet_snap.store_3.s_store_name = 'ese'
|  |     mem-estimate=16.00MB mem-reservation=16.00KB thread-reservation=0
|  |     tuple-ids=42 row-size=20B cardinality=134 cost=192
|  |     in pipelines: 40(GETNEXT)
|  |
|  39:HASH JOIN [INNER JOIN, BROADCAST]
|  |  hash-table-id=14
|  |  hash predicates: tpcds_partitioned_parquet_snap.store_sales_3.ss_sold_time_sk = tpcds_partitioned_parquet_snap.time_dim_3.t_time_sk
|  |  fk/pk conjuncts: tpcds_partitioned_parquet_snap.store_sales_3.ss_sold_time_sk = tpcds_partitioned_parquet_snap.time_dim_3.t_time_sk
|  |  mem-estimate=0B mem-reservation=0B spill-buffer=64.00KB thread-reservation=0
|  |  tuple-ids=36,38,40 row-size=36B cardinality=10.37M cost=54222507
|  |  in pipelines: 35(GETNEXT), 38(OPEN)
|  |
|  |--F54:PLAN FRAGMENT [RANDOM] hosts=10 instances=10
|  |  |  Per-Instance Resources: mem-estimate=24.28MB mem-reservation=24.25MB thread-reservation=1 runtime-filters-memory=1.00MB
|  |  |  max-parallelism=10 segment-costs=[2648]
|  |  JOIN BUILD
|  |  |  join-table-id=14 plan-id=15 cohort-id=05
|  |  |  build expressions: tpcds_partitioned_parquet_snap.time_dim_3.t_time_sk
|  |  |  runtime filters: RF026[bloom] <- tpcds_partitioned_parquet_snap.time_dim_3.t_time_sk, RF027[min_max] <- tpcds_partitioned_parquet_snap.time_dim_3.t_time_sk
|  |  |  mem-estimate=23.25MB mem-reservation=23.25MB spill-buffer=64.00KB thread-reservation=0 cost=1138
|  |  |
|  |  95:EXCHANGE [BROADCAST]
|  |  |  mem-estimate=29.34KB mem-reservation=0B thread-reservation=0
|  |  |  tuple-ids=40 row-size=12B cardinality=1.14K cost=1510
|  |  |  in pipelines: 38(GETNEXT)
|  |  |
|  |  F22:PLAN FRAGMENT [RANDOM] hosts=1 instances=1
|  |  Per-Instance Resources: mem-estimate=16.06MB mem-reservation=512.00KB thread-reservation=1
|  |  max-parallelism=1 segment-costs=[19846]
|  |  38:SCAN HDFS [tpcds_partitioned_parquet_snap.time_dim, RANDOM]
|  |     HDFS partitions=1/1 files=1 size=1.31MB
|  |     predicates: tpcds_partitioned_parquet_snap.time_dim_3.t_hour = CAST(10 AS INT), tpcds_partitioned_parquet_snap.time_dim_3.t_minute >= CAST(30 AS INT)
|  |     stored statistics:
|  |       table: rows=86.40K size=1.31MB
|  |       columns: all
|  |     extrapolated-rows=disabled max-scan-range-rows=86.40K
|  |     parquet statistics predicates: tpcds_partitioned_parquet_snap.time_dim_3.t_hour = CAST(10 AS INT), tpcds_partitioned_parquet_snap.time_dim_3.t_minute >= CAST(30 AS INT)
|  |     parquet dictionary predicates: tpcds_partitioned_parquet_snap.time_dim_3.t_hour = CAST(10 AS INT), tpcds_partitioned_parquet_snap.time_dim_3.t_minute >= CAST(30 AS INT)
|  |     mem-estimate=16.00MB mem-reservation=512.00KB thread-reservation=0
|  |     tuple-ids=40 row-size=12B cardinality=1.14K cost=19785
|  |     in pipelines: 38(GETNEXT)
|  |
|  37:HASH JOIN [INNER JOIN, BROADCAST]
|  |  hash-table-id=15
|  |  hash predicates: tpcds_partitioned_parquet_snap.store_sales_3.ss_hdemo_sk = tpcds_partitioned_parquet_snap.household_demographics_3.hd_demo_sk
|  |  fk/pk conjuncts: tpcds_partitioned_parquet_snap.store_sales_3.ss_hdemo_sk = tpcds_partitioned_parquet_snap.household_demographics_3.hd_demo_sk
|  |  mem-estimate=0B mem-reservation=0B spill-buffer=64.00KB thread-reservation=0
|  |  tuple-ids=36,38 row-size=24B cardinality=204.06M(filtered from 439.26M) cost=131936363
|  |  in pipelines: 35(GETNEXT), 36(OPEN)
|  |
|  |--F55:PLAN FRAGMENT [RANDOM] hosts=10 instances=10
|  |  |  Per-Instance Resources: mem-estimate=23.27MB mem-reservation=23.25MB thread-reservation=1
|  |  |  max-parallelism=10 segment-costs=[865]
|  |  JOIN BUILD
|  |  |  join-table-id=15 plan-id=16 cohort-id=05
|  |  |  build expressions: tpcds_partitioned_parquet_snap.household_demographics_3.hd_demo_sk
|  |  |  runtime filters: RF029[min_max] <- tpcds_partitioned_parquet_snap.household_demographics_3.hd_demo_sk
|  |  |  mem-estimate=23.25MB mem-reservation=23.25MB spill-buffer=64.00KB thread-reservation=0 cost=375
|  |  |
|  |  94:EXCHANGE [BROADCAST]
|  |  |  mem-estimate=16.00KB mem-reservation=0B thread-reservation=0
|  |  |  tuple-ids=38 row-size=12B cardinality=375 cost=490
|  |  |  in pipelines: 36(GETNEXT)
|  |  |
|  |  F21:PLAN FRAGMENT [RANDOM] hosts=1 instances=1
|  |  Per-Instance Resources: mem-estimate=16.06MB mem-reservation=64.00KB thread-reservation=1
|  |  max-parallelism=1 segment-costs=[2882]
|  |  36:SCAN HDFS [tpcds_partitioned_parquet_snap.household_demographics, RANDOM]
|  |     HDFS partitions=1/1 files=1 size=41.69KB
|  |     predicates: tpcds_partitioned_parquet_snap.household_demographics_3.hd_dep_count = CAST(0 AS INT) OR tpcds_partitioned_parquet_snap.household_demographics_3.hd_dep_count = CAST(1 AS INT) OR tpcds_partitioned_parquet_snap.household_demographics_3.hd_dep_count = CAST(2 AS INT), tpcds_partitioned_parquet_snap.household_demographics_3.hd_dep_count = CAST(0 AS INT) OR tpcds_partitioned_parquet_snap.household_demographics_3.hd_dep_count = CAST(1 AS INT) OR tpcds_partitioned_parquet_snap.household_demographics_3.hd_vehicle_count <= CAST(add(CAST(2 AS SMALLINT), CAST(2 AS SMALLINT)) AS INT), tpcds_partitioned_parquet_snap.household_demographics_3.hd_dep_count = CAST(1 AS INT) OR tpcds_partitioned_parquet_snap.household_demographics_3.hd_dep_count = CAST(2 AS INT) OR tpcds_partitioned_parquet_snap.household_demographics_3.hd_vehicle_count <= CAST(2 AS INT), tpcds_partitioned_parquet_snap.household_demographics_3.hd_dep_count = CAST(1 AS INT) OR tpcds_partitioned_parquet_snap.household_demographics_3.hd_vehicle_count <= CAST(add(CAST(2 AS SMALLINT), CAST(2 AS SMALLINT)) AS INT) OR tpcds_partitioned_parquet_snap.household_demographics_3.hd_vehicle_count <= CAST(2 AS INT), tpcds_partitioned_parquet_snap.household_demographics_3.hd_vehicle_count <= CAST(add(CAST(1 AS SMALLINT), CAST(2 AS SMALLINT)) AS INT) OR tpcds_partitioned_parquet_snap.household_demographics_3.hd_dep_count = CAST(0 AS INT) OR tpcds_partitioned_parquet_snap.household_demographics_3.hd_dep_count = CAST(2 AS INT), tpcds_partitioned_parquet_snap.household_demographics_3.hd_vehicle_count <= CAST(add(CAST(1 AS SMALLINT), CAST(2 AS SMALLINT)) AS INT) OR tpcds_partitioned_parquet_snap.household_demographics_3.hd_dep_count = CAST(2 AS INT) OR tpcds_partitioned_parquet_snap.household_demographics_3.hd_vehicle_count <= CAST(2 AS INT), tpcds_partitioned_parquet_snap.household_demographics_3.hd_vehicle_count <= CAST(add(CAST(1 AS SMALLINT), CAST(2 AS SMALLINT)) AS INT) OR tpcds_partitioned_parquet_snap.household_demographics_3.hd_vehicle_count <= CAST(add(CAST(2 AS SMALLINT), CAST(2 AS SMALLINT)) AS INT) OR tpcds_partitioned_parquet_snap.household_demographics_3.hd_dep_count = CAST(0 AS INT), tpcds_partitioned_parquet_snap.household_demographics_3.hd_vehicle_count <= CAST(add(CAST(1 AS SMALLINT), CAST(2 AS SMALLINT)) AS INT) OR tpcds_partitioned_parquet_snap.household_demographics_3.hd_vehicle_count <= CAST(add(CAST(2 AS SMALLINT), CAST(2 AS SMALLINT)) AS INT) OR tpcds_partitioned_parquet_snap.household_demographics_3.hd_vehicle_count <= CAST(2 AS INT)
|  |     stored statistics:
|  |       table: rows=7.20K size=41.69KB
|  |       columns: all
|  |     extrapolated-rows=disabled max-scan-range-rows=7.20K
|  |     parquet dictionary predicates: tpcds_partitioned_parquet_snap.household_demographics_3.hd_dep_count = CAST(0 AS INT) OR tpcds_partitioned_parquet_snap.household_demographics_3.hd_dep_count = CAST(1 AS INT) OR tpcds_partitioned_parquet_snap.household_demographics_3.hd_dep_count = CAST(2 AS INT), tpcds_partitioned_parquet_snap.household_demographics_3.hd_vehicle_count <= CAST(add(CAST(1 AS SMALLINT), CAST(2 AS SMALLINT)) AS INT) OR tpcds_partitioned_parquet_snap.household_demographics_3.hd_vehicle_count <= CAST(add(CAST(2 AS SMALLINT), CAST(2 AS SMALLINT)) AS INT) OR tpcds_partitioned_parquet_snap.household_demographics_3.hd_vehicle_count <= CAST(2 AS INT)
|  |     mem-estimate=16.00MB mem-reservation=64.00KB thread-reservation=0
|  |     tuple-ids=38 row-size=12B cardinality=375 cost=2862
|  |     in pipelines: 36(GETNEXT)
|  |
|  35:SCAN HDFS [tpcds_partitioned_parquet_snap.store_sales, RANDOM]
|     HDFS partitions=1824/1824 files=1824 size=389.90GB
|     runtime filters: RF027[min_max] -> tpcds_partitioned_parquet_snap.store_sales_3.ss_sold_time_sk, RF029[min_max] -> tpcds_partitioned_parquet_snap.store_sales_3.ss_hdemo_sk, RF025[min_max] -> tpcds_partitioned_parquet_snap.store_sales_3.ss_store_sk, RF026[bloom] -> tpcds_partitioned_parquet_snap.store_sales_3.ss_sold_time_sk
|     stored statistics:
|       table: rows=8.64G size=389.90GB
|       partitions: 1824/1824 rows=8.64G
|       columns: all
|     extrapolated-rows=disabled max-scan-range-rows=390.22M
|     mem-estimate=16.00MB mem-reservation=8.00MB thread-reservation=0
|     tuple-ids=36 row-size=12B cardinality=204.06M(filtered from 8.64G) cost=1492980801
|     in pipelines: 35(GETNEXT)
|
34:NESTED LOOP JOIN [CROSS JOIN, BROADCAST]
|  join table id: 16
|  mem-estimate=0B mem-reservation=0B thread-reservation=0
|  tuple-ids=8,17,26,35 row-size=32B cardinality=1 cost=0
|  in pipelines: 75(GETNEXT), 92(OPEN)
|
|--F56:PLAN FRAGMENT [UNPARTITIONED] hosts=1 instances=1
|  |  Per-Instance Resources: mem-estimate=16.01KB mem-reservation=0B thread-reservation=1
|  |  max-parallelism=1 segment-costs=[0] cpu-comparison-result=120 [max(1 (self) vs 120 (sum children))]
|  JOIN BUILD
|  |  join-table-id=16 plan-id=17 cohort-id=01
|  |  mem-estimate=8B mem-reservation=0B thread-reservation=0 cost=0
|  |
|  93:EXCHANGE [UNPARTITIONED]
|  |  mem-estimate=16.00KB mem-reservation=0B thread-reservation=0
|  |  tuple-ids=35 row-size=8B cardinality=1 cost=0
|  |  in pipelines: 92(GETNEXT)
|  |
|  F19:PLAN FRAGMENT [UNPARTITIONED] hosts=1 instances=1
|  Per-Instance Resources: mem-estimate=184.84KB mem-reservation=0B thread-reservation=1
|  max-parallelism=1 segment-costs=[25, 1] cpu-comparison-result=120 [max(1 (self) vs 120 (sum children))]
|  92:AGGREGATE [FINALIZE]
|  |  output: count:merge()
|  |  mem-estimate=16.00KB mem-reservation=0B spill-buffer=2.00MB thread-reservation=0
|  |  tuple-ids=35 row-size=8B cardinality=1 cost=8
|  |  in pipelines: 92(GETNEXT), 33(OPEN)
|  |
|  91:EXCHANGE [UNPARTITIONED]
|  |  mem-estimate=168.84KB mem-reservation=0B thread-reservation=0
|  |  tuple-ids=35 row-size=8B cardinality=120 cost=17
|  |  in pipelines: 33(GETNEXT)
|  |
|  F15:PLAN FRAGMENT [RANDOM] hosts=10 instances=120
|  Per-Host Shared Resources: mem-estimate=1.00MB mem-reservation=1.00MB thread-reservation=0 runtime-filters-memory=1.00MB
|  Per-Instance Resources: mem-estimate=16.02MB mem-reservation=8.00MB thread-reservation=1
|  max-parallelism=170 segment-costs=[1682323314, 123] cpu-comparison-result=120 [max(120 (self) vs 33 (sum children))]
|  33:AGGREGATE
|  |  output: count()
|  |  mem-estimate=16.00KB mem-reservation=0B spill-buffer=2.00MB thread-reservation=0
|  |  tuple-ids=35 row-size=8B cardinality=120 cost=145605
|  |  in pipelines: 33(GETNEXT), 26(OPEN)
|  |
|  32:HASH JOIN [INNER JOIN, BROADCAST]
|  |  hash-table-id=17
|  |  hash predicates: tpcds_partitioned_parquet_snap.store_sales_2.ss_store_sk = tpcds_partitioned_parquet_snap.store_2.s_store_sk
|  |  fk/pk conjuncts: tpcds_partitioned_parquet_snap.store_sales_2.ss_store_sk = tpcds_partitioned_parquet_snap.store_2.s_store_sk
|  |  mem-estimate=0B mem-reservation=0B spill-buffer=64.00KB thread-reservation=0
|  |  tuple-ids=27,29,31,33 row-size=56B cardinality=2.08M cost=3038038
|  |  in pipelines: 26(GETNEXT), 31(OPEN)
|  |
|  |--F57:PLAN FRAGMENT [RANDOM] hosts=10 instances=10
|  |  |  Per-Instance Resources: mem-estimate=23.27MB mem-reservation=23.25MB thread-reservation=1
|  |  |  max-parallelism=10 segment-costs=[304]
|  |  JOIN BUILD
|  |  |  join-table-id=17 plan-id=18 cohort-id=06
|  |  |  build expressions: tpcds_partitioned_parquet_snap.store_2.s_store_sk
|  |  |  runtime filters: RF019[min_max] <- tpcds_partitioned_parquet_snap.store_2.s_store_sk
|  |  |  mem-estimate=23.25MB mem-reservation=23.25MB spill-buffer=64.00KB thread-reservation=0 cost=134
|  |  |
|  |  90:EXCHANGE [BROADCAST]
|  |  |  mem-estimate=16.00KB mem-reservation=0B thread-reservation=0
|  |  |  tuple-ids=33 row-size=20B cardinality=134 cost=170
|  |  |  in pipelines: 31(GETNEXT)
|  |  |
|  |  F18:PLAN FRAGMENT [RANDOM] hosts=1 instances=1
|  |  Per-Instance Resources: mem-estimate=16.09MB mem-reservation=16.00KB thread-reservation=1
|  |  max-parallelism=1 segment-costs=[202]
|  |  31:SCAN HDFS [tpcds_partitioned_parquet_snap.store, RANDOM]
|  |     HDFS partitions=1/1 files=1 size=119.76KB
|  |     predicates: tpcds_partitioned_parquet_snap.store_2.s_store_name = 'ese'
|  |     stored statistics:
|  |       table: rows=1.35K size=119.76KB
|  |       columns: all
|  |     extrapolated-rows=disabled max-scan-range-rows=1.35K
|  |     parquet statistics predicates: tpcds_partitioned_parquet_snap.store_2.s_store_name = 'ese'
|  |     parquet dictionary predicates: tpcds_partitioned_parquet_snap.store_2.s_store_name = 'ese'
|  |     mem-estimate=16.00MB mem-reservation=16.00KB thread-reservation=0
|  |     tuple-ids=33 row-size=20B cardinality=134 cost=192
|  |     in pipelines: 31(GETNEXT)
|  |
|  30:HASH JOIN [INNER JOIN, BROADCAST]
|  |  hash-table-id=18
|  |  hash predicates: tpcds_partitioned_parquet_snap.store_sales_2.ss_sold_time_sk = tpcds_partitioned_parquet_snap.time_dim_2.t_time_sk
|  |  fk/pk conjuncts: tpcds_partitioned_parquet_snap.store_sales_2.ss_sold_time_sk = tpcds_partitioned_parquet_snap.time_dim_2.t_time_sk
|  |  mem-estimate=0B mem-reservation=0B spill-buffer=64.00KB thread-reservation=0
|  |  tuple-ids=27,29,31 row-size=36B cardinality=10.37M cost=54222507
|  |  in pipelines: 26(GETNEXT), 29(OPEN)
|  |
|  |--F58:PLAN FRAGMENT [RANDOM] hosts=10 instances=10
|  |  |  Per-Instance Resources: mem-estimate=24.28MB mem-reservation=24.25MB thread-reservation=1 runtime-filters-memory=1.00MB
|  |  |  max-parallelism=10 segment-costs=[2648]
|  |  JOIN BUILD
|  |  |  join-table-id=18 plan-id=19 cohort-id=06
|  |  |  build expressions: tpcds_partitioned_parquet_snap.time_dim_2.t_time_sk
|  |  |  runtime filters: RF020[bloom] <- tpcds_partitioned_parquet_snap.time_dim_2.t_time_sk, RF021[min_max] <- tpcds_partitioned_parquet_snap.time_dim_2.t_time_sk
|  |  |  mem-estimate=23.25MB mem-reservation=23.25MB spill-buffer=64.00KB thread-reservation=0 cost=1138
|  |  |
|  |  89:EXCHANGE [BROADCAST]
|  |  |  mem-estimate=29.34KB mem-reservation=0B thread-reservation=0
|  |  |  tuple-ids=31 row-size=12B cardinality=1.14K cost=1510
|  |  |  in pipelines: 29(GETNEXT)
|  |  |
|  |  F17:PLAN FRAGMENT [RANDOM] hosts=1 instances=1
|  |  Per-Instance Resources: mem-estimate=16.06MB mem-reservation=512.00KB thread-reservation=1
|  |  max-parallelism=1 segment-costs=[19846]
|  |  29:SCAN HDFS [tpcds_partitioned_parquet_snap.time_dim, RANDOM]
|  |     HDFS partitions=1/1 files=1 size=1.31MB
|  |     predicates: tpcds_partitioned_parquet_snap.time_dim_2.t_hour = CAST(11 AS INT), tpcds_partitioned_parquet_snap.time_dim_2.t_minute < CAST(30 AS INT)
|  |     stored statistics:
|  |       table: rows=86.40K size=1.31MB
|  |       columns: all
|  |     extrapolated-rows=disabled max-scan-range-rows=86.40K
|  |     parquet statistics predicates: tpcds_partitioned_parquet_snap.time_dim_2.t_hour = CAST(11 AS INT), tpcds_partitioned_parquet_snap.time_dim_2.t_minute < CAST(30 AS INT)
|  |     parquet dictionary predicates: tpcds_partitioned_parquet_snap.time_dim_2.t_hour = CAST(11 AS INT), tpcds_partitioned_parquet_snap.time_dim_2.t_minute < CAST(30 AS INT)
|  |     mem-estimate=16.00MB mem-reservation=512.00KB thread-reservation=0
|  |     tuple-ids=31 row-size=12B cardinality=1.14K cost=19785
|  |     in pipelines: 29(GETNEXT)
|  |
|  28:HASH JOIN [INNER JOIN, BROADCAST]
|  |  hash-table-id=19
|  |  hash predicates: tpcds_partitioned_parquet_snap.store_sales_2.ss_hdemo_sk = tpcds_partitioned_parquet_snap.household_demographics_2.hd_demo_sk
|  |  fk/pk conjuncts: tpcds_partitioned_parquet_snap.store_sales_2.ss_hdemo_sk = tpcds_partitioned_parquet_snap.household_demographics_2.hd_demo_sk
|  |  mem-estimate=0B mem-reservation=0B spill-buffer=64.00KB thread-reservation=0
|  |  tuple-ids=27,29 row-size=24B cardinality=204.06M(filtered from 439.26M) cost=131936363
|  |  in pipelines: 26(GETNEXT), 27(OPEN)
|  |
|  |--F59:PLAN FRAGMENT [RANDOM] hosts=10 instances=10
|  |  |  Per-Instance Resources: mem-estimate=23.27MB mem-reservation=23.25MB thread-reservation=1
|  |  |  max-parallelism=10 segment-costs=[865]
|  |  JOIN BUILD
|  |  |  join-table-id=19 plan-id=20 cohort-id=06
|  |  |  build expressions: tpcds_partitioned_parquet_snap.household_demographics_2.hd_demo_sk
|  |  |  runtime filters: RF023[min_max] <- tpcds_partitioned_parquet_snap.household_demographics_2.hd_demo_sk
|  |  |  mem-estimate=23.25MB mem-reservation=23.25MB spill-buffer=64.00KB thread-reservation=0 cost=375
|  |  |
|  |  88:EXCHANGE [BROADCAST]
|  |  |  mem-estimate=16.00KB mem-reservation=0B thread-reservation=0
|  |  |  tuple-ids=29 row-size=12B cardinality=375 cost=490
|  |  |  in pipelines: 27(GETNEXT)
|  |  |
|  |  F16:PLAN FRAGMENT [RANDOM] hosts=1 instances=1
|  |  Per-Instance Resources: mem-estimate=16.06MB mem-reservation=64.00KB thread-reservation=1
|  |  max-parallelism=1 segment-costs=[2882]
|  |  27:SCAN HDFS [tpcds_partitioned_parquet_snap.household_demographics, RANDOM]
|  |     HDFS partitions=1/1 files=1 size=41.69KB
|  |     predicates: tpcds_partitioned_parquet_snap.household_demographics_2.hd_dep_count = CAST(0 AS INT) OR tpcds_partitioned_parquet_snap.household_demographics_2.hd_dep_count = CAST(1 AS INT) OR tpcds_partitioned_parquet_snap.household_demographics_2.hd_dep_count = CAST(2 AS INT), tpcds_partitioned_parquet_snap.household_demographics_2.hd_dep_count = CAST(0 AS INT) OR tpcds_partitioned_parquet_snap.household_demographics_2.hd_dep_count = CAST(1 AS INT) OR tpcds_partitioned_parquet_snap.household_demographics_2.hd_vehicle_count <= CAST(add(CAST(2 AS SMALLINT), CAST(2 AS SMALLINT)) AS INT), tpcds_partitioned_parquet_snap.household_demographics_2.hd_dep_count = CAST(1 AS INT) OR tpcds_partitioned_parquet_snap.household_demographics_2.hd_dep_count = CAST(2 AS INT) OR tpcds_partitioned_parquet_snap.household_demographics_2.hd_vehicle_count <= CAST(2 AS INT), tpcds_partitioned_parquet_snap.household_demographics_2.hd_dep_count = CAST(1 AS INT) OR tpcds_partitioned_parquet_snap.household_demographics_2.hd_vehicle_count <= CAST(add(CAST(2 AS SMALLINT), CAST(2 AS SMALLINT)) AS INT) OR tpcds_partitioned_parquet_snap.household_demographics_2.hd_vehicle_count <= CAST(2 AS INT), tpcds_partitioned_parquet_snap.household_demographics_2.hd_vehicle_count <= CAST(add(CAST(1 AS SMALLINT), CAST(2 AS SMALLINT)) AS INT) OR tpcds_partitioned_parquet_snap.household_demographics_2.hd_dep_count = CAST(0 AS INT) OR tpcds_partitioned_parquet_snap.household_demographics_2.hd_dep_count = CAST(2 AS INT), tpcds_partitioned_parquet_snap.household_demographics_2.hd_vehicle_count <= CAST(add(CAST(1 AS SMALLINT), CAST(2 AS SMALLINT)) AS INT) OR tpcds_partitioned_parquet_snap.household_demographics_2.hd_dep_count = CAST(2 AS INT) OR tpcds_partitioned_parquet_snap.household_demographics_2.hd_vehicle_count <= CAST(2 AS INT), tpcds_partitioned_parquet_snap.household_demographics_2.hd_vehicle_count <= CAST(add(CAST(1 AS SMALLINT), CAST(2 AS SMALLINT)) AS INT) OR tpcds_partitioned_parquet_snap.household_demographics_2.hd_vehicle_count <= CAST(add(CAST(2 AS SMALLINT), CAST(2 AS SMALLINT)) AS INT) OR tpcds_partitioned_parquet_snap.household_demographics_2.hd_dep_count = CAST(0 AS INT), tpcds_partitioned_parquet_snap.household_demographics_2.hd_vehicle_count <= CAST(add(CAST(1 AS SMALLINT), CAST(2 AS SMALLINT)) AS INT) OR tpcds_partitioned_parquet_snap.household_demographics_2.hd_vehicle_count <= CAST(add(CAST(2 AS SMALLINT), CAST(2 AS SMALLINT)) AS INT) OR tpcds_partitioned_parquet_snap.household_demographics_2.hd_vehicle_count <= CAST(2 AS INT)
|  |     stored statistics:
|  |       table: rows=7.20K size=41.69KB
|  |       columns: all
|  |     extrapolated-rows=disabled max-scan-range-rows=7.20K
|  |     parquet dictionary predicates: tpcds_partitioned_parquet_snap.household_demographics_2.hd_dep_count = CAST(0 AS INT) OR tpcds_partitioned_parquet_snap.household_demographics_2.hd_dep_count = CAST(1 AS INT) OR tpcds_partitioned_parquet_snap.household_demographics_2.hd_dep_count = CAST(2 AS INT), tpcds_partitioned_parquet_snap.household_demographics_2.hd_vehicle_count <= CAST(add(CAST(1 AS SMALLINT), CAST(2 AS SMALLINT)) AS INT) OR tpcds_partitioned_parquet_snap.household_demographics_2.hd_vehicle_count <= CAST(add(CAST(2 AS SMALLINT), CAST(2 AS SMALLINT)) AS INT) OR tpcds_partitioned_parquet_snap.household_demographics_2.hd_vehicle_count <= CAST(2 AS INT)
|  |     mem-estimate=16.00MB mem-reservation=64.00KB thread-reservation=0
|  |     tuple-ids=29 row-size=12B cardinality=375 cost=2862
|  |     in pipelines: 27(GETNEXT)
|  |
|  26:SCAN HDFS [tpcds_partitioned_parquet_snap.store_sales, RANDOM]
|     HDFS partitions=1824/1824 files=1824 size=389.90GB
|     runtime filters: RF021[min_max] -> tpcds_partitioned_parquet_snap.store_sales_2.ss_sold_time_sk, RF023[min_max] -> tpcds_partitioned_parquet_snap.store_sales_2.ss_hdemo_sk, RF019[min_max] -> tpcds_partitioned_parquet_snap.store_sales_2.ss_store_sk, RF020[bloom] -> tpcds_partitioned_parquet_snap.store_sales_2.ss_sold_time_sk
|     stored statistics:
|       table: rows=8.64G size=389.90GB
|       partitions: 1824/1824 rows=8.64G
|       columns: all
|     extrapolated-rows=disabled max-scan-range-rows=390.22M
|     mem-estimate=16.00MB mem-reservation=8.00MB thread-reservation=0
|     tuple-ids=27 row-size=12B cardinality=204.06M(filtered from 8.64G) cost=1492980801
|     in pipelines: 26(GETNEXT)
|
25:NESTED LOOP JOIN [CROSS JOIN, BROADCAST]
|  join table id: 20
|  mem-estimate=0B mem-reservation=0B thread-reservation=0
|  tuple-ids=8,17,26 row-size=24B cardinality=1 cost=0
|  in pipelines: 75(GETNEXT), 86(OPEN)
|
|--F60:PLAN FRAGMENT [UNPARTITIONED] hosts=1 instances=1
|  |  Per-Instance Resources: mem-estimate=16.01KB mem-reservation=0B thread-reservation=1
|  |  max-parallelism=1 segment-costs=[0] cpu-comparison-result=120 [max(1 (self) vs 120 (sum children))]
|  JOIN BUILD
|  |  join-table-id=20 plan-id=21 cohort-id=01
|  |  mem-estimate=8B mem-reservation=0B thread-reservation=0 cost=0
|  |
|  87:EXCHANGE [UNPARTITIONED]
|  |  mem-estimate=16.00KB mem-reservation=0B thread-reservation=0
|  |  tuple-ids=26 row-size=8B cardinality=1 cost=0
|  |  in pipelines: 86(GETNEXT)
|  |
|  F14:PLAN FRAGMENT [UNPARTITIONED] hosts=1 instances=1
|  Per-Instance Resources: mem-estimate=184.84KB mem-reservation=0B thread-reservation=1
|  max-parallelism=1 segment-costs=[25, 1] cpu-comparison-result=120 [max(1 (self) vs 120 (sum children))]
|  86:AGGREGATE [FINALIZE]
|  |  output: count:merge()
|  |  mem-estimate=16.00KB mem-reservation=0B spill-buffer=2.00MB thread-reservation=0
|  |  tuple-ids=26 row-size=8B cardinality=1 cost=8
|  |  in pipelines: 86(GETNEXT), 24(OPEN)
|  |
|  85:EXCHANGE [UNPARTITIONED]
|  |  mem-estimate=168.84KB mem-reservation=0B thread-reservation=0
|  |  tuple-ids=26 row-size=8B cardinality=120 cost=17
|  |  in pipelines: 24(GETNEXT)
|  |
|  F10:PLAN FRAGMENT [RANDOM] hosts=10 instances=120
|  Per-Host Shared Resources: mem-estimate=1.00MB mem-reservation=1.00MB thread-reservation=0 runtime-filters-memory=1.00MB
|  Per-Instance Resources: mem-estimate=16.02MB mem-reservation=8.00MB thread-reservation=1
|  max-parallelism=170 segment-costs=[1682323314, 123] cpu-comparison-result=120 [max(120 (self) vs 33 (sum children))]
|  24:AGGREGATE
|  |  output: count()
|  |  mem-estimate=16.00KB mem-reservation=0B spill-buffer=2.00MB thread-reservation=0
|  |  tuple-ids=26 row-size=8B cardinality=120 cost=145605
|  |  in pipelines: 24(GETNEXT), 17(OPEN)
|  |
|  23:HASH JOIN [INNER JOIN, BROADCAST]
|  |  hash-table-id=21
|  |  hash predicates: tpcds_partitioned_parquet_snap.store_sales_1.ss_store_sk = tpcds_partitioned_parquet_snap.store_1.s_store_sk
|  |  fk/pk conjuncts: tpcds_partitioned_parquet_snap.store_sales_1.ss_store_sk = tpcds_partitioned_parquet_snap.store_1.s_store_sk
|  |  mem-estimate=0B mem-reservation=0B spill-buffer=64.00KB thread-reservation=0
|  |  tuple-ids=18,20,22,24 row-size=56B cardinality=2.08M cost=3038038
|  |  in pipelines: 17(GETNEXT), 22(OPEN)
|  |
|  |--F61:PLAN FRAGMENT [RANDOM] hosts=10 instances=10
|  |  |  Per-Instance Resources: mem-estimate=23.27MB mem-reservation=23.25MB thread-reservation=1
|  |  |  max-parallelism=10 segment-costs=[304]
|  |  JOIN BUILD
|  |  |  join-table-id=21 plan-id=22 cohort-id=07
|  |  |  build expressions: tpcds_partitioned_parquet_snap.store_1.s_store_sk
|  |  |  runtime filters: RF013[min_max] <- tpcds_partitioned_parquet_snap.store_1.s_store_sk
|  |  |  mem-estimate=23.25MB mem-reservation=23.25MB spill-buffer=64.00KB thread-reservation=0 cost=134
|  |  |
|  |  84:EXCHANGE [BROADCAST]
|  |  |  mem-estimate=16.00KB mem-reservation=0B thread-reservation=0
|  |  |  tuple-ids=24 row-size=20B cardinality=134 cost=170
|  |  |  in pipelines: 22(GETNEXT)
|  |  |
|  |  F13:PLAN FRAGMENT [RANDOM] hosts=1 instances=1
|  |  Per-Instance Resources: mem-estimate=16.09MB mem-reservation=16.00KB thread-reservation=1
|  |  max-parallelism=1 segment-costs=[202]
|  |  22:SCAN HDFS [tpcds_partitioned_parquet_snap.store, RANDOM]
|  |     HDFS partitions=1/1 files=1 size=119.76KB
|  |     predicates: tpcds_partitioned_parquet_snap.store_1.s_store_name = 'ese'
|  |     stored statistics:
|  |       table: rows=1.35K size=119.76KB
|  |       columns: all
|  |     extrapolated-rows=disabled max-scan-range-rows=1.35K
|  |     parquet statistics predicates: tpcds_partitioned_parquet_snap.store_1.s_store_name = 'ese'
|  |     parquet dictionary predicates: tpcds_partitioned_parquet_snap.store_1.s_store_name = 'ese'
|  |     mem-estimate=16.00MB mem-reservation=16.00KB thread-reservation=0
|  |     tuple-ids=24 row-size=20B cardinality=134 cost=192
|  |     in pipelines: 22(GETNEXT)
|  |
|  21:HASH JOIN [INNER JOIN, BROADCAST]
|  |  hash-table-id=22
|  |  hash predicates: tpcds_partitioned_parquet_snap.store_sales_1.ss_sold_time_sk = tpcds_partitioned_parquet_snap.time_dim_1.t_time_sk
|  |  fk/pk conjuncts: tpcds_partitioned_parquet_snap.store_sales_1.ss_sold_time_sk = tpcds_partitioned_parquet_snap.time_dim_1.t_time_sk
|  |  mem-estimate=0B mem-reservation=0B spill-buffer=64.00KB thread-reservation=0
|  |  tuple-ids=18,20,22 row-size=36B cardinality=10.37M cost=54222507
|  |  in pipelines: 17(GETNEXT), 20(OPEN)
|  |
|  |--F62:PLAN FRAGMENT [RANDOM] hosts=10 instances=10
|  |  |  Per-Instance Resources: mem-estimate=24.28MB mem-reservation=24.25MB thread-reservation=1 runtime-filters-memory=1.00MB
|  |  |  max-parallelism=10 segment-costs=[2648]
|  |  JOIN BUILD
|  |  |  join-table-id=22 plan-id=23 cohort-id=07
|  |  |  build expressions: tpcds_partitioned_parquet_snap.time_dim_1.t_time_sk
|  |  |  runtime filters: RF014[bloom] <- tpcds_partitioned_parquet_snap.time_dim_1.t_time_sk, RF015[min_max] <- tpcds_partitioned_parquet_snap.time_dim_1.t_time_sk
|  |  |  mem-estimate=23.25MB mem-reservation=23.25MB spill-buffer=64.00KB thread-reservation=0 cost=1138
|  |  |
|  |  83:EXCHANGE [BROADCAST]
|  |  |  mem-estimate=29.34KB mem-reservation=0B thread-reservation=0
|  |  |  tuple-ids=22 row-size=12B cardinality=1.14K cost=1510
|  |  |  in pipelines: 20(GETNEXT)
|  |  |
|  |  F12:PLAN FRAGMENT [RANDOM] hosts=1 instances=1
|  |  Per-Instance Resources: mem-estimate=16.06MB mem-reservation=512.00KB thread-reservation=1
|  |  max-parallelism=1 segment-costs=[19846]
|  |  20:SCAN HDFS [tpcds_partitioned_parquet_snap.time_dim, RANDOM]
|  |     HDFS partitions=1/1 files=1 size=1.31MB
|  |     predicates: tpcds_partitioned_parquet_snap.time_dim_1.t_hour = CAST(11 AS INT), tpcds_partitioned_parquet_snap.time_dim_1.t_minute >= CAST(30 AS INT)
|  |     stored statistics:
|  |       table: rows=86.40K size=1.31MB
|  |       columns: all
|  |     extrapolated-rows=disabled max-scan-range-rows=86.40K
|  |     parquet statistics predicates: tpcds_partitioned_parquet_snap.time_dim_1.t_hour = CAST(11 AS INT), tpcds_partitioned_parquet_snap.time_dim_1.t_minute >= CAST(30 AS INT)
|  |     parquet dictionary predicates: tpcds_partitioned_parquet_snap.time_dim_1.t_hour = CAST(11 AS INT), tpcds_partitioned_parquet_snap.time_dim_1.t_minute >= CAST(30 AS INT)
|  |     mem-estimate=16.00MB mem-reservation=512.00KB thread-reservation=0
|  |     tuple-ids=22 row-size=12B cardinality=1.14K cost=19785
|  |     in pipelines: 20(GETNEXT)
|  |
|  19:HASH JOIN [INNER JOIN, BROADCAST]
|  |  hash-table-id=23
|  |  hash predicates: tpcds_partitioned_parquet_snap.store_sales_1.ss_hdemo_sk = tpcds_partitioned_parquet_snap.household_demographics_1.hd_demo_sk
|  |  fk/pk conjuncts: tpcds_partitioned_parquet_snap.store_sales_1.ss_hdemo_sk = tpcds_partitioned_parquet_snap.household_demographics_1.hd_demo_sk
|  |  mem-estimate=0B mem-reservation=0B spill-buffer=64.00KB thread-reservation=0
|  |  tuple-ids=18,20 row-size=24B cardinality=204.06M(filtered from 439.26M) cost=131936363
|  |  in pipelines: 17(GETNEXT), 18(OPEN)
|  |
|  |--F63:PLAN FRAGMENT [RANDOM] hosts=10 instances=10
|  |  |  Per-Instance Resources: mem-estimate=23.27MB mem-reservation=23.25MB thread-reservation=1
|  |  |  max-parallelism=10 segment-costs=[865]
|  |  JOIN BUILD
|  |  |  join-table-id=23 plan-id=24 cohort-id=07
|  |  |  build expressions: tpcds_partitioned_parquet_snap.household_demographics_1.hd_demo_sk
|  |  |  runtime filters: RF017[min_max] <- tpcds_partitioned_parquet_snap.household_demographics_1.hd_demo_sk
|  |  |  mem-estimate=23.25MB mem-reservation=23.25MB spill-buffer=64.00KB thread-reservation=0 cost=375
|  |  |
|  |  82:EXCHANGE [BROADCAST]
|  |  |  mem-estimate=16.00KB mem-reservation=0B thread-reservation=0
|  |  |  tuple-ids=20 row-size=12B cardinality=375 cost=490
|  |  |  in pipelines: 18(GETNEXT)
|  |  |
|  |  F11:PLAN FRAGMENT [RANDOM] hosts=1 instances=1
|  |  Per-Instance Resources: mem-estimate=16.06MB mem-reservation=64.00KB thread-reservation=1
|  |  max-parallelism=1 segment-costs=[2882]
|  |  18:SCAN HDFS [tpcds_partitioned_parquet_snap.household_demographics, RANDOM]
|  |     HDFS partitions=1/1 files=1 size=41.69KB
|  |     predicates: tpcds_partitioned_parquet_snap.household_demographics_1.hd_dep_count = CAST(0 AS INT) OR tpcds_partitioned_parquet_snap.household_demographics_1.hd_dep_count = CAST(1 AS INT) OR tpcds_partitioned_parquet_snap.household_demographics_1.hd_dep_count = CAST(2 AS INT), tpcds_partitioned_parquet_snap.household_demographics_1.hd_dep_count = CAST(0 AS INT) OR tpcds_partitioned_parquet_snap.household_demographics_1.hd_dep_count = CAST(1 AS INT) OR tpcds_partitioned_parquet_snap.household_demographics_1.hd_vehicle_count <= CAST(add(CAST(2 AS SMALLINT), CAST(2 AS SMALLINT)) AS INT), tpcds_partitioned_parquet_snap.household_demographics_1.hd_dep_count = CAST(1 AS INT) OR tpcds_partitioned_parquet_snap.household_demographics_1.hd_dep_count = CAST(2 AS INT) OR tpcds_partitioned_parquet_snap.household_demographics_1.hd_vehicle_count <= CAST(2 AS INT), tpcds_partitioned_parquet_snap.household_demographics_1.hd_dep_count = CAST(1 AS INT) OR tpcds_partitioned_parquet_snap.household_demographics_1.hd_vehicle_count <= CAST(add(CAST(2 AS SMALLINT), CAST(2 AS SMALLINT)) AS INT) OR tpcds_partitioned_parquet_snap.household_demographics_1.hd_vehicle_count <= CAST(2 AS INT), tpcds_partitioned_parquet_snap.household_demographics_1.hd_vehicle_count <= CAST(add(CAST(1 AS SMALLINT), CAST(2 AS SMALLINT)) AS INT) OR tpcds_partitioned_parquet_snap.household_demographics_1.hd_dep_count = CAST(0 AS INT) OR tpcds_partitioned_parquet_snap.household_demographics_1.hd_dep_count = CAST(2 AS INT), tpcds_partitioned_parquet_snap.household_demographics_1.hd_vehicle_count <= CAST(add(CAST(1 AS SMALLINT), CAST(2 AS SMALLINT)) AS INT) OR tpcds_partitioned_parquet_snap.household_demographics_1.hd_dep_count = CAST(2 AS INT) OR tpcds_partitioned_parquet_snap.household_demographics_1.hd_vehicle_count <= CAST(2 AS INT), tpcds_partitioned_parquet_snap.household_demographics_1.hd_vehicle_count <= CAST(add(CAST(1 AS SMALLINT), CAST(2 AS SMALLINT)) AS INT) OR tpcds_partitioned_parquet_snap.household_demographics_1.hd_vehicle_count <= CAST(add(CAST(2 AS SMALLINT), CAST(2 AS SMALLINT)) AS INT) OR tpcds_partitioned_parquet_snap.household_demographics_1.hd_dep_count = CAST(0 AS INT), tpcds_partitioned_parquet_snap.household_demographics_1.hd_vehicle_count <= CAST(add(CAST(1 AS SMALLINT), CAST(2 AS SMALLINT)) AS INT) OR tpcds_partitioned_parquet_snap.household_demographics_1.hd_vehicle_count <= CAST(add(CAST(2 AS SMALLINT), CAST(2 AS SMALLINT)) AS INT) OR tpcds_partitioned_parquet_snap.household_demographics_1.hd_vehicle_count <= CAST(2 AS INT)
|  |     stored statistics:
|  |       table: rows=7.20K size=41.69KB
|  |       columns: all
|  |     extrapolated-rows=disabled max-scan-range-rows=7.20K
|  |     parquet dictionary predicates: tpcds_partitioned_parquet_snap.household_demographics_1.hd_dep_count = CAST(0 AS INT) OR tpcds_partitioned_parquet_snap.household_demographics_1.hd_dep_count = CAST(1 AS INT) OR tpcds_partitioned_parquet_snap.household_demographics_1.hd_dep_count = CAST(2 AS INT), tpcds_partitioned_parquet_snap.household_demographics_1.hd_vehicle_count <= CAST(add(CAST(1 AS SMALLINT), CAST(2 AS SMALLINT)) AS INT) OR tpcds_partitioned_parquet_snap.household_demographics_1.hd_vehicle_count <= CAST(add(CAST(2 AS SMALLINT), CAST(2 AS SMALLINT)) AS INT) OR tpcds_partitioned_parquet_snap.household_demographics_1.hd_vehicle_count <= CAST(2 AS INT)
|  |     mem-estimate=16.00MB mem-reservation=64.00KB thread-reservation=0
|  |     tuple-ids=20 row-size=12B cardinality=375 cost=2862
|  |     in pipelines: 18(GETNEXT)
|  |
|  17:SCAN HDFS [tpcds_partitioned_parquet_snap.store_sales, RANDOM]
|     HDFS partitions=1824/1824 files=1824 size=389.90GB
|     runtime filters: RF015[min_max] -> tpcds_partitioned_parquet_snap.store_sales_1.ss_sold_time_sk, RF017[min_max] -> tpcds_partitioned_parquet_snap.store_sales_1.ss_hdemo_sk, RF013[min_max] -> tpcds_partitioned_parquet_snap.store_sales_1.ss_store_sk, RF014[bloom] -> tpcds_partitioned_parquet_snap.store_sales_1.ss_sold_time_sk
|     stored statistics:
|       table: rows=8.64G size=389.90GB
|       partitions: 1824/1824 rows=8.64G
|       columns: all
|     extrapolated-rows=disabled max-scan-range-rows=390.22M
|     mem-estimate=16.00MB mem-reservation=8.00MB thread-reservation=0
|     tuple-ids=18 row-size=12B cardinality=204.06M(filtered from 8.64G) cost=1492980801
|     in pipelines: 17(GETNEXT)
|
16:NESTED LOOP JOIN [CROSS JOIN, BROADCAST]
|  join table id: 24
|  mem-estimate=0B mem-reservation=0B thread-reservation=0
|  tuple-ids=8,17 row-size=16B cardinality=1 cost=0
|  in pipelines: 75(GETNEXT), 80(OPEN)
|
|--F64:PLAN FRAGMENT [UNPARTITIONED] hosts=1 instances=1
|  |  Per-Instance Resources: mem-estimate=16.01KB mem-reservation=0B thread-reservation=1
|  |  max-parallelism=1 segment-costs=[0] cpu-comparison-result=120 [max(1 (self) vs 120 (sum children))]
|  JOIN BUILD
|  |  join-table-id=24 plan-id=25 cohort-id=01
|  |  mem-estimate=8B mem-reservation=0B thread-reservation=0 cost=0
|  |
|  81:EXCHANGE [UNPARTITIONED]
|  |  mem-estimate=16.00KB mem-reservation=0B thread-reservation=0
|  |  tuple-ids=17 row-size=8B cardinality=1 cost=0
|  |  in pipelines: 80(GETNEXT)
|  |
|  F09:PLAN FRAGMENT [UNPARTITIONED] hosts=1 instances=1
|  Per-Instance Resources: mem-estimate=184.84KB mem-reservation=0B thread-reservation=1
|  max-parallelism=1 segment-costs=[25, 1] cpu-comparison-result=120 [max(1 (self) vs 120 (sum children))]
|  80:AGGREGATE [FINALIZE]
|  |  output: count:merge()
|  |  mem-estimate=16.00KB mem-reservation=0B spill-buffer=2.00MB thread-reservation=0
|  |  tuple-ids=17 row-size=8B cardinality=1 cost=8
|  |  in pipelines: 80(GETNEXT), 15(OPEN)
|  |
|  79:EXCHANGE [UNPARTITIONED]
|  |  mem-estimate=168.84KB mem-reservation=0B thread-reservation=0
|  |  tuple-ids=17 row-size=8B cardinality=120 cost=17
|  |  in pipelines: 15(GETNEXT)
|  |
|  F05:PLAN FRAGMENT [RANDOM] hosts=10 instances=120
|  Per-Host Shared Resources: mem-estimate=2.00MB mem-reservation=2.00MB thread-reservation=0 runtime-filters-memory=2.00MB
|  Per-Instance Resources: mem-estimate=16.02MB mem-reservation=8.00MB thread-reservation=1
|  max-parallelism=170 segment-costs=[1682323314, 123] cpu-comparison-result=120 [max(120 (self) vs 33 (sum children))]
|  15:AGGREGATE
|  |  output: count()
|  |  mem-estimate=16.00KB mem-reservation=0B spill-buffer=2.00MB thread-reservation=0
|  |  tuple-ids=17 row-size=8B cardinality=120 cost=145605
|  |  in pipelines: 15(GETNEXT), 08(OPEN)
|  |
|  14:HASH JOIN [INNER JOIN, BROADCAST]
|  |  hash-table-id=25
|  |  hash predicates: tpcds_partitioned_parquet_snap.store_sales_0.ss_store_sk = tpcds_partitioned_parquet_snap.store_0.s_store_sk
|  |  fk/pk conjuncts: tpcds_partitioned_parquet_snap.store_sales_0.ss_store_sk = tpcds_partitioned_parquet_snap.store_0.s_store_sk
|  |  mem-estimate=0B mem-reservation=0B spill-buffer=64.00KB thread-reservation=0
|  |  tuple-ids=9,11,13,15 row-size=56B cardinality=2.08M cost=3038038
|  |  in pipelines: 08(GETNEXT), 13(OPEN)
|  |
|  |--F65:PLAN FRAGMENT [RANDOM] hosts=10 instances=10
|  |  |  Per-Instance Resources: mem-estimate=23.27MB mem-reservation=23.25MB thread-reservation=1
|  |  |  max-parallelism=10 segment-costs=[304]
|  |  JOIN BUILD
|  |  |  join-table-id=25 plan-id=26 cohort-id=08
|  |  |  build expressions: tpcds_partitioned_parquet_snap.store_0.s_store_sk
|  |  |  runtime filters: RF007[min_max] <- tpcds_partitioned_parquet_snap.store_0.s_store_sk
|  |  |  mem-estimate=23.25MB mem-reservation=23.25MB spill-buffer=64.00KB thread-reservation=0 cost=134
|  |  |
|  |  78:EXCHANGE [BROADCAST]
|  |  |  mem-estimate=16.00KB mem-reservation=0B thread-reservation=0
|  |  |  tuple-ids=15 row-size=20B cardinality=134 cost=170
|  |  |  in pipelines: 13(GETNEXT)
|  |  |
|  |  F08:PLAN FRAGMENT [RANDOM] hosts=1 instances=1
|  |  Per-Instance Resources: mem-estimate=16.09MB mem-reservation=16.00KB thread-reservation=1
|  |  max-parallelism=1 segment-costs=[202]
|  |  13:SCAN HDFS [tpcds_partitioned_parquet_snap.store, RANDOM]
|  |     HDFS partitions=1/1 files=1 size=119.76KB
|  |     predicates: tpcds_partitioned_parquet_snap.store_0.s_store_name = 'ese'
|  |     stored statistics:
|  |       table: rows=1.35K size=119.76KB
|  |       columns: all
|  |     extrapolated-rows=disabled max-scan-range-rows=1.35K
|  |     parquet statistics predicates: tpcds_partitioned_parquet_snap.store_0.s_store_name = 'ese'
|  |     parquet dictionary predicates: tpcds_partitioned_parquet_snap.store_0.s_store_name = 'ese'
|  |     mem-estimate=16.00MB mem-reservation=16.00KB thread-reservation=0
|  |     tuple-ids=15 row-size=20B cardinality=134 cost=192
|  |     in pipelines: 13(GETNEXT)
|  |
|  12:HASH JOIN [INNER JOIN, BROADCAST]
|  |  hash-table-id=26
|  |  hash predicates: tpcds_partitioned_parquet_snap.store_sales_0.ss_sold_time_sk = tpcds_partitioned_parquet_snap.time_dim_0.t_time_sk
|  |  fk/pk conjuncts: tpcds_partitioned_parquet_snap.store_sales_0.ss_sold_time_sk = tpcds_partitioned_parquet_snap.time_dim_0.t_time_sk
|  |  mem-estimate=0B mem-reservation=0B spill-buffer=64.00KB thread-reservation=0
|  |  tuple-ids=9,11,13 row-size=36B cardinality=10.37M cost=54222507
|  |  in pipelines: 08(GETNEXT), 11(OPEN)
|  |
|  |--F66:PLAN FRAGMENT [RANDOM] hosts=10 instances=10
|  |  |  Per-Instance Resources: mem-estimate=24.28MB mem-reservation=24.25MB thread-reservation=1 runtime-filters-memory=1.00MB
|  |  |  max-parallelism=10 segment-costs=[2648]
|  |  JOIN BUILD
|  |  |  join-table-id=26 plan-id=27 cohort-id=08
|  |  |  build expressions: tpcds_partitioned_parquet_snap.time_dim_0.t_time_sk
|  |  |  runtime filters: RF008[bloom] <- tpcds_partitioned_parquet_snap.time_dim_0.t_time_sk, RF009[min_max] <- tpcds_partitioned_parquet_snap.time_dim_0.t_time_sk
|  |  |  mem-estimate=23.25MB mem-reservation=23.25MB spill-buffer=64.00KB thread-reservation=0 cost=1138
|  |  |
|  |  77:EXCHANGE [BROADCAST]
|  |  |  mem-estimate=29.34KB mem-reservation=0B thread-reservation=0
|  |  |  tuple-ids=13 row-size=12B cardinality=1.14K cost=1510
|  |  |  in pipelines: 11(GETNEXT)
|  |  |
|  |  F07:PLAN FRAGMENT [RANDOM] hosts=1 instances=1
|  |  Per-Instance Resources: mem-estimate=16.06MB mem-reservation=512.00KB thread-reservation=1
|  |  max-parallelism=1 segment-costs=[19846]
|  |  11:SCAN HDFS [tpcds_partitioned_parquet_snap.time_dim, RANDOM]
|  |     HDFS partitions=1/1 files=1 size=1.31MB
|  |     predicates: tpcds_partitioned_parquet_snap.time_dim_0.t_hour = CAST(12 AS INT), tpcds_partitioned_parquet_snap.time_dim_0.t_minute < CAST(30 AS INT)
|  |     stored statistics:
|  |       table: rows=86.40K size=1.31MB
|  |       columns: all
|  |     extrapolated-rows=disabled max-scan-range-rows=86.40K
|  |     parquet statistics predicates: tpcds_partitioned_parquet_snap.time_dim_0.t_hour = CAST(12 AS INT), tpcds_partitioned_parquet_snap.time_dim_0.t_minute < CAST(30 AS INT)
|  |     parquet dictionary predicates: tpcds_partitioned_parquet_snap.time_dim_0.t_hour = CAST(12 AS INT), tpcds_partitioned_parquet_snap.time_dim_0.t_minute < CAST(30 AS INT)
|  |     mem-estimate=16.00MB mem-reservation=512.00KB thread-reservation=0
|  |     tuple-ids=13 row-size=12B cardinality=1.14K cost=19785
|  |     in pipelines: 11(GETNEXT)
|  |
|  10:HASH JOIN [INNER JOIN, BROADCAST]
|  |  hash-table-id=27
|  |  hash predicates: tpcds_partitioned_parquet_snap.store_sales_0.ss_hdemo_sk = tpcds_partitioned_parquet_snap.household_demographics_0.hd_demo_sk
|  |  fk/pk conjuncts: tpcds_partitioned_parquet_snap.store_sales_0.ss_hdemo_sk = tpcds_partitioned_parquet_snap.household_demographics_0.hd_demo_sk
|  |  mem-estimate=0B mem-reservation=0B spill-buffer=64.00KB thread-reservation=0
|  |  tuple-ids=9,11 row-size=24B cardinality=204.06M(filtered from 439.26M) cost=131936363
|  |  in pipelines: 08(GETNEXT), 09(OPEN)
|  |
|  |--F67:PLAN FRAGMENT [RANDOM] hosts=10 instances=10
|  |  |  Per-Instance Resources: mem-estimate=24.27MB mem-reservation=24.25MB thread-reservation=1 runtime-filters-memory=1.00MB
|  |  |  max-parallelism=10 segment-costs=[865]
|  |  JOIN BUILD
|  |  |  join-table-id=27 plan-id=28 cohort-id=08
|  |  |  build expressions: tpcds_partitioned_parquet_snap.household_demographics_0.hd_demo_sk
|  |  |  runtime filters: RF010[bloom] <- tpcds_partitioned_parquet_snap.household_demographics_0.hd_demo_sk, RF011[min_max] <- tpcds_partitioned_parquet_snap.household_demographics_0.hd_demo_sk
|  |  |  mem-estimate=23.25MB mem-reservation=23.25MB spill-buffer=64.00KB thread-reservation=0 cost=375
|  |  |
|  |  76:EXCHANGE [BROADCAST]
|  |  |  mem-estimate=16.00KB mem-reservation=0B thread-reservation=0
|  |  |  tuple-ids=11 row-size=12B cardinality=375 cost=490
|  |  |  in pipelines: 09(GETNEXT)
|  |  |
|  |  F06:PLAN FRAGMENT [RANDOM] hosts=1 instances=1
|  |  Per-Instance Resources: mem-estimate=16.06MB mem-reservation=64.00KB thread-reservation=1
|  |  max-parallelism=1 segment-costs=[2882]
|  |  09:SCAN HDFS [tpcds_partitioned_parquet_snap.household_demographics, RANDOM]
|  |     HDFS partitions=1/1 files=1 size=41.69KB
|  |     predicates: tpcds_partitioned_parquet_snap.household_demographics_0.hd_dep_count = CAST(0 AS INT) OR tpcds_partitioned_parquet_snap.household_demographics_0.hd_dep_count = CAST(1 AS INT) OR tpcds_partitioned_parquet_snap.household_demographics_0.hd_dep_count = CAST(2 AS INT), tpcds_partitioned_parquet_snap.household_demographics_0.hd_dep_count = CAST(0 AS INT) OR tpcds_partitioned_parquet_snap.household_demographics_0.hd_dep_count = CAST(1 AS INT) OR tpcds_partitioned_parquet_snap.household_demographics_0.hd_vehicle_count <= CAST(add(CAST(2 AS SMALLINT), CAST(2 AS SMALLINT)) AS INT), tpcds_partitioned_parquet_snap.household_demographics_0.hd_dep_count = CAST(1 AS INT) OR tpcds_partitioned_parquet_snap.household_demographics_0.hd_dep_count = CAST(2 AS INT) OR tpcds_partitioned_parquet_snap.household_demographics_0.hd_vehicle_count <= CAST(2 AS INT), tpcds_partitioned_parquet_snap.household_demographics_0.hd_dep_count = CAST(1 AS INT) OR tpcds_partitioned_parquet_snap.household_demographics_0.hd_vehicle_count <= CAST(add(CAST(2 AS SMALLINT), CAST(2 AS SMALLINT)) AS INT) OR tpcds_partitioned_parquet_snap.household_demographics_0.hd_vehicle_count <= CAST(2 AS INT), tpcds_partitioned_parquet_snap.household_demographics_0.hd_vehicle_count <= CAST(add(CAST(1 AS SMALLINT), CAST(2 AS SMALLINT)) AS INT) OR tpcds_partitioned_parquet_snap.household_demographics_0.hd_dep_count = CAST(0 AS INT) OR tpcds_partitioned_parquet_snap.household_demographics_0.hd_dep_count = CAST(2 AS INT), tpcds_partitioned_parquet_snap.household_demographics_0.hd_vehicle_count <= CAST(add(CAST(1 AS SMALLINT), CAST(2 AS SMALLINT)) AS INT) OR tpcds_partitioned_parquet_snap.household_demographics_0.hd_dep_count = CAST(2 AS INT) OR tpcds_partitioned_parquet_snap.household_demographics_0.hd_vehicle_count <= CAST(2 AS INT), tpcds_partitioned_parquet_snap.household_demographics_0.hd_vehicle_count <= CAST(add(CAST(1 AS SMALLINT), CAST(2 AS SMALLINT)) AS INT) OR tpcds_partitioned_parquet_snap.household_demographics_0.hd_vehicle_count <= CAST(add(CAST(2 AS SMALLINT), CAST(2 AS SMALLINT)) AS INT) OR tpcds_partitioned_parquet_snap.household_demographics_0.hd_dep_count = CAST(0 AS INT), tpcds_partitioned_parquet_snap.household_demographics_0.hd_vehicle_count <= CAST(add(CAST(1 AS SMALLINT), CAST(2 AS SMALLINT)) AS INT) OR tpcds_partitioned_parquet_snap.household_demographics_0.hd_vehicle_count <= CAST(add(CAST(2 AS SMALLINT), CAST(2 AS SMALLINT)) AS INT) OR tpcds_partitioned_parquet_snap.household_demographics_0.hd_vehicle_count <= CAST(2 AS INT)
|  |     stored statistics:
|  |       table: rows=7.20K size=41.69KB
|  |       columns: all
|  |     extrapolated-rows=disabled max-scan-range-rows=7.20K
|  |     parquet dictionary predicates: tpcds_partitioned_parquet_snap.household_demographics_0.hd_dep_count = CAST(0 AS INT) OR tpcds_partitioned_parquet_snap.household_demographics_0.hd_dep_count = CAST(1 AS INT) OR tpcds_partitioned_parquet_snap.household_demographics_0.hd_dep_count = CAST(2 AS INT), tpcds_partitioned_parquet_snap.household_demographics_0.hd_vehicle_count <= CAST(add(CAST(1 AS SMALLINT), CAST(2 AS SMALLINT)) AS INT) OR tpcds_partitioned_parquet_snap.household_demographics_0.hd_vehicle_count <= CAST(add(CAST(2 AS SMALLINT), CAST(2 AS SMALLINT)) AS INT) OR tpcds_partitioned_parquet_snap.household_demographics_0.hd_vehicle_count <= CAST(2 AS INT)
|  |     mem-estimate=16.00MB mem-reservation=64.00KB thread-reservation=0
|  |     tuple-ids=11 row-size=12B cardinality=375 cost=2862
|  |     in pipelines: 09(GETNEXT)
|  |
|  08:SCAN HDFS [tpcds_partitioned_parquet_snap.store_sales, RANDOM]
|     HDFS partitions=1824/1824 files=1824 size=389.90GB
|     runtime filters: RF009[min_max] -> tpcds_partitioned_parquet_snap.store_sales_0.ss_sold_time_sk, RF011[min_max] -> tpcds_partitioned_parquet_snap.store_sales_0.ss_hdemo_sk, RF007[min_max] -> tpcds_partitioned_parquet_snap.store_sales_0.ss_store_sk, RF008[bloom] -> tpcds_partitioned_parquet_snap.store_sales_0.ss_sold_time_sk, RF010[bloom] -> tpcds_partitioned_parquet_snap.store_sales_0.ss_hdemo_sk
|     stored statistics:
|       table: rows=8.64G size=389.90GB
|       partitions: 1824/1824 rows=8.64G
|       columns: all
|     extrapolated-rows=disabled max-scan-range-rows=390.22M
|     mem-estimate=16.00MB mem-reservation=8.00MB thread-reservation=0
|     tuple-ids=9 row-size=12B cardinality=204.06M(filtered from 8.64G) cost=1492980801
|     in pipelines: 08(GETNEXT)
|
75:AGGREGATE [FINALIZE]
|  output: count:merge()
|  mem-estimate=16.00KB mem-reservation=0B spill-buffer=2.00MB thread-reservation=0
|  tuple-ids=8 row-size=8B cardinality=1 cost=8
|  in pipelines: 75(GETNEXT), 07(OPEN)
|
74:EXCHANGE [UNPARTITIONED]
|  mem-estimate=168.84KB mem-reservation=0B thread-reservation=0
|  tuple-ids=8 row-size=8B cardinality=120 cost=17
|  in pipelines: 07(GETNEXT)
|
F00:PLAN FRAGMENT [RANDOM] hosts=10 instances=120
Per-Host Shared Resources: mem-estimate=2.00MB mem-reservation=2.00MB thread-reservation=0 runtime-filters-memory=2.00MB
Per-Instance Resources: mem-estimate=16.02MB mem-reservation=8.00MB thread-reservation=1
max-parallelism=170 segment-costs=[1682323314, 123] cpu-comparison-result=120 [max(120 (self) vs 33 (sum children))]
07:AGGREGATE
|  output: count()
|  mem-estimate=16.00KB mem-reservation=0B spill-buffer=2.00MB thread-reservation=0
|  tuple-ids=8 row-size=8B cardinality=120 cost=145605
|  in pipelines: 07(GETNEXT), 00(OPEN)
|
06:HASH JOIN [INNER JOIN, BROADCAST]
|  hash-table-id=28
|  hash predicates: tpcds_partitioned_parquet_snap.store_sales.ss_store_sk = tpcds_partitioned_parquet_snap.store.s_store_sk
|  fk/pk conjuncts: tpcds_partitioned_parquet_snap.store_sales.ss_store_sk = tpcds_partitioned_parquet_snap.store.s_store_sk
|  mem-estimate=0B mem-reservation=0B spill-buffer=64.00KB thread-reservation=0
|  tuple-ids=0,2,4,6 row-size=56B cardinality=2.08M cost=3038038
|  in pipelines: 00(GETNEXT), 05(OPEN)
|
|--F68:PLAN FRAGMENT [RANDOM] hosts=10 instances=10
|  |  Per-Instance Resources: mem-estimate=23.27MB mem-reservation=23.25MB thread-reservation=1
|  |  max-parallelism=10 segment-costs=[304]
|  JOIN BUILD
|  |  join-table-id=28 plan-id=29 cohort-id=01
|  |  build expressions: tpcds_partitioned_parquet_snap.store.s_store_sk
|  |  runtime filters: RF001[min_max] <- tpcds_partitioned_parquet_snap.store.s_store_sk
|  |  mem-estimate=23.25MB mem-reservation=23.25MB spill-buffer=64.00KB thread-reservation=0 cost=134
|  |
|  73:EXCHANGE [BROADCAST]
|  |  mem-estimate=16.00KB mem-reservation=0B thread-reservation=0
|  |  tuple-ids=6 row-size=20B cardinality=134 cost=170
|  |  in pipelines: 05(GETNEXT)
|  |
|  F03:PLAN FRAGMENT [RANDOM] hosts=1 instances=1
|  Per-Instance Resources: mem-estimate=16.09MB mem-reservation=16.00KB thread-reservation=1
|  max-parallelism=1 segment-costs=[202]
|  05:SCAN HDFS [tpcds_partitioned_parquet_snap.store, RANDOM]
|     HDFS partitions=1/1 files=1 size=119.76KB
|     predicates: tpcds_partitioned_parquet_snap.store.s_store_name = 'ese'
|     stored statistics:
|       table: rows=1.35K size=119.76KB
|       columns: all
|     extrapolated-rows=disabled max-scan-range-rows=1.35K
|     parquet statistics predicates: tpcds_partitioned_parquet_snap.store.s_store_name = 'ese'
|     parquet dictionary predicates: tpcds_partitioned_parquet_snap.store.s_store_name = 'ese'
|     mem-estimate=16.00MB mem-reservation=16.00KB thread-reservation=0
|     tuple-ids=6 row-size=20B cardinality=134 cost=192
|     in pipelines: 05(GETNEXT)
|
04:HASH JOIN [INNER JOIN, BROADCAST]
|  hash-table-id=29
|  hash predicates: tpcds_partitioned_parquet_snap.store_sales.ss_sold_time_sk = tpcds_partitioned_parquet_snap.time_dim.t_time_sk
|  fk/pk conjuncts: tpcds_partitioned_parquet_snap.store_sales.ss_sold_time_sk = tpcds_partitioned_parquet_snap.time_dim.t_time_sk
|  mem-estimate=0B mem-reservation=0B spill-buffer=64.00KB thread-reservation=0
|  tuple-ids=0,2,4 row-size=36B cardinality=10.37M cost=54222507
|  in pipelines: 00(GETNEXT), 03(OPEN)
|
|--F69:PLAN FRAGMENT [RANDOM] hosts=10 instances=10
|  |  Per-Instance Resources: mem-estimate=24.28MB mem-reservation=24.25MB thread-reservation=1 runtime-filters-memory=1.00MB
|  |  max-parallelism=10 segment-costs=[2648]
|  JOIN BUILD
|  |  join-table-id=29 plan-id=30 cohort-id=01
|  |  build expressions: tpcds_partitioned_parquet_snap.time_dim.t_time_sk
|  |  runtime filters: RF002[bloom] <- tpcds_partitioned_parquet_snap.time_dim.t_time_sk, RF003[min_max] <- tpcds_partitioned_parquet_snap.time_dim.t_time_sk
|  |  mem-estimate=23.25MB mem-reservation=23.25MB spill-buffer=64.00KB thread-reservation=0 cost=1138
|  |
|  72:EXCHANGE [BROADCAST]
|  |  mem-estimate=29.34KB mem-reservation=0B thread-reservation=0
|  |  tuple-ids=4 row-size=12B cardinality=1.14K cost=1510
|  |  in pipelines: 03(GETNEXT)
|  |
|  F02:PLAN FRAGMENT [RANDOM] hosts=1 instances=1
|  Per-Instance Resources: mem-estimate=16.06MB mem-reservation=512.00KB thread-reservation=1
|  max-parallelism=1 segment-costs=[19846]
|  03:SCAN HDFS [tpcds_partitioned_parquet_snap.time_dim, RANDOM]
|     HDFS partitions=1/1 files=1 size=1.31MB
|     predicates: tpcds_partitioned_parquet_snap.time_dim.t_hour = CAST(8 AS INT), tpcds_partitioned_parquet_snap.time_dim.t_minute >= CAST(30 AS INT)
|     stored statistics:
|       table: rows=86.40K size=1.31MB
|       columns: all
|     extrapolated-rows=disabled max-scan-range-rows=86.40K
|     parquet statistics predicates: tpcds_partitioned_parquet_snap.time_dim.t_hour = CAST(8 AS INT), tpcds_partitioned_parquet_snap.time_dim.t_minute >= CAST(30 AS INT)
|     parquet dictionary predicates: tpcds_partitioned_parquet_snap.time_dim.t_hour = CAST(8 AS INT), tpcds_partitioned_parquet_snap.time_dim.t_minute >= CAST(30 AS INT)
|     mem-estimate=16.00MB mem-reservation=512.00KB thread-reservation=0
|     tuple-ids=4 row-size=12B cardinality=1.14K cost=19785
|     in pipelines: 03(GETNEXT)
|
02:HASH JOIN [INNER JOIN, BROADCAST]
|  hash-table-id=30
|  hash predicates: tpcds_partitioned_parquet_snap.store_sales.ss_hdemo_sk = tpcds_partitioned_parquet_snap.household_demographics.hd_demo_sk
|  fk/pk conjuncts: tpcds_partitioned_parquet_snap.store_sales.ss_hdemo_sk = tpcds_partitioned_parquet_snap.household_demographics.hd_demo_sk
|  mem-estimate=0B mem-reservation=0B spill-buffer=64.00KB thread-reservation=0
|  tuple-ids=0,2 row-size=24B cardinality=204.06M(filtered from 439.26M) cost=131936363
|  in pipelines: 00(GETNEXT), 01(OPEN)
|
|--F70:PLAN FRAGMENT [RANDOM] hosts=10 instances=10
|  |  Per-Instance Resources: mem-estimate=24.27MB mem-reservation=24.25MB thread-reservation=1 runtime-filters-memory=1.00MB
|  |  max-parallelism=10 segment-costs=[865]
|  JOIN BUILD
|  |  join-table-id=30 plan-id=31 cohort-id=01
|  |  build expressions: tpcds_partitioned_parquet_snap.household_demographics.hd_demo_sk
|  |  runtime filters: RF004[bloom] <- tpcds_partitioned_parquet_snap.household_demographics.hd_demo_sk, RF005[min_max] <- tpcds_partitioned_parquet_snap.household_demographics.hd_demo_sk
|  |  mem-estimate=23.25MB mem-reservation=23.25MB spill-buffer=64.00KB thread-reservation=0 cost=375
|  |
|  71:EXCHANGE [BROADCAST]
|  |  mem-estimate=16.00KB mem-reservation=0B thread-reservation=0
|  |  tuple-ids=2 row-size=12B cardinality=375 cost=490
|  |  in pipelines: 01(GETNEXT)
|  |
|  F01:PLAN FRAGMENT [RANDOM] hosts=1 instances=1
|  Per-Instance Resources: mem-estimate=16.06MB mem-reservation=64.00KB thread-reservation=1
|  max-parallelism=1 segment-costs=[2882]
|  01:SCAN HDFS [tpcds_partitioned_parquet_snap.household_demographics, RANDOM]
|     HDFS partitions=1/1 files=1 size=41.69KB
|     predicates: tpcds_partitioned_parquet_snap.household_demographics.hd_dep_count = CAST(0 AS INT) OR tpcds_partitioned_parquet_snap.household_demographics.hd_dep_count = CAST(1 AS INT) OR tpcds_partitioned_parquet_snap.household_demographics.hd_dep_count = CAST(2 AS INT), tpcds_partitioned_parquet_snap.household_demographics.hd_dep_count = CAST(0 AS INT) OR tpcds_partitioned_parquet_snap.household_demographics.hd_dep_count = CAST(1 AS INT) OR tpcds_partitioned_parquet_snap.household_demographics.hd_vehicle_count <= CAST(add(CAST(2 AS SMALLINT), CAST(2 AS SMALLINT)) AS INT), tpcds_partitioned_parquet_snap.household_demographics.hd_dep_count = CAST(1 AS INT) OR tpcds_partitioned_parquet_snap.household_demographics.hd_dep_count = CAST(2 AS INT) OR tpcds_partitioned_parquet_snap.household_demographics.hd_vehicle_count <= CAST(2 AS INT), tpcds_partitioned_parquet_snap.household_demographics.hd_dep_count = CAST(1 AS INT) OR tpcds_partitioned_parquet_snap.household_demographics.hd_vehicle_count <= CAST(add(CAST(2 AS SMALLINT), CAST(2 AS SMALLINT)) AS INT) OR tpcds_partitioned_parquet_snap.household_demographics.hd_vehicle_count <= CAST(2 AS INT), tpcds_partitioned_parquet_snap.household_demographics.hd_vehicle_count <= CAST(add(CAST(1 AS SMALLINT), CAST(2 AS SMALLINT)) AS INT) OR tpcds_partitioned_parquet_snap.household_demographics.hd_dep_count = CAST(0 AS INT) OR tpcds_partitioned_parquet_snap.household_demographics.hd_dep_count = CAST(2 AS INT), tpcds_partitioned_parquet_snap.household_demographics.hd_vehicle_count <= CAST(add(CAST(1 AS SMALLINT), CAST(2 AS SMALLINT)) AS INT) OR tpcds_partitioned_parquet_snap.household_demographics.hd_dep_count = CAST(2 AS INT) OR tpcds_partitioned_parquet_snap.household_demographics.hd_vehicle_count <= CAST(2 AS INT), tpcds_partitioned_parquet_snap.household_demographics.hd_vehicle_count <= CAST(add(CAST(1 AS SMALLINT), CAST(2 AS SMALLINT)) AS INT) OR tpcds_partitioned_parquet_snap.household_demographics.hd_vehicle_count <= CAST(add(CAST(2 AS SMALLINT), CAST(2 AS SMALLINT)) AS INT) OR tpcds_partitioned_parquet_snap.household_demographics.hd_dep_count = CAST(0 AS INT), tpcds_partitioned_parquet_snap.household_demographics.hd_vehicle_count <= CAST(add(CAST(1 AS SMALLINT), CAST(2 AS SMALLINT)) AS INT) OR tpcds_partitioned_parquet_snap.household_demographics.hd_vehicle_count <= CAST(add(CAST(2 AS SMALLINT), CAST(2 AS SMALLINT)) AS INT) OR tpcds_partitioned_parquet_snap.household_demographics.hd_vehicle_count <= CAST(2 AS INT)
|     stored statistics:
|       table: rows=7.20K size=41.69KB
|       columns: all
|     extrapolated-rows=disabled max-scan-range-rows=7.20K
|     parquet dictionary predicates: tpcds_partitioned_parquet_snap.household_demographics.hd_dep_count = CAST(0 AS INT) OR tpcds_partitioned_parquet_snap.household_demographics.hd_dep_count = CAST(1 AS INT) OR tpcds_partitioned_parquet_snap.household_demographics.hd_dep_count = CAST(2 AS INT), tpcds_partitioned_parquet_snap.household_demographics.hd_vehicle_count <= CAST(add(CAST(1 AS SMALLINT), CAST(2 AS SMALLINT)) AS INT) OR tpcds_partitioned_parquet_snap.household_demographics.hd_vehicle_count <= CAST(add(CAST(2 AS SMALLINT), CAST(2 AS SMALLINT)) AS INT) OR tpcds_partitioned_parquet_snap.household_demographics.hd_vehicle_count <= CAST(2 AS INT)
|     mem-estimate=16.00MB mem-reservation=64.00KB thread-reservation=0
|     tuple-ids=2 row-size=12B cardinality=375 cost=2862
|     in pipelines: 01(GETNEXT)
|
00:SCAN HDFS [tpcds_partitioned_parquet_snap.store_sales, RANDOM]
   HDFS partitions=1824/1824 files=1824 size=389.90GB
   runtime filters: RF003[min_max] -> tpcds_partitioned_parquet_snap.store_sales.ss_sold_time_sk, RF005[min_max] -> tpcds_partitioned_parquet_snap.store_sales.ss_hdemo_sk, RF001[min_max] -> tpcds_partitioned_parquet_snap.store_sales.ss_store_sk, RF002[bloom] -> tpcds_partitioned_parquet_snap.store_sales.ss_sold_time_sk, RF004[bloom] -> tpcds_partitioned_parquet_snap.store_sales.ss_hdemo_sk
   stored statistics:
     table: rows=8.64G size=389.90GB
     partitions: 1824/1824 rows=8.64G
     columns: all
   extrapolated-rows=disabled max-scan-range-rows=390.22M
   mem-estimate=16.00MB mem-reservation=8.00MB thread-reservation=0
   tuple-ids=0 row-size=12B cardinality=204.06M(filtered from 8.64G) cost=1492980801
   in pipelines: 00(GETNEXT)
====
