# TPCDS-Q89
# start query 89 in stream 0 using template query89.tpl using seed 703306508
select  *
from(
select i_category, i_class, i_brand,
       s_store_name, s_company_name,
       d_moy,
       sum(ss_sales_price) sum_sales,
       avg(sum(ss_sales_price)) over
         (partition by i_category, i_brand, s_store_name, s_company_name)
         avg_monthly_sales
from item, store_sales, date_dim, store
where ss_item_sk = i_item_sk and
      ss_sold_date_sk = d_date_sk and
      ss_store_sk = s_store_sk and
      d_year in (2001) and
        ((i_category in ('Women','Music','Home') and
          i_class in ('fragrances','pop','bedding')
         )
      or (i_category in ('Books','Men','Children') and
          i_class in ('home repair','sports-apparel','infants')
        ))
group by i_category, i_class, i_brand,
         s_store_name, s_company_name, d_moy) tmp1
where case when (avg_monthly_sales <> 0) then (abs(sum_sales - avg_monthly_sales) / avg_monthly_sales) else null end > 0.1
order by sum_sales - avg_monthly_sales, s_store_name
limit 100

# end query 89 in stream 0 using template query89.tpl
---- PLAN
Max Per-Host Resource Reservation: Memory=54.81MB Threads=1
Per-Host Resource Estimates: Memory=4.08GB
F00:PLAN FRAGMENT [UNPARTITIONED] hosts=1 instances=1
|  Per-Instance Resources: mem-estimate=4.08GB mem-reservation=54.81MB thread-reservation=1 runtime-filters-memory=3.00MB
|  max-parallelism=1 segment-costs=[1351725336, 174852712, 99307817, 800]
PLAN-ROOT SINK
|  output exprs: tpcds_partitioned_parquet_snap.item.i_category, tpcds_partitioned_parquet_snap.item.i_class, tpcds_partitioned_parquet_snap.item.i_brand, tpcds_partitioned_parquet_snap.store.s_store_name, tpcds_partitioned_parquet_snap.store.s_company_name, tpcds_partitioned_parquet_snap.date_dim.d_moy, sum(tpcds_partitioned_parquet_snap.store_sales.ss_sales_price), avg(sum(tpcds_partitioned_parquet_snap.store_sales.ss_sales_price))
|  mem-estimate=4.00MB mem-reservation=4.00MB spill-buffer=2.00MB thread-reservation=0 cost=800
|
11:TOP-N [LIMIT=100]
|  order by: subtract(sum(tpcds_partitioned_parquet_snap.store_sales.ss_sales_price), avg(sum(tpcds_partitioned_parquet_snap.store_sales.ss_sales_price))) ASC NULLS LAST, tpcds_partitioned_parquet_snap.store.s_store_name ASC NULLS LAST
|  mem-estimate=13.36KB mem-reservation=0B thread-reservation=0
|  tuple-ids=15 row-size=137B cardinality=100 cost=37538953
|  in pipelines: 11(GETNEXT), 08(OPEN)
|
10:SELECT
|  predicates: CASE WHEN avg(sum(tpcds_partitioned_parquet_snap.store_sales.ss_sales_price)) != CAST(0 AS DECIMAL(38,6)) THEN divide(abs(subtract(sum(tpcds_partitioned_parquet_snap.store_sales.ss_sales_price), avg(sum(tpcds_partitioned_parquet_snap.store_sales.ss_sales_price)))), avg(sum(tpcds_partitioned_parquet_snap.store_sales.ss_sales_price))) ELSE NULL END > CAST(0.1 AS DECIMAL(2,1))
|  mem-estimate=0B mem-reservation=0B thread-reservation=0
|  tuple-ids=13,12 row-size=137B cardinality=3.09M cost=30884432
|  in pipelines: 08(GETNEXT)
|
09:ANALYTIC
|  functions: avg(sum(tpcds_partitioned_parquet_snap.store_sales.ss_sales_price))
|  partition by: tpcds_partitioned_parquet_snap.item.i_category, tpcds_partitioned_parquet_snap.item.i_brand, tpcds_partitioned_parquet_snap.store.s_store_name, tpcds_partitioned_parquet_snap.store.s_company_name
|  window: RANGE BETWEEN UNBOUNDED PRECEDING AND UNBOUNDED FOLLOWING
|  mem-estimate=4.00MB mem-reservation=4.00MB spill-buffer=2.00MB thread-reservation=0
|  tuple-ids=13,12 row-size=137B cardinality=30.88M cost=30884432
|  in pipelines: 08(GETNEXT)
|
08:SORT
|  order by: tpcds_partitioned_parquet_snap.item.i_category ASC NULLS LAST, tpcds_partitioned_parquet_snap.item.i_brand ASC NULLS LAST, tpcds_partitioned_parquet_snap.store.s_store_name ASC NULLS LAST, tpcds_partitioned_parquet_snap.store.s_company_name ASC NULLS LAST
|  mem-estimate=3.47GB mem-reservation=12.00MB spill-buffer=2.00MB thread-reservation=0
|  tuple-ids=13 row-size=121B cardinality=30.88M cost=174852712
|  in pipelines: 08(GETNEXT), 07(OPEN)
|
07:AGGREGATE [FINALIZE]
|  output: sum(tpcds_partitioned_parquet_snap.store_sales.ss_sales_price)
|  group by: tpcds_partitioned_parquet_snap.item.i_category, tpcds_partitioned_parquet_snap.item.i_class, tpcds_partitioned_parquet_snap.item.i_brand, tpcds_partitioned_parquet_snap.store.s_store_name, tpcds_partitioned_parquet_snap.store.s_company_name, tpcds_partitioned_parquet_snap.date_dim.d_moy
|  mem-estimate=618.22MB mem-reservation=34.00MB spill-buffer=2.00MB thread-reservation=0
|  tuple-ids=8 row-size=121B cardinality=30.88M cost=182298448
|  in pipelines: 07(GETNEXT), 00(OPEN)
|
06:HASH JOIN [INNER JOIN]
|  hash predicates: tpcds_partitioned_parquet_snap.store_sales.ss_item_sk = tpcds_partitioned_parquet_snap.item.i_item_sk
|  fk/pk conjuncts: tpcds_partitioned_parquet_snap.store_sales.ss_item_sk = tpcds_partitioned_parquet_snap.item.i_item_sk
|  runtime filters: RF000[bloom] <- tpcds_partitioned_parquet_snap.item.i_item_sk, RF001[min_max] <- tpcds_partitioned_parquet_snap.item.i_item_sk
|  mem-estimate=1.94MB mem-reservation=1.94MB spill-buffer=64.00KB thread-reservation=0
|  tuple-ids=0,2,4,6 row-size=137B cardinality=30.88M cost=44341071
|  in pipelines: 00(GETNEXT), 05(OPEN)
|
|--05:SCAN HDFS [tpcds_partitioned_parquet_snap.item]
|     HDFS partitions=1/1 files=1 size=33.54MB
|     predicates: tpcds_partitioned_parquet_snap.item.i_class = 'bedding' OR tpcds_partitioned_parquet_snap.item.i_class = 'fragrances' OR tpcds_partitioned_parquet_snap.item.i_class = 'home repair' OR tpcds_partitioned_parquet_snap.item.i_class = 'infants' OR tpcds_partitioned_parquet_snap.item.i_class = 'pop' OR tpcds_partitioned_parquet_snap.item.i_class = 'sports-apparel', tpcds_partitioned_parquet_snap.item.i_category = 'Home' OR tpcds_partitioned_parquet_snap.item.i_category = 'Music' OR tpcds_partitioned_parquet_snap.item.i_category = 'Women' OR tpcds_partitioned_parquet_snap.item.i_class = 'home repair' OR tpcds_partitioned_parquet_snap.item.i_class = 'infants' OR tpcds_partitioned_parquet_snap.item.i_class = 'sports-apparel', tpcds_partitioned_parquet_snap.item.i_class = 'bedding' OR tpcds_partitioned_parquet_snap.item.i_class = 'fragrances' OR tpcds_partitioned_parquet_snap.item.i_class = 'pop' OR tpcds_partitioned_parquet_snap.item.i_category = 'Books' OR tpcds_partitioned_parquet_snap.item.i_category = 'Children' OR tpcds_partitioned_parquet_snap.item.i_category = 'Men', tpcds_partitioned_parquet_snap.item.i_category = 'Books' OR tpcds_partitioned_parquet_snap.item.i_category = 'Children' OR tpcds_partitioned_parquet_snap.item.i_category = 'Home' OR tpcds_partitioned_parquet_snap.item.i_category = 'Men' OR tpcds_partitioned_parquet_snap.item.i_category = 'Music' OR tpcds_partitioned_parquet_snap.item.i_category = 'Women'
|     stored statistics:
|       table: rows=360.00K size=33.54MB
|       columns: all
|     extrapolated-rows=disabled max-scan-range-rows=101.54K
|     parquet dictionary predicates: tpcds_partitioned_parquet_snap.item.i_class = 'bedding' OR tpcds_partitioned_parquet_snap.item.i_class = 'fragrances' OR tpcds_partitioned_parquet_snap.item.i_class = 'home repair' OR tpcds_partitioned_parquet_snap.item.i_class = 'infants' OR tpcds_partitioned_parquet_snap.item.i_class = 'pop' OR tpcds_partitioned_parquet_snap.item.i_class = 'sports-apparel', tpcds_partitioned_parquet_snap.item.i_category = 'Books' OR tpcds_partitioned_parquet_snap.item.i_category = 'Children' OR tpcds_partitioned_parquet_snap.item.i_category = 'Home' OR tpcds_partitioned_parquet_snap.item.i_category = 'Men' OR tpcds_partitioned_parquet_snap.item.i_category = 'Music' OR tpcds_partitioned_parquet_snap.item.i_category = 'Women'
|     mem-estimate=16.00MB mem-reservation=512.00KB thread-reservation=0
|     tuple-ids=6 row-size=70B cardinality=6.30K cost=215954
|     in pipelines: 05(GETNEXT)
|
04:HASH JOIN [INNER JOIN]
|  hash predicates: tpcds_partitioned_parquet_snap.store_sales.ss_store_sk = tpcds_partitioned_parquet_snap.store.s_store_sk
|  fk/pk conjuncts: tpcds_partitioned_parquet_snap.store_sales.ss_store_sk = tpcds_partitioned_parquet_snap.store.s_store_sk
|  runtime filters: RF002[bloom] <- tpcds_partitioned_parquet_snap.store.s_store_sk, RF003[min_max] <- tpcds_partitioned_parquet_snap.store.s_store_sk
|  mem-estimate=1.94MB mem-reservation=1.94MB spill-buffer=64.00KB thread-reservation=0
|  tuple-ids=0,2,4 row-size=67B cardinality=151.03M(filtered from 1.77G) cost=358889254
|  in pipelines: 00(GETNEXT), 03(OPEN)
|
|--03:SCAN HDFS [tpcds_partitioned_parquet_snap.store]
|     HDFS partitions=1/1 files=1 size=119.76KB
|     stored statistics:
|       table: rows=1.35K size=119.76KB
|       columns: all
|     extrapolated-rows=disabled max-scan-range-rows=1.35K
|     mem-estimate=16.00MB mem-reservation=24.00KB thread-reservation=0
|     tuple-ids=4 row-size=39B cardinality=1.35K cost=290
|     in pipelines: 03(GETNEXT)
|
02:HASH JOIN [INNER JOIN]
|  hash predicates: tpcds_partitioned_parquet_snap.store_sales.ss_sold_date_sk = tpcds_partitioned_parquet_snap.date_dim.d_date_sk
|  fk/pk conjuncts: tpcds_partitioned_parquet_snap.store_sales.ss_sold_date_sk = tpcds_partitioned_parquet_snap.date_dim.d_date_sk
|  runtime filters: RF004[bloom] <- tpcds_partitioned_parquet_snap.date_dim.d_date_sk
|  mem-estimate=1.94MB mem-reservation=1.94MB spill-buffer=64.00KB thread-reservation=0
|  tuple-ids=0,2 row-size=28B cardinality=151.03M(filtered from 1.77G) cost=358888277
|  in pipelines: 00(GETNEXT), 01(OPEN)
|
|--01:SCAN HDFS [tpcds_partitioned_parquet_snap.date_dim]
|     HDFS partitions=1/1 files=1 size=2.17MB
|     predicates: tpcds_partitioned_parquet_snap.date_dim.d_year = CAST(2001 AS INT)
|     stored statistics:
|       table: rows=73.05K size=2.17MB
|       columns: all
|     extrapolated-rows=disabled max-scan-range-rows=73.05K
|     parquet statistics predicates: tpcds_partitioned_parquet_snap.date_dim.d_year = CAST(2001 AS INT)
|     parquet dictionary predicates: tpcds_partitioned_parquet_snap.date_dim.d_year = CAST(2001 AS INT)
|     mem-estimate=16.00MB mem-reservation=512.00KB thread-reservation=0
|     tuple-ids=2 row-size=12B cardinality=373 cost=14675
|     in pipelines: 01(GETNEXT)
|
00:SCAN HDFS [tpcds_partitioned_parquet_snap.store_sales]
   HDFS partitions=1824/1824 files=1824 size=389.90GB
   runtime filters: RF001[min_max] -> tpcds_partitioned_parquet_snap.store_sales.ss_item_sk, RF003[min_max] -> tpcds_partitioned_parquet_snap.store_sales.ss_store_sk, RF000[bloom] -> tpcds_partitioned_parquet_snap.store_sales.ss_item_sk, RF002[bloom] -> tpcds_partitioned_parquet_snap.store_sales.ss_store_sk, RF004[bloom] -> tpcds_partitioned_parquet_snap.store_sales.ss_sold_date_sk
   stored statistics:
     table: rows=8.64G size=389.90GB
     partitions: 1824/1824 rows=8.64G
     columns: all
   extrapolated-rows=disabled max-scan-range-rows=390.22M est-scan-range=374(filtered from 1824)
   mem-estimate=16.00MB mem-reservation=8.00MB thread-reservation=0
   tuple-ids=0 row-size=16B cardinality=151.03M(filtered from 8.64G) cost=407077367
   in pipelines: 00(GETNEXT)
---- DISTRIBUTEDPLAN
Max Per-Host Resource Reservation: Memory=718.77MB Threads=24
Per-Host Resource Estimates: Memory=1.72GB
F06:PLAN FRAGMENT [UNPARTITIONED] hosts=1 instances=1
|  Per-Instance Resources: mem-estimate=4.27MB mem-reservation=4.00MB thread-reservation=1
|  max-parallelism=1 segment-costs=[852] cpu-comparison-result=120 [max(1 (self) vs 120 (sum children))]
PLAN-ROOT SINK
|  output exprs: tpcds_partitioned_parquet_snap.item.i_category, tpcds_partitioned_parquet_snap.item.i_class, tpcds_partitioned_parquet_snap.item.i_brand, tpcds_partitioned_parquet_snap.store.s_store_name, tpcds_partitioned_parquet_snap.store.s_company_name, tpcds_partitioned_parquet_snap.date_dim.d_moy, sum(tpcds_partitioned_parquet_snap.store_sales.ss_sales_price), avg(sum(tpcds_partitioned_parquet_snap.store_sales.ss_sales_price))
|  mem-estimate=4.00MB mem-reservation=4.00MB spill-buffer=2.00MB thread-reservation=0 cost=800
|
18:MERGING-EXCHANGE [UNPARTITIONED]
|  order by: subtract(sum(tpcds_partitioned_parquet_snap.store_sales.ss_sales_price), avg(sum(tpcds_partitioned_parquet_snap.store_sales.ss_sales_price))) ASC NULLS LAST, tpcds_partitioned_parquet_snap.store.s_store_name ASC NULLS LAST
|  limit: 100
|  mem-estimate=276.34KB mem-reservation=0B thread-reservation=0
|  tuple-ids=15 row-size=137B cardinality=100 cost=52
|  in pipelines: 11(GETNEXT)
|
F05:PLAN FRAGMENT [HASH(tpcds_partitioned_parquet_snap.item.i_category,tpcds_partitioned_parquet_snap.item.i_brand,tpcds_partitioned_parquet_snap.store.s_store_name,tpcds_partitioned_parquet_snap.store.s_company_name)] hosts=10 instances=20 (adjusted from 120)
Per-Instance Resources: mem-estimate=195.54MB mem-reservation=16.00MB thread-reservation=1
max-parallelism=20 segment-costs=[195444579, 99307817, 389] cpu-comparison-result=120 [max(20 (self) vs 120 (sum children))]
11:TOP-N [LIMIT=100]
|  order by: subtract(sum(tpcds_partitioned_parquet_snap.store_sales.ss_sales_price), avg(sum(tpcds_partitioned_parquet_snap.store_sales.ss_sales_price))) ASC NULLS LAST, tpcds_partitioned_parquet_snap.store.s_store_name ASC NULLS LAST
|  mem-estimate=13.36KB mem-reservation=0B thread-reservation=0
|  tuple-ids=15 row-size=137B cardinality=100 cost=37538953
|  in pipelines: 11(GETNEXT), 08(OPEN)
|
10:SELECT
|  predicates: CASE WHEN avg(sum(tpcds_partitioned_parquet_snap.store_sales.ss_sales_price)) != CAST(0 AS DECIMAL(38,6)) THEN divide(abs(subtract(sum(tpcds_partitioned_parquet_snap.store_sales.ss_sales_price), avg(sum(tpcds_partitioned_parquet_snap.store_sales.ss_sales_price)))), avg(sum(tpcds_partitioned_parquet_snap.store_sales.ss_sales_price))) ELSE NULL END > CAST(0.1 AS DECIMAL(2,1))
|  mem-estimate=0B mem-reservation=0B thread-reservation=0
|  tuple-ids=13,12 row-size=137B cardinality=3.09M cost=30884432
|  in pipelines: 08(GETNEXT)
|
09:ANALYTIC
|  functions: avg(sum(tpcds_partitioned_parquet_snap.store_sales.ss_sales_price))
|  partition by: tpcds_partitioned_parquet_snap.item.i_category, tpcds_partitioned_parquet_snap.item.i_brand, tpcds_partitioned_parquet_snap.store.s_store_name, tpcds_partitioned_parquet_snap.store.s_company_name
|  window: RANGE BETWEEN UNBOUNDED PRECEDING AND UNBOUNDED FOLLOWING
|  mem-estimate=4.00MB mem-reservation=4.00MB spill-buffer=2.00MB thread-reservation=0
|  tuple-ids=13,12 row-size=137B cardinality=30.88M cost=30884432
|  in pipelines: 08(GETNEXT)
|
08:SORT
|  order by: tpcds_partitioned_parquet_snap.item.i_category ASC NULLS LAST, tpcds_partitioned_parquet_snap.item.i_brand ASC NULLS LAST, tpcds_partitioned_parquet_snap.store.s_store_name ASC NULLS LAST, tpcds_partitioned_parquet_snap.store.s_company_name ASC NULLS LAST
|  mem-estimate=177.89MB mem-reservation=12.00MB spill-buffer=2.00MB thread-reservation=0
|  tuple-ids=13 row-size=121B cardinality=30.88M cost=174852712
|  in pipelines: 08(GETNEXT), 16(OPEN)
|
17:EXCHANGE [HASH(tpcds_partitioned_parquet_snap.item.i_category,tpcds_partitioned_parquet_snap.item.i_brand,tpcds_partitioned_parquet_snap.store.s_store_name,tpcds_partitioned_parquet_snap.store.s_company_name)]
|  mem-estimate=13.66MB mem-reservation=0B thread-reservation=0
|  tuple-ids=8 row-size=121B cardinality=30.88M cost=20591867
|  in pipelines: 16(GETNEXT)
|
F04:PLAN FRAGMENT [HASH(tpcds_partitioned_parquet_snap.item.i_category,tpcds_partitioned_parquet_snap.item.i_class,tpcds_partitioned_parquet_snap.item.i_brand,tpcds_partitioned_parquet_snap.store.s_store_name,tpcds_partitioned_parquet_snap.store.s_company_name,tpcds_partitioned_parquet_snap.date_dim.d_moy)] hosts=10 instances=30 (adjusted from 120)
Per-Instance Resources: mem-estimate=155.00MB mem-reservation=34.00MB thread-reservation=1
max-parallelism=30 segment-costs=[202890315, 256160164] cpu-comparison-result=120 [max(30 (self) vs 120 (sum children))]
16:AGGREGATE [FINALIZE]
|  output: sum:merge(tpcds_partitioned_parquet_snap.store_sales.ss_sales_price)
|  group by: tpcds_partitioned_parquet_snap.item.i_category, tpcds_partitioned_parquet_snap.item.i_class, tpcds_partitioned_parquet_snap.item.i_brand, tpcds_partitioned_parquet_snap.store.s_store_name, tpcds_partitioned_parquet_snap.store.s_company_name, tpcds_partitioned_parquet_snap.date_dim.d_moy
|  mem-estimate=130.37MB mem-reservation=34.00MB spill-buffer=2.00MB thread-reservation=0
|  tuple-ids=8 row-size=121B cardinality=30.88M cost=182298448
|  in pipelines: 16(GETNEXT), 00(OPEN)
|
15:EXCHANGE [HASH(tpcds_partitioned_parquet_snap.item.i_category,tpcds_partitioned_parquet_snap.item.i_class,tpcds_partitioned_parquet_snap.item.i_brand,tpcds_partitioned_parquet_snap.store.s_store_name,tpcds_partitioned_parquet_snap.store.s_company_name,tpcds_partitioned_parquet_snap.date_dim.d_moy)]
|  mem-estimate=24.62MB mem-reservation=0B thread-reservation=0
|  tuple-ids=8 row-size=121B cardinality=30.88M cost=20591867
|  in pipelines: 00(GETNEXT)
|
F00:PLAN FRAGMENT [RANDOM] hosts=10 instances=120
Per-Host Shared Resources: mem-estimate=3.00MB mem-reservation=3.00MB thread-reservation=0 runtime-filters-memory=3.00MB
Per-Instance Resources: mem-estimate=64.62MB mem-reservation=42.00MB thread-reservation=1
max-parallelism=140 segment-costs=[1351486398, 256160164] cpu-comparison-result=120 [max(120 (self) vs 36 (sum children))]
07:AGGREGATE [STREAMING]
|  output: sum(tpcds_partitioned_parquet_snap.store_sales.ss_sales_price)
|  group by: tpcds_partitioned_parquet_snap.item.i_category, tpcds_partitioned_parquet_snap.item.i_class, tpcds_partitioned_parquet_snap.item.i_brand, tpcds_partitioned_parquet_snap.store.s_store_name, tpcds_partitioned_parquet_snap.store.s_company_name, tpcds_partitioned_parquet_snap.date_dim.d_moy
|  mem-estimate=34.00MB mem-reservation=34.00MB spill-buffer=2.00MB thread-reservation=0
|  tuple-ids=8 row-size=121B cardinality=30.88M cost=182298448
|  in pipelines: 00(GETNEXT)
|
06:HASH JOIN [INNER JOIN, BROADCAST]
|  hash-table-id=00
|  hash predicates: tpcds_partitioned_parquet_snap.store_sales.ss_item_sk = tpcds_partitioned_parquet_snap.item.i_item_sk
|  fk/pk conjuncts: tpcds_partitioned_parquet_snap.store_sales.ss_item_sk = tpcds_partitioned_parquet_snap.item.i_item_sk
|  mem-estimate=0B mem-reservation=0B spill-buffer=64.00KB thread-reservation=0
|  tuple-ids=0,2,4,6 row-size=137B cardinality=30.88M cost=44334775
|  in pipelines: 00(GETNEXT), 05(OPEN)
|
|--F07:PLAN FRAGMENT [RANDOM] hosts=10 instances=10
|  |  Per-Instance Resources: mem-estimate=24.96MB mem-reservation=24.25MB thread-reservation=1 runtime-filters-memory=1.00MB
|  |  max-parallelism=10 segment-costs=[14656]
|  JOIN BUILD
|  |  join-table-id=00 plan-id=01 cohort-id=01
|  |  build expressions: tpcds_partitioned_parquet_snap.item.i_item_sk
|  |  runtime filters: RF000[bloom] <- tpcds_partitioned_parquet_snap.item.i_item_sk, RF001[min_max] <- tpcds_partitioned_parquet_snap.item.i_item_sk
|  |  mem-estimate=23.25MB mem-reservation=23.25MB spill-buffer=64.00KB thread-reservation=0 cost=6296
|  |
|  14:EXCHANGE [BROADCAST]
|  |  mem-estimate=724.89KB mem-reservation=0B thread-reservation=0
|  |  tuple-ids=6 row-size=70B cardinality=6.30K cost=8360
|  |  in pipelines: 05(GETNEXT)
|  |
|  F03:PLAN FRAGMENT [RANDOM] hosts=4 instances=4
|  Per-Instance Resources: mem-estimate=16.29MB mem-reservation=512.00KB thread-reservation=1
|  max-parallelism=4 segment-costs=[217277]
|  05:SCAN HDFS [tpcds_partitioned_parquet_snap.item, RANDOM]
|     HDFS partitions=1/1 files=1 size=33.54MB
|     predicates: tpcds_partitioned_parquet_snap.item.i_class = 'bedding' OR tpcds_partitioned_parquet_snap.item.i_class = 'fragrances' OR tpcds_partitioned_parquet_snap.item.i_class = 'home repair' OR tpcds_partitioned_parquet_snap.item.i_class = 'infants' OR tpcds_partitioned_parquet_snap.item.i_class = 'pop' OR tpcds_partitioned_parquet_snap.item.i_class = 'sports-apparel', tpcds_partitioned_parquet_snap.item.i_category = 'Home' OR tpcds_partitioned_parquet_snap.item.i_category = 'Music' OR tpcds_partitioned_parquet_snap.item.i_category = 'Women' OR tpcds_partitioned_parquet_snap.item.i_class = 'home repair' OR tpcds_partitioned_parquet_snap.item.i_class = 'infants' OR tpcds_partitioned_parquet_snap.item.i_class = 'sports-apparel', tpcds_partitioned_parquet_snap.item.i_class = 'bedding' OR tpcds_partitioned_parquet_snap.item.i_class = 'fragrances' OR tpcds_partitioned_parquet_snap.item.i_class = 'pop' OR tpcds_partitioned_parquet_snap.item.i_category = 'Books' OR tpcds_partitioned_parquet_snap.item.i_category = 'Children' OR tpcds_partitioned_parquet_snap.item.i_category = 'Men', tpcds_partitioned_parquet_snap.item.i_category = 'Books' OR tpcds_partitioned_parquet_snap.item.i_category = 'Children' OR tpcds_partitioned_parquet_snap.item.i_category = 'Home' OR tpcds_partitioned_parquet_snap.item.i_category = 'Men' OR tpcds_partitioned_parquet_snap.item.i_category = 'Music' OR tpcds_partitioned_parquet_snap.item.i_category = 'Women'
|     stored statistics:
|       table: rows=360.00K size=33.54MB
|       columns: all
|     extrapolated-rows=disabled max-scan-range-rows=101.54K
|     parquet dictionary predicates: tpcds_partitioned_parquet_snap.item.i_class = 'bedding' OR tpcds_partitioned_parquet_snap.item.i_class = 'fragrances' OR tpcds_partitioned_parquet_snap.item.i_class = 'home repair' OR tpcds_partitioned_parquet_snap.item.i_class = 'infants' OR tpcds_partitioned_parquet_snap.item.i_class = 'pop' OR tpcds_partitioned_parquet_snap.item.i_class = 'sports-apparel', tpcds_partitioned_parquet_snap.item.i_category = 'Books' OR tpcds_partitioned_parquet_snap.item.i_category = 'Children' OR tpcds_partitioned_parquet_snap.item.i_category = 'Home' OR tpcds_partitioned_parquet_snap.item.i_category = 'Men' OR tpcds_partitioned_parquet_snap.item.i_category = 'Music' OR tpcds_partitioned_parquet_snap.item.i_category = 'Women'
|     mem-estimate=16.00MB mem-reservation=512.00KB thread-reservation=0
|     tuple-ids=6 row-size=70B cardinality=6.30K cost=215954
|     in pipelines: 05(GETNEXT)
|
04:HASH JOIN [INNER JOIN, BROADCAST]
|  hash-table-id=01
|  hash predicates: tpcds_partitioned_parquet_snap.store_sales.ss_store_sk = tpcds_partitioned_parquet_snap.store.s_store_sk
|  fk/pk conjuncts: tpcds_partitioned_parquet_snap.store_sales.ss_store_sk = tpcds_partitioned_parquet_snap.store.s_store_sk
|  mem-estimate=0B mem-reservation=0B spill-buffer=64.00KB thread-reservation=0
|  tuple-ids=0,2,4 row-size=67B cardinality=151.03M(filtered from 1.77G) cost=358887904
|  in pipelines: 00(GETNEXT), 03(OPEN)
|
|--F08:PLAN FRAGMENT [RANDOM] hosts=10 instances=10
|  |  Per-Instance Resources: mem-estimate=24.34MB mem-reservation=24.25MB thread-reservation=1 runtime-filters-memory=1.00MB
|  |  max-parallelism=10 segment-costs=[3140]
|  JOIN BUILD
|  |  join-table-id=01 plan-id=02 cohort-id=01
|  |  build expressions: tpcds_partitioned_parquet_snap.store.s_store_sk
|  |  runtime filters: RF002[bloom] <- tpcds_partitioned_parquet_snap.store.s_store_sk, RF003[min_max] <- tpcds_partitioned_parquet_snap.store.s_store_sk
|  |  mem-estimate=23.25MB mem-reservation=23.25MB spill-buffer=64.00KB thread-reservation=0 cost=1350
|  |
|  13:EXCHANGE [BROADCAST]
|  |  mem-estimate=94.28KB mem-reservation=0B thread-reservation=0
|  |  tuple-ids=4 row-size=39B cardinality=1.35K cost=1790
|  |  in pipelines: 03(GETNEXT)
|  |
|  F02:PLAN FRAGMENT [RANDOM] hosts=1 instances=1
|  Per-Instance Resources: mem-estimate=16.17MB mem-reservation=24.00KB thread-reservation=1
|  max-parallelism=1 segment-costs=[461]
|  03:SCAN HDFS [tpcds_partitioned_parquet_snap.store, RANDOM]
|     HDFS partitions=1/1 files=1 size=119.76KB
|     stored statistics:
|       table: rows=1.35K size=119.76KB
|       columns: all
|     extrapolated-rows=disabled max-scan-range-rows=1.35K
|     mem-estimate=16.00MB mem-reservation=24.00KB thread-reservation=0
|     tuple-ids=4 row-size=39B cardinality=1.35K cost=290
|     in pipelines: 03(GETNEXT)
|
02:HASH JOIN [INNER JOIN, BROADCAST]
|  hash-table-id=02
|  hash predicates: tpcds_partitioned_parquet_snap.store_sales.ss_sold_date_sk = tpcds_partitioned_parquet_snap.date_dim.d_date_sk
|  fk/pk conjuncts: tpcds_partitioned_parquet_snap.store_sales.ss_sold_date_sk = tpcds_partitioned_parquet_snap.date_dim.d_date_sk
|  mem-estimate=0B mem-reservation=0B spill-buffer=64.00KB thread-reservation=0
|  tuple-ids=0,2 row-size=28B cardinality=151.03M(filtered from 1.77G) cost=358887904
|  in pipelines: 00(GETNEXT), 01(OPEN)
|
|--F09:PLAN FRAGMENT [RANDOM] hosts=10 instances=10
|  |  Per-Instance Resources: mem-estimate=24.27MB mem-reservation=24.25MB thread-reservation=1 runtime-filters-memory=1.00MB
|  |  max-parallelism=10 segment-costs=[863]
|  JOIN BUILD
|  |  join-table-id=02 plan-id=03 cohort-id=01
|  |  build expressions: tpcds_partitioned_parquet_snap.date_dim.d_date_sk
|  |  runtime filters: RF004[bloom] <- tpcds_partitioned_parquet_snap.date_dim.d_date_sk
|  |  mem-estimate=23.25MB mem-reservation=23.25MB spill-buffer=64.00KB thread-reservation=0 cost=373
|  |
|  12:EXCHANGE [BROADCAST]
|  |  mem-estimate=16.00KB mem-reservation=0B thread-reservation=0
|  |  tuple-ids=2 row-size=12B cardinality=373 cost=490
|  |  in pipelines: 01(GETNEXT)
|  |
|  F01:PLAN FRAGMENT [RANDOM] hosts=1 instances=1
|  Per-Instance Resources: mem-estimate=16.06MB mem-reservation=512.00KB thread-reservation=1
|  max-parallelism=1 segment-costs=[14695]
|  01:SCAN HDFS [tpcds_partitioned_parquet_snap.date_dim, RANDOM]
|     HDFS partitions=1/1 files=1 size=2.17MB
|     predicates: tpcds_partitioned_parquet_snap.date_dim.d_year = CAST(2001 AS INT)
|     stored statistics:
|       table: rows=73.05K size=2.17MB
|       columns: all
|     extrapolated-rows=disabled max-scan-range-rows=73.05K
|     parquet statistics predicates: tpcds_partitioned_parquet_snap.date_dim.d_year = CAST(2001 AS INT)
|     parquet dictionary predicates: tpcds_partitioned_parquet_snap.date_dim.d_year = CAST(2001 AS INT)
|     mem-estimate=16.00MB mem-reservation=512.00KB thread-reservation=0
|     tuple-ids=2 row-size=12B cardinality=373 cost=14675
|     in pipelines: 01(GETNEXT)
|
00:SCAN HDFS [tpcds_partitioned_parquet_snap.store_sales, RANDOM]
   HDFS partitions=1824/1824 files=1824 size=389.90GB
   runtime filters: RF001[min_max] -> tpcds_partitioned_parquet_snap.store_sales.ss_item_sk, RF003[min_max] -> tpcds_partitioned_parquet_snap.store_sales.ss_store_sk, RF000[bloom] -> tpcds_partitioned_parquet_snap.store_sales.ss_item_sk, RF002[bloom] -> tpcds_partitioned_parquet_snap.store_sales.ss_store_sk, RF004[bloom] -> tpcds_partitioned_parquet_snap.store_sales.ss_sold_date_sk
   stored statistics:
     table: rows=8.64G size=389.90GB
     partitions: 1824/1824 rows=8.64G
     columns: all
   extrapolated-rows=disabled max-scan-range-rows=390.22M est-scan-range=374(filtered from 1824)
   mem-estimate=16.00MB mem-reservation=8.00MB thread-reservation=0
   tuple-ids=0 row-size=16B cardinality=151.03M(filtered from 8.64G) cost=407077367
   in pipelines: 00(GETNEXT)
---- PARALLELPLANS
Max Per-Host Resource Reservation: Memory=718.77MB Threads=24
Per-Host Resource Estimates: Memory=1.72GB
F06:PLAN FRAGMENT [UNPARTITIONED] hosts=1 instances=1
|  Per-Instance Resources: mem-estimate=4.27MB mem-reservation=4.00MB thread-reservation=1
|  max-parallelism=1 segment-costs=[852] cpu-comparison-result=120 [max(1 (self) vs 120 (sum children))]
PLAN-ROOT SINK
|  output exprs: tpcds_partitioned_parquet_snap.item.i_category, tpcds_partitioned_parquet_snap.item.i_class, tpcds_partitioned_parquet_snap.item.i_brand, tpcds_partitioned_parquet_snap.store.s_store_name, tpcds_partitioned_parquet_snap.store.s_company_name, tpcds_partitioned_parquet_snap.date_dim.d_moy, sum(tpcds_partitioned_parquet_snap.store_sales.ss_sales_price), avg(sum(tpcds_partitioned_parquet_snap.store_sales.ss_sales_price))
|  mem-estimate=4.00MB mem-reservation=4.00MB spill-buffer=2.00MB thread-reservation=0 cost=800
|
18:MERGING-EXCHANGE [UNPARTITIONED]
|  order by: subtract(sum(tpcds_partitioned_parquet_snap.store_sales.ss_sales_price), avg(sum(tpcds_partitioned_parquet_snap.store_sales.ss_sales_price))) ASC NULLS LAST, tpcds_partitioned_parquet_snap.store.s_store_name ASC NULLS LAST
|  limit: 100
|  mem-estimate=276.34KB mem-reservation=0B thread-reservation=0
|  tuple-ids=15 row-size=137B cardinality=100 cost=52
|  in pipelines: 11(GETNEXT)
|
F05:PLAN FRAGMENT [HASH(tpcds_partitioned_parquet_snap.item.i_category,tpcds_partitioned_parquet_snap.item.i_brand,tpcds_partitioned_parquet_snap.store.s_store_name,tpcds_partitioned_parquet_snap.store.s_company_name)] hosts=10 instances=20 (adjusted from 120)
Per-Instance Resources: mem-estimate=195.54MB mem-reservation=16.00MB thread-reservation=1
max-parallelism=20 segment-costs=[195444579, 99307817, 389] cpu-comparison-result=120 [max(20 (self) vs 120 (sum children))]
11:TOP-N [LIMIT=100]
|  order by: subtract(sum(tpcds_partitioned_parquet_snap.store_sales.ss_sales_price), avg(sum(tpcds_partitioned_parquet_snap.store_sales.ss_sales_price))) ASC NULLS LAST, tpcds_partitioned_parquet_snap.store.s_store_name ASC NULLS LAST
|  mem-estimate=13.36KB mem-reservation=0B thread-reservation=0
|  tuple-ids=15 row-size=137B cardinality=100 cost=37538953
|  in pipelines: 11(GETNEXT), 08(OPEN)
|
10:SELECT
|  predicates: CASE WHEN avg(sum(tpcds_partitioned_parquet_snap.store_sales.ss_sales_price)) != CAST(0 AS DECIMAL(38,6)) THEN divide(abs(subtract(sum(tpcds_partitioned_parquet_snap.store_sales.ss_sales_price), avg(sum(tpcds_partitioned_parquet_snap.store_sales.ss_sales_price)))), avg(sum(tpcds_partitioned_parquet_snap.store_sales.ss_sales_price))) ELSE NULL END > CAST(0.1 AS DECIMAL(2,1))
|  mem-estimate=0B mem-reservation=0B thread-reservation=0
|  tuple-ids=13,12 row-size=137B cardinality=3.09M cost=30884432
|  in pipelines: 08(GETNEXT)
|
09:ANALYTIC
|  functions: avg(sum(tpcds_partitioned_parquet_snap.store_sales.ss_sales_price))
|  partition by: tpcds_partitioned_parquet_snap.item.i_category, tpcds_partitioned_parquet_snap.item.i_brand, tpcds_partitioned_parquet_snap.store.s_store_name, tpcds_partitioned_parquet_snap.store.s_company_name
|  window: RANGE BETWEEN UNBOUNDED PRECEDING AND UNBOUNDED FOLLOWING
|  mem-estimate=4.00MB mem-reservation=4.00MB spill-buffer=2.00MB thread-reservation=0
|  tuple-ids=13,12 row-size=137B cardinality=30.88M cost=30884432
|  in pipelines: 08(GETNEXT)
|
08:SORT
|  order by: tpcds_partitioned_parquet_snap.item.i_category ASC NULLS LAST, tpcds_partitioned_parquet_snap.item.i_brand ASC NULLS LAST, tpcds_partitioned_parquet_snap.store.s_store_name ASC NULLS LAST, tpcds_partitioned_parquet_snap.store.s_company_name ASC NULLS LAST
|  mem-estimate=177.89MB mem-reservation=12.00MB spill-buffer=2.00MB thread-reservation=0
|  tuple-ids=13 row-size=121B cardinality=30.88M cost=174852712
|  in pipelines: 08(GETNEXT), 16(OPEN)
|
17:EXCHANGE [HASH(tpcds_partitioned_parquet_snap.item.i_category,tpcds_partitioned_parquet_snap.item.i_brand,tpcds_partitioned_parquet_snap.store.s_store_name,tpcds_partitioned_parquet_snap.store.s_company_name)]
|  mem-estimate=13.66MB mem-reservation=0B thread-reservation=0
|  tuple-ids=8 row-size=121B cardinality=30.88M cost=20591867
|  in pipelines: 16(GETNEXT)
|
F04:PLAN FRAGMENT [HASH(tpcds_partitioned_parquet_snap.item.i_category,tpcds_partitioned_parquet_snap.item.i_class,tpcds_partitioned_parquet_snap.item.i_brand,tpcds_partitioned_parquet_snap.store.s_store_name,tpcds_partitioned_parquet_snap.store.s_company_name,tpcds_partitioned_parquet_snap.date_dim.d_moy)] hosts=10 instances=30 (adjusted from 120)
Per-Instance Resources: mem-estimate=155.00MB mem-reservation=34.00MB thread-reservation=1
max-parallelism=30 segment-costs=[202890315, 256160164] cpu-comparison-result=120 [max(30 (self) vs 120 (sum children))]
16:AGGREGATE [FINALIZE]
|  output: sum:merge(tpcds_partitioned_parquet_snap.store_sales.ss_sales_price)
|  group by: tpcds_partitioned_parquet_snap.item.i_category, tpcds_partitioned_parquet_snap.item.i_class, tpcds_partitioned_parquet_snap.item.i_brand, tpcds_partitioned_parquet_snap.store.s_store_name, tpcds_partitioned_parquet_snap.store.s_company_name, tpcds_partitioned_parquet_snap.date_dim.d_moy
|  mem-estimate=130.37MB mem-reservation=34.00MB spill-buffer=2.00MB thread-reservation=0
|  tuple-ids=8 row-size=121B cardinality=30.88M cost=182298448
|  in pipelines: 16(GETNEXT), 00(OPEN)
|
15:EXCHANGE [HASH(tpcds_partitioned_parquet_snap.item.i_category,tpcds_partitioned_parquet_snap.item.i_class,tpcds_partitioned_parquet_snap.item.i_brand,tpcds_partitioned_parquet_snap.store.s_store_name,tpcds_partitioned_parquet_snap.store.s_company_name,tpcds_partitioned_parquet_snap.date_dim.d_moy)]
|  mem-estimate=24.62MB mem-reservation=0B thread-reservation=0
|  tuple-ids=8 row-size=121B cardinality=30.88M cost=20591867
|  in pipelines: 00(GETNEXT)
|
F00:PLAN FRAGMENT [RANDOM] hosts=10 instances=120
Per-Host Shared Resources: mem-estimate=3.00MB mem-reservation=3.00MB thread-reservation=0 runtime-filters-memory=3.00MB
Per-Instance Resources: mem-estimate=64.62MB mem-reservation=42.00MB thread-reservation=1
max-parallelism=140 segment-costs=[1351486398, 256160164] cpu-comparison-result=120 [max(120 (self) vs 36 (sum children))]
07:AGGREGATE [STREAMING]
|  output: sum(tpcds_partitioned_parquet_snap.store_sales.ss_sales_price)
|  group by: tpcds_partitioned_parquet_snap.item.i_category, tpcds_partitioned_parquet_snap.item.i_class, tpcds_partitioned_parquet_snap.item.i_brand, tpcds_partitioned_parquet_snap.store.s_store_name, tpcds_partitioned_parquet_snap.store.s_company_name, tpcds_partitioned_parquet_snap.date_dim.d_moy
|  mem-estimate=34.00MB mem-reservation=34.00MB spill-buffer=2.00MB thread-reservation=0
|  tuple-ids=8 row-size=121B cardinality=30.88M cost=182298448
|  in pipelines: 00(GETNEXT)
|
06:HASH JOIN [INNER JOIN, BROADCAST]
|  hash-table-id=00
|  hash predicates: tpcds_partitioned_parquet_snap.store_sales.ss_item_sk = tpcds_partitioned_parquet_snap.item.i_item_sk
|  fk/pk conjuncts: tpcds_partitioned_parquet_snap.store_sales.ss_item_sk = tpcds_partitioned_parquet_snap.item.i_item_sk
|  mem-estimate=0B mem-reservation=0B spill-buffer=64.00KB thread-reservation=0
|  tuple-ids=0,2,4,6 row-size=137B cardinality=30.88M cost=44334775
|  in pipelines: 00(GETNEXT), 05(OPEN)
|
|--F07:PLAN FRAGMENT [RANDOM] hosts=10 instances=10
|  |  Per-Instance Resources: mem-estimate=24.96MB mem-reservation=24.25MB thread-reservation=1 runtime-filters-memory=1.00MB
|  |  max-parallelism=10 segment-costs=[14656]
|  JOIN BUILD
|  |  join-table-id=00 plan-id=01 cohort-id=01
|  |  build expressions: tpcds_partitioned_parquet_snap.item.i_item_sk
|  |  runtime filters: RF000[bloom] <- tpcds_partitioned_parquet_snap.item.i_item_sk, RF001[min_max] <- tpcds_partitioned_parquet_snap.item.i_item_sk
|  |  mem-estimate=23.25MB mem-reservation=23.25MB spill-buffer=64.00KB thread-reservation=0 cost=6296
|  |
|  14:EXCHANGE [BROADCAST]
|  |  mem-estimate=724.89KB mem-reservation=0B thread-reservation=0
|  |  tuple-ids=6 row-size=70B cardinality=6.30K cost=8360
|  |  in pipelines: 05(GETNEXT)
|  |
|  F03:PLAN FRAGMENT [RANDOM] hosts=4 instances=4
|  Per-Instance Resources: mem-estimate=16.29MB mem-reservation=512.00KB thread-reservation=1
|  max-parallelism=4 segment-costs=[217277]
|  05:SCAN HDFS [tpcds_partitioned_parquet_snap.item, RANDOM]
|     HDFS partitions=1/1 files=1 size=33.54MB
|     predicates: tpcds_partitioned_parquet_snap.item.i_class = 'bedding' OR tpcds_partitioned_parquet_snap.item.i_class = 'fragrances' OR tpcds_partitioned_parquet_snap.item.i_class = 'home repair' OR tpcds_partitioned_parquet_snap.item.i_class = 'infants' OR tpcds_partitioned_parquet_snap.item.i_class = 'pop' OR tpcds_partitioned_parquet_snap.item.i_class = 'sports-apparel', tpcds_partitioned_parquet_snap.item.i_category = 'Home' OR tpcds_partitioned_parquet_snap.item.i_category = 'Music' OR tpcds_partitioned_parquet_snap.item.i_category = 'Women' OR tpcds_partitioned_parquet_snap.item.i_class = 'home repair' OR tpcds_partitioned_parquet_snap.item.i_class = 'infants' OR tpcds_partitioned_parquet_snap.item.i_class = 'sports-apparel', tpcds_partitioned_parquet_snap.item.i_class = 'bedding' OR tpcds_partitioned_parquet_snap.item.i_class = 'fragrances' OR tpcds_partitioned_parquet_snap.item.i_class = 'pop' OR tpcds_partitioned_parquet_snap.item.i_category = 'Books' OR tpcds_partitioned_parquet_snap.item.i_category = 'Children' OR tpcds_partitioned_parquet_snap.item.i_category = 'Men', tpcds_partitioned_parquet_snap.item.i_category = 'Books' OR tpcds_partitioned_parquet_snap.item.i_category = 'Children' OR tpcds_partitioned_parquet_snap.item.i_category = 'Home' OR tpcds_partitioned_parquet_snap.item.i_category = 'Men' OR tpcds_partitioned_parquet_snap.item.i_category = 'Music' OR tpcds_partitioned_parquet_snap.item.i_category = 'Women'
|     stored statistics:
|       table: rows=360.00K size=33.54MB
|       columns: all
|     extrapolated-rows=disabled max-scan-range-rows=101.54K
|     parquet dictionary predicates: tpcds_partitioned_parquet_snap.item.i_class = 'bedding' OR tpcds_partitioned_parquet_snap.item.i_class = 'fragrances' OR tpcds_partitioned_parquet_snap.item.i_class = 'home repair' OR tpcds_partitioned_parquet_snap.item.i_class = 'infants' OR tpcds_partitioned_parquet_snap.item.i_class = 'pop' OR tpcds_partitioned_parquet_snap.item.i_class = 'sports-apparel', tpcds_partitioned_parquet_snap.item.i_category = 'Books' OR tpcds_partitioned_parquet_snap.item.i_category = 'Children' OR tpcds_partitioned_parquet_snap.item.i_category = 'Home' OR tpcds_partitioned_parquet_snap.item.i_category = 'Men' OR tpcds_partitioned_parquet_snap.item.i_category = 'Music' OR tpcds_partitioned_parquet_snap.item.i_category = 'Women'
|     mem-estimate=16.00MB mem-reservation=512.00KB thread-reservation=0
|     tuple-ids=6 row-size=70B cardinality=6.30K cost=215954
|     in pipelines: 05(GETNEXT)
|
04:HASH JOIN [INNER JOIN, BROADCAST]
|  hash-table-id=01
|  hash predicates: tpcds_partitioned_parquet_snap.store_sales.ss_store_sk = tpcds_partitioned_parquet_snap.store.s_store_sk
|  fk/pk conjuncts: tpcds_partitioned_parquet_snap.store_sales.ss_store_sk = tpcds_partitioned_parquet_snap.store.s_store_sk
|  mem-estimate=0B mem-reservation=0B spill-buffer=64.00KB thread-reservation=0
|  tuple-ids=0,2,4 row-size=67B cardinality=151.03M(filtered from 1.77G) cost=358887904
|  in pipelines: 00(GETNEXT), 03(OPEN)
|
|--F08:PLAN FRAGMENT [RANDOM] hosts=10 instances=10
|  |  Per-Instance Resources: mem-estimate=24.34MB mem-reservation=24.25MB thread-reservation=1 runtime-filters-memory=1.00MB
|  |  max-parallelism=10 segment-costs=[3140]
|  JOIN BUILD
|  |  join-table-id=01 plan-id=02 cohort-id=01
|  |  build expressions: tpcds_partitioned_parquet_snap.store.s_store_sk
|  |  runtime filters: RF002[bloom] <- tpcds_partitioned_parquet_snap.store.s_store_sk, RF003[min_max] <- tpcds_partitioned_parquet_snap.store.s_store_sk
|  |  mem-estimate=23.25MB mem-reservation=23.25MB spill-buffer=64.00KB thread-reservation=0 cost=1350
|  |
|  13:EXCHANGE [BROADCAST]
|  |  mem-estimate=94.28KB mem-reservation=0B thread-reservation=0
|  |  tuple-ids=4 row-size=39B cardinality=1.35K cost=1790
|  |  in pipelines: 03(GETNEXT)
|  |
|  F02:PLAN FRAGMENT [RANDOM] hosts=1 instances=1
|  Per-Instance Resources: mem-estimate=16.17MB mem-reservation=24.00KB thread-reservation=1
|  max-parallelism=1 segment-costs=[461]
|  03:SCAN HDFS [tpcds_partitioned_parquet_snap.store, RANDOM]
|     HDFS partitions=1/1 files=1 size=119.76KB
|     stored statistics:
|       table: rows=1.35K size=119.76KB
|       columns: all
|     extrapolated-rows=disabled max-scan-range-rows=1.35K
|     mem-estimate=16.00MB mem-reservation=24.00KB thread-reservation=0
|     tuple-ids=4 row-size=39B cardinality=1.35K cost=290
|     in pipelines: 03(GETNEXT)
|
02:HASH JOIN [INNER JOIN, BROADCAST]
|  hash-table-id=02
|  hash predicates: tpcds_partitioned_parquet_snap.store_sales.ss_sold_date_sk = tpcds_partitioned_parquet_snap.date_dim.d_date_sk
|  fk/pk conjuncts: tpcds_partitioned_parquet_snap.store_sales.ss_sold_date_sk = tpcds_partitioned_parquet_snap.date_dim.d_date_sk
|  mem-estimate=0B mem-reservation=0B spill-buffer=64.00KB thread-reservation=0
|  tuple-ids=0,2 row-size=28B cardinality=151.03M(filtered from 1.77G) cost=358887904
|  in pipelines: 00(GETNEXT), 01(OPEN)
|
|--F09:PLAN FRAGMENT [RANDOM] hosts=10 instances=10
|  |  Per-Instance Resources: mem-estimate=24.27MB mem-reservation=24.25MB thread-reservation=1 runtime-filters-memory=1.00MB
|  |  max-parallelism=10 segment-costs=[863]
|  JOIN BUILD
|  |  join-table-id=02 plan-id=03 cohort-id=01
|  |  build expressions: tpcds_partitioned_parquet_snap.date_dim.d_date_sk
|  |  runtime filters: RF004[bloom] <- tpcds_partitioned_parquet_snap.date_dim.d_date_sk
|  |  mem-estimate=23.25MB mem-reservation=23.25MB spill-buffer=64.00KB thread-reservation=0 cost=373
|  |
|  12:EXCHANGE [BROADCAST]
|  |  mem-estimate=16.00KB mem-reservation=0B thread-reservation=0
|  |  tuple-ids=2 row-size=12B cardinality=373 cost=490
|  |  in pipelines: 01(GETNEXT)
|  |
|  F01:PLAN FRAGMENT [RANDOM] hosts=1 instances=1
|  Per-Instance Resources: mem-estimate=16.06MB mem-reservation=512.00KB thread-reservation=1
|  max-parallelism=1 segment-costs=[14695]
|  01:SCAN HDFS [tpcds_partitioned_parquet_snap.date_dim, RANDOM]
|     HDFS partitions=1/1 files=1 size=2.17MB
|     predicates: tpcds_partitioned_parquet_snap.date_dim.d_year = CAST(2001 AS INT)
|     stored statistics:
|       table: rows=73.05K size=2.17MB
|       columns: all
|     extrapolated-rows=disabled max-scan-range-rows=73.05K
|     parquet statistics predicates: tpcds_partitioned_parquet_snap.date_dim.d_year = CAST(2001 AS INT)
|     parquet dictionary predicates: tpcds_partitioned_parquet_snap.date_dim.d_year = CAST(2001 AS INT)
|     mem-estimate=16.00MB mem-reservation=512.00KB thread-reservation=0
|     tuple-ids=2 row-size=12B cardinality=373 cost=14675
|     in pipelines: 01(GETNEXT)
|
00:SCAN HDFS [tpcds_partitioned_parquet_snap.store_sales, RANDOM]
   HDFS partitions=1824/1824 files=1824 size=389.90GB
   runtime filters: RF001[min_max] -> tpcds_partitioned_parquet_snap.store_sales.ss_item_sk, RF003[min_max] -> tpcds_partitioned_parquet_snap.store_sales.ss_store_sk, RF000[bloom] -> tpcds_partitioned_parquet_snap.store_sales.ss_item_sk, RF002[bloom] -> tpcds_partitioned_parquet_snap.store_sales.ss_store_sk, RF004[bloom] -> tpcds_partitioned_parquet_snap.store_sales.ss_sold_date_sk
   stored statistics:
     table: rows=8.64G size=389.90GB
     partitions: 1824/1824 rows=8.64G
     columns: all
   extrapolated-rows=disabled max-scan-range-rows=390.22M est-scan-range=374(filtered from 1824)
   mem-estimate=16.00MB mem-reservation=8.00MB thread-reservation=0
   tuple-ids=0 row-size=16B cardinality=151.03M(filtered from 8.64G) cost=407077367
   in pipelines: 00(GETNEXT)
====
