# TPCDS-Q17
# start query 17 in stream 0 using template query17.tpl using seed 766769681
select  i_item_id
       ,i_item_desc
       ,s_state
       ,count(ss_quantity) as store_sales_quantitycount
       ,avg(ss_quantity) as store_sales_quantityave
       ,stddev_samp(ss_quantity) as store_sales_quantitystdev
       ,stddev_samp(ss_quantity)/avg(ss_quantity) as store_sales_quantitycov
       ,count(sr_return_quantity) as store_returns_quantitycount
       ,avg(sr_return_quantity) as store_returns_quantityave
       ,stddev_samp(sr_return_quantity) as store_returns_quantitystdev
       ,stddev_samp(sr_return_quantity)/avg(sr_return_quantity) as store_returns_quantitycov
       ,count(cs_quantity) as catalog_sales_quantitycount ,avg(cs_quantity) as catalog_sales_quantityave
       ,stddev_samp(cs_quantity) as catalog_sales_quantitystdev
       ,stddev_samp(cs_quantity)/avg(cs_quantity) as catalog_sales_quantitycov
 from store_sales
     ,store_returns
     ,catalog_sales
     ,date_dim d1
     ,date_dim d2
     ,date_dim d3
     ,store
     ,item
 where d1.d_quarter_name = '1999Q1'
   and d1.d_date_sk = ss_sold_date_sk
   and i_item_sk = ss_item_sk
   and s_store_sk = ss_store_sk
   and ss_customer_sk = sr_customer_sk
   and ss_item_sk = sr_item_sk
   and ss_ticket_number = sr_ticket_number
   and sr_returned_date_sk = d2.d_date_sk
   and d2.d_quarter_name in ('1999Q1','1999Q2','1999Q3')
   and sr_customer_sk = cs_bill_customer_sk
   and sr_item_sk = cs_item_sk
   and cs_sold_date_sk = d3.d_date_sk
   and d3.d_quarter_name in ('1999Q1','1999Q2','1999Q3')
 group by i_item_id
         ,i_item_desc
         ,s_state
 order by i_item_id
         ,i_item_desc
         ,s_state
limit 100

# end query 17 in stream 0 using template query17.tpl
---- PLAN
Max Per-Host Resource Reservation: Memory=147.83MB Threads=1
Per-Host Resource Estimates: Memory=13.10GB
F00:PLAN FRAGMENT [UNPARTITIONED] hosts=1 instances=1
|  Per-Instance Resources: mem-estimate=13.10GB mem-reservation=147.83MB thread-reservation=1 runtime-filters-memory=55.00MB
|  max-parallelism=1 segment-costs=[1812204747, 3120169, 1500]
PLAN-ROOT SINK
|  output exprs: tpcds_partitioned_parquet_snap.item.i_item_id, tpcds_partitioned_parquet_snap.item.i_item_desc, tpcds_partitioned_parquet_snap.store.s_state, count(tpcds_partitioned_parquet_snap.store_sales.ss_quantity), avg(tpcds_partitioned_parquet_snap.store_sales.ss_quantity), stddev_samp(tpcds_partitioned_parquet_snap.store_sales.ss_quantity), divide(stddev_samp(tpcds_partitioned_parquet_snap.store_sales.ss_quantity), avg(tpcds_partitioned_parquet_snap.store_sales.ss_quantity)), count(tpcds_partitioned_parquet_snap.store_returns.sr_return_quantity), avg(tpcds_partitioned_parquet_snap.store_returns.sr_return_quantity), stddev_samp(tpcds_partitioned_parquet_snap.store_returns.sr_return_quantity), divide(stddev_samp(tpcds_partitioned_parquet_snap.store_returns.sr_return_quantity), avg(tpcds_partitioned_parquet_snap.store_returns.sr_return_quantity)), count(tpcds_partitioned_parquet_snap.catalog_sales.cs_quantity), avg(tpcds_partitioned_parquet_snap.catalog_sales.cs_quantity), stddev_samp(tpcds_partitioned_parquet_snap.catalog_sales.cs_quantity), divide(stddev_samp(tpcds_partitioned_parquet_snap.catalog_sales.cs_quantity), avg(tpcds_partitioned_parquet_snap.catalog_sales.cs_quantity))
|  mem-estimate=4.00MB mem-reservation=4.00MB spill-buffer=2.00MB thread-reservation=0 cost=1500
|
16:TOP-N [LIMIT=100]
|  order by: tpcds_partitioned_parquet_snap.item.i_item_id ASC NULLS LAST, tpcds_partitioned_parquet_snap.item.i_item_desc ASC NULLS LAST, tpcds_partitioned_parquet_snap.store.s_state ASC NULLS LAST
|  mem-estimate=22.13KB mem-reservation=0B thread-reservation=0
|  tuple-ids=18 row-size=227B cardinality=100 cost=3120169
|  in pipelines: 16(GETNEXT), 15(OPEN)
|
15:AGGREGATE [FINALIZE]
|  output: count(tpcds_partitioned_parquet_snap.store_sales.ss_quantity), avg(CAST(tpcds_partitioned_parquet_snap.store_sales.ss_quantity AS BIGINT)), stddev_samp(tpcds_partitioned_parquet_snap.store_sales.ss_quantity), count(tpcds_partitioned_parquet_snap.store_returns.sr_return_quantity), avg(CAST(tpcds_partitioned_parquet_snap.store_returns.sr_return_quantity AS BIGINT)), stddev_samp(tpcds_partitioned_parquet_snap.store_returns.sr_return_quantity), count(tpcds_partitioned_parquet_snap.catalog_sales.cs_quantity), avg(CAST(tpcds_partitioned_parquet_snap.catalog_sales.cs_quantity AS BIGINT)), stddev_samp(tpcds_partitioned_parquet_snap.catalog_sales.cs_quantity)
|  group by: tpcds_partitioned_parquet_snap.item.i_item_id, tpcds_partitioned_parquet_snap.item.i_item_desc, tpcds_partitioned_parquet_snap.store.s_state
|  mem-estimate=69.14MB mem-reservation=34.00MB spill-buffer=2.00MB thread-reservation=0
|  tuple-ids=17 row-size=227B cardinality=303.86K cost=1963712
|  in pipelines: 15(GETNEXT), 00(OPEN)
|
14:HASH JOIN [INNER JOIN]
|  hash predicates: tpcds_partitioned_parquet_snap.store_sales.ss_sold_date_sk = tpcds_partitioned_parquet_snap.date_dim_1.d_date_sk
|  fk/pk conjuncts: tpcds_partitioned_parquet_snap.store_sales.ss_sold_date_sk = tpcds_partitioned_parquet_snap.date_dim_1.d_date_sk
|  runtime filters: RF000[bloom] <- tpcds_partitioned_parquet_snap.date_dim_1.d_date_sk
|  mem-estimate=1.94MB mem-reservation=1.94MB spill-buffer=64.00KB thread-reservation=0
|  tuple-ids=0,2,4,6,8,10,12,14 row-size=297B cardinality=303.86K cost=1617366
|  in pipelines: 00(GETNEXT), 13(OPEN)
|
|--13:SCAN HDFS [tpcds_partitioned_parquet_snap.date_dim]
|     HDFS partitions=1/1 files=1 size=2.17MB
|     predicates: tpcds_partitioned_parquet_snap.date_dim_1.d_quarter_name = '1999Q1'
|     stored statistics:
|       table: rows=73.05K size=2.17MB
|       columns: all
|     extrapolated-rows=disabled max-scan-range-rows=73.05K
|     parquet statistics predicates: tpcds_partitioned_parquet_snap.date_dim_1.d_quarter_name = '1999Q1'
|     parquet dictionary predicates: tpcds_partitioned_parquet_snap.date_dim_1.d_quarter_name = '1999Q1'
|     mem-estimate=16.00MB mem-reservation=512.00KB thread-reservation=0
|     tuple-ids=14 row-size=22B cardinality=91 cost=12571
|     in pipelines: 13(GETNEXT)
|
12:HASH JOIN [INNER JOIN]
|  hash predicates: tpcds_partitioned_parquet_snap.catalog_sales.cs_sold_date_sk = tpcds_partitioned_parquet_snap.date_dim_0.d_date_sk
|  fk/pk conjuncts: tpcds_partitioned_parquet_snap.catalog_sales.cs_sold_date_sk = tpcds_partitioned_parquet_snap.date_dim_0.d_date_sk
|  runtime filters: RF002[bloom] <- tpcds_partitioned_parquet_snap.date_dim_0.d_date_sk
|  mem-estimate=1.94MB mem-reservation=1.94MB spill-buffer=64.00KB thread-reservation=0
|  tuple-ids=0,2,4,6,8,10,12 row-size=275B cardinality=6.09M cost=10402173
|  in pipelines: 00(GETNEXT), 11(OPEN)
|
|--11:SCAN HDFS [tpcds_partitioned_parquet_snap.date_dim]
|     HDFS partitions=1/1 files=1 size=2.17MB
|     predicates: tpcds_partitioned_parquet_snap.date_dim_0.d_quarter_name = '1999Q1' OR tpcds_partitioned_parquet_snap.date_dim_0.d_quarter_name = '1999Q2' OR tpcds_partitioned_parquet_snap.date_dim_0.d_quarter_name = '1999Q3'
|     stored statistics:
|       table: rows=73.05K size=2.17MB
|       columns: all
|     extrapolated-rows=disabled max-scan-range-rows=73.05K
|     parquet dictionary predicates: tpcds_partitioned_parquet_snap.date_dim_0.d_quarter_name = '1999Q1' OR tpcds_partitioned_parquet_snap.date_dim_0.d_quarter_name = '1999Q2' OR tpcds_partitioned_parquet_snap.date_dim_0.d_quarter_name = '1999Q3'
|     mem-estimate=16.00MB mem-reservation=512.00KB thread-reservation=0
|     tuple-ids=12 row-size=22B cardinality=273 cost=12571
|     in pipelines: 11(GETNEXT)
|
10:HASH JOIN [INNER JOIN]
|  hash predicates: tpcds_partitioned_parquet_snap.store_sales.ss_store_sk = tpcds_partitioned_parquet_snap.store.s_store_sk
|  fk/pk conjuncts: tpcds_partitioned_parquet_snap.store_sales.ss_store_sk = tpcds_partitioned_parquet_snap.store.s_store_sk
|  runtime filters: RF004[bloom] <- tpcds_partitioned_parquet_snap.store.s_store_sk, RF005[min_max] <- tpcds_partitioned_parquet_snap.store.s_store_sk
|  mem-estimate=1.94MB mem-reservation=1.94MB spill-buffer=64.00KB thread-reservation=0
|  tuple-ids=0,2,4,6,8,10 row-size=253B cardinality=36.25M(filtered from 40.85M) cost=16701457
|  in pipelines: 00(GETNEXT), 09(OPEN)
|
|--09:SCAN HDFS [tpcds_partitioned_parquet_snap.store]
|     HDFS partitions=1/1 files=1 size=119.76KB
|     stored statistics:
|       table: rows=1.35K size=119.76KB
|       columns: all
|     extrapolated-rows=disabled max-scan-range-rows=1.35K
|     mem-estimate=16.00MB mem-reservation=16.00KB thread-reservation=0
|     tuple-ids=10 row-size=18B cardinality=1.35K cost=116
|     in pipelines: 09(GETNEXT)
|
08:HASH JOIN [INNER JOIN]
|  hash predicates: tpcds_partitioned_parquet_snap.store_sales.ss_item_sk = tpcds_partitioned_parquet_snap.item.i_item_sk
|  fk/pk conjuncts: tpcds_partitioned_parquet_snap.store_sales.ss_item_sk = tpcds_partitioned_parquet_snap.item.i_item_sk
|  runtime filters: RF006[bloom] <- tpcds_partitioned_parquet_snap.item.i_item_sk, RF007[min_max] <- tpcds_partitioned_parquet_snap.item.i_item_sk
|  mem-estimate=8.50MB mem-reservation=8.50MB spill-buffer=512.00KB thread-reservation=0
|  tuple-ids=0,2,4,6,8 row-size=235B cardinality=36.25M(filtered from 40.85M) cost=16736107
|  in pipelines: 00(GETNEXT), 07(OPEN)
|
|--07:SCAN HDFS [tpcds_partitioned_parquet_snap.item]
|     HDFS partitions=1/1 files=1 size=33.54MB
|     predicates: is_not_null_pred(tpcds_partitioned_parquet_snap.item.i_item_sk)
|     stored statistics:
|       table: rows=360.00K size=33.54MB
|       columns: all
|     extrapolated-rows=disabled max-scan-range-rows=101.54K
|     parquet dictionary predicates: is_not_null_pred(tpcds_partitioned_parquet_snap.item.i_item_sk)
|     mem-estimate=16.00MB mem-reservation=512.00KB thread-reservation=0
|     tuple-ids=8 row-size=145B cardinality=36.00K cost=635303
|     in pipelines: 07(GETNEXT)
|
06:HASH JOIN [INNER JOIN]
|  hash predicates: tpcds_partitioned_parquet_snap.store_sales.ss_customer_sk = tpcds_partitioned_parquet_snap.store_returns.sr_customer_sk, tpcds_partitioned_parquet_snap.store_sales.ss_item_sk = tpcds_partitioned_parquet_snap.store_returns.sr_item_sk, tpcds_partitioned_parquet_snap.store_sales.ss_ticket_number = tpcds_partitioned_parquet_snap.store_returns.sr_ticket_number
|  fk/pk conjuncts: tpcds_partitioned_parquet_snap.store_sales.ss_customer_sk = tpcds_partitioned_parquet_snap.store_returns.sr_customer_sk, tpcds_partitioned_parquet_snap.store_sales.ss_item_sk = tpcds_partitioned_parquet_snap.store_returns.sr_item_sk, tpcds_partitioned_parquet_snap.store_sales.ss_ticket_number = tpcds_partitioned_parquet_snap.store_returns.sr_ticket_number
|  runtime filters: RF008[bloom] <- tpcds_partitioned_parquet_snap.store_returns.sr_customer_sk, RF009[bloom] <- tpcds_partitioned_parquet_snap.store_returns.sr_item_sk, RF010[bloom] <- tpcds_partitioned_parquet_snap.store_returns.sr_ticket_number, RF011[min_max] <- tpcds_partitioned_parquet_snap.store_returns.sr_customer_sk, RF012[min_max] <- tpcds_partitioned_parquet_snap.store_returns.sr_item_sk, RF013[min_max] <- tpcds_partitioned_parquet_snap.store_returns.sr_ticket_number
|  mem-estimate=4.90GB mem-reservation=34.00MB spill-buffer=2.00MB thread-reservation=0
|  tuple-ids=0,2,4,6 row-size=90B cardinality=36.25M(filtered from 408.69M) cost=142204682
|  in pipelines: 00(GETNEXT), 01(OPEN)
|
|--05:HASH JOIN [INNER JOIN]
|  |  hash predicates: tpcds_partitioned_parquet_snap.catalog_sales.cs_bill_customer_sk = tpcds_partitioned_parquet_snap.store_returns.sr_customer_sk, tpcds_partitioned_parquet_snap.catalog_sales.cs_item_sk = tpcds_partitioned_parquet_snap.store_returns.sr_item_sk
|  |  fk/pk conjuncts: tpcds_partitioned_parquet_snap.catalog_sales.cs_bill_customer_sk = tpcds_partitioned_parquet_snap.store_returns.sr_customer_sk, tpcds_partitioned_parquet_snap.catalog_sales.cs_item_sk = tpcds_partitioned_parquet_snap.store_returns.sr_item_sk
|  |  runtime filters: RF014[bloom] <- tpcds_partitioned_parquet_snap.store_returns.sr_customer_sk, RF015[bloom] <- tpcds_partitioned_parquet_snap.store_returns.sr_item_sk, RF016[min_max] <- tpcds_partitioned_parquet_snap.store_returns.sr_customer_sk, RF017[min_max] <- tpcds_partitioned_parquet_snap.store_returns.sr_item_sk
|  |  mem-estimate=8.04GB mem-reservation=34.00MB spill-buffer=2.00MB thread-reservation=0
|  |  tuple-ids=2,4,6 row-size=62B cardinality=58.85M cost=239172905
|  |  in pipelines: 01(GETNEXT), 02(OPEN)
|  |
|  |--04:HASH JOIN [INNER JOIN]
|  |  |  hash predicates: tpcds_partitioned_parquet_snap.store_returns.sr_returned_date_sk = tpcds_partitioned_parquet_snap.date_dim.d_date_sk
|  |  |  fk/pk conjuncts: tpcds_partitioned_parquet_snap.store_returns.sr_returned_date_sk = tpcds_partitioned_parquet_snap.date_dim.d_date_sk
|  |  |  runtime filters: RF018[bloom] <- tpcds_partitioned_parquet_snap.date_dim.d_date_sk
|  |  |  mem-estimate=1.94MB mem-reservation=1.94MB spill-buffer=64.00KB thread-reservation=0
|  |  |  tuple-ids=4,6 row-size=46B cardinality=117.70M cost=51517147
|  |  |  in pipelines: 02(GETNEXT), 03(OPEN)
|  |  |
|  |  |--03:SCAN HDFS [tpcds_partitioned_parquet_snap.date_dim]
|  |  |     HDFS partitions=1/1 files=1 size=2.17MB
|  |  |     predicates: tpcds_partitioned_parquet_snap.date_dim.d_quarter_name = '1999Q1' OR tpcds_partitioned_parquet_snap.date_dim.d_quarter_name = '1999Q2' OR tpcds_partitioned_parquet_snap.date_dim.d_quarter_name = '1999Q3'
|  |  |     stored statistics:
|  |  |       table: rows=73.05K size=2.17MB
|  |  |       columns: all
|  |  |     extrapolated-rows=disabled max-scan-range-rows=73.05K
|  |  |     parquet dictionary predicates: tpcds_partitioned_parquet_snap.date_dim.d_quarter_name = '1999Q1' OR tpcds_partitioned_parquet_snap.date_dim.d_quarter_name = '1999Q2' OR tpcds_partitioned_parquet_snap.date_dim.d_quarter_name = '1999Q3'
|  |  |     mem-estimate=16.00MB mem-reservation=512.00KB thread-reservation=0
|  |  |     tuple-ids=6 row-size=22B cardinality=273 cost=12571
|  |  |     in pipelines: 03(GETNEXT)
|  |  |
|  |  02:SCAN HDFS [tpcds_partitioned_parquet_snap.store_returns]
|  |     HDFS partitions=2004/2004 files=2004 size=48.14GB
|  |     runtime filters: RF007[min_max] -> tpcds_partitioned_parquet_snap.store_returns.sr_item_sk, RF006[bloom] -> tpcds_partitioned_parquet_snap.store_returns.sr_item_sk, RF018[bloom] -> tpcds_partitioned_parquet_snap.store_returns.sr_returned_date_sk
|  |     stored statistics:
|  |       table: rows=863.99M size=48.14GB
|  |       partitions: 2004/2004 rows=863.99M
|  |       columns: all
|  |     extrapolated-rows=disabled max-scan-range-rows=30.09M est-scan-range=273(filtered from 2004)
|  |     mem-estimate=16.00MB mem-reservation=512.00KB thread-reservation=0
|  |     tuple-ids=4 row-size=24B cardinality=117.70M(filtered from 863.99M) cost=40676792
|  |     in pipelines: 02(GETNEXT)
|  |
|  01:SCAN HDFS [tpcds_partitioned_parquet_snap.catalog_sales]
|     HDFS partitions=1831/1831 files=1831 size=280.96GB
|     predicates: is_not_null_pred(tpcds_partitioned_parquet_snap.catalog_sales.cs_bill_customer_sk)
|     runtime filters: RF007[min_max] -> tpcds_partitioned_parquet_snap.catalog_sales.cs_item_sk, RF016[min_max] -> tpcds_partitioned_parquet_snap.catalog_sales.cs_bill_customer_sk, RF017[min_max] -> tpcds_partitioned_parquet_snap.catalog_sales.cs_item_sk, RF006[bloom] -> tpcds_partitioned_parquet_snap.catalog_sales.cs_item_sk, RF014[bloom] -> tpcds_partitioned_parquet_snap.catalog_sales.cs_bill_customer_sk, RF015[bloom] -> tpcds_partitioned_parquet_snap.catalog_sales.cs_item_sk, RF002[bloom] -> tpcds_partitioned_parquet_snap.catalog_sales.cs_sold_date_sk
|     stored statistics:
|       table: rows=4.32G size=280.96GB
|       partitions: 1831/1831 rows=4.32G
|       columns: all
|     extrapolated-rows=disabled max-scan-range-rows=21.52M
|     parquet dictionary predicates: is_not_null_pred(tpcds_partitioned_parquet_snap.catalog_sales.cs_bill_customer_sk)
|     mem-estimate=16.00MB mem-reservation=1.00MB thread-reservation=0
|     tuple-ids=2 row-size=16B cardinality=432.01M cost=1116740157
|     in pipelines: 01(GETNEXT)
|
00:SCAN HDFS [tpcds_partitioned_parquet_snap.store_sales]
   HDFS partitions=1824/1824 files=1824 size=389.90GB
   runtime filters: RF011[min_max] -> tpcds_partitioned_parquet_snap.store_sales.ss_customer_sk, RF012[min_max] -> tpcds_partitioned_parquet_snap.store_sales.ss_item_sk, RF013[min_max] -> tpcds_partitioned_parquet_snap.store_sales.ss_ticket_number, RF007[min_max] -> tpcds_partitioned_parquet_snap.store_sales.ss_item_sk, RF005[min_max] -> tpcds_partitioned_parquet_snap.store_sales.ss_store_sk, RF008[bloom] -> tpcds_partitioned_parquet_snap.store_sales.ss_customer_sk, RF009[bloom] -> tpcds_partitioned_parquet_snap.store_sales.ss_item_sk, RF010[bloom] -> tpcds_partitioned_parquet_snap.store_sales.ss_ticket_number, RF000[bloom] -> tpcds_partitioned_parquet_snap.store_sales.ss_sold_date_sk, RF006[bloom] -> tpcds_partitioned_parquet_snap.store_sales.ss_item_sk, RF004[bloom] -> tpcds_partitioned_parquet_snap.store_sales.ss_store_sk
   stored statistics:
     table: rows=8.64G size=389.90GB
     partitions: 1824/1824 rows=8.64G
     columns: all
   extrapolated-rows=disabled max-scan-range-rows=390.22M est-scan-range=91(filtered from 1824)
   mem-estimate=16.00MB mem-reservation=8.00MB thread-reservation=0
   tuple-ids=0 row-size=28B cardinality=36.25M(filtered from 8.64G) cost=173799117
   in pipelines: 00(GETNEXT)
---- DISTRIBUTEDPLAN
Max Per-Host Resource Reservation: Memory=475.39MB Threads=39
Per-Host Resource Estimates: Memory=6.53GB
F10:PLAN FRAGMENT [UNPARTITIONED] hosts=1 instances=1
|  Per-Instance Resources: mem-estimate=4.22MB mem-reservation=4.00MB thread-reservation=1
|  max-parallelism=1 segment-costs=[1570] cpu-comparison-result=197 [max(1 (self) vs 197 (sum children))]
PLAN-ROOT SINK
|  output exprs: tpcds_partitioned_parquet_snap.item.i_item_id, tpcds_partitioned_parquet_snap.item.i_item_desc, tpcds_partitioned_parquet_snap.store.s_state, count(tpcds_partitioned_parquet_snap.store_sales.ss_quantity), avg(tpcds_partitioned_parquet_snap.store_sales.ss_quantity), stddev_samp(tpcds_partitioned_parquet_snap.store_sales.ss_quantity), divide(stddev_samp(tpcds_partitioned_parquet_snap.store_sales.ss_quantity), avg(tpcds_partitioned_parquet_snap.store_sales.ss_quantity)), count(tpcds_partitioned_parquet_snap.store_returns.sr_return_quantity), avg(tpcds_partitioned_parquet_snap.store_returns.sr_return_quantity), stddev_samp(tpcds_partitioned_parquet_snap.store_returns.sr_return_quantity), divide(stddev_samp(tpcds_partitioned_parquet_snap.store_returns.sr_return_quantity), avg(tpcds_partitioned_parquet_snap.store_returns.sr_return_quantity)), count(tpcds_partitioned_parquet_snap.catalog_sales.cs_quantity), avg(tpcds_partitioned_parquet_snap.catalog_sales.cs_quantity), stddev_samp(tpcds_partitioned_parquet_snap.catalog_sales.cs_quantity), divide(stddev_samp(tpcds_partitioned_parquet_snap.catalog_sales.cs_quantity), avg(tpcds_partitioned_parquet_snap.catalog_sales.cs_quantity))
|  mem-estimate=4.00MB mem-reservation=4.00MB spill-buffer=2.00MB thread-reservation=0 cost=1500
|
27:MERGING-EXCHANGE [UNPARTITIONED]
|  order by: tpcds_partitioned_parquet_snap.item.i_item_id ASC NULLS LAST, tpcds_partitioned_parquet_snap.item.i_item_desc ASC NULLS LAST, tpcds_partitioned_parquet_snap.store.s_state ASC NULLS LAST
|  limit: 100
|  mem-estimate=227.41KB mem-reservation=0B thread-reservation=0
|  tuple-ids=18 row-size=227B cardinality=100 cost=70
|  in pipelines: 16(GETNEXT)
|
F09:PLAN FRAGMENT [HASH(tpcds_partitioned_parquet_snap.item.i_item_id,tpcds_partitioned_parquet_snap.item.i_item_desc,tpcds_partitioned_parquet_snap.store.s_state)] hosts=10 instances=10 (adjusted from 120)
Per-Instance Resources: mem-estimate=25.57MB mem-reservation=8.50MB thread-reservation=1
max-parallelism=10 segment-costs=[2314199, 3120169, 625] cpu-comparison-result=197 [max(10 (self) vs 197 (sum children))]
16:TOP-N [LIMIT=100]
|  order by: tpcds_partitioned_parquet_snap.item.i_item_id ASC NULLS LAST, tpcds_partitioned_parquet_snap.item.i_item_desc ASC NULLS LAST, tpcds_partitioned_parquet_snap.store.s_state ASC NULLS LAST
|  mem-estimate=22.13KB mem-reservation=0B thread-reservation=0
|  tuple-ids=18 row-size=227B cardinality=100 cost=3120169
|  in pipelines: 16(GETNEXT), 26(OPEN)
|
26:AGGREGATE [FINALIZE]
|  output: count:merge(tpcds_partitioned_parquet_snap.store_sales.ss_quantity), avg:merge(tpcds_partitioned_parquet_snap.store_sales.ss_quantity), stddev_samp:merge(tpcds_partitioned_parquet_snap.store_sales.ss_quantity), count:merge(tpcds_partitioned_parquet_snap.store_returns.sr_return_quantity), avg:merge(tpcds_partitioned_parquet_snap.store_returns.sr_return_quantity), stddev_samp:merge(tpcds_partitioned_parquet_snap.store_returns.sr_return_quantity), count:merge(tpcds_partitioned_parquet_snap.catalog_sales.cs_quantity), avg:merge(tpcds_partitioned_parquet_snap.catalog_sales.cs_quantity), stddev_samp:merge(tpcds_partitioned_parquet_snap.catalog_sales.cs_quantity)
|  group by: tpcds_partitioned_parquet_snap.item.i_item_id, tpcds_partitioned_parquet_snap.item.i_item_desc, tpcds_partitioned_parquet_snap.store.s_state
|  mem-estimate=10.00MB mem-reservation=8.50MB spill-buffer=512.00KB thread-reservation=0
|  tuple-ids=17 row-size=227B cardinality=303.86K cost=1963712
|  in pipelines: 26(GETNEXT), 00(OPEN)
|
25:EXCHANGE [HASH(tpcds_partitioned_parquet_snap.item.i_item_id,tpcds_partitioned_parquet_snap.item.i_item_desc,tpcds_partitioned_parquet_snap.store.s_state)]
|  mem-estimate=15.57MB mem-reservation=0B thread-reservation=0
|  tuple-ids=16 row-size=227B cardinality=303.86K cost=350487
|  in pipelines: 00(GETNEXT)
|
F00:PLAN FRAGMENT [RANDOM] hosts=10 instances=40 (adjusted from 120)
Per-Host Shared Resources: mem-estimate=36.00MB mem-reservation=36.00MB thread-reservation=0 runtime-filters-memory=36.00MB
Per-Instance Resources: mem-estimate=35.01MB mem-reservation=11.00MB thread-reservation=1
max-parallelism=40 segment-costs=[304535607, 4590750] cpu-comparison-result=197 [max(40 (self) vs 197 (sum children))]
15:AGGREGATE [STREAMING]
|  output: count(tpcds_partitioned_parquet_snap.store_sales.ss_quantity), avg(CAST(tpcds_partitioned_parquet_snap.store_sales.ss_quantity AS BIGINT)), stddev_samp(tpcds_partitioned_parquet_snap.store_sales.ss_quantity), count(tpcds_partitioned_parquet_snap.store_returns.sr_return_quantity), avg(CAST(tpcds_partitioned_parquet_snap.store_returns.sr_return_quantity AS BIGINT)), stddev_samp(tpcds_partitioned_parquet_snap.store_returns.sr_return_quantity), count(tpcds_partitioned_parquet_snap.catalog_sales.cs_quantity), avg(CAST(tpcds_partitioned_parquet_snap.catalog_sales.cs_quantity AS BIGINT)), stddev_samp(tpcds_partitioned_parquet_snap.catalog_sales.cs_quantity)
|  group by: tpcds_partitioned_parquet_snap.item.i_item_id, tpcds_partitioned_parquet_snap.item.i_item_desc, tpcds_partitioned_parquet_snap.store.s_state
|  mem-estimate=10.00MB mem-reservation=3.00MB spill-buffer=128.00KB thread-reservation=0
|  tuple-ids=16 row-size=227B cardinality=303.86K cost=1963712
|  in pipelines: 00(GETNEXT)
|
14:HASH JOIN [INNER JOIN, BROADCAST]
|  hash-table-id=00
|  hash predicates: tpcds_partitioned_parquet_snap.store_sales.ss_sold_date_sk = tpcds_partitioned_parquet_snap.date_dim_1.d_date_sk
|  fk/pk conjuncts: tpcds_partitioned_parquet_snap.store_sales.ss_sold_date_sk = tpcds_partitioned_parquet_snap.date_dim_1.d_date_sk
|  mem-estimate=0B mem-reservation=0B spill-buffer=64.00KB thread-reservation=0
|  tuple-ids=0,2,4,6,8,10,12,14 row-size=297B cardinality=303.86K cost=1617275
|  in pipelines: 00(GETNEXT), 13(OPEN)
|
|--F11:PLAN FRAGMENT [RANDOM] hosts=10 instances=10
|  |  Per-Instance Resources: mem-estimate=8.77MB mem-reservation=8.75MB thread-reservation=1 runtime-filters-memory=1.00MB
|  |  max-parallelism=10 segment-costs=[211]
|  JOIN BUILD
|  |  join-table-id=00 plan-id=01 cohort-id=01
|  |  build expressions: tpcds_partitioned_parquet_snap.date_dim_1.d_date_sk
|  |  runtime filters: RF000[bloom] <- tpcds_partitioned_parquet_snap.date_dim_1.d_date_sk
|  |  mem-estimate=7.75MB mem-reservation=7.75MB spill-buffer=64.00KB thread-reservation=0 cost=91
|  |
|  24:EXCHANGE [BROADCAST]
|  |  mem-estimate=16.00KB mem-reservation=0B thread-reservation=0
|  |  tuple-ids=14 row-size=22B cardinality=91 cost=120
|  |  in pipelines: 13(GETNEXT)
|  |
|  F08:PLAN FRAGMENT [RANDOM] hosts=1 instances=1
|  Per-Instance Resources: mem-estimate=16.10MB mem-reservation=512.00KB thread-reservation=1
|  max-parallelism=1 segment-costs=[12578]
|  13:SCAN HDFS [tpcds_partitioned_parquet_snap.date_dim, RANDOM]
|     HDFS partitions=1/1 files=1 size=2.17MB
|     predicates: tpcds_partitioned_parquet_snap.date_dim_1.d_quarter_name = '1999Q1'
|     stored statistics:
|       table: rows=73.05K size=2.17MB
|       columns: all
|     extrapolated-rows=disabled max-scan-range-rows=73.05K
|     parquet statistics predicates: tpcds_partitioned_parquet_snap.date_dim_1.d_quarter_name = '1999Q1'
|     parquet dictionary predicates: tpcds_partitioned_parquet_snap.date_dim_1.d_quarter_name = '1999Q1'
|     mem-estimate=16.00MB mem-reservation=512.00KB thread-reservation=0
|     tuple-ids=14 row-size=22B cardinality=91 cost=12571
|     in pipelines: 13(GETNEXT)
|
12:HASH JOIN [INNER JOIN, BROADCAST]
|  hash-table-id=01
|  hash predicates: tpcds_partitioned_parquet_snap.catalog_sales.cs_sold_date_sk = tpcds_partitioned_parquet_snap.date_dim_0.d_date_sk
|  fk/pk conjuncts: tpcds_partitioned_parquet_snap.catalog_sales.cs_sold_date_sk = tpcds_partitioned_parquet_snap.date_dim_0.d_date_sk
|  mem-estimate=0B mem-reservation=0B spill-buffer=64.00KB thread-reservation=0
|  tuple-ids=0,2,4,6,8,10,12 row-size=275B cardinality=6.09M cost=10401900
|  in pipelines: 00(GETNEXT), 11(OPEN)
|
|--F12:PLAN FRAGMENT [RANDOM] hosts=10 instances=10
|  |  Per-Instance Resources: mem-estimate=8.77MB mem-reservation=8.75MB thread-reservation=1 runtime-filters-memory=1.00MB
|  |  max-parallelism=10 segment-costs=[633]
|  JOIN BUILD
|  |  join-table-id=01 plan-id=02 cohort-id=01
|  |  build expressions: tpcds_partitioned_parquet_snap.date_dim_0.d_date_sk
|  |  runtime filters: RF002[bloom] <- tpcds_partitioned_parquet_snap.date_dim_0.d_date_sk
|  |  mem-estimate=7.75MB mem-reservation=7.75MB spill-buffer=64.00KB thread-reservation=0 cost=273
|  |
|  23:EXCHANGE [BROADCAST]
|  |  mem-estimate=16.00KB mem-reservation=0B thread-reservation=0
|  |  tuple-ids=12 row-size=22B cardinality=273 cost=360
|  |  in pipelines: 11(GETNEXT)
|  |
|  F07:PLAN FRAGMENT [RANDOM] hosts=1 instances=1
|  Per-Instance Resources: mem-estimate=16.10MB mem-reservation=512.00KB thread-reservation=1
|  max-parallelism=1 segment-costs=[12593]
|  11:SCAN HDFS [tpcds_partitioned_parquet_snap.date_dim, RANDOM]
|     HDFS partitions=1/1 files=1 size=2.17MB
|     predicates: tpcds_partitioned_parquet_snap.date_dim_0.d_quarter_name = '1999Q1' OR tpcds_partitioned_parquet_snap.date_dim_0.d_quarter_name = '1999Q2' OR tpcds_partitioned_parquet_snap.date_dim_0.d_quarter_name = '1999Q3'
|     stored statistics:
|       table: rows=73.05K size=2.17MB
|       columns: all
|     extrapolated-rows=disabled max-scan-range-rows=73.05K
|     parquet dictionary predicates: tpcds_partitioned_parquet_snap.date_dim_0.d_quarter_name = '1999Q1' OR tpcds_partitioned_parquet_snap.date_dim_0.d_quarter_name = '1999Q2' OR tpcds_partitioned_parquet_snap.date_dim_0.d_quarter_name = '1999Q3'
|     mem-estimate=16.00MB mem-reservation=512.00KB thread-reservation=0
|     tuple-ids=12 row-size=22B cardinality=273 cost=12571
|     in pipelines: 11(GETNEXT)
|
10:HASH JOIN [INNER JOIN, BROADCAST]
|  hash-table-id=02
|  hash predicates: tpcds_partitioned_parquet_snap.store_sales.ss_store_sk = tpcds_partitioned_parquet_snap.store.s_store_sk
|  fk/pk conjuncts: tpcds_partitioned_parquet_snap.store_sales.ss_store_sk = tpcds_partitioned_parquet_snap.store.s_store_sk
|  mem-estimate=0B mem-reservation=0B spill-buffer=64.00KB thread-reservation=0
|  tuple-ids=0,2,4,6,8,10 row-size=253B cardinality=36.25M(filtered from 40.85M) cost=16700107
|  in pipelines: 00(GETNEXT), 09(OPEN)
|
|--F13:PLAN FRAGMENT [RANDOM] hosts=10 instances=10
|  |  Per-Instance Resources: mem-estimate=8.79MB mem-reservation=8.75MB thread-reservation=1 runtime-filters-memory=1.00MB
|  |  max-parallelism=10 segment-costs=[3140]
|  JOIN BUILD
|  |  join-table-id=02 plan-id=03 cohort-id=01
|  |  build expressions: tpcds_partitioned_parquet_snap.store.s_store_sk
|  |  runtime filters: RF004[bloom] <- tpcds_partitioned_parquet_snap.store.s_store_sk, RF005[min_max] <- tpcds_partitioned_parquet_snap.store.s_store_sk
|  |  mem-estimate=7.75MB mem-reservation=7.75MB spill-buffer=64.00KB thread-reservation=0 cost=1350
|  |
|  22:EXCHANGE [BROADCAST]
|  |  mem-estimate=45.73KB mem-reservation=0B thread-reservation=0
|  |  tuple-ids=10 row-size=18B cardinality=1.35K cost=1790
|  |  in pipelines: 09(GETNEXT)
|  |
|  F06:PLAN FRAGMENT [RANDOM] hosts=1 instances=1
|  Per-Instance Resources: mem-estimate=16.09MB mem-reservation=16.00KB thread-reservation=1
|  max-parallelism=1 segment-costs=[210]
|  09:SCAN HDFS [tpcds_partitioned_parquet_snap.store, RANDOM]
|     HDFS partitions=1/1 files=1 size=119.76KB
|     stored statistics:
|       table: rows=1.35K size=119.76KB
|       columns: all
|     extrapolated-rows=disabled max-scan-range-rows=1.35K
|     mem-estimate=16.00MB mem-reservation=16.00KB thread-reservation=0
|     tuple-ids=10 row-size=18B cardinality=1.35K cost=116
|     in pipelines: 09(GETNEXT)
|
08:HASH JOIN [INNER JOIN, BROADCAST]
|  hash-table-id=03
|  hash predicates: tpcds_partitioned_parquet_snap.store_sales.ss_item_sk = tpcds_partitioned_parquet_snap.item.i_item_sk
|  fk/pk conjuncts: tpcds_partitioned_parquet_snap.store_sales.ss_item_sk = tpcds_partitioned_parquet_snap.item.i_item_sk
|  mem-estimate=0B mem-reservation=0B spill-buffer=512.00KB thread-reservation=0
|  tuple-ids=0,2,4,6,8 row-size=235B cardinality=36.25M(filtered from 40.85M) cost=16700107
|  in pipelines: 00(GETNEXT), 07(OPEN)
|
|--F14:PLAN FRAGMENT [RANDOM] hosts=10 instances=10
|  |  Per-Instance Resources: mem-estimate=40.54MB mem-reservation=35.00MB thread-reservation=1 runtime-filters-memory=1.00MB
|  |  max-parallelism=10 segment-costs=[83840]
|  JOIN BUILD
|  |  join-table-id=03 plan-id=04 cohort-id=01
|  |  build expressions: tpcds_partitioned_parquet_snap.item.i_item_sk
|  |  runtime filters: RF006[bloom] <- tpcds_partitioned_parquet_snap.item.i_item_sk, RF007[min_max] <- tpcds_partitioned_parquet_snap.item.i_item_sk
|  |  mem-estimate=34.00MB mem-reservation=34.00MB spill-buffer=512.00KB thread-reservation=0 cost=36000
|  |
|  21:EXCHANGE [BROADCAST]
|  |  mem-estimate=5.54MB mem-reservation=0B thread-reservation=0
|  |  tuple-ids=8 row-size=145B cardinality=36.00K cost=47840
|  |  in pipelines: 07(GETNEXT)
|  |
|  F05:PLAN FRAGMENT [RANDOM] hosts=4 instances=4
|  Per-Instance Resources: mem-estimate=16.58MB mem-reservation=512.00KB thread-reservation=1
|  max-parallelism=4 segment-costs=[650135]
|  07:SCAN HDFS [tpcds_partitioned_parquet_snap.item, RANDOM]
|     HDFS partitions=1/1 files=1 size=33.54MB
|     predicates: is_not_null_pred(tpcds_partitioned_parquet_snap.item.i_item_sk)
|     stored statistics:
|       table: rows=360.00K size=33.54MB
|       columns: all
|     extrapolated-rows=disabled max-scan-range-rows=101.54K
|     parquet dictionary predicates: is_not_null_pred(tpcds_partitioned_parquet_snap.item.i_item_sk)
|     mem-estimate=16.00MB mem-reservation=512.00KB thread-reservation=0
|     tuple-ids=8 row-size=145B cardinality=36.00K cost=635303
|     in pipelines: 07(GETNEXT)
|
06:HASH JOIN [INNER JOIN, BROADCAST]
|  hash-table-id=04
|  hash predicates: tpcds_partitioned_parquet_snap.store_sales.ss_customer_sk = tpcds_partitioned_parquet_snap.store_returns.sr_customer_sk, tpcds_partitioned_parquet_snap.store_sales.ss_item_sk = tpcds_partitioned_parquet_snap.store_returns.sr_item_sk, tpcds_partitioned_parquet_snap.store_sales.ss_ticket_number = tpcds_partitioned_parquet_snap.store_returns.sr_ticket_number
|  fk/pk conjuncts: tpcds_partitioned_parquet_snap.store_sales.ss_customer_sk = tpcds_partitioned_parquet_snap.store_returns.sr_customer_sk, tpcds_partitioned_parquet_snap.store_sales.ss_item_sk = tpcds_partitioned_parquet_snap.store_returns.sr_item_sk, tpcds_partitioned_parquet_snap.store_sales.ss_ticket_number = tpcds_partitioned_parquet_snap.store_returns.sr_ticket_number
|  mem-estimate=0B mem-reservation=0B spill-buffer=2.00MB thread-reservation=0
|  tuple-ids=0,2,4,6 row-size=90B cardinality=36.25M(filtered from 408.69M) cost=83353389
|  in pipelines: 00(GETNEXT), 01(OPEN)
|
|--F15:PLAN FRAGMENT [RANDOM] hosts=10 instances=10
|  |  Per-Instance Resources: mem-estimate=4.94GB mem-reservation=169.00MB thread-reservation=1 runtime-filters-memory=33.00MB
|  |  max-parallelism=10 segment-costs=[137064653] cpu-comparison-result=150 [max(150 (self) vs 80 (sum children))]
|  JOIN BUILD
|  |  join-table-id=04 plan-id=05 cohort-id=01
|  |  build expressions: tpcds_partitioned_parquet_snap.store_returns.sr_customer_sk, tpcds_partitioned_parquet_snap.store_returns.sr_item_sk, tpcds_partitioned_parquet_snap.store_returns.sr_ticket_number
|  |  runtime filters: RF008[bloom] <- tpcds_partitioned_parquet_snap.store_returns.sr_customer_sk, RF009[bloom] <- tpcds_partitioned_parquet_snap.store_returns.sr_item_sk, RF010[bloom] <- tpcds_partitioned_parquet_snap.store_returns.sr_ticket_number, RF011[min_max] <- tpcds_partitioned_parquet_snap.store_returns.sr_customer_sk, RF012[min_max] <- tpcds_partitioned_parquet_snap.store_returns.sr_item_sk, RF013[min_max] <- tpcds_partitioned_parquet_snap.store_returns.sr_ticket_number
|  |  mem-estimate=4.90GB mem-reservation=136.00MB spill-buffer=2.00MB thread-reservation=0 cost=58851293
|  |
|  20:EXCHANGE [BROADCAST]
|  |  mem-estimate=11.45MB mem-reservation=0B thread-reservation=0
|  |  tuple-ids=2,4,6 row-size=62B cardinality=58.85M cost=78213360
|  |  in pipelines: 01(GETNEXT)
|  |
|  F04:PLAN FRAGMENT [HASH(tpcds_partitioned_parquet_snap.catalog_sales.cs_bill_customer_sk,tpcds_partitioned_parquet_snap.catalog_sales.cs_item_sk)] hosts=10 instances=20 (adjusted from 120)
|  Per-Instance Resources: mem-estimate=12.63MB mem-reservation=0B thread-reservation=1
|  max-parallelism=30 segment-costs=[214930964]
|  05:HASH JOIN [INNER JOIN, PARTITIONED]
|  |  hash-table-id=05
|  |  hash predicates: tpcds_partitioned_parquet_snap.catalog_sales.cs_bill_customer_sk = tpcds_partitioned_parquet_snap.store_returns.sr_customer_sk, tpcds_partitioned_parquet_snap.catalog_sales.cs_item_sk = tpcds_partitioned_parquet_snap.store_returns.sr_item_sk
|  |  fk/pk conjuncts: tpcds_partitioned_parquet_snap.catalog_sales.cs_bill_customer_sk = tpcds_partitioned_parquet_snap.store_returns.sr_customer_sk, tpcds_partitioned_parquet_snap.catalog_sales.cs_item_sk = tpcds_partitioned_parquet_snap.store_returns.sr_item_sk
|  |  mem-estimate=0B mem-reservation=0B spill-buffer=2.00MB thread-reservation=0
|  |  tuple-ids=2,4,6 row-size=62B cardinality=58.85M cost=121473854
|  |  in pipelines: 01(GETNEXT), 02(OPEN)
|  |
|  |--F16:PLAN FRAGMENT [HASH(tpcds_partitioned_parquet_snap.catalog_sales.cs_bill_customer_sk,tpcds_partitioned_parquet_snap.catalog_sales.cs_item_sk)] hosts=10 instances=20 (adjusted from 120)
|  |  |  Per-Instance Resources: mem-estimate=441.93MB mem-reservation=51.00MB thread-reservation=1 runtime-filters-memory=17.00MB
|  |  |  max-parallelism=30 segment-costs=[160011859] cpu-comparison-result=80 [max(80 (self) vs 11 (sum children))]
|  |  JOIN BUILD
|  |  |  join-table-id=05 plan-id=06 cohort-id=02
|  |  |  build expressions: tpcds_partitioned_parquet_snap.store_returns.sr_customer_sk, tpcds_partitioned_parquet_snap.store_returns.sr_item_sk
|  |  |  runtime filters: RF014[bloom] <- tpcds_partitioned_parquet_snap.store_returns.sr_customer_sk, RF015[bloom] <- tpcds_partitioned_parquet_snap.store_returns.sr_item_sk, RF016[min_max] <- tpcds_partitioned_parquet_snap.store_returns.sr_customer_sk, RF017[min_max] <- tpcds_partitioned_parquet_snap.store_returns.sr_item_sk
|  |  |  mem-estimate=411.77MB mem-reservation=34.00MB spill-buffer=2.00MB thread-reservation=0 cost=117699051
|  |  |
|  |  19:EXCHANGE [HASH(tpcds_partitioned_parquet_snap.store_returns.sr_customer_sk,tpcds_partitioned_parquet_snap.store_returns.sr_item_sk)]
|  |  |  mem-estimate=13.16MB mem-reservation=0B thread-reservation=0
|  |  |  tuple-ids=4,6 row-size=46B cardinality=117.70M cost=42312808
|  |  |  in pipelines: 02(GETNEXT)
|  |  |
|  |  F02:PLAN FRAGMENT [RANDOM] hosts=10 instances=60 (adjusted from 120)
|  |  Per-Host Shared Resources: mem-estimate=2.00MB mem-reservation=2.00MB thread-reservation=0 runtime-filters-memory=2.00MB
|  |  Per-Instance Resources: mem-estimate=20.22MB mem-reservation=512.00KB thread-reservation=1
|  |  max-parallelism=60 segment-costs=[562142436]
|  |  04:HASH JOIN [INNER JOIN, BROADCAST]
|  |  |  hash-table-id=06
|  |  |  hash predicates: tpcds_partitioned_parquet_snap.store_returns.sr_returned_date_sk = tpcds_partitioned_parquet_snap.date_dim.d_date_sk
|  |  |  fk/pk conjuncts: tpcds_partitioned_parquet_snap.store_returns.sr_returned_date_sk = tpcds_partitioned_parquet_snap.date_dim.d_date_sk
|  |  |  mem-estimate=0B mem-reservation=0B spill-buffer=64.00KB thread-reservation=0
|  |  |  tuple-ids=4,6 row-size=46B cardinality=117.70M cost=51516874
|  |  |  in pipelines: 02(GETNEXT), 03(OPEN)
|  |  |
|  |  |--F17:PLAN FRAGMENT [RANDOM] hosts=10 instances=10
|  |  |  |  Per-Instance Resources: mem-estimate=12.64MB mem-reservation=12.62MB thread-reservation=1 runtime-filters-memory=1.00MB
|  |  |  |  max-parallelism=10 segment-costs=[633]
|  |  |  JOIN BUILD
|  |  |  |  join-table-id=06 plan-id=07 cohort-id=03
|  |  |  |  build expressions: tpcds_partitioned_parquet_snap.date_dim.d_date_sk
|  |  |  |  runtime filters: RF018[bloom] <- tpcds_partitioned_parquet_snap.date_dim.d_date_sk
|  |  |  |  mem-estimate=11.62MB mem-reservation=11.62MB spill-buffer=64.00KB thread-reservation=0 cost=273
|  |  |  |
|  |  |  17:EXCHANGE [BROADCAST]
|  |  |  |  mem-estimate=16.00KB mem-reservation=0B thread-reservation=0
|  |  |  |  tuple-ids=6 row-size=22B cardinality=273 cost=360
|  |  |  |  in pipelines: 03(GETNEXT)
|  |  |  |
|  |  |  F03:PLAN FRAGMENT [RANDOM] hosts=1 instances=1
|  |  |  Per-Instance Resources: mem-estimate=16.10MB mem-reservation=512.00KB thread-reservation=1
|  |  |  max-parallelism=1 segment-costs=[12593]
|  |  |  03:SCAN HDFS [tpcds_partitioned_parquet_snap.date_dim, RANDOM]
|  |  |     HDFS partitions=1/1 files=1 size=2.17MB
|  |  |     predicates: tpcds_partitioned_parquet_snap.date_dim.d_quarter_name = '1999Q1' OR tpcds_partitioned_parquet_snap.date_dim.d_quarter_name = '1999Q2' OR tpcds_partitioned_parquet_snap.date_dim.d_quarter_name = '1999Q3'
|  |  |     stored statistics:
|  |  |       table: rows=73.05K size=2.17MB
|  |  |       columns: all
|  |  |     extrapolated-rows=disabled max-scan-range-rows=73.05K
|  |  |     parquet dictionary predicates: tpcds_partitioned_parquet_snap.date_dim.d_quarter_name = '1999Q1' OR tpcds_partitioned_parquet_snap.date_dim.d_quarter_name = '1999Q2' OR tpcds_partitioned_parquet_snap.date_dim.d_quarter_name = '1999Q3'
|  |  |     mem-estimate=16.00MB mem-reservation=512.00KB thread-reservation=0
|  |  |     tuple-ids=6 row-size=22B cardinality=273 cost=12571
|  |  |     in pipelines: 03(GETNEXT)
|  |  |
|  |  02:SCAN HDFS [tpcds_partitioned_parquet_snap.store_returns, RANDOM]
|  |     HDFS partitions=2004/2004 files=2004 size=48.14GB
|  |     runtime filters: RF007[min_max] -> tpcds_partitioned_parquet_snap.store_returns.sr_item_sk, RF006[bloom] -> tpcds_partitioned_parquet_snap.store_returns.sr_item_sk, RF018[bloom] -> tpcds_partitioned_parquet_snap.store_returns.sr_returned_date_sk
|  |     stored statistics:
|  |       table: rows=863.99M size=48.14GB
|  |       partitions: 2004/2004 rows=863.99M
|  |       columns: all
|  |     extrapolated-rows=disabled max-scan-range-rows=30.09M est-scan-range=273(filtered from 2004)
|  |     mem-estimate=16.00MB mem-reservation=512.00KB thread-reservation=0
|  |     tuple-ids=4 row-size=24B cardinality=117.70M(filtered from 863.99M) cost=40676792
|  |     in pipelines: 02(GETNEXT)
|  |
|  18:EXCHANGE [HASH(tpcds_partitioned_parquet_snap.catalog_sales.cs_bill_customer_sk,tpcds_partitioned_parquet_snap.catalog_sales.cs_item_sk)]
|  |  mem-estimate=12.34MB mem-reservation=0B thread-reservation=0
|  |  tuple-ids=2 row-size=16B cardinality=432.01M cost=79791840
|  |  in pipelines: 01(GETNEXT)
|  |
|  F01:PLAN FRAGMENT [RANDOM] hosts=10 instances=120
|  Per-Host Shared Resources: mem-estimate=19.00MB mem-reservation=19.00MB thread-reservation=0 runtime-filters-memory=19.00MB
|  Per-Instance Resources: mem-estimate=17.56MB mem-reservation=1.00MB thread-reservation=1
|  max-parallelism=180 segment-costs=[1784451409]
|  01:SCAN HDFS [tpcds_partitioned_parquet_snap.catalog_sales, RANDOM]
|     HDFS partitions=1831/1831 files=1831 size=280.96GB
|     predicates: is_not_null_pred(tpcds_partitioned_parquet_snap.catalog_sales.cs_bill_customer_sk)
|     runtime filters: RF007[min_max] -> tpcds_partitioned_parquet_snap.catalog_sales.cs_item_sk, RF016[min_max] -> tpcds_partitioned_parquet_snap.catalog_sales.cs_bill_customer_sk, RF017[min_max] -> tpcds_partitioned_parquet_snap.catalog_sales.cs_item_sk, RF006[bloom] -> tpcds_partitioned_parquet_snap.catalog_sales.cs_item_sk, RF014[bloom] -> tpcds_partitioned_parquet_snap.catalog_sales.cs_bill_customer_sk, RF015[bloom] -> tpcds_partitioned_parquet_snap.catalog_sales.cs_item_sk, RF002[bloom] -> tpcds_partitioned_parquet_snap.catalog_sales.cs_sold_date_sk
|     stored statistics:
|       table: rows=4.32G size=280.96GB
|       partitions: 1831/1831 rows=4.32G
|       columns: all
|     extrapolated-rows=disabled max-scan-range-rows=21.52M
|     parquet dictionary predicates: is_not_null_pred(tpcds_partitioned_parquet_snap.catalog_sales.cs_bill_customer_sk)
|     mem-estimate=16.00MB mem-reservation=1.00MB thread-reservation=0
|     tuple-ids=2 row-size=16B cardinality=432.01M cost=1116740157
|     in pipelines: 01(GETNEXT)
|
00:SCAN HDFS [tpcds_partitioned_parquet_snap.store_sales, RANDOM]
   HDFS partitions=1824/1824 files=1824 size=389.90GB
   runtime filters: RF011[min_max] -> tpcds_partitioned_parquet_snap.store_sales.ss_customer_sk, RF012[min_max] -> tpcds_partitioned_parquet_snap.store_sales.ss_item_sk, RF013[min_max] -> tpcds_partitioned_parquet_snap.store_sales.ss_ticket_number, RF007[min_max] -> tpcds_partitioned_parquet_snap.store_sales.ss_item_sk, RF005[min_max] -> tpcds_partitioned_parquet_snap.store_sales.ss_store_sk, RF008[bloom] -> tpcds_partitioned_parquet_snap.store_sales.ss_customer_sk, RF009[bloom] -> tpcds_partitioned_parquet_snap.store_sales.ss_item_sk, RF010[bloom] -> tpcds_partitioned_parquet_snap.store_sales.ss_ticket_number, RF000[bloom] -> tpcds_partitioned_parquet_snap.store_sales.ss_sold_date_sk, RF006[bloom] -> tpcds_partitioned_parquet_snap.store_sales.ss_item_sk, RF004[bloom] -> tpcds_partitioned_parquet_snap.store_sales.ss_store_sk
   stored statistics:
     table: rows=8.64G size=389.90GB
     partitions: 1824/1824 rows=8.64G
     columns: all
   extrapolated-rows=disabled max-scan-range-rows=390.22M est-scan-range=91(filtered from 1824)
   mem-estimate=16.00MB mem-reservation=8.00MB thread-reservation=0
   tuple-ids=0 row-size=28B cardinality=36.25M(filtered from 8.64G) cost=173799117
   in pipelines: 00(GETNEXT)
---- PARALLELPLANS
Max Per-Host Resource Reservation: Memory=475.39MB Threads=39
Per-Host Resource Estimates: Memory=6.53GB
F10:PLAN FRAGMENT [UNPARTITIONED] hosts=1 instances=1
|  Per-Instance Resources: mem-estimate=4.22MB mem-reservation=4.00MB thread-reservation=1
|  max-parallelism=1 segment-costs=[1570] cpu-comparison-result=197 [max(1 (self) vs 197 (sum children))]
PLAN-ROOT SINK
|  output exprs: tpcds_partitioned_parquet_snap.item.i_item_id, tpcds_partitioned_parquet_snap.item.i_item_desc, tpcds_partitioned_parquet_snap.store.s_state, count(tpcds_partitioned_parquet_snap.store_sales.ss_quantity), avg(tpcds_partitioned_parquet_snap.store_sales.ss_quantity), stddev_samp(tpcds_partitioned_parquet_snap.store_sales.ss_quantity), divide(stddev_samp(tpcds_partitioned_parquet_snap.store_sales.ss_quantity), avg(tpcds_partitioned_parquet_snap.store_sales.ss_quantity)), count(tpcds_partitioned_parquet_snap.store_returns.sr_return_quantity), avg(tpcds_partitioned_parquet_snap.store_returns.sr_return_quantity), stddev_samp(tpcds_partitioned_parquet_snap.store_returns.sr_return_quantity), divide(stddev_samp(tpcds_partitioned_parquet_snap.store_returns.sr_return_quantity), avg(tpcds_partitioned_parquet_snap.store_returns.sr_return_quantity)), count(tpcds_partitioned_parquet_snap.catalog_sales.cs_quantity), avg(tpcds_partitioned_parquet_snap.catalog_sales.cs_quantity), stddev_samp(tpcds_partitioned_parquet_snap.catalog_sales.cs_quantity), divide(stddev_samp(tpcds_partitioned_parquet_snap.catalog_sales.cs_quantity), avg(tpcds_partitioned_parquet_snap.catalog_sales.cs_quantity))
|  mem-estimate=4.00MB mem-reservation=4.00MB spill-buffer=2.00MB thread-reservation=0 cost=1500
|
27:MERGING-EXCHANGE [UNPARTITIONED]
|  order by: tpcds_partitioned_parquet_snap.item.i_item_id ASC NULLS LAST, tpcds_partitioned_parquet_snap.item.i_item_desc ASC NULLS LAST, tpcds_partitioned_parquet_snap.store.s_state ASC NULLS LAST
|  limit: 100
|  mem-estimate=227.41KB mem-reservation=0B thread-reservation=0
|  tuple-ids=18 row-size=227B cardinality=100 cost=70
|  in pipelines: 16(GETNEXT)
|
F09:PLAN FRAGMENT [HASH(tpcds_partitioned_parquet_snap.item.i_item_id,tpcds_partitioned_parquet_snap.item.i_item_desc,tpcds_partitioned_parquet_snap.store.s_state)] hosts=10 instances=10 (adjusted from 120)
Per-Instance Resources: mem-estimate=25.57MB mem-reservation=8.50MB thread-reservation=1
max-parallelism=10 segment-costs=[2314199, 3120169, 625] cpu-comparison-result=197 [max(10 (self) vs 197 (sum children))]
16:TOP-N [LIMIT=100]
|  order by: tpcds_partitioned_parquet_snap.item.i_item_id ASC NULLS LAST, tpcds_partitioned_parquet_snap.item.i_item_desc ASC NULLS LAST, tpcds_partitioned_parquet_snap.store.s_state ASC NULLS LAST
|  mem-estimate=22.13KB mem-reservation=0B thread-reservation=0
|  tuple-ids=18 row-size=227B cardinality=100 cost=3120169
|  in pipelines: 16(GETNEXT), 26(OPEN)
|
26:AGGREGATE [FINALIZE]
|  output: count:merge(tpcds_partitioned_parquet_snap.store_sales.ss_quantity), avg:merge(tpcds_partitioned_parquet_snap.store_sales.ss_quantity), stddev_samp:merge(tpcds_partitioned_parquet_snap.store_sales.ss_quantity), count:merge(tpcds_partitioned_parquet_snap.store_returns.sr_return_quantity), avg:merge(tpcds_partitioned_parquet_snap.store_returns.sr_return_quantity), stddev_samp:merge(tpcds_partitioned_parquet_snap.store_returns.sr_return_quantity), count:merge(tpcds_partitioned_parquet_snap.catalog_sales.cs_quantity), avg:merge(tpcds_partitioned_parquet_snap.catalog_sales.cs_quantity), stddev_samp:merge(tpcds_partitioned_parquet_snap.catalog_sales.cs_quantity)
|  group by: tpcds_partitioned_parquet_snap.item.i_item_id, tpcds_partitioned_parquet_snap.item.i_item_desc, tpcds_partitioned_parquet_snap.store.s_state
|  mem-estimate=10.00MB mem-reservation=8.50MB spill-buffer=512.00KB thread-reservation=0
|  tuple-ids=17 row-size=227B cardinality=303.86K cost=1963712
|  in pipelines: 26(GETNEXT), 00(OPEN)
|
25:EXCHANGE [HASH(tpcds_partitioned_parquet_snap.item.i_item_id,tpcds_partitioned_parquet_snap.item.i_item_desc,tpcds_partitioned_parquet_snap.store.s_state)]
|  mem-estimate=15.57MB mem-reservation=0B thread-reservation=0
|  tuple-ids=16 row-size=227B cardinality=303.86K cost=350487
|  in pipelines: 00(GETNEXT)
|
F00:PLAN FRAGMENT [RANDOM] hosts=10 instances=40 (adjusted from 120)
Per-Host Shared Resources: mem-estimate=36.00MB mem-reservation=36.00MB thread-reservation=0 runtime-filters-memory=36.00MB
Per-Instance Resources: mem-estimate=35.01MB mem-reservation=11.00MB thread-reservation=1
max-parallelism=40 segment-costs=[304535607, 4590750] cpu-comparison-result=197 [max(40 (self) vs 197 (sum children))]
15:AGGREGATE [STREAMING]
|  output: count(tpcds_partitioned_parquet_snap.store_sales.ss_quantity), avg(CAST(tpcds_partitioned_parquet_snap.store_sales.ss_quantity AS BIGINT)), stddev_samp(tpcds_partitioned_parquet_snap.store_sales.ss_quantity), count(tpcds_partitioned_parquet_snap.store_returns.sr_return_quantity), avg(CAST(tpcds_partitioned_parquet_snap.store_returns.sr_return_quantity AS BIGINT)), stddev_samp(tpcds_partitioned_parquet_snap.store_returns.sr_return_quantity), count(tpcds_partitioned_parquet_snap.catalog_sales.cs_quantity), avg(CAST(tpcds_partitioned_parquet_snap.catalog_sales.cs_quantity AS BIGINT)), stddev_samp(tpcds_partitioned_parquet_snap.catalog_sales.cs_quantity)
|  group by: tpcds_partitioned_parquet_snap.item.i_item_id, tpcds_partitioned_parquet_snap.item.i_item_desc, tpcds_partitioned_parquet_snap.store.s_state
|  mem-estimate=10.00MB mem-reservation=3.00MB spill-buffer=128.00KB thread-reservation=0
|  tuple-ids=16 row-size=227B cardinality=303.86K cost=1963712
|  in pipelines: 00(GETNEXT)
|
14:HASH JOIN [INNER JOIN, BROADCAST]
|  hash-table-id=00
|  hash predicates: tpcds_partitioned_parquet_snap.store_sales.ss_sold_date_sk = tpcds_partitioned_parquet_snap.date_dim_1.d_date_sk
|  fk/pk conjuncts: tpcds_partitioned_parquet_snap.store_sales.ss_sold_date_sk = tpcds_partitioned_parquet_snap.date_dim_1.d_date_sk
|  mem-estimate=0B mem-reservation=0B spill-buffer=64.00KB thread-reservation=0
|  tuple-ids=0,2,4,6,8,10,12,14 row-size=297B cardinality=303.86K cost=1617275
|  in pipelines: 00(GETNEXT), 13(OPEN)
|
|--F11:PLAN FRAGMENT [RANDOM] hosts=10 instances=10
|  |  Per-Instance Resources: mem-estimate=8.77MB mem-reservation=8.75MB thread-reservation=1 runtime-filters-memory=1.00MB
|  |  max-parallelism=10 segment-costs=[211]
|  JOIN BUILD
|  |  join-table-id=00 plan-id=01 cohort-id=01
|  |  build expressions: tpcds_partitioned_parquet_snap.date_dim_1.d_date_sk
|  |  runtime filters: RF000[bloom] <- tpcds_partitioned_parquet_snap.date_dim_1.d_date_sk
|  |  mem-estimate=7.75MB mem-reservation=7.75MB spill-buffer=64.00KB thread-reservation=0 cost=91
|  |
|  24:EXCHANGE [BROADCAST]
|  |  mem-estimate=16.00KB mem-reservation=0B thread-reservation=0
|  |  tuple-ids=14 row-size=22B cardinality=91 cost=120
|  |  in pipelines: 13(GETNEXT)
|  |
|  F08:PLAN FRAGMENT [RANDOM] hosts=1 instances=1
|  Per-Instance Resources: mem-estimate=16.10MB mem-reservation=512.00KB thread-reservation=1
|  max-parallelism=1 segment-costs=[12578]
|  13:SCAN HDFS [tpcds_partitioned_parquet_snap.date_dim, RANDOM]
|     HDFS partitions=1/1 files=1 size=2.17MB
|     predicates: tpcds_partitioned_parquet_snap.date_dim_1.d_quarter_name = '1999Q1'
|     stored statistics:
|       table: rows=73.05K size=2.17MB
|       columns: all
|     extrapolated-rows=disabled max-scan-range-rows=73.05K
|     parquet statistics predicates: tpcds_partitioned_parquet_snap.date_dim_1.d_quarter_name = '1999Q1'
|     parquet dictionary predicates: tpcds_partitioned_parquet_snap.date_dim_1.d_quarter_name = '1999Q1'
|     mem-estimate=16.00MB mem-reservation=512.00KB thread-reservation=0
|     tuple-ids=14 row-size=22B cardinality=91 cost=12571
|     in pipelines: 13(GETNEXT)
|
12:HASH JOIN [INNER JOIN, BROADCAST]
|  hash-table-id=01
|  hash predicates: tpcds_partitioned_parquet_snap.catalog_sales.cs_sold_date_sk = tpcds_partitioned_parquet_snap.date_dim_0.d_date_sk
|  fk/pk conjuncts: tpcds_partitioned_parquet_snap.catalog_sales.cs_sold_date_sk = tpcds_partitioned_parquet_snap.date_dim_0.d_date_sk
|  mem-estimate=0B mem-reservation=0B spill-buffer=64.00KB thread-reservation=0
|  tuple-ids=0,2,4,6,8,10,12 row-size=275B cardinality=6.09M cost=10401900
|  in pipelines: 00(GETNEXT), 11(OPEN)
|
|--F12:PLAN FRAGMENT [RANDOM] hosts=10 instances=10
|  |  Per-Instance Resources: mem-estimate=8.77MB mem-reservation=8.75MB thread-reservation=1 runtime-filters-memory=1.00MB
|  |  max-parallelism=10 segment-costs=[633]
|  JOIN BUILD
|  |  join-table-id=01 plan-id=02 cohort-id=01
|  |  build expressions: tpcds_partitioned_parquet_snap.date_dim_0.d_date_sk
|  |  runtime filters: RF002[bloom] <- tpcds_partitioned_parquet_snap.date_dim_0.d_date_sk
|  |  mem-estimate=7.75MB mem-reservation=7.75MB spill-buffer=64.00KB thread-reservation=0 cost=273
|  |
|  23:EXCHANGE [BROADCAST]
|  |  mem-estimate=16.00KB mem-reservation=0B thread-reservation=0
|  |  tuple-ids=12 row-size=22B cardinality=273 cost=360
|  |  in pipelines: 11(GETNEXT)
|  |
|  F07:PLAN FRAGMENT [RANDOM] hosts=1 instances=1
|  Per-Instance Resources: mem-estimate=16.10MB mem-reservation=512.00KB thread-reservation=1
|  max-parallelism=1 segment-costs=[12593]
|  11:SCAN HDFS [tpcds_partitioned_parquet_snap.date_dim, RANDOM]
|     HDFS partitions=1/1 files=1 size=2.17MB
|     predicates: tpcds_partitioned_parquet_snap.date_dim_0.d_quarter_name = '1999Q1' OR tpcds_partitioned_parquet_snap.date_dim_0.d_quarter_name = '1999Q2' OR tpcds_partitioned_parquet_snap.date_dim_0.d_quarter_name = '1999Q3'
|     stored statistics:
|       table: rows=73.05K size=2.17MB
|       columns: all
|     extrapolated-rows=disabled max-scan-range-rows=73.05K
|     parquet dictionary predicates: tpcds_partitioned_parquet_snap.date_dim_0.d_quarter_name = '1999Q1' OR tpcds_partitioned_parquet_snap.date_dim_0.d_quarter_name = '1999Q2' OR tpcds_partitioned_parquet_snap.date_dim_0.d_quarter_name = '1999Q3'
|     mem-estimate=16.00MB mem-reservation=512.00KB thread-reservation=0
|     tuple-ids=12 row-size=22B cardinality=273 cost=12571
|     in pipelines: 11(GETNEXT)
|
10:HASH JOIN [INNER JOIN, BROADCAST]
|  hash-table-id=02
|  hash predicates: tpcds_partitioned_parquet_snap.store_sales.ss_store_sk = tpcds_partitioned_parquet_snap.store.s_store_sk
|  fk/pk conjuncts: tpcds_partitioned_parquet_snap.store_sales.ss_store_sk = tpcds_partitioned_parquet_snap.store.s_store_sk
|  mem-estimate=0B mem-reservation=0B spill-buffer=64.00KB thread-reservation=0
|  tuple-ids=0,2,4,6,8,10 row-size=253B cardinality=36.25M(filtered from 40.85M) cost=16700107
|  in pipelines: 00(GETNEXT), 09(OPEN)
|
|--F13:PLAN FRAGMENT [RANDOM] hosts=10 instances=10
|  |  Per-Instance Resources: mem-estimate=8.79MB mem-reservation=8.75MB thread-reservation=1 runtime-filters-memory=1.00MB
|  |  max-parallelism=10 segment-costs=[3140]
|  JOIN BUILD
|  |  join-table-id=02 plan-id=03 cohort-id=01
|  |  build expressions: tpcds_partitioned_parquet_snap.store.s_store_sk
|  |  runtime filters: RF004[bloom] <- tpcds_partitioned_parquet_snap.store.s_store_sk, RF005[min_max] <- tpcds_partitioned_parquet_snap.store.s_store_sk
|  |  mem-estimate=7.75MB mem-reservation=7.75MB spill-buffer=64.00KB thread-reservation=0 cost=1350
|  |
|  22:EXCHANGE [BROADCAST]
|  |  mem-estimate=45.73KB mem-reservation=0B thread-reservation=0
|  |  tuple-ids=10 row-size=18B cardinality=1.35K cost=1790
|  |  in pipelines: 09(GETNEXT)
|  |
|  F06:PLAN FRAGMENT [RANDOM] hosts=1 instances=1
|  Per-Instance Resources: mem-estimate=16.09MB mem-reservation=16.00KB thread-reservation=1
|  max-parallelism=1 segment-costs=[210]
|  09:SCAN HDFS [tpcds_partitioned_parquet_snap.store, RANDOM]
|     HDFS partitions=1/1 files=1 size=119.76KB
|     stored statistics:
|       table: rows=1.35K size=119.76KB
|       columns: all
|     extrapolated-rows=disabled max-scan-range-rows=1.35K
|     mem-estimate=16.00MB mem-reservation=16.00KB thread-reservation=0
|     tuple-ids=10 row-size=18B cardinality=1.35K cost=116
|     in pipelines: 09(GETNEXT)
|
08:HASH JOIN [INNER JOIN, BROADCAST]
|  hash-table-id=03
|  hash predicates: tpcds_partitioned_parquet_snap.store_sales.ss_item_sk = tpcds_partitioned_parquet_snap.item.i_item_sk
|  fk/pk conjuncts: tpcds_partitioned_parquet_snap.store_sales.ss_item_sk = tpcds_partitioned_parquet_snap.item.i_item_sk
|  mem-estimate=0B mem-reservation=0B spill-buffer=512.00KB thread-reservation=0
|  tuple-ids=0,2,4,6,8 row-size=235B cardinality=36.25M(filtered from 40.85M) cost=16700107
|  in pipelines: 00(GETNEXT), 07(OPEN)
|
|--F14:PLAN FRAGMENT [RANDOM] hosts=10 instances=10
|  |  Per-Instance Resources: mem-estimate=40.54MB mem-reservation=35.00MB thread-reservation=1 runtime-filters-memory=1.00MB
|  |  max-parallelism=10 segment-costs=[83840]
|  JOIN BUILD
|  |  join-table-id=03 plan-id=04 cohort-id=01
|  |  build expressions: tpcds_partitioned_parquet_snap.item.i_item_sk
|  |  runtime filters: RF006[bloom] <- tpcds_partitioned_parquet_snap.item.i_item_sk, RF007[min_max] <- tpcds_partitioned_parquet_snap.item.i_item_sk
|  |  mem-estimate=34.00MB mem-reservation=34.00MB spill-buffer=512.00KB thread-reservation=0 cost=36000
|  |
|  21:EXCHANGE [BROADCAST]
|  |  mem-estimate=5.54MB mem-reservation=0B thread-reservation=0
|  |  tuple-ids=8 row-size=145B cardinality=36.00K cost=47840
|  |  in pipelines: 07(GETNEXT)
|  |
|  F05:PLAN FRAGMENT [RANDOM] hosts=4 instances=4
|  Per-Instance Resources: mem-estimate=16.58MB mem-reservation=512.00KB thread-reservation=1
|  max-parallelism=4 segment-costs=[650135]
|  07:SCAN HDFS [tpcds_partitioned_parquet_snap.item, RANDOM]
|     HDFS partitions=1/1 files=1 size=33.54MB
|     predicates: is_not_null_pred(tpcds_partitioned_parquet_snap.item.i_item_sk)
|     stored statistics:
|       table: rows=360.00K size=33.54MB
|       columns: all
|     extrapolated-rows=disabled max-scan-range-rows=101.54K
|     parquet dictionary predicates: is_not_null_pred(tpcds_partitioned_parquet_snap.item.i_item_sk)
|     mem-estimate=16.00MB mem-reservation=512.00KB thread-reservation=0
|     tuple-ids=8 row-size=145B cardinality=36.00K cost=635303
|     in pipelines: 07(GETNEXT)
|
06:HASH JOIN [INNER JOIN, BROADCAST]
|  hash-table-id=04
|  hash predicates: tpcds_partitioned_parquet_snap.store_sales.ss_customer_sk = tpcds_partitioned_parquet_snap.store_returns.sr_customer_sk, tpcds_partitioned_parquet_snap.store_sales.ss_item_sk = tpcds_partitioned_parquet_snap.store_returns.sr_item_sk, tpcds_partitioned_parquet_snap.store_sales.ss_ticket_number = tpcds_partitioned_parquet_snap.store_returns.sr_ticket_number
|  fk/pk conjuncts: tpcds_partitioned_parquet_snap.store_sales.ss_customer_sk = tpcds_partitioned_parquet_snap.store_returns.sr_customer_sk, tpcds_partitioned_parquet_snap.store_sales.ss_item_sk = tpcds_partitioned_parquet_snap.store_returns.sr_item_sk, tpcds_partitioned_parquet_snap.store_sales.ss_ticket_number = tpcds_partitioned_parquet_snap.store_returns.sr_ticket_number
|  mem-estimate=0B mem-reservation=0B spill-buffer=2.00MB thread-reservation=0
|  tuple-ids=0,2,4,6 row-size=90B cardinality=36.25M(filtered from 408.69M) cost=83353389
|  in pipelines: 00(GETNEXT), 01(OPEN)
|
|--F15:PLAN FRAGMENT [RANDOM] hosts=10 instances=10
|  |  Per-Instance Resources: mem-estimate=4.94GB mem-reservation=169.00MB thread-reservation=1 runtime-filters-memory=33.00MB
|  |  max-parallelism=10 segment-costs=[137064653] cpu-comparison-result=150 [max(150 (self) vs 80 (sum children))]
|  JOIN BUILD
|  |  join-table-id=04 plan-id=05 cohort-id=01
|  |  build expressions: tpcds_partitioned_parquet_snap.store_returns.sr_customer_sk, tpcds_partitioned_parquet_snap.store_returns.sr_item_sk, tpcds_partitioned_parquet_snap.store_returns.sr_ticket_number
|  |  runtime filters: RF008[bloom] <- tpcds_partitioned_parquet_snap.store_returns.sr_customer_sk, RF009[bloom] <- tpcds_partitioned_parquet_snap.store_returns.sr_item_sk, RF010[bloom] <- tpcds_partitioned_parquet_snap.store_returns.sr_ticket_number, RF011[min_max] <- tpcds_partitioned_parquet_snap.store_returns.sr_customer_sk, RF012[min_max] <- tpcds_partitioned_parquet_snap.store_returns.sr_item_sk, RF013[min_max] <- tpcds_partitioned_parquet_snap.store_returns.sr_ticket_number
|  |  mem-estimate=4.90GB mem-reservation=136.00MB spill-buffer=2.00MB thread-reservation=0 cost=58851293
|  |
|  20:EXCHANGE [BROADCAST]
|  |  mem-estimate=11.45MB mem-reservation=0B thread-reservation=0
|  |  tuple-ids=2,4,6 row-size=62B cardinality=58.85M cost=78213360
|  |  in pipelines: 01(GETNEXT)
|  |
|  F04:PLAN FRAGMENT [HASH(tpcds_partitioned_parquet_snap.catalog_sales.cs_bill_customer_sk,tpcds_partitioned_parquet_snap.catalog_sales.cs_item_sk)] hosts=10 instances=20 (adjusted from 120)
|  Per-Instance Resources: mem-estimate=12.63MB mem-reservation=0B thread-reservation=1
|  max-parallelism=30 segment-costs=[214930964]
|  05:HASH JOIN [INNER JOIN, PARTITIONED]
|  |  hash-table-id=05
|  |  hash predicates: tpcds_partitioned_parquet_snap.catalog_sales.cs_bill_customer_sk = tpcds_partitioned_parquet_snap.store_returns.sr_customer_sk, tpcds_partitioned_parquet_snap.catalog_sales.cs_item_sk = tpcds_partitioned_parquet_snap.store_returns.sr_item_sk
|  |  fk/pk conjuncts: tpcds_partitioned_parquet_snap.catalog_sales.cs_bill_customer_sk = tpcds_partitioned_parquet_snap.store_returns.sr_customer_sk, tpcds_partitioned_parquet_snap.catalog_sales.cs_item_sk = tpcds_partitioned_parquet_snap.store_returns.sr_item_sk
|  |  mem-estimate=0B mem-reservation=0B spill-buffer=2.00MB thread-reservation=0
|  |  tuple-ids=2,4,6 row-size=62B cardinality=58.85M cost=121473854
|  |  in pipelines: 01(GETNEXT), 02(OPEN)
|  |
|  |--F16:PLAN FRAGMENT [HASH(tpcds_partitioned_parquet_snap.catalog_sales.cs_bill_customer_sk,tpcds_partitioned_parquet_snap.catalog_sales.cs_item_sk)] hosts=10 instances=20 (adjusted from 120)
|  |  |  Per-Instance Resources: mem-estimate=441.93MB mem-reservation=51.00MB thread-reservation=1 runtime-filters-memory=17.00MB
|  |  |  max-parallelism=30 segment-costs=[160011859] cpu-comparison-result=80 [max(80 (self) vs 11 (sum children))]
|  |  JOIN BUILD
|  |  |  join-table-id=05 plan-id=06 cohort-id=02
|  |  |  build expressions: tpcds_partitioned_parquet_snap.store_returns.sr_customer_sk, tpcds_partitioned_parquet_snap.store_returns.sr_item_sk
|  |  |  runtime filters: RF014[bloom] <- tpcds_partitioned_parquet_snap.store_returns.sr_customer_sk, RF015[bloom] <- tpcds_partitioned_parquet_snap.store_returns.sr_item_sk, RF016[min_max] <- tpcds_partitioned_parquet_snap.store_returns.sr_customer_sk, RF017[min_max] <- tpcds_partitioned_parquet_snap.store_returns.sr_item_sk
|  |  |  mem-estimate=411.77MB mem-reservation=34.00MB spill-buffer=2.00MB thread-reservation=0 cost=117699051
|  |  |
|  |  19:EXCHANGE [HASH(tpcds_partitioned_parquet_snap.store_returns.sr_customer_sk,tpcds_partitioned_parquet_snap.store_returns.sr_item_sk)]
|  |  |  mem-estimate=13.16MB mem-reservation=0B thread-reservation=0
|  |  |  tuple-ids=4,6 row-size=46B cardinality=117.70M cost=42312808
|  |  |  in pipelines: 02(GETNEXT)
|  |  |
|  |  F02:PLAN FRAGMENT [RANDOM] hosts=10 instances=60 (adjusted from 120)
|  |  Per-Host Shared Resources: mem-estimate=2.00MB mem-reservation=2.00MB thread-reservation=0 runtime-filters-memory=2.00MB
|  |  Per-Instance Resources: mem-estimate=20.22MB mem-reservation=512.00KB thread-reservation=1
|  |  max-parallelism=60 segment-costs=[562142436]
|  |  04:HASH JOIN [INNER JOIN, BROADCAST]
|  |  |  hash-table-id=06
|  |  |  hash predicates: tpcds_partitioned_parquet_snap.store_returns.sr_returned_date_sk = tpcds_partitioned_parquet_snap.date_dim.d_date_sk
|  |  |  fk/pk conjuncts: tpcds_partitioned_parquet_snap.store_returns.sr_returned_date_sk = tpcds_partitioned_parquet_snap.date_dim.d_date_sk
|  |  |  mem-estimate=0B mem-reservation=0B spill-buffer=64.00KB thread-reservation=0
|  |  |  tuple-ids=4,6 row-size=46B cardinality=117.70M cost=51516874
|  |  |  in pipelines: 02(GETNEXT), 03(OPEN)
|  |  |
|  |  |--F17:PLAN FRAGMENT [RANDOM] hosts=10 instances=10
|  |  |  |  Per-Instance Resources: mem-estimate=12.64MB mem-reservation=12.62MB thread-reservation=1 runtime-filters-memory=1.00MB
|  |  |  |  max-parallelism=10 segment-costs=[633]
|  |  |  JOIN BUILD
|  |  |  |  join-table-id=06 plan-id=07 cohort-id=03
|  |  |  |  build expressions: tpcds_partitioned_parquet_snap.date_dim.d_date_sk
|  |  |  |  runtime filters: RF018[bloom] <- tpcds_partitioned_parquet_snap.date_dim.d_date_sk
|  |  |  |  mem-estimate=11.62MB mem-reservation=11.62MB spill-buffer=64.00KB thread-reservation=0 cost=273
|  |  |  |
|  |  |  17:EXCHANGE [BROADCAST]
|  |  |  |  mem-estimate=16.00KB mem-reservation=0B thread-reservation=0
|  |  |  |  tuple-ids=6 row-size=22B cardinality=273 cost=360
|  |  |  |  in pipelines: 03(GETNEXT)
|  |  |  |
|  |  |  F03:PLAN FRAGMENT [RANDOM] hosts=1 instances=1
|  |  |  Per-Instance Resources: mem-estimate=16.10MB mem-reservation=512.00KB thread-reservation=1
|  |  |  max-parallelism=1 segment-costs=[12593]
|  |  |  03:SCAN HDFS [tpcds_partitioned_parquet_snap.date_dim, RANDOM]
|  |  |     HDFS partitions=1/1 files=1 size=2.17MB
|  |  |     predicates: tpcds_partitioned_parquet_snap.date_dim.d_quarter_name = '1999Q1' OR tpcds_partitioned_parquet_snap.date_dim.d_quarter_name = '1999Q2' OR tpcds_partitioned_parquet_snap.date_dim.d_quarter_name = '1999Q3'
|  |  |     stored statistics:
|  |  |       table: rows=73.05K size=2.17MB
|  |  |       columns: all
|  |  |     extrapolated-rows=disabled max-scan-range-rows=73.05K
|  |  |     parquet dictionary predicates: tpcds_partitioned_parquet_snap.date_dim.d_quarter_name = '1999Q1' OR tpcds_partitioned_parquet_snap.date_dim.d_quarter_name = '1999Q2' OR tpcds_partitioned_parquet_snap.date_dim.d_quarter_name = '1999Q3'
|  |  |     mem-estimate=16.00MB mem-reservation=512.00KB thread-reservation=0
|  |  |     tuple-ids=6 row-size=22B cardinality=273 cost=12571
|  |  |     in pipelines: 03(GETNEXT)
|  |  |
|  |  02:SCAN HDFS [tpcds_partitioned_parquet_snap.store_returns, RANDOM]
|  |     HDFS partitions=2004/2004 files=2004 size=48.14GB
|  |     runtime filters: RF007[min_max] -> tpcds_partitioned_parquet_snap.store_returns.sr_item_sk, RF006[bloom] -> tpcds_partitioned_parquet_snap.store_returns.sr_item_sk, RF018[bloom] -> tpcds_partitioned_parquet_snap.store_returns.sr_returned_date_sk
|  |     stored statistics:
|  |       table: rows=863.99M size=48.14GB
|  |       partitions: 2004/2004 rows=863.99M
|  |       columns: all
|  |     extrapolated-rows=disabled max-scan-range-rows=30.09M est-scan-range=273(filtered from 2004)
|  |     mem-estimate=16.00MB mem-reservation=512.00KB thread-reservation=0
|  |     tuple-ids=4 row-size=24B cardinality=117.70M(filtered from 863.99M) cost=40676792
|  |     in pipelines: 02(GETNEXT)
|  |
|  18:EXCHANGE [HASH(tpcds_partitioned_parquet_snap.catalog_sales.cs_bill_customer_sk,tpcds_partitioned_parquet_snap.catalog_sales.cs_item_sk)]
|  |  mem-estimate=12.34MB mem-reservation=0B thread-reservation=0
|  |  tuple-ids=2 row-size=16B cardinality=432.01M cost=79791840
|  |  in pipelines: 01(GETNEXT)
|  |
|  F01:PLAN FRAGMENT [RANDOM] hosts=10 instances=120
|  Per-Host Shared Resources: mem-estimate=19.00MB mem-reservation=19.00MB thread-reservation=0 runtime-filters-memory=19.00MB
|  Per-Instance Resources: mem-estimate=17.56MB mem-reservation=1.00MB thread-reservation=1
|  max-parallelism=180 segment-costs=[1784451409]
|  01:SCAN HDFS [tpcds_partitioned_parquet_snap.catalog_sales, RANDOM]
|     HDFS partitions=1831/1831 files=1831 size=280.96GB
|     predicates: is_not_null_pred(tpcds_partitioned_parquet_snap.catalog_sales.cs_bill_customer_sk)
|     runtime filters: RF007[min_max] -> tpcds_partitioned_parquet_snap.catalog_sales.cs_item_sk, RF016[min_max] -> tpcds_partitioned_parquet_snap.catalog_sales.cs_bill_customer_sk, RF017[min_max] -> tpcds_partitioned_parquet_snap.catalog_sales.cs_item_sk, RF006[bloom] -> tpcds_partitioned_parquet_snap.catalog_sales.cs_item_sk, RF014[bloom] -> tpcds_partitioned_parquet_snap.catalog_sales.cs_bill_customer_sk, RF015[bloom] -> tpcds_partitioned_parquet_snap.catalog_sales.cs_item_sk, RF002[bloom] -> tpcds_partitioned_parquet_snap.catalog_sales.cs_sold_date_sk
|     stored statistics:
|       table: rows=4.32G size=280.96GB
|       partitions: 1831/1831 rows=4.32G
|       columns: all
|     extrapolated-rows=disabled max-scan-range-rows=21.52M
|     parquet dictionary predicates: is_not_null_pred(tpcds_partitioned_parquet_snap.catalog_sales.cs_bill_customer_sk)
|     mem-estimate=16.00MB mem-reservation=1.00MB thread-reservation=0
|     tuple-ids=2 row-size=16B cardinality=432.01M cost=1116740157
|     in pipelines: 01(GETNEXT)
|
00:SCAN HDFS [tpcds_partitioned_parquet_snap.store_sales, RANDOM]
   HDFS partitions=1824/1824 files=1824 size=389.90GB
   runtime filters: RF011[min_max] -> tpcds_partitioned_parquet_snap.store_sales.ss_customer_sk, RF012[min_max] -> tpcds_partitioned_parquet_snap.store_sales.ss_item_sk, RF013[min_max] -> tpcds_partitioned_parquet_snap.store_sales.ss_ticket_number, RF007[min_max] -> tpcds_partitioned_parquet_snap.store_sales.ss_item_sk, RF005[min_max] -> tpcds_partitioned_parquet_snap.store_sales.ss_store_sk, RF008[bloom] -> tpcds_partitioned_parquet_snap.store_sales.ss_customer_sk, RF009[bloom] -> tpcds_partitioned_parquet_snap.store_sales.ss_item_sk, RF010[bloom] -> tpcds_partitioned_parquet_snap.store_sales.ss_ticket_number, RF000[bloom] -> tpcds_partitioned_parquet_snap.store_sales.ss_sold_date_sk, RF006[bloom] -> tpcds_partitioned_parquet_snap.store_sales.ss_item_sk, RF004[bloom] -> tpcds_partitioned_parquet_snap.store_sales.ss_store_sk
   stored statistics:
     table: rows=8.64G size=389.90GB
     partitions: 1824/1824 rows=8.64G
     columns: all
   extrapolated-rows=disabled max-scan-range-rows=390.22M est-scan-range=91(filtered from 1824)
   mem-estimate=16.00MB mem-reservation=8.00MB thread-reservation=0
   tuple-ids=0 row-size=28B cardinality=36.25M(filtered from 8.64G) cost=173799117
   in pipelines: 00(GETNEXT)
====
