# TPCDS-Q68
# start query 68 in stream 0 using template query68.tpl using seed 1161799381
select  c_last_name
       ,c_first_name
       ,ca_city
       ,bought_city
       ,ss_ticket_number
       ,extended_price
       ,extended_tax
       ,list_price
 from (select ss_ticket_number
             ,ss_customer_sk
             ,ca_city bought_city
             ,sum(ss_ext_sales_price) extended_price
             ,sum(ss_ext_list_price) list_price
             ,sum(ss_ext_tax) extended_tax
       from store_sales
           ,date_dim
           ,store
           ,household_demographics
           ,customer_address
       where store_sales.ss_sold_date_sk = date_dim.d_date_sk
         and store_sales.ss_store_sk = store.s_store_sk
        and store_sales.ss_hdemo_sk = household_demographics.hd_demo_sk
        and store_sales.ss_addr_sk = customer_address.ca_address_sk
        and date_dim.d_dom between 1 and 2
        and (household_demographics.hd_dep_count = 1 or
             household_demographics.hd_vehicle_count= -1)
        and date_dim.d_year in (1998,1998+1,1998+2)
        and store.s_city in ('Bethel','Summit')
       group by ss_ticket_number
               ,ss_customer_sk
               ,ss_addr_sk,ca_city) dn
      ,customer
      ,customer_address current_addr
 where ss_customer_sk = c_customer_sk
   and customer.c_current_addr_sk = current_addr.ca_address_sk
   and current_addr.ca_city <> bought_city
 order by c_last_name
         ,ss_ticket_number
 limit 100

# end query 68 in stream 0 using template query68.tpl
---- PLAN
Max Per-Host Resource Reservation: Memory=201.94MB Threads=1
Per-Host Resource Estimates: Memory=5.18GB
F00:PLAN FRAGMENT [UNPARTITIONED] hosts=1 instances=1
|  Per-Instance Resources: mem-estimate=5.18GB mem-reservation=201.94MB thread-reservation=1 runtime-filters-memory=51.00MB
|  max-parallelism=1 segment-costs=[1242211804, 320809204, 800]
PLAN-ROOT SINK
|  output exprs: c_last_name, c_first_name, ca_city, tpcds_partitioned_parquet_snap.customer_address_0.ca_city, tpcds_partitioned_parquet_snap.store_sales.ss_ticket_number, sum(tpcds_partitioned_parquet_snap.store_sales.ss_ext_sales_price), sum(tpcds_partitioned_parquet_snap.store_sales.ss_ext_tax), sum(tpcds_partitioned_parquet_snap.store_sales.ss_ext_list_price)
|  mem-estimate=4.00MB mem-reservation=4.00MB spill-buffer=2.00MB thread-reservation=0 cost=800
|
14:TOP-N [LIMIT=100]
|  order by: c_last_name ASC NULLS LAST, tpcds_partitioned_parquet_snap.store_sales.ss_ticket_number ASC NULLS LAST
|  mem-estimate=13.07KB mem-reservation=0B thread-reservation=0
|  tuple-ids=15 row-size=134B cardinality=100 cost=248397131
|  in pipelines: 14(GETNEXT), 11(OPEN)
|
13:HASH JOIN [INNER JOIN]
|  hash predicates: tpcds_partitioned_parquet_snap.customer.c_current_addr_sk = tpcds_partitioned_parquet_snap.customer_address.ca_address_sk
|  fk/pk conjuncts: none
|  other join predicates: tpcds_partitioned_parquet_snap.customer_address.ca_city != tpcds_partitioned_parquet_snap.customer_address_0.ca_city
|  runtime filters: RF000[bloom] <- tpcds_partitioned_parquet_snap.customer_address.ca_address_sk, RF001[min_max] <- tpcds_partitioned_parquet_snap.customer_address.ca_address_sk
|  mem-estimate=740.95MB mem-reservation=34.00MB spill-buffer=2.00MB thread-reservation=0
|  tuple-ids=14,2,0 row-size=154B cardinality=18.26M cost=22994210
|  in pipelines: 11(GETNEXT), 00(OPEN)
|
|--00:SCAN HDFS [tpcds_partitioned_parquet_snap.customer_address]
|     HDFS partitions=1/1 files=1 size=307.36MB
|     stored statistics:
|       table: rows=15.00M size=307.36MB
|       columns: all
|     extrapolated-rows=disabled max-scan-range-rows=1.58M
|     mem-estimate=16.00MB mem-reservation=128.00KB thread-reservation=0
|     tuple-ids=0 row-size=25B cardinality=15.00M cost=2797720
|     in pipelines: 00(GETNEXT)
|
12:HASH JOIN [INNER JOIN]
|  hash predicates: tpcds_partitioned_parquet_snap.store_sales.ss_customer_sk = tpcds_partitioned_parquet_snap.customer.c_customer_sk
|  fk/pk conjuncts: none
|  runtime filters: RF002[bloom] <- tpcds_partitioned_parquet_snap.customer.c_customer_sk, RF003[min_max] <- tpcds_partitioned_parquet_snap.customer.c_customer_sk
|  mem-estimate=1.98GB mem-reservation=34.00MB spill-buffer=2.00MB thread-reservation=0
|  tuple-ids=14,2 row-size=129B cardinality=18.26M cost=37994210
|  in pipelines: 11(GETNEXT), 01(OPEN)
|
|--01:SCAN HDFS [tpcds_partitioned_parquet_snap.customer]
|     HDFS partitions=1/1 files=1 size=1.55GB
|     runtime filters: RF001[min_max] -> tpcds_partitioned_parquet_snap.customer.c_current_addr_sk, RF000[bloom] -> tpcds_partitioned_parquet_snap.customer.c_current_addr_sk
|     stored statistics:
|       table: rows=30.00M size=1.55GB
|       columns: all
|     extrapolated-rows=disabled max-scan-range-rows=3.10M
|     mem-estimate=16.00MB mem-reservation=1.00MB thread-reservation=0
|     tuple-ids=2 row-size=44B cardinality=30.00M cost=8625933
|     in pipelines: 01(GETNEXT)
|
11:AGGREGATE [FINALIZE]
|  output: sum(tpcds_partitioned_parquet_snap.store_sales.ss_ext_sales_price), sum(tpcds_partitioned_parquet_snap.store_sales.ss_ext_list_price), sum(tpcds_partitioned_parquet_snap.store_sales.ss_ext_tax)
|  group by: tpcds_partitioned_parquet_snap.store_sales.ss_ticket_number, tpcds_partitioned_parquet_snap.store_sales.ss_customer_sk, tpcds_partitioned_parquet_snap.store_sales.ss_addr_sk, tpcds_partitioned_parquet_snap.customer_address_0.ca_city
|  mem-estimate=1.65GB mem-reservation=34.00MB spill-buffer=2.00MB thread-reservation=0
|  tuple-ids=14 row-size=85B cardinality=18.26M cost=110362837
|  in pipelines: 11(GETNEXT), 03(OPEN)
|
10:HASH JOIN [INNER JOIN]
|  hash predicates: tpcds_partitioned_parquet_snap.store_sales.ss_addr_sk = tpcds_partitioned_parquet_snap.customer_address_0.ca_address_sk
|  fk/pk conjuncts: none
|  runtime filters: RF004[bloom] <- tpcds_partitioned_parquet_snap.customer_address_0.ca_address_sk, RF005[min_max] <- tpcds_partitioned_parquet_snap.customer_address_0.ca_address_sk
|  mem-estimate=740.95MB mem-reservation=34.00MB spill-buffer=2.00MB thread-reservation=0
|  tuple-ids=6,8,10,12,4 row-size=114B cardinality=18.26M cost=22994210
|  in pipelines: 03(GETNEXT), 02(OPEN)
|
|--02:SCAN HDFS [tpcds_partitioned_parquet_snap.customer_address]
|     HDFS partitions=1/1 files=1 size=307.36MB
|     stored statistics:
|       table: rows=15.00M size=307.36MB
|       columns: all
|     extrapolated-rows=disabled max-scan-range-rows=1.58M
|     mem-estimate=16.00MB mem-reservation=128.00KB thread-reservation=0
|     tuple-ids=4 row-size=25B cardinality=15.00M cost=2797720
|     in pipelines: 02(GETNEXT)
|
09:HASH JOIN [INNER JOIN]
|  hash predicates: tpcds_partitioned_parquet_snap.store_sales.ss_hdemo_sk = tpcds_partitioned_parquet_snap.household_demographics.hd_demo_sk
|  fk/pk conjuncts: tpcds_partitioned_parquet_snap.store_sales.ss_hdemo_sk = tpcds_partitioned_parquet_snap.household_demographics.hd_demo_sk
|  runtime filters: RF006[bloom] <- tpcds_partitioned_parquet_snap.household_demographics.hd_demo_sk, RF007[min_max] <- tpcds_partitioned_parquet_snap.household_demographics.hd_demo_sk
|  mem-estimate=1.94MB mem-reservation=1.94MB spill-buffer=64.00KB thread-reservation=0
|  tuple-ids=6,8,10,12 row-size=89B cardinality=18.26M cost=22508323
|  in pipelines: 03(GETNEXT), 08(OPEN)
|
|--08:SCAN HDFS [tpcds_partitioned_parquet_snap.household_demographics]
|     HDFS partitions=1/1 files=1 size=41.69KB
|     predicates: tpcds_partitioned_parquet_snap.household_demographics.hd_dep_count = CAST(1 AS INT) OR tpcds_partitioned_parquet_snap.household_demographics.hd_vehicle_count = CAST(-1 AS INT)
|     stored statistics:
|       table: rows=7.20K size=41.69KB
|       columns: all
|     extrapolated-rows=disabled max-scan-range-rows=7.20K
|     mem-estimate=16.00MB mem-reservation=64.00KB thread-reservation=0
|     tuple-ids=12 row-size=12B cardinality=1.80K cost=1446
|     in pipelines: 08(GETNEXT)
|
07:HASH JOIN [INNER JOIN]
|  hash predicates: tpcds_partitioned_parquet_snap.store_sales.ss_sold_date_sk = tpcds_partitioned_parquet_snap.date_dim.d_date_sk
|  fk/pk conjuncts: tpcds_partitioned_parquet_snap.store_sales.ss_sold_date_sk = tpcds_partitioned_parquet_snap.date_dim.d_date_sk
|  runtime filters: RF008[bloom] <- tpcds_partitioned_parquet_snap.date_dim.d_date_sk
|  mem-estimate=1.94MB mem-reservation=1.94MB spill-buffer=64.00KB thread-reservation=0
|  tuple-ids=6,8,10 row-size=77B cardinality=74.84M cost=33210030
|  in pipelines: 03(GETNEXT), 06(OPEN)
|
|--06:SCAN HDFS [tpcds_partitioned_parquet_snap.date_dim]
|     HDFS partitions=1/1 files=1 size=2.17MB
|     predicates: tpcds_partitioned_parquet_snap.date_dim.d_dom <= CAST(2 AS INT), tpcds_partitioned_parquet_snap.date_dim.d_dom >= CAST(1 AS INT), tpcds_partitioned_parquet_snap.date_dim.d_year = CAST(1998 AS INT) OR tpcds_partitioned_parquet_snap.date_dim.d_year = add(CAST(1998 AS INT), CAST(1 AS INT)) OR tpcds_partitioned_parquet_snap.date_dim.d_year = add(CAST(1998 AS INT), CAST(2 AS INT))
|     stored statistics:
|       table: rows=73.05K size=2.17MB
|       columns: all
|     extrapolated-rows=disabled max-scan-range-rows=73.05K
|     parquet statistics predicates: tpcds_partitioned_parquet_snap.date_dim.d_dom <= CAST(2 AS INT), tpcds_partitioned_parquet_snap.date_dim.d_dom >= CAST(1 AS INT)
|     parquet dictionary predicates: tpcds_partitioned_parquet_snap.date_dim.d_dom <= CAST(2 AS INT), tpcds_partitioned_parquet_snap.date_dim.d_dom >= CAST(1 AS INT), tpcds_partitioned_parquet_snap.date_dim.d_year = CAST(1998 AS INT) OR tpcds_partitioned_parquet_snap.date_dim.d_year = add(CAST(1998 AS INT), CAST(1 AS INT)) OR tpcds_partitioned_parquet_snap.date_dim.d_year = add(CAST(1998 AS INT), CAST(2 AS INT))
|     mem-estimate=16.00MB mem-reservation=512.00KB thread-reservation=0
|     tuple-ids=10 row-size=12B cardinality=352 cost=18780
|     in pipelines: 06(GETNEXT)
|
05:HASH JOIN [INNER JOIN]
|  hash predicates: tpcds_partitioned_parquet_snap.store_sales.ss_store_sk = tpcds_partitioned_parquet_snap.store.s_store_sk
|  fk/pk conjuncts: tpcds_partitioned_parquet_snap.store_sales.ss_store_sk = tpcds_partitioned_parquet_snap.store.s_store_sk
|  runtime filters: RF010[bloom] <- tpcds_partitioned_parquet_snap.store.s_store_sk, RF011[min_max] <- tpcds_partitioned_parquet_snap.store.s_store_sk
|  mem-estimate=1.94MB mem-reservation=1.94MB spill-buffer=64.00KB thread-reservation=0
|  tuple-ids=6,8 row-size=65B cardinality=76.60M(filtered from 387.82M) cost=89921159
|  in pipelines: 03(GETNEXT), 04(OPEN)
|
|--04:SCAN HDFS [tpcds_partitioned_parquet_snap.store]
|     HDFS partitions=1/1 files=1 size=119.76KB
|     predicates: tpcds_partitioned_parquet_snap.store.s_city = 'Bethel' OR tpcds_partitioned_parquet_snap.store.s_city = 'Summit'
|     stored statistics:
|       table: rows=1.35K size=119.76KB
|       columns: all
|     extrapolated-rows=disabled max-scan-range-rows=1.35K
|     parquet dictionary predicates: tpcds_partitioned_parquet_snap.store.s_city = 'Bethel' OR tpcds_partitioned_parquet_snap.store.s_city = 'Summit'
|     mem-estimate=16.00MB mem-reservation=16.00KB thread-reservation=0
|     tuple-ids=8 row-size=25B cardinality=30 cost=292
|     in pipelines: 04(GETNEXT)
|
03:SCAN HDFS [tpcds_partitioned_parquet_snap.store_sales]
   HDFS partitions=1824/1824 files=1824 size=389.90GB
   runtime filters: RF011[min_max] -> tpcds_partitioned_parquet_snap.store_sales.ss_store_sk, RF007[min_max] -> tpcds_partitioned_parquet_snap.store_sales.ss_hdemo_sk, RF003[min_max] -> tpcds_partitioned_parquet_snap.store_sales.ss_customer_sk, RF005[min_max] -> tpcds_partitioned_parquet_snap.store_sales.ss_addr_sk, RF010[bloom] -> tpcds_partitioned_parquet_snap.store_sales.ss_store_sk, RF008[bloom] -> tpcds_partitioned_parquet_snap.store_sales.ss_sold_date_sk, RF006[bloom] -> tpcds_partitioned_parquet_snap.store_sales.ss_hdemo_sk, RF002[bloom] -> tpcds_partitioned_parquet_snap.store_sales.ss_customer_sk, RF004[bloom] -> tpcds_partitioned_parquet_snap.store_sales.ss_addr_sk
   stored statistics:
     table: rows=8.64G size=389.90GB
     partitions: 1824/1824 rows=8.64G
     columns: all
   extrapolated-rows=disabled max-scan-range-rows=390.22M est-scan-range=352(filtered from 1824)
   mem-estimate=16.00MB mem-reservation=8.00MB thread-reservation=0
   tuple-ids=6 row-size=40B cardinality=76.60M(filtered from 8.64G) cost=960397007
   in pipelines: 03(GETNEXT)
---- DISTRIBUTEDPLAN
Max Per-Host Resource Reservation: Memory=711.58MB Threads=38
Per-Host Resource Estimates: Memory=1.52GB
F11:PLAN FRAGMENT [UNPARTITIONED] hosts=1 instances=1
|  Per-Instance Resources: mem-estimate=4.40MB mem-reservation=4.00MB thread-reservation=1
|  max-parallelism=1 segment-costs=[852] cpu-comparison-result=210 [max(1 (self) vs 210 (sum children))]
PLAN-ROOT SINK
|  output exprs: c_last_name, c_first_name, ca_city, tpcds_partitioned_parquet_snap.customer_address_0.ca_city, tpcds_partitioned_parquet_snap.store_sales.ss_ticket_number, sum(tpcds_partitioned_parquet_snap.store_sales.ss_ext_sales_price), sum(tpcds_partitioned_parquet_snap.store_sales.ss_ext_tax), sum(tpcds_partitioned_parquet_snap.store_sales.ss_ext_list_price)
|  mem-estimate=4.00MB mem-reservation=4.00MB spill-buffer=2.00MB thread-reservation=0 cost=800
|
26:MERGING-EXCHANGE [UNPARTITIONED]
|  order by: c_last_name ASC NULLS LAST, tpcds_partitioned_parquet_snap.store_sales.ss_ticket_number ASC NULLS LAST
|  limit: 100
|  mem-estimate=405.25KB mem-reservation=0B thread-reservation=0
|  tuple-ids=15 row-size=134B cardinality=100 cost=52
|  in pipelines: 14(GETNEXT)
|
F10:PLAN FRAGMENT [HASH(tpcds_partitioned_parquet_snap.customer.c_current_addr_sk)] hosts=10 instances=30 (adjusted from 10)
Per-Instance Resources: mem-estimate=12.69MB mem-reservation=0B thread-reservation=1
max-parallelism=30 segment-costs=[269923807, 382] cpu-comparison-result=210 [max(50 (self) vs 210 (sum children))]
14:TOP-N [LIMIT=100]
|  order by: c_last_name ASC NULLS LAST, tpcds_partitioned_parquet_snap.store_sales.ss_ticket_number ASC NULLS LAST
|  mem-estimate=13.07KB mem-reservation=0B thread-reservation=0
|  tuple-ids=15 row-size=134B cardinality=100 cost=248397131
|  in pipelines: 14(GETNEXT), 21(OPEN)
|
13:HASH JOIN [INNER JOIN, PARTITIONED]
|  hash-table-id=00
|  hash predicates: tpcds_partitioned_parquet_snap.customer.c_current_addr_sk = tpcds_partitioned_parquet_snap.customer_address.ca_address_sk
|  fk/pk conjuncts: none
|  other join predicates: tpcds_partitioned_parquet_snap.customer_address.ca_city != tpcds_partitioned_parquet_snap.customer_address_0.ca_city
|  mem-estimate=0B mem-reservation=0B spill-buffer=2.00MB thread-reservation=0
|  tuple-ids=14,2,0 row-size=154B cardinality=18.26M cost=7994210
|  in pipelines: 21(GETNEXT), 00(OPEN)
|
|--F12:PLAN FRAGMENT [HASH(tpcds_partitioned_parquet_snap.customer.c_current_addr_sk)] hosts=10 instances=30 (adjusted from 10)
|  |  Per-Instance Resources: mem-estimate=60.28MB mem-reservation=50.00MB thread-reservation=1 runtime-filters-memory=16.00MB
|  |  max-parallelism=30 segment-costs=[18388216]
|  JOIN BUILD
|  |  join-table-id=00 plan-id=01 cohort-id=01
|  |  build expressions: tpcds_partitioned_parquet_snap.customer_address.ca_address_sk
|  |  runtime filters: RF000[bloom] <- tpcds_partitioned_parquet_snap.customer_address.ca_address_sk, RF001[min_max] <- tpcds_partitioned_parquet_snap.customer_address.ca_address_sk
|  |  mem-estimate=34.00MB mem-reservation=34.00MB spill-buffer=2.00MB thread-reservation=0 cost=15000000
|  |
|  25:EXCHANGE [HASH(tpcds_partitioned_parquet_snap.customer_address.ca_address_sk)]
|  |  mem-estimate=10.28MB mem-reservation=0B thread-reservation=0
|  |  tuple-ids=0 row-size=25B cardinality=15.00M cost=3388216
|  |  in pipelines: 00(GETNEXT)
|  |
|  F09:PLAN FRAGMENT [RANDOM] hosts=10 instances=10
|  Per-Instance Resources: mem-estimate=19.39MB mem-reservation=128.00KB thread-reservation=1
|  max-parallelism=10 segment-costs=[34629749]
|  00:SCAN HDFS [tpcds_partitioned_parquet_snap.customer_address, RANDOM]
|     HDFS partitions=1/1 files=1 size=307.36MB
|     stored statistics:
|       table: rows=15.00M size=307.36MB
|       columns: all
|     extrapolated-rows=disabled max-scan-range-rows=1.58M
|     mem-estimate=16.00MB mem-reservation=128.00KB thread-reservation=0
|     tuple-ids=0 row-size=25B cardinality=15.00M cost=2797720
|     in pipelines: 00(GETNEXT)
|
24:EXCHANGE [HASH(tpcds_partitioned_parquet_snap.customer.c_current_addr_sk)]
|  mem-estimate=12.67MB mem-reservation=0B thread-reservation=0
|  tuple-ids=14,2 row-size=129B cardinality=18.26M cost=13532466
|  in pipelines: 21(GETNEXT)
|
F08:PLAN FRAGMENT [HASH(tpcds_partitioned_parquet_snap.store_sales.ss_customer_sk)] hosts=10 instances=20 (adjusted from 10)
Per-Instance Resources: mem-estimate=27.78MB mem-reservation=0B thread-reservation=1
max-parallelism=20 segment-costs=[187616807]
12:HASH JOIN [INNER JOIN, PARTITIONED]
|  hash-table-id=01
|  hash predicates: tpcds_partitioned_parquet_snap.store_sales.ss_customer_sk = tpcds_partitioned_parquet_snap.customer.c_customer_sk
|  fk/pk conjuncts: none
|  mem-estimate=0B mem-reservation=0B spill-buffer=2.00MB thread-reservation=0
|  tuple-ids=14,2 row-size=129B cardinality=18.26M cost=7994210
|  in pipelines: 21(GETNEXT), 01(OPEN)
|
|--F13:PLAN FRAGMENT [HASH(tpcds_partitioned_parquet_snap.store_sales.ss_customer_sk)] hosts=10 instances=20 (adjusted from 10)
|  |  Per-Instance Resources: mem-estimate=127.76MB mem-reservation=50.00MB thread-reservation=1 runtime-filters-memory=16.00MB
|  |  max-parallelism=20 segment-costs=[39400506]
|  JOIN BUILD
|  |  join-table-id=01 plan-id=02 cohort-id=01
|  |  build expressions: tpcds_partitioned_parquet_snap.customer.c_customer_sk
|  |  runtime filters: RF002[bloom] <- tpcds_partitioned_parquet_snap.customer.c_customer_sk, RF003[min_max] <- tpcds_partitioned_parquet_snap.customer.c_customer_sk
|  |  mem-estimate=101.30MB mem-reservation=34.00MB spill-buffer=2.00MB thread-reservation=0 cost=30000000
|  |
|  23:EXCHANGE [HASH(tpcds_partitioned_parquet_snap.customer.c_customer_sk)]
|  |  mem-estimate=10.47MB mem-reservation=0B thread-reservation=0
|  |  tuple-ids=2 row-size=44B cardinality=30.00M cost=9400506
|  |  in pipelines: 01(GETNEXT)
|  |
|  F07:PLAN FRAGMENT [RANDOM] hosts=10 instances=10
|  Per-Host Shared Resources: mem-estimate=16.00MB mem-reservation=16.00MB thread-reservation=0 runtime-filters-memory=16.00MB
|  Per-Instance Resources: mem-estimate=19.75MB mem-reservation=1.00MB thread-reservation=1
|  max-parallelism=10 segment-costs=[109027022]
|  01:SCAN HDFS [tpcds_partitioned_parquet_snap.customer, RANDOM]
|     HDFS partitions=1/1 files=1 size=1.55GB
|     runtime filters: RF001[min_max] -> tpcds_partitioned_parquet_snap.customer.c_current_addr_sk, RF000[bloom] -> tpcds_partitioned_parquet_snap.customer.c_current_addr_sk
|     stored statistics:
|       table: rows=30.00M size=1.55GB
|       columns: all
|     extrapolated-rows=disabled max-scan-range-rows=3.10M
|     mem-estimate=16.00MB mem-reservation=1.00MB thread-reservation=0
|     tuple-ids=2 row-size=44B cardinality=30.00M cost=8625933
|     in pipelines: 01(GETNEXT)
|
22:EXCHANGE [HASH(tpcds_partitioned_parquet_snap.store_sales.ss_customer_sk)]
|  mem-estimate=11.74MB mem-reservation=0B thread-reservation=0
|  tuple-ids=14 row-size=85B cardinality=18.26M cost=9166421
|  in pipelines: 21(GETNEXT)
|
F06:PLAN FRAGMENT [HASH(tpcds_partitioned_parquet_snap.store_sales.ss_ticket_number,tpcds_partitioned_parquet_snap.store_sales.ss_customer_sk,tpcds_partitioned_parquet_snap.store_sales.ss_addr_sk,tpcds_partitioned_parquet_snap.customer_address_0.ca_city)] hosts=10 instances=20 (adjusted from 120)
Per-Instance Resources: mem-estimate=96.17MB mem-reservation=34.00MB thread-reservation=1
max-parallelism=20 segment-costs=[119529258, 109331554] cpu-comparison-result=140 [max(20 (self) vs 140 (sum children))]
21:AGGREGATE [FINALIZE]
|  output: sum:merge(tpcds_partitioned_parquet_snap.store_sales.ss_ext_sales_price), sum:merge(tpcds_partitioned_parquet_snap.store_sales.ss_ext_list_price), sum:merge(tpcds_partitioned_parquet_snap.store_sales.ss_ext_tax)
|  group by: tpcds_partitioned_parquet_snap.store_sales.ss_ticket_number, tpcds_partitioned_parquet_snap.store_sales.ss_customer_sk, tpcds_partitioned_parquet_snap.store_sales.ss_addr_sk, tpcds_partitioned_parquet_snap.customer_address_0.ca_city
|  mem-estimate=84.44MB mem-reservation=34.00MB spill-buffer=2.00MB thread-reservation=0
|  tuple-ids=14 row-size=85B cardinality=18.26M cost=110362837
|  in pipelines: 21(GETNEXT), 03(OPEN)
|
20:EXCHANGE [HASH(tpcds_partitioned_parquet_snap.store_sales.ss_ticket_number,tpcds_partitioned_parquet_snap.store_sales.ss_customer_sk,tpcds_partitioned_parquet_snap.store_sales.ss_addr_sk,tpcds_partitioned_parquet_snap.customer_address_0.ca_city)]
|  mem-estimate=11.74MB mem-reservation=0B thread-reservation=0
|  tuple-ids=14 row-size=85B cardinality=18.26M cost=9166421
|  in pipelines: 03(GETNEXT)
|
F05:PLAN FRAGMENT [HASH(tpcds_partitioned_parquet_snap.store_sales.ss_addr_sk)] hosts=10 instances=20 (adjusted from 120)
Per-Instance Resources: mem-estimate=92.59MB mem-reservation=34.00MB thread-reservation=1
max-parallelism=20 segment-costs=[129888037, 109331554] cpu-comparison-result=140 [max(140 (self) vs 63 (sum children))]
11:AGGREGATE [STREAMING]
|  output: sum(tpcds_partitioned_parquet_snap.store_sales.ss_ext_sales_price), sum(tpcds_partitioned_parquet_snap.store_sales.ss_ext_list_price), sum(tpcds_partitioned_parquet_snap.store_sales.ss_ext_tax)
|  group by: tpcds_partitioned_parquet_snap.store_sales.ss_ticket_number, tpcds_partitioned_parquet_snap.store_sales.ss_customer_sk, tpcds_partitioned_parquet_snap.store_sales.ss_addr_sk, tpcds_partitioned_parquet_snap.customer_address_0.ca_city
|  mem-estimate=63.33MB mem-reservation=34.00MB spill-buffer=2.00MB thread-reservation=0
|  tuple-ids=14 row-size=85B cardinality=18.26M cost=110362837
|  in pipelines: 03(GETNEXT)
|
10:HASH JOIN [INNER JOIN, PARTITIONED]
|  hash-table-id=02
|  hash predicates: tpcds_partitioned_parquet_snap.store_sales.ss_addr_sk = tpcds_partitioned_parquet_snap.customer_address_0.ca_address_sk
|  fk/pk conjuncts: none
|  mem-estimate=0B mem-reservation=0B spill-buffer=2.00MB thread-reservation=0
|  tuple-ids=6,8,10,12,4 row-size=114B cardinality=18.26M cost=7994210
|  in pipelines: 03(GETNEXT), 02(OPEN)
|
|--F14:PLAN FRAGMENT [HASH(tpcds_partitioned_parquet_snap.store_sales.ss_addr_sk)] hosts=10 instances=20 (adjusted from 120)
|  |  Per-Instance Resources: mem-estimate=63.33MB mem-reservation=50.00MB thread-reservation=1 runtime-filters-memory=16.00MB
|  |  max-parallelism=20 segment-costs=[18388216]
|  JOIN BUILD
|  |  join-table-id=02 plan-id=03 cohort-id=01
|  |  build expressions: tpcds_partitioned_parquet_snap.customer_address_0.ca_address_sk
|  |  runtime filters: RF004[bloom] <- tpcds_partitioned_parquet_snap.customer_address_0.ca_address_sk, RF005[min_max] <- tpcds_partitioned_parquet_snap.customer_address_0.ca_address_sk
|  |  mem-estimate=37.05MB mem-reservation=34.00MB spill-buffer=2.00MB thread-reservation=0 cost=15000000
|  |
|  19:EXCHANGE [HASH(tpcds_partitioned_parquet_snap.customer_address_0.ca_address_sk)]
|  |  mem-estimate=10.28MB mem-reservation=0B thread-reservation=0
|  |  tuple-ids=4 row-size=25B cardinality=15.00M cost=3388216
|  |  in pipelines: 02(GETNEXT)
|  |
|  F04:PLAN FRAGMENT [RANDOM] hosts=10 instances=10
|  Per-Instance Resources: mem-estimate=18.26MB mem-reservation=128.00KB thread-reservation=1
|  max-parallelism=10 segment-costs=[34629749]
|  02:SCAN HDFS [tpcds_partitioned_parquet_snap.customer_address, RANDOM]
|     HDFS partitions=1/1 files=1 size=307.36MB
|     stored statistics:
|       table: rows=15.00M size=307.36MB
|       columns: all
|     extrapolated-rows=disabled max-scan-range-rows=1.58M
|     mem-estimate=16.00MB mem-reservation=128.00KB thread-reservation=0
|     tuple-ids=4 row-size=25B cardinality=15.00M cost=2797720
|     in pipelines: 02(GETNEXT)
|
18:EXCHANGE [HASH(tpcds_partitioned_parquet_snap.store_sales.ss_addr_sk)]
|  mem-estimate=22.32MB mem-reservation=0B thread-reservation=0
|  tuple-ids=6,8,10,12 row-size=89B cardinality=18.26M cost=11530990
|  in pipelines: 03(GETNEXT)
|
F00:PLAN FRAGMENT [RANDOM] hosts=10 instances=120
Per-Host Shared Resources: mem-estimate=35.00MB mem-reservation=35.00MB thread-reservation=0 runtime-filters-memory=35.00MB
Per-Instance Resources: mem-estimate=24.21MB mem-reservation=8.00MB thread-reservation=1
max-parallelism=130 segment-costs=[1248469861]
09:HASH JOIN [INNER JOIN, BROADCAST]
|  hash-table-id=03
|  hash predicates: tpcds_partitioned_parquet_snap.store_sales.ss_hdemo_sk = tpcds_partitioned_parquet_snap.household_demographics.hd_demo_sk
|  fk/pk conjuncts: tpcds_partitioned_parquet_snap.store_sales.ss_hdemo_sk = tpcds_partitioned_parquet_snap.household_demographics.hd_demo_sk
|  mem-estimate=0B mem-reservation=0B spill-buffer=64.00KB thread-reservation=0
|  tuple-ids=6,8,10,12 row-size=89B cardinality=18.26M cost=22506523
|  in pipelines: 03(GETNEXT), 08(OPEN)
|
|--F15:PLAN FRAGMENT [RANDOM] hosts=10 instances=10
|  |  Per-Instance Resources: mem-estimate=24.29MB mem-reservation=24.25MB thread-reservation=1 runtime-filters-memory=1.00MB
|  |  max-parallelism=10 segment-costs=[4190]
|  JOIN BUILD
|  |  join-table-id=03 plan-id=04 cohort-id=01
|  |  build expressions: tpcds_partitioned_parquet_snap.household_demographics.hd_demo_sk
|  |  runtime filters: RF006[bloom] <- tpcds_partitioned_parquet_snap.household_demographics.hd_demo_sk, RF007[min_max] <- tpcds_partitioned_parquet_snap.household_demographics.hd_demo_sk
|  |  mem-estimate=23.25MB mem-reservation=23.25MB spill-buffer=64.00KB thread-reservation=0 cost=1800
|  |
|  17:EXCHANGE [BROADCAST]
|  |  mem-estimate=37.09KB mem-reservation=0B thread-reservation=0
|  |  tuple-ids=12 row-size=12B cardinality=1.80K cost=2390
|  |  in pipelines: 08(GETNEXT)
|  |
|  F03:PLAN FRAGMENT [RANDOM] hosts=1 instances=1
|  Per-Instance Resources: mem-estimate=16.06MB mem-reservation=64.00KB thread-reservation=1
|  max-parallelism=1 segment-costs=[1543]
|  08:SCAN HDFS [tpcds_partitioned_parquet_snap.household_demographics, RANDOM]
|     HDFS partitions=1/1 files=1 size=41.69KB
|     predicates: tpcds_partitioned_parquet_snap.household_demographics.hd_dep_count = CAST(1 AS INT) OR tpcds_partitioned_parquet_snap.household_demographics.hd_vehicle_count = CAST(-1 AS INT)
|     stored statistics:
|       table: rows=7.20K size=41.69KB
|       columns: all
|     extrapolated-rows=disabled max-scan-range-rows=7.20K
|     mem-estimate=16.00MB mem-reservation=64.00KB thread-reservation=0
|     tuple-ids=12 row-size=12B cardinality=1.80K cost=1446
|     in pipelines: 08(GETNEXT)
|
07:HASH JOIN [INNER JOIN, BROADCAST]
|  hash-table-id=04
|  hash predicates: tpcds_partitioned_parquet_snap.store_sales.ss_sold_date_sk = tpcds_partitioned_parquet_snap.date_dim.d_date_sk
|  fk/pk conjuncts: tpcds_partitioned_parquet_snap.store_sales.ss_sold_date_sk = tpcds_partitioned_parquet_snap.date_dim.d_date_sk
|  mem-estimate=0B mem-reservation=0B spill-buffer=64.00KB thread-reservation=0
|  tuple-ids=6,8,10 row-size=77B cardinality=74.84M cost=33209678
|  in pipelines: 03(GETNEXT), 06(OPEN)
|
|--F16:PLAN FRAGMENT [RANDOM] hosts=10 instances=10
|  |  Per-Instance Resources: mem-estimate=24.27MB mem-reservation=24.25MB thread-reservation=1 runtime-filters-memory=1.00MB
|  |  max-parallelism=10 segment-costs=[812]
|  JOIN BUILD
|  |  join-table-id=04 plan-id=05 cohort-id=01
|  |  build expressions: tpcds_partitioned_parquet_snap.date_dim.d_date_sk
|  |  runtime filters: RF008[bloom] <- tpcds_partitioned_parquet_snap.date_dim.d_date_sk
|  |  mem-estimate=23.25MB mem-reservation=23.25MB spill-buffer=64.00KB thread-reservation=0 cost=352
|  |
|  16:EXCHANGE [BROADCAST]
|  |  mem-estimate=16.00KB mem-reservation=0B thread-reservation=0
|  |  tuple-ids=10 row-size=12B cardinality=352 cost=460
|  |  in pipelines: 06(GETNEXT)
|  |
|  F02:PLAN FRAGMENT [RANDOM] hosts=1 instances=1
|  Per-Instance Resources: mem-estimate=16.06MB mem-reservation=512.00KB thread-reservation=1
|  max-parallelism=1 segment-costs=[18799]
|  06:SCAN HDFS [tpcds_partitioned_parquet_snap.date_dim, RANDOM]
|     HDFS partitions=1/1 files=1 size=2.17MB
|     predicates: tpcds_partitioned_parquet_snap.date_dim.d_dom <= CAST(2 AS INT), tpcds_partitioned_parquet_snap.date_dim.d_dom >= CAST(1 AS INT), tpcds_partitioned_parquet_snap.date_dim.d_year = CAST(1998 AS INT) OR tpcds_partitioned_parquet_snap.date_dim.d_year = add(CAST(1998 AS INT), CAST(1 AS INT)) OR tpcds_partitioned_parquet_snap.date_dim.d_year = add(CAST(1998 AS INT), CAST(2 AS INT))
|     stored statistics:
|       table: rows=73.05K size=2.17MB
|       columns: all
|     extrapolated-rows=disabled max-scan-range-rows=73.05K
|     parquet statistics predicates: tpcds_partitioned_parquet_snap.date_dim.d_dom <= CAST(2 AS INT), tpcds_partitioned_parquet_snap.date_dim.d_dom >= CAST(1 AS INT)
|     parquet dictionary predicates: tpcds_partitioned_parquet_snap.date_dim.d_dom <= CAST(2 AS INT), tpcds_partitioned_parquet_snap.date_dim.d_dom >= CAST(1 AS INT), tpcds_partitioned_parquet_snap.date_dim.d_year = CAST(1998 AS INT) OR tpcds_partitioned_parquet_snap.date_dim.d_year = add(CAST(1998 AS INT), CAST(1 AS INT)) OR tpcds_partitioned_parquet_snap.date_dim.d_year = add(CAST(1998 AS INT), CAST(2 AS INT))
|     mem-estimate=16.00MB mem-reservation=512.00KB thread-reservation=0
|     tuple-ids=10 row-size=12B cardinality=352 cost=18780
|     in pipelines: 06(GETNEXT)
|
05:HASH JOIN [INNER JOIN, BROADCAST]
|  hash-table-id=05
|  hash predicates: tpcds_partitioned_parquet_snap.store_sales.ss_store_sk = tpcds_partitioned_parquet_snap.store.s_store_sk
|  fk/pk conjuncts: tpcds_partitioned_parquet_snap.store_sales.ss_store_sk = tpcds_partitioned_parquet_snap.store.s_store_sk
|  mem-estimate=0B mem-reservation=0B spill-buffer=64.00KB thread-reservation=0
|  tuple-ids=6,8 row-size=65B cardinality=76.60M(filtered from 387.82M) cost=89921129
|  in pipelines: 03(GETNEXT), 04(OPEN)
|
|--F17:PLAN FRAGMENT [RANDOM] hosts=10 instances=10
|  |  Per-Instance Resources: mem-estimate=24.27MB mem-reservation=24.25MB thread-reservation=1 runtime-filters-memory=1.00MB
|  |  max-parallelism=10 segment-costs=[60]
|  JOIN BUILD
|  |  join-table-id=05 plan-id=06 cohort-id=01
|  |  build expressions: tpcds_partitioned_parquet_snap.store.s_store_sk
|  |  runtime filters: RF010[bloom] <- tpcds_partitioned_parquet_snap.store.s_store_sk, RF011[min_max] <- tpcds_partitioned_parquet_snap.store.s_store_sk
|  |  mem-estimate=23.25MB mem-reservation=23.25MB spill-buffer=64.00KB thread-reservation=0 cost=30
|  |
|  15:EXCHANGE [BROADCAST]
|  |  mem-estimate=16.00KB mem-reservation=0B thread-reservation=0
|  |  tuple-ids=8 row-size=25B cardinality=30 cost=30
|  |  in pipelines: 04(GETNEXT)
|  |
|  F01:PLAN FRAGMENT [RANDOM] hosts=1 instances=1
|  Per-Instance Resources: mem-estimate=16.11MB mem-reservation=16.00KB thread-reservation=1
|  max-parallelism=1 segment-costs=[294]
|  04:SCAN HDFS [tpcds_partitioned_parquet_snap.store, RANDOM]
|     HDFS partitions=1/1 files=1 size=119.76KB
|     predicates: tpcds_partitioned_parquet_snap.store.s_city = 'Bethel' OR tpcds_partitioned_parquet_snap.store.s_city = 'Summit'
|     stored statistics:
|       table: rows=1.35K size=119.76KB
|       columns: all
|     extrapolated-rows=disabled max-scan-range-rows=1.35K
|     parquet dictionary predicates: tpcds_partitioned_parquet_snap.store.s_city = 'Bethel' OR tpcds_partitioned_parquet_snap.store.s_city = 'Summit'
|     mem-estimate=16.00MB mem-reservation=16.00KB thread-reservation=0
|     tuple-ids=8 row-size=25B cardinality=30 cost=292
|     in pipelines: 04(GETNEXT)
|
03:SCAN HDFS [tpcds_partitioned_parquet_snap.store_sales, RANDOM]
   HDFS partitions=1824/1824 files=1824 size=389.90GB
   runtime filters: RF011[min_max] -> tpcds_partitioned_parquet_snap.store_sales.ss_store_sk, RF007[min_max] -> tpcds_partitioned_parquet_snap.store_sales.ss_hdemo_sk, RF003[min_max] -> tpcds_partitioned_parquet_snap.store_sales.ss_customer_sk, RF005[min_max] -> tpcds_partitioned_parquet_snap.store_sales.ss_addr_sk, RF010[bloom] -> tpcds_partitioned_parquet_snap.store_sales.ss_store_sk, RF008[bloom] -> tpcds_partitioned_parquet_snap.store_sales.ss_sold_date_sk, RF006[bloom] -> tpcds_partitioned_parquet_snap.store_sales.ss_hdemo_sk, RF002[bloom] -> tpcds_partitioned_parquet_snap.store_sales.ss_customer_sk, RF004[bloom] -> tpcds_partitioned_parquet_snap.store_sales.ss_addr_sk
   stored statistics:
     table: rows=8.64G size=389.90GB
     partitions: 1824/1824 rows=8.64G
     columns: all
   extrapolated-rows=disabled max-scan-range-rows=390.22M est-scan-range=352(filtered from 1824)
   mem-estimate=16.00MB mem-reservation=8.00MB thread-reservation=0
   tuple-ids=6 row-size=40B cardinality=76.60M(filtered from 8.64G) cost=960397007
   in pipelines: 03(GETNEXT)
---- PARALLELPLANS
Max Per-Host Resource Reservation: Memory=711.58MB Threads=38
Per-Host Resource Estimates: Memory=1.52GB
F11:PLAN FRAGMENT [UNPARTITIONED] hosts=1 instances=1
|  Per-Instance Resources: mem-estimate=4.40MB mem-reservation=4.00MB thread-reservation=1
|  max-parallelism=1 segment-costs=[852] cpu-comparison-result=210 [max(1 (self) vs 210 (sum children))]
PLAN-ROOT SINK
|  output exprs: c_last_name, c_first_name, ca_city, tpcds_partitioned_parquet_snap.customer_address_0.ca_city, tpcds_partitioned_parquet_snap.store_sales.ss_ticket_number, sum(tpcds_partitioned_parquet_snap.store_sales.ss_ext_sales_price), sum(tpcds_partitioned_parquet_snap.store_sales.ss_ext_tax), sum(tpcds_partitioned_parquet_snap.store_sales.ss_ext_list_price)
|  mem-estimate=4.00MB mem-reservation=4.00MB spill-buffer=2.00MB thread-reservation=0 cost=800
|
26:MERGING-EXCHANGE [UNPARTITIONED]
|  order by: c_last_name ASC NULLS LAST, tpcds_partitioned_parquet_snap.store_sales.ss_ticket_number ASC NULLS LAST
|  limit: 100
|  mem-estimate=405.25KB mem-reservation=0B thread-reservation=0
|  tuple-ids=15 row-size=134B cardinality=100 cost=52
|  in pipelines: 14(GETNEXT)
|
F10:PLAN FRAGMENT [HASH(tpcds_partitioned_parquet_snap.customer.c_current_addr_sk)] hosts=10 instances=30 (adjusted from 10)
Per-Instance Resources: mem-estimate=12.69MB mem-reservation=0B thread-reservation=1
max-parallelism=30 segment-costs=[269923807, 382] cpu-comparison-result=210 [max(50 (self) vs 210 (sum children))]
14:TOP-N [LIMIT=100]
|  order by: c_last_name ASC NULLS LAST, tpcds_partitioned_parquet_snap.store_sales.ss_ticket_number ASC NULLS LAST
|  mem-estimate=13.07KB mem-reservation=0B thread-reservation=0
|  tuple-ids=15 row-size=134B cardinality=100 cost=248397131
|  in pipelines: 14(GETNEXT), 21(OPEN)
|
13:HASH JOIN [INNER JOIN, PARTITIONED]
|  hash-table-id=00
|  hash predicates: tpcds_partitioned_parquet_snap.customer.c_current_addr_sk = tpcds_partitioned_parquet_snap.customer_address.ca_address_sk
|  fk/pk conjuncts: none
|  other join predicates: tpcds_partitioned_parquet_snap.customer_address.ca_city != tpcds_partitioned_parquet_snap.customer_address_0.ca_city
|  mem-estimate=0B mem-reservation=0B spill-buffer=2.00MB thread-reservation=0
|  tuple-ids=14,2,0 row-size=154B cardinality=18.26M cost=7994210
|  in pipelines: 21(GETNEXT), 00(OPEN)
|
|--F12:PLAN FRAGMENT [HASH(tpcds_partitioned_parquet_snap.customer.c_current_addr_sk)] hosts=10 instances=30 (adjusted from 10)
|  |  Per-Instance Resources: mem-estimate=60.28MB mem-reservation=50.00MB thread-reservation=1 runtime-filters-memory=16.00MB
|  |  max-parallelism=30 segment-costs=[18388216]
|  JOIN BUILD
|  |  join-table-id=00 plan-id=01 cohort-id=01
|  |  build expressions: tpcds_partitioned_parquet_snap.customer_address.ca_address_sk
|  |  runtime filters: RF000[bloom] <- tpcds_partitioned_parquet_snap.customer_address.ca_address_sk, RF001[min_max] <- tpcds_partitioned_parquet_snap.customer_address.ca_address_sk
|  |  mem-estimate=34.00MB mem-reservation=34.00MB spill-buffer=2.00MB thread-reservation=0 cost=15000000
|  |
|  25:EXCHANGE [HASH(tpcds_partitioned_parquet_snap.customer_address.ca_address_sk)]
|  |  mem-estimate=10.28MB mem-reservation=0B thread-reservation=0
|  |  tuple-ids=0 row-size=25B cardinality=15.00M cost=3388216
|  |  in pipelines: 00(GETNEXT)
|  |
|  F09:PLAN FRAGMENT [RANDOM] hosts=10 instances=10
|  Per-Instance Resources: mem-estimate=19.39MB mem-reservation=128.00KB thread-reservation=1
|  max-parallelism=10 segment-costs=[34629749]
|  00:SCAN HDFS [tpcds_partitioned_parquet_snap.customer_address, RANDOM]
|     HDFS partitions=1/1 files=1 size=307.36MB
|     stored statistics:
|       table: rows=15.00M size=307.36MB
|       columns: all
|     extrapolated-rows=disabled max-scan-range-rows=1.58M
|     mem-estimate=16.00MB mem-reservation=128.00KB thread-reservation=0
|     tuple-ids=0 row-size=25B cardinality=15.00M cost=2797720
|     in pipelines: 00(GETNEXT)
|
24:EXCHANGE [HASH(tpcds_partitioned_parquet_snap.customer.c_current_addr_sk)]
|  mem-estimate=12.67MB mem-reservation=0B thread-reservation=0
|  tuple-ids=14,2 row-size=129B cardinality=18.26M cost=13532466
|  in pipelines: 21(GETNEXT)
|
F08:PLAN FRAGMENT [HASH(tpcds_partitioned_parquet_snap.store_sales.ss_customer_sk)] hosts=10 instances=20 (adjusted from 10)
Per-Instance Resources: mem-estimate=27.78MB mem-reservation=0B thread-reservation=1
max-parallelism=20 segment-costs=[187616807]
12:HASH JOIN [INNER JOIN, PARTITIONED]
|  hash-table-id=01
|  hash predicates: tpcds_partitioned_parquet_snap.store_sales.ss_customer_sk = tpcds_partitioned_parquet_snap.customer.c_customer_sk
|  fk/pk conjuncts: none
|  mem-estimate=0B mem-reservation=0B spill-buffer=2.00MB thread-reservation=0
|  tuple-ids=14,2 row-size=129B cardinality=18.26M cost=7994210
|  in pipelines: 21(GETNEXT), 01(OPEN)
|
|--F13:PLAN FRAGMENT [HASH(tpcds_partitioned_parquet_snap.store_sales.ss_customer_sk)] hosts=10 instances=20 (adjusted from 10)
|  |  Per-Instance Resources: mem-estimate=127.76MB mem-reservation=50.00MB thread-reservation=1 runtime-filters-memory=16.00MB
|  |  max-parallelism=20 segment-costs=[39400506]
|  JOIN BUILD
|  |  join-table-id=01 plan-id=02 cohort-id=01
|  |  build expressions: tpcds_partitioned_parquet_snap.customer.c_customer_sk
|  |  runtime filters: RF002[bloom] <- tpcds_partitioned_parquet_snap.customer.c_customer_sk, RF003[min_max] <- tpcds_partitioned_parquet_snap.customer.c_customer_sk
|  |  mem-estimate=101.30MB mem-reservation=34.00MB spill-buffer=2.00MB thread-reservation=0 cost=30000000
|  |
|  23:EXCHANGE [HASH(tpcds_partitioned_parquet_snap.customer.c_customer_sk)]
|  |  mem-estimate=10.47MB mem-reservation=0B thread-reservation=0
|  |  tuple-ids=2 row-size=44B cardinality=30.00M cost=9400506
|  |  in pipelines: 01(GETNEXT)
|  |
|  F07:PLAN FRAGMENT [RANDOM] hosts=10 instances=10
|  Per-Host Shared Resources: mem-estimate=16.00MB mem-reservation=16.00MB thread-reservation=0 runtime-filters-memory=16.00MB
|  Per-Instance Resources: mem-estimate=19.75MB mem-reservation=1.00MB thread-reservation=1
|  max-parallelism=10 segment-costs=[109027022]
|  01:SCAN HDFS [tpcds_partitioned_parquet_snap.customer, RANDOM]
|     HDFS partitions=1/1 files=1 size=1.55GB
|     runtime filters: RF001[min_max] -> tpcds_partitioned_parquet_snap.customer.c_current_addr_sk, RF000[bloom] -> tpcds_partitioned_parquet_snap.customer.c_current_addr_sk
|     stored statistics:
|       table: rows=30.00M size=1.55GB
|       columns: all
|     extrapolated-rows=disabled max-scan-range-rows=3.10M
|     mem-estimate=16.00MB mem-reservation=1.00MB thread-reservation=0
|     tuple-ids=2 row-size=44B cardinality=30.00M cost=8625933
|     in pipelines: 01(GETNEXT)
|
22:EXCHANGE [HASH(tpcds_partitioned_parquet_snap.store_sales.ss_customer_sk)]
|  mem-estimate=11.74MB mem-reservation=0B thread-reservation=0
|  tuple-ids=14 row-size=85B cardinality=18.26M cost=9166421
|  in pipelines: 21(GETNEXT)
|
F06:PLAN FRAGMENT [HASH(tpcds_partitioned_parquet_snap.store_sales.ss_ticket_number,tpcds_partitioned_parquet_snap.store_sales.ss_customer_sk,tpcds_partitioned_parquet_snap.store_sales.ss_addr_sk,tpcds_partitioned_parquet_snap.customer_address_0.ca_city)] hosts=10 instances=20 (adjusted from 120)
Per-Instance Resources: mem-estimate=96.17MB mem-reservation=34.00MB thread-reservation=1
max-parallelism=20 segment-costs=[119529258, 109331554] cpu-comparison-result=140 [max(20 (self) vs 140 (sum children))]
21:AGGREGATE [FINALIZE]
|  output: sum:merge(tpcds_partitioned_parquet_snap.store_sales.ss_ext_sales_price), sum:merge(tpcds_partitioned_parquet_snap.store_sales.ss_ext_list_price), sum:merge(tpcds_partitioned_parquet_snap.store_sales.ss_ext_tax)
|  group by: tpcds_partitioned_parquet_snap.store_sales.ss_ticket_number, tpcds_partitioned_parquet_snap.store_sales.ss_customer_sk, tpcds_partitioned_parquet_snap.store_sales.ss_addr_sk, tpcds_partitioned_parquet_snap.customer_address_0.ca_city
|  mem-estimate=84.44MB mem-reservation=34.00MB spill-buffer=2.00MB thread-reservation=0
|  tuple-ids=14 row-size=85B cardinality=18.26M cost=110362837
|  in pipelines: 21(GETNEXT), 03(OPEN)
|
20:EXCHANGE [HASH(tpcds_partitioned_parquet_snap.store_sales.ss_ticket_number,tpcds_partitioned_parquet_snap.store_sales.ss_customer_sk,tpcds_partitioned_parquet_snap.store_sales.ss_addr_sk,tpcds_partitioned_parquet_snap.customer_address_0.ca_city)]
|  mem-estimate=11.74MB mem-reservation=0B thread-reservation=0
|  tuple-ids=14 row-size=85B cardinality=18.26M cost=9166421
|  in pipelines: 03(GETNEXT)
|
F05:PLAN FRAGMENT [HASH(tpcds_partitioned_parquet_snap.store_sales.ss_addr_sk)] hosts=10 instances=20 (adjusted from 120)
Per-Instance Resources: mem-estimate=92.59MB mem-reservation=34.00MB thread-reservation=1
max-parallelism=20 segment-costs=[129888037, 109331554] cpu-comparison-result=140 [max(140 (self) vs 63 (sum children))]
11:AGGREGATE [STREAMING]
|  output: sum(tpcds_partitioned_parquet_snap.store_sales.ss_ext_sales_price), sum(tpcds_partitioned_parquet_snap.store_sales.ss_ext_list_price), sum(tpcds_partitioned_parquet_snap.store_sales.ss_ext_tax)
|  group by: tpcds_partitioned_parquet_snap.store_sales.ss_ticket_number, tpcds_partitioned_parquet_snap.store_sales.ss_customer_sk, tpcds_partitioned_parquet_snap.store_sales.ss_addr_sk, tpcds_partitioned_parquet_snap.customer_address_0.ca_city
|  mem-estimate=63.33MB mem-reservation=34.00MB spill-buffer=2.00MB thread-reservation=0
|  tuple-ids=14 row-size=85B cardinality=18.26M cost=110362837
|  in pipelines: 03(GETNEXT)
|
10:HASH JOIN [INNER JOIN, PARTITIONED]
|  hash-table-id=02
|  hash predicates: tpcds_partitioned_parquet_snap.store_sales.ss_addr_sk = tpcds_partitioned_parquet_snap.customer_address_0.ca_address_sk
|  fk/pk conjuncts: none
|  mem-estimate=0B mem-reservation=0B spill-buffer=2.00MB thread-reservation=0
|  tuple-ids=6,8,10,12,4 row-size=114B cardinality=18.26M cost=7994210
|  in pipelines: 03(GETNEXT), 02(OPEN)
|
|--F14:PLAN FRAGMENT [HASH(tpcds_partitioned_parquet_snap.store_sales.ss_addr_sk)] hosts=10 instances=20 (adjusted from 120)
|  |  Per-Instance Resources: mem-estimate=63.33MB mem-reservation=50.00MB thread-reservation=1 runtime-filters-memory=16.00MB
|  |  max-parallelism=20 segment-costs=[18388216]
|  JOIN BUILD
|  |  join-table-id=02 plan-id=03 cohort-id=01
|  |  build expressions: tpcds_partitioned_parquet_snap.customer_address_0.ca_address_sk
|  |  runtime filters: RF004[bloom] <- tpcds_partitioned_parquet_snap.customer_address_0.ca_address_sk, RF005[min_max] <- tpcds_partitioned_parquet_snap.customer_address_0.ca_address_sk
|  |  mem-estimate=37.05MB mem-reservation=34.00MB spill-buffer=2.00MB thread-reservation=0 cost=15000000
|  |
|  19:EXCHANGE [HASH(tpcds_partitioned_parquet_snap.customer_address_0.ca_address_sk)]
|  |  mem-estimate=10.28MB mem-reservation=0B thread-reservation=0
|  |  tuple-ids=4 row-size=25B cardinality=15.00M cost=3388216
|  |  in pipelines: 02(GETNEXT)
|  |
|  F04:PLAN FRAGMENT [RANDOM] hosts=10 instances=10
|  Per-Instance Resources: mem-estimate=18.26MB mem-reservation=128.00KB thread-reservation=1
|  max-parallelism=10 segment-costs=[34629749]
|  02:SCAN HDFS [tpcds_partitioned_parquet_snap.customer_address, RANDOM]
|     HDFS partitions=1/1 files=1 size=307.36MB
|     stored statistics:
|       table: rows=15.00M size=307.36MB
|       columns: all
|     extrapolated-rows=disabled max-scan-range-rows=1.58M
|     mem-estimate=16.00MB mem-reservation=128.00KB thread-reservation=0
|     tuple-ids=4 row-size=25B cardinality=15.00M cost=2797720
|     in pipelines: 02(GETNEXT)
|
18:EXCHANGE [HASH(tpcds_partitioned_parquet_snap.store_sales.ss_addr_sk)]
|  mem-estimate=22.32MB mem-reservation=0B thread-reservation=0
|  tuple-ids=6,8,10,12 row-size=89B cardinality=18.26M cost=11530990
|  in pipelines: 03(GETNEXT)
|
F00:PLAN FRAGMENT [RANDOM] hosts=10 instances=120
Per-Host Shared Resources: mem-estimate=35.00MB mem-reservation=35.00MB thread-reservation=0 runtime-filters-memory=35.00MB
Per-Instance Resources: mem-estimate=24.21MB mem-reservation=8.00MB thread-reservation=1
max-parallelism=130 segment-costs=[1248469861]
09:HASH JOIN [INNER JOIN, BROADCAST]
|  hash-table-id=03
|  hash predicates: tpcds_partitioned_parquet_snap.store_sales.ss_hdemo_sk = tpcds_partitioned_parquet_snap.household_demographics.hd_demo_sk
|  fk/pk conjuncts: tpcds_partitioned_parquet_snap.store_sales.ss_hdemo_sk = tpcds_partitioned_parquet_snap.household_demographics.hd_demo_sk
|  mem-estimate=0B mem-reservation=0B spill-buffer=64.00KB thread-reservation=0
|  tuple-ids=6,8,10,12 row-size=89B cardinality=18.26M cost=22506523
|  in pipelines: 03(GETNEXT), 08(OPEN)
|
|--F15:PLAN FRAGMENT [RANDOM] hosts=10 instances=10
|  |  Per-Instance Resources: mem-estimate=24.29MB mem-reservation=24.25MB thread-reservation=1 runtime-filters-memory=1.00MB
|  |  max-parallelism=10 segment-costs=[4190]
|  JOIN BUILD
|  |  join-table-id=03 plan-id=04 cohort-id=01
|  |  build expressions: tpcds_partitioned_parquet_snap.household_demographics.hd_demo_sk
|  |  runtime filters: RF006[bloom] <- tpcds_partitioned_parquet_snap.household_demographics.hd_demo_sk, RF007[min_max] <- tpcds_partitioned_parquet_snap.household_demographics.hd_demo_sk
|  |  mem-estimate=23.25MB mem-reservation=23.25MB spill-buffer=64.00KB thread-reservation=0 cost=1800
|  |
|  17:EXCHANGE [BROADCAST]
|  |  mem-estimate=37.09KB mem-reservation=0B thread-reservation=0
|  |  tuple-ids=12 row-size=12B cardinality=1.80K cost=2390
|  |  in pipelines: 08(GETNEXT)
|  |
|  F03:PLAN FRAGMENT [RANDOM] hosts=1 instances=1
|  Per-Instance Resources: mem-estimate=16.06MB mem-reservation=64.00KB thread-reservation=1
|  max-parallelism=1 segment-costs=[1543]
|  08:SCAN HDFS [tpcds_partitioned_parquet_snap.household_demographics, RANDOM]
|     HDFS partitions=1/1 files=1 size=41.69KB
|     predicates: tpcds_partitioned_parquet_snap.household_demographics.hd_dep_count = CAST(1 AS INT) OR tpcds_partitioned_parquet_snap.household_demographics.hd_vehicle_count = CAST(-1 AS INT)
|     stored statistics:
|       table: rows=7.20K size=41.69KB
|       columns: all
|     extrapolated-rows=disabled max-scan-range-rows=7.20K
|     mem-estimate=16.00MB mem-reservation=64.00KB thread-reservation=0
|     tuple-ids=12 row-size=12B cardinality=1.80K cost=1446
|     in pipelines: 08(GETNEXT)
|
07:HASH JOIN [INNER JOIN, BROADCAST]
|  hash-table-id=04
|  hash predicates: tpcds_partitioned_parquet_snap.store_sales.ss_sold_date_sk = tpcds_partitioned_parquet_snap.date_dim.d_date_sk
|  fk/pk conjuncts: tpcds_partitioned_parquet_snap.store_sales.ss_sold_date_sk = tpcds_partitioned_parquet_snap.date_dim.d_date_sk
|  mem-estimate=0B mem-reservation=0B spill-buffer=64.00KB thread-reservation=0
|  tuple-ids=6,8,10 row-size=77B cardinality=74.84M cost=33209678
|  in pipelines: 03(GETNEXT), 06(OPEN)
|
|--F16:PLAN FRAGMENT [RANDOM] hosts=10 instances=10
|  |  Per-Instance Resources: mem-estimate=24.27MB mem-reservation=24.25MB thread-reservation=1 runtime-filters-memory=1.00MB
|  |  max-parallelism=10 segment-costs=[812]
|  JOIN BUILD
|  |  join-table-id=04 plan-id=05 cohort-id=01
|  |  build expressions: tpcds_partitioned_parquet_snap.date_dim.d_date_sk
|  |  runtime filters: RF008[bloom] <- tpcds_partitioned_parquet_snap.date_dim.d_date_sk
|  |  mem-estimate=23.25MB mem-reservation=23.25MB spill-buffer=64.00KB thread-reservation=0 cost=352
|  |
|  16:EXCHANGE [BROADCAST]
|  |  mem-estimate=16.00KB mem-reservation=0B thread-reservation=0
|  |  tuple-ids=10 row-size=12B cardinality=352 cost=460
|  |  in pipelines: 06(GETNEXT)
|  |
|  F02:PLAN FRAGMENT [RANDOM] hosts=1 instances=1
|  Per-Instance Resources: mem-estimate=16.06MB mem-reservation=512.00KB thread-reservation=1
|  max-parallelism=1 segment-costs=[18799]
|  06:SCAN HDFS [tpcds_partitioned_parquet_snap.date_dim, RANDOM]
|     HDFS partitions=1/1 files=1 size=2.17MB
|     predicates: tpcds_partitioned_parquet_snap.date_dim.d_dom <= CAST(2 AS INT), tpcds_partitioned_parquet_snap.date_dim.d_dom >= CAST(1 AS INT), tpcds_partitioned_parquet_snap.date_dim.d_year = CAST(1998 AS INT) OR tpcds_partitioned_parquet_snap.date_dim.d_year = add(CAST(1998 AS INT), CAST(1 AS INT)) OR tpcds_partitioned_parquet_snap.date_dim.d_year = add(CAST(1998 AS INT), CAST(2 AS INT))
|     stored statistics:
|       table: rows=73.05K size=2.17MB
|       columns: all
|     extrapolated-rows=disabled max-scan-range-rows=73.05K
|     parquet statistics predicates: tpcds_partitioned_parquet_snap.date_dim.d_dom <= CAST(2 AS INT), tpcds_partitioned_parquet_snap.date_dim.d_dom >= CAST(1 AS INT)
|     parquet dictionary predicates: tpcds_partitioned_parquet_snap.date_dim.d_dom <= CAST(2 AS INT), tpcds_partitioned_parquet_snap.date_dim.d_dom >= CAST(1 AS INT), tpcds_partitioned_parquet_snap.date_dim.d_year = CAST(1998 AS INT) OR tpcds_partitioned_parquet_snap.date_dim.d_year = add(CAST(1998 AS INT), CAST(1 AS INT)) OR tpcds_partitioned_parquet_snap.date_dim.d_year = add(CAST(1998 AS INT), CAST(2 AS INT))
|     mem-estimate=16.00MB mem-reservation=512.00KB thread-reservation=0
|     tuple-ids=10 row-size=12B cardinality=352 cost=18780
|     in pipelines: 06(GETNEXT)
|
05:HASH JOIN [INNER JOIN, BROADCAST]
|  hash-table-id=05
|  hash predicates: tpcds_partitioned_parquet_snap.store_sales.ss_store_sk = tpcds_partitioned_parquet_snap.store.s_store_sk
|  fk/pk conjuncts: tpcds_partitioned_parquet_snap.store_sales.ss_store_sk = tpcds_partitioned_parquet_snap.store.s_store_sk
|  mem-estimate=0B mem-reservation=0B spill-buffer=64.00KB thread-reservation=0
|  tuple-ids=6,8 row-size=65B cardinality=76.60M(filtered from 387.82M) cost=89921129
|  in pipelines: 03(GETNEXT), 04(OPEN)
|
|--F17:PLAN FRAGMENT [RANDOM] hosts=10 instances=10
|  |  Per-Instance Resources: mem-estimate=24.27MB mem-reservation=24.25MB thread-reservation=1 runtime-filters-memory=1.00MB
|  |  max-parallelism=10 segment-costs=[60]
|  JOIN BUILD
|  |  join-table-id=05 plan-id=06 cohort-id=01
|  |  build expressions: tpcds_partitioned_parquet_snap.store.s_store_sk
|  |  runtime filters: RF010[bloom] <- tpcds_partitioned_parquet_snap.store.s_store_sk, RF011[min_max] <- tpcds_partitioned_parquet_snap.store.s_store_sk
|  |  mem-estimate=23.25MB mem-reservation=23.25MB spill-buffer=64.00KB thread-reservation=0 cost=30
|  |
|  15:EXCHANGE [BROADCAST]
|  |  mem-estimate=16.00KB mem-reservation=0B thread-reservation=0
|  |  tuple-ids=8 row-size=25B cardinality=30 cost=30
|  |  in pipelines: 04(GETNEXT)
|  |
|  F01:PLAN FRAGMENT [RANDOM] hosts=1 instances=1
|  Per-Instance Resources: mem-estimate=16.11MB mem-reservation=16.00KB thread-reservation=1
|  max-parallelism=1 segment-costs=[294]
|  04:SCAN HDFS [tpcds_partitioned_parquet_snap.store, RANDOM]
|     HDFS partitions=1/1 files=1 size=119.76KB
|     predicates: tpcds_partitioned_parquet_snap.store.s_city = 'Bethel' OR tpcds_partitioned_parquet_snap.store.s_city = 'Summit'
|     stored statistics:
|       table: rows=1.35K size=119.76KB
|       columns: all
|     extrapolated-rows=disabled max-scan-range-rows=1.35K
|     parquet dictionary predicates: tpcds_partitioned_parquet_snap.store.s_city = 'Bethel' OR tpcds_partitioned_parquet_snap.store.s_city = 'Summit'
|     mem-estimate=16.00MB mem-reservation=16.00KB thread-reservation=0
|     tuple-ids=8 row-size=25B cardinality=30 cost=292
|     in pipelines: 04(GETNEXT)
|
03:SCAN HDFS [tpcds_partitioned_parquet_snap.store_sales, RANDOM]
   HDFS partitions=1824/1824 files=1824 size=389.90GB
   runtime filters: RF011[min_max] -> tpcds_partitioned_parquet_snap.store_sales.ss_store_sk, RF007[min_max] -> tpcds_partitioned_parquet_snap.store_sales.ss_hdemo_sk, RF003[min_max] -> tpcds_partitioned_parquet_snap.store_sales.ss_customer_sk, RF005[min_max] -> tpcds_partitioned_parquet_snap.store_sales.ss_addr_sk, RF010[bloom] -> tpcds_partitioned_parquet_snap.store_sales.ss_store_sk, RF008[bloom] -> tpcds_partitioned_parquet_snap.store_sales.ss_sold_date_sk, RF006[bloom] -> tpcds_partitioned_parquet_snap.store_sales.ss_hdemo_sk, RF002[bloom] -> tpcds_partitioned_parquet_snap.store_sales.ss_customer_sk, RF004[bloom] -> tpcds_partitioned_parquet_snap.store_sales.ss_addr_sk
   stored statistics:
     table: rows=8.64G size=389.90GB
     partitions: 1824/1824 rows=8.64G
     columns: all
   extrapolated-rows=disabled max-scan-range-rows=390.22M est-scan-range=352(filtered from 1824)
   mem-estimate=16.00MB mem-reservation=8.00MB thread-reservation=0
   tuple-ids=6 row-size=40B cardinality=76.60M(filtered from 8.64G) cost=960397007
   in pipelines: 03(GETNEXT)
====
