# TPCDS-Q91
# start query 91 in stream 0 using template query91.tpl using seed 1610635104
select
        cc_call_center_id Call_Center,
        cc_name Call_Center_Name,
        cc_manager Manager,
        sum(cr_net_loss) Returns_Loss
from
        call_center,
        catalog_returns,
        date_dim,
        customer,
        customer_address,
        customer_demographics,
        household_demographics
where
        cr_call_center_sk       = cc_call_center_sk
and     cr_returned_date_sk     = d_date_sk
and     cr_returning_customer_sk= c_customer_sk
and     cd_demo_sk              = c_current_cdemo_sk
and     hd_demo_sk              = c_current_hdemo_sk
and     ca_address_sk           = c_current_addr_sk
and     d_year                  = 2002
and     d_moy                   = 11
and     ( (cd_marital_status       = 'M' and cd_education_status     = 'Unknown')
        or(cd_marital_status       = 'W' and cd_education_status     = 'Advanced Degree'))
and     hd_buy_potential like '5001-10000%'
and     ca_gmt_offset           = -6
group by cc_call_center_id,cc_name,cc_manager,cd_marital_status,cd_education_status
order by sum(cr_net_loss) desc

# end query 91 in stream 0 using template query91.tpl
---- PLAN
Max Per-Host Resource Reservation: Memory=121.34MB Threads=1
Per-Host Resource Estimates: Memory=1.42GB
F00:PLAN FRAGMENT [UNPARTITIONED] hosts=1 instances=1
|  Per-Instance Resources: mem-estimate=1.42GB mem-reservation=121.34MB thread-reservation=1 runtime-filters-memory=22.00MB
|  max-parallelism=1 segment-costs=[76929610, 7558, 6720]
PLAN-ROOT SINK
|  output exprs: tpcds_partitioned_parquet_snap.call_center.cc_call_center_id, tpcds_partitioned_parquet_snap.call_center.cc_name, tpcds_partitioned_parquet_snap.call_center.cc_manager, sum(tpcds_partitioned_parquet_snap.catalog_returns.cr_net_loss)
|  mem-estimate=4.00MB mem-reservation=4.00MB spill-buffer=2.00MB thread-reservation=0 cost=6720
|
14:SORT
|  order by: sum(tpcds_partitioned_parquet_snap.catalog_returns.cr_net_loss) DESC NULLS FIRST
|  mem-estimate=12.00MB mem-reservation=12.00MB spill-buffer=2.00MB thread-reservation=0
|  tuple-ids=15 row-size=94B cardinality=1.68K cost=7558
|  in pipelines: 14(GETNEXT), 13(OPEN)
|
13:AGGREGATE [FINALIZE]
|  output: sum(tpcds_partitioned_parquet_snap.catalog_returns.cr_net_loss)
|  group by: tpcds_partitioned_parquet_snap.call_center.cc_call_center_id, tpcds_partitioned_parquet_snap.call_center.cc_name, tpcds_partitioned_parquet_snap.call_center.cc_manager, tpcds_partitioned_parquet_snap.customer_demographics.cd_marital_status, tpcds_partitioned_parquet_snap.customer_demographics.cd_education_status
|  mem-estimate=10.00MB mem-reservation=8.50MB spill-buffer=512.00KB thread-reservation=0
|  tuple-ids=14 row-size=129B cardinality=1.68K cost=50332
|  in pipelines: 13(GETNEXT), 01(OPEN)
|
12:HASH JOIN [INNER JOIN]
|  hash predicates: tpcds_partitioned_parquet_snap.customer.c_current_hdemo_sk = tpcds_partitioned_parquet_snap.household_demographics.hd_demo_sk
|  fk/pk conjuncts: tpcds_partitioned_parquet_snap.customer.c_current_hdemo_sk = tpcds_partitioned_parquet_snap.household_demographics.hd_demo_sk
|  runtime filters: RF000[bloom] <- tpcds_partitioned_parquet_snap.household_demographics.hd_demo_sk, RF001[min_max] <- tpcds_partitioned_parquet_snap.household_demographics.hd_demo_sk
|  mem-estimate=1.94MB mem-reservation=1.94MB spill-buffer=64.00KB thread-reservation=0
|  tuple-ids=2,4,0,6,8,10,12 row-size=196B cardinality=31.09K cost=88056
|  in pipelines: 01(GETNEXT), 11(OPEN)
|
|--11:SCAN HDFS [tpcds_partitioned_parquet_snap.household_demographics]
|     HDFS partitions=1/1 files=1 size=41.69KB
|     predicates: like(tpcds_partitioned_parquet_snap.household_demographics.hd_buy_potential, '5001-10000%')
|     stored statistics:
|       table: rows=7.20K size=41.69KB
|       columns: all
|     extrapolated-rows=disabled max-scan-range-rows=7.20K
|     parquet dictionary predicates: like(tpcds_partitioned_parquet_snap.household_demographics.hd_buy_potential, '5001-10000%')
|     mem-estimate=16.00MB mem-reservation=64.00KB thread-reservation=0
|     tuple-ids=12 row-size=24B cardinality=720 cost=1394
|     in pipelines: 11(GETNEXT)
|
10:HASH JOIN [INNER JOIN]
|  hash predicates: tpcds_partitioned_parquet_snap.customer.c_current_cdemo_sk = tpcds_partitioned_parquet_snap.customer_demographics.cd_demo_sk
|  fk/pk conjuncts: tpcds_partitioned_parquet_snap.customer.c_current_cdemo_sk = tpcds_partitioned_parquet_snap.customer_demographics.cd_demo_sk
|  runtime filters: RF002[bloom] <- tpcds_partitioned_parquet_snap.customer_demographics.cd_demo_sk, RF003[min_max] <- tpcds_partitioned_parquet_snap.customer_demographics.cd_demo_sk
|  mem-estimate=17.00MB mem-reservation=17.00MB spill-buffer=1.00MB thread-reservation=0
|  tuple-ids=2,4,0,6,8,10 row-size=173B cardinality=318.53K cost=1264159
|  in pipelines: 01(GETNEXT), 09(OPEN)
|
|--09:SCAN HDFS [tpcds_partitioned_parquet_snap.customer_demographics]
|     HDFS partitions=1/1 files=1 size=11.15MB
|     predicates: tpcds_partitioned_parquet_snap.customer_demographics.cd_education_status = 'Advanced Degree' OR tpcds_partitioned_parquet_snap.customer_demographics.cd_education_status = 'Unknown', tpcds_partitioned_parquet_snap.customer_demographics.cd_education_status = 'Unknown' OR tpcds_partitioned_parquet_snap.customer_demographics.cd_marital_status = 'W', tpcds_partitioned_parquet_snap.customer_demographics.cd_marital_status = 'M' OR tpcds_partitioned_parquet_snap.customer_demographics.cd_education_status = 'Advanced Degree', tpcds_partitioned_parquet_snap.customer_demographics.cd_marital_status = 'M' OR tpcds_partitioned_parquet_snap.customer_demographics.cd_marital_status = 'W'
|     stored statistics:
|       table: rows=1.92M size=11.15MB
|       columns: all
|     extrapolated-rows=disabled max-scan-range-rows=197.97K
|     parquet dictionary predicates: tpcds_partitioned_parquet_snap.customer_demographics.cd_education_status = 'Advanced Degree' OR tpcds_partitioned_parquet_snap.customer_demographics.cd_education_status = 'Unknown', tpcds_partitioned_parquet_snap.customer_demographics.cd_marital_status = 'M' OR tpcds_partitioned_parquet_snap.customer_demographics.cd_marital_status = 'W'
|     mem-estimate=16.00MB mem-reservation=1.00MB thread-reservation=0
|     tuple-ids=10 row-size=39B cardinality=150.46K cost=618936
|     in pipelines: 09(GETNEXT)
|
08:HASH JOIN [INNER JOIN]
|  hash predicates: tpcds_partitioned_parquet_snap.catalog_returns.cr_call_center_sk = tpcds_partitioned_parquet_snap.call_center.cc_call_center_sk
|  fk/pk conjuncts: tpcds_partitioned_parquet_snap.catalog_returns.cr_call_center_sk = tpcds_partitioned_parquet_snap.call_center.cc_call_center_sk
|  runtime filters: RF004[bloom] <- tpcds_partitioned_parquet_snap.call_center.cc_call_center_sk, RF005[min_max] <- tpcds_partitioned_parquet_snap.call_center.cc_call_center_sk
|  mem-estimate=1.94MB mem-reservation=1.94MB spill-buffer=64.00KB thread-reservation=0
|  tuple-ids=2,4,0,6,8 row-size=134B cardinality=4.12M cost=1802017
|  in pipelines: 01(GETNEXT), 07(OPEN)
|
|--07:SCAN HDFS [tpcds_partitioned_parquet_snap.call_center]
|     HDFS partitions=1/1 files=1 size=16.57KB
|     stored statistics:
|       table: rows=48 size=16.57KB
|       columns: all
|     extrapolated-rows=disabled max-scan-range-rows=48
|     mem-estimate=16.00MB mem-reservation=32.00KB thread-reservation=0
|     tuple-ids=8 row-size=82B cardinality=48 cost=31
|     in pipelines: 07(GETNEXT)
|
06:HASH JOIN [INNER JOIN]
|  hash predicates: tpcds_partitioned_parquet_snap.customer.c_current_addr_sk = tpcds_partitioned_parquet_snap.customer_address.ca_address_sk
|  fk/pk conjuncts: tpcds_partitioned_parquet_snap.customer.c_current_addr_sk = tpcds_partitioned_parquet_snap.customer_address.ca_address_sk
|  runtime filters: RF006[bloom] <- tpcds_partitioned_parquet_snap.customer_address.ca_address_sk, RF007[min_max] <- tpcds_partitioned_parquet_snap.customer_address.ca_address_sk
|  mem-estimate=66.50MB mem-reservation=34.00MB spill-buffer=2.00MB thread-reservation=0
|  tuple-ids=2,4,0,6 row-size=52B cardinality=4.12M cost=8980606
|  in pipelines: 01(GETNEXT), 05(OPEN)
|
|--05:SCAN HDFS [tpcds_partitioned_parquet_snap.customer_address]
|     HDFS partitions=1/1 files=1 size=307.36MB
|     predicates: CAST(tpcds_partitioned_parquet_snap.customer_address.ca_gmt_offset AS DECIMAL(12,2)) = CAST(-6 AS DECIMAL(12,2))
|     stored statistics:
|       table: rows=15.00M size=307.36MB
|       columns: all
|     extrapolated-rows=disabled max-scan-range-rows=1.58M
|     parquet dictionary predicates: CAST(tpcds_partitioned_parquet_snap.customer_address.ca_gmt_offset AS DECIMAL(12,2)) = CAST(-6 AS DECIMAL(12,2))
|     mem-estimate=16.00MB mem-reservation=128.00KB thread-reservation=0
|     tuple-ids=6 row-size=8B cardinality=2.43M cost=2149500
|     in pipelines: 05(GETNEXT)
|
04:HASH JOIN [INNER JOIN]
|  hash predicates: tpcds_partitioned_parquet_snap.catalog_returns.cr_returning_customer_sk = tpcds_partitioned_parquet_snap.customer.c_customer_sk
|  fk/pk conjuncts: none
|  runtime filters: RF008[bloom] <- tpcds_partitioned_parquet_snap.customer.c_customer_sk, RF009[min_max] <- tpcds_partitioned_parquet_snap.customer.c_customer_sk
|  mem-estimate=1.20GB mem-reservation=34.00MB spill-buffer=2.00MB thread-reservation=0
|  tuple-ids=2,4,0 row-size=44B cardinality=22.65M cost=39913657
|  in pipelines: 01(GETNEXT), 00(OPEN)
|
|--00:SCAN HDFS [tpcds_partitioned_parquet_snap.customer]
|     HDFS partitions=1/1 files=1 size=1.55GB
|     runtime filters: RF003[min_max] -> tpcds_partitioned_parquet_snap.customer.c_current_cdemo_sk, RF001[min_max] -> tpcds_partitioned_parquet_snap.customer.c_current_hdemo_sk, RF007[min_max] -> tpcds_partitioned_parquet_snap.customer.c_current_addr_sk, RF002[bloom] -> tpcds_partitioned_parquet_snap.customer.c_current_cdemo_sk, RF000[bloom] -> tpcds_partitioned_parquet_snap.customer.c_current_hdemo_sk, RF006[bloom] -> tpcds_partitioned_parquet_snap.customer.c_current_addr_sk
|     stored statistics:
|       table: rows=30.00M size=1.55GB
|       columns: all
|     extrapolated-rows=disabled max-scan-range-rows=3.10M
|     mem-estimate=16.00MB mem-reservation=1.00MB thread-reservation=0
|     tuple-ids=0 row-size=16B cardinality=30.00M cost=6912000
|     in pipelines: 00(GETNEXT)
|
03:HASH JOIN [INNER JOIN]
|  hash predicates: tpcds_partitioned_parquet_snap.catalog_returns.cr_returned_date_sk = tpcds_partitioned_parquet_snap.date_dim.d_date_sk
|  fk/pk conjuncts: tpcds_partitioned_parquet_snap.catalog_returns.cr_returned_date_sk = tpcds_partitioned_parquet_snap.date_dim.d_date_sk
|  runtime filters: RF010[bloom] <- tpcds_partitioned_parquet_snap.date_dim.d_date_sk
|  mem-estimate=1.94MB mem-reservation=1.94MB spill-buffer=64.00KB thread-reservation=0
|  tuple-ids=2,4 row-size=28B cardinality=22.65M cost=9913765
|  in pipelines: 01(GETNEXT), 02(OPEN)
|
|--02:SCAN HDFS [tpcds_partitioned_parquet_snap.date_dim]
|     HDFS partitions=1/1 files=1 size=2.17MB
|     predicates: tpcds_partitioned_parquet_snap.date_dim.d_year = CAST(2002 AS INT), tpcds_partitioned_parquet_snap.date_dim.d_moy = CAST(11 AS INT)
|     stored statistics:
|       table: rows=73.05K size=2.17MB
|       columns: all
|     extrapolated-rows=disabled max-scan-range-rows=73.05K
|     parquet statistics predicates: tpcds_partitioned_parquet_snap.date_dim.d_year = CAST(2002 AS INT), tpcds_partitioned_parquet_snap.date_dim.d_moy = CAST(11 AS INT)
|     parquet dictionary predicates: tpcds_partitioned_parquet_snap.date_dim.d_year = CAST(2002 AS INT), tpcds_partitioned_parquet_snap.date_dim.d_moy = CAST(11 AS INT)
|     mem-estimate=16.00MB mem-reservation=512.00KB thread-reservation=0
|     tuple-ids=4 row-size=12B cardinality=108 cost=16728
|     in pipelines: 02(GETNEXT)
|
01:SCAN HDFS [tpcds_partitioned_parquet_snap.catalog_returns]
   HDFS partitions=2060/2060 files=2060 size=32.77GB
   runtime filters: RF005[min_max] -> tpcds_partitioned_parquet_snap.catalog_returns.cr_call_center_sk, RF009[min_max] -> tpcds_partitioned_parquet_snap.catalog_returns.cr_returning_customer_sk, RF010[bloom] -> tpcds_partitioned_parquet_snap.catalog_returns.cr_returned_date_sk, RF004[bloom] -> tpcds_partitioned_parquet_snap.catalog_returns.cr_call_center_sk, RF008[bloom] -> tpcds_partitioned_parquet_snap.catalog_returns.cr_returning_customer_sk
   stored statistics:
     table: rows=432.02M size=32.77GB
     partitions: 2060/2060 rows=432.02M
     columns: all
   extrapolated-rows=disabled max-scan-range-rows=416.82K est-scan-range=109(filtered from 2060)
   mem-estimate=16.00MB mem-reservation=32.00KB thread-reservation=0
   tuple-ids=2 row-size=16B cardinality=22.65M(filtered from 432.02M) cost=5218429
   in pipelines: 01(GETNEXT)
---- DISTRIBUTEDPLAN
Max Per-Host Resource Reservation: Memory=157.50MB Threads=16
Per-Host Resource Estimates: Memory=450MB
F09:PLAN FRAGMENT [UNPARTITIONED] hosts=1 instances=1
|  Per-Instance Resources: mem-estimate=4.97MB mem-reservation=4.00MB thread-reservation=1
|  max-parallelism=1 segment-costs=[7460] cpu-comparison-result=93 [max(1 (self) vs 93 (sum children))]
PLAN-ROOT SINK
|  output exprs: tpcds_partitioned_parquet_snap.call_center.cc_call_center_id, tpcds_partitioned_parquet_snap.call_center.cc_name, tpcds_partitioned_parquet_snap.call_center.cc_manager, sum(tpcds_partitioned_parquet_snap.catalog_returns.cr_net_loss)
|  mem-estimate=4.00MB mem-reservation=4.00MB spill-buffer=2.00MB thread-reservation=0 cost=6720
|
24:MERGING-EXCHANGE [UNPARTITIONED]
|  order by: sum(tpcds_partitioned_parquet_snap.catalog_returns.cr_net_loss) DESC NULLS FIRST
|  mem-estimate=996.06KB mem-reservation=0B thread-reservation=0
|  tuple-ids=15 row-size=94B cardinality=1.68K cost=740
|  in pipelines: 14(GETNEXT)
|
F08:PLAN FRAGMENT [HASH(tpcds_partitioned_parquet_snap.call_center.cc_call_center_id,tpcds_partitioned_parquet_snap.call_center.cc_name,tpcds_partitioned_parquet_snap.call_center.cc_manager,tpcds_partitioned_parquet_snap.customer_demographics.cd_marital_status,tpcds_partitioned_parquet_snap.customer_demographics.cd_education_status)] hosts=10 instances=10 (adjusted from 120)
Per-Instance Resources: mem-estimate=22.00MB mem-reservation=13.94MB thread-reservation=1
max-parallelism=10 segment-costs=[67671, 7558, 4668] cpu-comparison-result=93 [max(10 (self) vs 93 (sum children))]
14:SORT
|  order by: sum(tpcds_partitioned_parquet_snap.catalog_returns.cr_net_loss) DESC NULLS FIRST
|  mem-estimate=12.00MB mem-reservation=12.00MB spill-buffer=2.00MB thread-reservation=0
|  tuple-ids=15 row-size=94B cardinality=1.68K cost=7558
|  in pipelines: 14(GETNEXT), 23(OPEN)
|
23:AGGREGATE [FINALIZE]
|  output: sum:merge(tpcds_partitioned_parquet_snap.catalog_returns.cr_net_loss)
|  group by: tpcds_partitioned_parquet_snap.call_center.cc_call_center_id, tpcds_partitioned_parquet_snap.call_center.cc_name, tpcds_partitioned_parquet_snap.call_center.cc_manager, tpcds_partitioned_parquet_snap.customer_demographics.cd_marital_status, tpcds_partitioned_parquet_snap.customer_demographics.cd_education_status
|  mem-estimate=10.00MB mem-reservation=1.94MB spill-buffer=64.00KB thread-reservation=0
|  tuple-ids=14 row-size=129B cardinality=1.68K cost=47346
|  in pipelines: 23(GETNEXT), 01(OPEN)
|
22:EXCHANGE [HASH(tpcds_partitioned_parquet_snap.call_center.cc_call_center_id,tpcds_partitioned_parquet_snap.call_center.cc_name,tpcds_partitioned_parquet_snap.call_center.cc_manager,tpcds_partitioned_parquet_snap.customer_demographics.cd_marital_status,tpcds_partitioned_parquet_snap.customer_demographics.cd_education_status)]
|  mem-estimate=1.65MB mem-reservation=0B thread-reservation=0
|  tuple-ids=14 row-size=129B cardinality=28.92K cost=20325
|  in pipelines: 01(GETNEXT)
|
F03:PLAN FRAGMENT [HASH(tpcds_partitioned_parquet_snap.catalog_returns.cr_returning_customer_sk)] hosts=10 instances=10 (adjusted from 120)
Per-Instance Resources: mem-estimate=25.53MB mem-reservation=2.00MB thread-reservation=1
max-parallelism=10 segment-costs=[25913015, 254473] cpu-comparison-result=93 [max(20 (self) vs 93 (sum children))]
13:AGGREGATE [STREAMING]
|  output: sum(tpcds_partitioned_parquet_snap.catalog_returns.cr_net_loss)
|  group by: tpcds_partitioned_parquet_snap.call_center.cc_call_center_id, tpcds_partitioned_parquet_snap.call_center.cc_name, tpcds_partitioned_parquet_snap.call_center.cc_manager, tpcds_partitioned_parquet_snap.customer_demographics.cd_marital_status, tpcds_partitioned_parquet_snap.customer_demographics.cd_education_status
|  mem-estimate=10.00MB mem-reservation=2.00MB spill-buffer=64.00KB thread-reservation=0
|  tuple-ids=14 row-size=129B cardinality=28.92K cost=173689
|  in pipelines: 01(GETNEXT)
|
12:HASH JOIN [INNER JOIN, BROADCAST]
|  hash-table-id=00
|  hash predicates: tpcds_partitioned_parquet_snap.customer.c_current_hdemo_sk = tpcds_partitioned_parquet_snap.household_demographics.hd_demo_sk
|  fk/pk conjuncts: tpcds_partitioned_parquet_snap.customer.c_current_hdemo_sk = tpcds_partitioned_parquet_snap.household_demographics.hd_demo_sk
|  mem-estimate=0B mem-reservation=0B spill-buffer=64.00KB thread-reservation=0
|  tuple-ids=2,4,0,6,8,10,12 row-size=196B cardinality=31.09K cost=87336
|  in pipelines: 01(GETNEXT), 11(OPEN)
|
|--F10:PLAN FRAGMENT [HASH(tpcds_partitioned_parquet_snap.catalog_returns.cr_returning_customer_sk)] hosts=10 instances=10
|  |  Per-Instance Resources: mem-estimate=2.97MB mem-reservation=2.94MB thread-reservation=1 runtime-filters-memory=1.00MB
|  |  max-parallelism=10 segment-costs=[1670]
|  JOIN BUILD
|  |  join-table-id=00 plan-id=01 cohort-id=01
|  |  build expressions: tpcds_partitioned_parquet_snap.household_demographics.hd_demo_sk
|  |  runtime filters: RF000[bloom] <- tpcds_partitioned_parquet_snap.household_demographics.hd_demo_sk, RF001[min_max] <- tpcds_partitioned_parquet_snap.household_demographics.hd_demo_sk
|  |  mem-estimate=1.94MB mem-reservation=1.94MB spill-buffer=64.00KB thread-reservation=0 cost=720
|  |
|  21:EXCHANGE [BROADCAST]
|  |  mem-estimate=35.86KB mem-reservation=0B thread-reservation=0
|  |  tuple-ids=12 row-size=24B cardinality=720 cost=950
|  |  in pipelines: 11(GETNEXT)
|  |
|  F07:PLAN FRAGMENT [RANDOM] hosts=1 instances=1
|  Per-Instance Resources: mem-estimate=16.11MB mem-reservation=64.00KB thread-reservation=1
|  max-parallelism=1 segment-costs=[1455]
|  11:SCAN HDFS [tpcds_partitioned_parquet_snap.household_demographics, RANDOM]
|     HDFS partitions=1/1 files=1 size=41.69KB
|     predicates: like(tpcds_partitioned_parquet_snap.household_demographics.hd_buy_potential, '5001-10000%')
|     stored statistics:
|       table: rows=7.20K size=41.69KB
|       columns: all
|     extrapolated-rows=disabled max-scan-range-rows=7.20K
|     parquet dictionary predicates: like(tpcds_partitioned_parquet_snap.household_demographics.hd_buy_potential, '5001-10000%')
|     mem-estimate=16.00MB mem-reservation=64.00KB thread-reservation=0
|     tuple-ids=12 row-size=24B cardinality=720 cost=1394
|     in pipelines: 11(GETNEXT)
|
10:HASH JOIN [INNER JOIN, BROADCAST]
|  hash-table-id=01
|  hash predicates: tpcds_partitioned_parquet_snap.customer.c_current_cdemo_sk = tpcds_partitioned_parquet_snap.customer_demographics.cd_demo_sk
|  fk/pk conjuncts: tpcds_partitioned_parquet_snap.customer.c_current_cdemo_sk = tpcds_partitioned_parquet_snap.customer_demographics.cd_demo_sk
|  mem-estimate=0B mem-reservation=0B spill-buffer=1.00MB thread-reservation=0
|  tuple-ids=2,4,0,6,8,10 row-size=173B cardinality=318.53K cost=1113703
|  in pipelines: 01(GETNEXT), 09(OPEN)
|
|--F11:PLAN FRAGMENT [HASH(tpcds_partitioned_parquet_snap.catalog_returns.cr_returning_customer_sk)] hosts=10 instances=10
|  |  Per-Instance Resources: mem-estimate=23.95MB mem-reservation=18.00MB thread-reservation=1 runtime-filters-memory=1.00MB
|  |  max-parallelism=10 segment-costs=[350406]
|  JOIN BUILD
|  |  join-table-id=01 plan-id=02 cohort-id=01
|  |  build expressions: tpcds_partitioned_parquet_snap.customer_demographics.cd_demo_sk
|  |  runtime filters: RF002[bloom] <- tpcds_partitioned_parquet_snap.customer_demographics.cd_demo_sk, RF003[min_max] <- tpcds_partitioned_parquet_snap.customer_demographics.cd_demo_sk
|  |  mem-estimate=17.00MB mem-reservation=17.00MB spill-buffer=1.00MB thread-reservation=0 cost=150456
|  |
|  20:EXCHANGE [BROADCAST]
|  |  mem-estimate=5.95MB mem-reservation=0B thread-reservation=0
|  |  tuple-ids=10 row-size=39B cardinality=150.46K cost=199950
|  |  in pipelines: 09(GETNEXT)
|  |
|  F06:PLAN FRAGMENT [RANDOM] hosts=10 instances=10
|  Per-Instance Resources: mem-estimate=16.17MB mem-reservation=1.00MB thread-reservation=1
|  max-parallelism=10 segment-costs=[637854]
|  09:SCAN HDFS [tpcds_partitioned_parquet_snap.customer_demographics, RANDOM]
|     HDFS partitions=1/1 files=1 size=11.15MB
|     predicates: tpcds_partitioned_parquet_snap.customer_demographics.cd_education_status = 'Advanced Degree' OR tpcds_partitioned_parquet_snap.customer_demographics.cd_education_status = 'Unknown', tpcds_partitioned_parquet_snap.customer_demographics.cd_education_status = 'Unknown' OR tpcds_partitioned_parquet_snap.customer_demographics.cd_marital_status = 'W', tpcds_partitioned_parquet_snap.customer_demographics.cd_marital_status = 'M' OR tpcds_partitioned_parquet_snap.customer_demographics.cd_education_status = 'Advanced Degree', tpcds_partitioned_parquet_snap.customer_demographics.cd_marital_status = 'M' OR tpcds_partitioned_parquet_snap.customer_demographics.cd_marital_status = 'W'
|     stored statistics:
|       table: rows=1.92M size=11.15MB
|       columns: all
|     extrapolated-rows=disabled max-scan-range-rows=197.97K
|     parquet dictionary predicates: tpcds_partitioned_parquet_snap.customer_demographics.cd_education_status = 'Advanced Degree' OR tpcds_partitioned_parquet_snap.customer_demographics.cd_education_status = 'Unknown', tpcds_partitioned_parquet_snap.customer_demographics.cd_marital_status = 'M' OR tpcds_partitioned_parquet_snap.customer_demographics.cd_marital_status = 'W'
|     mem-estimate=16.00MB mem-reservation=1.00MB thread-reservation=0
|     tuple-ids=10 row-size=39B cardinality=150.46K cost=618936
|     in pipelines: 09(GETNEXT)
|
08:HASH JOIN [INNER JOIN, BROADCAST]
|  hash-table-id=02
|  hash predicates: tpcds_partitioned_parquet_snap.catalog_returns.cr_call_center_sk = tpcds_partitioned_parquet_snap.call_center.cc_call_center_sk
|  fk/pk conjuncts: tpcds_partitioned_parquet_snap.catalog_returns.cr_call_center_sk = tpcds_partitioned_parquet_snap.call_center.cc_call_center_sk
|  mem-estimate=0B mem-reservation=0B spill-buffer=64.00KB thread-reservation=0
|  tuple-ids=2,4,0,6,8 row-size=134B cardinality=4.12M cost=1801969
|  in pipelines: 01(GETNEXT), 07(OPEN)
|
|--F12:PLAN FRAGMENT [HASH(tpcds_partitioned_parquet_snap.catalog_returns.cr_returning_customer_sk)] hosts=10 instances=10
|  |  Per-Instance Resources: mem-estimate=2.95MB mem-reservation=2.94MB thread-reservation=1 runtime-filters-memory=1.00MB
|  |  max-parallelism=10 segment-costs=[108]
|  JOIN BUILD
|  |  join-table-id=02 plan-id=03 cohort-id=01
|  |  build expressions: tpcds_partitioned_parquet_snap.call_center.cc_call_center_sk
|  |  runtime filters: RF004[bloom] <- tpcds_partitioned_parquet_snap.call_center.cc_call_center_sk, RF005[min_max] <- tpcds_partitioned_parquet_snap.call_center.cc_call_center_sk
|  |  mem-estimate=1.94MB mem-reservation=1.94MB spill-buffer=64.00KB thread-reservation=0 cost=48
|  |
|  19:EXCHANGE [BROADCAST]
|  |  mem-estimate=16.00KB mem-reservation=0B thread-reservation=0
|  |  tuple-ids=8 row-size=82B cardinality=48 cost=60
|  |  in pipelines: 07(GETNEXT)
|  |
|  F05:PLAN FRAGMENT [RANDOM] hosts=1 instances=1
|  Per-Instance Resources: mem-estimate=16.34MB mem-reservation=32.00KB thread-reservation=1
|  max-parallelism=1 segment-costs=[42]
|  07:SCAN HDFS [tpcds_partitioned_parquet_snap.call_center, RANDOM]
|     HDFS partitions=1/1 files=1 size=16.57KB
|     stored statistics:
|       table: rows=48 size=16.57KB
|       columns: all
|     extrapolated-rows=disabled max-scan-range-rows=48
|     mem-estimate=16.00MB mem-reservation=32.00KB thread-reservation=0
|     tuple-ids=8 row-size=82B cardinality=48 cost=31
|     in pipelines: 07(GETNEXT)
|
06:HASH JOIN [INNER JOIN, BROADCAST]
|  hash-table-id=03
|  hash predicates: tpcds_partitioned_parquet_snap.customer.c_current_addr_sk = tpcds_partitioned_parquet_snap.customer_address.ca_address_sk
|  fk/pk conjuncts: tpcds_partitioned_parquet_snap.customer.c_current_addr_sk = tpcds_partitioned_parquet_snap.customer_address.ca_address_sk
|  mem-estimate=0B mem-reservation=0B spill-buffer=2.00MB thread-reservation=0
|  tuple-ids=2,4,0,6 row-size=52B cardinality=4.12M cost=6555563
|  in pipelines: 01(GETNEXT), 05(OPEN)
|
|--F13:PLAN FRAGMENT [HASH(tpcds_partitioned_parquet_snap.catalog_returns.cr_returning_customer_sk)] hosts=10 instances=10
|  |  Per-Instance Resources: mem-estimate=78.62MB mem-reservation=36.00MB thread-reservation=1 runtime-filters-memory=2.00MB
|  |  max-parallelism=10 segment-costs=[5647923]
|  JOIN BUILD
|  |  join-table-id=03 plan-id=04 cohort-id=01
|  |  build expressions: tpcds_partitioned_parquet_snap.customer_address.ca_address_sk
|  |  runtime filters: RF006[bloom] <- tpcds_partitioned_parquet_snap.customer_address.ca_address_sk, RF007[min_max] <- tpcds_partitioned_parquet_snap.customer_address.ca_address_sk
|  |  mem-estimate=66.50MB mem-reservation=34.00MB spill-buffer=2.00MB thread-reservation=0 cost=2425043
|  |
|  18:EXCHANGE [BROADCAST]
|  |  mem-estimate=10.12MB mem-reservation=0B thread-reservation=0
|  |  tuple-ids=6 row-size=8B cardinality=2.43M cost=3222880
|  |  in pipelines: 05(GETNEXT)
|  |
|  F04:PLAN FRAGMENT [RANDOM] hosts=10 instances=10
|  Per-Instance Resources: mem-estimate=16.05MB mem-reservation=128.00KB thread-reservation=1
|  max-parallelism=10 segment-costs=[2254261]
|  05:SCAN HDFS [tpcds_partitioned_parquet_snap.customer_address, RANDOM]
|     HDFS partitions=1/1 files=1 size=307.36MB
|     predicates: CAST(tpcds_partitioned_parquet_snap.customer_address.ca_gmt_offset AS DECIMAL(12,2)) = CAST(-6 AS DECIMAL(12,2))
|     stored statistics:
|       table: rows=15.00M size=307.36MB
|       columns: all
|     extrapolated-rows=disabled max-scan-range-rows=1.58M
|     parquet dictionary predicates: CAST(tpcds_partitioned_parquet_snap.customer_address.ca_gmt_offset AS DECIMAL(12,2)) = CAST(-6 AS DECIMAL(12,2))
|     mem-estimate=16.00MB mem-reservation=128.00KB thread-reservation=0
|     tuple-ids=6 row-size=8B cardinality=2.43M cost=2149500
|     in pipelines: 05(GETNEXT)
|
04:HASH JOIN [INNER JOIN, PARTITIONED]
|  hash-table-id=04
|  hash predicates: tpcds_partitioned_parquet_snap.catalog_returns.cr_returning_customer_sk = tpcds_partitioned_parquet_snap.customer.c_customer_sk
|  fk/pk conjuncts: none
|  mem-estimate=0B mem-reservation=0B spill-buffer=2.00MB thread-reservation=0
|  tuple-ids=2,4,0 row-size=44B cardinality=22.65M cost=9913657
|  in pipelines: 01(GETNEXT), 00(OPEN)
|
|--F14:PLAN FRAGMENT [HASH(tpcds_partitioned_parquet_snap.catalog_returns.cr_returning_customer_sk)] hosts=10 instances=10 (adjusted from 120)
|  |  Per-Instance Resources: mem-estimate=148.77MB mem-reservation=50.00MB thread-reservation=1 runtime-filters-memory=16.00MB
|  |  max-parallelism=10 segment-costs=[35541000]
|  JOIN BUILD
|  |  join-table-id=04 plan-id=05 cohort-id=01
|  |  build expressions: tpcds_partitioned_parquet_snap.customer.c_customer_sk
|  |  runtime filters: RF008[bloom] <- tpcds_partitioned_parquet_snap.customer.c_customer_sk, RF009[min_max] <- tpcds_partitioned_parquet_snap.customer.c_customer_sk
|  |  mem-estimate=122.58MB mem-reservation=34.00MB spill-buffer=2.00MB thread-reservation=0 cost=30000000
|  |
|  17:EXCHANGE [HASH(tpcds_partitioned_parquet_snap.customer.c_customer_sk)]
|  |  mem-estimate=10.20MB mem-reservation=0B thread-reservation=0
|  |  tuple-ids=0 row-size=16B cardinality=30.00M cost=5541000
|  |  in pipelines: 00(GETNEXT)
|  |
|  F02:PLAN FRAGMENT [RANDOM] hosts=10 instances=10
|  Per-Host Shared Resources: mem-estimate=4.00MB mem-reservation=4.00MB thread-reservation=0 runtime-filters-memory=4.00MB
|  Per-Instance Resources: mem-estimate=16.78MB mem-reservation=1.00MB thread-reservation=1
|  max-parallelism=10 segment-costs=[53280000]
|  00:SCAN HDFS [tpcds_partitioned_parquet_snap.customer, RANDOM]
|     HDFS partitions=1/1 files=1 size=1.55GB
|     runtime filters: RF003[min_max] -> tpcds_partitioned_parquet_snap.customer.c_current_cdemo_sk, RF001[min_max] -> tpcds_partitioned_parquet_snap.customer.c_current_hdemo_sk, RF007[min_max] -> tpcds_partitioned_parquet_snap.customer.c_current_addr_sk, RF002[bloom] -> tpcds_partitioned_parquet_snap.customer.c_current_cdemo_sk, RF000[bloom] -> tpcds_partitioned_parquet_snap.customer.c_current_hdemo_sk, RF006[bloom] -> tpcds_partitioned_parquet_snap.customer.c_current_addr_sk
|     stored statistics:
|       table: rows=30.00M size=1.55GB
|       columns: all
|     extrapolated-rows=disabled max-scan-range-rows=3.10M
|     mem-estimate=16.00MB mem-reservation=1.00MB thread-reservation=0
|     tuple-ids=0 row-size=16B cardinality=30.00M cost=6912000
|     in pipelines: 00(GETNEXT)
|
16:EXCHANGE [HASH(tpcds_partitioned_parquet_snap.catalog_returns.cr_returning_customer_sk)]
|  mem-estimate=10.35MB mem-reservation=0B thread-reservation=0
|  tuple-ids=2,4 row-size=28B cardinality=22.65M cost=6267098
|  in pipelines: 01(GETNEXT)
|
F00:PLAN FRAGMENT [RANDOM] hosts=10 instances=10 (adjusted from 120)
Per-Host Shared Resources: mem-estimate=18.00MB mem-reservation=18.00MB thread-reservation=0 runtime-filters-memory=18.00MB
Per-Instance Resources: mem-estimate=17.41MB mem-reservation=32.00KB thread-reservation=1
max-parallelism=10 segment-costs=[79311525]
03:HASH JOIN [INNER JOIN, BROADCAST]
|  hash-table-id=05
|  hash predicates: tpcds_partitioned_parquet_snap.catalog_returns.cr_returned_date_sk = tpcds_partitioned_parquet_snap.date_dim.d_date_sk
|  fk/pk conjuncts: tpcds_partitioned_parquet_snap.catalog_returns.cr_returned_date_sk = tpcds_partitioned_parquet_snap.date_dim.d_date_sk
|  mem-estimate=0B mem-reservation=0B spill-buffer=64.00KB thread-reservation=0
|  tuple-ids=2,4 row-size=28B cardinality=22.65M cost=9913657
|  in pipelines: 01(GETNEXT), 02(OPEN)
|
|--F15:PLAN FRAGMENT [RANDOM] hosts=10 instances=10
|  |  Per-Instance Resources: mem-estimate=2.95MB mem-reservation=2.94MB thread-reservation=1 runtime-filters-memory=1.00MB
|  |  max-parallelism=10 segment-costs=[248]
|  JOIN BUILD
|  |  join-table-id=05 plan-id=06 cohort-id=01
|  |  build expressions: tpcds_partitioned_parquet_snap.date_dim.d_date_sk
|  |  runtime filters: RF010[bloom] <- tpcds_partitioned_parquet_snap.date_dim.d_date_sk
|  |  mem-estimate=1.94MB mem-reservation=1.94MB spill-buffer=64.00KB thread-reservation=0 cost=108
|  |
|  15:EXCHANGE [BROADCAST]
|  |  mem-estimate=16.00KB mem-reservation=0B thread-reservation=0
|  |  tuple-ids=4 row-size=12B cardinality=108 cost=140
|  |  in pipelines: 02(GETNEXT)
|  |
|  F01:PLAN FRAGMENT [RANDOM] hosts=1 instances=1
|  Per-Instance Resources: mem-estimate=16.06MB mem-reservation=512.00KB thread-reservation=1
|  max-parallelism=1 segment-costs=[16733]
|  02:SCAN HDFS [tpcds_partitioned_parquet_snap.date_dim, RANDOM]
|     HDFS partitions=1/1 files=1 size=2.17MB
|     predicates: tpcds_partitioned_parquet_snap.date_dim.d_year = CAST(2002 AS INT), tpcds_partitioned_parquet_snap.date_dim.d_moy = CAST(11 AS INT)
|     stored statistics:
|       table: rows=73.05K size=2.17MB
|       columns: all
|     extrapolated-rows=disabled max-scan-range-rows=73.05K
|     parquet statistics predicates: tpcds_partitioned_parquet_snap.date_dim.d_year = CAST(2002 AS INT), tpcds_partitioned_parquet_snap.date_dim.d_moy = CAST(11 AS INT)
|     parquet dictionary predicates: tpcds_partitioned_parquet_snap.date_dim.d_year = CAST(2002 AS INT), tpcds_partitioned_parquet_snap.date_dim.d_moy = CAST(11 AS INT)
|     mem-estimate=16.00MB mem-reservation=512.00KB thread-reservation=0
|     tuple-ids=4 row-size=12B cardinality=108 cost=16728
|     in pipelines: 02(GETNEXT)
|
01:SCAN HDFS [tpcds_partitioned_parquet_snap.catalog_returns, RANDOM]
   HDFS partitions=2060/2060 files=2060 size=32.77GB
   runtime filters: RF005[min_max] -> tpcds_partitioned_parquet_snap.catalog_returns.cr_call_center_sk, RF009[min_max] -> tpcds_partitioned_parquet_snap.catalog_returns.cr_returning_customer_sk, RF010[bloom] -> tpcds_partitioned_parquet_snap.catalog_returns.cr_returned_date_sk, RF004[bloom] -> tpcds_partitioned_parquet_snap.catalog_returns.cr_call_center_sk, RF008[bloom] -> tpcds_partitioned_parquet_snap.catalog_returns.cr_returning_customer_sk
   stored statistics:
     table: rows=432.02M size=32.77GB
     partitions: 2060/2060 rows=432.02M
     columns: all
   extrapolated-rows=disabled max-scan-range-rows=416.82K est-scan-range=109(filtered from 2060)
   mem-estimate=16.00MB mem-reservation=32.00KB thread-reservation=0
   tuple-ids=2 row-size=16B cardinality=22.65M(filtered from 432.02M) cost=5218429
   in pipelines: 01(GETNEXT)
---- PARALLELPLANS
Max Per-Host Resource Reservation: Memory=157.50MB Threads=16
Per-Host Resource Estimates: Memory=450MB
F09:PLAN FRAGMENT [UNPARTITIONED] hosts=1 instances=1
|  Per-Instance Resources: mem-estimate=4.97MB mem-reservation=4.00MB thread-reservation=1
|  max-parallelism=1 segment-costs=[7460] cpu-comparison-result=93 [max(1 (self) vs 93 (sum children))]
PLAN-ROOT SINK
|  output exprs: tpcds_partitioned_parquet_snap.call_center.cc_call_center_id, tpcds_partitioned_parquet_snap.call_center.cc_name, tpcds_partitioned_parquet_snap.call_center.cc_manager, sum(tpcds_partitioned_parquet_snap.catalog_returns.cr_net_loss)
|  mem-estimate=4.00MB mem-reservation=4.00MB spill-buffer=2.00MB thread-reservation=0 cost=6720
|
24:MERGING-EXCHANGE [UNPARTITIONED]
|  order by: sum(tpcds_partitioned_parquet_snap.catalog_returns.cr_net_loss) DESC NULLS FIRST
|  mem-estimate=996.06KB mem-reservation=0B thread-reservation=0
|  tuple-ids=15 row-size=94B cardinality=1.68K cost=740
|  in pipelines: 14(GETNEXT)
|
F08:PLAN FRAGMENT [HASH(tpcds_partitioned_parquet_snap.call_center.cc_call_center_id,tpcds_partitioned_parquet_snap.call_center.cc_name,tpcds_partitioned_parquet_snap.call_center.cc_manager,tpcds_partitioned_parquet_snap.customer_demographics.cd_marital_status,tpcds_partitioned_parquet_snap.customer_demographics.cd_education_status)] hosts=10 instances=10 (adjusted from 120)
Per-Instance Resources: mem-estimate=22.00MB mem-reservation=13.94MB thread-reservation=1
max-parallelism=10 segment-costs=[67671, 7558, 4668] cpu-comparison-result=93 [max(10 (self) vs 93 (sum children))]
14:SORT
|  order by: sum(tpcds_partitioned_parquet_snap.catalog_returns.cr_net_loss) DESC NULLS FIRST
|  mem-estimate=12.00MB mem-reservation=12.00MB spill-buffer=2.00MB thread-reservation=0
|  tuple-ids=15 row-size=94B cardinality=1.68K cost=7558
|  in pipelines: 14(GETNEXT), 23(OPEN)
|
23:AGGREGATE [FINALIZE]
|  output: sum:merge(tpcds_partitioned_parquet_snap.catalog_returns.cr_net_loss)
|  group by: tpcds_partitioned_parquet_snap.call_center.cc_call_center_id, tpcds_partitioned_parquet_snap.call_center.cc_name, tpcds_partitioned_parquet_snap.call_center.cc_manager, tpcds_partitioned_parquet_snap.customer_demographics.cd_marital_status, tpcds_partitioned_parquet_snap.customer_demographics.cd_education_status
|  mem-estimate=10.00MB mem-reservation=1.94MB spill-buffer=64.00KB thread-reservation=0
|  tuple-ids=14 row-size=129B cardinality=1.68K cost=47346
|  in pipelines: 23(GETNEXT), 01(OPEN)
|
22:EXCHANGE [HASH(tpcds_partitioned_parquet_snap.call_center.cc_call_center_id,tpcds_partitioned_parquet_snap.call_center.cc_name,tpcds_partitioned_parquet_snap.call_center.cc_manager,tpcds_partitioned_parquet_snap.customer_demographics.cd_marital_status,tpcds_partitioned_parquet_snap.customer_demographics.cd_education_status)]
|  mem-estimate=1.65MB mem-reservation=0B thread-reservation=0
|  tuple-ids=14 row-size=129B cardinality=28.92K cost=20325
|  in pipelines: 01(GETNEXT)
|
F03:PLAN FRAGMENT [HASH(tpcds_partitioned_parquet_snap.catalog_returns.cr_returning_customer_sk)] hosts=10 instances=10 (adjusted from 120)
Per-Instance Resources: mem-estimate=25.53MB mem-reservation=2.00MB thread-reservation=1
max-parallelism=10 segment-costs=[25913015, 254473] cpu-comparison-result=93 [max(20 (self) vs 93 (sum children))]
13:AGGREGATE [STREAMING]
|  output: sum(tpcds_partitioned_parquet_snap.catalog_returns.cr_net_loss)
|  group by: tpcds_partitioned_parquet_snap.call_center.cc_call_center_id, tpcds_partitioned_parquet_snap.call_center.cc_name, tpcds_partitioned_parquet_snap.call_center.cc_manager, tpcds_partitioned_parquet_snap.customer_demographics.cd_marital_status, tpcds_partitioned_parquet_snap.customer_demographics.cd_education_status
|  mem-estimate=10.00MB mem-reservation=2.00MB spill-buffer=64.00KB thread-reservation=0
|  tuple-ids=14 row-size=129B cardinality=28.92K cost=173689
|  in pipelines: 01(GETNEXT)
|
12:HASH JOIN [INNER JOIN, BROADCAST]
|  hash-table-id=00
|  hash predicates: tpcds_partitioned_parquet_snap.customer.c_current_hdemo_sk = tpcds_partitioned_parquet_snap.household_demographics.hd_demo_sk
|  fk/pk conjuncts: tpcds_partitioned_parquet_snap.customer.c_current_hdemo_sk = tpcds_partitioned_parquet_snap.household_demographics.hd_demo_sk
|  mem-estimate=0B mem-reservation=0B spill-buffer=64.00KB thread-reservation=0
|  tuple-ids=2,4,0,6,8,10,12 row-size=196B cardinality=31.09K cost=87336
|  in pipelines: 01(GETNEXT), 11(OPEN)
|
|--F10:PLAN FRAGMENT [HASH(tpcds_partitioned_parquet_snap.catalog_returns.cr_returning_customer_sk)] hosts=10 instances=10
|  |  Per-Instance Resources: mem-estimate=2.97MB mem-reservation=2.94MB thread-reservation=1 runtime-filters-memory=1.00MB
|  |  max-parallelism=10 segment-costs=[1670]
|  JOIN BUILD
|  |  join-table-id=00 plan-id=01 cohort-id=01
|  |  build expressions: tpcds_partitioned_parquet_snap.household_demographics.hd_demo_sk
|  |  runtime filters: RF000[bloom] <- tpcds_partitioned_parquet_snap.household_demographics.hd_demo_sk, RF001[min_max] <- tpcds_partitioned_parquet_snap.household_demographics.hd_demo_sk
|  |  mem-estimate=1.94MB mem-reservation=1.94MB spill-buffer=64.00KB thread-reservation=0 cost=720
|  |
|  21:EXCHANGE [BROADCAST]
|  |  mem-estimate=35.86KB mem-reservation=0B thread-reservation=0
|  |  tuple-ids=12 row-size=24B cardinality=720 cost=950
|  |  in pipelines: 11(GETNEXT)
|  |
|  F07:PLAN FRAGMENT [RANDOM] hosts=1 instances=1
|  Per-Instance Resources: mem-estimate=16.11MB mem-reservation=64.00KB thread-reservation=1
|  max-parallelism=1 segment-costs=[1455]
|  11:SCAN HDFS [tpcds_partitioned_parquet_snap.household_demographics, RANDOM]
|     HDFS partitions=1/1 files=1 size=41.69KB
|     predicates: like(tpcds_partitioned_parquet_snap.household_demographics.hd_buy_potential, '5001-10000%')
|     stored statistics:
|       table: rows=7.20K size=41.69KB
|       columns: all
|     extrapolated-rows=disabled max-scan-range-rows=7.20K
|     parquet dictionary predicates: like(tpcds_partitioned_parquet_snap.household_demographics.hd_buy_potential, '5001-10000%')
|     mem-estimate=16.00MB mem-reservation=64.00KB thread-reservation=0
|     tuple-ids=12 row-size=24B cardinality=720 cost=1394
|     in pipelines: 11(GETNEXT)
|
10:HASH JOIN [INNER JOIN, BROADCAST]
|  hash-table-id=01
|  hash predicates: tpcds_partitioned_parquet_snap.customer.c_current_cdemo_sk = tpcds_partitioned_parquet_snap.customer_demographics.cd_demo_sk
|  fk/pk conjuncts: tpcds_partitioned_parquet_snap.customer.c_current_cdemo_sk = tpcds_partitioned_parquet_snap.customer_demographics.cd_demo_sk
|  mem-estimate=0B mem-reservation=0B spill-buffer=1.00MB thread-reservation=0
|  tuple-ids=2,4,0,6,8,10 row-size=173B cardinality=318.53K cost=1113703
|  in pipelines: 01(GETNEXT), 09(OPEN)
|
|--F11:PLAN FRAGMENT [HASH(tpcds_partitioned_parquet_snap.catalog_returns.cr_returning_customer_sk)] hosts=10 instances=10
|  |  Per-Instance Resources: mem-estimate=23.95MB mem-reservation=18.00MB thread-reservation=1 runtime-filters-memory=1.00MB
|  |  max-parallelism=10 segment-costs=[350406]
|  JOIN BUILD
|  |  join-table-id=01 plan-id=02 cohort-id=01
|  |  build expressions: tpcds_partitioned_parquet_snap.customer_demographics.cd_demo_sk
|  |  runtime filters: RF002[bloom] <- tpcds_partitioned_parquet_snap.customer_demographics.cd_demo_sk, RF003[min_max] <- tpcds_partitioned_parquet_snap.customer_demographics.cd_demo_sk
|  |  mem-estimate=17.00MB mem-reservation=17.00MB spill-buffer=1.00MB thread-reservation=0 cost=150456
|  |
|  20:EXCHANGE [BROADCAST]
|  |  mem-estimate=5.95MB mem-reservation=0B thread-reservation=0
|  |  tuple-ids=10 row-size=39B cardinality=150.46K cost=199950
|  |  in pipelines: 09(GETNEXT)
|  |
|  F06:PLAN FRAGMENT [RANDOM] hosts=10 instances=10
|  Per-Instance Resources: mem-estimate=16.17MB mem-reservation=1.00MB thread-reservation=1
|  max-parallelism=10 segment-costs=[637854]
|  09:SCAN HDFS [tpcds_partitioned_parquet_snap.customer_demographics, RANDOM]
|     HDFS partitions=1/1 files=1 size=11.15MB
|     predicates: tpcds_partitioned_parquet_snap.customer_demographics.cd_education_status = 'Advanced Degree' OR tpcds_partitioned_parquet_snap.customer_demographics.cd_education_status = 'Unknown', tpcds_partitioned_parquet_snap.customer_demographics.cd_education_status = 'Unknown' OR tpcds_partitioned_parquet_snap.customer_demographics.cd_marital_status = 'W', tpcds_partitioned_parquet_snap.customer_demographics.cd_marital_status = 'M' OR tpcds_partitioned_parquet_snap.customer_demographics.cd_education_status = 'Advanced Degree', tpcds_partitioned_parquet_snap.customer_demographics.cd_marital_status = 'M' OR tpcds_partitioned_parquet_snap.customer_demographics.cd_marital_status = 'W'
|     stored statistics:
|       table: rows=1.92M size=11.15MB
|       columns: all
|     extrapolated-rows=disabled max-scan-range-rows=197.97K
|     parquet dictionary predicates: tpcds_partitioned_parquet_snap.customer_demographics.cd_education_status = 'Advanced Degree' OR tpcds_partitioned_parquet_snap.customer_demographics.cd_education_status = 'Unknown', tpcds_partitioned_parquet_snap.customer_demographics.cd_marital_status = 'M' OR tpcds_partitioned_parquet_snap.customer_demographics.cd_marital_status = 'W'
|     mem-estimate=16.00MB mem-reservation=1.00MB thread-reservation=0
|     tuple-ids=10 row-size=39B cardinality=150.46K cost=618936
|     in pipelines: 09(GETNEXT)
|
08:HASH JOIN [INNER JOIN, BROADCAST]
|  hash-table-id=02
|  hash predicates: tpcds_partitioned_parquet_snap.catalog_returns.cr_call_center_sk = tpcds_partitioned_parquet_snap.call_center.cc_call_center_sk
|  fk/pk conjuncts: tpcds_partitioned_parquet_snap.catalog_returns.cr_call_center_sk = tpcds_partitioned_parquet_snap.call_center.cc_call_center_sk
|  mem-estimate=0B mem-reservation=0B spill-buffer=64.00KB thread-reservation=0
|  tuple-ids=2,4,0,6,8 row-size=134B cardinality=4.12M cost=1801969
|  in pipelines: 01(GETNEXT), 07(OPEN)
|
|--F12:PLAN FRAGMENT [HASH(tpcds_partitioned_parquet_snap.catalog_returns.cr_returning_customer_sk)] hosts=10 instances=10
|  |  Per-Instance Resources: mem-estimate=2.95MB mem-reservation=2.94MB thread-reservation=1 runtime-filters-memory=1.00MB
|  |  max-parallelism=10 segment-costs=[108]
|  JOIN BUILD
|  |  join-table-id=02 plan-id=03 cohort-id=01
|  |  build expressions: tpcds_partitioned_parquet_snap.call_center.cc_call_center_sk
|  |  runtime filters: RF004[bloom] <- tpcds_partitioned_parquet_snap.call_center.cc_call_center_sk, RF005[min_max] <- tpcds_partitioned_parquet_snap.call_center.cc_call_center_sk
|  |  mem-estimate=1.94MB mem-reservation=1.94MB spill-buffer=64.00KB thread-reservation=0 cost=48
|  |
|  19:EXCHANGE [BROADCAST]
|  |  mem-estimate=16.00KB mem-reservation=0B thread-reservation=0
|  |  tuple-ids=8 row-size=82B cardinality=48 cost=60
|  |  in pipelines: 07(GETNEXT)
|  |
|  F05:PLAN FRAGMENT [RANDOM] hosts=1 instances=1
|  Per-Instance Resources: mem-estimate=16.34MB mem-reservation=32.00KB thread-reservation=1
|  max-parallelism=1 segment-costs=[42]
|  07:SCAN HDFS [tpcds_partitioned_parquet_snap.call_center, RANDOM]
|     HDFS partitions=1/1 files=1 size=16.57KB
|     stored statistics:
|       table: rows=48 size=16.57KB
|       columns: all
|     extrapolated-rows=disabled max-scan-range-rows=48
|     mem-estimate=16.00MB mem-reservation=32.00KB thread-reservation=0
|     tuple-ids=8 row-size=82B cardinality=48 cost=31
|     in pipelines: 07(GETNEXT)
|
06:HASH JOIN [INNER JOIN, BROADCAST]
|  hash-table-id=03
|  hash predicates: tpcds_partitioned_parquet_snap.customer.c_current_addr_sk = tpcds_partitioned_parquet_snap.customer_address.ca_address_sk
|  fk/pk conjuncts: tpcds_partitioned_parquet_snap.customer.c_current_addr_sk = tpcds_partitioned_parquet_snap.customer_address.ca_address_sk
|  mem-estimate=0B mem-reservation=0B spill-buffer=2.00MB thread-reservation=0
|  tuple-ids=2,4,0,6 row-size=52B cardinality=4.12M cost=6555563
|  in pipelines: 01(GETNEXT), 05(OPEN)
|
|--F13:PLAN FRAGMENT [HASH(tpcds_partitioned_parquet_snap.catalog_returns.cr_returning_customer_sk)] hosts=10 instances=10
|  |  Per-Instance Resources: mem-estimate=78.62MB mem-reservation=36.00MB thread-reservation=1 runtime-filters-memory=2.00MB
|  |  max-parallelism=10 segment-costs=[5647923]
|  JOIN BUILD
|  |  join-table-id=03 plan-id=04 cohort-id=01
|  |  build expressions: tpcds_partitioned_parquet_snap.customer_address.ca_address_sk
|  |  runtime filters: RF006[bloom] <- tpcds_partitioned_parquet_snap.customer_address.ca_address_sk, RF007[min_max] <- tpcds_partitioned_parquet_snap.customer_address.ca_address_sk
|  |  mem-estimate=66.50MB mem-reservation=34.00MB spill-buffer=2.00MB thread-reservation=0 cost=2425043
|  |
|  18:EXCHANGE [BROADCAST]
|  |  mem-estimate=10.12MB mem-reservation=0B thread-reservation=0
|  |  tuple-ids=6 row-size=8B cardinality=2.43M cost=3222880
|  |  in pipelines: 05(GETNEXT)
|  |
|  F04:PLAN FRAGMENT [RANDOM] hosts=10 instances=10
|  Per-Instance Resources: mem-estimate=16.05MB mem-reservation=128.00KB thread-reservation=1
|  max-parallelism=10 segment-costs=[2254261]
|  05:SCAN HDFS [tpcds_partitioned_parquet_snap.customer_address, RANDOM]
|     HDFS partitions=1/1 files=1 size=307.36MB
|     predicates: CAST(tpcds_partitioned_parquet_snap.customer_address.ca_gmt_offset AS DECIMAL(12,2)) = CAST(-6 AS DECIMAL(12,2))
|     stored statistics:
|       table: rows=15.00M size=307.36MB
|       columns: all
|     extrapolated-rows=disabled max-scan-range-rows=1.58M
|     parquet dictionary predicates: CAST(tpcds_partitioned_parquet_snap.customer_address.ca_gmt_offset AS DECIMAL(12,2)) = CAST(-6 AS DECIMAL(12,2))
|     mem-estimate=16.00MB mem-reservation=128.00KB thread-reservation=0
|     tuple-ids=6 row-size=8B cardinality=2.43M cost=2149500
|     in pipelines: 05(GETNEXT)
|
04:HASH JOIN [INNER JOIN, PARTITIONED]
|  hash-table-id=04
|  hash predicates: tpcds_partitioned_parquet_snap.catalog_returns.cr_returning_customer_sk = tpcds_partitioned_parquet_snap.customer.c_customer_sk
|  fk/pk conjuncts: none
|  mem-estimate=0B mem-reservation=0B spill-buffer=2.00MB thread-reservation=0
|  tuple-ids=2,4,0 row-size=44B cardinality=22.65M cost=9913657
|  in pipelines: 01(GETNEXT), 00(OPEN)
|
|--F14:PLAN FRAGMENT [HASH(tpcds_partitioned_parquet_snap.catalog_returns.cr_returning_customer_sk)] hosts=10 instances=10 (adjusted from 120)
|  |  Per-Instance Resources: mem-estimate=148.77MB mem-reservation=50.00MB thread-reservation=1 runtime-filters-memory=16.00MB
|  |  max-parallelism=10 segment-costs=[35541000]
|  JOIN BUILD
|  |  join-table-id=04 plan-id=05 cohort-id=01
|  |  build expressions: tpcds_partitioned_parquet_snap.customer.c_customer_sk
|  |  runtime filters: RF008[bloom] <- tpcds_partitioned_parquet_snap.customer.c_customer_sk, RF009[min_max] <- tpcds_partitioned_parquet_snap.customer.c_customer_sk
|  |  mem-estimate=122.58MB mem-reservation=34.00MB spill-buffer=2.00MB thread-reservation=0 cost=30000000
|  |
|  17:EXCHANGE [HASH(tpcds_partitioned_parquet_snap.customer.c_customer_sk)]
|  |  mem-estimate=10.20MB mem-reservation=0B thread-reservation=0
|  |  tuple-ids=0 row-size=16B cardinality=30.00M cost=5541000
|  |  in pipelines: 00(GETNEXT)
|  |
|  F02:PLAN FRAGMENT [RANDOM] hosts=10 instances=10
|  Per-Host Shared Resources: mem-estimate=4.00MB mem-reservation=4.00MB thread-reservation=0 runtime-filters-memory=4.00MB
|  Per-Instance Resources: mem-estimate=16.78MB mem-reservation=1.00MB thread-reservation=1
|  max-parallelism=10 segment-costs=[53280000]
|  00:SCAN HDFS [tpcds_partitioned_parquet_snap.customer, RANDOM]
|     HDFS partitions=1/1 files=1 size=1.55GB
|     runtime filters: RF003[min_max] -> tpcds_partitioned_parquet_snap.customer.c_current_cdemo_sk, RF001[min_max] -> tpcds_partitioned_parquet_snap.customer.c_current_hdemo_sk, RF007[min_max] -> tpcds_partitioned_parquet_snap.customer.c_current_addr_sk, RF002[bloom] -> tpcds_partitioned_parquet_snap.customer.c_current_cdemo_sk, RF000[bloom] -> tpcds_partitioned_parquet_snap.customer.c_current_hdemo_sk, RF006[bloom] -> tpcds_partitioned_parquet_snap.customer.c_current_addr_sk
|     stored statistics:
|       table: rows=30.00M size=1.55GB
|       columns: all
|     extrapolated-rows=disabled max-scan-range-rows=3.10M
|     mem-estimate=16.00MB mem-reservation=1.00MB thread-reservation=0
|     tuple-ids=0 row-size=16B cardinality=30.00M cost=6912000
|     in pipelines: 00(GETNEXT)
|
16:EXCHANGE [HASH(tpcds_partitioned_parquet_snap.catalog_returns.cr_returning_customer_sk)]
|  mem-estimate=10.35MB mem-reservation=0B thread-reservation=0
|  tuple-ids=2,4 row-size=28B cardinality=22.65M cost=6267098
|  in pipelines: 01(GETNEXT)
|
F00:PLAN FRAGMENT [RANDOM] hosts=10 instances=10 (adjusted from 120)
Per-Host Shared Resources: mem-estimate=18.00MB mem-reservation=18.00MB thread-reservation=0 runtime-filters-memory=18.00MB
Per-Instance Resources: mem-estimate=17.41MB mem-reservation=32.00KB thread-reservation=1
max-parallelism=10 segment-costs=[79311525]
03:HASH JOIN [INNER JOIN, BROADCAST]
|  hash-table-id=05
|  hash predicates: tpcds_partitioned_parquet_snap.catalog_returns.cr_returned_date_sk = tpcds_partitioned_parquet_snap.date_dim.d_date_sk
|  fk/pk conjuncts: tpcds_partitioned_parquet_snap.catalog_returns.cr_returned_date_sk = tpcds_partitioned_parquet_snap.date_dim.d_date_sk
|  mem-estimate=0B mem-reservation=0B spill-buffer=64.00KB thread-reservation=0
|  tuple-ids=2,4 row-size=28B cardinality=22.65M cost=9913657
|  in pipelines: 01(GETNEXT), 02(OPEN)
|
|--F15:PLAN FRAGMENT [RANDOM] hosts=10 instances=10
|  |  Per-Instance Resources: mem-estimate=2.95MB mem-reservation=2.94MB thread-reservation=1 runtime-filters-memory=1.00MB
|  |  max-parallelism=10 segment-costs=[248]
|  JOIN BUILD
|  |  join-table-id=05 plan-id=06 cohort-id=01
|  |  build expressions: tpcds_partitioned_parquet_snap.date_dim.d_date_sk
|  |  runtime filters: RF010[bloom] <- tpcds_partitioned_parquet_snap.date_dim.d_date_sk
|  |  mem-estimate=1.94MB mem-reservation=1.94MB spill-buffer=64.00KB thread-reservation=0 cost=108
|  |
|  15:EXCHANGE [BROADCAST]
|  |  mem-estimate=16.00KB mem-reservation=0B thread-reservation=0
|  |  tuple-ids=4 row-size=12B cardinality=108 cost=140
|  |  in pipelines: 02(GETNEXT)
|  |
|  F01:PLAN FRAGMENT [RANDOM] hosts=1 instances=1
|  Per-Instance Resources: mem-estimate=16.06MB mem-reservation=512.00KB thread-reservation=1
|  max-parallelism=1 segment-costs=[16733]
|  02:SCAN HDFS [tpcds_partitioned_parquet_snap.date_dim, RANDOM]
|     HDFS partitions=1/1 files=1 size=2.17MB
|     predicates: tpcds_partitioned_parquet_snap.date_dim.d_year = CAST(2002 AS INT), tpcds_partitioned_parquet_snap.date_dim.d_moy = CAST(11 AS INT)
|     stored statistics:
|       table: rows=73.05K size=2.17MB
|       columns: all
|     extrapolated-rows=disabled max-scan-range-rows=73.05K
|     parquet statistics predicates: tpcds_partitioned_parquet_snap.date_dim.d_year = CAST(2002 AS INT), tpcds_partitioned_parquet_snap.date_dim.d_moy = CAST(11 AS INT)
|     parquet dictionary predicates: tpcds_partitioned_parquet_snap.date_dim.d_year = CAST(2002 AS INT), tpcds_partitioned_parquet_snap.date_dim.d_moy = CAST(11 AS INT)
|     mem-estimate=16.00MB mem-reservation=512.00KB thread-reservation=0
|     tuple-ids=4 row-size=12B cardinality=108 cost=16728
|     in pipelines: 02(GETNEXT)
|
01:SCAN HDFS [tpcds_partitioned_parquet_snap.catalog_returns, RANDOM]
   HDFS partitions=2060/2060 files=2060 size=32.77GB
   runtime filters: RF005[min_max] -> tpcds_partitioned_parquet_snap.catalog_returns.cr_call_center_sk, RF009[min_max] -> tpcds_partitioned_parquet_snap.catalog_returns.cr_returning_customer_sk, RF010[bloom] -> tpcds_partitioned_parquet_snap.catalog_returns.cr_returned_date_sk, RF004[bloom] -> tpcds_partitioned_parquet_snap.catalog_returns.cr_call_center_sk, RF008[bloom] -> tpcds_partitioned_parquet_snap.catalog_returns.cr_returning_customer_sk
   stored statistics:
     table: rows=432.02M size=32.77GB
     partitions: 2060/2060 rows=432.02M
     columns: all
   extrapolated-rows=disabled max-scan-range-rows=416.82K est-scan-range=109(filtered from 2060)
   mem-estimate=16.00MB mem-reservation=32.00KB thread-reservation=0
   tuple-ids=2 row-size=16B cardinality=22.65M(filtered from 432.02M) cost=5218429
   in pipelines: 01(GETNEXT)
====
