# TPCDS-Q87
# start query 87 in stream 0 using template query87.tpl using seed 1156246560
select count(*)
from ((select distinct c_last_name, c_first_name, d_date
       from store_sales, date_dim, customer
       where store_sales.ss_sold_date_sk = date_dim.d_date_sk
         and store_sales.ss_customer_sk = customer.c_customer_sk
         and d_month_seq between 1204 and 1204+11)
       except
      (select distinct c_last_name, c_first_name, d_date
       from catalog_sales, date_dim, customer
       where catalog_sales.cs_sold_date_sk = date_dim.d_date_sk
         and catalog_sales.cs_bill_customer_sk = customer.c_customer_sk
         and d_month_seq between 1204 and 1204+11)
       except
      (select distinct c_last_name, c_first_name, d_date
       from web_sales, date_dim, customer
       where web_sales.ws_sold_date_sk = date_dim.d_date_sk
         and web_sales.ws_bill_customer_sk = customer.c_customer_sk
         and d_month_seq between 1204 and 1204+11)
) cool_cust


# end query 87 in stream 0 using template query87.tpl
---- PLAN
Max Per-Host Resource Reservation: Memory=192.94MB Threads=1
Per-Host Resource Estimates: Memory=52.18GB
F00:PLAN FRAGMENT [UNPARTITIONED] hosts=1 instances=1
|  Per-Instance Resources: mem-estimate=52.18GB mem-reservation=192.94MB thread-reservation=1 runtime-filters-memory=51.00MB
|  max-parallelism=1 segment-costs=[54790085460, 27414203232, 72455093642, 13758375736, 19351054919, 22241751, 1]
PLAN-ROOT SINK
|  output exprs: count()
|  mem-estimate=4.00MB mem-reservation=4.00MB spill-buffer=2.00MB thread-reservation=0 cost=1
|
22:AGGREGATE [FINALIZE]
|  output: count()
|  mem-estimate=16.00KB mem-reservation=0B spill-buffer=2.00MB thread-reservation=0
|  tuple-ids=25 row-size=8B cardinality=1 cost=22241751
|  in pipelines: 22(GETNEXT), 21(OPEN)
|
21:AGGREGATE [FINALIZE]
|  output: count(if($f3 = CAST(0 AS TINYINT), CAST(1 AS TINYINT), NULL)), count(if($f3 = CAST(1 AS TINYINT), CAST(1 AS TINYINT), NULL))
|  group by: C_LAST_NAME, C_FIRST_NAME, D_DATE
|  having: count(if($f3 = 0, 1, NULL)) > CAST(0 AS BIGINT), count(if($f3 = 1, 1, NULL)) = CAST(0 AS BIGINT)
|  mem-estimate=128.00MB mem-reservation=34.00MB spill-buffer=2.00MB thread-reservation=0
|  tuple-ids=24 row-size=44B cardinality=317.74M cost=18977298166
|  in pipelines: 21(GETNEXT), 14(OPEN), 20(OPEN)
|
00:UNION
|  mem-estimate=0B mem-reservation=0B thread-reservation=0
|  tuple-ids=23 row-size=29B cardinality=3.18G cost=373756753
|  in pipelines: 14(GETNEXT), 20(GETNEXT)
|
|--20:AGGREGATE [FINALIZE]
|  |  group by: tpcds_partitioned_parquet_snap.customer_1.c_last_name, tpcds_partitioned_parquet_snap.customer_1.c_first_name, tpcds_partitioned_parquet_snap.date_dim_1.d_date
|  |  mem-estimate=24.43GB mem-reservation=34.00MB spill-buffer=2.00MB thread-reservation=0
|  |  tuple-ids=22 row-size=40B cardinality=1.99G cost=11732593545
|  |  in pipelines: 20(GETNEXT), 15(OPEN)
|  |
|  19:HASH JOIN [INNER JOIN]
|  |  hash predicates: tpcds_partitioned_parquet_snap.web_sales.ws_sold_date_sk = tpcds_partitioned_parquet_snap.date_dim_1.d_date_sk
|  |  fk/pk conjuncts: tpcds_partitioned_parquet_snap.web_sales.ws_sold_date_sk = tpcds_partitioned_parquet_snap.date_dim_1.d_date_sk
|  |  runtime filters: RF008[bloom] <- tpcds_partitioned_parquet_snap.date_dim_1.d_date_sk
|  |  mem-estimate=1.94MB mem-reservation=1.94MB spill-buffer=64.00KB thread-reservation=0
|  |  tuple-ids=16,18,20 row-size=60B cardinality=1.99G cost=870023263
|  |  in pipelines: 15(GETNEXT), 18(OPEN)
|  |
|  |--18:SCAN HDFS [tpcds_partitioned_parquet_snap.date_dim]
|  |     HDFS partitions=1/1 files=1 size=2.17MB
|  |     predicates: tpcds_partitioned_parquet_snap.date_dim_1.d_month_seq <= add(CAST(1204 AS INT), CAST(11 AS INT)), tpcds_partitioned_parquet_snap.date_dim_1.d_month_seq >= CAST(1204 AS INT)
|  |     stored statistics:
|  |       table: rows=73.05K size=2.17MB
|  |       columns: all
|  |     extrapolated-rows=disabled max-scan-range-rows=73.05K
|  |     parquet statistics predicates: tpcds_partitioned_parquet_snap.date_dim_1.d_month_seq <= add(CAST(1204 AS INT), CAST(11 AS INT)), tpcds_partitioned_parquet_snap.date_dim_1.d_month_seq >= CAST(1204 AS INT)
|  |     parquet dictionary predicates: tpcds_partitioned_parquet_snap.date_dim_1.d_month_seq <= add(CAST(1204 AS INT), CAST(11 AS INT)), tpcds_partitioned_parquet_snap.date_dim_1.d_month_seq >= CAST(1204 AS INT)
|  |     mem-estimate=16.00MB mem-reservation=1.00MB thread-reservation=0
|  |     tuple-ids=20 row-size=12B cardinality=7.30K cost=16728
|  |     in pipelines: 18(GETNEXT)
|  |
|  17:HASH JOIN [INNER JOIN]
|  |  hash predicates: tpcds_partitioned_parquet_snap.web_sales.ws_bill_customer_sk = tpcds_partitioned_parquet_snap.customer_1.c_customer_sk
|  |  fk/pk conjuncts: tpcds_partitioned_parquet_snap.web_sales.ws_bill_customer_sk = tpcds_partitioned_parquet_snap.customer_1.c_customer_sk
|  |  runtime filters: RF010[bloom] <- tpcds_partitioned_parquet_snap.customer_1.c_customer_sk, RF011[min_max] <- tpcds_partitioned_parquet_snap.customer_1.c_customer_sk
|  |  mem-estimate=1.87GB mem-reservation=34.00MB spill-buffer=2.00MB thread-reservation=0
|  |  tuple-ids=16,18 row-size=48B cardinality=1.99G cost=900015958
|  |  in pipelines: 15(GETNEXT), 16(OPEN)
|  |
|  |--16:SCAN HDFS [tpcds_partitioned_parquet_snap.customer]
|  |     HDFS partitions=1/1 files=1 size=1.55GB
|  |     stored statistics:
|  |       table: rows=30.00M size=1.55GB
|  |       columns: all
|  |     extrapolated-rows=disabled max-scan-range-rows=3.10M
|  |     mem-estimate=16.00MB mem-reservation=1.00MB thread-reservation=0
|  |     tuple-ids=18 row-size=40B cardinality=30.00M cost=6897933
|  |     in pipelines: 16(GETNEXT)
|  |
|  15:SCAN HDFS [tpcds_partitioned_parquet_snap.web_sales]
|     HDFS partitions=1824/1824 files=1824 size=145.75GB
|     runtime filters: RF011[min_max] -> tpcds_partitioned_parquet_snap.web_sales.ws_bill_customer_sk, RF008[bloom] -> tpcds_partitioned_parquet_snap.web_sales.ws_sold_date_sk, RF010[bloom] -> tpcds_partitioned_parquet_snap.web_sales.ws_bill_customer_sk
|     stored statistics:
|       table: rows=2.16G size=145.75GB
|       partitions: 1824/1824 rows=2.16G
|       columns: all
|     extrapolated-rows=disabled max-scan-range-rows=3.37M
|     mem-estimate=16.00MB mem-reservation=128.00KB thread-reservation=0
|     tuple-ids=16 row-size=8B cardinality=1.99G(filtered from 2.16G) cost=248828309
|     in pipelines: 15(GETNEXT)
|
14:AGGREGATE [FINALIZE]
|  output: count(if($f3 = CAST(0 AS TINYINT), CAST(1 AS TINYINT), NULL)), count(if($f3 = CAST(1 AS TINYINT), CAST(1 AS TINYINT), NULL))
|  group by: C_LAST_NAME, C_FIRST_NAME, D_DATE
|  having: count(if($f3 = 0, 1, NULL)) > CAST(0 AS BIGINT), count(if($f3 = 1, 1, NULL)) = CAST(0 AS BIGINT)
|  mem-estimate=128.00MB mem-reservation=34.00MB spill-buffer=2.00MB thread-reservation=0
|  tuple-ids=15 row-size=44B cardinality=1.19G cost=71055656730
|  in pipelines: 14(GETNEXT), 07(OPEN), 13(OPEN)
|
01:UNION
|  mem-estimate=0B mem-reservation=0B thread-reservation=0
|  tuple-ids=14 row-size=29B cardinality=11.90G cost=1399436912
|  in pipelines: 07(GETNEXT), 13(GETNEXT)
|
|--13:AGGREGATE [FINALIZE]
|  |  group by: tpcds_partitioned_parquet_snap.customer_0.c_last_name, tpcds_partitioned_parquet_snap.customer_0.c_first_name, tpcds_partitioned_parquet_snap.date_dim_0.d_date
|  |  mem-estimate=48.36GB mem-reservation=34.00MB spill-buffer=2.00MB thread-reservation=0
|  |  tuple-ids=13 row-size=40B cardinality=3.97G cost=23408022405
|  |  in pipelines: 13(GETNEXT), 08(OPEN)
|  |
|  12:HASH JOIN [INNER JOIN]
|  |  hash predicates: tpcds_partitioned_parquet_snap.catalog_sales.cs_sold_date_sk = tpcds_partitioned_parquet_snap.date_dim_0.d_date_sk
|  |  fk/pk conjuncts: tpcds_partitioned_parquet_snap.catalog_sales.cs_sold_date_sk = tpcds_partitioned_parquet_snap.date_dim_0.d_date_sk
|  |  runtime filters: RF004[bloom] <- tpcds_partitioned_parquet_snap.date_dim_0.d_date_sk
|  |  mem-estimate=1.94MB mem-reservation=1.94MB spill-buffer=64.00KB thread-reservation=0
|  |  tuple-ids=7,9,11 row-size=60B cardinality=3.97G cost=1735800244
|  |  in pipelines: 08(GETNEXT), 11(OPEN)
|  |
|  |--11:SCAN HDFS [tpcds_partitioned_parquet_snap.date_dim]
|  |     HDFS partitions=1/1 files=1 size=2.17MB
|  |     predicates: tpcds_partitioned_parquet_snap.date_dim_0.d_month_seq <= add(CAST(1204 AS INT), CAST(11 AS INT)), tpcds_partitioned_parquet_snap.date_dim_0.d_month_seq >= CAST(1204 AS INT)
|  |     stored statistics:
|  |       table: rows=73.05K size=2.17MB
|  |       columns: all
|  |     extrapolated-rows=disabled max-scan-range-rows=73.05K
|  |     parquet statistics predicates: tpcds_partitioned_parquet_snap.date_dim_0.d_month_seq <= add(CAST(1204 AS INT), CAST(11 AS INT)), tpcds_partitioned_parquet_snap.date_dim_0.d_month_seq >= CAST(1204 AS INT)
|  |     parquet dictionary predicates: tpcds_partitioned_parquet_snap.date_dim_0.d_month_seq <= add(CAST(1204 AS INT), CAST(11 AS INT)), tpcds_partitioned_parquet_snap.date_dim_0.d_month_seq >= CAST(1204 AS INT)
|  |     mem-estimate=16.00MB mem-reservation=1.00MB thread-reservation=0
|  |     tuple-ids=11 row-size=12B cardinality=7.30K cost=16728
|  |     in pipelines: 11(GETNEXT)
|  |
|  10:HASH JOIN [INNER JOIN]
|  |  hash predicates: tpcds_partitioned_parquet_snap.catalog_sales.cs_bill_customer_sk = tpcds_partitioned_parquet_snap.customer_0.c_customer_sk
|  |  fk/pk conjuncts: tpcds_partitioned_parquet_snap.catalog_sales.cs_bill_customer_sk = tpcds_partitioned_parquet_snap.customer_0.c_customer_sk
|  |  runtime filters: RF006[bloom] <- tpcds_partitioned_parquet_snap.customer_0.c_customer_sk, RF007[min_max] <- tpcds_partitioned_parquet_snap.customer_0.c_customer_sk
|  |  mem-estimate=1.87GB mem-reservation=34.00MB spill-buffer=2.00MB thread-reservation=0
|  |  tuple-ids=7,9 row-size=48B cardinality=3.97G cost=1765792939
|  |  in pipelines: 08(GETNEXT), 09(OPEN)
|  |
|  |--09:SCAN HDFS [tpcds_partitioned_parquet_snap.customer]
|  |     HDFS partitions=1/1 files=1 size=1.55GB
|  |     stored statistics:
|  |       table: rows=30.00M size=1.55GB
|  |       columns: all
|  |     extrapolated-rows=disabled max-scan-range-rows=3.10M
|  |     mem-estimate=16.00MB mem-reservation=1.00MB thread-reservation=0
|  |     tuple-ids=9 row-size=40B cardinality=30.00M cost=6897933
|  |     in pipelines: 09(GETNEXT)
|  |
|  08:SCAN HDFS [tpcds_partitioned_parquet_snap.catalog_sales]
|     HDFS partitions=1831/1831 files=1831 size=280.96GB
|     runtime filters: RF007[min_max] -> tpcds_partitioned_parquet_snap.catalog_sales.cs_bill_customer_sk, RF004[bloom] -> tpcds_partitioned_parquet_snap.catalog_sales.cs_sold_date_sk, RF006[bloom] -> tpcds_partitioned_parquet_snap.catalog_sales.cs_bill_customer_sk
|     stored statistics:
|       table: rows=4.32G size=280.96GB
|       partitions: 1831/1831 rows=4.32G
|       columns: all
|     extrapolated-rows=disabled max-scan-range-rows=21.52M
|     mem-estimate=16.00MB mem-reservation=1.00MB thread-reservation=0
|     tuple-ids=7 row-size=8B cardinality=3.97G(filtered from 4.32G) cost=497672983
|     in pipelines: 08(GETNEXT)
|
07:AGGREGATE [FINALIZE]
|  group by: tpcds_partitioned_parquet_snap.customer.c_last_name, tpcds_partitioned_parquet_snap.customer.c_first_name, tpcds_partitioned_parquet_snap.date_dim.d_date
|  mem-estimate=50.00GB mem-reservation=34.00MB spill-buffer=2.00MB thread-reservation=0
|  tuple-ids=6 row-size=40B cardinality=7.93G cost=46814848608
|  in pipelines: 07(GETNEXT), 02(OPEN)
|
06:HASH JOIN [INNER JOIN]
|  hash predicates: tpcds_partitioned_parquet_snap.store_sales.ss_sold_date_sk = tpcds_partitioned_parquet_snap.date_dim.d_date_sk
|  fk/pk conjuncts: tpcds_partitioned_parquet_snap.store_sales.ss_sold_date_sk = tpcds_partitioned_parquet_snap.date_dim.d_date_sk
|  runtime filters: RF000[bloom] <- tpcds_partitioned_parquet_snap.date_dim.d_date_sk
|  mem-estimate=1.94MB mem-reservation=1.94MB spill-buffer=64.00KB thread-reservation=0
|  tuple-ids=0,2,4 row-size=60B cardinality=7.93G cost=3471504481
|  in pipelines: 02(GETNEXT), 05(OPEN)
|
|--05:SCAN HDFS [tpcds_partitioned_parquet_snap.date_dim]
|     HDFS partitions=1/1 files=1 size=2.17MB
|     predicates: tpcds_partitioned_parquet_snap.date_dim.d_month_seq <= add(CAST(1204 AS INT), CAST(11 AS INT)), tpcds_partitioned_parquet_snap.date_dim.d_month_seq >= CAST(1204 AS INT)
|     stored statistics:
|       table: rows=73.05K size=2.17MB
|       columns: all
|     extrapolated-rows=disabled max-scan-range-rows=73.05K
|     parquet statistics predicates: tpcds_partitioned_parquet_snap.date_dim.d_month_seq <= add(CAST(1204 AS INT), CAST(11 AS INT)), tpcds_partitioned_parquet_snap.date_dim.d_month_seq >= CAST(1204 AS INT)
|     parquet dictionary predicates: tpcds_partitioned_parquet_snap.date_dim.d_month_seq <= add(CAST(1204 AS INT), CAST(11 AS INT)), tpcds_partitioned_parquet_snap.date_dim.d_month_seq >= CAST(1204 AS INT)
|     mem-estimate=16.00MB mem-reservation=1.00MB thread-reservation=0
|     tuple-ids=4 row-size=12B cardinality=7.30K cost=16728
|     in pipelines: 05(GETNEXT)
|
04:HASH JOIN [INNER JOIN]
|  hash predicates: tpcds_partitioned_parquet_snap.store_sales.ss_customer_sk = tpcds_partitioned_parquet_snap.customer.c_customer_sk
|  fk/pk conjuncts: tpcds_partitioned_parquet_snap.store_sales.ss_customer_sk = tpcds_partitioned_parquet_snap.customer.c_customer_sk
|  runtime filters: RF002[bloom] <- tpcds_partitioned_parquet_snap.customer.c_customer_sk, RF003[min_max] <- tpcds_partitioned_parquet_snap.customer.c_customer_sk
|  mem-estimate=1.87GB mem-reservation=34.00MB spill-buffer=2.00MB thread-reservation=0
|  tuple-ids=0,2 row-size=48B cardinality=7.93G cost=3501497176
|  in pipelines: 02(GETNEXT), 03(OPEN)
|
|--03:SCAN HDFS [tpcds_partitioned_parquet_snap.customer]
|     HDFS partitions=1/1 files=1 size=1.55GB
|     stored statistics:
|       table: rows=30.00M size=1.55GB
|       columns: all
|     extrapolated-rows=disabled max-scan-range-rows=3.10M
|     mem-estimate=16.00MB mem-reservation=1.00MB thread-reservation=0
|     tuple-ids=2 row-size=40B cardinality=30.00M cost=6897933
|     in pipelines: 03(GETNEXT)
|
02:SCAN HDFS [tpcds_partitioned_parquet_snap.store_sales]
   HDFS partitions=1824/1824 files=1824 size=389.90GB
   runtime filters: RF003[min_max] -> tpcds_partitioned_parquet_snap.store_sales.ss_customer_sk, RF000[bloom] -> tpcds_partitioned_parquet_snap.store_sales.ss_sold_date_sk, RF002[bloom] -> tpcds_partitioned_parquet_snap.store_sales.ss_customer_sk
   stored statistics:
     table: rows=8.64G size=389.90GB
     partitions: 1824/1824 rows=8.64G
     columns: all
   extrapolated-rows=disabled max-scan-range-rows=390.22M
   mem-estimate=16.00MB mem-reservation=4.00MB thread-reservation=0
   tuple-ids=0 row-size=8B cardinality=7.93G(filtered from 8.64G) cost=995320534
   in pipelines: 02(GETNEXT)
---- DISTRIBUTEDPLAN
Max Per-Host Resource Reservation: Memory=4.62GB Threads=85
Per-Host Resource Estimates: Memory=59.85GB
F16:PLAN FRAGMENT [UNPARTITIONED] hosts=1 instances=1
|  Per-Instance Resources: mem-estimate=4.02MB mem-reservation=4.00MB thread-reservation=1
|  max-parallelism=1 segment-costs=[25, 1] cpu-comparison-result=360 [max(1 (self) vs 360 (sum children))]
PLAN-ROOT SINK
|  output exprs: count()
|  mem-estimate=4.00MB mem-reservation=4.00MB spill-buffer=2.00MB thread-reservation=0 cost=1
|
40:AGGREGATE [FINALIZE]
|  output: count:merge()
|  mem-estimate=16.00KB mem-reservation=0B spill-buffer=2.00MB thread-reservation=0
|  tuple-ids=25 row-size=8B cardinality=1 cost=8
|  in pipelines: 40(GETNEXT), 22(OPEN)
|
39:EXCHANGE [UNPARTITIONED]
|  mem-estimate=168.84KB mem-reservation=0B thread-reservation=0
|  tuple-ids=25 row-size=8B cardinality=120 cost=17
|  in pipelines: 22(GETNEXT)
|
F15:PLAN FRAGMENT [HASH(C_LAST_NAME,C_FIRST_NAME,D_DATE)] hosts=10 instances=120
Per-Instance Resources: mem-estimate=143.62MB mem-reservation=34.00MB thread-reservation=1
max-parallelism=2000 segment-costs=[19973410910, 22241751, 123] cpu-comparison-result=360 [max(120 (self) vs 360 (sum children))]
22:AGGREGATE
|  output: count()
|  mem-estimate=16.00KB mem-reservation=0B spill-buffer=2.00MB thread-reservation=0
|  tuple-ids=25 row-size=8B cardinality=120 cost=22241751
|  in pipelines: 22(GETNEXT), 38(OPEN)
|
38:AGGREGATE [FINALIZE]
|  output: count:merge(if($f3 = 0, 1, NULL)), count:merge(if($f3 = 1, 1, NULL))
|  group by: C_LAST_NAME, C_FIRST_NAME, D_DATE
|  having: count(if($f3 = 0, 1, NULL)) > CAST(0 AS BIGINT), count(if($f3 = 1, 1, NULL)) = CAST(0 AS BIGINT)
|  mem-estimate=128.00MB mem-reservation=34.00MB spill-buffer=2.00MB thread-reservation=0
|  tuple-ids=24 row-size=44B cardinality=317.74M cost=18977298166
|  in pipelines: 38(GETNEXT), 32(OPEN), 36(OPEN)
|
37:EXCHANGE [HASH(C_LAST_NAME,C_FIRST_NAME,D_DATE)]
|  mem-estimate=15.62MB mem-reservation=0B thread-reservation=0
|  tuple-ids=24 row-size=44B cardinality=3.18G cost=996112744
|  in pipelines: 32(GETNEXT), 36(GETNEXT)
|
F14:PLAN FRAGMENT [RANDOM] hosts=10 instances=120
Per-Instance Resources: mem-estimate=754.88MB mem-reservation=68.00MB thread-reservation=1
max-parallelism=120 segment-costs=[74785347046, 12318865861, 19351054919, 10640454090] cpu-comparison-result=360 [max(120 (self) vs 360 (sum children))]
21:AGGREGATE [STREAMING]
|  output: count(if($f3 = CAST(0 AS TINYINT), CAST(1 AS TINYINT), NULL)), count(if($f3 = CAST(1 AS TINYINT), CAST(1 AS TINYINT), NULL))
|  group by: C_LAST_NAME, C_FIRST_NAME, D_DATE
|  mem-estimate=128.00MB mem-reservation=34.00MB spill-buffer=2.00MB thread-reservation=0
|  tuple-ids=24 row-size=44B cardinality=3.18G cost=18977298166
|  in pipelines: 32(GETNEXT), 36(GETNEXT)
|
00:UNION
|  mem-estimate=0B mem-reservation=0B thread-reservation=0
|  tuple-ids=23 row-size=29B cardinality=3.18G cost=373756753
|  in pipelines: 32(GETNEXT), 36(GETNEXT)
|
|--36:AGGREGATE [FINALIZE]
|  |  group by: tpcds_partitioned_parquet_snap.customer_1.c_last_name, tpcds_partitioned_parquet_snap.customer_1.c_first_name, tpcds_partitioned_parquet_snap.date_dim_1.d_date
|  |  mem-estimate=589.23MB mem-reservation=34.00MB spill-buffer=2.00MB thread-reservation=0
|  |  tuple-ids=22 row-size=40B cardinality=1.99G cost=11732593545
|  |  in pipelines: 36(GETNEXT), 15(OPEN)
|  |
|  35:EXCHANGE [HASH(tpcds_partitioned_parquet_snap.customer_1.c_last_name,tpcds_partitioned_parquet_snap.customer_1.c_first_name,tpcds_partitioned_parquet_snap.date_dim_1.d_date)]
|  |  mem-estimate=15.15MB mem-reservation=0B thread-reservation=0
|  |  tuple-ids=22 row-size=40B cardinality=1.99G cost=586272316
|  |  in pipelines: 15(GETNEXT)
|  |
|  F10:PLAN FRAGMENT [RANDOM] hosts=10 instances=120
|  Per-Host Shared Resources: mem-estimate=17.00MB mem-reservation=17.00MB thread-reservation=0 runtime-filters-memory=17.00MB
|  Per-Instance Resources: mem-estimate=574.53MB mem-reservation=34.12MB thread-reservation=1
|  max-parallelism=1380 segment-costs=[13721453770, 6140207673] cpu-comparison-result=120 [max(120 (self) vs 31 (sum children))]
|  20:AGGREGATE [STREAMING]
|  |  group by: tpcds_partitioned_parquet_snap.customer_1.c_last_name, tpcds_partitioned_parquet_snap.customer_1.c_first_name, tpcds_partitioned_parquet_snap.date_dim_1.d_date
|  |  mem-estimate=537.92MB mem-reservation=34.00MB spill-buffer=2.00MB thread-reservation=0
|  |  tuple-ids=22 row-size=40B cardinality=1.99G cost=11732593545
|  |  in pipelines: 15(GETNEXT)
|  |
|  19:HASH JOIN [INNER JOIN, BROADCAST]
|  |  hash-table-id=04
|  |  hash predicates: tpcds_partitioned_parquet_snap.web_sales.ws_sold_date_sk = tpcds_partitioned_parquet_snap.date_dim_1.d_date_sk
|  |  fk/pk conjuncts: tpcds_partitioned_parquet_snap.web_sales.ws_sold_date_sk = tpcds_partitioned_parquet_snap.date_dim_1.d_date_sk
|  |  mem-estimate=0B mem-reservation=0B spill-buffer=64.00KB thread-reservation=0
|  |  tuple-ids=16,18,20 row-size=60B cardinality=1.99G cost=870015958
|  |  in pipelines: 15(GETNEXT), 18(OPEN)
|  |
|  |--F21:PLAN FRAGMENT [RANDOM] hosts=10 instances=10
|  |  |  Per-Instance Resources: mem-estimate=24.35MB mem-reservation=24.25MB thread-reservation=1 runtime-filters-memory=1.00MB
|  |  |  max-parallelism=10 segment-costs=[17005]
|  |  JOIN BUILD
|  |  |  join-table-id=04 plan-id=05 cohort-id=03
|  |  |  build expressions: tpcds_partitioned_parquet_snap.date_dim_1.d_date_sk
|  |  |  runtime filters: RF008[bloom] <- tpcds_partitioned_parquet_snap.date_dim_1.d_date_sk
|  |  |  mem-estimate=23.25MB mem-reservation=23.25MB spill-buffer=64.00KB thread-reservation=0 cost=7305
|  |  |
|  |  34:EXCHANGE [BROADCAST]
|  |  |  mem-estimate=101.61KB mem-reservation=0B thread-reservation=0
|  |  |  tuple-ids=20 row-size=12B cardinality=7.30K cost=9700
|  |  |  in pipelines: 18(GETNEXT)
|  |  |
|  |  F12:PLAN FRAGMENT [RANDOM] hosts=1 instances=1
|  |  Per-Instance Resources: mem-estimate=16.06MB mem-reservation=1.00MB thread-reservation=1
|  |  max-parallelism=1 segment-costs=[17122]
|  |  18:SCAN HDFS [tpcds_partitioned_parquet_snap.date_dim, RANDOM]
|  |     HDFS partitions=1/1 files=1 size=2.17MB
|  |     predicates: tpcds_partitioned_parquet_snap.date_dim_1.d_month_seq <= add(CAST(1204 AS INT), CAST(11 AS INT)), tpcds_partitioned_parquet_snap.date_dim_1.d_month_seq >= CAST(1204 AS INT)
|  |     stored statistics:
|  |       table: rows=73.05K size=2.17MB
|  |       columns: all
|  |     extrapolated-rows=disabled max-scan-range-rows=73.05K
|  |     parquet statistics predicates: tpcds_partitioned_parquet_snap.date_dim_1.d_month_seq <= add(CAST(1204 AS INT), CAST(11 AS INT)), tpcds_partitioned_parquet_snap.date_dim_1.d_month_seq >= CAST(1204 AS INT)
|  |     parquet dictionary predicates: tpcds_partitioned_parquet_snap.date_dim_1.d_month_seq <= add(CAST(1204 AS INT), CAST(11 AS INT)), tpcds_partitioned_parquet_snap.date_dim_1.d_month_seq >= CAST(1204 AS INT)
|  |     mem-estimate=16.00MB mem-reservation=1.00MB thread-reservation=0
|  |     tuple-ids=20 row-size=12B cardinality=7.30K cost=16728
|  |     in pipelines: 18(GETNEXT)
|  |
|  17:HASH JOIN [INNER JOIN, BROADCAST]
|  |  hash-table-id=05
|  |  hash predicates: tpcds_partitioned_parquet_snap.web_sales.ws_bill_customer_sk = tpcds_partitioned_parquet_snap.customer_1.c_customer_sk
|  |  fk/pk conjuncts: tpcds_partitioned_parquet_snap.web_sales.ws_bill_customer_sk = tpcds_partitioned_parquet_snap.customer_1.c_customer_sk
|  |  mem-estimate=0B mem-reservation=0B spill-buffer=2.00MB thread-reservation=0
|  |  tuple-ids=16,18 row-size=48B cardinality=1.99G cost=870015958
|  |  in pipelines: 15(GETNEXT), 16(OPEN)
|  |
|  |--F22:PLAN FRAGMENT [RANDOM] hosts=10 instances=10
|  |  |  Per-Instance Resources: mem-estimate=1.89GB mem-reservation=424.00MB thread-reservation=1 runtime-filters-memory=16.00MB
|  |  |  max-parallelism=10 segment-costs=[69869990]
|  |  JOIN BUILD
|  |  |  join-table-id=05 plan-id=06 cohort-id=03
|  |  |  build expressions: tpcds_partitioned_parquet_snap.customer_1.c_customer_sk
|  |  |  runtime filters: RF010[bloom] <- tpcds_partitioned_parquet_snap.customer_1.c_customer_sk, RF011[min_max] <- tpcds_partitioned_parquet_snap.customer_1.c_customer_sk
|  |  |  mem-estimate=1.87GB mem-reservation=408.00MB spill-buffer=2.00MB thread-reservation=0 cost=30000000
|  |  |
|  |  33:EXCHANGE [BROADCAST]
|  |  |  mem-estimate=10.43MB mem-reservation=0B thread-reservation=0
|  |  |  tuple-ids=18 row-size=40B cardinality=30.00M cost=39869990
|  |  |  in pipelines: 16(GETNEXT)
|  |  |
|  |  F11:PLAN FRAGMENT [RANDOM] hosts=10 instances=10
|  |  Per-Instance Resources: mem-estimate=16.17MB mem-reservation=1.00MB thread-reservation=1
|  |  max-parallelism=10 segment-costs=[10783295]
|  |  16:SCAN HDFS [tpcds_partitioned_parquet_snap.customer, RANDOM]
|  |     HDFS partitions=1/1 files=1 size=1.55GB
|  |     stored statistics:
|  |       table: rows=30.00M size=1.55GB
|  |       columns: all
|  |     extrapolated-rows=disabled max-scan-range-rows=3.10M
|  |     mem-estimate=16.00MB mem-reservation=1.00MB thread-reservation=0
|  |     tuple-ids=18 row-size=40B cardinality=30.00M cost=6897933
|  |     in pipelines: 16(GETNEXT)
|  |
|  15:SCAN HDFS [tpcds_partitioned_parquet_snap.web_sales, RANDOM]
|     HDFS partitions=1824/1824 files=1824 size=145.75GB
|     runtime filters: RF011[min_max] -> tpcds_partitioned_parquet_snap.web_sales.ws_bill_customer_sk, RF008[bloom] -> tpcds_partitioned_parquet_snap.web_sales.ws_sold_date_sk, RF010[bloom] -> tpcds_partitioned_parquet_snap.web_sales.ws_bill_customer_sk
|     stored statistics:
|       table: rows=2.16G size=145.75GB
|       partitions: 1824/1824 rows=2.16G
|       columns: all
|     extrapolated-rows=disabled max-scan-range-rows=3.37M
|     mem-estimate=16.00MB mem-reservation=128.00KB thread-reservation=0
|     tuple-ids=16 row-size=8B cardinality=1.99G(filtered from 2.16G) cost=248828309
|     in pipelines: 15(GETNEXT)
|
32:AGGREGATE [FINALIZE]
|  output: count:merge(if($f3 = 0, 1, NULL)), count:merge(if($f3 = 1, 1, NULL))
|  group by: C_LAST_NAME, C_FIRST_NAME, D_DATE
|  having: count(if($f3 = 0, 1, NULL)) > CAST(0 AS BIGINT), count(if($f3 = 1, 1, NULL)) = CAST(0 AS BIGINT)
|  mem-estimate=128.00MB mem-reservation=34.00MB spill-buffer=2.00MB thread-reservation=0
|  tuple-ids=15 row-size=44B cardinality=1.19G cost=71055656730
|  in pipelines: 32(GETNEXT), 26(OPEN), 30(OPEN)
|
31:EXCHANGE [HASH(C_LAST_NAME,C_FIRST_NAME,D_DATE)]
|  mem-estimate=15.62MB mem-reservation=0B thread-reservation=0
|  tuple-ids=15 row-size=44B cardinality=11.90G cost=3729690316
|  in pipelines: 26(GETNEXT), 30(GETNEXT)
|
F08:PLAN FRAGMENT [RANDOM] hosts=10 instances=120
Per-Instance Resources: mem-estimate=1.34GB mem-reservation=68.00MB thread-reservation=1
max-parallelism=120 segment-costs=[49154165112, 24577710543, 72455093642, 39840468683] cpu-comparison-result=240 [max(120 (self) vs 240 (sum children))]
14:AGGREGATE [STREAMING]
|  output: count(if($f3 = CAST(0 AS TINYINT), CAST(1 AS TINYINT), NULL)), count(if($f3 = CAST(1 AS TINYINT), CAST(1 AS TINYINT), NULL))
|  group by: C_LAST_NAME, C_FIRST_NAME, D_DATE
|  mem-estimate=128.00MB mem-reservation=34.00MB spill-buffer=2.00MB thread-reservation=0
|  tuple-ids=15 row-size=44B cardinality=11.90G cost=71055656730
|  in pipelines: 26(GETNEXT), 30(GETNEXT)
|
01:UNION
|  mem-estimate=0B mem-reservation=0B thread-reservation=0
|  tuple-ids=14 row-size=29B cardinality=11.90G cost=1399436912
|  in pipelines: 26(GETNEXT), 30(GETNEXT)
|
|--30:AGGREGATE [FINALIZE]
|  |  group by: tpcds_partitioned_parquet_snap.customer_0.c_last_name, tpcds_partitioned_parquet_snap.customer_0.c_first_name, tpcds_partitioned_parquet_snap.date_dim_0.d_date
|  |  mem-estimate=793.46MB mem-reservation=34.00MB spill-buffer=2.00MB thread-reservation=0
|  |  tuple-ids=13 row-size=40B cardinality=3.97G cost=23408022405
|  |  in pipelines: 30(GETNEXT), 08(OPEN)
|  |
|  29:EXCHANGE [HASH(tpcds_partitioned_parquet_snap.customer_0.c_last_name,tpcds_partitioned_parquet_snap.customer_0.c_first_name,tpcds_partitioned_parquet_snap.date_dim_0.d_date)]
|  |  mem-estimate=15.15MB mem-reservation=0B thread-reservation=0
|  |  tuple-ids=13 row-size=40B cardinality=3.97G cost=1169688138
|  |  in pipelines: 08(GETNEXT)
|  |
|  F04:PLAN FRAGMENT [RANDOM] hosts=10 instances=120
|  Per-Host Shared Resources: mem-estimate=17.00MB mem-reservation=17.00MB thread-reservation=0 runtime-filters-memory=17.00MB
|  Per-Instance Resources: mem-estimate=727.70MB mem-reservation=35.00MB thread-reservation=1
|  max-parallelism=1831 segment-costs=[27377281266, 12250498427] cpu-comparison-result=120 [max(120 (self) vs 31 (sum children))]
|  13:AGGREGATE [STREAMING]
|  |  group by: tpcds_partitioned_parquet_snap.customer_0.c_last_name, tpcds_partitioned_parquet_snap.customer_0.c_first_name, tpcds_partitioned_parquet_snap.date_dim_0.d_date
|  |  mem-estimate=691.10MB mem-reservation=34.00MB spill-buffer=2.00MB thread-reservation=0
|  |  tuple-ids=13 row-size=40B cardinality=3.97G cost=23408022405
|  |  in pipelines: 08(GETNEXT)
|  |
|  12:HASH JOIN [INNER JOIN, BROADCAST]
|  |  hash-table-id=02
|  |  hash predicates: tpcds_partitioned_parquet_snap.catalog_sales.cs_sold_date_sk = tpcds_partitioned_parquet_snap.date_dim_0.d_date_sk
|  |  fk/pk conjuncts: tpcds_partitioned_parquet_snap.catalog_sales.cs_sold_date_sk = tpcds_partitioned_parquet_snap.date_dim_0.d_date_sk
|  |  mem-estimate=0B mem-reservation=0B spill-buffer=64.00KB thread-reservation=0
|  |  tuple-ids=7,9,11 row-size=60B cardinality=3.97G cost=1735792939
|  |  in pipelines: 08(GETNEXT), 11(OPEN)
|  |
|  |--F19:PLAN FRAGMENT [RANDOM] hosts=10 instances=10
|  |  |  Per-Instance Resources: mem-estimate=24.35MB mem-reservation=24.25MB thread-reservation=1 runtime-filters-memory=1.00MB
|  |  |  max-parallelism=10 segment-costs=[17005]
|  |  JOIN BUILD
|  |  |  join-table-id=02 plan-id=03 cohort-id=02
|  |  |  build expressions: tpcds_partitioned_parquet_snap.date_dim_0.d_date_sk
|  |  |  runtime filters: RF004[bloom] <- tpcds_partitioned_parquet_snap.date_dim_0.d_date_sk
|  |  |  mem-estimate=23.25MB mem-reservation=23.25MB spill-buffer=64.00KB thread-reservation=0 cost=7305
|  |  |
|  |  28:EXCHANGE [BROADCAST]
|  |  |  mem-estimate=101.61KB mem-reservation=0B thread-reservation=0
|  |  |  tuple-ids=11 row-size=12B cardinality=7.30K cost=9700
|  |  |  in pipelines: 11(GETNEXT)
|  |  |
|  |  F06:PLAN FRAGMENT [RANDOM] hosts=1 instances=1
|  |  Per-Instance Resources: mem-estimate=16.06MB mem-reservation=1.00MB thread-reservation=1
|  |  max-parallelism=1 segment-costs=[17122]
|  |  11:SCAN HDFS [tpcds_partitioned_parquet_snap.date_dim, RANDOM]
|  |     HDFS partitions=1/1 files=1 size=2.17MB
|  |     predicates: tpcds_partitioned_parquet_snap.date_dim_0.d_month_seq <= add(CAST(1204 AS INT), CAST(11 AS INT)), tpcds_partitioned_parquet_snap.date_dim_0.d_month_seq >= CAST(1204 AS INT)
|  |     stored statistics:
|  |       table: rows=73.05K size=2.17MB
|  |       columns: all
|  |     extrapolated-rows=disabled max-scan-range-rows=73.05K
|  |     parquet statistics predicates: tpcds_partitioned_parquet_snap.date_dim_0.d_month_seq <= add(CAST(1204 AS INT), CAST(11 AS INT)), tpcds_partitioned_parquet_snap.date_dim_0.d_month_seq >= CAST(1204 AS INT)
|  |     parquet dictionary predicates: tpcds_partitioned_parquet_snap.date_dim_0.d_month_seq <= add(CAST(1204 AS INT), CAST(11 AS INT)), tpcds_partitioned_parquet_snap.date_dim_0.d_month_seq >= CAST(1204 AS INT)
|  |     mem-estimate=16.00MB mem-reservation=1.00MB thread-reservation=0
|  |     tuple-ids=11 row-size=12B cardinality=7.30K cost=16728
|  |     in pipelines: 11(GETNEXT)
|  |
|  10:HASH JOIN [INNER JOIN, BROADCAST]
|  |  hash-table-id=03
|  |  hash predicates: tpcds_partitioned_parquet_snap.catalog_sales.cs_bill_customer_sk = tpcds_partitioned_parquet_snap.customer_0.c_customer_sk
|  |  fk/pk conjuncts: tpcds_partitioned_parquet_snap.catalog_sales.cs_bill_customer_sk = tpcds_partitioned_parquet_snap.customer_0.c_customer_sk
|  |  mem-estimate=0B mem-reservation=0B spill-buffer=2.00MB thread-reservation=0
|  |  tuple-ids=7,9 row-size=48B cardinality=3.97G cost=1735792939
|  |  in pipelines: 08(GETNEXT), 09(OPEN)
|  |
|  |--F20:PLAN FRAGMENT [RANDOM] hosts=10 instances=10
|  |  |  Per-Instance Resources: mem-estimate=1.89GB mem-reservation=424.00MB thread-reservation=1 runtime-filters-memory=16.00MB
|  |  |  max-parallelism=10 segment-costs=[69869990]
|  |  JOIN BUILD
|  |  |  join-table-id=03 plan-id=04 cohort-id=02
|  |  |  build expressions: tpcds_partitioned_parquet_snap.customer_0.c_customer_sk
|  |  |  runtime filters: RF006[bloom] <- tpcds_partitioned_parquet_snap.customer_0.c_customer_sk, RF007[min_max] <- tpcds_partitioned_parquet_snap.customer_0.c_customer_sk
|  |  |  mem-estimate=1.87GB mem-reservation=408.00MB spill-buffer=2.00MB thread-reservation=0 cost=30000000
|  |  |
|  |  27:EXCHANGE [BROADCAST]
|  |  |  mem-estimate=10.43MB mem-reservation=0B thread-reservation=0
|  |  |  tuple-ids=9 row-size=40B cardinality=30.00M cost=39869990
|  |  |  in pipelines: 09(GETNEXT)
|  |  |
|  |  F05:PLAN FRAGMENT [RANDOM] hosts=10 instances=10
|  |  Per-Instance Resources: mem-estimate=16.17MB mem-reservation=1.00MB thread-reservation=1
|  |  max-parallelism=10 segment-costs=[10783295]
|  |  09:SCAN HDFS [tpcds_partitioned_parquet_snap.customer, RANDOM]
|  |     HDFS partitions=1/1 files=1 size=1.55GB
|  |     stored statistics:
|  |       table: rows=30.00M size=1.55GB
|  |       columns: all
|  |     extrapolated-rows=disabled max-scan-range-rows=3.10M
|  |     mem-estimate=16.00MB mem-reservation=1.00MB thread-reservation=0
|  |     tuple-ids=9 row-size=40B cardinality=30.00M cost=6897933
|  |     in pipelines: 09(GETNEXT)
|  |
|  08:SCAN HDFS [tpcds_partitioned_parquet_snap.catalog_sales, RANDOM]
|     HDFS partitions=1831/1831 files=1831 size=280.96GB
|     runtime filters: RF007[min_max] -> tpcds_partitioned_parquet_snap.catalog_sales.cs_bill_customer_sk, RF004[bloom] -> tpcds_partitioned_parquet_snap.catalog_sales.cs_sold_date_sk, RF006[bloom] -> tpcds_partitioned_parquet_snap.catalog_sales.cs_bill_customer_sk
|     stored statistics:
|       table: rows=4.32G size=280.96GB
|       partitions: 1831/1831 rows=4.32G
|       columns: all
|     extrapolated-rows=disabled max-scan-range-rows=21.52M
|     mem-estimate=16.00MB mem-reservation=1.00MB thread-reservation=0
|     tuple-ids=7 row-size=8B cardinality=3.97G(filtered from 4.32G) cost=497672983
|     in pipelines: 08(GETNEXT)
|
26:AGGREGATE [FINALIZE]
|  group by: tpcds_partitioned_parquet_snap.customer.c_last_name, tpcds_partitioned_parquet_snap.customer.c_first_name, tpcds_partitioned_parquet_snap.date_dim.d_date
|  mem-estimate=1.17GB mem-reservation=34.00MB spill-buffer=2.00MB thread-reservation=0
|  tuple-ids=6 row-size=40B cardinality=7.93G cost=46814848608
|  in pipelines: 26(GETNEXT), 02(OPEN)
|
25:EXCHANGE [HASH(tpcds_partitioned_parquet_snap.customer.c_last_name,tpcds_partitioned_parquet_snap.customer.c_first_name,tpcds_partitioned_parquet_snap.date_dim.d_date)]
|  mem-estimate=15.15MB mem-reservation=0B thread-reservation=0
|  tuple-ids=6 row-size=40B cardinality=7.93G cost=2339316504
|  in pipelines: 02(GETNEXT)
|
F00:PLAN FRAGMENT [RANDOM] hosts=10 instances=120
Per-Host Shared Resources: mem-estimate=17.00MB mem-reservation=17.00MB thread-reservation=0 runtime-filters-memory=17.00MB
Per-Instance Resources: mem-estimate=1.01GB mem-reservation=38.00MB thread-reservation=1
max-parallelism=1824 segment-costs=[54753163494, 24500370827] cpu-comparison-result=120 [max(120 (self) vs 31 (sum children))]
07:AGGREGATE [STREAMING]
|  group by: tpcds_partitioned_parquet_snap.customer.c_last_name, tpcds_partitioned_parquet_snap.customer.c_first_name, tpcds_partitioned_parquet_snap.date_dim.d_date
|  mem-estimate=998.17MB mem-reservation=34.00MB spill-buffer=2.00MB thread-reservation=0
|  tuple-ids=6 row-size=40B cardinality=7.93G cost=46814848608
|  in pipelines: 02(GETNEXT)
|
06:HASH JOIN [INNER JOIN, BROADCAST]
|  hash-table-id=00
|  hash predicates: tpcds_partitioned_parquet_snap.store_sales.ss_sold_date_sk = tpcds_partitioned_parquet_snap.date_dim.d_date_sk
|  fk/pk conjuncts: tpcds_partitioned_parquet_snap.store_sales.ss_sold_date_sk = tpcds_partitioned_parquet_snap.date_dim.d_date_sk
|  mem-estimate=0B mem-reservation=0B spill-buffer=64.00KB thread-reservation=0
|  tuple-ids=0,2,4 row-size=60B cardinality=7.93G cost=3471497176
|  in pipelines: 02(GETNEXT), 05(OPEN)
|
|--F17:PLAN FRAGMENT [RANDOM] hosts=10 instances=10
|  |  Per-Instance Resources: mem-estimate=24.35MB mem-reservation=24.25MB thread-reservation=1 runtime-filters-memory=1.00MB
|  |  max-parallelism=10 segment-costs=[17005]
|  JOIN BUILD
|  |  join-table-id=00 plan-id=01 cohort-id=01
|  |  build expressions: tpcds_partitioned_parquet_snap.date_dim.d_date_sk
|  |  runtime filters: RF000[bloom] <- tpcds_partitioned_parquet_snap.date_dim.d_date_sk
|  |  mem-estimate=23.25MB mem-reservation=23.25MB spill-buffer=64.00KB thread-reservation=0 cost=7305
|  |
|  24:EXCHANGE [BROADCAST]
|  |  mem-estimate=101.61KB mem-reservation=0B thread-reservation=0
|  |  tuple-ids=4 row-size=12B cardinality=7.30K cost=9700
|  |  in pipelines: 05(GETNEXT)
|  |
|  F02:PLAN FRAGMENT [RANDOM] hosts=1 instances=1
|  Per-Instance Resources: mem-estimate=16.06MB mem-reservation=1.00MB thread-reservation=1
|  max-parallelism=1 segment-costs=[17122]
|  05:SCAN HDFS [tpcds_partitioned_parquet_snap.date_dim, RANDOM]
|     HDFS partitions=1/1 files=1 size=2.17MB
|     predicates: tpcds_partitioned_parquet_snap.date_dim.d_month_seq <= add(CAST(1204 AS INT), CAST(11 AS INT)), tpcds_partitioned_parquet_snap.date_dim.d_month_seq >= CAST(1204 AS INT)
|     stored statistics:
|       table: rows=73.05K size=2.17MB
|       columns: all
|     extrapolated-rows=disabled max-scan-range-rows=73.05K
|     parquet statistics predicates: tpcds_partitioned_parquet_snap.date_dim.d_month_seq <= add(CAST(1204 AS INT), CAST(11 AS INT)), tpcds_partitioned_parquet_snap.date_dim.d_month_seq >= CAST(1204 AS INT)
|     parquet dictionary predicates: tpcds_partitioned_parquet_snap.date_dim.d_month_seq <= add(CAST(1204 AS INT), CAST(11 AS INT)), tpcds_partitioned_parquet_snap.date_dim.d_month_seq >= CAST(1204 AS INT)
|     mem-estimate=16.00MB mem-reservation=1.00MB thread-reservation=0
|     tuple-ids=4 row-size=12B cardinality=7.30K cost=16728
|     in pipelines: 05(GETNEXT)
|
04:HASH JOIN [INNER JOIN, BROADCAST]
|  hash-table-id=01
|  hash predicates: tpcds_partitioned_parquet_snap.store_sales.ss_customer_sk = tpcds_partitioned_parquet_snap.customer.c_customer_sk
|  fk/pk conjuncts: tpcds_partitioned_parquet_snap.store_sales.ss_customer_sk = tpcds_partitioned_parquet_snap.customer.c_customer_sk
|  mem-estimate=0B mem-reservation=0B spill-buffer=2.00MB thread-reservation=0
|  tuple-ids=0,2 row-size=48B cardinality=7.93G cost=3471497176
|  in pipelines: 02(GETNEXT), 03(OPEN)
|
|--F18:PLAN FRAGMENT [RANDOM] hosts=10 instances=10
|  |  Per-Instance Resources: mem-estimate=1.89GB mem-reservation=424.00MB thread-reservation=1 runtime-filters-memory=16.00MB
|  |  max-parallelism=10 segment-costs=[69869990]
|  JOIN BUILD
|  |  join-table-id=01 plan-id=02 cohort-id=01
|  |  build expressions: tpcds_partitioned_parquet_snap.customer.c_customer_sk
|  |  runtime filters: RF002[bloom] <- tpcds_partitioned_parquet_snap.customer.c_customer_sk, RF003[min_max] <- tpcds_partitioned_parquet_snap.customer.c_customer_sk
|  |  mem-estimate=1.87GB mem-reservation=408.00MB spill-buffer=2.00MB thread-reservation=0 cost=30000000
|  |
|  23:EXCHANGE [BROADCAST]
|  |  mem-estimate=10.43MB mem-reservation=0B thread-reservation=0
|  |  tuple-ids=2 row-size=40B cardinality=30.00M cost=39869990
|  |  in pipelines: 03(GETNEXT)
|  |
|  F01:PLAN FRAGMENT [RANDOM] hosts=10 instances=10
|  Per-Instance Resources: mem-estimate=16.17MB mem-reservation=1.00MB thread-reservation=1
|  max-parallelism=10 segment-costs=[10783295]
|  03:SCAN HDFS [tpcds_partitioned_parquet_snap.customer, RANDOM]
|     HDFS partitions=1/1 files=1 size=1.55GB
|     stored statistics:
|       table: rows=30.00M size=1.55GB
|       columns: all
|     extrapolated-rows=disabled max-scan-range-rows=3.10M
|     mem-estimate=16.00MB mem-reservation=1.00MB thread-reservation=0
|     tuple-ids=2 row-size=40B cardinality=30.00M cost=6897933
|     in pipelines: 03(GETNEXT)
|
02:SCAN HDFS [tpcds_partitioned_parquet_snap.store_sales, RANDOM]
   HDFS partitions=1824/1824 files=1824 size=389.90GB
   runtime filters: RF003[min_max] -> tpcds_partitioned_parquet_snap.store_sales.ss_customer_sk, RF000[bloom] -> tpcds_partitioned_parquet_snap.store_sales.ss_sold_date_sk, RF002[bloom] -> tpcds_partitioned_parquet_snap.store_sales.ss_customer_sk
   stored statistics:
     table: rows=8.64G size=389.90GB
     partitions: 1824/1824 rows=8.64G
     columns: all
   extrapolated-rows=disabled max-scan-range-rows=390.22M
   mem-estimate=16.00MB mem-reservation=4.00MB thread-reservation=0
   tuple-ids=0 row-size=8B cardinality=7.93G(filtered from 8.64G) cost=995320534
   in pipelines: 02(GETNEXT)
---- PARALLELPLANS
Max Per-Host Resource Reservation: Memory=4.59GB Threads=108
Per-Host Resource Estimates: Memory=58.69GB
F17:PLAN FRAGMENT [UNPARTITIONED] hosts=1 instances=1
|  Per-Instance Resources: mem-estimate=4.02MB mem-reservation=4.00MB thread-reservation=1
|  max-parallelism=1 segment-costs=[25, 1] cpu-comparison-result=480 [max(1 (self) vs 480 (sum children))]
PLAN-ROOT SINK
|  output exprs: count()
|  mem-estimate=4.00MB mem-reservation=4.00MB spill-buffer=2.00MB thread-reservation=0 cost=1
|
41:AGGREGATE [FINALIZE]
|  output: count:merge()
|  mem-estimate=16.00KB mem-reservation=0B spill-buffer=2.00MB thread-reservation=0
|  tuple-ids=25 row-size=8B cardinality=1 cost=8
|  in pipelines: 41(GETNEXT), 22(OPEN)
|
40:EXCHANGE [UNPARTITIONED]
|  mem-estimate=168.84KB mem-reservation=0B thread-reservation=0
|  tuple-ids=25 row-size=8B cardinality=120 cost=17
|  in pipelines: 22(GETNEXT)
|
F16:PLAN FRAGMENT [HASH(C_LAST_NAME,C_FIRST_NAME,D_DATE)] hosts=10 instances=120
Per-Instance Resources: mem-estimate=143.62MB mem-reservation=34.00MB thread-reservation=1
max-parallelism=2000 segment-costs=[19973410910, 22241751, 123] cpu-comparison-result=480 [max(120 (self) vs 480 (sum children))]
22:AGGREGATE
|  output: count()
|  mem-estimate=16.00KB mem-reservation=0B spill-buffer=2.00MB thread-reservation=0
|  tuple-ids=25 row-size=8B cardinality=120 cost=22241751
|  in pipelines: 22(GETNEXT), 39(OPEN)
|
39:AGGREGATE [FINALIZE]
|  output: count:merge(if($f3 = 0, 1, NULL)), count:merge(if($f3 = 1, 1, NULL))
|  group by: C_LAST_NAME, C_FIRST_NAME, D_DATE
|  having: count(if($f3 = 0, 1, NULL)) > CAST(0 AS BIGINT), count(if($f3 = 1, 1, NULL)) = CAST(0 AS BIGINT)
|  mem-estimate=128.00MB mem-reservation=34.00MB spill-buffer=2.00MB thread-reservation=0
|  tuple-ids=24 row-size=44B cardinality=317.74M cost=18977298166
|  in pipelines: 39(GETNEXT), 32(OPEN), 37(OPEN)
|
38:EXCHANGE [HASH(C_LAST_NAME,C_FIRST_NAME,D_DATE)]
|  mem-estimate=15.62MB mem-reservation=0B thread-reservation=0
|  tuple-ids=24 row-size=44B cardinality=3.18G cost=996112744
|  in pipelines: 32(GETNEXT), 37(GETNEXT)
|
F15:PLAN FRAGMENT [RANDOM] hosts=10 instances=120
Per-Instance Resources: mem-estimate=754.88MB mem-reservation=68.00MB thread-reservation=1
max-parallelism=120 segment-costs=[74785347046, 12318865861, 19351054919, 10640454090] cpu-comparison-result=480 [max(120 (self) vs 480 (sum children))]
21:AGGREGATE [STREAMING]
|  output: count(if($f3 = CAST(0 AS TINYINT), CAST(1 AS TINYINT), NULL)), count(if($f3 = CAST(1 AS TINYINT), CAST(1 AS TINYINT), NULL))
|  group by: C_LAST_NAME, C_FIRST_NAME, D_DATE
|  mem-estimate=128.00MB mem-reservation=34.00MB spill-buffer=2.00MB thread-reservation=0
|  tuple-ids=24 row-size=44B cardinality=3.18G cost=18977298166
|  in pipelines: 32(GETNEXT), 37(GETNEXT)
|
00:UNION
|  mem-estimate=0B mem-reservation=0B thread-reservation=0
|  tuple-ids=23 row-size=29B cardinality=3.18G cost=373756753
|  in pipelines: 32(GETNEXT), 37(GETNEXT)
|
|--37:AGGREGATE [FINALIZE]
|  |  group by: tpcds_partitioned_parquet_snap.customer_1.c_last_name, tpcds_partitioned_parquet_snap.customer_1.c_first_name, tpcds_partitioned_parquet_snap.date_dim_1.d_date
|  |  mem-estimate=589.23MB mem-reservation=34.00MB spill-buffer=2.00MB thread-reservation=0
|  |  tuple-ids=22 row-size=40B cardinality=1.99G cost=11732593545
|  |  in pipelines: 37(GETNEXT), 15(OPEN)
|  |
|  36:EXCHANGE [HASH(tpcds_partitioned_parquet_snap.customer_1.c_last_name,tpcds_partitioned_parquet_snap.customer_1.c_first_name,tpcds_partitioned_parquet_snap.date_dim_1.d_date)]
|  |  mem-estimate=15.15MB mem-reservation=0B thread-reservation=0
|  |  tuple-ids=22 row-size=40B cardinality=1.99G cost=586272316
|  |  in pipelines: 15(GETNEXT)
|  |
|  F12:PLAN FRAGMENT [HASH(tpcds_partitioned_parquet_snap.web_sales.ws_bill_customer_sk)] hosts=10 instances=120
|  Per-Instance Resources: mem-estimate=569.94MB mem-reservation=34.00MB thread-reservation=1
|  max-parallelism=1380 segment-costs=[13766606178, 6140207673] cpu-comparison-result=240 [max(240 (self) vs 141 (sum children))]
|  20:AGGREGATE [STREAMING]
|  |  group by: tpcds_partitioned_parquet_snap.customer_1.c_last_name, tpcds_partitioned_parquet_snap.customer_1.c_first_name, tpcds_partitioned_parquet_snap.date_dim_1.d_date
|  |  mem-estimate=537.92MB mem-reservation=34.00MB spill-buffer=2.00MB thread-reservation=0
|  |  tuple-ids=22 row-size=40B cardinality=1.99G cost=11732593545
|  |  in pipelines: 15(GETNEXT)
|  |
|  19:HASH JOIN [INNER JOIN, BROADCAST]
|  |  hash-table-id=04
|  |  hash predicates: tpcds_partitioned_parquet_snap.web_sales.ws_sold_date_sk = tpcds_partitioned_parquet_snap.date_dim_1.d_date_sk
|  |  fk/pk conjuncts: tpcds_partitioned_parquet_snap.web_sales.ws_sold_date_sk = tpcds_partitioned_parquet_snap.date_dim_1.d_date_sk
|  |  mem-estimate=0B mem-reservation=0B spill-buffer=64.00KB thread-reservation=0
|  |  tuple-ids=16,18,20 row-size=60B cardinality=1.99G cost=870015958
|  |  in pipelines: 15(GETNEXT), 18(OPEN)
|  |
|  |--F22:PLAN FRAGMENT [HASH(tpcds_partitioned_parquet_snap.web_sales.ws_bill_customer_sk)] hosts=10 instances=10
|  |  |  Per-Instance Resources: mem-estimate=24.35MB mem-reservation=24.25MB thread-reservation=1 runtime-filters-memory=1.00MB
|  |  |  max-parallelism=10 segment-costs=[17005]
|  |  JOIN BUILD
|  |  |  join-table-id=04 plan-id=05 cohort-id=03
|  |  |  build expressions: tpcds_partitioned_parquet_snap.date_dim_1.d_date_sk
|  |  |  runtime filters: RF008[bloom] <- tpcds_partitioned_parquet_snap.date_dim_1.d_date_sk
|  |  |  mem-estimate=23.25MB mem-reservation=23.25MB spill-buffer=64.00KB thread-reservation=0 cost=7305
|  |  |
|  |  35:EXCHANGE [BROADCAST]
|  |  |  mem-estimate=101.61KB mem-reservation=0B thread-reservation=0
|  |  |  tuple-ids=20 row-size=12B cardinality=7.30K cost=9700
|  |  |  in pipelines: 18(GETNEXT)
|  |  |
|  |  F13:PLAN FRAGMENT [RANDOM] hosts=1 instances=1
|  |  Per-Instance Resources: mem-estimate=16.06MB mem-reservation=1.00MB thread-reservation=1
|  |  max-parallelism=1 segment-costs=[17122]
|  |  18:SCAN HDFS [tpcds_partitioned_parquet_snap.date_dim, RANDOM]
|  |     HDFS partitions=1/1 files=1 size=2.17MB
|  |     predicates: tpcds_partitioned_parquet_snap.date_dim_1.d_month_seq <= add(CAST(1204 AS INT), CAST(11 AS INT)), tpcds_partitioned_parquet_snap.date_dim_1.d_month_seq >= CAST(1204 AS INT)
|  |     stored statistics:
|  |       table: rows=73.05K size=2.17MB
|  |       columns: all
|  |     extrapolated-rows=disabled max-scan-range-rows=73.05K
|  |     parquet statistics predicates: tpcds_partitioned_parquet_snap.date_dim_1.d_month_seq <= add(CAST(1204 AS INT), CAST(11 AS INT)), tpcds_partitioned_parquet_snap.date_dim_1.d_month_seq >= CAST(1204 AS INT)
|  |     parquet dictionary predicates: tpcds_partitioned_parquet_snap.date_dim_1.d_month_seq <= add(CAST(1204 AS INT), CAST(11 AS INT)), tpcds_partitioned_parquet_snap.date_dim_1.d_month_seq >= CAST(1204 AS INT)
|  |     mem-estimate=16.00MB mem-reservation=1.00MB thread-reservation=0
|  |     tuple-ids=20 row-size=12B cardinality=7.30K cost=16728
|  |     in pipelines: 18(GETNEXT)
|  |
|  17:HASH JOIN [INNER JOIN, PARTITIONED]
|  |  hash-table-id=05
|  |  hash predicates: tpcds_partitioned_parquet_snap.web_sales.ws_bill_customer_sk = tpcds_partitioned_parquet_snap.customer_1.c_customer_sk
|  |  fk/pk conjuncts: tpcds_partitioned_parquet_snap.web_sales.ws_bill_customer_sk = tpcds_partitioned_parquet_snap.customer_1.c_customer_sk
|  |  mem-estimate=0B mem-reservation=0B spill-buffer=1.00MB thread-reservation=0
|  |  tuple-ids=16,18 row-size=48B cardinality=1.99G cost=870015958
|  |  in pipelines: 15(GETNEXT), 16(OPEN)
|  |
|  |--F23:PLAN FRAGMENT [HASH(tpcds_partitioned_parquet_snap.web_sales.ws_bill_customer_sk)] hosts=10 instances=120
|  |  |  Per-Instance Resources: mem-estimate=43.43MB mem-reservation=33.00MB thread-reservation=1 runtime-filters-memory=16.00MB
|  |  |  max-parallelism=1380 segment-costs=[38848506]
|  |  JOIN BUILD
|  |  |  join-table-id=05 plan-id=06 cohort-id=03
|  |  |  build expressions: tpcds_partitioned_parquet_snap.customer_1.c_customer_sk
|  |  |  runtime filters: RF010[bloom] <- tpcds_partitioned_parquet_snap.customer_1.c_customer_sk, RF011[min_max] <- tpcds_partitioned_parquet_snap.customer_1.c_customer_sk
|  |  |  mem-estimate=17.00MB mem-reservation=17.00MB spill-buffer=1.00MB thread-reservation=0 cost=30000000
|  |  |
|  |  34:EXCHANGE [HASH(tpcds_partitioned_parquet_snap.customer_1.c_customer_sk)]
|  |  |  mem-estimate=10.43MB mem-reservation=0B thread-reservation=0
|  |  |  tuple-ids=18 row-size=40B cardinality=30.00M cost=8848506
|  |  |  in pipelines: 16(GETNEXT)
|  |  |
|  |  F11:PLAN FRAGMENT [RANDOM] hosts=10 instances=10
|  |  Per-Instance Resources: mem-estimate=36.61MB mem-reservation=1.00MB thread-reservation=1
|  |  max-parallelism=10 segment-costs=[99571022]
|  |  16:SCAN HDFS [tpcds_partitioned_parquet_snap.customer, RANDOM]
|  |     HDFS partitions=1/1 files=1 size=1.55GB
|  |     stored statistics:
|  |       table: rows=30.00M size=1.55GB
|  |       columns: all
|  |     extrapolated-rows=disabled max-scan-range-rows=3.10M
|  |     mem-estimate=16.00MB mem-reservation=1.00MB thread-reservation=0
|  |     tuple-ids=18 row-size=40B cardinality=30.00M cost=6897933
|  |     in pipelines: 16(GETNEXT)
|  |
|  33:EXCHANGE [HASH(tpcds_partitioned_parquet_snap.web_sales.ws_bill_customer_sk)]
|  |  mem-estimate=11.41MB mem-reservation=0B thread-reservation=0
|  |  tuple-ids=16 row-size=8B cardinality=1.99G(filtered from 2.16G) cost=293980717
|  |  in pipelines: 15(GETNEXT)
|  |
|  F10:PLAN FRAGMENT [RANDOM] hosts=10 instances=120
|  Per-Host Shared Resources: mem-estimate=17.00MB mem-reservation=17.00MB thread-reservation=0 runtime-filters-memory=17.00MB
|  Per-Instance Resources: mem-estimate=21.62MB mem-reservation=128.00KB thread-reservation=1
|  max-parallelism=230 segment-costs=[2296953607]
|  15:SCAN HDFS [tpcds_partitioned_parquet_snap.web_sales, RANDOM]
|     HDFS partitions=1824/1824 files=1824 size=145.75GB
|     runtime filters: RF011[min_max] -> tpcds_partitioned_parquet_snap.web_sales.ws_bill_customer_sk, RF008[bloom] -> tpcds_partitioned_parquet_snap.web_sales.ws_sold_date_sk, RF010[bloom] -> tpcds_partitioned_parquet_snap.web_sales.ws_bill_customer_sk
|     stored statistics:
|       table: rows=2.16G size=145.75GB
|       partitions: 1824/1824 rows=2.16G
|       columns: all
|     extrapolated-rows=disabled max-scan-range-rows=3.37M
|     mem-estimate=16.00MB mem-reservation=128.00KB thread-reservation=0
|     tuple-ids=16 row-size=8B cardinality=1.99G(filtered from 2.16G) cost=248828309
|     in pipelines: 15(GETNEXT)
|
32:AGGREGATE [FINALIZE]
|  output: count:merge(if($f3 = 0, 1, NULL)), count:merge(if($f3 = 1, 1, NULL))
|  group by: C_LAST_NAME, C_FIRST_NAME, D_DATE
|  having: count(if($f3 = 0, 1, NULL)) > CAST(0 AS BIGINT), count(if($f3 = 1, 1, NULL)) = CAST(0 AS BIGINT)
|  mem-estimate=128.00MB mem-reservation=34.00MB spill-buffer=2.00MB thread-reservation=0
|  tuple-ids=15 row-size=44B cardinality=1.19G cost=71055656730
|  in pipelines: 32(GETNEXT), 26(OPEN), 30(OPEN)
|
31:EXCHANGE [HASH(C_LAST_NAME,C_FIRST_NAME,D_DATE)]
|  mem-estimate=15.62MB mem-reservation=0B thread-reservation=0
|  tuple-ids=15 row-size=44B cardinality=11.90G cost=3729690316
|  in pipelines: 26(GETNEXT), 30(GETNEXT)
|
F08:PLAN FRAGMENT [RANDOM] hosts=10 instances=120
Per-Instance Resources: mem-estimate=1.34GB mem-reservation=68.00MB thread-reservation=1
max-parallelism=120 segment-costs=[49154165112, 24577710543, 72455093642, 39840468683] cpu-comparison-result=240 [max(120 (self) vs 240 (sum children))]
14:AGGREGATE [STREAMING]
|  output: count(if($f3 = CAST(0 AS TINYINT), CAST(1 AS TINYINT), NULL)), count(if($f3 = CAST(1 AS TINYINT), CAST(1 AS TINYINT), NULL))
|  group by: C_LAST_NAME, C_FIRST_NAME, D_DATE
|  mem-estimate=128.00MB mem-reservation=34.00MB spill-buffer=2.00MB thread-reservation=0
|  tuple-ids=15 row-size=44B cardinality=11.90G cost=71055656730
|  in pipelines: 26(GETNEXT), 30(GETNEXT)
|
01:UNION
|  mem-estimate=0B mem-reservation=0B thread-reservation=0
|  tuple-ids=14 row-size=29B cardinality=11.90G cost=1399436912
|  in pipelines: 26(GETNEXT), 30(GETNEXT)
|
|--30:AGGREGATE [FINALIZE]
|  |  group by: tpcds_partitioned_parquet_snap.customer_0.c_last_name, tpcds_partitioned_parquet_snap.customer_0.c_first_name, tpcds_partitioned_parquet_snap.date_dim_0.d_date
|  |  mem-estimate=793.46MB mem-reservation=34.00MB spill-buffer=2.00MB thread-reservation=0
|  |  tuple-ids=13 row-size=40B cardinality=3.97G cost=23408022405
|  |  in pipelines: 30(GETNEXT), 08(OPEN)
|  |
|  29:EXCHANGE [HASH(tpcds_partitioned_parquet_snap.customer_0.c_last_name,tpcds_partitioned_parquet_snap.customer_0.c_first_name,tpcds_partitioned_parquet_snap.date_dim_0.d_date)]
|  |  mem-estimate=15.15MB mem-reservation=0B thread-reservation=0
|  |  tuple-ids=13 row-size=40B cardinality=3.97G cost=1169688138
|  |  in pipelines: 08(GETNEXT)
|  |
|  F04:PLAN FRAGMENT [RANDOM] hosts=10 instances=120
|  Per-Host Shared Resources: mem-estimate=17.00MB mem-reservation=17.00MB thread-reservation=0 runtime-filters-memory=17.00MB
|  Per-Instance Resources: mem-estimate=727.70MB mem-reservation=35.00MB thread-reservation=1
|  max-parallelism=1831 segment-costs=[27377281266, 12250498427] cpu-comparison-result=120 [max(120 (self) vs 31 (sum children))]
|  13:AGGREGATE [STREAMING]
|  |  group by: tpcds_partitioned_parquet_snap.customer_0.c_last_name, tpcds_partitioned_parquet_snap.customer_0.c_first_name, tpcds_partitioned_parquet_snap.date_dim_0.d_date
|  |  mem-estimate=691.10MB mem-reservation=34.00MB spill-buffer=2.00MB thread-reservation=0
|  |  tuple-ids=13 row-size=40B cardinality=3.97G cost=23408022405
|  |  in pipelines: 08(GETNEXT)
|  |
|  12:HASH JOIN [INNER JOIN, BROADCAST]
|  |  hash-table-id=02
|  |  hash predicates: tpcds_partitioned_parquet_snap.catalog_sales.cs_sold_date_sk = tpcds_partitioned_parquet_snap.date_dim_0.d_date_sk
|  |  fk/pk conjuncts: tpcds_partitioned_parquet_snap.catalog_sales.cs_sold_date_sk = tpcds_partitioned_parquet_snap.date_dim_0.d_date_sk
|  |  mem-estimate=0B mem-reservation=0B spill-buffer=64.00KB thread-reservation=0
|  |  tuple-ids=7,9,11 row-size=60B cardinality=3.97G cost=1735792939
|  |  in pipelines: 08(GETNEXT), 11(OPEN)
|  |
|  |--F20:PLAN FRAGMENT [RANDOM] hosts=10 instances=10
|  |  |  Per-Instance Resources: mem-estimate=24.35MB mem-reservation=24.25MB thread-reservation=1 runtime-filters-memory=1.00MB
|  |  |  max-parallelism=10 segment-costs=[17005]
|  |  JOIN BUILD
|  |  |  join-table-id=02 plan-id=03 cohort-id=02
|  |  |  build expressions: tpcds_partitioned_parquet_snap.date_dim_0.d_date_sk
|  |  |  runtime filters: RF004[bloom] <- tpcds_partitioned_parquet_snap.date_dim_0.d_date_sk
|  |  |  mem-estimate=23.25MB mem-reservation=23.25MB spill-buffer=64.00KB thread-reservation=0 cost=7305
|  |  |
|  |  28:EXCHANGE [BROADCAST]
|  |  |  mem-estimate=101.61KB mem-reservation=0B thread-reservation=0
|  |  |  tuple-ids=11 row-size=12B cardinality=7.30K cost=9700
|  |  |  in pipelines: 11(GETNEXT)
|  |  |
|  |  F06:PLAN FRAGMENT [RANDOM] hosts=1 instances=1
|  |  Per-Instance Resources: mem-estimate=16.06MB mem-reservation=1.00MB thread-reservation=1
|  |  max-parallelism=1 segment-costs=[17122]
|  |  11:SCAN HDFS [tpcds_partitioned_parquet_snap.date_dim, RANDOM]
|  |     HDFS partitions=1/1 files=1 size=2.17MB
|  |     predicates: tpcds_partitioned_parquet_snap.date_dim_0.d_month_seq <= add(CAST(1204 AS INT), CAST(11 AS INT)), tpcds_partitioned_parquet_snap.date_dim_0.d_month_seq >= CAST(1204 AS INT)
|  |     stored statistics:
|  |       table: rows=73.05K size=2.17MB
|  |       columns: all
|  |     extrapolated-rows=disabled max-scan-range-rows=73.05K
|  |     parquet statistics predicates: tpcds_partitioned_parquet_snap.date_dim_0.d_month_seq <= add(CAST(1204 AS INT), CAST(11 AS INT)), tpcds_partitioned_parquet_snap.date_dim_0.d_month_seq >= CAST(1204 AS INT)
|  |     parquet dictionary predicates: tpcds_partitioned_parquet_snap.date_dim_0.d_month_seq <= add(CAST(1204 AS INT), CAST(11 AS INT)), tpcds_partitioned_parquet_snap.date_dim_0.d_month_seq >= CAST(1204 AS INT)
|  |     mem-estimate=16.00MB mem-reservation=1.00MB thread-reservation=0
|  |     tuple-ids=11 row-size=12B cardinality=7.30K cost=16728
|  |     in pipelines: 11(GETNEXT)
|  |
|  10:HASH JOIN [INNER JOIN, BROADCAST]
|  |  hash-table-id=03
|  |  hash predicates: tpcds_partitioned_parquet_snap.catalog_sales.cs_bill_customer_sk = tpcds_partitioned_parquet_snap.customer_0.c_customer_sk
|  |  fk/pk conjuncts: tpcds_partitioned_parquet_snap.catalog_sales.cs_bill_customer_sk = tpcds_partitioned_parquet_snap.customer_0.c_customer_sk
|  |  mem-estimate=0B mem-reservation=0B spill-buffer=2.00MB thread-reservation=0
|  |  tuple-ids=7,9 row-size=48B cardinality=3.97G cost=1735792939
|  |  in pipelines: 08(GETNEXT), 09(OPEN)
|  |
|  |--F21:PLAN FRAGMENT [RANDOM] hosts=10 instances=10
|  |  |  Per-Instance Resources: mem-estimate=1.89GB mem-reservation=424.00MB thread-reservation=1 runtime-filters-memory=16.00MB
|  |  |  max-parallelism=10 segment-costs=[69869990]
|  |  JOIN BUILD
|  |  |  join-table-id=03 plan-id=04 cohort-id=02
|  |  |  build expressions: tpcds_partitioned_parquet_snap.customer_0.c_customer_sk
|  |  |  runtime filters: RF006[bloom] <- tpcds_partitioned_parquet_snap.customer_0.c_customer_sk, RF007[min_max] <- tpcds_partitioned_parquet_snap.customer_0.c_customer_sk
|  |  |  mem-estimate=1.87GB mem-reservation=408.00MB spill-buffer=2.00MB thread-reservation=0 cost=30000000
|  |  |
|  |  27:EXCHANGE [BROADCAST]
|  |  |  mem-estimate=10.43MB mem-reservation=0B thread-reservation=0
|  |  |  tuple-ids=9 row-size=40B cardinality=30.00M cost=39869990
|  |  |  in pipelines: 09(GETNEXT)
|  |  |
|  |  F05:PLAN FRAGMENT [RANDOM] hosts=10 instances=10
|  |  Per-Instance Resources: mem-estimate=16.17MB mem-reservation=1.00MB thread-reservation=1
|  |  max-parallelism=10 segment-costs=[10783295]
|  |  09:SCAN HDFS [tpcds_partitioned_parquet_snap.customer, RANDOM]
|  |     HDFS partitions=1/1 files=1 size=1.55GB
|  |     stored statistics:
|  |       table: rows=30.00M size=1.55GB
|  |       columns: all
|  |     extrapolated-rows=disabled max-scan-range-rows=3.10M
|  |     mem-estimate=16.00MB mem-reservation=1.00MB thread-reservation=0
|  |     tuple-ids=9 row-size=40B cardinality=30.00M cost=6897933
|  |     in pipelines: 09(GETNEXT)
|  |
|  08:SCAN HDFS [tpcds_partitioned_parquet_snap.catalog_sales, RANDOM]
|     HDFS partitions=1831/1831 files=1831 size=280.96GB
|     runtime filters: RF007[min_max] -> tpcds_partitioned_parquet_snap.catalog_sales.cs_bill_customer_sk, RF004[bloom] -> tpcds_partitioned_parquet_snap.catalog_sales.cs_sold_date_sk, RF006[bloom] -> tpcds_partitioned_parquet_snap.catalog_sales.cs_bill_customer_sk
|     stored statistics:
|       table: rows=4.32G size=280.96GB
|       partitions: 1831/1831 rows=4.32G
|       columns: all
|     extrapolated-rows=disabled max-scan-range-rows=21.52M
|     mem-estimate=16.00MB mem-reservation=1.00MB thread-reservation=0
|     tuple-ids=7 row-size=8B cardinality=3.97G(filtered from 4.32G) cost=497672983
|     in pipelines: 08(GETNEXT)
|
26:AGGREGATE [FINALIZE]
|  group by: tpcds_partitioned_parquet_snap.customer.c_last_name, tpcds_partitioned_parquet_snap.customer.c_first_name, tpcds_partitioned_parquet_snap.date_dim.d_date
|  mem-estimate=1.17GB mem-reservation=34.00MB spill-buffer=2.00MB thread-reservation=0
|  tuple-ids=6 row-size=40B cardinality=7.93G cost=46814848608
|  in pipelines: 26(GETNEXT), 02(OPEN)
|
25:EXCHANGE [HASH(tpcds_partitioned_parquet_snap.customer.c_last_name,tpcds_partitioned_parquet_snap.customer.c_first_name,tpcds_partitioned_parquet_snap.date_dim.d_date)]
|  mem-estimate=15.15MB mem-reservation=0B thread-reservation=0
|  tuple-ids=6 row-size=40B cardinality=7.93G cost=2339316504
|  in pipelines: 02(GETNEXT)
|
F00:PLAN FRAGMENT [RANDOM] hosts=10 instances=120
Per-Host Shared Resources: mem-estimate=17.00MB mem-reservation=17.00MB thread-reservation=0 runtime-filters-memory=17.00MB
Per-Instance Resources: mem-estimate=1.01GB mem-reservation=38.00MB thread-reservation=1
max-parallelism=1824 segment-costs=[54753163494, 24500370827] cpu-comparison-result=120 [max(120 (self) vs 31 (sum children))]
07:AGGREGATE [STREAMING]
|  group by: tpcds_partitioned_parquet_snap.customer.c_last_name, tpcds_partitioned_parquet_snap.customer.c_first_name, tpcds_partitioned_parquet_snap.date_dim.d_date
|  mem-estimate=998.17MB mem-reservation=34.00MB spill-buffer=2.00MB thread-reservation=0
|  tuple-ids=6 row-size=40B cardinality=7.93G cost=46814848608
|  in pipelines: 02(GETNEXT)
|
06:HASH JOIN [INNER JOIN, BROADCAST]
|  hash-table-id=00
|  hash predicates: tpcds_partitioned_parquet_snap.store_sales.ss_sold_date_sk = tpcds_partitioned_parquet_snap.date_dim.d_date_sk
|  fk/pk conjuncts: tpcds_partitioned_parquet_snap.store_sales.ss_sold_date_sk = tpcds_partitioned_parquet_snap.date_dim.d_date_sk
|  mem-estimate=0B mem-reservation=0B spill-buffer=64.00KB thread-reservation=0
|  tuple-ids=0,2,4 row-size=60B cardinality=7.93G cost=3471497176
|  in pipelines: 02(GETNEXT), 05(OPEN)
|
|--F18:PLAN FRAGMENT [RANDOM] hosts=10 instances=10
|  |  Per-Instance Resources: mem-estimate=24.35MB mem-reservation=24.25MB thread-reservation=1 runtime-filters-memory=1.00MB
|  |  max-parallelism=10 segment-costs=[17005]
|  JOIN BUILD
|  |  join-table-id=00 plan-id=01 cohort-id=01
|  |  build expressions: tpcds_partitioned_parquet_snap.date_dim.d_date_sk
|  |  runtime filters: RF000[bloom] <- tpcds_partitioned_parquet_snap.date_dim.d_date_sk
|  |  mem-estimate=23.25MB mem-reservation=23.25MB spill-buffer=64.00KB thread-reservation=0 cost=7305
|  |
|  24:EXCHANGE [BROADCAST]
|  |  mem-estimate=101.61KB mem-reservation=0B thread-reservation=0
|  |  tuple-ids=4 row-size=12B cardinality=7.30K cost=9700
|  |  in pipelines: 05(GETNEXT)
|  |
|  F02:PLAN FRAGMENT [RANDOM] hosts=1 instances=1
|  Per-Instance Resources: mem-estimate=16.06MB mem-reservation=1.00MB thread-reservation=1
|  max-parallelism=1 segment-costs=[17122]
|  05:SCAN HDFS [tpcds_partitioned_parquet_snap.date_dim, RANDOM]
|     HDFS partitions=1/1 files=1 size=2.17MB
|     predicates: tpcds_partitioned_parquet_snap.date_dim.d_month_seq <= add(CAST(1204 AS INT), CAST(11 AS INT)), tpcds_partitioned_parquet_snap.date_dim.d_month_seq >= CAST(1204 AS INT)
|     stored statistics:
|       table: rows=73.05K size=2.17MB
|       columns: all
|     extrapolated-rows=disabled max-scan-range-rows=73.05K
|     parquet statistics predicates: tpcds_partitioned_parquet_snap.date_dim.d_month_seq <= add(CAST(1204 AS INT), CAST(11 AS INT)), tpcds_partitioned_parquet_snap.date_dim.d_month_seq >= CAST(1204 AS INT)
|     parquet dictionary predicates: tpcds_partitioned_parquet_snap.date_dim.d_month_seq <= add(CAST(1204 AS INT), CAST(11 AS INT)), tpcds_partitioned_parquet_snap.date_dim.d_month_seq >= CAST(1204 AS INT)
|     mem-estimate=16.00MB mem-reservation=1.00MB thread-reservation=0
|     tuple-ids=4 row-size=12B cardinality=7.30K cost=16728
|     in pipelines: 05(GETNEXT)
|
04:HASH JOIN [INNER JOIN, BROADCAST]
|  hash-table-id=01
|  hash predicates: tpcds_partitioned_parquet_snap.store_sales.ss_customer_sk = tpcds_partitioned_parquet_snap.customer.c_customer_sk
|  fk/pk conjuncts: tpcds_partitioned_parquet_snap.store_sales.ss_customer_sk = tpcds_partitioned_parquet_snap.customer.c_customer_sk
|  mem-estimate=0B mem-reservation=0B spill-buffer=2.00MB thread-reservation=0
|  tuple-ids=0,2 row-size=48B cardinality=7.93G cost=3471497176
|  in pipelines: 02(GETNEXT), 03(OPEN)
|
|--F19:PLAN FRAGMENT [RANDOM] hosts=10 instances=10
|  |  Per-Instance Resources: mem-estimate=1.89GB mem-reservation=424.00MB thread-reservation=1 runtime-filters-memory=16.00MB
|  |  max-parallelism=10 segment-costs=[69869990]
|  JOIN BUILD
|  |  join-table-id=01 plan-id=02 cohort-id=01
|  |  build expressions: tpcds_partitioned_parquet_snap.customer.c_customer_sk
|  |  runtime filters: RF002[bloom] <- tpcds_partitioned_parquet_snap.customer.c_customer_sk, RF003[min_max] <- tpcds_partitioned_parquet_snap.customer.c_customer_sk
|  |  mem-estimate=1.87GB mem-reservation=408.00MB spill-buffer=2.00MB thread-reservation=0 cost=30000000
|  |
|  23:EXCHANGE [BROADCAST]
|  |  mem-estimate=10.43MB mem-reservation=0B thread-reservation=0
|  |  tuple-ids=2 row-size=40B cardinality=30.00M cost=39869990
|  |  in pipelines: 03(GETNEXT)
|  |
|  F01:PLAN FRAGMENT [RANDOM] hosts=10 instances=10
|  Per-Instance Resources: mem-estimate=16.17MB mem-reservation=1.00MB thread-reservation=1
|  max-parallelism=10 segment-costs=[10783295]
|  03:SCAN HDFS [tpcds_partitioned_parquet_snap.customer, RANDOM]
|     HDFS partitions=1/1 files=1 size=1.55GB
|     stored statistics:
|       table: rows=30.00M size=1.55GB
|       columns: all
|     extrapolated-rows=disabled max-scan-range-rows=3.10M
|     mem-estimate=16.00MB mem-reservation=1.00MB thread-reservation=0
|     tuple-ids=2 row-size=40B cardinality=30.00M cost=6897933
|     in pipelines: 03(GETNEXT)
|
02:SCAN HDFS [tpcds_partitioned_parquet_snap.store_sales, RANDOM]
   HDFS partitions=1824/1824 files=1824 size=389.90GB
   runtime filters: RF003[min_max] -> tpcds_partitioned_parquet_snap.store_sales.ss_customer_sk, RF000[bloom] -> tpcds_partitioned_parquet_snap.store_sales.ss_sold_date_sk, RF002[bloom] -> tpcds_partitioned_parquet_snap.store_sales.ss_customer_sk
   stored statistics:
     table: rows=8.64G size=389.90GB
     partitions: 1824/1824 rows=8.64G
     columns: all
   extrapolated-rows=disabled max-scan-range-rows=390.22M
   mem-estimate=16.00MB mem-reservation=4.00MB thread-reservation=0
   tuple-ids=0 row-size=8B cardinality=7.93G(filtered from 8.64G) cost=995320534
   in pipelines: 02(GETNEXT)
====
