# TPCDS-Q23-1 First of two queries.
# start query 23 in stream 0 using template query23.tpl using seed 45104480
with frequent_ss_items as
 (select substr(i_item_desc,1,30) itemdesc,i_item_sk item_sk,d_date solddate,count(*) cnt
  from store_sales
      ,date_dim
      ,item
  where ss_sold_date_sk = d_date_sk
    and ss_item_sk = i_item_sk
    and d_year in (2000,2000+1,2000+2,2000+3)
  group by substr(i_item_desc,1,30),i_item_sk,d_date
  having count(*) >4),
 max_store_sales as
 (select max(csales) tpcds_cmax
  from (select c_customer_sk,sum(ss_quantity*ss_sales_price) csales
        from store_sales
            ,customer
            ,date_dim
        where ss_customer_sk = c_customer_sk
         and ss_sold_date_sk = d_date_sk
         and d_year in (2000,2000+1,2000+2,2000+3)
        group by c_customer_sk) x),
 best_ss_customer as
 (select c_customer_sk,sum(ss_quantity*ss_sales_price) ssales
  from store_sales
      ,customer
  where ss_customer_sk = c_customer_sk
  group by c_customer_sk
  having sum(ss_quantity*ss_sales_price) > (95/100.0) * (select
  *
from
 max_store_sales))
  select  sum(sales)
 from (select cs_quantity*cs_list_price sales
       from catalog_sales
           ,date_dim
       where d_year = 2000
         and d_moy = 5
         and cs_sold_date_sk = d_date_sk
         and cs_item_sk in (select item_sk from frequent_ss_items)
         and cs_bill_customer_sk in (select c_customer_sk from best_ss_customer)
      union all
      select ws_quantity*ws_list_price sales
       from web_sales
           ,date_dim
       where d_year = 2000
         and d_moy = 5
         and ws_sold_date_sk = d_date_sk
         and ws_item_sk in (select item_sk from frequent_ss_items)
         and ws_bill_customer_sk in (select c_customer_sk from best_ss_customer)) y
 limit 100
---- PLAN
Max Per-Host Resource Reservation: Memory=304.81MB Threads=1
Per-Host Resource Estimates: Memory=56.98GB
F00:PLAN FRAGMENT [UNPARTITIONED] hosts=1 instances=1
|  Per-Instance Resources: mem-estimate=56.98GB mem-reservation=304.81MB thread-reservation=1 runtime-filters-memory=40.00MB
|  max-parallelism=1 segment-costs=[7394305285, 9633860781, 2100000, 48271564071, 7394305285, 9633860781, 2100000, 48271564071, 630427868, 1]
PLAN-ROOT SINK
|  output exprs: sum(SALES)
|  mem-estimate=4.00MB mem-reservation=4.00MB spill-buffer=2.00MB thread-reservation=0 cost=1
|
47:AGGREGATE [FINALIZE]
|  output: sum(SALES)
|  limit: 100
|  mem-estimate=16.00KB mem-reservation=0B spill-buffer=2.00MB thread-reservation=0
|  tuple-ids=49 row-size=16B cardinality=1 cost=2677624
|  in pipelines: 47(GETNEXT), 04(OPEN), 27(OPEN)
|
00:UNION
|  mem-estimate=0B mem-reservation=0B thread-reservation=0
|  tuple-ids=48 row-size=8B cardinality=38.25M cost=1953135
|  in pipelines: 04(GETNEXT), 27(GETNEXT)
|
|--46:HASH JOIN [INNER JOIN]
|  |  hash predicates: tpcds_partitioned_parquet_snap.customer_1.c_customer_sk = tpcds_partitioned_parquet_snap.web_sales.ws_bill_customer_sk
|  |  fk/pk conjuncts: none
|  |  runtime filters: RF016[bloom] <- tpcds_partitioned_parquet_snap.web_sales.ws_bill_customer_sk, RF017[min_max] <- tpcds_partitioned_parquet_snap.web_sales.ws_bill_customer_sk
|  |  mem-estimate=774.10MB mem-reservation=34.00MB spill-buffer=2.00MB thread-reservation=0
|  |  tuple-ids=28,36,37,39 row-size=68B cardinality=12.78M cost=22794154
|  |  in pipelines: 27(GETNEXT), 44(OPEN)
|  |
|  |--45:HASH JOIN [RIGHT SEMI JOIN]
|  |  |  hash predicates: tpcds_partitioned_parquet_snap.item_0.i_item_sk = tpcds_partitioned_parquet_snap.web_sales.ws_item_sk
|  |  |  runtime filters: RF024[bloom] <- tpcds_partitioned_parquet_snap.web_sales.ws_item_sk, RF025[min_max] <- tpcds_partitioned_parquet_snap.web_sales.ws_item_sk
|  |  |  mem-estimate=963.95MB mem-reservation=34.00MB spill-buffer=2.00MB thread-reservation=0
|  |  |  tuple-ids=37,39 row-size=32B cardinality=12.78M cost=194712893
|  |  |  in pipelines: 44(GETNEXT), 36(OPEN)
|  |  |
|  |  |--38:HASH JOIN [INNER JOIN]
|  |  |  |  hash predicates: tpcds_partitioned_parquet_snap.web_sales.ws_sold_date_sk = tpcds_partitioned_parquet_snap.date_dim_3.d_date_sk
|  |  |  |  fk/pk conjuncts: tpcds_partitioned_parquet_snap.web_sales.ws_sold_date_sk = tpcds_partitioned_parquet_snap.date_dim_3.d_date_sk
|  |  |  |  runtime filters: RF030[bloom] <- tpcds_partitioned_parquet_snap.date_dim_3.d_date_sk
|  |  |  |  mem-estimate=1.94MB mem-reservation=1.94MB spill-buffer=64.00KB thread-reservation=0
|  |  |  |  tuple-ids=37,39 row-size=32B cardinality=12.79M cost=5597978
|  |  |  |  in pipelines: 36(GETNEXT), 37(OPEN)
|  |  |  |
|  |  |  |--37:SCAN HDFS [tpcds_partitioned_parquet_snap.date_dim]
|  |  |  |     HDFS partitions=1/1 files=1 size=2.17MB
|  |  |  |     predicates: tpcds_partitioned_parquet_snap.date_dim_3.d_year = CAST(2000 AS INT), tpcds_partitioned_parquet_snap.date_dim_3.d_moy = CAST(5 AS INT)
|  |  |  |     stored statistics:
|  |  |  |       table: rows=73.05K size=2.17MB
|  |  |  |       columns: all
|  |  |  |     extrapolated-rows=disabled max-scan-range-rows=73.05K
|  |  |  |     parquet statistics predicates: tpcds_partitioned_parquet_snap.date_dim_3.d_year = CAST(2000 AS INT), tpcds_partitioned_parquet_snap.date_dim_3.d_moy = CAST(5 AS INT)
|  |  |  |     parquet dictionary predicates: tpcds_partitioned_parquet_snap.date_dim_3.d_year = CAST(2000 AS INT), tpcds_partitioned_parquet_snap.date_dim_3.d_moy = CAST(5 AS INT)
|  |  |  |     mem-estimate=16.00MB mem-reservation=512.00KB thread-reservation=0
|  |  |  |     tuple-ids=39 row-size=12B cardinality=108 cost=16728
|  |  |  |     in pipelines: 37(GETNEXT)
|  |  |  |
|  |  |  36:SCAN HDFS [tpcds_partitioned_parquet_snap.web_sales]
|  |  |     HDFS partitions=1824/1824 files=1824 size=145.75GB
|  |  |     predicates: is_not_null_pred(tpcds_partitioned_parquet_snap.web_sales.ws_bill_customer_sk), is_not_null_pred(tpcds_partitioned_parquet_snap.web_sales.ws_item_sk)
|  |  |     runtime filters: RF030[bloom] -> tpcds_partitioned_parquet_snap.web_sales.ws_sold_date_sk
|  |  |     stored statistics:
|  |  |       table: rows=2.16G size=145.75GB
|  |  |       partitions: 1824/1824 rows=2.16G
|  |  |       columns: all
|  |  |     extrapolated-rows=disabled max-scan-range-rows=3.37M est-scan-range=109(filtered from 1824)
|  |  |     parquet dictionary predicates: is_not_null_pred(tpcds_partitioned_parquet_snap.web_sales.ws_bill_customer_sk), is_not_null_pred(tpcds_partitioned_parquet_snap.web_sales.ws_item_sk)
|  |  |     mem-estimate=16.00MB mem-reservation=128.00KB thread-reservation=0
|  |  |     tuple-ids=37 row-size=20B cardinality=12.79M(filtered from 216.00M) cost=44020715
|  |  |     in pipelines: 36(GETNEXT)
|  |  |
|  |  44:AGGREGATE [FINALIZE]
|  |  |  output: count()
|  |  |  group by: substr(tpcds_partitioned_parquet_snap.item_0.i_item_desc, CAST(1 AS BIGINT), CAST(30 AS BIGINT)), tpcds_partitioned_parquet_snap.item_0.i_item_sk, tpcds_partitioned_parquet_snap.date_dim_4.d_date
|  |  |  having: count() > CAST(4 AS BIGINT)
|  |  |  mem-estimate=50.00GB mem-reservation=34.00MB spill-buffer=2.00MB thread-reservation=0
|  |  |  tuple-ids=47 row-size=28B cardinality=700.22M cost=41331397080
|  |  |  in pipelines: 44(GETNEXT), 39(OPEN)
|  |  |
|  |  43:HASH JOIN [INNER JOIN]
|  |  |  hash predicates: tpcds_partitioned_parquet_snap.store_sales_4.ss_item_sk = tpcds_partitioned_parquet_snap.item_0.i_item_sk
|  |  |  fk/pk conjuncts: tpcds_partitioned_parquet_snap.store_sales_4.ss_item_sk = tpcds_partitioned_parquet_snap.item_0.i_item_sk
|  |  |  runtime filters: RF027[min_max] <- tpcds_partitioned_parquet_snap.item_0.i_item_sk
|  |  |  mem-estimate=52.03MB mem-reservation=34.00MB spill-buffer=2.00MB thread-reservation=0
|  |  |  tuple-ids=41,43,45 row-size=137B cardinality=7.00G cost=3066136649
|  |  |  in pipelines: 39(GETNEXT), 42(OPEN)
|  |  |
|  |  |--42:SCAN HDFS [tpcds_partitioned_parquet_snap.item]
|  |  |     HDFS partitions=1/1 files=1 size=33.54MB
|  |  |     runtime filters: RF025[min_max] -> tpcds_partitioned_parquet_snap.item_0.i_item_sk, RF024[bloom] -> tpcds_partitioned_parquet_snap.item_0.i_item_sk
|  |  |     stored statistics:
|  |  |       table: rows=360.00K size=33.54MB
|  |  |       columns: all
|  |  |     extrapolated-rows=disabled max-scan-range-rows=101.54K
|  |  |     mem-estimate=16.00MB mem-reservation=512.00KB thread-reservation=0
|  |  |     tuple-ids=45 row-size=117B cardinality=360.00K cost=542243
|  |  |     in pipelines: 42(GETNEXT)
|  |  |
|  |  41:HASH JOIN [INNER JOIN]
|  |  |  hash predicates: tpcds_partitioned_parquet_snap.store_sales_4.ss_sold_date_sk = tpcds_partitioned_parquet_snap.date_dim_4.d_date_sk
|  |  |  fk/pk conjuncts: tpcds_partitioned_parquet_snap.store_sales_4.ss_sold_date_sk = tpcds_partitioned_parquet_snap.date_dim_4.d_date_sk
|  |  |  runtime filters: RF028[bloom] <- tpcds_partitioned_parquet_snap.date_dim_4.d_date_sk
|  |  |  mem-estimate=1.94MB mem-reservation=1.94MB spill-buffer=64.00KB thread-reservation=0
|  |  |  tuple-ids=41,43 row-size=20B cardinality=7.01G cost=3066412531
|  |  |  in pipelines: 39(GETNEXT), 40(OPEN)
|  |  |
|  |  |--40:SCAN HDFS [tpcds_partitioned_parquet_snap.date_dim]
|  |  |     HDFS partitions=1/1 files=1 size=2.17MB
|  |  |     predicates: tpcds_partitioned_parquet_snap.date_dim_4.d_year = CAST(2000 AS INT) OR tpcds_partitioned_parquet_snap.date_dim_4.d_year = add(CAST(2000 AS INT), CAST(1 AS INT)) OR tpcds_partitioned_parquet_snap.date_dim_4.d_year = add(CAST(2000 AS INT), CAST(2 AS INT)) OR tpcds_partitioned_parquet_snap.date_dim_4.d_year = add(CAST(2000 AS INT), CAST(3 AS INT))
|  |  |     stored statistics:
|  |  |       table: rows=73.05K size=2.17MB
|  |  |       columns: all
|  |  |     extrapolated-rows=disabled max-scan-range-rows=73.05K
|  |  |     parquet dictionary predicates: tpcds_partitioned_parquet_snap.date_dim_4.d_year = CAST(2000 AS INT) OR tpcds_partitioned_parquet_snap.date_dim_4.d_year = add(CAST(2000 AS INT), CAST(1 AS INT)) OR tpcds_partitioned_parquet_snap.date_dim_4.d_year = add(CAST(2000 AS INT), CAST(2 AS INT)) OR tpcds_partitioned_parquet_snap.date_dim_4.d_year = add(CAST(2000 AS INT), CAST(3 AS INT))
|  |  |     mem-estimate=16.00MB mem-reservation=1.00MB thread-reservation=0
|  |  |     tuple-ids=43 row-size=12B cardinality=1.48K cost=14675
|  |  |     in pipelines: 40(GETNEXT)
|  |  |
|  |  39:SCAN HDFS [tpcds_partitioned_parquet_snap.store_sales]
|  |     HDFS partitions=1824/1824 files=1824 size=389.90GB
|  |     runtime filters: RF025[min_max] -> tpcds_partitioned_parquet_snap.store_sales_4.ss_item_sk, RF027[min_max] -> tpcds_partitioned_parquet_snap.store_sales_4.ss_item_sk, RF024[bloom] -> tpcds_partitioned_parquet_snap.store_sales_4.ss_item_sk, RF028[bloom] -> tpcds_partitioned_parquet_snap.store_sales_4.ss_sold_date_sk
|  |     stored statistics:
|  |       table: rows=8.64G size=389.90GB
|  |       partitions: 1824/1824 rows=8.64G
|  |       columns: all
|  |     extrapolated-rows=disabled max-scan-range-rows=390.22M est-scan-range=1479(filtered from 1824)
|  |     mem-estimate=16.00MB mem-reservation=4.00MB thread-reservation=0
|  |     tuple-ids=41 row-size=8B cardinality=7.01G(filtered from 8.64G) cost=807060893
|  |     in pipelines: 39(GETNEXT)
|  |
|  35:NESTED LOOP JOIN [INNER JOIN]
|  |  join predicates: sum(multiply(tpcds_partitioned_parquet_snap.store_sales_2.ss_quantity, tpcds_partitioned_parquet_snap.store_sales_2.ss_sales_price)) > multiply(divide(CAST(95 AS DECIMAL(3,0)), CAST(100.0 AS DECIMAL(4,1))), max(sum(multiply(tpcds_partitioned_parquet_snap.store_sales_3.ss_quantity, tpcds_partitioned_parquet_snap.store_sales_3.ss_sales_price))))
|  |  mem-estimate=16B mem-reservation=0B thread-reservation=0
|  |  tuple-ids=28,36 row-size=36B cardinality=30.00M cost=6147000
|  |  in pipelines: 27(GETNEXT), 34(OPEN)
|  |
|  |--34:AGGREGATE [FINALIZE]
|  |  |  output: max(sum(multiply(tpcds_partitioned_parquet_snap.store_sales_3.ss_quantity, tpcds_partitioned_parquet_snap.store_sales_3.ss_sales_price)))
|  |  |  mem-estimate=16.00KB mem-reservation=0B spill-buffer=2.00MB thread-reservation=0
|  |  |  tuple-ids=36 row-size=16B cardinality=1 cost=2100000
|  |  |  in pipelines: 34(GETNEXT), 33(OPEN)
|  |  |
|  |  33:AGGREGATE [FINALIZE]
|  |  |  output: sum(multiply(CAST(tpcds_partitioned_parquet_snap.store_sales_3.ss_quantity AS DECIMAL(10,0)), tpcds_partitioned_parquet_snap.store_sales_3.ss_sales_price))
|  |  |  group by: tpcds_partitioned_parquet_snap.customer_2.c_customer_sk
|  |  |  mem-estimate=915.53MB mem-reservation=34.00MB spill-buffer=2.00MB thread-reservation=0
|  |  |  tuple-ids=35 row-size=20B cardinality=30.00M cost=1959305590
|  |  |  in pipelines: 33(GETNEXT), 28(OPEN)
|  |  |
|  |  32:HASH JOIN [INNER JOIN]
|  |  |  hash predicates: tpcds_partitioned_parquet_snap.store_sales_3.ss_customer_sk = tpcds_partitioned_parquet_snap.customer_2.c_customer_sk
|  |  |  fk/pk conjuncts: tpcds_partitioned_parquet_snap.store_sales_3.ss_customer_sk = tpcds_partitioned_parquet_snap.customer_2.c_customer_sk
|  |  |  runtime filters: RF021[min_max] <- tpcds_partitioned_parquet_snap.customer_2.c_customer_sk
|  |  |  mem-estimate=882.44MB mem-reservation=34.00MB spill-buffer=2.00MB thread-reservation=0
|  |  |  tuple-ids=29,31,33 row-size=28B cardinality=6.43G cost=2992282406
|  |  |  in pipelines: 28(GETNEXT), 31(OPEN)
|  |  |
|  |  |--31:SCAN HDFS [tpcds_partitioned_parquet_snap.customer]
|  |  |     HDFS partitions=1/1 files=1 size=1.55GB
|  |  |     stored statistics:
|  |  |       table: rows=30.00M size=1.55GB
|  |  |       columns: all
|  |  |     extrapolated-rows=disabled max-scan-range-rows=3.10M
|  |  |     mem-estimate=16.00MB mem-reservation=1.00MB thread-reservation=0
|  |  |     tuple-ids=33 row-size=4B cardinality=30.00M cost=1728000
|  |  |     in pipelines: 31(GETNEXT)
|  |  |
|  |  30:HASH JOIN [INNER JOIN]
|  |  |  hash predicates: tpcds_partitioned_parquet_snap.store_sales_3.ss_sold_date_sk = tpcds_partitioned_parquet_snap.date_dim_2.d_date_sk
|  |  |  fk/pk conjuncts: tpcds_partitioned_parquet_snap.store_sales_3.ss_sold_date_sk = tpcds_partitioned_parquet_snap.date_dim_2.d_date_sk
|  |  |  runtime filters: RF022[bloom] <- tpcds_partitioned_parquet_snap.date_dim_2.d_date_sk
|  |  |  mem-estimate=1.94MB mem-reservation=1.94MB spill-buffer=64.00KB thread-reservation=0
|  |  |  tuple-ids=29,31 row-size=24B cardinality=7.01G cost=3066412531
|  |  |  in pipelines: 28(GETNEXT), 29(OPEN)
|  |  |
|  |  |--29:SCAN HDFS [tpcds_partitioned_parquet_snap.date_dim]
|  |  |     HDFS partitions=1/1 files=1 size=2.17MB
|  |  |     predicates: tpcds_partitioned_parquet_snap.date_dim_2.d_year = CAST(2000 AS INT) OR tpcds_partitioned_parquet_snap.date_dim_2.d_year = add(CAST(2000 AS INT), CAST(1 AS INT)) OR tpcds_partitioned_parquet_snap.date_dim_2.d_year = add(CAST(2000 AS INT), CAST(2 AS INT)) OR tpcds_partitioned_parquet_snap.date_dim_2.d_year = add(CAST(2000 AS INT), CAST(3 AS INT))
|  |  |     stored statistics:
|  |  |       table: rows=73.05K size=2.17MB
|  |  |       columns: all
|  |  |     extrapolated-rows=disabled max-scan-range-rows=73.05K
|  |  |     parquet dictionary predicates: tpcds_partitioned_parquet_snap.date_dim_2.d_year = CAST(2000 AS INT) OR tpcds_partitioned_parquet_snap.date_dim_2.d_year = add(CAST(2000 AS INT), CAST(1 AS INT)) OR tpcds_partitioned_parquet_snap.date_dim_2.d_year = add(CAST(2000 AS INT), CAST(2 AS INT)) OR tpcds_partitioned_parquet_snap.date_dim_2.d_year = add(CAST(2000 AS INT), CAST(3 AS INT))
|  |  |     mem-estimate=16.00MB mem-reservation=512.00KB thread-reservation=0
|  |  |     tuple-ids=31 row-size=8B cardinality=1.48K cost=10467
|  |  |     in pipelines: 29(GETNEXT)
|  |  |
|  |  28:SCAN HDFS [tpcds_partitioned_parquet_snap.store_sales]
|  |     HDFS partitions=1824/1824 files=1824 size=389.90GB
|  |     runtime filters: RF021[min_max] -> tpcds_partitioned_parquet_snap.store_sales_3.ss_customer_sk, RF022[bloom] -> tpcds_partitioned_parquet_snap.store_sales_3.ss_sold_date_sk
|  |     stored statistics:
|  |       table: rows=8.64G size=389.90GB
|  |       partitions: 1824/1824 rows=8.64G
|  |       columns: all
|  |     extrapolated-rows=disabled max-scan-range-rows=390.22M est-scan-range=1479(filtered from 1824)
|  |     mem-estimate=16.00MB mem-reservation=8.00MB thread-reservation=0
|  |     tuple-ids=29 row-size=16B cardinality=7.01G(filtered from 8.64G) cost=1614121787
|  |     in pipelines: 28(GETNEXT)
|  |
|  27:AGGREGATE [FINALIZE]
|  |  output: sum(multiply(CAST(tpcds_partitioned_parquet_snap.store_sales_2.ss_quantity AS DECIMAL(10,0)), tpcds_partitioned_parquet_snap.store_sales_2.ss_sales_price))
|  |  group by: tpcds_partitioned_parquet_snap.customer_1.c_customer_sk
|  |  mem-estimate=915.53MB mem-reservation=34.00MB spill-buffer=2.00MB thread-reservation=0
|  |  tuple-ids=28 row-size=20B cardinality=30.00M cost=2398099308
|  |  in pipelines: 27(GETNEXT), 24(OPEN)
|  |
|  26:HASH JOIN [INNER JOIN]
|  |  hash predicates: tpcds_partitioned_parquet_snap.store_sales_2.ss_customer_sk = tpcds_partitioned_parquet_snap.customer_1.c_customer_sk
|  |  fk/pk conjuncts: tpcds_partitioned_parquet_snap.store_sales_2.ss_customer_sk = tpcds_partitioned_parquet_snap.customer_1.c_customer_sk
|  |  runtime filters: RF019[min_max] <- tpcds_partitioned_parquet_snap.customer_1.c_customer_sk
|  |  mem-estimate=882.44MB mem-reservation=34.00MB spill-buffer=2.00MB thread-reservation=0
|  |  tuple-ids=24,26 row-size=16B cardinality=7.93G cost=3501497176
|  |  in pipelines: 24(GETNEXT), 25(OPEN)
|  |
|  |--25:SCAN HDFS [tpcds_partitioned_parquet_snap.customer]
|  |     HDFS partitions=1/1 files=1 size=1.55GB
|  |     runtime filters: RF017[min_max] -> tpcds_partitioned_parquet_snap.customer_1.c_customer_sk, RF016[bloom] -> tpcds_partitioned_parquet_snap.customer_1.c_customer_sk
|  |     stored statistics:
|  |       table: rows=30.00M size=1.55GB
|  |       columns: all
|  |     extrapolated-rows=disabled max-scan-range-rows=3.10M
|  |     mem-estimate=16.00MB mem-reservation=1.00MB thread-reservation=0
|  |     tuple-ids=26 row-size=4B cardinality=30.00M cost=1728000
|  |     in pipelines: 25(GETNEXT)
|  |
|  24:SCAN HDFS [tpcds_partitioned_parquet_snap.store_sales]
|     HDFS partitions=1824/1824 files=1824 size=389.90GB
|     runtime filters: RF017[min_max] -> tpcds_partitioned_parquet_snap.store_sales_2.ss_customer_sk, RF019[min_max] -> tpcds_partitioned_parquet_snap.store_sales_2.ss_customer_sk, RF016[bloom] -> tpcds_partitioned_parquet_snap.store_sales_2.ss_customer_sk
|     stored statistics:
|       table: rows=8.64G size=389.90GB
|       partitions: 1824/1824 rows=8.64G
|       columns: all
|     extrapolated-rows=disabled max-scan-range-rows=390.22M
|     mem-estimate=16.00MB mem-reservation=8.00MB thread-reservation=0
|     tuple-ids=24 row-size=12B cardinality=7.93G(filtered from 8.64G) cost=1492980801
|     in pipelines: 24(GETNEXT)
|
23:HASH JOIN [INNER JOIN]
|  hash predicates: tpcds_partitioned_parquet_snap.customer.c_customer_sk = tpcds_partitioned_parquet_snap.catalog_sales.cs_bill_customer_sk
|  fk/pk conjuncts: none
|  runtime filters: RF000[bloom] <- tpcds_partitioned_parquet_snap.catalog_sales.cs_bill_customer_sk, RF001[min_max] <- tpcds_partitioned_parquet_snap.catalog_sales.cs_bill_customer_sk
|  mem-estimate=1.51GB mem-reservation=34.00MB spill-buffer=2.00MB thread-reservation=0
|  tuple-ids=4,12,13,15 row-size=68B cardinality=25.47M cost=37778845
|  in pipelines: 04(GETNEXT), 21(OPEN)
|
|--22:HASH JOIN [RIGHT SEMI JOIN]
|  |  hash predicates: tpcds_partitioned_parquet_snap.item.i_item_sk = tpcds_partitioned_parquet_snap.catalog_sales.cs_item_sk
|  |  runtime filters: RF008[bloom] <- tpcds_partitioned_parquet_snap.catalog_sales.cs_item_sk, RF009[min_max] <- tpcds_partitioned_parquet_snap.catalog_sales.cs_item_sk
|  |  mem-estimate=1.88GB mem-reservation=34.00MB spill-buffer=2.00MB thread-reservation=0
|  |  tuple-ids=13,15 row-size=32B cardinality=25.47M cost=209703928
|  |  in pipelines: 21(GETNEXT), 13(OPEN)
|  |
|  |--15:HASH JOIN [INNER JOIN]
|  |  |  hash predicates: tpcds_partitioned_parquet_snap.catalog_sales.cs_sold_date_sk = tpcds_partitioned_parquet_snap.date_dim_0.d_date_sk
|  |  |  fk/pk conjuncts: tpcds_partitioned_parquet_snap.catalog_sales.cs_sold_date_sk = tpcds_partitioned_parquet_snap.date_dim_0.d_date_sk
|  |  |  runtime filters: RF014[bloom] <- tpcds_partitioned_parquet_snap.date_dim_0.d_date_sk
|  |  |  mem-estimate=1.94MB mem-reservation=1.94MB spill-buffer=64.00KB thread-reservation=0
|  |  |  tuple-ids=13,15 row-size=32B cardinality=25.48M cost=11153412
|  |  |  in pipelines: 13(GETNEXT), 14(OPEN)
|  |  |
|  |  |--14:SCAN HDFS [tpcds_partitioned_parquet_snap.date_dim]
|  |  |     HDFS partitions=1/1 files=1 size=2.17MB
|  |  |     predicates: tpcds_partitioned_parquet_snap.date_dim_0.d_year = CAST(2000 AS INT), tpcds_partitioned_parquet_snap.date_dim_0.d_moy = CAST(5 AS INT)
|  |  |     stored statistics:
|  |  |       table: rows=73.05K size=2.17MB
|  |  |       columns: all
|  |  |     extrapolated-rows=disabled max-scan-range-rows=73.05K
|  |  |     parquet statistics predicates: tpcds_partitioned_parquet_snap.date_dim_0.d_year = CAST(2000 AS INT), tpcds_partitioned_parquet_snap.date_dim_0.d_moy = CAST(5 AS INT)
|  |  |     parquet dictionary predicates: tpcds_partitioned_parquet_snap.date_dim_0.d_year = CAST(2000 AS INT), tpcds_partitioned_parquet_snap.date_dim_0.d_moy = CAST(5 AS INT)
|  |  |     mem-estimate=16.00MB mem-reservation=512.00KB thread-reservation=0
|  |  |     tuple-ids=15 row-size=12B cardinality=108 cost=16728
|  |  |     in pipelines: 14(GETNEXT)
|  |  |
|  |  13:SCAN HDFS [tpcds_partitioned_parquet_snap.catalog_sales]
|  |     HDFS partitions=1831/1831 files=1831 size=280.96GB
|  |     predicates: is_not_null_pred(tpcds_partitioned_parquet_snap.catalog_sales.cs_bill_customer_sk), is_not_null_pred(tpcds_partitioned_parquet_snap.catalog_sales.cs_item_sk)
|  |     runtime filters: RF014[bloom] -> tpcds_partitioned_parquet_snap.catalog_sales.cs_sold_date_sk
|  |     stored statistics:
|  |       table: rows=4.32G size=280.96GB
|  |       partitions: 1831/1831 rows=4.32G
|  |       columns: all
|  |     extrapolated-rows=disabled max-scan-range-rows=21.52M est-scan-range=109(filtered from 1831)
|  |     parquet dictionary predicates: is_not_null_pred(tpcds_partitioned_parquet_snap.catalog_sales.cs_bill_customer_sk), is_not_null_pred(tpcds_partitioned_parquet_snap.catalog_sales.cs_item_sk)
|  |     mem-estimate=16.00MB mem-reservation=1.00MB thread-reservation=0
|  |     tuple-ids=13 row-size=20B cardinality=25.48M(filtered from 432.01M) cost=87707728
|  |     in pipelines: 13(GETNEXT)
|  |
|  21:AGGREGATE [FINALIZE]
|  |  output: count()
|  |  group by: substr(tpcds_partitioned_parquet_snap.item.i_item_desc, CAST(1 AS BIGINT), CAST(30 AS BIGINT)), tpcds_partitioned_parquet_snap.item.i_item_sk, tpcds_partitioned_parquet_snap.date_dim_1.d_date
|  |  having: count() > CAST(4 AS BIGINT)
|  |  mem-estimate=50.00GB mem-reservation=34.00MB spill-buffer=2.00MB thread-reservation=0
|  |  tuple-ids=23 row-size=28B cardinality=700.22M cost=41331397080
|  |  in pipelines: 21(GETNEXT), 16(OPEN)
|  |
|  20:HASH JOIN [INNER JOIN]
|  |  hash predicates: tpcds_partitioned_parquet_snap.store_sales_1.ss_item_sk = tpcds_partitioned_parquet_snap.item.i_item_sk
|  |  fk/pk conjuncts: tpcds_partitioned_parquet_snap.store_sales_1.ss_item_sk = tpcds_partitioned_parquet_snap.item.i_item_sk
|  |  runtime filters: RF011[min_max] <- tpcds_partitioned_parquet_snap.item.i_item_sk
|  |  mem-estimate=52.03MB mem-reservation=34.00MB spill-buffer=2.00MB thread-reservation=0
|  |  tuple-ids=17,19,21 row-size=137B cardinality=7.00G cost=3066136649
|  |  in pipelines: 16(GETNEXT), 19(OPEN)
|  |
|  |--19:SCAN HDFS [tpcds_partitioned_parquet_snap.item]
|  |     HDFS partitions=1/1 files=1 size=33.54MB
|  |     runtime filters: RF009[min_max] -> tpcds_partitioned_parquet_snap.item.i_item_sk, RF008[bloom] -> tpcds_partitioned_parquet_snap.item.i_item_sk
|  |     stored statistics:
|  |       table: rows=360.00K size=33.54MB
|  |       columns: all
|  |     extrapolated-rows=disabled max-scan-range-rows=101.54K
|  |     mem-estimate=16.00MB mem-reservation=512.00KB thread-reservation=0
|  |     tuple-ids=21 row-size=117B cardinality=360.00K cost=542243
|  |     in pipelines: 19(GETNEXT)
|  |
|  18:HASH JOIN [INNER JOIN]
|  |  hash predicates: tpcds_partitioned_parquet_snap.store_sales_1.ss_sold_date_sk = tpcds_partitioned_parquet_snap.date_dim_1.d_date_sk
|  |  fk/pk conjuncts: tpcds_partitioned_parquet_snap.store_sales_1.ss_sold_date_sk = tpcds_partitioned_parquet_snap.date_dim_1.d_date_sk
|  |  runtime filters: RF012[bloom] <- tpcds_partitioned_parquet_snap.date_dim_1.d_date_sk
|  |  mem-estimate=1.94MB mem-reservation=1.94MB spill-buffer=64.00KB thread-reservation=0
|  |  tuple-ids=17,19 row-size=20B cardinality=7.01G cost=3066412531
|  |  in pipelines: 16(GETNEXT), 17(OPEN)
|  |
|  |--17:SCAN HDFS [tpcds_partitioned_parquet_snap.date_dim]
|  |     HDFS partitions=1/1 files=1 size=2.17MB
|  |     predicates: tpcds_partitioned_parquet_snap.date_dim_1.d_year = CAST(2000 AS INT) OR tpcds_partitioned_parquet_snap.date_dim_1.d_year = add(CAST(2000 AS INT), CAST(1 AS INT)) OR tpcds_partitioned_parquet_snap.date_dim_1.d_year = add(CAST(2000 AS INT), CAST(2 AS INT)) OR tpcds_partitioned_parquet_snap.date_dim_1.d_year = add(CAST(2000 AS INT), CAST(3 AS INT))
|  |     stored statistics:
|  |       table: rows=73.05K size=2.17MB
|  |       columns: all
|  |     extrapolated-rows=disabled max-scan-range-rows=73.05K
|  |     parquet dictionary predicates: tpcds_partitioned_parquet_snap.date_dim_1.d_year = CAST(2000 AS INT) OR tpcds_partitioned_parquet_snap.date_dim_1.d_year = add(CAST(2000 AS INT), CAST(1 AS INT)) OR tpcds_partitioned_parquet_snap.date_dim_1.d_year = add(CAST(2000 AS INT), CAST(2 AS INT)) OR tpcds_partitioned_parquet_snap.date_dim_1.d_year = add(CAST(2000 AS INT), CAST(3 AS INT))
|  |     mem-estimate=16.00MB mem-reservation=1.00MB thread-reservation=0
|  |     tuple-ids=19 row-size=12B cardinality=1.48K cost=14675
|  |     in pipelines: 17(GETNEXT)
|  |
|  16:SCAN HDFS [tpcds_partitioned_parquet_snap.store_sales]
|     HDFS partitions=1824/1824 files=1824 size=389.90GB
|     runtime filters: RF009[min_max] -> tpcds_partitioned_parquet_snap.store_sales_1.ss_item_sk, RF011[min_max] -> tpcds_partitioned_parquet_snap.store_sales_1.ss_item_sk, RF008[bloom] -> tpcds_partitioned_parquet_snap.store_sales_1.ss_item_sk, RF012[bloom] -> tpcds_partitioned_parquet_snap.store_sales_1.ss_sold_date_sk
|     stored statistics:
|       table: rows=8.64G size=389.90GB
|       partitions: 1824/1824 rows=8.64G
|       columns: all
|     extrapolated-rows=disabled max-scan-range-rows=390.22M est-scan-range=1479(filtered from 1824)
|     mem-estimate=16.00MB mem-reservation=4.00MB thread-reservation=0
|     tuple-ids=17 row-size=8B cardinality=7.01G(filtered from 8.64G) cost=807060893
|     in pipelines: 16(GETNEXT)
|
12:NESTED LOOP JOIN [INNER JOIN]
|  join predicates: sum(multiply(tpcds_partitioned_parquet_snap.store_sales.ss_quantity, tpcds_partitioned_parquet_snap.store_sales.ss_sales_price)) > multiply(divide(CAST(95 AS DECIMAL(3,0)), CAST(100.0 AS DECIMAL(4,1))), max(sum(multiply(tpcds_partitioned_parquet_snap.store_sales_0.ss_quantity, tpcds_partitioned_parquet_snap.store_sales_0.ss_sales_price))))
|  mem-estimate=16B mem-reservation=0B thread-reservation=0
|  tuple-ids=4,12 row-size=36B cardinality=30.00M cost=6147000
|  in pipelines: 04(GETNEXT), 11(OPEN)
|
|--11:AGGREGATE [FINALIZE]
|  |  output: max(sum(multiply(tpcds_partitioned_parquet_snap.store_sales_0.ss_quantity, tpcds_partitioned_parquet_snap.store_sales_0.ss_sales_price)))
|  |  mem-estimate=16.00KB mem-reservation=0B spill-buffer=2.00MB thread-reservation=0
|  |  tuple-ids=12 row-size=16B cardinality=1 cost=2100000
|  |  in pipelines: 11(GETNEXT), 10(OPEN)
|  |
|  10:AGGREGATE [FINALIZE]
|  |  output: sum(multiply(CAST(tpcds_partitioned_parquet_snap.store_sales_0.ss_quantity AS DECIMAL(10,0)), tpcds_partitioned_parquet_snap.store_sales_0.ss_sales_price))
|  |  group by: tpcds_partitioned_parquet_snap.customer_0.c_customer_sk
|  |  mem-estimate=915.53MB mem-reservation=34.00MB spill-buffer=2.00MB thread-reservation=0
|  |  tuple-ids=11 row-size=20B cardinality=30.00M cost=1959305590
|  |  in pipelines: 10(GETNEXT), 05(OPEN)
|  |
|  09:HASH JOIN [INNER JOIN]
|  |  hash predicates: tpcds_partitioned_parquet_snap.store_sales_0.ss_customer_sk = tpcds_partitioned_parquet_snap.customer_0.c_customer_sk
|  |  fk/pk conjuncts: tpcds_partitioned_parquet_snap.store_sales_0.ss_customer_sk = tpcds_partitioned_parquet_snap.customer_0.c_customer_sk
|  |  runtime filters: RF005[min_max] <- tpcds_partitioned_parquet_snap.customer_0.c_customer_sk
|  |  mem-estimate=882.44MB mem-reservation=34.00MB spill-buffer=2.00MB thread-reservation=0
|  |  tuple-ids=5,7,9 row-size=28B cardinality=6.43G cost=2992282406
|  |  in pipelines: 05(GETNEXT), 08(OPEN)
|  |
|  |--08:SCAN HDFS [tpcds_partitioned_parquet_snap.customer]
|  |     HDFS partitions=1/1 files=1 size=1.55GB
|  |     stored statistics:
|  |       table: rows=30.00M size=1.55GB
|  |       columns: all
|  |     extrapolated-rows=disabled max-scan-range-rows=3.10M
|  |     mem-estimate=16.00MB mem-reservation=1.00MB thread-reservation=0
|  |     tuple-ids=9 row-size=4B cardinality=30.00M cost=1728000
|  |     in pipelines: 08(GETNEXT)
|  |
|  07:HASH JOIN [INNER JOIN]
|  |  hash predicates: tpcds_partitioned_parquet_snap.store_sales_0.ss_sold_date_sk = tpcds_partitioned_parquet_snap.date_dim.d_date_sk
|  |  fk/pk conjuncts: tpcds_partitioned_parquet_snap.store_sales_0.ss_sold_date_sk = tpcds_partitioned_parquet_snap.date_dim.d_date_sk
|  |  runtime filters: RF006[bloom] <- tpcds_partitioned_parquet_snap.date_dim.d_date_sk
|  |  mem-estimate=1.94MB mem-reservation=1.94MB spill-buffer=64.00KB thread-reservation=0
|  |  tuple-ids=5,7 row-size=24B cardinality=7.01G cost=3066412531
|  |  in pipelines: 05(GETNEXT), 06(OPEN)
|  |
|  |--06:SCAN HDFS [tpcds_partitioned_parquet_snap.date_dim]
|  |     HDFS partitions=1/1 files=1 size=2.17MB
|  |     predicates: tpcds_partitioned_parquet_snap.date_dim.d_year = CAST(2000 AS INT) OR tpcds_partitioned_parquet_snap.date_dim.d_year = add(CAST(2000 AS INT), CAST(1 AS INT)) OR tpcds_partitioned_parquet_snap.date_dim.d_year = add(CAST(2000 AS INT), CAST(2 AS INT)) OR tpcds_partitioned_parquet_snap.date_dim.d_year = add(CAST(2000 AS INT), CAST(3 AS INT))
|  |     stored statistics:
|  |       table: rows=73.05K size=2.17MB
|  |       columns: all
|  |     extrapolated-rows=disabled max-scan-range-rows=73.05K
|  |     parquet dictionary predicates: tpcds_partitioned_parquet_snap.date_dim.d_year = CAST(2000 AS INT) OR tpcds_partitioned_parquet_snap.date_dim.d_year = add(CAST(2000 AS INT), CAST(1 AS INT)) OR tpcds_partitioned_parquet_snap.date_dim.d_year = add(CAST(2000 AS INT), CAST(2 AS INT)) OR tpcds_partitioned_parquet_snap.date_dim.d_year = add(CAST(2000 AS INT), CAST(3 AS INT))
|  |     mem-estimate=16.00MB mem-reservation=512.00KB thread-reservation=0
|  |     tuple-ids=7 row-size=8B cardinality=1.48K cost=10467
|  |     in pipelines: 06(GETNEXT)
|  |
|  05:SCAN HDFS [tpcds_partitioned_parquet_snap.store_sales]
|     HDFS partitions=1824/1824 files=1824 size=389.90GB
|     runtime filters: RF005[min_max] -> tpcds_partitioned_parquet_snap.store_sales_0.ss_customer_sk, RF006[bloom] -> tpcds_partitioned_parquet_snap.store_sales_0.ss_sold_date_sk
|     stored statistics:
|       table: rows=8.64G size=389.90GB
|       partitions: 1824/1824 rows=8.64G
|       columns: all
|     extrapolated-rows=disabled max-scan-range-rows=390.22M est-scan-range=1479(filtered from 1824)
|     mem-estimate=16.00MB mem-reservation=8.00MB thread-reservation=0
|     tuple-ids=5 row-size=16B cardinality=7.01G(filtered from 8.64G) cost=1614121787
|     in pipelines: 05(GETNEXT)
|
04:AGGREGATE [FINALIZE]
|  output: sum(multiply(CAST(tpcds_partitioned_parquet_snap.store_sales.ss_quantity AS DECIMAL(10,0)), tpcds_partitioned_parquet_snap.store_sales.ss_sales_price))
|  group by: tpcds_partitioned_parquet_snap.customer.c_customer_sk
|  mem-estimate=915.53MB mem-reservation=34.00MB spill-buffer=2.00MB thread-reservation=0
|  tuple-ids=4 row-size=20B cardinality=30.00M cost=2398099308
|  in pipelines: 04(GETNEXT), 01(OPEN)
|
03:HASH JOIN [INNER JOIN]
|  hash predicates: tpcds_partitioned_parquet_snap.store_sales.ss_customer_sk = tpcds_partitioned_parquet_snap.customer.c_customer_sk
|  fk/pk conjuncts: tpcds_partitioned_parquet_snap.store_sales.ss_customer_sk = tpcds_partitioned_parquet_snap.customer.c_customer_sk
|  runtime filters: RF003[min_max] <- tpcds_partitioned_parquet_snap.customer.c_customer_sk
|  mem-estimate=882.44MB mem-reservation=34.00MB spill-buffer=2.00MB thread-reservation=0
|  tuple-ids=0,2 row-size=16B cardinality=7.93G cost=3501497176
|  in pipelines: 01(GETNEXT), 02(OPEN)
|
|--02:SCAN HDFS [tpcds_partitioned_parquet_snap.customer]
|     HDFS partitions=1/1 files=1 size=1.55GB
|     runtime filters: RF001[min_max] -> tpcds_partitioned_parquet_snap.customer.c_customer_sk, RF000[bloom] -> tpcds_partitioned_parquet_snap.customer.c_customer_sk
|     stored statistics:
|       table: rows=30.00M size=1.55GB
|       columns: all
|     extrapolated-rows=disabled max-scan-range-rows=3.10M
|     mem-estimate=16.00MB mem-reservation=1.00MB thread-reservation=0
|     tuple-ids=2 row-size=4B cardinality=30.00M cost=1728000
|     in pipelines: 02(GETNEXT)
|
01:SCAN HDFS [tpcds_partitioned_parquet_snap.store_sales]
   HDFS partitions=1824/1824 files=1824 size=389.90GB
   runtime filters: RF001[min_max] -> tpcds_partitioned_parquet_snap.store_sales.ss_customer_sk, RF003[min_max] -> tpcds_partitioned_parquet_snap.store_sales.ss_customer_sk, RF000[bloom] -> tpcds_partitioned_parquet_snap.store_sales.ss_customer_sk
   stored statistics:
     table: rows=8.64G size=389.90GB
     partitions: 1824/1824 rows=8.64G
     columns: all
   extrapolated-rows=disabled max-scan-range-rows=390.22M
   mem-estimate=16.00MB mem-reservation=8.00MB thread-reservation=0
   tuple-ids=0 row-size=12B cardinality=7.93G(filtered from 8.64G) cost=1492980801
   in pipelines: 01(GETNEXT)
---- DISTRIBUTEDPLAN
Max Per-Host Resource Reservation: Memory=7.81GB Threads=186
Per-Host Resource Estimates: Memory=102.22GB
F31:PLAN FRAGMENT [UNPARTITIONED] hosts=1 instances=1
|  Per-Instance Resources: mem-estimate=4.02MB mem-reservation=4.00MB thread-reservation=1
|  max-parallelism=1 segment-costs=[30, 1] cpu-comparison-result=820 [max(1 (self) vs 820 (sum children))]
PLAN-ROOT SINK
|  output exprs: sum(SALES)
|  mem-estimate=4.00MB mem-reservation=4.00MB spill-buffer=2.00MB thread-reservation=0 cost=1
|
85:AGGREGATE [FINALIZE]
|  output: sum:merge(SALES)
|  limit: 100
|  mem-estimate=16.00KB mem-reservation=0B spill-buffer=2.00MB thread-reservation=0
|  tuple-ids=49 row-size=16B cardinality=1 cost=8
|  in pipelines: 85(GETNEXT), 47(OPEN)
|
84:EXCHANGE [UNPARTITIONED]
|  mem-estimate=281.44KB mem-reservation=0B thread-reservation=0
|  tuple-ids=49 row-size=16B cardinality=120 cost=22
|  in pipelines: 47(GETNEXT)
|
F30:PLAN FRAGMENT [RANDOM] hosts=10 instances=120
Per-Instance Resources: mem-estimate=827.23MB mem-reservation=34.00MB thread-reservation=1
max-parallelism=120 segment-costs=[1665300897, 1665300897, 39245980, 185] cpu-comparison-result=820 [max(120 (self) vs 820 (sum children))]
47:AGGREGATE
|  output: sum(SALES)
|  mem-estimate=16.00KB mem-reservation=0B spill-buffer=2.00MB thread-reservation=0
|  tuple-ids=49 row-size=16B cardinality=120 cost=2677624
|  in pipelines: 47(GETNEXT), 50(OPEN), 68(OPEN)
|
00:UNION
|  mem-estimate=0B mem-reservation=0B thread-reservation=0
|  tuple-ids=48 row-size=8B cardinality=38.25M cost=1953135
|  in pipelines: 50(GETNEXT), 68(GETNEXT)
|
|--46:HASH JOIN [INNER JOIN, PARTITIONED]
|  |  hash-table-id=08
|  |  hash predicates: tpcds_partitioned_parquet_snap.customer_1.c_customer_sk = tpcds_partitioned_parquet_snap.web_sales.ws_bill_customer_sk
|  |  fk/pk conjuncts: none
|  |  mem-estimate=0B mem-reservation=0B spill-buffer=512.00KB thread-reservation=0
|  |  tuple-ids=28,36,37,39 row-size=68B cardinality=12.78M cost=10011260
|  |  in pipelines: 68(GETNEXT), 79(OPEN)
|  |
|  |--F40:PLAN FRAGMENT [RANDOM] hosts=10 instances=120
|  |  |  Per-Instance Resources: mem-estimate=35.67MB mem-reservation=24.50MB thread-reservation=1 runtime-filters-memory=16.00MB
|  |  |  max-parallelism=120 segment-costs=[16555126] cpu-comparison-result=160 [max(150 (self) vs 160 (sum children))]
|  |  JOIN BUILD
|  |  |  join-table-id=08 plan-id=09 cohort-id=01
|  |  |  build expressions: tpcds_partitioned_parquet_snap.web_sales.ws_bill_customer_sk
|  |  |  runtime filters: RF016[bloom] <- tpcds_partitioned_parquet_snap.web_sales.ws_bill_customer_sk, RF017[min_max] <- tpcds_partitioned_parquet_snap.web_sales.ws_bill_customer_sk
|  |  |  mem-estimate=8.50MB mem-reservation=8.50MB spill-buffer=512.00KB thread-reservation=0 cost=12782894
|  |  |
|  |  83:EXCHANGE [HASH(tpcds_partitioned_parquet_snap.web_sales.ws_bill_customer_sk)]
|  |  |  mem-estimate=11.17MB mem-reservation=0B thread-reservation=0
|  |  |  tuple-ids=37,39 row-size=32B cardinality=12.78M cost=3772232
|  |  |  in pipelines: 79(GETNEXT)
|  |  |
|  |  F29:PLAN FRAGMENT [HASH(tpcds_partitioned_parquet_snap.web_sales.ws_item_sk)] hosts=10 instances=30 (adjusted from 120)
|  |  Per-Instance Resources: mem-estimate=32.50MB mem-reservation=0B thread-reservation=1
|  |  max-parallelism=40 segment-costs=[389421726]
|  |  45:HASH JOIN [RIGHT SEMI JOIN, PARTITIONED]
|  |  |  hash-table-id=09
|  |  |  hash predicates: tpcds_partitioned_parquet_snap.item_0.i_item_sk = tpcds_partitioned_parquet_snap.web_sales.ws_item_sk
|  |  |  mem-estimate=0B mem-reservation=0B spill-buffer=2.00MB thread-reservation=0
|  |  |  tuple-ids=37,39 row-size=32B cardinality=12.78M cost=181923608
|  |  |  in pipelines: 79(GETNEXT), 36(OPEN)
|  |  |
|  |  |--F41:PLAN FRAGMENT [HASH(tpcds_partitioned_parquet_snap.web_sales.ws_item_sk)] hosts=10 instances=30 (adjusted from 120)
|  |  |  |  Per-Instance Resources: mem-estimate=45.39MB mem-reservation=35.00MB thread-reservation=1 runtime-filters-memory=1.00MB
|  |  |  |  max-parallelism=40 segment-costs=[16563403] cpu-comparison-result=40 [max(40 (self) vs 11 (sum children))]
|  |  |  JOIN BUILD
|  |  |  |  join-table-id=09 plan-id=10 cohort-id=05
|  |  |  |  build expressions: tpcds_partitioned_parquet_snap.web_sales.ws_item_sk
|  |  |  |  runtime filters: RF024[bloom] <- tpcds_partitioned_parquet_snap.web_sales.ws_item_sk, RF025[min_max] <- tpcds_partitioned_parquet_snap.web_sales.ws_item_sk
|  |  |  |  mem-estimate=34.00MB mem-reservation=34.00MB spill-buffer=2.00MB thread-reservation=0 cost=12789285
|  |  |  |
|  |  |  82:EXCHANGE [HASH(tpcds_partitioned_parquet_snap.web_sales.ws_item_sk)]
|  |  |  |  mem-estimate=10.39MB mem-reservation=0B thread-reservation=0
|  |  |  |  tuple-ids=37,39 row-size=32B cardinality=12.79M cost=3774118
|  |  |  |  in pipelines: 36(GETNEXT)
|  |  |  |
|  |  |  F27:PLAN FRAGMENT [RANDOM] hosts=10 instances=10 (adjusted from 120)
|  |  |  Per-Host Shared Resources: mem-estimate=1.00MB mem-reservation=1.00MB thread-reservation=0 runtime-filters-memory=1.00MB
|  |  |  Per-Instance Resources: mem-estimate=20.69MB mem-reservation=128.00KB thread-reservation=1
|  |  |  max-parallelism=10 segment-costs=[89152822]
|  |  |  38:HASH JOIN [INNER JOIN, BROADCAST]
|  |  |  |  hash-table-id=10
|  |  |  |  hash predicates: tpcds_partitioned_parquet_snap.web_sales.ws_sold_date_sk = tpcds_partitioned_parquet_snap.date_dim_3.d_date_sk
|  |  |  |  fk/pk conjuncts: tpcds_partitioned_parquet_snap.web_sales.ws_sold_date_sk = tpcds_partitioned_parquet_snap.date_dim_3.d_date_sk
|  |  |  |  mem-estimate=0B mem-reservation=0B spill-buffer=64.00KB thread-reservation=0
|  |  |  |  tuple-ids=37,39 row-size=32B cardinality=12.79M cost=5597870
|  |  |  |  in pipelines: 36(GETNEXT), 37(OPEN)
|  |  |  |
|  |  |  |--F42:PLAN FRAGMENT [RANDOM] hosts=10 instances=10
|  |  |  |  |  Per-Instance Resources: mem-estimate=2.95MB mem-reservation=2.94MB thread-reservation=1 runtime-filters-memory=1.00MB
|  |  |  |  |  max-parallelism=10 segment-costs=[248]
|  |  |  |  JOIN BUILD
|  |  |  |  |  join-table-id=10 plan-id=11 cohort-id=06
|  |  |  |  |  build expressions: tpcds_partitioned_parquet_snap.date_dim_3.d_date_sk
|  |  |  |  |  runtime filters: RF030[bloom] <- tpcds_partitioned_parquet_snap.date_dim_3.d_date_sk
|  |  |  |  |  mem-estimate=1.94MB mem-reservation=1.94MB spill-buffer=64.00KB thread-reservation=0 cost=108
|  |  |  |  |
|  |  |  |  80:EXCHANGE [BROADCAST]
|  |  |  |  |  mem-estimate=16.00KB mem-reservation=0B thread-reservation=0
|  |  |  |  |  tuple-ids=39 row-size=12B cardinality=108 cost=140
|  |  |  |  |  in pipelines: 37(GETNEXT)
|  |  |  |  |
|  |  |  |  F28:PLAN FRAGMENT [RANDOM] hosts=1 instances=1
|  |  |  |  Per-Instance Resources: mem-estimate=16.06MB mem-reservation=512.00KB thread-reservation=1
|  |  |  |  max-parallelism=1 segment-costs=[16733]
|  |  |  |  37:SCAN HDFS [tpcds_partitioned_parquet_snap.date_dim, RANDOM]
|  |  |  |     HDFS partitions=1/1 files=1 size=2.17MB
|  |  |  |     predicates: tpcds_partitioned_parquet_snap.date_dim_3.d_year = CAST(2000 AS INT), tpcds_partitioned_parquet_snap.date_dim_3.d_moy = CAST(5 AS INT)
|  |  |  |     stored statistics:
|  |  |  |       table: rows=73.05K size=2.17MB
|  |  |  |       columns: all
|  |  |  |     extrapolated-rows=disabled max-scan-range-rows=73.05K
|  |  |  |     parquet statistics predicates: tpcds_partitioned_parquet_snap.date_dim_3.d_year = CAST(2000 AS INT), tpcds_partitioned_parquet_snap.date_dim_3.d_moy = CAST(5 AS INT)
|  |  |  |     parquet dictionary predicates: tpcds_partitioned_parquet_snap.date_dim_3.d_year = CAST(2000 AS INT), tpcds_partitioned_parquet_snap.date_dim_3.d_moy = CAST(5 AS INT)
|  |  |  |     mem-estimate=16.00MB mem-reservation=512.00KB thread-reservation=0
|  |  |  |     tuple-ids=39 row-size=12B cardinality=108 cost=16728
|  |  |  |     in pipelines: 37(GETNEXT)
|  |  |  |
|  |  |  36:SCAN HDFS [tpcds_partitioned_parquet_snap.web_sales, RANDOM]
|  |  |     HDFS partitions=1824/1824 files=1824 size=145.75GB
|  |  |     predicates: is_not_null_pred(tpcds_partitioned_parquet_snap.web_sales.ws_bill_customer_sk), is_not_null_pred(tpcds_partitioned_parquet_snap.web_sales.ws_item_sk)
|  |  |     runtime filters: RF030[bloom] -> tpcds_partitioned_parquet_snap.web_sales.ws_sold_date_sk
|  |  |     stored statistics:
|  |  |       table: rows=2.16G size=145.75GB
|  |  |       partitions: 1824/1824 rows=2.16G
|  |  |       columns: all
|  |  |     extrapolated-rows=disabled max-scan-range-rows=3.37M est-scan-range=109(filtered from 1824)
|  |  |     parquet dictionary predicates: is_not_null_pred(tpcds_partitioned_parquet_snap.web_sales.ws_bill_customer_sk), is_not_null_pred(tpcds_partitioned_parquet_snap.web_sales.ws_item_sk)
|  |  |     mem-estimate=16.00MB mem-reservation=128.00KB thread-reservation=0
|  |  |     tuple-ids=37 row-size=20B cardinality=12.79M(filtered from 216.00M) cost=44020715
|  |  |     in pipelines: 36(GETNEXT)
|  |  |
|  |  81:EXCHANGE [HASH(tpcds_partitioned_parquet_snap.item_0.i_item_sk)]
|  |  |  mem-estimate=13.75MB mem-reservation=0B thread-reservation=0
|  |  |  tuple-ids=47 row-size=28B cardinality=700.22M cost=167983637
|  |  |  in pipelines: 79(GETNEXT)
|  |  |
|  |  F26:PLAN FRAGMENT [HASH(substr(tpcds_partitioned_parquet_snap.item_0.i_item_desc, 1, 30),tpcds_partitioned_parquet_snap.item_0.i_item_sk,tpcds_partitioned_parquet_snap.date_dim_4.d_date)] hosts=10 instances=120
|  |  Per-Instance Resources: mem-estimate=954.24MB mem-reservation=34.00MB thread-reservation=1
|  |  max-parallelism=4310 segment-costs=[43011233450, 1623398350] cpu-comparison-result=120 [max(120 (self) vs 120 (sum children))]
|  |  79:AGGREGATE [FINALIZE]
|  |  |  output: count:merge()
|  |  |  group by: substr(tpcds_partitioned_parquet_snap.item_0.i_item_desc, 1, 30), tpcds_partitioned_parquet_snap.item_0.i_item_sk, tpcds_partitioned_parquet_snap.date_dim_4.d_date
|  |  |  having: count() > CAST(4 AS BIGINT)
|  |  |  mem-estimate=940.49MB mem-reservation=34.00MB spill-buffer=2.00MB thread-reservation=0
|  |  |  tuple-ids=47 row-size=28B cardinality=700.22M cost=41331397080
|  |  |  in pipelines: 79(GETNEXT), 39(OPEN)
|  |  |
|  |  78:EXCHANGE [HASH(substr(tpcds_partitioned_parquet_snap.item_0.i_item_desc, 1, 30),tpcds_partitioned_parquet_snap.item_0.i_item_sk,tpcds_partitioned_parquet_snap.date_dim_4.d_date)]
|  |  |  mem-estimate=13.75MB mem-reservation=0B thread-reservation=0
|  |  |  tuple-ids=47 row-size=28B cardinality=7.00G cost=1679836370
|  |  |  in pipelines: 39(GETNEXT)
|  |  |
|  |  F23:PLAN FRAGMENT [RANDOM] hosts=10 instances=120
|  |  Per-Host Shared Resources: mem-estimate=2.00MB mem-reservation=2.00MB thread-reservation=0 runtime-filters-memory=2.00MB
|  |  Per-Instance Resources: mem-estimate=832.37MB mem-reservation=38.00MB thread-reservation=1
|  |  max-parallelism=1479 segment-costs=[48270645674, 16233983497] cpu-comparison-result=120 [max(120 (self) vs 25 (sum children))]
|  |  44:AGGREGATE [STREAMING]
|  |  |  output: count()
|  |  |  group by: substr(tpcds_partitioned_parquet_snap.item_0.i_item_desc, CAST(1 AS BIGINT), CAST(30 AS BIGINT)), tpcds_partitioned_parquet_snap.item_0.i_item_sk, tpcds_partitioned_parquet_snap.date_dim_4.d_date
|  |  |  mem-estimate=801.37MB mem-reservation=34.00MB spill-buffer=2.00MB thread-reservation=0
|  |  |  tuple-ids=47 row-size=28B cardinality=7.00G cost=41331397080
|  |  |  in pipelines: 39(GETNEXT)
|  |  |
|  |  43:HASH JOIN [INNER JOIN, BROADCAST]
|  |  |  hash-table-id=11
|  |  |  hash predicates: tpcds_partitioned_parquet_snap.store_sales_4.ss_item_sk = tpcds_partitioned_parquet_snap.item_0.i_item_sk
|  |  |  fk/pk conjuncts: tpcds_partitioned_parquet_snap.store_sales_4.ss_item_sk = tpcds_partitioned_parquet_snap.item_0.i_item_sk
|  |  |  mem-estimate=0B mem-reservation=0B spill-buffer=2.00MB thread-reservation=0
|  |  |  tuple-ids=41,43,45 row-size=137B cardinality=7.00G cost=3065776649
|  |  |  in pipelines: 39(GETNEXT), 42(OPEN)
|  |  |
|  |  |--F43:PLAN FRAGMENT [RANDOM] hosts=10 instances=10
|  |  |  |  Per-Instance Resources: mem-estimate=418.47MB mem-reservation=408.00MB thread-reservation=1
|  |  |  |  max-parallelism=10 segment-costs=[838440]
|  |  |  JOIN BUILD
|  |  |  |  join-table-id=11 plan-id=12 cohort-id=05
|  |  |  |  build expressions: tpcds_partitioned_parquet_snap.item_0.i_item_sk
|  |  |  |  runtime filters: RF027[min_max] <- tpcds_partitioned_parquet_snap.item_0.i_item_sk
|  |  |  |  mem-estimate=408.00MB mem-reservation=408.00MB spill-buffer=2.00MB thread-reservation=0 cost=360000
|  |  |  |
|  |  |  77:EXCHANGE [BROADCAST]
|  |  |  |  mem-estimate=10.47MB mem-reservation=0B thread-reservation=0
|  |  |  |  tuple-ids=45 row-size=117B cardinality=360.00K cost=478440
|  |  |  |  in pipelines: 42(GETNEXT)
|  |  |  |
|  |  |  F25:PLAN FRAGMENT [RANDOM] hosts=4 instances=4
|  |  |  Per-Host Shared Resources: mem-estimate=1.00MB mem-reservation=1.00MB thread-reservation=0 runtime-filters-memory=1.00MB
|  |  |  Per-Instance Resources: mem-estimate=16.47MB mem-reservation=512.00KB thread-reservation=1
|  |  |  max-parallelism=4 segment-costs=[663353]
|  |  |  42:SCAN HDFS [tpcds_partitioned_parquet_snap.item, RANDOM]
|  |  |     HDFS partitions=1/1 files=1 size=33.54MB
|  |  |     runtime filters: RF025[min_max] -> tpcds_partitioned_parquet_snap.item_0.i_item_sk, RF024[bloom] -> tpcds_partitioned_parquet_snap.item_0.i_item_sk
|  |  |     stored statistics:
|  |  |       table: rows=360.00K size=33.54MB
|  |  |       columns: all
|  |  |     extrapolated-rows=disabled max-scan-range-rows=101.54K
|  |  |     mem-estimate=16.00MB mem-reservation=512.00KB thread-reservation=0
|  |  |     tuple-ids=45 row-size=117B cardinality=360.00K cost=542243
|  |  |     in pipelines: 42(GETNEXT)
|  |  |
|  |  41:HASH JOIN [INNER JOIN, BROADCAST]
|  |  |  hash-table-id=12
|  |  |  hash predicates: tpcds_partitioned_parquet_snap.store_sales_4.ss_sold_date_sk = tpcds_partitioned_parquet_snap.date_dim_4.d_date_sk
|  |  |  fk/pk conjuncts: tpcds_partitioned_parquet_snap.store_sales_4.ss_sold_date_sk = tpcds_partitioned_parquet_snap.date_dim_4.d_date_sk
|  |  |  mem-estimate=0B mem-reservation=0B spill-buffer=64.00KB thread-reservation=0
|  |  |  tuple-ids=41,43 row-size=20B cardinality=7.01G cost=3066411052
|  |  |  in pipelines: 39(GETNEXT), 40(OPEN)
|  |  |
|  |  |--F44:PLAN FRAGMENT [RANDOM] hosts=10 instances=10
|  |  |  |  Per-Instance Resources: mem-estimate=24.28MB mem-reservation=24.25MB thread-reservation=1 runtime-filters-memory=1.00MB
|  |  |  |  max-parallelism=10 segment-costs=[3439]
|  |  |  JOIN BUILD
|  |  |  |  join-table-id=12 plan-id=13 cohort-id=05
|  |  |  |  build expressions: tpcds_partitioned_parquet_snap.date_dim_4.d_date_sk
|  |  |  |  runtime filters: RF028[bloom] <- tpcds_partitioned_parquet_snap.date_dim_4.d_date_sk
|  |  |  |  mem-estimate=23.25MB mem-reservation=23.25MB spill-buffer=64.00KB thread-reservation=0 cost=1479
|  |  |  |
|  |  |  76:EXCHANGE [BROADCAST]
|  |  |  |  mem-estimate=33.33KB mem-reservation=0B thread-reservation=0
|  |  |  |  tuple-ids=43 row-size=12B cardinality=1.48K cost=1960
|  |  |  |  in pipelines: 40(GETNEXT)
|  |  |  |
|  |  |  F24:PLAN FRAGMENT [RANDOM] hosts=1 instances=1
|  |  |  Per-Instance Resources: mem-estimate=16.06MB mem-reservation=1.00MB thread-reservation=1
|  |  |  max-parallelism=1 segment-costs=[14754]
|  |  |  40:SCAN HDFS [tpcds_partitioned_parquet_snap.date_dim, RANDOM]
|  |  |     HDFS partitions=1/1 files=1 size=2.17MB
|  |  |     predicates: tpcds_partitioned_parquet_snap.date_dim_4.d_year = CAST(2000 AS INT) OR tpcds_partitioned_parquet_snap.date_dim_4.d_year = add(CAST(2000 AS INT), CAST(1 AS INT)) OR tpcds_partitioned_parquet_snap.date_dim_4.d_year = add(CAST(2000 AS INT), CAST(2 AS INT)) OR tpcds_partitioned_parquet_snap.date_dim_4.d_year = add(CAST(2000 AS INT), CAST(3 AS INT))
|  |  |     stored statistics:
|  |  |       table: rows=73.05K size=2.17MB
|  |  |       columns: all
|  |  |     extrapolated-rows=disabled max-scan-range-rows=73.05K
|  |  |     parquet dictionary predicates: tpcds_partitioned_parquet_snap.date_dim_4.d_year = CAST(2000 AS INT) OR tpcds_partitioned_parquet_snap.date_dim_4.d_year = add(CAST(2000 AS INT), CAST(1 AS INT)) OR tpcds_partitioned_parquet_snap.date_dim_4.d_year = add(CAST(2000 AS INT), CAST(2 AS INT)) OR tpcds_partitioned_parquet_snap.date_dim_4.d_year = add(CAST(2000 AS INT), CAST(3 AS INT))
|  |  |     mem-estimate=16.00MB mem-reservation=1.00MB thread-reservation=0
|  |  |     tuple-ids=43 row-size=12B cardinality=1.48K cost=14675
|  |  |     in pipelines: 40(GETNEXT)
|  |  |
|  |  39:SCAN HDFS [tpcds_partitioned_parquet_snap.store_sales, RANDOM]
|  |     HDFS partitions=1824/1824 files=1824 size=389.90GB
|  |     runtime filters: RF025[min_max] -> tpcds_partitioned_parquet_snap.store_sales_4.ss_item_sk, RF027[min_max] -> tpcds_partitioned_parquet_snap.store_sales_4.ss_item_sk, RF024[bloom] -> tpcds_partitioned_parquet_snap.store_sales_4.ss_item_sk, RF028[bloom] -> tpcds_partitioned_parquet_snap.store_sales_4.ss_sold_date_sk
|  |     stored statistics:
|  |       table: rows=8.64G size=389.90GB
|  |       partitions: 1824/1824 rows=8.64G
|  |       columns: all
|  |     extrapolated-rows=disabled max-scan-range-rows=390.22M est-scan-range=1479(filtered from 1824)
|  |     mem-estimate=16.00MB mem-reservation=4.00MB thread-reservation=0
|  |     tuple-ids=41 row-size=8B cardinality=7.01G(filtered from 8.64G) cost=807060893
|  |     in pipelines: 39(GETNEXT)
|  |
|  35:NESTED LOOP JOIN [INNER JOIN, BROADCAST]
|  |  join table id: 13
|  |  join predicates: sum(multiply(tpcds_partitioned_parquet_snap.store_sales_2.ss_quantity, tpcds_partitioned_parquet_snap.store_sales_2.ss_sales_price)) > multiply(divide(CAST(95 AS DECIMAL(3,0)), CAST(100.0 AS DECIMAL(4,1))), max(sum(multiply(tpcds_partitioned_parquet_snap.store_sales_3.ss_quantity, tpcds_partitioned_parquet_snap.store_sales_3.ss_sales_price))))
|  |  mem-estimate=0B mem-reservation=0B thread-reservation=0
|  |  tuple-ids=28,36 row-size=36B cardinality=30.00M cost=6147000
|  |  in pipelines: 68(GETNEXT), 74(OPEN)
|  |
|  |--F45:PLAN FRAGMENT [RANDOM] hosts=10 instances=10
|  |  |  Per-Instance Resources: mem-estimate=16.02KB mem-reservation=0B thread-reservation=1
|  |  |  max-parallelism=10 segment-costs=[0] cpu-comparison-result=120 [max(10 (self) vs 120 (sum children))]
|  |  JOIN BUILD
|  |  |  join-table-id=13 plan-id=14 cohort-id=01
|  |  |  mem-estimate=16B mem-reservation=0B thread-reservation=0 cost=0
|  |  |
|  |  75:EXCHANGE [BROADCAST]
|  |  |  mem-estimate=16.00KB mem-reservation=0B thread-reservation=0
|  |  |  tuple-ids=36 row-size=16B cardinality=1 cost=0
|  |  |  in pipelines: 74(GETNEXT)
|  |  |
|  |  F22:PLAN FRAGMENT [UNPARTITIONED] hosts=1 instances=1
|  |  Per-Instance Resources: mem-estimate=109.94KB mem-reservation=0B thread-reservation=1
|  |  max-parallelism=1 segment-costs=[30, 0] cpu-comparison-result=120 [max(1 (self) vs 120 (sum children))]
|  |  74:AGGREGATE [FINALIZE]
|  |  |  output: max:merge(sum(multiply(tpcds_partitioned_parquet_snap.store_sales_3.ss_quantity, tpcds_partitioned_parquet_snap.store_sales_3.ss_sales_price)))
|  |  |  mem-estimate=16.00KB mem-reservation=0B spill-buffer=2.00MB thread-reservation=0
|  |  |  tuple-ids=36 row-size=16B cardinality=1 cost=8
|  |  |  in pipelines: 74(GETNEXT), 34(OPEN)
|  |  |
|  |  73:EXCHANGE [UNPARTITIONED]
|  |  |  mem-estimate=93.94KB mem-reservation=0B thread-reservation=0
|  |  |  tuple-ids=36 row-size=16B cardinality=120 cost=22
|  |  |  in pipelines: 34(GETNEXT)
|  |  |
|  |  F21:PLAN FRAGMENT [HASH(tpcds_partitioned_parquet_snap.customer_2.c_customer_sk)] hosts=10 instances=40 (adjusted from 120)
|  |  Per-Instance Resources: mem-estimate=46.81MB mem-reservation=34.00MB thread-reservation=1
|  |  max-parallelism=160 segment-costs=[1563421020, 2100000, 185] cpu-comparison-result=120 [max(40 (self) vs 120 (sum children))]
|  |  34:AGGREGATE
|  |  |  output: max(sum(multiply(tpcds_partitioned_parquet_snap.store_sales_3.ss_quantity, tpcds_partitioned_parquet_snap.store_sales_3.ss_sales_price)))
|  |  |  mem-estimate=16.00KB mem-reservation=0B spill-buffer=2.00MB thread-reservation=0
|  |  |  tuple-ids=36 row-size=16B cardinality=120 cost=2100000
|  |  |  in pipelines: 34(GETNEXT), 72(OPEN)
|  |  |
|  |  72:AGGREGATE [FINALIZE]
|  |  |  output: sum:merge(multiply(tpcds_partitioned_parquet_snap.store_sales_3.ss_quantity, tpcds_partitioned_parquet_snap.store_sales_3.ss_sales_price))
|  |  |  group by: tpcds_partitioned_parquet_snap.customer_2.c_customer_sk
|  |  |  mem-estimate=34.00MB mem-reservation=34.00MB spill-buffer=2.00MB thread-reservation=0
|  |  |  tuple-ids=35 row-size=20B cardinality=30.00M cost=954774653
|  |  |  in pipelines: 72(GETNEXT), 28(OPEN)
|  |  |
|  |  71:EXCHANGE [HASH(tpcds_partitioned_parquet_snap.customer_2.c_customer_sk)]
|  |  |  mem-estimate=12.81MB mem-reservation=0B thread-reservation=0
|  |  |  tuple-ids=35 row-size=20B cardinality=3.00G cost=608646367
|  |  |  in pipelines: 28(GETNEXT)
|  |  |
|  |  F18:PLAN FRAGMENT [RANDOM] hosts=10 instances=120
|  |  Per-Host Shared Resources: mem-estimate=1.00MB mem-reservation=1.00MB thread-reservation=0 runtime-filters-memory=1.00MB
|  |  Per-Instance Resources: mem-estimate=935.28MB mem-reservation=42.00MB thread-reservation=1
|  |  max-parallelism=1479 segment-costs=[17337114136, 5403796797] cpu-comparison-result=120 [max(120 (self) vs 31 (sum children))]
|  |  33:AGGREGATE [STREAMING]
|  |  |  output: sum(multiply(CAST(tpcds_partitioned_parquet_snap.store_sales_3.ss_quantity AS DECIMAL(10,0)), tpcds_partitioned_parquet_snap.store_sales_3.ss_sales_price))
|  |  |  group by: tpcds_partitioned_parquet_snap.customer_2.c_customer_sk
|  |  |  mem-estimate=915.53MB mem-reservation=34.00MB spill-buffer=2.00MB thread-reservation=0
|  |  |  tuple-ids=35 row-size=20B cardinality=3.00G cost=9694298891
|  |  |  in pipelines: 28(GETNEXT)
|  |  |
|  |  32:HASH JOIN [INNER JOIN, BROADCAST]
|  |  |  hash-table-id=14
|  |  |  hash predicates: tpcds_partitioned_parquet_snap.store_sales_3.ss_customer_sk = tpcds_partitioned_parquet_snap.customer_2.c_customer_sk
|  |  |  fk/pk conjuncts: tpcds_partitioned_parquet_snap.store_sales_3.ss_customer_sk = tpcds_partitioned_parquet_snap.customer_2.c_customer_sk
|  |  |  mem-estimate=0B mem-reservation=0B spill-buffer=2.00MB thread-reservation=0
|  |  |  tuple-ids=29,31,33 row-size=28B cardinality=6.43G cost=2962282406
|  |  |  in pipelines: 28(GETNEXT), 31(OPEN)
|  |  |
|  |  |--F46:PLAN FRAGMENT [RANDOM] hosts=10 instances=10
|  |  |  |  Per-Instance Resources: mem-estimate=892.52MB mem-reservation=408.00MB thread-reservation=1
|  |  |  |  max-parallelism=10 segment-costs=[69869990]
|  |  |  JOIN BUILD
|  |  |  |  join-table-id=14 plan-id=15 cohort-id=07
|  |  |  |  build expressions: tpcds_partitioned_parquet_snap.customer_2.c_customer_sk
|  |  |  |  runtime filters: RF021[min_max] <- tpcds_partitioned_parquet_snap.customer_2.c_customer_sk
|  |  |  |  mem-estimate=882.44MB mem-reservation=408.00MB spill-buffer=2.00MB thread-reservation=0 cost=30000000
|  |  |  |
|  |  |  70:EXCHANGE [BROADCAST]
|  |  |  |  mem-estimate=10.08MB mem-reservation=0B thread-reservation=0
|  |  |  |  tuple-ids=33 row-size=4B cardinality=30.00M cost=39869990
|  |  |  |  in pipelines: 31(GETNEXT)
|  |  |  |
|  |  |  F20:PLAN FRAGMENT [RANDOM] hosts=10 instances=10
|  |  |  Per-Instance Resources: mem-estimate=16.03MB mem-reservation=1.00MB thread-reservation=1
|  |  |  max-parallelism=10 segment-costs=[2700000]
|  |  |  31:SCAN HDFS [tpcds_partitioned_parquet_snap.customer, RANDOM]
|  |  |     HDFS partitions=1/1 files=1 size=1.55GB
|  |  |     stored statistics:
|  |  |       table: rows=30.00M size=1.55GB
|  |  |       columns: all
|  |  |     extrapolated-rows=disabled max-scan-range-rows=3.10M
|  |  |     mem-estimate=16.00MB mem-reservation=1.00MB thread-reservation=0
|  |  |     tuple-ids=33 row-size=4B cardinality=30.00M cost=1728000
|  |  |     in pipelines: 31(GETNEXT)
|  |  |
|  |  30:HASH JOIN [INNER JOIN, BROADCAST]
|  |  |  hash-table-id=15
|  |  |  hash predicates: tpcds_partitioned_parquet_snap.store_sales_3.ss_sold_date_sk = tpcds_partitioned_parquet_snap.date_dim_2.d_date_sk
|  |  |  fk/pk conjuncts: tpcds_partitioned_parquet_snap.store_sales_3.ss_sold_date_sk = tpcds_partitioned_parquet_snap.date_dim_2.d_date_sk
|  |  |  mem-estimate=0B mem-reservation=0B spill-buffer=64.00KB thread-reservation=0
|  |  |  tuple-ids=29,31 row-size=24B cardinality=7.01G cost=3066411052
|  |  |  in pipelines: 28(GETNEXT), 29(OPEN)
|  |  |
|  |  |--F47:PLAN FRAGMENT [RANDOM] hosts=10 instances=10
|  |  |  |  Per-Instance Resources: mem-estimate=24.27MB mem-reservation=24.25MB thread-reservation=1 runtime-filters-memory=1.00MB
|  |  |  |  max-parallelism=10 segment-costs=[3439]
|  |  |  JOIN BUILD
|  |  |  |  join-table-id=15 plan-id=16 cohort-id=07
|  |  |  |  build expressions: tpcds_partitioned_parquet_snap.date_dim_2.d_date_sk
|  |  |  |  runtime filters: RF022[bloom] <- tpcds_partitioned_parquet_snap.date_dim_2.d_date_sk
|  |  |  |  mem-estimate=23.25MB mem-reservation=23.25MB spill-buffer=64.00KB thread-reservation=0 cost=1479
|  |  |  |
|  |  |  69:EXCHANGE [BROADCAST]
|  |  |  |  mem-estimate=23.55KB mem-reservation=0B thread-reservation=0
|  |  |  |  tuple-ids=31 row-size=8B cardinality=1.48K cost=1960
|  |  |  |  in pipelines: 29(GETNEXT)
|  |  |  |
|  |  |  F19:PLAN FRAGMENT [RANDOM] hosts=1 instances=1
|  |  |  Per-Instance Resources: mem-estimate=16.05MB mem-reservation=512.00KB thread-reservation=1
|  |  |  max-parallelism=1 segment-costs=[10530]
|  |  |  29:SCAN HDFS [tpcds_partitioned_parquet_snap.date_dim, RANDOM]
|  |  |     HDFS partitions=1/1 files=1 size=2.17MB
|  |  |     predicates: tpcds_partitioned_parquet_snap.date_dim_2.d_year = CAST(2000 AS INT) OR tpcds_partitioned_parquet_snap.date_dim_2.d_year = add(CAST(2000 AS INT), CAST(1 AS INT)) OR tpcds_partitioned_parquet_snap.date_dim_2.d_year = add(CAST(2000 AS INT), CAST(2 AS INT)) OR tpcds_partitioned_parquet_snap.date_dim_2.d_year = add(CAST(2000 AS INT), CAST(3 AS INT))
|  |  |     stored statistics:
|  |  |       table: rows=73.05K size=2.17MB
|  |  |       columns: all
|  |  |     extrapolated-rows=disabled max-scan-range-rows=73.05K
|  |  |     parquet dictionary predicates: tpcds_partitioned_parquet_snap.date_dim_2.d_year = CAST(2000 AS INT) OR tpcds_partitioned_parquet_snap.date_dim_2.d_year = add(CAST(2000 AS INT), CAST(1 AS INT)) OR tpcds_partitioned_parquet_snap.date_dim_2.d_year = add(CAST(2000 AS INT), CAST(2 AS INT)) OR tpcds_partitioned_parquet_snap.date_dim_2.d_year = add(CAST(2000 AS INT), CAST(3 AS INT))
|  |  |     mem-estimate=16.00MB mem-reservation=512.00KB thread-reservation=0
|  |  |     tuple-ids=31 row-size=8B cardinality=1.48K cost=10467
|  |  |     in pipelines: 29(GETNEXT)
|  |  |
|  |  28:SCAN HDFS [tpcds_partitioned_parquet_snap.store_sales, RANDOM]
|  |     HDFS partitions=1824/1824 files=1824 size=389.90GB
|  |     runtime filters: RF021[min_max] -> tpcds_partitioned_parquet_snap.store_sales_3.ss_customer_sk, RF022[bloom] -> tpcds_partitioned_parquet_snap.store_sales_3.ss_sold_date_sk
|  |     stored statistics:
|  |       table: rows=8.64G size=389.90GB
|  |       partitions: 1824/1824 rows=8.64G
|  |       columns: all
|  |     extrapolated-rows=disabled max-scan-range-rows=390.22M est-scan-range=1479(filtered from 1824)
|  |     mem-estimate=16.00MB mem-reservation=8.00MB thread-reservation=0
|  |     tuple-ids=29 row-size=16B cardinality=7.01G(filtered from 8.64G) cost=1614121787
|  |     in pipelines: 28(GETNEXT)
|  |
|  68:AGGREGATE [FINALIZE]
|  |  output: sum:merge(multiply(tpcds_partitioned_parquet_snap.store_sales_2.ss_quantity, tpcds_partitioned_parquet_snap.store_sales_2.ss_sales_price))
|  |  group by: tpcds_partitioned_parquet_snap.customer_1.c_customer_sk
|  |  mem-estimate=814.40MB mem-reservation=34.00MB spill-buffer=2.00MB thread-reservation=0
|  |  tuple-ids=28 row-size=20B cardinality=30.00M cost=1014903515
|  |  in pipelines: 68(GETNEXT), 24(OPEN)
|  |
|  67:EXCHANGE [HASH(tpcds_partitioned_parquet_snap.customer_1.c_customer_sk)]
|  |  mem-estimate=12.81MB mem-reservation=0B thread-reservation=0
|  |  tuple-ids=28 row-size=20B cardinality=3.20G cost=650397382
|  |  in pipelines: 24(GETNEXT)
|  |
|  F15:PLAN FRAGMENT [RANDOM] hosts=10 instances=120
|  Per-Host Shared Resources: mem-estimate=16.00MB mem-reservation=16.00MB thread-reservation=0 runtime-filters-memory=16.00MB
|  Per-Instance Resources: mem-estimate=942.78MB mem-reservation=42.00MB thread-reservation=1
|  max-parallelism=1570 segment-costs=[15633529457, 5774478385] cpu-comparison-result=120 [max(120 (self) vs 20 (sum children))]
|  27:AGGREGATE [STREAMING]
|  |  output: sum(multiply(CAST(tpcds_partitioned_parquet_snap.store_sales_2.ss_quantity AS DECIMAL(10,0)), tpcds_partitioned_parquet_snap.store_sales_2.ss_sales_price))
|  |  group by: tpcds_partitioned_parquet_snap.customer_1.c_customer_sk
|  |  mem-estimate=915.53MB mem-reservation=34.00MB spill-buffer=2.00MB thread-reservation=0
|  |  tuple-ids=28 row-size=20B cardinality=3.20G cost=10669051480
|  |  in pipelines: 24(GETNEXT)
|  |
|  26:HASH JOIN [INNER JOIN, BROADCAST]
|  |  hash-table-id=17
|  |  hash predicates: tpcds_partitioned_parquet_snap.store_sales_2.ss_customer_sk = tpcds_partitioned_parquet_snap.customer_1.c_customer_sk
|  |  fk/pk conjuncts: tpcds_partitioned_parquet_snap.store_sales_2.ss_customer_sk = tpcds_partitioned_parquet_snap.customer_1.c_customer_sk
|  |  mem-estimate=0B mem-reservation=0B spill-buffer=2.00MB thread-reservation=0
|  |  tuple-ids=24,26 row-size=16B cardinality=7.93G cost=3471497176
|  |  in pipelines: 24(GETNEXT), 25(OPEN)
|  |
|  |--F49:PLAN FRAGMENT [RANDOM] hosts=10 instances=10
|  |  |  Per-Instance Resources: mem-estimate=892.52MB mem-reservation=408.00MB thread-reservation=1
|  |  |  max-parallelism=10 segment-costs=[69869990]
|  |  JOIN BUILD
|  |  |  join-table-id=17 plan-id=18 cohort-id=01
|  |  |  build expressions: tpcds_partitioned_parquet_snap.customer_1.c_customer_sk
|  |  |  runtime filters: RF019[min_max] <- tpcds_partitioned_parquet_snap.customer_1.c_customer_sk
|  |  |  mem-estimate=882.44MB mem-reservation=408.00MB spill-buffer=2.00MB thread-reservation=0 cost=30000000
|  |  |
|  |  66:EXCHANGE [BROADCAST]
|  |  |  mem-estimate=10.08MB mem-reservation=0B thread-reservation=0
|  |  |  tuple-ids=26 row-size=4B cardinality=30.00M cost=39869990
|  |  |  in pipelines: 25(GETNEXT)
|  |  |
|  |  F16:PLAN FRAGMENT [RANDOM] hosts=10 instances=10
|  |  Per-Host Shared Resources: mem-estimate=16.00MB mem-reservation=16.00MB thread-reservation=0 runtime-filters-memory=16.00MB
|  |  Per-Instance Resources: mem-estimate=16.03MB mem-reservation=1.00MB thread-reservation=1
|  |  max-parallelism=10 segment-costs=[2700000]
|  |  25:SCAN HDFS [tpcds_partitioned_parquet_snap.customer, RANDOM]
|  |     HDFS partitions=1/1 files=1 size=1.55GB
|  |     runtime filters: RF017[min_max] -> tpcds_partitioned_parquet_snap.customer_1.c_customer_sk, RF016[bloom] -> tpcds_partitioned_parquet_snap.customer_1.c_customer_sk
|  |     stored statistics:
|  |       table: rows=30.00M size=1.55GB
|  |       columns: all
|  |     extrapolated-rows=disabled max-scan-range-rows=3.10M
|  |     mem-estimate=16.00MB mem-reservation=1.00MB thread-reservation=0
|  |     tuple-ids=26 row-size=4B cardinality=30.00M cost=1728000
|  |     in pipelines: 25(GETNEXT)
|  |
|  24:SCAN HDFS [tpcds_partitioned_parquet_snap.store_sales, RANDOM]
|     HDFS partitions=1824/1824 files=1824 size=389.90GB
|     runtime filters: RF017[min_max] -> tpcds_partitioned_parquet_snap.store_sales_2.ss_customer_sk, RF019[min_max] -> tpcds_partitioned_parquet_snap.store_sales_2.ss_customer_sk, RF016[bloom] -> tpcds_partitioned_parquet_snap.store_sales_2.ss_customer_sk
|     stored statistics:
|       table: rows=8.64G size=389.90GB
|       partitions: 1824/1824 rows=8.64G
|       columns: all
|     extrapolated-rows=disabled max-scan-range-rows=390.22M
|     mem-estimate=16.00MB mem-reservation=8.00MB thread-reservation=0
|     tuple-ids=24 row-size=12B cardinality=7.93G(filtered from 8.64G) cost=1492980801
|     in pipelines: 24(GETNEXT)
|
23:HASH JOIN [INNER JOIN, PARTITIONED]
|  hash-table-id=00
|  hash predicates: tpcds_partitioned_parquet_snap.customer.c_customer_sk = tpcds_partitioned_parquet_snap.catalog_sales.cs_bill_customer_sk
|  fk/pk conjuncts: none
|  mem-estimate=0B mem-reservation=0B spill-buffer=1.00MB thread-reservation=0
|  tuple-ids=4,12,13,15 row-size=68B cardinality=25.47M cost=12309961
|  in pipelines: 50(GETNEXT), 61(OPEN)
|
|--F32:PLAN FRAGMENT [RANDOM] hosts=10 instances=120
|  |  Per-Instance Resources: mem-estimate=44.56MB mem-reservation=33.00MB thread-reservation=1 runtime-filters-memory=16.00MB
|  |  max-parallelism=120 segment-costs=[32984751] cpu-comparison-result=180 [max(160 (self) vs 180 (sum children))]
|  JOIN BUILD
|  |  join-table-id=00 plan-id=01 cohort-id=01
|  |  build expressions: tpcds_partitioned_parquet_snap.catalog_sales.cs_bill_customer_sk
|  |  runtime filters: RF000[bloom] <- tpcds_partitioned_parquet_snap.catalog_sales.cs_bill_customer_sk, RF001[min_max] <- tpcds_partitioned_parquet_snap.catalog_sales.cs_bill_customer_sk
|  |  mem-estimate=17.00MB mem-reservation=17.00MB spill-buffer=1.00MB thread-reservation=0 cost=25468884
|  |
|  65:EXCHANGE [HASH(tpcds_partitioned_parquet_snap.catalog_sales.cs_bill_customer_sk)]
|  |  mem-estimate=11.56MB mem-reservation=0B thread-reservation=0
|  |  tuple-ids=13,15 row-size=32B cardinality=25.47M cost=7515867
|  |  in pipelines: 61(GETNEXT)
|  |
|  F14:PLAN FRAGMENT [HASH(tpcds_partitioned_parquet_snap.catalog_sales.cs_item_sk)] hosts=10 instances=40 (adjusted from 120)
|  Per-Instance Resources: mem-estimate=32.50MB mem-reservation=0B thread-reservation=1
|  max-parallelism=50 segment-costs=[430935361]
|  22:HASH JOIN [RIGHT SEMI JOIN, PARTITIONED]
|  |  hash-table-id=01
|  |  hash predicates: tpcds_partitioned_parquet_snap.item.i_item_sk = tpcds_partitioned_parquet_snap.catalog_sales.cs_item_sk
|  |  mem-estimate=0B mem-reservation=0B spill-buffer=2.00MB thread-reservation=0
|  |  tuple-ids=13,15 row-size=32B cardinality=25.47M cost=184222310
|  |  in pipelines: 61(GETNEXT), 13(OPEN)
|  |
|  |--F33:PLAN FRAGMENT [HASH(tpcds_partitioned_parquet_snap.catalog_sales.cs_item_sk)] hosts=10 instances=40 (adjusted from 120)
|  |  |  Per-Instance Resources: mem-estimate=60.01MB mem-reservation=35.00MB thread-reservation=1 runtime-filters-memory=1.00MB
|  |  |  max-parallelism=50 segment-costs=[33001243] cpu-comparison-result=60 [max(60 (self) vs 11 (sum children))]
|  |  JOIN BUILD
|  |  |  join-table-id=01 plan-id=02 cohort-id=02
|  |  |  build expressions: tpcds_partitioned_parquet_snap.catalog_sales.cs_item_sk
|  |  |  runtime filters: RF008[bloom] <- tpcds_partitioned_parquet_snap.catalog_sales.cs_item_sk, RF009[min_max] <- tpcds_partitioned_parquet_snap.catalog_sales.cs_item_sk
|  |  |  mem-estimate=48.22MB mem-reservation=34.00MB spill-buffer=2.00MB thread-reservation=0 cost=25481618
|  |  |
|  |  64:EXCHANGE [HASH(tpcds_partitioned_parquet_snap.catalog_sales.cs_item_sk)]
|  |  |  mem-estimate=10.78MB mem-reservation=0B thread-reservation=0
|  |  |  tuple-ids=13,15 row-size=32B cardinality=25.48M cost=7519625
|  |  |  in pipelines: 13(GETNEXT)
|  |  |
|  |  F12:PLAN FRAGMENT [RANDOM] hosts=10 instances=20 (adjusted from 120)
|  |  Per-Host Shared Resources: mem-estimate=1.00MB mem-reservation=1.00MB thread-reservation=0 runtime-filters-memory=1.00MB
|  |  Per-Instance Resources: mem-estimate=22.25MB mem-reservation=1.00MB thread-reservation=1
|  |  max-parallelism=20 segment-costs=[177629809]
|  |  15:HASH JOIN [INNER JOIN, BROADCAST]
|  |  |  hash-table-id=02
|  |  |  hash predicates: tpcds_partitioned_parquet_snap.catalog_sales.cs_sold_date_sk = tpcds_partitioned_parquet_snap.date_dim_0.d_date_sk
|  |  |  fk/pk conjuncts: tpcds_partitioned_parquet_snap.catalog_sales.cs_sold_date_sk = tpcds_partitioned_parquet_snap.date_dim_0.d_date_sk
|  |  |  mem-estimate=0B mem-reservation=0B spill-buffer=64.00KB thread-reservation=0
|  |  |  tuple-ids=13,15 row-size=32B cardinality=25.48M cost=11153304
|  |  |  in pipelines: 13(GETNEXT), 14(OPEN)
|  |  |
|  |  |--F34:PLAN FRAGMENT [RANDOM] hosts=10 instances=10
|  |  |  |  Per-Instance Resources: mem-estimate=4.89MB mem-reservation=4.88MB thread-reservation=1 runtime-filters-memory=1.00MB
|  |  |  |  max-parallelism=10 segment-costs=[248]
|  |  |  JOIN BUILD
|  |  |  |  join-table-id=02 plan-id=03 cohort-id=03
|  |  |  |  build expressions: tpcds_partitioned_parquet_snap.date_dim_0.d_date_sk
|  |  |  |  runtime filters: RF014[bloom] <- tpcds_partitioned_parquet_snap.date_dim_0.d_date_sk
|  |  |  |  mem-estimate=3.88MB mem-reservation=3.88MB spill-buffer=64.00KB thread-reservation=0 cost=108
|  |  |  |
|  |  |  62:EXCHANGE [BROADCAST]
|  |  |  |  mem-estimate=16.00KB mem-reservation=0B thread-reservation=0
|  |  |  |  tuple-ids=15 row-size=12B cardinality=108 cost=140
|  |  |  |  in pipelines: 14(GETNEXT)
|  |  |  |
|  |  |  F13:PLAN FRAGMENT [RANDOM] hosts=1 instances=1
|  |  |  Per-Instance Resources: mem-estimate=16.06MB mem-reservation=512.00KB thread-reservation=1
|  |  |  max-parallelism=1 segment-costs=[16733]
|  |  |  14:SCAN HDFS [tpcds_partitioned_parquet_snap.date_dim, RANDOM]
|  |  |     HDFS partitions=1/1 files=1 size=2.17MB
|  |  |     predicates: tpcds_partitioned_parquet_snap.date_dim_0.d_year = CAST(2000 AS INT), tpcds_partitioned_parquet_snap.date_dim_0.d_moy = CAST(5 AS INT)
|  |  |     stored statistics:
|  |  |       table: rows=73.05K size=2.17MB
|  |  |       columns: all
|  |  |     extrapolated-rows=disabled max-scan-range-rows=73.05K
|  |  |     parquet statistics predicates: tpcds_partitioned_parquet_snap.date_dim_0.d_year = CAST(2000 AS INT), tpcds_partitioned_parquet_snap.date_dim_0.d_moy = CAST(5 AS INT)
|  |  |     parquet dictionary predicates: tpcds_partitioned_parquet_snap.date_dim_0.d_year = CAST(2000 AS INT), tpcds_partitioned_parquet_snap.date_dim_0.d_moy = CAST(5 AS INT)
|  |  |     mem-estimate=16.00MB mem-reservation=512.00KB thread-reservation=0
|  |  |     tuple-ids=15 row-size=12B cardinality=108 cost=16728
|  |  |     in pipelines: 14(GETNEXT)
|  |  |
|  |  13:SCAN HDFS [tpcds_partitioned_parquet_snap.catalog_sales, RANDOM]
|  |     HDFS partitions=1831/1831 files=1831 size=280.96GB
|  |     predicates: is_not_null_pred(tpcds_partitioned_parquet_snap.catalog_sales.cs_bill_customer_sk), is_not_null_pred(tpcds_partitioned_parquet_snap.catalog_sales.cs_item_sk)
|  |     runtime filters: RF014[bloom] -> tpcds_partitioned_parquet_snap.catalog_sales.cs_sold_date_sk
|  |     stored statistics:
|  |       table: rows=4.32G size=280.96GB
|  |       partitions: 1831/1831 rows=4.32G
|  |       columns: all
|  |     extrapolated-rows=disabled max-scan-range-rows=21.52M est-scan-range=109(filtered from 1831)
|  |     parquet dictionary predicates: is_not_null_pred(tpcds_partitioned_parquet_snap.catalog_sales.cs_bill_customer_sk), is_not_null_pred(tpcds_partitioned_parquet_snap.catalog_sales.cs_item_sk)
|  |     mem-estimate=16.00MB mem-reservation=1.00MB thread-reservation=0
|  |     tuple-ids=13 row-size=20B cardinality=25.48M(filtered from 432.01M) cost=87707728
|  |     in pipelines: 13(GETNEXT)
|  |
|  63:EXCHANGE [HASH(tpcds_partitioned_parquet_snap.item.i_item_sk)]
|  |  mem-estimate=13.75MB mem-reservation=0B thread-reservation=0
|  |  tuple-ids=23 row-size=28B cardinality=700.22M cost=167983637
|  |  in pipelines: 61(GETNEXT)
|  |
|  F11:PLAN FRAGMENT [HASH(substr(tpcds_partitioned_parquet_snap.item.i_item_desc, 1, 30),tpcds_partitioned_parquet_snap.item.i_item_sk,tpcds_partitioned_parquet_snap.date_dim_1.d_date)] hosts=10 instances=120
|  Per-Instance Resources: mem-estimate=954.24MB mem-reservation=34.00MB thread-reservation=1
|  max-parallelism=4310 segment-costs=[43011233450, 1623398350] cpu-comparison-result=120 [max(120 (self) vs 120 (sum children))]
|  61:AGGREGATE [FINALIZE]
|  |  output: count:merge()
|  |  group by: substr(tpcds_partitioned_parquet_snap.item.i_item_desc, 1, 30), tpcds_partitioned_parquet_snap.item.i_item_sk, tpcds_partitioned_parquet_snap.date_dim_1.d_date
|  |  having: count() > CAST(4 AS BIGINT)
|  |  mem-estimate=940.49MB mem-reservation=34.00MB spill-buffer=2.00MB thread-reservation=0
|  |  tuple-ids=23 row-size=28B cardinality=700.22M cost=41331397080
|  |  in pipelines: 61(GETNEXT), 16(OPEN)
|  |
|  60:EXCHANGE [HASH(substr(tpcds_partitioned_parquet_snap.item.i_item_desc, 1, 30),tpcds_partitioned_parquet_snap.item.i_item_sk,tpcds_partitioned_parquet_snap.date_dim_1.d_date)]
|  |  mem-estimate=13.75MB mem-reservation=0B thread-reservation=0
|  |  tuple-ids=23 row-size=28B cardinality=7.00G cost=1679836370
|  |  in pipelines: 16(GETNEXT)
|  |
|  F08:PLAN FRAGMENT [RANDOM] hosts=10 instances=120
|  Per-Host Shared Resources: mem-estimate=2.00MB mem-reservation=2.00MB thread-reservation=0 runtime-filters-memory=2.00MB
|  Per-Instance Resources: mem-estimate=832.37MB mem-reservation=38.00MB thread-reservation=1
|  max-parallelism=1479 segment-costs=[48270645674, 16233983497] cpu-comparison-result=120 [max(120 (self) vs 25 (sum children))]
|  21:AGGREGATE [STREAMING]
|  |  output: count()
|  |  group by: substr(tpcds_partitioned_parquet_snap.item.i_item_desc, CAST(1 AS BIGINT), CAST(30 AS BIGINT)), tpcds_partitioned_parquet_snap.item.i_item_sk, tpcds_partitioned_parquet_snap.date_dim_1.d_date
|  |  mem-estimate=801.37MB mem-reservation=34.00MB spill-buffer=2.00MB thread-reservation=0
|  |  tuple-ids=23 row-size=28B cardinality=7.00G cost=41331397080
|  |  in pipelines: 16(GETNEXT)
|  |
|  20:HASH JOIN [INNER JOIN, BROADCAST]
|  |  hash-table-id=03
|  |  hash predicates: tpcds_partitioned_parquet_snap.store_sales_1.ss_item_sk = tpcds_partitioned_parquet_snap.item.i_item_sk
|  |  fk/pk conjuncts: tpcds_partitioned_parquet_snap.store_sales_1.ss_item_sk = tpcds_partitioned_parquet_snap.item.i_item_sk
|  |  mem-estimate=0B mem-reservation=0B spill-buffer=2.00MB thread-reservation=0
|  |  tuple-ids=17,19,21 row-size=137B cardinality=7.00G cost=3065776649
|  |  in pipelines: 16(GETNEXT), 19(OPEN)
|  |
|  |--F35:PLAN FRAGMENT [RANDOM] hosts=10 instances=10
|  |  |  Per-Instance Resources: mem-estimate=418.47MB mem-reservation=408.00MB thread-reservation=1
|  |  |  max-parallelism=10 segment-costs=[838440]
|  |  JOIN BUILD
|  |  |  join-table-id=03 plan-id=04 cohort-id=02
|  |  |  build expressions: tpcds_partitioned_parquet_snap.item.i_item_sk
|  |  |  runtime filters: RF011[min_max] <- tpcds_partitioned_parquet_snap.item.i_item_sk
|  |  |  mem-estimate=408.00MB mem-reservation=408.00MB spill-buffer=2.00MB thread-reservation=0 cost=360000
|  |  |
|  |  59:EXCHANGE [BROADCAST]
|  |  |  mem-estimate=10.47MB mem-reservation=0B thread-reservation=0
|  |  |  tuple-ids=21 row-size=117B cardinality=360.00K cost=478440
|  |  |  in pipelines: 19(GETNEXT)
|  |  |
|  |  F10:PLAN FRAGMENT [RANDOM] hosts=4 instances=4
|  |  Per-Host Shared Resources: mem-estimate=1.00MB mem-reservation=1.00MB thread-reservation=0 runtime-filters-memory=1.00MB
|  |  Per-Instance Resources: mem-estimate=16.47MB mem-reservation=512.00KB thread-reservation=1
|  |  max-parallelism=4 segment-costs=[663353]
|  |  19:SCAN HDFS [tpcds_partitioned_parquet_snap.item, RANDOM]
|  |     HDFS partitions=1/1 files=1 size=33.54MB
|  |     runtime filters: RF009[min_max] -> tpcds_partitioned_parquet_snap.item.i_item_sk, RF008[bloom] -> tpcds_partitioned_parquet_snap.item.i_item_sk
|  |     stored statistics:
|  |       table: rows=360.00K size=33.54MB
|  |       columns: all
|  |     extrapolated-rows=disabled max-scan-range-rows=101.54K
|  |     mem-estimate=16.00MB mem-reservation=512.00KB thread-reservation=0
|  |     tuple-ids=21 row-size=117B cardinality=360.00K cost=542243
|  |     in pipelines: 19(GETNEXT)
|  |
|  18:HASH JOIN [INNER JOIN, BROADCAST]
|  |  hash-table-id=04
|  |  hash predicates: tpcds_partitioned_parquet_snap.store_sales_1.ss_sold_date_sk = tpcds_partitioned_parquet_snap.date_dim_1.d_date_sk
|  |  fk/pk conjuncts: tpcds_partitioned_parquet_snap.store_sales_1.ss_sold_date_sk = tpcds_partitioned_parquet_snap.date_dim_1.d_date_sk
|  |  mem-estimate=0B mem-reservation=0B spill-buffer=64.00KB thread-reservation=0
|  |  tuple-ids=17,19 row-size=20B cardinality=7.01G cost=3066411052
|  |  in pipelines: 16(GETNEXT), 17(OPEN)
|  |
|  |--F36:PLAN FRAGMENT [RANDOM] hosts=10 instances=10
|  |  |  Per-Instance Resources: mem-estimate=24.28MB mem-reservation=24.25MB thread-reservation=1 runtime-filters-memory=1.00MB
|  |  |  max-parallelism=10 segment-costs=[3439]
|  |  JOIN BUILD
|  |  |  join-table-id=04 plan-id=05 cohort-id=02
|  |  |  build expressions: tpcds_partitioned_parquet_snap.date_dim_1.d_date_sk
|  |  |  runtime filters: RF012[bloom] <- tpcds_partitioned_parquet_snap.date_dim_1.d_date_sk
|  |  |  mem-estimate=23.25MB mem-reservation=23.25MB spill-buffer=64.00KB thread-reservation=0 cost=1479
|  |  |
|  |  58:EXCHANGE [BROADCAST]
|  |  |  mem-estimate=33.33KB mem-reservation=0B thread-reservation=0
|  |  |  tuple-ids=19 row-size=12B cardinality=1.48K cost=1960
|  |  |  in pipelines: 17(GETNEXT)
|  |  |
|  |  F09:PLAN FRAGMENT [RANDOM] hosts=1 instances=1
|  |  Per-Instance Resources: mem-estimate=16.06MB mem-reservation=1.00MB thread-reservation=1
|  |  max-parallelism=1 segment-costs=[14754]
|  |  17:SCAN HDFS [tpcds_partitioned_parquet_snap.date_dim, RANDOM]
|  |     HDFS partitions=1/1 files=1 size=2.17MB
|  |     predicates: tpcds_partitioned_parquet_snap.date_dim_1.d_year = CAST(2000 AS INT) OR tpcds_partitioned_parquet_snap.date_dim_1.d_year = add(CAST(2000 AS INT), CAST(1 AS INT)) OR tpcds_partitioned_parquet_snap.date_dim_1.d_year = add(CAST(2000 AS INT), CAST(2 AS INT)) OR tpcds_partitioned_parquet_snap.date_dim_1.d_year = add(CAST(2000 AS INT), CAST(3 AS INT))
|  |     stored statistics:
|  |       table: rows=73.05K size=2.17MB
|  |       columns: all
|  |     extrapolated-rows=disabled max-scan-range-rows=73.05K
|  |     parquet dictionary predicates: tpcds_partitioned_parquet_snap.date_dim_1.d_year = CAST(2000 AS INT) OR tpcds_partitioned_parquet_snap.date_dim_1.d_year = add(CAST(2000 AS INT), CAST(1 AS INT)) OR tpcds_partitioned_parquet_snap.date_dim_1.d_year = add(CAST(2000 AS INT), CAST(2 AS INT)) OR tpcds_partitioned_parquet_snap.date_dim_1.d_year = add(CAST(2000 AS INT), CAST(3 AS INT))
|  |     mem-estimate=16.00MB mem-reservation=1.00MB thread-reservation=0
|  |     tuple-ids=19 row-size=12B cardinality=1.48K cost=14675
|  |     in pipelines: 17(GETNEXT)
|  |
|  16:SCAN HDFS [tpcds_partitioned_parquet_snap.store_sales, RANDOM]
|     HDFS partitions=1824/1824 files=1824 size=389.90GB
|     runtime filters: RF009[min_max] -> tpcds_partitioned_parquet_snap.store_sales_1.ss_item_sk, RF011[min_max] -> tpcds_partitioned_parquet_snap.store_sales_1.ss_item_sk, RF008[bloom] -> tpcds_partitioned_parquet_snap.store_sales_1.ss_item_sk, RF012[bloom] -> tpcds_partitioned_parquet_snap.store_sales_1.ss_sold_date_sk
|     stored statistics:
|       table: rows=8.64G size=389.90GB
|       partitions: 1824/1824 rows=8.64G
|       columns: all
|     extrapolated-rows=disabled max-scan-range-rows=390.22M est-scan-range=1479(filtered from 1824)
|     mem-estimate=16.00MB mem-reservation=4.00MB thread-reservation=0
|     tuple-ids=17 row-size=8B cardinality=7.01G(filtered from 8.64G) cost=807060893
|     in pipelines: 16(GETNEXT)
|
12:NESTED LOOP JOIN [INNER JOIN, BROADCAST]
|  join table id: 05
|  join predicates: sum(multiply(tpcds_partitioned_parquet_snap.store_sales.ss_quantity, tpcds_partitioned_parquet_snap.store_sales.ss_sales_price)) > multiply(divide(CAST(95 AS DECIMAL(3,0)), CAST(100.0 AS DECIMAL(4,1))), max(sum(multiply(tpcds_partitioned_parquet_snap.store_sales_0.ss_quantity, tpcds_partitioned_parquet_snap.store_sales_0.ss_sales_price))))
|  mem-estimate=0B mem-reservation=0B thread-reservation=0
|  tuple-ids=4,12 row-size=36B cardinality=30.00M cost=6147000
|  in pipelines: 50(GETNEXT), 56(OPEN)
|
|--F37:PLAN FRAGMENT [RANDOM] hosts=10 instances=10
|  |  Per-Instance Resources: mem-estimate=16.02KB mem-reservation=0B thread-reservation=1
|  |  max-parallelism=10 segment-costs=[0] cpu-comparison-result=120 [max(10 (self) vs 120 (sum children))]
|  JOIN BUILD
|  |  join-table-id=05 plan-id=06 cohort-id=01
|  |  mem-estimate=16B mem-reservation=0B thread-reservation=0 cost=0
|  |
|  57:EXCHANGE [BROADCAST]
|  |  mem-estimate=16.00KB mem-reservation=0B thread-reservation=0
|  |  tuple-ids=12 row-size=16B cardinality=1 cost=0
|  |  in pipelines: 56(GETNEXT)
|  |
|  F07:PLAN FRAGMENT [UNPARTITIONED] hosts=1 instances=1
|  Per-Instance Resources: mem-estimate=109.94KB mem-reservation=0B thread-reservation=1
|  max-parallelism=1 segment-costs=[30, 0] cpu-comparison-result=120 [max(1 (self) vs 120 (sum children))]
|  56:AGGREGATE [FINALIZE]
|  |  output: max:merge(sum(multiply(tpcds_partitioned_parquet_snap.store_sales_0.ss_quantity, tpcds_partitioned_parquet_snap.store_sales_0.ss_sales_price)))
|  |  mem-estimate=16.00KB mem-reservation=0B spill-buffer=2.00MB thread-reservation=0
|  |  tuple-ids=12 row-size=16B cardinality=1 cost=8
|  |  in pipelines: 56(GETNEXT), 11(OPEN)
|  |
|  55:EXCHANGE [UNPARTITIONED]
|  |  mem-estimate=93.94KB mem-reservation=0B thread-reservation=0
|  |  tuple-ids=12 row-size=16B cardinality=120 cost=22
|  |  in pipelines: 11(GETNEXT)
|  |
|  F06:PLAN FRAGMENT [HASH(tpcds_partitioned_parquet_snap.customer_0.c_customer_sk)] hosts=10 instances=40 (adjusted from 120)
|  Per-Instance Resources: mem-estimate=46.81MB mem-reservation=34.00MB thread-reservation=1
|  max-parallelism=160 segment-costs=[1563421020, 2100000, 185] cpu-comparison-result=120 [max(40 (self) vs 120 (sum children))]
|  11:AGGREGATE
|  |  output: max(sum(multiply(tpcds_partitioned_parquet_snap.store_sales_0.ss_quantity, tpcds_partitioned_parquet_snap.store_sales_0.ss_sales_price)))
|  |  mem-estimate=16.00KB mem-reservation=0B spill-buffer=2.00MB thread-reservation=0
|  |  tuple-ids=12 row-size=16B cardinality=120 cost=2100000
|  |  in pipelines: 11(GETNEXT), 54(OPEN)
|  |
|  54:AGGREGATE [FINALIZE]
|  |  output: sum:merge(multiply(tpcds_partitioned_parquet_snap.store_sales_0.ss_quantity, tpcds_partitioned_parquet_snap.store_sales_0.ss_sales_price))
|  |  group by: tpcds_partitioned_parquet_snap.customer_0.c_customer_sk
|  |  mem-estimate=34.00MB mem-reservation=34.00MB spill-buffer=2.00MB thread-reservation=0
|  |  tuple-ids=11 row-size=20B cardinality=30.00M cost=954774653
|  |  in pipelines: 54(GETNEXT), 05(OPEN)
|  |
|  53:EXCHANGE [HASH(tpcds_partitioned_parquet_snap.customer_0.c_customer_sk)]
|  |  mem-estimate=12.81MB mem-reservation=0B thread-reservation=0
|  |  tuple-ids=11 row-size=20B cardinality=3.00G cost=608646367
|  |  in pipelines: 05(GETNEXT)
|  |
|  F03:PLAN FRAGMENT [RANDOM] hosts=10 instances=120
|  Per-Host Shared Resources: mem-estimate=1.00MB mem-reservation=1.00MB thread-reservation=0 runtime-filters-memory=1.00MB
|  Per-Instance Resources: mem-estimate=935.28MB mem-reservation=42.00MB thread-reservation=1
|  max-parallelism=1479 segment-costs=[17337114136, 5403796797] cpu-comparison-result=120 [max(120 (self) vs 31 (sum children))]
|  10:AGGREGATE [STREAMING]
|  |  output: sum(multiply(CAST(tpcds_partitioned_parquet_snap.store_sales_0.ss_quantity AS DECIMAL(10,0)), tpcds_partitioned_parquet_snap.store_sales_0.ss_sales_price))
|  |  group by: tpcds_partitioned_parquet_snap.customer_0.c_customer_sk
|  |  mem-estimate=915.53MB mem-reservation=34.00MB spill-buffer=2.00MB thread-reservation=0
|  |  tuple-ids=11 row-size=20B cardinality=3.00G cost=9694298891
|  |  in pipelines: 05(GETNEXT)
|  |
|  09:HASH JOIN [INNER JOIN, BROADCAST]
|  |  hash-table-id=06
|  |  hash predicates: tpcds_partitioned_parquet_snap.store_sales_0.ss_customer_sk = tpcds_partitioned_parquet_snap.customer_0.c_customer_sk
|  |  fk/pk conjuncts: tpcds_partitioned_parquet_snap.store_sales_0.ss_customer_sk = tpcds_partitioned_parquet_snap.customer_0.c_customer_sk
|  |  mem-estimate=0B mem-reservation=0B spill-buffer=2.00MB thread-reservation=0
|  |  tuple-ids=5,7,9 row-size=28B cardinality=6.43G cost=2962282406
|  |  in pipelines: 05(GETNEXT), 08(OPEN)
|  |
|  |--F38:PLAN FRAGMENT [RANDOM] hosts=10 instances=10
|  |  |  Per-Instance Resources: mem-estimate=892.52MB mem-reservation=408.00MB thread-reservation=1
|  |  |  max-parallelism=10 segment-costs=[69869990]
|  |  JOIN BUILD
|  |  |  join-table-id=06 plan-id=07 cohort-id=04
|  |  |  build expressions: tpcds_partitioned_parquet_snap.customer_0.c_customer_sk
|  |  |  runtime filters: RF005[min_max] <- tpcds_partitioned_parquet_snap.customer_0.c_customer_sk
|  |  |  mem-estimate=882.44MB mem-reservation=408.00MB spill-buffer=2.00MB thread-reservation=0 cost=30000000
|  |  |
|  |  52:EXCHANGE [BROADCAST]
|  |  |  mem-estimate=10.08MB mem-reservation=0B thread-reservation=0
|  |  |  tuple-ids=9 row-size=4B cardinality=30.00M cost=39869990
|  |  |  in pipelines: 08(GETNEXT)
|  |  |
|  |  F05:PLAN FRAGMENT [RANDOM] hosts=10 instances=10
|  |  Per-Instance Resources: mem-estimate=16.03MB mem-reservation=1.00MB thread-reservation=1
|  |  max-parallelism=10 segment-costs=[2700000]
|  |  08:SCAN HDFS [tpcds_partitioned_parquet_snap.customer, RANDOM]
|  |     HDFS partitions=1/1 files=1 size=1.55GB
|  |     stored statistics:
|  |       table: rows=30.00M size=1.55GB
|  |       columns: all
|  |     extrapolated-rows=disabled max-scan-range-rows=3.10M
|  |     mem-estimate=16.00MB mem-reservation=1.00MB thread-reservation=0
|  |     tuple-ids=9 row-size=4B cardinality=30.00M cost=1728000
|  |     in pipelines: 08(GETNEXT)
|  |
|  07:HASH JOIN [INNER JOIN, BROADCAST]
|  |  hash-table-id=07
|  |  hash predicates: tpcds_partitioned_parquet_snap.store_sales_0.ss_sold_date_sk = tpcds_partitioned_parquet_snap.date_dim.d_date_sk
|  |  fk/pk conjuncts: tpcds_partitioned_parquet_snap.store_sales_0.ss_sold_date_sk = tpcds_partitioned_parquet_snap.date_dim.d_date_sk
|  |  mem-estimate=0B mem-reservation=0B spill-buffer=64.00KB thread-reservation=0
|  |  tuple-ids=5,7 row-size=24B cardinality=7.01G cost=3066411052
|  |  in pipelines: 05(GETNEXT), 06(OPEN)
|  |
|  |--F39:PLAN FRAGMENT [RANDOM] hosts=10 instances=10
|  |  |  Per-Instance Resources: mem-estimate=24.27MB mem-reservation=24.25MB thread-reservation=1 runtime-filters-memory=1.00MB
|  |  |  max-parallelism=10 segment-costs=[3439]
|  |  JOIN BUILD
|  |  |  join-table-id=07 plan-id=08 cohort-id=04
|  |  |  build expressions: tpcds_partitioned_parquet_snap.date_dim.d_date_sk
|  |  |  runtime filters: RF006[bloom] <- tpcds_partitioned_parquet_snap.date_dim.d_date_sk
|  |  |  mem-estimate=23.25MB mem-reservation=23.25MB spill-buffer=64.00KB thread-reservation=0 cost=1479
|  |  |
|  |  51:EXCHANGE [BROADCAST]
|  |  |  mem-estimate=23.55KB mem-reservation=0B thread-reservation=0
|  |  |  tuple-ids=7 row-size=8B cardinality=1.48K cost=1960
|  |  |  in pipelines: 06(GETNEXT)
|  |  |
|  |  F04:PLAN FRAGMENT [RANDOM] hosts=1 instances=1
|  |  Per-Instance Resources: mem-estimate=16.05MB mem-reservation=512.00KB thread-reservation=1
|  |  max-parallelism=1 segment-costs=[10530]
|  |  06:SCAN HDFS [tpcds_partitioned_parquet_snap.date_dim, RANDOM]
|  |     HDFS partitions=1/1 files=1 size=2.17MB
|  |     predicates: tpcds_partitioned_parquet_snap.date_dim.d_year = CAST(2000 AS INT) OR tpcds_partitioned_parquet_snap.date_dim.d_year = add(CAST(2000 AS INT), CAST(1 AS INT)) OR tpcds_partitioned_parquet_snap.date_dim.d_year = add(CAST(2000 AS INT), CAST(2 AS INT)) OR tpcds_partitioned_parquet_snap.date_dim.d_year = add(CAST(2000 AS INT), CAST(3 AS INT))
|  |     stored statistics:
|  |       table: rows=73.05K size=2.17MB
|  |       columns: all
|  |     extrapolated-rows=disabled max-scan-range-rows=73.05K
|  |     parquet dictionary predicates: tpcds_partitioned_parquet_snap.date_dim.d_year = CAST(2000 AS INT) OR tpcds_partitioned_parquet_snap.date_dim.d_year = add(CAST(2000 AS INT), CAST(1 AS INT)) OR tpcds_partitioned_parquet_snap.date_dim.d_year = add(CAST(2000 AS INT), CAST(2 AS INT)) OR tpcds_partitioned_parquet_snap.date_dim.d_year = add(CAST(2000 AS INT), CAST(3 AS INT))
|  |     mem-estimate=16.00MB mem-reservation=512.00KB thread-reservation=0
|  |     tuple-ids=7 row-size=8B cardinality=1.48K cost=10467
|  |     in pipelines: 06(GETNEXT)
|  |
|  05:SCAN HDFS [tpcds_partitioned_parquet_snap.store_sales, RANDOM]
|     HDFS partitions=1824/1824 files=1824 size=389.90GB
|     runtime filters: RF005[min_max] -> tpcds_partitioned_parquet_snap.store_sales_0.ss_customer_sk, RF006[bloom] -> tpcds_partitioned_parquet_snap.store_sales_0.ss_sold_date_sk
|     stored statistics:
|       table: rows=8.64G size=389.90GB
|       partitions: 1824/1824 rows=8.64G
|       columns: all
|     extrapolated-rows=disabled max-scan-range-rows=390.22M est-scan-range=1479(filtered from 1824)
|     mem-estimate=16.00MB mem-reservation=8.00MB thread-reservation=0
|     tuple-ids=5 row-size=16B cardinality=7.01G(filtered from 8.64G) cost=1614121787
|     in pipelines: 05(GETNEXT)
|
50:AGGREGATE [FINALIZE]
|  output: sum:merge(multiply(tpcds_partitioned_parquet_snap.store_sales.ss_quantity, tpcds_partitioned_parquet_snap.store_sales.ss_sales_price))
|  group by: tpcds_partitioned_parquet_snap.customer.c_customer_sk
|  mem-estimate=814.40MB mem-reservation=34.00MB spill-buffer=2.00MB thread-reservation=0
|  tuple-ids=4 row-size=20B cardinality=30.00M cost=1014903515
|  in pipelines: 50(GETNEXT), 01(OPEN)
|
49:EXCHANGE [HASH(tpcds_partitioned_parquet_snap.customer.c_customer_sk)]
|  mem-estimate=12.81MB mem-reservation=0B thread-reservation=0
|  tuple-ids=4 row-size=20B cardinality=3.20G cost=650397382
|  in pipelines: 01(GETNEXT)
|
F00:PLAN FRAGMENT [RANDOM] hosts=10 instances=120
Per-Host Shared Resources: mem-estimate=16.00MB mem-reservation=16.00MB thread-reservation=0 runtime-filters-memory=16.00MB
Per-Instance Resources: mem-estimate=942.78MB mem-reservation=42.00MB thread-reservation=1
max-parallelism=1570 segment-costs=[15633529457, 5774478385] cpu-comparison-result=120 [max(120 (self) vs 20 (sum children))]
04:AGGREGATE [STREAMING]
|  output: sum(multiply(CAST(tpcds_partitioned_parquet_snap.store_sales.ss_quantity AS DECIMAL(10,0)), tpcds_partitioned_parquet_snap.store_sales.ss_sales_price))
|  group by: tpcds_partitioned_parquet_snap.customer.c_customer_sk
|  mem-estimate=915.53MB mem-reservation=34.00MB spill-buffer=2.00MB thread-reservation=0
|  tuple-ids=4 row-size=20B cardinality=3.20G cost=10669051480
|  in pipelines: 01(GETNEXT)
|
03:HASH JOIN [INNER JOIN, BROADCAST]
|  hash-table-id=16
|  hash predicates: tpcds_partitioned_parquet_snap.store_sales.ss_customer_sk = tpcds_partitioned_parquet_snap.customer.c_customer_sk
|  fk/pk conjuncts: tpcds_partitioned_parquet_snap.store_sales.ss_customer_sk = tpcds_partitioned_parquet_snap.customer.c_customer_sk
|  mem-estimate=0B mem-reservation=0B spill-buffer=2.00MB thread-reservation=0
|  tuple-ids=0,2 row-size=16B cardinality=7.93G cost=3471497176
|  in pipelines: 01(GETNEXT), 02(OPEN)
|
|--F48:PLAN FRAGMENT [RANDOM] hosts=10 instances=10
|  |  Per-Instance Resources: mem-estimate=892.52MB mem-reservation=408.00MB thread-reservation=1
|  |  max-parallelism=10 segment-costs=[69869990]
|  JOIN BUILD
|  |  join-table-id=16 plan-id=17 cohort-id=01
|  |  build expressions: tpcds_partitioned_parquet_snap.customer.c_customer_sk
|  |  runtime filters: RF003[min_max] <- tpcds_partitioned_parquet_snap.customer.c_customer_sk
|  |  mem-estimate=882.44MB mem-reservation=408.00MB spill-buffer=2.00MB thread-reservation=0 cost=30000000
|  |
|  48:EXCHANGE [BROADCAST]
|  |  mem-estimate=10.08MB mem-reservation=0B thread-reservation=0
|  |  tuple-ids=2 row-size=4B cardinality=30.00M cost=39869990
|  |  in pipelines: 02(GETNEXT)
|  |
|  F01:PLAN FRAGMENT [RANDOM] hosts=10 instances=10
|  Per-Host Shared Resources: mem-estimate=16.00MB mem-reservation=16.00MB thread-reservation=0 runtime-filters-memory=16.00MB
|  Per-Instance Resources: mem-estimate=16.03MB mem-reservation=1.00MB thread-reservation=1
|  max-parallelism=10 segment-costs=[2700000]
|  02:SCAN HDFS [tpcds_partitioned_parquet_snap.customer, RANDOM]
|     HDFS partitions=1/1 files=1 size=1.55GB
|     runtime filters: RF001[min_max] -> tpcds_partitioned_parquet_snap.customer.c_customer_sk, RF000[bloom] -> tpcds_partitioned_parquet_snap.customer.c_customer_sk
|     stored statistics:
|       table: rows=30.00M size=1.55GB
|       columns: all
|     extrapolated-rows=disabled max-scan-range-rows=3.10M
|     mem-estimate=16.00MB mem-reservation=1.00MB thread-reservation=0
|     tuple-ids=2 row-size=4B cardinality=30.00M cost=1728000
|     in pipelines: 02(GETNEXT)
|
01:SCAN HDFS [tpcds_partitioned_parquet_snap.store_sales, RANDOM]
   HDFS partitions=1824/1824 files=1824 size=389.90GB
   runtime filters: RF001[min_max] -> tpcds_partitioned_parquet_snap.store_sales.ss_customer_sk, RF003[min_max] -> tpcds_partitioned_parquet_snap.store_sales.ss_customer_sk, RF000[bloom] -> tpcds_partitioned_parquet_snap.store_sales.ss_customer_sk
   stored statistics:
     table: rows=8.64G size=389.90GB
     partitions: 1824/1824 rows=8.64G
     columns: all
   extrapolated-rows=disabled max-scan-range-rows=390.22M
   mem-estimate=16.00MB mem-reservation=8.00MB thread-reservation=0
   tuple-ids=0 row-size=12B cardinality=7.93G(filtered from 8.64G) cost=1492980801
   in pipelines: 01(GETNEXT)
---- PARALLELPLANS
Max Per-Host Resource Reservation: Memory=7.81GB Threads=186
Per-Host Resource Estimates: Memory=102.22GB
F31:PLAN FRAGMENT [UNPARTITIONED] hosts=1 instances=1
|  Per-Instance Resources: mem-estimate=4.02MB mem-reservation=4.00MB thread-reservation=1
|  max-parallelism=1 segment-costs=[30, 1] cpu-comparison-result=820 [max(1 (self) vs 820 (sum children))]
PLAN-ROOT SINK
|  output exprs: sum(SALES)
|  mem-estimate=4.00MB mem-reservation=4.00MB spill-buffer=2.00MB thread-reservation=0 cost=1
|
85:AGGREGATE [FINALIZE]
|  output: sum:merge(SALES)
|  limit: 100
|  mem-estimate=16.00KB mem-reservation=0B spill-buffer=2.00MB thread-reservation=0
|  tuple-ids=49 row-size=16B cardinality=1 cost=8
|  in pipelines: 85(GETNEXT), 47(OPEN)
|
84:EXCHANGE [UNPARTITIONED]
|  mem-estimate=281.44KB mem-reservation=0B thread-reservation=0
|  tuple-ids=49 row-size=16B cardinality=120 cost=22
|  in pipelines: 47(GETNEXT)
|
F30:PLAN FRAGMENT [RANDOM] hosts=10 instances=120
Per-Instance Resources: mem-estimate=827.23MB mem-reservation=34.00MB thread-reservation=1
max-parallelism=120 segment-costs=[1665300897, 1665300897, 39245980, 185] cpu-comparison-result=820 [max(120 (self) vs 820 (sum children))]
47:AGGREGATE
|  output: sum(SALES)
|  mem-estimate=16.00KB mem-reservation=0B spill-buffer=2.00MB thread-reservation=0
|  tuple-ids=49 row-size=16B cardinality=120 cost=2677624
|  in pipelines: 47(GETNEXT), 50(OPEN), 68(OPEN)
|
00:UNION
|  mem-estimate=0B mem-reservation=0B thread-reservation=0
|  tuple-ids=48 row-size=8B cardinality=38.25M cost=1953135
|  in pipelines: 50(GETNEXT), 68(GETNEXT)
|
|--46:HASH JOIN [INNER JOIN, PARTITIONED]
|  |  hash-table-id=08
|  |  hash predicates: tpcds_partitioned_parquet_snap.customer_1.c_customer_sk = tpcds_partitioned_parquet_snap.web_sales.ws_bill_customer_sk
|  |  fk/pk conjuncts: none
|  |  mem-estimate=0B mem-reservation=0B spill-buffer=512.00KB thread-reservation=0
|  |  tuple-ids=28,36,37,39 row-size=68B cardinality=12.78M cost=10011260
|  |  in pipelines: 68(GETNEXT), 79(OPEN)
|  |
|  |--F40:PLAN FRAGMENT [RANDOM] hosts=10 instances=120
|  |  |  Per-Instance Resources: mem-estimate=35.67MB mem-reservation=24.50MB thread-reservation=1 runtime-filters-memory=16.00MB
|  |  |  max-parallelism=120 segment-costs=[16555126] cpu-comparison-result=160 [max(150 (self) vs 160 (sum children))]
|  |  JOIN BUILD
|  |  |  join-table-id=08 plan-id=09 cohort-id=01
|  |  |  build expressions: tpcds_partitioned_parquet_snap.web_sales.ws_bill_customer_sk
|  |  |  runtime filters: RF016[bloom] <- tpcds_partitioned_parquet_snap.web_sales.ws_bill_customer_sk, RF017[min_max] <- tpcds_partitioned_parquet_snap.web_sales.ws_bill_customer_sk
|  |  |  mem-estimate=8.50MB mem-reservation=8.50MB spill-buffer=512.00KB thread-reservation=0 cost=12782894
|  |  |
|  |  83:EXCHANGE [HASH(tpcds_partitioned_parquet_snap.web_sales.ws_bill_customer_sk)]
|  |  |  mem-estimate=11.17MB mem-reservation=0B thread-reservation=0
|  |  |  tuple-ids=37,39 row-size=32B cardinality=12.78M cost=3772232
|  |  |  in pipelines: 79(GETNEXT)
|  |  |
|  |  F29:PLAN FRAGMENT [HASH(tpcds_partitioned_parquet_snap.web_sales.ws_item_sk)] hosts=10 instances=30 (adjusted from 120)
|  |  Per-Instance Resources: mem-estimate=32.50MB mem-reservation=0B thread-reservation=1
|  |  max-parallelism=40 segment-costs=[389421726]
|  |  45:HASH JOIN [RIGHT SEMI JOIN, PARTITIONED]
|  |  |  hash-table-id=09
|  |  |  hash predicates: tpcds_partitioned_parquet_snap.item_0.i_item_sk = tpcds_partitioned_parquet_snap.web_sales.ws_item_sk
|  |  |  mem-estimate=0B mem-reservation=0B spill-buffer=2.00MB thread-reservation=0
|  |  |  tuple-ids=37,39 row-size=32B cardinality=12.78M cost=181923608
|  |  |  in pipelines: 79(GETNEXT), 36(OPEN)
|  |  |
|  |  |--F41:PLAN FRAGMENT [HASH(tpcds_partitioned_parquet_snap.web_sales.ws_item_sk)] hosts=10 instances=30 (adjusted from 120)
|  |  |  |  Per-Instance Resources: mem-estimate=45.39MB mem-reservation=35.00MB thread-reservation=1 runtime-filters-memory=1.00MB
|  |  |  |  max-parallelism=40 segment-costs=[16563403] cpu-comparison-result=40 [max(40 (self) vs 11 (sum children))]
|  |  |  JOIN BUILD
|  |  |  |  join-table-id=09 plan-id=10 cohort-id=05
|  |  |  |  build expressions: tpcds_partitioned_parquet_snap.web_sales.ws_item_sk
|  |  |  |  runtime filters: RF024[bloom] <- tpcds_partitioned_parquet_snap.web_sales.ws_item_sk, RF025[min_max] <- tpcds_partitioned_parquet_snap.web_sales.ws_item_sk
|  |  |  |  mem-estimate=34.00MB mem-reservation=34.00MB spill-buffer=2.00MB thread-reservation=0 cost=12789285
|  |  |  |
|  |  |  82:EXCHANGE [HASH(tpcds_partitioned_parquet_snap.web_sales.ws_item_sk)]
|  |  |  |  mem-estimate=10.39MB mem-reservation=0B thread-reservation=0
|  |  |  |  tuple-ids=37,39 row-size=32B cardinality=12.79M cost=3774118
|  |  |  |  in pipelines: 36(GETNEXT)
|  |  |  |
|  |  |  F27:PLAN FRAGMENT [RANDOM] hosts=10 instances=10 (adjusted from 120)
|  |  |  Per-Host Shared Resources: mem-estimate=1.00MB mem-reservation=1.00MB thread-reservation=0 runtime-filters-memory=1.00MB
|  |  |  Per-Instance Resources: mem-estimate=20.69MB mem-reservation=128.00KB thread-reservation=1
|  |  |  max-parallelism=10 segment-costs=[89152822]
|  |  |  38:HASH JOIN [INNER JOIN, BROADCAST]
|  |  |  |  hash-table-id=10
|  |  |  |  hash predicates: tpcds_partitioned_parquet_snap.web_sales.ws_sold_date_sk = tpcds_partitioned_parquet_snap.date_dim_3.d_date_sk
|  |  |  |  fk/pk conjuncts: tpcds_partitioned_parquet_snap.web_sales.ws_sold_date_sk = tpcds_partitioned_parquet_snap.date_dim_3.d_date_sk
|  |  |  |  mem-estimate=0B mem-reservation=0B spill-buffer=64.00KB thread-reservation=0
|  |  |  |  tuple-ids=37,39 row-size=32B cardinality=12.79M cost=5597870
|  |  |  |  in pipelines: 36(GETNEXT), 37(OPEN)
|  |  |  |
|  |  |  |--F42:PLAN FRAGMENT [RANDOM] hosts=10 instances=10
|  |  |  |  |  Per-Instance Resources: mem-estimate=2.95MB mem-reservation=2.94MB thread-reservation=1 runtime-filters-memory=1.00MB
|  |  |  |  |  max-parallelism=10 segment-costs=[248]
|  |  |  |  JOIN BUILD
|  |  |  |  |  join-table-id=10 plan-id=11 cohort-id=06
|  |  |  |  |  build expressions: tpcds_partitioned_parquet_snap.date_dim_3.d_date_sk
|  |  |  |  |  runtime filters: RF030[bloom] <- tpcds_partitioned_parquet_snap.date_dim_3.d_date_sk
|  |  |  |  |  mem-estimate=1.94MB mem-reservation=1.94MB spill-buffer=64.00KB thread-reservation=0 cost=108
|  |  |  |  |
|  |  |  |  80:EXCHANGE [BROADCAST]
|  |  |  |  |  mem-estimate=16.00KB mem-reservation=0B thread-reservation=0
|  |  |  |  |  tuple-ids=39 row-size=12B cardinality=108 cost=140
|  |  |  |  |  in pipelines: 37(GETNEXT)
|  |  |  |  |
|  |  |  |  F28:PLAN FRAGMENT [RANDOM] hosts=1 instances=1
|  |  |  |  Per-Instance Resources: mem-estimate=16.06MB mem-reservation=512.00KB thread-reservation=1
|  |  |  |  max-parallelism=1 segment-costs=[16733]
|  |  |  |  37:SCAN HDFS [tpcds_partitioned_parquet_snap.date_dim, RANDOM]
|  |  |  |     HDFS partitions=1/1 files=1 size=2.17MB
|  |  |  |     predicates: tpcds_partitioned_parquet_snap.date_dim_3.d_year = CAST(2000 AS INT), tpcds_partitioned_parquet_snap.date_dim_3.d_moy = CAST(5 AS INT)
|  |  |  |     stored statistics:
|  |  |  |       table: rows=73.05K size=2.17MB
|  |  |  |       columns: all
|  |  |  |     extrapolated-rows=disabled max-scan-range-rows=73.05K
|  |  |  |     parquet statistics predicates: tpcds_partitioned_parquet_snap.date_dim_3.d_year = CAST(2000 AS INT), tpcds_partitioned_parquet_snap.date_dim_3.d_moy = CAST(5 AS INT)
|  |  |  |     parquet dictionary predicates: tpcds_partitioned_parquet_snap.date_dim_3.d_year = CAST(2000 AS INT), tpcds_partitioned_parquet_snap.date_dim_3.d_moy = CAST(5 AS INT)
|  |  |  |     mem-estimate=16.00MB mem-reservation=512.00KB thread-reservation=0
|  |  |  |     tuple-ids=39 row-size=12B cardinality=108 cost=16728
|  |  |  |     in pipelines: 37(GETNEXT)
|  |  |  |
|  |  |  36:SCAN HDFS [tpcds_partitioned_parquet_snap.web_sales, RANDOM]
|  |  |     HDFS partitions=1824/1824 files=1824 size=145.75GB
|  |  |     predicates: is_not_null_pred(tpcds_partitioned_parquet_snap.web_sales.ws_bill_customer_sk), is_not_null_pred(tpcds_partitioned_parquet_snap.web_sales.ws_item_sk)
|  |  |     runtime filters: RF030[bloom] -> tpcds_partitioned_parquet_snap.web_sales.ws_sold_date_sk
|  |  |     stored statistics:
|  |  |       table: rows=2.16G size=145.75GB
|  |  |       partitions: 1824/1824 rows=2.16G
|  |  |       columns: all
|  |  |     extrapolated-rows=disabled max-scan-range-rows=3.37M est-scan-range=109(filtered from 1824)
|  |  |     parquet dictionary predicates: is_not_null_pred(tpcds_partitioned_parquet_snap.web_sales.ws_bill_customer_sk), is_not_null_pred(tpcds_partitioned_parquet_snap.web_sales.ws_item_sk)
|  |  |     mem-estimate=16.00MB mem-reservation=128.00KB thread-reservation=0
|  |  |     tuple-ids=37 row-size=20B cardinality=12.79M(filtered from 216.00M) cost=44020715
|  |  |     in pipelines: 36(GETNEXT)
|  |  |
|  |  81:EXCHANGE [HASH(tpcds_partitioned_parquet_snap.item_0.i_item_sk)]
|  |  |  mem-estimate=13.75MB mem-reservation=0B thread-reservation=0
|  |  |  tuple-ids=47 row-size=28B cardinality=700.22M cost=167983637
|  |  |  in pipelines: 79(GETNEXT)
|  |  |
|  |  F26:PLAN FRAGMENT [HASH(substr(tpcds_partitioned_parquet_snap.item_0.i_item_desc, 1, 30),tpcds_partitioned_parquet_snap.item_0.i_item_sk,tpcds_partitioned_parquet_snap.date_dim_4.d_date)] hosts=10 instances=120
|  |  Per-Instance Resources: mem-estimate=954.24MB mem-reservation=34.00MB thread-reservation=1
|  |  max-parallelism=4310 segment-costs=[43011233450, 1623398350] cpu-comparison-result=120 [max(120 (self) vs 120 (sum children))]
|  |  79:AGGREGATE [FINALIZE]
|  |  |  output: count:merge()
|  |  |  group by: substr(tpcds_partitioned_parquet_snap.item_0.i_item_desc, 1, 30), tpcds_partitioned_parquet_snap.item_0.i_item_sk, tpcds_partitioned_parquet_snap.date_dim_4.d_date
|  |  |  having: count() > CAST(4 AS BIGINT)
|  |  |  mem-estimate=940.49MB mem-reservation=34.00MB spill-buffer=2.00MB thread-reservation=0
|  |  |  tuple-ids=47 row-size=28B cardinality=700.22M cost=41331397080
|  |  |  in pipelines: 79(GETNEXT), 39(OPEN)
|  |  |
|  |  78:EXCHANGE [HASH(substr(tpcds_partitioned_parquet_snap.item_0.i_item_desc, 1, 30),tpcds_partitioned_parquet_snap.item_0.i_item_sk,tpcds_partitioned_parquet_snap.date_dim_4.d_date)]
|  |  |  mem-estimate=13.75MB mem-reservation=0B thread-reservation=0
|  |  |  tuple-ids=47 row-size=28B cardinality=7.00G cost=1679836370
|  |  |  in pipelines: 39(GETNEXT)
|  |  |
|  |  F23:PLAN FRAGMENT [RANDOM] hosts=10 instances=120
|  |  Per-Host Shared Resources: mem-estimate=2.00MB mem-reservation=2.00MB thread-reservation=0 runtime-filters-memory=2.00MB
|  |  Per-Instance Resources: mem-estimate=832.37MB mem-reservation=38.00MB thread-reservation=1
|  |  max-parallelism=1479 segment-costs=[48270645674, 16233983497] cpu-comparison-result=120 [max(120 (self) vs 25 (sum children))]
|  |  44:AGGREGATE [STREAMING]
|  |  |  output: count()
|  |  |  group by: substr(tpcds_partitioned_parquet_snap.item_0.i_item_desc, CAST(1 AS BIGINT), CAST(30 AS BIGINT)), tpcds_partitioned_parquet_snap.item_0.i_item_sk, tpcds_partitioned_parquet_snap.date_dim_4.d_date
|  |  |  mem-estimate=801.37MB mem-reservation=34.00MB spill-buffer=2.00MB thread-reservation=0
|  |  |  tuple-ids=47 row-size=28B cardinality=7.00G cost=41331397080
|  |  |  in pipelines: 39(GETNEXT)
|  |  |
|  |  43:HASH JOIN [INNER JOIN, BROADCAST]
|  |  |  hash-table-id=11
|  |  |  hash predicates: tpcds_partitioned_parquet_snap.store_sales_4.ss_item_sk = tpcds_partitioned_parquet_snap.item_0.i_item_sk
|  |  |  fk/pk conjuncts: tpcds_partitioned_parquet_snap.store_sales_4.ss_item_sk = tpcds_partitioned_parquet_snap.item_0.i_item_sk
|  |  |  mem-estimate=0B mem-reservation=0B spill-buffer=2.00MB thread-reservation=0
|  |  |  tuple-ids=41,43,45 row-size=137B cardinality=7.00G cost=3065776649
|  |  |  in pipelines: 39(GETNEXT), 42(OPEN)
|  |  |
|  |  |--F43:PLAN FRAGMENT [RANDOM] hosts=10 instances=10
|  |  |  |  Per-Instance Resources: mem-estimate=418.47MB mem-reservation=408.00MB thread-reservation=1
|  |  |  |  max-parallelism=10 segment-costs=[838440]
|  |  |  JOIN BUILD
|  |  |  |  join-table-id=11 plan-id=12 cohort-id=05
|  |  |  |  build expressions: tpcds_partitioned_parquet_snap.item_0.i_item_sk
|  |  |  |  runtime filters: RF027[min_max] <- tpcds_partitioned_parquet_snap.item_0.i_item_sk
|  |  |  |  mem-estimate=408.00MB mem-reservation=408.00MB spill-buffer=2.00MB thread-reservation=0 cost=360000
|  |  |  |
|  |  |  77:EXCHANGE [BROADCAST]
|  |  |  |  mem-estimate=10.47MB mem-reservation=0B thread-reservation=0
|  |  |  |  tuple-ids=45 row-size=117B cardinality=360.00K cost=478440
|  |  |  |  in pipelines: 42(GETNEXT)
|  |  |  |
|  |  |  F25:PLAN FRAGMENT [RANDOM] hosts=4 instances=4
|  |  |  Per-Host Shared Resources: mem-estimate=1.00MB mem-reservation=1.00MB thread-reservation=0 runtime-filters-memory=1.00MB
|  |  |  Per-Instance Resources: mem-estimate=16.47MB mem-reservation=512.00KB thread-reservation=1
|  |  |  max-parallelism=4 segment-costs=[663353]
|  |  |  42:SCAN HDFS [tpcds_partitioned_parquet_snap.item, RANDOM]
|  |  |     HDFS partitions=1/1 files=1 size=33.54MB
|  |  |     runtime filters: RF025[min_max] -> tpcds_partitioned_parquet_snap.item_0.i_item_sk, RF024[bloom] -> tpcds_partitioned_parquet_snap.item_0.i_item_sk
|  |  |     stored statistics:
|  |  |       table: rows=360.00K size=33.54MB
|  |  |       columns: all
|  |  |     extrapolated-rows=disabled max-scan-range-rows=101.54K
|  |  |     mem-estimate=16.00MB mem-reservation=512.00KB thread-reservation=0
|  |  |     tuple-ids=45 row-size=117B cardinality=360.00K cost=542243
|  |  |     in pipelines: 42(GETNEXT)
|  |  |
|  |  41:HASH JOIN [INNER JOIN, BROADCAST]
|  |  |  hash-table-id=12
|  |  |  hash predicates: tpcds_partitioned_parquet_snap.store_sales_4.ss_sold_date_sk = tpcds_partitioned_parquet_snap.date_dim_4.d_date_sk
|  |  |  fk/pk conjuncts: tpcds_partitioned_parquet_snap.store_sales_4.ss_sold_date_sk = tpcds_partitioned_parquet_snap.date_dim_4.d_date_sk
|  |  |  mem-estimate=0B mem-reservation=0B spill-buffer=64.00KB thread-reservation=0
|  |  |  tuple-ids=41,43 row-size=20B cardinality=7.01G cost=3066411052
|  |  |  in pipelines: 39(GETNEXT), 40(OPEN)
|  |  |
|  |  |--F44:PLAN FRAGMENT [RANDOM] hosts=10 instances=10
|  |  |  |  Per-Instance Resources: mem-estimate=24.28MB mem-reservation=24.25MB thread-reservation=1 runtime-filters-memory=1.00MB
|  |  |  |  max-parallelism=10 segment-costs=[3439]
|  |  |  JOIN BUILD
|  |  |  |  join-table-id=12 plan-id=13 cohort-id=05
|  |  |  |  build expressions: tpcds_partitioned_parquet_snap.date_dim_4.d_date_sk
|  |  |  |  runtime filters: RF028[bloom] <- tpcds_partitioned_parquet_snap.date_dim_4.d_date_sk
|  |  |  |  mem-estimate=23.25MB mem-reservation=23.25MB spill-buffer=64.00KB thread-reservation=0 cost=1479
|  |  |  |
|  |  |  76:EXCHANGE [BROADCAST]
|  |  |  |  mem-estimate=33.33KB mem-reservation=0B thread-reservation=0
|  |  |  |  tuple-ids=43 row-size=12B cardinality=1.48K cost=1960
|  |  |  |  in pipelines: 40(GETNEXT)
|  |  |  |
|  |  |  F24:PLAN FRAGMENT [RANDOM] hosts=1 instances=1
|  |  |  Per-Instance Resources: mem-estimate=16.06MB mem-reservation=1.00MB thread-reservation=1
|  |  |  max-parallelism=1 segment-costs=[14754]
|  |  |  40:SCAN HDFS [tpcds_partitioned_parquet_snap.date_dim, RANDOM]
|  |  |     HDFS partitions=1/1 files=1 size=2.17MB
|  |  |     predicates: tpcds_partitioned_parquet_snap.date_dim_4.d_year = CAST(2000 AS INT) OR tpcds_partitioned_parquet_snap.date_dim_4.d_year = add(CAST(2000 AS INT), CAST(1 AS INT)) OR tpcds_partitioned_parquet_snap.date_dim_4.d_year = add(CAST(2000 AS INT), CAST(2 AS INT)) OR tpcds_partitioned_parquet_snap.date_dim_4.d_year = add(CAST(2000 AS INT), CAST(3 AS INT))
|  |  |     stored statistics:
|  |  |       table: rows=73.05K size=2.17MB
|  |  |       columns: all
|  |  |     extrapolated-rows=disabled max-scan-range-rows=73.05K
|  |  |     parquet dictionary predicates: tpcds_partitioned_parquet_snap.date_dim_4.d_year = CAST(2000 AS INT) OR tpcds_partitioned_parquet_snap.date_dim_4.d_year = add(CAST(2000 AS INT), CAST(1 AS INT)) OR tpcds_partitioned_parquet_snap.date_dim_4.d_year = add(CAST(2000 AS INT), CAST(2 AS INT)) OR tpcds_partitioned_parquet_snap.date_dim_4.d_year = add(CAST(2000 AS INT), CAST(3 AS INT))
|  |  |     mem-estimate=16.00MB mem-reservation=1.00MB thread-reservation=0
|  |  |     tuple-ids=43 row-size=12B cardinality=1.48K cost=14675
|  |  |     in pipelines: 40(GETNEXT)
|  |  |
|  |  39:SCAN HDFS [tpcds_partitioned_parquet_snap.store_sales, RANDOM]
|  |     HDFS partitions=1824/1824 files=1824 size=389.90GB
|  |     runtime filters: RF025[min_max] -> tpcds_partitioned_parquet_snap.store_sales_4.ss_item_sk, RF027[min_max] -> tpcds_partitioned_parquet_snap.store_sales_4.ss_item_sk, RF024[bloom] -> tpcds_partitioned_parquet_snap.store_sales_4.ss_item_sk, RF028[bloom] -> tpcds_partitioned_parquet_snap.store_sales_4.ss_sold_date_sk
|  |     stored statistics:
|  |       table: rows=8.64G size=389.90GB
|  |       partitions: 1824/1824 rows=8.64G
|  |       columns: all
|  |     extrapolated-rows=disabled max-scan-range-rows=390.22M est-scan-range=1479(filtered from 1824)
|  |     mem-estimate=16.00MB mem-reservation=4.00MB thread-reservation=0
|  |     tuple-ids=41 row-size=8B cardinality=7.01G(filtered from 8.64G) cost=807060893
|  |     in pipelines: 39(GETNEXT)
|  |
|  35:NESTED LOOP JOIN [INNER JOIN, BROADCAST]
|  |  join table id: 13
|  |  join predicates: sum(multiply(tpcds_partitioned_parquet_snap.store_sales_2.ss_quantity, tpcds_partitioned_parquet_snap.store_sales_2.ss_sales_price)) > multiply(divide(CAST(95 AS DECIMAL(3,0)), CAST(100.0 AS DECIMAL(4,1))), max(sum(multiply(tpcds_partitioned_parquet_snap.store_sales_3.ss_quantity, tpcds_partitioned_parquet_snap.store_sales_3.ss_sales_price))))
|  |  mem-estimate=0B mem-reservation=0B thread-reservation=0
|  |  tuple-ids=28,36 row-size=36B cardinality=30.00M cost=6147000
|  |  in pipelines: 68(GETNEXT), 74(OPEN)
|  |
|  |--F45:PLAN FRAGMENT [RANDOM] hosts=10 instances=10
|  |  |  Per-Instance Resources: mem-estimate=16.02KB mem-reservation=0B thread-reservation=1
|  |  |  max-parallelism=10 segment-costs=[0] cpu-comparison-result=120 [max(10 (self) vs 120 (sum children))]
|  |  JOIN BUILD
|  |  |  join-table-id=13 plan-id=14 cohort-id=01
|  |  |  mem-estimate=16B mem-reservation=0B thread-reservation=0 cost=0
|  |  |
|  |  75:EXCHANGE [BROADCAST]
|  |  |  mem-estimate=16.00KB mem-reservation=0B thread-reservation=0
|  |  |  tuple-ids=36 row-size=16B cardinality=1 cost=0
|  |  |  in pipelines: 74(GETNEXT)
|  |  |
|  |  F22:PLAN FRAGMENT [UNPARTITIONED] hosts=1 instances=1
|  |  Per-Instance Resources: mem-estimate=109.94KB mem-reservation=0B thread-reservation=1
|  |  max-parallelism=1 segment-costs=[30, 0] cpu-comparison-result=120 [max(1 (self) vs 120 (sum children))]
|  |  74:AGGREGATE [FINALIZE]
|  |  |  output: max:merge(sum(multiply(tpcds_partitioned_parquet_snap.store_sales_3.ss_quantity, tpcds_partitioned_parquet_snap.store_sales_3.ss_sales_price)))
|  |  |  mem-estimate=16.00KB mem-reservation=0B spill-buffer=2.00MB thread-reservation=0
|  |  |  tuple-ids=36 row-size=16B cardinality=1 cost=8
|  |  |  in pipelines: 74(GETNEXT), 34(OPEN)
|  |  |
|  |  73:EXCHANGE [UNPARTITIONED]
|  |  |  mem-estimate=93.94KB mem-reservation=0B thread-reservation=0
|  |  |  tuple-ids=36 row-size=16B cardinality=120 cost=22
|  |  |  in pipelines: 34(GETNEXT)
|  |  |
|  |  F21:PLAN FRAGMENT [HASH(tpcds_partitioned_parquet_snap.customer_2.c_customer_sk)] hosts=10 instances=40 (adjusted from 120)
|  |  Per-Instance Resources: mem-estimate=46.81MB mem-reservation=34.00MB thread-reservation=1
|  |  max-parallelism=160 segment-costs=[1563421020, 2100000, 185] cpu-comparison-result=120 [max(40 (self) vs 120 (sum children))]
|  |  34:AGGREGATE
|  |  |  output: max(sum(multiply(tpcds_partitioned_parquet_snap.store_sales_3.ss_quantity, tpcds_partitioned_parquet_snap.store_sales_3.ss_sales_price)))
|  |  |  mem-estimate=16.00KB mem-reservation=0B spill-buffer=2.00MB thread-reservation=0
|  |  |  tuple-ids=36 row-size=16B cardinality=120 cost=2100000
|  |  |  in pipelines: 34(GETNEXT), 72(OPEN)
|  |  |
|  |  72:AGGREGATE [FINALIZE]
|  |  |  output: sum:merge(multiply(tpcds_partitioned_parquet_snap.store_sales_3.ss_quantity, tpcds_partitioned_parquet_snap.store_sales_3.ss_sales_price))
|  |  |  group by: tpcds_partitioned_parquet_snap.customer_2.c_customer_sk
|  |  |  mem-estimate=34.00MB mem-reservation=34.00MB spill-buffer=2.00MB thread-reservation=0
|  |  |  tuple-ids=35 row-size=20B cardinality=30.00M cost=954774653
|  |  |  in pipelines: 72(GETNEXT), 28(OPEN)
|  |  |
|  |  71:EXCHANGE [HASH(tpcds_partitioned_parquet_snap.customer_2.c_customer_sk)]
|  |  |  mem-estimate=12.81MB mem-reservation=0B thread-reservation=0
|  |  |  tuple-ids=35 row-size=20B cardinality=3.00G cost=608646367
|  |  |  in pipelines: 28(GETNEXT)
|  |  |
|  |  F18:PLAN FRAGMENT [RANDOM] hosts=10 instances=120
|  |  Per-Host Shared Resources: mem-estimate=1.00MB mem-reservation=1.00MB thread-reservation=0 runtime-filters-memory=1.00MB
|  |  Per-Instance Resources: mem-estimate=935.28MB mem-reservation=42.00MB thread-reservation=1
|  |  max-parallelism=1479 segment-costs=[17337114136, 5403796797] cpu-comparison-result=120 [max(120 (self) vs 31 (sum children))]
|  |  33:AGGREGATE [STREAMING]
|  |  |  output: sum(multiply(CAST(tpcds_partitioned_parquet_snap.store_sales_3.ss_quantity AS DECIMAL(10,0)), tpcds_partitioned_parquet_snap.store_sales_3.ss_sales_price))
|  |  |  group by: tpcds_partitioned_parquet_snap.customer_2.c_customer_sk
|  |  |  mem-estimate=915.53MB mem-reservation=34.00MB spill-buffer=2.00MB thread-reservation=0
|  |  |  tuple-ids=35 row-size=20B cardinality=3.00G cost=9694298891
|  |  |  in pipelines: 28(GETNEXT)
|  |  |
|  |  32:HASH JOIN [INNER JOIN, BROADCAST]
|  |  |  hash-table-id=14
|  |  |  hash predicates: tpcds_partitioned_parquet_snap.store_sales_3.ss_customer_sk = tpcds_partitioned_parquet_snap.customer_2.c_customer_sk
|  |  |  fk/pk conjuncts: tpcds_partitioned_parquet_snap.store_sales_3.ss_customer_sk = tpcds_partitioned_parquet_snap.customer_2.c_customer_sk
|  |  |  mem-estimate=0B mem-reservation=0B spill-buffer=2.00MB thread-reservation=0
|  |  |  tuple-ids=29,31,33 row-size=28B cardinality=6.43G cost=2962282406
|  |  |  in pipelines: 28(GETNEXT), 31(OPEN)
|  |  |
|  |  |--F46:PLAN FRAGMENT [RANDOM] hosts=10 instances=10
|  |  |  |  Per-Instance Resources: mem-estimate=892.52MB mem-reservation=408.00MB thread-reservation=1
|  |  |  |  max-parallelism=10 segment-costs=[69869990]
|  |  |  JOIN BUILD
|  |  |  |  join-table-id=14 plan-id=15 cohort-id=07
|  |  |  |  build expressions: tpcds_partitioned_parquet_snap.customer_2.c_customer_sk
|  |  |  |  runtime filters: RF021[min_max] <- tpcds_partitioned_parquet_snap.customer_2.c_customer_sk
|  |  |  |  mem-estimate=882.44MB mem-reservation=408.00MB spill-buffer=2.00MB thread-reservation=0 cost=30000000
|  |  |  |
|  |  |  70:EXCHANGE [BROADCAST]
|  |  |  |  mem-estimate=10.08MB mem-reservation=0B thread-reservation=0
|  |  |  |  tuple-ids=33 row-size=4B cardinality=30.00M cost=39869990
|  |  |  |  in pipelines: 31(GETNEXT)
|  |  |  |
|  |  |  F20:PLAN FRAGMENT [RANDOM] hosts=10 instances=10
|  |  |  Per-Instance Resources: mem-estimate=16.03MB mem-reservation=1.00MB thread-reservation=1
|  |  |  max-parallelism=10 segment-costs=[2700000]
|  |  |  31:SCAN HDFS [tpcds_partitioned_parquet_snap.customer, RANDOM]
|  |  |     HDFS partitions=1/1 files=1 size=1.55GB
|  |  |     stored statistics:
|  |  |       table: rows=30.00M size=1.55GB
|  |  |       columns: all
|  |  |     extrapolated-rows=disabled max-scan-range-rows=3.10M
|  |  |     mem-estimate=16.00MB mem-reservation=1.00MB thread-reservation=0
|  |  |     tuple-ids=33 row-size=4B cardinality=30.00M cost=1728000
|  |  |     in pipelines: 31(GETNEXT)
|  |  |
|  |  30:HASH JOIN [INNER JOIN, BROADCAST]
|  |  |  hash-table-id=15
|  |  |  hash predicates: tpcds_partitioned_parquet_snap.store_sales_3.ss_sold_date_sk = tpcds_partitioned_parquet_snap.date_dim_2.d_date_sk
|  |  |  fk/pk conjuncts: tpcds_partitioned_parquet_snap.store_sales_3.ss_sold_date_sk = tpcds_partitioned_parquet_snap.date_dim_2.d_date_sk
|  |  |  mem-estimate=0B mem-reservation=0B spill-buffer=64.00KB thread-reservation=0
|  |  |  tuple-ids=29,31 row-size=24B cardinality=7.01G cost=3066411052
|  |  |  in pipelines: 28(GETNEXT), 29(OPEN)
|  |  |
|  |  |--F47:PLAN FRAGMENT [RANDOM] hosts=10 instances=10
|  |  |  |  Per-Instance Resources: mem-estimate=24.27MB mem-reservation=24.25MB thread-reservation=1 runtime-filters-memory=1.00MB
|  |  |  |  max-parallelism=10 segment-costs=[3439]
|  |  |  JOIN BUILD
|  |  |  |  join-table-id=15 plan-id=16 cohort-id=07
|  |  |  |  build expressions: tpcds_partitioned_parquet_snap.date_dim_2.d_date_sk
|  |  |  |  runtime filters: RF022[bloom] <- tpcds_partitioned_parquet_snap.date_dim_2.d_date_sk
|  |  |  |  mem-estimate=23.25MB mem-reservation=23.25MB spill-buffer=64.00KB thread-reservation=0 cost=1479
|  |  |  |
|  |  |  69:EXCHANGE [BROADCAST]
|  |  |  |  mem-estimate=23.55KB mem-reservation=0B thread-reservation=0
|  |  |  |  tuple-ids=31 row-size=8B cardinality=1.48K cost=1960
|  |  |  |  in pipelines: 29(GETNEXT)
|  |  |  |
|  |  |  F19:PLAN FRAGMENT [RANDOM] hosts=1 instances=1
|  |  |  Per-Instance Resources: mem-estimate=16.05MB mem-reservation=512.00KB thread-reservation=1
|  |  |  max-parallelism=1 segment-costs=[10530]
|  |  |  29:SCAN HDFS [tpcds_partitioned_parquet_snap.date_dim, RANDOM]
|  |  |     HDFS partitions=1/1 files=1 size=2.17MB
|  |  |     predicates: tpcds_partitioned_parquet_snap.date_dim_2.d_year = CAST(2000 AS INT) OR tpcds_partitioned_parquet_snap.date_dim_2.d_year = add(CAST(2000 AS INT), CAST(1 AS INT)) OR tpcds_partitioned_parquet_snap.date_dim_2.d_year = add(CAST(2000 AS INT), CAST(2 AS INT)) OR tpcds_partitioned_parquet_snap.date_dim_2.d_year = add(CAST(2000 AS INT), CAST(3 AS INT))
|  |  |     stored statistics:
|  |  |       table: rows=73.05K size=2.17MB
|  |  |       columns: all
|  |  |     extrapolated-rows=disabled max-scan-range-rows=73.05K
|  |  |     parquet dictionary predicates: tpcds_partitioned_parquet_snap.date_dim_2.d_year = CAST(2000 AS INT) OR tpcds_partitioned_parquet_snap.date_dim_2.d_year = add(CAST(2000 AS INT), CAST(1 AS INT)) OR tpcds_partitioned_parquet_snap.date_dim_2.d_year = add(CAST(2000 AS INT), CAST(2 AS INT)) OR tpcds_partitioned_parquet_snap.date_dim_2.d_year = add(CAST(2000 AS INT), CAST(3 AS INT))
|  |  |     mem-estimate=16.00MB mem-reservation=512.00KB thread-reservation=0
|  |  |     tuple-ids=31 row-size=8B cardinality=1.48K cost=10467
|  |  |     in pipelines: 29(GETNEXT)
|  |  |
|  |  28:SCAN HDFS [tpcds_partitioned_parquet_snap.store_sales, RANDOM]
|  |     HDFS partitions=1824/1824 files=1824 size=389.90GB
|  |     runtime filters: RF021[min_max] -> tpcds_partitioned_parquet_snap.store_sales_3.ss_customer_sk, RF022[bloom] -> tpcds_partitioned_parquet_snap.store_sales_3.ss_sold_date_sk
|  |     stored statistics:
|  |       table: rows=8.64G size=389.90GB
|  |       partitions: 1824/1824 rows=8.64G
|  |       columns: all
|  |     extrapolated-rows=disabled max-scan-range-rows=390.22M est-scan-range=1479(filtered from 1824)
|  |     mem-estimate=16.00MB mem-reservation=8.00MB thread-reservation=0
|  |     tuple-ids=29 row-size=16B cardinality=7.01G(filtered from 8.64G) cost=1614121787
|  |     in pipelines: 28(GETNEXT)
|  |
|  68:AGGREGATE [FINALIZE]
|  |  output: sum:merge(multiply(tpcds_partitioned_parquet_snap.store_sales_2.ss_quantity, tpcds_partitioned_parquet_snap.store_sales_2.ss_sales_price))
|  |  group by: tpcds_partitioned_parquet_snap.customer_1.c_customer_sk
|  |  mem-estimate=814.40MB mem-reservation=34.00MB spill-buffer=2.00MB thread-reservation=0
|  |  tuple-ids=28 row-size=20B cardinality=30.00M cost=1014903515
|  |  in pipelines: 68(GETNEXT), 24(OPEN)
|  |
|  67:EXCHANGE [HASH(tpcds_partitioned_parquet_snap.customer_1.c_customer_sk)]
|  |  mem-estimate=12.81MB mem-reservation=0B thread-reservation=0
|  |  tuple-ids=28 row-size=20B cardinality=3.20G cost=650397382
|  |  in pipelines: 24(GETNEXT)
|  |
|  F15:PLAN FRAGMENT [RANDOM] hosts=10 instances=120
|  Per-Host Shared Resources: mem-estimate=16.00MB mem-reservation=16.00MB thread-reservation=0 runtime-filters-memory=16.00MB
|  Per-Instance Resources: mem-estimate=942.78MB mem-reservation=42.00MB thread-reservation=1
|  max-parallelism=1570 segment-costs=[15633529457, 5774478385] cpu-comparison-result=120 [max(120 (self) vs 20 (sum children))]
|  27:AGGREGATE [STREAMING]
|  |  output: sum(multiply(CAST(tpcds_partitioned_parquet_snap.store_sales_2.ss_quantity AS DECIMAL(10,0)), tpcds_partitioned_parquet_snap.store_sales_2.ss_sales_price))
|  |  group by: tpcds_partitioned_parquet_snap.customer_1.c_customer_sk
|  |  mem-estimate=915.53MB mem-reservation=34.00MB spill-buffer=2.00MB thread-reservation=0
|  |  tuple-ids=28 row-size=20B cardinality=3.20G cost=10669051480
|  |  in pipelines: 24(GETNEXT)
|  |
|  26:HASH JOIN [INNER JOIN, BROADCAST]
|  |  hash-table-id=17
|  |  hash predicates: tpcds_partitioned_parquet_snap.store_sales_2.ss_customer_sk = tpcds_partitioned_parquet_snap.customer_1.c_customer_sk
|  |  fk/pk conjuncts: tpcds_partitioned_parquet_snap.store_sales_2.ss_customer_sk = tpcds_partitioned_parquet_snap.customer_1.c_customer_sk
|  |  mem-estimate=0B mem-reservation=0B spill-buffer=2.00MB thread-reservation=0
|  |  tuple-ids=24,26 row-size=16B cardinality=7.93G cost=3471497176
|  |  in pipelines: 24(GETNEXT), 25(OPEN)
|  |
|  |--F49:PLAN FRAGMENT [RANDOM] hosts=10 instances=10
|  |  |  Per-Instance Resources: mem-estimate=892.52MB mem-reservation=408.00MB thread-reservation=1
|  |  |  max-parallelism=10 segment-costs=[69869990]
|  |  JOIN BUILD
|  |  |  join-table-id=17 plan-id=18 cohort-id=01
|  |  |  build expressions: tpcds_partitioned_parquet_snap.customer_1.c_customer_sk
|  |  |  runtime filters: RF019[min_max] <- tpcds_partitioned_parquet_snap.customer_1.c_customer_sk
|  |  |  mem-estimate=882.44MB mem-reservation=408.00MB spill-buffer=2.00MB thread-reservation=0 cost=30000000
|  |  |
|  |  66:EXCHANGE [BROADCAST]
|  |  |  mem-estimate=10.08MB mem-reservation=0B thread-reservation=0
|  |  |  tuple-ids=26 row-size=4B cardinality=30.00M cost=39869990
|  |  |  in pipelines: 25(GETNEXT)
|  |  |
|  |  F16:PLAN FRAGMENT [RANDOM] hosts=10 instances=10
|  |  Per-Host Shared Resources: mem-estimate=16.00MB mem-reservation=16.00MB thread-reservation=0 runtime-filters-memory=16.00MB
|  |  Per-Instance Resources: mem-estimate=16.03MB mem-reservation=1.00MB thread-reservation=1
|  |  max-parallelism=10 segment-costs=[2700000]
|  |  25:SCAN HDFS [tpcds_partitioned_parquet_snap.customer, RANDOM]
|  |     HDFS partitions=1/1 files=1 size=1.55GB
|  |     runtime filters: RF017[min_max] -> tpcds_partitioned_parquet_snap.customer_1.c_customer_sk, RF016[bloom] -> tpcds_partitioned_parquet_snap.customer_1.c_customer_sk
|  |     stored statistics:
|  |       table: rows=30.00M size=1.55GB
|  |       columns: all
|  |     extrapolated-rows=disabled max-scan-range-rows=3.10M
|  |     mem-estimate=16.00MB mem-reservation=1.00MB thread-reservation=0
|  |     tuple-ids=26 row-size=4B cardinality=30.00M cost=1728000
|  |     in pipelines: 25(GETNEXT)
|  |
|  24:SCAN HDFS [tpcds_partitioned_parquet_snap.store_sales, RANDOM]
|     HDFS partitions=1824/1824 files=1824 size=389.90GB
|     runtime filters: RF017[min_max] -> tpcds_partitioned_parquet_snap.store_sales_2.ss_customer_sk, RF019[min_max] -> tpcds_partitioned_parquet_snap.store_sales_2.ss_customer_sk, RF016[bloom] -> tpcds_partitioned_parquet_snap.store_sales_2.ss_customer_sk
|     stored statistics:
|       table: rows=8.64G size=389.90GB
|       partitions: 1824/1824 rows=8.64G
|       columns: all
|     extrapolated-rows=disabled max-scan-range-rows=390.22M
|     mem-estimate=16.00MB mem-reservation=8.00MB thread-reservation=0
|     tuple-ids=24 row-size=12B cardinality=7.93G(filtered from 8.64G) cost=1492980801
|     in pipelines: 24(GETNEXT)
|
23:HASH JOIN [INNER JOIN, PARTITIONED]
|  hash-table-id=00
|  hash predicates: tpcds_partitioned_parquet_snap.customer.c_customer_sk = tpcds_partitioned_parquet_snap.catalog_sales.cs_bill_customer_sk
|  fk/pk conjuncts: none
|  mem-estimate=0B mem-reservation=0B spill-buffer=1.00MB thread-reservation=0
|  tuple-ids=4,12,13,15 row-size=68B cardinality=25.47M cost=12309961
|  in pipelines: 50(GETNEXT), 61(OPEN)
|
|--F32:PLAN FRAGMENT [RANDOM] hosts=10 instances=120
|  |  Per-Instance Resources: mem-estimate=44.56MB mem-reservation=33.00MB thread-reservation=1 runtime-filters-memory=16.00MB
|  |  max-parallelism=120 segment-costs=[32984751] cpu-comparison-result=180 [max(160 (self) vs 180 (sum children))]
|  JOIN BUILD
|  |  join-table-id=00 plan-id=01 cohort-id=01
|  |  build expressions: tpcds_partitioned_parquet_snap.catalog_sales.cs_bill_customer_sk
|  |  runtime filters: RF000[bloom] <- tpcds_partitioned_parquet_snap.catalog_sales.cs_bill_customer_sk, RF001[min_max] <- tpcds_partitioned_parquet_snap.catalog_sales.cs_bill_customer_sk
|  |  mem-estimate=17.00MB mem-reservation=17.00MB spill-buffer=1.00MB thread-reservation=0 cost=25468884
|  |
|  65:EXCHANGE [HASH(tpcds_partitioned_parquet_snap.catalog_sales.cs_bill_customer_sk)]
|  |  mem-estimate=11.56MB mem-reservation=0B thread-reservation=0
|  |  tuple-ids=13,15 row-size=32B cardinality=25.47M cost=7515867
|  |  in pipelines: 61(GETNEXT)
|  |
|  F14:PLAN FRAGMENT [HASH(tpcds_partitioned_parquet_snap.catalog_sales.cs_item_sk)] hosts=10 instances=40 (adjusted from 120)
|  Per-Instance Resources: mem-estimate=32.50MB mem-reservation=0B thread-reservation=1
|  max-parallelism=50 segment-costs=[430935361]
|  22:HASH JOIN [RIGHT SEMI JOIN, PARTITIONED]
|  |  hash-table-id=01
|  |  hash predicates: tpcds_partitioned_parquet_snap.item.i_item_sk = tpcds_partitioned_parquet_snap.catalog_sales.cs_item_sk
|  |  mem-estimate=0B mem-reservation=0B spill-buffer=2.00MB thread-reservation=0
|  |  tuple-ids=13,15 row-size=32B cardinality=25.47M cost=184222310
|  |  in pipelines: 61(GETNEXT), 13(OPEN)
|  |
|  |--F33:PLAN FRAGMENT [HASH(tpcds_partitioned_parquet_snap.catalog_sales.cs_item_sk)] hosts=10 instances=40 (adjusted from 120)
|  |  |  Per-Instance Resources: mem-estimate=60.01MB mem-reservation=35.00MB thread-reservation=1 runtime-filters-memory=1.00MB
|  |  |  max-parallelism=50 segment-costs=[33001243] cpu-comparison-result=60 [max(60 (self) vs 11 (sum children))]
|  |  JOIN BUILD
|  |  |  join-table-id=01 plan-id=02 cohort-id=02
|  |  |  build expressions: tpcds_partitioned_parquet_snap.catalog_sales.cs_item_sk
|  |  |  runtime filters: RF008[bloom] <- tpcds_partitioned_parquet_snap.catalog_sales.cs_item_sk, RF009[min_max] <- tpcds_partitioned_parquet_snap.catalog_sales.cs_item_sk
|  |  |  mem-estimate=48.22MB mem-reservation=34.00MB spill-buffer=2.00MB thread-reservation=0 cost=25481618
|  |  |
|  |  64:EXCHANGE [HASH(tpcds_partitioned_parquet_snap.catalog_sales.cs_item_sk)]
|  |  |  mem-estimate=10.78MB mem-reservation=0B thread-reservation=0
|  |  |  tuple-ids=13,15 row-size=32B cardinality=25.48M cost=7519625
|  |  |  in pipelines: 13(GETNEXT)
|  |  |
|  |  F12:PLAN FRAGMENT [RANDOM] hosts=10 instances=20 (adjusted from 120)
|  |  Per-Host Shared Resources: mem-estimate=1.00MB mem-reservation=1.00MB thread-reservation=0 runtime-filters-memory=1.00MB
|  |  Per-Instance Resources: mem-estimate=22.25MB mem-reservation=1.00MB thread-reservation=1
|  |  max-parallelism=20 segment-costs=[177629809]
|  |  15:HASH JOIN [INNER JOIN, BROADCAST]
|  |  |  hash-table-id=02
|  |  |  hash predicates: tpcds_partitioned_parquet_snap.catalog_sales.cs_sold_date_sk = tpcds_partitioned_parquet_snap.date_dim_0.d_date_sk
|  |  |  fk/pk conjuncts: tpcds_partitioned_parquet_snap.catalog_sales.cs_sold_date_sk = tpcds_partitioned_parquet_snap.date_dim_0.d_date_sk
|  |  |  mem-estimate=0B mem-reservation=0B spill-buffer=64.00KB thread-reservation=0
|  |  |  tuple-ids=13,15 row-size=32B cardinality=25.48M cost=11153304
|  |  |  in pipelines: 13(GETNEXT), 14(OPEN)
|  |  |
|  |  |--F34:PLAN FRAGMENT [RANDOM] hosts=10 instances=10
|  |  |  |  Per-Instance Resources: mem-estimate=4.89MB mem-reservation=4.88MB thread-reservation=1 runtime-filters-memory=1.00MB
|  |  |  |  max-parallelism=10 segment-costs=[248]
|  |  |  JOIN BUILD
|  |  |  |  join-table-id=02 plan-id=03 cohort-id=03
|  |  |  |  build expressions: tpcds_partitioned_parquet_snap.date_dim_0.d_date_sk
|  |  |  |  runtime filters: RF014[bloom] <- tpcds_partitioned_parquet_snap.date_dim_0.d_date_sk
|  |  |  |  mem-estimate=3.88MB mem-reservation=3.88MB spill-buffer=64.00KB thread-reservation=0 cost=108
|  |  |  |
|  |  |  62:EXCHANGE [BROADCAST]
|  |  |  |  mem-estimate=16.00KB mem-reservation=0B thread-reservation=0
|  |  |  |  tuple-ids=15 row-size=12B cardinality=108 cost=140
|  |  |  |  in pipelines: 14(GETNEXT)
|  |  |  |
|  |  |  F13:PLAN FRAGMENT [RANDOM] hosts=1 instances=1
|  |  |  Per-Instance Resources: mem-estimate=16.06MB mem-reservation=512.00KB thread-reservation=1
|  |  |  max-parallelism=1 segment-costs=[16733]
|  |  |  14:SCAN HDFS [tpcds_partitioned_parquet_snap.date_dim, RANDOM]
|  |  |     HDFS partitions=1/1 files=1 size=2.17MB
|  |  |     predicates: tpcds_partitioned_parquet_snap.date_dim_0.d_year = CAST(2000 AS INT), tpcds_partitioned_parquet_snap.date_dim_0.d_moy = CAST(5 AS INT)
|  |  |     stored statistics:
|  |  |       table: rows=73.05K size=2.17MB
|  |  |       columns: all
|  |  |     extrapolated-rows=disabled max-scan-range-rows=73.05K
|  |  |     parquet statistics predicates: tpcds_partitioned_parquet_snap.date_dim_0.d_year = CAST(2000 AS INT), tpcds_partitioned_parquet_snap.date_dim_0.d_moy = CAST(5 AS INT)
|  |  |     parquet dictionary predicates: tpcds_partitioned_parquet_snap.date_dim_0.d_year = CAST(2000 AS INT), tpcds_partitioned_parquet_snap.date_dim_0.d_moy = CAST(5 AS INT)
|  |  |     mem-estimate=16.00MB mem-reservation=512.00KB thread-reservation=0
|  |  |     tuple-ids=15 row-size=12B cardinality=108 cost=16728
|  |  |     in pipelines: 14(GETNEXT)
|  |  |
|  |  13:SCAN HDFS [tpcds_partitioned_parquet_snap.catalog_sales, RANDOM]
|  |     HDFS partitions=1831/1831 files=1831 size=280.96GB
|  |     predicates: is_not_null_pred(tpcds_partitioned_parquet_snap.catalog_sales.cs_bill_customer_sk), is_not_null_pred(tpcds_partitioned_parquet_snap.catalog_sales.cs_item_sk)
|  |     runtime filters: RF014[bloom] -> tpcds_partitioned_parquet_snap.catalog_sales.cs_sold_date_sk
|  |     stored statistics:
|  |       table: rows=4.32G size=280.96GB
|  |       partitions: 1831/1831 rows=4.32G
|  |       columns: all
|  |     extrapolated-rows=disabled max-scan-range-rows=21.52M est-scan-range=109(filtered from 1831)
|  |     parquet dictionary predicates: is_not_null_pred(tpcds_partitioned_parquet_snap.catalog_sales.cs_bill_customer_sk), is_not_null_pred(tpcds_partitioned_parquet_snap.catalog_sales.cs_item_sk)
|  |     mem-estimate=16.00MB mem-reservation=1.00MB thread-reservation=0
|  |     tuple-ids=13 row-size=20B cardinality=25.48M(filtered from 432.01M) cost=87707728
|  |     in pipelines: 13(GETNEXT)
|  |
|  63:EXCHANGE [HASH(tpcds_partitioned_parquet_snap.item.i_item_sk)]
|  |  mem-estimate=13.75MB mem-reservation=0B thread-reservation=0
|  |  tuple-ids=23 row-size=28B cardinality=700.22M cost=167983637
|  |  in pipelines: 61(GETNEXT)
|  |
|  F11:PLAN FRAGMENT [HASH(substr(tpcds_partitioned_parquet_snap.item.i_item_desc, 1, 30),tpcds_partitioned_parquet_snap.item.i_item_sk,tpcds_partitioned_parquet_snap.date_dim_1.d_date)] hosts=10 instances=120
|  Per-Instance Resources: mem-estimate=954.24MB mem-reservation=34.00MB thread-reservation=1
|  max-parallelism=4310 segment-costs=[43011233450, 1623398350] cpu-comparison-result=120 [max(120 (self) vs 120 (sum children))]
|  61:AGGREGATE [FINALIZE]
|  |  output: count:merge()
|  |  group by: substr(tpcds_partitioned_parquet_snap.item.i_item_desc, 1, 30), tpcds_partitioned_parquet_snap.item.i_item_sk, tpcds_partitioned_parquet_snap.date_dim_1.d_date
|  |  having: count() > CAST(4 AS BIGINT)
|  |  mem-estimate=940.49MB mem-reservation=34.00MB spill-buffer=2.00MB thread-reservation=0
|  |  tuple-ids=23 row-size=28B cardinality=700.22M cost=41331397080
|  |  in pipelines: 61(GETNEXT), 16(OPEN)
|  |
|  60:EXCHANGE [HASH(substr(tpcds_partitioned_parquet_snap.item.i_item_desc, 1, 30),tpcds_partitioned_parquet_snap.item.i_item_sk,tpcds_partitioned_parquet_snap.date_dim_1.d_date)]
|  |  mem-estimate=13.75MB mem-reservation=0B thread-reservation=0
|  |  tuple-ids=23 row-size=28B cardinality=7.00G cost=1679836370
|  |  in pipelines: 16(GETNEXT)
|  |
|  F08:PLAN FRAGMENT [RANDOM] hosts=10 instances=120
|  Per-Host Shared Resources: mem-estimate=2.00MB mem-reservation=2.00MB thread-reservation=0 runtime-filters-memory=2.00MB
|  Per-Instance Resources: mem-estimate=832.37MB mem-reservation=38.00MB thread-reservation=1
|  max-parallelism=1479 segment-costs=[48270645674, 16233983497] cpu-comparison-result=120 [max(120 (self) vs 25 (sum children))]
|  21:AGGREGATE [STREAMING]
|  |  output: count()
|  |  group by: substr(tpcds_partitioned_parquet_snap.item.i_item_desc, CAST(1 AS BIGINT), CAST(30 AS BIGINT)), tpcds_partitioned_parquet_snap.item.i_item_sk, tpcds_partitioned_parquet_snap.date_dim_1.d_date
|  |  mem-estimate=801.37MB mem-reservation=34.00MB spill-buffer=2.00MB thread-reservation=0
|  |  tuple-ids=23 row-size=28B cardinality=7.00G cost=41331397080
|  |  in pipelines: 16(GETNEXT)
|  |
|  20:HASH JOIN [INNER JOIN, BROADCAST]
|  |  hash-table-id=03
|  |  hash predicates: tpcds_partitioned_parquet_snap.store_sales_1.ss_item_sk = tpcds_partitioned_parquet_snap.item.i_item_sk
|  |  fk/pk conjuncts: tpcds_partitioned_parquet_snap.store_sales_1.ss_item_sk = tpcds_partitioned_parquet_snap.item.i_item_sk
|  |  mem-estimate=0B mem-reservation=0B spill-buffer=2.00MB thread-reservation=0
|  |  tuple-ids=17,19,21 row-size=137B cardinality=7.00G cost=3065776649
|  |  in pipelines: 16(GETNEXT), 19(OPEN)
|  |
|  |--F35:PLAN FRAGMENT [RANDOM] hosts=10 instances=10
|  |  |  Per-Instance Resources: mem-estimate=418.47MB mem-reservation=408.00MB thread-reservation=1
|  |  |  max-parallelism=10 segment-costs=[838440]
|  |  JOIN BUILD
|  |  |  join-table-id=03 plan-id=04 cohort-id=02
|  |  |  build expressions: tpcds_partitioned_parquet_snap.item.i_item_sk
|  |  |  runtime filters: RF011[min_max] <- tpcds_partitioned_parquet_snap.item.i_item_sk
|  |  |  mem-estimate=408.00MB mem-reservation=408.00MB spill-buffer=2.00MB thread-reservation=0 cost=360000
|  |  |
|  |  59:EXCHANGE [BROADCAST]
|  |  |  mem-estimate=10.47MB mem-reservation=0B thread-reservation=0
|  |  |  tuple-ids=21 row-size=117B cardinality=360.00K cost=478440
|  |  |  in pipelines: 19(GETNEXT)
|  |  |
|  |  F10:PLAN FRAGMENT [RANDOM] hosts=4 instances=4
|  |  Per-Host Shared Resources: mem-estimate=1.00MB mem-reservation=1.00MB thread-reservation=0 runtime-filters-memory=1.00MB
|  |  Per-Instance Resources: mem-estimate=16.47MB mem-reservation=512.00KB thread-reservation=1
|  |  max-parallelism=4 segment-costs=[663353]
|  |  19:SCAN HDFS [tpcds_partitioned_parquet_snap.item, RANDOM]
|  |     HDFS partitions=1/1 files=1 size=33.54MB
|  |     runtime filters: RF009[min_max] -> tpcds_partitioned_parquet_snap.item.i_item_sk, RF008[bloom] -> tpcds_partitioned_parquet_snap.item.i_item_sk
|  |     stored statistics:
|  |       table: rows=360.00K size=33.54MB
|  |       columns: all
|  |     extrapolated-rows=disabled max-scan-range-rows=101.54K
|  |     mem-estimate=16.00MB mem-reservation=512.00KB thread-reservation=0
|  |     tuple-ids=21 row-size=117B cardinality=360.00K cost=542243
|  |     in pipelines: 19(GETNEXT)
|  |
|  18:HASH JOIN [INNER JOIN, BROADCAST]
|  |  hash-table-id=04
|  |  hash predicates: tpcds_partitioned_parquet_snap.store_sales_1.ss_sold_date_sk = tpcds_partitioned_parquet_snap.date_dim_1.d_date_sk
|  |  fk/pk conjuncts: tpcds_partitioned_parquet_snap.store_sales_1.ss_sold_date_sk = tpcds_partitioned_parquet_snap.date_dim_1.d_date_sk
|  |  mem-estimate=0B mem-reservation=0B spill-buffer=64.00KB thread-reservation=0
|  |  tuple-ids=17,19 row-size=20B cardinality=7.01G cost=3066411052
|  |  in pipelines: 16(GETNEXT), 17(OPEN)
|  |
|  |--F36:PLAN FRAGMENT [RANDOM] hosts=10 instances=10
|  |  |  Per-Instance Resources: mem-estimate=24.28MB mem-reservation=24.25MB thread-reservation=1 runtime-filters-memory=1.00MB
|  |  |  max-parallelism=10 segment-costs=[3439]
|  |  JOIN BUILD
|  |  |  join-table-id=04 plan-id=05 cohort-id=02
|  |  |  build expressions: tpcds_partitioned_parquet_snap.date_dim_1.d_date_sk
|  |  |  runtime filters: RF012[bloom] <- tpcds_partitioned_parquet_snap.date_dim_1.d_date_sk
|  |  |  mem-estimate=23.25MB mem-reservation=23.25MB spill-buffer=64.00KB thread-reservation=0 cost=1479
|  |  |
|  |  58:EXCHANGE [BROADCAST]
|  |  |  mem-estimate=33.33KB mem-reservation=0B thread-reservation=0
|  |  |  tuple-ids=19 row-size=12B cardinality=1.48K cost=1960
|  |  |  in pipelines: 17(GETNEXT)
|  |  |
|  |  F09:PLAN FRAGMENT [RANDOM] hosts=1 instances=1
|  |  Per-Instance Resources: mem-estimate=16.06MB mem-reservation=1.00MB thread-reservation=1
|  |  max-parallelism=1 segment-costs=[14754]
|  |  17:SCAN HDFS [tpcds_partitioned_parquet_snap.date_dim, RANDOM]
|  |     HDFS partitions=1/1 files=1 size=2.17MB
|  |     predicates: tpcds_partitioned_parquet_snap.date_dim_1.d_year = CAST(2000 AS INT) OR tpcds_partitioned_parquet_snap.date_dim_1.d_year = add(CAST(2000 AS INT), CAST(1 AS INT)) OR tpcds_partitioned_parquet_snap.date_dim_1.d_year = add(CAST(2000 AS INT), CAST(2 AS INT)) OR tpcds_partitioned_parquet_snap.date_dim_1.d_year = add(CAST(2000 AS INT), CAST(3 AS INT))
|  |     stored statistics:
|  |       table: rows=73.05K size=2.17MB
|  |       columns: all
|  |     extrapolated-rows=disabled max-scan-range-rows=73.05K
|  |     parquet dictionary predicates: tpcds_partitioned_parquet_snap.date_dim_1.d_year = CAST(2000 AS INT) OR tpcds_partitioned_parquet_snap.date_dim_1.d_year = add(CAST(2000 AS INT), CAST(1 AS INT)) OR tpcds_partitioned_parquet_snap.date_dim_1.d_year = add(CAST(2000 AS INT), CAST(2 AS INT)) OR tpcds_partitioned_parquet_snap.date_dim_1.d_year = add(CAST(2000 AS INT), CAST(3 AS INT))
|  |     mem-estimate=16.00MB mem-reservation=1.00MB thread-reservation=0
|  |     tuple-ids=19 row-size=12B cardinality=1.48K cost=14675
|  |     in pipelines: 17(GETNEXT)
|  |
|  16:SCAN HDFS [tpcds_partitioned_parquet_snap.store_sales, RANDOM]
|     HDFS partitions=1824/1824 files=1824 size=389.90GB
|     runtime filters: RF009[min_max] -> tpcds_partitioned_parquet_snap.store_sales_1.ss_item_sk, RF011[min_max] -> tpcds_partitioned_parquet_snap.store_sales_1.ss_item_sk, RF008[bloom] -> tpcds_partitioned_parquet_snap.store_sales_1.ss_item_sk, RF012[bloom] -> tpcds_partitioned_parquet_snap.store_sales_1.ss_sold_date_sk
|     stored statistics:
|       table: rows=8.64G size=389.90GB
|       partitions: 1824/1824 rows=8.64G
|       columns: all
|     extrapolated-rows=disabled max-scan-range-rows=390.22M est-scan-range=1479(filtered from 1824)
|     mem-estimate=16.00MB mem-reservation=4.00MB thread-reservation=0
|     tuple-ids=17 row-size=8B cardinality=7.01G(filtered from 8.64G) cost=807060893
|     in pipelines: 16(GETNEXT)
|
12:NESTED LOOP JOIN [INNER JOIN, BROADCAST]
|  join table id: 05
|  join predicates: sum(multiply(tpcds_partitioned_parquet_snap.store_sales.ss_quantity, tpcds_partitioned_parquet_snap.store_sales.ss_sales_price)) > multiply(divide(CAST(95 AS DECIMAL(3,0)), CAST(100.0 AS DECIMAL(4,1))), max(sum(multiply(tpcds_partitioned_parquet_snap.store_sales_0.ss_quantity, tpcds_partitioned_parquet_snap.store_sales_0.ss_sales_price))))
|  mem-estimate=0B mem-reservation=0B thread-reservation=0
|  tuple-ids=4,12 row-size=36B cardinality=30.00M cost=6147000
|  in pipelines: 50(GETNEXT), 56(OPEN)
|
|--F37:PLAN FRAGMENT [RANDOM] hosts=10 instances=10
|  |  Per-Instance Resources: mem-estimate=16.02KB mem-reservation=0B thread-reservation=1
|  |  max-parallelism=10 segment-costs=[0] cpu-comparison-result=120 [max(10 (self) vs 120 (sum children))]
|  JOIN BUILD
|  |  join-table-id=05 plan-id=06 cohort-id=01
|  |  mem-estimate=16B mem-reservation=0B thread-reservation=0 cost=0
|  |
|  57:EXCHANGE [BROADCAST]
|  |  mem-estimate=16.00KB mem-reservation=0B thread-reservation=0
|  |  tuple-ids=12 row-size=16B cardinality=1 cost=0
|  |  in pipelines: 56(GETNEXT)
|  |
|  F07:PLAN FRAGMENT [UNPARTITIONED] hosts=1 instances=1
|  Per-Instance Resources: mem-estimate=109.94KB mem-reservation=0B thread-reservation=1
|  max-parallelism=1 segment-costs=[30, 0] cpu-comparison-result=120 [max(1 (self) vs 120 (sum children))]
|  56:AGGREGATE [FINALIZE]
|  |  output: max:merge(sum(multiply(tpcds_partitioned_parquet_snap.store_sales_0.ss_quantity, tpcds_partitioned_parquet_snap.store_sales_0.ss_sales_price)))
|  |  mem-estimate=16.00KB mem-reservation=0B spill-buffer=2.00MB thread-reservation=0
|  |  tuple-ids=12 row-size=16B cardinality=1 cost=8
|  |  in pipelines: 56(GETNEXT), 11(OPEN)
|  |
|  55:EXCHANGE [UNPARTITIONED]
|  |  mem-estimate=93.94KB mem-reservation=0B thread-reservation=0
|  |  tuple-ids=12 row-size=16B cardinality=120 cost=22
|  |  in pipelines: 11(GETNEXT)
|  |
|  F06:PLAN FRAGMENT [HASH(tpcds_partitioned_parquet_snap.customer_0.c_customer_sk)] hosts=10 instances=40 (adjusted from 120)
|  Per-Instance Resources: mem-estimate=46.81MB mem-reservation=34.00MB thread-reservation=1
|  max-parallelism=160 segment-costs=[1563421020, 2100000, 185] cpu-comparison-result=120 [max(40 (self) vs 120 (sum children))]
|  11:AGGREGATE
|  |  output: max(sum(multiply(tpcds_partitioned_parquet_snap.store_sales_0.ss_quantity, tpcds_partitioned_parquet_snap.store_sales_0.ss_sales_price)))
|  |  mem-estimate=16.00KB mem-reservation=0B spill-buffer=2.00MB thread-reservation=0
|  |  tuple-ids=12 row-size=16B cardinality=120 cost=2100000
|  |  in pipelines: 11(GETNEXT), 54(OPEN)
|  |
|  54:AGGREGATE [FINALIZE]
|  |  output: sum:merge(multiply(tpcds_partitioned_parquet_snap.store_sales_0.ss_quantity, tpcds_partitioned_parquet_snap.store_sales_0.ss_sales_price))
|  |  group by: tpcds_partitioned_parquet_snap.customer_0.c_customer_sk
|  |  mem-estimate=34.00MB mem-reservation=34.00MB spill-buffer=2.00MB thread-reservation=0
|  |  tuple-ids=11 row-size=20B cardinality=30.00M cost=954774653
|  |  in pipelines: 54(GETNEXT), 05(OPEN)
|  |
|  53:EXCHANGE [HASH(tpcds_partitioned_parquet_snap.customer_0.c_customer_sk)]
|  |  mem-estimate=12.81MB mem-reservation=0B thread-reservation=0
|  |  tuple-ids=11 row-size=20B cardinality=3.00G cost=608646367
|  |  in pipelines: 05(GETNEXT)
|  |
|  F03:PLAN FRAGMENT [RANDOM] hosts=10 instances=120
|  Per-Host Shared Resources: mem-estimate=1.00MB mem-reservation=1.00MB thread-reservation=0 runtime-filters-memory=1.00MB
|  Per-Instance Resources: mem-estimate=935.28MB mem-reservation=42.00MB thread-reservation=1
|  max-parallelism=1479 segment-costs=[17337114136, 5403796797] cpu-comparison-result=120 [max(120 (self) vs 31 (sum children))]
|  10:AGGREGATE [STREAMING]
|  |  output: sum(multiply(CAST(tpcds_partitioned_parquet_snap.store_sales_0.ss_quantity AS DECIMAL(10,0)), tpcds_partitioned_parquet_snap.store_sales_0.ss_sales_price))
|  |  group by: tpcds_partitioned_parquet_snap.customer_0.c_customer_sk
|  |  mem-estimate=915.53MB mem-reservation=34.00MB spill-buffer=2.00MB thread-reservation=0
|  |  tuple-ids=11 row-size=20B cardinality=3.00G cost=9694298891
|  |  in pipelines: 05(GETNEXT)
|  |
|  09:HASH JOIN [INNER JOIN, BROADCAST]
|  |  hash-table-id=06
|  |  hash predicates: tpcds_partitioned_parquet_snap.store_sales_0.ss_customer_sk = tpcds_partitioned_parquet_snap.customer_0.c_customer_sk
|  |  fk/pk conjuncts: tpcds_partitioned_parquet_snap.store_sales_0.ss_customer_sk = tpcds_partitioned_parquet_snap.customer_0.c_customer_sk
|  |  mem-estimate=0B mem-reservation=0B spill-buffer=2.00MB thread-reservation=0
|  |  tuple-ids=5,7,9 row-size=28B cardinality=6.43G cost=2962282406
|  |  in pipelines: 05(GETNEXT), 08(OPEN)
|  |
|  |--F38:PLAN FRAGMENT [RANDOM] hosts=10 instances=10
|  |  |  Per-Instance Resources: mem-estimate=892.52MB mem-reservation=408.00MB thread-reservation=1
|  |  |  max-parallelism=10 segment-costs=[69869990]
|  |  JOIN BUILD
|  |  |  join-table-id=06 plan-id=07 cohort-id=04
|  |  |  build expressions: tpcds_partitioned_parquet_snap.customer_0.c_customer_sk
|  |  |  runtime filters: RF005[min_max] <- tpcds_partitioned_parquet_snap.customer_0.c_customer_sk
|  |  |  mem-estimate=882.44MB mem-reservation=408.00MB spill-buffer=2.00MB thread-reservation=0 cost=30000000
|  |  |
|  |  52:EXCHANGE [BROADCAST]
|  |  |  mem-estimate=10.08MB mem-reservation=0B thread-reservation=0
|  |  |  tuple-ids=9 row-size=4B cardinality=30.00M cost=39869990
|  |  |  in pipelines: 08(GETNEXT)
|  |  |
|  |  F05:PLAN FRAGMENT [RANDOM] hosts=10 instances=10
|  |  Per-Instance Resources: mem-estimate=16.03MB mem-reservation=1.00MB thread-reservation=1
|  |  max-parallelism=10 segment-costs=[2700000]
|  |  08:SCAN HDFS [tpcds_partitioned_parquet_snap.customer, RANDOM]
|  |     HDFS partitions=1/1 files=1 size=1.55GB
|  |     stored statistics:
|  |       table: rows=30.00M size=1.55GB
|  |       columns: all
|  |     extrapolated-rows=disabled max-scan-range-rows=3.10M
|  |     mem-estimate=16.00MB mem-reservation=1.00MB thread-reservation=0
|  |     tuple-ids=9 row-size=4B cardinality=30.00M cost=1728000
|  |     in pipelines: 08(GETNEXT)
|  |
|  07:HASH JOIN [INNER JOIN, BROADCAST]
|  |  hash-table-id=07
|  |  hash predicates: tpcds_partitioned_parquet_snap.store_sales_0.ss_sold_date_sk = tpcds_partitioned_parquet_snap.date_dim.d_date_sk
|  |  fk/pk conjuncts: tpcds_partitioned_parquet_snap.store_sales_0.ss_sold_date_sk = tpcds_partitioned_parquet_snap.date_dim.d_date_sk
|  |  mem-estimate=0B mem-reservation=0B spill-buffer=64.00KB thread-reservation=0
|  |  tuple-ids=5,7 row-size=24B cardinality=7.01G cost=3066411052
|  |  in pipelines: 05(GETNEXT), 06(OPEN)
|  |
|  |--F39:PLAN FRAGMENT [RANDOM] hosts=10 instances=10
|  |  |  Per-Instance Resources: mem-estimate=24.27MB mem-reservation=24.25MB thread-reservation=1 runtime-filters-memory=1.00MB
|  |  |  max-parallelism=10 segment-costs=[3439]
|  |  JOIN BUILD
|  |  |  join-table-id=07 plan-id=08 cohort-id=04
|  |  |  build expressions: tpcds_partitioned_parquet_snap.date_dim.d_date_sk
|  |  |  runtime filters: RF006[bloom] <- tpcds_partitioned_parquet_snap.date_dim.d_date_sk
|  |  |  mem-estimate=23.25MB mem-reservation=23.25MB spill-buffer=64.00KB thread-reservation=0 cost=1479
|  |  |
|  |  51:EXCHANGE [BROADCAST]
|  |  |  mem-estimate=23.55KB mem-reservation=0B thread-reservation=0
|  |  |  tuple-ids=7 row-size=8B cardinality=1.48K cost=1960
|  |  |  in pipelines: 06(GETNEXT)
|  |  |
|  |  F04:PLAN FRAGMENT [RANDOM] hosts=1 instances=1
|  |  Per-Instance Resources: mem-estimate=16.05MB mem-reservation=512.00KB thread-reservation=1
|  |  max-parallelism=1 segment-costs=[10530]
|  |  06:SCAN HDFS [tpcds_partitioned_parquet_snap.date_dim, RANDOM]
|  |     HDFS partitions=1/1 files=1 size=2.17MB
|  |     predicates: tpcds_partitioned_parquet_snap.date_dim.d_year = CAST(2000 AS INT) OR tpcds_partitioned_parquet_snap.date_dim.d_year = add(CAST(2000 AS INT), CAST(1 AS INT)) OR tpcds_partitioned_parquet_snap.date_dim.d_year = add(CAST(2000 AS INT), CAST(2 AS INT)) OR tpcds_partitioned_parquet_snap.date_dim.d_year = add(CAST(2000 AS INT), CAST(3 AS INT))
|  |     stored statistics:
|  |       table: rows=73.05K size=2.17MB
|  |       columns: all
|  |     extrapolated-rows=disabled max-scan-range-rows=73.05K
|  |     parquet dictionary predicates: tpcds_partitioned_parquet_snap.date_dim.d_year = CAST(2000 AS INT) OR tpcds_partitioned_parquet_snap.date_dim.d_year = add(CAST(2000 AS INT), CAST(1 AS INT)) OR tpcds_partitioned_parquet_snap.date_dim.d_year = add(CAST(2000 AS INT), CAST(2 AS INT)) OR tpcds_partitioned_parquet_snap.date_dim.d_year = add(CAST(2000 AS INT), CAST(3 AS INT))
|  |     mem-estimate=16.00MB mem-reservation=512.00KB thread-reservation=0
|  |     tuple-ids=7 row-size=8B cardinality=1.48K cost=10467
|  |     in pipelines: 06(GETNEXT)
|  |
|  05:SCAN HDFS [tpcds_partitioned_parquet_snap.store_sales, RANDOM]
|     HDFS partitions=1824/1824 files=1824 size=389.90GB
|     runtime filters: RF005[min_max] -> tpcds_partitioned_parquet_snap.store_sales_0.ss_customer_sk, RF006[bloom] -> tpcds_partitioned_parquet_snap.store_sales_0.ss_sold_date_sk
|     stored statistics:
|       table: rows=8.64G size=389.90GB
|       partitions: 1824/1824 rows=8.64G
|       columns: all
|     extrapolated-rows=disabled max-scan-range-rows=390.22M est-scan-range=1479(filtered from 1824)
|     mem-estimate=16.00MB mem-reservation=8.00MB thread-reservation=0
|     tuple-ids=5 row-size=16B cardinality=7.01G(filtered from 8.64G) cost=1614121787
|     in pipelines: 05(GETNEXT)
|
50:AGGREGATE [FINALIZE]
|  output: sum:merge(multiply(tpcds_partitioned_parquet_snap.store_sales.ss_quantity, tpcds_partitioned_parquet_snap.store_sales.ss_sales_price))
|  group by: tpcds_partitioned_parquet_snap.customer.c_customer_sk
|  mem-estimate=814.40MB mem-reservation=34.00MB spill-buffer=2.00MB thread-reservation=0
|  tuple-ids=4 row-size=20B cardinality=30.00M cost=1014903515
|  in pipelines: 50(GETNEXT), 01(OPEN)
|
49:EXCHANGE [HASH(tpcds_partitioned_parquet_snap.customer.c_customer_sk)]
|  mem-estimate=12.81MB mem-reservation=0B thread-reservation=0
|  tuple-ids=4 row-size=20B cardinality=3.20G cost=650397382
|  in pipelines: 01(GETNEXT)
|
F00:PLAN FRAGMENT [RANDOM] hosts=10 instances=120
Per-Host Shared Resources: mem-estimate=16.00MB mem-reservation=16.00MB thread-reservation=0 runtime-filters-memory=16.00MB
Per-Instance Resources: mem-estimate=942.78MB mem-reservation=42.00MB thread-reservation=1
max-parallelism=1570 segment-costs=[15633529457, 5774478385] cpu-comparison-result=120 [max(120 (self) vs 20 (sum children))]
04:AGGREGATE [STREAMING]
|  output: sum(multiply(CAST(tpcds_partitioned_parquet_snap.store_sales.ss_quantity AS DECIMAL(10,0)), tpcds_partitioned_parquet_snap.store_sales.ss_sales_price))
|  group by: tpcds_partitioned_parquet_snap.customer.c_customer_sk
|  mem-estimate=915.53MB mem-reservation=34.00MB spill-buffer=2.00MB thread-reservation=0
|  tuple-ids=4 row-size=20B cardinality=3.20G cost=10669051480
|  in pipelines: 01(GETNEXT)
|
03:HASH JOIN [INNER JOIN, BROADCAST]
|  hash-table-id=16
|  hash predicates: tpcds_partitioned_parquet_snap.store_sales.ss_customer_sk = tpcds_partitioned_parquet_snap.customer.c_customer_sk
|  fk/pk conjuncts: tpcds_partitioned_parquet_snap.store_sales.ss_customer_sk = tpcds_partitioned_parquet_snap.customer.c_customer_sk
|  mem-estimate=0B mem-reservation=0B spill-buffer=2.00MB thread-reservation=0
|  tuple-ids=0,2 row-size=16B cardinality=7.93G cost=3471497176
|  in pipelines: 01(GETNEXT), 02(OPEN)
|
|--F48:PLAN FRAGMENT [RANDOM] hosts=10 instances=10
|  |  Per-Instance Resources: mem-estimate=892.52MB mem-reservation=408.00MB thread-reservation=1
|  |  max-parallelism=10 segment-costs=[69869990]
|  JOIN BUILD
|  |  join-table-id=16 plan-id=17 cohort-id=01
|  |  build expressions: tpcds_partitioned_parquet_snap.customer.c_customer_sk
|  |  runtime filters: RF003[min_max] <- tpcds_partitioned_parquet_snap.customer.c_customer_sk
|  |  mem-estimate=882.44MB mem-reservation=408.00MB spill-buffer=2.00MB thread-reservation=0 cost=30000000
|  |
|  48:EXCHANGE [BROADCAST]
|  |  mem-estimate=10.08MB mem-reservation=0B thread-reservation=0
|  |  tuple-ids=2 row-size=4B cardinality=30.00M cost=39869990
|  |  in pipelines: 02(GETNEXT)
|  |
|  F01:PLAN FRAGMENT [RANDOM] hosts=10 instances=10
|  Per-Host Shared Resources: mem-estimate=16.00MB mem-reservation=16.00MB thread-reservation=0 runtime-filters-memory=16.00MB
|  Per-Instance Resources: mem-estimate=16.03MB mem-reservation=1.00MB thread-reservation=1
|  max-parallelism=10 segment-costs=[2700000]
|  02:SCAN HDFS [tpcds_partitioned_parquet_snap.customer, RANDOM]
|     HDFS partitions=1/1 files=1 size=1.55GB
|     runtime filters: RF001[min_max] -> tpcds_partitioned_parquet_snap.customer.c_customer_sk, RF000[bloom] -> tpcds_partitioned_parquet_snap.customer.c_customer_sk
|     stored statistics:
|       table: rows=30.00M size=1.55GB
|       columns: all
|     extrapolated-rows=disabled max-scan-range-rows=3.10M
|     mem-estimate=16.00MB mem-reservation=1.00MB thread-reservation=0
|     tuple-ids=2 row-size=4B cardinality=30.00M cost=1728000
|     in pipelines: 02(GETNEXT)
|
01:SCAN HDFS [tpcds_partitioned_parquet_snap.store_sales, RANDOM]
   HDFS partitions=1824/1824 files=1824 size=389.90GB
   runtime filters: RF001[min_max] -> tpcds_partitioned_parquet_snap.store_sales.ss_customer_sk, RF003[min_max] -> tpcds_partitioned_parquet_snap.store_sales.ss_customer_sk, RF000[bloom] -> tpcds_partitioned_parquet_snap.store_sales.ss_customer_sk
   stored statistics:
     table: rows=8.64G size=389.90GB
     partitions: 1824/1824 rows=8.64G
     columns: all
   extrapolated-rows=disabled max-scan-range-rows=390.22M
   mem-estimate=16.00MB mem-reservation=8.00MB thread-reservation=0
   tuple-ids=0 row-size=12B cardinality=7.93G(filtered from 8.64G) cost=1492980801
   in pipelines: 01(GETNEXT)
====
