# TPCDS-Q24-1 first of two queries
# start query 24 in stream 0 using template query24.tpl using seed 939102239
with ssales as
(select c_last_name
      ,c_first_name
      ,s_store_name
      ,ca_state
      ,s_state
      ,i_color
      ,i_current_price
      ,i_manager_id
      ,i_units
      ,i_size
      ,sum(ss_net_paid) netpaid
from store_sales
    ,store_returns
    ,store
    ,item
    ,customer
    ,customer_address
where ss_ticket_number = sr_ticket_number
  and ss_item_sk = sr_item_sk
  and ss_customer_sk = c_customer_sk
  and ss_item_sk = i_item_sk
  and ss_store_sk = s_store_sk
  and c_current_addr_sk = ca_address_sk
  and c_birth_country <> upper(ca_country)
  and s_zip = ca_zip
and s_market_id=10
group by c_last_name
        ,c_first_name
        ,s_store_name
        ,ca_state
        ,s_state
        ,i_color
        ,i_current_price
        ,i_manager_id
        ,i_units
        ,i_size)
select c_last_name
      ,c_first_name
      ,s_store_name
      ,sum(netpaid) paid
from ssales
where i_color = 'navy'
group by c_last_name
        ,c_first_name
        ,s_store_name
having sum(netpaid) > (select 0.05*avg(netpaid)
                                 from ssales)
order by c_last_name
        ,c_first_name
        ,s_store_name

---- PLAN
Max Per-Host Resource Reservation: Memory=235.94MB Threads=1
Per-Host Resource Estimates: Memory=34.76GB
F00:PLAN FRAGMENT [UNPARTITIONED] hosts=1 instances=1
|  Per-Instance Resources: mem-estimate=34.76GB mem-reservation=235.94MB thread-reservation=1 runtime-filters-memory=10.00MB
|  max-parallelism=1 segment-costs=[3221756465, 751430, 5766112515, 821951, 453959, 509220]
PLAN-ROOT SINK
|  output exprs: tpcds_partitioned_parquet_snap.customer.c_last_name, tpcds_partitioned_parquet_snap.customer.c_first_name, tpcds_partitioned_parquet_snap.store.s_store_name, sum(sum(tpcds_partitioned_parquet_snap.store_sales.ss_net_paid))
|  mem-estimate=8.24MB mem-reservation=4.00MB spill-buffer=2.00MB thread-reservation=0 cost=509220
|
27:SORT
|  order by: tpcds_partitioned_parquet_snap.customer.c_last_name ASC NULLS LAST, tpcds_partitioned_parquet_snap.customer.c_first_name ASC NULLS LAST, tpcds_partitioned_parquet_snap.store.s_store_name ASC NULLS LAST
|  mem-estimate=12.00MB mem-reservation=12.00MB spill-buffer=2.00MB thread-reservation=0
|  tuple-ids=29 row-size=68B cardinality=127.31K cost=427875
|  in pipelines: 27(GETNEXT), 12(OPEN)
|
26:NESTED LOOP JOIN [INNER JOIN]
|  join predicates: sum(sum(tpcds_partitioned_parquet_snap.store_sales.ss_net_paid)) > multiply(CAST(0.05 AS DECIMAL(3,2)), avg(sum(tpcds_partitioned_parquet_snap.store_sales_0.ss_net_paid)))
|  mem-estimate=16B mem-reservation=0B thread-reservation=0
|  tuple-ids=13,28 row-size=84B cardinality=127.31K cost=26084
|  in pipelines: 12(GETNEXT), 25(OPEN)
|
|--25:AGGREGATE [FINALIZE]
|  |  output: avg(sum(tpcds_partitioned_parquet_snap.store_sales_0.ss_net_paid))
|  |  mem-estimate=16.00KB mem-reservation=0B spill-buffer=2.00MB thread-reservation=0
|  |  tuple-ids=28 row-size=16B cardinality=1 cost=821951
|  |  in pipelines: 25(GETNEXT), 24(OPEN)
|  |
|  24:AGGREGATE [FINALIZE]
|  |  output: sum(tpcds_partitioned_parquet_snap.store_sales_0.ss_net_paid)
|  |  group by: tpcds_partitioned_parquet_snap.customer_0.c_last_name, tpcds_partitioned_parquet_snap.customer_0.c_first_name, tpcds_partitioned_parquet_snap.store_0.s_store_name, tpcds_partitioned_parquet_snap.customer_address_0.ca_state, tpcds_partitioned_parquet_snap.store_0.s_state, tpcds_partitioned_parquet_snap.item_0.i_color, tpcds_partitioned_parquet_snap.item_0.i_current_price, tpcds_partitioned_parquet_snap.item_0.i_manager_id, tpcds_partitioned_parquet_snap.item_0.i_units, tpcds_partitioned_parquet_snap.item_0.i_size
|  |  mem-estimate=514.63MB mem-reservation=34.00MB spill-buffer=2.00MB thread-reservation=0
|  |  tuple-ids=26 row-size=154B cardinality=11.74M cost=69309285
|  |  in pipelines: 24(GETNEXT), 14(OPEN)
|  |
|  23:HASH JOIN [INNER JOIN]
|  |  hash predicates: tpcds_partitioned_parquet_snap.store_sales_0.ss_item_sk = tpcds_partitioned_parquet_snap.store_returns_0.sr_item_sk, tpcds_partitioned_parquet_snap.store_sales_0.ss_ticket_number = tpcds_partitioned_parquet_snap.store_returns_0.sr_ticket_number
|  |  fk/pk conjuncts: tpcds_partitioned_parquet_snap.store_sales_0.ss_item_sk = tpcds_partitioned_parquet_snap.store_returns_0.sr_item_sk, tpcds_partitioned_parquet_snap.store_sales_0.ss_ticket_number = tpcds_partitioned_parquet_snap.store_returns_0.sr_ticket_number
|  |  runtime filters: RF016[min_max] <- tpcds_partitioned_parquet_snap.store_returns_0.sr_item_sk, RF017[min_max] <- tpcds_partitioned_parquet_snap.store_returns_0.sr_ticket_number
|  |  mem-estimate=33.66GB mem-reservation=34.00MB spill-buffer=2.00MB thread-reservation=0
|  |  tuple-ids=16,18,20,22,24,14 row-size=278B cardinality=11.74M cost=896235130
|  |  in pipelines: 14(GETNEXT), 13(OPEN)
|  |
|  |--13:SCAN HDFS [tpcds_partitioned_parquet_snap.store_returns]
|  |     HDFS partitions=2004/2004 files=2004 size=48.14GB
|  |     stored statistics:
|  |       table: rows=863.99M size=48.14GB
|  |       partitions: 2004/2004 rows=863.99M
|  |       columns: all
|  |     extrapolated-rows=disabled max-scan-range-rows=30.09M
|  |     mem-estimate=16.00MB mem-reservation=512.00KB thread-reservation=0
|  |     tuple-ids=14 row-size=12B cardinality=863.99M cost=149297235
|  |     in pipelines: 13(GETNEXT)
|  |
|  22:HASH JOIN [INNER JOIN]
|  |  hash predicates: tpcds_partitioned_parquet_snap.store_sales_0.ss_customer_sk = tpcds_partitioned_parquet_snap.customer_0.c_customer_sk, tpcds_partitioned_parquet_snap.store_sales_0.ss_store_sk = tpcds_partitioned_parquet_snap.store_0.s_store_sk
|  |  fk/pk conjuncts: tpcds_partitioned_parquet_snap.store_sales_0.ss_customer_sk = tpcds_partitioned_parquet_snap.customer_0.c_customer_sk, tpcds_partitioned_parquet_snap.store_sales_0.ss_store_sk = tpcds_partitioned_parquet_snap.store_0.s_store_sk
|  |  runtime filters: RF018[bloom] <- tpcds_partitioned_parquet_snap.customer_0.c_customer_sk, RF019[bloom] <- tpcds_partitioned_parquet_snap.store_0.s_store_sk, RF020[min_max] <- tpcds_partitioned_parquet_snap.customer_0.c_customer_sk, RF021[min_max] <- tpcds_partitioned_parquet_snap.store_0.s_store_sk
|  |  mem-estimate=88.12MB mem-reservation=34.00MB spill-buffer=2.00MB thread-reservation=0
|  |  tuple-ids=16,18,20,22,24 row-size=266B cardinality=117.42M cost=51855171
|  |  in pipelines: 14(GETNEXT), 17(OPEN)
|  |
|  |--21:HASH JOIN [INNER JOIN]
|  |  |  hash predicates: tpcds_partitioned_parquet_snap.customer_0.c_current_addr_sk = tpcds_partitioned_parquet_snap.customer_address_0.ca_address_sk
|  |  |  fk/pk conjuncts: tpcds_partitioned_parquet_snap.customer_0.c_current_addr_sk = tpcds_partitioned_parquet_snap.customer_address_0.ca_address_sk
|  |  |  other join predicates: tpcds_partitioned_parquet_snap.customer_0.c_birth_country != upper(tpcds_partitioned_parquet_snap.customer_address_0.ca_country)
|  |  |  runtime filters: RF025[min_max] <- tpcds_partitioned_parquet_snap.customer_address_0.ca_address_sk
|  |  |  mem-estimate=34.00MB mem-reservation=34.00MB spill-buffer=2.00MB thread-reservation=0
|  |  |  tuple-ids=20,22,24 row-size=180B cardinality=444.37K cost=392123
|  |  |  in pipelines: 17(GETNEXT), 18(OPEN)
|  |  |
|  |  |--20:HASH JOIN [INNER JOIN]
|  |  |  |  hash predicates: tpcds_partitioned_parquet_snap.customer_address_0.ca_zip = tpcds_partitioned_parquet_snap.store_0.s_zip
|  |  |  |  fk/pk conjuncts: none
|  |  |  |  runtime filters: RF026[bloom] <- tpcds_partitioned_parquet_snap.store_0.s_zip, RF027[min_max] <- tpcds_partitioned_parquet_snap.store_0.s_zip
|  |  |  |  mem-estimate=1.94MB mem-reservation=1.94MB spill-buffer=64.00KB thread-reservation=0
|  |  |  |  tuple-ids=22,24 row-size=115B cardinality=197.62K cost=86632
|  |  |  |  in pipelines: 18(GETNEXT), 19(OPEN)
|  |  |  |
|  |  |  |--19:SCAN HDFS [tpcds_partitioned_parquet_snap.store]
|  |  |  |     HDFS partitions=1/1 files=1 size=119.76KB
|  |  |  |     predicates: tpcds_partitioned_parquet_snap.store_0.s_market_id = CAST(10 AS INT)
|  |  |  |     stored statistics:
|  |  |  |       table: rows=1.35K size=119.76KB
|  |  |  |       columns: all
|  |  |  |     extrapolated-rows=disabled max-scan-range-rows=1.35K
|  |  |  |     parquet statistics predicates: tpcds_partitioned_parquet_snap.store_0.s_market_id = CAST(10 AS INT)
|  |  |  |     parquet dictionary predicates: tpcds_partitioned_parquet_snap.store_0.s_market_id = CAST(10 AS INT)
|  |  |  |     mem-estimate=16.00MB mem-reservation=40.00KB thread-reservation=0
|  |  |  |     tuple-ids=24 row-size=55B cardinality=134 cost=406
|  |  |  |     in pipelines: 19(GETNEXT)
|  |  |  |
|  |  |  18:SCAN HDFS [tpcds_partitioned_parquet_snap.customer_address]
|  |  |     HDFS partitions=1/1 files=1 size=307.36MB
|  |  |     runtime filters: RF027[min_max] -> tpcds_partitioned_parquet_snap.customer_address_0.ca_zip, RF026[bloom] -> tpcds_partitioned_parquet_snap.customer_address_0.ca_zip
|  |  |     stored statistics:
|  |  |       table: rows=15.00M size=307.36MB
|  |  |       columns: all
|  |  |     extrapolated-rows=disabled max-scan-range-rows=1.58M
|  |  |     mem-estimate=16.00MB mem-reservation=128.00KB thread-reservation=0
|  |  |     tuple-ids=22 row-size=60B cardinality=197.62K(filtered from 15.00M) cost=5184000
|  |  |     in pipelines: 18(GETNEXT)
|  |  |
|  |  17:SCAN HDFS [tpcds_partitioned_parquet_snap.customer]
|  |     HDFS partitions=1/1 files=1 size=1.55GB
|  |     runtime filters: RF025[min_max] -> tpcds_partitioned_parquet_snap.customer_0.c_current_addr_sk
|  |     stored statistics:
|  |       table: rows=30.00M size=1.55GB
|  |       columns: all
|  |     extrapolated-rows=disabled max-scan-range-rows=3.10M
|  |     mem-estimate=16.00MB mem-reservation=1.00MB thread-reservation=0
|  |     tuple-ids=20 row-size=65B cardinality=444.37K(filtered from 30.00M) cost=12388903
|  |     in pipelines: 17(GETNEXT)
|  |
|  16:HASH JOIN [INNER JOIN]
|  |  hash predicates: tpcds_partitioned_parquet_snap.store_sales_0.ss_item_sk = tpcds_partitioned_parquet_snap.item_0.i_item_sk
|  |  fk/pk conjuncts: tpcds_partitioned_parquet_snap.store_sales_0.ss_item_sk = tpcds_partitioned_parquet_snap.item_0.i_item_sk
|  |  runtime filters: RF023[min_max] <- tpcds_partitioned_parquet_snap.item_0.i_item_sk
|  |  mem-estimate=34.00MB mem-reservation=34.00MB spill-buffer=2.00MB thread-reservation=0
|  |  tuple-ids=16,18 row-size=86B cardinality=117.48M(filtered from 8.64G) cost=1595267748
|  |  in pipelines: 14(GETNEXT), 15(OPEN)
|  |
|  |--15:SCAN HDFS [tpcds_partitioned_parquet_snap.item]
|  |     HDFS partitions=1/1 files=1 size=33.54MB
|  |     runtime filters: RF016[min_max] -> tpcds_partitioned_parquet_snap.item_0.i_item_sk
|  |     stored statistics:
|  |       table: rows=360.00K size=33.54MB
|  |       columns: all
|  |     extrapolated-rows=disabled max-scan-range-rows=101.54K
|  |     mem-estimate=16.00MB mem-reservation=512.00KB thread-reservation=0
|  |     tuple-ids=18 row-size=62B cardinality=360.00K cost=134280
|  |     in pipelines: 15(GETNEXT)
|  |
|  14:SCAN HDFS [tpcds_partitioned_parquet_snap.store_sales]
|     HDFS partitions=1824/1824 files=1824 size=389.90GB
|     runtime filters: RF020[min_max] -> tpcds_partitioned_parquet_snap.store_sales_0.ss_customer_sk, RF021[min_max] -> tpcds_partitioned_parquet_snap.store_sales_0.ss_store_sk, RF016[min_max] -> tpcds_partitioned_parquet_snap.store_sales_0.ss_item_sk, RF017[min_max] -> tpcds_partitioned_parquet_snap.store_sales_0.ss_ticket_number, RF023[min_max] -> tpcds_partitioned_parquet_snap.store_sales_0.ss_item_sk, RF018[bloom] -> tpcds_partitioned_parquet_snap.store_sales_0.ss_customer_sk, RF019[bloom] -> tpcds_partitioned_parquet_snap.store_sales_0.ss_store_sk
|     stored statistics:
|       table: rows=8.64G size=389.90GB
|       partitions: 1824/1824 rows=8.64G
|       columns: all
|     extrapolated-rows=disabled max-scan-range-rows=390.22M
|     mem-estimate=16.00MB mem-reservation=8.00MB thread-reservation=0
|     tuple-ids=16 row-size=24B cardinality=117.48M(filtered from 8.64G) cost=2985961602
|     in pipelines: 14(GETNEXT)
|
12:AGGREGATE [FINALIZE]
|  output: sum(sum(tpcds_partitioned_parquet_snap.store_sales.ss_net_paid))
|  group by: tpcds_partitioned_parquet_snap.customer.c_last_name, tpcds_partitioned_parquet_snap.customer.c_first_name, tpcds_partitioned_parquet_snap.store.s_store_name
|  mem-estimate=17.00MB mem-reservation=17.00MB spill-buffer=1.00MB thread-reservation=0
|  tuple-ids=13 row-size=68B cardinality=127.31K cost=751430
|  in pipelines: 12(GETNEXT), 11(OPEN)
|
11:AGGREGATE [FINALIZE]
|  output: sum(tpcds_partitioned_parquet_snap.store_sales.ss_net_paid)
|  group by: tpcds_partitioned_parquet_snap.customer.c_last_name, tpcds_partitioned_parquet_snap.customer.c_first_name, tpcds_partitioned_parquet_snap.store.s_store_name, tpcds_partitioned_parquet_snap.customer_address.ca_state, tpcds_partitioned_parquet_snap.store.s_state, tpcds_partitioned_parquet_snap.item.i_current_price, tpcds_partitioned_parquet_snap.item.i_manager_id, tpcds_partitioned_parquet_snap.item.i_units, tpcds_partitioned_parquet_snap.item.i_size
|  mem-estimate=34.00MB mem-reservation=34.00MB spill-buffer=2.00MB thread-reservation=0
|  tuple-ids=12 row-size=136B cardinality=127.31K cost=751430
|  in pipelines: 11(GETNEXT), 00(OPEN)
|
10:HASH JOIN [INNER JOIN]
|  hash predicates: tpcds_partitioned_parquet_snap.store_returns.sr_item_sk = tpcds_partitioned_parquet_snap.store_sales.ss_item_sk, tpcds_partitioned_parquet_snap.store_returns.sr_ticket_number = tpcds_partitioned_parquet_snap.store_sales.ss_ticket_number
|  fk/pk conjuncts: tpcds_partitioned_parquet_snap.store_returns.sr_item_sk = tpcds_partitioned_parquet_snap.store_sales.ss_item_sk, tpcds_partitioned_parquet_snap.store_returns.sr_ticket_number = tpcds_partitioned_parquet_snap.store_sales.ss_ticket_number
|  runtime filters: RF000[bloom] <- tpcds_partitioned_parquet_snap.store_sales.ss_item_sk, RF001[bloom] <- tpcds_partitioned_parquet_snap.store_sales.ss_ticket_number, RF002[min_max] <- tpcds_partitioned_parquet_snap.store_sales.ss_item_sk, RF003[min_max] <- tpcds_partitioned_parquet_snap.store_sales.ss_ticket_number
|  mem-estimate=346.36MB mem-reservation=34.00MB spill-buffer=2.00MB thread-reservation=0
|  tuple-ids=0,2,4,6,8,10 row-size=278B cardinality=127.31K cost=1876667
|  in pipelines: 00(GETNEXT), 01(OPEN)
|
|--09:HASH JOIN [INNER JOIN]
|  |  hash predicates: tpcds_partitioned_parquet_snap.store_sales.ss_customer_sk = tpcds_partitioned_parquet_snap.customer.c_customer_sk, tpcds_partitioned_parquet_snap.store_sales.ss_store_sk = tpcds_partitioned_parquet_snap.store.s_store_sk
|  |  fk/pk conjuncts: tpcds_partitioned_parquet_snap.store_sales.ss_customer_sk = tpcds_partitioned_parquet_snap.customer.c_customer_sk, tpcds_partitioned_parquet_snap.store_sales.ss_store_sk = tpcds_partitioned_parquet_snap.store.s_store_sk
|  |  runtime filters: RF004[bloom] <- tpcds_partitioned_parquet_snap.customer.c_customer_sk, RF005[bloom] <- tpcds_partitioned_parquet_snap.store.s_store_sk, RF006[min_max] <- tpcds_partitioned_parquet_snap.customer.c_customer_sk, RF007[min_max] <- tpcds_partitioned_parquet_snap.store.s_store_sk
|  |  mem-estimate=88.12MB mem-reservation=34.00MB spill-buffer=2.00MB thread-reservation=0
|  |  tuple-ids=2,4,6,8,10 row-size=266B cardinality=1.27M cost=24689731
|  |  in pipelines: 01(GETNEXT), 04(OPEN)
|  |
|  |--08:HASH JOIN [INNER JOIN]
|  |  |  hash predicates: tpcds_partitioned_parquet_snap.customer.c_current_addr_sk = tpcds_partitioned_parquet_snap.customer_address.ca_address_sk
|  |  |  fk/pk conjuncts: tpcds_partitioned_parquet_snap.customer.c_current_addr_sk = tpcds_partitioned_parquet_snap.customer_address.ca_address_sk
|  |  |  other join predicates: tpcds_partitioned_parquet_snap.customer.c_birth_country != upper(tpcds_partitioned_parquet_snap.customer_address.ca_country)
|  |  |  runtime filters: RF010[bloom] <- tpcds_partitioned_parquet_snap.customer_address.ca_address_sk, RF011[min_max] <- tpcds_partitioned_parquet_snap.customer_address.ca_address_sk
|  |  |  mem-estimate=34.00MB mem-reservation=34.00MB spill-buffer=2.00MB thread-reservation=0
|  |  |  tuple-ids=6,8,10 row-size=180B cardinality=444.37K cost=392123
|  |  |  in pipelines: 04(GETNEXT), 05(OPEN)
|  |  |
|  |  |--07:HASH JOIN [INNER JOIN]
|  |  |  |  hash predicates: tpcds_partitioned_parquet_snap.customer_address.ca_zip = tpcds_partitioned_parquet_snap.store.s_zip
|  |  |  |  fk/pk conjuncts: none
|  |  |  |  runtime filters: RF012[bloom] <- tpcds_partitioned_parquet_snap.store.s_zip, RF013[min_max] <- tpcds_partitioned_parquet_snap.store.s_zip
|  |  |  |  mem-estimate=1.94MB mem-reservation=1.94MB spill-buffer=64.00KB thread-reservation=0
|  |  |  |  tuple-ids=8,10 row-size=115B cardinality=197.62K cost=86632
|  |  |  |  in pipelines: 05(GETNEXT), 06(OPEN)
|  |  |  |
|  |  |  |--06:SCAN HDFS [tpcds_partitioned_parquet_snap.store]
|  |  |  |     HDFS partitions=1/1 files=1 size=119.76KB
|  |  |  |     predicates: tpcds_partitioned_parquet_snap.store.s_market_id = CAST(10 AS INT)
|  |  |  |     stored statistics:
|  |  |  |       table: rows=1.35K size=119.76KB
|  |  |  |       columns: all
|  |  |  |     extrapolated-rows=disabled max-scan-range-rows=1.35K
|  |  |  |     parquet statistics predicates: tpcds_partitioned_parquet_snap.store.s_market_id = CAST(10 AS INT)
|  |  |  |     parquet dictionary predicates: tpcds_partitioned_parquet_snap.store.s_market_id = CAST(10 AS INT)
|  |  |  |     mem-estimate=16.00MB mem-reservation=40.00KB thread-reservation=0
|  |  |  |     tuple-ids=10 row-size=55B cardinality=134 cost=406
|  |  |  |     in pipelines: 06(GETNEXT)
|  |  |  |
|  |  |  05:SCAN HDFS [tpcds_partitioned_parquet_snap.customer_address]
|  |  |     HDFS partitions=1/1 files=1 size=307.36MB
|  |  |     runtime filters: RF013[min_max] -> tpcds_partitioned_parquet_snap.customer_address.ca_zip, RF012[bloom] -> tpcds_partitioned_parquet_snap.customer_address.ca_zip
|  |  |     stored statistics:
|  |  |       table: rows=15.00M size=307.36MB
|  |  |       columns: all
|  |  |     extrapolated-rows=disabled max-scan-range-rows=1.58M
|  |  |     mem-estimate=16.00MB mem-reservation=128.00KB thread-reservation=0
|  |  |     tuple-ids=8 row-size=60B cardinality=197.62K(filtered from 15.00M) cost=5184000
|  |  |     in pipelines: 05(GETNEXT)
|  |  |
|  |  04:SCAN HDFS [tpcds_partitioned_parquet_snap.customer]
|  |     HDFS partitions=1/1 files=1 size=1.55GB
|  |     runtime filters: RF011[min_max] -> tpcds_partitioned_parquet_snap.customer.c_current_addr_sk, RF010[bloom] -> tpcds_partitioned_parquet_snap.customer.c_current_addr_sk
|  |     stored statistics:
|  |       table: rows=30.00M size=1.55GB
|  |       columns: all
|  |     extrapolated-rows=disabled max-scan-range-rows=3.10M
|  |     mem-estimate=16.00MB mem-reservation=1.00MB thread-reservation=0
|  |     tuple-ids=6 row-size=65B cardinality=444.37K(filtered from 30.00M) cost=12388903
|  |     in pipelines: 04(GETNEXT)
|  |
|  03:HASH JOIN [INNER JOIN]
|  |  hash predicates: tpcds_partitioned_parquet_snap.store_sales.ss_item_sk = tpcds_partitioned_parquet_snap.item.i_item_sk
|  |  fk/pk conjuncts: tpcds_partitioned_parquet_snap.store_sales.ss_item_sk = tpcds_partitioned_parquet_snap.item.i_item_sk
|  |  runtime filters: RF008[bloom] <- tpcds_partitioned_parquet_snap.item.i_item_sk, RF009[min_max] <- tpcds_partitioned_parquet_snap.item.i_item_sk
|  |  mem-estimate=1.94MB mem-reservation=1.94MB spill-buffer=64.00KB thread-reservation=0
|  |  tuple-ids=2,4 row-size=86B cardinality=93.62M(filtered from 93.62M) cost=40983340
|  |  in pipelines: 01(GETNEXT), 02(OPEN)
|  |
|  |--02:SCAN HDFS [tpcds_partitioned_parquet_snap.item]
|  |     HDFS partitions=1/1 files=1 size=33.54MB
|  |     predicates: tpcds_partitioned_parquet_snap.item.i_color = 'navy'
|  |     stored statistics:
|  |       table: rows=360.00K size=33.54MB
|  |       columns: all
|  |     extrapolated-rows=disabled max-scan-range-rows=101.54K
|  |     parquet statistics predicates: tpcds_partitioned_parquet_snap.item.i_color = 'navy'
|  |     parquet dictionary predicates: tpcds_partitioned_parquet_snap.item.i_color = 'navy'
|  |     mem-estimate=16.00MB mem-reservation=512.00KB thread-reservation=0
|  |     tuple-ids=4 row-size=62B cardinality=3.90K cost=144396
|  |     in pipelines: 02(GETNEXT)
|  |
|  01:SCAN HDFS [tpcds_partitioned_parquet_snap.store_sales]
|     HDFS partitions=1824/1824 files=1824 size=389.90GB
|     runtime filters: RF009[min_max] -> tpcds_partitioned_parquet_snap.store_sales.ss_item_sk, RF006[min_max] -> tpcds_partitioned_parquet_snap.store_sales.ss_customer_sk, RF007[min_max] -> tpcds_partitioned_parquet_snap.store_sales.ss_store_sk, RF008[bloom] -> tpcds_partitioned_parquet_snap.store_sales.ss_item_sk, RF004[bloom] -> tpcds_partitioned_parquet_snap.store_sales.ss_customer_sk, RF005[bloom] -> tpcds_partitioned_parquet_snap.store_sales.ss_store_sk
|     stored statistics:
|       table: rows=8.64G size=389.90GB
|       partitions: 1824/1824 rows=8.64G
|       columns: all
|     extrapolated-rows=disabled max-scan-range-rows=390.22M
|     mem-estimate=16.00MB mem-reservation=8.00MB thread-reservation=0
|     tuple-ids=2 row-size=24B cardinality=93.62M(filtered from 8.64G) cost=2985961602
|     in pipelines: 01(GETNEXT)
|
00:SCAN HDFS [tpcds_partitioned_parquet_snap.store_returns]
   HDFS partitions=2004/2004 files=2004 size=48.14GB
   runtime filters: RF002[min_max] -> tpcds_partitioned_parquet_snap.store_returns.sr_item_sk, RF003[min_max] -> tpcds_partitioned_parquet_snap.store_returns.sr_ticket_number, RF000[bloom] -> tpcds_partitioned_parquet_snap.store_returns.sr_item_sk, RF001[bloom] -> tpcds_partitioned_parquet_snap.store_returns.sr_ticket_number
   stored statistics:
     table: rows=863.99M size=48.14GB
     partitions: 2004/2004 rows=863.99M
     columns: all
   extrapolated-rows=disabled max-scan-range-rows=30.09M
   mem-estimate=16.00MB mem-reservation=512.00KB thread-reservation=0
   tuple-ids=0 row-size=12B cardinality=2.26M(filtered from 863.99M) cost=149297235
   in pipelines: 00(GETNEXT)
---- DISTRIBUTEDPLAN
Max Per-Host Resource Reservation: Memory=1.77GB Threads=65
Per-Host Resource Estimates: Memory=6.52GB
F17:PLAN FRAGMENT [UNPARTITIONED] hosts=1 instances=1
|  Per-Instance Resources: mem-estimate=9.77MB mem-reservation=4.00MB thread-reservation=1
|  max-parallelism=1 segment-costs=[558705] cpu-comparison-result=294 [max(1 (self) vs 294 (sum children))]
PLAN-ROOT SINK
|  output exprs: tpcds_partitioned_parquet_snap.customer.c_last_name, tpcds_partitioned_parquet_snap.customer.c_first_name, tpcds_partitioned_parquet_snap.store.s_store_name, sum(sum(tpcds_partitioned_parquet_snap.store_sales.ss_net_paid))
|  mem-estimate=8.24MB mem-reservation=4.00MB spill-buffer=2.00MB thread-reservation=0 cost=509220
|
48:MERGING-EXCHANGE [UNPARTITIONED]
|  order by: tpcds_partitioned_parquet_snap.customer.c_last_name ASC NULLS LAST, tpcds_partitioned_parquet_snap.customer.c_first_name ASC NULLS LAST, tpcds_partitioned_parquet_snap.store.s_store_name ASC NULLS LAST
|  mem-estimate=1.53MB mem-reservation=0B thread-reservation=0
|  tuple-ids=29 row-size=68B cardinality=127.31K cost=49485
|  in pipelines: 27(GETNEXT)
|
F07:PLAN FRAGMENT [HASH(tpcds_partitioned_parquet_snap.customer.c_last_name,tpcds_partitioned_parquet_snap.customer.c_first_name,tpcds_partitioned_parquet_snap.store.s_store_name)] hosts=10 instances=10 (adjusted from 120)
Per-Instance Resources: mem-estimate=22.00MB mem-reservation=13.94MB thread-reservation=1
max-parallelism=10 segment-costs=[805339, 453959, 266506] cpu-comparison-result=294 [max(10 (self) vs 294 (sum children))]
27:SORT
|  order by: tpcds_partitioned_parquet_snap.customer.c_last_name ASC NULLS LAST, tpcds_partitioned_parquet_snap.customer.c_first_name ASC NULLS LAST, tpcds_partitioned_parquet_snap.store.s_store_name ASC NULLS LAST
|  mem-estimate=12.00MB mem-reservation=12.00MB spill-buffer=2.00MB thread-reservation=0
|  tuple-ids=29 row-size=68B cardinality=127.31K cost=427875
|  in pipelines: 27(GETNEXT), 36(OPEN)
|
26:NESTED LOOP JOIN [INNER JOIN, BROADCAST]
|  join table id: 00
|  join predicates: sum(sum(tpcds_partitioned_parquet_snap.store_sales.ss_net_paid)) > multiply(CAST(0.05 AS DECIMAL(3,2)), avg(sum(tpcds_partitioned_parquet_snap.store_sales_0.ss_net_paid)))
|  mem-estimate=0B mem-reservation=0B thread-reservation=0
|  tuple-ids=13,28 row-size=84B cardinality=127.31K cost=26084
|  in pipelines: 36(GETNEXT), 46(OPEN)
|
|--F18:PLAN FRAGMENT [HASH(tpcds_partitioned_parquet_snap.customer.c_last_name,tpcds_partitioned_parquet_snap.customer.c_first_name,tpcds_partitioned_parquet_snap.store.s_store_name)] hosts=10 instances=10
|  |  Per-Instance Resources: mem-estimate=16.02KB mem-reservation=0B thread-reservation=1
|  |  max-parallelism=10 segment-costs=[0] cpu-comparison-result=164 [max(10 (self) vs 164 (sum children))]
|  JOIN BUILD
|  |  join-table-id=00 plan-id=01 cohort-id=01
|  |  mem-estimate=16B mem-reservation=0B thread-reservation=0 cost=0
|  |
|  47:EXCHANGE [BROADCAST]
|  |  mem-estimate=16.00KB mem-reservation=0B thread-reservation=0
|  |  tuple-ids=28 row-size=16B cardinality=1 cost=0
|  |  in pipelines: 46(GETNEXT)
|  |
|  F16:PLAN FRAGMENT [UNPARTITIONED] hosts=1 instances=1
|  Per-Instance Resources: mem-estimate=96.00KB mem-reservation=0B thread-reservation=1
|  max-parallelism=1 segment-costs=[30, 0] cpu-comparison-result=164 [max(1 (self) vs 164 (sum children))]
|  46:AGGREGATE [FINALIZE]
|  |  output: avg:merge(sum(tpcds_partitioned_parquet_snap.store_sales_0.ss_net_paid))
|  |  mem-estimate=16.00KB mem-reservation=0B spill-buffer=2.00MB thread-reservation=0
|  |  tuple-ids=28 row-size=16B cardinality=1 cost=8
|  |  in pipelines: 46(GETNEXT), 25(OPEN)
|  |
|  45:EXCHANGE [UNPARTITIONED]
|  |  mem-estimate=23.62KB mem-reservation=0B thread-reservation=0
|  |  tuple-ids=27 row-size=16B cardinality=120 cost=22
|  |  in pipelines: 25(GETNEXT)
|  |
|  F15:PLAN FRAGMENT [HASH(tpcds_partitioned_parquet_snap.customer_0.c_last_name,tpcds_partitioned_parquet_snap.customer_0.c_first_name,tpcds_partitioned_parquet_snap.store_0.s_store_name,tpcds_partitioned_parquet_snap.customer_address_0.ca_state,tpcds_partitioned_parquet_snap.store_0.s_state,tpcds_partitioned_parquet_snap.item_0.i_color,tpcds_partitioned_parquet_snap.item_0.i_current_price,tpcds_partitioned_parquet_snap.item_0.i_manager_id,tpcds_partitioned_parquet_snap.item_0.i_units,tpcds_partitioned_parquet_snap.item_0.i_size)] hosts=10 instances=10 (adjusted from 120)
|  Per-Instance Resources: mem-estimate=197.22MB mem-reservation=34.00MB thread-reservation=1
|  max-parallelism=10 segment-costs=[78921683, 821951, 185] cpu-comparison-result=164 [max(10 (self) vs 164 (sum children))]
|  25:AGGREGATE
|  |  output: avg(sum(tpcds_partitioned_parquet_snap.store_sales_0.ss_net_paid))
|  |  mem-estimate=16.00KB mem-reservation=0B spill-buffer=2.00MB thread-reservation=0
|  |  tuple-ids=27 row-size=16B cardinality=120 cost=821951
|  |  in pipelines: 25(GETNEXT), 44(OPEN)
|  |
|  44:AGGREGATE [FINALIZE]
|  |  output: sum:merge(tpcds_partitioned_parquet_snap.store_sales_0.ss_net_paid)
|  |  group by: tpcds_partitioned_parquet_snap.customer_0.c_last_name, tpcds_partitioned_parquet_snap.customer_0.c_first_name, tpcds_partitioned_parquet_snap.store_0.s_store_name, tpcds_partitioned_parquet_snap.customer_address_0.ca_state, tpcds_partitioned_parquet_snap.store_0.s_state, tpcds_partitioned_parquet_snap.item_0.i_color, tpcds_partitioned_parquet_snap.item_0.i_current_price, tpcds_partitioned_parquet_snap.item_0.i_manager_id, tpcds_partitioned_parquet_snap.item_0.i_units, tpcds_partitioned_parquet_snap.item_0.i_size
|  |  mem-estimate=185.68MB mem-reservation=34.00MB spill-buffer=2.00MB thread-reservation=0
|  |  tuple-ids=26 row-size=154B cardinality=11.74M cost=69309285
|  |  in pipelines: 44(GETNEXT), 14(OPEN)
|  |
|  43:EXCHANGE [HASH(tpcds_partitioned_parquet_snap.customer_0.c_last_name,tpcds_partitioned_parquet_snap.customer_0.c_first_name,tpcds_partitioned_parquet_snap.store_0.s_store_name,tpcds_partitioned_parquet_snap.customer_address_0.ca_state,tpcds_partitioned_parquet_snap.store_0.s_state,tpcds_partitioned_parquet_snap.item_0.i_color,tpcds_partitioned_parquet_snap.item_0.i_current_price,tpcds_partitioned_parquet_snap.item_0.i_manager_id,tpcds_partitioned_parquet_snap.item_0.i_units,tpcds_partitioned_parquet_snap.item_0.i_size)]
|  |  mem-estimate=11.54MB mem-reservation=0B thread-reservation=0
|  |  tuple-ids=26 row-size=154B cardinality=11.74M cost=9612398
|  |  in pipelines: 14(GETNEXT)
|  |
|  F14:PLAN FRAGMENT [HASH(tpcds_partitioned_parquet_snap.store_sales_0.ss_item_sk,tpcds_partitioned_parquet_snap.store_sales_0.ss_ticket_number)] hosts=10 instances=10 (adjusted from 120)
|  Per-Instance Resources: mem-estimate=188.88MB mem-reservation=34.00MB thread-reservation=1
|  max-parallelism=30 segment-costs=[275304525, 122359383] cpu-comparison-result=164 [max(130 (self) vs 164 (sum children))]
|  24:AGGREGATE [STREAMING]
|  |  output: sum(tpcds_partitioned_parquet_snap.store_sales_0.ss_net_paid)
|  |  group by: tpcds_partitioned_parquet_snap.customer_0.c_last_name, tpcds_partitioned_parquet_snap.customer_0.c_first_name, tpcds_partitioned_parquet_snap.store_0.s_store_name, tpcds_partitioned_parquet_snap.customer_address_0.ca_state, tpcds_partitioned_parquet_snap.store_0.s_state, tpcds_partitioned_parquet_snap.item_0.i_color, tpcds_partitioned_parquet_snap.item_0.i_current_price, tpcds_partitioned_parquet_snap.item_0.i_manager_id, tpcds_partitioned_parquet_snap.item_0.i_units, tpcds_partitioned_parquet_snap.item_0.i_size
|  |  mem-estimate=139.26MB mem-reservation=34.00MB spill-buffer=2.00MB thread-reservation=0
|  |  tuple-ids=26 row-size=154B cardinality=11.74M cost=69309285
|  |  in pipelines: 14(GETNEXT)
|  |
|  23:HASH JOIN [INNER JOIN, PARTITIONED]
|  |  hash-table-id=01
|  |  hash predicates: tpcds_partitioned_parquet_snap.store_sales_0.ss_item_sk = tpcds_partitioned_parquet_snap.store_returns_0.sr_item_sk, tpcds_partitioned_parquet_snap.store_sales_0.ss_ticket_number = tpcds_partitioned_parquet_snap.store_returns_0.sr_ticket_number
|  |  fk/pk conjuncts: tpcds_partitioned_parquet_snap.store_sales_0.ss_item_sk = tpcds_partitioned_parquet_snap.store_returns_0.sr_item_sk, tpcds_partitioned_parquet_snap.store_sales_0.ss_ticket_number = tpcds_partitioned_parquet_snap.store_returns_0.sr_ticket_number
|  |  mem-estimate=0B mem-reservation=0B spill-buffer=2.00MB thread-reservation=0
|  |  tuple-ids=16,18,20,22,24,14 row-size=278B cardinality=11.74M cost=32246498
|  |  in pipelines: 14(GETNEXT), 13(OPEN)
|  |
|  |--F19:PLAN FRAGMENT [HASH(tpcds_partitioned_parquet_snap.store_sales_0.ss_item_sk,tpcds_partitioned_parquet_snap.store_sales_0.ss_ticket_number)] hosts=10 instances=10 (adjusted from 120)
|  |  |  Per-Instance Resources: mem-estimate=3.38GB mem-reservation=34.00MB thread-reservation=1
|  |  |  max-parallelism=30 segment-costs=[1007669941]
|  |  JOIN BUILD
|  |  |  join-table-id=01 plan-id=02 cohort-id=02
|  |  |  build expressions: tpcds_partitioned_parquet_snap.store_returns_0.sr_item_sk, tpcds_partitioned_parquet_snap.store_returns_0.sr_ticket_number
|  |  |  runtime filters: RF016[min_max] <- tpcds_partitioned_parquet_snap.store_returns_0.sr_item_sk, RF017[min_max] <- tpcds_partitioned_parquet_snap.store_returns_0.sr_ticket_number
|  |  |  mem-estimate=3.37GB mem-reservation=34.00MB spill-buffer=2.00MB thread-reservation=0 cost=863988632
|  |  |
|  |  42:EXCHANGE [HASH(tpcds_partitioned_parquet_snap.store_returns_0.sr_item_sk,tpcds_partitioned_parquet_snap.store_returns_0.sr_ticket_number)]
|  |  |  mem-estimate=11.88MB mem-reservation=0B thread-reservation=0
|  |  |  tuple-ids=14 row-size=12B cardinality=863.99M cost=143681309
|  |  |  in pipelines: 13(GETNEXT)
|  |  |
|  |  F13:PLAN FRAGMENT [RANDOM] hosts=10 instances=120
|  |  Per-Instance Resources: mem-estimate=16.62MB mem-reservation=512.00KB thread-reservation=1
|  |  max-parallelism=130 segment-costs=[1262114593]
|  |  13:SCAN HDFS [tpcds_partitioned_parquet_snap.store_returns, RANDOM]
|  |     HDFS partitions=2004/2004 files=2004 size=48.14GB
|  |     stored statistics:
|  |       table: rows=863.99M size=48.14GB
|  |       partitions: 2004/2004 rows=863.99M
|  |       columns: all
|  |     extrapolated-rows=disabled max-scan-range-rows=30.09M
|  |     mem-estimate=16.00MB mem-reservation=512.00KB thread-reservation=0
|  |     tuple-ids=14 row-size=12B cardinality=863.99M cost=149297235
|  |     in pipelines: 13(GETNEXT)
|  |
|  41:EXCHANGE [HASH(tpcds_partitioned_parquet_snap.store_sales_0.ss_item_sk,tpcds_partitioned_parquet_snap.store_sales_0.ss_ticket_number)]
|  |  mem-estimate=43.46MB mem-reservation=0B thread-reservation=0
|  |  tuple-ids=16,18,20,22,24 row-size=266B cardinality=117.42M cost=173748742
|  |  in pipelines: 14(GETNEXT)
|  |
|  F08:PLAN FRAGMENT [RANDOM] hosts=10 instances=120
|  Per-Host Shared Resources: mem-estimate=2.00MB mem-reservation=2.00MB thread-reservation=0 runtime-filters-memory=2.00MB
|  Per-Instance Resources: mem-estimate=27.15MB mem-reservation=8.00MB thread-reservation=1
|  max-parallelism=700 segment-costs=[6942619866]
|  22:HASH JOIN [INNER JOIN, BROADCAST]
|  |  hash-table-id=02
|  |  hash predicates: tpcds_partitioned_parquet_snap.store_sales_0.ss_customer_sk = tpcds_partitioned_parquet_snap.customer_0.c_customer_sk, tpcds_partitioned_parquet_snap.store_sales_0.ss_store_sk = tpcds_partitioned_parquet_snap.store_0.s_store_sk
|  |  fk/pk conjuncts: tpcds_partitioned_parquet_snap.store_sales_0.ss_customer_sk = tpcds_partitioned_parquet_snap.customer_0.c_customer_sk, tpcds_partitioned_parquet_snap.store_sales_0.ss_store_sk = tpcds_partitioned_parquet_snap.store_0.s_store_sk
|  |  mem-estimate=0B mem-reservation=0B spill-buffer=2.00MB thread-reservation=0
|  |  tuple-ids=16,18,20,22,24 row-size=266B cardinality=117.42M cost=51410797
|  |  in pipelines: 14(GETNEXT), 17(OPEN)
|  |
|  |--F20:PLAN FRAGMENT [RANDOM] hosts=10 instances=10
|  |  |  Per-Instance Resources: mem-estimate=421.87MB mem-reservation=410.00MB thread-reservation=1 runtime-filters-memory=2.00MB
|  |  |  max-parallelism=10 segment-costs=[1034944] cpu-comparison-result=20 [max(20 (self) vs 20 (sum children))]
|  |  JOIN BUILD
|  |  |  join-table-id=02 plan-id=03 cohort-id=02
|  |  |  build expressions: tpcds_partitioned_parquet_snap.customer_0.c_customer_sk, tpcds_partitioned_parquet_snap.store_0.s_store_sk
|  |  |  runtime filters: RF018[bloom] <- tpcds_partitioned_parquet_snap.customer_0.c_customer_sk, RF019[bloom] <- tpcds_partitioned_parquet_snap.store_0.s_store_sk, RF020[min_max] <- tpcds_partitioned_parquet_snap.customer_0.c_customer_sk, RF021[min_max] <- tpcds_partitioned_parquet_snap.store_0.s_store_sk
|  |  |  mem-estimate=408.00MB mem-reservation=408.00MB spill-buffer=2.00MB thread-reservation=0 cost=444374
|  |  |
|  |  40:EXCHANGE [BROADCAST]
|  |  |  mem-estimate=11.87MB mem-reservation=0B thread-reservation=0
|  |  |  tuple-ids=20,22,24 row-size=180B cardinality=444.37K cost=590570
|  |  |  in pipelines: 17(GETNEXT)
|  |  |
|  |  F10:PLAN FRAGMENT [RANDOM] hosts=10 instances=10
|  |  Per-Instance Resources: mem-estimate=16.75MB mem-reservation=1.00MB thread-reservation=1
|  |  max-parallelism=10 segment-costs=[12827706]
|  |  21:HASH JOIN [INNER JOIN, BROADCAST]
|  |  |  hash-table-id=03
|  |  |  hash predicates: tpcds_partitioned_parquet_snap.customer_0.c_current_addr_sk = tpcds_partitioned_parquet_snap.customer_address_0.ca_address_sk
|  |  |  fk/pk conjuncts: tpcds_partitioned_parquet_snap.customer_0.c_current_addr_sk = tpcds_partitioned_parquet_snap.customer_address_0.ca_address_sk
|  |  |  other join predicates: tpcds_partitioned_parquet_snap.customer_0.c_birth_country != upper(tpcds_partitioned_parquet_snap.customer_address_0.ca_country)
|  |  |  mem-estimate=0B mem-reservation=0B spill-buffer=2.00MB thread-reservation=0
|  |  |  tuple-ids=20,22,24 row-size=180B cardinality=444.37K cost=194502
|  |  |  in pipelines: 17(GETNEXT), 18(OPEN)
|  |  |
|  |  |--F21:PLAN FRAGMENT [RANDOM] hosts=10 instances=10
|  |  |  |  Per-Instance Resources: mem-estimate=45.20MB mem-reservation=34.00MB thread-reservation=1
|  |  |  |  max-parallelism=10 segment-costs=[460251] cpu-comparison-result=20 [max(20 (self) vs 11 (sum children))]
|  |  |  JOIN BUILD
|  |  |  |  join-table-id=03 plan-id=04 cohort-id=03
|  |  |  |  build expressions: tpcds_partitioned_parquet_snap.customer_address_0.ca_address_sk
|  |  |  |  runtime filters: RF025[min_max] <- tpcds_partitioned_parquet_snap.customer_address_0.ca_address_sk
|  |  |  |  mem-estimate=34.00MB mem-reservation=34.00MB spill-buffer=2.00MB thread-reservation=0 cost=197621
|  |  |  |
|  |  |  39:EXCHANGE [BROADCAST]
|  |  |  |  mem-estimate=11.20MB mem-reservation=0B thread-reservation=0
|  |  |  |  tuple-ids=22,24 row-size=115B cardinality=197.62K cost=262630
|  |  |  |  in pipelines: 18(GETNEXT)
|  |  |  |
|  |  |  F11:PLAN FRAGMENT [RANDOM] hosts=10 instances=10
|  |  |  Per-Host Shared Resources: mem-estimate=1.00MB mem-reservation=1.00MB thread-reservation=0 runtime-filters-memory=1.00MB
|  |  |  Per-Instance Resources: mem-estimate=16.48MB mem-reservation=128.00KB thread-reservation=1
|  |  |  max-parallelism=10 segment-costs=[5340363]
|  |  |  20:HASH JOIN [INNER JOIN, BROADCAST]
|  |  |  |  hash-table-id=04
|  |  |  |  hash predicates: tpcds_partitioned_parquet_snap.customer_address_0.ca_zip = tpcds_partitioned_parquet_snap.store_0.s_zip
|  |  |  |  fk/pk conjuncts: none
|  |  |  |  mem-estimate=0B mem-reservation=0B spill-buffer=64.00KB thread-reservation=0
|  |  |  |  tuple-ids=22,24 row-size=115B cardinality=197.62K cost=86498
|  |  |  |  in pipelines: 18(GETNEXT), 19(OPEN)
|  |  |  |
|  |  |  |--F22:PLAN FRAGMENT [RANDOM] hosts=10 instances=10
|  |  |  |  |  Per-Instance Resources: mem-estimate=2.95MB mem-reservation=2.94MB thread-reservation=1 runtime-filters-memory=1.00MB
|  |  |  |  |  max-parallelism=10 segment-costs=[304]
|  |  |  |  JOIN BUILD
|  |  |  |  |  join-table-id=04 plan-id=05 cohort-id=04
|  |  |  |  |  build expressions: tpcds_partitioned_parquet_snap.store_0.s_zip
|  |  |  |  |  runtime filters: RF026[bloom] <- tpcds_partitioned_parquet_snap.store_0.s_zip, RF027[min_max] <- tpcds_partitioned_parquet_snap.store_0.s_zip
|  |  |  |  |  mem-estimate=1.94MB mem-reservation=1.94MB spill-buffer=64.00KB thread-reservation=0 cost=134
|  |  |  |  |
|  |  |  |  38:EXCHANGE [BROADCAST]
|  |  |  |  |  mem-estimate=16.00KB mem-reservation=0B thread-reservation=0
|  |  |  |  |  tuple-ids=24 row-size=55B cardinality=134 cost=170
|  |  |  |  |  in pipelines: 19(GETNEXT)
|  |  |  |  |
|  |  |  |  F12:PLAN FRAGMENT [RANDOM] hosts=1 instances=1
|  |  |  |  Per-Instance Resources: mem-estimate=16.23MB mem-reservation=40.00KB thread-reservation=1
|  |  |  |  max-parallelism=1 segment-costs=[428]
|  |  |  |  19:SCAN HDFS [tpcds_partitioned_parquet_snap.store, RANDOM]
|  |  |  |     HDFS partitions=1/1 files=1 size=119.76KB
|  |  |  |     predicates: tpcds_partitioned_parquet_snap.store_0.s_market_id = CAST(10 AS INT)
|  |  |  |     stored statistics:
|  |  |  |       table: rows=1.35K size=119.76KB
|  |  |  |       columns: all
|  |  |  |     extrapolated-rows=disabled max-scan-range-rows=1.35K
|  |  |  |     parquet statistics predicates: tpcds_partitioned_parquet_snap.store_0.s_market_id = CAST(10 AS INT)
|  |  |  |     parquet dictionary predicates: tpcds_partitioned_parquet_snap.store_0.s_market_id = CAST(10 AS INT)
|  |  |  |     mem-estimate=16.00MB mem-reservation=40.00KB thread-reservation=0
|  |  |  |     tuple-ids=24 row-size=55B cardinality=134 cost=406
|  |  |  |     in pipelines: 19(GETNEXT)
|  |  |  |
|  |  |  18:SCAN HDFS [tpcds_partitioned_parquet_snap.customer_address, RANDOM]
|  |  |     HDFS partitions=1/1 files=1 size=307.36MB
|  |  |     runtime filters: RF027[min_max] -> tpcds_partitioned_parquet_snap.customer_address_0.ca_zip, RF026[bloom] -> tpcds_partitioned_parquet_snap.customer_address_0.ca_zip
|  |  |     stored statistics:
|  |  |       table: rows=15.00M size=307.36MB
|  |  |       columns: all
|  |  |     extrapolated-rows=disabled max-scan-range-rows=1.58M
|  |  |     mem-estimate=16.00MB mem-reservation=128.00KB thread-reservation=0
|  |  |     tuple-ids=22 row-size=60B cardinality=197.62K(filtered from 15.00M) cost=5184000
|  |  |     in pipelines: 18(GETNEXT)
|  |  |
|  |  17:SCAN HDFS [tpcds_partitioned_parquet_snap.customer, RANDOM]
|  |     HDFS partitions=1/1 files=1 size=1.55GB
|  |     runtime filters: RF025[min_max] -> tpcds_partitioned_parquet_snap.customer_0.c_current_addr_sk
|  |     stored statistics:
|  |       table: rows=30.00M size=1.55GB
|  |       columns: all
|  |     extrapolated-rows=disabled max-scan-range-rows=3.10M
|  |     mem-estimate=16.00MB mem-reservation=1.00MB thread-reservation=0
|  |     tuple-ids=20 row-size=65B cardinality=444.37K(filtered from 30.00M) cost=12388903
|  |     in pipelines: 17(GETNEXT)
|  |
|  16:HASH JOIN [INNER JOIN, BROADCAST]
|  |  hash-table-id=05
|  |  hash predicates: tpcds_partitioned_parquet_snap.store_sales_0.ss_item_sk = tpcds_partitioned_parquet_snap.item_0.i_item_sk
|  |  fk/pk conjuncts: tpcds_partitioned_parquet_snap.store_sales_0.ss_item_sk = tpcds_partitioned_parquet_snap.item_0.i_item_sk
|  |  mem-estimate=0B mem-reservation=0B spill-buffer=2.00MB thread-reservation=0
|  |  tuple-ids=16,18 row-size=86B cardinality=117.48M(filtered from 8.64G) cost=1594907748
|  |  in pipelines: 14(GETNEXT), 15(OPEN)
|  |
|  |--F23:PLAN FRAGMENT [RANDOM] hosts=10 instances=10
|  |  |  Per-Instance Resources: mem-estimate=418.26MB mem-reservation=408.00MB thread-reservation=1
|  |  |  max-parallelism=10 segment-costs=[838440]
|  |  JOIN BUILD
|  |  |  join-table-id=05 plan-id=06 cohort-id=02
|  |  |  build expressions: tpcds_partitioned_parquet_snap.item_0.i_item_sk
|  |  |  runtime filters: RF023[min_max] <- tpcds_partitioned_parquet_snap.item_0.i_item_sk
|  |  |  mem-estimate=408.00MB mem-reservation=408.00MB spill-buffer=2.00MB thread-reservation=0 cost=360000
|  |  |
|  |  37:EXCHANGE [BROADCAST]
|  |  |  mem-estimate=10.26MB mem-reservation=0B thread-reservation=0
|  |  |  tuple-ids=18 row-size=62B cardinality=360.00K cost=478440
|  |  |  in pipelines: 15(GETNEXT)
|  |  |
|  |  F09:PLAN FRAGMENT [RANDOM] hosts=4 instances=4
|  |  Per-Instance Resources: mem-estimate=16.26MB mem-reservation=512.00KB thread-reservation=1
|  |  max-parallelism=4 segment-costs=[202225]
|  |  15:SCAN HDFS [tpcds_partitioned_parquet_snap.item, RANDOM]
|  |     HDFS partitions=1/1 files=1 size=33.54MB
|  |     runtime filters: RF016[min_max] -> tpcds_partitioned_parquet_snap.item_0.i_item_sk
|  |     stored statistics:
|  |       table: rows=360.00K size=33.54MB
|  |       columns: all
|  |     extrapolated-rows=disabled max-scan-range-rows=101.54K
|  |     mem-estimate=16.00MB mem-reservation=512.00KB thread-reservation=0
|  |     tuple-ids=18 row-size=62B cardinality=360.00K cost=134280
|  |     in pipelines: 15(GETNEXT)
|  |
|  14:SCAN HDFS [tpcds_partitioned_parquet_snap.store_sales, RANDOM]
|     HDFS partitions=1824/1824 files=1824 size=389.90GB
|     runtime filters: RF020[min_max] -> tpcds_partitioned_parquet_snap.store_sales_0.ss_customer_sk, RF021[min_max] -> tpcds_partitioned_parquet_snap.store_sales_0.ss_store_sk, RF016[min_max] -> tpcds_partitioned_parquet_snap.store_sales_0.ss_item_sk, RF017[min_max] -> tpcds_partitioned_parquet_snap.store_sales_0.ss_ticket_number, RF023[min_max] -> tpcds_partitioned_parquet_snap.store_sales_0.ss_item_sk, RF018[bloom] -> tpcds_partitioned_parquet_snap.store_sales_0.ss_customer_sk, RF019[bloom] -> tpcds_partitioned_parquet_snap.store_sales_0.ss_store_sk
|     stored statistics:
|       table: rows=8.64G size=389.90GB
|       partitions: 1824/1824 rows=8.64G
|       columns: all
|     extrapolated-rows=disabled max-scan-range-rows=390.22M
|     mem-estimate=16.00MB mem-reservation=8.00MB thread-reservation=0
|     tuple-ids=16 row-size=24B cardinality=117.48M(filtered from 8.64G) cost=2985961602
|     in pipelines: 14(GETNEXT)
|
36:AGGREGATE [FINALIZE]
|  output: sum:merge(sum(tpcds_partitioned_parquet_snap.store_sales.ss_net_paid))
|  group by: tpcds_partitioned_parquet_snap.customer.c_last_name, tpcds_partitioned_parquet_snap.customer.c_first_name, tpcds_partitioned_parquet_snap.store.s_store_name
|  mem-estimate=10.00MB mem-reservation=1.94MB spill-buffer=64.00KB thread-reservation=0
|  tuple-ids=13 row-size=68B cardinality=127.31K cost=751430
|  in pipelines: 36(GETNEXT), 34(OPEN)
|
35:EXCHANGE [HASH(tpcds_partitioned_parquet_snap.customer.c_last_name,tpcds_partitioned_parquet_snap.customer.c_first_name,tpcds_partitioned_parquet_snap.store.s_store_name)]
|  mem-estimate=1.53MB mem-reservation=0B thread-reservation=0
|  tuple-ids=13 row-size=68B cardinality=127.31K cost=53909
|  in pipelines: 34(GETNEXT)
|
F06:PLAN FRAGMENT [HASH(tpcds_partitioned_parquet_snap.customer.c_last_name,tpcds_partitioned_parquet_snap.customer.c_first_name,tpcds_partitioned_parquet_snap.store.s_store_name,tpcds_partitioned_parquet_snap.customer_address.ca_state,tpcds_partitioned_parquet_snap.store.s_state,tpcds_partitioned_parquet_snap.item.i_current_price,tpcds_partitioned_parquet_snap.item.i_manager_id,tpcds_partitioned_parquet_snap.item.i_units,tpcds_partitioned_parquet_snap.item.i_size)] hosts=10 instances=10 (adjusted from 120)
Per-Instance Resources: mem-estimate=27.14MB mem-reservation=4.88MB thread-reservation=1
max-parallelism=10 segment-costs=[845466, 751430, 622313] cpu-comparison-result=130 [max(10 (self) vs 130 (sum children))]
12:AGGREGATE [STREAMING]
|  output: sum(sum(tpcds_partitioned_parquet_snap.store_sales.ss_net_paid))
|  group by: tpcds_partitioned_parquet_snap.customer.c_last_name, tpcds_partitioned_parquet_snap.customer.c_first_name, tpcds_partitioned_parquet_snap.store.s_store_name
|  mem-estimate=10.00MB mem-reservation=2.00MB spill-buffer=64.00KB thread-reservation=0
|  tuple-ids=13 row-size=68B cardinality=127.31K cost=751430
|  in pipelines: 34(GETNEXT)
|
34:AGGREGATE [FINALIZE]
|  output: sum:merge(tpcds_partitioned_parquet_snap.store_sales.ss_net_paid)
|  group by: tpcds_partitioned_parquet_snap.customer.c_last_name, tpcds_partitioned_parquet_snap.customer.c_first_name, tpcds_partitioned_parquet_snap.store.s_store_name, tpcds_partitioned_parquet_snap.customer_address.ca_state, tpcds_partitioned_parquet_snap.store.s_state, tpcds_partitioned_parquet_snap.item.i_current_price, tpcds_partitioned_parquet_snap.item.i_manager_id, tpcds_partitioned_parquet_snap.item.i_units, tpcds_partitioned_parquet_snap.item.i_size
|  mem-estimate=10.00MB mem-reservation=2.88MB spill-buffer=128.00KB thread-reservation=0
|  tuple-ids=12 row-size=136B cardinality=127.31K cost=751430
|  in pipelines: 34(GETNEXT), 00(OPEN)
|
33:EXCHANGE [HASH(tpcds_partitioned_parquet_snap.customer.c_last_name,tpcds_partitioned_parquet_snap.customer.c_first_name,tpcds_partitioned_parquet_snap.store.s_store_name,tpcds_partitioned_parquet_snap.customer_address.ca_state,tpcds_partitioned_parquet_snap.store.s_state,tpcds_partitioned_parquet_snap.item.i_current_price,tpcds_partitioned_parquet_snap.item.i_manager_id,tpcds_partitioned_parquet_snap.item.i_units,tpcds_partitioned_parquet_snap.item.i_size)]
|  mem-estimate=7.14MB mem-reservation=0B thread-reservation=0
|  tuple-ids=12 row-size=136B cardinality=127.31K cost=94036
|  in pipelines: 00(GETNEXT)
|
F00:PLAN FRAGMENT [RANDOM] hosts=10 instances=40 (adjusted from 120)
Per-Host Shared Resources: mem-estimate=2.00MB mem-reservation=2.00MB thread-reservation=0 runtime-filters-memory=2.00MB
Per-Instance Resources: mem-estimate=31.49MB mem-reservation=2.50MB thread-reservation=1
max-parallelism=40 segment-costs=[371684816, 1184086] cpu-comparison-result=130 [max(40 (self) vs 130 (sum children))]
11:AGGREGATE [STREAMING]
|  output: sum(tpcds_partitioned_parquet_snap.store_sales.ss_net_paid)
|  group by: tpcds_partitioned_parquet_snap.customer.c_last_name, tpcds_partitioned_parquet_snap.customer.c_first_name, tpcds_partitioned_parquet_snap.store.s_store_name, tpcds_partitioned_parquet_snap.customer_address.ca_state, tpcds_partitioned_parquet_snap.store.s_state, tpcds_partitioned_parquet_snap.item.i_current_price, tpcds_partitioned_parquet_snap.item.i_manager_id, tpcds_partitioned_parquet_snap.item.i_units, tpcds_partitioned_parquet_snap.item.i_size
|  mem-estimate=10.00MB mem-reservation=2.00MB spill-buffer=64.00KB thread-reservation=0
|  tuple-ids=12 row-size=136B cardinality=127.31K cost=751430
|  in pipelines: 00(GETNEXT)
|
10:HASH JOIN [INNER JOIN, BROADCAST]
|  hash-table-id=06
|  hash predicates: tpcds_partitioned_parquet_snap.store_returns.sr_item_sk = tpcds_partitioned_parquet_snap.store_sales.ss_item_sk, tpcds_partitioned_parquet_snap.store_returns.sr_ticket_number = tpcds_partitioned_parquet_snap.store_sales.ss_ticket_number
|  fk/pk conjuncts: tpcds_partitioned_parquet_snap.store_returns.sr_item_sk = tpcds_partitioned_parquet_snap.store_sales.ss_item_sk, tpcds_partitioned_parquet_snap.store_returns.sr_ticket_number = tpcds_partitioned_parquet_snap.store_sales.ss_ticket_number
|  mem-estimate=0B mem-reservation=0B spill-buffer=2.00MB thread-reservation=0
|  tuple-ids=0,2,4,6,8,10 row-size=278B cardinality=127.31K cost=221636151
|  in pipelines: 00(GETNEXT), 01(OPEN)
|
|--F24:PLAN FRAGMENT [RANDOM] hosts=10 instances=10
|  |  Per-Instance Resources: mem-estimate=391.82MB mem-reservation=138.00MB thread-reservation=1 runtime-filters-memory=2.00MB
|  |  max-parallelism=10 segment-costs=[2964934] cpu-comparison-result=130 [max(130 (self) vs 34 (sum children))]
|  JOIN BUILD
|  |  join-table-id=06 plan-id=07 cohort-id=01
|  |  build expressions: tpcds_partitioned_parquet_snap.store_sales.ss_item_sk, tpcds_partitioned_parquet_snap.store_sales.ss_ticket_number
|  |  runtime filters: RF000[bloom] <- tpcds_partitioned_parquet_snap.store_sales.ss_item_sk, RF001[bloom] <- tpcds_partitioned_parquet_snap.store_sales.ss_ticket_number, RF002[min_max] <- tpcds_partitioned_parquet_snap.store_sales.ss_item_sk, RF003[min_max] <- tpcds_partitioned_parquet_snap.store_sales.ss_ticket_number
|  |  mem-estimate=346.36MB mem-reservation=136.00MB spill-buffer=2.00MB thread-reservation=0 cost=1273054
|  |
|  32:EXCHANGE [BROADCAST]
|  |  mem-estimate=43.46MB mem-reservation=0B thread-reservation=0
|  |  tuple-ids=2,4,6,8,10 row-size=266B cardinality=1.27M cost=1691880
|  |  in pipelines: 01(GETNEXT)
|  |
|  F01:PLAN FRAGMENT [RANDOM] hosts=10 instances=120
|  Per-Host Shared Resources: mem-estimate=3.00MB mem-reservation=3.00MB thread-reservation=0 runtime-filters-memory=3.00MB
|  Per-Instance Resources: mem-estimate=17.12MB mem-reservation=8.00MB thread-reservation=1
|  max-parallelism=310 segment-costs=[3052236542]
|  09:HASH JOIN [INNER JOIN, BROADCAST]
|  |  hash-table-id=07
|  |  hash predicates: tpcds_partitioned_parquet_snap.store_sales.ss_customer_sk = tpcds_partitioned_parquet_snap.customer.c_customer_sk, tpcds_partitioned_parquet_snap.store_sales.ss_store_sk = tpcds_partitioned_parquet_snap.store.s_store_sk
|  |  fk/pk conjuncts: tpcds_partitioned_parquet_snap.store_sales.ss_customer_sk = tpcds_partitioned_parquet_snap.customer.c_customer_sk, tpcds_partitioned_parquet_snap.store_sales.ss_store_sk = tpcds_partitioned_parquet_snap.store.s_store_sk
|  |  mem-estimate=0B mem-reservation=0B spill-buffer=2.00MB thread-reservation=0
|  |  tuple-ids=2,4,6,8,10 row-size=266B cardinality=1.27M cost=24245357
|  |  in pipelines: 01(GETNEXT), 04(OPEN)
|  |
|  |--F25:PLAN FRAGMENT [RANDOM] hosts=10 instances=10
|  |  |  Per-Instance Resources: mem-estimate=421.87MB mem-reservation=410.00MB thread-reservation=1 runtime-filters-memory=2.00MB
|  |  |  max-parallelism=10 segment-costs=[1034944] cpu-comparison-result=20 [max(20 (self) vs 20 (sum children))]
|  |  JOIN BUILD
|  |  |  join-table-id=07 plan-id=08 cohort-id=05
|  |  |  build expressions: tpcds_partitioned_parquet_snap.customer.c_customer_sk, tpcds_partitioned_parquet_snap.store.s_store_sk
|  |  |  runtime filters: RF004[bloom] <- tpcds_partitioned_parquet_snap.customer.c_customer_sk, RF005[bloom] <- tpcds_partitioned_parquet_snap.store.s_store_sk, RF006[min_max] <- tpcds_partitioned_parquet_snap.customer.c_customer_sk, RF007[min_max] <- tpcds_partitioned_parquet_snap.store.s_store_sk
|  |  |  mem-estimate=408.00MB mem-reservation=408.00MB spill-buffer=2.00MB thread-reservation=0 cost=444374
|  |  |
|  |  31:EXCHANGE [BROADCAST]
|  |  |  mem-estimate=11.87MB mem-reservation=0B thread-reservation=0
|  |  |  tuple-ids=6,8,10 row-size=180B cardinality=444.37K cost=590570
|  |  |  in pipelines: 04(GETNEXT)
|  |  |
|  |  F03:PLAN FRAGMENT [RANDOM] hosts=10 instances=10
|  |  Per-Host Shared Resources: mem-estimate=1.00MB mem-reservation=1.00MB thread-reservation=0 runtime-filters-memory=1.00MB
|  |  Per-Instance Resources: mem-estimate=16.75MB mem-reservation=1.00MB thread-reservation=1
|  |  max-parallelism=10 segment-costs=[12827706]
|  |  08:HASH JOIN [INNER JOIN, BROADCAST]
|  |  |  hash-table-id=08
|  |  |  hash predicates: tpcds_partitioned_parquet_snap.customer.c_current_addr_sk = tpcds_partitioned_parquet_snap.customer_address.ca_address_sk
|  |  |  fk/pk conjuncts: tpcds_partitioned_parquet_snap.customer.c_current_addr_sk = tpcds_partitioned_parquet_snap.customer_address.ca_address_sk
|  |  |  other join predicates: tpcds_partitioned_parquet_snap.customer.c_birth_country != upper(tpcds_partitioned_parquet_snap.customer_address.ca_country)
|  |  |  mem-estimate=0B mem-reservation=0B spill-buffer=2.00MB thread-reservation=0
|  |  |  tuple-ids=6,8,10 row-size=180B cardinality=444.37K cost=194502
|  |  |  in pipelines: 04(GETNEXT), 05(OPEN)
|  |  |
|  |  |--F26:PLAN FRAGMENT [RANDOM] hosts=10 instances=10
|  |  |  |  Per-Instance Resources: mem-estimate=46.20MB mem-reservation=35.00MB thread-reservation=1 runtime-filters-memory=1.00MB
|  |  |  |  max-parallelism=10 segment-costs=[460251] cpu-comparison-result=20 [max(20 (self) vs 11 (sum children))]
|  |  |  JOIN BUILD
|  |  |  |  join-table-id=08 plan-id=09 cohort-id=06
|  |  |  |  build expressions: tpcds_partitioned_parquet_snap.customer_address.ca_address_sk
|  |  |  |  runtime filters: RF010[bloom] <- tpcds_partitioned_parquet_snap.customer_address.ca_address_sk, RF011[min_max] <- tpcds_partitioned_parquet_snap.customer_address.ca_address_sk
|  |  |  |  mem-estimate=34.00MB mem-reservation=34.00MB spill-buffer=2.00MB thread-reservation=0 cost=197621
|  |  |  |
|  |  |  30:EXCHANGE [BROADCAST]
|  |  |  |  mem-estimate=11.20MB mem-reservation=0B thread-reservation=0
|  |  |  |  tuple-ids=8,10 row-size=115B cardinality=197.62K cost=262630
|  |  |  |  in pipelines: 05(GETNEXT)
|  |  |  |
|  |  |  F04:PLAN FRAGMENT [RANDOM] hosts=10 instances=10
|  |  |  Per-Host Shared Resources: mem-estimate=1.00MB mem-reservation=1.00MB thread-reservation=0 runtime-filters-memory=1.00MB
|  |  |  Per-Instance Resources: mem-estimate=16.48MB mem-reservation=128.00KB thread-reservation=1
|  |  |  max-parallelism=10 segment-costs=[5340363]
|  |  |  07:HASH JOIN [INNER JOIN, BROADCAST]
|  |  |  |  hash-table-id=09
|  |  |  |  hash predicates: tpcds_partitioned_parquet_snap.customer_address.ca_zip = tpcds_partitioned_parquet_snap.store.s_zip
|  |  |  |  fk/pk conjuncts: none
|  |  |  |  mem-estimate=0B mem-reservation=0B spill-buffer=64.00KB thread-reservation=0
|  |  |  |  tuple-ids=8,10 row-size=115B cardinality=197.62K cost=86498
|  |  |  |  in pipelines: 05(GETNEXT), 06(OPEN)
|  |  |  |
|  |  |  |--F27:PLAN FRAGMENT [RANDOM] hosts=10 instances=10
|  |  |  |  |  Per-Instance Resources: mem-estimate=2.95MB mem-reservation=2.94MB thread-reservation=1 runtime-filters-memory=1.00MB
|  |  |  |  |  max-parallelism=10 segment-costs=[304]
|  |  |  |  JOIN BUILD
|  |  |  |  |  join-table-id=09 plan-id=10 cohort-id=07
|  |  |  |  |  build expressions: tpcds_partitioned_parquet_snap.store.s_zip
|  |  |  |  |  runtime filters: RF012[bloom] <- tpcds_partitioned_parquet_snap.store.s_zip, RF013[min_max] <- tpcds_partitioned_parquet_snap.store.s_zip
|  |  |  |  |  mem-estimate=1.94MB mem-reservation=1.94MB spill-buffer=64.00KB thread-reservation=0 cost=134
|  |  |  |  |
|  |  |  |  29:EXCHANGE [BROADCAST]
|  |  |  |  |  mem-estimate=16.00KB mem-reservation=0B thread-reservation=0
|  |  |  |  |  tuple-ids=10 row-size=55B cardinality=134 cost=170
|  |  |  |  |  in pipelines: 06(GETNEXT)
|  |  |  |  |
|  |  |  |  F05:PLAN FRAGMENT [RANDOM] hosts=1 instances=1
|  |  |  |  Per-Instance Resources: mem-estimate=16.23MB mem-reservation=40.00KB thread-reservation=1
|  |  |  |  max-parallelism=1 segment-costs=[428]
|  |  |  |  06:SCAN HDFS [tpcds_partitioned_parquet_snap.store, RANDOM]
|  |  |  |     HDFS partitions=1/1 files=1 size=119.76KB
|  |  |  |     predicates: tpcds_partitioned_parquet_snap.store.s_market_id = CAST(10 AS INT)
|  |  |  |     stored statistics:
|  |  |  |       table: rows=1.35K size=119.76KB
|  |  |  |       columns: all
|  |  |  |     extrapolated-rows=disabled max-scan-range-rows=1.35K
|  |  |  |     parquet statistics predicates: tpcds_partitioned_parquet_snap.store.s_market_id = CAST(10 AS INT)
|  |  |  |     parquet dictionary predicates: tpcds_partitioned_parquet_snap.store.s_market_id = CAST(10 AS INT)
|  |  |  |     mem-estimate=16.00MB mem-reservation=40.00KB thread-reservation=0
|  |  |  |     tuple-ids=10 row-size=55B cardinality=134 cost=406
|  |  |  |     in pipelines: 06(GETNEXT)
|  |  |  |
|  |  |  05:SCAN HDFS [tpcds_partitioned_parquet_snap.customer_address, RANDOM]
|  |  |     HDFS partitions=1/1 files=1 size=307.36MB
|  |  |     runtime filters: RF013[min_max] -> tpcds_partitioned_parquet_snap.customer_address.ca_zip, RF012[bloom] -> tpcds_partitioned_parquet_snap.customer_address.ca_zip
|  |  |     stored statistics:
|  |  |       table: rows=15.00M size=307.36MB
|  |  |       columns: all
|  |  |     extrapolated-rows=disabled max-scan-range-rows=1.58M
|  |  |     mem-estimate=16.00MB mem-reservation=128.00KB thread-reservation=0
|  |  |     tuple-ids=8 row-size=60B cardinality=197.62K(filtered from 15.00M) cost=5184000
|  |  |     in pipelines: 05(GETNEXT)
|  |  |
|  |  04:SCAN HDFS [tpcds_partitioned_parquet_snap.customer, RANDOM]
|  |     HDFS partitions=1/1 files=1 size=1.55GB
|  |     runtime filters: RF011[min_max] -> tpcds_partitioned_parquet_snap.customer.c_current_addr_sk, RF010[bloom] -> tpcds_partitioned_parquet_snap.customer.c_current_addr_sk
|  |     stored statistics:
|  |       table: rows=30.00M size=1.55GB
|  |       columns: all
|  |     extrapolated-rows=disabled max-scan-range-rows=3.10M
|  |     mem-estimate=16.00MB mem-reservation=1.00MB thread-reservation=0
|  |     tuple-ids=6 row-size=65B cardinality=444.37K(filtered from 30.00M) cost=12388903
|  |     in pipelines: 04(GETNEXT)
|  |
|  03:HASH JOIN [INNER JOIN, BROADCAST]
|  |  hash-table-id=10
|  |  hash predicates: tpcds_partitioned_parquet_snap.store_sales.ss_item_sk = tpcds_partitioned_parquet_snap.item.i_item_sk
|  |  fk/pk conjuncts: tpcds_partitioned_parquet_snap.store_sales.ss_item_sk = tpcds_partitioned_parquet_snap.item.i_item_sk
|  |  mem-estimate=0B mem-reservation=0B spill-buffer=64.00KB thread-reservation=0
|  |  tuple-ids=2,4 row-size=86B cardinality=93.62M(filtered from 93.62M) cost=40979437
|  |  in pipelines: 01(GETNEXT), 02(OPEN)
|  |
|  |--F28:PLAN FRAGMENT [RANDOM] hosts=10 instances=10
|  |  |  Per-Instance Resources: mem-estimate=24.74MB mem-reservation=24.25MB thread-reservation=1 runtime-filters-memory=1.00MB
|  |  |  max-parallelism=10 segment-costs=[9083]
|  |  JOIN BUILD
|  |  |  join-table-id=10 plan-id=11 cohort-id=05
|  |  |  build expressions: tpcds_partitioned_parquet_snap.item.i_item_sk
|  |  |  runtime filters: RF008[bloom] <- tpcds_partitioned_parquet_snap.item.i_item_sk, RF009[min_max] <- tpcds_partitioned_parquet_snap.item.i_item_sk
|  |  |  mem-estimate=23.25MB mem-reservation=23.25MB spill-buffer=64.00KB thread-reservation=0 cost=3903
|  |  |
|  |  28:EXCHANGE [BROADCAST]
|  |  |  mem-estimate=499.56KB mem-reservation=0B thread-reservation=0
|  |  |  tuple-ids=4 row-size=62B cardinality=3.90K cost=5180
|  |  |  in pipelines: 02(GETNEXT)
|  |  |
|  |  F02:PLAN FRAGMENT [RANDOM] hosts=4 instances=4
|  |  Per-Instance Resources: mem-estimate=16.26MB mem-reservation=512.00KB thread-reservation=1
|  |  max-parallelism=4 segment-costs=[145132]
|  |  02:SCAN HDFS [tpcds_partitioned_parquet_snap.item, RANDOM]
|  |     HDFS partitions=1/1 files=1 size=33.54MB
|  |     predicates: tpcds_partitioned_parquet_snap.item.i_color = 'navy'
|  |     stored statistics:
|  |       table: rows=360.00K size=33.54MB
|  |       columns: all
|  |     extrapolated-rows=disabled max-scan-range-rows=101.54K
|  |     parquet statistics predicates: tpcds_partitioned_parquet_snap.item.i_color = 'navy'
|  |     parquet dictionary predicates: tpcds_partitioned_parquet_snap.item.i_color = 'navy'
|  |     mem-estimate=16.00MB mem-reservation=512.00KB thread-reservation=0
|  |     tuple-ids=4 row-size=62B cardinality=3.90K cost=144396
|  |     in pipelines: 02(GETNEXT)
|  |
|  01:SCAN HDFS [tpcds_partitioned_parquet_snap.store_sales, RANDOM]
|     HDFS partitions=1824/1824 files=1824 size=389.90GB
|     runtime filters: RF009[min_max] -> tpcds_partitioned_parquet_snap.store_sales.ss_item_sk, RF006[min_max] -> tpcds_partitioned_parquet_snap.store_sales.ss_customer_sk, RF007[min_max] -> tpcds_partitioned_parquet_snap.store_sales.ss_store_sk, RF008[bloom] -> tpcds_partitioned_parquet_snap.store_sales.ss_item_sk, RF004[bloom] -> tpcds_partitioned_parquet_snap.store_sales.ss_customer_sk, RF005[bloom] -> tpcds_partitioned_parquet_snap.store_sales.ss_store_sk
|     stored statistics:
|       table: rows=8.64G size=389.90GB
|       partitions: 1824/1824 rows=8.64G
|       columns: all
|     extrapolated-rows=disabled max-scan-range-rows=390.22M
|     mem-estimate=16.00MB mem-reservation=8.00MB thread-reservation=0
|     tuple-ids=2 row-size=24B cardinality=93.62M(filtered from 8.64G) cost=2985961602
|     in pipelines: 01(GETNEXT)
|
00:SCAN HDFS [tpcds_partitioned_parquet_snap.store_returns, RANDOM]
   HDFS partitions=2004/2004 files=2004 size=48.14GB
   runtime filters: RF002[min_max] -> tpcds_partitioned_parquet_snap.store_returns.sr_item_sk, RF003[min_max] -> tpcds_partitioned_parquet_snap.store_returns.sr_ticket_number, RF000[bloom] -> tpcds_partitioned_parquet_snap.store_returns.sr_item_sk, RF001[bloom] -> tpcds_partitioned_parquet_snap.store_returns.sr_ticket_number
   stored statistics:
     table: rows=863.99M size=48.14GB
     partitions: 2004/2004 rows=863.99M
     columns: all
   extrapolated-rows=disabled max-scan-range-rows=30.09M
   mem-estimate=16.00MB mem-reservation=512.00KB thread-reservation=0
   tuple-ids=0 row-size=12B cardinality=863.99M cost=149297235
   in pipelines: 00(GETNEXT)
---- PARALLELPLANS
Max Per-Host Resource Reservation: Memory=1.77GB Threads=65
Per-Host Resource Estimates: Memory=6.52GB
F17:PLAN FRAGMENT [UNPARTITIONED] hosts=1 instances=1
|  Per-Instance Resources: mem-estimate=9.77MB mem-reservation=4.00MB thread-reservation=1
|  max-parallelism=1 segment-costs=[558705] cpu-comparison-result=294 [max(1 (self) vs 294 (sum children))]
PLAN-ROOT SINK
|  output exprs: tpcds_partitioned_parquet_snap.customer.c_last_name, tpcds_partitioned_parquet_snap.customer.c_first_name, tpcds_partitioned_parquet_snap.store.s_store_name, sum(sum(tpcds_partitioned_parquet_snap.store_sales.ss_net_paid))
|  mem-estimate=8.24MB mem-reservation=4.00MB spill-buffer=2.00MB thread-reservation=0 cost=509220
|
48:MERGING-EXCHANGE [UNPARTITIONED]
|  order by: tpcds_partitioned_parquet_snap.customer.c_last_name ASC NULLS LAST, tpcds_partitioned_parquet_snap.customer.c_first_name ASC NULLS LAST, tpcds_partitioned_parquet_snap.store.s_store_name ASC NULLS LAST
|  mem-estimate=1.53MB mem-reservation=0B thread-reservation=0
|  tuple-ids=29 row-size=68B cardinality=127.31K cost=49485
|  in pipelines: 27(GETNEXT)
|
F07:PLAN FRAGMENT [HASH(tpcds_partitioned_parquet_snap.customer.c_last_name,tpcds_partitioned_parquet_snap.customer.c_first_name,tpcds_partitioned_parquet_snap.store.s_store_name)] hosts=10 instances=10 (adjusted from 120)
Per-Instance Resources: mem-estimate=22.00MB mem-reservation=13.94MB thread-reservation=1
max-parallelism=10 segment-costs=[805339, 453959, 266506] cpu-comparison-result=294 [max(10 (self) vs 294 (sum children))]
27:SORT
|  order by: tpcds_partitioned_parquet_snap.customer.c_last_name ASC NULLS LAST, tpcds_partitioned_parquet_snap.customer.c_first_name ASC NULLS LAST, tpcds_partitioned_parquet_snap.store.s_store_name ASC NULLS LAST
|  mem-estimate=12.00MB mem-reservation=12.00MB spill-buffer=2.00MB thread-reservation=0
|  tuple-ids=29 row-size=68B cardinality=127.31K cost=427875
|  in pipelines: 27(GETNEXT), 36(OPEN)
|
26:NESTED LOOP JOIN [INNER JOIN, BROADCAST]
|  join table id: 00
|  join predicates: sum(sum(tpcds_partitioned_parquet_snap.store_sales.ss_net_paid)) > multiply(CAST(0.05 AS DECIMAL(3,2)), avg(sum(tpcds_partitioned_parquet_snap.store_sales_0.ss_net_paid)))
|  mem-estimate=0B mem-reservation=0B thread-reservation=0
|  tuple-ids=13,28 row-size=84B cardinality=127.31K cost=26084
|  in pipelines: 36(GETNEXT), 46(OPEN)
|
|--F18:PLAN FRAGMENT [HASH(tpcds_partitioned_parquet_snap.customer.c_last_name,tpcds_partitioned_parquet_snap.customer.c_first_name,tpcds_partitioned_parquet_snap.store.s_store_name)] hosts=10 instances=10
|  |  Per-Instance Resources: mem-estimate=16.02KB mem-reservation=0B thread-reservation=1
|  |  max-parallelism=10 segment-costs=[0] cpu-comparison-result=164 [max(10 (self) vs 164 (sum children))]
|  JOIN BUILD
|  |  join-table-id=00 plan-id=01 cohort-id=01
|  |  mem-estimate=16B mem-reservation=0B thread-reservation=0 cost=0
|  |
|  47:EXCHANGE [BROADCAST]
|  |  mem-estimate=16.00KB mem-reservation=0B thread-reservation=0
|  |  tuple-ids=28 row-size=16B cardinality=1 cost=0
|  |  in pipelines: 46(GETNEXT)
|  |
|  F16:PLAN FRAGMENT [UNPARTITIONED] hosts=1 instances=1
|  Per-Instance Resources: mem-estimate=96.00KB mem-reservation=0B thread-reservation=1
|  max-parallelism=1 segment-costs=[30, 0] cpu-comparison-result=164 [max(1 (self) vs 164 (sum children))]
|  46:AGGREGATE [FINALIZE]
|  |  output: avg:merge(sum(tpcds_partitioned_parquet_snap.store_sales_0.ss_net_paid))
|  |  mem-estimate=16.00KB mem-reservation=0B spill-buffer=2.00MB thread-reservation=0
|  |  tuple-ids=28 row-size=16B cardinality=1 cost=8
|  |  in pipelines: 46(GETNEXT), 25(OPEN)
|  |
|  45:EXCHANGE [UNPARTITIONED]
|  |  mem-estimate=23.62KB mem-reservation=0B thread-reservation=0
|  |  tuple-ids=27 row-size=16B cardinality=120 cost=22
|  |  in pipelines: 25(GETNEXT)
|  |
|  F15:PLAN FRAGMENT [HASH(tpcds_partitioned_parquet_snap.customer_0.c_last_name,tpcds_partitioned_parquet_snap.customer_0.c_first_name,tpcds_partitioned_parquet_snap.store_0.s_store_name,tpcds_partitioned_parquet_snap.customer_address_0.ca_state,tpcds_partitioned_parquet_snap.store_0.s_state,tpcds_partitioned_parquet_snap.item_0.i_color,tpcds_partitioned_parquet_snap.item_0.i_current_price,tpcds_partitioned_parquet_snap.item_0.i_manager_id,tpcds_partitioned_parquet_snap.item_0.i_units,tpcds_partitioned_parquet_snap.item_0.i_size)] hosts=10 instances=10 (adjusted from 120)
|  Per-Instance Resources: mem-estimate=197.22MB mem-reservation=34.00MB thread-reservation=1
|  max-parallelism=10 segment-costs=[78921683, 821951, 185] cpu-comparison-result=164 [max(10 (self) vs 164 (sum children))]
|  25:AGGREGATE
|  |  output: avg(sum(tpcds_partitioned_parquet_snap.store_sales_0.ss_net_paid))
|  |  mem-estimate=16.00KB mem-reservation=0B spill-buffer=2.00MB thread-reservation=0
|  |  tuple-ids=27 row-size=16B cardinality=120 cost=821951
|  |  in pipelines: 25(GETNEXT), 44(OPEN)
|  |
|  44:AGGREGATE [FINALIZE]
|  |  output: sum:merge(tpcds_partitioned_parquet_snap.store_sales_0.ss_net_paid)
|  |  group by: tpcds_partitioned_parquet_snap.customer_0.c_last_name, tpcds_partitioned_parquet_snap.customer_0.c_first_name, tpcds_partitioned_parquet_snap.store_0.s_store_name, tpcds_partitioned_parquet_snap.customer_address_0.ca_state, tpcds_partitioned_parquet_snap.store_0.s_state, tpcds_partitioned_parquet_snap.item_0.i_color, tpcds_partitioned_parquet_snap.item_0.i_current_price, tpcds_partitioned_parquet_snap.item_0.i_manager_id, tpcds_partitioned_parquet_snap.item_0.i_units, tpcds_partitioned_parquet_snap.item_0.i_size
|  |  mem-estimate=185.68MB mem-reservation=34.00MB spill-buffer=2.00MB thread-reservation=0
|  |  tuple-ids=26 row-size=154B cardinality=11.74M cost=69309285
|  |  in pipelines: 44(GETNEXT), 14(OPEN)
|  |
|  43:EXCHANGE [HASH(tpcds_partitioned_parquet_snap.customer_0.c_last_name,tpcds_partitioned_parquet_snap.customer_0.c_first_name,tpcds_partitioned_parquet_snap.store_0.s_store_name,tpcds_partitioned_parquet_snap.customer_address_0.ca_state,tpcds_partitioned_parquet_snap.store_0.s_state,tpcds_partitioned_parquet_snap.item_0.i_color,tpcds_partitioned_parquet_snap.item_0.i_current_price,tpcds_partitioned_parquet_snap.item_0.i_manager_id,tpcds_partitioned_parquet_snap.item_0.i_units,tpcds_partitioned_parquet_snap.item_0.i_size)]
|  |  mem-estimate=11.54MB mem-reservation=0B thread-reservation=0
|  |  tuple-ids=26 row-size=154B cardinality=11.74M cost=9612398
|  |  in pipelines: 14(GETNEXT)
|  |
|  F14:PLAN FRAGMENT [HASH(tpcds_partitioned_parquet_snap.store_sales_0.ss_item_sk,tpcds_partitioned_parquet_snap.store_sales_0.ss_ticket_number)] hosts=10 instances=10 (adjusted from 120)
|  Per-Instance Resources: mem-estimate=188.88MB mem-reservation=34.00MB thread-reservation=1
|  max-parallelism=30 segment-costs=[275304525, 122359383] cpu-comparison-result=164 [max(130 (self) vs 164 (sum children))]
|  24:AGGREGATE [STREAMING]
|  |  output: sum(tpcds_partitioned_parquet_snap.store_sales_0.ss_net_paid)
|  |  group by: tpcds_partitioned_parquet_snap.customer_0.c_last_name, tpcds_partitioned_parquet_snap.customer_0.c_first_name, tpcds_partitioned_parquet_snap.store_0.s_store_name, tpcds_partitioned_parquet_snap.customer_address_0.ca_state, tpcds_partitioned_parquet_snap.store_0.s_state, tpcds_partitioned_parquet_snap.item_0.i_color, tpcds_partitioned_parquet_snap.item_0.i_current_price, tpcds_partitioned_parquet_snap.item_0.i_manager_id, tpcds_partitioned_parquet_snap.item_0.i_units, tpcds_partitioned_parquet_snap.item_0.i_size
|  |  mem-estimate=139.26MB mem-reservation=34.00MB spill-buffer=2.00MB thread-reservation=0
|  |  tuple-ids=26 row-size=154B cardinality=11.74M cost=69309285
|  |  in pipelines: 14(GETNEXT)
|  |
|  23:HASH JOIN [INNER JOIN, PARTITIONED]
|  |  hash-table-id=01
|  |  hash predicates: tpcds_partitioned_parquet_snap.store_sales_0.ss_item_sk = tpcds_partitioned_parquet_snap.store_returns_0.sr_item_sk, tpcds_partitioned_parquet_snap.store_sales_0.ss_ticket_number = tpcds_partitioned_parquet_snap.store_returns_0.sr_ticket_number
|  |  fk/pk conjuncts: tpcds_partitioned_parquet_snap.store_sales_0.ss_item_sk = tpcds_partitioned_parquet_snap.store_returns_0.sr_item_sk, tpcds_partitioned_parquet_snap.store_sales_0.ss_ticket_number = tpcds_partitioned_parquet_snap.store_returns_0.sr_ticket_number
|  |  mem-estimate=0B mem-reservation=0B spill-buffer=2.00MB thread-reservation=0
|  |  tuple-ids=16,18,20,22,24,14 row-size=278B cardinality=11.74M cost=32246498
|  |  in pipelines: 14(GETNEXT), 13(OPEN)
|  |
|  |--F19:PLAN FRAGMENT [HASH(tpcds_partitioned_parquet_snap.store_sales_0.ss_item_sk,tpcds_partitioned_parquet_snap.store_sales_0.ss_ticket_number)] hosts=10 instances=10 (adjusted from 120)
|  |  |  Per-Instance Resources: mem-estimate=3.38GB mem-reservation=34.00MB thread-reservation=1
|  |  |  max-parallelism=30 segment-costs=[1007669941]
|  |  JOIN BUILD
|  |  |  join-table-id=01 plan-id=02 cohort-id=02
|  |  |  build expressions: tpcds_partitioned_parquet_snap.store_returns_0.sr_item_sk, tpcds_partitioned_parquet_snap.store_returns_0.sr_ticket_number
|  |  |  runtime filters: RF016[min_max] <- tpcds_partitioned_parquet_snap.store_returns_0.sr_item_sk, RF017[min_max] <- tpcds_partitioned_parquet_snap.store_returns_0.sr_ticket_number
|  |  |  mem-estimate=3.37GB mem-reservation=34.00MB spill-buffer=2.00MB thread-reservation=0 cost=863988632
|  |  |
|  |  42:EXCHANGE [HASH(tpcds_partitioned_parquet_snap.store_returns_0.sr_item_sk,tpcds_partitioned_parquet_snap.store_returns_0.sr_ticket_number)]
|  |  |  mem-estimate=11.88MB mem-reservation=0B thread-reservation=0
|  |  |  tuple-ids=14 row-size=12B cardinality=863.99M cost=143681309
|  |  |  in pipelines: 13(GETNEXT)
|  |  |
|  |  F13:PLAN FRAGMENT [RANDOM] hosts=10 instances=120
|  |  Per-Instance Resources: mem-estimate=16.62MB mem-reservation=512.00KB thread-reservation=1
|  |  max-parallelism=130 segment-costs=[1262114593]
|  |  13:SCAN HDFS [tpcds_partitioned_parquet_snap.store_returns, RANDOM]
|  |     HDFS partitions=2004/2004 files=2004 size=48.14GB
|  |     stored statistics:
|  |       table: rows=863.99M size=48.14GB
|  |       partitions: 2004/2004 rows=863.99M
|  |       columns: all
|  |     extrapolated-rows=disabled max-scan-range-rows=30.09M
|  |     mem-estimate=16.00MB mem-reservation=512.00KB thread-reservation=0
|  |     tuple-ids=14 row-size=12B cardinality=863.99M cost=149297235
|  |     in pipelines: 13(GETNEXT)
|  |
|  41:EXCHANGE [HASH(tpcds_partitioned_parquet_snap.store_sales_0.ss_item_sk,tpcds_partitioned_parquet_snap.store_sales_0.ss_ticket_number)]
|  |  mem-estimate=43.46MB mem-reservation=0B thread-reservation=0
|  |  tuple-ids=16,18,20,22,24 row-size=266B cardinality=117.42M cost=173748742
|  |  in pipelines: 14(GETNEXT)
|  |
|  F08:PLAN FRAGMENT [RANDOM] hosts=10 instances=120
|  Per-Host Shared Resources: mem-estimate=2.00MB mem-reservation=2.00MB thread-reservation=0 runtime-filters-memory=2.00MB
|  Per-Instance Resources: mem-estimate=27.15MB mem-reservation=8.00MB thread-reservation=1
|  max-parallelism=700 segment-costs=[6942619866]
|  22:HASH JOIN [INNER JOIN, BROADCAST]
|  |  hash-table-id=02
|  |  hash predicates: tpcds_partitioned_parquet_snap.store_sales_0.ss_customer_sk = tpcds_partitioned_parquet_snap.customer_0.c_customer_sk, tpcds_partitioned_parquet_snap.store_sales_0.ss_store_sk = tpcds_partitioned_parquet_snap.store_0.s_store_sk
|  |  fk/pk conjuncts: tpcds_partitioned_parquet_snap.store_sales_0.ss_customer_sk = tpcds_partitioned_parquet_snap.customer_0.c_customer_sk, tpcds_partitioned_parquet_snap.store_sales_0.ss_store_sk = tpcds_partitioned_parquet_snap.store_0.s_store_sk
|  |  mem-estimate=0B mem-reservation=0B spill-buffer=2.00MB thread-reservation=0
|  |  tuple-ids=16,18,20,22,24 row-size=266B cardinality=117.42M cost=51410797
|  |  in pipelines: 14(GETNEXT), 17(OPEN)
|  |
|  |--F20:PLAN FRAGMENT [RANDOM] hosts=10 instances=10
|  |  |  Per-Instance Resources: mem-estimate=421.87MB mem-reservation=410.00MB thread-reservation=1 runtime-filters-memory=2.00MB
|  |  |  max-parallelism=10 segment-costs=[1034944] cpu-comparison-result=20 [max(20 (self) vs 20 (sum children))]
|  |  JOIN BUILD
|  |  |  join-table-id=02 plan-id=03 cohort-id=02
|  |  |  build expressions: tpcds_partitioned_parquet_snap.customer_0.c_customer_sk, tpcds_partitioned_parquet_snap.store_0.s_store_sk
|  |  |  runtime filters: RF018[bloom] <- tpcds_partitioned_parquet_snap.customer_0.c_customer_sk, RF019[bloom] <- tpcds_partitioned_parquet_snap.store_0.s_store_sk, RF020[min_max] <- tpcds_partitioned_parquet_snap.customer_0.c_customer_sk, RF021[min_max] <- tpcds_partitioned_parquet_snap.store_0.s_store_sk
|  |  |  mem-estimate=408.00MB mem-reservation=408.00MB spill-buffer=2.00MB thread-reservation=0 cost=444374
|  |  |
|  |  40:EXCHANGE [BROADCAST]
|  |  |  mem-estimate=11.87MB mem-reservation=0B thread-reservation=0
|  |  |  tuple-ids=20,22,24 row-size=180B cardinality=444.37K cost=590570
|  |  |  in pipelines: 17(GETNEXT)
|  |  |
|  |  F10:PLAN FRAGMENT [RANDOM] hosts=10 instances=10
|  |  Per-Instance Resources: mem-estimate=16.75MB mem-reservation=1.00MB thread-reservation=1
|  |  max-parallelism=10 segment-costs=[12827706]
|  |  21:HASH JOIN [INNER JOIN, BROADCAST]
|  |  |  hash-table-id=03
|  |  |  hash predicates: tpcds_partitioned_parquet_snap.customer_0.c_current_addr_sk = tpcds_partitioned_parquet_snap.customer_address_0.ca_address_sk
|  |  |  fk/pk conjuncts: tpcds_partitioned_parquet_snap.customer_0.c_current_addr_sk = tpcds_partitioned_parquet_snap.customer_address_0.ca_address_sk
|  |  |  other join predicates: tpcds_partitioned_parquet_snap.customer_0.c_birth_country != upper(tpcds_partitioned_parquet_snap.customer_address_0.ca_country)
|  |  |  mem-estimate=0B mem-reservation=0B spill-buffer=2.00MB thread-reservation=0
|  |  |  tuple-ids=20,22,24 row-size=180B cardinality=444.37K cost=194502
|  |  |  in pipelines: 17(GETNEXT), 18(OPEN)
|  |  |
|  |  |--F21:PLAN FRAGMENT [RANDOM] hosts=10 instances=10
|  |  |  |  Per-Instance Resources: mem-estimate=45.20MB mem-reservation=34.00MB thread-reservation=1
|  |  |  |  max-parallelism=10 segment-costs=[460251] cpu-comparison-result=20 [max(20 (self) vs 11 (sum children))]
|  |  |  JOIN BUILD
|  |  |  |  join-table-id=03 plan-id=04 cohort-id=03
|  |  |  |  build expressions: tpcds_partitioned_parquet_snap.customer_address_0.ca_address_sk
|  |  |  |  runtime filters: RF025[min_max] <- tpcds_partitioned_parquet_snap.customer_address_0.ca_address_sk
|  |  |  |  mem-estimate=34.00MB mem-reservation=34.00MB spill-buffer=2.00MB thread-reservation=0 cost=197621
|  |  |  |
|  |  |  39:EXCHANGE [BROADCAST]
|  |  |  |  mem-estimate=11.20MB mem-reservation=0B thread-reservation=0
|  |  |  |  tuple-ids=22,24 row-size=115B cardinality=197.62K cost=262630
|  |  |  |  in pipelines: 18(GETNEXT)
|  |  |  |
|  |  |  F11:PLAN FRAGMENT [RANDOM] hosts=10 instances=10
|  |  |  Per-Host Shared Resources: mem-estimate=1.00MB mem-reservation=1.00MB thread-reservation=0 runtime-filters-memory=1.00MB
|  |  |  Per-Instance Resources: mem-estimate=16.48MB mem-reservation=128.00KB thread-reservation=1
|  |  |  max-parallelism=10 segment-costs=[5340363]
|  |  |  20:HASH JOIN [INNER JOIN, BROADCAST]
|  |  |  |  hash-table-id=04
|  |  |  |  hash predicates: tpcds_partitioned_parquet_snap.customer_address_0.ca_zip = tpcds_partitioned_parquet_snap.store_0.s_zip
|  |  |  |  fk/pk conjuncts: none
|  |  |  |  mem-estimate=0B mem-reservation=0B spill-buffer=64.00KB thread-reservation=0
|  |  |  |  tuple-ids=22,24 row-size=115B cardinality=197.62K cost=86498
|  |  |  |  in pipelines: 18(GETNEXT), 19(OPEN)
|  |  |  |
|  |  |  |--F22:PLAN FRAGMENT [RANDOM] hosts=10 instances=10
|  |  |  |  |  Per-Instance Resources: mem-estimate=2.95MB mem-reservation=2.94MB thread-reservation=1 runtime-filters-memory=1.00MB
|  |  |  |  |  max-parallelism=10 segment-costs=[304]
|  |  |  |  JOIN BUILD
|  |  |  |  |  join-table-id=04 plan-id=05 cohort-id=04
|  |  |  |  |  build expressions: tpcds_partitioned_parquet_snap.store_0.s_zip
|  |  |  |  |  runtime filters: RF026[bloom] <- tpcds_partitioned_parquet_snap.store_0.s_zip, RF027[min_max] <- tpcds_partitioned_parquet_snap.store_0.s_zip
|  |  |  |  |  mem-estimate=1.94MB mem-reservation=1.94MB spill-buffer=64.00KB thread-reservation=0 cost=134
|  |  |  |  |
|  |  |  |  38:EXCHANGE [BROADCAST]
|  |  |  |  |  mem-estimate=16.00KB mem-reservation=0B thread-reservation=0
|  |  |  |  |  tuple-ids=24 row-size=55B cardinality=134 cost=170
|  |  |  |  |  in pipelines: 19(GETNEXT)
|  |  |  |  |
|  |  |  |  F12:PLAN FRAGMENT [RANDOM] hosts=1 instances=1
|  |  |  |  Per-Instance Resources: mem-estimate=16.23MB mem-reservation=40.00KB thread-reservation=1
|  |  |  |  max-parallelism=1 segment-costs=[428]
|  |  |  |  19:SCAN HDFS [tpcds_partitioned_parquet_snap.store, RANDOM]
|  |  |  |     HDFS partitions=1/1 files=1 size=119.76KB
|  |  |  |     predicates: tpcds_partitioned_parquet_snap.store_0.s_market_id = CAST(10 AS INT)
|  |  |  |     stored statistics:
|  |  |  |       table: rows=1.35K size=119.76KB
|  |  |  |       columns: all
|  |  |  |     extrapolated-rows=disabled max-scan-range-rows=1.35K
|  |  |  |     parquet statistics predicates: tpcds_partitioned_parquet_snap.store_0.s_market_id = CAST(10 AS INT)
|  |  |  |     parquet dictionary predicates: tpcds_partitioned_parquet_snap.store_0.s_market_id = CAST(10 AS INT)
|  |  |  |     mem-estimate=16.00MB mem-reservation=40.00KB thread-reservation=0
|  |  |  |     tuple-ids=24 row-size=55B cardinality=134 cost=406
|  |  |  |     in pipelines: 19(GETNEXT)
|  |  |  |
|  |  |  18:SCAN HDFS [tpcds_partitioned_parquet_snap.customer_address, RANDOM]
|  |  |     HDFS partitions=1/1 files=1 size=307.36MB
|  |  |     runtime filters: RF027[min_max] -> tpcds_partitioned_parquet_snap.customer_address_0.ca_zip, RF026[bloom] -> tpcds_partitioned_parquet_snap.customer_address_0.ca_zip
|  |  |     stored statistics:
|  |  |       table: rows=15.00M size=307.36MB
|  |  |       columns: all
|  |  |     extrapolated-rows=disabled max-scan-range-rows=1.58M
|  |  |     mem-estimate=16.00MB mem-reservation=128.00KB thread-reservation=0
|  |  |     tuple-ids=22 row-size=60B cardinality=197.62K(filtered from 15.00M) cost=5184000
|  |  |     in pipelines: 18(GETNEXT)
|  |  |
|  |  17:SCAN HDFS [tpcds_partitioned_parquet_snap.customer, RANDOM]
|  |     HDFS partitions=1/1 files=1 size=1.55GB
|  |     runtime filters: RF025[min_max] -> tpcds_partitioned_parquet_snap.customer_0.c_current_addr_sk
|  |     stored statistics:
|  |       table: rows=30.00M size=1.55GB
|  |       columns: all
|  |     extrapolated-rows=disabled max-scan-range-rows=3.10M
|  |     mem-estimate=16.00MB mem-reservation=1.00MB thread-reservation=0
|  |     tuple-ids=20 row-size=65B cardinality=444.37K(filtered from 30.00M) cost=12388903
|  |     in pipelines: 17(GETNEXT)
|  |
|  16:HASH JOIN [INNER JOIN, BROADCAST]
|  |  hash-table-id=05
|  |  hash predicates: tpcds_partitioned_parquet_snap.store_sales_0.ss_item_sk = tpcds_partitioned_parquet_snap.item_0.i_item_sk
|  |  fk/pk conjuncts: tpcds_partitioned_parquet_snap.store_sales_0.ss_item_sk = tpcds_partitioned_parquet_snap.item_0.i_item_sk
|  |  mem-estimate=0B mem-reservation=0B spill-buffer=2.00MB thread-reservation=0
|  |  tuple-ids=16,18 row-size=86B cardinality=117.48M(filtered from 8.64G) cost=1594907748
|  |  in pipelines: 14(GETNEXT), 15(OPEN)
|  |
|  |--F23:PLAN FRAGMENT [RANDOM] hosts=10 instances=10
|  |  |  Per-Instance Resources: mem-estimate=418.26MB mem-reservation=408.00MB thread-reservation=1
|  |  |  max-parallelism=10 segment-costs=[838440]
|  |  JOIN BUILD
|  |  |  join-table-id=05 plan-id=06 cohort-id=02
|  |  |  build expressions: tpcds_partitioned_parquet_snap.item_0.i_item_sk
|  |  |  runtime filters: RF023[min_max] <- tpcds_partitioned_parquet_snap.item_0.i_item_sk
|  |  |  mem-estimate=408.00MB mem-reservation=408.00MB spill-buffer=2.00MB thread-reservation=0 cost=360000
|  |  |
|  |  37:EXCHANGE [BROADCAST]
|  |  |  mem-estimate=10.26MB mem-reservation=0B thread-reservation=0
|  |  |  tuple-ids=18 row-size=62B cardinality=360.00K cost=478440
|  |  |  in pipelines: 15(GETNEXT)
|  |  |
|  |  F09:PLAN FRAGMENT [RANDOM] hosts=4 instances=4
|  |  Per-Instance Resources: mem-estimate=16.26MB mem-reservation=512.00KB thread-reservation=1
|  |  max-parallelism=4 segment-costs=[202225]
|  |  15:SCAN HDFS [tpcds_partitioned_parquet_snap.item, RANDOM]
|  |     HDFS partitions=1/1 files=1 size=33.54MB
|  |     runtime filters: RF016[min_max] -> tpcds_partitioned_parquet_snap.item_0.i_item_sk
|  |     stored statistics:
|  |       table: rows=360.00K size=33.54MB
|  |       columns: all
|  |     extrapolated-rows=disabled max-scan-range-rows=101.54K
|  |     mem-estimate=16.00MB mem-reservation=512.00KB thread-reservation=0
|  |     tuple-ids=18 row-size=62B cardinality=360.00K cost=134280
|  |     in pipelines: 15(GETNEXT)
|  |
|  14:SCAN HDFS [tpcds_partitioned_parquet_snap.store_sales, RANDOM]
|     HDFS partitions=1824/1824 files=1824 size=389.90GB
|     runtime filters: RF020[min_max] -> tpcds_partitioned_parquet_snap.store_sales_0.ss_customer_sk, RF021[min_max] -> tpcds_partitioned_parquet_snap.store_sales_0.ss_store_sk, RF016[min_max] -> tpcds_partitioned_parquet_snap.store_sales_0.ss_item_sk, RF017[min_max] -> tpcds_partitioned_parquet_snap.store_sales_0.ss_ticket_number, RF023[min_max] -> tpcds_partitioned_parquet_snap.store_sales_0.ss_item_sk, RF018[bloom] -> tpcds_partitioned_parquet_snap.store_sales_0.ss_customer_sk, RF019[bloom] -> tpcds_partitioned_parquet_snap.store_sales_0.ss_store_sk
|     stored statistics:
|       table: rows=8.64G size=389.90GB
|       partitions: 1824/1824 rows=8.64G
|       columns: all
|     extrapolated-rows=disabled max-scan-range-rows=390.22M
|     mem-estimate=16.00MB mem-reservation=8.00MB thread-reservation=0
|     tuple-ids=16 row-size=24B cardinality=117.48M(filtered from 8.64G) cost=2985961602
|     in pipelines: 14(GETNEXT)
|
36:AGGREGATE [FINALIZE]
|  output: sum:merge(sum(tpcds_partitioned_parquet_snap.store_sales.ss_net_paid))
|  group by: tpcds_partitioned_parquet_snap.customer.c_last_name, tpcds_partitioned_parquet_snap.customer.c_first_name, tpcds_partitioned_parquet_snap.store.s_store_name
|  mem-estimate=10.00MB mem-reservation=1.94MB spill-buffer=64.00KB thread-reservation=0
|  tuple-ids=13 row-size=68B cardinality=127.31K cost=751430
|  in pipelines: 36(GETNEXT), 34(OPEN)
|
35:EXCHANGE [HASH(tpcds_partitioned_parquet_snap.customer.c_last_name,tpcds_partitioned_parquet_snap.customer.c_first_name,tpcds_partitioned_parquet_snap.store.s_store_name)]
|  mem-estimate=1.53MB mem-reservation=0B thread-reservation=0
|  tuple-ids=13 row-size=68B cardinality=127.31K cost=53909
|  in pipelines: 34(GETNEXT)
|
F06:PLAN FRAGMENT [HASH(tpcds_partitioned_parquet_snap.customer.c_last_name,tpcds_partitioned_parquet_snap.customer.c_first_name,tpcds_partitioned_parquet_snap.store.s_store_name,tpcds_partitioned_parquet_snap.customer_address.ca_state,tpcds_partitioned_parquet_snap.store.s_state,tpcds_partitioned_parquet_snap.item.i_current_price,tpcds_partitioned_parquet_snap.item.i_manager_id,tpcds_partitioned_parquet_snap.item.i_units,tpcds_partitioned_parquet_snap.item.i_size)] hosts=10 instances=10 (adjusted from 120)
Per-Instance Resources: mem-estimate=27.14MB mem-reservation=4.88MB thread-reservation=1
max-parallelism=10 segment-costs=[845466, 751430, 622313] cpu-comparison-result=130 [max(10 (self) vs 130 (sum children))]
12:AGGREGATE [STREAMING]
|  output: sum(sum(tpcds_partitioned_parquet_snap.store_sales.ss_net_paid))
|  group by: tpcds_partitioned_parquet_snap.customer.c_last_name, tpcds_partitioned_parquet_snap.customer.c_first_name, tpcds_partitioned_parquet_snap.store.s_store_name
|  mem-estimate=10.00MB mem-reservation=2.00MB spill-buffer=64.00KB thread-reservation=0
|  tuple-ids=13 row-size=68B cardinality=127.31K cost=751430
|  in pipelines: 34(GETNEXT)
|
34:AGGREGATE [FINALIZE]
|  output: sum:merge(tpcds_partitioned_parquet_snap.store_sales.ss_net_paid)
|  group by: tpcds_partitioned_parquet_snap.customer.c_last_name, tpcds_partitioned_parquet_snap.customer.c_first_name, tpcds_partitioned_parquet_snap.store.s_store_name, tpcds_partitioned_parquet_snap.customer_address.ca_state, tpcds_partitioned_parquet_snap.store.s_state, tpcds_partitioned_parquet_snap.item.i_current_price, tpcds_partitioned_parquet_snap.item.i_manager_id, tpcds_partitioned_parquet_snap.item.i_units, tpcds_partitioned_parquet_snap.item.i_size
|  mem-estimate=10.00MB mem-reservation=2.88MB spill-buffer=128.00KB thread-reservation=0
|  tuple-ids=12 row-size=136B cardinality=127.31K cost=751430
|  in pipelines: 34(GETNEXT), 00(OPEN)
|
33:EXCHANGE [HASH(tpcds_partitioned_parquet_snap.customer.c_last_name,tpcds_partitioned_parquet_snap.customer.c_first_name,tpcds_partitioned_parquet_snap.store.s_store_name,tpcds_partitioned_parquet_snap.customer_address.ca_state,tpcds_partitioned_parquet_snap.store.s_state,tpcds_partitioned_parquet_snap.item.i_current_price,tpcds_partitioned_parquet_snap.item.i_manager_id,tpcds_partitioned_parquet_snap.item.i_units,tpcds_partitioned_parquet_snap.item.i_size)]
|  mem-estimate=7.14MB mem-reservation=0B thread-reservation=0
|  tuple-ids=12 row-size=136B cardinality=127.31K cost=94036
|  in pipelines: 00(GETNEXT)
|
F00:PLAN FRAGMENT [RANDOM] hosts=10 instances=40 (adjusted from 120)
Per-Host Shared Resources: mem-estimate=2.00MB mem-reservation=2.00MB thread-reservation=0 runtime-filters-memory=2.00MB
Per-Instance Resources: mem-estimate=31.49MB mem-reservation=2.50MB thread-reservation=1
max-parallelism=40 segment-costs=[371684816, 1184086] cpu-comparison-result=130 [max(40 (self) vs 130 (sum children))]
11:AGGREGATE [STREAMING]
|  output: sum(tpcds_partitioned_parquet_snap.store_sales.ss_net_paid)
|  group by: tpcds_partitioned_parquet_snap.customer.c_last_name, tpcds_partitioned_parquet_snap.customer.c_first_name, tpcds_partitioned_parquet_snap.store.s_store_name, tpcds_partitioned_parquet_snap.customer_address.ca_state, tpcds_partitioned_parquet_snap.store.s_state, tpcds_partitioned_parquet_snap.item.i_current_price, tpcds_partitioned_parquet_snap.item.i_manager_id, tpcds_partitioned_parquet_snap.item.i_units, tpcds_partitioned_parquet_snap.item.i_size
|  mem-estimate=10.00MB mem-reservation=2.00MB spill-buffer=64.00KB thread-reservation=0
|  tuple-ids=12 row-size=136B cardinality=127.31K cost=751430
|  in pipelines: 00(GETNEXT)
|
10:HASH JOIN [INNER JOIN, BROADCAST]
|  hash-table-id=06
|  hash predicates: tpcds_partitioned_parquet_snap.store_returns.sr_item_sk = tpcds_partitioned_parquet_snap.store_sales.ss_item_sk, tpcds_partitioned_parquet_snap.store_returns.sr_ticket_number = tpcds_partitioned_parquet_snap.store_sales.ss_ticket_number
|  fk/pk conjuncts: tpcds_partitioned_parquet_snap.store_returns.sr_item_sk = tpcds_partitioned_parquet_snap.store_sales.ss_item_sk, tpcds_partitioned_parquet_snap.store_returns.sr_ticket_number = tpcds_partitioned_parquet_snap.store_sales.ss_ticket_number
|  mem-estimate=0B mem-reservation=0B spill-buffer=2.00MB thread-reservation=0
|  tuple-ids=0,2,4,6,8,10 row-size=278B cardinality=127.31K cost=221636151
|  in pipelines: 00(GETNEXT), 01(OPEN)
|
|--F24:PLAN FRAGMENT [RANDOM] hosts=10 instances=10
|  |  Per-Instance Resources: mem-estimate=391.82MB mem-reservation=138.00MB thread-reservation=1 runtime-filters-memory=2.00MB
|  |  max-parallelism=10 segment-costs=[2964934] cpu-comparison-result=130 [max(130 (self) vs 34 (sum children))]
|  JOIN BUILD
|  |  join-table-id=06 plan-id=07 cohort-id=01
|  |  build expressions: tpcds_partitioned_parquet_snap.store_sales.ss_item_sk, tpcds_partitioned_parquet_snap.store_sales.ss_ticket_number
|  |  runtime filters: RF000[bloom] <- tpcds_partitioned_parquet_snap.store_sales.ss_item_sk, RF001[bloom] <- tpcds_partitioned_parquet_snap.store_sales.ss_ticket_number, RF002[min_max] <- tpcds_partitioned_parquet_snap.store_sales.ss_item_sk, RF003[min_max] <- tpcds_partitioned_parquet_snap.store_sales.ss_ticket_number
|  |  mem-estimate=346.36MB mem-reservation=136.00MB spill-buffer=2.00MB thread-reservation=0 cost=1273054
|  |
|  32:EXCHANGE [BROADCAST]
|  |  mem-estimate=43.46MB mem-reservation=0B thread-reservation=0
|  |  tuple-ids=2,4,6,8,10 row-size=266B cardinality=1.27M cost=1691880
|  |  in pipelines: 01(GETNEXT)
|  |
|  F01:PLAN FRAGMENT [RANDOM] hosts=10 instances=120
|  Per-Host Shared Resources: mem-estimate=3.00MB mem-reservation=3.00MB thread-reservation=0 runtime-filters-memory=3.00MB
|  Per-Instance Resources: mem-estimate=17.12MB mem-reservation=8.00MB thread-reservation=1
|  max-parallelism=310 segment-costs=[3052236542]
|  09:HASH JOIN [INNER JOIN, BROADCAST]
|  |  hash-table-id=07
|  |  hash predicates: tpcds_partitioned_parquet_snap.store_sales.ss_customer_sk = tpcds_partitioned_parquet_snap.customer.c_customer_sk, tpcds_partitioned_parquet_snap.store_sales.ss_store_sk = tpcds_partitioned_parquet_snap.store.s_store_sk
|  |  fk/pk conjuncts: tpcds_partitioned_parquet_snap.store_sales.ss_customer_sk = tpcds_partitioned_parquet_snap.customer.c_customer_sk, tpcds_partitioned_parquet_snap.store_sales.ss_store_sk = tpcds_partitioned_parquet_snap.store.s_store_sk
|  |  mem-estimate=0B mem-reservation=0B spill-buffer=2.00MB thread-reservation=0
|  |  tuple-ids=2,4,6,8,10 row-size=266B cardinality=1.27M cost=24245357
|  |  in pipelines: 01(GETNEXT), 04(OPEN)
|  |
|  |--F25:PLAN FRAGMENT [RANDOM] hosts=10 instances=10
|  |  |  Per-Instance Resources: mem-estimate=421.87MB mem-reservation=410.00MB thread-reservation=1 runtime-filters-memory=2.00MB
|  |  |  max-parallelism=10 segment-costs=[1034944] cpu-comparison-result=20 [max(20 (self) vs 20 (sum children))]
|  |  JOIN BUILD
|  |  |  join-table-id=07 plan-id=08 cohort-id=05
|  |  |  build expressions: tpcds_partitioned_parquet_snap.customer.c_customer_sk, tpcds_partitioned_parquet_snap.store.s_store_sk
|  |  |  runtime filters: RF004[bloom] <- tpcds_partitioned_parquet_snap.customer.c_customer_sk, RF005[bloom] <- tpcds_partitioned_parquet_snap.store.s_store_sk, RF006[min_max] <- tpcds_partitioned_parquet_snap.customer.c_customer_sk, RF007[min_max] <- tpcds_partitioned_parquet_snap.store.s_store_sk
|  |  |  mem-estimate=408.00MB mem-reservation=408.00MB spill-buffer=2.00MB thread-reservation=0 cost=444374
|  |  |
|  |  31:EXCHANGE [BROADCAST]
|  |  |  mem-estimate=11.87MB mem-reservation=0B thread-reservation=0
|  |  |  tuple-ids=6,8,10 row-size=180B cardinality=444.37K cost=590570
|  |  |  in pipelines: 04(GETNEXT)
|  |  |
|  |  F03:PLAN FRAGMENT [RANDOM] hosts=10 instances=10
|  |  Per-Host Shared Resources: mem-estimate=1.00MB mem-reservation=1.00MB thread-reservation=0 runtime-filters-memory=1.00MB
|  |  Per-Instance Resources: mem-estimate=16.75MB mem-reservation=1.00MB thread-reservation=1
|  |  max-parallelism=10 segment-costs=[12827706]
|  |  08:HASH JOIN [INNER JOIN, BROADCAST]
|  |  |  hash-table-id=08
|  |  |  hash predicates: tpcds_partitioned_parquet_snap.customer.c_current_addr_sk = tpcds_partitioned_parquet_snap.customer_address.ca_address_sk
|  |  |  fk/pk conjuncts: tpcds_partitioned_parquet_snap.customer.c_current_addr_sk = tpcds_partitioned_parquet_snap.customer_address.ca_address_sk
|  |  |  other join predicates: tpcds_partitioned_parquet_snap.customer.c_birth_country != upper(tpcds_partitioned_parquet_snap.customer_address.ca_country)
|  |  |  mem-estimate=0B mem-reservation=0B spill-buffer=2.00MB thread-reservation=0
|  |  |  tuple-ids=6,8,10 row-size=180B cardinality=444.37K cost=194502
|  |  |  in pipelines: 04(GETNEXT), 05(OPEN)
|  |  |
|  |  |--F26:PLAN FRAGMENT [RANDOM] hosts=10 instances=10
|  |  |  |  Per-Instance Resources: mem-estimate=46.20MB mem-reservation=35.00MB thread-reservation=1 runtime-filters-memory=1.00MB
|  |  |  |  max-parallelism=10 segment-costs=[460251] cpu-comparison-result=20 [max(20 (self) vs 11 (sum children))]
|  |  |  JOIN BUILD
|  |  |  |  join-table-id=08 plan-id=09 cohort-id=06
|  |  |  |  build expressions: tpcds_partitioned_parquet_snap.customer_address.ca_address_sk
|  |  |  |  runtime filters: RF010[bloom] <- tpcds_partitioned_parquet_snap.customer_address.ca_address_sk, RF011[min_max] <- tpcds_partitioned_parquet_snap.customer_address.ca_address_sk
|  |  |  |  mem-estimate=34.00MB mem-reservation=34.00MB spill-buffer=2.00MB thread-reservation=0 cost=197621
|  |  |  |
|  |  |  30:EXCHANGE [BROADCAST]
|  |  |  |  mem-estimate=11.20MB mem-reservation=0B thread-reservation=0
|  |  |  |  tuple-ids=8,10 row-size=115B cardinality=197.62K cost=262630
|  |  |  |  in pipelines: 05(GETNEXT)
|  |  |  |
|  |  |  F04:PLAN FRAGMENT [RANDOM] hosts=10 instances=10
|  |  |  Per-Host Shared Resources: mem-estimate=1.00MB mem-reservation=1.00MB thread-reservation=0 runtime-filters-memory=1.00MB
|  |  |  Per-Instance Resources: mem-estimate=16.48MB mem-reservation=128.00KB thread-reservation=1
|  |  |  max-parallelism=10 segment-costs=[5340363]
|  |  |  07:HASH JOIN [INNER JOIN, BROADCAST]
|  |  |  |  hash-table-id=09
|  |  |  |  hash predicates: tpcds_partitioned_parquet_snap.customer_address.ca_zip = tpcds_partitioned_parquet_snap.store.s_zip
|  |  |  |  fk/pk conjuncts: none
|  |  |  |  mem-estimate=0B mem-reservation=0B spill-buffer=64.00KB thread-reservation=0
|  |  |  |  tuple-ids=8,10 row-size=115B cardinality=197.62K cost=86498
|  |  |  |  in pipelines: 05(GETNEXT), 06(OPEN)
|  |  |  |
|  |  |  |--F27:PLAN FRAGMENT [RANDOM] hosts=10 instances=10
|  |  |  |  |  Per-Instance Resources: mem-estimate=2.95MB mem-reservation=2.94MB thread-reservation=1 runtime-filters-memory=1.00MB
|  |  |  |  |  max-parallelism=10 segment-costs=[304]
|  |  |  |  JOIN BUILD
|  |  |  |  |  join-table-id=09 plan-id=10 cohort-id=07
|  |  |  |  |  build expressions: tpcds_partitioned_parquet_snap.store.s_zip
|  |  |  |  |  runtime filters: RF012[bloom] <- tpcds_partitioned_parquet_snap.store.s_zip, RF013[min_max] <- tpcds_partitioned_parquet_snap.store.s_zip
|  |  |  |  |  mem-estimate=1.94MB mem-reservation=1.94MB spill-buffer=64.00KB thread-reservation=0 cost=134
|  |  |  |  |
|  |  |  |  29:EXCHANGE [BROADCAST]
|  |  |  |  |  mem-estimate=16.00KB mem-reservation=0B thread-reservation=0
|  |  |  |  |  tuple-ids=10 row-size=55B cardinality=134 cost=170
|  |  |  |  |  in pipelines: 06(GETNEXT)
|  |  |  |  |
|  |  |  |  F05:PLAN FRAGMENT [RANDOM] hosts=1 instances=1
|  |  |  |  Per-Instance Resources: mem-estimate=16.23MB mem-reservation=40.00KB thread-reservation=1
|  |  |  |  max-parallelism=1 segment-costs=[428]
|  |  |  |  06:SCAN HDFS [tpcds_partitioned_parquet_snap.store, RANDOM]
|  |  |  |     HDFS partitions=1/1 files=1 size=119.76KB
|  |  |  |     predicates: tpcds_partitioned_parquet_snap.store.s_market_id = CAST(10 AS INT)
|  |  |  |     stored statistics:
|  |  |  |       table: rows=1.35K size=119.76KB
|  |  |  |       columns: all
|  |  |  |     extrapolated-rows=disabled max-scan-range-rows=1.35K
|  |  |  |     parquet statistics predicates: tpcds_partitioned_parquet_snap.store.s_market_id = CAST(10 AS INT)
|  |  |  |     parquet dictionary predicates: tpcds_partitioned_parquet_snap.store.s_market_id = CAST(10 AS INT)
|  |  |  |     mem-estimate=16.00MB mem-reservation=40.00KB thread-reservation=0
|  |  |  |     tuple-ids=10 row-size=55B cardinality=134 cost=406
|  |  |  |     in pipelines: 06(GETNEXT)
|  |  |  |
|  |  |  05:SCAN HDFS [tpcds_partitioned_parquet_snap.customer_address, RANDOM]
|  |  |     HDFS partitions=1/1 files=1 size=307.36MB
|  |  |     runtime filters: RF013[min_max] -> tpcds_partitioned_parquet_snap.customer_address.ca_zip, RF012[bloom] -> tpcds_partitioned_parquet_snap.customer_address.ca_zip
|  |  |     stored statistics:
|  |  |       table: rows=15.00M size=307.36MB
|  |  |       columns: all
|  |  |     extrapolated-rows=disabled max-scan-range-rows=1.58M
|  |  |     mem-estimate=16.00MB mem-reservation=128.00KB thread-reservation=0
|  |  |     tuple-ids=8 row-size=60B cardinality=197.62K(filtered from 15.00M) cost=5184000
|  |  |     in pipelines: 05(GETNEXT)
|  |  |
|  |  04:SCAN HDFS [tpcds_partitioned_parquet_snap.customer, RANDOM]
|  |     HDFS partitions=1/1 files=1 size=1.55GB
|  |     runtime filters: RF011[min_max] -> tpcds_partitioned_parquet_snap.customer.c_current_addr_sk, RF010[bloom] -> tpcds_partitioned_parquet_snap.customer.c_current_addr_sk
|  |     stored statistics:
|  |       table: rows=30.00M size=1.55GB
|  |       columns: all
|  |     extrapolated-rows=disabled max-scan-range-rows=3.10M
|  |     mem-estimate=16.00MB mem-reservation=1.00MB thread-reservation=0
|  |     tuple-ids=6 row-size=65B cardinality=444.37K(filtered from 30.00M) cost=12388903
|  |     in pipelines: 04(GETNEXT)
|  |
|  03:HASH JOIN [INNER JOIN, BROADCAST]
|  |  hash-table-id=10
|  |  hash predicates: tpcds_partitioned_parquet_snap.store_sales.ss_item_sk = tpcds_partitioned_parquet_snap.item.i_item_sk
|  |  fk/pk conjuncts: tpcds_partitioned_parquet_snap.store_sales.ss_item_sk = tpcds_partitioned_parquet_snap.item.i_item_sk
|  |  mem-estimate=0B mem-reservation=0B spill-buffer=64.00KB thread-reservation=0
|  |  tuple-ids=2,4 row-size=86B cardinality=93.62M(filtered from 93.62M) cost=40979437
|  |  in pipelines: 01(GETNEXT), 02(OPEN)
|  |
|  |--F28:PLAN FRAGMENT [RANDOM] hosts=10 instances=10
|  |  |  Per-Instance Resources: mem-estimate=24.74MB mem-reservation=24.25MB thread-reservation=1 runtime-filters-memory=1.00MB
|  |  |  max-parallelism=10 segment-costs=[9083]
|  |  JOIN BUILD
|  |  |  join-table-id=10 plan-id=11 cohort-id=05
|  |  |  build expressions: tpcds_partitioned_parquet_snap.item.i_item_sk
|  |  |  runtime filters: RF008[bloom] <- tpcds_partitioned_parquet_snap.item.i_item_sk, RF009[min_max] <- tpcds_partitioned_parquet_snap.item.i_item_sk
|  |  |  mem-estimate=23.25MB mem-reservation=23.25MB spill-buffer=64.00KB thread-reservation=0 cost=3903
|  |  |
|  |  28:EXCHANGE [BROADCAST]
|  |  |  mem-estimate=499.56KB mem-reservation=0B thread-reservation=0
|  |  |  tuple-ids=4 row-size=62B cardinality=3.90K cost=5180
|  |  |  in pipelines: 02(GETNEXT)
|  |  |
|  |  F02:PLAN FRAGMENT [RANDOM] hosts=4 instances=4
|  |  Per-Instance Resources: mem-estimate=16.26MB mem-reservation=512.00KB thread-reservation=1
|  |  max-parallelism=4 segment-costs=[145132]
|  |  02:SCAN HDFS [tpcds_partitioned_parquet_snap.item, RANDOM]
|  |     HDFS partitions=1/1 files=1 size=33.54MB
|  |     predicates: tpcds_partitioned_parquet_snap.item.i_color = 'navy'
|  |     stored statistics:
|  |       table: rows=360.00K size=33.54MB
|  |       columns: all
|  |     extrapolated-rows=disabled max-scan-range-rows=101.54K
|  |     parquet statistics predicates: tpcds_partitioned_parquet_snap.item.i_color = 'navy'
|  |     parquet dictionary predicates: tpcds_partitioned_parquet_snap.item.i_color = 'navy'
|  |     mem-estimate=16.00MB mem-reservation=512.00KB thread-reservation=0
|  |     tuple-ids=4 row-size=62B cardinality=3.90K cost=144396
|  |     in pipelines: 02(GETNEXT)
|  |
|  01:SCAN HDFS [tpcds_partitioned_parquet_snap.store_sales, RANDOM]
|     HDFS partitions=1824/1824 files=1824 size=389.90GB
|     runtime filters: RF009[min_max] -> tpcds_partitioned_parquet_snap.store_sales.ss_item_sk, RF006[min_max] -> tpcds_partitioned_parquet_snap.store_sales.ss_customer_sk, RF007[min_max] -> tpcds_partitioned_parquet_snap.store_sales.ss_store_sk, RF008[bloom] -> tpcds_partitioned_parquet_snap.store_sales.ss_item_sk, RF004[bloom] -> tpcds_partitioned_parquet_snap.store_sales.ss_customer_sk, RF005[bloom] -> tpcds_partitioned_parquet_snap.store_sales.ss_store_sk
|     stored statistics:
|       table: rows=8.64G size=389.90GB
|       partitions: 1824/1824 rows=8.64G
|       columns: all
|     extrapolated-rows=disabled max-scan-range-rows=390.22M
|     mem-estimate=16.00MB mem-reservation=8.00MB thread-reservation=0
|     tuple-ids=2 row-size=24B cardinality=93.62M(filtered from 8.64G) cost=2985961602
|     in pipelines: 01(GETNEXT)
|
00:SCAN HDFS [tpcds_partitioned_parquet_snap.store_returns, RANDOM]
   HDFS partitions=2004/2004 files=2004 size=48.14GB
   runtime filters: RF002[min_max] -> tpcds_partitioned_parquet_snap.store_returns.sr_item_sk, RF003[min_max] -> tpcds_partitioned_parquet_snap.store_returns.sr_ticket_number, RF000[bloom] -> tpcds_partitioned_parquet_snap.store_returns.sr_item_sk, RF001[bloom] -> tpcds_partitioned_parquet_snap.store_returns.sr_ticket_number
   stored statistics:
     table: rows=863.99M size=48.14GB
     partitions: 2004/2004 rows=863.99M
     columns: all
   extrapolated-rows=disabled max-scan-range-rows=30.09M
   mem-estimate=16.00MB mem-reservation=512.00KB thread-reservation=0
   tuple-ids=0 row-size=12B cardinality=863.99M cost=149297235
   in pipelines: 00(GETNEXT)
====
