# TPCDS-Q59
# start query 59 in stream 0 using template query59.tpl using seed 307347183
with wss as
 (select d_week_seq,
        ss_store_sk,
        sum(case when (d_day_name='Sunday') then ss_sales_price else null end) sun_sales,
        sum(case when (d_day_name='Monday') then ss_sales_price else null end) mon_sales,
        sum(case when (d_day_name='Tuesday') then ss_sales_price else  null end) tue_sales,
        sum(case when (d_day_name='Wednesday') then ss_sales_price else null end) wed_sales,
        sum(case when (d_day_name='Thursday') then ss_sales_price else null end) thu_sales,
        sum(case when (d_day_name='Friday') then ss_sales_price else null end) fri_sales,
        sum(case when (d_day_name='Saturday') then ss_sales_price else null end) sat_sales
 from store_sales,date_dim
 where d_date_sk = ss_sold_date_sk
 group by d_week_seq,ss_store_sk
 )
  select  s_store_name1,s_store_id1,d_week_seq1
       ,sun_sales1/sun_sales2,mon_sales1/mon_sales2
       ,tue_sales1/tue_sales2,wed_sales1/wed_sales2,thu_sales1/thu_sales2
       ,fri_sales1/fri_sales2,sat_sales1/sat_sales2
 from
 (select s_store_name s_store_name1,wss.d_week_seq d_week_seq1
        ,s_store_id s_store_id1,sun_sales sun_sales1
        ,mon_sales mon_sales1,tue_sales tue_sales1
        ,wed_sales wed_sales1,thu_sales thu_sales1
        ,fri_sales fri_sales1,sat_sales sat_sales1
  from wss,store,date_dim d
  where d.d_week_seq = wss.d_week_seq and
        ss_store_sk = s_store_sk and
        d_month_seq between 1199 and 1199 + 11) y,
 (select s_store_name s_store_name2,wss.d_week_seq d_week_seq2
        ,s_store_id s_store_id2,sun_sales sun_sales2
        ,mon_sales mon_sales2,tue_sales tue_sales2
        ,wed_sales wed_sales2,thu_sales thu_sales2
        ,fri_sales fri_sales2,sat_sales sat_sales2
  from wss,store,date_dim d
  where d.d_week_seq = wss.d_week_seq and
        ss_store_sk = s_store_sk and
        d_month_seq between 1199+ 12 and 1199 + 23) x
 where s_store_id1=s_store_id2
   and d_week_seq1=d_week_seq2-52
 order by s_store_name1,s_store_id1,d_week_seq1
limit 100

# end query 59 in stream 0 using template query59.tpl
---- PLAN
Max Per-Host Resource Reservation: Memory=131.04MB Threads=1
Per-Host Resource Estimates: Memory=2.10GB
F00:PLAN FRAGMENT [UNPARTITIONED] hosts=1 instances=1
|  Per-Instance Resources: mem-estimate=2.10GB mem-reservation=131.04MB thread-reservation=1 runtime-filters-memory=8.00MB
|  max-parallelism=1 segment-costs=[20807146710, 20807146710, 684061333796, 1000]
PLAN-ROOT SINK
|  output exprs: s_store_name, s_store_id, tpcds_partitioned_parquet_snap.date_dim.d_week_seq, divide(sum(CASE WHEN tpcds_partitioned_parquet_snap.date_dim.d_day_name = 'Sunday' THEN tpcds_partitioned_parquet_snap.store_sales.ss_sales_price ELSE NULL END), sum(CASE WHEN tpcds_partitioned_parquet_snap.date_dim_1.d_day_name = 'Sunday' THEN tpcds_partitioned_parquet_snap.store_sales_0.ss_sales_price ELSE NULL END)), divide(sum(CASE WHEN tpcds_partitioned_parquet_snap.date_dim.d_day_name = 'Monday' THEN tpcds_partitioned_parquet_snap.store_sales.ss_sales_price ELSE NULL END), sum(CASE WHEN tpcds_partitioned_parquet_snap.date_dim_1.d_day_name = 'Monday' THEN tpcds_partitioned_parquet_snap.store_sales_0.ss_sales_price ELSE NULL END)), divide(sum(CASE WHEN tpcds_partitioned_parquet_snap.date_dim.d_day_name = 'Tuesday' THEN tpcds_partitioned_parquet_snap.store_sales.ss_sales_price ELSE NULL END), sum(CASE WHEN tpcds_partitioned_parquet_snap.date_dim_1.d_day_name = 'Tuesday' THEN tpcds_partitioned_parquet_snap.store_sales_0.ss_sales_price ELSE NULL END)), divide(sum(CASE WHEN tpcds_partitioned_parquet_snap.date_dim.d_day_name = 'Wednesday' THEN tpcds_partitioned_parquet_snap.store_sales.ss_sales_price ELSE NULL END), sum(CASE WHEN tpcds_partitioned_parquet_snap.date_dim_1.d_day_name = 'Wednesday' THEN tpcds_partitioned_parquet_snap.store_sales_0.ss_sales_price ELSE NULL END)), divide(sum(CASE WHEN tpcds_partitioned_parquet_snap.date_dim.d_day_name = 'Thursday' THEN tpcds_partitioned_parquet_snap.store_sales.ss_sales_price ELSE NULL END), sum(CASE WHEN tpcds_partitioned_parquet_snap.date_dim_1.d_day_name = 'Thursday' THEN tpcds_partitioned_parquet_snap.store_sales_0.ss_sales_price ELSE NULL END)), divide(sum(CASE WHEN tpcds_partitioned_parquet_snap.date_dim.d_day_name = 'Friday' THEN tpcds_partitioned_parquet_snap.store_sales.ss_sales_price ELSE NULL END), sum(CASE WHEN tpcds_partitioned_parquet_snap.date_dim_1.d_day_name = 'Friday' THEN tpcds_partitioned_parquet_snap.store_sales_0.ss_sales_price ELSE NULL END)), divide(sum(CASE WHEN tpcds_partitioned_parquet_snap.date_dim.d_day_name = 'Saturday' THEN tpcds_partitioned_parquet_snap.store_sales.ss_sales_price ELSE NULL END), sum(CASE WHEN tpcds_partitioned_parquet_snap.date_dim_1.d_day_name = 'Saturday' THEN tpcds_partitioned_parquet_snap.store_sales_0.ss_sales_price ELSE NULL END))
|  mem-estimate=4.00MB mem-reservation=4.00MB spill-buffer=2.00MB thread-reservation=0 cost=1000
|
17:TOP-N [LIMIT=100]
|  order by: s_store_name ASC NULLS LAST, s_store_id ASC NULLS LAST, tpcds_partitioned_parquet_snap.date_dim.d_week_seq ASC NULLS LAST
|  mem-estimate=26.56KB mem-reservation=0B thread-reservation=0
|  tuple-ids=18 row-size=272B cardinality=100 cost=677819547542
|  in pipelines: 17(GETNEXT), 03(OPEN)
|
16:HASH JOIN [INNER JOIN]
|  hash predicates: tpcds_partitioned_parquet_snap.store_0.s_store_sk = tpcds_partitioned_parquet_snap.store_sales_0.ss_store_sk, tpcds_partitioned_parquet_snap.date_dim.d_week_seq = subtract(tpcds_partitioned_parquet_snap.date_dim_1.d_week_seq, 52)
|  fk/pk conjuncts: none
|  runtime filters: RF000[bloom] <- tpcds_partitioned_parquet_snap.store_sales_0.ss_store_sk, RF001[bloom] <- subtract(tpcds_partitioned_parquet_snap.date_dim_1.d_week_seq, 52), RF002[min_max] <- tpcds_partitioned_parquet_snap.store_sales_0.ss_store_sk
|  mem-estimate=678.30MB mem-reservation=34.00MB spill-buffer=2.00MB thread-reservation=0
|  tuple-ids=4,5,7,9,15,16 row-size=336B cardinality=34.35G cost=6231416885
|  in pipelines: 03(GETNEXT), 13(OPEN)
|
|--15:HASH JOIN [INNER JOIN]
|  |  hash predicates: tpcds_partitioned_parquet_snap.date_dim_1.d_week_seq = tpcds_partitioned_parquet_snap.date_dim_2.d_week_seq
|  |  fk/pk conjuncts: none
|  |  runtime filters: RF012[bloom] <- tpcds_partitioned_parquet_snap.date_dim_2.d_week_seq, RF013[min_max] <- tpcds_partitioned_parquet_snap.date_dim_2.d_week_seq
|  |  mem-estimate=1.94MB mem-reservation=1.94MB spill-buffer=64.00KB thread-reservation=0
|  |  tuple-ids=15,16 row-size=128B cardinality=4.77M cost=2654135
|  |  in pipelines: 13(GETNEXT), 14(OPEN)
|  |
|  |--14:SCAN HDFS [tpcds_partitioned_parquet_snap.date_dim]
|  |     HDFS partitions=1/1 files=1 size=2.17MB
|  |     predicates: tpcds_partitioned_parquet_snap.date_dim_2.d_month_seq <= add(CAST(1199 AS INT), CAST(23 AS INT)), tpcds_partitioned_parquet_snap.date_dim_2.d_month_seq >= add(CAST(1199 AS INT), CAST(12 AS INT))
|  |     stored statistics:
|  |       table: rows=73.05K size=2.17MB
|  |       columns: all
|  |     extrapolated-rows=disabled max-scan-range-rows=73.05K
|  |     parquet statistics predicates: tpcds_partitioned_parquet_snap.date_dim_2.d_month_seq <= add(CAST(1199 AS INT), CAST(23 AS INT)), tpcds_partitioned_parquet_snap.date_dim_2.d_month_seq >= add(CAST(1199 AS INT), CAST(12 AS INT))
|  |     parquet dictionary predicates: tpcds_partitioned_parquet_snap.date_dim_2.d_month_seq <= add(CAST(1199 AS INT), CAST(23 AS INT)), tpcds_partitioned_parquet_snap.date_dim_2.d_month_seq >= add(CAST(1199 AS INT), CAST(12 AS INT))
|  |     mem-estimate=16.00MB mem-reservation=512.00KB thread-reservation=0
|  |     tuple-ids=16 row-size=8B cardinality=7.30K cost=12520
|  |     in pipelines: 14(GETNEXT)
|  |
|  13:AGGREGATE [FINALIZE]
|  |  output: sum(CASE WHEN tpcds_partitioned_parquet_snap.date_dim_1.d_day_name = 'Sunday' THEN tpcds_partitioned_parquet_snap.store_sales_0.ss_sales_price ELSE NULL END), sum(CASE WHEN tpcds_partitioned_parquet_snap.date_dim_1.d_day_name = 'Monday' THEN tpcds_partitioned_parquet_snap.store_sales_0.ss_sales_price ELSE NULL END), sum(CASE WHEN tpcds_partitioned_parquet_snap.date_dim_1.d_day_name = 'Tuesday' THEN tpcds_partitioned_parquet_snap.store_sales_0.ss_sales_price ELSE NULL END), sum(CASE WHEN tpcds_partitioned_parquet_snap.date_dim_1.d_day_name = 'Wednesday' THEN tpcds_partitioned_parquet_snap.store_sales_0.ss_sales_price ELSE NULL END), sum(CASE WHEN tpcds_partitioned_parquet_snap.date_dim_1.d_day_name = 'Thursday' THEN tpcds_partitioned_parquet_snap.store_sales_0.ss_sales_price ELSE NULL END), sum(CASE WHEN tpcds_partitioned_parquet_snap.date_dim_1.d_day_name = 'Friday' THEN tpcds_partitioned_parquet_snap.store_sales_0.ss_sales_price ELSE NULL END), sum(CASE WHEN tpcds_partitioned_parquet_snap.date_dim_1.d_day_name = 'Saturday' THEN tpcds_partitioned_parquet_snap.store_sales_0.ss_sales_price ELSE NULL END)
|  |  group by: tpcds_partitioned_parquet_snap.date_dim_1.d_week_seq, tpcds_partitioned_parquet_snap.store_sales_0.ss_store_sk
|  |  mem-estimate=693.40MB mem-reservation=34.00MB spill-buffer=2.00MB thread-reservation=0
|  |  tuple-ids=15 row-size=120B cardinality=6.95M cost=15532377299
|  |  in pipelines: 13(GETNEXT), 10(OPEN)
|  |
|  12:HASH JOIN [INNER JOIN]
|  |  hash predicates: tpcds_partitioned_parquet_snap.store_sales_0.ss_sold_date_sk = tpcds_partitioned_parquet_snap.date_dim_1.d_date_sk
|  |  fk/pk conjuncts: tpcds_partitioned_parquet_snap.store_sales_0.ss_sold_date_sk = tpcds_partitioned_parquet_snap.date_dim_1.d_date_sk
|  |  runtime filters: RF014[bloom] <- tpcds_partitioned_parquet_snap.date_dim_1.d_date_sk
|  |  mem-estimate=4.75MB mem-reservation=4.75MB spill-buffer=256.00KB thread-reservation=0
|  |  tuple-ids=11,13 row-size=39B cardinality=8.64G cost=3781772682
|  |  in pipelines: 10(GETNEXT), 11(OPEN)
|  |
|  |--11:SCAN HDFS [tpcds_partitioned_parquet_snap.date_dim]
|  |     HDFS partitions=1/1 files=1 size=2.17MB
|  |     runtime filters: RF013[min_max] -> tpcds_partitioned_parquet_snap.date_dim_1.d_week_seq, RF012[bloom] -> tpcds_partitioned_parquet_snap.date_dim_1.d_week_seq
|  |     stored statistics:
|  |       table: rows=73.05K size=2.17MB
|  |       columns: all
|  |     extrapolated-rows=disabled max-scan-range-rows=73.05K
|  |     mem-estimate=16.00MB mem-reservation=512.00KB thread-reservation=0
|  |     tuple-ids=13 row-size=27B cardinality=73.05K cost=15928
|  |     in pipelines: 11(GETNEXT)
|  |
|  10:SCAN HDFS [tpcds_partitioned_parquet_snap.store_sales]
|     HDFS partitions=1824/1824 files=1824 size=389.90GB
|     runtime filters: RF014[bloom] -> tpcds_partitioned_parquet_snap.store_sales_0.ss_sold_date_sk
|     stored statistics:
|       table: rows=8.64G size=389.90GB
|       partitions: 1824/1824 rows=8.64G
|       columns: all
|     extrapolated-rows=disabled max-scan-range-rows=390.22M
|     mem-estimate=16.00MB mem-reservation=8.00MB thread-reservation=0
|     tuple-ids=11 row-size=12B cardinality=8.64G cost=1492980801
|     in pipelines: 10(GETNEXT)
|
09:HASH JOIN [INNER JOIN]
|  hash predicates: tpcds_partitioned_parquet_snap.store.s_store_id = tpcds_partitioned_parquet_snap.store_0.s_store_id
|  fk/pk conjuncts: none
|  runtime filters: RF004[bloom] <- tpcds_partitioned_parquet_snap.store_0.s_store_id, RF005[min_max] <- tpcds_partitioned_parquet_snap.store_0.s_store_id
|  mem-estimate=1.94MB mem-reservation=1.94MB spill-buffer=64.00KB thread-reservation=0
|  tuple-ids=4,5,7,9 row-size=208B cardinality=9.50M cost=2945955
|  in pipelines: 03(GETNEXT), 08(OPEN)
|
|--08:SCAN HDFS [tpcds_partitioned_parquet_snap.store]
|     HDFS partitions=1/1 files=1 size=119.76KB
|     runtime filters: RF002[min_max] -> tpcds_partitioned_parquet_snap.store_0.s_store_sk, RF000[bloom] -> tpcds_partitioned_parquet_snap.store_0.s_store_sk
|     stored statistics:
|       table: rows=1.35K size=119.76KB
|       columns: all
|     extrapolated-rows=disabled max-scan-range-rows=1.35K
|     mem-estimate=16.00MB mem-reservation=16.00KB thread-reservation=0
|     tuple-ids=9 row-size=32B cardinality=1.35K cost=388
|     in pipelines: 08(GETNEXT)
|
07:HASH JOIN [INNER JOIN]
|  hash predicates: tpcds_partitioned_parquet_snap.store_sales.ss_store_sk = tpcds_partitioned_parquet_snap.store.s_store_sk
|  fk/pk conjuncts: tpcds_partitioned_parquet_snap.store_sales.ss_store_sk = tpcds_partitioned_parquet_snap.store.s_store_sk
|  runtime filters: RF006[bloom] <- tpcds_partitioned_parquet_snap.store.s_store_sk, RF007[min_max] <- tpcds_partitioned_parquet_snap.store.s_store_sk
|  mem-estimate=1.94MB mem-reservation=1.94MB spill-buffer=64.00KB thread-reservation=0
|  tuple-ids=4,5,7 row-size=176B cardinality=4.77M cost=2089251
|  in pipelines: 03(GETNEXT), 06(OPEN)
|
|--06:SCAN HDFS [tpcds_partitioned_parquet_snap.store]
|     HDFS partitions=1/1 files=1 size=119.76KB
|     runtime filters: RF005[min_max] -> tpcds_partitioned_parquet_snap.store.s_store_id, RF004[bloom] -> tpcds_partitioned_parquet_snap.store.s_store_id
|     stored statistics:
|       table: rows=1.35K size=119.76KB
|       columns: all
|     extrapolated-rows=disabled max-scan-range-rows=1.35K
|     mem-estimate=16.00MB mem-reservation=24.00KB thread-reservation=0
|     tuple-ids=7 row-size=48B cardinality=1.35K cost=465
|     in pipelines: 06(GETNEXT)
|
05:HASH JOIN [INNER JOIN]
|  hash predicates: tpcds_partitioned_parquet_snap.date_dim.d_week_seq = tpcds_partitioned_parquet_snap.date_dim_0.d_week_seq
|  fk/pk conjuncts: none
|  runtime filters: RF008[bloom] <- tpcds_partitioned_parquet_snap.date_dim_0.d_week_seq, RF009[min_max] <- tpcds_partitioned_parquet_snap.date_dim_0.d_week_seq
|  mem-estimate=1.94MB mem-reservation=1.94MB spill-buffer=64.00KB thread-reservation=0
|  tuple-ids=4,5 row-size=128B cardinality=4.77M cost=2654135
|  in pipelines: 03(GETNEXT), 04(OPEN)
|
|--04:SCAN HDFS [tpcds_partitioned_parquet_snap.date_dim]
|     HDFS partitions=1/1 files=1 size=2.17MB
|     predicates: tpcds_partitioned_parquet_snap.date_dim_0.d_month_seq <= add(CAST(1199 AS INT), CAST(11 AS INT)), tpcds_partitioned_parquet_snap.date_dim_0.d_month_seq >= CAST(1199 AS INT)
|     runtime filters: RF001[bloom] -> tpcds_partitioned_parquet_snap.date_dim_0.d_week_seq
|     stored statistics:
|       table: rows=73.05K size=2.17MB
|       columns: all
|     extrapolated-rows=disabled max-scan-range-rows=73.05K
|     parquet statistics predicates: tpcds_partitioned_parquet_snap.date_dim_0.d_month_seq <= add(CAST(1199 AS INT), CAST(11 AS INT)), tpcds_partitioned_parquet_snap.date_dim_0.d_month_seq >= CAST(1199 AS INT)
|     parquet dictionary predicates: tpcds_partitioned_parquet_snap.date_dim_0.d_month_seq <= add(CAST(1199 AS INT), CAST(11 AS INT)), tpcds_partitioned_parquet_snap.date_dim_0.d_month_seq >= CAST(1199 AS INT)
|     mem-estimate=16.00MB mem-reservation=512.00KB thread-reservation=0
|     tuple-ids=5 row-size=8B cardinality=7.30K cost=12520
|     in pipelines: 04(GETNEXT)
|
03:AGGREGATE [FINALIZE]
|  output: sum(CASE WHEN tpcds_partitioned_parquet_snap.date_dim.d_day_name = 'Sunday' THEN tpcds_partitioned_parquet_snap.store_sales.ss_sales_price ELSE NULL END), sum(CASE WHEN tpcds_partitioned_parquet_snap.date_dim.d_day_name = 'Monday' THEN tpcds_partitioned_parquet_snap.store_sales.ss_sales_price ELSE NULL END), sum(CASE WHEN tpcds_partitioned_parquet_snap.date_dim.d_day_name = 'Tuesday' THEN tpcds_partitioned_parquet_snap.store_sales.ss_sales_price ELSE NULL END), sum(CASE WHEN tpcds_partitioned_parquet_snap.date_dim.d_day_name = 'Wednesday' THEN tpcds_partitioned_parquet_snap.store_sales.ss_sales_price ELSE NULL END), sum(CASE WHEN tpcds_partitioned_parquet_snap.date_dim.d_day_name = 'Thursday' THEN tpcds_partitioned_parquet_snap.store_sales.ss_sales_price ELSE NULL END), sum(CASE WHEN tpcds_partitioned_parquet_snap.date_dim.d_day_name = 'Friday' THEN tpcds_partitioned_parquet_snap.store_sales.ss_sales_price ELSE NULL END), sum(CASE WHEN tpcds_partitioned_parquet_snap.date_dim.d_day_name = 'Saturday' THEN tpcds_partitioned_parquet_snap.store_sales.ss_sales_price ELSE NULL END)
|  group by: tpcds_partitioned_parquet_snap.date_dim.d_week_seq, tpcds_partitioned_parquet_snap.store_sales.ss_store_sk
|  mem-estimate=693.40MB mem-reservation=34.00MB spill-buffer=2.00MB thread-reservation=0
|  tuple-ids=4 row-size=120B cardinality=6.95M cost=15532377299
|  in pipelines: 03(GETNEXT), 00(OPEN)
|
02:HASH JOIN [INNER JOIN]
|  hash predicates: tpcds_partitioned_parquet_snap.store_sales.ss_sold_date_sk = tpcds_partitioned_parquet_snap.date_dim.d_date_sk
|  fk/pk conjuncts: tpcds_partitioned_parquet_snap.store_sales.ss_sold_date_sk = tpcds_partitioned_parquet_snap.date_dim.d_date_sk
|  runtime filters: RF010[bloom] <- tpcds_partitioned_parquet_snap.date_dim.d_date_sk
|  mem-estimate=4.75MB mem-reservation=4.75MB spill-buffer=256.00KB thread-reservation=0
|  tuple-ids=0,2 row-size=39B cardinality=8.64G cost=3781772682
|  in pipelines: 00(GETNEXT), 01(OPEN)
|
|--01:SCAN HDFS [tpcds_partitioned_parquet_snap.date_dim]
|     HDFS partitions=1/1 files=1 size=2.17MB
|     runtime filters: RF009[min_max] -> tpcds_partitioned_parquet_snap.date_dim.d_week_seq, RF008[bloom] -> tpcds_partitioned_parquet_snap.date_dim.d_week_seq, RF001[bloom] -> tpcds_partitioned_parquet_snap.date_dim.d_week_seq
|     stored statistics:
|       table: rows=73.05K size=2.17MB
|       columns: all
|     extrapolated-rows=disabled max-scan-range-rows=73.05K
|     mem-estimate=16.00MB mem-reservation=512.00KB thread-reservation=0
|     tuple-ids=2 row-size=27B cardinality=73.05K cost=15928
|     in pipelines: 01(GETNEXT)
|
00:SCAN HDFS [tpcds_partitioned_parquet_snap.store_sales]
   HDFS partitions=1824/1824 files=1824 size=389.90GB
   runtime filters: RF007[min_max] -> tpcds_partitioned_parquet_snap.store_sales.ss_store_sk, RF006[bloom] -> tpcds_partitioned_parquet_snap.store_sales.ss_store_sk, RF010[bloom] -> tpcds_partitioned_parquet_snap.store_sales.ss_sold_date_sk
   stored statistics:
     table: rows=8.64G size=389.90GB
     partitions: 1824/1824 rows=8.64G
     columns: all
   extrapolated-rows=disabled max-scan-range-rows=390.22M
   mem-estimate=16.00MB mem-reservation=8.00MB thread-reservation=0
   tuple-ids=0 row-size=12B cardinality=8.64G cost=1492980801
   in pipelines: 00(GETNEXT)
---- DISTRIBUTEDPLAN
Max Per-Host Resource Reservation: Memory=1.52GB Threads=84
Per-Host Resource Estimates: Memory=21.23GB
F11:PLAN FRAGMENT [UNPARTITIONED] hosts=1 instances=1
|  Per-Instance Resources: mem-estimate=7.16MB mem-reservation=4.00MB thread-reservation=1
|  max-parallelism=1 segment-costs=[1079] cpu-comparison-result=284 [max(1 (self) vs 284 (sum children))]
PLAN-ROOT SINK
|  output exprs: s_store_name, s_store_id, tpcds_partitioned_parquet_snap.date_dim.d_week_seq, divide(sum(CASE WHEN tpcds_partitioned_parquet_snap.date_dim.d_day_name = 'Sunday' THEN tpcds_partitioned_parquet_snap.store_sales.ss_sales_price ELSE NULL END), sum(CASE WHEN tpcds_partitioned_parquet_snap.date_dim_1.d_day_name = 'Sunday' THEN tpcds_partitioned_parquet_snap.store_sales_0.ss_sales_price ELSE NULL END)), divide(sum(CASE WHEN tpcds_partitioned_parquet_snap.date_dim.d_day_name = 'Monday' THEN tpcds_partitioned_parquet_snap.store_sales.ss_sales_price ELSE NULL END), sum(CASE WHEN tpcds_partitioned_parquet_snap.date_dim_1.d_day_name = 'Monday' THEN tpcds_partitioned_parquet_snap.store_sales_0.ss_sales_price ELSE NULL END)), divide(sum(CASE WHEN tpcds_partitioned_parquet_snap.date_dim.d_day_name = 'Tuesday' THEN tpcds_partitioned_parquet_snap.store_sales.ss_sales_price ELSE NULL END), sum(CASE WHEN tpcds_partitioned_parquet_snap.date_dim_1.d_day_name = 'Tuesday' THEN tpcds_partitioned_parquet_snap.store_sales_0.ss_sales_price ELSE NULL END)), divide(sum(CASE WHEN tpcds_partitioned_parquet_snap.date_dim.d_day_name = 'Wednesday' THEN tpcds_partitioned_parquet_snap.store_sales.ss_sales_price ELSE NULL END), sum(CASE WHEN tpcds_partitioned_parquet_snap.date_dim_1.d_day_name = 'Wednesday' THEN tpcds_partitioned_parquet_snap.store_sales_0.ss_sales_price ELSE NULL END)), divide(sum(CASE WHEN tpcds_partitioned_parquet_snap.date_dim.d_day_name = 'Thursday' THEN tpcds_partitioned_parquet_snap.store_sales.ss_sales_price ELSE NULL END), sum(CASE WHEN tpcds_partitioned_parquet_snap.date_dim_1.d_day_name = 'Thursday' THEN tpcds_partitioned_parquet_snap.store_sales_0.ss_sales_price ELSE NULL END)), divide(sum(CASE WHEN tpcds_partitioned_parquet_snap.date_dim.d_day_name = 'Friday' THEN tpcds_partitioned_parquet_snap.store_sales.ss_sales_price ELSE NULL END), sum(CASE WHEN tpcds_partitioned_parquet_snap.date_dim_1.d_day_name = 'Friday' THEN tpcds_partitioned_parquet_snap.store_sales_0.ss_sales_price ELSE NULL END)), divide(sum(CASE WHEN tpcds_partitioned_parquet_snap.date_dim.d_day_name = 'Saturday' THEN tpcds_partitioned_parquet_snap.store_sales.ss_sales_price ELSE NULL END), sum(CASE WHEN tpcds_partitioned_parquet_snap.date_dim_1.d_day_name = 'Saturday' THEN tpcds_partitioned_parquet_snap.store_sales_0.ss_sales_price ELSE NULL END))
|  mem-estimate=4.00MB mem-reservation=4.00MB spill-buffer=2.00MB thread-reservation=0 cost=1000
|
30:MERGING-EXCHANGE [UNPARTITIONED]
|  order by: s_store_name ASC NULLS LAST, s_store_id ASC NULLS LAST, tpcds_partitioned_parquet_snap.date_dim.d_week_seq ASC NULLS LAST
|  limit: 100
|  mem-estimate=3.16MB mem-reservation=0B thread-reservation=0
|  tuple-ids=18 row-size=272B cardinality=100 cost=79
|  in pipelines: 17(GETNEXT)
|
F10:PLAN FRAGMENT [HASH(tpcds_partitioned_parquet_snap.store_0.s_store_sk,tpcds_partitioned_parquet_snap.date_dim.d_week_seq)] hosts=10 instances=120
Per-Instance Resources: mem-estimate=36.27MB mem-reservation=0B thread-reservation=1
max-parallelism=68410 segment-costs=[684057383222, 743] cpu-comparison-result=284 [max(120 (self) vs 284 (sum children))]
17:TOP-N [LIMIT=100]
|  order by: s_store_name ASC NULLS LAST, s_store_id ASC NULLS LAST, tpcds_partitioned_parquet_snap.date_dim.d_week_seq ASC NULLS LAST
|  mem-estimate=26.56KB mem-reservation=0B thread-reservation=0
|  tuple-ids=18 row-size=272B cardinality=100 cost=677819547542
|  in pipelines: 17(GETNEXT), 20(OPEN)
|
16:HASH JOIN [INNER JOIN, PARTITIONED]
|  hash-table-id=00
|  hash predicates: tpcds_partitioned_parquet_snap.store_0.s_store_sk = tpcds_partitioned_parquet_snap.store_sales_0.ss_store_sk, tpcds_partitioned_parquet_snap.date_dim.d_week_seq = subtract(tpcds_partitioned_parquet_snap.date_dim_1.d_week_seq, 52)
|  fk/pk conjuncts: none
|  mem-estimate=0B mem-reservation=0B spill-buffer=512.00KB thread-reservation=0
|  tuple-ids=4,5,7,9,15,16 row-size=336B cardinality=34.35G cost=6226646720
|  in pipelines: 20(GETNEXT), 26(OPEN)
|
|--F12:PLAN FRAGMENT [HASH(tpcds_partitioned_parquet_snap.store_0.s_store_sk,tpcds_partitioned_parquet_snap.date_dim.d_week_seq)] hosts=10 instances=120
|  |  Per-Instance Resources: mem-estimate=35.11MB mem-reservation=10.50MB thread-reservation=1 runtime-filters-memory=2.00MB
|  |  max-parallelism=68410 segment-costs=[8284345] cpu-comparison-result=131 [max(120 (self) vs 131 (sum children))]
|  JOIN BUILD
|  |  join-table-id=00 plan-id=01 cohort-id=01
|  |  build expressions: tpcds_partitioned_parquet_snap.store_sales_0.ss_store_sk, subtract(tpcds_partitioned_parquet_snap.date_dim_1.d_week_seq, 52)
|  |  runtime filters: RF000[bloom] <- tpcds_partitioned_parquet_snap.store_sales_0.ss_store_sk, RF001[bloom] <- subtract(tpcds_partitioned_parquet_snap.date_dim_1.d_week_seq, 52), RF002[min_max] <- tpcds_partitioned_parquet_snap.store_sales_0.ss_store_sk
|  |  mem-estimate=8.50MB mem-reservation=8.50MB spill-buffer=512.00KB thread-reservation=0 cost=4770165
|  |
|  29:EXCHANGE [HASH(tpcds_partitioned_parquet_snap.store_sales_0.ss_store_sk,subtract(tpcds_partitioned_parquet_snap.date_dim_1.d_week_seq, 52))]
|  |  mem-estimate=24.61MB mem-reservation=0B thread-reservation=0
|  |  tuple-ids=15,16 row-size=128B cardinality=4.77M cost=3514180
|  |  in pipelines: 26(GETNEXT)
|  |
|  F08:PLAN FRAGMENT [HASH(tpcds_partitioned_parquet_snap.date_dim_1.d_week_seq,tpcds_partitioned_parquet_snap.store_sales_0.ss_store_sk)] hosts=10 instances=110 (adjusted from 120)
|  Per-Instance Resources: mem-estimate=73.75MB mem-reservation=8.50MB thread-reservation=1
|  max-parallelism=210 segment-costs=[2080481569, 46883432] cpu-comparison-result=131 [max(110 (self) vs 131 (sum children))]
|  15:HASH JOIN [INNER JOIN, BROADCAST]
|  |  hash-table-id=01
|  |  hash predicates: tpcds_partitioned_parquet_snap.date_dim_1.d_week_seq = tpcds_partitioned_parquet_snap.date_dim_2.d_week_seq
|  |  fk/pk conjuncts: none
|  |  mem-estimate=0B mem-reservation=0B spill-buffer=64.00KB thread-reservation=0
|  |  tuple-ids=15,16 row-size=128B cardinality=4.77M cost=2646830
|  |  in pipelines: 26(GETNEXT), 14(OPEN)
|  |
|  |--F13:PLAN FRAGMENT [HASH(tpcds_partitioned_parquet_snap.date_dim_1.d_week_seq,tpcds_partitioned_parquet_snap.store_sales_0.ss_store_sk)] hosts=10 instances=10
|  |  |  Per-Instance Resources: mem-estimate=22.38MB mem-reservation=22.31MB thread-reservation=1 runtime-filters-memory=1.00MB
|  |  |  max-parallelism=10 segment-costs=[17005]
|  |  JOIN BUILD
|  |  |  join-table-id=01 plan-id=02 cohort-id=02
|  |  |  build expressions: tpcds_partitioned_parquet_snap.date_dim_2.d_week_seq
|  |  |  runtime filters: RF012[bloom] <- tpcds_partitioned_parquet_snap.date_dim_2.d_week_seq, RF013[min_max] <- tpcds_partitioned_parquet_snap.date_dim_2.d_week_seq
|  |  |  mem-estimate=21.31MB mem-reservation=21.31MB spill-buffer=64.00KB thread-reservation=0 cost=7305
|  |  |
|  |  27:EXCHANGE [BROADCAST]
|  |  |  mem-estimate=69.07KB mem-reservation=0B thread-reservation=0
|  |  |  tuple-ids=16 row-size=8B cardinality=7.30K cost=9700
|  |  |  in pipelines: 14(GETNEXT)
|  |  |
|  |  F09:PLAN FRAGMENT [RANDOM] hosts=1 instances=1
|  |  Per-Instance Resources: mem-estimate=16.05MB mem-reservation=512.00KB thread-reservation=1
|  |  max-parallelism=1 segment-costs=[12835]
|  |  14:SCAN HDFS [tpcds_partitioned_parquet_snap.date_dim, RANDOM]
|  |     HDFS partitions=1/1 files=1 size=2.17MB
|  |     predicates: tpcds_partitioned_parquet_snap.date_dim_2.d_month_seq <= add(CAST(1199 AS INT), CAST(23 AS INT)), tpcds_partitioned_parquet_snap.date_dim_2.d_month_seq >= add(CAST(1199 AS INT), CAST(12 AS INT))
|  |     stored statistics:
|  |       table: rows=73.05K size=2.17MB
|  |       columns: all
|  |     extrapolated-rows=disabled max-scan-range-rows=73.05K
|  |     parquet statistics predicates: tpcds_partitioned_parquet_snap.date_dim_2.d_month_seq <= add(CAST(1199 AS INT), CAST(23 AS INT)), tpcds_partitioned_parquet_snap.date_dim_2.d_month_seq >= add(CAST(1199 AS INT), CAST(12 AS INT))
|  |     parquet dictionary predicates: tpcds_partitioned_parquet_snap.date_dim_2.d_month_seq <= add(CAST(1199 AS INT), CAST(23 AS INT)), tpcds_partitioned_parquet_snap.date_dim_2.d_month_seq >= add(CAST(1199 AS INT), CAST(12 AS INT))
|  |     mem-estimate=16.00MB mem-reservation=512.00KB thread-reservation=0
|  |     tuple-ids=16 row-size=8B cardinality=7.30K cost=12520
|  |     in pipelines: 14(GETNEXT)
|  |
|  26:AGGREGATE [FINALIZE]
|  |  output: sum:merge(CASE WHEN tpcds_partitioned_parquet_snap.date_dim_1.d_day_name = 'Sunday' THEN tpcds_partitioned_parquet_snap.store_sales_0.ss_sales_price ELSE NULL END), sum:merge(CASE WHEN tpcds_partitioned_parquet_snap.date_dim_1.d_day_name = 'Monday' THEN tpcds_partitioned_parquet_snap.store_sales_0.ss_sales_price ELSE NULL END), sum:merge(CASE WHEN tpcds_partitioned_parquet_snap.date_dim_1.d_day_name = 'Tuesday' THEN tpcds_partitioned_parquet_snap.store_sales_0.ss_sales_price ELSE NULL END), sum:merge(CASE WHEN tpcds_partitioned_parquet_snap.date_dim_1.d_day_name = 'Wednesday' THEN tpcds_partitioned_parquet_snap.store_sales_0.ss_sales_price ELSE NULL END), sum:merge(CASE WHEN tpcds_partitioned_parquet_snap.date_dim_1.d_day_name = 'Thursday' THEN tpcds_partitioned_parquet_snap.store_sales_0.ss_sales_price ELSE NULL END), sum:merge(CASE WHEN tpcds_partitioned_parquet_snap.date_dim_1.d_day_name = 'Friday' THEN tpcds_partitioned_parquet_snap.store_sales_0.ss_sales_price ELSE NULL END), sum:merge(CASE WHEN tpcds_partitioned_parquet_snap.date_dim_1.d_day_name = 'Saturday' THEN tpcds_partitioned_parquet_snap.store_sales_0.ss_sales_price ELSE NULL END)
|  |  group by: tpcds_partitioned_parquet_snap.date_dim_1.d_week_seq, tpcds_partitioned_parquet_snap.store_sales_0.ss_store_sk
|  |  mem-estimate=10.00MB mem-reservation=8.50MB spill-buffer=512.00KB thread-reservation=0
|  |  tuple-ids=15 row-size=120B cardinality=6.95M cost=1527535184
|  |  in pipelines: 26(GETNEXT), 10(OPEN)
|  |
|  25:EXCHANGE [HASH(tpcds_partitioned_parquet_snap.date_dim_1.d_week_seq,tpcds_partitioned_parquet_snap.store_sales_0.ss_store_sk)]
|  |  mem-estimate=24.53MB mem-reservation=0B thread-reservation=0
|  |  tuple-ids=15 row-size=120B cardinality=833.88M cost=552946385
|  |  in pipelines: 10(GETNEXT)
|  |
|  F06:PLAN FRAGMENT [RANDOM] hosts=10 instances=120
|  Per-Host Shared Resources: mem-estimate=1.00MB mem-reservation=1.00MB thread-reservation=0 runtime-filters-memory=1.00MB
|  Per-Instance Resources: mem-estimate=762.68MB mem-reservation=42.00MB thread-reservation=1
|  max-parallelism=1824 segment-costs=[24551817547, 6873846540] cpu-comparison-result=120 [max(120 (self) vs 11 (sum children))]
|  13:AGGREGATE [STREAMING]
|  |  output: sum(CASE WHEN tpcds_partitioned_parquet_snap.date_dim_1.d_day_name = 'Sunday' THEN tpcds_partitioned_parquet_snap.store_sales_0.ss_sales_price ELSE NULL END), sum(CASE WHEN tpcds_partitioned_parquet_snap.date_dim_1.d_day_name = 'Monday' THEN tpcds_partitioned_parquet_snap.store_sales_0.ss_sales_price ELSE NULL END), sum(CASE WHEN tpcds_partitioned_parquet_snap.date_dim_1.d_day_name = 'Tuesday' THEN tpcds_partitioned_parquet_snap.store_sales_0.ss_sales_price ELSE NULL END), sum(CASE WHEN tpcds_partitioned_parquet_snap.date_dim_1.d_day_name = 'Wednesday' THEN tpcds_partitioned_parquet_snap.store_sales_0.ss_sales_price ELSE NULL END), sum(CASE WHEN tpcds_partitioned_parquet_snap.date_dim_1.d_day_name = 'Thursday' THEN tpcds_partitioned_parquet_snap.store_sales_0.ss_sales_price ELSE NULL END), sum(CASE WHEN tpcds_partitioned_parquet_snap.date_dim_1.d_day_name = 'Friday' THEN tpcds_partitioned_parquet_snap.store_sales_0.ss_sales_price ELSE NULL END), sum(CASE WHEN tpcds_partitioned_parquet_snap.date_dim_1.d_day_name = 'Saturday' THEN tpcds_partitioned_parquet_snap.store_sales_0.ss_sales_price ELSE NULL END)
|  |  group by: tpcds_partitioned_parquet_snap.date_dim_1.d_week_seq, tpcds_partitioned_parquet_snap.store_sales_0.ss_store_sk
|  |  mem-estimate=693.40MB mem-reservation=34.00MB spill-buffer=2.00MB thread-reservation=0
|  |  tuple-ids=15 row-size=120B cardinality=833.88M cost=19277137113
|  |  in pipelines: 10(GETNEXT)
|  |
|  12:HASH JOIN [INNER JOIN, BROADCAST]
|  |  hash-table-id=02
|  |  hash predicates: tpcds_partitioned_parquet_snap.store_sales_0.ss_sold_date_sk = tpcds_partitioned_parquet_snap.date_dim_1.d_date_sk
|  |  fk/pk conjuncts: tpcds_partitioned_parquet_snap.store_sales_0.ss_sold_date_sk = tpcds_partitioned_parquet_snap.date_dim_1.d_date_sk
|  |  mem-estimate=0B mem-reservation=0B spill-buffer=256.00KB thread-reservation=0
|  |  tuple-ids=11,13 row-size=39B cardinality=8.64G cost=3781699633
|  |  in pipelines: 10(GETNEXT), 11(OPEN)
|  |
|  |--F14:PLAN FRAGMENT [RANDOM] hosts=10 instances=10
|  |  |  Per-Instance Resources: mem-estimate=59.92MB mem-reservation=58.00MB thread-reservation=1 runtime-filters-memory=1.00MB
|  |  |  max-parallelism=10 segment-costs=[170129]
|  |  JOIN BUILD
|  |  |  join-table-id=02 plan-id=03 cohort-id=02
|  |  |  build expressions: tpcds_partitioned_parquet_snap.date_dim_1.d_date_sk
|  |  |  runtime filters: RF014[bloom] <- tpcds_partitioned_parquet_snap.date_dim_1.d_date_sk
|  |  |  mem-estimate=57.00MB mem-reservation=57.00MB spill-buffer=256.00KB thread-reservation=0 cost=73049
|  |  |
|  |  24:EXCHANGE [BROADCAST]
|  |  |  mem-estimate=1.92MB mem-reservation=0B thread-reservation=0
|  |  |  tuple-ids=13 row-size=27B cardinality=73.05K cost=97080
|  |  |  in pipelines: 11(GETNEXT)
|  |  |
|  |  F07:PLAN FRAGMENT [RANDOM] hosts=1 instances=1
|  |  Per-Host Shared Resources: mem-estimate=1.00MB mem-reservation=1.00MB thread-reservation=0 runtime-filters-memory=1.00MB
|  |  Per-Instance Resources: mem-estimate=16.12MB mem-reservation=512.00KB thread-reservation=1
|  |  max-parallelism=1 segment-costs=[22859]
|  |  11:SCAN HDFS [tpcds_partitioned_parquet_snap.date_dim, RANDOM]
|  |     HDFS partitions=1/1 files=1 size=2.17MB
|  |     runtime filters: RF013[min_max] -> tpcds_partitioned_parquet_snap.date_dim_1.d_week_seq, RF012[bloom] -> tpcds_partitioned_parquet_snap.date_dim_1.d_week_seq
|  |     stored statistics:
|  |       table: rows=73.05K size=2.17MB
|  |       columns: all
|  |     extrapolated-rows=disabled max-scan-range-rows=73.05K
|  |     mem-estimate=16.00MB mem-reservation=512.00KB thread-reservation=0
|  |     tuple-ids=13 row-size=27B cardinality=73.05K cost=15928
|  |     in pipelines: 11(GETNEXT)
|  |
|  10:SCAN HDFS [tpcds_partitioned_parquet_snap.store_sales, RANDOM]
|     HDFS partitions=1824/1824 files=1824 size=389.90GB
|     runtime filters: RF014[bloom] -> tpcds_partitioned_parquet_snap.store_sales_0.ss_sold_date_sk
|     stored statistics:
|       table: rows=8.64G size=389.90GB
|       partitions: 1824/1824 rows=8.64G
|       columns: all
|     extrapolated-rows=disabled max-scan-range-rows=390.22M
|     mem-estimate=16.00MB mem-reservation=8.00MB thread-reservation=0
|     tuple-ids=11 row-size=12B cardinality=8.64G cost=1492980801
|     in pipelines: 10(GETNEXT)
|
28:EXCHANGE [HASH(tpcds_partitioned_parquet_snap.store_0.s_store_sk,tpcds_partitioned_parquet_snap.date_dim.d_week_seq)]
|  mem-estimate=36.24MB mem-reservation=0B thread-reservation=0
|  tuple-ids=4,5,7,9 row-size=208B cardinality=9.50M cost=11188960
|  in pipelines: 20(GETNEXT)
|
F02:PLAN FRAGMENT [HASH(tpcds_partitioned_parquet_snap.date_dim.d_week_seq,tpcds_partitioned_parquet_snap.store_sales.ss_store_sk)] hosts=10 instances=120
Per-Instance Resources: mem-estimate=114.97MB mem-reservation=8.50MB thread-reservation=1
max-parallelism=210 segment-costs=[2080481569, 154444845] cpu-comparison-result=153 [max(120 (self) vs 153 (sum children))]
09:HASH JOIN [INNER JOIN, BROADCAST]
|  hash-table-id=03
|  hash predicates: tpcds_partitioned_parquet_snap.store.s_store_id = tpcds_partitioned_parquet_snap.store_0.s_store_id
|  fk/pk conjuncts: none
|  mem-estimate=0B mem-reservation=0B spill-buffer=64.00KB thread-reservation=0
|  tuple-ids=4,5,7,9 row-size=208B cardinality=9.50M cost=2944605
|  in pipelines: 20(GETNEXT), 08(OPEN)
|
|--F15:PLAN FRAGMENT [HASH(tpcds_partitioned_parquet_snap.date_dim.d_week_seq,tpcds_partitioned_parquet_snap.store_sales.ss_store_sk)] hosts=10 instances=10
|  |  Per-Instance Resources: mem-estimate=24.33MB mem-reservation=24.25MB thread-reservation=1 runtime-filters-memory=1.00MB
|  |  max-parallelism=10 segment-costs=[3140]
|  JOIN BUILD
|  |  join-table-id=03 plan-id=04 cohort-id=01
|  |  build expressions: tpcds_partitioned_parquet_snap.store_0.s_store_id
|  |  runtime filters: RF004[bloom] <- tpcds_partitioned_parquet_snap.store_0.s_store_id, RF005[min_max] <- tpcds_partitioned_parquet_snap.store_0.s_store_id
|  |  mem-estimate=23.25MB mem-reservation=23.25MB spill-buffer=64.00KB thread-reservation=0 cost=1350
|  |
|  23:EXCHANGE [BROADCAST]
|  |  mem-estimate=78.19KB mem-reservation=0B thread-reservation=0
|  |  tuple-ids=9 row-size=32B cardinality=1.35K cost=1790
|  |  in pipelines: 08(GETNEXT)
|  |
|  F05:PLAN FRAGMENT [RANDOM] hosts=1 instances=1
|  Per-Host Shared Resources: mem-estimate=1.00MB mem-reservation=1.00MB thread-reservation=0 runtime-filters-memory=1.00MB
|  Per-Instance Resources: mem-estimate=16.14MB mem-reservation=16.00KB thread-reservation=1
|  max-parallelism=1 segment-costs=[533]
|  08:SCAN HDFS [tpcds_partitioned_parquet_snap.store, RANDOM]
|     HDFS partitions=1/1 files=1 size=119.76KB
|     runtime filters: RF002[min_max] -> tpcds_partitioned_parquet_snap.store_0.s_store_sk, RF000[bloom] -> tpcds_partitioned_parquet_snap.store_0.s_store_sk
|     stored statistics:
|       table: rows=1.35K size=119.76KB
|       columns: all
|     extrapolated-rows=disabled max-scan-range-rows=1.35K
|     mem-estimate=16.00MB mem-reservation=16.00KB thread-reservation=0
|     tuple-ids=9 row-size=32B cardinality=1.35K cost=388
|     in pipelines: 08(GETNEXT)
|
07:HASH JOIN [INNER JOIN, BROADCAST]
|  hash-table-id=04
|  hash predicates: tpcds_partitioned_parquet_snap.store_sales.ss_store_sk = tpcds_partitioned_parquet_snap.store.s_store_sk
|  fk/pk conjuncts: tpcds_partitioned_parquet_snap.store_sales.ss_store_sk = tpcds_partitioned_parquet_snap.store.s_store_sk
|  mem-estimate=0B mem-reservation=0B spill-buffer=64.00KB thread-reservation=0
|  tuple-ids=4,5,7 row-size=176B cardinality=4.77M cost=2087901
|  in pipelines: 20(GETNEXT), 06(OPEN)
|
|--F16:PLAN FRAGMENT [HASH(tpcds_partitioned_parquet_snap.date_dim.d_week_seq,tpcds_partitioned_parquet_snap.store_sales.ss_store_sk)] hosts=10 instances=10
|  |  Per-Instance Resources: mem-estimate=24.36MB mem-reservation=24.25MB thread-reservation=1 runtime-filters-memory=1.00MB
|  |  max-parallelism=10 segment-costs=[3140]
|  JOIN BUILD
|  |  join-table-id=04 plan-id=05 cohort-id=01
|  |  build expressions: tpcds_partitioned_parquet_snap.store.s_store_sk
|  |  runtime filters: RF006[bloom] <- tpcds_partitioned_parquet_snap.store.s_store_sk, RF007[min_max] <- tpcds_partitioned_parquet_snap.store.s_store_sk
|  |  mem-estimate=23.25MB mem-reservation=23.25MB spill-buffer=64.00KB thread-reservation=0 cost=1350
|  |
|  22:EXCHANGE [BROADCAST]
|  |  mem-estimate=115.14KB mem-reservation=0B thread-reservation=0
|  |  tuple-ids=7 row-size=48B cardinality=1.35K cost=1790
|  |  in pipelines: 06(GETNEXT)
|  |
|  F04:PLAN FRAGMENT [RANDOM] hosts=1 instances=1
|  Per-Host Shared Resources: mem-estimate=1.00MB mem-reservation=1.00MB thread-reservation=0 runtime-filters-memory=1.00MB
|  Per-Instance Resources: mem-estimate=16.20MB mem-reservation=24.00KB thread-reservation=1
|  max-parallelism=1 segment-costs=[668]
|  06:SCAN HDFS [tpcds_partitioned_parquet_snap.store, RANDOM]
|     HDFS partitions=1/1 files=1 size=119.76KB
|     runtime filters: RF005[min_max] -> tpcds_partitioned_parquet_snap.store.s_store_id, RF004[bloom] -> tpcds_partitioned_parquet_snap.store.s_store_id
|     stored statistics:
|       table: rows=1.35K size=119.76KB
|       columns: all
|     extrapolated-rows=disabled max-scan-range-rows=1.35K
|     mem-estimate=16.00MB mem-reservation=24.00KB thread-reservation=0
|     tuple-ids=7 row-size=48B cardinality=1.35K cost=465
|     in pipelines: 06(GETNEXT)
|
05:HASH JOIN [INNER JOIN, BROADCAST]
|  hash-table-id=05
|  hash predicates: tpcds_partitioned_parquet_snap.date_dim.d_week_seq = tpcds_partitioned_parquet_snap.date_dim_0.d_week_seq
|  fk/pk conjuncts: none
|  mem-estimate=0B mem-reservation=0B spill-buffer=64.00KB thread-reservation=0
|  tuple-ids=4,5 row-size=128B cardinality=4.77M cost=2646830
|  in pipelines: 20(GETNEXT), 04(OPEN)
|
|--F17:PLAN FRAGMENT [HASH(tpcds_partitioned_parquet_snap.date_dim.d_week_seq,tpcds_partitioned_parquet_snap.store_sales.ss_store_sk)] hosts=10 instances=10
|  |  Per-Instance Resources: mem-estimate=24.32MB mem-reservation=24.25MB thread-reservation=1 runtime-filters-memory=1.00MB
|  |  max-parallelism=10 segment-costs=[17005]
|  JOIN BUILD
|  |  join-table-id=05 plan-id=06 cohort-id=01
|  |  build expressions: tpcds_partitioned_parquet_snap.date_dim_0.d_week_seq
|  |  runtime filters: RF008[bloom] <- tpcds_partitioned_parquet_snap.date_dim_0.d_week_seq, RF009[min_max] <- tpcds_partitioned_parquet_snap.date_dim_0.d_week_seq
|  |  mem-estimate=23.25MB mem-reservation=23.25MB spill-buffer=64.00KB thread-reservation=0 cost=7305
|  |
|  21:EXCHANGE [BROADCAST]
|  |  mem-estimate=69.07KB mem-reservation=0B thread-reservation=0
|  |  tuple-ids=5 row-size=8B cardinality=7.30K cost=9700
|  |  in pipelines: 04(GETNEXT)
|  |
|  F03:PLAN FRAGMENT [RANDOM] hosts=1 instances=1
|  Per-Host Shared Resources: mem-estimate=1.00MB mem-reservation=1.00MB thread-reservation=0 runtime-filters-memory=1.00MB
|  Per-Instance Resources: mem-estimate=16.05MB mem-reservation=512.00KB thread-reservation=1
|  max-parallelism=1 segment-costs=[12835]
|  04:SCAN HDFS [tpcds_partitioned_parquet_snap.date_dim, RANDOM]
|     HDFS partitions=1/1 files=1 size=2.17MB
|     predicates: tpcds_partitioned_parquet_snap.date_dim_0.d_month_seq <= add(CAST(1199 AS INT), CAST(11 AS INT)), tpcds_partitioned_parquet_snap.date_dim_0.d_month_seq >= CAST(1199 AS INT)
|     runtime filters: RF001[bloom] -> tpcds_partitioned_parquet_snap.date_dim_0.d_week_seq
|     stored statistics:
|       table: rows=73.05K size=2.17MB
|       columns: all
|     extrapolated-rows=disabled max-scan-range-rows=73.05K
|     parquet statistics predicates: tpcds_partitioned_parquet_snap.date_dim_0.d_month_seq <= add(CAST(1199 AS INT), CAST(11 AS INT)), tpcds_partitioned_parquet_snap.date_dim_0.d_month_seq >= CAST(1199 AS INT)
|     parquet dictionary predicates: tpcds_partitioned_parquet_snap.date_dim_0.d_month_seq <= add(CAST(1199 AS INT), CAST(11 AS INT)), tpcds_partitioned_parquet_snap.date_dim_0.d_month_seq >= CAST(1199 AS INT)
|     mem-estimate=16.00MB mem-reservation=512.00KB thread-reservation=0
|     tuple-ids=5 row-size=8B cardinality=7.30K cost=12520
|     in pipelines: 04(GETNEXT)
|
20:AGGREGATE [FINALIZE]
|  output: sum:merge(CASE WHEN tpcds_partitioned_parquet_snap.date_dim.d_day_name = 'Sunday' THEN tpcds_partitioned_parquet_snap.store_sales.ss_sales_price ELSE NULL END), sum:merge(CASE WHEN tpcds_partitioned_parquet_snap.date_dim.d_day_name = 'Monday' THEN tpcds_partitioned_parquet_snap.store_sales.ss_sales_price ELSE NULL END), sum:merge(CASE WHEN tpcds_partitioned_parquet_snap.date_dim.d_day_name = 'Tuesday' THEN tpcds_partitioned_parquet_snap.store_sales.ss_sales_price ELSE NULL END), sum:merge(CASE WHEN tpcds_partitioned_parquet_snap.date_dim.d_day_name = 'Wednesday' THEN tpcds_partitioned_parquet_snap.store_sales.ss_sales_price ELSE NULL END), sum:merge(CASE WHEN tpcds_partitioned_parquet_snap.date_dim.d_day_name = 'Thursday' THEN tpcds_partitioned_parquet_snap.store_sales.ss_sales_price ELSE NULL END), sum:merge(CASE WHEN tpcds_partitioned_parquet_snap.date_dim.d_day_name = 'Friday' THEN tpcds_partitioned_parquet_snap.store_sales.ss_sales_price ELSE NULL END), sum:merge(CASE WHEN tpcds_partitioned_parquet_snap.date_dim.d_day_name = 'Saturday' THEN tpcds_partitioned_parquet_snap.store_sales.ss_sales_price ELSE NULL END)
|  group by: tpcds_partitioned_parquet_snap.date_dim.d_week_seq, tpcds_partitioned_parquet_snap.store_sales.ss_store_sk
|  mem-estimate=10.00MB mem-reservation=8.50MB spill-buffer=512.00KB thread-reservation=0
|  tuple-ids=4 row-size=120B cardinality=6.95M cost=1527535184
|  in pipelines: 20(GETNEXT), 00(OPEN)
|
19:EXCHANGE [HASH(tpcds_partitioned_parquet_snap.date_dim.d_week_seq,tpcds_partitioned_parquet_snap.store_sales.ss_store_sk)]
|  mem-estimate=24.53MB mem-reservation=0B thread-reservation=0
|  tuple-ids=4 row-size=120B cardinality=833.88M cost=552946385
|  in pipelines: 00(GETNEXT)
|
F00:PLAN FRAGMENT [RANDOM] hosts=10 instances=120
Per-Host Shared Resources: mem-estimate=2.00MB mem-reservation=2.00MB thread-reservation=0 runtime-filters-memory=2.00MB
Per-Instance Resources: mem-estimate=767.53MB mem-reservation=42.00MB thread-reservation=1
max-parallelism=1824 segment-costs=[24551817547, 6873846540] cpu-comparison-result=120 [max(120 (self) vs 11 (sum children))]
03:AGGREGATE [STREAMING]
|  output: sum(CASE WHEN tpcds_partitioned_parquet_snap.date_dim.d_day_name = 'Sunday' THEN tpcds_partitioned_parquet_snap.store_sales.ss_sales_price ELSE NULL END), sum(CASE WHEN tpcds_partitioned_parquet_snap.date_dim.d_day_name = 'Monday' THEN tpcds_partitioned_parquet_snap.store_sales.ss_sales_price ELSE NULL END), sum(CASE WHEN tpcds_partitioned_parquet_snap.date_dim.d_day_name = 'Tuesday' THEN tpcds_partitioned_parquet_snap.store_sales.ss_sales_price ELSE NULL END), sum(CASE WHEN tpcds_partitioned_parquet_snap.date_dim.d_day_name = 'Wednesday' THEN tpcds_partitioned_parquet_snap.store_sales.ss_sales_price ELSE NULL END), sum(CASE WHEN tpcds_partitioned_parquet_snap.date_dim.d_day_name = 'Thursday' THEN tpcds_partitioned_parquet_snap.store_sales.ss_sales_price ELSE NULL END), sum(CASE WHEN tpcds_partitioned_parquet_snap.date_dim.d_day_name = 'Friday' THEN tpcds_partitioned_parquet_snap.store_sales.ss_sales_price ELSE NULL END), sum(CASE WHEN tpcds_partitioned_parquet_snap.date_dim.d_day_name = 'Saturday' THEN tpcds_partitioned_parquet_snap.store_sales.ss_sales_price ELSE NULL END)
|  group by: tpcds_partitioned_parquet_snap.date_dim.d_week_seq, tpcds_partitioned_parquet_snap.store_sales.ss_store_sk
|  mem-estimate=693.40MB mem-reservation=34.00MB spill-buffer=2.00MB thread-reservation=0
|  tuple-ids=4 row-size=120B cardinality=833.88M cost=19277137113
|  in pipelines: 00(GETNEXT)
|
02:HASH JOIN [INNER JOIN, BROADCAST]
|  hash-table-id=06
|  hash predicates: tpcds_partitioned_parquet_snap.store_sales.ss_sold_date_sk = tpcds_partitioned_parquet_snap.date_dim.d_date_sk
|  fk/pk conjuncts: tpcds_partitioned_parquet_snap.store_sales.ss_sold_date_sk = tpcds_partitioned_parquet_snap.date_dim.d_date_sk
|  mem-estimate=0B mem-reservation=0B spill-buffer=256.00KB thread-reservation=0
|  tuple-ids=0,2 row-size=39B cardinality=8.64G cost=3781699633
|  in pipelines: 00(GETNEXT), 01(OPEN)
|
|--F18:PLAN FRAGMENT [RANDOM] hosts=10 instances=10
|  |  Per-Instance Resources: mem-estimate=59.92MB mem-reservation=58.00MB thread-reservation=1 runtime-filters-memory=1.00MB
|  |  max-parallelism=10 segment-costs=[170129]
|  JOIN BUILD
|  |  join-table-id=06 plan-id=07 cohort-id=01
|  |  build expressions: tpcds_partitioned_parquet_snap.date_dim.d_date_sk
|  |  runtime filters: RF010[bloom] <- tpcds_partitioned_parquet_snap.date_dim.d_date_sk
|  |  mem-estimate=57.00MB mem-reservation=57.00MB spill-buffer=256.00KB thread-reservation=0 cost=73049
|  |
|  18:EXCHANGE [BROADCAST]
|  |  mem-estimate=1.92MB mem-reservation=0B thread-reservation=0
|  |  tuple-ids=2 row-size=27B cardinality=73.05K cost=97080
|  |  in pipelines: 01(GETNEXT)
|  |
|  F01:PLAN FRAGMENT [RANDOM] hosts=1 instances=1
|  Per-Host Shared Resources: mem-estimate=2.00MB mem-reservation=2.00MB thread-reservation=0 runtime-filters-memory=2.00MB
|  Per-Instance Resources: mem-estimate=16.12MB mem-reservation=512.00KB thread-reservation=1
|  max-parallelism=1 segment-costs=[22859]
|  01:SCAN HDFS [tpcds_partitioned_parquet_snap.date_dim, RANDOM]
|     HDFS partitions=1/1 files=1 size=2.17MB
|     runtime filters: RF009[min_max] -> tpcds_partitioned_parquet_snap.date_dim.d_week_seq, RF008[bloom] -> tpcds_partitioned_parquet_snap.date_dim.d_week_seq, RF001[bloom] -> tpcds_partitioned_parquet_snap.date_dim.d_week_seq
|     stored statistics:
|       table: rows=73.05K size=2.17MB
|       columns: all
|     extrapolated-rows=disabled max-scan-range-rows=73.05K
|     mem-estimate=16.00MB mem-reservation=512.00KB thread-reservation=0
|     tuple-ids=2 row-size=27B cardinality=73.05K cost=15928
|     in pipelines: 01(GETNEXT)
|
00:SCAN HDFS [tpcds_partitioned_parquet_snap.store_sales, RANDOM]
   HDFS partitions=1824/1824 files=1824 size=389.90GB
   runtime filters: RF007[min_max] -> tpcds_partitioned_parquet_snap.store_sales.ss_store_sk, RF006[bloom] -> tpcds_partitioned_parquet_snap.store_sales.ss_store_sk, RF010[bloom] -> tpcds_partitioned_parquet_snap.store_sales.ss_sold_date_sk
   stored statistics:
     table: rows=8.64G size=389.90GB
     partitions: 1824/1824 rows=8.64G
     columns: all
   extrapolated-rows=disabled max-scan-range-rows=390.22M
   mem-estimate=16.00MB mem-reservation=8.00MB thread-reservation=0
   tuple-ids=0 row-size=12B cardinality=8.64G cost=1492980801
   in pipelines: 00(GETNEXT)
---- PARALLELPLANS
Max Per-Host Resource Reservation: Memory=1.52GB Threads=84
Per-Host Resource Estimates: Memory=21.23GB
F11:PLAN FRAGMENT [UNPARTITIONED] hosts=1 instances=1
|  Per-Instance Resources: mem-estimate=7.16MB mem-reservation=4.00MB thread-reservation=1
|  max-parallelism=1 segment-costs=[1079] cpu-comparison-result=284 [max(1 (self) vs 284 (sum children))]
PLAN-ROOT SINK
|  output exprs: s_store_name, s_store_id, tpcds_partitioned_parquet_snap.date_dim.d_week_seq, divide(sum(CASE WHEN tpcds_partitioned_parquet_snap.date_dim.d_day_name = 'Sunday' THEN tpcds_partitioned_parquet_snap.store_sales.ss_sales_price ELSE NULL END), sum(CASE WHEN tpcds_partitioned_parquet_snap.date_dim_1.d_day_name = 'Sunday' THEN tpcds_partitioned_parquet_snap.store_sales_0.ss_sales_price ELSE NULL END)), divide(sum(CASE WHEN tpcds_partitioned_parquet_snap.date_dim.d_day_name = 'Monday' THEN tpcds_partitioned_parquet_snap.store_sales.ss_sales_price ELSE NULL END), sum(CASE WHEN tpcds_partitioned_parquet_snap.date_dim_1.d_day_name = 'Monday' THEN tpcds_partitioned_parquet_snap.store_sales_0.ss_sales_price ELSE NULL END)), divide(sum(CASE WHEN tpcds_partitioned_parquet_snap.date_dim.d_day_name = 'Tuesday' THEN tpcds_partitioned_parquet_snap.store_sales.ss_sales_price ELSE NULL END), sum(CASE WHEN tpcds_partitioned_parquet_snap.date_dim_1.d_day_name = 'Tuesday' THEN tpcds_partitioned_parquet_snap.store_sales_0.ss_sales_price ELSE NULL END)), divide(sum(CASE WHEN tpcds_partitioned_parquet_snap.date_dim.d_day_name = 'Wednesday' THEN tpcds_partitioned_parquet_snap.store_sales.ss_sales_price ELSE NULL END), sum(CASE WHEN tpcds_partitioned_parquet_snap.date_dim_1.d_day_name = 'Wednesday' THEN tpcds_partitioned_parquet_snap.store_sales_0.ss_sales_price ELSE NULL END)), divide(sum(CASE WHEN tpcds_partitioned_parquet_snap.date_dim.d_day_name = 'Thursday' THEN tpcds_partitioned_parquet_snap.store_sales.ss_sales_price ELSE NULL END), sum(CASE WHEN tpcds_partitioned_parquet_snap.date_dim_1.d_day_name = 'Thursday' THEN tpcds_partitioned_parquet_snap.store_sales_0.ss_sales_price ELSE NULL END)), divide(sum(CASE WHEN tpcds_partitioned_parquet_snap.date_dim.d_day_name = 'Friday' THEN tpcds_partitioned_parquet_snap.store_sales.ss_sales_price ELSE NULL END), sum(CASE WHEN tpcds_partitioned_parquet_snap.date_dim_1.d_day_name = 'Friday' THEN tpcds_partitioned_parquet_snap.store_sales_0.ss_sales_price ELSE NULL END)), divide(sum(CASE WHEN tpcds_partitioned_parquet_snap.date_dim.d_day_name = 'Saturday' THEN tpcds_partitioned_parquet_snap.store_sales.ss_sales_price ELSE NULL END), sum(CASE WHEN tpcds_partitioned_parquet_snap.date_dim_1.d_day_name = 'Saturday' THEN tpcds_partitioned_parquet_snap.store_sales_0.ss_sales_price ELSE NULL END))
|  mem-estimate=4.00MB mem-reservation=4.00MB spill-buffer=2.00MB thread-reservation=0 cost=1000
|
30:MERGING-EXCHANGE [UNPARTITIONED]
|  order by: s_store_name ASC NULLS LAST, s_store_id ASC NULLS LAST, tpcds_partitioned_parquet_snap.date_dim.d_week_seq ASC NULLS LAST
|  limit: 100
|  mem-estimate=3.16MB mem-reservation=0B thread-reservation=0
|  tuple-ids=18 row-size=272B cardinality=100 cost=79
|  in pipelines: 17(GETNEXT)
|
F10:PLAN FRAGMENT [HASH(tpcds_partitioned_parquet_snap.store_0.s_store_sk,tpcds_partitioned_parquet_snap.date_dim.d_week_seq)] hosts=10 instances=120
Per-Instance Resources: mem-estimate=36.27MB mem-reservation=0B thread-reservation=1
max-parallelism=68410 segment-costs=[684057383222, 743] cpu-comparison-result=284 [max(120 (self) vs 284 (sum children))]
17:TOP-N [LIMIT=100]
|  order by: s_store_name ASC NULLS LAST, s_store_id ASC NULLS LAST, tpcds_partitioned_parquet_snap.date_dim.d_week_seq ASC NULLS LAST
|  mem-estimate=26.56KB mem-reservation=0B thread-reservation=0
|  tuple-ids=18 row-size=272B cardinality=100 cost=677819547542
|  in pipelines: 17(GETNEXT), 20(OPEN)
|
16:HASH JOIN [INNER JOIN, PARTITIONED]
|  hash-table-id=00
|  hash predicates: tpcds_partitioned_parquet_snap.store_0.s_store_sk = tpcds_partitioned_parquet_snap.store_sales_0.ss_store_sk, tpcds_partitioned_parquet_snap.date_dim.d_week_seq = subtract(tpcds_partitioned_parquet_snap.date_dim_1.d_week_seq, 52)
|  fk/pk conjuncts: none
|  mem-estimate=0B mem-reservation=0B spill-buffer=512.00KB thread-reservation=0
|  tuple-ids=4,5,7,9,15,16 row-size=336B cardinality=34.35G cost=6226646720
|  in pipelines: 20(GETNEXT), 26(OPEN)
|
|--F12:PLAN FRAGMENT [HASH(tpcds_partitioned_parquet_snap.store_0.s_store_sk,tpcds_partitioned_parquet_snap.date_dim.d_week_seq)] hosts=10 instances=120
|  |  Per-Instance Resources: mem-estimate=35.11MB mem-reservation=10.50MB thread-reservation=1 runtime-filters-memory=2.00MB
|  |  max-parallelism=68410 segment-costs=[8284345] cpu-comparison-result=131 [max(120 (self) vs 131 (sum children))]
|  JOIN BUILD
|  |  join-table-id=00 plan-id=01 cohort-id=01
|  |  build expressions: tpcds_partitioned_parquet_snap.store_sales_0.ss_store_sk, subtract(tpcds_partitioned_parquet_snap.date_dim_1.d_week_seq, 52)
|  |  runtime filters: RF000[bloom] <- tpcds_partitioned_parquet_snap.store_sales_0.ss_store_sk, RF001[bloom] <- subtract(tpcds_partitioned_parquet_snap.date_dim_1.d_week_seq, 52), RF002[min_max] <- tpcds_partitioned_parquet_snap.store_sales_0.ss_store_sk
|  |  mem-estimate=8.50MB mem-reservation=8.50MB spill-buffer=512.00KB thread-reservation=0 cost=4770165
|  |
|  29:EXCHANGE [HASH(tpcds_partitioned_parquet_snap.store_sales_0.ss_store_sk,subtract(tpcds_partitioned_parquet_snap.date_dim_1.d_week_seq, 52))]
|  |  mem-estimate=24.61MB mem-reservation=0B thread-reservation=0
|  |  tuple-ids=15,16 row-size=128B cardinality=4.77M cost=3514180
|  |  in pipelines: 26(GETNEXT)
|  |
|  F08:PLAN FRAGMENT [HASH(tpcds_partitioned_parquet_snap.date_dim_1.d_week_seq,tpcds_partitioned_parquet_snap.store_sales_0.ss_store_sk)] hosts=10 instances=110 (adjusted from 120)
|  Per-Instance Resources: mem-estimate=73.75MB mem-reservation=8.50MB thread-reservation=1
|  max-parallelism=210 segment-costs=[2080481569, 46883432] cpu-comparison-result=131 [max(110 (self) vs 131 (sum children))]
|  15:HASH JOIN [INNER JOIN, BROADCAST]
|  |  hash-table-id=01
|  |  hash predicates: tpcds_partitioned_parquet_snap.date_dim_1.d_week_seq = tpcds_partitioned_parquet_snap.date_dim_2.d_week_seq
|  |  fk/pk conjuncts: none
|  |  mem-estimate=0B mem-reservation=0B spill-buffer=64.00KB thread-reservation=0
|  |  tuple-ids=15,16 row-size=128B cardinality=4.77M cost=2646830
|  |  in pipelines: 26(GETNEXT), 14(OPEN)
|  |
|  |--F13:PLAN FRAGMENT [HASH(tpcds_partitioned_parquet_snap.date_dim_1.d_week_seq,tpcds_partitioned_parquet_snap.store_sales_0.ss_store_sk)] hosts=10 instances=10
|  |  |  Per-Instance Resources: mem-estimate=22.38MB mem-reservation=22.31MB thread-reservation=1 runtime-filters-memory=1.00MB
|  |  |  max-parallelism=10 segment-costs=[17005]
|  |  JOIN BUILD
|  |  |  join-table-id=01 plan-id=02 cohort-id=02
|  |  |  build expressions: tpcds_partitioned_parquet_snap.date_dim_2.d_week_seq
|  |  |  runtime filters: RF012[bloom] <- tpcds_partitioned_parquet_snap.date_dim_2.d_week_seq, RF013[min_max] <- tpcds_partitioned_parquet_snap.date_dim_2.d_week_seq
|  |  |  mem-estimate=21.31MB mem-reservation=21.31MB spill-buffer=64.00KB thread-reservation=0 cost=7305
|  |  |
|  |  27:EXCHANGE [BROADCAST]
|  |  |  mem-estimate=69.07KB mem-reservation=0B thread-reservation=0
|  |  |  tuple-ids=16 row-size=8B cardinality=7.30K cost=9700
|  |  |  in pipelines: 14(GETNEXT)
|  |  |
|  |  F09:PLAN FRAGMENT [RANDOM] hosts=1 instances=1
|  |  Per-Instance Resources: mem-estimate=16.05MB mem-reservation=512.00KB thread-reservation=1
|  |  max-parallelism=1 segment-costs=[12835]
|  |  14:SCAN HDFS [tpcds_partitioned_parquet_snap.date_dim, RANDOM]
|  |     HDFS partitions=1/1 files=1 size=2.17MB
|  |     predicates: tpcds_partitioned_parquet_snap.date_dim_2.d_month_seq <= add(CAST(1199 AS INT), CAST(23 AS INT)), tpcds_partitioned_parquet_snap.date_dim_2.d_month_seq >= add(CAST(1199 AS INT), CAST(12 AS INT))
|  |     stored statistics:
|  |       table: rows=73.05K size=2.17MB
|  |       columns: all
|  |     extrapolated-rows=disabled max-scan-range-rows=73.05K
|  |     parquet statistics predicates: tpcds_partitioned_parquet_snap.date_dim_2.d_month_seq <= add(CAST(1199 AS INT), CAST(23 AS INT)), tpcds_partitioned_parquet_snap.date_dim_2.d_month_seq >= add(CAST(1199 AS INT), CAST(12 AS INT))
|  |     parquet dictionary predicates: tpcds_partitioned_parquet_snap.date_dim_2.d_month_seq <= add(CAST(1199 AS INT), CAST(23 AS INT)), tpcds_partitioned_parquet_snap.date_dim_2.d_month_seq >= add(CAST(1199 AS INT), CAST(12 AS INT))
|  |     mem-estimate=16.00MB mem-reservation=512.00KB thread-reservation=0
|  |     tuple-ids=16 row-size=8B cardinality=7.30K cost=12520
|  |     in pipelines: 14(GETNEXT)
|  |
|  26:AGGREGATE [FINALIZE]
|  |  output: sum:merge(CASE WHEN tpcds_partitioned_parquet_snap.date_dim_1.d_day_name = 'Sunday' THEN tpcds_partitioned_parquet_snap.store_sales_0.ss_sales_price ELSE NULL END), sum:merge(CASE WHEN tpcds_partitioned_parquet_snap.date_dim_1.d_day_name = 'Monday' THEN tpcds_partitioned_parquet_snap.store_sales_0.ss_sales_price ELSE NULL END), sum:merge(CASE WHEN tpcds_partitioned_parquet_snap.date_dim_1.d_day_name = 'Tuesday' THEN tpcds_partitioned_parquet_snap.store_sales_0.ss_sales_price ELSE NULL END), sum:merge(CASE WHEN tpcds_partitioned_parquet_snap.date_dim_1.d_day_name = 'Wednesday' THEN tpcds_partitioned_parquet_snap.store_sales_0.ss_sales_price ELSE NULL END), sum:merge(CASE WHEN tpcds_partitioned_parquet_snap.date_dim_1.d_day_name = 'Thursday' THEN tpcds_partitioned_parquet_snap.store_sales_0.ss_sales_price ELSE NULL END), sum:merge(CASE WHEN tpcds_partitioned_parquet_snap.date_dim_1.d_day_name = 'Friday' THEN tpcds_partitioned_parquet_snap.store_sales_0.ss_sales_price ELSE NULL END), sum:merge(CASE WHEN tpcds_partitioned_parquet_snap.date_dim_1.d_day_name = 'Saturday' THEN tpcds_partitioned_parquet_snap.store_sales_0.ss_sales_price ELSE NULL END)
|  |  group by: tpcds_partitioned_parquet_snap.date_dim_1.d_week_seq, tpcds_partitioned_parquet_snap.store_sales_0.ss_store_sk
|  |  mem-estimate=10.00MB mem-reservation=8.50MB spill-buffer=512.00KB thread-reservation=0
|  |  tuple-ids=15 row-size=120B cardinality=6.95M cost=1527535184
|  |  in pipelines: 26(GETNEXT), 10(OPEN)
|  |
|  25:EXCHANGE [HASH(tpcds_partitioned_parquet_snap.date_dim_1.d_week_seq,tpcds_partitioned_parquet_snap.store_sales_0.ss_store_sk)]
|  |  mem-estimate=24.53MB mem-reservation=0B thread-reservation=0
|  |  tuple-ids=15 row-size=120B cardinality=833.88M cost=552946385
|  |  in pipelines: 10(GETNEXT)
|  |
|  F06:PLAN FRAGMENT [RANDOM] hosts=10 instances=120
|  Per-Host Shared Resources: mem-estimate=1.00MB mem-reservation=1.00MB thread-reservation=0 runtime-filters-memory=1.00MB
|  Per-Instance Resources: mem-estimate=762.68MB mem-reservation=42.00MB thread-reservation=1
|  max-parallelism=1824 segment-costs=[24551817547, 6873846540] cpu-comparison-result=120 [max(120 (self) vs 11 (sum children))]
|  13:AGGREGATE [STREAMING]
|  |  output: sum(CASE WHEN tpcds_partitioned_parquet_snap.date_dim_1.d_day_name = 'Sunday' THEN tpcds_partitioned_parquet_snap.store_sales_0.ss_sales_price ELSE NULL END), sum(CASE WHEN tpcds_partitioned_parquet_snap.date_dim_1.d_day_name = 'Monday' THEN tpcds_partitioned_parquet_snap.store_sales_0.ss_sales_price ELSE NULL END), sum(CASE WHEN tpcds_partitioned_parquet_snap.date_dim_1.d_day_name = 'Tuesday' THEN tpcds_partitioned_parquet_snap.store_sales_0.ss_sales_price ELSE NULL END), sum(CASE WHEN tpcds_partitioned_parquet_snap.date_dim_1.d_day_name = 'Wednesday' THEN tpcds_partitioned_parquet_snap.store_sales_0.ss_sales_price ELSE NULL END), sum(CASE WHEN tpcds_partitioned_parquet_snap.date_dim_1.d_day_name = 'Thursday' THEN tpcds_partitioned_parquet_snap.store_sales_0.ss_sales_price ELSE NULL END), sum(CASE WHEN tpcds_partitioned_parquet_snap.date_dim_1.d_day_name = 'Friday' THEN tpcds_partitioned_parquet_snap.store_sales_0.ss_sales_price ELSE NULL END), sum(CASE WHEN tpcds_partitioned_parquet_snap.date_dim_1.d_day_name = 'Saturday' THEN tpcds_partitioned_parquet_snap.store_sales_0.ss_sales_price ELSE NULL END)
|  |  group by: tpcds_partitioned_parquet_snap.date_dim_1.d_week_seq, tpcds_partitioned_parquet_snap.store_sales_0.ss_store_sk
|  |  mem-estimate=693.40MB mem-reservation=34.00MB spill-buffer=2.00MB thread-reservation=0
|  |  tuple-ids=15 row-size=120B cardinality=833.88M cost=19277137113
|  |  in pipelines: 10(GETNEXT)
|  |
|  12:HASH JOIN [INNER JOIN, BROADCAST]
|  |  hash-table-id=02
|  |  hash predicates: tpcds_partitioned_parquet_snap.store_sales_0.ss_sold_date_sk = tpcds_partitioned_parquet_snap.date_dim_1.d_date_sk
|  |  fk/pk conjuncts: tpcds_partitioned_parquet_snap.store_sales_0.ss_sold_date_sk = tpcds_partitioned_parquet_snap.date_dim_1.d_date_sk
|  |  mem-estimate=0B mem-reservation=0B spill-buffer=256.00KB thread-reservation=0
|  |  tuple-ids=11,13 row-size=39B cardinality=8.64G cost=3781699633
|  |  in pipelines: 10(GETNEXT), 11(OPEN)
|  |
|  |--F14:PLAN FRAGMENT [RANDOM] hosts=10 instances=10
|  |  |  Per-Instance Resources: mem-estimate=59.92MB mem-reservation=58.00MB thread-reservation=1 runtime-filters-memory=1.00MB
|  |  |  max-parallelism=10 segment-costs=[170129]
|  |  JOIN BUILD
|  |  |  join-table-id=02 plan-id=03 cohort-id=02
|  |  |  build expressions: tpcds_partitioned_parquet_snap.date_dim_1.d_date_sk
|  |  |  runtime filters: RF014[bloom] <- tpcds_partitioned_parquet_snap.date_dim_1.d_date_sk
|  |  |  mem-estimate=57.00MB mem-reservation=57.00MB spill-buffer=256.00KB thread-reservation=0 cost=73049
|  |  |
|  |  24:EXCHANGE [BROADCAST]
|  |  |  mem-estimate=1.92MB mem-reservation=0B thread-reservation=0
|  |  |  tuple-ids=13 row-size=27B cardinality=73.05K cost=97080
|  |  |  in pipelines: 11(GETNEXT)
|  |  |
|  |  F07:PLAN FRAGMENT [RANDOM] hosts=1 instances=1
|  |  Per-Host Shared Resources: mem-estimate=1.00MB mem-reservation=1.00MB thread-reservation=0 runtime-filters-memory=1.00MB
|  |  Per-Instance Resources: mem-estimate=16.12MB mem-reservation=512.00KB thread-reservation=1
|  |  max-parallelism=1 segment-costs=[22859]
|  |  11:SCAN HDFS [tpcds_partitioned_parquet_snap.date_dim, RANDOM]
|  |     HDFS partitions=1/1 files=1 size=2.17MB
|  |     runtime filters: RF013[min_max] -> tpcds_partitioned_parquet_snap.date_dim_1.d_week_seq, RF012[bloom] -> tpcds_partitioned_parquet_snap.date_dim_1.d_week_seq
|  |     stored statistics:
|  |       table: rows=73.05K size=2.17MB
|  |       columns: all
|  |     extrapolated-rows=disabled max-scan-range-rows=73.05K
|  |     mem-estimate=16.00MB mem-reservation=512.00KB thread-reservation=0
|  |     tuple-ids=13 row-size=27B cardinality=73.05K cost=15928
|  |     in pipelines: 11(GETNEXT)
|  |
|  10:SCAN HDFS [tpcds_partitioned_parquet_snap.store_sales, RANDOM]
|     HDFS partitions=1824/1824 files=1824 size=389.90GB
|     runtime filters: RF014[bloom] -> tpcds_partitioned_parquet_snap.store_sales_0.ss_sold_date_sk
|     stored statistics:
|       table: rows=8.64G size=389.90GB
|       partitions: 1824/1824 rows=8.64G
|       columns: all
|     extrapolated-rows=disabled max-scan-range-rows=390.22M
|     mem-estimate=16.00MB mem-reservation=8.00MB thread-reservation=0
|     tuple-ids=11 row-size=12B cardinality=8.64G cost=1492980801
|     in pipelines: 10(GETNEXT)
|
28:EXCHANGE [HASH(tpcds_partitioned_parquet_snap.store_0.s_store_sk,tpcds_partitioned_parquet_snap.date_dim.d_week_seq)]
|  mem-estimate=36.24MB mem-reservation=0B thread-reservation=0
|  tuple-ids=4,5,7,9 row-size=208B cardinality=9.50M cost=11188960
|  in pipelines: 20(GETNEXT)
|
F02:PLAN FRAGMENT [HASH(tpcds_partitioned_parquet_snap.date_dim.d_week_seq,tpcds_partitioned_parquet_snap.store_sales.ss_store_sk)] hosts=10 instances=120
Per-Instance Resources: mem-estimate=114.97MB mem-reservation=8.50MB thread-reservation=1
max-parallelism=210 segment-costs=[2080481569, 154444845] cpu-comparison-result=153 [max(120 (self) vs 153 (sum children))]
09:HASH JOIN [INNER JOIN, BROADCAST]
|  hash-table-id=03
|  hash predicates: tpcds_partitioned_parquet_snap.store.s_store_id = tpcds_partitioned_parquet_snap.store_0.s_store_id
|  fk/pk conjuncts: none
|  mem-estimate=0B mem-reservation=0B spill-buffer=64.00KB thread-reservation=0
|  tuple-ids=4,5,7,9 row-size=208B cardinality=9.50M cost=2944605
|  in pipelines: 20(GETNEXT), 08(OPEN)
|
|--F15:PLAN FRAGMENT [HASH(tpcds_partitioned_parquet_snap.date_dim.d_week_seq,tpcds_partitioned_parquet_snap.store_sales.ss_store_sk)] hosts=10 instances=10
|  |  Per-Instance Resources: mem-estimate=24.33MB mem-reservation=24.25MB thread-reservation=1 runtime-filters-memory=1.00MB
|  |  max-parallelism=10 segment-costs=[3140]
|  JOIN BUILD
|  |  join-table-id=03 plan-id=04 cohort-id=01
|  |  build expressions: tpcds_partitioned_parquet_snap.store_0.s_store_id
|  |  runtime filters: RF004[bloom] <- tpcds_partitioned_parquet_snap.store_0.s_store_id, RF005[min_max] <- tpcds_partitioned_parquet_snap.store_0.s_store_id
|  |  mem-estimate=23.25MB mem-reservation=23.25MB spill-buffer=64.00KB thread-reservation=0 cost=1350
|  |
|  23:EXCHANGE [BROADCAST]
|  |  mem-estimate=78.19KB mem-reservation=0B thread-reservation=0
|  |  tuple-ids=9 row-size=32B cardinality=1.35K cost=1790
|  |  in pipelines: 08(GETNEXT)
|  |
|  F05:PLAN FRAGMENT [RANDOM] hosts=1 instances=1
|  Per-Host Shared Resources: mem-estimate=1.00MB mem-reservation=1.00MB thread-reservation=0 runtime-filters-memory=1.00MB
|  Per-Instance Resources: mem-estimate=16.14MB mem-reservation=16.00KB thread-reservation=1
|  max-parallelism=1 segment-costs=[533]
|  08:SCAN HDFS [tpcds_partitioned_parquet_snap.store, RANDOM]
|     HDFS partitions=1/1 files=1 size=119.76KB
|     runtime filters: RF002[min_max] -> tpcds_partitioned_parquet_snap.store_0.s_store_sk, RF000[bloom] -> tpcds_partitioned_parquet_snap.store_0.s_store_sk
|     stored statistics:
|       table: rows=1.35K size=119.76KB
|       columns: all
|     extrapolated-rows=disabled max-scan-range-rows=1.35K
|     mem-estimate=16.00MB mem-reservation=16.00KB thread-reservation=0
|     tuple-ids=9 row-size=32B cardinality=1.35K cost=388
|     in pipelines: 08(GETNEXT)
|
07:HASH JOIN [INNER JOIN, BROADCAST]
|  hash-table-id=04
|  hash predicates: tpcds_partitioned_parquet_snap.store_sales.ss_store_sk = tpcds_partitioned_parquet_snap.store.s_store_sk
|  fk/pk conjuncts: tpcds_partitioned_parquet_snap.store_sales.ss_store_sk = tpcds_partitioned_parquet_snap.store.s_store_sk
|  mem-estimate=0B mem-reservation=0B spill-buffer=64.00KB thread-reservation=0
|  tuple-ids=4,5,7 row-size=176B cardinality=4.77M cost=2087901
|  in pipelines: 20(GETNEXT), 06(OPEN)
|
|--F16:PLAN FRAGMENT [HASH(tpcds_partitioned_parquet_snap.date_dim.d_week_seq,tpcds_partitioned_parquet_snap.store_sales.ss_store_sk)] hosts=10 instances=10
|  |  Per-Instance Resources: mem-estimate=24.36MB mem-reservation=24.25MB thread-reservation=1 runtime-filters-memory=1.00MB
|  |  max-parallelism=10 segment-costs=[3140]
|  JOIN BUILD
|  |  join-table-id=04 plan-id=05 cohort-id=01
|  |  build expressions: tpcds_partitioned_parquet_snap.store.s_store_sk
|  |  runtime filters: RF006[bloom] <- tpcds_partitioned_parquet_snap.store.s_store_sk, RF007[min_max] <- tpcds_partitioned_parquet_snap.store.s_store_sk
|  |  mem-estimate=23.25MB mem-reservation=23.25MB spill-buffer=64.00KB thread-reservation=0 cost=1350
|  |
|  22:EXCHANGE [BROADCAST]
|  |  mem-estimate=115.14KB mem-reservation=0B thread-reservation=0
|  |  tuple-ids=7 row-size=48B cardinality=1.35K cost=1790
|  |  in pipelines: 06(GETNEXT)
|  |
|  F04:PLAN FRAGMENT [RANDOM] hosts=1 instances=1
|  Per-Host Shared Resources: mem-estimate=1.00MB mem-reservation=1.00MB thread-reservation=0 runtime-filters-memory=1.00MB
|  Per-Instance Resources: mem-estimate=16.20MB mem-reservation=24.00KB thread-reservation=1
|  max-parallelism=1 segment-costs=[668]
|  06:SCAN HDFS [tpcds_partitioned_parquet_snap.store, RANDOM]
|     HDFS partitions=1/1 files=1 size=119.76KB
|     runtime filters: RF005[min_max] -> tpcds_partitioned_parquet_snap.store.s_store_id, RF004[bloom] -> tpcds_partitioned_parquet_snap.store.s_store_id
|     stored statistics:
|       table: rows=1.35K size=119.76KB
|       columns: all
|     extrapolated-rows=disabled max-scan-range-rows=1.35K
|     mem-estimate=16.00MB mem-reservation=24.00KB thread-reservation=0
|     tuple-ids=7 row-size=48B cardinality=1.35K cost=465
|     in pipelines: 06(GETNEXT)
|
05:HASH JOIN [INNER JOIN, BROADCAST]
|  hash-table-id=05
|  hash predicates: tpcds_partitioned_parquet_snap.date_dim.d_week_seq = tpcds_partitioned_parquet_snap.date_dim_0.d_week_seq
|  fk/pk conjuncts: none
|  mem-estimate=0B mem-reservation=0B spill-buffer=64.00KB thread-reservation=0
|  tuple-ids=4,5 row-size=128B cardinality=4.77M cost=2646830
|  in pipelines: 20(GETNEXT), 04(OPEN)
|
|--F17:PLAN FRAGMENT [HASH(tpcds_partitioned_parquet_snap.date_dim.d_week_seq,tpcds_partitioned_parquet_snap.store_sales.ss_store_sk)] hosts=10 instances=10
|  |  Per-Instance Resources: mem-estimate=24.32MB mem-reservation=24.25MB thread-reservation=1 runtime-filters-memory=1.00MB
|  |  max-parallelism=10 segment-costs=[17005]
|  JOIN BUILD
|  |  join-table-id=05 plan-id=06 cohort-id=01
|  |  build expressions: tpcds_partitioned_parquet_snap.date_dim_0.d_week_seq
|  |  runtime filters: RF008[bloom] <- tpcds_partitioned_parquet_snap.date_dim_0.d_week_seq, RF009[min_max] <- tpcds_partitioned_parquet_snap.date_dim_0.d_week_seq
|  |  mem-estimate=23.25MB mem-reservation=23.25MB spill-buffer=64.00KB thread-reservation=0 cost=7305
|  |
|  21:EXCHANGE [BROADCAST]
|  |  mem-estimate=69.07KB mem-reservation=0B thread-reservation=0
|  |  tuple-ids=5 row-size=8B cardinality=7.30K cost=9700
|  |  in pipelines: 04(GETNEXT)
|  |
|  F03:PLAN FRAGMENT [RANDOM] hosts=1 instances=1
|  Per-Host Shared Resources: mem-estimate=1.00MB mem-reservation=1.00MB thread-reservation=0 runtime-filters-memory=1.00MB
|  Per-Instance Resources: mem-estimate=16.05MB mem-reservation=512.00KB thread-reservation=1
|  max-parallelism=1 segment-costs=[12835]
|  04:SCAN HDFS [tpcds_partitioned_parquet_snap.date_dim, RANDOM]
|     HDFS partitions=1/1 files=1 size=2.17MB
|     predicates: tpcds_partitioned_parquet_snap.date_dim_0.d_month_seq <= add(CAST(1199 AS INT), CAST(11 AS INT)), tpcds_partitioned_parquet_snap.date_dim_0.d_month_seq >= CAST(1199 AS INT)
|     runtime filters: RF001[bloom] -> tpcds_partitioned_parquet_snap.date_dim_0.d_week_seq
|     stored statistics:
|       table: rows=73.05K size=2.17MB
|       columns: all
|     extrapolated-rows=disabled max-scan-range-rows=73.05K
|     parquet statistics predicates: tpcds_partitioned_parquet_snap.date_dim_0.d_month_seq <= add(CAST(1199 AS INT), CAST(11 AS INT)), tpcds_partitioned_parquet_snap.date_dim_0.d_month_seq >= CAST(1199 AS INT)
|     parquet dictionary predicates: tpcds_partitioned_parquet_snap.date_dim_0.d_month_seq <= add(CAST(1199 AS INT), CAST(11 AS INT)), tpcds_partitioned_parquet_snap.date_dim_0.d_month_seq >= CAST(1199 AS INT)
|     mem-estimate=16.00MB mem-reservation=512.00KB thread-reservation=0
|     tuple-ids=5 row-size=8B cardinality=7.30K cost=12520
|     in pipelines: 04(GETNEXT)
|
20:AGGREGATE [FINALIZE]
|  output: sum:merge(CASE WHEN tpcds_partitioned_parquet_snap.date_dim.d_day_name = 'Sunday' THEN tpcds_partitioned_parquet_snap.store_sales.ss_sales_price ELSE NULL END), sum:merge(CASE WHEN tpcds_partitioned_parquet_snap.date_dim.d_day_name = 'Monday' THEN tpcds_partitioned_parquet_snap.store_sales.ss_sales_price ELSE NULL END), sum:merge(CASE WHEN tpcds_partitioned_parquet_snap.date_dim.d_day_name = 'Tuesday' THEN tpcds_partitioned_parquet_snap.store_sales.ss_sales_price ELSE NULL END), sum:merge(CASE WHEN tpcds_partitioned_parquet_snap.date_dim.d_day_name = 'Wednesday' THEN tpcds_partitioned_parquet_snap.store_sales.ss_sales_price ELSE NULL END), sum:merge(CASE WHEN tpcds_partitioned_parquet_snap.date_dim.d_day_name = 'Thursday' THEN tpcds_partitioned_parquet_snap.store_sales.ss_sales_price ELSE NULL END), sum:merge(CASE WHEN tpcds_partitioned_parquet_snap.date_dim.d_day_name = 'Friday' THEN tpcds_partitioned_parquet_snap.store_sales.ss_sales_price ELSE NULL END), sum:merge(CASE WHEN tpcds_partitioned_parquet_snap.date_dim.d_day_name = 'Saturday' THEN tpcds_partitioned_parquet_snap.store_sales.ss_sales_price ELSE NULL END)
|  group by: tpcds_partitioned_parquet_snap.date_dim.d_week_seq, tpcds_partitioned_parquet_snap.store_sales.ss_store_sk
|  mem-estimate=10.00MB mem-reservation=8.50MB spill-buffer=512.00KB thread-reservation=0
|  tuple-ids=4 row-size=120B cardinality=6.95M cost=1527535184
|  in pipelines: 20(GETNEXT), 00(OPEN)
|
19:EXCHANGE [HASH(tpcds_partitioned_parquet_snap.date_dim.d_week_seq,tpcds_partitioned_parquet_snap.store_sales.ss_store_sk)]
|  mem-estimate=24.53MB mem-reservation=0B thread-reservation=0
|  tuple-ids=4 row-size=120B cardinality=833.88M cost=552946385
|  in pipelines: 00(GETNEXT)
|
F00:PLAN FRAGMENT [RANDOM] hosts=10 instances=120
Per-Host Shared Resources: mem-estimate=2.00MB mem-reservation=2.00MB thread-reservation=0 runtime-filters-memory=2.00MB
Per-Instance Resources: mem-estimate=767.53MB mem-reservation=42.00MB thread-reservation=1
max-parallelism=1824 segment-costs=[24551817547, 6873846540] cpu-comparison-result=120 [max(120 (self) vs 11 (sum children))]
03:AGGREGATE [STREAMING]
|  output: sum(CASE WHEN tpcds_partitioned_parquet_snap.date_dim.d_day_name = 'Sunday' THEN tpcds_partitioned_parquet_snap.store_sales.ss_sales_price ELSE NULL END), sum(CASE WHEN tpcds_partitioned_parquet_snap.date_dim.d_day_name = 'Monday' THEN tpcds_partitioned_parquet_snap.store_sales.ss_sales_price ELSE NULL END), sum(CASE WHEN tpcds_partitioned_parquet_snap.date_dim.d_day_name = 'Tuesday' THEN tpcds_partitioned_parquet_snap.store_sales.ss_sales_price ELSE NULL END), sum(CASE WHEN tpcds_partitioned_parquet_snap.date_dim.d_day_name = 'Wednesday' THEN tpcds_partitioned_parquet_snap.store_sales.ss_sales_price ELSE NULL END), sum(CASE WHEN tpcds_partitioned_parquet_snap.date_dim.d_day_name = 'Thursday' THEN tpcds_partitioned_parquet_snap.store_sales.ss_sales_price ELSE NULL END), sum(CASE WHEN tpcds_partitioned_parquet_snap.date_dim.d_day_name = 'Friday' THEN tpcds_partitioned_parquet_snap.store_sales.ss_sales_price ELSE NULL END), sum(CASE WHEN tpcds_partitioned_parquet_snap.date_dim.d_day_name = 'Saturday' THEN tpcds_partitioned_parquet_snap.store_sales.ss_sales_price ELSE NULL END)
|  group by: tpcds_partitioned_parquet_snap.date_dim.d_week_seq, tpcds_partitioned_parquet_snap.store_sales.ss_store_sk
|  mem-estimate=693.40MB mem-reservation=34.00MB spill-buffer=2.00MB thread-reservation=0
|  tuple-ids=4 row-size=120B cardinality=833.88M cost=19277137113
|  in pipelines: 00(GETNEXT)
|
02:HASH JOIN [INNER JOIN, BROADCAST]
|  hash-table-id=06
|  hash predicates: tpcds_partitioned_parquet_snap.store_sales.ss_sold_date_sk = tpcds_partitioned_parquet_snap.date_dim.d_date_sk
|  fk/pk conjuncts: tpcds_partitioned_parquet_snap.store_sales.ss_sold_date_sk = tpcds_partitioned_parquet_snap.date_dim.d_date_sk
|  mem-estimate=0B mem-reservation=0B spill-buffer=256.00KB thread-reservation=0
|  tuple-ids=0,2 row-size=39B cardinality=8.64G cost=3781699633
|  in pipelines: 00(GETNEXT), 01(OPEN)
|
|--F18:PLAN FRAGMENT [RANDOM] hosts=10 instances=10
|  |  Per-Instance Resources: mem-estimate=59.92MB mem-reservation=58.00MB thread-reservation=1 runtime-filters-memory=1.00MB
|  |  max-parallelism=10 segment-costs=[170129]
|  JOIN BUILD
|  |  join-table-id=06 plan-id=07 cohort-id=01
|  |  build expressions: tpcds_partitioned_parquet_snap.date_dim.d_date_sk
|  |  runtime filters: RF010[bloom] <- tpcds_partitioned_parquet_snap.date_dim.d_date_sk
|  |  mem-estimate=57.00MB mem-reservation=57.00MB spill-buffer=256.00KB thread-reservation=0 cost=73049
|  |
|  18:EXCHANGE [BROADCAST]
|  |  mem-estimate=1.92MB mem-reservation=0B thread-reservation=0
|  |  tuple-ids=2 row-size=27B cardinality=73.05K cost=97080
|  |  in pipelines: 01(GETNEXT)
|  |
|  F01:PLAN FRAGMENT [RANDOM] hosts=1 instances=1
|  Per-Host Shared Resources: mem-estimate=2.00MB mem-reservation=2.00MB thread-reservation=0 runtime-filters-memory=2.00MB
|  Per-Instance Resources: mem-estimate=16.12MB mem-reservation=512.00KB thread-reservation=1
|  max-parallelism=1 segment-costs=[22859]
|  01:SCAN HDFS [tpcds_partitioned_parquet_snap.date_dim, RANDOM]
|     HDFS partitions=1/1 files=1 size=2.17MB
|     runtime filters: RF009[min_max] -> tpcds_partitioned_parquet_snap.date_dim.d_week_seq, RF008[bloom] -> tpcds_partitioned_parquet_snap.date_dim.d_week_seq, RF001[bloom] -> tpcds_partitioned_parquet_snap.date_dim.d_week_seq
|     stored statistics:
|       table: rows=73.05K size=2.17MB
|       columns: all
|     extrapolated-rows=disabled max-scan-range-rows=73.05K
|     mem-estimate=16.00MB mem-reservation=512.00KB thread-reservation=0
|     tuple-ids=2 row-size=27B cardinality=73.05K cost=15928
|     in pipelines: 01(GETNEXT)
|
00:SCAN HDFS [tpcds_partitioned_parquet_snap.store_sales, RANDOM]
   HDFS partitions=1824/1824 files=1824 size=389.90GB
   runtime filters: RF007[min_max] -> tpcds_partitioned_parquet_snap.store_sales.ss_store_sk, RF006[bloom] -> tpcds_partitioned_parquet_snap.store_sales.ss_store_sk, RF010[bloom] -> tpcds_partitioned_parquet_snap.store_sales.ss_sold_date_sk
   stored statistics:
     table: rows=8.64G size=389.90GB
     partitions: 1824/1824 rows=8.64G
     columns: all
   extrapolated-rows=disabled max-scan-range-rows=390.22M
   mem-estimate=16.00MB mem-reservation=8.00MB thread-reservation=0
   tuple-ids=0 row-size=12B cardinality=8.64G cost=1492980801
   in pipelines: 00(GETNEXT)
====
