# TPCDS-Q54
# start query 54 in stream 0 using template query54.tpl using seed 1275266578
with my_customers as (
 select distinct c_customer_sk
        , c_current_addr_sk
 from
        ( select cs_sold_date_sk sold_date_sk,
                 cs_bill_customer_sk customer_sk,
                 cs_item_sk item_sk
          from   catalog_sales
          union all
          select ws_sold_date_sk sold_date_sk,
                 ws_bill_customer_sk customer_sk,
                 ws_item_sk item_sk
          from   web_sales
         ) cs_or_ws_sales,
         item,
         date_dim,
         customer
 where   sold_date_sk = d_date_sk
         and item_sk = i_item_sk
         and i_category = 'Music'
         and i_class = 'country'
         and c_customer_sk = cs_or_ws_sales.customer_sk
         and d_moy = 7
         and d_year = 2001
 )
 , my_revenue as (
 select c_customer_sk,
        sum(ss_ext_sales_price) as revenue
 from   my_customers,
        store_sales,
        customer_address,
        store,
        date_dim
 where  c_current_addr_sk = ca_address_sk
        and ca_county = s_county
        and ca_state = s_state
        and ss_sold_date_sk = d_date_sk
        and c_customer_sk = ss_customer_sk
        and d_month_seq between (select distinct d_month_seq+1
                                 from   date_dim where d_year = 2001 and d_moy = 7)
                           and  (select distinct d_month_seq+3
                                 from   date_dim where d_year = 2001 and d_moy = 7)
 group by c_customer_sk
 )
 , segments as
 (select cast((revenue/50) as int) as segment
  from   my_revenue
 )
  select  segment, count(*) as num_customers, segment*50 as segment_base
 from segments
 group by segment
 order by segment, num_customers
 limit 100

# end query 54 in stream 0 using template query54.tpl
---- PLAN
Max Per-Host Resource Reservation: Memory=112.58MB Threads=1
Per-Host Resource Estimates: Memory=1.92GB
F00:PLAN FRAGMENT [UNPARTITIONED] hosts=1 instances=1
|  Per-Instance Resources: mem-estimate=1.92GB mem-reservation=112.58MB thread-reservation=1 runtime-filters-memory=20.00MB
|  max-parallelism=1 segment-costs=[9083654006, 17041, 0, 17041, 0, 1917839325, 7798081, 8231261, 300]
PLAN-ROOT SINK
|  output exprs: divide(sum(tpcds_partitioned_parquet_snap.store_sales.ss_ext_sales_price), 50), count(), multiply(CAST(divide(sum(tpcds_partitioned_parquet_snap.store_sales.ss_ext_sales_price), 50) AS BIGINT), CAST(50 AS BIGINT))
|  mem-estimate=4.00MB mem-reservation=4.00MB spill-buffer=2.00MB thread-reservation=0 cost=300
|
28:TOP-N [LIMIT=100]
|  order by: divide(sum(tpcds_partitioned_parquet_snap.store_sales.ss_ext_sales_price), 50) ASC NULLS LAST, count() ASC NULLS LAST
|  mem-estimate=1.17KB mem-reservation=0B thread-reservation=0
|  tuple-ids=28 row-size=12B cardinality=100 cost=8231261
|  in pipelines: 28(GETNEXT), 27(OPEN)
|
27:AGGREGATE [FINALIZE]
|  output: count()
|  group by: CAST(divide(sum(tpcds_partitioned_parquet_snap.store_sales.ss_ext_sales_price), CAST(50 AS DECIMAL(3,0))) AS INT)
|  mem-estimate=34.00MB mem-reservation=34.00MB spill-buffer=2.00MB thread-reservation=0
|  tuple-ids=27 row-size=12B cardinality=748.20K cost=7798081
|  in pipelines: 27(GETNEXT), 26(OPEN)
|
26:AGGREGATE [FINALIZE]
|  output: sum(tpcds_partitioned_parquet_snap.store_sales.ss_ext_sales_price)
|  group by: tpcds_partitioned_parquet_snap.customer.c_customer_sk
|  mem-estimate=610.08MB mem-reservation=34.00MB spill-buffer=2.00MB thread-reservation=0
|  tuple-ids=26 row-size=20B cardinality=19.99M cost=57968047
|  in pipelines: 26(GETNEXT), 00(OPEN)
|
25:NESTED LOOP JOIN [INNER JOIN]
|  join predicates: CAST(tpcds_partitioned_parquet_snap.date_dim_0.d_month_seq AS BIGINT) <= add(tpcds_partitioned_parquet_snap.date_dim_2.d_month_seq, 3)
|  mem-estimate=8B mem-reservation=0B thread-reservation=0
|  tuple-ids=0,2,15,16,18,22,25 row-size=128B cardinality=19.99M cost=4096166
|  in pipelines: 00(GETNEXT), 24(OPEN)
|
|--24:CARDINALITY CHECK
|  |  limit: 1
|  |  mem-estimate=0B mem-reservation=0B thread-reservation=0
|  |  tuple-ids=25 row-size=8B cardinality=1 cost=0
|  |  in pipelines: 24(GETNEXT), 23(OPEN)
|  |
|  23:AGGREGATE [FINALIZE]
|  |  group by: add(CAST(tpcds_partitioned_parquet_snap.date_dim_2.d_month_seq AS BIGINT), CAST(3 AS BIGINT))
|  |  limit: 2
|  |  mem-estimate=10.00MB mem-reservation=1.94MB spill-buffer=64.00KB thread-reservation=0
|  |  tuple-ids=25 row-size=8B cardinality=108 cost=313
|  |  in pipelines: 23(GETNEXT), 22(OPEN)
|  |
|  22:SCAN HDFS [tpcds_partitioned_parquet_snap.date_dim]
|     HDFS partitions=1/1 files=1 size=2.17MB
|     predicates: tpcds_partitioned_parquet_snap.date_dim_2.d_year = CAST(2001 AS INT), tpcds_partitioned_parquet_snap.date_dim_2.d_moy = CAST(7 AS INT)
|     stored statistics:
|       table: rows=73.05K size=2.17MB
|       columns: all
|     extrapolated-rows=disabled max-scan-range-rows=73.05K
|     parquet statistics predicates: tpcds_partitioned_parquet_snap.date_dim_2.d_year = CAST(2001 AS INT), tpcds_partitioned_parquet_snap.date_dim_2.d_moy = CAST(7 AS INT)
|     parquet dictionary predicates: tpcds_partitioned_parquet_snap.date_dim_2.d_year = CAST(2001 AS INT), tpcds_partitioned_parquet_snap.date_dim_2.d_moy = CAST(7 AS INT)
|     mem-estimate=16.00MB mem-reservation=256.00KB thread-reservation=0
|     tuple-ids=23 row-size=12B cardinality=108 cost=16728
|     in pipelines: 22(GETNEXT)
|
21:NESTED LOOP JOIN [INNER JOIN]
|  join predicates: CAST(tpcds_partitioned_parquet_snap.date_dim_0.d_month_seq AS BIGINT) >= add(tpcds_partitioned_parquet_snap.date_dim_1.d_month_seq, 1)
|  mem-estimate=8B mem-reservation=0B thread-reservation=0
|  tuple-ids=0,2,15,16,18,22 row-size=120B cardinality=19.99M cost=4096166
|  in pipelines: 00(GETNEXT), 20(OPEN)
|
|--20:CARDINALITY CHECK
|  |  limit: 1
|  |  mem-estimate=0B mem-reservation=0B thread-reservation=0
|  |  tuple-ids=22 row-size=8B cardinality=1 cost=0
|  |  in pipelines: 20(GETNEXT), 19(OPEN)
|  |
|  19:AGGREGATE [FINALIZE]
|  |  group by: add(CAST(tpcds_partitioned_parquet_snap.date_dim_1.d_month_seq AS BIGINT), CAST(1 AS BIGINT))
|  |  limit: 2
|  |  mem-estimate=10.00MB mem-reservation=1.94MB spill-buffer=64.00KB thread-reservation=0
|  |  tuple-ids=22 row-size=8B cardinality=108 cost=313
|  |  in pipelines: 19(GETNEXT), 18(OPEN)
|  |
|  18:SCAN HDFS [tpcds_partitioned_parquet_snap.date_dim]
|     HDFS partitions=1/1 files=1 size=2.17MB
|     predicates: tpcds_partitioned_parquet_snap.date_dim_1.d_year = CAST(2001 AS INT), tpcds_partitioned_parquet_snap.date_dim_1.d_moy = CAST(7 AS INT)
|     stored statistics:
|       table: rows=73.05K size=2.17MB
|       columns: all
|     extrapolated-rows=disabled max-scan-range-rows=73.05K
|     parquet statistics predicates: tpcds_partitioned_parquet_snap.date_dim_1.d_year = CAST(2001 AS INT), tpcds_partitioned_parquet_snap.date_dim_1.d_moy = CAST(7 AS INT)
|     parquet dictionary predicates: tpcds_partitioned_parquet_snap.date_dim_1.d_year = CAST(2001 AS INT), tpcds_partitioned_parquet_snap.date_dim_1.d_moy = CAST(7 AS INT)
|     mem-estimate=16.00MB mem-reservation=256.00KB thread-reservation=0
|     tuple-ids=20 row-size=12B cardinality=108 cost=16728
|     in pipelines: 18(GETNEXT)
|
17:HASH JOIN [INNER JOIN]
|  hash predicates: tpcds_partitioned_parquet_snap.store_sales.ss_sold_date_sk = tpcds_partitioned_parquet_snap.date_dim_0.d_date_sk
|  fk/pk conjuncts: tpcds_partitioned_parquet_snap.store_sales.ss_sold_date_sk = tpcds_partitioned_parquet_snap.date_dim_0.d_date_sk
|  runtime filters: RF000[bloom] <- tpcds_partitioned_parquet_snap.date_dim_0.d_date_sk
|  mem-estimate=4.75MB mem-reservation=4.75MB spill-buffer=256.00KB thread-reservation=0
|  tuple-ids=0,2,15,16,18 row-size=112B cardinality=19.99M cost=8823131
|  in pipelines: 00(GETNEXT), 16(OPEN)
|
|--16:SCAN HDFS [tpcds_partitioned_parquet_snap.date_dim]
|     HDFS partitions=1/1 files=1 size=2.17MB
|     stored statistics:
|       table: rows=73.05K size=2.17MB
|       columns: all
|     extrapolated-rows=disabled max-scan-range-rows=73.05K
|     mem-estimate=16.00MB mem-reservation=512.00KB thread-reservation=0
|     tuple-ids=18 row-size=8B cardinality=73.05K cost=8415
|     in pipelines: 16(GETNEXT)
|
15:HASH JOIN [INNER JOIN]
|  hash predicates: tpcds_partitioned_parquet_snap.store_sales.ss_customer_sk = tpcds_partitioned_parquet_snap.customer.c_customer_sk
|  fk/pk conjuncts: tpcds_partitioned_parquet_snap.store_sales.ss_customer_sk = tpcds_partitioned_parquet_snap.customer.c_customer_sk
|  runtime filters: RF002[bloom] <- tpcds_partitioned_parquet_snap.customer.c_customer_sk, RF003[min_max] <- tpcds_partitioned_parquet_snap.customer.c_customer_sk
|  mem-estimate=90.28MB mem-reservation=34.00MB spill-buffer=2.00MB thread-reservation=0
|  tuple-ids=0,2,15,16 row-size=104B cardinality=19.99M cost=55655584
|  in pipelines: 00(GETNEXT), 01(OPEN)
|
|--14:HASH JOIN [INNER JOIN]
|  |  hash predicates: tpcds_partitioned_parquet_snap.customer_address.ca_state = tpcds_partitioned_parquet_snap.store.s_state, tpcds_partitioned_parquet_snap.customer_address.ca_county = tpcds_partitioned_parquet_snap.store.s_county
|  |  fk/pk conjuncts: tpcds_partitioned_parquet_snap.customer_address.ca_state = tpcds_partitioned_parquet_snap.store.s_state, tpcds_partitioned_parquet_snap.customer_address.ca_county = tpcds_partitioned_parquet_snap.store.s_county
|  |  runtime filters: RF004[bloom] <- tpcds_partitioned_parquet_snap.store.s_state, RF005[bloom] <- tpcds_partitioned_parquet_snap.store.s_county, RF006[min_max] <- tpcds_partitioned_parquet_snap.store.s_state, RF007[min_max] <- tpcds_partitioned_parquet_snap.store.s_county
|  |  mem-estimate=1.94MB mem-reservation=1.94MB spill-buffer=64.00KB thread-reservation=0
|  |  tuple-ids=2,15,16 row-size=92B cardinality=756.16K cost=7833367
|  |  in pipelines: 01(GETNEXT), 13(OPEN)
|  |
|  |--13:SCAN HDFS [tpcds_partitioned_parquet_snap.store]
|  |     HDFS partitions=1/1 files=1 size=119.76KB
|  |     stored statistics:
|  |       table: rows=1.35K size=119.76KB
|  |       columns: all
|  |     extrapolated-rows=disabled max-scan-range-rows=1.35K
|  |     mem-estimate=16.00MB mem-reservation=16.00KB thread-reservation=0
|  |     tuple-ids=16 row-size=40B cardinality=1.35K cost=310
|  |     in pipelines: 13(GETNEXT)
|  |
|  12:HASH JOIN [INNER JOIN]
|  |  hash predicates: tpcds_partitioned_parquet_snap.customer_address.ca_address_sk = tpcds_partitioned_parquet_snap.customer.c_current_addr_sk
|  |  fk/pk conjuncts: none
|  |  runtime filters: RF008[bloom] <- tpcds_partitioned_parquet_snap.customer.c_current_addr_sk, RF009[min_max] <- tpcds_partitioned_parquet_snap.customer.c_current_addr_sk
|  |  mem-estimate=1.22GB mem-reservation=34.00MB spill-buffer=2.00MB thread-reservation=0
|  |  tuple-ids=2,15 row-size=52B cardinality=30.00M cost=39283500
|  |  in pipelines: 01(GETNEXT), 11(OPEN)
|  |
|  |--11:AGGREGATE [FINALIZE]
|  |  |  group by: tpcds_partitioned_parquet_snap.customer.c_customer_sk, tpcds_partitioned_parquet_snap.customer.c_current_addr_sk
|  |  |  mem-estimate=572.20MB mem-reservation=34.00MB spill-buffer=2.00MB thread-reservation=0
|  |  |  tuple-ids=15 row-size=8B cardinality=30.00M cost=177078000
|  |  |  in pipelines: 11(GETNEXT), 04(OPEN), 05(OPEN)
|  |  |
|  |  10:HASH JOIN [INNER JOIN]
|  |  |  hash predicates: CUSTOMER_SK = tpcds_partitioned_parquet_snap.customer.c_customer_sk
|  |  |  fk/pk conjuncts: assumed fk/pk
|  |  |  mem-estimate=996.88MB mem-reservation=34.00MB spill-buffer=2.00MB thread-reservation=0
|  |  |  tuple-ids=10,11,13,4 row-size=74B cardinality=30.00M cost=1697567785
|  |  |  in pipelines: 04(GETNEXT), 05(GETNEXT), 02(OPEN)
|  |  |
|  |  |--02:SCAN HDFS [tpcds_partitioned_parquet_snap.customer]
|  |  |     HDFS partitions=1/1 files=1 size=1.55GB
|  |  |     stored statistics:
|  |  |       table: rows=30.00M size=1.55GB
|  |  |       columns: all
|  |  |     extrapolated-rows=disabled max-scan-range-rows=3.10M
|  |  |     mem-estimate=16.00MB mem-reservation=1.00MB thread-reservation=0
|  |  |     tuple-ids=4 row-size=8B cardinality=30.00M cost=3456000
|  |  |     in pipelines: 02(GETNEXT)
|  |  |
|  |  09:HASH JOIN [INNER JOIN]
|  |  |  hash predicates: SOLD_DATE_SK = tpcds_partitioned_parquet_snap.date_dim.d_date_sk
|  |  |  fk/pk conjuncts: assumed fk/pk
|  |  |  mem-estimate=1.94MB mem-reservation=1.94MB spill-buffer=64.00KB thread-reservation=0
|  |  |  tuple-ids=10,11,13 row-size=66B cardinality=6.48G cost=2836316218
|  |  |  in pipelines: 04(GETNEXT), 05(GETNEXT), 08(OPEN)
|  |  |
|  |  |--08:SCAN HDFS [tpcds_partitioned_parquet_snap.date_dim]
|  |  |     HDFS partitions=1/1 files=1 size=2.17MB
|  |  |     predicates: tpcds_partitioned_parquet_snap.date_dim.d_year = CAST(2001 AS INT), tpcds_partitioned_parquet_snap.date_dim.d_moy = CAST(7 AS INT)
|  |  |     stored statistics:
|  |  |       table: rows=73.05K size=2.17MB
|  |  |       columns: all
|  |  |     extrapolated-rows=disabled max-scan-range-rows=73.05K
|  |  |     parquet statistics predicates: tpcds_partitioned_parquet_snap.date_dim.d_year = CAST(2001 AS INT), tpcds_partitioned_parquet_snap.date_dim.d_moy = CAST(7 AS INT)
|  |  |     parquet dictionary predicates: tpcds_partitioned_parquet_snap.date_dim.d_year = CAST(2001 AS INT), tpcds_partitioned_parquet_snap.date_dim.d_moy = CAST(7 AS INT)
|  |  |     mem-estimate=16.00MB mem-reservation=512.00KB thread-reservation=0
|  |  |     tuple-ids=13 row-size=12B cardinality=108 cost=16728
|  |  |     in pipelines: 08(GETNEXT)
|  |  |
|  |  07:HASH JOIN [INNER JOIN]
|  |  |  hash predicates: ITEM_SK = tpcds_partitioned_parquet_snap.item.i_item_sk
|  |  |  fk/pk conjuncts: assumed fk/pk
|  |  |  mem-estimate=1.94MB mem-reservation=1.94MB spill-buffer=64.00KB thread-reservation=0
|  |  |  tuple-ids=10,11 row-size=54B cardinality=6.48G cost=2836317256
|  |  |  in pipelines: 04(GETNEXT), 05(GETNEXT), 06(OPEN)
|  |  |
|  |  |--06:SCAN HDFS [tpcds_partitioned_parquet_snap.item]
|  |  |     HDFS partitions=1/1 files=1 size=33.54MB
|  |  |     predicates: tpcds_partitioned_parquet_snap.item.i_class = 'country', tpcds_partitioned_parquet_snap.item.i_category = 'Music'
|  |  |     stored statistics:
|  |  |       table: rows=360.00K size=33.54MB
|  |  |       columns: all
|  |  |     extrapolated-rows=disabled max-scan-range-rows=101.54K
|  |  |     parquet statistics predicates: tpcds_partitioned_parquet_snap.item.i_class = 'country', tpcds_partitioned_parquet_snap.item.i_category = 'Music'
|  |  |     parquet dictionary predicates: tpcds_partitioned_parquet_snap.item.i_class = 'country', tpcds_partitioned_parquet_snap.item.i_category = 'Music'
|  |  |     mem-estimate=16.00MB mem-reservation=512.00KB thread-reservation=0
|  |  |     tuple-ids=11 row-size=42B cardinality=1.15K cost=111953
|  |  |     in pipelines: 06(GETNEXT)
|  |  |
|  |  03:UNION
|  |  |  mem-estimate=0B mem-reservation=0B thread-reservation=0
|  |  |  tuple-ids=10 row-size=12B cardinality=6.48G cost=413038128
|  |  |  in pipelines: 04(GETNEXT), 05(GETNEXT)
|  |  |
|  |  |--05:SCAN HDFS [tpcds_partitioned_parquet_snap.web_sales]
|  |  |     HDFS partitions=1824/1824 files=1824 size=145.75GB
|  |  |     stored statistics:
|  |  |       table: rows=2.16G size=145.75GB
|  |  |       partitions: 1824/1824 rows=2.16G
|  |  |       columns: all
|  |  |     extrapolated-rows=disabled max-scan-range-rows=3.37M
|  |  |     mem-estimate=16.00MB mem-reservation=128.00KB thread-reservation=0
|  |  |     tuple-ids=8 row-size=12B cardinality=2.16G cost=373242464
|  |  |     in pipelines: 05(GETNEXT)
|  |  |
|  |  04:SCAN HDFS [tpcds_partitioned_parquet_snap.catalog_sales]
|  |     HDFS partitions=1831/1831 files=1831 size=280.96GB
|  |     stored statistics:
|  |       table: rows=4.32G size=280.96GB
|  |       partitions: 1831/1831 rows=4.32G
|  |       columns: all
|  |     extrapolated-rows=disabled max-scan-range-rows=21.52M
|  |     mem-estimate=16.00MB mem-reservation=1.00MB thread-reservation=0
|  |     tuple-ids=6 row-size=12B cardinality=4.32G cost=746509474
|  |     in pipelines: 04(GETNEXT)
|  |
|  01:SCAN HDFS [tpcds_partitioned_parquet_snap.customer_address]
|     HDFS partitions=1/1 files=1 size=307.36MB
|     runtime filters: RF006[min_max] -> tpcds_partitioned_parquet_snap.customer_address.ca_state, RF007[min_max] -> tpcds_partitioned_parquet_snap.customer_address.ca_county, RF009[min_max] -> tpcds_partitioned_parquet_snap.customer_address.ca_address_sk, RF004[bloom] -> tpcds_partitioned_parquet_snap.customer_address.ca_state, RF005[bloom] -> tpcds_partitioned_parquet_snap.customer_address.ca_county, RF008[bloom] -> tpcds_partitioned_parquet_snap.customer_address.ca_address_sk
|     stored statistics:
|       table: rows=15.00M size=307.36MB
|       columns: all
|     extrapolated-rows=disabled max-scan-range-rows=1.58M
|     mem-estimate=16.00MB mem-reservation=128.00KB thread-reservation=0
|     tuple-ids=2 row-size=44B cardinality=15.00M cost=4311659
|     in pipelines: 01(GETNEXT)
|
00:SCAN HDFS [tpcds_partitioned_parquet_snap.store_sales]
   HDFS partitions=1824/1824 files=1824 size=389.90GB
   predicates: is_not_null_pred(tpcds_partitioned_parquet_snap.store_sales.ss_customer_sk)
   runtime filters: RF003[min_max] -> tpcds_partitioned_parquet_snap.store_sales.ss_customer_sk, RF000[bloom] -> tpcds_partitioned_parquet_snap.store_sales.ss_sold_date_sk, RF002[bloom] -> tpcds_partitioned_parquet_snap.store_sales.ss_customer_sk
   stored statistics:
     table: rows=8.64G size=389.90GB
     partitions: 1824/1824 rows=8.64G
     columns: all
   extrapolated-rows=disabled max-scan-range-rows=390.22M
   parquet dictionary predicates: is_not_null_pred(tpcds_partitioned_parquet_snap.store_sales.ss_customer_sk)
   mem-estimate=16.00MB mem-reservation=8.00MB thread-reservation=0
   tuple-ids=0 row-size=12B cardinality=199.91M(filtered from 863.99M) cost=1735762980
   in pipelines: 00(GETNEXT)
---- DISTRIBUTEDPLAN
Max Per-Host Resource Reservation: Memory=1.35GB Threads=51
Per-Host Resource Estimates: Memory=2.69GB
F20:PLAN FRAGMENT [UNPARTITIONED] hosts=1 instances=1
|  Per-Instance Resources: mem-estimate=4.02MB mem-reservation=4.00MB thread-reservation=1
|  max-parallelism=1 segment-costs=[327] cpu-comparison-result=162 [max(1 (self) vs 162 (sum children))]
PLAN-ROOT SINK
|  output exprs: divide(sum(tpcds_partitioned_parquet_snap.store_sales.ss_ext_sales_price), 50), count(), multiply(CAST(divide(sum(tpcds_partitioned_parquet_snap.store_sales.ss_ext_sales_price), 50) AS BIGINT), CAST(50 AS BIGINT))
|  mem-estimate=4.00MB mem-reservation=4.00MB spill-buffer=2.00MB thread-reservation=0 cost=300
|
51:MERGING-EXCHANGE [UNPARTITIONED]
|  order by: divide(sum(tpcds_partitioned_parquet_snap.store_sales.ss_ext_sales_price), 50) ASC NULLS LAST, count() ASC NULLS LAST
|  limit: 100
|  mem-estimate=16.00KB mem-reservation=0B thread-reservation=0
|  tuple-ids=28 row-size=12B cardinality=100 cost=27
|  in pipelines: 28(GETNEXT)
|
F19:PLAN FRAGMENT [HASH(divide(sum(tpcds_partitioned_parquet_snap.store_sales.ss_ext_sales_price), 50))] hosts=10 instances=10 (adjusted from 120)
Per-Instance Resources: mem-estimate=20.16MB mem-reservation=2.88MB thread-reservation=1
max-parallelism=10 segment-costs=[10173312, 8231261, 62] cpu-comparison-result=162 [max(10 (self) vs 162 (sum children))]
28:TOP-N [LIMIT=100]
|  order by: divide(sum(tpcds_partitioned_parquet_snap.store_sales.ss_ext_sales_price), 50) ASC NULLS LAST, count() ASC NULLS LAST
|  mem-estimate=1.17KB mem-reservation=0B thread-reservation=0
|  tuple-ids=28 row-size=12B cardinality=100 cost=8231261
|  in pipelines: 28(GETNEXT), 50(OPEN)
|
50:AGGREGATE [FINALIZE]
|  output: count:merge()
|  group by: divide(sum(tpcds_partitioned_parquet_snap.store_sales.ss_ext_sales_price), 50)
|  mem-estimate=10.00MB mem-reservation=2.88MB spill-buffer=128.00KB thread-reservation=0
|  tuple-ids=27 row-size=12B cardinality=748.20K cost=7192884
|  in pipelines: 50(GETNEXT), 48(OPEN)
|
49:EXCHANGE [HASH(divide(sum(tpcds_partitioned_parquet_snap.store_sales.ss_ext_sales_price), 50))]
|  mem-estimate=10.16MB mem-reservation=0B thread-reservation=0
|  tuple-ids=27 row-size=12B cardinality=17.92M cost=2980428
|  in pipelines: 48(GETNEXT)
|
F18:PLAN FRAGMENT [HASH(tpcds_partitioned_parquet_snap.customer.c_customer_sk)] hosts=10 instances=10 (adjusted from 120)
Per-Instance Resources: mem-estimate=107.82MB mem-reservation=68.00MB thread-reservation=1
max-parallelism=10 segment-costs=[62028229, 52573620, 23083536] cpu-comparison-result=162 [max(10 (self) vs 162 (sum children))]
27:AGGREGATE [STREAMING]
|  output: count()
|  group by: CAST(divide(sum(tpcds_partitioned_parquet_snap.store_sales.ss_ext_sales_price), CAST(50 AS DECIMAL(3,0))) AS INT)
|  mem-estimate=34.00MB mem-reservation=34.00MB spill-buffer=2.00MB thread-reservation=0
|  tuple-ids=27 row-size=12B cardinality=17.92M cost=52573620
|  in pipelines: 48(GETNEXT)
|
48:AGGREGATE [FINALIZE]
|  output: sum:merge(tpcds_partitioned_parquet_snap.store_sales.ss_ext_sales_price)
|  group by: tpcds_partitioned_parquet_snap.customer.c_customer_sk
|  mem-estimate=61.01MB mem-reservation=34.00MB spill-buffer=2.00MB thread-reservation=0
|  tuple-ids=26 row-size=20B cardinality=19.99M cost=57968047
|  in pipelines: 48(GETNEXT), 00(OPEN)
|
47:EXCHANGE [HASH(tpcds_partitioned_parquet_snap.customer.c_customer_sk)]
|  mem-estimate=12.81MB mem-reservation=0B thread-reservation=0
|  tuple-ids=26 row-size=20B cardinality=19.99M cost=4060182
|  in pipelines: 00(GETNEXT)
|
F00:PLAN FRAGMENT [RANDOM] hosts=10 instances=120
Per-Host Shared Resources: mem-estimate=2.00MB mem-reservation=2.00MB thread-reservation=0 runtime-filters-memory=2.00MB
Per-Instance Resources: mem-estimate=26.94MB mem-reservation=13.00MB thread-reservation=1
max-parallelism=210 segment-costs=[2035910156, 36047861] cpu-comparison-result=162 [max(120 (self) vs 162 (sum children))]
26:AGGREGATE [STREAMING]
|  output: sum(tpcds_partitioned_parquet_snap.store_sales.ss_ext_sales_price)
|  group by: tpcds_partitioned_parquet_snap.customer.c_customer_sk
|  mem-estimate=10.00MB mem-reservation=5.00MB spill-buffer=256.00KB thread-reservation=0
|  tuple-ids=26 row-size=20B cardinality=19.99M cost=57968047
|  in pipelines: 00(GETNEXT)
|
25:NESTED LOOP JOIN [INNER JOIN, BROADCAST]
|  join table id: 00
|  join predicates: CAST(tpcds_partitioned_parquet_snap.date_dim_0.d_month_seq AS BIGINT) <= add(tpcds_partitioned_parquet_snap.date_dim_2.d_month_seq, 3)
|  mem-estimate=0B mem-reservation=0B thread-reservation=0
|  tuple-ids=0,2,15,16,18,22,25 row-size=128B cardinality=19.99M cost=4096166
|  in pipelines: 00(GETNEXT), 24(OPEN)
|
|--F21:PLAN FRAGMENT [RANDOM] hosts=10 instances=10
|  |  Per-Instance Resources: mem-estimate=16.01KB mem-reservation=0B thread-reservation=1
|  |  max-parallelism=10 segment-costs=[0] cpu-comparison-result=10 [max(10 (self) vs 1 (sum children))]
|  JOIN BUILD
|  |  join-table-id=00 plan-id=01 cohort-id=01
|  |  mem-estimate=8B mem-reservation=0B thread-reservation=0 cost=0
|  |
|  46:EXCHANGE [BROADCAST]
|  |  mem-estimate=16.00KB mem-reservation=0B thread-reservation=0
|  |  tuple-ids=25 row-size=8B cardinality=1 cost=0
|  |  in pipelines: 24(GETNEXT)
|  |
|  F17:PLAN FRAGMENT [UNPARTITIONED] hosts=1 instances=1
|  Per-Instance Resources: mem-estimate=48.00KB mem-reservation=0B thread-reservation=1
|  max-parallelism=1 segment-costs=[0, 0] cpu-comparison-result=1 [max(1 (self) vs 1 (sum children))]
|  24:CARDINALITY CHECK
|  |  limit: 1
|  |  mem-estimate=0B mem-reservation=0B thread-reservation=0
|  |  tuple-ids=25 row-size=8B cardinality=1 cost=0
|  |  in pipelines: 24(GETNEXT), 44(OPEN)
|  |
|  45:EXCHANGE [UNPARTITIONED]
|  |  limit: 2
|  |  mem-estimate=16.00KB mem-reservation=0B thread-reservation=0
|  |  tuple-ids=25 row-size=8B cardinality=2 cost=0
|  |  in pipelines: 44(GETNEXT)
|  |
|  F16:PLAN FRAGMENT [HASH(add(tpcds_partitioned_parquet_snap.date_dim_2.d_month_seq, 3))] hosts=1 instances=1
|  Per-Instance Resources: mem-estimate=10.05MB mem-reservation=1.94MB thread-reservation=1
|  max-parallelism=1 segment-costs=[5, 2] cpu-comparison-result=1 [max(1 (self) vs 1 (sum children))]
|  44:AGGREGATE [FINALIZE]
|  |  group by: add(tpcds_partitioned_parquet_snap.date_dim_2.d_month_seq, 3)
|  |  limit: 2
|  |  mem-estimate=10.00MB mem-reservation=1.94MB spill-buffer=64.00KB thread-reservation=0
|  |  tuple-ids=25 row-size=8B cardinality=2 cost=5
|  |  in pipelines: 44(GETNEXT), 22(OPEN)
|  |
|  43:EXCHANGE [HASH(add(tpcds_partitioned_parquet_snap.date_dim_2.d_month_seq, 3))]
|  |  mem-estimate=16.00KB mem-reservation=0B thread-reservation=0
|  |  tuple-ids=25 row-size=8B cardinality=2 cost=0
|  |  in pipelines: 22(GETNEXT)
|  |
|  F15:PLAN FRAGMENT [RANDOM] hosts=1 instances=1
|  Per-Instance Resources: mem-estimate=26.05MB mem-reservation=2.25MB thread-reservation=1
|  max-parallelism=1 segment-costs=[16764, 2]
|  23:AGGREGATE [STREAMING]
|  |  group by: add(CAST(tpcds_partitioned_parquet_snap.date_dim_2.d_month_seq AS BIGINT), CAST(3 AS BIGINT))
|  |  limit: 2
|  |  mem-estimate=10.00MB mem-reservation=2.00MB spill-buffer=64.00KB thread-reservation=0
|  |  tuple-ids=25 row-size=8B cardinality=2 cost=36
|  |  in pipelines: 22(GETNEXT)
|  |
|  22:SCAN HDFS [tpcds_partitioned_parquet_snap.date_dim, RANDOM]
|     HDFS partitions=1/1 files=1 size=2.17MB
|     predicates: tpcds_partitioned_parquet_snap.date_dim_2.d_year = CAST(2001 AS INT), tpcds_partitioned_parquet_snap.date_dim_2.d_moy = CAST(7 AS INT)
|     stored statistics:
|       table: rows=73.05K size=2.17MB
|       columns: all
|     extrapolated-rows=disabled max-scan-range-rows=73.05K
|     parquet statistics predicates: tpcds_partitioned_parquet_snap.date_dim_2.d_year = CAST(2001 AS INT), tpcds_partitioned_parquet_snap.date_dim_2.d_moy = CAST(7 AS INT)
|     parquet dictionary predicates: tpcds_partitioned_parquet_snap.date_dim_2.d_year = CAST(2001 AS INT), tpcds_partitioned_parquet_snap.date_dim_2.d_moy = CAST(7 AS INT)
|     mem-estimate=16.00MB mem-reservation=256.00KB thread-reservation=0
|     tuple-ids=23 row-size=12B cardinality=108 cost=16728
|     in pipelines: 22(GETNEXT)
|
21:NESTED LOOP JOIN [INNER JOIN, BROADCAST]
|  join table id: 01
|  join predicates: CAST(tpcds_partitioned_parquet_snap.date_dim_0.d_month_seq AS BIGINT) >= add(tpcds_partitioned_parquet_snap.date_dim_1.d_month_seq, 1)
|  mem-estimate=0B mem-reservation=0B thread-reservation=0
|  tuple-ids=0,2,15,16,18,22 row-size=120B cardinality=19.99M cost=4096166
|  in pipelines: 00(GETNEXT), 20(OPEN)
|
|--F22:PLAN FRAGMENT [RANDOM] hosts=10 instances=10
|  |  Per-Instance Resources: mem-estimate=16.01KB mem-reservation=0B thread-reservation=1
|  |  max-parallelism=10 segment-costs=[0] cpu-comparison-result=10 [max(10 (self) vs 1 (sum children))]
|  JOIN BUILD
|  |  join-table-id=01 plan-id=02 cohort-id=01
|  |  mem-estimate=8B mem-reservation=0B thread-reservation=0 cost=0
|  |
|  42:EXCHANGE [BROADCAST]
|  |  mem-estimate=16.00KB mem-reservation=0B thread-reservation=0
|  |  tuple-ids=22 row-size=8B cardinality=1 cost=0
|  |  in pipelines: 20(GETNEXT)
|  |
|  F14:PLAN FRAGMENT [UNPARTITIONED] hosts=1 instances=1
|  Per-Instance Resources: mem-estimate=48.00KB mem-reservation=0B thread-reservation=1
|  max-parallelism=1 segment-costs=[0, 0] cpu-comparison-result=1 [max(1 (self) vs 1 (sum children))]
|  20:CARDINALITY CHECK
|  |  limit: 1
|  |  mem-estimate=0B mem-reservation=0B thread-reservation=0
|  |  tuple-ids=22 row-size=8B cardinality=1 cost=0
|  |  in pipelines: 20(GETNEXT), 40(OPEN)
|  |
|  41:EXCHANGE [UNPARTITIONED]
|  |  limit: 2
|  |  mem-estimate=16.00KB mem-reservation=0B thread-reservation=0
|  |  tuple-ids=22 row-size=8B cardinality=2 cost=0
|  |  in pipelines: 40(GETNEXT)
|  |
|  F13:PLAN FRAGMENT [HASH(add(tpcds_partitioned_parquet_snap.date_dim_1.d_month_seq, 1))] hosts=1 instances=1
|  Per-Instance Resources: mem-estimate=10.05MB mem-reservation=1.94MB thread-reservation=1
|  max-parallelism=1 segment-costs=[5, 2] cpu-comparison-result=1 [max(1 (self) vs 1 (sum children))]
|  40:AGGREGATE [FINALIZE]
|  |  group by: add(tpcds_partitioned_parquet_snap.date_dim_1.d_month_seq, 1)
|  |  limit: 2
|  |  mem-estimate=10.00MB mem-reservation=1.94MB spill-buffer=64.00KB thread-reservation=0
|  |  tuple-ids=22 row-size=8B cardinality=2 cost=5
|  |  in pipelines: 40(GETNEXT), 18(OPEN)
|  |
|  39:EXCHANGE [HASH(add(tpcds_partitioned_parquet_snap.date_dim_1.d_month_seq, 1))]
|  |  mem-estimate=16.00KB mem-reservation=0B thread-reservation=0
|  |  tuple-ids=22 row-size=8B cardinality=2 cost=0
|  |  in pipelines: 18(GETNEXT)
|  |
|  F12:PLAN FRAGMENT [RANDOM] hosts=1 instances=1
|  Per-Instance Resources: mem-estimate=26.05MB mem-reservation=2.25MB thread-reservation=1
|  max-parallelism=1 segment-costs=[16764, 2]
|  19:AGGREGATE [STREAMING]
|  |  group by: add(CAST(tpcds_partitioned_parquet_snap.date_dim_1.d_month_seq AS BIGINT), CAST(1 AS BIGINT))
|  |  limit: 2
|  |  mem-estimate=10.00MB mem-reservation=2.00MB spill-buffer=64.00KB thread-reservation=0
|  |  tuple-ids=22 row-size=8B cardinality=2 cost=36
|  |  in pipelines: 18(GETNEXT)
|  |
|  18:SCAN HDFS [tpcds_partitioned_parquet_snap.date_dim, RANDOM]
|     HDFS partitions=1/1 files=1 size=2.17MB
|     predicates: tpcds_partitioned_parquet_snap.date_dim_1.d_year = CAST(2001 AS INT), tpcds_partitioned_parquet_snap.date_dim_1.d_moy = CAST(7 AS INT)
|     stored statistics:
|       table: rows=73.05K size=2.17MB
|       columns: all
|     extrapolated-rows=disabled max-scan-range-rows=73.05K
|     parquet statistics predicates: tpcds_partitioned_parquet_snap.date_dim_1.d_year = CAST(2001 AS INT), tpcds_partitioned_parquet_snap.date_dim_1.d_moy = CAST(7 AS INT)
|     parquet dictionary predicates: tpcds_partitioned_parquet_snap.date_dim_1.d_year = CAST(2001 AS INT), tpcds_partitioned_parquet_snap.date_dim_1.d_moy = CAST(7 AS INT)
|     mem-estimate=16.00MB mem-reservation=256.00KB thread-reservation=0
|     tuple-ids=20 row-size=12B cardinality=108 cost=16728
|     in pipelines: 18(GETNEXT)
|
17:HASH JOIN [INNER JOIN, BROADCAST]
|  hash-table-id=02
|  hash predicates: tpcds_partitioned_parquet_snap.store_sales.ss_sold_date_sk = tpcds_partitioned_parquet_snap.date_dim_0.d_date_sk
|  fk/pk conjuncts: tpcds_partitioned_parquet_snap.store_sales.ss_sold_date_sk = tpcds_partitioned_parquet_snap.date_dim_0.d_date_sk
|  mem-estimate=0B mem-reservation=0B spill-buffer=256.00KB thread-reservation=0
|  tuple-ids=0,2,15,16,18 row-size=112B cardinality=19.99M cost=8750082
|  in pipelines: 00(GETNEXT), 16(OPEN)
|
|--F23:PLAN FRAGMENT [RANDOM] hosts=10 instances=10
|  |  Per-Instance Resources: mem-estimate=58.57MB mem-reservation=58.00MB thread-reservation=1 runtime-filters-memory=1.00MB
|  |  max-parallelism=10 segment-costs=[170129]
|  JOIN BUILD
|  |  join-table-id=02 plan-id=03 cohort-id=01
|  |  build expressions: tpcds_partitioned_parquet_snap.date_dim_0.d_date_sk
|  |  runtime filters: RF000[bloom] <- tpcds_partitioned_parquet_snap.date_dim_0.d_date_sk
|  |  mem-estimate=57.00MB mem-reservation=57.00MB spill-buffer=256.00KB thread-reservation=0 cost=73049
|  |
|  38:EXCHANGE [BROADCAST]
|  |  mem-estimate=582.70KB mem-reservation=0B thread-reservation=0
|  |  tuple-ids=18 row-size=8B cardinality=73.05K cost=97080
|  |  in pipelines: 16(GETNEXT)
|  |
|  F11:PLAN FRAGMENT [RANDOM] hosts=1 instances=1
|  Per-Instance Resources: mem-estimate=16.05MB mem-reservation=512.00KB thread-reservation=1
|  max-parallelism=1 segment-costs=[11570]
|  16:SCAN HDFS [tpcds_partitioned_parquet_snap.date_dim, RANDOM]
|     HDFS partitions=1/1 files=1 size=2.17MB
|     stored statistics:
|       table: rows=73.05K size=2.17MB
|       columns: all
|     extrapolated-rows=disabled max-scan-range-rows=73.05K
|     mem-estimate=16.00MB mem-reservation=512.00KB thread-reservation=0
|     tuple-ids=18 row-size=8B cardinality=73.05K cost=8415
|     in pipelines: 16(GETNEXT)
|
15:HASH JOIN [INNER JOIN, BROADCAST]
|  hash-table-id=03
|  hash predicates: tpcds_partitioned_parquet_snap.store_sales.ss_customer_sk = tpcds_partitioned_parquet_snap.customer.c_customer_sk
|  fk/pk conjuncts: tpcds_partitioned_parquet_snap.store_sales.ss_customer_sk = tpcds_partitioned_parquet_snap.customer.c_customer_sk
|  mem-estimate=0B mem-reservation=0B spill-buffer=2.00MB thread-reservation=0
|  tuple-ids=0,2,15,16 row-size=104B cardinality=19.99M cost=225236715
|  in pipelines: 00(GETNEXT), 01(OPEN)
|
|--F24:PLAN FRAGMENT [RANDOM] hosts=10 instances=10
|  |  Per-Instance Resources: mem-estimate=420.01MB mem-reservation=409.00MB thread-reservation=1 runtime-filters-memory=1.00MB
|  |  max-parallelism=10 segment-costs=[1761105] cpu-comparison-result=131 [max(30 (self) vs 131 (sum children))]
|  JOIN BUILD
|  |  join-table-id=03 plan-id=04 cohort-id=01
|  |  build expressions: tpcds_partitioned_parquet_snap.customer.c_customer_sk
|  |  runtime filters: RF002[bloom] <- tpcds_partitioned_parquet_snap.customer.c_customer_sk, RF003[min_max] <- tpcds_partitioned_parquet_snap.customer.c_customer_sk
|  |  mem-estimate=408.00MB mem-reservation=408.00MB spill-buffer=2.00MB thread-reservation=0 cost=756165
|  |
|  37:EXCHANGE [BROADCAST]
|  |  mem-estimate=11.01MB mem-reservation=0B thread-reservation=0
|  |  tuple-ids=2,15,16 row-size=92B cardinality=756.16K cost=1004940
|  |  in pipelines: 01(GETNEXT)
|  |
|  F09:PLAN FRAGMENT [HASH(tpcds_partitioned_parquet_snap.customer_address.ca_address_sk)] hosts=10 instances=10
|  Per-Instance Resources: mem-estimate=10.87MB mem-reservation=0B thread-reservation=1
|  max-parallelism=10 segment-costs=[22051994]
|  14:HASH JOIN [INNER JOIN, BROADCAST]
|  |  hash-table-id=04
|  |  hash predicates: tpcds_partitioned_parquet_snap.customer_address.ca_state = tpcds_partitioned_parquet_snap.store.s_state, tpcds_partitioned_parquet_snap.customer_address.ca_county = tpcds_partitioned_parquet_snap.store.s_county
|  |  fk/pk conjuncts: tpcds_partitioned_parquet_snap.customer_address.ca_state = tpcds_partitioned_parquet_snap.store.s_state, tpcds_partitioned_parquet_snap.customer_address.ca_county = tpcds_partitioned_parquet_snap.store.s_county
|  |  mem-estimate=0B mem-reservation=0B spill-buffer=64.00KB thread-reservation=0
|  |  tuple-ids=2,15,16 row-size=92B cardinality=756.16K cost=7832017
|  |  in pipelines: 01(GETNEXT), 13(OPEN)
|  |
|  |--F25:PLAN FRAGMENT [HASH(tpcds_partitioned_parquet_snap.customer_address.ca_address_sk)] hosts=10 instances=10
|  |  |  Per-Instance Resources: mem-estimate=4.03MB mem-reservation=3.94MB thread-reservation=1 runtime-filters-memory=2.00MB
|  |  |  max-parallelism=10 segment-costs=[3140]
|  |  JOIN BUILD
|  |  |  join-table-id=04 plan-id=05 cohort-id=02
|  |  |  build expressions: tpcds_partitioned_parquet_snap.store.s_state, tpcds_partitioned_parquet_snap.store.s_county
|  |  |  runtime filters: RF004[bloom] <- tpcds_partitioned_parquet_snap.store.s_state, RF005[bloom] <- tpcds_partitioned_parquet_snap.store.s_county, RF006[min_max] <- tpcds_partitioned_parquet_snap.store.s_state, RF007[min_max] <- tpcds_partitioned_parquet_snap.store.s_county
|  |  |  mem-estimate=1.94MB mem-reservation=1.94MB spill-buffer=64.00KB thread-reservation=0 cost=1350
|  |  |
|  |  36:EXCHANGE [BROADCAST]
|  |  |  mem-estimate=96.61KB mem-reservation=0B thread-reservation=0
|  |  |  tuple-ids=16 row-size=40B cardinality=1.35K cost=1790
|  |  |  in pipelines: 13(GETNEXT)
|  |  |
|  |  F10:PLAN FRAGMENT [RANDOM] hosts=1 instances=1
|  |  Per-Instance Resources: mem-estimate=16.17MB mem-reservation=16.00KB thread-reservation=1
|  |  max-parallelism=1 segment-costs=[484]
|  |  13:SCAN HDFS [tpcds_partitioned_parquet_snap.store, RANDOM]
|  |     HDFS partitions=1/1 files=1 size=119.76KB
|  |     stored statistics:
|  |       table: rows=1.35K size=119.76KB
|  |       columns: all
|  |     extrapolated-rows=disabled max-scan-range-rows=1.35K
|  |     mem-estimate=16.00MB mem-reservation=16.00KB thread-reservation=0
|  |     tuple-ids=16 row-size=40B cardinality=1.35K cost=310
|  |     in pipelines: 13(GETNEXT)
|  |
|  12:HASH JOIN [INNER JOIN, PARTITIONED]
|  |  hash-table-id=05
|  |  hash predicates: tpcds_partitioned_parquet_snap.customer_address.ca_address_sk = tpcds_partitioned_parquet_snap.customer.c_current_addr_sk
|  |  fk/pk conjuncts: none
|  |  mem-estimate=0B mem-reservation=0B spill-buffer=2.00MB thread-reservation=0
|  |  tuple-ids=2,15 row-size=52B cardinality=30.00M cost=9283500
|  |  in pipelines: 01(GETNEXT), 33(OPEN)
|  |
|  |--F26:PLAN FRAGMENT [HASH(tpcds_partitioned_parquet_snap.customer_address.ca_address_sk)] hosts=10 instances=10
|  |  |  Per-Instance Resources: mem-estimate=151.34MB mem-reservation=50.00MB thread-reservation=1 runtime-filters-memory=16.00MB
|  |  |  max-parallelism=10 segment-costs=[34437000] cpu-comparison-result=120 [max(10 (self) vs 120 (sum children))]
|  |  JOIN BUILD
|  |  |  join-table-id=05 plan-id=06 cohort-id=02
|  |  |  build expressions: tpcds_partitioned_parquet_snap.customer.c_current_addr_sk
|  |  |  runtime filters: RF008[bloom] <- tpcds_partitioned_parquet_snap.customer.c_current_addr_sk, RF009[min_max] <- tpcds_partitioned_parquet_snap.customer.c_current_addr_sk
|  |  |  mem-estimate=125.11MB mem-reservation=34.00MB spill-buffer=2.00MB thread-reservation=0 cost=30000000
|  |  |
|  |  35:EXCHANGE [HASH(tpcds_partitioned_parquet_snap.customer.c_current_addr_sk)]
|  |  |  mem-estimate=10.23MB mem-reservation=0B thread-reservation=0
|  |  |  tuple-ids=15 row-size=8B cardinality=30.00M cost=4437000
|  |  |  in pipelines: 33(GETNEXT)
|  |  |
|  |  F08:PLAN FRAGMENT [HASH(tpcds_partitioned_parquet_snap.customer.c_customer_sk,tpcds_partitioned_parquet_snap.customer.c_current_addr_sk)] hosts=10 instances=20 (adjusted from 120)
|  |  Per-Instance Resources: mem-estimate=45.41MB mem-reservation=34.00MB thread-reservation=1
|  |  max-parallelism=20 segment-costs=[181515000, 30912000] cpu-comparison-result=120 [max(20 (self) vs 120 (sum children))]
|  |  33:AGGREGATE [FINALIZE]
|  |  |  group by: tpcds_partitioned_parquet_snap.customer.c_customer_sk, tpcds_partitioned_parquet_snap.customer.c_current_addr_sk
|  |  |  mem-estimate=34.00MB mem-reservation=34.00MB spill-buffer=2.00MB thread-reservation=0
|  |  |  tuple-ids=15 row-size=8B cardinality=30.00M cost=177078000
|  |  |  in pipelines: 33(GETNEXT), 04(OPEN), 05(OPEN)
|  |  |
|  |  32:EXCHANGE [HASH(tpcds_partitioned_parquet_snap.customer.c_customer_sk,tpcds_partitioned_parquet_snap.customer.c_current_addr_sk)]
|  |  |  mem-estimate=11.41MB mem-reservation=0B thread-reservation=0
|  |  |  tuple-ids=15 row-size=8B cardinality=30.00M cost=4437000
|  |  |  in pipelines: 04(GETNEXT), 05(GETNEXT)
|  |  |
|  |  F04:PLAN FRAGMENT [RANDOM] hosts=10 instances=120
|  |  Per-Instance Resources: mem-estimate=26.94MB mem-reservation=6.00MB thread-reservation=1
|  |  max-parallelism=120 segment-costs=[9050068071, 30912000] cpu-comparison-result=120 [max(120 (self) vs 45 (sum children))]
|  |  11:AGGREGATE [STREAMING]
|  |  |  group by: tpcds_partitioned_parquet_snap.customer.c_customer_sk, tpcds_partitioned_parquet_snap.customer.c_current_addr_sk
|  |  |  mem-estimate=10.00MB mem-reservation=5.00MB spill-buffer=256.00KB thread-reservation=0
|  |  |  tuple-ids=15 row-size=8B cardinality=30.00M cost=177078000
|  |  |  in pipelines: 04(GETNEXT), 05(GETNEXT)
|  |  |
|  |  10:HASH JOIN [INNER JOIN, BROADCAST]
|  |  |  hash-table-id=06
|  |  |  hash predicates: CUSTOMER_SK = tpcds_partitioned_parquet_snap.customer.c_customer_sk
|  |  |  fk/pk conjuncts: assumed fk/pk
|  |  |  mem-estimate=0B mem-reservation=0B spill-buffer=2.00MB thread-reservation=0
|  |  |  tuple-ids=10,11,13,4 row-size=74B cardinality=30.00M cost=1667567785
|  |  |  in pipelines: 04(GETNEXT), 05(GETNEXT), 02(OPEN)
|  |  |
|  |  |--F27:PLAN FRAGMENT [RANDOM] hosts=10 instances=10
|  |  |  |  Per-Instance Resources: mem-estimate=1007.00MB mem-reservation=408.00MB thread-reservation=1
|  |  |  |  max-parallelism=10 segment-costs=[69869990]
|  |  |  JOIN BUILD
|  |  |  |  join-table-id=06 plan-id=07 cohort-id=03
|  |  |  |  build expressions: tpcds_partitioned_parquet_snap.customer.c_customer_sk
|  |  |  |  mem-estimate=996.88MB mem-reservation=408.00MB spill-buffer=2.00MB thread-reservation=0 cost=30000000
|  |  |  |
|  |  |  31:EXCHANGE [BROADCAST]
|  |  |  |  mem-estimate=10.12MB mem-reservation=0B thread-reservation=0
|  |  |  |  tuple-ids=4 row-size=8B cardinality=30.00M cost=39869990
|  |  |  |  in pipelines: 02(GETNEXT)
|  |  |  |
|  |  |  F07:PLAN FRAGMENT [RANDOM] hosts=10 instances=10
|  |  |  Per-Instance Resources: mem-estimate=16.05MB mem-reservation=1.00MB thread-reservation=1
|  |  |  max-parallelism=10 segment-costs=[4752000]
|  |  |  02:SCAN HDFS [tpcds_partitioned_parquet_snap.customer, RANDOM]
|  |  |     HDFS partitions=1/1 files=1 size=1.55GB
|  |  |     stored statistics:
|  |  |       table: rows=30.00M size=1.55GB
|  |  |       columns: all
|  |  |     extrapolated-rows=disabled max-scan-range-rows=3.10M
|  |  |     mem-estimate=16.00MB mem-reservation=1.00MB thread-reservation=0
|  |  |     tuple-ids=4 row-size=8B cardinality=30.00M cost=3456000
|  |  |     in pipelines: 02(GETNEXT)
|  |  |
|  |  09:HASH JOIN [INNER JOIN, BROADCAST]
|  |  |  hash-table-id=07
|  |  |  hash predicates: SOLD_DATE_SK = tpcds_partitioned_parquet_snap.date_dim.d_date_sk
|  |  |  fk/pk conjuncts: assumed fk/pk
|  |  |  mem-estimate=0B mem-reservation=0B spill-buffer=64.00KB thread-reservation=0
|  |  |  tuple-ids=10,11,13 row-size=66B cardinality=6.48G cost=2836316110
|  |  |  in pipelines: 04(GETNEXT), 05(GETNEXT), 08(OPEN)
|  |  |
|  |  |--F28:PLAN FRAGMENT [RANDOM] hosts=10 instances=10
|  |  |  |  Per-Instance Resources: mem-estimate=23.27MB mem-reservation=23.25MB thread-reservation=1
|  |  |  |  max-parallelism=10 segment-costs=[248]
|  |  |  JOIN BUILD
|  |  |  |  join-table-id=07 plan-id=08 cohort-id=03
|  |  |  |  build expressions: tpcds_partitioned_parquet_snap.date_dim.d_date_sk
|  |  |  |  mem-estimate=23.25MB mem-reservation=23.25MB spill-buffer=64.00KB thread-reservation=0 cost=108
|  |  |  |
|  |  |  30:EXCHANGE [BROADCAST]
|  |  |  |  mem-estimate=16.00KB mem-reservation=0B thread-reservation=0
|  |  |  |  tuple-ids=13 row-size=12B cardinality=108 cost=140
|  |  |  |  in pipelines: 08(GETNEXT)
|  |  |  |
|  |  |  F06:PLAN FRAGMENT [RANDOM] hosts=1 instances=1
|  |  |  Per-Instance Resources: mem-estimate=16.06MB mem-reservation=512.00KB thread-reservation=1
|  |  |  max-parallelism=1 segment-costs=[16733]
|  |  |  08:SCAN HDFS [tpcds_partitioned_parquet_snap.date_dim, RANDOM]
|  |  |     HDFS partitions=1/1 files=1 size=2.17MB
|  |  |     predicates: tpcds_partitioned_parquet_snap.date_dim.d_year = CAST(2001 AS INT), tpcds_partitioned_parquet_snap.date_dim.d_moy = CAST(7 AS INT)
|  |  |     stored statistics:
|  |  |       table: rows=73.05K size=2.17MB
|  |  |       columns: all
|  |  |     extrapolated-rows=disabled max-scan-range-rows=73.05K
|  |  |     parquet statistics predicates: tpcds_partitioned_parquet_snap.date_dim.d_year = CAST(2001 AS INT), tpcds_partitioned_parquet_snap.date_dim.d_moy = CAST(7 AS INT)
|  |  |     parquet dictionary predicates: tpcds_partitioned_parquet_snap.date_dim.d_year = CAST(2001 AS INT), tpcds_partitioned_parquet_snap.date_dim.d_moy = CAST(7 AS INT)
|  |  |     mem-estimate=16.00MB mem-reservation=512.00KB thread-reservation=0
|  |  |     tuple-ids=13 row-size=12B cardinality=108 cost=16728
|  |  |     in pipelines: 08(GETNEXT)
|  |  |
|  |  07:HASH JOIN [INNER JOIN, BROADCAST]
|  |  |  hash-table-id=08
|  |  |  hash predicates: ITEM_SK = tpcds_partitioned_parquet_snap.item.i_item_sk
|  |  |  fk/pk conjuncts: assumed fk/pk
|  |  |  mem-estimate=0B mem-reservation=0B spill-buffer=64.00KB thread-reservation=0
|  |  |  tuple-ids=10,11 row-size=54B cardinality=6.48G cost=2836316110
|  |  |  in pipelines: 04(GETNEXT), 05(GETNEXT), 06(OPEN)
|  |  |
|  |  |--F29:PLAN FRAGMENT [RANDOM] hosts=10 instances=10
|  |  |  |  Per-Instance Resources: mem-estimate=23.47MB mem-reservation=23.25MB thread-reservation=1
|  |  |  |  max-parallelism=10 segment-costs=[2666]
|  |  |  JOIN BUILD
|  |  |  |  join-table-id=08 plan-id=09 cohort-id=03
|  |  |  |  build expressions: tpcds_partitioned_parquet_snap.item.i_item_sk
|  |  |  |  mem-estimate=23.25MB mem-reservation=23.25MB spill-buffer=64.00KB thread-reservation=0 cost=1146
|  |  |  |
|  |  |  29:EXCHANGE [BROADCAST]
|  |  |  |  mem-estimate=229.43KB mem-reservation=0B thread-reservation=0
|  |  |  |  tuple-ids=11 row-size=42B cardinality=1.15K cost=1520
|  |  |  |  in pipelines: 06(GETNEXT)
|  |  |  |
|  |  |  F05:PLAN FRAGMENT [RANDOM] hosts=4 instances=4
|  |  |  Per-Instance Resources: mem-estimate=16.18MB mem-reservation=512.00KB thread-reservation=1
|  |  |  max-parallelism=4 segment-costs=[112106]
|  |  |  06:SCAN HDFS [tpcds_partitioned_parquet_snap.item, RANDOM]
|  |  |     HDFS partitions=1/1 files=1 size=33.54MB
|  |  |     predicates: tpcds_partitioned_parquet_snap.item.i_class = 'country', tpcds_partitioned_parquet_snap.item.i_category = 'Music'
|  |  |     stored statistics:
|  |  |       table: rows=360.00K size=33.54MB
|  |  |       columns: all
|  |  |     extrapolated-rows=disabled max-scan-range-rows=101.54K
|  |  |     parquet statistics predicates: tpcds_partitioned_parquet_snap.item.i_class = 'country', tpcds_partitioned_parquet_snap.item.i_category = 'Music'
|  |  |     parquet dictionary predicates: tpcds_partitioned_parquet_snap.item.i_class = 'country', tpcds_partitioned_parquet_snap.item.i_category = 'Music'
|  |  |     mem-estimate=16.00MB mem-reservation=512.00KB thread-reservation=0
|  |  |     tuple-ids=11 row-size=42B cardinality=1.15K cost=111953
|  |  |     in pipelines: 06(GETNEXT)
|  |  |
|  |  03:UNION
|  |  |  mem-estimate=0B mem-reservation=0B thread-reservation=0
|  |  |  tuple-ids=10 row-size=12B cardinality=6.48G cost=413038128
|  |  |  in pipelines: 04(GETNEXT), 05(GETNEXT)
|  |  |
|  |  |--05:SCAN HDFS [tpcds_partitioned_parquet_snap.web_sales, RANDOM]
|  |  |     HDFS partitions=1824/1824 files=1824 size=145.75GB
|  |  |     stored statistics:
|  |  |       table: rows=2.16G size=145.75GB
|  |  |       partitions: 1824/1824 rows=2.16G
|  |  |       columns: all
|  |  |     extrapolated-rows=disabled max-scan-range-rows=3.37M
|  |  |     mem-estimate=16.00MB mem-reservation=128.00KB thread-reservation=0
|  |  |     tuple-ids=8 row-size=12B cardinality=2.16G cost=373242464
|  |  |     in pipelines: 05(GETNEXT)
|  |  |
|  |  04:SCAN HDFS [tpcds_partitioned_parquet_snap.catalog_sales, RANDOM]
|  |     HDFS partitions=1831/1831 files=1831 size=280.96GB
|  |     stored statistics:
|  |       table: rows=4.32G size=280.96GB
|  |       partitions: 1831/1831 rows=4.32G
|  |       columns: all
|  |     extrapolated-rows=disabled max-scan-range-rows=21.52M
|  |     mem-estimate=16.00MB mem-reservation=1.00MB thread-reservation=0
|  |     tuple-ids=6 row-size=12B cardinality=4.32G cost=746509474
|  |     in pipelines: 04(GETNEXT)
|  |
|  34:EXCHANGE [HASH(tpcds_partitioned_parquet_snap.customer_address.ca_address_sk)]
|  |  mem-estimate=10.47MB mem-reservation=0B thread-reservation=0
|  |  tuple-ids=2 row-size=44B cardinality=15.00M cost=4699835
|  |  in pipelines: 01(GETNEXT)
|  |
|  F01:PLAN FRAGMENT [RANDOM] hosts=10 instances=10
|  Per-Host Shared Resources: mem-estimate=18.00MB mem-reservation=18.00MB thread-reservation=0 runtime-filters-memory=18.00MB
|  Per-Instance Resources: mem-estimate=17.87MB mem-reservation=128.00KB thread-reservation=1
|  max-parallelism=10 segment-costs=[54506359]
|  01:SCAN HDFS [tpcds_partitioned_parquet_snap.customer_address, RANDOM]
|     HDFS partitions=1/1 files=1 size=307.36MB
|     runtime filters: RF006[min_max] -> tpcds_partitioned_parquet_snap.customer_address.ca_state, RF007[min_max] -> tpcds_partitioned_parquet_snap.customer_address.ca_county, RF009[min_max] -> tpcds_partitioned_parquet_snap.customer_address.ca_address_sk, RF004[bloom] -> tpcds_partitioned_parquet_snap.customer_address.ca_state, RF005[bloom] -> tpcds_partitioned_parquet_snap.customer_address.ca_county, RF008[bloom] -> tpcds_partitioned_parquet_snap.customer_address.ca_address_sk
|     stored statistics:
|       table: rows=15.00M size=307.36MB
|       columns: all
|     extrapolated-rows=disabled max-scan-range-rows=1.58M
|     mem-estimate=16.00MB mem-reservation=128.00KB thread-reservation=0
|     tuple-ids=2 row-size=44B cardinality=15.00M cost=4311659
|     in pipelines: 01(GETNEXT)
|
00:SCAN HDFS [tpcds_partitioned_parquet_snap.store_sales, RANDOM]
   HDFS partitions=1824/1824 files=1824 size=389.90GB
   predicates: is_not_null_pred(tpcds_partitioned_parquet_snap.store_sales.ss_customer_sk)
   runtime filters: RF003[min_max] -> tpcds_partitioned_parquet_snap.store_sales.ss_customer_sk, RF000[bloom] -> tpcds_partitioned_parquet_snap.store_sales.ss_sold_date_sk, RF002[bloom] -> tpcds_partitioned_parquet_snap.store_sales.ss_customer_sk
   stored statistics:
     table: rows=8.64G size=389.90GB
     partitions: 1824/1824 rows=8.64G
     columns: all
   extrapolated-rows=disabled max-scan-range-rows=390.22M
   parquet dictionary predicates: is_not_null_pred(tpcds_partitioned_parquet_snap.store_sales.ss_customer_sk)
   mem-estimate=16.00MB mem-reservation=8.00MB thread-reservation=0
   tuple-ids=0 row-size=12B cardinality=863.99M cost=1735762980
   in pipelines: 00(GETNEXT)
---- PARALLELPLANS
Max Per-Host Resource Reservation: Memory=1.35GB Threads=51
Per-Host Resource Estimates: Memory=2.69GB
F20:PLAN FRAGMENT [UNPARTITIONED] hosts=1 instances=1
|  Per-Instance Resources: mem-estimate=4.02MB mem-reservation=4.00MB thread-reservation=1
|  max-parallelism=1 segment-costs=[327] cpu-comparison-result=162 [max(1 (self) vs 162 (sum children))]
PLAN-ROOT SINK
|  output exprs: divide(sum(tpcds_partitioned_parquet_snap.store_sales.ss_ext_sales_price), 50), count(), multiply(CAST(divide(sum(tpcds_partitioned_parquet_snap.store_sales.ss_ext_sales_price), 50) AS BIGINT), CAST(50 AS BIGINT))
|  mem-estimate=4.00MB mem-reservation=4.00MB spill-buffer=2.00MB thread-reservation=0 cost=300
|
51:MERGING-EXCHANGE [UNPARTITIONED]
|  order by: divide(sum(tpcds_partitioned_parquet_snap.store_sales.ss_ext_sales_price), 50) ASC NULLS LAST, count() ASC NULLS LAST
|  limit: 100
|  mem-estimate=16.00KB mem-reservation=0B thread-reservation=0
|  tuple-ids=28 row-size=12B cardinality=100 cost=27
|  in pipelines: 28(GETNEXT)
|
F19:PLAN FRAGMENT [HASH(divide(sum(tpcds_partitioned_parquet_snap.store_sales.ss_ext_sales_price), 50))] hosts=10 instances=10 (adjusted from 120)
Per-Instance Resources: mem-estimate=20.16MB mem-reservation=2.88MB thread-reservation=1
max-parallelism=10 segment-costs=[10173312, 8231261, 62] cpu-comparison-result=162 [max(10 (self) vs 162 (sum children))]
28:TOP-N [LIMIT=100]
|  order by: divide(sum(tpcds_partitioned_parquet_snap.store_sales.ss_ext_sales_price), 50) ASC NULLS LAST, count() ASC NULLS LAST
|  mem-estimate=1.17KB mem-reservation=0B thread-reservation=0
|  tuple-ids=28 row-size=12B cardinality=100 cost=8231261
|  in pipelines: 28(GETNEXT), 50(OPEN)
|
50:AGGREGATE [FINALIZE]
|  output: count:merge()
|  group by: divide(sum(tpcds_partitioned_parquet_snap.store_sales.ss_ext_sales_price), 50)
|  mem-estimate=10.00MB mem-reservation=2.88MB spill-buffer=128.00KB thread-reservation=0
|  tuple-ids=27 row-size=12B cardinality=748.20K cost=7192884
|  in pipelines: 50(GETNEXT), 48(OPEN)
|
49:EXCHANGE [HASH(divide(sum(tpcds_partitioned_parquet_snap.store_sales.ss_ext_sales_price), 50))]
|  mem-estimate=10.16MB mem-reservation=0B thread-reservation=0
|  tuple-ids=27 row-size=12B cardinality=17.92M cost=2980428
|  in pipelines: 48(GETNEXT)
|
F18:PLAN FRAGMENT [HASH(tpcds_partitioned_parquet_snap.customer.c_customer_sk)] hosts=10 instances=10 (adjusted from 120)
Per-Instance Resources: mem-estimate=107.82MB mem-reservation=68.00MB thread-reservation=1
max-parallelism=10 segment-costs=[62028229, 52573620, 23083536] cpu-comparison-result=162 [max(10 (self) vs 162 (sum children))]
27:AGGREGATE [STREAMING]
|  output: count()
|  group by: CAST(divide(sum(tpcds_partitioned_parquet_snap.store_sales.ss_ext_sales_price), CAST(50 AS DECIMAL(3,0))) AS INT)
|  mem-estimate=34.00MB mem-reservation=34.00MB spill-buffer=2.00MB thread-reservation=0
|  tuple-ids=27 row-size=12B cardinality=17.92M cost=52573620
|  in pipelines: 48(GETNEXT)
|
48:AGGREGATE [FINALIZE]
|  output: sum:merge(tpcds_partitioned_parquet_snap.store_sales.ss_ext_sales_price)
|  group by: tpcds_partitioned_parquet_snap.customer.c_customer_sk
|  mem-estimate=61.01MB mem-reservation=34.00MB spill-buffer=2.00MB thread-reservation=0
|  tuple-ids=26 row-size=20B cardinality=19.99M cost=57968047
|  in pipelines: 48(GETNEXT), 00(OPEN)
|
47:EXCHANGE [HASH(tpcds_partitioned_parquet_snap.customer.c_customer_sk)]
|  mem-estimate=12.81MB mem-reservation=0B thread-reservation=0
|  tuple-ids=26 row-size=20B cardinality=19.99M cost=4060182
|  in pipelines: 00(GETNEXT)
|
F00:PLAN FRAGMENT [RANDOM] hosts=10 instances=120
Per-Host Shared Resources: mem-estimate=2.00MB mem-reservation=2.00MB thread-reservation=0 runtime-filters-memory=2.00MB
Per-Instance Resources: mem-estimate=26.94MB mem-reservation=13.00MB thread-reservation=1
max-parallelism=210 segment-costs=[2035910156, 36047861] cpu-comparison-result=162 [max(120 (self) vs 162 (sum children))]
26:AGGREGATE [STREAMING]
|  output: sum(tpcds_partitioned_parquet_snap.store_sales.ss_ext_sales_price)
|  group by: tpcds_partitioned_parquet_snap.customer.c_customer_sk
|  mem-estimate=10.00MB mem-reservation=5.00MB spill-buffer=256.00KB thread-reservation=0
|  tuple-ids=26 row-size=20B cardinality=19.99M cost=57968047
|  in pipelines: 00(GETNEXT)
|
25:NESTED LOOP JOIN [INNER JOIN, BROADCAST]
|  join table id: 00
|  join predicates: CAST(tpcds_partitioned_parquet_snap.date_dim_0.d_month_seq AS BIGINT) <= add(tpcds_partitioned_parquet_snap.date_dim_2.d_month_seq, 3)
|  mem-estimate=0B mem-reservation=0B thread-reservation=0
|  tuple-ids=0,2,15,16,18,22,25 row-size=128B cardinality=19.99M cost=4096166
|  in pipelines: 00(GETNEXT), 24(OPEN)
|
|--F21:PLAN FRAGMENT [RANDOM] hosts=10 instances=10
|  |  Per-Instance Resources: mem-estimate=16.01KB mem-reservation=0B thread-reservation=1
|  |  max-parallelism=10 segment-costs=[0] cpu-comparison-result=10 [max(10 (self) vs 1 (sum children))]
|  JOIN BUILD
|  |  join-table-id=00 plan-id=01 cohort-id=01
|  |  mem-estimate=8B mem-reservation=0B thread-reservation=0 cost=0
|  |
|  46:EXCHANGE [BROADCAST]
|  |  mem-estimate=16.00KB mem-reservation=0B thread-reservation=0
|  |  tuple-ids=25 row-size=8B cardinality=1 cost=0
|  |  in pipelines: 24(GETNEXT)
|  |
|  F17:PLAN FRAGMENT [UNPARTITIONED] hosts=1 instances=1
|  Per-Instance Resources: mem-estimate=48.00KB mem-reservation=0B thread-reservation=1
|  max-parallelism=1 segment-costs=[0, 0] cpu-comparison-result=1 [max(1 (self) vs 1 (sum children))]
|  24:CARDINALITY CHECK
|  |  limit: 1
|  |  mem-estimate=0B mem-reservation=0B thread-reservation=0
|  |  tuple-ids=25 row-size=8B cardinality=1 cost=0
|  |  in pipelines: 24(GETNEXT), 44(OPEN)
|  |
|  45:EXCHANGE [UNPARTITIONED]
|  |  limit: 2
|  |  mem-estimate=16.00KB mem-reservation=0B thread-reservation=0
|  |  tuple-ids=25 row-size=8B cardinality=2 cost=0
|  |  in pipelines: 44(GETNEXT)
|  |
|  F16:PLAN FRAGMENT [HASH(add(tpcds_partitioned_parquet_snap.date_dim_2.d_month_seq, 3))] hosts=1 instances=1
|  Per-Instance Resources: mem-estimate=10.05MB mem-reservation=1.94MB thread-reservation=1
|  max-parallelism=1 segment-costs=[5, 2] cpu-comparison-result=1 [max(1 (self) vs 1 (sum children))]
|  44:AGGREGATE [FINALIZE]
|  |  group by: add(tpcds_partitioned_parquet_snap.date_dim_2.d_month_seq, 3)
|  |  limit: 2
|  |  mem-estimate=10.00MB mem-reservation=1.94MB spill-buffer=64.00KB thread-reservation=0
|  |  tuple-ids=25 row-size=8B cardinality=2 cost=5
|  |  in pipelines: 44(GETNEXT), 22(OPEN)
|  |
|  43:EXCHANGE [HASH(add(tpcds_partitioned_parquet_snap.date_dim_2.d_month_seq, 3))]
|  |  mem-estimate=16.00KB mem-reservation=0B thread-reservation=0
|  |  tuple-ids=25 row-size=8B cardinality=2 cost=0
|  |  in pipelines: 22(GETNEXT)
|  |
|  F15:PLAN FRAGMENT [RANDOM] hosts=1 instances=1
|  Per-Instance Resources: mem-estimate=26.05MB mem-reservation=2.25MB thread-reservation=1
|  max-parallelism=1 segment-costs=[16764, 2]
|  23:AGGREGATE [STREAMING]
|  |  group by: add(CAST(tpcds_partitioned_parquet_snap.date_dim_2.d_month_seq AS BIGINT), CAST(3 AS BIGINT))
|  |  limit: 2
|  |  mem-estimate=10.00MB mem-reservation=2.00MB spill-buffer=64.00KB thread-reservation=0
|  |  tuple-ids=25 row-size=8B cardinality=2 cost=36
|  |  in pipelines: 22(GETNEXT)
|  |
|  22:SCAN HDFS [tpcds_partitioned_parquet_snap.date_dim, RANDOM]
|     HDFS partitions=1/1 files=1 size=2.17MB
|     predicates: tpcds_partitioned_parquet_snap.date_dim_2.d_year = CAST(2001 AS INT), tpcds_partitioned_parquet_snap.date_dim_2.d_moy = CAST(7 AS INT)
|     stored statistics:
|       table: rows=73.05K size=2.17MB
|       columns: all
|     extrapolated-rows=disabled max-scan-range-rows=73.05K
|     parquet statistics predicates: tpcds_partitioned_parquet_snap.date_dim_2.d_year = CAST(2001 AS INT), tpcds_partitioned_parquet_snap.date_dim_2.d_moy = CAST(7 AS INT)
|     parquet dictionary predicates: tpcds_partitioned_parquet_snap.date_dim_2.d_year = CAST(2001 AS INT), tpcds_partitioned_parquet_snap.date_dim_2.d_moy = CAST(7 AS INT)
|     mem-estimate=16.00MB mem-reservation=256.00KB thread-reservation=0
|     tuple-ids=23 row-size=12B cardinality=108 cost=16728
|     in pipelines: 22(GETNEXT)
|
21:NESTED LOOP JOIN [INNER JOIN, BROADCAST]
|  join table id: 01
|  join predicates: CAST(tpcds_partitioned_parquet_snap.date_dim_0.d_month_seq AS BIGINT) >= add(tpcds_partitioned_parquet_snap.date_dim_1.d_month_seq, 1)
|  mem-estimate=0B mem-reservation=0B thread-reservation=0
|  tuple-ids=0,2,15,16,18,22 row-size=120B cardinality=19.99M cost=4096166
|  in pipelines: 00(GETNEXT), 20(OPEN)
|
|--F22:PLAN FRAGMENT [RANDOM] hosts=10 instances=10
|  |  Per-Instance Resources: mem-estimate=16.01KB mem-reservation=0B thread-reservation=1
|  |  max-parallelism=10 segment-costs=[0] cpu-comparison-result=10 [max(10 (self) vs 1 (sum children))]
|  JOIN BUILD
|  |  join-table-id=01 plan-id=02 cohort-id=01
|  |  mem-estimate=8B mem-reservation=0B thread-reservation=0 cost=0
|  |
|  42:EXCHANGE [BROADCAST]
|  |  mem-estimate=16.00KB mem-reservation=0B thread-reservation=0
|  |  tuple-ids=22 row-size=8B cardinality=1 cost=0
|  |  in pipelines: 20(GETNEXT)
|  |
|  F14:PLAN FRAGMENT [UNPARTITIONED] hosts=1 instances=1
|  Per-Instance Resources: mem-estimate=48.00KB mem-reservation=0B thread-reservation=1
|  max-parallelism=1 segment-costs=[0, 0] cpu-comparison-result=1 [max(1 (self) vs 1 (sum children))]
|  20:CARDINALITY CHECK
|  |  limit: 1
|  |  mem-estimate=0B mem-reservation=0B thread-reservation=0
|  |  tuple-ids=22 row-size=8B cardinality=1 cost=0
|  |  in pipelines: 20(GETNEXT), 40(OPEN)
|  |
|  41:EXCHANGE [UNPARTITIONED]
|  |  limit: 2
|  |  mem-estimate=16.00KB mem-reservation=0B thread-reservation=0
|  |  tuple-ids=22 row-size=8B cardinality=2 cost=0
|  |  in pipelines: 40(GETNEXT)
|  |
|  F13:PLAN FRAGMENT [HASH(add(tpcds_partitioned_parquet_snap.date_dim_1.d_month_seq, 1))] hosts=1 instances=1
|  Per-Instance Resources: mem-estimate=10.05MB mem-reservation=1.94MB thread-reservation=1
|  max-parallelism=1 segment-costs=[5, 2] cpu-comparison-result=1 [max(1 (self) vs 1 (sum children))]
|  40:AGGREGATE [FINALIZE]
|  |  group by: add(tpcds_partitioned_parquet_snap.date_dim_1.d_month_seq, 1)
|  |  limit: 2
|  |  mem-estimate=10.00MB mem-reservation=1.94MB spill-buffer=64.00KB thread-reservation=0
|  |  tuple-ids=22 row-size=8B cardinality=2 cost=5
|  |  in pipelines: 40(GETNEXT), 18(OPEN)
|  |
|  39:EXCHANGE [HASH(add(tpcds_partitioned_parquet_snap.date_dim_1.d_month_seq, 1))]
|  |  mem-estimate=16.00KB mem-reservation=0B thread-reservation=0
|  |  tuple-ids=22 row-size=8B cardinality=2 cost=0
|  |  in pipelines: 18(GETNEXT)
|  |
|  F12:PLAN FRAGMENT [RANDOM] hosts=1 instances=1
|  Per-Instance Resources: mem-estimate=26.05MB mem-reservation=2.25MB thread-reservation=1
|  max-parallelism=1 segment-costs=[16764, 2]
|  19:AGGREGATE [STREAMING]
|  |  group by: add(CAST(tpcds_partitioned_parquet_snap.date_dim_1.d_month_seq AS BIGINT), CAST(1 AS BIGINT))
|  |  limit: 2
|  |  mem-estimate=10.00MB mem-reservation=2.00MB spill-buffer=64.00KB thread-reservation=0
|  |  tuple-ids=22 row-size=8B cardinality=2 cost=36
|  |  in pipelines: 18(GETNEXT)
|  |
|  18:SCAN HDFS [tpcds_partitioned_parquet_snap.date_dim, RANDOM]
|     HDFS partitions=1/1 files=1 size=2.17MB
|     predicates: tpcds_partitioned_parquet_snap.date_dim_1.d_year = CAST(2001 AS INT), tpcds_partitioned_parquet_snap.date_dim_1.d_moy = CAST(7 AS INT)
|     stored statistics:
|       table: rows=73.05K size=2.17MB
|       columns: all
|     extrapolated-rows=disabled max-scan-range-rows=73.05K
|     parquet statistics predicates: tpcds_partitioned_parquet_snap.date_dim_1.d_year = CAST(2001 AS INT), tpcds_partitioned_parquet_snap.date_dim_1.d_moy = CAST(7 AS INT)
|     parquet dictionary predicates: tpcds_partitioned_parquet_snap.date_dim_1.d_year = CAST(2001 AS INT), tpcds_partitioned_parquet_snap.date_dim_1.d_moy = CAST(7 AS INT)
|     mem-estimate=16.00MB mem-reservation=256.00KB thread-reservation=0
|     tuple-ids=20 row-size=12B cardinality=108 cost=16728
|     in pipelines: 18(GETNEXT)
|
17:HASH JOIN [INNER JOIN, BROADCAST]
|  hash-table-id=02
|  hash predicates: tpcds_partitioned_parquet_snap.store_sales.ss_sold_date_sk = tpcds_partitioned_parquet_snap.date_dim_0.d_date_sk
|  fk/pk conjuncts: tpcds_partitioned_parquet_snap.store_sales.ss_sold_date_sk = tpcds_partitioned_parquet_snap.date_dim_0.d_date_sk
|  mem-estimate=0B mem-reservation=0B spill-buffer=256.00KB thread-reservation=0
|  tuple-ids=0,2,15,16,18 row-size=112B cardinality=19.99M cost=8750082
|  in pipelines: 00(GETNEXT), 16(OPEN)
|
|--F23:PLAN FRAGMENT [RANDOM] hosts=10 instances=10
|  |  Per-Instance Resources: mem-estimate=58.57MB mem-reservation=58.00MB thread-reservation=1 runtime-filters-memory=1.00MB
|  |  max-parallelism=10 segment-costs=[170129]
|  JOIN BUILD
|  |  join-table-id=02 plan-id=03 cohort-id=01
|  |  build expressions: tpcds_partitioned_parquet_snap.date_dim_0.d_date_sk
|  |  runtime filters: RF000[bloom] <- tpcds_partitioned_parquet_snap.date_dim_0.d_date_sk
|  |  mem-estimate=57.00MB mem-reservation=57.00MB spill-buffer=256.00KB thread-reservation=0 cost=73049
|  |
|  38:EXCHANGE [BROADCAST]
|  |  mem-estimate=582.70KB mem-reservation=0B thread-reservation=0
|  |  tuple-ids=18 row-size=8B cardinality=73.05K cost=97080
|  |  in pipelines: 16(GETNEXT)
|  |
|  F11:PLAN FRAGMENT [RANDOM] hosts=1 instances=1
|  Per-Instance Resources: mem-estimate=16.05MB mem-reservation=512.00KB thread-reservation=1
|  max-parallelism=1 segment-costs=[11570]
|  16:SCAN HDFS [tpcds_partitioned_parquet_snap.date_dim, RANDOM]
|     HDFS partitions=1/1 files=1 size=2.17MB
|     stored statistics:
|       table: rows=73.05K size=2.17MB
|       columns: all
|     extrapolated-rows=disabled max-scan-range-rows=73.05K
|     mem-estimate=16.00MB mem-reservation=512.00KB thread-reservation=0
|     tuple-ids=18 row-size=8B cardinality=73.05K cost=8415
|     in pipelines: 16(GETNEXT)
|
15:HASH JOIN [INNER JOIN, BROADCAST]
|  hash-table-id=03
|  hash predicates: tpcds_partitioned_parquet_snap.store_sales.ss_customer_sk = tpcds_partitioned_parquet_snap.customer.c_customer_sk
|  fk/pk conjuncts: tpcds_partitioned_parquet_snap.store_sales.ss_customer_sk = tpcds_partitioned_parquet_snap.customer.c_customer_sk
|  mem-estimate=0B mem-reservation=0B spill-buffer=2.00MB thread-reservation=0
|  tuple-ids=0,2,15,16 row-size=104B cardinality=19.99M cost=225236715
|  in pipelines: 00(GETNEXT), 01(OPEN)
|
|--F24:PLAN FRAGMENT [RANDOM] hosts=10 instances=10
|  |  Per-Instance Resources: mem-estimate=420.01MB mem-reservation=409.00MB thread-reservation=1 runtime-filters-memory=1.00MB
|  |  max-parallelism=10 segment-costs=[1761105] cpu-comparison-result=131 [max(30 (self) vs 131 (sum children))]
|  JOIN BUILD
|  |  join-table-id=03 plan-id=04 cohort-id=01
|  |  build expressions: tpcds_partitioned_parquet_snap.customer.c_customer_sk
|  |  runtime filters: RF002[bloom] <- tpcds_partitioned_parquet_snap.customer.c_customer_sk, RF003[min_max] <- tpcds_partitioned_parquet_snap.customer.c_customer_sk
|  |  mem-estimate=408.00MB mem-reservation=408.00MB spill-buffer=2.00MB thread-reservation=0 cost=756165
|  |
|  37:EXCHANGE [BROADCAST]
|  |  mem-estimate=11.01MB mem-reservation=0B thread-reservation=0
|  |  tuple-ids=2,15,16 row-size=92B cardinality=756.16K cost=1004940
|  |  in pipelines: 01(GETNEXT)
|  |
|  F09:PLAN FRAGMENT [HASH(tpcds_partitioned_parquet_snap.customer_address.ca_address_sk)] hosts=10 instances=10
|  Per-Instance Resources: mem-estimate=10.87MB mem-reservation=0B thread-reservation=1
|  max-parallelism=10 segment-costs=[22051994]
|  14:HASH JOIN [INNER JOIN, BROADCAST]
|  |  hash-table-id=04
|  |  hash predicates: tpcds_partitioned_parquet_snap.customer_address.ca_state = tpcds_partitioned_parquet_snap.store.s_state, tpcds_partitioned_parquet_snap.customer_address.ca_county = tpcds_partitioned_parquet_snap.store.s_county
|  |  fk/pk conjuncts: tpcds_partitioned_parquet_snap.customer_address.ca_state = tpcds_partitioned_parquet_snap.store.s_state, tpcds_partitioned_parquet_snap.customer_address.ca_county = tpcds_partitioned_parquet_snap.store.s_county
|  |  mem-estimate=0B mem-reservation=0B spill-buffer=64.00KB thread-reservation=0
|  |  tuple-ids=2,15,16 row-size=92B cardinality=756.16K cost=7832017
|  |  in pipelines: 01(GETNEXT), 13(OPEN)
|  |
|  |--F25:PLAN FRAGMENT [HASH(tpcds_partitioned_parquet_snap.customer_address.ca_address_sk)] hosts=10 instances=10
|  |  |  Per-Instance Resources: mem-estimate=4.03MB mem-reservation=3.94MB thread-reservation=1 runtime-filters-memory=2.00MB
|  |  |  max-parallelism=10 segment-costs=[3140]
|  |  JOIN BUILD
|  |  |  join-table-id=04 plan-id=05 cohort-id=02
|  |  |  build expressions: tpcds_partitioned_parquet_snap.store.s_state, tpcds_partitioned_parquet_snap.store.s_county
|  |  |  runtime filters: RF004[bloom] <- tpcds_partitioned_parquet_snap.store.s_state, RF005[bloom] <- tpcds_partitioned_parquet_snap.store.s_county, RF006[min_max] <- tpcds_partitioned_parquet_snap.store.s_state, RF007[min_max] <- tpcds_partitioned_parquet_snap.store.s_county
|  |  |  mem-estimate=1.94MB mem-reservation=1.94MB spill-buffer=64.00KB thread-reservation=0 cost=1350
|  |  |
|  |  36:EXCHANGE [BROADCAST]
|  |  |  mem-estimate=96.61KB mem-reservation=0B thread-reservation=0
|  |  |  tuple-ids=16 row-size=40B cardinality=1.35K cost=1790
|  |  |  in pipelines: 13(GETNEXT)
|  |  |
|  |  F10:PLAN FRAGMENT [RANDOM] hosts=1 instances=1
|  |  Per-Instance Resources: mem-estimate=16.17MB mem-reservation=16.00KB thread-reservation=1
|  |  max-parallelism=1 segment-costs=[484]
|  |  13:SCAN HDFS [tpcds_partitioned_parquet_snap.store, RANDOM]
|  |     HDFS partitions=1/1 files=1 size=119.76KB
|  |     stored statistics:
|  |       table: rows=1.35K size=119.76KB
|  |       columns: all
|  |     extrapolated-rows=disabled max-scan-range-rows=1.35K
|  |     mem-estimate=16.00MB mem-reservation=16.00KB thread-reservation=0
|  |     tuple-ids=16 row-size=40B cardinality=1.35K cost=310
|  |     in pipelines: 13(GETNEXT)
|  |
|  12:HASH JOIN [INNER JOIN, PARTITIONED]
|  |  hash-table-id=05
|  |  hash predicates: tpcds_partitioned_parquet_snap.customer_address.ca_address_sk = tpcds_partitioned_parquet_snap.customer.c_current_addr_sk
|  |  fk/pk conjuncts: none
|  |  mem-estimate=0B mem-reservation=0B spill-buffer=2.00MB thread-reservation=0
|  |  tuple-ids=2,15 row-size=52B cardinality=30.00M cost=9283500
|  |  in pipelines: 01(GETNEXT), 33(OPEN)
|  |
|  |--F26:PLAN FRAGMENT [HASH(tpcds_partitioned_parquet_snap.customer_address.ca_address_sk)] hosts=10 instances=10
|  |  |  Per-Instance Resources: mem-estimate=151.34MB mem-reservation=50.00MB thread-reservation=1 runtime-filters-memory=16.00MB
|  |  |  max-parallelism=10 segment-costs=[34437000] cpu-comparison-result=120 [max(10 (self) vs 120 (sum children))]
|  |  JOIN BUILD
|  |  |  join-table-id=05 plan-id=06 cohort-id=02
|  |  |  build expressions: tpcds_partitioned_parquet_snap.customer.c_current_addr_sk
|  |  |  runtime filters: RF008[bloom] <- tpcds_partitioned_parquet_snap.customer.c_current_addr_sk, RF009[min_max] <- tpcds_partitioned_parquet_snap.customer.c_current_addr_sk
|  |  |  mem-estimate=125.11MB mem-reservation=34.00MB spill-buffer=2.00MB thread-reservation=0 cost=30000000
|  |  |
|  |  35:EXCHANGE [HASH(tpcds_partitioned_parquet_snap.customer.c_current_addr_sk)]
|  |  |  mem-estimate=10.23MB mem-reservation=0B thread-reservation=0
|  |  |  tuple-ids=15 row-size=8B cardinality=30.00M cost=4437000
|  |  |  in pipelines: 33(GETNEXT)
|  |  |
|  |  F08:PLAN FRAGMENT [HASH(tpcds_partitioned_parquet_snap.customer.c_customer_sk,tpcds_partitioned_parquet_snap.customer.c_current_addr_sk)] hosts=10 instances=20 (adjusted from 120)
|  |  Per-Instance Resources: mem-estimate=45.41MB mem-reservation=34.00MB thread-reservation=1
|  |  max-parallelism=20 segment-costs=[181515000, 30912000] cpu-comparison-result=120 [max(20 (self) vs 120 (sum children))]
|  |  33:AGGREGATE [FINALIZE]
|  |  |  group by: tpcds_partitioned_parquet_snap.customer.c_customer_sk, tpcds_partitioned_parquet_snap.customer.c_current_addr_sk
|  |  |  mem-estimate=34.00MB mem-reservation=34.00MB spill-buffer=2.00MB thread-reservation=0
|  |  |  tuple-ids=15 row-size=8B cardinality=30.00M cost=177078000
|  |  |  in pipelines: 33(GETNEXT), 04(OPEN), 05(OPEN)
|  |  |
|  |  32:EXCHANGE [HASH(tpcds_partitioned_parquet_snap.customer.c_customer_sk,tpcds_partitioned_parquet_snap.customer.c_current_addr_sk)]
|  |  |  mem-estimate=11.41MB mem-reservation=0B thread-reservation=0
|  |  |  tuple-ids=15 row-size=8B cardinality=30.00M cost=4437000
|  |  |  in pipelines: 04(GETNEXT), 05(GETNEXT)
|  |  |
|  |  F04:PLAN FRAGMENT [RANDOM] hosts=10 instances=120
|  |  Per-Instance Resources: mem-estimate=26.94MB mem-reservation=6.00MB thread-reservation=1
|  |  max-parallelism=120 segment-costs=[9050068071, 30912000] cpu-comparison-result=120 [max(120 (self) vs 45 (sum children))]
|  |  11:AGGREGATE [STREAMING]
|  |  |  group by: tpcds_partitioned_parquet_snap.customer.c_customer_sk, tpcds_partitioned_parquet_snap.customer.c_current_addr_sk
|  |  |  mem-estimate=10.00MB mem-reservation=5.00MB spill-buffer=256.00KB thread-reservation=0
|  |  |  tuple-ids=15 row-size=8B cardinality=30.00M cost=177078000
|  |  |  in pipelines: 04(GETNEXT), 05(GETNEXT)
|  |  |
|  |  10:HASH JOIN [INNER JOIN, BROADCAST]
|  |  |  hash-table-id=06
|  |  |  hash predicates: CUSTOMER_SK = tpcds_partitioned_parquet_snap.customer.c_customer_sk
|  |  |  fk/pk conjuncts: assumed fk/pk
|  |  |  mem-estimate=0B mem-reservation=0B spill-buffer=2.00MB thread-reservation=0
|  |  |  tuple-ids=10,11,13,4 row-size=74B cardinality=30.00M cost=1667567785
|  |  |  in pipelines: 04(GETNEXT), 05(GETNEXT), 02(OPEN)
|  |  |
|  |  |--F27:PLAN FRAGMENT [RANDOM] hosts=10 instances=10
|  |  |  |  Per-Instance Resources: mem-estimate=1007.00MB mem-reservation=408.00MB thread-reservation=1
|  |  |  |  max-parallelism=10 segment-costs=[69869990]
|  |  |  JOIN BUILD
|  |  |  |  join-table-id=06 plan-id=07 cohort-id=03
|  |  |  |  build expressions: tpcds_partitioned_parquet_snap.customer.c_customer_sk
|  |  |  |  mem-estimate=996.88MB mem-reservation=408.00MB spill-buffer=2.00MB thread-reservation=0 cost=30000000
|  |  |  |
|  |  |  31:EXCHANGE [BROADCAST]
|  |  |  |  mem-estimate=10.12MB mem-reservation=0B thread-reservation=0
|  |  |  |  tuple-ids=4 row-size=8B cardinality=30.00M cost=39869990
|  |  |  |  in pipelines: 02(GETNEXT)
|  |  |  |
|  |  |  F07:PLAN FRAGMENT [RANDOM] hosts=10 instances=10
|  |  |  Per-Instance Resources: mem-estimate=16.05MB mem-reservation=1.00MB thread-reservation=1
|  |  |  max-parallelism=10 segment-costs=[4752000]
|  |  |  02:SCAN HDFS [tpcds_partitioned_parquet_snap.customer, RANDOM]
|  |  |     HDFS partitions=1/1 files=1 size=1.55GB
|  |  |     stored statistics:
|  |  |       table: rows=30.00M size=1.55GB
|  |  |       columns: all
|  |  |     extrapolated-rows=disabled max-scan-range-rows=3.10M
|  |  |     mem-estimate=16.00MB mem-reservation=1.00MB thread-reservation=0
|  |  |     tuple-ids=4 row-size=8B cardinality=30.00M cost=3456000
|  |  |     in pipelines: 02(GETNEXT)
|  |  |
|  |  09:HASH JOIN [INNER JOIN, BROADCAST]
|  |  |  hash-table-id=07
|  |  |  hash predicates: SOLD_DATE_SK = tpcds_partitioned_parquet_snap.date_dim.d_date_sk
|  |  |  fk/pk conjuncts: assumed fk/pk
|  |  |  mem-estimate=0B mem-reservation=0B spill-buffer=64.00KB thread-reservation=0
|  |  |  tuple-ids=10,11,13 row-size=66B cardinality=6.48G cost=2836316110
|  |  |  in pipelines: 04(GETNEXT), 05(GETNEXT), 08(OPEN)
|  |  |
|  |  |--F28:PLAN FRAGMENT [RANDOM] hosts=10 instances=10
|  |  |  |  Per-Instance Resources: mem-estimate=23.27MB mem-reservation=23.25MB thread-reservation=1
|  |  |  |  max-parallelism=10 segment-costs=[248]
|  |  |  JOIN BUILD
|  |  |  |  join-table-id=07 plan-id=08 cohort-id=03
|  |  |  |  build expressions: tpcds_partitioned_parquet_snap.date_dim.d_date_sk
|  |  |  |  mem-estimate=23.25MB mem-reservation=23.25MB spill-buffer=64.00KB thread-reservation=0 cost=108
|  |  |  |
|  |  |  30:EXCHANGE [BROADCAST]
|  |  |  |  mem-estimate=16.00KB mem-reservation=0B thread-reservation=0
|  |  |  |  tuple-ids=13 row-size=12B cardinality=108 cost=140
|  |  |  |  in pipelines: 08(GETNEXT)
|  |  |  |
|  |  |  F06:PLAN FRAGMENT [RANDOM] hosts=1 instances=1
|  |  |  Per-Instance Resources: mem-estimate=16.06MB mem-reservation=512.00KB thread-reservation=1
|  |  |  max-parallelism=1 segment-costs=[16733]
|  |  |  08:SCAN HDFS [tpcds_partitioned_parquet_snap.date_dim, RANDOM]
|  |  |     HDFS partitions=1/1 files=1 size=2.17MB
|  |  |     predicates: tpcds_partitioned_parquet_snap.date_dim.d_year = CAST(2001 AS INT), tpcds_partitioned_parquet_snap.date_dim.d_moy = CAST(7 AS INT)
|  |  |     stored statistics:
|  |  |       table: rows=73.05K size=2.17MB
|  |  |       columns: all
|  |  |     extrapolated-rows=disabled max-scan-range-rows=73.05K
|  |  |     parquet statistics predicates: tpcds_partitioned_parquet_snap.date_dim.d_year = CAST(2001 AS INT), tpcds_partitioned_parquet_snap.date_dim.d_moy = CAST(7 AS INT)
|  |  |     parquet dictionary predicates: tpcds_partitioned_parquet_snap.date_dim.d_year = CAST(2001 AS INT), tpcds_partitioned_parquet_snap.date_dim.d_moy = CAST(7 AS INT)
|  |  |     mem-estimate=16.00MB mem-reservation=512.00KB thread-reservation=0
|  |  |     tuple-ids=13 row-size=12B cardinality=108 cost=16728
|  |  |     in pipelines: 08(GETNEXT)
|  |  |
|  |  07:HASH JOIN [INNER JOIN, BROADCAST]
|  |  |  hash-table-id=08
|  |  |  hash predicates: ITEM_SK = tpcds_partitioned_parquet_snap.item.i_item_sk
|  |  |  fk/pk conjuncts: assumed fk/pk
|  |  |  mem-estimate=0B mem-reservation=0B spill-buffer=64.00KB thread-reservation=0
|  |  |  tuple-ids=10,11 row-size=54B cardinality=6.48G cost=2836316110
|  |  |  in pipelines: 04(GETNEXT), 05(GETNEXT), 06(OPEN)
|  |  |
|  |  |--F29:PLAN FRAGMENT [RANDOM] hosts=10 instances=10
|  |  |  |  Per-Instance Resources: mem-estimate=23.47MB mem-reservation=23.25MB thread-reservation=1
|  |  |  |  max-parallelism=10 segment-costs=[2666]
|  |  |  JOIN BUILD
|  |  |  |  join-table-id=08 plan-id=09 cohort-id=03
|  |  |  |  build expressions: tpcds_partitioned_parquet_snap.item.i_item_sk
|  |  |  |  mem-estimate=23.25MB mem-reservation=23.25MB spill-buffer=64.00KB thread-reservation=0 cost=1146
|  |  |  |
|  |  |  29:EXCHANGE [BROADCAST]
|  |  |  |  mem-estimate=229.43KB mem-reservation=0B thread-reservation=0
|  |  |  |  tuple-ids=11 row-size=42B cardinality=1.15K cost=1520
|  |  |  |  in pipelines: 06(GETNEXT)
|  |  |  |
|  |  |  F05:PLAN FRAGMENT [RANDOM] hosts=4 instances=4
|  |  |  Per-Instance Resources: mem-estimate=16.18MB mem-reservation=512.00KB thread-reservation=1
|  |  |  max-parallelism=4 segment-costs=[112106]
|  |  |  06:SCAN HDFS [tpcds_partitioned_parquet_snap.item, RANDOM]
|  |  |     HDFS partitions=1/1 files=1 size=33.54MB
|  |  |     predicates: tpcds_partitioned_parquet_snap.item.i_class = 'country', tpcds_partitioned_parquet_snap.item.i_category = 'Music'
|  |  |     stored statistics:
|  |  |       table: rows=360.00K size=33.54MB
|  |  |       columns: all
|  |  |     extrapolated-rows=disabled max-scan-range-rows=101.54K
|  |  |     parquet statistics predicates: tpcds_partitioned_parquet_snap.item.i_class = 'country', tpcds_partitioned_parquet_snap.item.i_category = 'Music'
|  |  |     parquet dictionary predicates: tpcds_partitioned_parquet_snap.item.i_class = 'country', tpcds_partitioned_parquet_snap.item.i_category = 'Music'
|  |  |     mem-estimate=16.00MB mem-reservation=512.00KB thread-reservation=0
|  |  |     tuple-ids=11 row-size=42B cardinality=1.15K cost=111953
|  |  |     in pipelines: 06(GETNEXT)
|  |  |
|  |  03:UNION
|  |  |  mem-estimate=0B mem-reservation=0B thread-reservation=0
|  |  |  tuple-ids=10 row-size=12B cardinality=6.48G cost=413038128
|  |  |  in pipelines: 04(GETNEXT), 05(GETNEXT)
|  |  |
|  |  |--05:SCAN HDFS [tpcds_partitioned_parquet_snap.web_sales, RANDOM]
|  |  |     HDFS partitions=1824/1824 files=1824 size=145.75GB
|  |  |     stored statistics:
|  |  |       table: rows=2.16G size=145.75GB
|  |  |       partitions: 1824/1824 rows=2.16G
|  |  |       columns: all
|  |  |     extrapolated-rows=disabled max-scan-range-rows=3.37M
|  |  |     mem-estimate=16.00MB mem-reservation=128.00KB thread-reservation=0
|  |  |     tuple-ids=8 row-size=12B cardinality=2.16G cost=373242464
|  |  |     in pipelines: 05(GETNEXT)
|  |  |
|  |  04:SCAN HDFS [tpcds_partitioned_parquet_snap.catalog_sales, RANDOM]
|  |     HDFS partitions=1831/1831 files=1831 size=280.96GB
|  |     stored statistics:
|  |       table: rows=4.32G size=280.96GB
|  |       partitions: 1831/1831 rows=4.32G
|  |       columns: all
|  |     extrapolated-rows=disabled max-scan-range-rows=21.52M
|  |     mem-estimate=16.00MB mem-reservation=1.00MB thread-reservation=0
|  |     tuple-ids=6 row-size=12B cardinality=4.32G cost=746509474
|  |     in pipelines: 04(GETNEXT)
|  |
|  34:EXCHANGE [HASH(tpcds_partitioned_parquet_snap.customer_address.ca_address_sk)]
|  |  mem-estimate=10.47MB mem-reservation=0B thread-reservation=0
|  |  tuple-ids=2 row-size=44B cardinality=15.00M cost=4699835
|  |  in pipelines: 01(GETNEXT)
|  |
|  F01:PLAN FRAGMENT [RANDOM] hosts=10 instances=10
|  Per-Host Shared Resources: mem-estimate=18.00MB mem-reservation=18.00MB thread-reservation=0 runtime-filters-memory=18.00MB
|  Per-Instance Resources: mem-estimate=17.87MB mem-reservation=128.00KB thread-reservation=1
|  max-parallelism=10 segment-costs=[54506359]
|  01:SCAN HDFS [tpcds_partitioned_parquet_snap.customer_address, RANDOM]
|     HDFS partitions=1/1 files=1 size=307.36MB
|     runtime filters: RF006[min_max] -> tpcds_partitioned_parquet_snap.customer_address.ca_state, RF007[min_max] -> tpcds_partitioned_parquet_snap.customer_address.ca_county, RF009[min_max] -> tpcds_partitioned_parquet_snap.customer_address.ca_address_sk, RF004[bloom] -> tpcds_partitioned_parquet_snap.customer_address.ca_state, RF005[bloom] -> tpcds_partitioned_parquet_snap.customer_address.ca_county, RF008[bloom] -> tpcds_partitioned_parquet_snap.customer_address.ca_address_sk
|     stored statistics:
|       table: rows=15.00M size=307.36MB
|       columns: all
|     extrapolated-rows=disabled max-scan-range-rows=1.58M
|     mem-estimate=16.00MB mem-reservation=128.00KB thread-reservation=0
|     tuple-ids=2 row-size=44B cardinality=15.00M cost=4311659
|     in pipelines: 01(GETNEXT)
|
00:SCAN HDFS [tpcds_partitioned_parquet_snap.store_sales, RANDOM]
   HDFS partitions=1824/1824 files=1824 size=389.90GB
   predicates: is_not_null_pred(tpcds_partitioned_parquet_snap.store_sales.ss_customer_sk)
   runtime filters: RF003[min_max] -> tpcds_partitioned_parquet_snap.store_sales.ss_customer_sk, RF000[bloom] -> tpcds_partitioned_parquet_snap.store_sales.ss_sold_date_sk, RF002[bloom] -> tpcds_partitioned_parquet_snap.store_sales.ss_customer_sk
   stored statistics:
     table: rows=8.64G size=389.90GB
     partitions: 1824/1824 rows=8.64G
     columns: all
   extrapolated-rows=disabled max-scan-range-rows=390.22M
   parquet dictionary predicates: is_not_null_pred(tpcds_partitioned_parquet_snap.store_sales.ss_customer_sk)
   mem-estimate=16.00MB mem-reservation=8.00MB thread-reservation=0
   tuple-ids=0 row-size=12B cardinality=863.99M cost=1735762980
   in pipelines: 00(GETNEXT)
====
