# TPCDS-Q64
# start query 64 in stream 0 using template query64.tpl using seed 975411025
with cs_ui as
 (select cs_item_sk
        ,sum(cs_ext_list_price) as sale,sum(cr_refunded_cash+cr_reversed_charge+cr_store_credit) as refund
  from catalog_sales
      ,catalog_returns
  where cs_item_sk = cr_item_sk
    and cs_order_number = cr_order_number
  group by cs_item_sk
  having sum(cs_ext_list_price)>2*sum(cr_refunded_cash+cr_reversed_charge+cr_store_credit)),
cross_sales as
 (select i_product_name product_name
     ,i_item_sk item_sk
     ,s_store_name store_name
     ,s_zip store_zip
     ,ad1.ca_street_number b_street_number
     ,ad1.ca_street_name b_street_name
     ,ad1.ca_city b_city
     ,ad1.ca_zip b_zip
     ,ad2.ca_street_number c_street_number
     ,ad2.ca_street_name c_street_name
     ,ad2.ca_city c_city
     ,ad2.ca_zip c_zip
     ,d1.d_year as syear
     ,d2.d_year as fsyear
     ,d3.d_year s2year
     ,count(*) cnt
     ,sum(ss_wholesale_cost) s1
     ,sum(ss_list_price) s2
     ,sum(ss_coupon_amt) s3
  FROM   store_sales
        ,store_returns
        ,cs_ui
        ,date_dim d1
        ,date_dim d2
        ,date_dim d3
        ,store
        ,customer
        ,customer_demographics cd1
        ,customer_demographics cd2
        ,promotion
        ,household_demographics hd1
        ,household_demographics hd2
        ,customer_address ad1
        ,customer_address ad2
        ,income_band ib1
        ,income_band ib2
        ,item
  WHERE  ss_store_sk = s_store_sk AND
         ss_sold_date_sk = d1.d_date_sk AND
         ss_customer_sk = c_customer_sk AND
         ss_cdemo_sk= cd1.cd_demo_sk AND
         ss_hdemo_sk = hd1.hd_demo_sk AND
         ss_addr_sk = ad1.ca_address_sk and
         ss_item_sk = i_item_sk and
         ss_item_sk = sr_item_sk and
         ss_ticket_number = sr_ticket_number and
         ss_item_sk = cs_ui.cs_item_sk and
         c_current_cdemo_sk = cd2.cd_demo_sk AND
         c_current_hdemo_sk = hd2.hd_demo_sk AND
         c_current_addr_sk = ad2.ca_address_sk and
         c_first_sales_date_sk = d2.d_date_sk and
         c_first_shipto_date_sk = d3.d_date_sk and
         ss_promo_sk = p_promo_sk and
         hd1.hd_income_band_sk = ib1.ib_income_band_sk and
         hd2.hd_income_band_sk = ib2.ib_income_band_sk and
         cd1.cd_marital_status <> cd2.cd_marital_status and
         i_color in ('peach','misty','drab','chocolate','almond','saddle') and
         i_current_price between 75 and 75 + 10 and
         i_current_price between 75 + 1 and 75 + 15
group by i_product_name
       ,i_item_sk
       ,s_store_name
       ,s_zip
       ,ad1.ca_street_number
       ,ad1.ca_street_name
       ,ad1.ca_city
       ,ad1.ca_zip
       ,ad2.ca_street_number
       ,ad2.ca_street_name
       ,ad2.ca_city
       ,ad2.ca_zip
       ,d1.d_year
       ,d2.d_year
       ,d3.d_year
)
select cs1.product_name
     ,cs1.store_name
     ,cs1.store_zip
     ,cs1.b_street_number
     ,cs1.b_street_name
     ,cs1.b_city
     ,cs1.b_zip
     ,cs1.c_street_number
     ,cs1.c_street_name
     ,cs1.c_city
     ,cs1.c_zip
     ,cs1.syear
     ,cs1.cnt
     ,cs1.s1 as s11
     ,cs1.s2 as s21
     ,cs1.s3 as s31
     ,cs2.s1 as s12
     ,cs2.s2 as s22
     ,cs2.s3 as s32
     ,cs2.syear
     ,cs2.cnt
from cross_sales cs1,cross_sales cs2
where cs1.item_sk=cs2.item_sk and
     cs1.syear = 2000 and
     cs2.syear = 2000 + 1 and
     cs2.cnt <= cs1.cnt and
     cs1.store_name = cs2.store_name and
     cs1.store_zip = cs2.store_zip
order by cs1.product_name
       ,cs1.store_name
       ,cs2.cnt
       ,cs1.s1
       ,cs2.s1

# end query 64 in stream 0 using template query64.tpl
---- PLAN
Max Per-Host Resource Reservation: Memory=600.98MB Threads=1
Per-Host Resource Estimates: Memory=58.80GB
F00:PLAN FRAGMENT [UNPARTITIONED] hosts=1 instances=1
|  Per-Instance Resources: mem-estimate=58.80GB mem-reservation=600.98MB thread-reservation=1 runtime-filters-memory=55.00MB
|  max-parallelism=1 segment-costs=[3995470666, 2231020715, 3995470666, 2231020715, 27110539, 35438384]
PLAN-ROOT SINK
|  output exprs: tpcds_partitioned_parquet_snap.item.i_product_name, tpcds_partitioned_parquet_snap.store.s_store_name, tpcds_partitioned_parquet_snap.store.s_zip, tpcds_partitioned_parquet_snap.customer_address_0.ca_street_number, tpcds_partitioned_parquet_snap.customer_address_0.ca_street_name, tpcds_partitioned_parquet_snap.customer_address_0.ca_city, tpcds_partitioned_parquet_snap.customer_address_0.ca_zip, tpcds_partitioned_parquet_snap.customer_address.ca_street_number, tpcds_partitioned_parquet_snap.customer_address.ca_street_name, tpcds_partitioned_parquet_snap.customer_address.ca_city, tpcds_partitioned_parquet_snap.customer_address.ca_zip, CAST(2000 AS INT), count(), sum(tpcds_partitioned_parquet_snap.store_sales.ss_wholesale_cost), sum(tpcds_partitioned_parquet_snap.store_sales.ss_list_price), sum(tpcds_partitioned_parquet_snap.store_sales.ss_coupon_amt), sum(tpcds_partitioned_parquet_snap.store_sales_0.ss_wholesale_cost), sum(tpcds_partitioned_parquet_snap.store_sales_0.ss_list_price), sum(tpcds_partitioned_parquet_snap.store_sales_0.ss_coupon_amt), add(CAST(2000 AS INT), CAST(1 AS INT)), count()
|  mem-estimate=100.00MB mem-reservation=4.00MB spill-buffer=2.00MB thread-reservation=0 cost=35438384
|
79:SORT
|  order by: tpcds_partitioned_parquet_snap.item.i_product_name ASC NULLS LAST, tpcds_partitioned_parquet_snap.store.s_store_name ASC NULLS LAST, count() ASC NULLS LAST, sum(tpcds_partitioned_parquet_snap.store_sales.ss_wholesale_cost) ASC NULLS LAST, sum(tpcds_partitioned_parquet_snap.store_sales_0.ss_wholesale_cost) ASC NULLS LAST
|  mem-estimate=526.11MB mem-reservation=12.00MB spill-buffer=2.00MB thread-reservation=0
|  tuple-ids=80 row-size=327B cardinality=1.69M cost=24684360
|  in pipelines: 79(GETNEXT), 38(OPEN)
|
78:HASH JOIN [INNER JOIN]
|  hash predicates: tpcds_partitioned_parquet_snap.item.i_item_sk = tpcds_partitioned_parquet_snap.item_0.i_item_sk, tpcds_partitioned_parquet_snap.store.s_store_name = tpcds_partitioned_parquet_snap.store_0.s_store_name, tpcds_partitioned_parquet_snap.store.s_zip = tpcds_partitioned_parquet_snap.store_0.s_zip
|  fk/pk conjuncts: tpcds_partitioned_parquet_snap.item.i_item_sk = tpcds_partitioned_parquet_snap.item_0.i_item_sk, tpcds_partitioned_parquet_snap.store.s_store_name = tpcds_partitioned_parquet_snap.store_0.s_store_name, tpcds_partitioned_parquet_snap.store.s_zip = tpcds_partitioned_parquet_snap.store_0.s_zip
|  other join predicates: count() <= count()
|  runtime filters: RF003[min_max] <- tpcds_partitioned_parquet_snap.item_0.i_item_sk, RF004[min_max] <- tpcds_partitioned_parquet_snap.store_0.s_store_name, RF005[min_max] <- tpcds_partitioned_parquet_snap.store_0.s_zip
|  mem-estimate=503.30MB mem-reservation=34.00MB spill-buffer=2.00MB thread-reservation=0
|  tuple-ids=39,79 row-size=566B cardinality=1.69M cost=2426179
|  in pipelines: 38(GETNEXT), 77(OPEN)
|
|--77:AGGREGATE [FINALIZE]
|  |  output: count(), sum(tpcds_partitioned_parquet_snap.store_sales_0.ss_wholesale_cost), sum(tpcds_partitioned_parquet_snap.store_sales_0.ss_list_price), sum(tpcds_partitioned_parquet_snap.store_sales_0.ss_coupon_amt)
|  |  group by: tpcds_partitioned_parquet_snap.item_0.i_product_name, tpcds_partitioned_parquet_snap.item_0.i_item_sk, tpcds_partitioned_parquet_snap.store_0.s_store_name, tpcds_partitioned_parquet_snap.store_0.s_zip, tpcds_partitioned_parquet_snap.customer_address_2.ca_street_number, tpcds_partitioned_parquet_snap.customer_address_2.ca_street_name, tpcds_partitioned_parquet_snap.customer_address_2.ca_city, tpcds_partitioned_parquet_snap.customer_address_2.ca_zip, tpcds_partitioned_parquet_snap.customer_address_1.ca_street_number, tpcds_partitioned_parquet_snap.customer_address_1.ca_street_name, tpcds_partitioned_parquet_snap.customer_address_1.ca_city, tpcds_partitioned_parquet_snap.customer_address_1.ca_zip, tpcds_partitioned_parquet_snap.date_dim_3.d_year, tpcds_partitioned_parquet_snap.date_dim_4.d_year
|  |  mem-estimate=474.61MB mem-reservation=34.00MB spill-buffer=2.00MB thread-reservation=0
|  |  tuple-ids=79 row-size=283B cardinality=1.69M cost=10315269
|  |  in pipelines: 77(GETNEXT), 39(OPEN)
|  |
|  76:HASH JOIN [INNER JOIN]
|  |  hash predicates: tpcds_partitioned_parquet_snap.store_sales_0.ss_store_sk = tpcds_partitioned_parquet_snap.store_0.s_store_sk
|  |  fk/pk conjuncts: tpcds_partitioned_parquet_snap.store_sales_0.ss_store_sk = tpcds_partitioned_parquet_snap.store_0.s_store_sk
|  |  runtime filters: RF047[min_max] <- tpcds_partitioned_parquet_snap.store_0.s_store_sk
|  |  mem-estimate=1.94MB mem-reservation=1.94MB spill-buffer=64.00KB thread-reservation=0
|  |  tuple-ids=40,56,58,64,65,67,69,54,52,71,50,44,46,48,42,73,75,77 row-size=462B cardinality=1.69M cost=739987
|  |  in pipelines: 39(GETNEXT), 75(OPEN)
|  |
|  |--75:SCAN HDFS [tpcds_partitioned_parquet_snap.store]
|  |     HDFS partitions=1/1 files=1 size=119.76KB
|  |     stored statistics:
|  |       table: rows=1.35K size=119.76KB
|  |       columns: all
|  |     extrapolated-rows=disabled max-scan-range-rows=1.35K
|  |     mem-estimate=16.00MB mem-reservation=24.00KB thread-reservation=0
|  |     tuple-ids=77 row-size=37B cardinality=1.35K cost=251
|  |     in pipelines: 75(GETNEXT)
|  |
|  74:HASH JOIN [INNER JOIN]
|  |  hash predicates: tpcds_partitioned_parquet_snap.customer_0.c_first_shipto_date_sk = tpcds_partitioned_parquet_snap.date_dim_4.d_date_sk
|  |  fk/pk conjuncts: tpcds_partitioned_parquet_snap.customer_0.c_first_shipto_date_sk = tpcds_partitioned_parquet_snap.date_dim_4.d_date_sk
|  |  runtime filters: RF049[min_max] <- tpcds_partitioned_parquet_snap.date_dim_4.d_date_sk
|  |  mem-estimate=4.75MB mem-reservation=4.75MB spill-buffer=256.00KB thread-reservation=0
|  |  tuple-ids=40,56,58,64,65,67,69,54,52,71,50,44,46,48,42,73,75 row-size=425B cardinality=1.69M cost=811686
|  |  in pipelines: 39(GETNEXT), 73(OPEN)
|  |
|  |--73:SCAN HDFS [tpcds_partitioned_parquet_snap.date_dim]
|  |     HDFS partitions=1/1 files=1 size=2.17MB
|  |     stored statistics:
|  |       table: rows=73.05K size=2.17MB
|  |       columns: all
|  |     extrapolated-rows=disabled max-scan-range-rows=73.05K
|  |     mem-estimate=16.00MB mem-reservation=512.00KB thread-reservation=0
|  |     tuple-ids=75 row-size=8B cardinality=73.05K cost=8415
|  |     in pipelines: 73(GETNEXT)
|  |
|  72:HASH JOIN [INNER JOIN]
|  |  hash predicates: tpcds_partitioned_parquet_snap.customer_0.c_first_sales_date_sk = tpcds_partitioned_parquet_snap.date_dim_3.d_date_sk
|  |  fk/pk conjuncts: tpcds_partitioned_parquet_snap.customer_0.c_first_sales_date_sk = tpcds_partitioned_parquet_snap.date_dim_3.d_date_sk
|  |  runtime filters: RF051[min_max] <- tpcds_partitioned_parquet_snap.date_dim_3.d_date_sk
|  |  mem-estimate=4.75MB mem-reservation=4.75MB spill-buffer=256.00KB thread-reservation=0
|  |  tuple-ids=40,56,58,64,65,67,69,54,52,71,50,44,46,48,42,73 row-size=417B cardinality=1.69M cost=811686
|  |  in pipelines: 39(GETNEXT), 71(OPEN)
|  |
|  |--71:SCAN HDFS [tpcds_partitioned_parquet_snap.date_dim]
|  |     HDFS partitions=1/1 files=1 size=2.17MB
|  |     stored statistics:
|  |       table: rows=73.05K size=2.17MB
|  |       columns: all
|  |     extrapolated-rows=disabled max-scan-range-rows=73.05K
|  |     mem-estimate=16.00MB mem-reservation=512.00KB thread-reservation=0
|  |     tuple-ids=73 row-size=8B cardinality=73.05K cost=8415
|  |     in pipelines: 71(GETNEXT)
|  |
|  70:HASH JOIN [INNER JOIN]
|  |  hash predicates: tpcds_partitioned_parquet_snap.store_returns_0.sr_item_sk = tpcds_partitioned_parquet_snap.store_sales_0.ss_item_sk, tpcds_partitioned_parquet_snap.store_returns_0.sr_ticket_number = tpcds_partitioned_parquet_snap.store_sales_0.ss_ticket_number
|  |  fk/pk conjuncts: tpcds_partitioned_parquet_snap.store_returns_0.sr_item_sk = tpcds_partitioned_parquet_snap.store_sales_0.ss_item_sk, tpcds_partitioned_parquet_snap.store_returns_0.sr_ticket_number = tpcds_partitioned_parquet_snap.store_sales_0.ss_ticket_number
|  |  runtime filters: RF052[bloom] <- tpcds_partitioned_parquet_snap.store_sales_0.ss_item_sk, RF053[bloom] <- tpcds_partitioned_parquet_snap.store_sales_0.ss_ticket_number, RF054[min_max] <- tpcds_partitioned_parquet_snap.store_sales_0.ss_item_sk, RF055[min_max] <- tpcds_partitioned_parquet_snap.store_sales_0.ss_ticket_number
|  |  mem-estimate=6.62GB mem-reservation=34.00MB spill-buffer=2.00MB thread-reservation=0
|  |  tuple-ids=40,56,58,64,65,67,69,54,52,71,50,44,46,48,42 row-size=409B cardinality=1.69M cost=24876976
|  |  in pipelines: 39(GETNEXT), 50(OPEN)
|  |
|  |--69:HASH JOIN [INNER JOIN]
|  |  |  hash predicates: tpcds_partitioned_parquet_snap.customer_0.c_current_cdemo_sk = tpcds_partitioned_parquet_snap.customer_demographics_1.cd_demo_sk
|  |  |  fk/pk conjuncts: none
|  |  |  other join predicates: tpcds_partitioned_parquet_snap.customer_demographics_2.cd_marital_status != tpcds_partitioned_parquet_snap.customer_demographics_1.cd_marital_status
|  |  |  runtime filters: RF057[min_max] <- tpcds_partitioned_parquet_snap.customer_demographics_1.cd_demo_sk
|  |  |  mem-estimate=79.14MB mem-reservation=34.00MB spill-buffer=2.00MB thread-reservation=0
|  |  |  tuple-ids=56,58,64,65,67,69,54,52,71,50,44,46,48,42 row-size=397B cardinality=16.88M cost=9307213
|  |  |  in pipelines: 50(GETNEXT), 40(OPEN)
|  |  |
|  |  |--40:SCAN HDFS [tpcds_partitioned_parquet_snap.customer_demographics]
|  |  |     HDFS partitions=1/1 files=1 size=11.15MB
|  |  |     stored statistics:
|  |  |       table: rows=1.92M size=11.15MB
|  |  |       columns: all
|  |  |     extrapolated-rows=disabled max-scan-range-rows=197.97K
|  |  |     mem-estimate=16.00MB mem-reservation=1.00MB thread-reservation=0
|  |  |     tuple-ids=42 row-size=17B cardinality=1.92M cost=138297
|  |  |     in pipelines: 40(GETNEXT)
|  |  |
|  |  68:HASH JOIN [INNER JOIN]
|  |  |  hash predicates: tpcds_partitioned_parquet_snap.store_sales_0.ss_customer_sk = tpcds_partitioned_parquet_snap.customer_0.c_customer_sk
|  |  |  fk/pk conjuncts: none
|  |  |  runtime filters: RF059[min_max] <- tpcds_partitioned_parquet_snap.customer_0.c_customer_sk
|  |  |  mem-estimate=3.85GB mem-reservation=34.00MB spill-buffer=2.00MB thread-reservation=0
|  |  |  tuple-ids=56,58,64,65,67,69,54,52,71,50,44,46,48 row-size=380B cardinality=16.88M cost=36670578
|  |  |  in pipelines: 50(GETNEXT), 46(OPEN)
|  |  |
|  |  |--47:HASH JOIN [INNER JOIN]
|  |  |  |  hash predicates: tpcds_partitioned_parquet_snap.customer_address_1.ca_address_sk = tpcds_partitioned_parquet_snap.customer_0.c_current_addr_sk
|  |  |  |  fk/pk conjuncts: tpcds_partitioned_parquet_snap.customer_address_1.ca_address_sk = tpcds_partitioned_parquet_snap.customer_0.c_current_addr_sk
|  |  |  |  runtime filters: RF081[min_max] <- tpcds_partitioned_parquet_snap.customer_0.c_current_addr_sk
|  |  |  |  mem-estimate=1.97GB mem-reservation=34.00MB spill-buffer=2.00MB thread-reservation=0
|  |  |  |  tuple-ids=50,44,46,48 row-size=114B cardinality=29.28M cost=38437955
|  |  |  |  in pipelines: 46(GETNEXT), 41(OPEN)
|  |  |  |
|  |  |  |--45:HASH JOIN [INNER JOIN]
|  |  |  |  |  hash predicates: tpcds_partitioned_parquet_snap.customer_0.c_current_hdemo_sk = tpcds_partitioned_parquet_snap.household_demographics_1.hd_demo_sk
|  |  |  |  |  fk/pk conjuncts: tpcds_partitioned_parquet_snap.customer_0.c_current_hdemo_sk = tpcds_partitioned_parquet_snap.household_demographics_1.hd_demo_sk
|  |  |  |  |  runtime filters: RF083[min_max] <- tpcds_partitioned_parquet_snap.household_demographics_1.hd_demo_sk
|  |  |  |  |  mem-estimate=1.94MB mem-reservation=1.94MB spill-buffer=64.00KB thread-reservation=0
|  |  |  |  |  tuple-ids=44,46,48 row-size=36B cardinality=29.28M cost=12824879
|  |  |  |  |  in pipelines: 41(GETNEXT), 42(OPEN)
|  |  |  |  |
|  |  |  |  |--44:HASH JOIN [INNER JOIN]
|  |  |  |  |  |  hash predicates: tpcds_partitioned_parquet_snap.household_demographics_1.hd_income_band_sk = tpcds_partitioned_parquet_snap.income_band_1.ib_income_band_sk
|  |  |  |  |  |  fk/pk conjuncts: tpcds_partitioned_parquet_snap.household_demographics_1.hd_income_band_sk = tpcds_partitioned_parquet_snap.income_band_1.ib_income_band_sk
|  |  |  |  |  |  runtime filters: RF085[min_max] <- tpcds_partitioned_parquet_snap.income_band_1.ib_income_band_sk
|  |  |  |  |  |  mem-estimate=1.94MB mem-reservation=1.94MB spill-buffer=64.00KB thread-reservation=0
|  |  |  |  |  |  tuple-ids=46,48 row-size=12B cardinality=7.20K cost=3171
|  |  |  |  |  |  in pipelines: 42(GETNEXT), 43(OPEN)
|  |  |  |  |  |
|  |  |  |  |  |--43:SCAN HDFS [tpcds_partitioned_parquet_snap.income_band]
|  |  |  |  |  |     HDFS partitions=1/1 files=1 size=1.22KB
|  |  |  |  |  |     stored statistics:
|  |  |  |  |  |       table: rows=20 size=1.22KB
|  |  |  |  |  |       columns: all
|  |  |  |  |  |     extrapolated-rows=disabled max-scan-range-rows=20
|  |  |  |  |  |     mem-estimate=16.00MB mem-reservation=8.00KB thread-reservation=0
|  |  |  |  |  |     tuple-ids=48 row-size=4B cardinality=20 cost=1
|  |  |  |  |  |     in pipelines: 43(GETNEXT)
|  |  |  |  |  |
|  |  |  |  |  42:SCAN HDFS [tpcds_partitioned_parquet_snap.household_demographics]
|  |  |  |  |     HDFS partitions=1/1 files=1 size=41.69KB
|  |  |  |  |     runtime filters: RF085[min_max] -> tpcds_partitioned_parquet_snap.household_demographics_1.hd_income_band_sk
|  |  |  |  |     stored statistics:
|  |  |  |  |       table: rows=7.20K size=41.69KB
|  |  |  |  |       columns: all
|  |  |  |  |     extrapolated-rows=disabled max-scan-range-rows=7.20K
|  |  |  |  |     mem-estimate=16.00MB mem-reservation=64.00KB thread-reservation=0
|  |  |  |  |     tuple-ids=46 row-size=8B cardinality=7.20K cost=829
|  |  |  |  |     in pipelines: 42(GETNEXT)
|  |  |  |  |
|  |  |  |  41:SCAN HDFS [tpcds_partitioned_parquet_snap.customer]
|  |  |  |     HDFS partitions=1/1 files=1 size=1.55GB
|  |  |  |     runtime filters: RF083[min_max] -> tpcds_partitioned_parquet_snap.customer_0.c_current_hdemo_sk, RF049[min_max] -> tpcds_partitioned_parquet_snap.customer_0.c_first_shipto_date_sk, RF051[min_max] -> tpcds_partitioned_parquet_snap.customer_0.c_first_sales_date_sk, RF057[min_max] -> tpcds_partitioned_parquet_snap.customer_0.c_current_cdemo_sk
|  |  |  |     stored statistics:
|  |  |  |       table: rows=30.00M size=1.55GB
|  |  |  |       columns: all
|  |  |  |     extrapolated-rows=disabled max-scan-range-rows=3.10M
|  |  |  |     mem-estimate=16.00MB mem-reservation=1.00MB thread-reservation=0
|  |  |  |     tuple-ids=44 row-size=24B cardinality=29.28M(filtered from 30.00M) cost=10368000
|  |  |  |     in pipelines: 41(GETNEXT)
|  |  |  |
|  |  |  46:SCAN HDFS [tpcds_partitioned_parquet_snap.customer_address]
|  |  |     HDFS partitions=1/1 files=1 size=307.36MB
|  |  |     runtime filters: RF081[min_max] -> tpcds_partitioned_parquet_snap.customer_address_1.ca_address_sk
|  |  |     stored statistics:
|  |  |       table: rows=15.00M size=307.36MB
|  |  |       columns: all
|  |  |     extrapolated-rows=disabled max-scan-range-rows=1.58M
|  |  |     mem-estimate=16.00MB mem-reservation=128.00KB thread-reservation=0
|  |  |     tuple-ids=50 row-size=78B cardinality=15.00M cost=6384216
|  |  |     in pipelines: 46(GETNEXT)
|  |  |
|  |  67:HASH JOIN [INNER JOIN]
|  |  |  hash predicates: tpcds_partitioned_parquet_snap.store_sales_0.ss_promo_sk = tpcds_partitioned_parquet_snap.promotion_0.p_promo_sk
|  |  |  fk/pk conjuncts: tpcds_partitioned_parquet_snap.store_sales_0.ss_promo_sk = tpcds_partitioned_parquet_snap.promotion_0.p_promo_sk
|  |  |  runtime filters: RF061[min_max] <- tpcds_partitioned_parquet_snap.promotion_0.p_promo_sk
|  |  |  mem-estimate=1.94MB mem-reservation=1.94MB spill-buffer=64.00KB thread-reservation=0
|  |  |  tuple-ids=56,58,64,65,67,69,54,52,71 row-size=267B cardinality=16.88M cost=7388213
|  |  |  in pipelines: 50(GETNEXT), 66(OPEN)
|  |  |
|  |  |--66:SCAN HDFS [tpcds_partitioned_parquet_snap.promotion]
|  |  |     HDFS partitions=1/1 files=1 size=100.50KB
|  |  |     stored statistics:
|  |  |       table: rows=1.80K size=100.50KB
|  |  |       columns: all
|  |  |     extrapolated-rows=disabled max-scan-range-rows=1.80K
|  |  |     mem-estimate=16.00MB mem-reservation=32.00KB thread-reservation=0
|  |  |     tuple-ids=71 row-size=4B cardinality=1.80K cost=103
|  |  |     in pipelines: 66(GETNEXT)
|  |  |
|  |  65:HASH JOIN [INNER JOIN]
|  |  |  hash predicates: tpcds_partitioned_parquet_snap.store_sales_0.ss_addr_sk = tpcds_partitioned_parquet_snap.customer_address_2.ca_address_sk
|  |  |  fk/pk conjuncts: none
|  |  |  runtime filters: RF063[min_max] <- tpcds_partitioned_parquet_snap.customer_address_2.ca_address_sk
|  |  |  mem-estimate=1.46GB mem-reservation=34.00MB spill-buffer=2.00MB thread-reservation=0
|  |  |  tuple-ids=56,58,64,65,67,69,54,52 row-size=263B cardinality=16.88M cost=22386413
|  |  |  in pipelines: 50(GETNEXT), 48(OPEN)
|  |  |
|  |  |--48:SCAN HDFS [tpcds_partitioned_parquet_snap.customer_address]
|  |  |     HDFS partitions=1/1 files=1 size=307.36MB
|  |  |     stored statistics:
|  |  |       table: rows=15.00M size=307.36MB
|  |  |       columns: all
|  |  |     extrapolated-rows=disabled max-scan-range-rows=1.58M
|  |  |     mem-estimate=16.00MB mem-reservation=128.00KB thread-reservation=0
|  |  |     tuple-ids=52 row-size=78B cardinality=15.00M cost=6384216
|  |  |     in pipelines: 48(GETNEXT)
|  |  |
|  |  64:HASH JOIN [INNER JOIN]
|  |  |  hash predicates: tpcds_partitioned_parquet_snap.store_sales_0.ss_cdemo_sk = tpcds_partitioned_parquet_snap.customer_demographics_2.cd_demo_sk
|  |  |  fk/pk conjuncts: none
|  |  |  runtime filters: RF065[min_max] <- tpcds_partitioned_parquet_snap.customer_demographics_2.cd_demo_sk
|  |  |  mem-estimate=79.14MB mem-reservation=34.00MB spill-buffer=2.00MB thread-reservation=0
|  |  |  tuple-ids=56,58,64,65,67,69,54 row-size=185B cardinality=16.88M cost=9307213
|  |  |  in pipelines: 50(GETNEXT), 49(OPEN)
|  |  |
|  |  |--49:SCAN HDFS [tpcds_partitioned_parquet_snap.customer_demographics]
|  |  |     HDFS partitions=1/1 files=1 size=11.15MB
|  |  |     stored statistics:
|  |  |       table: rows=1.92M size=11.15MB
|  |  |       columns: all
|  |  |     extrapolated-rows=disabled max-scan-range-rows=197.97K
|  |  |     mem-estimate=16.00MB mem-reservation=1.00MB thread-reservation=0
|  |  |     tuple-ids=54 row-size=17B cardinality=1.92M cost=138297
|  |  |     in pipelines: 49(GETNEXT)
|  |  |
|  |  63:HASH JOIN [INNER JOIN]
|  |  |  hash predicates: tpcds_partitioned_parquet_snap.store_sales_0.ss_hdemo_sk = tpcds_partitioned_parquet_snap.household_demographics_2.hd_demo_sk
|  |  |  fk/pk conjuncts: tpcds_partitioned_parquet_snap.store_sales_0.ss_hdemo_sk = tpcds_partitioned_parquet_snap.household_demographics_2.hd_demo_sk
|  |  |  runtime filters: RF067[min_max] <- tpcds_partitioned_parquet_snap.household_demographics_2.hd_demo_sk
|  |  |  mem-estimate=1.94MB mem-reservation=1.94MB spill-buffer=64.00KB thread-reservation=0
|  |  |  tuple-ids=56,58,64,65,67,69 row-size=168B cardinality=16.88M cost=7499423
|  |  |  in pipelines: 50(GETNEXT), 60(OPEN)
|  |  |
|  |  |--62:HASH JOIN [INNER JOIN]
|  |  |  |  hash predicates: tpcds_partitioned_parquet_snap.household_demographics_2.hd_income_band_sk = tpcds_partitioned_parquet_snap.income_band_2.ib_income_band_sk
|  |  |  |  fk/pk conjuncts: tpcds_partitioned_parquet_snap.household_demographics_2.hd_income_band_sk = tpcds_partitioned_parquet_snap.income_band_2.ib_income_band_sk
|  |  |  |  runtime filters: RF079[min_max] <- tpcds_partitioned_parquet_snap.income_band_2.ib_income_band_sk
|  |  |  |  mem-estimate=1.94MB mem-reservation=1.94MB spill-buffer=64.00KB thread-reservation=0
|  |  |  |  tuple-ids=67,69 row-size=12B cardinality=7.20K cost=3171
|  |  |  |  in pipelines: 60(GETNEXT), 61(OPEN)
|  |  |  |
|  |  |  |--61:SCAN HDFS [tpcds_partitioned_parquet_snap.income_band]
|  |  |  |     HDFS partitions=1/1 files=1 size=1.22KB
|  |  |  |     stored statistics:
|  |  |  |       table: rows=20 size=1.22KB
|  |  |  |       columns: all
|  |  |  |     extrapolated-rows=disabled max-scan-range-rows=20
|  |  |  |     mem-estimate=16.00MB mem-reservation=8.00KB thread-reservation=0
|  |  |  |     tuple-ids=69 row-size=4B cardinality=20 cost=1
|  |  |  |     in pipelines: 61(GETNEXT)
|  |  |  |
|  |  |  60:SCAN HDFS [tpcds_partitioned_parquet_snap.household_demographics]
|  |  |     HDFS partitions=1/1 files=1 size=41.69KB
|  |  |     runtime filters: RF079[min_max] -> tpcds_partitioned_parquet_snap.household_demographics_2.hd_income_band_sk
|  |  |     stored statistics:
|  |  |       table: rows=7.20K size=41.69KB
|  |  |       columns: all
|  |  |     extrapolated-rows=disabled max-scan-range-rows=7.20K
|  |  |     mem-estimate=16.00MB mem-reservation=64.00KB thread-reservation=0
|  |  |     tuple-ids=67 row-size=8B cardinality=7.20K cost=829
|  |  |     in pipelines: 60(GETNEXT)
|  |  |
|  |  59:HASH JOIN [INNER JOIN]
|  |  |  hash predicates: tpcds_partitioned_parquet_snap.store_sales_0.ss_item_sk = tpcds_partitioned_parquet_snap.item_0.i_item_sk
|  |  |  fk/pk conjuncts: tpcds_partitioned_parquet_snap.store_sales_0.ss_item_sk = tpcds_partitioned_parquet_snap.item_0.i_item_sk
|  |  |  runtime filters: RF068[bloom] <- tpcds_partitioned_parquet_snap.item_0.i_item_sk, RF069[min_max] <- tpcds_partitioned_parquet_snap.item_0.i_item_sk
|  |  |  mem-estimate=1.94MB mem-reservation=1.94MB spill-buffer=64.00KB thread-reservation=0
|  |  |  tuple-ids=56,58,64,65 row-size=156B cardinality=17.29M cost=224754158
|  |  |  in pipelines: 50(GETNEXT), 58(OPEN)
|  |  |
|  |  |--58:SCAN HDFS [tpcds_partitioned_parquet_snap.item]
|  |  |     HDFS partitions=1/1 files=1 size=33.54MB
|  |  |     predicates: is_not_null_pred(tpcds_partitioned_parquet_snap.item_0.i_item_sk), tpcds_partitioned_parquet_snap.item_0.i_color = 'almond' OR tpcds_partitioned_parquet_snap.item_0.i_color = 'chocolate' OR tpcds_partitioned_parquet_snap.item_0.i_color = 'drab' OR tpcds_partitioned_parquet_snap.item_0.i_color = 'misty' OR tpcds_partitioned_parquet_snap.item_0.i_color = 'peach' OR tpcds_partitioned_parquet_snap.item_0.i_color = 'saddle', tpcds_partitioned_parquet_snap.item_0.i_current_price <= CAST(add(CAST(75 AS SMALLINT), CAST(10 AS SMALLINT)) AS DECIMAL(5,0)), tpcds_partitioned_parquet_snap.item_0.i_current_price <= CAST(add(CAST(75 AS SMALLINT), CAST(15 AS SMALLINT)) AS DECIMAL(5,0)), tpcds_partitioned_parquet_snap.item_0.i_current_price >= CAST(75 AS DECIMAL(3,0)), tpcds_partitioned_parquet_snap.item_0.i_current_price >= CAST(add(CAST(75 AS SMALLINT), CAST(1 AS SMALLINT)) AS DECIMAL(5,0))
|  |  |     stored statistics:
|  |  |       table: rows=360.00K size=33.54MB
|  |  |       columns: all
|  |  |     extrapolated-rows=disabled max-scan-range-rows=101.54K
|  |  |     parquet statistics predicates: tpcds_partitioned_parquet_snap.item_0.i_current_price <= CAST(add(CAST(75 AS SMALLINT), CAST(10 AS SMALLINT)) AS DECIMAL(5,0)), tpcds_partitioned_parquet_snap.item_0.i_current_price <= CAST(add(CAST(75 AS SMALLINT), CAST(15 AS SMALLINT)) AS DECIMAL(5,0)), tpcds_partitioned_parquet_snap.item_0.i_current_price >= CAST(75 AS DECIMAL(3,0)), tpcds_partitioned_parquet_snap.item_0.i_current_price >= CAST(add(CAST(75 AS SMALLINT), CAST(1 AS SMALLINT)) AS DECIMAL(5,0))
|  |  |     parquet dictionary predicates: is_not_null_pred(tpcds_partitioned_parquet_snap.item_0.i_item_sk), tpcds_partitioned_parquet_snap.item_0.i_color = 'almond' OR tpcds_partitioned_parquet_snap.item_0.i_color = 'chocolate' OR tpcds_partitioned_parquet_snap.item_0.i_color = 'drab' OR tpcds_partitioned_parquet_snap.item_0.i_color = 'misty' OR tpcds_partitioned_parquet_snap.item_0.i_color = 'peach' OR tpcds_partitioned_parquet_snap.item_0.i_color = 'saddle', tpcds_partitioned_parquet_snap.item_0.i_current_price <= CAST(add(CAST(75 AS SMALLINT), CAST(10 AS SMALLINT)) AS DECIMAL(5,0)), tpcds_partitioned_parquet_snap.item_0.i_current_price <= CAST(add(CAST(75 AS SMALLINT), CAST(15 AS SMALLINT)) AS DECIMAL(5,0)), tpcds_partitioned_parquet_snap.item_0.i_current_price >= CAST(75 AS DECIMAL(3,0)), tpcds_partitioned_parquet_snap.item_0.i_current_price >= CAST(add(CAST(75 AS SMALLINT), CAST(1 AS SMALLINT)) AS DECIMAL(5,0))
|  |  |     mem-estimate=16.00MB mem-reservation=512.00KB thread-reservation=0
|  |  |     tuple-ids=65 row-size=60B cardinality=7.21K cost=248525
|  |  |     in pipelines: 58(GETNEXT)
|  |  |
|  |  57:HASH JOIN [INNER JOIN]
|  |  |  hash predicates: tpcds_partitioned_parquet_snap.store_sales_0.ss_item_sk = tpcds_partitioned_parquet_snap.catalog_sales_0.cs_item_sk
|  |  |  fk/pk conjuncts: none
|  |  |  runtime filters: RF071[min_max] <- tpcds_partitioned_parquet_snap.catalog_sales_0.cs_item_sk
|  |  |  mem-estimate=2.88MB mem-reservation=2.88MB spill-buffer=128.00KB thread-reservation=0
|  |  |  tuple-ids=56,58,64 row-size=96B cardinality=863.99M cost=201910820
|  |  |  in pipelines: 50(GETNEXT), 56(OPEN)
|  |  |
|  |  |--56:AGGREGATE [FINALIZE]
|  |  |  |  output: sum(tpcds_partitioned_parquet_snap.catalog_sales_0.cs_ext_list_price), sum(add(add(tpcds_partitioned_parquet_snap.catalog_returns_0.cr_refunded_cash, tpcds_partitioned_parquet_snap.catalog_returns_0.cr_reversed_charge), tpcds_partitioned_parquet_snap.catalog_returns_0.cr_store_credit))
|  |  |  |  group by: tpcds_partitioned_parquet_snap.catalog_sales_0.cs_item_sk
|  |  |  |  having: sum(tpcds_partitioned_parquet_snap.catalog_sales_0.cs_ext_list_price) > multiply(CAST(2 AS DECIMAL(3,0)), sum(add(add(tpcds_partitioned_parquet_snap.catalog_returns_0.cr_refunded_cash, tpcds_partitioned_parquet_snap.catalog_returns_0.cr_reversed_charge), tpcds_partitioned_parquet_snap.catalog_returns_0.cr_store_credit)))
|  |  |  |  mem-estimate=34.00MB mem-reservation=34.00MB spill-buffer=2.00MB thread-reservation=0
|  |  |  |  tuple-ids=64 row-size=36B cardinality=36.02K cost=928618209
|  |  |  |  in pipelines: 56(GETNEXT), 53(OPEN)
|  |  |  |
|  |  |  55:HASH JOIN [INNER JOIN]
|  |  |  |  hash predicates: tpcds_partitioned_parquet_snap.catalog_sales_0.cs_item_sk = tpcds_partitioned_parquet_snap.catalog_returns_0.cr_item_sk, tpcds_partitioned_parquet_snap.catalog_sales_0.cs_order_number = tpcds_partitioned_parquet_snap.catalog_returns_0.cr_order_number
|  |  |  |  fk/pk conjuncts: tpcds_partitioned_parquet_snap.catalog_sales_0.cs_item_sk = tpcds_partitioned_parquet_snap.catalog_returns_0.cr_item_sk, tpcds_partitioned_parquet_snap.catalog_sales_0.cs_order_number = tpcds_partitioned_parquet_snap.catalog_returns_0.cr_order_number
|  |  |  |  runtime filters: RF076[min_max] <- tpcds_partitioned_parquet_snap.catalog_returns_0.cr_item_sk, RF077[min_max] <- tpcds_partitioned_parquet_snap.catalog_returns_0.cr_order_number
|  |  |  |  mem-estimate=21.66GB mem-reservation=34.00MB spill-buffer=2.00MB thread-reservation=0
|  |  |  |  tuple-ids=60,62 row-size=40B cardinality=2.56G cost=1922201419
|  |  |  |  in pipelines: 53(GETNEXT), 54(OPEN)
|  |  |  |
|  |  |  |--54:SCAN HDFS [tpcds_partitioned_parquet_snap.catalog_returns]
|  |  |  |     HDFS partitions=2060/2060 files=2060 size=32.77GB
|  |  |  |     runtime filters: RF069[min_max] -> tpcds_partitioned_parquet_snap.catalog_returns_0.cr_item_sk, RF068[bloom] -> tpcds_partitioned_parquet_snap.catalog_returns_0.cr_item_sk
|  |  |  |     stored statistics:
|  |  |  |       table: rows=432.02M size=32.77GB
|  |  |  |       partitions: 2060/2060 rows=432.02M
|  |  |  |       columns: all
|  |  |  |     extrapolated-rows=disabled max-scan-range-rows=416.82K
|  |  |  |     mem-estimate=16.00MB mem-reservation=40.00KB thread-reservation=0
|  |  |  |     tuple-ids=62 row-size=24B cardinality=432.02M cost=149305072
|  |  |  |     in pipelines: 54(GETNEXT)
|  |  |  |
|  |  |  53:SCAN HDFS [tpcds_partitioned_parquet_snap.catalog_sales]
|  |  |     HDFS partitions=1831/1831 files=1831 size=280.96GB
|  |  |     runtime filters: RF069[min_max] -> tpcds_partitioned_parquet_snap.catalog_sales_0.cs_item_sk, RF076[min_max] -> tpcds_partitioned_parquet_snap.catalog_sales_0.cs_item_sk, RF077[min_max] -> tpcds_partitioned_parquet_snap.catalog_sales_0.cs_order_number, RF068[bloom] -> tpcds_partitioned_parquet_snap.catalog_sales_0.cs_item_sk
|  |  |     stored statistics:
|  |  |       table: rows=4.32G size=280.96GB
|  |  |       partitions: 1831/1831 rows=4.32G
|  |  |       columns: all
|  |  |     extrapolated-rows=disabled max-scan-range-rows=21.52M
|  |  |     mem-estimate=16.00MB mem-reservation=1.00MB thread-reservation=0
|  |  |     tuple-ids=60 row-size=16B cardinality=4.00G(filtered from 4.32G) cost=995345966
|  |  |     in pipelines: 53(GETNEXT)
|  |  |
|  |  52:HASH JOIN [INNER JOIN]
|  |  |  hash predicates: tpcds_partitioned_parquet_snap.store_sales_0.ss_sold_date_sk = tpcds_partitioned_parquet_snap.date_dim_2.d_date_sk
|  |  |  fk/pk conjuncts: tpcds_partitioned_parquet_snap.store_sales_0.ss_sold_date_sk = tpcds_partitioned_parquet_snap.date_dim_2.d_date_sk
|  |  |  runtime filters: RF072[bloom] <- tpcds_partitioned_parquet_snap.date_dim_2.d_date_sk
|  |  |  mem-estimate=1.94MB mem-reservation=1.94MB spill-buffer=64.00KB thread-reservation=0
|  |  |  tuple-ids=56,58 row-size=60B cardinality=176.68M cost=77334472
|  |  |  in pipelines: 50(GETNEXT), 51(OPEN)
|  |  |
|  |  |--51:SCAN HDFS [tpcds_partitioned_parquet_snap.date_dim]
|  |  |     HDFS partitions=1/1 files=1 size=2.17MB
|  |  |     predicates: tpcds_partitioned_parquet_snap.date_dim_2.d_year = add(CAST(2000 AS INT), CAST(1 AS INT))
|  |  |     stored statistics:
|  |  |       table: rows=73.05K size=2.17MB
|  |  |       columns: all
|  |  |     extrapolated-rows=disabled max-scan-range-rows=73.05K
|  |  |     parquet statistics predicates: tpcds_partitioned_parquet_snap.date_dim_2.d_year = add(CAST(2000 AS INT), CAST(1 AS INT))
|  |  |     parquet dictionary predicates: tpcds_partitioned_parquet_snap.date_dim_2.d_year = add(CAST(2000 AS INT), CAST(1 AS INT))
|  |  |     mem-estimate=16.00MB mem-reservation=512.00KB thread-reservation=0
|  |  |     tuple-ids=58 row-size=8B cardinality=373 cost=10467
|  |  |     in pipelines: 51(GETNEXT)
|  |  |
|  |  50:SCAN HDFS [tpcds_partitioned_parquet_snap.store_sales]
|  |     HDFS partitions=1824/1824 files=1824 size=389.90GB
|  |     predicates: is_not_null_pred(tpcds_partitioned_parquet_snap.store_sales_0.ss_item_sk)
|  |     runtime filters: RF069[min_max] -> tpcds_partitioned_parquet_snap.store_sales_0.ss_item_sk, RF067[min_max] -> tpcds_partitioned_parquet_snap.store_sales_0.ss_hdemo_sk, RF047[min_max] -> tpcds_partitioned_parquet_snap.store_sales_0.ss_store_sk, RF059[min_max] -> tpcds_partitioned_parquet_snap.store_sales_0.ss_customer_sk, RF061[min_max] -> tpcds_partitioned_parquet_snap.store_sales_0.ss_promo_sk, RF063[min_max] -> tpcds_partitioned_parquet_snap.store_sales_0.ss_addr_sk, RF065[min_max] -> tpcds_partitioned_parquet_snap.store_sales_0.ss_cdemo_sk, RF071[min_max] -> tpcds_partitioned_parquet_snap.store_sales_0.ss_item_sk, RF068[bloom] -> tpcds_partitioned_parquet_snap.store_sales_0.ss_item_sk, RF072[bloom] -> tpcds_partitioned_parquet_snap.store_sales_0.ss_sold_date_sk
|  |     stored statistics:
|  |       table: rows=8.64G size=389.90GB
|  |       partitions: 1824/1824 rows=8.64G
|  |       columns: all
|  |     extrapolated-rows=disabled max-scan-range-rows=390.22M est-scan-range=374(filtered from 1824)
|  |     parquet dictionary predicates: is_not_null_pred(tpcds_partitioned_parquet_snap.store_sales_0.ss_item_sk)
|  |     mem-estimate=16.00MB mem-reservation=8.00MB thread-reservation=0
|  |     tuple-ids=56 row-size=52B cardinality=176.68M(filtered from 863.99M) cost=1372649335
|  |     in pipelines: 50(GETNEXT)
|  |
|  39:SCAN HDFS [tpcds_partitioned_parquet_snap.store_returns]
|     HDFS partitions=2004/2004 files=2004 size=48.14GB
|     runtime filters: RF054[min_max] -> tpcds_partitioned_parquet_snap.store_returns_0.sr_item_sk, RF055[min_max] -> tpcds_partitioned_parquet_snap.store_returns_0.sr_ticket_number, RF052[bloom] -> tpcds_partitioned_parquet_snap.store_returns_0.sr_item_sk, RF053[bloom] -> tpcds_partitioned_parquet_snap.store_returns_0.sr_ticket_number
|     stored statistics:
|       table: rows=863.99M size=48.14GB
|       partitions: 2004/2004 rows=863.99M
|       columns: all
|     extrapolated-rows=disabled max-scan-range-rows=30.09M
|     mem-estimate=16.00MB mem-reservation=512.00KB thread-reservation=0
|     tuple-ids=40 row-size=12B cardinality=30.00M(filtered from 863.99M) cost=149297235
|     in pipelines: 39(GETNEXT)
|
38:AGGREGATE [FINALIZE]
|  output: count(), sum(tpcds_partitioned_parquet_snap.store_sales.ss_wholesale_cost), sum(tpcds_partitioned_parquet_snap.store_sales.ss_list_price), sum(tpcds_partitioned_parquet_snap.store_sales.ss_coupon_amt)
|  group by: tpcds_partitioned_parquet_snap.item.i_product_name, tpcds_partitioned_parquet_snap.item.i_item_sk, tpcds_partitioned_parquet_snap.store.s_store_name, tpcds_partitioned_parquet_snap.store.s_zip, tpcds_partitioned_parquet_snap.customer_address_0.ca_street_number, tpcds_partitioned_parquet_snap.customer_address_0.ca_street_name, tpcds_partitioned_parquet_snap.customer_address_0.ca_city, tpcds_partitioned_parquet_snap.customer_address_0.ca_zip, tpcds_partitioned_parquet_snap.customer_address.ca_street_number, tpcds_partitioned_parquet_snap.customer_address.ca_street_name, tpcds_partitioned_parquet_snap.customer_address.ca_city, tpcds_partitioned_parquet_snap.customer_address.ca_zip, tpcds_partitioned_parquet_snap.date_dim_0.d_year, tpcds_partitioned_parquet_snap.date_dim_1.d_year
|  mem-estimate=474.61MB mem-reservation=34.00MB spill-buffer=2.00MB thread-reservation=0
|  tuple-ids=39 row-size=283B cardinality=1.69M cost=10315269
|  in pipelines: 38(GETNEXT), 00(OPEN)
|
37:HASH JOIN [INNER JOIN]
|  hash predicates: tpcds_partitioned_parquet_snap.store_sales.ss_store_sk = tpcds_partitioned_parquet_snap.store.s_store_sk
|  fk/pk conjuncts: tpcds_partitioned_parquet_snap.store_sales.ss_store_sk = tpcds_partitioned_parquet_snap.store.s_store_sk
|  runtime filters: RF007[min_max] <- tpcds_partitioned_parquet_snap.store.s_store_sk
|  mem-estimate=1.94MB mem-reservation=1.94MB spill-buffer=64.00KB thread-reservation=0
|  tuple-ids=0,16,18,24,25,27,29,14,12,31,10,4,6,8,2,33,35,37 row-size=462B cardinality=1.69M cost=739987
|  in pipelines: 00(GETNEXT), 36(OPEN)
|
|--36:SCAN HDFS [tpcds_partitioned_parquet_snap.store]
|     HDFS partitions=1/1 files=1 size=119.76KB
|     runtime filters: RF004[min_max] -> tpcds_partitioned_parquet_snap.store.s_store_name, RF005[min_max] -> tpcds_partitioned_parquet_snap.store.s_zip
|     stored statistics:
|       table: rows=1.35K size=119.76KB
|       columns: all
|     extrapolated-rows=disabled max-scan-range-rows=1.35K
|     mem-estimate=16.00MB mem-reservation=24.00KB thread-reservation=0
|     tuple-ids=37 row-size=37B cardinality=1.35K cost=251
|     in pipelines: 36(GETNEXT)
|
35:HASH JOIN [INNER JOIN]
|  hash predicates: tpcds_partitioned_parquet_snap.customer.c_first_shipto_date_sk = tpcds_partitioned_parquet_snap.date_dim_1.d_date_sk
|  fk/pk conjuncts: tpcds_partitioned_parquet_snap.customer.c_first_shipto_date_sk = tpcds_partitioned_parquet_snap.date_dim_1.d_date_sk
|  runtime filters: RF009[min_max] <- tpcds_partitioned_parquet_snap.date_dim_1.d_date_sk
|  mem-estimate=4.75MB mem-reservation=4.75MB spill-buffer=256.00KB thread-reservation=0
|  tuple-ids=0,16,18,24,25,27,29,14,12,31,10,4,6,8,2,33,35 row-size=425B cardinality=1.69M cost=811686
|  in pipelines: 00(GETNEXT), 34(OPEN)
|
|--34:SCAN HDFS [tpcds_partitioned_parquet_snap.date_dim]
|     HDFS partitions=1/1 files=1 size=2.17MB
|     stored statistics:
|       table: rows=73.05K size=2.17MB
|       columns: all
|     extrapolated-rows=disabled max-scan-range-rows=73.05K
|     mem-estimate=16.00MB mem-reservation=512.00KB thread-reservation=0
|     tuple-ids=35 row-size=8B cardinality=73.05K cost=8415
|     in pipelines: 34(GETNEXT)
|
33:HASH JOIN [INNER JOIN]
|  hash predicates: tpcds_partitioned_parquet_snap.customer.c_first_sales_date_sk = tpcds_partitioned_parquet_snap.date_dim_0.d_date_sk
|  fk/pk conjuncts: tpcds_partitioned_parquet_snap.customer.c_first_sales_date_sk = tpcds_partitioned_parquet_snap.date_dim_0.d_date_sk
|  runtime filters: RF011[min_max] <- tpcds_partitioned_parquet_snap.date_dim_0.d_date_sk
|  mem-estimate=4.75MB mem-reservation=4.75MB spill-buffer=256.00KB thread-reservation=0
|  tuple-ids=0,16,18,24,25,27,29,14,12,31,10,4,6,8,2,33 row-size=417B cardinality=1.69M cost=811686
|  in pipelines: 00(GETNEXT), 32(OPEN)
|
|--32:SCAN HDFS [tpcds_partitioned_parquet_snap.date_dim]
|     HDFS partitions=1/1 files=1 size=2.17MB
|     stored statistics:
|       table: rows=73.05K size=2.17MB
|       columns: all
|     extrapolated-rows=disabled max-scan-range-rows=73.05K
|     mem-estimate=16.00MB mem-reservation=512.00KB thread-reservation=0
|     tuple-ids=33 row-size=8B cardinality=73.05K cost=8415
|     in pipelines: 32(GETNEXT)
|
31:HASH JOIN [INNER JOIN]
|  hash predicates: tpcds_partitioned_parquet_snap.store_returns.sr_item_sk = tpcds_partitioned_parquet_snap.store_sales.ss_item_sk, tpcds_partitioned_parquet_snap.store_returns.sr_ticket_number = tpcds_partitioned_parquet_snap.store_sales.ss_ticket_number
|  fk/pk conjuncts: tpcds_partitioned_parquet_snap.store_returns.sr_item_sk = tpcds_partitioned_parquet_snap.store_sales.ss_item_sk, tpcds_partitioned_parquet_snap.store_returns.sr_ticket_number = tpcds_partitioned_parquet_snap.store_sales.ss_ticket_number
|  runtime filters: RF012[bloom] <- tpcds_partitioned_parquet_snap.store_sales.ss_item_sk, RF013[bloom] <- tpcds_partitioned_parquet_snap.store_sales.ss_ticket_number, RF014[min_max] <- tpcds_partitioned_parquet_snap.store_sales.ss_item_sk, RF015[min_max] <- tpcds_partitioned_parquet_snap.store_sales.ss_ticket_number
|  mem-estimate=6.62GB mem-reservation=34.00MB spill-buffer=2.00MB thread-reservation=0
|  tuple-ids=0,16,18,24,25,27,29,14,12,31,10,4,6,8,2 row-size=409B cardinality=1.69M cost=24876976
|  in pipelines: 00(GETNEXT), 11(OPEN)
|
|--30:HASH JOIN [INNER JOIN]
|  |  hash predicates: tpcds_partitioned_parquet_snap.customer.c_current_cdemo_sk = tpcds_partitioned_parquet_snap.customer_demographics.cd_demo_sk
|  |  fk/pk conjuncts: none
|  |  other join predicates: tpcds_partitioned_parquet_snap.customer_demographics_0.cd_marital_status != tpcds_partitioned_parquet_snap.customer_demographics.cd_marital_status
|  |  runtime filters: RF017[min_max] <- tpcds_partitioned_parquet_snap.customer_demographics.cd_demo_sk
|  |  mem-estimate=79.14MB mem-reservation=34.00MB spill-buffer=2.00MB thread-reservation=0
|  |  tuple-ids=16,18,24,25,27,29,14,12,31,10,4,6,8,2 row-size=397B cardinality=16.88M cost=9307213
|  |  in pipelines: 11(GETNEXT), 01(OPEN)
|  |
|  |--01:SCAN HDFS [tpcds_partitioned_parquet_snap.customer_demographics]
|  |     HDFS partitions=1/1 files=1 size=11.15MB
|  |     stored statistics:
|  |       table: rows=1.92M size=11.15MB
|  |       columns: all
|  |     extrapolated-rows=disabled max-scan-range-rows=197.97K
|  |     mem-estimate=16.00MB mem-reservation=1.00MB thread-reservation=0
|  |     tuple-ids=2 row-size=17B cardinality=1.92M cost=138297
|  |     in pipelines: 01(GETNEXT)
|  |
|  29:HASH JOIN [INNER JOIN]
|  |  hash predicates: tpcds_partitioned_parquet_snap.store_sales.ss_customer_sk = tpcds_partitioned_parquet_snap.customer.c_customer_sk
|  |  fk/pk conjuncts: none
|  |  runtime filters: RF019[min_max] <- tpcds_partitioned_parquet_snap.customer.c_customer_sk
|  |  mem-estimate=3.85GB mem-reservation=34.00MB spill-buffer=2.00MB thread-reservation=0
|  |  tuple-ids=16,18,24,25,27,29,14,12,31,10,4,6,8 row-size=380B cardinality=16.88M cost=36670578
|  |  in pipelines: 11(GETNEXT), 07(OPEN)
|  |
|  |--08:HASH JOIN [INNER JOIN]
|  |  |  hash predicates: tpcds_partitioned_parquet_snap.customer_address.ca_address_sk = tpcds_partitioned_parquet_snap.customer.c_current_addr_sk
|  |  |  fk/pk conjuncts: tpcds_partitioned_parquet_snap.customer_address.ca_address_sk = tpcds_partitioned_parquet_snap.customer.c_current_addr_sk
|  |  |  runtime filters: RF041[min_max] <- tpcds_partitioned_parquet_snap.customer.c_current_addr_sk
|  |  |  mem-estimate=1.97GB mem-reservation=34.00MB spill-buffer=2.00MB thread-reservation=0
|  |  |  tuple-ids=10,4,6,8 row-size=114B cardinality=29.28M cost=38437955
|  |  |  in pipelines: 07(GETNEXT), 02(OPEN)
|  |  |
|  |  |--06:HASH JOIN [INNER JOIN]
|  |  |  |  hash predicates: tpcds_partitioned_parquet_snap.customer.c_current_hdemo_sk = tpcds_partitioned_parquet_snap.household_demographics.hd_demo_sk
|  |  |  |  fk/pk conjuncts: tpcds_partitioned_parquet_snap.customer.c_current_hdemo_sk = tpcds_partitioned_parquet_snap.household_demographics.hd_demo_sk
|  |  |  |  runtime filters: RF043[min_max] <- tpcds_partitioned_parquet_snap.household_demographics.hd_demo_sk
|  |  |  |  mem-estimate=1.94MB mem-reservation=1.94MB spill-buffer=64.00KB thread-reservation=0
|  |  |  |  tuple-ids=4,6,8 row-size=36B cardinality=29.28M cost=12824879
|  |  |  |  in pipelines: 02(GETNEXT), 03(OPEN)
|  |  |  |
|  |  |  |--05:HASH JOIN [INNER JOIN]
|  |  |  |  |  hash predicates: tpcds_partitioned_parquet_snap.household_demographics.hd_income_band_sk = tpcds_partitioned_parquet_snap.income_band.ib_income_band_sk
|  |  |  |  |  fk/pk conjuncts: tpcds_partitioned_parquet_snap.household_demographics.hd_income_band_sk = tpcds_partitioned_parquet_snap.income_band.ib_income_band_sk
|  |  |  |  |  runtime filters: RF045[min_max] <- tpcds_partitioned_parquet_snap.income_band.ib_income_band_sk
|  |  |  |  |  mem-estimate=1.94MB mem-reservation=1.94MB spill-buffer=64.00KB thread-reservation=0
|  |  |  |  |  tuple-ids=6,8 row-size=12B cardinality=7.20K cost=3171
|  |  |  |  |  in pipelines: 03(GETNEXT), 04(OPEN)
|  |  |  |  |
|  |  |  |  |--04:SCAN HDFS [tpcds_partitioned_parquet_snap.income_band]
|  |  |  |  |     HDFS partitions=1/1 files=1 size=1.22KB
|  |  |  |  |     stored statistics:
|  |  |  |  |       table: rows=20 size=1.22KB
|  |  |  |  |       columns: all
|  |  |  |  |     extrapolated-rows=disabled max-scan-range-rows=20
|  |  |  |  |     mem-estimate=16.00MB mem-reservation=8.00KB thread-reservation=0
|  |  |  |  |     tuple-ids=8 row-size=4B cardinality=20 cost=1
|  |  |  |  |     in pipelines: 04(GETNEXT)
|  |  |  |  |
|  |  |  |  03:SCAN HDFS [tpcds_partitioned_parquet_snap.household_demographics]
|  |  |  |     HDFS partitions=1/1 files=1 size=41.69KB
|  |  |  |     runtime filters: RF045[min_max] -> tpcds_partitioned_parquet_snap.household_demographics.hd_income_band_sk
|  |  |  |     stored statistics:
|  |  |  |       table: rows=7.20K size=41.69KB
|  |  |  |       columns: all
|  |  |  |     extrapolated-rows=disabled max-scan-range-rows=7.20K
|  |  |  |     mem-estimate=16.00MB mem-reservation=64.00KB thread-reservation=0
|  |  |  |     tuple-ids=6 row-size=8B cardinality=7.20K cost=829
|  |  |  |     in pipelines: 03(GETNEXT)
|  |  |  |
|  |  |  02:SCAN HDFS [tpcds_partitioned_parquet_snap.customer]
|  |  |     HDFS partitions=1/1 files=1 size=1.55GB
|  |  |     runtime filters: RF043[min_max] -> tpcds_partitioned_parquet_snap.customer.c_current_hdemo_sk, RF009[min_max] -> tpcds_partitioned_parquet_snap.customer.c_first_shipto_date_sk, RF011[min_max] -> tpcds_partitioned_parquet_snap.customer.c_first_sales_date_sk, RF017[min_max] -> tpcds_partitioned_parquet_snap.customer.c_current_cdemo_sk
|  |  |     stored statistics:
|  |  |       table: rows=30.00M size=1.55GB
|  |  |       columns: all
|  |  |     extrapolated-rows=disabled max-scan-range-rows=3.10M
|  |  |     mem-estimate=16.00MB mem-reservation=1.00MB thread-reservation=0
|  |  |     tuple-ids=4 row-size=24B cardinality=29.28M(filtered from 30.00M) cost=10368000
|  |  |     in pipelines: 02(GETNEXT)
|  |  |
|  |  07:SCAN HDFS [tpcds_partitioned_parquet_snap.customer_address]
|  |     HDFS partitions=1/1 files=1 size=307.36MB
|  |     runtime filters: RF041[min_max] -> tpcds_partitioned_parquet_snap.customer_address.ca_address_sk
|  |     stored statistics:
|  |       table: rows=15.00M size=307.36MB
|  |       columns: all
|  |     extrapolated-rows=disabled max-scan-range-rows=1.58M
|  |     mem-estimate=16.00MB mem-reservation=128.00KB thread-reservation=0
|  |     tuple-ids=10 row-size=78B cardinality=15.00M cost=6384216
|  |     in pipelines: 07(GETNEXT)
|  |
|  28:HASH JOIN [INNER JOIN]
|  |  hash predicates: tpcds_partitioned_parquet_snap.store_sales.ss_promo_sk = tpcds_partitioned_parquet_snap.promotion.p_promo_sk
|  |  fk/pk conjuncts: tpcds_partitioned_parquet_snap.store_sales.ss_promo_sk = tpcds_partitioned_parquet_snap.promotion.p_promo_sk
|  |  runtime filters: RF021[min_max] <- tpcds_partitioned_parquet_snap.promotion.p_promo_sk
|  |  mem-estimate=1.94MB mem-reservation=1.94MB spill-buffer=64.00KB thread-reservation=0
|  |  tuple-ids=16,18,24,25,27,29,14,12,31 row-size=267B cardinality=16.88M cost=7388213
|  |  in pipelines: 11(GETNEXT), 27(OPEN)
|  |
|  |--27:SCAN HDFS [tpcds_partitioned_parquet_snap.promotion]
|  |     HDFS partitions=1/1 files=1 size=100.50KB
|  |     stored statistics:
|  |       table: rows=1.80K size=100.50KB
|  |       columns: all
|  |     extrapolated-rows=disabled max-scan-range-rows=1.80K
|  |     mem-estimate=16.00MB mem-reservation=32.00KB thread-reservation=0
|  |     tuple-ids=31 row-size=4B cardinality=1.80K cost=103
|  |     in pipelines: 27(GETNEXT)
|  |
|  26:HASH JOIN [INNER JOIN]
|  |  hash predicates: tpcds_partitioned_parquet_snap.store_sales.ss_addr_sk = tpcds_partitioned_parquet_snap.customer_address_0.ca_address_sk
|  |  fk/pk conjuncts: none
|  |  runtime filters: RF023[min_max] <- tpcds_partitioned_parquet_snap.customer_address_0.ca_address_sk
|  |  mem-estimate=1.46GB mem-reservation=34.00MB spill-buffer=2.00MB thread-reservation=0
|  |  tuple-ids=16,18,24,25,27,29,14,12 row-size=263B cardinality=16.88M cost=22386413
|  |  in pipelines: 11(GETNEXT), 09(OPEN)
|  |
|  |--09:SCAN HDFS [tpcds_partitioned_parquet_snap.customer_address]
|  |     HDFS partitions=1/1 files=1 size=307.36MB
|  |     stored statistics:
|  |       table: rows=15.00M size=307.36MB
|  |       columns: all
|  |     extrapolated-rows=disabled max-scan-range-rows=1.58M
|  |     mem-estimate=16.00MB mem-reservation=128.00KB thread-reservation=0
|  |     tuple-ids=12 row-size=78B cardinality=15.00M cost=6384216
|  |     in pipelines: 09(GETNEXT)
|  |
|  25:HASH JOIN [INNER JOIN]
|  |  hash predicates: tpcds_partitioned_parquet_snap.store_sales.ss_cdemo_sk = tpcds_partitioned_parquet_snap.customer_demographics_0.cd_demo_sk
|  |  fk/pk conjuncts: none
|  |  runtime filters: RF025[min_max] <- tpcds_partitioned_parquet_snap.customer_demographics_0.cd_demo_sk
|  |  mem-estimate=79.14MB mem-reservation=34.00MB spill-buffer=2.00MB thread-reservation=0
|  |  tuple-ids=16,18,24,25,27,29,14 row-size=185B cardinality=16.88M cost=9307213
|  |  in pipelines: 11(GETNEXT), 10(OPEN)
|  |
|  |--10:SCAN HDFS [tpcds_partitioned_parquet_snap.customer_demographics]
|  |     HDFS partitions=1/1 files=1 size=11.15MB
|  |     stored statistics:
|  |       table: rows=1.92M size=11.15MB
|  |       columns: all
|  |     extrapolated-rows=disabled max-scan-range-rows=197.97K
|  |     mem-estimate=16.00MB mem-reservation=1.00MB thread-reservation=0
|  |     tuple-ids=14 row-size=17B cardinality=1.92M cost=138297
|  |     in pipelines: 10(GETNEXT)
|  |
|  24:HASH JOIN [INNER JOIN]
|  |  hash predicates: tpcds_partitioned_parquet_snap.store_sales.ss_hdemo_sk = tpcds_partitioned_parquet_snap.household_demographics_0.hd_demo_sk
|  |  fk/pk conjuncts: tpcds_partitioned_parquet_snap.store_sales.ss_hdemo_sk = tpcds_partitioned_parquet_snap.household_demographics_0.hd_demo_sk
|  |  runtime filters: RF027[min_max] <- tpcds_partitioned_parquet_snap.household_demographics_0.hd_demo_sk
|  |  mem-estimate=1.94MB mem-reservation=1.94MB spill-buffer=64.00KB thread-reservation=0
|  |  tuple-ids=16,18,24,25,27,29 row-size=168B cardinality=16.88M cost=7499423
|  |  in pipelines: 11(GETNEXT), 21(OPEN)
|  |
|  |--23:HASH JOIN [INNER JOIN]
|  |  |  hash predicates: tpcds_partitioned_parquet_snap.household_demographics_0.hd_income_band_sk = tpcds_partitioned_parquet_snap.income_band_0.ib_income_band_sk
|  |  |  fk/pk conjuncts: tpcds_partitioned_parquet_snap.household_demographics_0.hd_income_band_sk = tpcds_partitioned_parquet_snap.income_band_0.ib_income_band_sk
|  |  |  runtime filters: RF039[min_max] <- tpcds_partitioned_parquet_snap.income_band_0.ib_income_band_sk
|  |  |  mem-estimate=1.94MB mem-reservation=1.94MB spill-buffer=64.00KB thread-reservation=0
|  |  |  tuple-ids=27,29 row-size=12B cardinality=7.20K cost=3171
|  |  |  in pipelines: 21(GETNEXT), 22(OPEN)
|  |  |
|  |  |--22:SCAN HDFS [tpcds_partitioned_parquet_snap.income_band]
|  |  |     HDFS partitions=1/1 files=1 size=1.22KB
|  |  |     stored statistics:
|  |  |       table: rows=20 size=1.22KB
|  |  |       columns: all
|  |  |     extrapolated-rows=disabled max-scan-range-rows=20
|  |  |     mem-estimate=16.00MB mem-reservation=8.00KB thread-reservation=0
|  |  |     tuple-ids=29 row-size=4B cardinality=20 cost=1
|  |  |     in pipelines: 22(GETNEXT)
|  |  |
|  |  21:SCAN HDFS [tpcds_partitioned_parquet_snap.household_demographics]
|  |     HDFS partitions=1/1 files=1 size=41.69KB
|  |     runtime filters: RF039[min_max] -> tpcds_partitioned_parquet_snap.household_demographics_0.hd_income_band_sk
|  |     stored statistics:
|  |       table: rows=7.20K size=41.69KB
|  |       columns: all
|  |     extrapolated-rows=disabled max-scan-range-rows=7.20K
|  |     mem-estimate=16.00MB mem-reservation=64.00KB thread-reservation=0
|  |     tuple-ids=27 row-size=8B cardinality=7.20K cost=829
|  |     in pipelines: 21(GETNEXT)
|  |
|  20:HASH JOIN [INNER JOIN]
|  |  hash predicates: tpcds_partitioned_parquet_snap.store_sales.ss_item_sk = tpcds_partitioned_parquet_snap.item.i_item_sk
|  |  fk/pk conjuncts: tpcds_partitioned_parquet_snap.store_sales.ss_item_sk = tpcds_partitioned_parquet_snap.item.i_item_sk
|  |  runtime filters: RF028[bloom] <- tpcds_partitioned_parquet_snap.item.i_item_sk, RF029[min_max] <- tpcds_partitioned_parquet_snap.item.i_item_sk
|  |  mem-estimate=1.94MB mem-reservation=1.94MB spill-buffer=64.00KB thread-reservation=0
|  |  tuple-ids=16,18,24,25 row-size=156B cardinality=17.29M cost=224754158
|  |  in pipelines: 11(GETNEXT), 19(OPEN)
|  |
|  |--19:SCAN HDFS [tpcds_partitioned_parquet_snap.item]
|  |     HDFS partitions=1/1 files=1 size=33.54MB
|  |     predicates: is_not_null_pred(tpcds_partitioned_parquet_snap.item.i_item_sk), tpcds_partitioned_parquet_snap.item.i_color = 'almond' OR tpcds_partitioned_parquet_snap.item.i_color = 'chocolate' OR tpcds_partitioned_parquet_snap.item.i_color = 'drab' OR tpcds_partitioned_parquet_snap.item.i_color = 'misty' OR tpcds_partitioned_parquet_snap.item.i_color = 'peach' OR tpcds_partitioned_parquet_snap.item.i_color = 'saddle', tpcds_partitioned_parquet_snap.item.i_current_price <= CAST(add(CAST(75 AS SMALLINT), CAST(10 AS SMALLINT)) AS DECIMAL(5,0)), tpcds_partitioned_parquet_snap.item.i_current_price <= CAST(add(CAST(75 AS SMALLINT), CAST(15 AS SMALLINT)) AS DECIMAL(5,0)), tpcds_partitioned_parquet_snap.item.i_current_price >= CAST(75 AS DECIMAL(3,0)), tpcds_partitioned_parquet_snap.item.i_current_price >= CAST(add(CAST(75 AS SMALLINT), CAST(1 AS SMALLINT)) AS DECIMAL(5,0))
|  |     runtime filters: RF003[min_max] -> tpcds_partitioned_parquet_snap.item.i_item_sk
|  |     stored statistics:
|  |       table: rows=360.00K size=33.54MB
|  |       columns: all
|  |     extrapolated-rows=disabled max-scan-range-rows=101.54K
|  |     parquet statistics predicates: tpcds_partitioned_parquet_snap.item.i_current_price <= CAST(add(CAST(75 AS SMALLINT), CAST(10 AS SMALLINT)) AS DECIMAL(5,0)), tpcds_partitioned_parquet_snap.item.i_current_price <= CAST(add(CAST(75 AS SMALLINT), CAST(15 AS SMALLINT)) AS DECIMAL(5,0)), tpcds_partitioned_parquet_snap.item.i_current_price >= CAST(75 AS DECIMAL(3,0)), tpcds_partitioned_parquet_snap.item.i_current_price >= CAST(add(CAST(75 AS SMALLINT), CAST(1 AS SMALLINT)) AS DECIMAL(5,0))
|  |     parquet dictionary predicates: is_not_null_pred(tpcds_partitioned_parquet_snap.item.i_item_sk), tpcds_partitioned_parquet_snap.item.i_color = 'almond' OR tpcds_partitioned_parquet_snap.item.i_color = 'chocolate' OR tpcds_partitioned_parquet_snap.item.i_color = 'drab' OR tpcds_partitioned_parquet_snap.item.i_color = 'misty' OR tpcds_partitioned_parquet_snap.item.i_color = 'peach' OR tpcds_partitioned_parquet_snap.item.i_color = 'saddle', tpcds_partitioned_parquet_snap.item.i_current_price <= CAST(add(CAST(75 AS SMALLINT), CAST(10 AS SMALLINT)) AS DECIMAL(5,0)), tpcds_partitioned_parquet_snap.item.i_current_price <= CAST(add(CAST(75 AS SMALLINT), CAST(15 AS SMALLINT)) AS DECIMAL(5,0)), tpcds_partitioned_parquet_snap.item.i_current_price >= CAST(75 AS DECIMAL(3,0)), tpcds_partitioned_parquet_snap.item.i_current_price >= CAST(add(CAST(75 AS SMALLINT), CAST(1 AS SMALLINT)) AS DECIMAL(5,0))
|  |     mem-estimate=16.00MB mem-reservation=512.00KB thread-reservation=0
|  |     tuple-ids=25 row-size=60B cardinality=7.21K cost=248525
|  |     in pipelines: 19(GETNEXT)
|  |
|  18:HASH JOIN [INNER JOIN]
|  |  hash predicates: tpcds_partitioned_parquet_snap.store_sales.ss_item_sk = tpcds_partitioned_parquet_snap.catalog_sales.cs_item_sk
|  |  fk/pk conjuncts: none
|  |  runtime filters: RF031[min_max] <- tpcds_partitioned_parquet_snap.catalog_sales.cs_item_sk
|  |  mem-estimate=2.88MB mem-reservation=2.88MB spill-buffer=128.00KB thread-reservation=0
|  |  tuple-ids=16,18,24 row-size=96B cardinality=863.99M cost=201910820
|  |  in pipelines: 11(GETNEXT), 17(OPEN)
|  |
|  |--17:AGGREGATE [FINALIZE]
|  |  |  output: sum(tpcds_partitioned_parquet_snap.catalog_sales.cs_ext_list_price), sum(add(add(tpcds_partitioned_parquet_snap.catalog_returns.cr_refunded_cash, tpcds_partitioned_parquet_snap.catalog_returns.cr_reversed_charge), tpcds_partitioned_parquet_snap.catalog_returns.cr_store_credit))
|  |  |  group by: tpcds_partitioned_parquet_snap.catalog_sales.cs_item_sk
|  |  |  having: sum(tpcds_partitioned_parquet_snap.catalog_sales.cs_ext_list_price) > multiply(CAST(2 AS DECIMAL(3,0)), sum(add(add(tpcds_partitioned_parquet_snap.catalog_returns.cr_refunded_cash, tpcds_partitioned_parquet_snap.catalog_returns.cr_reversed_charge), tpcds_partitioned_parquet_snap.catalog_returns.cr_store_credit)))
|  |  |  mem-estimate=34.00MB mem-reservation=34.00MB spill-buffer=2.00MB thread-reservation=0
|  |  |  tuple-ids=24 row-size=36B cardinality=36.02K cost=928618209
|  |  |  in pipelines: 17(GETNEXT), 14(OPEN)
|  |  |
|  |  16:HASH JOIN [INNER JOIN]
|  |  |  hash predicates: tpcds_partitioned_parquet_snap.catalog_sales.cs_item_sk = tpcds_partitioned_parquet_snap.catalog_returns.cr_item_sk, tpcds_partitioned_parquet_snap.catalog_sales.cs_order_number = tpcds_partitioned_parquet_snap.catalog_returns.cr_order_number
|  |  |  fk/pk conjuncts: tpcds_partitioned_parquet_snap.catalog_sales.cs_item_sk = tpcds_partitioned_parquet_snap.catalog_returns.cr_item_sk, tpcds_partitioned_parquet_snap.catalog_sales.cs_order_number = tpcds_partitioned_parquet_snap.catalog_returns.cr_order_number
|  |  |  runtime filters: RF034[bloom] <- tpcds_partitioned_parquet_snap.catalog_returns.cr_item_sk, RF035[bloom] <- tpcds_partitioned_parquet_snap.catalog_returns.cr_order_number, RF036[min_max] <- tpcds_partitioned_parquet_snap.catalog_returns.cr_item_sk, RF037[min_max] <- tpcds_partitioned_parquet_snap.catalog_returns.cr_order_number
|  |  |  mem-estimate=21.66GB mem-reservation=34.00MB spill-buffer=2.00MB thread-reservation=0
|  |  |  tuple-ids=20,22 row-size=40B cardinality=2.56G cost=1922201419
|  |  |  in pipelines: 14(GETNEXT), 15(OPEN)
|  |  |
|  |  |--15:SCAN HDFS [tpcds_partitioned_parquet_snap.catalog_returns]
|  |  |     HDFS partitions=2060/2060 files=2060 size=32.77GB
|  |  |     runtime filters: RF029[min_max] -> tpcds_partitioned_parquet_snap.catalog_returns.cr_item_sk, RF003[min_max] -> tpcds_partitioned_parquet_snap.catalog_returns.cr_item_sk, RF028[bloom] -> tpcds_partitioned_parquet_snap.catalog_returns.cr_item_sk
|  |  |     stored statistics:
|  |  |       table: rows=432.02M size=32.77GB
|  |  |       partitions: 2060/2060 rows=432.02M
|  |  |       columns: all
|  |  |     extrapolated-rows=disabled max-scan-range-rows=416.82K
|  |  |     mem-estimate=16.00MB mem-reservation=40.00KB thread-reservation=0
|  |  |     tuple-ids=22 row-size=24B cardinality=432.02M cost=149305072
|  |  |     in pipelines: 15(GETNEXT)
|  |  |
|  |  14:SCAN HDFS [tpcds_partitioned_parquet_snap.catalog_sales]
|  |     HDFS partitions=1831/1831 files=1831 size=280.96GB
|  |     runtime filters: RF029[min_max] -> tpcds_partitioned_parquet_snap.catalog_sales.cs_item_sk, RF036[min_max] -> tpcds_partitioned_parquet_snap.catalog_sales.cs_item_sk, RF037[min_max] -> tpcds_partitioned_parquet_snap.catalog_sales.cs_order_number, RF003[min_max] -> tpcds_partitioned_parquet_snap.catalog_sales.cs_item_sk, RF028[bloom] -> tpcds_partitioned_parquet_snap.catalog_sales.cs_item_sk, RF034[bloom] -> tpcds_partitioned_parquet_snap.catalog_sales.cs_item_sk, RF035[bloom] -> tpcds_partitioned_parquet_snap.catalog_sales.cs_order_number
|  |     stored statistics:
|  |       table: rows=4.32G size=280.96GB
|  |       partitions: 1831/1831 rows=4.32G
|  |       columns: all
|  |     extrapolated-rows=disabled max-scan-range-rows=21.52M
|  |     mem-estimate=16.00MB mem-reservation=1.00MB thread-reservation=0
|  |     tuple-ids=20 row-size=16B cardinality=4.00G(filtered from 4.32G) cost=995345966
|  |     in pipelines: 14(GETNEXT)
|  |
|  13:HASH JOIN [INNER JOIN]
|  |  hash predicates: tpcds_partitioned_parquet_snap.store_sales.ss_sold_date_sk = tpcds_partitioned_parquet_snap.date_dim.d_date_sk
|  |  fk/pk conjuncts: tpcds_partitioned_parquet_snap.store_sales.ss_sold_date_sk = tpcds_partitioned_parquet_snap.date_dim.d_date_sk
|  |  runtime filters: RF032[bloom] <- tpcds_partitioned_parquet_snap.date_dim.d_date_sk
|  |  mem-estimate=1.94MB mem-reservation=1.94MB spill-buffer=64.00KB thread-reservation=0
|  |  tuple-ids=16,18 row-size=60B cardinality=176.68M cost=77334472
|  |  in pipelines: 11(GETNEXT), 12(OPEN)
|  |
|  |--12:SCAN HDFS [tpcds_partitioned_parquet_snap.date_dim]
|  |     HDFS partitions=1/1 files=1 size=2.17MB
|  |     predicates: tpcds_partitioned_parquet_snap.date_dim.d_year = CAST(2000 AS INT)
|  |     stored statistics:
|  |       table: rows=73.05K size=2.17MB
|  |       columns: all
|  |     extrapolated-rows=disabled max-scan-range-rows=73.05K
|  |     parquet statistics predicates: tpcds_partitioned_parquet_snap.date_dim.d_year = CAST(2000 AS INT)
|  |     parquet dictionary predicates: tpcds_partitioned_parquet_snap.date_dim.d_year = CAST(2000 AS INT)
|  |     mem-estimate=16.00MB mem-reservation=512.00KB thread-reservation=0
|  |     tuple-ids=18 row-size=8B cardinality=373 cost=10467
|  |     in pipelines: 12(GETNEXT)
|  |
|  11:SCAN HDFS [tpcds_partitioned_parquet_snap.store_sales]
|     HDFS partitions=1824/1824 files=1824 size=389.90GB
|     predicates: is_not_null_pred(tpcds_partitioned_parquet_snap.store_sales.ss_item_sk)
|     runtime filters: RF029[min_max] -> tpcds_partitioned_parquet_snap.store_sales.ss_item_sk, RF027[min_max] -> tpcds_partitioned_parquet_snap.store_sales.ss_hdemo_sk, RF003[min_max] -> tpcds_partitioned_parquet_snap.store_sales.ss_item_sk, RF007[min_max] -> tpcds_partitioned_parquet_snap.store_sales.ss_store_sk, RF019[min_max] -> tpcds_partitioned_parquet_snap.store_sales.ss_customer_sk, RF021[min_max] -> tpcds_partitioned_parquet_snap.store_sales.ss_promo_sk, RF023[min_max] -> tpcds_partitioned_parquet_snap.store_sales.ss_addr_sk, RF025[min_max] -> tpcds_partitioned_parquet_snap.store_sales.ss_cdemo_sk, RF031[min_max] -> tpcds_partitioned_parquet_snap.store_sales.ss_item_sk, RF028[bloom] -> tpcds_partitioned_parquet_snap.store_sales.ss_item_sk, RF032[bloom] -> tpcds_partitioned_parquet_snap.store_sales.ss_sold_date_sk
|     stored statistics:
|       table: rows=8.64G size=389.90GB
|       partitions: 1824/1824 rows=8.64G
|       columns: all
|     extrapolated-rows=disabled max-scan-range-rows=390.22M est-scan-range=374(filtered from 1824)
|     parquet dictionary predicates: is_not_null_pred(tpcds_partitioned_parquet_snap.store_sales.ss_item_sk)
|     mem-estimate=16.00MB mem-reservation=8.00MB thread-reservation=0
|     tuple-ids=16 row-size=52B cardinality=176.68M(filtered from 863.99M) cost=1372649335
|     in pipelines: 11(GETNEXT)
|
00:SCAN HDFS [tpcds_partitioned_parquet_snap.store_returns]
   HDFS partitions=2004/2004 files=2004 size=48.14GB
   runtime filters: RF014[min_max] -> tpcds_partitioned_parquet_snap.store_returns.sr_item_sk, RF015[min_max] -> tpcds_partitioned_parquet_snap.store_returns.sr_ticket_number, RF003[min_max] -> tpcds_partitioned_parquet_snap.store_returns.sr_item_sk, RF012[bloom] -> tpcds_partitioned_parquet_snap.store_returns.sr_item_sk, RF013[bloom] -> tpcds_partitioned_parquet_snap.store_returns.sr_ticket_number
   stored statistics:
     table: rows=863.99M size=48.14GB
     partitions: 2004/2004 rows=863.99M
     columns: all
   extrapolated-rows=disabled max-scan-range-rows=30.09M
   mem-estimate=16.00MB mem-reservation=512.00KB thread-reservation=0
   tuple-ids=0 row-size=12B cardinality=30.00M(filtered from 863.99M) cost=149297235
   in pipelines: 00(GETNEXT)
---- DISTRIBUTEDPLAN
Max Per-Host Resource Reservation: Memory=4.17GB Threads=265
Per-Host Resource Estimates: Memory=15.92GB
F53:PLAN FRAGMENT [UNPARTITIONED] hosts=1 instances=1
|  Per-Instance Resources: mem-estimate=155.84MB mem-reservation=4.00MB thread-reservation=1
|  max-parallelism=1 segment-costs=[36968490] cpu-comparison-result=980 [max(1 (self) vs 980 (sum children))]
PLAN-ROOT SINK
|  output exprs: tpcds_partitioned_parquet_snap.item.i_product_name, tpcds_partitioned_parquet_snap.store.s_store_name, tpcds_partitioned_parquet_snap.store.s_zip, tpcds_partitioned_parquet_snap.customer_address_0.ca_street_number, tpcds_partitioned_parquet_snap.customer_address_0.ca_street_name, tpcds_partitioned_parquet_snap.customer_address_0.ca_city, tpcds_partitioned_parquet_snap.customer_address_0.ca_zip, tpcds_partitioned_parquet_snap.customer_address.ca_street_number, tpcds_partitioned_parquet_snap.customer_address.ca_street_name, tpcds_partitioned_parquet_snap.customer_address.ca_city, tpcds_partitioned_parquet_snap.customer_address.ca_zip, CAST(2000 AS INT), count(), sum(tpcds_partitioned_parquet_snap.store_sales.ss_wholesale_cost), sum(tpcds_partitioned_parquet_snap.store_sales.ss_list_price), sum(tpcds_partitioned_parquet_snap.store_sales.ss_coupon_amt), sum(tpcds_partitioned_parquet_snap.store_sales_0.ss_wholesale_cost), sum(tpcds_partitioned_parquet_snap.store_sales_0.ss_list_price), sum(tpcds_partitioned_parquet_snap.store_sales_0.ss_coupon_amt), add(CAST(2000 AS INT), CAST(1 AS INT)), count()
|  mem-estimate=100.00MB mem-reservation=4.00MB spill-buffer=2.00MB thread-reservation=0 cost=35438384
|
136:MERGING-EXCHANGE [UNPARTITIONED]
|  order by: tpcds_partitioned_parquet_snap.item.i_product_name ASC NULLS LAST, tpcds_partitioned_parquet_snap.store.s_store_name ASC NULLS LAST, count() ASC NULLS LAST, sum(tpcds_partitioned_parquet_snap.store_sales.ss_wholesale_cost) ASC NULLS LAST, sum(tpcds_partitioned_parquet_snap.store_sales_0.ss_wholesale_cost) ASC NULLS LAST
|  mem-estimate=55.84MB mem-reservation=0B thread-reservation=0
|  tuple-ids=80 row-size=327B cardinality=1.69M cost=1530106
|  in pipelines: 79(GETNEXT)
|
F52:PLAN FRAGMENT [HASH(tpcds_partitioned_parquet_snap.item.i_item_sk,tpcds_partitioned_parquet_snap.store.s_store_name,tpcds_partitioned_parquet_snap.store.s_zip)] hosts=10 instances=10 (adjusted from 120)
Per-Instance Resources: mem-estimate=65.41MB mem-reservation=12.00MB thread-reservation=1
max-parallelism=10 segment-costs=[27806576, 14983977] cpu-comparison-result=980 [max(10 (self) vs 980 (sum children))]
79:SORT
|  order by: tpcds_partitioned_parquet_snap.item.i_product_name ASC NULLS LAST, tpcds_partitioned_parquet_snap.store.s_store_name ASC NULLS LAST, count() ASC NULLS LAST, sum(tpcds_partitioned_parquet_snap.store_sales.ss_wholesale_cost) ASC NULLS LAST, sum(tpcds_partitioned_parquet_snap.store_sales_0.ss_wholesale_cost) ASC NULLS LAST
|  mem-estimate=52.61MB mem-reservation=12.00MB spill-buffer=2.00MB thread-reservation=0
|  tuple-ids=80 row-size=327B cardinality=1.69M cost=24684360
|  in pipelines: 79(GETNEXT), 106(OPEN)
|
78:HASH JOIN [INNER JOIN, PARTITIONED]
|  hash-table-id=00
|  hash predicates: tpcds_partitioned_parquet_snap.item.i_item_sk = tpcds_partitioned_parquet_snap.item_0.i_item_sk, tpcds_partitioned_parquet_snap.store.s_store_name = tpcds_partitioned_parquet_snap.store_0.s_store_name, tpcds_partitioned_parquet_snap.store.s_zip = tpcds_partitioned_parquet_snap.store_0.s_zip
|  fk/pk conjuncts: tpcds_partitioned_parquet_snap.item.i_item_sk = tpcds_partitioned_parquet_snap.item_0.i_item_sk, tpcds_partitioned_parquet_snap.store.s_store_name = tpcds_partitioned_parquet_snap.store_0.s_store_name, tpcds_partitioned_parquet_snap.store.s_zip = tpcds_partitioned_parquet_snap.store_0.s_zip
|  other join predicates: count() <= count()
|  mem-estimate=0B mem-reservation=0B spill-buffer=2.00MB thread-reservation=0
|  tuple-ids=39,79 row-size=566B cardinality=1.69M cost=738637
|  in pipelines: 106(GETNEXT), 133(OPEN)
|
|--F54:PLAN FRAGMENT [HASH(tpcds_partitioned_parquet_snap.item.i_item_sk,tpcds_partitioned_parquet_snap.store.s_store_name,tpcds_partitioned_parquet_snap.store.s_zip)] hosts=10 instances=10 (adjusted from 120)
|  |  Per-Instance Resources: mem-estimate=63.13MB mem-reservation=34.00MB thread-reservation=1
|  |  max-parallelism=10 segment-costs=[4071121] cpu-comparison-result=490 [max(10 (self) vs 490 (sum children))]
|  JOIN BUILD
|  |  join-table-id=00 plan-id=01 cohort-id=01
|  |  build expressions: tpcds_partitioned_parquet_snap.item_0.i_item_sk, tpcds_partitioned_parquet_snap.store_0.s_store_name, tpcds_partitioned_parquet_snap.store_0.s_zip
|  |  runtime filters: RF003[min_max] <- tpcds_partitioned_parquet_snap.item_0.i_item_sk, RF004[min_max] <- tpcds_partitioned_parquet_snap.store_0.s_store_name, RF005[min_max] <- tpcds_partitioned_parquet_snap.store_0.s_zip
|  |  mem-estimate=50.33MB mem-reservation=34.00MB spill-buffer=2.00MB thread-reservation=0 cost=1687542
|  |
|  135:EXCHANGE [HASH(tpcds_partitioned_parquet_snap.item_0.i_item_sk,tpcds_partitioned_parquet_snap.store_0.s_store_name,tpcds_partitioned_parquet_snap.store_0.s_zip)]
|  |  mem-estimate=12.80MB mem-reservation=0B thread-reservation=0
|  |  tuple-ids=79 row-size=283B cardinality=1.69M cost=2383579
|  |  in pipelines: 133(GETNEXT)
|  |
|  F51:PLAN FRAGMENT [HASH(tpcds_partitioned_parquet_snap.item_0.i_product_name,tpcds_partitioned_parquet_snap.item_0.i_item_sk,tpcds_partitioned_parquet_snap.store_0.s_store_name,tpcds_partitioned_parquet_snap.store_0.s_zip,tpcds_partitioned_parquet_snap.customer_address_2.ca_street_number,tpcds_partitioned_parquet_snap.customer_address_2.ca_street_name,tpcds_partitioned_parquet_snap.customer_address_2.ca_city,tpcds_partitioned_parquet_snap.customer_address_2.ca_zip,tpcds_partitioned_parquet_snap.customer_address_1.ca_street_number,tpcds_partitioned_parquet_snap.customer_address_1.ca_street_name,tpcds_partitioned_parquet_snap.customer_address_1.ca_city,tpcds_partitioned_parquet_snap.customer_address_1.ca_zip,tpcds_partitioned_parquet_snap.date_dim_3.d_year,tpcds_partitioned_parquet_snap.date_dim_4.d_year)] hosts=10 instances=10 (adjusted from 120)
|  Per-Instance Resources: mem-estimate=68.67MB mem-reservation=34.00MB thread-reservation=1
|  max-parallelism=10 segment-costs=[12698848, 31614731] cpu-comparison-result=490 [max(10 (self) vs 490 (sum children))]
|  133:AGGREGATE [FINALIZE]
|  |  output: count:merge(), sum:merge(tpcds_partitioned_parquet_snap.store_sales_0.ss_wholesale_cost), sum:merge(tpcds_partitioned_parquet_snap.store_sales_0.ss_list_price), sum:merge(tpcds_partitioned_parquet_snap.store_sales_0.ss_coupon_amt)
|  |  group by: tpcds_partitioned_parquet_snap.item_0.i_product_name, tpcds_partitioned_parquet_snap.item_0.i_item_sk, tpcds_partitioned_parquet_snap.store_0.s_store_name, tpcds_partitioned_parquet_snap.store_0.s_zip, tpcds_partitioned_parquet_snap.customer_address_2.ca_street_number, tpcds_partitioned_parquet_snap.customer_address_2.ca_street_name, tpcds_partitioned_parquet_snap.customer_address_2.ca_city, tpcds_partitioned_parquet_snap.customer_address_2.ca_zip, tpcds_partitioned_parquet_snap.customer_address_1.ca_street_number, tpcds_partitioned_parquet_snap.customer_address_1.ca_street_name, tpcds_partitioned_parquet_snap.customer_address_1.ca_city, tpcds_partitioned_parquet_snap.customer_address_1.ca_zip, tpcds_partitioned_parquet_snap.date_dim_3.d_year, tpcds_partitioned_parquet_snap.date_dim_4.d_year
|  |  mem-estimate=47.46MB mem-reservation=34.00MB spill-buffer=2.00MB thread-reservation=0
|  |  tuple-ids=79 row-size=283B cardinality=1.69M cost=10315269
|  |  in pipelines: 133(GETNEXT), 39(OPEN)
|  |
|  132:EXCHANGE [HASH(tpcds_partitioned_parquet_snap.item_0.i_product_name,tpcds_partitioned_parquet_snap.item_0.i_item_sk,tpcds_partitioned_parquet_snap.store_0.s_store_name,tpcds_partitioned_parquet_snap.store_0.s_zip,tpcds_partitioned_parquet_snap.customer_address_2.ca_street_number,tpcds_partitioned_parquet_snap.customer_address_2.ca_street_name,tpcds_partitioned_parquet_snap.customer_address_2.ca_city,tpcds_partitioned_parquet_snap.customer_address_2.ca_zip,tpcds_partitioned_parquet_snap.customer_address_1.ca_street_number,tpcds_partitioned_parquet_snap.customer_address_1.ca_street_name,tpcds_partitioned_parquet_snap.customer_address_1.ca_city,tpcds_partitioned_parquet_snap.customer_address_1.ca_zip,tpcds_partitioned_parquet_snap.date_dim_3.d_year,tpcds_partitioned_parquet_snap.date_dim_4.d_year)]
|  |  mem-estimate=21.21MB mem-reservation=0B thread-reservation=0
|  |  tuple-ids=79 row-size=283B cardinality=1.69M cost=2383579
|  |  in pipelines: 39(GETNEXT)
|  |
|  F47:PLAN FRAGMENT [HASH(tpcds_partitioned_parquet_snap.store_returns_0.sr_item_sk,tpcds_partitioned_parquet_snap.store_returns_0.sr_ticket_number)] hosts=10 instances=40 (adjusted from 120)
|  Per-Instance Resources: mem-estimate=40.08MB mem-reservation=17.00MB thread-reservation=1
|  max-parallelism=40 segment-costs=[378131355, 31614731] cpu-comparison-result=490 [max(160 (self) vs 490 (sum children))]
|  77:AGGREGATE [STREAMING]
|  |  output: count(), sum(tpcds_partitioned_parquet_snap.store_sales_0.ss_wholesale_cost), sum(tpcds_partitioned_parquet_snap.store_sales_0.ss_list_price), sum(tpcds_partitioned_parquet_snap.store_sales_0.ss_coupon_amt)
|  |  group by: tpcds_partitioned_parquet_snap.item_0.i_product_name, tpcds_partitioned_parquet_snap.item_0.i_item_sk, tpcds_partitioned_parquet_snap.store_0.s_store_name, tpcds_partitioned_parquet_snap.store_0.s_zip, tpcds_partitioned_parquet_snap.customer_address_2.ca_street_number, tpcds_partitioned_parquet_snap.customer_address_2.ca_street_name, tpcds_partitioned_parquet_snap.customer_address_2.ca_city, tpcds_partitioned_parquet_snap.customer_address_2.ca_zip, tpcds_partitioned_parquet_snap.customer_address_1.ca_street_number, tpcds_partitioned_parquet_snap.customer_address_1.ca_street_name, tpcds_partitioned_parquet_snap.customer_address_1.ca_city, tpcds_partitioned_parquet_snap.customer_address_1.ca_zip, tpcds_partitioned_parquet_snap.date_dim_3.d_year, tpcds_partitioned_parquet_snap.date_dim_4.d_year
|  |  mem-estimate=17.00MB mem-reservation=17.00MB spill-buffer=1.00MB thread-reservation=0
|  |  tuple-ids=79 row-size=283B cardinality=1.69M cost=10315269
|  |  in pipelines: 39(GETNEXT)
|  |
|  76:HASH JOIN [INNER JOIN, BROADCAST]
|  |  hash-table-id=01
|  |  hash predicates: tpcds_partitioned_parquet_snap.store_sales_0.ss_store_sk = tpcds_partitioned_parquet_snap.store_0.s_store_sk
|  |  fk/pk conjuncts: tpcds_partitioned_parquet_snap.store_sales_0.ss_store_sk = tpcds_partitioned_parquet_snap.store_0.s_store_sk
|  |  mem-estimate=0B mem-reservation=0B spill-buffer=64.00KB thread-reservation=0
|  |  tuple-ids=40,56,58,64,65,67,69,54,52,71,50,44,46,48,42,73,75,77 row-size=462B cardinality=1.69M cost=738637
|  |  in pipelines: 39(GETNEXT), 75(OPEN)
|  |
|  |--F55:PLAN FRAGMENT [HASH(tpcds_partitioned_parquet_snap.store_returns_0.sr_item_sk,tpcds_partitioned_parquet_snap.store_returns_0.sr_ticket_number)] hosts=10 instances=10
|  |  |  Per-Instance Resources: mem-estimate=7.84MB mem-reservation=7.75MB thread-reservation=1
|  |  |  max-parallelism=10 segment-costs=[3140]
|  |  JOIN BUILD
|  |  |  join-table-id=01 plan-id=02 cohort-id=02
|  |  |  build expressions: tpcds_partitioned_parquet_snap.store_0.s_store_sk
|  |  |  runtime filters: RF047[min_max] <- tpcds_partitioned_parquet_snap.store_0.s_store_sk
|  |  |  mem-estimate=7.75MB mem-reservation=7.75MB spill-buffer=64.00KB thread-reservation=0 cost=1350
|  |  |
|  |  131:EXCHANGE [BROADCAST]
|  |  |  mem-estimate=89.64KB mem-reservation=0B thread-reservation=0
|  |  |  tuple-ids=77 row-size=37B cardinality=1.35K cost=1790
|  |  |  in pipelines: 75(GETNEXT)
|  |  |
|  |  F50:PLAN FRAGMENT [RANDOM] hosts=1 instances=1
|  |  Per-Instance Resources: mem-estimate=16.16MB mem-reservation=24.00KB thread-reservation=1
|  |  max-parallelism=1 segment-costs=[414]
|  |  75:SCAN HDFS [tpcds_partitioned_parquet_snap.store, RANDOM]
|  |     HDFS partitions=1/1 files=1 size=119.76KB
|  |     stored statistics:
|  |       table: rows=1.35K size=119.76KB
|  |       columns: all
|  |     extrapolated-rows=disabled max-scan-range-rows=1.35K
|  |     mem-estimate=16.00MB mem-reservation=24.00KB thread-reservation=0
|  |     tuple-ids=77 row-size=37B cardinality=1.35K cost=251
|  |     in pipelines: 75(GETNEXT)
|  |
|  74:HASH JOIN [INNER JOIN, BROADCAST]
|  |  hash-table-id=02
|  |  hash predicates: tpcds_partitioned_parquet_snap.customer_0.c_first_shipto_date_sk = tpcds_partitioned_parquet_snap.date_dim_4.d_date_sk
|  |  fk/pk conjuncts: tpcds_partitioned_parquet_snap.customer_0.c_first_shipto_date_sk = tpcds_partitioned_parquet_snap.date_dim_4.d_date_sk
|  |  mem-estimate=0B mem-reservation=0B spill-buffer=256.00KB thread-reservation=0
|  |  tuple-ids=40,56,58,64,65,67,69,54,52,71,50,44,46,48,42,73,75 row-size=425B cardinality=1.69M cost=738637
|  |  in pipelines: 39(GETNEXT), 73(OPEN)
|  |
|  |--F56:PLAN FRAGMENT [HASH(tpcds_partitioned_parquet_snap.store_returns_0.sr_item_sk,tpcds_partitioned_parquet_snap.store_returns_0.sr_ticket_number)] hosts=10 instances=10
|  |  |  Per-Instance Resources: mem-estimate=19.57MB mem-reservation=19.00MB thread-reservation=1
|  |  |  max-parallelism=10 segment-costs=[170129]
|  |  JOIN BUILD
|  |  |  join-table-id=02 plan-id=03 cohort-id=02
|  |  |  build expressions: tpcds_partitioned_parquet_snap.date_dim_4.d_date_sk
|  |  |  runtime filters: RF049[min_max] <- tpcds_partitioned_parquet_snap.date_dim_4.d_date_sk
|  |  |  mem-estimate=19.00MB mem-reservation=19.00MB spill-buffer=256.00KB thread-reservation=0 cost=73049
|  |  |
|  |  130:EXCHANGE [BROADCAST]
|  |  |  mem-estimate=582.70KB mem-reservation=0B thread-reservation=0
|  |  |  tuple-ids=75 row-size=8B cardinality=73.05K cost=97080
|  |  |  in pipelines: 73(GETNEXT)
|  |  |
|  |  F49:PLAN FRAGMENT [RANDOM] hosts=1 instances=1
|  |  Per-Instance Resources: mem-estimate=16.05MB mem-reservation=512.00KB thread-reservation=1
|  |  max-parallelism=1 segment-costs=[11570]
|  |  73:SCAN HDFS [tpcds_partitioned_parquet_snap.date_dim, RANDOM]
|  |     HDFS partitions=1/1 files=1 size=2.17MB
|  |     stored statistics:
|  |       table: rows=73.05K size=2.17MB
|  |       columns: all
|  |     extrapolated-rows=disabled max-scan-range-rows=73.05K
|  |     mem-estimate=16.00MB mem-reservation=512.00KB thread-reservation=0
|  |     tuple-ids=75 row-size=8B cardinality=73.05K cost=8415
|  |     in pipelines: 73(GETNEXT)
|  |
|  72:HASH JOIN [INNER JOIN, BROADCAST]
|  |  hash-table-id=03
|  |  hash predicates: tpcds_partitioned_parquet_snap.customer_0.c_first_sales_date_sk = tpcds_partitioned_parquet_snap.date_dim_3.d_date_sk
|  |  fk/pk conjuncts: tpcds_partitioned_parquet_snap.customer_0.c_first_sales_date_sk = tpcds_partitioned_parquet_snap.date_dim_3.d_date_sk
|  |  mem-estimate=0B mem-reservation=0B spill-buffer=256.00KB thread-reservation=0
|  |  tuple-ids=40,56,58,64,65,67,69,54,52,71,50,44,46,48,42,73 row-size=417B cardinality=1.69M cost=738637
|  |  in pipelines: 39(GETNEXT), 71(OPEN)
|  |
|  |--F57:PLAN FRAGMENT [HASH(tpcds_partitioned_parquet_snap.store_returns_0.sr_item_sk,tpcds_partitioned_parquet_snap.store_returns_0.sr_ticket_number)] hosts=10 instances=10
|  |  |  Per-Instance Resources: mem-estimate=19.57MB mem-reservation=19.00MB thread-reservation=1
|  |  |  max-parallelism=10 segment-costs=[170129]
|  |  JOIN BUILD
|  |  |  join-table-id=03 plan-id=04 cohort-id=02
|  |  |  build expressions: tpcds_partitioned_parquet_snap.date_dim_3.d_date_sk
|  |  |  runtime filters: RF051[min_max] <- tpcds_partitioned_parquet_snap.date_dim_3.d_date_sk
|  |  |  mem-estimate=19.00MB mem-reservation=19.00MB spill-buffer=256.00KB thread-reservation=0 cost=73049
|  |  |
|  |  129:EXCHANGE [BROADCAST]
|  |  |  mem-estimate=582.70KB mem-reservation=0B thread-reservation=0
|  |  |  tuple-ids=73 row-size=8B cardinality=73.05K cost=97080
|  |  |  in pipelines: 71(GETNEXT)
|  |  |
|  |  F48:PLAN FRAGMENT [RANDOM] hosts=1 instances=1
|  |  Per-Instance Resources: mem-estimate=16.05MB mem-reservation=512.00KB thread-reservation=1
|  |  max-parallelism=1 segment-costs=[11570]
|  |  71:SCAN HDFS [tpcds_partitioned_parquet_snap.date_dim, RANDOM]
|  |     HDFS partitions=1/1 files=1 size=2.17MB
|  |     stored statistics:
|  |       table: rows=73.05K size=2.17MB
|  |       columns: all
|  |     extrapolated-rows=disabled max-scan-range-rows=73.05K
|  |     mem-estimate=16.00MB mem-reservation=512.00KB thread-reservation=0
|  |     tuple-ids=73 row-size=8B cardinality=73.05K cost=8415
|  |     in pipelines: 71(GETNEXT)
|  |
|  70:HASH JOIN [INNER JOIN, PARTITIONED]
|  |  hash-table-id=04
|  |  hash predicates: tpcds_partitioned_parquet_snap.store_returns_0.sr_item_sk = tpcds_partitioned_parquet_snap.store_sales_0.ss_item_sk, tpcds_partitioned_parquet_snap.store_returns_0.sr_ticket_number = tpcds_partitioned_parquet_snap.store_sales_0.ss_ticket_number
|  |  fk/pk conjuncts: tpcds_partitioned_parquet_snap.store_returns_0.sr_item_sk = tpcds_partitioned_parquet_snap.store_sales_0.ss_item_sk, tpcds_partitioned_parquet_snap.store_returns_0.sr_ticket_number = tpcds_partitioned_parquet_snap.store_sales_0.ss_ticket_number
|  |  mem-estimate=0B mem-reservation=0B spill-buffer=2.00MB thread-reservation=0
|  |  tuple-ids=40,56,58,64,65,67,69,54,52,71,50,44,46,48,42 row-size=409B cardinality=1.69M cost=221918866
|  |  in pipelines: 39(GETNEXT), 50(OPEN)
|  |
|  |--F58:PLAN FRAGMENT [HASH(tpcds_partitioned_parquet_snap.store_returns_0.sr_item_sk,tpcds_partitioned_parquet_snap.store_returns_0.sr_ticket_number)] hosts=10 instances=40 (adjusted from 120)
|  |  |  Per-Instance Resources: mem-estimate=218.61MB mem-reservation=51.00MB thread-reservation=1 runtime-filters-memory=17.00MB
|  |  |  max-parallelism=40 segment-costs=[57668537] cpu-comparison-result=457 [max(240 (self) vs 457 (sum children))]
|  |  JOIN BUILD
|  |  |  join-table-id=04 plan-id=05 cohort-id=02
|  |  |  build expressions: tpcds_partitioned_parquet_snap.store_sales_0.ss_item_sk, tpcds_partitioned_parquet_snap.store_sales_0.ss_ticket_number
|  |  |  runtime filters: RF052[bloom] <- tpcds_partitioned_parquet_snap.store_sales_0.ss_item_sk, RF053[bloom] <- tpcds_partitioned_parquet_snap.store_sales_0.ss_ticket_number, RF054[min_max] <- tpcds_partitioned_parquet_snap.store_sales_0.ss_item_sk, RF055[min_max] <- tpcds_partitioned_parquet_snap.store_sales_0.ss_ticket_number
|  |  |  mem-estimate=169.47MB mem-reservation=34.00MB spill-buffer=2.00MB thread-reservation=0 cost=16875517
|  |  |
|  |  128:EXCHANGE [HASH(tpcds_partitioned_parquet_snap.store_sales_0.ss_item_sk,tpcds_partitioned_parquet_snap.store_sales_0.ss_ticket_number)]
|  |  |  mem-estimate=32.14MB mem-reservation=0B thread-reservation=0
|  |  |  tuple-ids=56,58,64,65,67,69,54,52,71,50,44,46,48,42 row-size=397B cardinality=16.88M cost=40793020
|  |  |  in pipelines: 50(GETNEXT)
|  |  |
|  |  F45:PLAN FRAGMENT [HASH(tpcds_partitioned_parquet_snap.store_sales_0.ss_customer_sk)] hosts=10 instances=50 (adjusted from 120)
|  |  Per-Instance Resources: mem-estimate=89.71MB mem-reservation=0B thread-reservation=1
|  |  max-parallelism=60 segment-costs=[595874356]
|  |  69:HASH JOIN [INNER JOIN, BROADCAST]
|  |  |  hash-table-id=05
|  |  |  hash predicates: tpcds_partitioned_parquet_snap.customer_0.c_current_cdemo_sk = tpcds_partitioned_parquet_snap.customer_demographics_1.cd_demo_sk
|  |  |  fk/pk conjuncts: none
|  |  |  other join predicates: tpcds_partitioned_parquet_snap.customer_demographics_2.cd_marital_status != tpcds_partitioned_parquet_snap.customer_demographics_1.cd_marital_status
|  |  |  mem-estimate=0B mem-reservation=0B spill-buffer=2.00MB thread-reservation=0
|  |  |  tuple-ids=56,58,64,65,67,69,54,52,71,50,44,46,48,42 row-size=397B cardinality=16.88M cost=7386413
|  |  |  in pipelines: 50(GETNEXT), 40(OPEN)
|  |  |
|  |  |--F59:PLAN FRAGMENT [HASH(tpcds_partitioned_parquet_snap.store_sales_0.ss_customer_sk)] hosts=10 instances=10
|  |  |  |  Per-Instance Resources: mem-estimate=180.21MB mem-reservation=170.00MB thread-reservation=1
|  |  |  |  max-parallelism=10 segment-costs=[4473540]
|  |  |  JOIN BUILD
|  |  |  |  join-table-id=05 plan-id=06 cohort-id=03
|  |  |  |  build expressions: tpcds_partitioned_parquet_snap.customer_demographics_1.cd_demo_sk
|  |  |  |  runtime filters: RF057[min_max] <- tpcds_partitioned_parquet_snap.customer_demographics_1.cd_demo_sk
|  |  |  |  mem-estimate=170.00MB mem-reservation=170.00MB spill-buffer=2.00MB thread-reservation=0 cost=1920800
|  |  |  |
|  |  |  126:EXCHANGE [BROADCAST]
|  |  |  |  mem-estimate=10.21MB mem-reservation=0B thread-reservation=0
|  |  |  |  tuple-ids=42 row-size=17B cardinality=1.92M cost=2552740
|  |  |  |  in pipelines: 40(GETNEXT)
|  |  |  |
|  |  |  F46:PLAN FRAGMENT [RANDOM] hosts=10 instances=10
|  |  |  Per-Instance Resources: mem-estimate=16.08MB mem-reservation=1.00MB thread-reservation=1
|  |  |  max-parallelism=10 segment-costs=[267951]
|  |  |  40:SCAN HDFS [tpcds_partitioned_parquet_snap.customer_demographics, RANDOM]
|  |  |     HDFS partitions=1/1 files=1 size=11.15MB
|  |  |     stored statistics:
|  |  |       table: rows=1.92M size=11.15MB
|  |  |       columns: all
|  |  |     extrapolated-rows=disabled max-scan-range-rows=197.97K
|  |  |     mem-estimate=16.00MB mem-reservation=1.00MB thread-reservation=0
|  |  |     tuple-ids=42 row-size=17B cardinality=1.92M cost=138297
|  |  |     in pipelines: 40(GETNEXT)
|  |  |
|  |  68:HASH JOIN [INNER JOIN, PARTITIONED]
|  |  |  hash-table-id=06
|  |  |  hash predicates: tpcds_partitioned_parquet_snap.store_sales_0.ss_customer_sk = tpcds_partitioned_parquet_snap.customer_0.c_customer_sk
|  |  |  fk/pk conjuncts: none
|  |  |  mem-estimate=0B mem-reservation=0B spill-buffer=2.00MB thread-reservation=0
|  |  |  tuple-ids=56,58,64,65,67,69,54,52,71,50,44,46,48 row-size=380B cardinality=16.88M cost=7386413
|  |  |  in pipelines: 50(GETNEXT), 46(OPEN)
|  |  |
|  |  |--F60:PLAN FRAGMENT [HASH(tpcds_partitioned_parquet_snap.store_sales_0.ss_customer_sk)] hosts=10 instances=50 (adjusted from 120)
|  |  |  |  Per-Instance Resources: mem-estimate=92.58MB mem-reservation=34.00MB thread-reservation=1
|  |  |  |  max-parallelism=60 segment-costs=[51067488] cpu-comparison-result=90 [max(90 (self) vs 40 (sum children))]
|  |  |  JOIN BUILD
|  |  |  |  join-table-id=06 plan-id=07 cohort-id=03
|  |  |  |  build expressions: tpcds_partitioned_parquet_snap.customer_0.c_customer_sk
|  |  |  |  runtime filters: RF059[min_max] <- tpcds_partitioned_parquet_snap.customer_0.c_customer_sk
|  |  |  |  mem-estimate=78.79MB mem-reservation=34.00MB spill-buffer=2.00MB thread-reservation=0 cost=29284165
|  |  |  |
|  |  |  125:EXCHANGE [HASH(tpcds_partitioned_parquet_snap.customer_0.c_customer_sk)]
|  |  |  |  mem-estimate=13.80MB mem-reservation=0B thread-reservation=0
|  |  |  |  tuple-ids=50,44,46,48 row-size=114B cardinality=29.28M cost=21783323
|  |  |  |  in pipelines: 46(GETNEXT)
|  |  |  |
|  |  |  F44:PLAN FRAGMENT [HASH(tpcds_partitioned_parquet_snap.customer_address_1.ca_address_sk)] hosts=10 instances=30 (adjusted from 10)
|  |  |  Per-Instance Resources: mem-estimate=36.10MB mem-reservation=0B thread-reservation=1
|  |  |  max-parallelism=30 segment-costs=[290676835]
|  |  |  47:HASH JOIN [INNER JOIN, PARTITIONED]
|  |  |  |  hash-table-id=07
|  |  |  |  hash predicates: tpcds_partitioned_parquet_snap.customer_address_1.ca_address_sk = tpcds_partitioned_parquet_snap.customer_0.c_current_addr_sk
|  |  |  |  fk/pk conjuncts: tpcds_partitioned_parquet_snap.customer_address_1.ca_address_sk = tpcds_partitioned_parquet_snap.customer_0.c_current_addr_sk
|  |  |  |  mem-estimate=0B mem-reservation=0B spill-buffer=2.00MB thread-reservation=0
|  |  |  |  tuple-ids=50,44,46,48 row-size=114B cardinality=29.28M cost=9153790
|  |  |  |  in pipelines: 46(GETNEXT), 41(OPEN)
|  |  |  |
|  |  |  |--F61:PLAN FRAGMENT [HASH(tpcds_partitioned_parquet_snap.customer_address_1.ca_address_sk)] hosts=10 instances=30 (adjusted from 10)
|  |  |  |  |  Per-Instance Resources: mem-estimate=77.69MB mem-reservation=34.00MB thread-reservation=1
|  |  |  |  |  max-parallelism=30 segment-costs=[39542407] cpu-comparison-result=40 [max(40 (self) vs 11 (sum children))]
|  |  |  |  JOIN BUILD
|  |  |  |  |  join-table-id=07 plan-id=08 cohort-id=04
|  |  |  |  |  build expressions: tpcds_partitioned_parquet_snap.customer_0.c_current_addr_sk
|  |  |  |  |  runtime filters: RF081[min_max] <- tpcds_partitioned_parquet_snap.customer_0.c_current_addr_sk
|  |  |  |  |  mem-estimate=67.22MB mem-reservation=34.00MB spill-buffer=2.00MB thread-reservation=0 cost=29284165
|  |  |  |  |
|  |  |  |  123:EXCHANGE [HASH(tpcds_partitioned_parquet_snap.customer_0.c_current_addr_sk)]
|  |  |  |  |  mem-estimate=10.47MB mem-reservation=0B thread-reservation=0
|  |  |  |  |  tuple-ids=44,46,48 row-size=36B cardinality=29.28M cost=10258242
|  |  |  |  |  in pipelines: 41(GETNEXT)
|  |  |  |  |
|  |  |  |  F41:PLAN FRAGMENT [RANDOM] hosts=10 instances=10
|  |  |  |  Per-Instance Resources: mem-estimate=21.62MB mem-reservation=1.00MB thread-reservation=1
|  |  |  |  max-parallelism=10 segment-costs=[136339692]
|  |  |  |  45:HASH JOIN [INNER JOIN, BROADCAST]
|  |  |  |  |  hash-table-id=08
|  |  |  |  |  hash predicates: tpcds_partitioned_parquet_snap.customer_0.c_current_hdemo_sk = tpcds_partitioned_parquet_snap.household_demographics_1.hd_demo_sk
|  |  |  |  |  fk/pk conjuncts: tpcds_partitioned_parquet_snap.customer_0.c_current_hdemo_sk = tpcds_partitioned_parquet_snap.household_demographics_1.hd_demo_sk
|  |  |  |  |  mem-estimate=0B mem-reservation=0B spill-buffer=64.00KB thread-reservation=0
|  |  |  |  |  tuple-ids=44,46,48 row-size=36B cardinality=29.28M cost=12817679
|  |  |  |  |  in pipelines: 41(GETNEXT), 42(OPEN)
|  |  |  |  |
|  |  |  |  |--F62:PLAN FRAGMENT [RANDOM] hosts=10 instances=10
|  |  |  |  |  |  Per-Instance Resources: mem-estimate=2.04MB mem-reservation=1.94MB thread-reservation=1
|  |  |  |  |  |  max-parallelism=10 segment-costs=[16760] cpu-comparison-result=11 [max(11 (self) vs 2 (sum children))]
|  |  |  |  |  JOIN BUILD
|  |  |  |  |  |  join-table-id=08 plan-id=09 cohort-id=05
|  |  |  |  |  |  build expressions: tpcds_partitioned_parquet_snap.household_demographics_1.hd_demo_sk
|  |  |  |  |  |  runtime filters: RF083[min_max] <- tpcds_partitioned_parquet_snap.household_demographics_1.hd_demo_sk
|  |  |  |  |  |  mem-estimate=1.94MB mem-reservation=1.94MB spill-buffer=64.00KB thread-reservation=0 cost=7200
|  |  |  |  |  |
|  |  |  |  |  121:EXCHANGE [BROADCAST]
|  |  |  |  |  |  mem-estimate=104.38KB mem-reservation=0B thread-reservation=0
|  |  |  |  |  |  tuple-ids=46,48 row-size=12B cardinality=7.20K cost=9560
|  |  |  |  |  |  in pipelines: 42(GETNEXT)
|  |  |  |  |  |
|  |  |  |  |  F42:PLAN FRAGMENT [RANDOM] hosts=1 instances=1
|  |  |  |  |  Per-Instance Resources: mem-estimate=16.08MB mem-reservation=64.00KB thread-reservation=1
|  |  |  |  |  max-parallelism=1 segment-costs=[4524]
|  |  |  |  |  44:HASH JOIN [INNER JOIN, BROADCAST]
|  |  |  |  |  |  hash-table-id=09
|  |  |  |  |  |  hash predicates: tpcds_partitioned_parquet_snap.household_demographics_1.hd_income_band_sk = tpcds_partitioned_parquet_snap.income_band_1.ib_income_band_sk
|  |  |  |  |  |  fk/pk conjuncts: tpcds_partitioned_parquet_snap.household_demographics_1.hd_income_band_sk = tpcds_partitioned_parquet_snap.income_band_1.ib_income_band_sk
|  |  |  |  |  |  mem-estimate=0B mem-reservation=0B spill-buffer=64.00KB thread-reservation=0
|  |  |  |  |  |  tuple-ids=46,48 row-size=12B cardinality=7.20K cost=3151
|  |  |  |  |  |  in pipelines: 42(GETNEXT), 43(OPEN)
|  |  |  |  |  |
|  |  |  |  |  |--F63:PLAN FRAGMENT [RANDOM] hosts=1 instances=1
|  |  |  |  |  |  |  Per-Instance Resources: mem-estimate=1.95MB mem-reservation=1.94MB thread-reservation=1
|  |  |  |  |  |  |  max-parallelism=1 segment-costs=[22]
|  |  |  |  |  |  JOIN BUILD
|  |  |  |  |  |  |  join-table-id=09 plan-id=10 cohort-id=06
|  |  |  |  |  |  |  build expressions: tpcds_partitioned_parquet_snap.income_band_1.ib_income_band_sk
|  |  |  |  |  |  |  runtime filters: RF085[min_max] <- tpcds_partitioned_parquet_snap.income_band_1.ib_income_band_sk
|  |  |  |  |  |  |  mem-estimate=1.94MB mem-reservation=1.94MB spill-buffer=64.00KB thread-reservation=0 cost=20
|  |  |  |  |  |  |
|  |  |  |  |  |  120:EXCHANGE [BROADCAST]
|  |  |  |  |  |  |  mem-estimate=16.00KB mem-reservation=0B thread-reservation=0
|  |  |  |  |  |  |  tuple-ids=48 row-size=4B cardinality=20 cost=2
|  |  |  |  |  |  |  in pipelines: 43(GETNEXT)
|  |  |  |  |  |  |
|  |  |  |  |  |  F43:PLAN FRAGMENT [RANDOM] hosts=1 instances=1
|  |  |  |  |  |  Per-Instance Resources: mem-estimate=16.03MB mem-reservation=8.00KB thread-reservation=1
|  |  |  |  |  |  max-parallelism=1 segment-costs=[1]
|  |  |  |  |  |  43:SCAN HDFS [tpcds_partitioned_parquet_snap.income_band, RANDOM]
|  |  |  |  |  |     HDFS partitions=1/1 files=1 size=1.22KB
|  |  |  |  |  |     stored statistics:
|  |  |  |  |  |       table: rows=20 size=1.22KB
|  |  |  |  |  |       columns: all
|  |  |  |  |  |     extrapolated-rows=disabled max-scan-range-rows=20
|  |  |  |  |  |     mem-estimate=16.00MB mem-reservation=8.00KB thread-reservation=0
|  |  |  |  |  |     tuple-ids=48 row-size=4B cardinality=20 cost=1
|  |  |  |  |  |     in pipelines: 43(GETNEXT)
|  |  |  |  |  |
|  |  |  |  |  42:SCAN HDFS [tpcds_partitioned_parquet_snap.household_demographics, RANDOM]
|  |  |  |  |     HDFS partitions=1/1 files=1 size=41.69KB
|  |  |  |  |     runtime filters: RF085[min_max] -> tpcds_partitioned_parquet_snap.household_demographics_1.hd_income_band_sk
|  |  |  |  |     stored statistics:
|  |  |  |  |       table: rows=7.20K size=41.69KB
|  |  |  |  |       columns: all
|  |  |  |  |     extrapolated-rows=disabled max-scan-range-rows=7.20K
|  |  |  |  |     mem-estimate=16.00MB mem-reservation=64.00KB thread-reservation=0
|  |  |  |  |     tuple-ids=46 row-size=8B cardinality=7.20K cost=829
|  |  |  |  |     in pipelines: 42(GETNEXT)
|  |  |  |  |
|  |  |  |  41:SCAN HDFS [tpcds_partitioned_parquet_snap.customer, RANDOM]
|  |  |  |     HDFS partitions=1/1 files=1 size=1.55GB
|  |  |  |     runtime filters: RF083[min_max] -> tpcds_partitioned_parquet_snap.customer_0.c_current_hdemo_sk, RF049[min_max] -> tpcds_partitioned_parquet_snap.customer_0.c_first_shipto_date_sk, RF051[min_max] -> tpcds_partitioned_parquet_snap.customer_0.c_first_sales_date_sk, RF057[min_max] -> tpcds_partitioned_parquet_snap.customer_0.c_current_cdemo_sk
|  |  |  |     stored statistics:
|  |  |  |       table: rows=30.00M size=1.55GB
|  |  |  |       columns: all
|  |  |  |     extrapolated-rows=disabled max-scan-range-rows=3.10M
|  |  |  |     mem-estimate=16.00MB mem-reservation=1.00MB thread-reservation=0
|  |  |  |     tuple-ids=44 row-size=24B cardinality=29.28M(filtered from 30.00M) cost=10368000
|  |  |  |     in pipelines: 41(GETNEXT)
|  |  |  |
|  |  |  122:EXCHANGE [HASH(tpcds_partitioned_parquet_snap.customer_address_1.ca_address_sk)]
|  |  |  |  mem-estimate=10.80MB mem-reservation=0B thread-reservation=0
|  |  |  |  tuple-ids=50 row-size=78B cardinality=15.00M cost=7017902
|  |  |  |  in pipelines: 46(GETNEXT)
|  |  |  |
|  |  |  F40:PLAN FRAGMENT [RANDOM] hosts=10 instances=10
|  |  |  Per-Instance Resources: mem-estimate=25.56MB mem-reservation=128.00KB thread-reservation=1
|  |  |  max-parallelism=10 segment-costs=[89031849]
|  |  |  46:SCAN HDFS [tpcds_partitioned_parquet_snap.customer_address, RANDOM]
|  |  |     HDFS partitions=1/1 files=1 size=307.36MB
|  |  |     runtime filters: RF081[min_max] -> tpcds_partitioned_parquet_snap.customer_address_1.ca_address_sk
|  |  |     stored statistics:
|  |  |       table: rows=15.00M size=307.36MB
|  |  |       columns: all
|  |  |     extrapolated-rows=disabled max-scan-range-rows=1.58M
|  |  |     mem-estimate=16.00MB mem-reservation=128.00KB thread-reservation=0
|  |  |     tuple-ids=50 row-size=78B cardinality=15.00M cost=6384216
|  |  |     in pipelines: 46(GETNEXT)
|  |  |
|  |  124:EXCHANGE [HASH(tpcds_partitioned_parquet_snap.store_sales_0.ss_customer_sk)]
|  |  |  mem-estimate=18.87MB mem-reservation=0B thread-reservation=0
|  |  |  tuple-ids=56,58,64,65,67,69,54,52,71 row-size=267B cardinality=16.88M cost=27553162
|  |  |  in pipelines: 50(GETNEXT)
|  |  |
|  |  F38:PLAN FRAGMENT [HASH(tpcds_partitioned_parquet_snap.store_sales_0.ss_addr_sk)] hosts=10 instances=30 (adjusted from 120)
|  |  Per-Instance Resources: mem-estimate=94.13MB mem-reservation=0B thread-reservation=1
|  |  max-parallelism=50 segment-costs=[402943288]
|  |  67:HASH JOIN [INNER JOIN, BROADCAST]
|  |  |  hash-table-id=10
|  |  |  hash predicates: tpcds_partitioned_parquet_snap.store_sales_0.ss_promo_sk = tpcds_partitioned_parquet_snap.promotion_0.p_promo_sk
|  |  |  fk/pk conjuncts: tpcds_partitioned_parquet_snap.store_sales_0.ss_promo_sk = tpcds_partitioned_parquet_snap.promotion_0.p_promo_sk
|  |  |  mem-estimate=0B mem-reservation=0B spill-buffer=64.00KB thread-reservation=0
|  |  |  tuple-ids=56,58,64,65,67,69,54,52,71 row-size=267B cardinality=16.88M cost=7386413
|  |  |  in pipelines: 50(GETNEXT), 66(OPEN)
|  |  |
|  |  |--F64:PLAN FRAGMENT [HASH(tpcds_partitioned_parquet_snap.store_sales_0.ss_addr_sk)] hosts=10 instances=10
|  |  |  |  Per-Instance Resources: mem-estimate=5.83MB mem-reservation=5.81MB thread-reservation=1
|  |  |  |  max-parallelism=10 segment-costs=[4190]
|  |  |  JOIN BUILD
|  |  |  |  join-table-id=10 plan-id=11 cohort-id=03
|  |  |  |  build expressions: tpcds_partitioned_parquet_snap.promotion_0.p_promo_sk
|  |  |  |  runtime filters: RF061[min_max] <- tpcds_partitioned_parquet_snap.promotion_0.p_promo_sk
|  |  |  |  mem-estimate=5.81MB mem-reservation=5.81MB spill-buffer=64.00KB thread-reservation=0 cost=1800
|  |  |  |
|  |  |  119:EXCHANGE [BROADCAST]
|  |  |  |  mem-estimate=16.00KB mem-reservation=0B thread-reservation=0
|  |  |  |  tuple-ids=71 row-size=4B cardinality=1.80K cost=2390
|  |  |  |  in pipelines: 66(GETNEXT)
|  |  |  |
|  |  |  F39:PLAN FRAGMENT [RANDOM] hosts=1 instances=1
|  |  |  Per-Instance Resources: mem-estimate=16.03MB mem-reservation=32.00KB thread-reservation=1
|  |  |  max-parallelism=1 segment-costs=[161]
|  |  |  66:SCAN HDFS [tpcds_partitioned_parquet_snap.promotion, RANDOM]
|  |  |     HDFS partitions=1/1 files=1 size=100.50KB
|  |  |     stored statistics:
|  |  |       table: rows=1.80K size=100.50KB
|  |  |       columns: all
|  |  |     extrapolated-rows=disabled max-scan-range-rows=1.80K
|  |  |     mem-estimate=16.00MB mem-reservation=32.00KB thread-reservation=0
|  |  |     tuple-ids=71 row-size=4B cardinality=1.80K cost=103
|  |  |     in pipelines: 66(GETNEXT)
|  |  |
|  |  65:HASH JOIN [INNER JOIN, PARTITIONED]
|  |  |  hash-table-id=11
|  |  |  hash predicates: tpcds_partitioned_parquet_snap.store_sales_0.ss_addr_sk = tpcds_partitioned_parquet_snap.customer_address_2.ca_address_sk
|  |  |  fk/pk conjuncts: none
|  |  |  mem-estimate=0B mem-reservation=0B spill-buffer=2.00MB thread-reservation=0
|  |  |  tuple-ids=56,58,64,65,67,69,54,52 row-size=263B cardinality=16.88M cost=7386413
|  |  |  in pipelines: 50(GETNEXT), 48(OPEN)
|  |  |
|  |  |--F65:PLAN FRAGMENT [HASH(tpcds_partitioned_parquet_snap.store_sales_0.ss_addr_sk)] hosts=10 instances=30 (adjusted from 120)
|  |  |  |  Per-Instance Resources: mem-estimate=60.58MB mem-reservation=34.00MB thread-reservation=1
|  |  |  |  max-parallelism=50 segment-costs=[22017902]
|  |  |  JOIN BUILD
|  |  |  |  join-table-id=11 plan-id=12 cohort-id=03
|  |  |  |  build expressions: tpcds_partitioned_parquet_snap.customer_address_2.ca_address_sk
|  |  |  |  runtime filters: RF063[min_max] <- tpcds_partitioned_parquet_snap.customer_address_2.ca_address_sk
|  |  |  |  mem-estimate=49.78MB mem-reservation=34.00MB spill-buffer=2.00MB thread-reservation=0 cost=15000000
|  |  |  |
|  |  |  118:EXCHANGE [HASH(tpcds_partitioned_parquet_snap.customer_address_2.ca_address_sk)]
|  |  |  |  mem-estimate=10.80MB mem-reservation=0B thread-reservation=0
|  |  |  |  tuple-ids=52 row-size=78B cardinality=15.00M cost=7017902
|  |  |  |  in pipelines: 48(GETNEXT)
|  |  |  |
|  |  |  F37:PLAN FRAGMENT [RANDOM] hosts=10 instances=10
|  |  |  Per-Instance Resources: mem-estimate=25.56MB mem-reservation=128.00KB thread-reservation=1
|  |  |  max-parallelism=10 segment-costs=[89031849]
|  |  |  48:SCAN HDFS [tpcds_partitioned_parquet_snap.customer_address, RANDOM]
|  |  |     HDFS partitions=1/1 files=1 size=307.36MB
|  |  |     stored statistics:
|  |  |       table: rows=15.00M size=307.36MB
|  |  |       columns: all
|  |  |     extrapolated-rows=disabled max-scan-range-rows=1.58M
|  |  |     mem-estimate=16.00MB mem-reservation=128.00KB thread-reservation=0
|  |  |     tuple-ids=52 row-size=78B cardinality=15.00M cost=6384216
|  |  |     in pipelines: 48(GETNEXT)
|  |  |
|  |  117:EXCHANGE [HASH(tpcds_partitioned_parquet_snap.store_sales_0.ss_addr_sk)]
|  |  |  mem-estimate=34.99MB mem-reservation=0B thread-reservation=0
|  |  |  tuple-ids=56,58,64,65,67,69,54 row-size=185B cardinality=16.88M cost=19980103
|  |  |  in pipelines: 50(GETNEXT)
|  |  |
|  |  F27:PLAN FRAGMENT [RANDOM] hosts=10 instances=120
|  |  Per-Host Shared Resources: mem-estimate=2.00MB mem-reservation=2.00MB thread-reservation=0 runtime-filters-memory=2.00MB
|  |  Per-Instance Resources: mem-estimate=40.99MB mem-reservation=8.00MB thread-reservation=1
|  |  max-parallelism=220 segment-costs=[2153651355]
|  |  64:HASH JOIN [INNER JOIN, BROADCAST]
|  |  |  hash-table-id=12
|  |  |  hash predicates: tpcds_partitioned_parquet_snap.store_sales_0.ss_cdemo_sk = tpcds_partitioned_parquet_snap.customer_demographics_2.cd_demo_sk
|  |  |  fk/pk conjuncts: none
|  |  |  mem-estimate=0B mem-reservation=0B spill-buffer=2.00MB thread-reservation=0
|  |  |  tuple-ids=56,58,64,65,67,69,54 row-size=185B cardinality=16.88M cost=7386413
|  |  |  in pipelines: 50(GETNEXT), 49(OPEN)
|  |  |
|  |  |--F66:PLAN FRAGMENT [RANDOM] hosts=10 instances=10
|  |  |  |  Per-Instance Resources: mem-estimate=418.21MB mem-reservation=408.00MB thread-reservation=1
|  |  |  |  max-parallelism=10 segment-costs=[4473540]
|  |  |  JOIN BUILD
|  |  |  |  join-table-id=12 plan-id=13 cohort-id=03
|  |  |  |  build expressions: tpcds_partitioned_parquet_snap.customer_demographics_2.cd_demo_sk
|  |  |  |  runtime filters: RF065[min_max] <- tpcds_partitioned_parquet_snap.customer_demographics_2.cd_demo_sk
|  |  |  |  mem-estimate=408.00MB mem-reservation=408.00MB spill-buffer=2.00MB thread-reservation=0 cost=1920800
|  |  |  |
|  |  |  116:EXCHANGE [BROADCAST]
|  |  |  |  mem-estimate=10.21MB mem-reservation=0B thread-reservation=0
|  |  |  |  tuple-ids=54 row-size=17B cardinality=1.92M cost=2552740
|  |  |  |  in pipelines: 49(GETNEXT)
|  |  |  |
|  |  |  F36:PLAN FRAGMENT [RANDOM] hosts=10 instances=10
|  |  |  Per-Instance Resources: mem-estimate=16.08MB mem-reservation=1.00MB thread-reservation=1
|  |  |  max-parallelism=10 segment-costs=[267951]
|  |  |  49:SCAN HDFS [tpcds_partitioned_parquet_snap.customer_demographics, RANDOM]
|  |  |     HDFS partitions=1/1 files=1 size=11.15MB
|  |  |     stored statistics:
|  |  |       table: rows=1.92M size=11.15MB
|  |  |       columns: all
|  |  |     extrapolated-rows=disabled max-scan-range-rows=197.97K
|  |  |     mem-estimate=16.00MB mem-reservation=1.00MB thread-reservation=0
|  |  |     tuple-ids=54 row-size=17B cardinality=1.92M cost=138297
|  |  |     in pipelines: 49(GETNEXT)
|  |  |
|  |  63:HASH JOIN [INNER JOIN, BROADCAST]
|  |  |  hash-table-id=13
|  |  |  hash predicates: tpcds_partitioned_parquet_snap.store_sales_0.ss_hdemo_sk = tpcds_partitioned_parquet_snap.household_demographics_2.hd_demo_sk
|  |  |  fk/pk conjuncts: tpcds_partitioned_parquet_snap.store_sales_0.ss_hdemo_sk = tpcds_partitioned_parquet_snap.household_demographics_2.hd_demo_sk
|  |  |  mem-estimate=0B mem-reservation=0B spill-buffer=64.00KB thread-reservation=0
|  |  |  tuple-ids=56,58,64,65,67,69 row-size=168B cardinality=16.88M cost=7492223
|  |  |  in pipelines: 50(GETNEXT), 60(OPEN)
|  |  |
|  |  |--F67:PLAN FRAGMENT [RANDOM] hosts=10 instances=10
|  |  |  |  Per-Instance Resources: mem-estimate=23.35MB mem-reservation=23.25MB thread-reservation=1
|  |  |  |  max-parallelism=10 segment-costs=[16760] cpu-comparison-result=11 [max(11 (self) vs 2 (sum children))]
|  |  |  JOIN BUILD
|  |  |  |  join-table-id=13 plan-id=14 cohort-id=03
|  |  |  |  build expressions: tpcds_partitioned_parquet_snap.household_demographics_2.hd_demo_sk
|  |  |  |  runtime filters: RF067[min_max] <- tpcds_partitioned_parquet_snap.household_demographics_2.hd_demo_sk
|  |  |  |  mem-estimate=23.25MB mem-reservation=23.25MB spill-buffer=64.00KB thread-reservation=0 cost=7200
|  |  |  |
|  |  |  115:EXCHANGE [BROADCAST]
|  |  |  |  mem-estimate=104.38KB mem-reservation=0B thread-reservation=0
|  |  |  |  tuple-ids=67,69 row-size=12B cardinality=7.20K cost=9560
|  |  |  |  in pipelines: 60(GETNEXT)
|  |  |  |
|  |  |  F34:PLAN FRAGMENT [RANDOM] hosts=1 instances=1
|  |  |  Per-Instance Resources: mem-estimate=16.08MB mem-reservation=64.00KB thread-reservation=1
|  |  |  max-parallelism=1 segment-costs=[4524]
|  |  |  62:HASH JOIN [INNER JOIN, BROADCAST]
|  |  |  |  hash-table-id=14
|  |  |  |  hash predicates: tpcds_partitioned_parquet_snap.household_demographics_2.hd_income_band_sk = tpcds_partitioned_parquet_snap.income_band_2.ib_income_band_sk
|  |  |  |  fk/pk conjuncts: tpcds_partitioned_parquet_snap.household_demographics_2.hd_income_band_sk = tpcds_partitioned_parquet_snap.income_band_2.ib_income_band_sk
|  |  |  |  mem-estimate=0B mem-reservation=0B spill-buffer=64.00KB thread-reservation=0
|  |  |  |  tuple-ids=67,69 row-size=12B cardinality=7.20K cost=3151
|  |  |  |  in pipelines: 60(GETNEXT), 61(OPEN)
|  |  |  |
|  |  |  |--F68:PLAN FRAGMENT [RANDOM] hosts=1 instances=1
|  |  |  |  |  Per-Instance Resources: mem-estimate=1.95MB mem-reservation=1.94MB thread-reservation=1
|  |  |  |  |  max-parallelism=1 segment-costs=[22]
|  |  |  |  JOIN BUILD
|  |  |  |  |  join-table-id=14 plan-id=15 cohort-id=07
|  |  |  |  |  build expressions: tpcds_partitioned_parquet_snap.income_band_2.ib_income_band_sk
|  |  |  |  |  runtime filters: RF079[min_max] <- tpcds_partitioned_parquet_snap.income_band_2.ib_income_band_sk
|  |  |  |  |  mem-estimate=1.94MB mem-reservation=1.94MB spill-buffer=64.00KB thread-reservation=0 cost=20
|  |  |  |  |
|  |  |  |  114:EXCHANGE [BROADCAST]
|  |  |  |  |  mem-estimate=16.00KB mem-reservation=0B thread-reservation=0
|  |  |  |  |  tuple-ids=69 row-size=4B cardinality=20 cost=2
|  |  |  |  |  in pipelines: 61(GETNEXT)
|  |  |  |  |
|  |  |  |  F35:PLAN FRAGMENT [RANDOM] hosts=1 instances=1
|  |  |  |  Per-Instance Resources: mem-estimate=16.03MB mem-reservation=8.00KB thread-reservation=1
|  |  |  |  max-parallelism=1 segment-costs=[1]
|  |  |  |  61:SCAN HDFS [tpcds_partitioned_parquet_snap.income_band, RANDOM]
|  |  |  |     HDFS partitions=1/1 files=1 size=1.22KB
|  |  |  |     stored statistics:
|  |  |  |       table: rows=20 size=1.22KB
|  |  |  |       columns: all
|  |  |  |     extrapolated-rows=disabled max-scan-range-rows=20
|  |  |  |     mem-estimate=16.00MB mem-reservation=8.00KB thread-reservation=0
|  |  |  |     tuple-ids=69 row-size=4B cardinality=20 cost=1
|  |  |  |     in pipelines: 61(GETNEXT)
|  |  |  |
|  |  |  60:SCAN HDFS [tpcds_partitioned_parquet_snap.household_demographics, RANDOM]
|  |  |     HDFS partitions=1/1 files=1 size=41.69KB
|  |  |     runtime filters: RF079[min_max] -> tpcds_partitioned_parquet_snap.household_demographics_2.hd_income_band_sk
|  |  |     stored statistics:
|  |  |       table: rows=7.20K size=41.69KB
|  |  |       columns: all
|  |  |     extrapolated-rows=disabled max-scan-range-rows=7.20K
|  |  |     mem-estimate=16.00MB mem-reservation=64.00KB thread-reservation=0
|  |  |     tuple-ids=67 row-size=8B cardinality=7.20K cost=829
|  |  |     in pipelines: 60(GETNEXT)
|  |  |
|  |  59:HASH JOIN [INNER JOIN, BROADCAST]
|  |  |  hash-table-id=15
|  |  |  hash predicates: tpcds_partitioned_parquet_snap.store_sales_0.ss_item_sk = tpcds_partitioned_parquet_snap.item_0.i_item_sk
|  |  |  fk/pk conjuncts: tpcds_partitioned_parquet_snap.store_sales_0.ss_item_sk = tpcds_partitioned_parquet_snap.item_0.i_item_sk
|  |  |  mem-estimate=0B mem-reservation=0B spill-buffer=64.00KB thread-reservation=0
|  |  |  tuple-ids=56,58,64,65 row-size=156B cardinality=17.29M cost=224746951
|  |  |  in pipelines: 50(GETNEXT), 58(OPEN)
|  |  |
|  |  |--F69:PLAN FRAGMENT [RANDOM] hosts=10 instances=10
|  |  |  |  Per-Instance Resources: mem-estimate=24.91MB mem-reservation=24.25MB thread-reservation=1 runtime-filters-memory=1.00MB
|  |  |  |  max-parallelism=10 segment-costs=[16777]
|  |  |  JOIN BUILD
|  |  |  |  join-table-id=15 plan-id=16 cohort-id=03
|  |  |  |  build expressions: tpcds_partitioned_parquet_snap.item_0.i_item_sk
|  |  |  |  runtime filters: RF068[bloom] <- tpcds_partitioned_parquet_snap.item_0.i_item_sk, RF069[min_max] <- tpcds_partitioned_parquet_snap.item_0.i_item_sk
|  |  |  |  mem-estimate=23.25MB mem-reservation=23.25MB spill-buffer=64.00KB thread-reservation=0 cost=7207
|  |  |  |
|  |  |  113:EXCHANGE [BROADCAST]
|  |  |  |  mem-estimate=680.86KB mem-reservation=0B thread-reservation=0
|  |  |  |  tuple-ids=65 row-size=60B cardinality=7.21K cost=9570
|  |  |  |  in pipelines: 58(GETNEXT)
|  |  |  |
|  |  |  F33:PLAN FRAGMENT [RANDOM] hosts=4 instances=4
|  |  |  Per-Instance Resources: mem-estimate=16.25MB mem-reservation=512.00KB thread-reservation=1
|  |  |  max-parallelism=4 segment-costs=[249852]
|  |  |  58:SCAN HDFS [tpcds_partitioned_parquet_snap.item, RANDOM]
|  |  |     HDFS partitions=1/1 files=1 size=33.54MB
|  |  |     predicates: is_not_null_pred(tpcds_partitioned_parquet_snap.item_0.i_item_sk), tpcds_partitioned_parquet_snap.item_0.i_color = 'almond' OR tpcds_partitioned_parquet_snap.item_0.i_color = 'chocolate' OR tpcds_partitioned_parquet_snap.item_0.i_color = 'drab' OR tpcds_partitioned_parquet_snap.item_0.i_color = 'misty' OR tpcds_partitioned_parquet_snap.item_0.i_color = 'peach' OR tpcds_partitioned_parquet_snap.item_0.i_color = 'saddle', tpcds_partitioned_parquet_snap.item_0.i_current_price <= CAST(add(CAST(75 AS SMALLINT), CAST(10 AS SMALLINT)) AS DECIMAL(5,0)), tpcds_partitioned_parquet_snap.item_0.i_current_price <= CAST(add(CAST(75 AS SMALLINT), CAST(15 AS SMALLINT)) AS DECIMAL(5,0)), tpcds_partitioned_parquet_snap.item_0.i_current_price >= CAST(75 AS DECIMAL(3,0)), tpcds_partitioned_parquet_snap.item_0.i_current_price >= CAST(add(CAST(75 AS SMALLINT), CAST(1 AS SMALLINT)) AS DECIMAL(5,0))
|  |  |     stored statistics:
|  |  |       table: rows=360.00K size=33.54MB
|  |  |       columns: all
|  |  |     extrapolated-rows=disabled max-scan-range-rows=101.54K
|  |  |     parquet statistics predicates: tpcds_partitioned_parquet_snap.item_0.i_current_price <= CAST(add(CAST(75 AS SMALLINT), CAST(10 AS SMALLINT)) AS DECIMAL(5,0)), tpcds_partitioned_parquet_snap.item_0.i_current_price <= CAST(add(CAST(75 AS SMALLINT), CAST(15 AS SMALLINT)) AS DECIMAL(5,0)), tpcds_partitioned_parquet_snap.item_0.i_current_price >= CAST(75 AS DECIMAL(3,0)), tpcds_partitioned_parquet_snap.item_0.i_current_price >= CAST(add(CAST(75 AS SMALLINT), CAST(1 AS SMALLINT)) AS DECIMAL(5,0))
|  |  |     parquet dictionary predicates: is_not_null_pred(tpcds_partitioned_parquet_snap.item_0.i_item_sk), tpcds_partitioned_parquet_snap.item_0.i_color = 'almond' OR tpcds_partitioned_parquet_snap.item_0.i_color = 'chocolate' OR tpcds_partitioned_parquet_snap.item_0.i_color = 'drab' OR tpcds_partitioned_parquet_snap.item_0.i_color = 'misty' OR tpcds_partitioned_parquet_snap.item_0.i_color = 'peach' OR tpcds_partitioned_parquet_snap.item_0.i_color = 'saddle', tpcds_partitioned_parquet_snap.item_0.i_current_price <= CAST(add(CAST(75 AS SMALLINT), CAST(10 AS SMALLINT)) AS DECIMAL(5,0)), tpcds_partitioned_parquet_snap.item_0.i_current_price <= CAST(add(CAST(75 AS SMALLINT), CAST(15 AS SMALLINT)) AS DECIMAL(5,0)), tpcds_partitioned_parquet_snap.item_0.i_current_price >= CAST(75 AS DECIMAL(3,0)), tpcds_partitioned_parquet_snap.item_0.i_current_price >= CAST(add(CAST(75 AS SMALLINT), CAST(1 AS SMALLINT)) AS DECIMAL(5,0))
|  |  |     mem-estimate=16.00MB mem-reservation=512.00KB thread-reservation=0
|  |  |     tuple-ids=65 row-size=60B cardinality=7.21K cost=248525
|  |  |     in pipelines: 58(GETNEXT)
|  |  |
|  |  57:HASH JOIN [INNER JOIN, BROADCAST]
|  |  |  hash-table-id=16
|  |  |  hash predicates: tpcds_partitioned_parquet_snap.store_sales_0.ss_item_sk = tpcds_partitioned_parquet_snap.catalog_sales_0.cs_item_sk
|  |  |  fk/pk conjuncts: none
|  |  |  mem-estimate=0B mem-reservation=0B spill-buffer=128.00KB thread-reservation=0
|  |  |  tuple-ids=56,58,64 row-size=96B cardinality=863.99M cost=201874802
|  |  |  in pipelines: 50(GETNEXT), 111(OPEN)
|  |  |
|  |  |--F70:PLAN FRAGMENT [RANDOM] hosts=10 instances=10
|  |  |  |  Per-Instance Resources: mem-estimate=36.13MB mem-reservation=34.50MB thread-reservation=1
|  |  |  |  max-parallelism=10 segment-costs=[83878] cpu-comparison-result=240 [max(10 (self) vs 240 (sum children))]
|  |  |  JOIN BUILD
|  |  |  |  join-table-id=16 plan-id=17 cohort-id=03
|  |  |  |  build expressions: tpcds_partitioned_parquet_snap.catalog_sales_0.cs_item_sk
|  |  |  |  runtime filters: RF071[min_max] <- tpcds_partitioned_parquet_snap.catalog_sales_0.cs_item_sk
|  |  |  |  mem-estimate=34.50MB mem-reservation=34.50MB spill-buffer=128.00KB thread-reservation=0 cost=36018
|  |  |  |
|  |  |  112:EXCHANGE [BROADCAST]
|  |  |  |  mem-estimate=1.63MB mem-reservation=0B thread-reservation=0
|  |  |  |  tuple-ids=64 row-size=36B cardinality=36.02K cost=47860
|  |  |  |  in pipelines: 111(GETNEXT)
|  |  |  |
|  |  |  F32:PLAN FRAGMENT [HASH(tpcds_partitioned_parquet_snap.catalog_sales_0.cs_item_sk)] hosts=10 instances=10 (adjusted from 120)
|  |  |  Per-Instance Resources: mem-estimate=24.69MB mem-reservation=2.88MB thread-reservation=1
|  |  |  max-parallelism=10 segment-costs=[28566307, 4278] cpu-comparison-result=240 [max(10 (self) vs 240 (sum children))]
|  |  |  111:AGGREGATE [FINALIZE]
|  |  |  |  output: sum:merge(tpcds_partitioned_parquet_snap.catalog_sales_0.cs_ext_list_price), sum:merge(add(add(tpcds_partitioned_parquet_snap.catalog_returns_0.cr_refunded_cash, tpcds_partitioned_parquet_snap.catalog_returns_0.cr_reversed_charge), tpcds_partitioned_parquet_snap.catalog_returns_0.cr_store_credit))
|  |  |  |  group by: tpcds_partitioned_parquet_snap.catalog_sales_0.cs_item_sk
|  |  |  |  having: sum(tpcds_partitioned_parquet_snap.catalog_sales_0.cs_ext_list_price) > multiply(CAST(2 AS DECIMAL(3,0)), sum(add(add(tpcds_partitioned_parquet_snap.catalog_returns_0.cr_refunded_cash, tpcds_partitioned_parquet_snap.catalog_returns_0.cr_reversed_charge), tpcds_partitioned_parquet_snap.catalog_returns_0.cr_store_credit)))
|  |  |  |  mem-estimate=10.00MB mem-reservation=2.88MB spill-buffer=128.00KB thread-reservation=0
|  |  |  |  tuple-ids=64 row-size=36B cardinality=36.02K cost=16606891
|  |  |  |  in pipelines: 111(GETNEXT), 53(OPEN)
|  |  |  |
|  |  |  110:EXCHANGE [HASH(tpcds_partitioned_parquet_snap.catalog_sales_0.cs_item_sk)]
|  |  |  |  mem-estimate=14.69MB mem-reservation=0B thread-reservation=0
|  |  |  |  tuple-ids=64 row-size=36B cardinality=43.22M cost=11959416
|  |  |  |  in pipelines: 53(GETNEXT)
|  |  |  |
|  |  |  F31:PLAN FRAGMENT [HASH(tpcds_partitioned_parquet_snap.catalog_sales_0.cs_item_sk,tpcds_partitioned_parquet_snap.catalog_sales_0.cs_order_number)] hosts=10 instances=120
|  |  |  Per-Instance Resources: mem-estimate=23.91MB mem-reservation=2.00MB thread-reservation=1
|  |  |  max-parallelism=330 segment-costs=[3269691390, 122472725] cpu-comparison-result=240 [max(240 (self) vs 230 (sum children))]
|  |  |  56:AGGREGATE [STREAMING]
|  |  |  |  output: sum(tpcds_partitioned_parquet_snap.catalog_sales_0.cs_ext_list_price), sum(add(add(tpcds_partitioned_parquet_snap.catalog_returns_0.cr_refunded_cash, tpcds_partitioned_parquet_snap.catalog_returns_0.cr_reversed_charge), tpcds_partitioned_parquet_snap.catalog_returns_0.cr_store_credit))
|  |  |  |  group by: tpcds_partitioned_parquet_snap.catalog_sales_0.cs_item_sk
|  |  |  |  mem-estimate=10.00MB mem-reservation=2.00MB spill-buffer=64.00KB thread-reservation=0
|  |  |  |  tuple-ids=64 row-size=36B cardinality=43.22M cost=1040366503
|  |  |  |  in pipelines: 53(GETNEXT)
|  |  |  |
|  |  |  55:HASH JOIN [INNER JOIN, PARTITIONED]
|  |  |  |  hash-table-id=17
|  |  |  |  hash predicates: tpcds_partitioned_parquet_snap.catalog_sales_0.cs_item_sk = tpcds_partitioned_parquet_snap.catalog_returns_0.cr_item_sk, tpcds_partitioned_parquet_snap.catalog_sales_0.cs_order_number = tpcds_partitioned_parquet_snap.catalog_returns_0.cr_order_number
|  |  |  |  fk/pk conjuncts: tpcds_partitioned_parquet_snap.catalog_sales_0.cs_item_sk = tpcds_partitioned_parquet_snap.catalog_returns_0.cr_item_sk, tpcds_partitioned_parquet_snap.catalog_sales_0.cs_order_number = tpcds_partitioned_parquet_snap.catalog_returns_0.cr_order_number
|  |  |  |  mem-estimate=0B mem-reservation=0B spill-buffer=2.00MB thread-reservation=0
|  |  |  |  tuple-ids=60,62 row-size=40B cardinality=2.56G cost=1490184428
|  |  |  |  in pipelines: 53(GETNEXT), 54(OPEN)
|  |  |  |
|  |  |  |--F71:PLAN FRAGMENT [HASH(tpcds_partitioned_parquet_snap.catalog_sales_0.cs_item_sk,tpcds_partitioned_parquet_snap.catalog_sales_0.cs_order_number)] hosts=10 instances=120
|  |  |  |  |  Per-Instance Resources: mem-estimate=197.81MB mem-reservation=34.00MB thread-reservation=1
|  |  |  |  |  max-parallelism=330 segment-costs=[527708754]
|  |  |  |  JOIN BUILD
|  |  |  |  |  join-table-id=17 plan-id=18 cohort-id=08
|  |  |  |  |  build expressions: tpcds_partitioned_parquet_snap.catalog_returns_0.cr_item_sk, tpcds_partitioned_parquet_snap.catalog_returns_0.cr_order_number
|  |  |  |  |  runtime filters: RF076[min_max] <- tpcds_partitioned_parquet_snap.catalog_returns_0.cr_item_sk, RF077[min_max] <- tpcds_partitioned_parquet_snap.catalog_returns_0.cr_order_number
|  |  |  |  |  mem-estimate=184.80MB mem-reservation=34.00MB spill-buffer=2.00MB thread-reservation=0 cost=432016991
|  |  |  |  |
|  |  |  |  109:EXCHANGE [HASH(tpcds_partitioned_parquet_snap.catalog_returns_0.cr_item_sk,tpcds_partitioned_parquet_snap.catalog_returns_0.cr_order_number)]
|  |  |  |  |  mem-estimate=13.01MB mem-reservation=0B thread-reservation=0
|  |  |  |  |  tuple-ids=62 row-size=24B cardinality=432.02M cost=95691763
|  |  |  |  |  in pipelines: 54(GETNEXT)
|  |  |  |  |
|  |  |  |  F30:PLAN FRAGMENT [RANDOM] hosts=10 instances=110 (adjusted from 120)
|  |  |  |  Per-Host Shared Resources: mem-estimate=1.00MB mem-reservation=1.00MB thread-reservation=0 runtime-filters-memory=1.00MB
|  |  |  |  Per-Instance Resources: mem-estimate=29.12MB mem-reservation=40.00KB thread-reservation=1
|  |  |  |  max-parallelism=110 segment-costs=[1039605687]
|  |  |  |  54:SCAN HDFS [tpcds_partitioned_parquet_snap.catalog_returns, RANDOM]
|  |  |  |     HDFS partitions=2060/2060 files=2060 size=32.77GB
|  |  |  |     runtime filters: RF069[min_max] -> tpcds_partitioned_parquet_snap.catalog_returns_0.cr_item_sk, RF068[bloom] -> tpcds_partitioned_parquet_snap.catalog_returns_0.cr_item_sk
|  |  |  |     stored statistics:
|  |  |  |       table: rows=432.02M size=32.77GB
|  |  |  |       partitions: 2060/2060 rows=432.02M
|  |  |  |       columns: all
|  |  |  |     extrapolated-rows=disabled max-scan-range-rows=416.82K
|  |  |  |     mem-estimate=16.00MB mem-reservation=40.00KB thread-reservation=0
|  |  |  |     tuple-ids=62 row-size=24B cardinality=432.02M cost=149305072
|  |  |  |     in pipelines: 54(GETNEXT)
|  |  |  |
|  |  |  108:EXCHANGE [HASH(tpcds_partitioned_parquet_snap.catalog_sales_0.cs_item_sk,tpcds_partitioned_parquet_snap.catalog_sales_0.cs_order_number)]
|  |  |  |  mem-estimate=12.34MB mem-reservation=0B thread-reservation=0
|  |  |  |  tuple-ids=60 row-size=16B cardinality=4.00G(filtered from 4.32G) cost=739140459
|  |  |  |  in pipelines: 53(GETNEXT)
|  |  |  |
|  |  |  F29:PLAN FRAGMENT [RANDOM] hosts=10 instances=120
|  |  |  Per-Host Shared Resources: mem-estimate=1.00MB mem-reservation=1.00MB thread-reservation=0 runtime-filters-memory=1.00MB
|  |  |  Per-Instance Resources: mem-estimate=25.38MB mem-reservation=1.00MB thread-reservation=1
|  |  |  max-parallelism=720 segment-costs=[7180594990]
|  |  |  53:SCAN HDFS [tpcds_partitioned_parquet_snap.catalog_sales, RANDOM]
|  |  |     HDFS partitions=1831/1831 files=1831 size=280.96GB
|  |  |     runtime filters: RF069[min_max] -> tpcds_partitioned_parquet_snap.catalog_sales_0.cs_item_sk, RF076[min_max] -> tpcds_partitioned_parquet_snap.catalog_sales_0.cs_item_sk, RF077[min_max] -> tpcds_partitioned_parquet_snap.catalog_sales_0.cs_order_number, RF068[bloom] -> tpcds_partitioned_parquet_snap.catalog_sales_0.cs_item_sk
|  |  |     stored statistics:
|  |  |       table: rows=4.32G size=280.96GB
|  |  |       partitions: 1831/1831 rows=4.32G
|  |  |       columns: all
|  |  |     extrapolated-rows=disabled max-scan-range-rows=21.52M
|  |  |     mem-estimate=16.00MB mem-reservation=1.00MB thread-reservation=0
|  |  |     tuple-ids=60 row-size=16B cardinality=4.00G(filtered from 4.32G) cost=995345966
|  |  |     in pipelines: 53(GETNEXT)
|  |  |
|  |  52:HASH JOIN [INNER JOIN, BROADCAST]
|  |  |  hash-table-id=18
|  |  |  hash predicates: tpcds_partitioned_parquet_snap.store_sales_0.ss_sold_date_sk = tpcds_partitioned_parquet_snap.date_dim_2.d_date_sk
|  |  |  fk/pk conjuncts: tpcds_partitioned_parquet_snap.store_sales_0.ss_sold_date_sk = tpcds_partitioned_parquet_snap.date_dim_2.d_date_sk
|  |  |  mem-estimate=0B mem-reservation=0B spill-buffer=64.00KB thread-reservation=0
|  |  |  tuple-ids=56,58 row-size=60B cardinality=176.68M cost=77334099
|  |  |  in pipelines: 50(GETNEXT), 51(OPEN)
|  |  |
|  |  |--F72:PLAN FRAGMENT [RANDOM] hosts=10 instances=10
|  |  |  |  Per-Instance Resources: mem-estimate=24.27MB mem-reservation=24.25MB thread-reservation=1 runtime-filters-memory=1.00MB
|  |  |  |  max-parallelism=10 segment-costs=[863]
|  |  |  JOIN BUILD
|  |  |  |  join-table-id=18 plan-id=19 cohort-id=03
|  |  |  |  build expressions: tpcds_partitioned_parquet_snap.date_dim_2.d_date_sk
|  |  |  |  runtime filters: RF072[bloom] <- tpcds_partitioned_parquet_snap.date_dim_2.d_date_sk
|  |  |  |  mem-estimate=23.25MB mem-reservation=23.25MB spill-buffer=64.00KB thread-reservation=0 cost=373
|  |  |  |
|  |  |  107:EXCHANGE [BROADCAST]
|  |  |  |  mem-estimate=16.00KB mem-reservation=0B thread-reservation=0
|  |  |  |  tuple-ids=58 row-size=8B cardinality=373 cost=490
|  |  |  |  in pipelines: 51(GETNEXT)
|  |  |  |
|  |  |  F28:PLAN FRAGMENT [RANDOM] hosts=1 instances=1
|  |  |  Per-Instance Resources: mem-estimate=16.05MB mem-reservation=512.00KB thread-reservation=1
|  |  |  max-parallelism=1 segment-costs=[10483]
|  |  |  51:SCAN HDFS [tpcds_partitioned_parquet_snap.date_dim, RANDOM]
|  |  |     HDFS partitions=1/1 files=1 size=2.17MB
|  |  |     predicates: tpcds_partitioned_parquet_snap.date_dim_2.d_year = add(CAST(2000 AS INT), CAST(1 AS INT))
|  |  |     stored statistics:
|  |  |       table: rows=73.05K size=2.17MB
|  |  |       columns: all
|  |  |     extrapolated-rows=disabled max-scan-range-rows=73.05K
|  |  |     parquet statistics predicates: tpcds_partitioned_parquet_snap.date_dim_2.d_year = add(CAST(2000 AS INT), CAST(1 AS INT))
|  |  |     parquet dictionary predicates: tpcds_partitioned_parquet_snap.date_dim_2.d_year = add(CAST(2000 AS INT), CAST(1 AS INT))
|  |  |     mem-estimate=16.00MB mem-reservation=512.00KB thread-reservation=0
|  |  |     tuple-ids=58 row-size=8B cardinality=373 cost=10467
|  |  |     in pipelines: 51(GETNEXT)
|  |  |
|  |  50:SCAN HDFS [tpcds_partitioned_parquet_snap.store_sales, RANDOM]
|  |     HDFS partitions=1824/1824 files=1824 size=389.90GB
|  |     predicates: is_not_null_pred(tpcds_partitioned_parquet_snap.store_sales_0.ss_item_sk)
|  |     runtime filters: RF069[min_max] -> tpcds_partitioned_parquet_snap.store_sales_0.ss_item_sk, RF067[min_max] -> tpcds_partitioned_parquet_snap.store_sales_0.ss_hdemo_sk, RF047[min_max] -> tpcds_partitioned_parquet_snap.store_sales_0.ss_store_sk, RF059[min_max] -> tpcds_partitioned_parquet_snap.store_sales_0.ss_customer_sk, RF061[min_max] -> tpcds_partitioned_parquet_snap.store_sales_0.ss_promo_sk, RF063[min_max] -> tpcds_partitioned_parquet_snap.store_sales_0.ss_addr_sk, RF065[min_max] -> tpcds_partitioned_parquet_snap.store_sales_0.ss_cdemo_sk, RF071[min_max] -> tpcds_partitioned_parquet_snap.store_sales_0.ss_item_sk, RF068[bloom] -> tpcds_partitioned_parquet_snap.store_sales_0.ss_item_sk, RF072[bloom] -> tpcds_partitioned_parquet_snap.store_sales_0.ss_sold_date_sk
|  |     stored statistics:
|  |       table: rows=8.64G size=389.90GB
|  |       partitions: 1824/1824 rows=8.64G
|  |       columns: all
|  |     extrapolated-rows=disabled max-scan-range-rows=390.22M est-scan-range=374(filtered from 1824)
|  |     parquet dictionary predicates: is_not_null_pred(tpcds_partitioned_parquet_snap.store_sales_0.ss_item_sk)
|  |     mem-estimate=16.00MB mem-reservation=8.00MB thread-reservation=0
|  |     tuple-ids=56 row-size=52B cardinality=176.68M(filtered from 863.99M) cost=1372649335
|  |     in pipelines: 50(GETNEXT)
|  |
|  127:EXCHANGE [HASH(tpcds_partitioned_parquet_snap.store_returns_0.sr_item_sk,tpcds_partitioned_parquet_snap.store_returns_0.sr_ticket_number)]
|  |  mem-estimate=11.88MB mem-reservation=0B thread-reservation=0
|  |  tuple-ids=40 row-size=12B cardinality=863.99M cost=143681309
|  |  in pipelines: 39(GETNEXT)
|  |
|  F26:PLAN FRAGMENT [RANDOM] hosts=10 instances=120
|  Per-Host Shared Resources: mem-estimate=17.00MB mem-reservation=17.00MB thread-reservation=0 runtime-filters-memory=17.00MB
|  Per-Instance Resources: mem-estimate=18.50MB mem-reservation=512.00KB thread-reservation=1
|  max-parallelism=130 segment-costs=[1262114593]
|  39:SCAN HDFS [tpcds_partitioned_parquet_snap.store_returns, RANDOM]
|     HDFS partitions=2004/2004 files=2004 size=48.14GB
|     runtime filters: RF054[min_max] -> tpcds_partitioned_parquet_snap.store_returns_0.sr_item_sk, RF055[min_max] -> tpcds_partitioned_parquet_snap.store_returns_0.sr_ticket_number, RF052[bloom] -> tpcds_partitioned_parquet_snap.store_returns_0.sr_item_sk, RF053[bloom] -> tpcds_partitioned_parquet_snap.store_returns_0.sr_ticket_number
|     stored statistics:
|       table: rows=863.99M size=48.14GB
|       partitions: 2004/2004 rows=863.99M
|       columns: all
|     extrapolated-rows=disabled max-scan-range-rows=30.09M
|     mem-estimate=16.00MB mem-reservation=512.00KB thread-reservation=0
|     tuple-ids=40 row-size=12B cardinality=863.99M cost=149297235
|     in pipelines: 39(GETNEXT)
|
134:EXCHANGE [HASH(tpcds_partitioned_parquet_snap.item.i_item_sk,tpcds_partitioned_parquet_snap.store.s_store_name,tpcds_partitioned_parquet_snap.store.s_zip)]
|  mem-estimate=12.80MB mem-reservation=0B thread-reservation=0
|  tuple-ids=39 row-size=283B cardinality=1.69M cost=2383579
|  in pipelines: 106(GETNEXT)
|
F25:PLAN FRAGMENT [HASH(tpcds_partitioned_parquet_snap.item.i_product_name,tpcds_partitioned_parquet_snap.item.i_item_sk,tpcds_partitioned_parquet_snap.store.s_store_name,tpcds_partitioned_parquet_snap.store.s_zip,tpcds_partitioned_parquet_snap.customer_address_0.ca_street_number,tpcds_partitioned_parquet_snap.customer_address_0.ca_street_name,tpcds_partitioned_parquet_snap.customer_address_0.ca_city,tpcds_partitioned_parquet_snap.customer_address_0.ca_zip,tpcds_partitioned_parquet_snap.customer_address.ca_street_number,tpcds_partitioned_parquet_snap.customer_address.ca_street_name,tpcds_partitioned_parquet_snap.customer_address.ca_city,tpcds_partitioned_parquet_snap.customer_address.ca_zip,tpcds_partitioned_parquet_snap.date_dim_0.d_year,tpcds_partitioned_parquet_snap.date_dim_1.d_year)] hosts=10 instances=10 (adjusted from 120)
Per-Instance Resources: mem-estimate=68.67MB mem-reservation=34.00MB thread-reservation=1
max-parallelism=10 segment-costs=[12698848, 31614731] cpu-comparison-result=490 [max(10 (self) vs 490 (sum children))]
106:AGGREGATE [FINALIZE]
|  output: count:merge(), sum:merge(tpcds_partitioned_parquet_snap.store_sales.ss_wholesale_cost), sum:merge(tpcds_partitioned_parquet_snap.store_sales.ss_list_price), sum:merge(tpcds_partitioned_parquet_snap.store_sales.ss_coupon_amt)
|  group by: tpcds_partitioned_parquet_snap.item.i_product_name, tpcds_partitioned_parquet_snap.item.i_item_sk, tpcds_partitioned_parquet_snap.store.s_store_name, tpcds_partitioned_parquet_snap.store.s_zip, tpcds_partitioned_parquet_snap.customer_address_0.ca_street_number, tpcds_partitioned_parquet_snap.customer_address_0.ca_street_name, tpcds_partitioned_parquet_snap.customer_address_0.ca_city, tpcds_partitioned_parquet_snap.customer_address_0.ca_zip, tpcds_partitioned_parquet_snap.customer_address.ca_street_number, tpcds_partitioned_parquet_snap.customer_address.ca_street_name, tpcds_partitioned_parquet_snap.customer_address.ca_city, tpcds_partitioned_parquet_snap.customer_address.ca_zip, tpcds_partitioned_parquet_snap.date_dim_0.d_year, tpcds_partitioned_parquet_snap.date_dim_1.d_year
|  mem-estimate=47.46MB mem-reservation=34.00MB spill-buffer=2.00MB thread-reservation=0
|  tuple-ids=39 row-size=283B cardinality=1.69M cost=10315269
|  in pipelines: 106(GETNEXT), 00(OPEN)
|
105:EXCHANGE [HASH(tpcds_partitioned_parquet_snap.item.i_product_name,tpcds_partitioned_parquet_snap.item.i_item_sk,tpcds_partitioned_parquet_snap.store.s_store_name,tpcds_partitioned_parquet_snap.store.s_zip,tpcds_partitioned_parquet_snap.customer_address_0.ca_street_number,tpcds_partitioned_parquet_snap.customer_address_0.ca_street_name,tpcds_partitioned_parquet_snap.customer_address_0.ca_city,tpcds_partitioned_parquet_snap.customer_address_0.ca_zip,tpcds_partitioned_parquet_snap.customer_address.ca_street_number,tpcds_partitioned_parquet_snap.customer_address.ca_street_name,tpcds_partitioned_parquet_snap.customer_address.ca_city,tpcds_partitioned_parquet_snap.customer_address.ca_zip,tpcds_partitioned_parquet_snap.date_dim_0.d_year,tpcds_partitioned_parquet_snap.date_dim_1.d_year)]
|  mem-estimate=21.21MB mem-reservation=0B thread-reservation=0
|  tuple-ids=39 row-size=283B cardinality=1.69M cost=2383579
|  in pipelines: 00(GETNEXT)
|
F21:PLAN FRAGMENT [HASH(tpcds_partitioned_parquet_snap.store_returns.sr_item_sk,tpcds_partitioned_parquet_snap.store_returns.sr_ticket_number)] hosts=10 instances=40 (adjusted from 120)
Per-Instance Resources: mem-estimate=40.08MB mem-reservation=17.00MB thread-reservation=1
max-parallelism=40 segment-costs=[378131355, 31614731] cpu-comparison-result=490 [max(160 (self) vs 490 (sum children))]
38:AGGREGATE [STREAMING]
|  output: count(), sum(tpcds_partitioned_parquet_snap.store_sales.ss_wholesale_cost), sum(tpcds_partitioned_parquet_snap.store_sales.ss_list_price), sum(tpcds_partitioned_parquet_snap.store_sales.ss_coupon_amt)
|  group by: tpcds_partitioned_parquet_snap.item.i_product_name, tpcds_partitioned_parquet_snap.item.i_item_sk, tpcds_partitioned_parquet_snap.store.s_store_name, tpcds_partitioned_parquet_snap.store.s_zip, tpcds_partitioned_parquet_snap.customer_address_0.ca_street_number, tpcds_partitioned_parquet_snap.customer_address_0.ca_street_name, tpcds_partitioned_parquet_snap.customer_address_0.ca_city, tpcds_partitioned_parquet_snap.customer_address_0.ca_zip, tpcds_partitioned_parquet_snap.customer_address.ca_street_number, tpcds_partitioned_parquet_snap.customer_address.ca_street_name, tpcds_partitioned_parquet_snap.customer_address.ca_city, tpcds_partitioned_parquet_snap.customer_address.ca_zip, tpcds_partitioned_parquet_snap.date_dim_0.d_year, tpcds_partitioned_parquet_snap.date_dim_1.d_year
|  mem-estimate=17.00MB mem-reservation=17.00MB spill-buffer=1.00MB thread-reservation=0
|  tuple-ids=39 row-size=283B cardinality=1.69M cost=10315269
|  in pipelines: 00(GETNEXT)
|
37:HASH JOIN [INNER JOIN, BROADCAST]
|  hash-table-id=19
|  hash predicates: tpcds_partitioned_parquet_snap.store_sales.ss_store_sk = tpcds_partitioned_parquet_snap.store.s_store_sk
|  fk/pk conjuncts: tpcds_partitioned_parquet_snap.store_sales.ss_store_sk = tpcds_partitioned_parquet_snap.store.s_store_sk
|  mem-estimate=0B mem-reservation=0B spill-buffer=64.00KB thread-reservation=0
|  tuple-ids=0,16,18,24,25,27,29,14,12,31,10,4,6,8,2,33,35,37 row-size=462B cardinality=1.69M cost=738637
|  in pipelines: 00(GETNEXT), 36(OPEN)
|
|--F73:PLAN FRAGMENT [HASH(tpcds_partitioned_parquet_snap.store_returns.sr_item_sk,tpcds_partitioned_parquet_snap.store_returns.sr_ticket_number)] hosts=10 instances=10
|  |  Per-Instance Resources: mem-estimate=7.84MB mem-reservation=7.75MB thread-reservation=1
|  |  max-parallelism=10 segment-costs=[3140]
|  JOIN BUILD
|  |  join-table-id=19 plan-id=20 cohort-id=01
|  |  build expressions: tpcds_partitioned_parquet_snap.store.s_store_sk
|  |  runtime filters: RF007[min_max] <- tpcds_partitioned_parquet_snap.store.s_store_sk
|  |  mem-estimate=7.75MB mem-reservation=7.75MB spill-buffer=64.00KB thread-reservation=0 cost=1350
|  |
|  104:EXCHANGE [BROADCAST]
|  |  mem-estimate=89.64KB mem-reservation=0B thread-reservation=0
|  |  tuple-ids=37 row-size=37B cardinality=1.35K cost=1790
|  |  in pipelines: 36(GETNEXT)
|  |
|  F24:PLAN FRAGMENT [RANDOM] hosts=1 instances=1
|  Per-Instance Resources: mem-estimate=16.16MB mem-reservation=24.00KB thread-reservation=1
|  max-parallelism=1 segment-costs=[414]
|  36:SCAN HDFS [tpcds_partitioned_parquet_snap.store, RANDOM]
|     HDFS partitions=1/1 files=1 size=119.76KB
|     runtime filters: RF004[min_max] -> tpcds_partitioned_parquet_snap.store.s_store_name, RF005[min_max] -> tpcds_partitioned_parquet_snap.store.s_zip
|     stored statistics:
|       table: rows=1.35K size=119.76KB
|       columns: all
|     extrapolated-rows=disabled max-scan-range-rows=1.35K
|     mem-estimate=16.00MB mem-reservation=24.00KB thread-reservation=0
|     tuple-ids=37 row-size=37B cardinality=1.35K cost=251
|     in pipelines: 36(GETNEXT)
|
35:HASH JOIN [INNER JOIN, BROADCAST]
|  hash-table-id=20
|  hash predicates: tpcds_partitioned_parquet_snap.customer.c_first_shipto_date_sk = tpcds_partitioned_parquet_snap.date_dim_1.d_date_sk
|  fk/pk conjuncts: tpcds_partitioned_parquet_snap.customer.c_first_shipto_date_sk = tpcds_partitioned_parquet_snap.date_dim_1.d_date_sk
|  mem-estimate=0B mem-reservation=0B spill-buffer=256.00KB thread-reservation=0
|  tuple-ids=0,16,18,24,25,27,29,14,12,31,10,4,6,8,2,33,35 row-size=425B cardinality=1.69M cost=738637
|  in pipelines: 00(GETNEXT), 34(OPEN)
|
|--F74:PLAN FRAGMENT [HASH(tpcds_partitioned_parquet_snap.store_returns.sr_item_sk,tpcds_partitioned_parquet_snap.store_returns.sr_ticket_number)] hosts=10 instances=10
|  |  Per-Instance Resources: mem-estimate=19.57MB mem-reservation=19.00MB thread-reservation=1
|  |  max-parallelism=10 segment-costs=[170129]
|  JOIN BUILD
|  |  join-table-id=20 plan-id=21 cohort-id=01
|  |  build expressions: tpcds_partitioned_parquet_snap.date_dim_1.d_date_sk
|  |  runtime filters: RF009[min_max] <- tpcds_partitioned_parquet_snap.date_dim_1.d_date_sk
|  |  mem-estimate=19.00MB mem-reservation=19.00MB spill-buffer=256.00KB thread-reservation=0 cost=73049
|  |
|  103:EXCHANGE [BROADCAST]
|  |  mem-estimate=582.70KB mem-reservation=0B thread-reservation=0
|  |  tuple-ids=35 row-size=8B cardinality=73.05K cost=97080
|  |  in pipelines: 34(GETNEXT)
|  |
|  F23:PLAN FRAGMENT [RANDOM] hosts=1 instances=1
|  Per-Instance Resources: mem-estimate=16.05MB mem-reservation=512.00KB thread-reservation=1
|  max-parallelism=1 segment-costs=[11570]
|  34:SCAN HDFS [tpcds_partitioned_parquet_snap.date_dim, RANDOM]
|     HDFS partitions=1/1 files=1 size=2.17MB
|     stored statistics:
|       table: rows=73.05K size=2.17MB
|       columns: all
|     extrapolated-rows=disabled max-scan-range-rows=73.05K
|     mem-estimate=16.00MB mem-reservation=512.00KB thread-reservation=0
|     tuple-ids=35 row-size=8B cardinality=73.05K cost=8415
|     in pipelines: 34(GETNEXT)
|
33:HASH JOIN [INNER JOIN, BROADCAST]
|  hash-table-id=21
|  hash predicates: tpcds_partitioned_parquet_snap.customer.c_first_sales_date_sk = tpcds_partitioned_parquet_snap.date_dim_0.d_date_sk
|  fk/pk conjuncts: tpcds_partitioned_parquet_snap.customer.c_first_sales_date_sk = tpcds_partitioned_parquet_snap.date_dim_0.d_date_sk
|  mem-estimate=0B mem-reservation=0B spill-buffer=256.00KB thread-reservation=0
|  tuple-ids=0,16,18,24,25,27,29,14,12,31,10,4,6,8,2,33 row-size=417B cardinality=1.69M cost=738637
|  in pipelines: 00(GETNEXT), 32(OPEN)
|
|--F75:PLAN FRAGMENT [HASH(tpcds_partitioned_parquet_snap.store_returns.sr_item_sk,tpcds_partitioned_parquet_snap.store_returns.sr_ticket_number)] hosts=10 instances=10
|  |  Per-Instance Resources: mem-estimate=19.57MB mem-reservation=19.00MB thread-reservation=1
|  |  max-parallelism=10 segment-costs=[170129]
|  JOIN BUILD
|  |  join-table-id=21 plan-id=22 cohort-id=01
|  |  build expressions: tpcds_partitioned_parquet_snap.date_dim_0.d_date_sk
|  |  runtime filters: RF011[min_max] <- tpcds_partitioned_parquet_snap.date_dim_0.d_date_sk
|  |  mem-estimate=19.00MB mem-reservation=19.00MB spill-buffer=256.00KB thread-reservation=0 cost=73049
|  |
|  102:EXCHANGE [BROADCAST]
|  |  mem-estimate=582.70KB mem-reservation=0B thread-reservation=0
|  |  tuple-ids=33 row-size=8B cardinality=73.05K cost=97080
|  |  in pipelines: 32(GETNEXT)
|  |
|  F22:PLAN FRAGMENT [RANDOM] hosts=1 instances=1
|  Per-Instance Resources: mem-estimate=16.05MB mem-reservation=512.00KB thread-reservation=1
|  max-parallelism=1 segment-costs=[11570]
|  32:SCAN HDFS [tpcds_partitioned_parquet_snap.date_dim, RANDOM]
|     HDFS partitions=1/1 files=1 size=2.17MB
|     stored statistics:
|       table: rows=73.05K size=2.17MB
|       columns: all
|     extrapolated-rows=disabled max-scan-range-rows=73.05K
|     mem-estimate=16.00MB mem-reservation=512.00KB thread-reservation=0
|     tuple-ids=33 row-size=8B cardinality=73.05K cost=8415
|     in pipelines: 32(GETNEXT)
|
31:HASH JOIN [INNER JOIN, PARTITIONED]
|  hash-table-id=22
|  hash predicates: tpcds_partitioned_parquet_snap.store_returns.sr_item_sk = tpcds_partitioned_parquet_snap.store_sales.ss_item_sk, tpcds_partitioned_parquet_snap.store_returns.sr_ticket_number = tpcds_partitioned_parquet_snap.store_sales.ss_ticket_number
|  fk/pk conjuncts: tpcds_partitioned_parquet_snap.store_returns.sr_item_sk = tpcds_partitioned_parquet_snap.store_sales.ss_item_sk, tpcds_partitioned_parquet_snap.store_returns.sr_ticket_number = tpcds_partitioned_parquet_snap.store_sales.ss_ticket_number
|  mem-estimate=0B mem-reservation=0B spill-buffer=2.00MB thread-reservation=0
|  tuple-ids=0,16,18,24,25,27,29,14,12,31,10,4,6,8,2 row-size=409B cardinality=1.69M cost=221918866
|  in pipelines: 00(GETNEXT), 11(OPEN)
|
|--F76:PLAN FRAGMENT [HASH(tpcds_partitioned_parquet_snap.store_returns.sr_item_sk,tpcds_partitioned_parquet_snap.store_returns.sr_ticket_number)] hosts=10 instances=40 (adjusted from 120)
|  |  Per-Instance Resources: mem-estimate=218.61MB mem-reservation=51.00MB thread-reservation=1 runtime-filters-memory=17.00MB
|  |  max-parallelism=40 segment-costs=[57668537] cpu-comparison-result=457 [max(240 (self) vs 457 (sum children))]
|  JOIN BUILD
|  |  join-table-id=22 plan-id=23 cohort-id=01
|  |  build expressions: tpcds_partitioned_parquet_snap.store_sales.ss_item_sk, tpcds_partitioned_parquet_snap.store_sales.ss_ticket_number
|  |  runtime filters: RF012[bloom] <- tpcds_partitioned_parquet_snap.store_sales.ss_item_sk, RF013[bloom] <- tpcds_partitioned_parquet_snap.store_sales.ss_ticket_number, RF014[min_max] <- tpcds_partitioned_parquet_snap.store_sales.ss_item_sk, RF015[min_max] <- tpcds_partitioned_parquet_snap.store_sales.ss_ticket_number
|  |  mem-estimate=169.47MB mem-reservation=34.00MB spill-buffer=2.00MB thread-reservation=0 cost=16875517
|  |
|  101:EXCHANGE [HASH(tpcds_partitioned_parquet_snap.store_sales.ss_item_sk,tpcds_partitioned_parquet_snap.store_sales.ss_ticket_number)]
|  |  mem-estimate=32.14MB mem-reservation=0B thread-reservation=0
|  |  tuple-ids=16,18,24,25,27,29,14,12,31,10,4,6,8,2 row-size=397B cardinality=16.88M cost=40793020
|  |  in pipelines: 11(GETNEXT)
|  |
|  F19:PLAN FRAGMENT [HASH(tpcds_partitioned_parquet_snap.store_sales.ss_customer_sk)] hosts=10 instances=50 (adjusted from 120)
|  Per-Instance Resources: mem-estimate=89.71MB mem-reservation=0B thread-reservation=1
|  max-parallelism=60 segment-costs=[595874356]
|  30:HASH JOIN [INNER JOIN, BROADCAST]
|  |  hash-table-id=23
|  |  hash predicates: tpcds_partitioned_parquet_snap.customer.c_current_cdemo_sk = tpcds_partitioned_parquet_snap.customer_demographics.cd_demo_sk
|  |  fk/pk conjuncts: none
|  |  other join predicates: tpcds_partitioned_parquet_snap.customer_demographics_0.cd_marital_status != tpcds_partitioned_parquet_snap.customer_demographics.cd_marital_status
|  |  mem-estimate=0B mem-reservation=0B spill-buffer=2.00MB thread-reservation=0
|  |  tuple-ids=16,18,24,25,27,29,14,12,31,10,4,6,8,2 row-size=397B cardinality=16.88M cost=7386413
|  |  in pipelines: 11(GETNEXT), 01(OPEN)
|  |
|  |--F77:PLAN FRAGMENT [HASH(tpcds_partitioned_parquet_snap.store_sales.ss_customer_sk)] hosts=10 instances=10
|  |  |  Per-Instance Resources: mem-estimate=180.21MB mem-reservation=170.00MB thread-reservation=1
|  |  |  max-parallelism=10 segment-costs=[4473540]
|  |  JOIN BUILD
|  |  |  join-table-id=23 plan-id=24 cohort-id=09
|  |  |  build expressions: tpcds_partitioned_parquet_snap.customer_demographics.cd_demo_sk
|  |  |  runtime filters: RF017[min_max] <- tpcds_partitioned_parquet_snap.customer_demographics.cd_demo_sk
|  |  |  mem-estimate=170.00MB mem-reservation=170.00MB spill-buffer=2.00MB thread-reservation=0 cost=1920800
|  |  |
|  |  99:EXCHANGE [BROADCAST]
|  |  |  mem-estimate=10.21MB mem-reservation=0B thread-reservation=0
|  |  |  tuple-ids=2 row-size=17B cardinality=1.92M cost=2552740
|  |  |  in pipelines: 01(GETNEXT)
|  |  |
|  |  F20:PLAN FRAGMENT [RANDOM] hosts=10 instances=10
|  |  Per-Instance Resources: mem-estimate=16.08MB mem-reservation=1.00MB thread-reservation=1
|  |  max-parallelism=10 segment-costs=[267951]
|  |  01:SCAN HDFS [tpcds_partitioned_parquet_snap.customer_demographics, RANDOM]
|  |     HDFS partitions=1/1 files=1 size=11.15MB
|  |     stored statistics:
|  |       table: rows=1.92M size=11.15MB
|  |       columns: all
|  |     extrapolated-rows=disabled max-scan-range-rows=197.97K
|  |     mem-estimate=16.00MB mem-reservation=1.00MB thread-reservation=0
|  |     tuple-ids=2 row-size=17B cardinality=1.92M cost=138297
|  |     in pipelines: 01(GETNEXT)
|  |
|  29:HASH JOIN [INNER JOIN, PARTITIONED]
|  |  hash-table-id=24
|  |  hash predicates: tpcds_partitioned_parquet_snap.store_sales.ss_customer_sk = tpcds_partitioned_parquet_snap.customer.c_customer_sk
|  |  fk/pk conjuncts: none
|  |  mem-estimate=0B mem-reservation=0B spill-buffer=2.00MB thread-reservation=0
|  |  tuple-ids=16,18,24,25,27,29,14,12,31,10,4,6,8 row-size=380B cardinality=16.88M cost=7386413
|  |  in pipelines: 11(GETNEXT), 07(OPEN)
|  |
|  |--F78:PLAN FRAGMENT [HASH(tpcds_partitioned_parquet_snap.store_sales.ss_customer_sk)] hosts=10 instances=50 (adjusted from 120)
|  |  |  Per-Instance Resources: mem-estimate=92.58MB mem-reservation=34.00MB thread-reservation=1
|  |  |  max-parallelism=60 segment-costs=[51067488] cpu-comparison-result=90 [max(90 (self) vs 40 (sum children))]
|  |  JOIN BUILD
|  |  |  join-table-id=24 plan-id=25 cohort-id=09
|  |  |  build expressions: tpcds_partitioned_parquet_snap.customer.c_customer_sk
|  |  |  runtime filters: RF019[min_max] <- tpcds_partitioned_parquet_snap.customer.c_customer_sk
|  |  |  mem-estimate=78.79MB mem-reservation=34.00MB spill-buffer=2.00MB thread-reservation=0 cost=29284165
|  |  |
|  |  98:EXCHANGE [HASH(tpcds_partitioned_parquet_snap.customer.c_customer_sk)]
|  |  |  mem-estimate=13.80MB mem-reservation=0B thread-reservation=0
|  |  |  tuple-ids=10,4,6,8 row-size=114B cardinality=29.28M cost=21783323
|  |  |  in pipelines: 07(GETNEXT)
|  |  |
|  |  F18:PLAN FRAGMENT [HASH(tpcds_partitioned_parquet_snap.customer_address.ca_address_sk)] hosts=10 instances=30 (adjusted from 10)
|  |  Per-Instance Resources: mem-estimate=36.10MB mem-reservation=0B thread-reservation=1
|  |  max-parallelism=30 segment-costs=[290676835]
|  |  08:HASH JOIN [INNER JOIN, PARTITIONED]
|  |  |  hash-table-id=25
|  |  |  hash predicates: tpcds_partitioned_parquet_snap.customer_address.ca_address_sk = tpcds_partitioned_parquet_snap.customer.c_current_addr_sk
|  |  |  fk/pk conjuncts: tpcds_partitioned_parquet_snap.customer_address.ca_address_sk = tpcds_partitioned_parquet_snap.customer.c_current_addr_sk
|  |  |  mem-estimate=0B mem-reservation=0B spill-buffer=2.00MB thread-reservation=0
|  |  |  tuple-ids=10,4,6,8 row-size=114B cardinality=29.28M cost=9153790
|  |  |  in pipelines: 07(GETNEXT), 02(OPEN)
|  |  |
|  |  |--F79:PLAN FRAGMENT [HASH(tpcds_partitioned_parquet_snap.customer_address.ca_address_sk)] hosts=10 instances=30 (adjusted from 10)
|  |  |  |  Per-Instance Resources: mem-estimate=77.69MB mem-reservation=34.00MB thread-reservation=1
|  |  |  |  max-parallelism=30 segment-costs=[39542407] cpu-comparison-result=40 [max(40 (self) vs 11 (sum children))]
|  |  |  JOIN BUILD
|  |  |  |  join-table-id=25 plan-id=26 cohort-id=10
|  |  |  |  build expressions: tpcds_partitioned_parquet_snap.customer.c_current_addr_sk
|  |  |  |  runtime filters: RF041[min_max] <- tpcds_partitioned_parquet_snap.customer.c_current_addr_sk
|  |  |  |  mem-estimate=67.22MB mem-reservation=34.00MB spill-buffer=2.00MB thread-reservation=0 cost=29284165
|  |  |  |
|  |  |  96:EXCHANGE [HASH(tpcds_partitioned_parquet_snap.customer.c_current_addr_sk)]
|  |  |  |  mem-estimate=10.47MB mem-reservation=0B thread-reservation=0
|  |  |  |  tuple-ids=4,6,8 row-size=36B cardinality=29.28M cost=10258242
|  |  |  |  in pipelines: 02(GETNEXT)
|  |  |  |
|  |  |  F15:PLAN FRAGMENT [RANDOM] hosts=10 instances=10
|  |  |  Per-Instance Resources: mem-estimate=21.62MB mem-reservation=1.00MB thread-reservation=1
|  |  |  max-parallelism=10 segment-costs=[136339692]
|  |  |  06:HASH JOIN [INNER JOIN, BROADCAST]
|  |  |  |  hash-table-id=26
|  |  |  |  hash predicates: tpcds_partitioned_parquet_snap.customer.c_current_hdemo_sk = tpcds_partitioned_parquet_snap.household_demographics.hd_demo_sk
|  |  |  |  fk/pk conjuncts: tpcds_partitioned_parquet_snap.customer.c_current_hdemo_sk = tpcds_partitioned_parquet_snap.household_demographics.hd_demo_sk
|  |  |  |  mem-estimate=0B mem-reservation=0B spill-buffer=64.00KB thread-reservation=0
|  |  |  |  tuple-ids=4,6,8 row-size=36B cardinality=29.28M cost=12817679
|  |  |  |  in pipelines: 02(GETNEXT), 03(OPEN)
|  |  |  |
|  |  |  |--F80:PLAN FRAGMENT [RANDOM] hosts=10 instances=10
|  |  |  |  |  Per-Instance Resources: mem-estimate=2.04MB mem-reservation=1.94MB thread-reservation=1
|  |  |  |  |  max-parallelism=10 segment-costs=[16760] cpu-comparison-result=11 [max(11 (self) vs 2 (sum children))]
|  |  |  |  JOIN BUILD
|  |  |  |  |  join-table-id=26 plan-id=27 cohort-id=11
|  |  |  |  |  build expressions: tpcds_partitioned_parquet_snap.household_demographics.hd_demo_sk
|  |  |  |  |  runtime filters: RF043[min_max] <- tpcds_partitioned_parquet_snap.household_demographics.hd_demo_sk
|  |  |  |  |  mem-estimate=1.94MB mem-reservation=1.94MB spill-buffer=64.00KB thread-reservation=0 cost=7200
|  |  |  |  |
|  |  |  |  94:EXCHANGE [BROADCAST]
|  |  |  |  |  mem-estimate=104.38KB mem-reservation=0B thread-reservation=0
|  |  |  |  |  tuple-ids=6,8 row-size=12B cardinality=7.20K cost=9560
|  |  |  |  |  in pipelines: 03(GETNEXT)
|  |  |  |  |
|  |  |  |  F16:PLAN FRAGMENT [RANDOM] hosts=1 instances=1
|  |  |  |  Per-Instance Resources: mem-estimate=16.08MB mem-reservation=64.00KB thread-reservation=1
|  |  |  |  max-parallelism=1 segment-costs=[4524]
|  |  |  |  05:HASH JOIN [INNER JOIN, BROADCAST]
|  |  |  |  |  hash-table-id=27
|  |  |  |  |  hash predicates: tpcds_partitioned_parquet_snap.household_demographics.hd_income_band_sk = tpcds_partitioned_parquet_snap.income_band.ib_income_band_sk
|  |  |  |  |  fk/pk conjuncts: tpcds_partitioned_parquet_snap.household_demographics.hd_income_band_sk = tpcds_partitioned_parquet_snap.income_band.ib_income_band_sk
|  |  |  |  |  mem-estimate=0B mem-reservation=0B spill-buffer=64.00KB thread-reservation=0
|  |  |  |  |  tuple-ids=6,8 row-size=12B cardinality=7.20K cost=3151
|  |  |  |  |  in pipelines: 03(GETNEXT), 04(OPEN)
|  |  |  |  |
|  |  |  |  |--F81:PLAN FRAGMENT [RANDOM] hosts=1 instances=1
|  |  |  |  |  |  Per-Instance Resources: mem-estimate=1.95MB mem-reservation=1.94MB thread-reservation=1
|  |  |  |  |  |  max-parallelism=1 segment-costs=[22]
|  |  |  |  |  JOIN BUILD
|  |  |  |  |  |  join-table-id=27 plan-id=28 cohort-id=12
|  |  |  |  |  |  build expressions: tpcds_partitioned_parquet_snap.income_band.ib_income_band_sk
|  |  |  |  |  |  runtime filters: RF045[min_max] <- tpcds_partitioned_parquet_snap.income_band.ib_income_band_sk
|  |  |  |  |  |  mem-estimate=1.94MB mem-reservation=1.94MB spill-buffer=64.00KB thread-reservation=0 cost=20
|  |  |  |  |  |
|  |  |  |  |  93:EXCHANGE [BROADCAST]
|  |  |  |  |  |  mem-estimate=16.00KB mem-reservation=0B thread-reservation=0
|  |  |  |  |  |  tuple-ids=8 row-size=4B cardinality=20 cost=2
|  |  |  |  |  |  in pipelines: 04(GETNEXT)
|  |  |  |  |  |
|  |  |  |  |  F17:PLAN FRAGMENT [RANDOM] hosts=1 instances=1
|  |  |  |  |  Per-Instance Resources: mem-estimate=16.03MB mem-reservation=8.00KB thread-reservation=1
|  |  |  |  |  max-parallelism=1 segment-costs=[1]
|  |  |  |  |  04:SCAN HDFS [tpcds_partitioned_parquet_snap.income_band, RANDOM]
|  |  |  |  |     HDFS partitions=1/1 files=1 size=1.22KB
|  |  |  |  |     stored statistics:
|  |  |  |  |       table: rows=20 size=1.22KB
|  |  |  |  |       columns: all
|  |  |  |  |     extrapolated-rows=disabled max-scan-range-rows=20
|  |  |  |  |     mem-estimate=16.00MB mem-reservation=8.00KB thread-reservation=0
|  |  |  |  |     tuple-ids=8 row-size=4B cardinality=20 cost=1
|  |  |  |  |     in pipelines: 04(GETNEXT)
|  |  |  |  |
|  |  |  |  03:SCAN HDFS [tpcds_partitioned_parquet_snap.household_demographics, RANDOM]
|  |  |  |     HDFS partitions=1/1 files=1 size=41.69KB
|  |  |  |     runtime filters: RF045[min_max] -> tpcds_partitioned_parquet_snap.household_demographics.hd_income_band_sk
|  |  |  |     stored statistics:
|  |  |  |       table: rows=7.20K size=41.69KB
|  |  |  |       columns: all
|  |  |  |     extrapolated-rows=disabled max-scan-range-rows=7.20K
|  |  |  |     mem-estimate=16.00MB mem-reservation=64.00KB thread-reservation=0
|  |  |  |     tuple-ids=6 row-size=8B cardinality=7.20K cost=829
|  |  |  |     in pipelines: 03(GETNEXT)
|  |  |  |
|  |  |  02:SCAN HDFS [tpcds_partitioned_parquet_snap.customer, RANDOM]
|  |  |     HDFS partitions=1/1 files=1 size=1.55GB
|  |  |     runtime filters: RF043[min_max] -> tpcds_partitioned_parquet_snap.customer.c_current_hdemo_sk, RF009[min_max] -> tpcds_partitioned_parquet_snap.customer.c_first_shipto_date_sk, RF011[min_max] -> tpcds_partitioned_parquet_snap.customer.c_first_sales_date_sk, RF017[min_max] -> tpcds_partitioned_parquet_snap.customer.c_current_cdemo_sk
|  |  |     stored statistics:
|  |  |       table: rows=30.00M size=1.55GB
|  |  |       columns: all
|  |  |     extrapolated-rows=disabled max-scan-range-rows=3.10M
|  |  |     mem-estimate=16.00MB mem-reservation=1.00MB thread-reservation=0
|  |  |     tuple-ids=4 row-size=24B cardinality=29.28M(filtered from 30.00M) cost=10368000
|  |  |     in pipelines: 02(GETNEXT)
|  |  |
|  |  95:EXCHANGE [HASH(tpcds_partitioned_parquet_snap.customer_address.ca_address_sk)]
|  |  |  mem-estimate=10.80MB mem-reservation=0B thread-reservation=0
|  |  |  tuple-ids=10 row-size=78B cardinality=15.00M cost=7017902
|  |  |  in pipelines: 07(GETNEXT)
|  |  |
|  |  F14:PLAN FRAGMENT [RANDOM] hosts=10 instances=10
|  |  Per-Instance Resources: mem-estimate=25.56MB mem-reservation=128.00KB thread-reservation=1
|  |  max-parallelism=10 segment-costs=[89031849]
|  |  07:SCAN HDFS [tpcds_partitioned_parquet_snap.customer_address, RANDOM]
|  |     HDFS partitions=1/1 files=1 size=307.36MB
|  |     runtime filters: RF041[min_max] -> tpcds_partitioned_parquet_snap.customer_address.ca_address_sk
|  |     stored statistics:
|  |       table: rows=15.00M size=307.36MB
|  |       columns: all
|  |     extrapolated-rows=disabled max-scan-range-rows=1.58M
|  |     mem-estimate=16.00MB mem-reservation=128.00KB thread-reservation=0
|  |     tuple-ids=10 row-size=78B cardinality=15.00M cost=6384216
|  |     in pipelines: 07(GETNEXT)
|  |
|  97:EXCHANGE [HASH(tpcds_partitioned_parquet_snap.store_sales.ss_customer_sk)]
|  |  mem-estimate=18.87MB mem-reservation=0B thread-reservation=0
|  |  tuple-ids=16,18,24,25,27,29,14,12,31 row-size=267B cardinality=16.88M cost=27553162
|  |  in pipelines: 11(GETNEXT)
|  |
|  F12:PLAN FRAGMENT [HASH(tpcds_partitioned_parquet_snap.store_sales.ss_addr_sk)] hosts=10 instances=30 (adjusted from 120)
|  Per-Instance Resources: mem-estimate=94.13MB mem-reservation=0B thread-reservation=1
|  max-parallelism=50 segment-costs=[402943288]
|  28:HASH JOIN [INNER JOIN, BROADCAST]
|  |  hash-table-id=28
|  |  hash predicates: tpcds_partitioned_parquet_snap.store_sales.ss_promo_sk = tpcds_partitioned_parquet_snap.promotion.p_promo_sk
|  |  fk/pk conjuncts: tpcds_partitioned_parquet_snap.store_sales.ss_promo_sk = tpcds_partitioned_parquet_snap.promotion.p_promo_sk
|  |  mem-estimate=0B mem-reservation=0B spill-buffer=64.00KB thread-reservation=0
|  |  tuple-ids=16,18,24,25,27,29,14,12,31 row-size=267B cardinality=16.88M cost=7386413
|  |  in pipelines: 11(GETNEXT), 27(OPEN)
|  |
|  |--F82:PLAN FRAGMENT [HASH(tpcds_partitioned_parquet_snap.store_sales.ss_addr_sk)] hosts=10 instances=10
|  |  |  Per-Instance Resources: mem-estimate=5.83MB mem-reservation=5.81MB thread-reservation=1
|  |  |  max-parallelism=10 segment-costs=[4190]
|  |  JOIN BUILD
|  |  |  join-table-id=28 plan-id=29 cohort-id=09
|  |  |  build expressions: tpcds_partitioned_parquet_snap.promotion.p_promo_sk
|  |  |  runtime filters: RF021[min_max] <- tpcds_partitioned_parquet_snap.promotion.p_promo_sk
|  |  |  mem-estimate=5.81MB mem-reservation=5.81MB spill-buffer=64.00KB thread-reservation=0 cost=1800
|  |  |
|  |  92:EXCHANGE [BROADCAST]
|  |  |  mem-estimate=16.00KB mem-reservation=0B thread-reservation=0
|  |  |  tuple-ids=31 row-size=4B cardinality=1.80K cost=2390
|  |  |  in pipelines: 27(GETNEXT)
|  |  |
|  |  F13:PLAN FRAGMENT [RANDOM] hosts=1 instances=1
|  |  Per-Instance Resources: mem-estimate=16.03MB mem-reservation=32.00KB thread-reservation=1
|  |  max-parallelism=1 segment-costs=[161]
|  |  27:SCAN HDFS [tpcds_partitioned_parquet_snap.promotion, RANDOM]
|  |     HDFS partitions=1/1 files=1 size=100.50KB
|  |     stored statistics:
|  |       table: rows=1.80K size=100.50KB
|  |       columns: all
|  |     extrapolated-rows=disabled max-scan-range-rows=1.80K
|  |     mem-estimate=16.00MB mem-reservation=32.00KB thread-reservation=0
|  |     tuple-ids=31 row-size=4B cardinality=1.80K cost=103
|  |     in pipelines: 27(GETNEXT)
|  |
|  26:HASH JOIN [INNER JOIN, PARTITIONED]
|  |  hash-table-id=29
|  |  hash predicates: tpcds_partitioned_parquet_snap.store_sales.ss_addr_sk = tpcds_partitioned_parquet_snap.customer_address_0.ca_address_sk
|  |  fk/pk conjuncts: none
|  |  mem-estimate=0B mem-reservation=0B spill-buffer=2.00MB thread-reservation=0
|  |  tuple-ids=16,18,24,25,27,29,14,12 row-size=263B cardinality=16.88M cost=7386413
|  |  in pipelines: 11(GETNEXT), 09(OPEN)
|  |
|  |--F83:PLAN FRAGMENT [HASH(tpcds_partitioned_parquet_snap.store_sales.ss_addr_sk)] hosts=10 instances=30 (adjusted from 120)
|  |  |  Per-Instance Resources: mem-estimate=60.58MB mem-reservation=34.00MB thread-reservation=1
|  |  |  max-parallelism=50 segment-costs=[22017902]
|  |  JOIN BUILD
|  |  |  join-table-id=29 plan-id=30 cohort-id=09
|  |  |  build expressions: tpcds_partitioned_parquet_snap.customer_address_0.ca_address_sk
|  |  |  runtime filters: RF023[min_max] <- tpcds_partitioned_parquet_snap.customer_address_0.ca_address_sk
|  |  |  mem-estimate=49.78MB mem-reservation=34.00MB spill-buffer=2.00MB thread-reservation=0 cost=15000000
|  |  |
|  |  91:EXCHANGE [HASH(tpcds_partitioned_parquet_snap.customer_address_0.ca_address_sk)]
|  |  |  mem-estimate=10.80MB mem-reservation=0B thread-reservation=0
|  |  |  tuple-ids=12 row-size=78B cardinality=15.00M cost=7017902
|  |  |  in pipelines: 09(GETNEXT)
|  |  |
|  |  F11:PLAN FRAGMENT [RANDOM] hosts=10 instances=10
|  |  Per-Instance Resources: mem-estimate=25.56MB mem-reservation=128.00KB thread-reservation=1
|  |  max-parallelism=10 segment-costs=[89031849]
|  |  09:SCAN HDFS [tpcds_partitioned_parquet_snap.customer_address, RANDOM]
|  |     HDFS partitions=1/1 files=1 size=307.36MB
|  |     stored statistics:
|  |       table: rows=15.00M size=307.36MB
|  |       columns: all
|  |     extrapolated-rows=disabled max-scan-range-rows=1.58M
|  |     mem-estimate=16.00MB mem-reservation=128.00KB thread-reservation=0
|  |     tuple-ids=12 row-size=78B cardinality=15.00M cost=6384216
|  |     in pipelines: 09(GETNEXT)
|  |
|  90:EXCHANGE [HASH(tpcds_partitioned_parquet_snap.store_sales.ss_addr_sk)]
|  |  mem-estimate=34.99MB mem-reservation=0B thread-reservation=0
|  |  tuple-ids=16,18,24,25,27,29,14 row-size=185B cardinality=16.88M cost=19980103
|  |  in pipelines: 11(GETNEXT)
|  |
|  F01:PLAN FRAGMENT [RANDOM] hosts=10 instances=120
|  Per-Host Shared Resources: mem-estimate=2.00MB mem-reservation=2.00MB thread-reservation=0 runtime-filters-memory=2.00MB
|  Per-Instance Resources: mem-estimate=40.99MB mem-reservation=8.00MB thread-reservation=1
|  max-parallelism=220 segment-costs=[2153651355]
|  25:HASH JOIN [INNER JOIN, BROADCAST]
|  |  hash-table-id=30
|  |  hash predicates: tpcds_partitioned_parquet_snap.store_sales.ss_cdemo_sk = tpcds_partitioned_parquet_snap.customer_demographics_0.cd_demo_sk
|  |  fk/pk conjuncts: none
|  |  mem-estimate=0B mem-reservation=0B spill-buffer=2.00MB thread-reservation=0
|  |  tuple-ids=16,18,24,25,27,29,14 row-size=185B cardinality=16.88M cost=7386413
|  |  in pipelines: 11(GETNEXT), 10(OPEN)
|  |
|  |--F84:PLAN FRAGMENT [RANDOM] hosts=10 instances=10
|  |  |  Per-Instance Resources: mem-estimate=418.21MB mem-reservation=408.00MB thread-reservation=1
|  |  |  max-parallelism=10 segment-costs=[4473540]
|  |  JOIN BUILD
|  |  |  join-table-id=30 plan-id=31 cohort-id=09
|  |  |  build expressions: tpcds_partitioned_parquet_snap.customer_demographics_0.cd_demo_sk
|  |  |  runtime filters: RF025[min_max] <- tpcds_partitioned_parquet_snap.customer_demographics_0.cd_demo_sk
|  |  |  mem-estimate=408.00MB mem-reservation=408.00MB spill-buffer=2.00MB thread-reservation=0 cost=1920800
|  |  |
|  |  89:EXCHANGE [BROADCAST]
|  |  |  mem-estimate=10.21MB mem-reservation=0B thread-reservation=0
|  |  |  tuple-ids=14 row-size=17B cardinality=1.92M cost=2552740
|  |  |  in pipelines: 10(GETNEXT)
|  |  |
|  |  F10:PLAN FRAGMENT [RANDOM] hosts=10 instances=10
|  |  Per-Instance Resources: mem-estimate=16.08MB mem-reservation=1.00MB thread-reservation=1
|  |  max-parallelism=10 segment-costs=[267951]
|  |  10:SCAN HDFS [tpcds_partitioned_parquet_snap.customer_demographics, RANDOM]
|  |     HDFS partitions=1/1 files=1 size=11.15MB
|  |     stored statistics:
|  |       table: rows=1.92M size=11.15MB
|  |       columns: all
|  |     extrapolated-rows=disabled max-scan-range-rows=197.97K
|  |     mem-estimate=16.00MB mem-reservation=1.00MB thread-reservation=0
|  |     tuple-ids=14 row-size=17B cardinality=1.92M cost=138297
|  |     in pipelines: 10(GETNEXT)
|  |
|  24:HASH JOIN [INNER JOIN, BROADCAST]
|  |  hash-table-id=31
|  |  hash predicates: tpcds_partitioned_parquet_snap.store_sales.ss_hdemo_sk = tpcds_partitioned_parquet_snap.household_demographics_0.hd_demo_sk
|  |  fk/pk conjuncts: tpcds_partitioned_parquet_snap.store_sales.ss_hdemo_sk = tpcds_partitioned_parquet_snap.household_demographics_0.hd_demo_sk
|  |  mem-estimate=0B mem-reservation=0B spill-buffer=64.00KB thread-reservation=0
|  |  tuple-ids=16,18,24,25,27,29 row-size=168B cardinality=16.88M cost=7492223
|  |  in pipelines: 11(GETNEXT), 21(OPEN)
|  |
|  |--F85:PLAN FRAGMENT [RANDOM] hosts=10 instances=10
|  |  |  Per-Instance Resources: mem-estimate=23.35MB mem-reservation=23.25MB thread-reservation=1
|  |  |  max-parallelism=10 segment-costs=[16760] cpu-comparison-result=11 [max(11 (self) vs 2 (sum children))]
|  |  JOIN BUILD
|  |  |  join-table-id=31 plan-id=32 cohort-id=09
|  |  |  build expressions: tpcds_partitioned_parquet_snap.household_demographics_0.hd_demo_sk
|  |  |  runtime filters: RF027[min_max] <- tpcds_partitioned_parquet_snap.household_demographics_0.hd_demo_sk
|  |  |  mem-estimate=23.25MB mem-reservation=23.25MB spill-buffer=64.00KB thread-reservation=0 cost=7200
|  |  |
|  |  88:EXCHANGE [BROADCAST]
|  |  |  mem-estimate=104.38KB mem-reservation=0B thread-reservation=0
|  |  |  tuple-ids=27,29 row-size=12B cardinality=7.20K cost=9560
|  |  |  in pipelines: 21(GETNEXT)
|  |  |
|  |  F08:PLAN FRAGMENT [RANDOM] hosts=1 instances=1
|  |  Per-Instance Resources: mem-estimate=16.08MB mem-reservation=64.00KB thread-reservation=1
|  |  max-parallelism=1 segment-costs=[4524]
|  |  23:HASH JOIN [INNER JOIN, BROADCAST]
|  |  |  hash-table-id=32
|  |  |  hash predicates: tpcds_partitioned_parquet_snap.household_demographics_0.hd_income_band_sk = tpcds_partitioned_parquet_snap.income_band_0.ib_income_band_sk
|  |  |  fk/pk conjuncts: tpcds_partitioned_parquet_snap.household_demographics_0.hd_income_band_sk = tpcds_partitioned_parquet_snap.income_band_0.ib_income_band_sk
|  |  |  mem-estimate=0B mem-reservation=0B spill-buffer=64.00KB thread-reservation=0
|  |  |  tuple-ids=27,29 row-size=12B cardinality=7.20K cost=3151
|  |  |  in pipelines: 21(GETNEXT), 22(OPEN)
|  |  |
|  |  |--F86:PLAN FRAGMENT [RANDOM] hosts=1 instances=1
|  |  |  |  Per-Instance Resources: mem-estimate=1.95MB mem-reservation=1.94MB thread-reservation=1
|  |  |  |  max-parallelism=1 segment-costs=[22]
|  |  |  JOIN BUILD
|  |  |  |  join-table-id=32 plan-id=33 cohort-id=13
|  |  |  |  build expressions: tpcds_partitioned_parquet_snap.income_band_0.ib_income_band_sk
|  |  |  |  runtime filters: RF039[min_max] <- tpcds_partitioned_parquet_snap.income_band_0.ib_income_band_sk
|  |  |  |  mem-estimate=1.94MB mem-reservation=1.94MB spill-buffer=64.00KB thread-reservation=0 cost=20
|  |  |  |
|  |  |  87:EXCHANGE [BROADCAST]
|  |  |  |  mem-estimate=16.00KB mem-reservation=0B thread-reservation=0
|  |  |  |  tuple-ids=29 row-size=4B cardinality=20 cost=2
|  |  |  |  in pipelines: 22(GETNEXT)
|  |  |  |
|  |  |  F09:PLAN FRAGMENT [RANDOM] hosts=1 instances=1
|  |  |  Per-Instance Resources: mem-estimate=16.03MB mem-reservation=8.00KB thread-reservation=1
|  |  |  max-parallelism=1 segment-costs=[1]
|  |  |  22:SCAN HDFS [tpcds_partitioned_parquet_snap.income_band, RANDOM]
|  |  |     HDFS partitions=1/1 files=1 size=1.22KB
|  |  |     stored statistics:
|  |  |       table: rows=20 size=1.22KB
|  |  |       columns: all
|  |  |     extrapolated-rows=disabled max-scan-range-rows=20
|  |  |     mem-estimate=16.00MB mem-reservation=8.00KB thread-reservation=0
|  |  |     tuple-ids=29 row-size=4B cardinality=20 cost=1
|  |  |     in pipelines: 22(GETNEXT)
|  |  |
|  |  21:SCAN HDFS [tpcds_partitioned_parquet_snap.household_demographics, RANDOM]
|  |     HDFS partitions=1/1 files=1 size=41.69KB
|  |     runtime filters: RF039[min_max] -> tpcds_partitioned_parquet_snap.household_demographics_0.hd_income_band_sk
|  |     stored statistics:
|  |       table: rows=7.20K size=41.69KB
|  |       columns: all
|  |     extrapolated-rows=disabled max-scan-range-rows=7.20K
|  |     mem-estimate=16.00MB mem-reservation=64.00KB thread-reservation=0
|  |     tuple-ids=27 row-size=8B cardinality=7.20K cost=829
|  |     in pipelines: 21(GETNEXT)
|  |
|  20:HASH JOIN [INNER JOIN, BROADCAST]
|  |  hash-table-id=33
|  |  hash predicates: tpcds_partitioned_parquet_snap.store_sales.ss_item_sk = tpcds_partitioned_parquet_snap.item.i_item_sk
|  |  fk/pk conjuncts: tpcds_partitioned_parquet_snap.store_sales.ss_item_sk = tpcds_partitioned_parquet_snap.item.i_item_sk
|  |  mem-estimate=0B mem-reservation=0B spill-buffer=64.00KB thread-reservation=0
|  |  tuple-ids=16,18,24,25 row-size=156B cardinality=17.29M cost=224746951
|  |  in pipelines: 11(GETNEXT), 19(OPEN)
|  |
|  |--F87:PLAN FRAGMENT [RANDOM] hosts=10 instances=10
|  |  |  Per-Instance Resources: mem-estimate=24.91MB mem-reservation=24.25MB thread-reservation=1 runtime-filters-memory=1.00MB
|  |  |  max-parallelism=10 segment-costs=[16777]
|  |  JOIN BUILD
|  |  |  join-table-id=33 plan-id=34 cohort-id=09
|  |  |  build expressions: tpcds_partitioned_parquet_snap.item.i_item_sk
|  |  |  runtime filters: RF028[bloom] <- tpcds_partitioned_parquet_snap.item.i_item_sk, RF029[min_max] <- tpcds_partitioned_parquet_snap.item.i_item_sk
|  |  |  mem-estimate=23.25MB mem-reservation=23.25MB spill-buffer=64.00KB thread-reservation=0 cost=7207
|  |  |
|  |  86:EXCHANGE [BROADCAST]
|  |  |  mem-estimate=680.86KB mem-reservation=0B thread-reservation=0
|  |  |  tuple-ids=25 row-size=60B cardinality=7.21K cost=9570
|  |  |  in pipelines: 19(GETNEXT)
|  |  |
|  |  F07:PLAN FRAGMENT [RANDOM] hosts=4 instances=4
|  |  Per-Instance Resources: mem-estimate=16.25MB mem-reservation=512.00KB thread-reservation=1
|  |  max-parallelism=4 segment-costs=[249852]
|  |  19:SCAN HDFS [tpcds_partitioned_parquet_snap.item, RANDOM]
|  |     HDFS partitions=1/1 files=1 size=33.54MB
|  |     predicates: is_not_null_pred(tpcds_partitioned_parquet_snap.item.i_item_sk), tpcds_partitioned_parquet_snap.item.i_color = 'almond' OR tpcds_partitioned_parquet_snap.item.i_color = 'chocolate' OR tpcds_partitioned_parquet_snap.item.i_color = 'drab' OR tpcds_partitioned_parquet_snap.item.i_color = 'misty' OR tpcds_partitioned_parquet_snap.item.i_color = 'peach' OR tpcds_partitioned_parquet_snap.item.i_color = 'saddle', tpcds_partitioned_parquet_snap.item.i_current_price <= CAST(add(CAST(75 AS SMALLINT), CAST(10 AS SMALLINT)) AS DECIMAL(5,0)), tpcds_partitioned_parquet_snap.item.i_current_price <= CAST(add(CAST(75 AS SMALLINT), CAST(15 AS SMALLINT)) AS DECIMAL(5,0)), tpcds_partitioned_parquet_snap.item.i_current_price >= CAST(75 AS DECIMAL(3,0)), tpcds_partitioned_parquet_snap.item.i_current_price >= CAST(add(CAST(75 AS SMALLINT), CAST(1 AS SMALLINT)) AS DECIMAL(5,0))
|  |     runtime filters: RF003[min_max] -> tpcds_partitioned_parquet_snap.item.i_item_sk
|  |     stored statistics:
|  |       table: rows=360.00K size=33.54MB
|  |       columns: all
|  |     extrapolated-rows=disabled max-scan-range-rows=101.54K
|  |     parquet statistics predicates: tpcds_partitioned_parquet_snap.item.i_current_price <= CAST(add(CAST(75 AS SMALLINT), CAST(10 AS SMALLINT)) AS DECIMAL(5,0)), tpcds_partitioned_parquet_snap.item.i_current_price <= CAST(add(CAST(75 AS SMALLINT), CAST(15 AS SMALLINT)) AS DECIMAL(5,0)), tpcds_partitioned_parquet_snap.item.i_current_price >= CAST(75 AS DECIMAL(3,0)), tpcds_partitioned_parquet_snap.item.i_current_price >= CAST(add(CAST(75 AS SMALLINT), CAST(1 AS SMALLINT)) AS DECIMAL(5,0))
|  |     parquet dictionary predicates: is_not_null_pred(tpcds_partitioned_parquet_snap.item.i_item_sk), tpcds_partitioned_parquet_snap.item.i_color = 'almond' OR tpcds_partitioned_parquet_snap.item.i_color = 'chocolate' OR tpcds_partitioned_parquet_snap.item.i_color = 'drab' OR tpcds_partitioned_parquet_snap.item.i_color = 'misty' OR tpcds_partitioned_parquet_snap.item.i_color = 'peach' OR tpcds_partitioned_parquet_snap.item.i_color = 'saddle', tpcds_partitioned_parquet_snap.item.i_current_price <= CAST(add(CAST(75 AS SMALLINT), CAST(10 AS SMALLINT)) AS DECIMAL(5,0)), tpcds_partitioned_parquet_snap.item.i_current_price <= CAST(add(CAST(75 AS SMALLINT), CAST(15 AS SMALLINT)) AS DECIMAL(5,0)), tpcds_partitioned_parquet_snap.item.i_current_price >= CAST(75 AS DECIMAL(3,0)), tpcds_partitioned_parquet_snap.item.i_current_price >= CAST(add(CAST(75 AS SMALLINT), CAST(1 AS SMALLINT)) AS DECIMAL(5,0))
|  |     mem-estimate=16.00MB mem-reservation=512.00KB thread-reservation=0
|  |     tuple-ids=25 row-size=60B cardinality=7.21K cost=248525
|  |     in pipelines: 19(GETNEXT)
|  |
|  18:HASH JOIN [INNER JOIN, BROADCAST]
|  |  hash-table-id=34
|  |  hash predicates: tpcds_partitioned_parquet_snap.store_sales.ss_item_sk = tpcds_partitioned_parquet_snap.catalog_sales.cs_item_sk
|  |  fk/pk conjuncts: none
|  |  mem-estimate=0B mem-reservation=0B spill-buffer=128.00KB thread-reservation=0
|  |  tuple-ids=16,18,24 row-size=96B cardinality=863.99M cost=201874802
|  |  in pipelines: 11(GETNEXT), 84(OPEN)
|  |
|  |--F88:PLAN FRAGMENT [RANDOM] hosts=10 instances=10
|  |  |  Per-Instance Resources: mem-estimate=36.13MB mem-reservation=34.50MB thread-reservation=1
|  |  |  max-parallelism=10 segment-costs=[83878] cpu-comparison-result=240 [max(10 (self) vs 240 (sum children))]
|  |  JOIN BUILD
|  |  |  join-table-id=34 plan-id=35 cohort-id=09
|  |  |  build expressions: tpcds_partitioned_parquet_snap.catalog_sales.cs_item_sk
|  |  |  runtime filters: RF031[min_max] <- tpcds_partitioned_parquet_snap.catalog_sales.cs_item_sk
|  |  |  mem-estimate=34.50MB mem-reservation=34.50MB spill-buffer=128.00KB thread-reservation=0 cost=36018
|  |  |
|  |  85:EXCHANGE [BROADCAST]
|  |  |  mem-estimate=1.63MB mem-reservation=0B thread-reservation=0
|  |  |  tuple-ids=24 row-size=36B cardinality=36.02K cost=47860
|  |  |  in pipelines: 84(GETNEXT)
|  |  |
|  |  F06:PLAN FRAGMENT [HASH(tpcds_partitioned_parquet_snap.catalog_sales.cs_item_sk)] hosts=10 instances=10 (adjusted from 120)
|  |  Per-Instance Resources: mem-estimate=24.69MB mem-reservation=2.88MB thread-reservation=1
|  |  max-parallelism=10 segment-costs=[28566307, 4278] cpu-comparison-result=240 [max(10 (self) vs 240 (sum children))]
|  |  84:AGGREGATE [FINALIZE]
|  |  |  output: sum:merge(tpcds_partitioned_parquet_snap.catalog_sales.cs_ext_list_price), sum:merge(add(add(tpcds_partitioned_parquet_snap.catalog_returns.cr_refunded_cash, tpcds_partitioned_parquet_snap.catalog_returns.cr_reversed_charge), tpcds_partitioned_parquet_snap.catalog_returns.cr_store_credit))
|  |  |  group by: tpcds_partitioned_parquet_snap.catalog_sales.cs_item_sk
|  |  |  having: sum(tpcds_partitioned_parquet_snap.catalog_sales.cs_ext_list_price) > multiply(CAST(2 AS DECIMAL(3,0)), sum(add(add(tpcds_partitioned_parquet_snap.catalog_returns.cr_refunded_cash, tpcds_partitioned_parquet_snap.catalog_returns.cr_reversed_charge), tpcds_partitioned_parquet_snap.catalog_returns.cr_store_credit)))
|  |  |  mem-estimate=10.00MB mem-reservation=2.88MB spill-buffer=128.00KB thread-reservation=0
|  |  |  tuple-ids=24 row-size=36B cardinality=36.02K cost=16606891
|  |  |  in pipelines: 84(GETNEXT), 14(OPEN)
|  |  |
|  |  83:EXCHANGE [HASH(tpcds_partitioned_parquet_snap.catalog_sales.cs_item_sk)]
|  |  |  mem-estimate=14.69MB mem-reservation=0B thread-reservation=0
|  |  |  tuple-ids=24 row-size=36B cardinality=43.22M cost=11959416
|  |  |  in pipelines: 14(GETNEXT)
|  |  |
|  |  F05:PLAN FRAGMENT [HASH(tpcds_partitioned_parquet_snap.catalog_sales.cs_item_sk,tpcds_partitioned_parquet_snap.catalog_sales.cs_order_number)] hosts=10 instances=120
|  |  Per-Instance Resources: mem-estimate=23.91MB mem-reservation=2.00MB thread-reservation=1
|  |  max-parallelism=330 segment-costs=[3269691390, 122472725] cpu-comparison-result=240 [max(240 (self) vs 230 (sum children))]
|  |  17:AGGREGATE [STREAMING]
|  |  |  output: sum(tpcds_partitioned_parquet_snap.catalog_sales.cs_ext_list_price), sum(add(add(tpcds_partitioned_parquet_snap.catalog_returns.cr_refunded_cash, tpcds_partitioned_parquet_snap.catalog_returns.cr_reversed_charge), tpcds_partitioned_parquet_snap.catalog_returns.cr_store_credit))
|  |  |  group by: tpcds_partitioned_parquet_snap.catalog_sales.cs_item_sk
|  |  |  mem-estimate=10.00MB mem-reservation=2.00MB spill-buffer=64.00KB thread-reservation=0
|  |  |  tuple-ids=24 row-size=36B cardinality=43.22M cost=1040366503
|  |  |  in pipelines: 14(GETNEXT)
|  |  |
|  |  16:HASH JOIN [INNER JOIN, PARTITIONED]
|  |  |  hash-table-id=35
|  |  |  hash predicates: tpcds_partitioned_parquet_snap.catalog_sales.cs_item_sk = tpcds_partitioned_parquet_snap.catalog_returns.cr_item_sk, tpcds_partitioned_parquet_snap.catalog_sales.cs_order_number = tpcds_partitioned_parquet_snap.catalog_returns.cr_order_number
|  |  |  fk/pk conjuncts: tpcds_partitioned_parquet_snap.catalog_sales.cs_item_sk = tpcds_partitioned_parquet_snap.catalog_returns.cr_item_sk, tpcds_partitioned_parquet_snap.catalog_sales.cs_order_number = tpcds_partitioned_parquet_snap.catalog_returns.cr_order_number
|  |  |  mem-estimate=0B mem-reservation=0B spill-buffer=2.00MB thread-reservation=0
|  |  |  tuple-ids=20,22 row-size=40B cardinality=2.56G cost=1490184428
|  |  |  in pipelines: 14(GETNEXT), 15(OPEN)
|  |  |
|  |  |--F89:PLAN FRAGMENT [HASH(tpcds_partitioned_parquet_snap.catalog_sales.cs_item_sk,tpcds_partitioned_parquet_snap.catalog_sales.cs_order_number)] hosts=10 instances=120
|  |  |  |  Per-Instance Resources: mem-estimate=214.81MB mem-reservation=51.00MB thread-reservation=1 runtime-filters-memory=17.00MB
|  |  |  |  max-parallelism=330 segment-costs=[527708754]
|  |  |  JOIN BUILD
|  |  |  |  join-table-id=35 plan-id=36 cohort-id=14
|  |  |  |  build expressions: tpcds_partitioned_parquet_snap.catalog_returns.cr_item_sk, tpcds_partitioned_parquet_snap.catalog_returns.cr_order_number
|  |  |  |  runtime filters: RF034[bloom] <- tpcds_partitioned_parquet_snap.catalog_returns.cr_item_sk, RF035[bloom] <- tpcds_partitioned_parquet_snap.catalog_returns.cr_order_number, RF036[min_max] <- tpcds_partitioned_parquet_snap.catalog_returns.cr_item_sk, RF037[min_max] <- tpcds_partitioned_parquet_snap.catalog_returns.cr_order_number
|  |  |  |  mem-estimate=184.80MB mem-reservation=34.00MB spill-buffer=2.00MB thread-reservation=0 cost=432016991
|  |  |  |
|  |  |  82:EXCHANGE [HASH(tpcds_partitioned_parquet_snap.catalog_returns.cr_item_sk,tpcds_partitioned_parquet_snap.catalog_returns.cr_order_number)]
|  |  |  |  mem-estimate=13.01MB mem-reservation=0B thread-reservation=0
|  |  |  |  tuple-ids=22 row-size=24B cardinality=432.02M cost=95691763
|  |  |  |  in pipelines: 15(GETNEXT)
|  |  |  |
|  |  |  F04:PLAN FRAGMENT [RANDOM] hosts=10 instances=110 (adjusted from 120)
|  |  |  Per-Host Shared Resources: mem-estimate=1.00MB mem-reservation=1.00MB thread-reservation=0 runtime-filters-memory=1.00MB
|  |  |  Per-Instance Resources: mem-estimate=29.12MB mem-reservation=40.00KB thread-reservation=1
|  |  |  max-parallelism=110 segment-costs=[1039605687]
|  |  |  15:SCAN HDFS [tpcds_partitioned_parquet_snap.catalog_returns, RANDOM]
|  |  |     HDFS partitions=2060/2060 files=2060 size=32.77GB
|  |  |     runtime filters: RF029[min_max] -> tpcds_partitioned_parquet_snap.catalog_returns.cr_item_sk, RF003[min_max] -> tpcds_partitioned_parquet_snap.catalog_returns.cr_item_sk, RF028[bloom] -> tpcds_partitioned_parquet_snap.catalog_returns.cr_item_sk
|  |  |     stored statistics:
|  |  |       table: rows=432.02M size=32.77GB
|  |  |       partitions: 2060/2060 rows=432.02M
|  |  |       columns: all
|  |  |     extrapolated-rows=disabled max-scan-range-rows=416.82K
|  |  |     mem-estimate=16.00MB mem-reservation=40.00KB thread-reservation=0
|  |  |     tuple-ids=22 row-size=24B cardinality=432.02M cost=149305072
|  |  |     in pipelines: 15(GETNEXT)
|  |  |
|  |  81:EXCHANGE [HASH(tpcds_partitioned_parquet_snap.catalog_sales.cs_item_sk,tpcds_partitioned_parquet_snap.catalog_sales.cs_order_number)]
|  |  |  mem-estimate=12.34MB mem-reservation=0B thread-reservation=0
|  |  |  tuple-ids=20 row-size=16B cardinality=4.00G(filtered from 4.32G) cost=739140459
|  |  |  in pipelines: 14(GETNEXT)
|  |  |
|  |  F03:PLAN FRAGMENT [RANDOM] hosts=10 instances=120
|  |  Per-Host Shared Resources: mem-estimate=18.00MB mem-reservation=18.00MB thread-reservation=0 runtime-filters-memory=18.00MB
|  |  Per-Instance Resources: mem-estimate=25.38MB mem-reservation=1.00MB thread-reservation=1
|  |  max-parallelism=720 segment-costs=[7180594990]
|  |  14:SCAN HDFS [tpcds_partitioned_parquet_snap.catalog_sales, RANDOM]
|  |     HDFS partitions=1831/1831 files=1831 size=280.96GB
|  |     runtime filters: RF029[min_max] -> tpcds_partitioned_parquet_snap.catalog_sales.cs_item_sk, RF036[min_max] -> tpcds_partitioned_parquet_snap.catalog_sales.cs_item_sk, RF037[min_max] -> tpcds_partitioned_parquet_snap.catalog_sales.cs_order_number, RF003[min_max] -> tpcds_partitioned_parquet_snap.catalog_sales.cs_item_sk, RF028[bloom] -> tpcds_partitioned_parquet_snap.catalog_sales.cs_item_sk, RF034[bloom] -> tpcds_partitioned_parquet_snap.catalog_sales.cs_item_sk, RF035[bloom] -> tpcds_partitioned_parquet_snap.catalog_sales.cs_order_number
|  |     stored statistics:
|  |       table: rows=4.32G size=280.96GB
|  |       partitions: 1831/1831 rows=4.32G
|  |       columns: all
|  |     extrapolated-rows=disabled max-scan-range-rows=21.52M
|  |     mem-estimate=16.00MB mem-reservation=1.00MB thread-reservation=0
|  |     tuple-ids=20 row-size=16B cardinality=4.00G(filtered from 4.32G) cost=995345966
|  |     in pipelines: 14(GETNEXT)
|  |
|  13:HASH JOIN [INNER JOIN, BROADCAST]
|  |  hash-table-id=36
|  |  hash predicates: tpcds_partitioned_parquet_snap.store_sales.ss_sold_date_sk = tpcds_partitioned_parquet_snap.date_dim.d_date_sk
|  |  fk/pk conjuncts: tpcds_partitioned_parquet_snap.store_sales.ss_sold_date_sk = tpcds_partitioned_parquet_snap.date_dim.d_date_sk
|  |  mem-estimate=0B mem-reservation=0B spill-buffer=64.00KB thread-reservation=0
|  |  tuple-ids=16,18 row-size=60B cardinality=176.68M cost=77334099
|  |  in pipelines: 11(GETNEXT), 12(OPEN)
|  |
|  |--F90:PLAN FRAGMENT [RANDOM] hosts=10 instances=10
|  |  |  Per-Instance Resources: mem-estimate=24.27MB mem-reservation=24.25MB thread-reservation=1 runtime-filters-memory=1.00MB
|  |  |  max-parallelism=10 segment-costs=[863]
|  |  JOIN BUILD
|  |  |  join-table-id=36 plan-id=37 cohort-id=09
|  |  |  build expressions: tpcds_partitioned_parquet_snap.date_dim.d_date_sk
|  |  |  runtime filters: RF032[bloom] <- tpcds_partitioned_parquet_snap.date_dim.d_date_sk
|  |  |  mem-estimate=23.25MB mem-reservation=23.25MB spill-buffer=64.00KB thread-reservation=0 cost=373
|  |  |
|  |  80:EXCHANGE [BROADCAST]
|  |  |  mem-estimate=16.00KB mem-reservation=0B thread-reservation=0
|  |  |  tuple-ids=18 row-size=8B cardinality=373 cost=490
|  |  |  in pipelines: 12(GETNEXT)
|  |  |
|  |  F02:PLAN FRAGMENT [RANDOM] hosts=1 instances=1
|  |  Per-Instance Resources: mem-estimate=16.05MB mem-reservation=512.00KB thread-reservation=1
|  |  max-parallelism=1 segment-costs=[10483]
|  |  12:SCAN HDFS [tpcds_partitioned_parquet_snap.date_dim, RANDOM]
|  |     HDFS partitions=1/1 files=1 size=2.17MB
|  |     predicates: tpcds_partitioned_parquet_snap.date_dim.d_year = CAST(2000 AS INT)
|  |     stored statistics:
|  |       table: rows=73.05K size=2.17MB
|  |       columns: all
|  |     extrapolated-rows=disabled max-scan-range-rows=73.05K
|  |     parquet statistics predicates: tpcds_partitioned_parquet_snap.date_dim.d_year = CAST(2000 AS INT)
|  |     parquet dictionary predicates: tpcds_partitioned_parquet_snap.date_dim.d_year = CAST(2000 AS INT)
|  |     mem-estimate=16.00MB mem-reservation=512.00KB thread-reservation=0
|  |     tuple-ids=18 row-size=8B cardinality=373 cost=10467
|  |     in pipelines: 12(GETNEXT)
|  |
|  11:SCAN HDFS [tpcds_partitioned_parquet_snap.store_sales, RANDOM]
|     HDFS partitions=1824/1824 files=1824 size=389.90GB
|     predicates: is_not_null_pred(tpcds_partitioned_parquet_snap.store_sales.ss_item_sk)
|     runtime filters: RF029[min_max] -> tpcds_partitioned_parquet_snap.store_sales.ss_item_sk, RF027[min_max] -> tpcds_partitioned_parquet_snap.store_sales.ss_hdemo_sk, RF003[min_max] -> tpcds_partitioned_parquet_snap.store_sales.ss_item_sk, RF007[min_max] -> tpcds_partitioned_parquet_snap.store_sales.ss_store_sk, RF019[min_max] -> tpcds_partitioned_parquet_snap.store_sales.ss_customer_sk, RF021[min_max] -> tpcds_partitioned_parquet_snap.store_sales.ss_promo_sk, RF023[min_max] -> tpcds_partitioned_parquet_snap.store_sales.ss_addr_sk, RF025[min_max] -> tpcds_partitioned_parquet_snap.store_sales.ss_cdemo_sk, RF031[min_max] -> tpcds_partitioned_parquet_snap.store_sales.ss_item_sk, RF028[bloom] -> tpcds_partitioned_parquet_snap.store_sales.ss_item_sk, RF032[bloom] -> tpcds_partitioned_parquet_snap.store_sales.ss_sold_date_sk
|     stored statistics:
|       table: rows=8.64G size=389.90GB
|       partitions: 1824/1824 rows=8.64G
|       columns: all
|     extrapolated-rows=disabled max-scan-range-rows=390.22M est-scan-range=374(filtered from 1824)
|     parquet dictionary predicates: is_not_null_pred(tpcds_partitioned_parquet_snap.store_sales.ss_item_sk)
|     mem-estimate=16.00MB mem-reservation=8.00MB thread-reservation=0
|     tuple-ids=16 row-size=52B cardinality=176.68M(filtered from 863.99M) cost=1372649335
|     in pipelines: 11(GETNEXT)
|
100:EXCHANGE [HASH(tpcds_partitioned_parquet_snap.store_returns.sr_item_sk,tpcds_partitioned_parquet_snap.store_returns.sr_ticket_number)]
|  mem-estimate=11.88MB mem-reservation=0B thread-reservation=0
|  tuple-ids=0 row-size=12B cardinality=863.99M cost=143681309
|  in pipelines: 00(GETNEXT)
|
F00:PLAN FRAGMENT [RANDOM] hosts=10 instances=120
Per-Host Shared Resources: mem-estimate=17.00MB mem-reservation=17.00MB thread-reservation=0 runtime-filters-memory=17.00MB
Per-Instance Resources: mem-estimate=18.50MB mem-reservation=512.00KB thread-reservation=1
max-parallelism=130 segment-costs=[1262114593]
00:SCAN HDFS [tpcds_partitioned_parquet_snap.store_returns, RANDOM]
   HDFS partitions=2004/2004 files=2004 size=48.14GB
   runtime filters: RF014[min_max] -> tpcds_partitioned_parquet_snap.store_returns.sr_item_sk, RF015[min_max] -> tpcds_partitioned_parquet_snap.store_returns.sr_ticket_number, RF003[min_max] -> tpcds_partitioned_parquet_snap.store_returns.sr_item_sk, RF012[bloom] -> tpcds_partitioned_parquet_snap.store_returns.sr_item_sk, RF013[bloom] -> tpcds_partitioned_parquet_snap.store_returns.sr_ticket_number
   stored statistics:
     table: rows=863.99M size=48.14GB
     partitions: 2004/2004 rows=863.99M
     columns: all
   extrapolated-rows=disabled max-scan-range-rows=30.09M
   mem-estimate=16.00MB mem-reservation=512.00KB thread-reservation=0
   tuple-ids=0 row-size=12B cardinality=863.99M cost=149297235
   in pipelines: 00(GETNEXT)
---- PARALLELPLANS
Max Per-Host Resource Reservation: Memory=4.17GB Threads=265
Per-Host Resource Estimates: Memory=15.92GB
F53:PLAN FRAGMENT [UNPARTITIONED] hosts=1 instances=1
|  Per-Instance Resources: mem-estimate=155.84MB mem-reservation=4.00MB thread-reservation=1
|  max-parallelism=1 segment-costs=[36968490] cpu-comparison-result=980 [max(1 (self) vs 980 (sum children))]
PLAN-ROOT SINK
|  output exprs: tpcds_partitioned_parquet_snap.item.i_product_name, tpcds_partitioned_parquet_snap.store.s_store_name, tpcds_partitioned_parquet_snap.store.s_zip, tpcds_partitioned_parquet_snap.customer_address_0.ca_street_number, tpcds_partitioned_parquet_snap.customer_address_0.ca_street_name, tpcds_partitioned_parquet_snap.customer_address_0.ca_city, tpcds_partitioned_parquet_snap.customer_address_0.ca_zip, tpcds_partitioned_parquet_snap.customer_address.ca_street_number, tpcds_partitioned_parquet_snap.customer_address.ca_street_name, tpcds_partitioned_parquet_snap.customer_address.ca_city, tpcds_partitioned_parquet_snap.customer_address.ca_zip, CAST(2000 AS INT), count(), sum(tpcds_partitioned_parquet_snap.store_sales.ss_wholesale_cost), sum(tpcds_partitioned_parquet_snap.store_sales.ss_list_price), sum(tpcds_partitioned_parquet_snap.store_sales.ss_coupon_amt), sum(tpcds_partitioned_parquet_snap.store_sales_0.ss_wholesale_cost), sum(tpcds_partitioned_parquet_snap.store_sales_0.ss_list_price), sum(tpcds_partitioned_parquet_snap.store_sales_0.ss_coupon_amt), add(CAST(2000 AS INT), CAST(1 AS INT)), count()
|  mem-estimate=100.00MB mem-reservation=4.00MB spill-buffer=2.00MB thread-reservation=0 cost=35438384
|
136:MERGING-EXCHANGE [UNPARTITIONED]
|  order by: tpcds_partitioned_parquet_snap.item.i_product_name ASC NULLS LAST, tpcds_partitioned_parquet_snap.store.s_store_name ASC NULLS LAST, count() ASC NULLS LAST, sum(tpcds_partitioned_parquet_snap.store_sales.ss_wholesale_cost) ASC NULLS LAST, sum(tpcds_partitioned_parquet_snap.store_sales_0.ss_wholesale_cost) ASC NULLS LAST
|  mem-estimate=55.84MB mem-reservation=0B thread-reservation=0
|  tuple-ids=80 row-size=327B cardinality=1.69M cost=1530106
|  in pipelines: 79(GETNEXT)
|
F52:PLAN FRAGMENT [HASH(tpcds_partitioned_parquet_snap.item.i_item_sk,tpcds_partitioned_parquet_snap.store.s_store_name,tpcds_partitioned_parquet_snap.store.s_zip)] hosts=10 instances=10 (adjusted from 120)
Per-Instance Resources: mem-estimate=65.41MB mem-reservation=12.00MB thread-reservation=1
max-parallelism=10 segment-costs=[27806576, 14983977] cpu-comparison-result=980 [max(10 (self) vs 980 (sum children))]
79:SORT
|  order by: tpcds_partitioned_parquet_snap.item.i_product_name ASC NULLS LAST, tpcds_partitioned_parquet_snap.store.s_store_name ASC NULLS LAST, count() ASC NULLS LAST, sum(tpcds_partitioned_parquet_snap.store_sales.ss_wholesale_cost) ASC NULLS LAST, sum(tpcds_partitioned_parquet_snap.store_sales_0.ss_wholesale_cost) ASC NULLS LAST
|  mem-estimate=52.61MB mem-reservation=12.00MB spill-buffer=2.00MB thread-reservation=0
|  tuple-ids=80 row-size=327B cardinality=1.69M cost=24684360
|  in pipelines: 79(GETNEXT), 106(OPEN)
|
78:HASH JOIN [INNER JOIN, PARTITIONED]
|  hash-table-id=00
|  hash predicates: tpcds_partitioned_parquet_snap.item.i_item_sk = tpcds_partitioned_parquet_snap.item_0.i_item_sk, tpcds_partitioned_parquet_snap.store.s_store_name = tpcds_partitioned_parquet_snap.store_0.s_store_name, tpcds_partitioned_parquet_snap.store.s_zip = tpcds_partitioned_parquet_snap.store_0.s_zip
|  fk/pk conjuncts: tpcds_partitioned_parquet_snap.item.i_item_sk = tpcds_partitioned_parquet_snap.item_0.i_item_sk, tpcds_partitioned_parquet_snap.store.s_store_name = tpcds_partitioned_parquet_snap.store_0.s_store_name, tpcds_partitioned_parquet_snap.store.s_zip = tpcds_partitioned_parquet_snap.store_0.s_zip
|  other join predicates: count() <= count()
|  mem-estimate=0B mem-reservation=0B spill-buffer=2.00MB thread-reservation=0
|  tuple-ids=39,79 row-size=566B cardinality=1.69M cost=738637
|  in pipelines: 106(GETNEXT), 133(OPEN)
|
|--F54:PLAN FRAGMENT [HASH(tpcds_partitioned_parquet_snap.item.i_item_sk,tpcds_partitioned_parquet_snap.store.s_store_name,tpcds_partitioned_parquet_snap.store.s_zip)] hosts=10 instances=10 (adjusted from 120)
|  |  Per-Instance Resources: mem-estimate=63.13MB mem-reservation=34.00MB thread-reservation=1
|  |  max-parallelism=10 segment-costs=[4071121] cpu-comparison-result=490 [max(10 (self) vs 490 (sum children))]
|  JOIN BUILD
|  |  join-table-id=00 plan-id=01 cohort-id=01
|  |  build expressions: tpcds_partitioned_parquet_snap.item_0.i_item_sk, tpcds_partitioned_parquet_snap.store_0.s_store_name, tpcds_partitioned_parquet_snap.store_0.s_zip
|  |  runtime filters: RF003[min_max] <- tpcds_partitioned_parquet_snap.item_0.i_item_sk, RF004[min_max] <- tpcds_partitioned_parquet_snap.store_0.s_store_name, RF005[min_max] <- tpcds_partitioned_parquet_snap.store_0.s_zip
|  |  mem-estimate=50.33MB mem-reservation=34.00MB spill-buffer=2.00MB thread-reservation=0 cost=1687542
|  |
|  135:EXCHANGE [HASH(tpcds_partitioned_parquet_snap.item_0.i_item_sk,tpcds_partitioned_parquet_snap.store_0.s_store_name,tpcds_partitioned_parquet_snap.store_0.s_zip)]
|  |  mem-estimate=12.80MB mem-reservation=0B thread-reservation=0
|  |  tuple-ids=79 row-size=283B cardinality=1.69M cost=2383579
|  |  in pipelines: 133(GETNEXT)
|  |
|  F51:PLAN FRAGMENT [HASH(tpcds_partitioned_parquet_snap.item_0.i_product_name,tpcds_partitioned_parquet_snap.item_0.i_item_sk,tpcds_partitioned_parquet_snap.store_0.s_store_name,tpcds_partitioned_parquet_snap.store_0.s_zip,tpcds_partitioned_parquet_snap.customer_address_2.ca_street_number,tpcds_partitioned_parquet_snap.customer_address_2.ca_street_name,tpcds_partitioned_parquet_snap.customer_address_2.ca_city,tpcds_partitioned_parquet_snap.customer_address_2.ca_zip,tpcds_partitioned_parquet_snap.customer_address_1.ca_street_number,tpcds_partitioned_parquet_snap.customer_address_1.ca_street_name,tpcds_partitioned_parquet_snap.customer_address_1.ca_city,tpcds_partitioned_parquet_snap.customer_address_1.ca_zip,tpcds_partitioned_parquet_snap.date_dim_3.d_year,tpcds_partitioned_parquet_snap.date_dim_4.d_year)] hosts=10 instances=10 (adjusted from 120)
|  Per-Instance Resources: mem-estimate=68.67MB mem-reservation=34.00MB thread-reservation=1
|  max-parallelism=10 segment-costs=[12698848, 31614731] cpu-comparison-result=490 [max(10 (self) vs 490 (sum children))]
|  133:AGGREGATE [FINALIZE]
|  |  output: count:merge(), sum:merge(tpcds_partitioned_parquet_snap.store_sales_0.ss_wholesale_cost), sum:merge(tpcds_partitioned_parquet_snap.store_sales_0.ss_list_price), sum:merge(tpcds_partitioned_parquet_snap.store_sales_0.ss_coupon_amt)
|  |  group by: tpcds_partitioned_parquet_snap.item_0.i_product_name, tpcds_partitioned_parquet_snap.item_0.i_item_sk, tpcds_partitioned_parquet_snap.store_0.s_store_name, tpcds_partitioned_parquet_snap.store_0.s_zip, tpcds_partitioned_parquet_snap.customer_address_2.ca_street_number, tpcds_partitioned_parquet_snap.customer_address_2.ca_street_name, tpcds_partitioned_parquet_snap.customer_address_2.ca_city, tpcds_partitioned_parquet_snap.customer_address_2.ca_zip, tpcds_partitioned_parquet_snap.customer_address_1.ca_street_number, tpcds_partitioned_parquet_snap.customer_address_1.ca_street_name, tpcds_partitioned_parquet_snap.customer_address_1.ca_city, tpcds_partitioned_parquet_snap.customer_address_1.ca_zip, tpcds_partitioned_parquet_snap.date_dim_3.d_year, tpcds_partitioned_parquet_snap.date_dim_4.d_year
|  |  mem-estimate=47.46MB mem-reservation=34.00MB spill-buffer=2.00MB thread-reservation=0
|  |  tuple-ids=79 row-size=283B cardinality=1.69M cost=10315269
|  |  in pipelines: 133(GETNEXT), 39(OPEN)
|  |
|  132:EXCHANGE [HASH(tpcds_partitioned_parquet_snap.item_0.i_product_name,tpcds_partitioned_parquet_snap.item_0.i_item_sk,tpcds_partitioned_parquet_snap.store_0.s_store_name,tpcds_partitioned_parquet_snap.store_0.s_zip,tpcds_partitioned_parquet_snap.customer_address_2.ca_street_number,tpcds_partitioned_parquet_snap.customer_address_2.ca_street_name,tpcds_partitioned_parquet_snap.customer_address_2.ca_city,tpcds_partitioned_parquet_snap.customer_address_2.ca_zip,tpcds_partitioned_parquet_snap.customer_address_1.ca_street_number,tpcds_partitioned_parquet_snap.customer_address_1.ca_street_name,tpcds_partitioned_parquet_snap.customer_address_1.ca_city,tpcds_partitioned_parquet_snap.customer_address_1.ca_zip,tpcds_partitioned_parquet_snap.date_dim_3.d_year,tpcds_partitioned_parquet_snap.date_dim_4.d_year)]
|  |  mem-estimate=21.21MB mem-reservation=0B thread-reservation=0
|  |  tuple-ids=79 row-size=283B cardinality=1.69M cost=2383579
|  |  in pipelines: 39(GETNEXT)
|  |
|  F47:PLAN FRAGMENT [HASH(tpcds_partitioned_parquet_snap.store_returns_0.sr_item_sk,tpcds_partitioned_parquet_snap.store_returns_0.sr_ticket_number)] hosts=10 instances=40 (adjusted from 120)
|  Per-Instance Resources: mem-estimate=40.08MB mem-reservation=17.00MB thread-reservation=1
|  max-parallelism=40 segment-costs=[378131355, 31614731] cpu-comparison-result=490 [max(160 (self) vs 490 (sum children))]
|  77:AGGREGATE [STREAMING]
|  |  output: count(), sum(tpcds_partitioned_parquet_snap.store_sales_0.ss_wholesale_cost), sum(tpcds_partitioned_parquet_snap.store_sales_0.ss_list_price), sum(tpcds_partitioned_parquet_snap.store_sales_0.ss_coupon_amt)
|  |  group by: tpcds_partitioned_parquet_snap.item_0.i_product_name, tpcds_partitioned_parquet_snap.item_0.i_item_sk, tpcds_partitioned_parquet_snap.store_0.s_store_name, tpcds_partitioned_parquet_snap.store_0.s_zip, tpcds_partitioned_parquet_snap.customer_address_2.ca_street_number, tpcds_partitioned_parquet_snap.customer_address_2.ca_street_name, tpcds_partitioned_parquet_snap.customer_address_2.ca_city, tpcds_partitioned_parquet_snap.customer_address_2.ca_zip, tpcds_partitioned_parquet_snap.customer_address_1.ca_street_number, tpcds_partitioned_parquet_snap.customer_address_1.ca_street_name, tpcds_partitioned_parquet_snap.customer_address_1.ca_city, tpcds_partitioned_parquet_snap.customer_address_1.ca_zip, tpcds_partitioned_parquet_snap.date_dim_3.d_year, tpcds_partitioned_parquet_snap.date_dim_4.d_year
|  |  mem-estimate=17.00MB mem-reservation=17.00MB spill-buffer=1.00MB thread-reservation=0
|  |  tuple-ids=79 row-size=283B cardinality=1.69M cost=10315269
|  |  in pipelines: 39(GETNEXT)
|  |
|  76:HASH JOIN [INNER JOIN, BROADCAST]
|  |  hash-table-id=01
|  |  hash predicates: tpcds_partitioned_parquet_snap.store_sales_0.ss_store_sk = tpcds_partitioned_parquet_snap.store_0.s_store_sk
|  |  fk/pk conjuncts: tpcds_partitioned_parquet_snap.store_sales_0.ss_store_sk = tpcds_partitioned_parquet_snap.store_0.s_store_sk
|  |  mem-estimate=0B mem-reservation=0B spill-buffer=64.00KB thread-reservation=0
|  |  tuple-ids=40,56,58,64,65,67,69,54,52,71,50,44,46,48,42,73,75,77 row-size=462B cardinality=1.69M cost=738637
|  |  in pipelines: 39(GETNEXT), 75(OPEN)
|  |
|  |--F55:PLAN FRAGMENT [HASH(tpcds_partitioned_parquet_snap.store_returns_0.sr_item_sk,tpcds_partitioned_parquet_snap.store_returns_0.sr_ticket_number)] hosts=10 instances=10
|  |  |  Per-Instance Resources: mem-estimate=7.84MB mem-reservation=7.75MB thread-reservation=1
|  |  |  max-parallelism=10 segment-costs=[3140]
|  |  JOIN BUILD
|  |  |  join-table-id=01 plan-id=02 cohort-id=02
|  |  |  build expressions: tpcds_partitioned_parquet_snap.store_0.s_store_sk
|  |  |  runtime filters: RF047[min_max] <- tpcds_partitioned_parquet_snap.store_0.s_store_sk
|  |  |  mem-estimate=7.75MB mem-reservation=7.75MB spill-buffer=64.00KB thread-reservation=0 cost=1350
|  |  |
|  |  131:EXCHANGE [BROADCAST]
|  |  |  mem-estimate=89.64KB mem-reservation=0B thread-reservation=0
|  |  |  tuple-ids=77 row-size=37B cardinality=1.35K cost=1790
|  |  |  in pipelines: 75(GETNEXT)
|  |  |
|  |  F50:PLAN FRAGMENT [RANDOM] hosts=1 instances=1
|  |  Per-Instance Resources: mem-estimate=16.16MB mem-reservation=24.00KB thread-reservation=1
|  |  max-parallelism=1 segment-costs=[414]
|  |  75:SCAN HDFS [tpcds_partitioned_parquet_snap.store, RANDOM]
|  |     HDFS partitions=1/1 files=1 size=119.76KB
|  |     stored statistics:
|  |       table: rows=1.35K size=119.76KB
|  |       columns: all
|  |     extrapolated-rows=disabled max-scan-range-rows=1.35K
|  |     mem-estimate=16.00MB mem-reservation=24.00KB thread-reservation=0
|  |     tuple-ids=77 row-size=37B cardinality=1.35K cost=251
|  |     in pipelines: 75(GETNEXT)
|  |
|  74:HASH JOIN [INNER JOIN, BROADCAST]
|  |  hash-table-id=02
|  |  hash predicates: tpcds_partitioned_parquet_snap.customer_0.c_first_shipto_date_sk = tpcds_partitioned_parquet_snap.date_dim_4.d_date_sk
|  |  fk/pk conjuncts: tpcds_partitioned_parquet_snap.customer_0.c_first_shipto_date_sk = tpcds_partitioned_parquet_snap.date_dim_4.d_date_sk
|  |  mem-estimate=0B mem-reservation=0B spill-buffer=256.00KB thread-reservation=0
|  |  tuple-ids=40,56,58,64,65,67,69,54,52,71,50,44,46,48,42,73,75 row-size=425B cardinality=1.69M cost=738637
|  |  in pipelines: 39(GETNEXT), 73(OPEN)
|  |
|  |--F56:PLAN FRAGMENT [HASH(tpcds_partitioned_parquet_snap.store_returns_0.sr_item_sk,tpcds_partitioned_parquet_snap.store_returns_0.sr_ticket_number)] hosts=10 instances=10
|  |  |  Per-Instance Resources: mem-estimate=19.57MB mem-reservation=19.00MB thread-reservation=1
|  |  |  max-parallelism=10 segment-costs=[170129]
|  |  JOIN BUILD
|  |  |  join-table-id=02 plan-id=03 cohort-id=02
|  |  |  build expressions: tpcds_partitioned_parquet_snap.date_dim_4.d_date_sk
|  |  |  runtime filters: RF049[min_max] <- tpcds_partitioned_parquet_snap.date_dim_4.d_date_sk
|  |  |  mem-estimate=19.00MB mem-reservation=19.00MB spill-buffer=256.00KB thread-reservation=0 cost=73049
|  |  |
|  |  130:EXCHANGE [BROADCAST]
|  |  |  mem-estimate=582.70KB mem-reservation=0B thread-reservation=0
|  |  |  tuple-ids=75 row-size=8B cardinality=73.05K cost=97080
|  |  |  in pipelines: 73(GETNEXT)
|  |  |
|  |  F49:PLAN FRAGMENT [RANDOM] hosts=1 instances=1
|  |  Per-Instance Resources: mem-estimate=16.05MB mem-reservation=512.00KB thread-reservation=1
|  |  max-parallelism=1 segment-costs=[11570]
|  |  73:SCAN HDFS [tpcds_partitioned_parquet_snap.date_dim, RANDOM]
|  |     HDFS partitions=1/1 files=1 size=2.17MB
|  |     stored statistics:
|  |       table: rows=73.05K size=2.17MB
|  |       columns: all
|  |     extrapolated-rows=disabled max-scan-range-rows=73.05K
|  |     mem-estimate=16.00MB mem-reservation=512.00KB thread-reservation=0
|  |     tuple-ids=75 row-size=8B cardinality=73.05K cost=8415
|  |     in pipelines: 73(GETNEXT)
|  |
|  72:HASH JOIN [INNER JOIN, BROADCAST]
|  |  hash-table-id=03
|  |  hash predicates: tpcds_partitioned_parquet_snap.customer_0.c_first_sales_date_sk = tpcds_partitioned_parquet_snap.date_dim_3.d_date_sk
|  |  fk/pk conjuncts: tpcds_partitioned_parquet_snap.customer_0.c_first_sales_date_sk = tpcds_partitioned_parquet_snap.date_dim_3.d_date_sk
|  |  mem-estimate=0B mem-reservation=0B spill-buffer=256.00KB thread-reservation=0
|  |  tuple-ids=40,56,58,64,65,67,69,54,52,71,50,44,46,48,42,73 row-size=417B cardinality=1.69M cost=738637
|  |  in pipelines: 39(GETNEXT), 71(OPEN)
|  |
|  |--F57:PLAN FRAGMENT [HASH(tpcds_partitioned_parquet_snap.store_returns_0.sr_item_sk,tpcds_partitioned_parquet_snap.store_returns_0.sr_ticket_number)] hosts=10 instances=10
|  |  |  Per-Instance Resources: mem-estimate=19.57MB mem-reservation=19.00MB thread-reservation=1
|  |  |  max-parallelism=10 segment-costs=[170129]
|  |  JOIN BUILD
|  |  |  join-table-id=03 plan-id=04 cohort-id=02
|  |  |  build expressions: tpcds_partitioned_parquet_snap.date_dim_3.d_date_sk
|  |  |  runtime filters: RF051[min_max] <- tpcds_partitioned_parquet_snap.date_dim_3.d_date_sk
|  |  |  mem-estimate=19.00MB mem-reservation=19.00MB spill-buffer=256.00KB thread-reservation=0 cost=73049
|  |  |
|  |  129:EXCHANGE [BROADCAST]
|  |  |  mem-estimate=582.70KB mem-reservation=0B thread-reservation=0
|  |  |  tuple-ids=73 row-size=8B cardinality=73.05K cost=97080
|  |  |  in pipelines: 71(GETNEXT)
|  |  |
|  |  F48:PLAN FRAGMENT [RANDOM] hosts=1 instances=1
|  |  Per-Instance Resources: mem-estimate=16.05MB mem-reservation=512.00KB thread-reservation=1
|  |  max-parallelism=1 segment-costs=[11570]
|  |  71:SCAN HDFS [tpcds_partitioned_parquet_snap.date_dim, RANDOM]
|  |     HDFS partitions=1/1 files=1 size=2.17MB
|  |     stored statistics:
|  |       table: rows=73.05K size=2.17MB
|  |       columns: all
|  |     extrapolated-rows=disabled max-scan-range-rows=73.05K
|  |     mem-estimate=16.00MB mem-reservation=512.00KB thread-reservation=0
|  |     tuple-ids=73 row-size=8B cardinality=73.05K cost=8415
|  |     in pipelines: 71(GETNEXT)
|  |
|  70:HASH JOIN [INNER JOIN, PARTITIONED]
|  |  hash-table-id=04
|  |  hash predicates: tpcds_partitioned_parquet_snap.store_returns_0.sr_item_sk = tpcds_partitioned_parquet_snap.store_sales_0.ss_item_sk, tpcds_partitioned_parquet_snap.store_returns_0.sr_ticket_number = tpcds_partitioned_parquet_snap.store_sales_0.ss_ticket_number
|  |  fk/pk conjuncts: tpcds_partitioned_parquet_snap.store_returns_0.sr_item_sk = tpcds_partitioned_parquet_snap.store_sales_0.ss_item_sk, tpcds_partitioned_parquet_snap.store_returns_0.sr_ticket_number = tpcds_partitioned_parquet_snap.store_sales_0.ss_ticket_number
|  |  mem-estimate=0B mem-reservation=0B spill-buffer=2.00MB thread-reservation=0
|  |  tuple-ids=40,56,58,64,65,67,69,54,52,71,50,44,46,48,42 row-size=409B cardinality=1.69M cost=221918866
|  |  in pipelines: 39(GETNEXT), 50(OPEN)
|  |
|  |--F58:PLAN FRAGMENT [HASH(tpcds_partitioned_parquet_snap.store_returns_0.sr_item_sk,tpcds_partitioned_parquet_snap.store_returns_0.sr_ticket_number)] hosts=10 instances=40 (adjusted from 120)
|  |  |  Per-Instance Resources: mem-estimate=218.61MB mem-reservation=51.00MB thread-reservation=1 runtime-filters-memory=17.00MB
|  |  |  max-parallelism=40 segment-costs=[57668537] cpu-comparison-result=457 [max(240 (self) vs 457 (sum children))]
|  |  JOIN BUILD
|  |  |  join-table-id=04 plan-id=05 cohort-id=02
|  |  |  build expressions: tpcds_partitioned_parquet_snap.store_sales_0.ss_item_sk, tpcds_partitioned_parquet_snap.store_sales_0.ss_ticket_number
|  |  |  runtime filters: RF052[bloom] <- tpcds_partitioned_parquet_snap.store_sales_0.ss_item_sk, RF053[bloom] <- tpcds_partitioned_parquet_snap.store_sales_0.ss_ticket_number, RF054[min_max] <- tpcds_partitioned_parquet_snap.store_sales_0.ss_item_sk, RF055[min_max] <- tpcds_partitioned_parquet_snap.store_sales_0.ss_ticket_number
|  |  |  mem-estimate=169.47MB mem-reservation=34.00MB spill-buffer=2.00MB thread-reservation=0 cost=16875517
|  |  |
|  |  128:EXCHANGE [HASH(tpcds_partitioned_parquet_snap.store_sales_0.ss_item_sk,tpcds_partitioned_parquet_snap.store_sales_0.ss_ticket_number)]
|  |  |  mem-estimate=32.14MB mem-reservation=0B thread-reservation=0
|  |  |  tuple-ids=56,58,64,65,67,69,54,52,71,50,44,46,48,42 row-size=397B cardinality=16.88M cost=40793020
|  |  |  in pipelines: 50(GETNEXT)
|  |  |
|  |  F45:PLAN FRAGMENT [HASH(tpcds_partitioned_parquet_snap.store_sales_0.ss_customer_sk)] hosts=10 instances=50 (adjusted from 120)
|  |  Per-Instance Resources: mem-estimate=89.71MB mem-reservation=0B thread-reservation=1
|  |  max-parallelism=60 segment-costs=[595874356]
|  |  69:HASH JOIN [INNER JOIN, BROADCAST]
|  |  |  hash-table-id=05
|  |  |  hash predicates: tpcds_partitioned_parquet_snap.customer_0.c_current_cdemo_sk = tpcds_partitioned_parquet_snap.customer_demographics_1.cd_demo_sk
|  |  |  fk/pk conjuncts: none
|  |  |  other join predicates: tpcds_partitioned_parquet_snap.customer_demographics_2.cd_marital_status != tpcds_partitioned_parquet_snap.customer_demographics_1.cd_marital_status
|  |  |  mem-estimate=0B mem-reservation=0B spill-buffer=2.00MB thread-reservation=0
|  |  |  tuple-ids=56,58,64,65,67,69,54,52,71,50,44,46,48,42 row-size=397B cardinality=16.88M cost=7386413
|  |  |  in pipelines: 50(GETNEXT), 40(OPEN)
|  |  |
|  |  |--F59:PLAN FRAGMENT [HASH(tpcds_partitioned_parquet_snap.store_sales_0.ss_customer_sk)] hosts=10 instances=10
|  |  |  |  Per-Instance Resources: mem-estimate=180.21MB mem-reservation=170.00MB thread-reservation=1
|  |  |  |  max-parallelism=10 segment-costs=[4473540]
|  |  |  JOIN BUILD
|  |  |  |  join-table-id=05 plan-id=06 cohort-id=03
|  |  |  |  build expressions: tpcds_partitioned_parquet_snap.customer_demographics_1.cd_demo_sk
|  |  |  |  runtime filters: RF057[min_max] <- tpcds_partitioned_parquet_snap.customer_demographics_1.cd_demo_sk
|  |  |  |  mem-estimate=170.00MB mem-reservation=170.00MB spill-buffer=2.00MB thread-reservation=0 cost=1920800
|  |  |  |
|  |  |  126:EXCHANGE [BROADCAST]
|  |  |  |  mem-estimate=10.21MB mem-reservation=0B thread-reservation=0
|  |  |  |  tuple-ids=42 row-size=17B cardinality=1.92M cost=2552740
|  |  |  |  in pipelines: 40(GETNEXT)
|  |  |  |
|  |  |  F46:PLAN FRAGMENT [RANDOM] hosts=10 instances=10
|  |  |  Per-Instance Resources: mem-estimate=16.08MB mem-reservation=1.00MB thread-reservation=1
|  |  |  max-parallelism=10 segment-costs=[267951]
|  |  |  40:SCAN HDFS [tpcds_partitioned_parquet_snap.customer_demographics, RANDOM]
|  |  |     HDFS partitions=1/1 files=1 size=11.15MB
|  |  |     stored statistics:
|  |  |       table: rows=1.92M size=11.15MB
|  |  |       columns: all
|  |  |     extrapolated-rows=disabled max-scan-range-rows=197.97K
|  |  |     mem-estimate=16.00MB mem-reservation=1.00MB thread-reservation=0
|  |  |     tuple-ids=42 row-size=17B cardinality=1.92M cost=138297
|  |  |     in pipelines: 40(GETNEXT)
|  |  |
|  |  68:HASH JOIN [INNER JOIN, PARTITIONED]
|  |  |  hash-table-id=06
|  |  |  hash predicates: tpcds_partitioned_parquet_snap.store_sales_0.ss_customer_sk = tpcds_partitioned_parquet_snap.customer_0.c_customer_sk
|  |  |  fk/pk conjuncts: none
|  |  |  mem-estimate=0B mem-reservation=0B spill-buffer=2.00MB thread-reservation=0
|  |  |  tuple-ids=56,58,64,65,67,69,54,52,71,50,44,46,48 row-size=380B cardinality=16.88M cost=7386413
|  |  |  in pipelines: 50(GETNEXT), 46(OPEN)
|  |  |
|  |  |--F60:PLAN FRAGMENT [HASH(tpcds_partitioned_parquet_snap.store_sales_0.ss_customer_sk)] hosts=10 instances=50 (adjusted from 120)
|  |  |  |  Per-Instance Resources: mem-estimate=92.58MB mem-reservation=34.00MB thread-reservation=1
|  |  |  |  max-parallelism=60 segment-costs=[51067488] cpu-comparison-result=90 [max(90 (self) vs 40 (sum children))]
|  |  |  JOIN BUILD
|  |  |  |  join-table-id=06 plan-id=07 cohort-id=03
|  |  |  |  build expressions: tpcds_partitioned_parquet_snap.customer_0.c_customer_sk
|  |  |  |  runtime filters: RF059[min_max] <- tpcds_partitioned_parquet_snap.customer_0.c_customer_sk
|  |  |  |  mem-estimate=78.79MB mem-reservation=34.00MB spill-buffer=2.00MB thread-reservation=0 cost=29284165
|  |  |  |
|  |  |  125:EXCHANGE [HASH(tpcds_partitioned_parquet_snap.customer_0.c_customer_sk)]
|  |  |  |  mem-estimate=13.80MB mem-reservation=0B thread-reservation=0
|  |  |  |  tuple-ids=50,44,46,48 row-size=114B cardinality=29.28M cost=21783323
|  |  |  |  in pipelines: 46(GETNEXT)
|  |  |  |
|  |  |  F44:PLAN FRAGMENT [HASH(tpcds_partitioned_parquet_snap.customer_address_1.ca_address_sk)] hosts=10 instances=30 (adjusted from 10)
|  |  |  Per-Instance Resources: mem-estimate=36.10MB mem-reservation=0B thread-reservation=1
|  |  |  max-parallelism=30 segment-costs=[290676835]
|  |  |  47:HASH JOIN [INNER JOIN, PARTITIONED]
|  |  |  |  hash-table-id=07
|  |  |  |  hash predicates: tpcds_partitioned_parquet_snap.customer_address_1.ca_address_sk = tpcds_partitioned_parquet_snap.customer_0.c_current_addr_sk
|  |  |  |  fk/pk conjuncts: tpcds_partitioned_parquet_snap.customer_address_1.ca_address_sk = tpcds_partitioned_parquet_snap.customer_0.c_current_addr_sk
|  |  |  |  mem-estimate=0B mem-reservation=0B spill-buffer=2.00MB thread-reservation=0
|  |  |  |  tuple-ids=50,44,46,48 row-size=114B cardinality=29.28M cost=9153790
|  |  |  |  in pipelines: 46(GETNEXT), 41(OPEN)
|  |  |  |
|  |  |  |--F61:PLAN FRAGMENT [HASH(tpcds_partitioned_parquet_snap.customer_address_1.ca_address_sk)] hosts=10 instances=30 (adjusted from 10)
|  |  |  |  |  Per-Instance Resources: mem-estimate=77.69MB mem-reservation=34.00MB thread-reservation=1
|  |  |  |  |  max-parallelism=30 segment-costs=[39542407] cpu-comparison-result=40 [max(40 (self) vs 11 (sum children))]
|  |  |  |  JOIN BUILD
|  |  |  |  |  join-table-id=07 plan-id=08 cohort-id=04
|  |  |  |  |  build expressions: tpcds_partitioned_parquet_snap.customer_0.c_current_addr_sk
|  |  |  |  |  runtime filters: RF081[min_max] <- tpcds_partitioned_parquet_snap.customer_0.c_current_addr_sk
|  |  |  |  |  mem-estimate=67.22MB mem-reservation=34.00MB spill-buffer=2.00MB thread-reservation=0 cost=29284165
|  |  |  |  |
|  |  |  |  123:EXCHANGE [HASH(tpcds_partitioned_parquet_snap.customer_0.c_current_addr_sk)]
|  |  |  |  |  mem-estimate=10.47MB mem-reservation=0B thread-reservation=0
|  |  |  |  |  tuple-ids=44,46,48 row-size=36B cardinality=29.28M cost=10258242
|  |  |  |  |  in pipelines: 41(GETNEXT)
|  |  |  |  |
|  |  |  |  F41:PLAN FRAGMENT [RANDOM] hosts=10 instances=10
|  |  |  |  Per-Instance Resources: mem-estimate=21.62MB mem-reservation=1.00MB thread-reservation=1
|  |  |  |  max-parallelism=10 segment-costs=[136339692]
|  |  |  |  45:HASH JOIN [INNER JOIN, BROADCAST]
|  |  |  |  |  hash-table-id=08
|  |  |  |  |  hash predicates: tpcds_partitioned_parquet_snap.customer_0.c_current_hdemo_sk = tpcds_partitioned_parquet_snap.household_demographics_1.hd_demo_sk
|  |  |  |  |  fk/pk conjuncts: tpcds_partitioned_parquet_snap.customer_0.c_current_hdemo_sk = tpcds_partitioned_parquet_snap.household_demographics_1.hd_demo_sk
|  |  |  |  |  mem-estimate=0B mem-reservation=0B spill-buffer=64.00KB thread-reservation=0
|  |  |  |  |  tuple-ids=44,46,48 row-size=36B cardinality=29.28M cost=12817679
|  |  |  |  |  in pipelines: 41(GETNEXT), 42(OPEN)
|  |  |  |  |
|  |  |  |  |--F62:PLAN FRAGMENT [RANDOM] hosts=10 instances=10
|  |  |  |  |  |  Per-Instance Resources: mem-estimate=2.04MB mem-reservation=1.94MB thread-reservation=1
|  |  |  |  |  |  max-parallelism=10 segment-costs=[16760] cpu-comparison-result=11 [max(11 (self) vs 2 (sum children))]
|  |  |  |  |  JOIN BUILD
|  |  |  |  |  |  join-table-id=08 plan-id=09 cohort-id=05
|  |  |  |  |  |  build expressions: tpcds_partitioned_parquet_snap.household_demographics_1.hd_demo_sk
|  |  |  |  |  |  runtime filters: RF083[min_max] <- tpcds_partitioned_parquet_snap.household_demographics_1.hd_demo_sk
|  |  |  |  |  |  mem-estimate=1.94MB mem-reservation=1.94MB spill-buffer=64.00KB thread-reservation=0 cost=7200
|  |  |  |  |  |
|  |  |  |  |  121:EXCHANGE [BROADCAST]
|  |  |  |  |  |  mem-estimate=104.38KB mem-reservation=0B thread-reservation=0
|  |  |  |  |  |  tuple-ids=46,48 row-size=12B cardinality=7.20K cost=9560
|  |  |  |  |  |  in pipelines: 42(GETNEXT)
|  |  |  |  |  |
|  |  |  |  |  F42:PLAN FRAGMENT [RANDOM] hosts=1 instances=1
|  |  |  |  |  Per-Instance Resources: mem-estimate=16.08MB mem-reservation=64.00KB thread-reservation=1
|  |  |  |  |  max-parallelism=1 segment-costs=[4524]
|  |  |  |  |  44:HASH JOIN [INNER JOIN, BROADCAST]
|  |  |  |  |  |  hash-table-id=09
|  |  |  |  |  |  hash predicates: tpcds_partitioned_parquet_snap.household_demographics_1.hd_income_band_sk = tpcds_partitioned_parquet_snap.income_band_1.ib_income_band_sk
|  |  |  |  |  |  fk/pk conjuncts: tpcds_partitioned_parquet_snap.household_demographics_1.hd_income_band_sk = tpcds_partitioned_parquet_snap.income_band_1.ib_income_band_sk
|  |  |  |  |  |  mem-estimate=0B mem-reservation=0B spill-buffer=64.00KB thread-reservation=0
|  |  |  |  |  |  tuple-ids=46,48 row-size=12B cardinality=7.20K cost=3151
|  |  |  |  |  |  in pipelines: 42(GETNEXT), 43(OPEN)
|  |  |  |  |  |
|  |  |  |  |  |--F63:PLAN FRAGMENT [RANDOM] hosts=1 instances=1
|  |  |  |  |  |  |  Per-Instance Resources: mem-estimate=1.95MB mem-reservation=1.94MB thread-reservation=1
|  |  |  |  |  |  |  max-parallelism=1 segment-costs=[22]
|  |  |  |  |  |  JOIN BUILD
|  |  |  |  |  |  |  join-table-id=09 plan-id=10 cohort-id=06
|  |  |  |  |  |  |  build expressions: tpcds_partitioned_parquet_snap.income_band_1.ib_income_band_sk
|  |  |  |  |  |  |  runtime filters: RF085[min_max] <- tpcds_partitioned_parquet_snap.income_band_1.ib_income_band_sk
|  |  |  |  |  |  |  mem-estimate=1.94MB mem-reservation=1.94MB spill-buffer=64.00KB thread-reservation=0 cost=20
|  |  |  |  |  |  |
|  |  |  |  |  |  120:EXCHANGE [BROADCAST]
|  |  |  |  |  |  |  mem-estimate=16.00KB mem-reservation=0B thread-reservation=0
|  |  |  |  |  |  |  tuple-ids=48 row-size=4B cardinality=20 cost=2
|  |  |  |  |  |  |  in pipelines: 43(GETNEXT)
|  |  |  |  |  |  |
|  |  |  |  |  |  F43:PLAN FRAGMENT [RANDOM] hosts=1 instances=1
|  |  |  |  |  |  Per-Instance Resources: mem-estimate=16.03MB mem-reservation=8.00KB thread-reservation=1
|  |  |  |  |  |  max-parallelism=1 segment-costs=[1]
|  |  |  |  |  |  43:SCAN HDFS [tpcds_partitioned_parquet_snap.income_band, RANDOM]
|  |  |  |  |  |     HDFS partitions=1/1 files=1 size=1.22KB
|  |  |  |  |  |     stored statistics:
|  |  |  |  |  |       table: rows=20 size=1.22KB
|  |  |  |  |  |       columns: all
|  |  |  |  |  |     extrapolated-rows=disabled max-scan-range-rows=20
|  |  |  |  |  |     mem-estimate=16.00MB mem-reservation=8.00KB thread-reservation=0
|  |  |  |  |  |     tuple-ids=48 row-size=4B cardinality=20 cost=1
|  |  |  |  |  |     in pipelines: 43(GETNEXT)
|  |  |  |  |  |
|  |  |  |  |  42:SCAN HDFS [tpcds_partitioned_parquet_snap.household_demographics, RANDOM]
|  |  |  |  |     HDFS partitions=1/1 files=1 size=41.69KB
|  |  |  |  |     runtime filters: RF085[min_max] -> tpcds_partitioned_parquet_snap.household_demographics_1.hd_income_band_sk
|  |  |  |  |     stored statistics:
|  |  |  |  |       table: rows=7.20K size=41.69KB
|  |  |  |  |       columns: all
|  |  |  |  |     extrapolated-rows=disabled max-scan-range-rows=7.20K
|  |  |  |  |     mem-estimate=16.00MB mem-reservation=64.00KB thread-reservation=0
|  |  |  |  |     tuple-ids=46 row-size=8B cardinality=7.20K cost=829
|  |  |  |  |     in pipelines: 42(GETNEXT)
|  |  |  |  |
|  |  |  |  41:SCAN HDFS [tpcds_partitioned_parquet_snap.customer, RANDOM]
|  |  |  |     HDFS partitions=1/1 files=1 size=1.55GB
|  |  |  |     runtime filters: RF083[min_max] -> tpcds_partitioned_parquet_snap.customer_0.c_current_hdemo_sk, RF049[min_max] -> tpcds_partitioned_parquet_snap.customer_0.c_first_shipto_date_sk, RF051[min_max] -> tpcds_partitioned_parquet_snap.customer_0.c_first_sales_date_sk, RF057[min_max] -> tpcds_partitioned_parquet_snap.customer_0.c_current_cdemo_sk
|  |  |  |     stored statistics:
|  |  |  |       table: rows=30.00M size=1.55GB
|  |  |  |       columns: all
|  |  |  |     extrapolated-rows=disabled max-scan-range-rows=3.10M
|  |  |  |     mem-estimate=16.00MB mem-reservation=1.00MB thread-reservation=0
|  |  |  |     tuple-ids=44 row-size=24B cardinality=29.28M(filtered from 30.00M) cost=10368000
|  |  |  |     in pipelines: 41(GETNEXT)
|  |  |  |
|  |  |  122:EXCHANGE [HASH(tpcds_partitioned_parquet_snap.customer_address_1.ca_address_sk)]
|  |  |  |  mem-estimate=10.80MB mem-reservation=0B thread-reservation=0
|  |  |  |  tuple-ids=50 row-size=78B cardinality=15.00M cost=7017902
|  |  |  |  in pipelines: 46(GETNEXT)
|  |  |  |
|  |  |  F40:PLAN FRAGMENT [RANDOM] hosts=10 instances=10
|  |  |  Per-Instance Resources: mem-estimate=25.56MB mem-reservation=128.00KB thread-reservation=1
|  |  |  max-parallelism=10 segment-costs=[89031849]
|  |  |  46:SCAN HDFS [tpcds_partitioned_parquet_snap.customer_address, RANDOM]
|  |  |     HDFS partitions=1/1 files=1 size=307.36MB
|  |  |     runtime filters: RF081[min_max] -> tpcds_partitioned_parquet_snap.customer_address_1.ca_address_sk
|  |  |     stored statistics:
|  |  |       table: rows=15.00M size=307.36MB
|  |  |       columns: all
|  |  |     extrapolated-rows=disabled max-scan-range-rows=1.58M
|  |  |     mem-estimate=16.00MB mem-reservation=128.00KB thread-reservation=0
|  |  |     tuple-ids=50 row-size=78B cardinality=15.00M cost=6384216
|  |  |     in pipelines: 46(GETNEXT)
|  |  |
|  |  124:EXCHANGE [HASH(tpcds_partitioned_parquet_snap.store_sales_0.ss_customer_sk)]
|  |  |  mem-estimate=18.87MB mem-reservation=0B thread-reservation=0
|  |  |  tuple-ids=56,58,64,65,67,69,54,52,71 row-size=267B cardinality=16.88M cost=27553162
|  |  |  in pipelines: 50(GETNEXT)
|  |  |
|  |  F38:PLAN FRAGMENT [HASH(tpcds_partitioned_parquet_snap.store_sales_0.ss_addr_sk)] hosts=10 instances=30 (adjusted from 120)
|  |  Per-Instance Resources: mem-estimate=94.13MB mem-reservation=0B thread-reservation=1
|  |  max-parallelism=50 segment-costs=[402943288]
|  |  67:HASH JOIN [INNER JOIN, BROADCAST]
|  |  |  hash-table-id=10
|  |  |  hash predicates: tpcds_partitioned_parquet_snap.store_sales_0.ss_promo_sk = tpcds_partitioned_parquet_snap.promotion_0.p_promo_sk
|  |  |  fk/pk conjuncts: tpcds_partitioned_parquet_snap.store_sales_0.ss_promo_sk = tpcds_partitioned_parquet_snap.promotion_0.p_promo_sk
|  |  |  mem-estimate=0B mem-reservation=0B spill-buffer=64.00KB thread-reservation=0
|  |  |  tuple-ids=56,58,64,65,67,69,54,52,71 row-size=267B cardinality=16.88M cost=7386413
|  |  |  in pipelines: 50(GETNEXT), 66(OPEN)
|  |  |
|  |  |--F64:PLAN FRAGMENT [HASH(tpcds_partitioned_parquet_snap.store_sales_0.ss_addr_sk)] hosts=10 instances=10
|  |  |  |  Per-Instance Resources: mem-estimate=5.83MB mem-reservation=5.81MB thread-reservation=1
|  |  |  |  max-parallelism=10 segment-costs=[4190]
|  |  |  JOIN BUILD
|  |  |  |  join-table-id=10 plan-id=11 cohort-id=03
|  |  |  |  build expressions: tpcds_partitioned_parquet_snap.promotion_0.p_promo_sk
|  |  |  |  runtime filters: RF061[min_max] <- tpcds_partitioned_parquet_snap.promotion_0.p_promo_sk
|  |  |  |  mem-estimate=5.81MB mem-reservation=5.81MB spill-buffer=64.00KB thread-reservation=0 cost=1800
|  |  |  |
|  |  |  119:EXCHANGE [BROADCAST]
|  |  |  |  mem-estimate=16.00KB mem-reservation=0B thread-reservation=0
|  |  |  |  tuple-ids=71 row-size=4B cardinality=1.80K cost=2390
|  |  |  |  in pipelines: 66(GETNEXT)
|  |  |  |
|  |  |  F39:PLAN FRAGMENT [RANDOM] hosts=1 instances=1
|  |  |  Per-Instance Resources: mem-estimate=16.03MB mem-reservation=32.00KB thread-reservation=1
|  |  |  max-parallelism=1 segment-costs=[161]
|  |  |  66:SCAN HDFS [tpcds_partitioned_parquet_snap.promotion, RANDOM]
|  |  |     HDFS partitions=1/1 files=1 size=100.50KB
|  |  |     stored statistics:
|  |  |       table: rows=1.80K size=100.50KB
|  |  |       columns: all
|  |  |     extrapolated-rows=disabled max-scan-range-rows=1.80K
|  |  |     mem-estimate=16.00MB mem-reservation=32.00KB thread-reservation=0
|  |  |     tuple-ids=71 row-size=4B cardinality=1.80K cost=103
|  |  |     in pipelines: 66(GETNEXT)
|  |  |
|  |  65:HASH JOIN [INNER JOIN, PARTITIONED]
|  |  |  hash-table-id=11
|  |  |  hash predicates: tpcds_partitioned_parquet_snap.store_sales_0.ss_addr_sk = tpcds_partitioned_parquet_snap.customer_address_2.ca_address_sk
|  |  |  fk/pk conjuncts: none
|  |  |  mem-estimate=0B mem-reservation=0B spill-buffer=2.00MB thread-reservation=0
|  |  |  tuple-ids=56,58,64,65,67,69,54,52 row-size=263B cardinality=16.88M cost=7386413
|  |  |  in pipelines: 50(GETNEXT), 48(OPEN)
|  |  |
|  |  |--F65:PLAN FRAGMENT [HASH(tpcds_partitioned_parquet_snap.store_sales_0.ss_addr_sk)] hosts=10 instances=30 (adjusted from 120)
|  |  |  |  Per-Instance Resources: mem-estimate=60.58MB mem-reservation=34.00MB thread-reservation=1
|  |  |  |  max-parallelism=50 segment-costs=[22017902]
|  |  |  JOIN BUILD
|  |  |  |  join-table-id=11 plan-id=12 cohort-id=03
|  |  |  |  build expressions: tpcds_partitioned_parquet_snap.customer_address_2.ca_address_sk
|  |  |  |  runtime filters: RF063[min_max] <- tpcds_partitioned_parquet_snap.customer_address_2.ca_address_sk
|  |  |  |  mem-estimate=49.78MB mem-reservation=34.00MB spill-buffer=2.00MB thread-reservation=0 cost=15000000
|  |  |  |
|  |  |  118:EXCHANGE [HASH(tpcds_partitioned_parquet_snap.customer_address_2.ca_address_sk)]
|  |  |  |  mem-estimate=10.80MB mem-reservation=0B thread-reservation=0
|  |  |  |  tuple-ids=52 row-size=78B cardinality=15.00M cost=7017902
|  |  |  |  in pipelines: 48(GETNEXT)
|  |  |  |
|  |  |  F37:PLAN FRAGMENT [RANDOM] hosts=10 instances=10
|  |  |  Per-Instance Resources: mem-estimate=25.56MB mem-reservation=128.00KB thread-reservation=1
|  |  |  max-parallelism=10 segment-costs=[89031849]
|  |  |  48:SCAN HDFS [tpcds_partitioned_parquet_snap.customer_address, RANDOM]
|  |  |     HDFS partitions=1/1 files=1 size=307.36MB
|  |  |     stored statistics:
|  |  |       table: rows=15.00M size=307.36MB
|  |  |       columns: all
|  |  |     extrapolated-rows=disabled max-scan-range-rows=1.58M
|  |  |     mem-estimate=16.00MB mem-reservation=128.00KB thread-reservation=0
|  |  |     tuple-ids=52 row-size=78B cardinality=15.00M cost=6384216
|  |  |     in pipelines: 48(GETNEXT)
|  |  |
|  |  117:EXCHANGE [HASH(tpcds_partitioned_parquet_snap.store_sales_0.ss_addr_sk)]
|  |  |  mem-estimate=34.99MB mem-reservation=0B thread-reservation=0
|  |  |  tuple-ids=56,58,64,65,67,69,54 row-size=185B cardinality=16.88M cost=19980103
|  |  |  in pipelines: 50(GETNEXT)
|  |  |
|  |  F27:PLAN FRAGMENT [RANDOM] hosts=10 instances=120
|  |  Per-Host Shared Resources: mem-estimate=2.00MB mem-reservation=2.00MB thread-reservation=0 runtime-filters-memory=2.00MB
|  |  Per-Instance Resources: mem-estimate=40.99MB mem-reservation=8.00MB thread-reservation=1
|  |  max-parallelism=220 segment-costs=[2153651355]
|  |  64:HASH JOIN [INNER JOIN, BROADCAST]
|  |  |  hash-table-id=12
|  |  |  hash predicates: tpcds_partitioned_parquet_snap.store_sales_0.ss_cdemo_sk = tpcds_partitioned_parquet_snap.customer_demographics_2.cd_demo_sk
|  |  |  fk/pk conjuncts: none
|  |  |  mem-estimate=0B mem-reservation=0B spill-buffer=2.00MB thread-reservation=0
|  |  |  tuple-ids=56,58,64,65,67,69,54 row-size=185B cardinality=16.88M cost=7386413
|  |  |  in pipelines: 50(GETNEXT), 49(OPEN)
|  |  |
|  |  |--F66:PLAN FRAGMENT [RANDOM] hosts=10 instances=10
|  |  |  |  Per-Instance Resources: mem-estimate=418.21MB mem-reservation=408.00MB thread-reservation=1
|  |  |  |  max-parallelism=10 segment-costs=[4473540]
|  |  |  JOIN BUILD
|  |  |  |  join-table-id=12 plan-id=13 cohort-id=03
|  |  |  |  build expressions: tpcds_partitioned_parquet_snap.customer_demographics_2.cd_demo_sk
|  |  |  |  runtime filters: RF065[min_max] <- tpcds_partitioned_parquet_snap.customer_demographics_2.cd_demo_sk
|  |  |  |  mem-estimate=408.00MB mem-reservation=408.00MB spill-buffer=2.00MB thread-reservation=0 cost=1920800
|  |  |  |
|  |  |  116:EXCHANGE [BROADCAST]
|  |  |  |  mem-estimate=10.21MB mem-reservation=0B thread-reservation=0
|  |  |  |  tuple-ids=54 row-size=17B cardinality=1.92M cost=2552740
|  |  |  |  in pipelines: 49(GETNEXT)
|  |  |  |
|  |  |  F36:PLAN FRAGMENT [RANDOM] hosts=10 instances=10
|  |  |  Per-Instance Resources: mem-estimate=16.08MB mem-reservation=1.00MB thread-reservation=1
|  |  |  max-parallelism=10 segment-costs=[267951]
|  |  |  49:SCAN HDFS [tpcds_partitioned_parquet_snap.customer_demographics, RANDOM]
|  |  |     HDFS partitions=1/1 files=1 size=11.15MB
|  |  |     stored statistics:
|  |  |       table: rows=1.92M size=11.15MB
|  |  |       columns: all
|  |  |     extrapolated-rows=disabled max-scan-range-rows=197.97K
|  |  |     mem-estimate=16.00MB mem-reservation=1.00MB thread-reservation=0
|  |  |     tuple-ids=54 row-size=17B cardinality=1.92M cost=138297
|  |  |     in pipelines: 49(GETNEXT)
|  |  |
|  |  63:HASH JOIN [INNER JOIN, BROADCAST]
|  |  |  hash-table-id=13
|  |  |  hash predicates: tpcds_partitioned_parquet_snap.store_sales_0.ss_hdemo_sk = tpcds_partitioned_parquet_snap.household_demographics_2.hd_demo_sk
|  |  |  fk/pk conjuncts: tpcds_partitioned_parquet_snap.store_sales_0.ss_hdemo_sk = tpcds_partitioned_parquet_snap.household_demographics_2.hd_demo_sk
|  |  |  mem-estimate=0B mem-reservation=0B spill-buffer=64.00KB thread-reservation=0
|  |  |  tuple-ids=56,58,64,65,67,69 row-size=168B cardinality=16.88M cost=7492223
|  |  |  in pipelines: 50(GETNEXT), 60(OPEN)
|  |  |
|  |  |--F67:PLAN FRAGMENT [RANDOM] hosts=10 instances=10
|  |  |  |  Per-Instance Resources: mem-estimate=23.35MB mem-reservation=23.25MB thread-reservation=1
|  |  |  |  max-parallelism=10 segment-costs=[16760] cpu-comparison-result=11 [max(11 (self) vs 2 (sum children))]
|  |  |  JOIN BUILD
|  |  |  |  join-table-id=13 plan-id=14 cohort-id=03
|  |  |  |  build expressions: tpcds_partitioned_parquet_snap.household_demographics_2.hd_demo_sk
|  |  |  |  runtime filters: RF067[min_max] <- tpcds_partitioned_parquet_snap.household_demographics_2.hd_demo_sk
|  |  |  |  mem-estimate=23.25MB mem-reservation=23.25MB spill-buffer=64.00KB thread-reservation=0 cost=7200
|  |  |  |
|  |  |  115:EXCHANGE [BROADCAST]
|  |  |  |  mem-estimate=104.38KB mem-reservation=0B thread-reservation=0
|  |  |  |  tuple-ids=67,69 row-size=12B cardinality=7.20K cost=9560
|  |  |  |  in pipelines: 60(GETNEXT)
|  |  |  |
|  |  |  F34:PLAN FRAGMENT [RANDOM] hosts=1 instances=1
|  |  |  Per-Instance Resources: mem-estimate=16.08MB mem-reservation=64.00KB thread-reservation=1
|  |  |  max-parallelism=1 segment-costs=[4524]
|  |  |  62:HASH JOIN [INNER JOIN, BROADCAST]
|  |  |  |  hash-table-id=14
|  |  |  |  hash predicates: tpcds_partitioned_parquet_snap.household_demographics_2.hd_income_band_sk = tpcds_partitioned_parquet_snap.income_band_2.ib_income_band_sk
|  |  |  |  fk/pk conjuncts: tpcds_partitioned_parquet_snap.household_demographics_2.hd_income_band_sk = tpcds_partitioned_parquet_snap.income_band_2.ib_income_band_sk
|  |  |  |  mem-estimate=0B mem-reservation=0B spill-buffer=64.00KB thread-reservation=0
|  |  |  |  tuple-ids=67,69 row-size=12B cardinality=7.20K cost=3151
|  |  |  |  in pipelines: 60(GETNEXT), 61(OPEN)
|  |  |  |
|  |  |  |--F68:PLAN FRAGMENT [RANDOM] hosts=1 instances=1
|  |  |  |  |  Per-Instance Resources: mem-estimate=1.95MB mem-reservation=1.94MB thread-reservation=1
|  |  |  |  |  max-parallelism=1 segment-costs=[22]
|  |  |  |  JOIN BUILD
|  |  |  |  |  join-table-id=14 plan-id=15 cohort-id=07
|  |  |  |  |  build expressions: tpcds_partitioned_parquet_snap.income_band_2.ib_income_band_sk
|  |  |  |  |  runtime filters: RF079[min_max] <- tpcds_partitioned_parquet_snap.income_band_2.ib_income_band_sk
|  |  |  |  |  mem-estimate=1.94MB mem-reservation=1.94MB spill-buffer=64.00KB thread-reservation=0 cost=20
|  |  |  |  |
|  |  |  |  114:EXCHANGE [BROADCAST]
|  |  |  |  |  mem-estimate=16.00KB mem-reservation=0B thread-reservation=0
|  |  |  |  |  tuple-ids=69 row-size=4B cardinality=20 cost=2
|  |  |  |  |  in pipelines: 61(GETNEXT)
|  |  |  |  |
|  |  |  |  F35:PLAN FRAGMENT [RANDOM] hosts=1 instances=1
|  |  |  |  Per-Instance Resources: mem-estimate=16.03MB mem-reservation=8.00KB thread-reservation=1
|  |  |  |  max-parallelism=1 segment-costs=[1]
|  |  |  |  61:SCAN HDFS [tpcds_partitioned_parquet_snap.income_band, RANDOM]
|  |  |  |     HDFS partitions=1/1 files=1 size=1.22KB
|  |  |  |     stored statistics:
|  |  |  |       table: rows=20 size=1.22KB
|  |  |  |       columns: all
|  |  |  |     extrapolated-rows=disabled max-scan-range-rows=20
|  |  |  |     mem-estimate=16.00MB mem-reservation=8.00KB thread-reservation=0
|  |  |  |     tuple-ids=69 row-size=4B cardinality=20 cost=1
|  |  |  |     in pipelines: 61(GETNEXT)
|  |  |  |
|  |  |  60:SCAN HDFS [tpcds_partitioned_parquet_snap.household_demographics, RANDOM]
|  |  |     HDFS partitions=1/1 files=1 size=41.69KB
|  |  |     runtime filters: RF079[min_max] -> tpcds_partitioned_parquet_snap.household_demographics_2.hd_income_band_sk
|  |  |     stored statistics:
|  |  |       table: rows=7.20K size=41.69KB
|  |  |       columns: all
|  |  |     extrapolated-rows=disabled max-scan-range-rows=7.20K
|  |  |     mem-estimate=16.00MB mem-reservation=64.00KB thread-reservation=0
|  |  |     tuple-ids=67 row-size=8B cardinality=7.20K cost=829
|  |  |     in pipelines: 60(GETNEXT)
|  |  |
|  |  59:HASH JOIN [INNER JOIN, BROADCAST]
|  |  |  hash-table-id=15
|  |  |  hash predicates: tpcds_partitioned_parquet_snap.store_sales_0.ss_item_sk = tpcds_partitioned_parquet_snap.item_0.i_item_sk
|  |  |  fk/pk conjuncts: tpcds_partitioned_parquet_snap.store_sales_0.ss_item_sk = tpcds_partitioned_parquet_snap.item_0.i_item_sk
|  |  |  mem-estimate=0B mem-reservation=0B spill-buffer=64.00KB thread-reservation=0
|  |  |  tuple-ids=56,58,64,65 row-size=156B cardinality=17.29M cost=224746951
|  |  |  in pipelines: 50(GETNEXT), 58(OPEN)
|  |  |
|  |  |--F69:PLAN FRAGMENT [RANDOM] hosts=10 instances=10
|  |  |  |  Per-Instance Resources: mem-estimate=24.91MB mem-reservation=24.25MB thread-reservation=1 runtime-filters-memory=1.00MB
|  |  |  |  max-parallelism=10 segment-costs=[16777]
|  |  |  JOIN BUILD
|  |  |  |  join-table-id=15 plan-id=16 cohort-id=03
|  |  |  |  build expressions: tpcds_partitioned_parquet_snap.item_0.i_item_sk
|  |  |  |  runtime filters: RF068[bloom] <- tpcds_partitioned_parquet_snap.item_0.i_item_sk, RF069[min_max] <- tpcds_partitioned_parquet_snap.item_0.i_item_sk
|  |  |  |  mem-estimate=23.25MB mem-reservation=23.25MB spill-buffer=64.00KB thread-reservation=0 cost=7207
|  |  |  |
|  |  |  113:EXCHANGE [BROADCAST]
|  |  |  |  mem-estimate=680.86KB mem-reservation=0B thread-reservation=0
|  |  |  |  tuple-ids=65 row-size=60B cardinality=7.21K cost=9570
|  |  |  |  in pipelines: 58(GETNEXT)
|  |  |  |
|  |  |  F33:PLAN FRAGMENT [RANDOM] hosts=4 instances=4
|  |  |  Per-Instance Resources: mem-estimate=16.25MB mem-reservation=512.00KB thread-reservation=1
|  |  |  max-parallelism=4 segment-costs=[249852]
|  |  |  58:SCAN HDFS [tpcds_partitioned_parquet_snap.item, RANDOM]
|  |  |     HDFS partitions=1/1 files=1 size=33.54MB
|  |  |     predicates: is_not_null_pred(tpcds_partitioned_parquet_snap.item_0.i_item_sk), tpcds_partitioned_parquet_snap.item_0.i_color = 'almond' OR tpcds_partitioned_parquet_snap.item_0.i_color = 'chocolate' OR tpcds_partitioned_parquet_snap.item_0.i_color = 'drab' OR tpcds_partitioned_parquet_snap.item_0.i_color = 'misty' OR tpcds_partitioned_parquet_snap.item_0.i_color = 'peach' OR tpcds_partitioned_parquet_snap.item_0.i_color = 'saddle', tpcds_partitioned_parquet_snap.item_0.i_current_price <= CAST(add(CAST(75 AS SMALLINT), CAST(10 AS SMALLINT)) AS DECIMAL(5,0)), tpcds_partitioned_parquet_snap.item_0.i_current_price <= CAST(add(CAST(75 AS SMALLINT), CAST(15 AS SMALLINT)) AS DECIMAL(5,0)), tpcds_partitioned_parquet_snap.item_0.i_current_price >= CAST(75 AS DECIMAL(3,0)), tpcds_partitioned_parquet_snap.item_0.i_current_price >= CAST(add(CAST(75 AS SMALLINT), CAST(1 AS SMALLINT)) AS DECIMAL(5,0))
|  |  |     stored statistics:
|  |  |       table: rows=360.00K size=33.54MB
|  |  |       columns: all
|  |  |     extrapolated-rows=disabled max-scan-range-rows=101.54K
|  |  |     parquet statistics predicates: tpcds_partitioned_parquet_snap.item_0.i_current_price <= CAST(add(CAST(75 AS SMALLINT), CAST(10 AS SMALLINT)) AS DECIMAL(5,0)), tpcds_partitioned_parquet_snap.item_0.i_current_price <= CAST(add(CAST(75 AS SMALLINT), CAST(15 AS SMALLINT)) AS DECIMAL(5,0)), tpcds_partitioned_parquet_snap.item_0.i_current_price >= CAST(75 AS DECIMAL(3,0)), tpcds_partitioned_parquet_snap.item_0.i_current_price >= CAST(add(CAST(75 AS SMALLINT), CAST(1 AS SMALLINT)) AS DECIMAL(5,0))
|  |  |     parquet dictionary predicates: is_not_null_pred(tpcds_partitioned_parquet_snap.item_0.i_item_sk), tpcds_partitioned_parquet_snap.item_0.i_color = 'almond' OR tpcds_partitioned_parquet_snap.item_0.i_color = 'chocolate' OR tpcds_partitioned_parquet_snap.item_0.i_color = 'drab' OR tpcds_partitioned_parquet_snap.item_0.i_color = 'misty' OR tpcds_partitioned_parquet_snap.item_0.i_color = 'peach' OR tpcds_partitioned_parquet_snap.item_0.i_color = 'saddle', tpcds_partitioned_parquet_snap.item_0.i_current_price <= CAST(add(CAST(75 AS SMALLINT), CAST(10 AS SMALLINT)) AS DECIMAL(5,0)), tpcds_partitioned_parquet_snap.item_0.i_current_price <= CAST(add(CAST(75 AS SMALLINT), CAST(15 AS SMALLINT)) AS DECIMAL(5,0)), tpcds_partitioned_parquet_snap.item_0.i_current_price >= CAST(75 AS DECIMAL(3,0)), tpcds_partitioned_parquet_snap.item_0.i_current_price >= CAST(add(CAST(75 AS SMALLINT), CAST(1 AS SMALLINT)) AS DECIMAL(5,0))
|  |  |     mem-estimate=16.00MB mem-reservation=512.00KB thread-reservation=0
|  |  |     tuple-ids=65 row-size=60B cardinality=7.21K cost=248525
|  |  |     in pipelines: 58(GETNEXT)
|  |  |
|  |  57:HASH JOIN [INNER JOIN, BROADCAST]
|  |  |  hash-table-id=16
|  |  |  hash predicates: tpcds_partitioned_parquet_snap.store_sales_0.ss_item_sk = tpcds_partitioned_parquet_snap.catalog_sales_0.cs_item_sk
|  |  |  fk/pk conjuncts: none
|  |  |  mem-estimate=0B mem-reservation=0B spill-buffer=128.00KB thread-reservation=0
|  |  |  tuple-ids=56,58,64 row-size=96B cardinality=863.99M cost=201874802
|  |  |  in pipelines: 50(GETNEXT), 111(OPEN)
|  |  |
|  |  |--F70:PLAN FRAGMENT [RANDOM] hosts=10 instances=10
|  |  |  |  Per-Instance Resources: mem-estimate=36.13MB mem-reservation=34.50MB thread-reservation=1
|  |  |  |  max-parallelism=10 segment-costs=[83878] cpu-comparison-result=240 [max(10 (self) vs 240 (sum children))]
|  |  |  JOIN BUILD
|  |  |  |  join-table-id=16 plan-id=17 cohort-id=03
|  |  |  |  build expressions: tpcds_partitioned_parquet_snap.catalog_sales_0.cs_item_sk
|  |  |  |  runtime filters: RF071[min_max] <- tpcds_partitioned_parquet_snap.catalog_sales_0.cs_item_sk
|  |  |  |  mem-estimate=34.50MB mem-reservation=34.50MB spill-buffer=128.00KB thread-reservation=0 cost=36018
|  |  |  |
|  |  |  112:EXCHANGE [BROADCAST]
|  |  |  |  mem-estimate=1.63MB mem-reservation=0B thread-reservation=0
|  |  |  |  tuple-ids=64 row-size=36B cardinality=36.02K cost=47860
|  |  |  |  in pipelines: 111(GETNEXT)
|  |  |  |
|  |  |  F32:PLAN FRAGMENT [HASH(tpcds_partitioned_parquet_snap.catalog_sales_0.cs_item_sk)] hosts=10 instances=10 (adjusted from 120)
|  |  |  Per-Instance Resources: mem-estimate=24.69MB mem-reservation=2.88MB thread-reservation=1
|  |  |  max-parallelism=10 segment-costs=[28566307, 4278] cpu-comparison-result=240 [max(10 (self) vs 240 (sum children))]
|  |  |  111:AGGREGATE [FINALIZE]
|  |  |  |  output: sum:merge(tpcds_partitioned_parquet_snap.catalog_sales_0.cs_ext_list_price), sum:merge(add(add(tpcds_partitioned_parquet_snap.catalog_returns_0.cr_refunded_cash, tpcds_partitioned_parquet_snap.catalog_returns_0.cr_reversed_charge), tpcds_partitioned_parquet_snap.catalog_returns_0.cr_store_credit))
|  |  |  |  group by: tpcds_partitioned_parquet_snap.catalog_sales_0.cs_item_sk
|  |  |  |  having: sum(tpcds_partitioned_parquet_snap.catalog_sales_0.cs_ext_list_price) > multiply(CAST(2 AS DECIMAL(3,0)), sum(add(add(tpcds_partitioned_parquet_snap.catalog_returns_0.cr_refunded_cash, tpcds_partitioned_parquet_snap.catalog_returns_0.cr_reversed_charge), tpcds_partitioned_parquet_snap.catalog_returns_0.cr_store_credit)))
|  |  |  |  mem-estimate=10.00MB mem-reservation=2.88MB spill-buffer=128.00KB thread-reservation=0
|  |  |  |  tuple-ids=64 row-size=36B cardinality=36.02K cost=16606891
|  |  |  |  in pipelines: 111(GETNEXT), 53(OPEN)
|  |  |  |
|  |  |  110:EXCHANGE [HASH(tpcds_partitioned_parquet_snap.catalog_sales_0.cs_item_sk)]
|  |  |  |  mem-estimate=14.69MB mem-reservation=0B thread-reservation=0
|  |  |  |  tuple-ids=64 row-size=36B cardinality=43.22M cost=11959416
|  |  |  |  in pipelines: 53(GETNEXT)
|  |  |  |
|  |  |  F31:PLAN FRAGMENT [HASH(tpcds_partitioned_parquet_snap.catalog_sales_0.cs_item_sk,tpcds_partitioned_parquet_snap.catalog_sales_0.cs_order_number)] hosts=10 instances=120
|  |  |  Per-Instance Resources: mem-estimate=23.91MB mem-reservation=2.00MB thread-reservation=1
|  |  |  max-parallelism=330 segment-costs=[3269691390, 122472725] cpu-comparison-result=240 [max(240 (self) vs 230 (sum children))]
|  |  |  56:AGGREGATE [STREAMING]
|  |  |  |  output: sum(tpcds_partitioned_parquet_snap.catalog_sales_0.cs_ext_list_price), sum(add(add(tpcds_partitioned_parquet_snap.catalog_returns_0.cr_refunded_cash, tpcds_partitioned_parquet_snap.catalog_returns_0.cr_reversed_charge), tpcds_partitioned_parquet_snap.catalog_returns_0.cr_store_credit))
|  |  |  |  group by: tpcds_partitioned_parquet_snap.catalog_sales_0.cs_item_sk
|  |  |  |  mem-estimate=10.00MB mem-reservation=2.00MB spill-buffer=64.00KB thread-reservation=0
|  |  |  |  tuple-ids=64 row-size=36B cardinality=43.22M cost=1040366503
|  |  |  |  in pipelines: 53(GETNEXT)
|  |  |  |
|  |  |  55:HASH JOIN [INNER JOIN, PARTITIONED]
|  |  |  |  hash-table-id=17
|  |  |  |  hash predicates: tpcds_partitioned_parquet_snap.catalog_sales_0.cs_item_sk = tpcds_partitioned_parquet_snap.catalog_returns_0.cr_item_sk, tpcds_partitioned_parquet_snap.catalog_sales_0.cs_order_number = tpcds_partitioned_parquet_snap.catalog_returns_0.cr_order_number
|  |  |  |  fk/pk conjuncts: tpcds_partitioned_parquet_snap.catalog_sales_0.cs_item_sk = tpcds_partitioned_parquet_snap.catalog_returns_0.cr_item_sk, tpcds_partitioned_parquet_snap.catalog_sales_0.cs_order_number = tpcds_partitioned_parquet_snap.catalog_returns_0.cr_order_number
|  |  |  |  mem-estimate=0B mem-reservation=0B spill-buffer=2.00MB thread-reservation=0
|  |  |  |  tuple-ids=60,62 row-size=40B cardinality=2.56G cost=1490184428
|  |  |  |  in pipelines: 53(GETNEXT), 54(OPEN)
|  |  |  |
|  |  |  |--F71:PLAN FRAGMENT [HASH(tpcds_partitioned_parquet_snap.catalog_sales_0.cs_item_sk,tpcds_partitioned_parquet_snap.catalog_sales_0.cs_order_number)] hosts=10 instances=120
|  |  |  |  |  Per-Instance Resources: mem-estimate=197.81MB mem-reservation=34.00MB thread-reservation=1
|  |  |  |  |  max-parallelism=330 segment-costs=[527708754]
|  |  |  |  JOIN BUILD
|  |  |  |  |  join-table-id=17 plan-id=18 cohort-id=08
|  |  |  |  |  build expressions: tpcds_partitioned_parquet_snap.catalog_returns_0.cr_item_sk, tpcds_partitioned_parquet_snap.catalog_returns_0.cr_order_number
|  |  |  |  |  runtime filters: RF076[min_max] <- tpcds_partitioned_parquet_snap.catalog_returns_0.cr_item_sk, RF077[min_max] <- tpcds_partitioned_parquet_snap.catalog_returns_0.cr_order_number
|  |  |  |  |  mem-estimate=184.80MB mem-reservation=34.00MB spill-buffer=2.00MB thread-reservation=0 cost=432016991
|  |  |  |  |
|  |  |  |  109:EXCHANGE [HASH(tpcds_partitioned_parquet_snap.catalog_returns_0.cr_item_sk,tpcds_partitioned_parquet_snap.catalog_returns_0.cr_order_number)]
|  |  |  |  |  mem-estimate=13.01MB mem-reservation=0B thread-reservation=0
|  |  |  |  |  tuple-ids=62 row-size=24B cardinality=432.02M cost=95691763
|  |  |  |  |  in pipelines: 54(GETNEXT)
|  |  |  |  |
|  |  |  |  F30:PLAN FRAGMENT [RANDOM] hosts=10 instances=110 (adjusted from 120)
|  |  |  |  Per-Host Shared Resources: mem-estimate=1.00MB mem-reservation=1.00MB thread-reservation=0 runtime-filters-memory=1.00MB
|  |  |  |  Per-Instance Resources: mem-estimate=29.12MB mem-reservation=40.00KB thread-reservation=1
|  |  |  |  max-parallelism=110 segment-costs=[1039605687]
|  |  |  |  54:SCAN HDFS [tpcds_partitioned_parquet_snap.catalog_returns, RANDOM]
|  |  |  |     HDFS partitions=2060/2060 files=2060 size=32.77GB
|  |  |  |     runtime filters: RF069[min_max] -> tpcds_partitioned_parquet_snap.catalog_returns_0.cr_item_sk, RF068[bloom] -> tpcds_partitioned_parquet_snap.catalog_returns_0.cr_item_sk
|  |  |  |     stored statistics:
|  |  |  |       table: rows=432.02M size=32.77GB
|  |  |  |       partitions: 2060/2060 rows=432.02M
|  |  |  |       columns: all
|  |  |  |     extrapolated-rows=disabled max-scan-range-rows=416.82K
|  |  |  |     mem-estimate=16.00MB mem-reservation=40.00KB thread-reservation=0
|  |  |  |     tuple-ids=62 row-size=24B cardinality=432.02M cost=149305072
|  |  |  |     in pipelines: 54(GETNEXT)
|  |  |  |
|  |  |  108:EXCHANGE [HASH(tpcds_partitioned_parquet_snap.catalog_sales_0.cs_item_sk,tpcds_partitioned_parquet_snap.catalog_sales_0.cs_order_number)]
|  |  |  |  mem-estimate=12.34MB mem-reservation=0B thread-reservation=0
|  |  |  |  tuple-ids=60 row-size=16B cardinality=4.00G(filtered from 4.32G) cost=739140459
|  |  |  |  in pipelines: 53(GETNEXT)
|  |  |  |
|  |  |  F29:PLAN FRAGMENT [RANDOM] hosts=10 instances=120
|  |  |  Per-Host Shared Resources: mem-estimate=1.00MB mem-reservation=1.00MB thread-reservation=0 runtime-filters-memory=1.00MB
|  |  |  Per-Instance Resources: mem-estimate=25.38MB mem-reservation=1.00MB thread-reservation=1
|  |  |  max-parallelism=720 segment-costs=[7180594990]
|  |  |  53:SCAN HDFS [tpcds_partitioned_parquet_snap.catalog_sales, RANDOM]
|  |  |     HDFS partitions=1831/1831 files=1831 size=280.96GB
|  |  |     runtime filters: RF069[min_max] -> tpcds_partitioned_parquet_snap.catalog_sales_0.cs_item_sk, RF076[min_max] -> tpcds_partitioned_parquet_snap.catalog_sales_0.cs_item_sk, RF077[min_max] -> tpcds_partitioned_parquet_snap.catalog_sales_0.cs_order_number, RF068[bloom] -> tpcds_partitioned_parquet_snap.catalog_sales_0.cs_item_sk
|  |  |     stored statistics:
|  |  |       table: rows=4.32G size=280.96GB
|  |  |       partitions: 1831/1831 rows=4.32G
|  |  |       columns: all
|  |  |     extrapolated-rows=disabled max-scan-range-rows=21.52M
|  |  |     mem-estimate=16.00MB mem-reservation=1.00MB thread-reservation=0
|  |  |     tuple-ids=60 row-size=16B cardinality=4.00G(filtered from 4.32G) cost=995345966
|  |  |     in pipelines: 53(GETNEXT)
|  |  |
|  |  52:HASH JOIN [INNER JOIN, BROADCAST]
|  |  |  hash-table-id=18
|  |  |  hash predicates: tpcds_partitioned_parquet_snap.store_sales_0.ss_sold_date_sk = tpcds_partitioned_parquet_snap.date_dim_2.d_date_sk
|  |  |  fk/pk conjuncts: tpcds_partitioned_parquet_snap.store_sales_0.ss_sold_date_sk = tpcds_partitioned_parquet_snap.date_dim_2.d_date_sk
|  |  |  mem-estimate=0B mem-reservation=0B spill-buffer=64.00KB thread-reservation=0
|  |  |  tuple-ids=56,58 row-size=60B cardinality=176.68M cost=77334099
|  |  |  in pipelines: 50(GETNEXT), 51(OPEN)
|  |  |
|  |  |--F72:PLAN FRAGMENT [RANDOM] hosts=10 instances=10
|  |  |  |  Per-Instance Resources: mem-estimate=24.27MB mem-reservation=24.25MB thread-reservation=1 runtime-filters-memory=1.00MB
|  |  |  |  max-parallelism=10 segment-costs=[863]
|  |  |  JOIN BUILD
|  |  |  |  join-table-id=18 plan-id=19 cohort-id=03
|  |  |  |  build expressions: tpcds_partitioned_parquet_snap.date_dim_2.d_date_sk
|  |  |  |  runtime filters: RF072[bloom] <- tpcds_partitioned_parquet_snap.date_dim_2.d_date_sk
|  |  |  |  mem-estimate=23.25MB mem-reservation=23.25MB spill-buffer=64.00KB thread-reservation=0 cost=373
|  |  |  |
|  |  |  107:EXCHANGE [BROADCAST]
|  |  |  |  mem-estimate=16.00KB mem-reservation=0B thread-reservation=0
|  |  |  |  tuple-ids=58 row-size=8B cardinality=373 cost=490
|  |  |  |  in pipelines: 51(GETNEXT)
|  |  |  |
|  |  |  F28:PLAN FRAGMENT [RANDOM] hosts=1 instances=1
|  |  |  Per-Instance Resources: mem-estimate=16.05MB mem-reservation=512.00KB thread-reservation=1
|  |  |  max-parallelism=1 segment-costs=[10483]
|  |  |  51:SCAN HDFS [tpcds_partitioned_parquet_snap.date_dim, RANDOM]
|  |  |     HDFS partitions=1/1 files=1 size=2.17MB
|  |  |     predicates: tpcds_partitioned_parquet_snap.date_dim_2.d_year = add(CAST(2000 AS INT), CAST(1 AS INT))
|  |  |     stored statistics:
|  |  |       table: rows=73.05K size=2.17MB
|  |  |       columns: all
|  |  |     extrapolated-rows=disabled max-scan-range-rows=73.05K
|  |  |     parquet statistics predicates: tpcds_partitioned_parquet_snap.date_dim_2.d_year = add(CAST(2000 AS INT), CAST(1 AS INT))
|  |  |     parquet dictionary predicates: tpcds_partitioned_parquet_snap.date_dim_2.d_year = add(CAST(2000 AS INT), CAST(1 AS INT))
|  |  |     mem-estimate=16.00MB mem-reservation=512.00KB thread-reservation=0
|  |  |     tuple-ids=58 row-size=8B cardinality=373 cost=10467
|  |  |     in pipelines: 51(GETNEXT)
|  |  |
|  |  50:SCAN HDFS [tpcds_partitioned_parquet_snap.store_sales, RANDOM]
|  |     HDFS partitions=1824/1824 files=1824 size=389.90GB
|  |     predicates: is_not_null_pred(tpcds_partitioned_parquet_snap.store_sales_0.ss_item_sk)
|  |     runtime filters: RF069[min_max] -> tpcds_partitioned_parquet_snap.store_sales_0.ss_item_sk, RF067[min_max] -> tpcds_partitioned_parquet_snap.store_sales_0.ss_hdemo_sk, RF047[min_max] -> tpcds_partitioned_parquet_snap.store_sales_0.ss_store_sk, RF059[min_max] -> tpcds_partitioned_parquet_snap.store_sales_0.ss_customer_sk, RF061[min_max] -> tpcds_partitioned_parquet_snap.store_sales_0.ss_promo_sk, RF063[min_max] -> tpcds_partitioned_parquet_snap.store_sales_0.ss_addr_sk, RF065[min_max] -> tpcds_partitioned_parquet_snap.store_sales_0.ss_cdemo_sk, RF071[min_max] -> tpcds_partitioned_parquet_snap.store_sales_0.ss_item_sk, RF068[bloom] -> tpcds_partitioned_parquet_snap.store_sales_0.ss_item_sk, RF072[bloom] -> tpcds_partitioned_parquet_snap.store_sales_0.ss_sold_date_sk
|  |     stored statistics:
|  |       table: rows=8.64G size=389.90GB
|  |       partitions: 1824/1824 rows=8.64G
|  |       columns: all
|  |     extrapolated-rows=disabled max-scan-range-rows=390.22M est-scan-range=374(filtered from 1824)
|  |     parquet dictionary predicates: is_not_null_pred(tpcds_partitioned_parquet_snap.store_sales_0.ss_item_sk)
|  |     mem-estimate=16.00MB mem-reservation=8.00MB thread-reservation=0
|  |     tuple-ids=56 row-size=52B cardinality=176.68M(filtered from 863.99M) cost=1372649335
|  |     in pipelines: 50(GETNEXT)
|  |
|  127:EXCHANGE [HASH(tpcds_partitioned_parquet_snap.store_returns_0.sr_item_sk,tpcds_partitioned_parquet_snap.store_returns_0.sr_ticket_number)]
|  |  mem-estimate=11.88MB mem-reservation=0B thread-reservation=0
|  |  tuple-ids=40 row-size=12B cardinality=863.99M cost=143681309
|  |  in pipelines: 39(GETNEXT)
|  |
|  F26:PLAN FRAGMENT [RANDOM] hosts=10 instances=120
|  Per-Host Shared Resources: mem-estimate=17.00MB mem-reservation=17.00MB thread-reservation=0 runtime-filters-memory=17.00MB
|  Per-Instance Resources: mem-estimate=18.50MB mem-reservation=512.00KB thread-reservation=1
|  max-parallelism=130 segment-costs=[1262114593]
|  39:SCAN HDFS [tpcds_partitioned_parquet_snap.store_returns, RANDOM]
|     HDFS partitions=2004/2004 files=2004 size=48.14GB
|     runtime filters: RF054[min_max] -> tpcds_partitioned_parquet_snap.store_returns_0.sr_item_sk, RF055[min_max] -> tpcds_partitioned_parquet_snap.store_returns_0.sr_ticket_number, RF052[bloom] -> tpcds_partitioned_parquet_snap.store_returns_0.sr_item_sk, RF053[bloom] -> tpcds_partitioned_parquet_snap.store_returns_0.sr_ticket_number
|     stored statistics:
|       table: rows=863.99M size=48.14GB
|       partitions: 2004/2004 rows=863.99M
|       columns: all
|     extrapolated-rows=disabled max-scan-range-rows=30.09M
|     mem-estimate=16.00MB mem-reservation=512.00KB thread-reservation=0
|     tuple-ids=40 row-size=12B cardinality=863.99M cost=149297235
|     in pipelines: 39(GETNEXT)
|
134:EXCHANGE [HASH(tpcds_partitioned_parquet_snap.item.i_item_sk,tpcds_partitioned_parquet_snap.store.s_store_name,tpcds_partitioned_parquet_snap.store.s_zip)]
|  mem-estimate=12.80MB mem-reservation=0B thread-reservation=0
|  tuple-ids=39 row-size=283B cardinality=1.69M cost=2383579
|  in pipelines: 106(GETNEXT)
|
F25:PLAN FRAGMENT [HASH(tpcds_partitioned_parquet_snap.item.i_product_name,tpcds_partitioned_parquet_snap.item.i_item_sk,tpcds_partitioned_parquet_snap.store.s_store_name,tpcds_partitioned_parquet_snap.store.s_zip,tpcds_partitioned_parquet_snap.customer_address_0.ca_street_number,tpcds_partitioned_parquet_snap.customer_address_0.ca_street_name,tpcds_partitioned_parquet_snap.customer_address_0.ca_city,tpcds_partitioned_parquet_snap.customer_address_0.ca_zip,tpcds_partitioned_parquet_snap.customer_address.ca_street_number,tpcds_partitioned_parquet_snap.customer_address.ca_street_name,tpcds_partitioned_parquet_snap.customer_address.ca_city,tpcds_partitioned_parquet_snap.customer_address.ca_zip,tpcds_partitioned_parquet_snap.date_dim_0.d_year,tpcds_partitioned_parquet_snap.date_dim_1.d_year)] hosts=10 instances=10 (adjusted from 120)
Per-Instance Resources: mem-estimate=68.67MB mem-reservation=34.00MB thread-reservation=1
max-parallelism=10 segment-costs=[12698848, 31614731] cpu-comparison-result=490 [max(10 (self) vs 490 (sum children))]
106:AGGREGATE [FINALIZE]
|  output: count:merge(), sum:merge(tpcds_partitioned_parquet_snap.store_sales.ss_wholesale_cost), sum:merge(tpcds_partitioned_parquet_snap.store_sales.ss_list_price), sum:merge(tpcds_partitioned_parquet_snap.store_sales.ss_coupon_amt)
|  group by: tpcds_partitioned_parquet_snap.item.i_product_name, tpcds_partitioned_parquet_snap.item.i_item_sk, tpcds_partitioned_parquet_snap.store.s_store_name, tpcds_partitioned_parquet_snap.store.s_zip, tpcds_partitioned_parquet_snap.customer_address_0.ca_street_number, tpcds_partitioned_parquet_snap.customer_address_0.ca_street_name, tpcds_partitioned_parquet_snap.customer_address_0.ca_city, tpcds_partitioned_parquet_snap.customer_address_0.ca_zip, tpcds_partitioned_parquet_snap.customer_address.ca_street_number, tpcds_partitioned_parquet_snap.customer_address.ca_street_name, tpcds_partitioned_parquet_snap.customer_address.ca_city, tpcds_partitioned_parquet_snap.customer_address.ca_zip, tpcds_partitioned_parquet_snap.date_dim_0.d_year, tpcds_partitioned_parquet_snap.date_dim_1.d_year
|  mem-estimate=47.46MB mem-reservation=34.00MB spill-buffer=2.00MB thread-reservation=0
|  tuple-ids=39 row-size=283B cardinality=1.69M cost=10315269
|  in pipelines: 106(GETNEXT), 00(OPEN)
|
105:EXCHANGE [HASH(tpcds_partitioned_parquet_snap.item.i_product_name,tpcds_partitioned_parquet_snap.item.i_item_sk,tpcds_partitioned_parquet_snap.store.s_store_name,tpcds_partitioned_parquet_snap.store.s_zip,tpcds_partitioned_parquet_snap.customer_address_0.ca_street_number,tpcds_partitioned_parquet_snap.customer_address_0.ca_street_name,tpcds_partitioned_parquet_snap.customer_address_0.ca_city,tpcds_partitioned_parquet_snap.customer_address_0.ca_zip,tpcds_partitioned_parquet_snap.customer_address.ca_street_number,tpcds_partitioned_parquet_snap.customer_address.ca_street_name,tpcds_partitioned_parquet_snap.customer_address.ca_city,tpcds_partitioned_parquet_snap.customer_address.ca_zip,tpcds_partitioned_parquet_snap.date_dim_0.d_year,tpcds_partitioned_parquet_snap.date_dim_1.d_year)]
|  mem-estimate=21.21MB mem-reservation=0B thread-reservation=0
|  tuple-ids=39 row-size=283B cardinality=1.69M cost=2383579
|  in pipelines: 00(GETNEXT)
|
F21:PLAN FRAGMENT [HASH(tpcds_partitioned_parquet_snap.store_returns.sr_item_sk,tpcds_partitioned_parquet_snap.store_returns.sr_ticket_number)] hosts=10 instances=40 (adjusted from 120)
Per-Instance Resources: mem-estimate=40.08MB mem-reservation=17.00MB thread-reservation=1
max-parallelism=40 segment-costs=[378131355, 31614731] cpu-comparison-result=490 [max(160 (self) vs 490 (sum children))]
38:AGGREGATE [STREAMING]
|  output: count(), sum(tpcds_partitioned_parquet_snap.store_sales.ss_wholesale_cost), sum(tpcds_partitioned_parquet_snap.store_sales.ss_list_price), sum(tpcds_partitioned_parquet_snap.store_sales.ss_coupon_amt)
|  group by: tpcds_partitioned_parquet_snap.item.i_product_name, tpcds_partitioned_parquet_snap.item.i_item_sk, tpcds_partitioned_parquet_snap.store.s_store_name, tpcds_partitioned_parquet_snap.store.s_zip, tpcds_partitioned_parquet_snap.customer_address_0.ca_street_number, tpcds_partitioned_parquet_snap.customer_address_0.ca_street_name, tpcds_partitioned_parquet_snap.customer_address_0.ca_city, tpcds_partitioned_parquet_snap.customer_address_0.ca_zip, tpcds_partitioned_parquet_snap.customer_address.ca_street_number, tpcds_partitioned_parquet_snap.customer_address.ca_street_name, tpcds_partitioned_parquet_snap.customer_address.ca_city, tpcds_partitioned_parquet_snap.customer_address.ca_zip, tpcds_partitioned_parquet_snap.date_dim_0.d_year, tpcds_partitioned_parquet_snap.date_dim_1.d_year
|  mem-estimate=17.00MB mem-reservation=17.00MB spill-buffer=1.00MB thread-reservation=0
|  tuple-ids=39 row-size=283B cardinality=1.69M cost=10315269
|  in pipelines: 00(GETNEXT)
|
37:HASH JOIN [INNER JOIN, BROADCAST]
|  hash-table-id=19
|  hash predicates: tpcds_partitioned_parquet_snap.store_sales.ss_store_sk = tpcds_partitioned_parquet_snap.store.s_store_sk
|  fk/pk conjuncts: tpcds_partitioned_parquet_snap.store_sales.ss_store_sk = tpcds_partitioned_parquet_snap.store.s_store_sk
|  mem-estimate=0B mem-reservation=0B spill-buffer=64.00KB thread-reservation=0
|  tuple-ids=0,16,18,24,25,27,29,14,12,31,10,4,6,8,2,33,35,37 row-size=462B cardinality=1.69M cost=738637
|  in pipelines: 00(GETNEXT), 36(OPEN)
|
|--F73:PLAN FRAGMENT [HASH(tpcds_partitioned_parquet_snap.store_returns.sr_item_sk,tpcds_partitioned_parquet_snap.store_returns.sr_ticket_number)] hosts=10 instances=10
|  |  Per-Instance Resources: mem-estimate=7.84MB mem-reservation=7.75MB thread-reservation=1
|  |  max-parallelism=10 segment-costs=[3140]
|  JOIN BUILD
|  |  join-table-id=19 plan-id=20 cohort-id=01
|  |  build expressions: tpcds_partitioned_parquet_snap.store.s_store_sk
|  |  runtime filters: RF007[min_max] <- tpcds_partitioned_parquet_snap.store.s_store_sk
|  |  mem-estimate=7.75MB mem-reservation=7.75MB spill-buffer=64.00KB thread-reservation=0 cost=1350
|  |
|  104:EXCHANGE [BROADCAST]
|  |  mem-estimate=89.64KB mem-reservation=0B thread-reservation=0
|  |  tuple-ids=37 row-size=37B cardinality=1.35K cost=1790
|  |  in pipelines: 36(GETNEXT)
|  |
|  F24:PLAN FRAGMENT [RANDOM] hosts=1 instances=1
|  Per-Instance Resources: mem-estimate=16.16MB mem-reservation=24.00KB thread-reservation=1
|  max-parallelism=1 segment-costs=[414]
|  36:SCAN HDFS [tpcds_partitioned_parquet_snap.store, RANDOM]
|     HDFS partitions=1/1 files=1 size=119.76KB
|     runtime filters: RF004[min_max] -> tpcds_partitioned_parquet_snap.store.s_store_name, RF005[min_max] -> tpcds_partitioned_parquet_snap.store.s_zip
|     stored statistics:
|       table: rows=1.35K size=119.76KB
|       columns: all
|     extrapolated-rows=disabled max-scan-range-rows=1.35K
|     mem-estimate=16.00MB mem-reservation=24.00KB thread-reservation=0
|     tuple-ids=37 row-size=37B cardinality=1.35K cost=251
|     in pipelines: 36(GETNEXT)
|
35:HASH JOIN [INNER JOIN, BROADCAST]
|  hash-table-id=20
|  hash predicates: tpcds_partitioned_parquet_snap.customer.c_first_shipto_date_sk = tpcds_partitioned_parquet_snap.date_dim_1.d_date_sk
|  fk/pk conjuncts: tpcds_partitioned_parquet_snap.customer.c_first_shipto_date_sk = tpcds_partitioned_parquet_snap.date_dim_1.d_date_sk
|  mem-estimate=0B mem-reservation=0B spill-buffer=256.00KB thread-reservation=0
|  tuple-ids=0,16,18,24,25,27,29,14,12,31,10,4,6,8,2,33,35 row-size=425B cardinality=1.69M cost=738637
|  in pipelines: 00(GETNEXT), 34(OPEN)
|
|--F74:PLAN FRAGMENT [HASH(tpcds_partitioned_parquet_snap.store_returns.sr_item_sk,tpcds_partitioned_parquet_snap.store_returns.sr_ticket_number)] hosts=10 instances=10
|  |  Per-Instance Resources: mem-estimate=19.57MB mem-reservation=19.00MB thread-reservation=1
|  |  max-parallelism=10 segment-costs=[170129]
|  JOIN BUILD
|  |  join-table-id=20 plan-id=21 cohort-id=01
|  |  build expressions: tpcds_partitioned_parquet_snap.date_dim_1.d_date_sk
|  |  runtime filters: RF009[min_max] <- tpcds_partitioned_parquet_snap.date_dim_1.d_date_sk
|  |  mem-estimate=19.00MB mem-reservation=19.00MB spill-buffer=256.00KB thread-reservation=0 cost=73049
|  |
|  103:EXCHANGE [BROADCAST]
|  |  mem-estimate=582.70KB mem-reservation=0B thread-reservation=0
|  |  tuple-ids=35 row-size=8B cardinality=73.05K cost=97080
|  |  in pipelines: 34(GETNEXT)
|  |
|  F23:PLAN FRAGMENT [RANDOM] hosts=1 instances=1
|  Per-Instance Resources: mem-estimate=16.05MB mem-reservation=512.00KB thread-reservation=1
|  max-parallelism=1 segment-costs=[11570]
|  34:SCAN HDFS [tpcds_partitioned_parquet_snap.date_dim, RANDOM]
|     HDFS partitions=1/1 files=1 size=2.17MB
|     stored statistics:
|       table: rows=73.05K size=2.17MB
|       columns: all
|     extrapolated-rows=disabled max-scan-range-rows=73.05K
|     mem-estimate=16.00MB mem-reservation=512.00KB thread-reservation=0
|     tuple-ids=35 row-size=8B cardinality=73.05K cost=8415
|     in pipelines: 34(GETNEXT)
|
33:HASH JOIN [INNER JOIN, BROADCAST]
|  hash-table-id=21
|  hash predicates: tpcds_partitioned_parquet_snap.customer.c_first_sales_date_sk = tpcds_partitioned_parquet_snap.date_dim_0.d_date_sk
|  fk/pk conjuncts: tpcds_partitioned_parquet_snap.customer.c_first_sales_date_sk = tpcds_partitioned_parquet_snap.date_dim_0.d_date_sk
|  mem-estimate=0B mem-reservation=0B spill-buffer=256.00KB thread-reservation=0
|  tuple-ids=0,16,18,24,25,27,29,14,12,31,10,4,6,8,2,33 row-size=417B cardinality=1.69M cost=738637
|  in pipelines: 00(GETNEXT), 32(OPEN)
|
|--F75:PLAN FRAGMENT [HASH(tpcds_partitioned_parquet_snap.store_returns.sr_item_sk,tpcds_partitioned_parquet_snap.store_returns.sr_ticket_number)] hosts=10 instances=10
|  |  Per-Instance Resources: mem-estimate=19.57MB mem-reservation=19.00MB thread-reservation=1
|  |  max-parallelism=10 segment-costs=[170129]
|  JOIN BUILD
|  |  join-table-id=21 plan-id=22 cohort-id=01
|  |  build expressions: tpcds_partitioned_parquet_snap.date_dim_0.d_date_sk
|  |  runtime filters: RF011[min_max] <- tpcds_partitioned_parquet_snap.date_dim_0.d_date_sk
|  |  mem-estimate=19.00MB mem-reservation=19.00MB spill-buffer=256.00KB thread-reservation=0 cost=73049
|  |
|  102:EXCHANGE [BROADCAST]
|  |  mem-estimate=582.70KB mem-reservation=0B thread-reservation=0
|  |  tuple-ids=33 row-size=8B cardinality=73.05K cost=97080
|  |  in pipelines: 32(GETNEXT)
|  |
|  F22:PLAN FRAGMENT [RANDOM] hosts=1 instances=1
|  Per-Instance Resources: mem-estimate=16.05MB mem-reservation=512.00KB thread-reservation=1
|  max-parallelism=1 segment-costs=[11570]
|  32:SCAN HDFS [tpcds_partitioned_parquet_snap.date_dim, RANDOM]
|     HDFS partitions=1/1 files=1 size=2.17MB
|     stored statistics:
|       table: rows=73.05K size=2.17MB
|       columns: all
|     extrapolated-rows=disabled max-scan-range-rows=73.05K
|     mem-estimate=16.00MB mem-reservation=512.00KB thread-reservation=0
|     tuple-ids=33 row-size=8B cardinality=73.05K cost=8415
|     in pipelines: 32(GETNEXT)
|
31:HASH JOIN [INNER JOIN, PARTITIONED]
|  hash-table-id=22
|  hash predicates: tpcds_partitioned_parquet_snap.store_returns.sr_item_sk = tpcds_partitioned_parquet_snap.store_sales.ss_item_sk, tpcds_partitioned_parquet_snap.store_returns.sr_ticket_number = tpcds_partitioned_parquet_snap.store_sales.ss_ticket_number
|  fk/pk conjuncts: tpcds_partitioned_parquet_snap.store_returns.sr_item_sk = tpcds_partitioned_parquet_snap.store_sales.ss_item_sk, tpcds_partitioned_parquet_snap.store_returns.sr_ticket_number = tpcds_partitioned_parquet_snap.store_sales.ss_ticket_number
|  mem-estimate=0B mem-reservation=0B spill-buffer=2.00MB thread-reservation=0
|  tuple-ids=0,16,18,24,25,27,29,14,12,31,10,4,6,8,2 row-size=409B cardinality=1.69M cost=221918866
|  in pipelines: 00(GETNEXT), 11(OPEN)
|
|--F76:PLAN FRAGMENT [HASH(tpcds_partitioned_parquet_snap.store_returns.sr_item_sk,tpcds_partitioned_parquet_snap.store_returns.sr_ticket_number)] hosts=10 instances=40 (adjusted from 120)
|  |  Per-Instance Resources: mem-estimate=218.61MB mem-reservation=51.00MB thread-reservation=1 runtime-filters-memory=17.00MB
|  |  max-parallelism=40 segment-costs=[57668537] cpu-comparison-result=457 [max(240 (self) vs 457 (sum children))]
|  JOIN BUILD
|  |  join-table-id=22 plan-id=23 cohort-id=01
|  |  build expressions: tpcds_partitioned_parquet_snap.store_sales.ss_item_sk, tpcds_partitioned_parquet_snap.store_sales.ss_ticket_number
|  |  runtime filters: RF012[bloom] <- tpcds_partitioned_parquet_snap.store_sales.ss_item_sk, RF013[bloom] <- tpcds_partitioned_parquet_snap.store_sales.ss_ticket_number, RF014[min_max] <- tpcds_partitioned_parquet_snap.store_sales.ss_item_sk, RF015[min_max] <- tpcds_partitioned_parquet_snap.store_sales.ss_ticket_number
|  |  mem-estimate=169.47MB mem-reservation=34.00MB spill-buffer=2.00MB thread-reservation=0 cost=16875517
|  |
|  101:EXCHANGE [HASH(tpcds_partitioned_parquet_snap.store_sales.ss_item_sk,tpcds_partitioned_parquet_snap.store_sales.ss_ticket_number)]
|  |  mem-estimate=32.14MB mem-reservation=0B thread-reservation=0
|  |  tuple-ids=16,18,24,25,27,29,14,12,31,10,4,6,8,2 row-size=397B cardinality=16.88M cost=40793020
|  |  in pipelines: 11(GETNEXT)
|  |
|  F19:PLAN FRAGMENT [HASH(tpcds_partitioned_parquet_snap.store_sales.ss_customer_sk)] hosts=10 instances=50 (adjusted from 120)
|  Per-Instance Resources: mem-estimate=89.71MB mem-reservation=0B thread-reservation=1
|  max-parallelism=60 segment-costs=[595874356]
|  30:HASH JOIN [INNER JOIN, BROADCAST]
|  |  hash-table-id=23
|  |  hash predicates: tpcds_partitioned_parquet_snap.customer.c_current_cdemo_sk = tpcds_partitioned_parquet_snap.customer_demographics.cd_demo_sk
|  |  fk/pk conjuncts: none
|  |  other join predicates: tpcds_partitioned_parquet_snap.customer_demographics_0.cd_marital_status != tpcds_partitioned_parquet_snap.customer_demographics.cd_marital_status
|  |  mem-estimate=0B mem-reservation=0B spill-buffer=2.00MB thread-reservation=0
|  |  tuple-ids=16,18,24,25,27,29,14,12,31,10,4,6,8,2 row-size=397B cardinality=16.88M cost=7386413
|  |  in pipelines: 11(GETNEXT), 01(OPEN)
|  |
|  |--F77:PLAN FRAGMENT [HASH(tpcds_partitioned_parquet_snap.store_sales.ss_customer_sk)] hosts=10 instances=10
|  |  |  Per-Instance Resources: mem-estimate=180.21MB mem-reservation=170.00MB thread-reservation=1
|  |  |  max-parallelism=10 segment-costs=[4473540]
|  |  JOIN BUILD
|  |  |  join-table-id=23 plan-id=24 cohort-id=09
|  |  |  build expressions: tpcds_partitioned_parquet_snap.customer_demographics.cd_demo_sk
|  |  |  runtime filters: RF017[min_max] <- tpcds_partitioned_parquet_snap.customer_demographics.cd_demo_sk
|  |  |  mem-estimate=170.00MB mem-reservation=170.00MB spill-buffer=2.00MB thread-reservation=0 cost=1920800
|  |  |
|  |  99:EXCHANGE [BROADCAST]
|  |  |  mem-estimate=10.21MB mem-reservation=0B thread-reservation=0
|  |  |  tuple-ids=2 row-size=17B cardinality=1.92M cost=2552740
|  |  |  in pipelines: 01(GETNEXT)
|  |  |
|  |  F20:PLAN FRAGMENT [RANDOM] hosts=10 instances=10
|  |  Per-Instance Resources: mem-estimate=16.08MB mem-reservation=1.00MB thread-reservation=1
|  |  max-parallelism=10 segment-costs=[267951]
|  |  01:SCAN HDFS [tpcds_partitioned_parquet_snap.customer_demographics, RANDOM]
|  |     HDFS partitions=1/1 files=1 size=11.15MB
|  |     stored statistics:
|  |       table: rows=1.92M size=11.15MB
|  |       columns: all
|  |     extrapolated-rows=disabled max-scan-range-rows=197.97K
|  |     mem-estimate=16.00MB mem-reservation=1.00MB thread-reservation=0
|  |     tuple-ids=2 row-size=17B cardinality=1.92M cost=138297
|  |     in pipelines: 01(GETNEXT)
|  |
|  29:HASH JOIN [INNER JOIN, PARTITIONED]
|  |  hash-table-id=24
|  |  hash predicates: tpcds_partitioned_parquet_snap.store_sales.ss_customer_sk = tpcds_partitioned_parquet_snap.customer.c_customer_sk
|  |  fk/pk conjuncts: none
|  |  mem-estimate=0B mem-reservation=0B spill-buffer=2.00MB thread-reservation=0
|  |  tuple-ids=16,18,24,25,27,29,14,12,31,10,4,6,8 row-size=380B cardinality=16.88M cost=7386413
|  |  in pipelines: 11(GETNEXT), 07(OPEN)
|  |
|  |--F78:PLAN FRAGMENT [HASH(tpcds_partitioned_parquet_snap.store_sales.ss_customer_sk)] hosts=10 instances=50 (adjusted from 120)
|  |  |  Per-Instance Resources: mem-estimate=92.58MB mem-reservation=34.00MB thread-reservation=1
|  |  |  max-parallelism=60 segment-costs=[51067488] cpu-comparison-result=90 [max(90 (self) vs 40 (sum children))]
|  |  JOIN BUILD
|  |  |  join-table-id=24 plan-id=25 cohort-id=09
|  |  |  build expressions: tpcds_partitioned_parquet_snap.customer.c_customer_sk
|  |  |  runtime filters: RF019[min_max] <- tpcds_partitioned_parquet_snap.customer.c_customer_sk
|  |  |  mem-estimate=78.79MB mem-reservation=34.00MB spill-buffer=2.00MB thread-reservation=0 cost=29284165
|  |  |
|  |  98:EXCHANGE [HASH(tpcds_partitioned_parquet_snap.customer.c_customer_sk)]
|  |  |  mem-estimate=13.80MB mem-reservation=0B thread-reservation=0
|  |  |  tuple-ids=10,4,6,8 row-size=114B cardinality=29.28M cost=21783323
|  |  |  in pipelines: 07(GETNEXT)
|  |  |
|  |  F18:PLAN FRAGMENT [HASH(tpcds_partitioned_parquet_snap.customer_address.ca_address_sk)] hosts=10 instances=30 (adjusted from 10)
|  |  Per-Instance Resources: mem-estimate=36.10MB mem-reservation=0B thread-reservation=1
|  |  max-parallelism=30 segment-costs=[290676835]
|  |  08:HASH JOIN [INNER JOIN, PARTITIONED]
|  |  |  hash-table-id=25
|  |  |  hash predicates: tpcds_partitioned_parquet_snap.customer_address.ca_address_sk = tpcds_partitioned_parquet_snap.customer.c_current_addr_sk
|  |  |  fk/pk conjuncts: tpcds_partitioned_parquet_snap.customer_address.ca_address_sk = tpcds_partitioned_parquet_snap.customer.c_current_addr_sk
|  |  |  mem-estimate=0B mem-reservation=0B spill-buffer=2.00MB thread-reservation=0
|  |  |  tuple-ids=10,4,6,8 row-size=114B cardinality=29.28M cost=9153790
|  |  |  in pipelines: 07(GETNEXT), 02(OPEN)
|  |  |
|  |  |--F79:PLAN FRAGMENT [HASH(tpcds_partitioned_parquet_snap.customer_address.ca_address_sk)] hosts=10 instances=30 (adjusted from 10)
|  |  |  |  Per-Instance Resources: mem-estimate=77.69MB mem-reservation=34.00MB thread-reservation=1
|  |  |  |  max-parallelism=30 segment-costs=[39542407] cpu-comparison-result=40 [max(40 (self) vs 11 (sum children))]
|  |  |  JOIN BUILD
|  |  |  |  join-table-id=25 plan-id=26 cohort-id=10
|  |  |  |  build expressions: tpcds_partitioned_parquet_snap.customer.c_current_addr_sk
|  |  |  |  runtime filters: RF041[min_max] <- tpcds_partitioned_parquet_snap.customer.c_current_addr_sk
|  |  |  |  mem-estimate=67.22MB mem-reservation=34.00MB spill-buffer=2.00MB thread-reservation=0 cost=29284165
|  |  |  |
|  |  |  96:EXCHANGE [HASH(tpcds_partitioned_parquet_snap.customer.c_current_addr_sk)]
|  |  |  |  mem-estimate=10.47MB mem-reservation=0B thread-reservation=0
|  |  |  |  tuple-ids=4,6,8 row-size=36B cardinality=29.28M cost=10258242
|  |  |  |  in pipelines: 02(GETNEXT)
|  |  |  |
|  |  |  F15:PLAN FRAGMENT [RANDOM] hosts=10 instances=10
|  |  |  Per-Instance Resources: mem-estimate=21.62MB mem-reservation=1.00MB thread-reservation=1
|  |  |  max-parallelism=10 segment-costs=[136339692]
|  |  |  06:HASH JOIN [INNER JOIN, BROADCAST]
|  |  |  |  hash-table-id=26
|  |  |  |  hash predicates: tpcds_partitioned_parquet_snap.customer.c_current_hdemo_sk = tpcds_partitioned_parquet_snap.household_demographics.hd_demo_sk
|  |  |  |  fk/pk conjuncts: tpcds_partitioned_parquet_snap.customer.c_current_hdemo_sk = tpcds_partitioned_parquet_snap.household_demographics.hd_demo_sk
|  |  |  |  mem-estimate=0B mem-reservation=0B spill-buffer=64.00KB thread-reservation=0
|  |  |  |  tuple-ids=4,6,8 row-size=36B cardinality=29.28M cost=12817679
|  |  |  |  in pipelines: 02(GETNEXT), 03(OPEN)
|  |  |  |
|  |  |  |--F80:PLAN FRAGMENT [RANDOM] hosts=10 instances=10
|  |  |  |  |  Per-Instance Resources: mem-estimate=2.04MB mem-reservation=1.94MB thread-reservation=1
|  |  |  |  |  max-parallelism=10 segment-costs=[16760] cpu-comparison-result=11 [max(11 (self) vs 2 (sum children))]
|  |  |  |  JOIN BUILD
|  |  |  |  |  join-table-id=26 plan-id=27 cohort-id=11
|  |  |  |  |  build expressions: tpcds_partitioned_parquet_snap.household_demographics.hd_demo_sk
|  |  |  |  |  runtime filters: RF043[min_max] <- tpcds_partitioned_parquet_snap.household_demographics.hd_demo_sk
|  |  |  |  |  mem-estimate=1.94MB mem-reservation=1.94MB spill-buffer=64.00KB thread-reservation=0 cost=7200
|  |  |  |  |
|  |  |  |  94:EXCHANGE [BROADCAST]
|  |  |  |  |  mem-estimate=104.38KB mem-reservation=0B thread-reservation=0
|  |  |  |  |  tuple-ids=6,8 row-size=12B cardinality=7.20K cost=9560
|  |  |  |  |  in pipelines: 03(GETNEXT)
|  |  |  |  |
|  |  |  |  F16:PLAN FRAGMENT [RANDOM] hosts=1 instances=1
|  |  |  |  Per-Instance Resources: mem-estimate=16.08MB mem-reservation=64.00KB thread-reservation=1
|  |  |  |  max-parallelism=1 segment-costs=[4524]
|  |  |  |  05:HASH JOIN [INNER JOIN, BROADCAST]
|  |  |  |  |  hash-table-id=27
|  |  |  |  |  hash predicates: tpcds_partitioned_parquet_snap.household_demographics.hd_income_band_sk = tpcds_partitioned_parquet_snap.income_band.ib_income_band_sk
|  |  |  |  |  fk/pk conjuncts: tpcds_partitioned_parquet_snap.household_demographics.hd_income_band_sk = tpcds_partitioned_parquet_snap.income_band.ib_income_band_sk
|  |  |  |  |  mem-estimate=0B mem-reservation=0B spill-buffer=64.00KB thread-reservation=0
|  |  |  |  |  tuple-ids=6,8 row-size=12B cardinality=7.20K cost=3151
|  |  |  |  |  in pipelines: 03(GETNEXT), 04(OPEN)
|  |  |  |  |
|  |  |  |  |--F81:PLAN FRAGMENT [RANDOM] hosts=1 instances=1
|  |  |  |  |  |  Per-Instance Resources: mem-estimate=1.95MB mem-reservation=1.94MB thread-reservation=1
|  |  |  |  |  |  max-parallelism=1 segment-costs=[22]
|  |  |  |  |  JOIN BUILD
|  |  |  |  |  |  join-table-id=27 plan-id=28 cohort-id=12
|  |  |  |  |  |  build expressions: tpcds_partitioned_parquet_snap.income_band.ib_income_band_sk
|  |  |  |  |  |  runtime filters: RF045[min_max] <- tpcds_partitioned_parquet_snap.income_band.ib_income_band_sk
|  |  |  |  |  |  mem-estimate=1.94MB mem-reservation=1.94MB spill-buffer=64.00KB thread-reservation=0 cost=20
|  |  |  |  |  |
|  |  |  |  |  93:EXCHANGE [BROADCAST]
|  |  |  |  |  |  mem-estimate=16.00KB mem-reservation=0B thread-reservation=0
|  |  |  |  |  |  tuple-ids=8 row-size=4B cardinality=20 cost=2
|  |  |  |  |  |  in pipelines: 04(GETNEXT)
|  |  |  |  |  |
|  |  |  |  |  F17:PLAN FRAGMENT [RANDOM] hosts=1 instances=1
|  |  |  |  |  Per-Instance Resources: mem-estimate=16.03MB mem-reservation=8.00KB thread-reservation=1
|  |  |  |  |  max-parallelism=1 segment-costs=[1]
|  |  |  |  |  04:SCAN HDFS [tpcds_partitioned_parquet_snap.income_band, RANDOM]
|  |  |  |  |     HDFS partitions=1/1 files=1 size=1.22KB
|  |  |  |  |     stored statistics:
|  |  |  |  |       table: rows=20 size=1.22KB
|  |  |  |  |       columns: all
|  |  |  |  |     extrapolated-rows=disabled max-scan-range-rows=20
|  |  |  |  |     mem-estimate=16.00MB mem-reservation=8.00KB thread-reservation=0
|  |  |  |  |     tuple-ids=8 row-size=4B cardinality=20 cost=1
|  |  |  |  |     in pipelines: 04(GETNEXT)
|  |  |  |  |
|  |  |  |  03:SCAN HDFS [tpcds_partitioned_parquet_snap.household_demographics, RANDOM]
|  |  |  |     HDFS partitions=1/1 files=1 size=41.69KB
|  |  |  |     runtime filters: RF045[min_max] -> tpcds_partitioned_parquet_snap.household_demographics.hd_income_band_sk
|  |  |  |     stored statistics:
|  |  |  |       table: rows=7.20K size=41.69KB
|  |  |  |       columns: all
|  |  |  |     extrapolated-rows=disabled max-scan-range-rows=7.20K
|  |  |  |     mem-estimate=16.00MB mem-reservation=64.00KB thread-reservation=0
|  |  |  |     tuple-ids=6 row-size=8B cardinality=7.20K cost=829
|  |  |  |     in pipelines: 03(GETNEXT)
|  |  |  |
|  |  |  02:SCAN HDFS [tpcds_partitioned_parquet_snap.customer, RANDOM]
|  |  |     HDFS partitions=1/1 files=1 size=1.55GB
|  |  |     runtime filters: RF043[min_max] -> tpcds_partitioned_parquet_snap.customer.c_current_hdemo_sk, RF009[min_max] -> tpcds_partitioned_parquet_snap.customer.c_first_shipto_date_sk, RF011[min_max] -> tpcds_partitioned_parquet_snap.customer.c_first_sales_date_sk, RF017[min_max] -> tpcds_partitioned_parquet_snap.customer.c_current_cdemo_sk
|  |  |     stored statistics:
|  |  |       table: rows=30.00M size=1.55GB
|  |  |       columns: all
|  |  |     extrapolated-rows=disabled max-scan-range-rows=3.10M
|  |  |     mem-estimate=16.00MB mem-reservation=1.00MB thread-reservation=0
|  |  |     tuple-ids=4 row-size=24B cardinality=29.28M(filtered from 30.00M) cost=10368000
|  |  |     in pipelines: 02(GETNEXT)
|  |  |
|  |  95:EXCHANGE [HASH(tpcds_partitioned_parquet_snap.customer_address.ca_address_sk)]
|  |  |  mem-estimate=10.80MB mem-reservation=0B thread-reservation=0
|  |  |  tuple-ids=10 row-size=78B cardinality=15.00M cost=7017902
|  |  |  in pipelines: 07(GETNEXT)
|  |  |
|  |  F14:PLAN FRAGMENT [RANDOM] hosts=10 instances=10
|  |  Per-Instance Resources: mem-estimate=25.56MB mem-reservation=128.00KB thread-reservation=1
|  |  max-parallelism=10 segment-costs=[89031849]
|  |  07:SCAN HDFS [tpcds_partitioned_parquet_snap.customer_address, RANDOM]
|  |     HDFS partitions=1/1 files=1 size=307.36MB
|  |     runtime filters: RF041[min_max] -> tpcds_partitioned_parquet_snap.customer_address.ca_address_sk
|  |     stored statistics:
|  |       table: rows=15.00M size=307.36MB
|  |       columns: all
|  |     extrapolated-rows=disabled max-scan-range-rows=1.58M
|  |     mem-estimate=16.00MB mem-reservation=128.00KB thread-reservation=0
|  |     tuple-ids=10 row-size=78B cardinality=15.00M cost=6384216
|  |     in pipelines: 07(GETNEXT)
|  |
|  97:EXCHANGE [HASH(tpcds_partitioned_parquet_snap.store_sales.ss_customer_sk)]
|  |  mem-estimate=18.87MB mem-reservation=0B thread-reservation=0
|  |  tuple-ids=16,18,24,25,27,29,14,12,31 row-size=267B cardinality=16.88M cost=27553162
|  |  in pipelines: 11(GETNEXT)
|  |
|  F12:PLAN FRAGMENT [HASH(tpcds_partitioned_parquet_snap.store_sales.ss_addr_sk)] hosts=10 instances=30 (adjusted from 120)
|  Per-Instance Resources: mem-estimate=94.13MB mem-reservation=0B thread-reservation=1
|  max-parallelism=50 segment-costs=[402943288]
|  28:HASH JOIN [INNER JOIN, BROADCAST]
|  |  hash-table-id=28
|  |  hash predicates: tpcds_partitioned_parquet_snap.store_sales.ss_promo_sk = tpcds_partitioned_parquet_snap.promotion.p_promo_sk
|  |  fk/pk conjuncts: tpcds_partitioned_parquet_snap.store_sales.ss_promo_sk = tpcds_partitioned_parquet_snap.promotion.p_promo_sk
|  |  mem-estimate=0B mem-reservation=0B spill-buffer=64.00KB thread-reservation=0
|  |  tuple-ids=16,18,24,25,27,29,14,12,31 row-size=267B cardinality=16.88M cost=7386413
|  |  in pipelines: 11(GETNEXT), 27(OPEN)
|  |
|  |--F82:PLAN FRAGMENT [HASH(tpcds_partitioned_parquet_snap.store_sales.ss_addr_sk)] hosts=10 instances=10
|  |  |  Per-Instance Resources: mem-estimate=5.83MB mem-reservation=5.81MB thread-reservation=1
|  |  |  max-parallelism=10 segment-costs=[4190]
|  |  JOIN BUILD
|  |  |  join-table-id=28 plan-id=29 cohort-id=09
|  |  |  build expressions: tpcds_partitioned_parquet_snap.promotion.p_promo_sk
|  |  |  runtime filters: RF021[min_max] <- tpcds_partitioned_parquet_snap.promotion.p_promo_sk
|  |  |  mem-estimate=5.81MB mem-reservation=5.81MB spill-buffer=64.00KB thread-reservation=0 cost=1800
|  |  |
|  |  92:EXCHANGE [BROADCAST]
|  |  |  mem-estimate=16.00KB mem-reservation=0B thread-reservation=0
|  |  |  tuple-ids=31 row-size=4B cardinality=1.80K cost=2390
|  |  |  in pipelines: 27(GETNEXT)
|  |  |
|  |  F13:PLAN FRAGMENT [RANDOM] hosts=1 instances=1
|  |  Per-Instance Resources: mem-estimate=16.03MB mem-reservation=32.00KB thread-reservation=1
|  |  max-parallelism=1 segment-costs=[161]
|  |  27:SCAN HDFS [tpcds_partitioned_parquet_snap.promotion, RANDOM]
|  |     HDFS partitions=1/1 files=1 size=100.50KB
|  |     stored statistics:
|  |       table: rows=1.80K size=100.50KB
|  |       columns: all
|  |     extrapolated-rows=disabled max-scan-range-rows=1.80K
|  |     mem-estimate=16.00MB mem-reservation=32.00KB thread-reservation=0
|  |     tuple-ids=31 row-size=4B cardinality=1.80K cost=103
|  |     in pipelines: 27(GETNEXT)
|  |
|  26:HASH JOIN [INNER JOIN, PARTITIONED]
|  |  hash-table-id=29
|  |  hash predicates: tpcds_partitioned_parquet_snap.store_sales.ss_addr_sk = tpcds_partitioned_parquet_snap.customer_address_0.ca_address_sk
|  |  fk/pk conjuncts: none
|  |  mem-estimate=0B mem-reservation=0B spill-buffer=2.00MB thread-reservation=0
|  |  tuple-ids=16,18,24,25,27,29,14,12 row-size=263B cardinality=16.88M cost=7386413
|  |  in pipelines: 11(GETNEXT), 09(OPEN)
|  |
|  |--F83:PLAN FRAGMENT [HASH(tpcds_partitioned_parquet_snap.store_sales.ss_addr_sk)] hosts=10 instances=30 (adjusted from 120)
|  |  |  Per-Instance Resources: mem-estimate=60.58MB mem-reservation=34.00MB thread-reservation=1
|  |  |  max-parallelism=50 segment-costs=[22017902]
|  |  JOIN BUILD
|  |  |  join-table-id=29 plan-id=30 cohort-id=09
|  |  |  build expressions: tpcds_partitioned_parquet_snap.customer_address_0.ca_address_sk
|  |  |  runtime filters: RF023[min_max] <- tpcds_partitioned_parquet_snap.customer_address_0.ca_address_sk
|  |  |  mem-estimate=49.78MB mem-reservation=34.00MB spill-buffer=2.00MB thread-reservation=0 cost=15000000
|  |  |
|  |  91:EXCHANGE [HASH(tpcds_partitioned_parquet_snap.customer_address_0.ca_address_sk)]
|  |  |  mem-estimate=10.80MB mem-reservation=0B thread-reservation=0
|  |  |  tuple-ids=12 row-size=78B cardinality=15.00M cost=7017902
|  |  |  in pipelines: 09(GETNEXT)
|  |  |
|  |  F11:PLAN FRAGMENT [RANDOM] hosts=10 instances=10
|  |  Per-Instance Resources: mem-estimate=25.56MB mem-reservation=128.00KB thread-reservation=1
|  |  max-parallelism=10 segment-costs=[89031849]
|  |  09:SCAN HDFS [tpcds_partitioned_parquet_snap.customer_address, RANDOM]
|  |     HDFS partitions=1/1 files=1 size=307.36MB
|  |     stored statistics:
|  |       table: rows=15.00M size=307.36MB
|  |       columns: all
|  |     extrapolated-rows=disabled max-scan-range-rows=1.58M
|  |     mem-estimate=16.00MB mem-reservation=128.00KB thread-reservation=0
|  |     tuple-ids=12 row-size=78B cardinality=15.00M cost=6384216
|  |     in pipelines: 09(GETNEXT)
|  |
|  90:EXCHANGE [HASH(tpcds_partitioned_parquet_snap.store_sales.ss_addr_sk)]
|  |  mem-estimate=34.99MB mem-reservation=0B thread-reservation=0
|  |  tuple-ids=16,18,24,25,27,29,14 row-size=185B cardinality=16.88M cost=19980103
|  |  in pipelines: 11(GETNEXT)
|  |
|  F01:PLAN FRAGMENT [RANDOM] hosts=10 instances=120
|  Per-Host Shared Resources: mem-estimate=2.00MB mem-reservation=2.00MB thread-reservation=0 runtime-filters-memory=2.00MB
|  Per-Instance Resources: mem-estimate=40.99MB mem-reservation=8.00MB thread-reservation=1
|  max-parallelism=220 segment-costs=[2153651355]
|  25:HASH JOIN [INNER JOIN, BROADCAST]
|  |  hash-table-id=30
|  |  hash predicates: tpcds_partitioned_parquet_snap.store_sales.ss_cdemo_sk = tpcds_partitioned_parquet_snap.customer_demographics_0.cd_demo_sk
|  |  fk/pk conjuncts: none
|  |  mem-estimate=0B mem-reservation=0B spill-buffer=2.00MB thread-reservation=0
|  |  tuple-ids=16,18,24,25,27,29,14 row-size=185B cardinality=16.88M cost=7386413
|  |  in pipelines: 11(GETNEXT), 10(OPEN)
|  |
|  |--F84:PLAN FRAGMENT [RANDOM] hosts=10 instances=10
|  |  |  Per-Instance Resources: mem-estimate=418.21MB mem-reservation=408.00MB thread-reservation=1
|  |  |  max-parallelism=10 segment-costs=[4473540]
|  |  JOIN BUILD
|  |  |  join-table-id=30 plan-id=31 cohort-id=09
|  |  |  build expressions: tpcds_partitioned_parquet_snap.customer_demographics_0.cd_demo_sk
|  |  |  runtime filters: RF025[min_max] <- tpcds_partitioned_parquet_snap.customer_demographics_0.cd_demo_sk
|  |  |  mem-estimate=408.00MB mem-reservation=408.00MB spill-buffer=2.00MB thread-reservation=0 cost=1920800
|  |  |
|  |  89:EXCHANGE [BROADCAST]
|  |  |  mem-estimate=10.21MB mem-reservation=0B thread-reservation=0
|  |  |  tuple-ids=14 row-size=17B cardinality=1.92M cost=2552740
|  |  |  in pipelines: 10(GETNEXT)
|  |  |
|  |  F10:PLAN FRAGMENT [RANDOM] hosts=10 instances=10
|  |  Per-Instance Resources: mem-estimate=16.08MB mem-reservation=1.00MB thread-reservation=1
|  |  max-parallelism=10 segment-costs=[267951]
|  |  10:SCAN HDFS [tpcds_partitioned_parquet_snap.customer_demographics, RANDOM]
|  |     HDFS partitions=1/1 files=1 size=11.15MB
|  |     stored statistics:
|  |       table: rows=1.92M size=11.15MB
|  |       columns: all
|  |     extrapolated-rows=disabled max-scan-range-rows=197.97K
|  |     mem-estimate=16.00MB mem-reservation=1.00MB thread-reservation=0
|  |     tuple-ids=14 row-size=17B cardinality=1.92M cost=138297
|  |     in pipelines: 10(GETNEXT)
|  |
|  24:HASH JOIN [INNER JOIN, BROADCAST]
|  |  hash-table-id=31
|  |  hash predicates: tpcds_partitioned_parquet_snap.store_sales.ss_hdemo_sk = tpcds_partitioned_parquet_snap.household_demographics_0.hd_demo_sk
|  |  fk/pk conjuncts: tpcds_partitioned_parquet_snap.store_sales.ss_hdemo_sk = tpcds_partitioned_parquet_snap.household_demographics_0.hd_demo_sk
|  |  mem-estimate=0B mem-reservation=0B spill-buffer=64.00KB thread-reservation=0
|  |  tuple-ids=16,18,24,25,27,29 row-size=168B cardinality=16.88M cost=7492223
|  |  in pipelines: 11(GETNEXT), 21(OPEN)
|  |
|  |--F85:PLAN FRAGMENT [RANDOM] hosts=10 instances=10
|  |  |  Per-Instance Resources: mem-estimate=23.35MB mem-reservation=23.25MB thread-reservation=1
|  |  |  max-parallelism=10 segment-costs=[16760] cpu-comparison-result=11 [max(11 (self) vs 2 (sum children))]
|  |  JOIN BUILD
|  |  |  join-table-id=31 plan-id=32 cohort-id=09
|  |  |  build expressions: tpcds_partitioned_parquet_snap.household_demographics_0.hd_demo_sk
|  |  |  runtime filters: RF027[min_max] <- tpcds_partitioned_parquet_snap.household_demographics_0.hd_demo_sk
|  |  |  mem-estimate=23.25MB mem-reservation=23.25MB spill-buffer=64.00KB thread-reservation=0 cost=7200
|  |  |
|  |  88:EXCHANGE [BROADCAST]
|  |  |  mem-estimate=104.38KB mem-reservation=0B thread-reservation=0
|  |  |  tuple-ids=27,29 row-size=12B cardinality=7.20K cost=9560
|  |  |  in pipelines: 21(GETNEXT)
|  |  |
|  |  F08:PLAN FRAGMENT [RANDOM] hosts=1 instances=1
|  |  Per-Instance Resources: mem-estimate=16.08MB mem-reservation=64.00KB thread-reservation=1
|  |  max-parallelism=1 segment-costs=[4524]
|  |  23:HASH JOIN [INNER JOIN, BROADCAST]
|  |  |  hash-table-id=32
|  |  |  hash predicates: tpcds_partitioned_parquet_snap.household_demographics_0.hd_income_band_sk = tpcds_partitioned_parquet_snap.income_band_0.ib_income_band_sk
|  |  |  fk/pk conjuncts: tpcds_partitioned_parquet_snap.household_demographics_0.hd_income_band_sk = tpcds_partitioned_parquet_snap.income_band_0.ib_income_band_sk
|  |  |  mem-estimate=0B mem-reservation=0B spill-buffer=64.00KB thread-reservation=0
|  |  |  tuple-ids=27,29 row-size=12B cardinality=7.20K cost=3151
|  |  |  in pipelines: 21(GETNEXT), 22(OPEN)
|  |  |
|  |  |--F86:PLAN FRAGMENT [RANDOM] hosts=1 instances=1
|  |  |  |  Per-Instance Resources: mem-estimate=1.95MB mem-reservation=1.94MB thread-reservation=1
|  |  |  |  max-parallelism=1 segment-costs=[22]
|  |  |  JOIN BUILD
|  |  |  |  join-table-id=32 plan-id=33 cohort-id=13
|  |  |  |  build expressions: tpcds_partitioned_parquet_snap.income_band_0.ib_income_band_sk
|  |  |  |  runtime filters: RF039[min_max] <- tpcds_partitioned_parquet_snap.income_band_0.ib_income_band_sk
|  |  |  |  mem-estimate=1.94MB mem-reservation=1.94MB spill-buffer=64.00KB thread-reservation=0 cost=20
|  |  |  |
|  |  |  87:EXCHANGE [BROADCAST]
|  |  |  |  mem-estimate=16.00KB mem-reservation=0B thread-reservation=0
|  |  |  |  tuple-ids=29 row-size=4B cardinality=20 cost=2
|  |  |  |  in pipelines: 22(GETNEXT)
|  |  |  |
|  |  |  F09:PLAN FRAGMENT [RANDOM] hosts=1 instances=1
|  |  |  Per-Instance Resources: mem-estimate=16.03MB mem-reservation=8.00KB thread-reservation=1
|  |  |  max-parallelism=1 segment-costs=[1]
|  |  |  22:SCAN HDFS [tpcds_partitioned_parquet_snap.income_band, RANDOM]
|  |  |     HDFS partitions=1/1 files=1 size=1.22KB
|  |  |     stored statistics:
|  |  |       table: rows=20 size=1.22KB
|  |  |       columns: all
|  |  |     extrapolated-rows=disabled max-scan-range-rows=20
|  |  |     mem-estimate=16.00MB mem-reservation=8.00KB thread-reservation=0
|  |  |     tuple-ids=29 row-size=4B cardinality=20 cost=1
|  |  |     in pipelines: 22(GETNEXT)
|  |  |
|  |  21:SCAN HDFS [tpcds_partitioned_parquet_snap.household_demographics, RANDOM]
|  |     HDFS partitions=1/1 files=1 size=41.69KB
|  |     runtime filters: RF039[min_max] -> tpcds_partitioned_parquet_snap.household_demographics_0.hd_income_band_sk
|  |     stored statistics:
|  |       table: rows=7.20K size=41.69KB
|  |       columns: all
|  |     extrapolated-rows=disabled max-scan-range-rows=7.20K
|  |     mem-estimate=16.00MB mem-reservation=64.00KB thread-reservation=0
|  |     tuple-ids=27 row-size=8B cardinality=7.20K cost=829
|  |     in pipelines: 21(GETNEXT)
|  |
|  20:HASH JOIN [INNER JOIN, BROADCAST]
|  |  hash-table-id=33
|  |  hash predicates: tpcds_partitioned_parquet_snap.store_sales.ss_item_sk = tpcds_partitioned_parquet_snap.item.i_item_sk
|  |  fk/pk conjuncts: tpcds_partitioned_parquet_snap.store_sales.ss_item_sk = tpcds_partitioned_parquet_snap.item.i_item_sk
|  |  mem-estimate=0B mem-reservation=0B spill-buffer=64.00KB thread-reservation=0
|  |  tuple-ids=16,18,24,25 row-size=156B cardinality=17.29M cost=224746951
|  |  in pipelines: 11(GETNEXT), 19(OPEN)
|  |
|  |--F87:PLAN FRAGMENT [RANDOM] hosts=10 instances=10
|  |  |  Per-Instance Resources: mem-estimate=24.91MB mem-reservation=24.25MB thread-reservation=1 runtime-filters-memory=1.00MB
|  |  |  max-parallelism=10 segment-costs=[16777]
|  |  JOIN BUILD
|  |  |  join-table-id=33 plan-id=34 cohort-id=09
|  |  |  build expressions: tpcds_partitioned_parquet_snap.item.i_item_sk
|  |  |  runtime filters: RF028[bloom] <- tpcds_partitioned_parquet_snap.item.i_item_sk, RF029[min_max] <- tpcds_partitioned_parquet_snap.item.i_item_sk
|  |  |  mem-estimate=23.25MB mem-reservation=23.25MB spill-buffer=64.00KB thread-reservation=0 cost=7207
|  |  |
|  |  86:EXCHANGE [BROADCAST]
|  |  |  mem-estimate=680.86KB mem-reservation=0B thread-reservation=0
|  |  |  tuple-ids=25 row-size=60B cardinality=7.21K cost=9570
|  |  |  in pipelines: 19(GETNEXT)
|  |  |
|  |  F07:PLAN FRAGMENT [RANDOM] hosts=4 instances=4
|  |  Per-Instance Resources: mem-estimate=16.25MB mem-reservation=512.00KB thread-reservation=1
|  |  max-parallelism=4 segment-costs=[249852]
|  |  19:SCAN HDFS [tpcds_partitioned_parquet_snap.item, RANDOM]
|  |     HDFS partitions=1/1 files=1 size=33.54MB
|  |     predicates: is_not_null_pred(tpcds_partitioned_parquet_snap.item.i_item_sk), tpcds_partitioned_parquet_snap.item.i_color = 'almond' OR tpcds_partitioned_parquet_snap.item.i_color = 'chocolate' OR tpcds_partitioned_parquet_snap.item.i_color = 'drab' OR tpcds_partitioned_parquet_snap.item.i_color = 'misty' OR tpcds_partitioned_parquet_snap.item.i_color = 'peach' OR tpcds_partitioned_parquet_snap.item.i_color = 'saddle', tpcds_partitioned_parquet_snap.item.i_current_price <= CAST(add(CAST(75 AS SMALLINT), CAST(10 AS SMALLINT)) AS DECIMAL(5,0)), tpcds_partitioned_parquet_snap.item.i_current_price <= CAST(add(CAST(75 AS SMALLINT), CAST(15 AS SMALLINT)) AS DECIMAL(5,0)), tpcds_partitioned_parquet_snap.item.i_current_price >= CAST(75 AS DECIMAL(3,0)), tpcds_partitioned_parquet_snap.item.i_current_price >= CAST(add(CAST(75 AS SMALLINT), CAST(1 AS SMALLINT)) AS DECIMAL(5,0))
|  |     runtime filters: RF003[min_max] -> tpcds_partitioned_parquet_snap.item.i_item_sk
|  |     stored statistics:
|  |       table: rows=360.00K size=33.54MB
|  |       columns: all
|  |     extrapolated-rows=disabled max-scan-range-rows=101.54K
|  |     parquet statistics predicates: tpcds_partitioned_parquet_snap.item.i_current_price <= CAST(add(CAST(75 AS SMALLINT), CAST(10 AS SMALLINT)) AS DECIMAL(5,0)), tpcds_partitioned_parquet_snap.item.i_current_price <= CAST(add(CAST(75 AS SMALLINT), CAST(15 AS SMALLINT)) AS DECIMAL(5,0)), tpcds_partitioned_parquet_snap.item.i_current_price >= CAST(75 AS DECIMAL(3,0)), tpcds_partitioned_parquet_snap.item.i_current_price >= CAST(add(CAST(75 AS SMALLINT), CAST(1 AS SMALLINT)) AS DECIMAL(5,0))
|  |     parquet dictionary predicates: is_not_null_pred(tpcds_partitioned_parquet_snap.item.i_item_sk), tpcds_partitioned_parquet_snap.item.i_color = 'almond' OR tpcds_partitioned_parquet_snap.item.i_color = 'chocolate' OR tpcds_partitioned_parquet_snap.item.i_color = 'drab' OR tpcds_partitioned_parquet_snap.item.i_color = 'misty' OR tpcds_partitioned_parquet_snap.item.i_color = 'peach' OR tpcds_partitioned_parquet_snap.item.i_color = 'saddle', tpcds_partitioned_parquet_snap.item.i_current_price <= CAST(add(CAST(75 AS SMALLINT), CAST(10 AS SMALLINT)) AS DECIMAL(5,0)), tpcds_partitioned_parquet_snap.item.i_current_price <= CAST(add(CAST(75 AS SMALLINT), CAST(15 AS SMALLINT)) AS DECIMAL(5,0)), tpcds_partitioned_parquet_snap.item.i_current_price >= CAST(75 AS DECIMAL(3,0)), tpcds_partitioned_parquet_snap.item.i_current_price >= CAST(add(CAST(75 AS SMALLINT), CAST(1 AS SMALLINT)) AS DECIMAL(5,0))
|  |     mem-estimate=16.00MB mem-reservation=512.00KB thread-reservation=0
|  |     tuple-ids=25 row-size=60B cardinality=7.21K cost=248525
|  |     in pipelines: 19(GETNEXT)
|  |
|  18:HASH JOIN [INNER JOIN, BROADCAST]
|  |  hash-table-id=34
|  |  hash predicates: tpcds_partitioned_parquet_snap.store_sales.ss_item_sk = tpcds_partitioned_parquet_snap.catalog_sales.cs_item_sk
|  |  fk/pk conjuncts: none
|  |  mem-estimate=0B mem-reservation=0B spill-buffer=128.00KB thread-reservation=0
|  |  tuple-ids=16,18,24 row-size=96B cardinality=863.99M cost=201874802
|  |  in pipelines: 11(GETNEXT), 84(OPEN)
|  |
|  |--F88:PLAN FRAGMENT [RANDOM] hosts=10 instances=10
|  |  |  Per-Instance Resources: mem-estimate=36.13MB mem-reservation=34.50MB thread-reservation=1
|  |  |  max-parallelism=10 segment-costs=[83878] cpu-comparison-result=240 [max(10 (self) vs 240 (sum children))]
|  |  JOIN BUILD
|  |  |  join-table-id=34 plan-id=35 cohort-id=09
|  |  |  build expressions: tpcds_partitioned_parquet_snap.catalog_sales.cs_item_sk
|  |  |  runtime filters: RF031[min_max] <- tpcds_partitioned_parquet_snap.catalog_sales.cs_item_sk
|  |  |  mem-estimate=34.50MB mem-reservation=34.50MB spill-buffer=128.00KB thread-reservation=0 cost=36018
|  |  |
|  |  85:EXCHANGE [BROADCAST]
|  |  |  mem-estimate=1.63MB mem-reservation=0B thread-reservation=0
|  |  |  tuple-ids=24 row-size=36B cardinality=36.02K cost=47860
|  |  |  in pipelines: 84(GETNEXT)
|  |  |
|  |  F06:PLAN FRAGMENT [HASH(tpcds_partitioned_parquet_snap.catalog_sales.cs_item_sk)] hosts=10 instances=10 (adjusted from 120)
|  |  Per-Instance Resources: mem-estimate=24.69MB mem-reservation=2.88MB thread-reservation=1
|  |  max-parallelism=10 segment-costs=[28566307, 4278] cpu-comparison-result=240 [max(10 (self) vs 240 (sum children))]
|  |  84:AGGREGATE [FINALIZE]
|  |  |  output: sum:merge(tpcds_partitioned_parquet_snap.catalog_sales.cs_ext_list_price), sum:merge(add(add(tpcds_partitioned_parquet_snap.catalog_returns.cr_refunded_cash, tpcds_partitioned_parquet_snap.catalog_returns.cr_reversed_charge), tpcds_partitioned_parquet_snap.catalog_returns.cr_store_credit))
|  |  |  group by: tpcds_partitioned_parquet_snap.catalog_sales.cs_item_sk
|  |  |  having: sum(tpcds_partitioned_parquet_snap.catalog_sales.cs_ext_list_price) > multiply(CAST(2 AS DECIMAL(3,0)), sum(add(add(tpcds_partitioned_parquet_snap.catalog_returns.cr_refunded_cash, tpcds_partitioned_parquet_snap.catalog_returns.cr_reversed_charge), tpcds_partitioned_parquet_snap.catalog_returns.cr_store_credit)))
|  |  |  mem-estimate=10.00MB mem-reservation=2.88MB spill-buffer=128.00KB thread-reservation=0
|  |  |  tuple-ids=24 row-size=36B cardinality=36.02K cost=16606891
|  |  |  in pipelines: 84(GETNEXT), 14(OPEN)
|  |  |
|  |  83:EXCHANGE [HASH(tpcds_partitioned_parquet_snap.catalog_sales.cs_item_sk)]
|  |  |  mem-estimate=14.69MB mem-reservation=0B thread-reservation=0
|  |  |  tuple-ids=24 row-size=36B cardinality=43.22M cost=11959416
|  |  |  in pipelines: 14(GETNEXT)
|  |  |
|  |  F05:PLAN FRAGMENT [HASH(tpcds_partitioned_parquet_snap.catalog_sales.cs_item_sk,tpcds_partitioned_parquet_snap.catalog_sales.cs_order_number)] hosts=10 instances=120
|  |  Per-Instance Resources: mem-estimate=23.91MB mem-reservation=2.00MB thread-reservation=1
|  |  max-parallelism=330 segment-costs=[3269691390, 122472725] cpu-comparison-result=240 [max(240 (self) vs 230 (sum children))]
|  |  17:AGGREGATE [STREAMING]
|  |  |  output: sum(tpcds_partitioned_parquet_snap.catalog_sales.cs_ext_list_price), sum(add(add(tpcds_partitioned_parquet_snap.catalog_returns.cr_refunded_cash, tpcds_partitioned_parquet_snap.catalog_returns.cr_reversed_charge), tpcds_partitioned_parquet_snap.catalog_returns.cr_store_credit))
|  |  |  group by: tpcds_partitioned_parquet_snap.catalog_sales.cs_item_sk
|  |  |  mem-estimate=10.00MB mem-reservation=2.00MB spill-buffer=64.00KB thread-reservation=0
|  |  |  tuple-ids=24 row-size=36B cardinality=43.22M cost=1040366503
|  |  |  in pipelines: 14(GETNEXT)
|  |  |
|  |  16:HASH JOIN [INNER JOIN, PARTITIONED]
|  |  |  hash-table-id=35
|  |  |  hash predicates: tpcds_partitioned_parquet_snap.catalog_sales.cs_item_sk = tpcds_partitioned_parquet_snap.catalog_returns.cr_item_sk, tpcds_partitioned_parquet_snap.catalog_sales.cs_order_number = tpcds_partitioned_parquet_snap.catalog_returns.cr_order_number
|  |  |  fk/pk conjuncts: tpcds_partitioned_parquet_snap.catalog_sales.cs_item_sk = tpcds_partitioned_parquet_snap.catalog_returns.cr_item_sk, tpcds_partitioned_parquet_snap.catalog_sales.cs_order_number = tpcds_partitioned_parquet_snap.catalog_returns.cr_order_number
|  |  |  mem-estimate=0B mem-reservation=0B spill-buffer=2.00MB thread-reservation=0
|  |  |  tuple-ids=20,22 row-size=40B cardinality=2.56G cost=1490184428
|  |  |  in pipelines: 14(GETNEXT), 15(OPEN)
|  |  |
|  |  |--F89:PLAN FRAGMENT [HASH(tpcds_partitioned_parquet_snap.catalog_sales.cs_item_sk,tpcds_partitioned_parquet_snap.catalog_sales.cs_order_number)] hosts=10 instances=120
|  |  |  |  Per-Instance Resources: mem-estimate=214.81MB mem-reservation=51.00MB thread-reservation=1 runtime-filters-memory=17.00MB
|  |  |  |  max-parallelism=330 segment-costs=[527708754]
|  |  |  JOIN BUILD
|  |  |  |  join-table-id=35 plan-id=36 cohort-id=14
|  |  |  |  build expressions: tpcds_partitioned_parquet_snap.catalog_returns.cr_item_sk, tpcds_partitioned_parquet_snap.catalog_returns.cr_order_number
|  |  |  |  runtime filters: RF034[bloom] <- tpcds_partitioned_parquet_snap.catalog_returns.cr_item_sk, RF035[bloom] <- tpcds_partitioned_parquet_snap.catalog_returns.cr_order_number, RF036[min_max] <- tpcds_partitioned_parquet_snap.catalog_returns.cr_item_sk, RF037[min_max] <- tpcds_partitioned_parquet_snap.catalog_returns.cr_order_number
|  |  |  |  mem-estimate=184.80MB mem-reservation=34.00MB spill-buffer=2.00MB thread-reservation=0 cost=432016991
|  |  |  |
|  |  |  82:EXCHANGE [HASH(tpcds_partitioned_parquet_snap.catalog_returns.cr_item_sk,tpcds_partitioned_parquet_snap.catalog_returns.cr_order_number)]
|  |  |  |  mem-estimate=13.01MB mem-reservation=0B thread-reservation=0
|  |  |  |  tuple-ids=22 row-size=24B cardinality=432.02M cost=95691763
|  |  |  |  in pipelines: 15(GETNEXT)
|  |  |  |
|  |  |  F04:PLAN FRAGMENT [RANDOM] hosts=10 instances=110 (adjusted from 120)
|  |  |  Per-Host Shared Resources: mem-estimate=1.00MB mem-reservation=1.00MB thread-reservation=0 runtime-filters-memory=1.00MB
|  |  |  Per-Instance Resources: mem-estimate=29.12MB mem-reservation=40.00KB thread-reservation=1
|  |  |  max-parallelism=110 segment-costs=[1039605687]
|  |  |  15:SCAN HDFS [tpcds_partitioned_parquet_snap.catalog_returns, RANDOM]
|  |  |     HDFS partitions=2060/2060 files=2060 size=32.77GB
|  |  |     runtime filters: RF029[min_max] -> tpcds_partitioned_parquet_snap.catalog_returns.cr_item_sk, RF003[min_max] -> tpcds_partitioned_parquet_snap.catalog_returns.cr_item_sk, RF028[bloom] -> tpcds_partitioned_parquet_snap.catalog_returns.cr_item_sk
|  |  |     stored statistics:
|  |  |       table: rows=432.02M size=32.77GB
|  |  |       partitions: 2060/2060 rows=432.02M
|  |  |       columns: all
|  |  |     extrapolated-rows=disabled max-scan-range-rows=416.82K
|  |  |     mem-estimate=16.00MB mem-reservation=40.00KB thread-reservation=0
|  |  |     tuple-ids=22 row-size=24B cardinality=432.02M cost=149305072
|  |  |     in pipelines: 15(GETNEXT)
|  |  |
|  |  81:EXCHANGE [HASH(tpcds_partitioned_parquet_snap.catalog_sales.cs_item_sk,tpcds_partitioned_parquet_snap.catalog_sales.cs_order_number)]
|  |  |  mem-estimate=12.34MB mem-reservation=0B thread-reservation=0
|  |  |  tuple-ids=20 row-size=16B cardinality=4.00G(filtered from 4.32G) cost=739140459
|  |  |  in pipelines: 14(GETNEXT)
|  |  |
|  |  F03:PLAN FRAGMENT [RANDOM] hosts=10 instances=120
|  |  Per-Host Shared Resources: mem-estimate=18.00MB mem-reservation=18.00MB thread-reservation=0 runtime-filters-memory=18.00MB
|  |  Per-Instance Resources: mem-estimate=25.38MB mem-reservation=1.00MB thread-reservation=1
|  |  max-parallelism=720 segment-costs=[7180594990]
|  |  14:SCAN HDFS [tpcds_partitioned_parquet_snap.catalog_sales, RANDOM]
|  |     HDFS partitions=1831/1831 files=1831 size=280.96GB
|  |     runtime filters: RF029[min_max] -> tpcds_partitioned_parquet_snap.catalog_sales.cs_item_sk, RF036[min_max] -> tpcds_partitioned_parquet_snap.catalog_sales.cs_item_sk, RF037[min_max] -> tpcds_partitioned_parquet_snap.catalog_sales.cs_order_number, RF003[min_max] -> tpcds_partitioned_parquet_snap.catalog_sales.cs_item_sk, RF028[bloom] -> tpcds_partitioned_parquet_snap.catalog_sales.cs_item_sk, RF034[bloom] -> tpcds_partitioned_parquet_snap.catalog_sales.cs_item_sk, RF035[bloom] -> tpcds_partitioned_parquet_snap.catalog_sales.cs_order_number
|  |     stored statistics:
|  |       table: rows=4.32G size=280.96GB
|  |       partitions: 1831/1831 rows=4.32G
|  |       columns: all
|  |     extrapolated-rows=disabled max-scan-range-rows=21.52M
|  |     mem-estimate=16.00MB mem-reservation=1.00MB thread-reservation=0
|  |     tuple-ids=20 row-size=16B cardinality=4.00G(filtered from 4.32G) cost=995345966
|  |     in pipelines: 14(GETNEXT)
|  |
|  13:HASH JOIN [INNER JOIN, BROADCAST]
|  |  hash-table-id=36
|  |  hash predicates: tpcds_partitioned_parquet_snap.store_sales.ss_sold_date_sk = tpcds_partitioned_parquet_snap.date_dim.d_date_sk
|  |  fk/pk conjuncts: tpcds_partitioned_parquet_snap.store_sales.ss_sold_date_sk = tpcds_partitioned_parquet_snap.date_dim.d_date_sk
|  |  mem-estimate=0B mem-reservation=0B spill-buffer=64.00KB thread-reservation=0
|  |  tuple-ids=16,18 row-size=60B cardinality=176.68M cost=77334099
|  |  in pipelines: 11(GETNEXT), 12(OPEN)
|  |
|  |--F90:PLAN FRAGMENT [RANDOM] hosts=10 instances=10
|  |  |  Per-Instance Resources: mem-estimate=24.27MB mem-reservation=24.25MB thread-reservation=1 runtime-filters-memory=1.00MB
|  |  |  max-parallelism=10 segment-costs=[863]
|  |  JOIN BUILD
|  |  |  join-table-id=36 plan-id=37 cohort-id=09
|  |  |  build expressions: tpcds_partitioned_parquet_snap.date_dim.d_date_sk
|  |  |  runtime filters: RF032[bloom] <- tpcds_partitioned_parquet_snap.date_dim.d_date_sk
|  |  |  mem-estimate=23.25MB mem-reservation=23.25MB spill-buffer=64.00KB thread-reservation=0 cost=373
|  |  |
|  |  80:EXCHANGE [BROADCAST]
|  |  |  mem-estimate=16.00KB mem-reservation=0B thread-reservation=0
|  |  |  tuple-ids=18 row-size=8B cardinality=373 cost=490
|  |  |  in pipelines: 12(GETNEXT)
|  |  |
|  |  F02:PLAN FRAGMENT [RANDOM] hosts=1 instances=1
|  |  Per-Instance Resources: mem-estimate=16.05MB mem-reservation=512.00KB thread-reservation=1
|  |  max-parallelism=1 segment-costs=[10483]
|  |  12:SCAN HDFS [tpcds_partitioned_parquet_snap.date_dim, RANDOM]
|  |     HDFS partitions=1/1 files=1 size=2.17MB
|  |     predicates: tpcds_partitioned_parquet_snap.date_dim.d_year = CAST(2000 AS INT)
|  |     stored statistics:
|  |       table: rows=73.05K size=2.17MB
|  |       columns: all
|  |     extrapolated-rows=disabled max-scan-range-rows=73.05K
|  |     parquet statistics predicates: tpcds_partitioned_parquet_snap.date_dim.d_year = CAST(2000 AS INT)
|  |     parquet dictionary predicates: tpcds_partitioned_parquet_snap.date_dim.d_year = CAST(2000 AS INT)
|  |     mem-estimate=16.00MB mem-reservation=512.00KB thread-reservation=0
|  |     tuple-ids=18 row-size=8B cardinality=373 cost=10467
|  |     in pipelines: 12(GETNEXT)
|  |
|  11:SCAN HDFS [tpcds_partitioned_parquet_snap.store_sales, RANDOM]
|     HDFS partitions=1824/1824 files=1824 size=389.90GB
|     predicates: is_not_null_pred(tpcds_partitioned_parquet_snap.store_sales.ss_item_sk)
|     runtime filters: RF029[min_max] -> tpcds_partitioned_parquet_snap.store_sales.ss_item_sk, RF027[min_max] -> tpcds_partitioned_parquet_snap.store_sales.ss_hdemo_sk, RF003[min_max] -> tpcds_partitioned_parquet_snap.store_sales.ss_item_sk, RF007[min_max] -> tpcds_partitioned_parquet_snap.store_sales.ss_store_sk, RF019[min_max] -> tpcds_partitioned_parquet_snap.store_sales.ss_customer_sk, RF021[min_max] -> tpcds_partitioned_parquet_snap.store_sales.ss_promo_sk, RF023[min_max] -> tpcds_partitioned_parquet_snap.store_sales.ss_addr_sk, RF025[min_max] -> tpcds_partitioned_parquet_snap.store_sales.ss_cdemo_sk, RF031[min_max] -> tpcds_partitioned_parquet_snap.store_sales.ss_item_sk, RF028[bloom] -> tpcds_partitioned_parquet_snap.store_sales.ss_item_sk, RF032[bloom] -> tpcds_partitioned_parquet_snap.store_sales.ss_sold_date_sk
|     stored statistics:
|       table: rows=8.64G size=389.90GB
|       partitions: 1824/1824 rows=8.64G
|       columns: all
|     extrapolated-rows=disabled max-scan-range-rows=390.22M est-scan-range=374(filtered from 1824)
|     parquet dictionary predicates: is_not_null_pred(tpcds_partitioned_parquet_snap.store_sales.ss_item_sk)
|     mem-estimate=16.00MB mem-reservation=8.00MB thread-reservation=0
|     tuple-ids=16 row-size=52B cardinality=176.68M(filtered from 863.99M) cost=1372649335
|     in pipelines: 11(GETNEXT)
|
100:EXCHANGE [HASH(tpcds_partitioned_parquet_snap.store_returns.sr_item_sk,tpcds_partitioned_parquet_snap.store_returns.sr_ticket_number)]
|  mem-estimate=11.88MB mem-reservation=0B thread-reservation=0
|  tuple-ids=0 row-size=12B cardinality=863.99M cost=143681309
|  in pipelines: 00(GETNEXT)
|
F00:PLAN FRAGMENT [RANDOM] hosts=10 instances=120
Per-Host Shared Resources: mem-estimate=17.00MB mem-reservation=17.00MB thread-reservation=0 runtime-filters-memory=17.00MB
Per-Instance Resources: mem-estimate=18.50MB mem-reservation=512.00KB thread-reservation=1
max-parallelism=130 segment-costs=[1262114593]
00:SCAN HDFS [tpcds_partitioned_parquet_snap.store_returns, RANDOM]
   HDFS partitions=2004/2004 files=2004 size=48.14GB
   runtime filters: RF014[min_max] -> tpcds_partitioned_parquet_snap.store_returns.sr_item_sk, RF015[min_max] -> tpcds_partitioned_parquet_snap.store_returns.sr_ticket_number, RF003[min_max] -> tpcds_partitioned_parquet_snap.store_returns.sr_item_sk, RF012[bloom] -> tpcds_partitioned_parquet_snap.store_returns.sr_item_sk, RF013[bloom] -> tpcds_partitioned_parquet_snap.store_returns.sr_ticket_number
   stored statistics:
     table: rows=863.99M size=48.14GB
     partitions: 2004/2004 rows=863.99M
     columns: all
   extrapolated-rows=disabled max-scan-range-rows=30.09M
   mem-estimate=16.00MB mem-reservation=512.00KB thread-reservation=0
   tuple-ids=0 row-size=12B cardinality=863.99M cost=149297235
   in pipelines: 00(GETNEXT)
====
