# TPCDS-Q29
# start query 29 in stream 0 using template query29.tpl using seed 2062354155
select
     i_item_id
    ,i_item_desc
    ,s_store_id
    ,s_store_name
    ,stddev_samp(ss_quantity)        as store_sales_quantity
    ,stddev_samp(sr_return_quantity) as store_returns_quantity
    ,stddev_samp(cs_quantity)        as catalog_sales_quantity
 from
    store_sales
   ,store_returns
   ,catalog_sales
   ,date_dim             d1
   ,date_dim             d2
   ,date_dim             d3
   ,store
   ,item
 where
     d1.d_moy               = 4
 and d1.d_year              = 1998
 and d1.d_date_sk           = ss_sold_date_sk
 and i_item_sk              = ss_item_sk
 and s_store_sk             = ss_store_sk
 and ss_customer_sk         = sr_customer_sk
 and ss_item_sk             = sr_item_sk
 and ss_ticket_number       = sr_ticket_number
 and sr_returned_date_sk    = d2.d_date_sk
 and d2.d_moy               between 4 and  4 + 3
 and d2.d_year              = 1998
 and sr_customer_sk         = cs_bill_customer_sk
 and sr_item_sk             = cs_item_sk
 and cs_sold_date_sk        = d3.d_date_sk
 and d3.d_year              in (1998,1998+1,1998+2)
 group by
    i_item_id
   ,i_item_desc
   ,s_store_id
   ,s_store_name
 order by
    i_item_id
   ,i_item_desc
   ,s_store_id
   ,s_store_name
 limit 100

# end query 29 in stream 0 using template query29.tpl
---- PLAN
Max Per-Host Resource Reservation: Memory=172.34MB Threads=1
Per-Host Resource Estimates: Memory=8.06GB
F00:PLAN FRAGMENT [UNPARTITIONED] hosts=1 instances=1
|  Per-Instance Resources: mem-estimate=8.06GB mem-reservation=172.34MB thread-reservation=1 runtime-filters-memory=55.00MB
|  max-parallelism=1 segment-costs=[1919177609, 928334641, 700]
PLAN-ROOT SINK
|  output exprs: tpcds_partitioned_parquet_snap.item.i_item_id, tpcds_partitioned_parquet_snap.item.i_item_desc, tpcds_partitioned_parquet_snap.store.s_store_id, tpcds_partitioned_parquet_snap.store.s_store_name, stddev_samp(tpcds_partitioned_parquet_snap.store_sales.ss_quantity), stddev_samp(tpcds_partitioned_parquet_snap.store_returns.sr_return_quantity), stddev_samp(tpcds_partitioned_parquet_snap.catalog_sales.cs_quantity)
|  mem-estimate=4.00MB mem-reservation=4.00MB spill-buffer=2.00MB thread-reservation=0 cost=700
|
16:TOP-N [LIMIT=100]
|  order by: tpcds_partitioned_parquet_snap.item.i_item_id ASC NULLS LAST, tpcds_partitioned_parquet_snap.item.i_item_desc ASC NULLS LAST, tpcds_partitioned_parquet_snap.store.s_store_id ASC NULLS LAST, tpcds_partitioned_parquet_snap.store.s_store_name ASC NULLS LAST
|  mem-estimate=20.37KB mem-reservation=0B thread-reservation=0
|  tuple-ids=18 row-size=209B cardinality=100 cost=928334641
|  in pipelines: 16(GETNEXT), 15(OPEN)
|
15:AGGREGATE [FINALIZE]
|  output: stddev_samp(tpcds_partitioned_parquet_snap.store_sales.ss_quantity), stddev_samp(tpcds_partitioned_parquet_snap.store_returns.sr_return_quantity), stddev_samp(tpcds_partitioned_parquet_snap.catalog_sales.cs_quantity)
|  group by: tpcds_partitioned_parquet_snap.item.i_item_id, tpcds_partitioned_parquet_snap.item.i_item_desc, tpcds_partitioned_parquet_snap.store.s_store_id, tpcds_partitioned_parquet_snap.store.s_store_name
|  mem-estimate=2.07GB mem-reservation=34.00MB spill-buffer=2.00MB thread-reservation=0
|  tuple-ids=17 row-size=209B cardinality=63.52M cost=383844490
|  in pipelines: 15(GETNEXT), 00(OPEN)
|
14:HASH JOIN [INNER JOIN]
|  hash predicates: tpcds_partitioned_parquet_snap.store_sales.ss_store_sk = tpcds_partitioned_parquet_snap.store.s_store_sk
|  fk/pk conjuncts: tpcds_partitioned_parquet_snap.store_sales.ss_store_sk = tpcds_partitioned_parquet_snap.store.s_store_sk
|  runtime filters: RF000[bloom] <- tpcds_partitioned_parquet_snap.store.s_store_sk, RF001[min_max] <- tpcds_partitioned_parquet_snap.store.s_store_sk
|  mem-estimate=1.94MB mem-reservation=1.94MB spill-buffer=64.00KB thread-reservation=0
|  tuple-ids=0,4,6,8,10,2,12,14 row-size=293B cardinality=63.52M cost=27805396
|  in pipelines: 00(GETNEXT), 13(OPEN)
|
|--13:SCAN HDFS [tpcds_partitioned_parquet_snap.store]
|     HDFS partitions=1/1 files=1 size=119.76KB
|     stored statistics:
|       table: rows=1.35K size=119.76KB
|       columns: all
|     extrapolated-rows=disabled max-scan-range-rows=1.35K
|     mem-estimate=16.00MB mem-reservation=24.00KB thread-reservation=0
|     tuple-ids=14 row-size=48B cardinality=1.35K cost=465
|     in pipelines: 13(GETNEXT)
|
12:HASH JOIN [INNER JOIN]
|  hash predicates: tpcds_partitioned_parquet_snap.catalog_sales.cs_sold_date_sk = tpcds_partitioned_parquet_snap.date_dim_1.d_date_sk
|  fk/pk conjuncts: tpcds_partitioned_parquet_snap.catalog_sales.cs_sold_date_sk = tpcds_partitioned_parquet_snap.date_dim_1.d_date_sk
|  runtime filters: RF002[bloom] <- tpcds_partitioned_parquet_snap.date_dim_1.d_date_sk
|  mem-estimate=1.94MB mem-reservation=1.94MB spill-buffer=64.00KB thread-reservation=0
|  tuple-ids=0,4,6,8,10,2,12 row-size=245B cardinality=63.52M cost=38340362
|  in pipelines: 00(GETNEXT), 11(OPEN)
|
|--11:SCAN HDFS [tpcds_partitioned_parquet_snap.date_dim]
|     HDFS partitions=1/1 files=1 size=2.17MB
|     predicates: tpcds_partitioned_parquet_snap.date_dim_1.d_year = CAST(1998 AS INT) OR tpcds_partitioned_parquet_snap.date_dim_1.d_year = add(CAST(1998 AS INT), CAST(1 AS INT)) OR tpcds_partitioned_parquet_snap.date_dim_1.d_year = add(CAST(1998 AS INT), CAST(2 AS INT))
|     stored statistics:
|       table: rows=73.05K size=2.17MB
|       columns: all
|     extrapolated-rows=disabled max-scan-range-rows=73.05K
|     parquet dictionary predicates: tpcds_partitioned_parquet_snap.date_dim_1.d_year = CAST(1998 AS INT) OR tpcds_partitioned_parquet_snap.date_dim_1.d_year = add(CAST(1998 AS INT), CAST(1 AS INT)) OR tpcds_partitioned_parquet_snap.date_dim_1.d_year = add(CAST(1998 AS INT), CAST(2 AS INT))
|     mem-estimate=16.00MB mem-reservation=512.00KB thread-reservation=0
|     tuple-ids=12 row-size=8B cardinality=1.11K cost=10467
|     in pipelines: 11(GETNEXT)
|
10:HASH JOIN [INNER JOIN]
|  hash predicates: tpcds_partitioned_parquet_snap.catalog_sales.cs_bill_customer_sk = tpcds_partitioned_parquet_snap.store_returns.sr_customer_sk, tpcds_partitioned_parquet_snap.catalog_sales.cs_item_sk = tpcds_partitioned_parquet_snap.store_returns.sr_item_sk
|  fk/pk conjuncts: tpcds_partitioned_parquet_snap.catalog_sales.cs_bill_customer_sk = tpcds_partitioned_parquet_snap.store_returns.sr_customer_sk, tpcds_partitioned_parquet_snap.catalog_sales.cs_item_sk = tpcds_partitioned_parquet_snap.store_returns.sr_item_sk
|  runtime filters: RF004[bloom] <- tpcds_partitioned_parquet_snap.store_returns.sr_customer_sk, RF005[bloom] <- tpcds_partitioned_parquet_snap.store_returns.sr_item_sk, RF006[min_max] <- tpcds_partitioned_parquet_snap.store_returns.sr_customer_sk, RF007[min_max] <- tpcds_partitioned_parquet_snap.store_returns.sr_item_sk
|  mem-estimate=4.67GB mem-reservation=34.00MB spill-buffer=2.00MB thread-reservation=0
|  tuple-ids=0,4,6,8,10,2 row-size=237B cardinality=104.60M cost=470631889
|  in pipelines: 00(GETNEXT), 02(OPEN)
|
|--09:HASH JOIN [INNER JOIN]
|  |  hash predicates: tpcds_partitioned_parquet_snap.store_sales.ss_item_sk = tpcds_partitioned_parquet_snap.item.i_item_sk
|  |  fk/pk conjuncts: none
|  |  runtime filters: RF008[bloom] <- tpcds_partitioned_parquet_snap.item.i_item_sk, RF009[min_max] <- tpcds_partitioned_parquet_snap.item.i_item_sk
|  |  mem-estimate=61.64MB mem-reservation=34.00MB spill-buffer=2.00MB thread-reservation=0
|  |  tuple-ids=4,6,8,10,2 row-size=221B cardinality=20.92M cost=9516057
|  |  in pipelines: 02(GETNEXT), 01(OPEN)
|  |
|  |--01:SCAN HDFS [tpcds_partitioned_parquet_snap.item]
|  |     HDFS partitions=1/1 files=1 size=33.54MB
|  |     stored statistics:
|  |       table: rows=360.00K size=33.54MB
|  |       columns: all
|  |     extrapolated-rows=disabled max-scan-range-rows=101.54K
|  |     mem-estimate=16.00MB mem-reservation=512.00KB thread-reservation=0
|  |     tuple-ids=2 row-size=145B cardinality=360.00K cost=625187
|  |     in pipelines: 01(GETNEXT)
|  |
|  08:HASH JOIN [INNER JOIN]
|  |  hash predicates: tpcds_partitioned_parquet_snap.store_sales.ss_sold_date_sk = tpcds_partitioned_parquet_snap.date_dim_0.d_date_sk
|  |  fk/pk conjuncts: tpcds_partitioned_parquet_snap.store_sales.ss_sold_date_sk = tpcds_partitioned_parquet_snap.date_dim_0.d_date_sk
|  |  runtime filters: RF010[bloom] <- tpcds_partitioned_parquet_snap.date_dim_0.d_date_sk
|  |  mem-estimate=1.94MB mem-reservation=1.94MB spill-buffer=64.00KB thread-reservation=0
|  |  tuple-ids=4,6,8,10 row-size=76B cardinality=20.92M cost=13329978
|  |  in pipelines: 02(GETNEXT), 07(OPEN)
|  |
|  |--07:SCAN HDFS [tpcds_partitioned_parquet_snap.date_dim]
|  |     HDFS partitions=1/1 files=1 size=2.17MB
|  |     predicates: tpcds_partitioned_parquet_snap.date_dim_0.d_year = CAST(1998 AS INT), tpcds_partitioned_parquet_snap.date_dim_0.d_moy = CAST(4 AS INT)
|  |     stored statistics:
|  |       table: rows=73.05K size=2.17MB
|  |       columns: all
|  |     extrapolated-rows=disabled max-scan-range-rows=73.05K
|  |     parquet statistics predicates: tpcds_partitioned_parquet_snap.date_dim_0.d_year = CAST(1998 AS INT), tpcds_partitioned_parquet_snap.date_dim_0.d_moy = CAST(4 AS INT)
|  |     parquet dictionary predicates: tpcds_partitioned_parquet_snap.date_dim_0.d_year = CAST(1998 AS INT), tpcds_partitioned_parquet_snap.date_dim_0.d_moy = CAST(4 AS INT)
|  |     mem-estimate=16.00MB mem-reservation=512.00KB thread-reservation=0
|  |     tuple-ids=10 row-size=12B cardinality=108 cost=16728
|  |     in pipelines: 07(GETNEXT)
|  |
|  06:HASH JOIN [INNER JOIN]
|  |  hash predicates: tpcds_partitioned_parquet_snap.store_sales.ss_customer_sk = tpcds_partitioned_parquet_snap.store_returns.sr_customer_sk, tpcds_partitioned_parquet_snap.store_sales.ss_item_sk = tpcds_partitioned_parquet_snap.store_returns.sr_item_sk, tpcds_partitioned_parquet_snap.store_sales.ss_ticket_number = tpcds_partitioned_parquet_snap.store_returns.sr_ticket_number
|  |  fk/pk conjuncts: tpcds_partitioned_parquet_snap.store_sales.ss_customer_sk = tpcds_partitioned_parquet_snap.store_returns.sr_customer_sk, tpcds_partitioned_parquet_snap.store_sales.ss_item_sk = tpcds_partitioned_parquet_snap.store_returns.sr_item_sk, tpcds_partitioned_parquet_snap.store_sales.ss_ticket_number = tpcds_partitioned_parquet_snap.store_returns.sr_ticket_number
|  |  runtime filters: RF012[bloom] <- tpcds_partitioned_parquet_snap.store_returns.sr_customer_sk, RF013[bloom] <- tpcds_partitioned_parquet_snap.store_returns.sr_item_sk, RF014[bloom] <- tpcds_partitioned_parquet_snap.store_returns.sr_ticket_number, RF015[min_max] <- tpcds_partitioned_parquet_snap.store_returns.sr_customer_sk, RF016[min_max] <- tpcds_partitioned_parquet_snap.store_returns.sr_item_sk, RF017[min_max] <- tpcds_partitioned_parquet_snap.store_returns.sr_ticket_number
|  |  mem-estimate=3.21GB mem-reservation=34.00MB spill-buffer=2.00MB thread-reservation=0
|  |  tuple-ids=4,6,8 row-size=64B cardinality=37.19M(filtered from 353.29M) cost=124429406
|  |  in pipelines: 02(GETNEXT), 03(OPEN)
|  |
|  |--05:HASH JOIN [INNER JOIN]
|  |  |  hash predicates: tpcds_partitioned_parquet_snap.store_returns.sr_returned_date_sk = tpcds_partitioned_parquet_snap.date_dim.d_date_sk
|  |  |  fk/pk conjuncts: tpcds_partitioned_parquet_snap.store_returns.sr_returned_date_sk = tpcds_partitioned_parquet_snap.date_dim.d_date_sk
|  |  |  runtime filters: RF018[bloom] <- tpcds_partitioned_parquet_snap.date_dim.d_date_sk
|  |  |  mem-estimate=1.94MB mem-reservation=1.94MB spill-buffer=64.00KB thread-reservation=0
|  |  |  tuple-ids=6,8 row-size=36B cardinality=50.87M cost=22267485
|  |  |  in pipelines: 03(GETNEXT), 04(OPEN)
|  |  |
|  |  |--04:SCAN HDFS [tpcds_partitioned_parquet_snap.date_dim]
|  |  |     HDFS partitions=1/1 files=1 size=2.17MB
|  |  |     predicates: tpcds_partitioned_parquet_snap.date_dim.d_year = CAST(1998 AS INT), tpcds_partitioned_parquet_snap.date_dim.d_moy <= CAST(add(CAST(4 AS SMALLINT), CAST(3 AS SMALLINT)) AS INT), tpcds_partitioned_parquet_snap.date_dim.d_moy >= CAST(4 AS INT)
|  |  |     stored statistics:
|  |  |       table: rows=73.05K size=2.17MB
|  |  |       columns: all
|  |  |     extrapolated-rows=disabled max-scan-range-rows=73.05K
|  |  |     parquet statistics predicates: tpcds_partitioned_parquet_snap.date_dim.d_year = CAST(1998 AS INT), tpcds_partitioned_parquet_snap.date_dim.d_moy <= CAST(add(CAST(4 AS SMALLINT), CAST(3 AS SMALLINT)) AS INT), tpcds_partitioned_parquet_snap.date_dim.d_moy >= CAST(4 AS INT)
|  |  |     parquet dictionary predicates: tpcds_partitioned_parquet_snap.date_dim.d_year = CAST(1998 AS INT), tpcds_partitioned_parquet_snap.date_dim.d_moy <= CAST(add(CAST(4 AS SMALLINT), CAST(3 AS SMALLINT)) AS INT), tpcds_partitioned_parquet_snap.date_dim.d_moy >= CAST(4 AS INT)
|  |  |     mem-estimate=16.00MB mem-reservation=512.00KB thread-reservation=0
|  |  |     tuple-ids=8 row-size=12B cardinality=118 cost=18780
|  |  |     in pipelines: 04(GETNEXT)
|  |  |
|  |  03:SCAN HDFS [tpcds_partitioned_parquet_snap.store_returns]
|  |     HDFS partitions=2004/2004 files=2004 size=48.14GB
|  |     runtime filters: RF009[min_max] -> tpcds_partitioned_parquet_snap.store_returns.sr_item_sk, RF018[bloom] -> tpcds_partitioned_parquet_snap.store_returns.sr_returned_date_sk, RF008[bloom] -> tpcds_partitioned_parquet_snap.store_returns.sr_item_sk
|  |     stored statistics:
|  |       table: rows=863.99M size=48.14GB
|  |       partitions: 2004/2004 rows=863.99M
|  |       columns: all
|  |     extrapolated-rows=disabled max-scan-range-rows=30.09M est-scan-range=118(filtered from 2004)
|  |     mem-estimate=16.00MB mem-reservation=512.00KB thread-reservation=0
|  |     tuple-ids=6 row-size=24B cardinality=50.87M(filtered from 863.99M) cost=17581910
|  |     in pipelines: 03(GETNEXT)
|  |
|  02:SCAN HDFS [tpcds_partitioned_parquet_snap.store_sales]
|     HDFS partitions=1824/1824 files=1824 size=389.90GB
|     runtime filters: RF015[min_max] -> tpcds_partitioned_parquet_snap.store_sales.ss_customer_sk, RF016[min_max] -> tpcds_partitioned_parquet_snap.store_sales.ss_item_sk, RF017[min_max] -> tpcds_partitioned_parquet_snap.store_sales.ss_ticket_number, RF001[min_max] -> tpcds_partitioned_parquet_snap.store_sales.ss_store_sk, RF009[min_max] -> tpcds_partitioned_parquet_snap.store_sales.ss_item_sk, RF012[bloom] -> tpcds_partitioned_parquet_snap.store_sales.ss_customer_sk, RF013[bloom] -> tpcds_partitioned_parquet_snap.store_sales.ss_item_sk, RF014[bloom] -> tpcds_partitioned_parquet_snap.store_sales.ss_ticket_number, RF010[bloom] -> tpcds_partitioned_parquet_snap.store_sales.ss_sold_date_sk, RF000[bloom] -> tpcds_partitioned_parquet_snap.store_sales.ss_store_sk, RF008[bloom] -> tpcds_partitioned_parquet_snap.store_sales.ss_item_sk
|     stored statistics:
|       table: rows=8.64G size=389.90GB
|       partitions: 1824/1824 rows=8.64G
|       columns: all
|     extrapolated-rows=disabled max-scan-range-rows=390.22M est-scan-range=109(filtered from 1824)
|     mem-estimate=16.00MB mem-reservation=8.00MB thread-reservation=0
|     tuple-ids=4 row-size=28B cardinality=37.19M(filtered from 8.64G) cost=206267084
|     in pipelines: 02(GETNEXT)
|
00:SCAN HDFS [tpcds_partitioned_parquet_snap.catalog_sales]
   HDFS partitions=1831/1831 files=1831 size=280.96GB
   runtime filters: RF006[min_max] -> tpcds_partitioned_parquet_snap.catalog_sales.cs_bill_customer_sk, RF007[min_max] -> tpcds_partitioned_parquet_snap.catalog_sales.cs_item_sk, RF004[bloom] -> tpcds_partitioned_parquet_snap.catalog_sales.cs_bill_customer_sk, RF005[bloom] -> tpcds_partitioned_parquet_snap.catalog_sales.cs_item_sk, RF002[bloom] -> tpcds_partitioned_parquet_snap.catalog_sales.cs_sold_date_sk
   stored statistics:
     table: rows=4.32G size=280.96GB
     partitions: 1831/1831 rows=4.32G
     columns: all
   extrapolated-rows=disabled max-scan-range-rows=21.52M est-scan-range=1112(filtered from 1831)
   mem-estimate=16.00MB mem-reservation=1.00MB thread-reservation=0
   tuple-ids=0 row-size=16B cardinality=1.68G(filtered from 4.32G) cost=604491925
   in pipelines: 00(GETNEXT)
---- DISTRIBUTEDPLAN
Max Per-Host Resource Reservation: Memory=1.22GB Threads=47
Per-Host Resource Estimates: Memory=7.59GB
F10:PLAN FRAGMENT [UNPARTITIONED] hosts=1 instances=1
|  Per-Instance Resources: mem-estimate=5.42MB mem-reservation=4.00MB thread-reservation=1
|  max-parallelism=1 segment-costs=[766] cpu-comparison-result=160 [max(1 (self) vs 160 (sum children))]
PLAN-ROOT SINK
|  output exprs: tpcds_partitioned_parquet_snap.item.i_item_id, tpcds_partitioned_parquet_snap.item.i_item_desc, tpcds_partitioned_parquet_snap.store.s_store_id, tpcds_partitioned_parquet_snap.store.s_store_name, stddev_samp(tpcds_partitioned_parquet_snap.store_sales.ss_quantity), stddev_samp(tpcds_partitioned_parquet_snap.store_returns.sr_return_quantity), stddev_samp(tpcds_partitioned_parquet_snap.catalog_sales.cs_quantity)
|  mem-estimate=4.00MB mem-reservation=4.00MB spill-buffer=2.00MB thread-reservation=0 cost=700
|
27:MERGING-EXCHANGE [UNPARTITIONED]
|  order by: tpcds_partitioned_parquet_snap.item.i_item_id ASC NULLS LAST, tpcds_partitioned_parquet_snap.item.i_item_desc ASC NULLS LAST, tpcds_partitioned_parquet_snap.store.s_store_id ASC NULLS LAST, tpcds_partitioned_parquet_snap.store.s_store_name ASC NULLS LAST
|  limit: 100
|  mem-estimate=1.42MB mem-reservation=0B thread-reservation=0
|  tuple-ids=18 row-size=209B cardinality=100 cost=66
|  in pipelines: 16(GETNEXT)
|
F09:PLAN FRAGMENT [HASH(tpcds_partitioned_parquet_snap.item.i_item_id,tpcds_partitioned_parquet_snap.item.i_item_desc,tpcds_partitioned_parquet_snap.store.s_store_id,tpcds_partitioned_parquet_snap.store.s_store_name)] hosts=10 instances=70 (adjusted from 120)
Per-Instance Resources: mem-estimate=209.16MB mem-reservation=34.00MB thread-reservation=1
max-parallelism=100 segment-costs=[451838104, 928334641, 577] cpu-comparison-result=160 [max(70 (self) vs 160 (sum children))]
16:TOP-N [LIMIT=100]
|  order by: tpcds_partitioned_parquet_snap.item.i_item_id ASC NULLS LAST, tpcds_partitioned_parquet_snap.item.i_item_desc ASC NULLS LAST, tpcds_partitioned_parquet_snap.store.s_store_id ASC NULLS LAST, tpcds_partitioned_parquet_snap.store.s_store_name ASC NULLS LAST
|  mem-estimate=20.37KB mem-reservation=0B thread-reservation=0
|  tuple-ids=18 row-size=209B cardinality=100 cost=928334641
|  in pipelines: 16(GETNEXT), 26(OPEN)
|
26:AGGREGATE [FINALIZE]
|  output: stddev_samp:merge(tpcds_partitioned_parquet_snap.store_sales.ss_quantity), stddev_samp:merge(tpcds_partitioned_parquet_snap.store_returns.sr_return_quantity), stddev_samp:merge(tpcds_partitioned_parquet_snap.catalog_sales.cs_quantity)
|  group by: tpcds_partitioned_parquet_snap.item.i_item_id, tpcds_partitioned_parquet_snap.item.i_item_desc, tpcds_partitioned_parquet_snap.store.s_store_id, tpcds_partitioned_parquet_snap.store.s_store_name
|  mem-estimate=190.86MB mem-reservation=34.00MB spill-buffer=2.00MB thread-reservation=0
|  tuple-ids=17 row-size=209B cardinality=63.52M cost=383844490
|  in pipelines: 26(GETNEXT), 00(OPEN)
|
25:EXCHANGE [HASH(tpcds_partitioned_parquet_snap.item.i_item_id,tpcds_partitioned_parquet_snap.item.i_item_desc,tpcds_partitioned_parquet_snap.store.s_store_id,tpcds_partitioned_parquet_snap.store.s_store_name)]
|  mem-estimate=18.30MB mem-reservation=0B thread-reservation=0
|  tuple-ids=16 row-size=209B cardinality=63.52M cost=67993614
|  in pipelines: 00(GETNEXT)
|
F06:PLAN FRAGMENT [HASH(tpcds_partitioned_parquet_snap.catalog_sales.cs_bill_customer_sk,tpcds_partitioned_parquet_snap.catalog_sales.cs_item_sk)] hosts=10 instances=40 (adjusted from 120)
Per-Instance Resources: mem-estimate=320.97MB mem-reservation=34.00MB thread-reservation=1
max-parallelism=130 segment-costs=[1209882273, 885833906] cpu-comparison-result=160 [max(160 (self) vs 132 (sum children))]
15:AGGREGATE [STREAMING]
|  output: stddev_samp(tpcds_partitioned_parquet_snap.store_sales.ss_quantity), stddev_samp(tpcds_partitioned_parquet_snap.store_returns.sr_return_quantity), stddev_samp(tpcds_partitioned_parquet_snap.catalog_sales.cs_quantity)
|  group by: tpcds_partitioned_parquet_snap.item.i_item_id, tpcds_partitioned_parquet_snap.item.i_item_desc, tpcds_partitioned_parquet_snap.store.s_store_id, tpcds_partitioned_parquet_snap.store.s_store_name
|  mem-estimate=250.51MB mem-reservation=34.00MB spill-buffer=2.00MB thread-reservation=0
|  tuple-ids=16 row-size=209B cardinality=63.52M cost=383844490
|  in pipelines: 00(GETNEXT)
|
14:HASH JOIN [INNER JOIN, BROADCAST]
|  hash-table-id=00
|  hash predicates: tpcds_partitioned_parquet_snap.store_sales.ss_store_sk = tpcds_partitioned_parquet_snap.store.s_store_sk
|  fk/pk conjuncts: tpcds_partitioned_parquet_snap.store_sales.ss_store_sk = tpcds_partitioned_parquet_snap.store.s_store_sk
|  mem-estimate=0B mem-reservation=0B spill-buffer=64.00KB thread-reservation=0
|  tuple-ids=0,4,6,8,10,2,12,14 row-size=293B cardinality=63.52M cost=27804046
|  in pipelines: 00(GETNEXT), 13(OPEN)
|
|--F11:PLAN FRAGMENT [HASH(tpcds_partitioned_parquet_snap.catalog_sales.cs_bill_customer_sk,tpcds_partitioned_parquet_snap.catalog_sales.cs_item_sk)] hosts=10 instances=10
|  |  Per-Instance Resources: mem-estimate=8.86MB mem-reservation=8.75MB thread-reservation=1 runtime-filters-memory=1.00MB
|  |  max-parallelism=10 segment-costs=[3140]
|  JOIN BUILD
|  |  join-table-id=00 plan-id=01 cohort-id=01
|  |  build expressions: tpcds_partitioned_parquet_snap.store.s_store_sk
|  |  runtime filters: RF000[bloom] <- tpcds_partitioned_parquet_snap.store.s_store_sk, RF001[min_max] <- tpcds_partitioned_parquet_snap.store.s_store_sk
|  |  mem-estimate=7.75MB mem-reservation=7.75MB spill-buffer=64.00KB thread-reservation=0 cost=1350
|  |
|  24:EXCHANGE [BROADCAST]
|  |  mem-estimate=115.14KB mem-reservation=0B thread-reservation=0
|  |  tuple-ids=14 row-size=48B cardinality=1.35K cost=1790
|  |  in pipelines: 13(GETNEXT)
|  |
|  F08:PLAN FRAGMENT [RANDOM] hosts=1 instances=1
|  Per-Instance Resources: mem-estimate=16.20MB mem-reservation=24.00KB thread-reservation=1
|  max-parallelism=1 segment-costs=[668]
|  13:SCAN HDFS [tpcds_partitioned_parquet_snap.store, RANDOM]
|     HDFS partitions=1/1 files=1 size=119.76KB
|     stored statistics:
|       table: rows=1.35K size=119.76KB
|       columns: all
|     extrapolated-rows=disabled max-scan-range-rows=1.35K
|     mem-estimate=16.00MB mem-reservation=24.00KB thread-reservation=0
|     tuple-ids=14 row-size=48B cardinality=1.35K cost=465
|     in pipelines: 13(GETNEXT)
|
12:HASH JOIN [INNER JOIN, BROADCAST]
|  hash-table-id=01
|  hash predicates: tpcds_partitioned_parquet_snap.catalog_sales.cs_sold_date_sk = tpcds_partitioned_parquet_snap.date_dim_1.d_date_sk
|  fk/pk conjuncts: tpcds_partitioned_parquet_snap.catalog_sales.cs_sold_date_sk = tpcds_partitioned_parquet_snap.date_dim_1.d_date_sk
|  mem-estimate=0B mem-reservation=0B spill-buffer=64.00KB thread-reservation=0
|  tuple-ids=0,4,6,8,10,2,12 row-size=245B cardinality=63.52M cost=38339250
|  in pipelines: 00(GETNEXT), 11(OPEN)
|
|--F12:PLAN FRAGMENT [HASH(tpcds_partitioned_parquet_snap.catalog_sales.cs_bill_customer_sk,tpcds_partitioned_parquet_snap.catalog_sales.cs_item_sk)] hosts=10 instances=10
|  |  Per-Instance Resources: mem-estimate=8.77MB mem-reservation=8.75MB thread-reservation=1 runtime-filters-memory=1.00MB
|  |  max-parallelism=10 segment-costs=[2582]
|  JOIN BUILD
|  |  join-table-id=01 plan-id=02 cohort-id=01
|  |  build expressions: tpcds_partitioned_parquet_snap.date_dim_1.d_date_sk
|  |  runtime filters: RF002[bloom] <- tpcds_partitioned_parquet_snap.date_dim_1.d_date_sk
|  |  mem-estimate=7.75MB mem-reservation=7.75MB spill-buffer=64.00KB thread-reservation=0 cost=1112
|  |
|  23:EXCHANGE [BROADCAST]
|  |  mem-estimate=20.69KB mem-reservation=0B thread-reservation=0
|  |  tuple-ids=12 row-size=8B cardinality=1.11K cost=1470
|  |  in pipelines: 11(GETNEXT)
|  |
|  F07:PLAN FRAGMENT [RANDOM] hosts=1 instances=1
|  Per-Instance Resources: mem-estimate=16.05MB mem-reservation=512.00KB thread-reservation=1
|  max-parallelism=1 segment-costs=[10515]
|  11:SCAN HDFS [tpcds_partitioned_parquet_snap.date_dim, RANDOM]
|     HDFS partitions=1/1 files=1 size=2.17MB
|     predicates: tpcds_partitioned_parquet_snap.date_dim_1.d_year = CAST(1998 AS INT) OR tpcds_partitioned_parquet_snap.date_dim_1.d_year = add(CAST(1998 AS INT), CAST(1 AS INT)) OR tpcds_partitioned_parquet_snap.date_dim_1.d_year = add(CAST(1998 AS INT), CAST(2 AS INT))
|     stored statistics:
|       table: rows=73.05K size=2.17MB
|       columns: all
|     extrapolated-rows=disabled max-scan-range-rows=73.05K
|     parquet dictionary predicates: tpcds_partitioned_parquet_snap.date_dim_1.d_year = CAST(1998 AS INT) OR tpcds_partitioned_parquet_snap.date_dim_1.d_year = add(CAST(1998 AS INT), CAST(1 AS INT)) OR tpcds_partitioned_parquet_snap.date_dim_1.d_year = add(CAST(1998 AS INT), CAST(2 AS INT))
|     mem-estimate=16.00MB mem-reservation=512.00KB thread-reservation=0
|     tuple-ids=12 row-size=8B cardinality=1.11K cost=10467
|     in pipelines: 11(GETNEXT)
|
10:HASH JOIN [INNER JOIN, PARTITIONED]
|  hash-table-id=02
|  hash predicates: tpcds_partitioned_parquet_snap.catalog_sales.cs_bill_customer_sk = tpcds_partitioned_parquet_snap.store_returns.sr_customer_sk, tpcds_partitioned_parquet_snap.catalog_sales.cs_item_sk = tpcds_partitioned_parquet_snap.store_returns.sr_item_sk
|  fk/pk conjuncts: tpcds_partitioned_parquet_snap.catalog_sales.cs_bill_customer_sk = tpcds_partitioned_parquet_snap.store_returns.sr_customer_sk, tpcds_partitioned_parquet_snap.catalog_sales.cs_item_sk = tpcds_partitioned_parquet_snap.store_returns.sr_item_sk
|  mem-estimate=0B mem-reservation=0B spill-buffer=2.00MB thread-reservation=0
|  tuple-ids=0,4,6,8,10,2 row-size=237B cardinality=104.60M cost=449713320
|  in pipelines: 00(GETNEXT), 02(OPEN)
|
|--F13:PLAN FRAGMENT [HASH(tpcds_partitioned_parquet_snap.catalog_sales.cs_bill_customer_sk,tpcds_partitioned_parquet_snap.catalog_sales.cs_item_sk)] hosts=10 instances=40 (adjusted from 120)
|  |  Per-Instance Resources: mem-estimate=163.07MB mem-reservation=51.00MB thread-reservation=1 runtime-filters-memory=17.00MB
|  |  max-parallelism=130 segment-costs=[47549116] cpu-comparison-result=110 [max(110 (self) vs 45 (sum children))]
|  JOIN BUILD
|  |  join-table-id=02 plan-id=03 cohort-id=01
|  |  build expressions: tpcds_partitioned_parquet_snap.store_returns.sr_customer_sk, tpcds_partitioned_parquet_snap.store_returns.sr_item_sk
|  |  runtime filters: RF004[bloom] <- tpcds_partitioned_parquet_snap.store_returns.sr_customer_sk, RF005[bloom] <- tpcds_partitioned_parquet_snap.store_returns.sr_item_sk, RF006[min_max] <- tpcds_partitioned_parquet_snap.store_returns.sr_customer_sk, RF007[min_max] <- tpcds_partitioned_parquet_snap.store_returns.sr_item_sk
|  |  mem-estimate=119.62MB mem-reservation=34.00MB spill-buffer=2.00MB thread-reservation=0 cost=20918569
|  |
|  22:EXCHANGE [HASH(tpcds_partitioned_parquet_snap.store_returns.sr_customer_sk,tpcds_partitioned_parquet_snap.store_returns.sr_item_sk)]
|  |  mem-estimate=26.45MB mem-reservation=0B thread-reservation=0
|  |  tuple-ids=4,6,8,10,2 row-size=221B cardinality=20.92M cost=26630547
|  |  in pipelines: 02(GETNEXT)
|  |
|  F01:PLAN FRAGMENT [RANDOM] hosts=10 instances=70 (adjusted from 120)
|  Per-Host Shared Resources: mem-estimate=36.00MB mem-reservation=36.00MB thread-reservation=0 runtime-filters-memory=36.00MB
|  Per-Instance Resources: mem-estimate=53.59MB mem-reservation=8.00MB thread-reservation=1
|  max-parallelism=70 segment-costs=[653376997]
|  09:HASH JOIN [INNER JOIN, BROADCAST]
|  |  hash-table-id=03
|  |  hash predicates: tpcds_partitioned_parquet_snap.store_sales.ss_item_sk = tpcds_partitioned_parquet_snap.item.i_item_sk
|  |  fk/pk conjuncts: none
|  |  mem-estimate=0B mem-reservation=0B spill-buffer=2.00MB thread-reservation=0
|  |  tuple-ids=4,6,8,10,2 row-size=221B cardinality=20.92M cost=9156057
|  |  in pipelines: 02(GETNEXT), 01(OPEN)
|  |
|  |--F14:PLAN FRAGMENT [RANDOM] hosts=10 instances=10
|  |  |  Per-Instance Resources: mem-estimate=249.58MB mem-reservation=239.00MB thread-reservation=1 runtime-filters-memory=1.00MB
|  |  |  max-parallelism=10 segment-costs=[838440]
|  |  JOIN BUILD
|  |  |  join-table-id=03 plan-id=04 cohort-id=02
|  |  |  build expressions: tpcds_partitioned_parquet_snap.item.i_item_sk
|  |  |  runtime filters: RF008[bloom] <- tpcds_partitioned_parquet_snap.item.i_item_sk, RF009[min_max] <- tpcds_partitioned_parquet_snap.item.i_item_sk
|  |  |  mem-estimate=238.00MB mem-reservation=238.00MB spill-buffer=2.00MB thread-reservation=0 cost=360000
|  |  |
|  |  20:EXCHANGE [BROADCAST]
|  |  |  mem-estimate=10.58MB mem-reservation=0B thread-reservation=0
|  |  |  tuple-ids=2 row-size=145B cardinality=360.00K cost=478440
|  |  |  in pipelines: 01(GETNEXT)
|  |  |
|  |  F05:PLAN FRAGMENT [RANDOM] hosts=4 instances=4
|  |  Per-Instance Resources: mem-estimate=16.58MB mem-reservation=512.00KB thread-reservation=1
|  |  max-parallelism=4 segment-costs=[773513]
|  |  01:SCAN HDFS [tpcds_partitioned_parquet_snap.item, RANDOM]
|  |     HDFS partitions=1/1 files=1 size=33.54MB
|  |     stored statistics:
|  |       table: rows=360.00K size=33.54MB
|  |       columns: all
|  |     extrapolated-rows=disabled max-scan-range-rows=101.54K
|  |     mem-estimate=16.00MB mem-reservation=512.00KB thread-reservation=0
|  |     tuple-ids=2 row-size=145B cardinality=360.00K cost=625187
|  |     in pipelines: 01(GETNEXT)
|  |
|  08:HASH JOIN [INNER JOIN, BROADCAST]
|  |  hash-table-id=04
|  |  hash predicates: tpcds_partitioned_parquet_snap.store_sales.ss_sold_date_sk = tpcds_partitioned_parquet_snap.date_dim_0.d_date_sk
|  |  fk/pk conjuncts: tpcds_partitioned_parquet_snap.store_sales.ss_sold_date_sk = tpcds_partitioned_parquet_snap.date_dim_0.d_date_sk
|  |  mem-estimate=0B mem-reservation=0B spill-buffer=64.00KB thread-reservation=0
|  |  tuple-ids=4,6,8,10 row-size=76B cardinality=20.92M cost=13329870
|  |  in pipelines: 02(GETNEXT), 07(OPEN)
|  |
|  |--F15:PLAN FRAGMENT [RANDOM] hosts=10 instances=10
|  |  |  Per-Instance Resources: mem-estimate=14.58MB mem-reservation=14.56MB thread-reservation=1 runtime-filters-memory=1.00MB
|  |  |  max-parallelism=10 segment-costs=[248]
|  |  JOIN BUILD
|  |  |  join-table-id=04 plan-id=05 cohort-id=02
|  |  |  build expressions: tpcds_partitioned_parquet_snap.date_dim_0.d_date_sk
|  |  |  runtime filters: RF010[bloom] <- tpcds_partitioned_parquet_snap.date_dim_0.d_date_sk
|  |  |  mem-estimate=13.56MB mem-reservation=13.56MB spill-buffer=64.00KB thread-reservation=0 cost=108
|  |  |
|  |  19:EXCHANGE [BROADCAST]
|  |  |  mem-estimate=16.00KB mem-reservation=0B thread-reservation=0
|  |  |  tuple-ids=10 row-size=12B cardinality=108 cost=140
|  |  |  in pipelines: 07(GETNEXT)
|  |  |
|  |  F04:PLAN FRAGMENT [RANDOM] hosts=1 instances=1
|  |  Per-Instance Resources: mem-estimate=16.06MB mem-reservation=512.00KB thread-reservation=1
|  |  max-parallelism=1 segment-costs=[16733]
|  |  07:SCAN HDFS [tpcds_partitioned_parquet_snap.date_dim, RANDOM]
|  |     HDFS partitions=1/1 files=1 size=2.17MB
|  |     predicates: tpcds_partitioned_parquet_snap.date_dim_0.d_year = CAST(1998 AS INT), tpcds_partitioned_parquet_snap.date_dim_0.d_moy = CAST(4 AS INT)
|  |     stored statistics:
|  |       table: rows=73.05K size=2.17MB
|  |       columns: all
|  |     extrapolated-rows=disabled max-scan-range-rows=73.05K
|  |     parquet statistics predicates: tpcds_partitioned_parquet_snap.date_dim_0.d_year = CAST(1998 AS INT), tpcds_partitioned_parquet_snap.date_dim_0.d_moy = CAST(4 AS INT)
|  |     parquet dictionary predicates: tpcds_partitioned_parquet_snap.date_dim_0.d_year = CAST(1998 AS INT), tpcds_partitioned_parquet_snap.date_dim_0.d_moy = CAST(4 AS INT)
|  |     mem-estimate=16.00MB mem-reservation=512.00KB thread-reservation=0
|  |     tuple-ids=10 row-size=12B cardinality=108 cost=16728
|  |     in pipelines: 07(GETNEXT)
|  |
|  06:HASH JOIN [INNER JOIN, BROADCAST]
|  |  hash-table-id=05
|  |  hash predicates: tpcds_partitioned_parquet_snap.store_sales.ss_customer_sk = tpcds_partitioned_parquet_snap.store_returns.sr_customer_sk, tpcds_partitioned_parquet_snap.store_sales.ss_item_sk = tpcds_partitioned_parquet_snap.store_returns.sr_item_sk, tpcds_partitioned_parquet_snap.store_sales.ss_ticket_number = tpcds_partitioned_parquet_snap.store_returns.sr_ticket_number
|  |  fk/pk conjuncts: tpcds_partitioned_parquet_snap.store_sales.ss_customer_sk = tpcds_partitioned_parquet_snap.store_returns.sr_customer_sk, tpcds_partitioned_parquet_snap.store_sales.ss_item_sk = tpcds_partitioned_parquet_snap.store_returns.sr_item_sk, tpcds_partitioned_parquet_snap.store_sales.ss_ticket_number = tpcds_partitioned_parquet_snap.store_returns.sr_ticket_number
|  |  mem-estimate=0B mem-reservation=0B spill-buffer=2.00MB thread-reservation=0
|  |  tuple-ids=4,6,8 row-size=64B cardinality=37.19M(filtered from 353.29M) cost=73555823
|  |  in pipelines: 02(GETNEXT), 03(OPEN)
|  |
|  |--F16:PLAN FRAGMENT [RANDOM] hosts=10 instances=10
|  |  |  Per-Instance Resources: mem-estimate=3.25GB mem-reservation=271.00MB thread-reservation=1 runtime-filters-memory=33.00MB
|  |  |  max-parallelism=10 segment-costs=[118484573] cpu-comparison-result=20 [max(20 (self) vs 11 (sum children))]
|  |  JOIN BUILD
|  |  |  join-table-id=05 plan-id=06 cohort-id=02
|  |  |  build expressions: tpcds_partitioned_parquet_snap.store_returns.sr_customer_sk, tpcds_partitioned_parquet_snap.store_returns.sr_item_sk, tpcds_partitioned_parquet_snap.store_returns.sr_ticket_number
|  |  |  runtime filters: RF012[bloom] <- tpcds_partitioned_parquet_snap.store_returns.sr_customer_sk, RF013[bloom] <- tpcds_partitioned_parquet_snap.store_returns.sr_item_sk, RF014[bloom] <- tpcds_partitioned_parquet_snap.store_returns.sr_ticket_number, RF015[min_max] <- tpcds_partitioned_parquet_snap.store_returns.sr_customer_sk, RF016[min_max] <- tpcds_partitioned_parquet_snap.store_returns.sr_item_sk, RF017[min_max] <- tpcds_partitioned_parquet_snap.store_returns.sr_ticket_number
|  |  |  mem-estimate=3.21GB mem-reservation=238.00MB spill-buffer=2.00MB thread-reservation=0 cost=50873583
|  |  |
|  |  18:EXCHANGE [BROADCAST]
|  |  |  mem-estimate=10.43MB mem-reservation=0B thread-reservation=0
|  |  |  tuple-ids=6,8 row-size=36B cardinality=50.87M cost=67610990
|  |  |  in pipelines: 03(GETNEXT)
|  |  |
|  |  F02:PLAN FRAGMENT [RANDOM] hosts=10 instances=10 (adjusted from 120)
|  |  Per-Host Shared Resources: mem-estimate=2.00MB mem-reservation=2.00MB thread-reservation=0 runtime-filters-memory=2.00MB
|  |  Per-Instance Resources: mem-estimate=16.17MB mem-reservation=512.00KB thread-reservation=1
|  |  max-parallelism=10 segment-costs=[46991928]
|  |  05:HASH JOIN [INNER JOIN, BROADCAST]
|  |  |  hash-table-id=06
|  |  |  hash predicates: tpcds_partitioned_parquet_snap.store_returns.sr_returned_date_sk = tpcds_partitioned_parquet_snap.date_dim.d_date_sk
|  |  |  fk/pk conjuncts: tpcds_partitioned_parquet_snap.store_returns.sr_returned_date_sk = tpcds_partitioned_parquet_snap.date_dim.d_date_sk
|  |  |  mem-estimate=0B mem-reservation=0B spill-buffer=64.00KB thread-reservation=0
|  |  |  tuple-ids=6,8 row-size=36B cardinality=50.87M cost=22267367
|  |  |  in pipelines: 03(GETNEXT), 04(OPEN)
|  |  |
|  |  |--F17:PLAN FRAGMENT [RANDOM] hosts=10 instances=10
|  |  |  |  Per-Instance Resources: mem-estimate=2.95MB mem-reservation=2.94MB thread-reservation=1 runtime-filters-memory=1.00MB
|  |  |  |  max-parallelism=10 segment-costs=[268]
|  |  |  JOIN BUILD
|  |  |  |  join-table-id=06 plan-id=07 cohort-id=03
|  |  |  |  build expressions: tpcds_partitioned_parquet_snap.date_dim.d_date_sk
|  |  |  |  runtime filters: RF018[bloom] <- tpcds_partitioned_parquet_snap.date_dim.d_date_sk
|  |  |  |  mem-estimate=1.94MB mem-reservation=1.94MB spill-buffer=64.00KB thread-reservation=0 cost=118
|  |  |  |
|  |  |  17:EXCHANGE [BROADCAST]
|  |  |  |  mem-estimate=16.00KB mem-reservation=0B thread-reservation=0
|  |  |  |  tuple-ids=8 row-size=12B cardinality=118 cost=150
|  |  |  |  in pipelines: 04(GETNEXT)
|  |  |  |
|  |  |  F03:PLAN FRAGMENT [RANDOM] hosts=1 instances=1
|  |  |  Per-Instance Resources: mem-estimate=16.06MB mem-reservation=512.00KB thread-reservation=1
|  |  |  max-parallelism=1 segment-costs=[18786]
|  |  |  04:SCAN HDFS [tpcds_partitioned_parquet_snap.date_dim, RANDOM]
|  |  |     HDFS partitions=1/1 files=1 size=2.17MB
|  |  |     predicates: tpcds_partitioned_parquet_snap.date_dim.d_year = CAST(1998 AS INT), tpcds_partitioned_parquet_snap.date_dim.d_moy <= CAST(add(CAST(4 AS SMALLINT), CAST(3 AS SMALLINT)) AS INT), tpcds_partitioned_parquet_snap.date_dim.d_moy >= CAST(4 AS INT)
|  |  |     stored statistics:
|  |  |       table: rows=73.05K size=2.17MB
|  |  |       columns: all
|  |  |     extrapolated-rows=disabled max-scan-range-rows=73.05K
|  |  |     parquet statistics predicates: tpcds_partitioned_parquet_snap.date_dim.d_year = CAST(1998 AS INT), tpcds_partitioned_parquet_snap.date_dim.d_moy <= CAST(add(CAST(4 AS SMALLINT), CAST(3 AS SMALLINT)) AS INT), tpcds_partitioned_parquet_snap.date_dim.d_moy >= CAST(4 AS INT)
|  |  |     parquet dictionary predicates: tpcds_partitioned_parquet_snap.date_dim.d_year = CAST(1998 AS INT), tpcds_partitioned_parquet_snap.date_dim.d_moy <= CAST(add(CAST(4 AS SMALLINT), CAST(3 AS SMALLINT)) AS INT), tpcds_partitioned_parquet_snap.date_dim.d_moy >= CAST(4 AS INT)
|  |  |     mem-estimate=16.00MB mem-reservation=512.00KB thread-reservation=0
|  |  |     tuple-ids=8 row-size=12B cardinality=118 cost=18780
|  |  |     in pipelines: 04(GETNEXT)
|  |  |
|  |  03:SCAN HDFS [tpcds_partitioned_parquet_snap.store_returns, RANDOM]
|  |     HDFS partitions=2004/2004 files=2004 size=48.14GB
|  |     runtime filters: RF009[min_max] -> tpcds_partitioned_parquet_snap.store_returns.sr_item_sk, RF018[bloom] -> tpcds_partitioned_parquet_snap.store_returns.sr_returned_date_sk, RF008[bloom] -> tpcds_partitioned_parquet_snap.store_returns.sr_item_sk
|  |     stored statistics:
|  |       table: rows=863.99M size=48.14GB
|  |       partitions: 2004/2004 rows=863.99M
|  |       columns: all
|  |     extrapolated-rows=disabled max-scan-range-rows=30.09M est-scan-range=118(filtered from 2004)
|  |     mem-estimate=16.00MB mem-reservation=512.00KB thread-reservation=0
|  |     tuple-ids=6 row-size=24B cardinality=50.87M(filtered from 863.99M) cost=17581910
|  |     in pipelines: 03(GETNEXT)
|  |
|  02:SCAN HDFS [tpcds_partitioned_parquet_snap.store_sales, RANDOM]
|     HDFS partitions=1824/1824 files=1824 size=389.90GB
|     runtime filters: RF015[min_max] -> tpcds_partitioned_parquet_snap.store_sales.ss_customer_sk, RF016[min_max] -> tpcds_partitioned_parquet_snap.store_sales.ss_item_sk, RF017[min_max] -> tpcds_partitioned_parquet_snap.store_sales.ss_ticket_number, RF001[min_max] -> tpcds_partitioned_parquet_snap.store_sales.ss_store_sk, RF009[min_max] -> tpcds_partitioned_parquet_snap.store_sales.ss_item_sk, RF012[bloom] -> tpcds_partitioned_parquet_snap.store_sales.ss_customer_sk, RF013[bloom] -> tpcds_partitioned_parquet_snap.store_sales.ss_item_sk, RF014[bloom] -> tpcds_partitioned_parquet_snap.store_sales.ss_ticket_number, RF010[bloom] -> tpcds_partitioned_parquet_snap.store_sales.ss_sold_date_sk, RF000[bloom] -> tpcds_partitioned_parquet_snap.store_sales.ss_store_sk, RF008[bloom] -> tpcds_partitioned_parquet_snap.store_sales.ss_item_sk
|     stored statistics:
|       table: rows=8.64G size=389.90GB
|       partitions: 1824/1824 rows=8.64G
|       columns: all
|     extrapolated-rows=disabled max-scan-range-rows=390.22M est-scan-range=109(filtered from 1824)
|     mem-estimate=16.00MB mem-reservation=8.00MB thread-reservation=0
|     tuple-ids=4 row-size=28B cardinality=37.19M(filtered from 8.64G) cost=206267084
|     in pipelines: 02(GETNEXT)
|
21:EXCHANGE [HASH(tpcds_partitioned_parquet_snap.catalog_sales.cs_bill_customer_sk,tpcds_partitioned_parquet_snap.catalog_sales.cs_item_sk)]
|  mem-estimate=12.34MB mem-reservation=0B thread-reservation=0
|  tuple-ids=0 row-size=16B cardinality=1.68G(filtered from 4.32G) cost=310181167
|  in pipelines: 00(GETNEXT)
|
F00:PLAN FRAGMENT [RANDOM] hosts=10 instances=120
Per-Host Shared Resources: mem-estimate=18.00MB mem-reservation=18.00MB thread-reservation=0 runtime-filters-memory=18.00MB
Per-Instance Resources: mem-estimate=19.12MB mem-reservation=1.00MB thread-reservation=1
max-parallelism=330 segment-costs=[3200138989]
00:SCAN HDFS [tpcds_partitioned_parquet_snap.catalog_sales, RANDOM]
   HDFS partitions=1831/1831 files=1831 size=280.96GB
   runtime filters: RF006[min_max] -> tpcds_partitioned_parquet_snap.catalog_sales.cs_bill_customer_sk, RF007[min_max] -> tpcds_partitioned_parquet_snap.catalog_sales.cs_item_sk, RF004[bloom] -> tpcds_partitioned_parquet_snap.catalog_sales.cs_bill_customer_sk, RF005[bloom] -> tpcds_partitioned_parquet_snap.catalog_sales.cs_item_sk, RF002[bloom] -> tpcds_partitioned_parquet_snap.catalog_sales.cs_sold_date_sk
   stored statistics:
     table: rows=4.32G size=280.96GB
     partitions: 1831/1831 rows=4.32G
     columns: all
   extrapolated-rows=disabled max-scan-range-rows=21.52M est-scan-range=1112(filtered from 1831)
   mem-estimate=16.00MB mem-reservation=1.00MB thread-reservation=0
   tuple-ids=0 row-size=16B cardinality=1.68G(filtered from 4.32G) cost=604491925
   in pipelines: 00(GETNEXT)
---- PARALLELPLANS
Max Per-Host Resource Reservation: Memory=1.01GB Threads=54
Per-Host Resource Estimates: Memory=7.55GB
F11:PLAN FRAGMENT [UNPARTITIONED] hosts=1 instances=1
|  Per-Instance Resources: mem-estimate=5.42MB mem-reservation=4.00MB thread-reservation=1
|  max-parallelism=1 segment-costs=[766] cpu-comparison-result=170 [max(1 (self) vs 170 (sum children))]
PLAN-ROOT SINK
|  output exprs: tpcds_partitioned_parquet_snap.item.i_item_id, tpcds_partitioned_parquet_snap.item.i_item_desc, tpcds_partitioned_parquet_snap.store.s_store_id, tpcds_partitioned_parquet_snap.store.s_store_name, stddev_samp(tpcds_partitioned_parquet_snap.store_sales.ss_quantity), stddev_samp(tpcds_partitioned_parquet_snap.store_returns.sr_return_quantity), stddev_samp(tpcds_partitioned_parquet_snap.catalog_sales.cs_quantity)
|  mem-estimate=4.00MB mem-reservation=4.00MB spill-buffer=2.00MB thread-reservation=0 cost=700
|
28:MERGING-EXCHANGE [UNPARTITIONED]
|  order by: tpcds_partitioned_parquet_snap.item.i_item_id ASC NULLS LAST, tpcds_partitioned_parquet_snap.item.i_item_desc ASC NULLS LAST, tpcds_partitioned_parquet_snap.store.s_store_id ASC NULLS LAST, tpcds_partitioned_parquet_snap.store.s_store_name ASC NULLS LAST
|  limit: 100
|  mem-estimate=1.42MB mem-reservation=0B thread-reservation=0
|  tuple-ids=18 row-size=209B cardinality=100 cost=66
|  in pipelines: 16(GETNEXT)
|
F10:PLAN FRAGMENT [HASH(tpcds_partitioned_parquet_snap.item.i_item_id,tpcds_partitioned_parquet_snap.item.i_item_desc,tpcds_partitioned_parquet_snap.store.s_store_id,tpcds_partitioned_parquet_snap.store.s_store_name)] hosts=10 instances=70 (adjusted from 120)
Per-Instance Resources: mem-estimate=211.24MB mem-reservation=34.00MB thread-reservation=1
max-parallelism=100 segment-costs=[451838104, 928334641, 577] cpu-comparison-result=170 [max(70 (self) vs 170 (sum children))]
16:TOP-N [LIMIT=100]
|  order by: tpcds_partitioned_parquet_snap.item.i_item_id ASC NULLS LAST, tpcds_partitioned_parquet_snap.item.i_item_desc ASC NULLS LAST, tpcds_partitioned_parquet_snap.store.s_store_id ASC NULLS LAST, tpcds_partitioned_parquet_snap.store.s_store_name ASC NULLS LAST
|  mem-estimate=20.37KB mem-reservation=0B thread-reservation=0
|  tuple-ids=18 row-size=209B cardinality=100 cost=928334641
|  in pipelines: 16(GETNEXT), 27(OPEN)
|
27:AGGREGATE [FINALIZE]
|  output: stddev_samp:merge(tpcds_partitioned_parquet_snap.store_sales.ss_quantity), stddev_samp:merge(tpcds_partitioned_parquet_snap.store_returns.sr_return_quantity), stddev_samp:merge(tpcds_partitioned_parquet_snap.catalog_sales.cs_quantity)
|  group by: tpcds_partitioned_parquet_snap.item.i_item_id, tpcds_partitioned_parquet_snap.item.i_item_desc, tpcds_partitioned_parquet_snap.store.s_store_id, tpcds_partitioned_parquet_snap.store.s_store_name
|  mem-estimate=190.86MB mem-reservation=34.00MB spill-buffer=2.00MB thread-reservation=0
|  tuple-ids=17 row-size=209B cardinality=63.52M cost=383844490
|  in pipelines: 27(GETNEXT), 00(OPEN)
|
26:EXCHANGE [HASH(tpcds_partitioned_parquet_snap.item.i_item_id,tpcds_partitioned_parquet_snap.item.i_item_desc,tpcds_partitioned_parquet_snap.store.s_store_id,tpcds_partitioned_parquet_snap.store.s_store_name)]
|  mem-estimate=20.38MB mem-reservation=0B thread-reservation=0
|  tuple-ids=16 row-size=209B cardinality=63.52M cost=67993614
|  in pipelines: 00(GETNEXT)
|
F07:PLAN FRAGMENT [HASH(tpcds_partitioned_parquet_snap.catalog_sales.cs_bill_customer_sk,tpcds_partitioned_parquet_snap.catalog_sales.cs_item_sk)] hosts=10 instances=50 (adjusted from 120)
Per-Instance Resources: mem-estimate=270.86MB mem-reservation=34.00MB thread-reservation=1
max-parallelism=170 segment-costs=[1626500635, 885833906] cpu-comparison-result=170 [max(170 (self) vs 162 (sum children))]
15:AGGREGATE [STREAMING]
|  output: stddev_samp(tpcds_partitioned_parquet_snap.store_sales.ss_quantity), stddev_samp(tpcds_partitioned_parquet_snap.store_returns.sr_return_quantity), stddev_samp(tpcds_partitioned_parquet_snap.catalog_sales.cs_quantity)
|  group by: tpcds_partitioned_parquet_snap.item.i_item_id, tpcds_partitioned_parquet_snap.item.i_item_desc, tpcds_partitioned_parquet_snap.store.s_store_id, tpcds_partitioned_parquet_snap.store.s_store_name
|  mem-estimate=200.40MB mem-reservation=34.00MB spill-buffer=2.00MB thread-reservation=0
|  tuple-ids=16 row-size=209B cardinality=63.52M cost=383844490
|  in pipelines: 00(GETNEXT)
|
14:HASH JOIN [INNER JOIN, BROADCAST]
|  hash-table-id=00
|  hash predicates: tpcds_partitioned_parquet_snap.store_sales.ss_store_sk = tpcds_partitioned_parquet_snap.store.s_store_sk
|  fk/pk conjuncts: tpcds_partitioned_parquet_snap.store_sales.ss_store_sk = tpcds_partitioned_parquet_snap.store.s_store_sk
|  mem-estimate=0B mem-reservation=0B spill-buffer=64.00KB thread-reservation=0
|  tuple-ids=0,4,6,8,10,2,12,14 row-size=293B cardinality=63.52M cost=27804046
|  in pipelines: 00(GETNEXT), 13(OPEN)
|
|--F12:PLAN FRAGMENT [HASH(tpcds_partitioned_parquet_snap.catalog_sales.cs_bill_customer_sk,tpcds_partitioned_parquet_snap.catalog_sales.cs_item_sk)] hosts=10 instances=10
|  |  Per-Instance Resources: mem-estimate=10.80MB mem-reservation=10.69MB thread-reservation=1 runtime-filters-memory=1.00MB
|  |  max-parallelism=10 segment-costs=[3140]
|  JOIN BUILD
|  |  join-table-id=00 plan-id=01 cohort-id=01
|  |  build expressions: tpcds_partitioned_parquet_snap.store.s_store_sk
|  |  runtime filters: RF000[bloom] <- tpcds_partitioned_parquet_snap.store.s_store_sk, RF001[min_max] <- tpcds_partitioned_parquet_snap.store.s_store_sk
|  |  mem-estimate=9.69MB mem-reservation=9.69MB spill-buffer=64.00KB thread-reservation=0 cost=1350
|  |
|  25:EXCHANGE [BROADCAST]
|  |  mem-estimate=115.14KB mem-reservation=0B thread-reservation=0
|  |  tuple-ids=14 row-size=48B cardinality=1.35K cost=1790
|  |  in pipelines: 13(GETNEXT)
|  |
|  F09:PLAN FRAGMENT [RANDOM] hosts=1 instances=1
|  Per-Instance Resources: mem-estimate=16.20MB mem-reservation=24.00KB thread-reservation=1
|  max-parallelism=1 segment-costs=[668]
|  13:SCAN HDFS [tpcds_partitioned_parquet_snap.store, RANDOM]
|     HDFS partitions=1/1 files=1 size=119.76KB
|     stored statistics:
|       table: rows=1.35K size=119.76KB
|       columns: all
|     extrapolated-rows=disabled max-scan-range-rows=1.35K
|     mem-estimate=16.00MB mem-reservation=24.00KB thread-reservation=0
|     tuple-ids=14 row-size=48B cardinality=1.35K cost=465
|     in pipelines: 13(GETNEXT)
|
12:HASH JOIN [INNER JOIN, BROADCAST]
|  hash-table-id=01
|  hash predicates: tpcds_partitioned_parquet_snap.catalog_sales.cs_sold_date_sk = tpcds_partitioned_parquet_snap.date_dim_1.d_date_sk
|  fk/pk conjuncts: tpcds_partitioned_parquet_snap.catalog_sales.cs_sold_date_sk = tpcds_partitioned_parquet_snap.date_dim_1.d_date_sk
|  mem-estimate=0B mem-reservation=0B spill-buffer=64.00KB thread-reservation=0
|  tuple-ids=0,4,6,8,10,2,12 row-size=245B cardinality=63.52M cost=38339250
|  in pipelines: 00(GETNEXT), 11(OPEN)
|
|--F13:PLAN FRAGMENT [HASH(tpcds_partitioned_parquet_snap.catalog_sales.cs_bill_customer_sk,tpcds_partitioned_parquet_snap.catalog_sales.cs_item_sk)] hosts=10 instances=10
|  |  Per-Instance Resources: mem-estimate=10.71MB mem-reservation=10.69MB thread-reservation=1 runtime-filters-memory=1.00MB
|  |  max-parallelism=10 segment-costs=[2582]
|  JOIN BUILD
|  |  join-table-id=01 plan-id=02 cohort-id=01
|  |  build expressions: tpcds_partitioned_parquet_snap.date_dim_1.d_date_sk
|  |  runtime filters: RF002[bloom] <- tpcds_partitioned_parquet_snap.date_dim_1.d_date_sk
|  |  mem-estimate=9.69MB mem-reservation=9.69MB spill-buffer=64.00KB thread-reservation=0 cost=1112
|  |
|  24:EXCHANGE [BROADCAST]
|  |  mem-estimate=20.69KB mem-reservation=0B thread-reservation=0
|  |  tuple-ids=12 row-size=8B cardinality=1.11K cost=1470
|  |  in pipelines: 11(GETNEXT)
|  |
|  F08:PLAN FRAGMENT [RANDOM] hosts=1 instances=1
|  Per-Instance Resources: mem-estimate=16.05MB mem-reservation=512.00KB thread-reservation=1
|  max-parallelism=1 segment-costs=[10515]
|  11:SCAN HDFS [tpcds_partitioned_parquet_snap.date_dim, RANDOM]
|     HDFS partitions=1/1 files=1 size=2.17MB
|     predicates: tpcds_partitioned_parquet_snap.date_dim_1.d_year = CAST(1998 AS INT) OR tpcds_partitioned_parquet_snap.date_dim_1.d_year = add(CAST(1998 AS INT), CAST(1 AS INT)) OR tpcds_partitioned_parquet_snap.date_dim_1.d_year = add(CAST(1998 AS INT), CAST(2 AS INT))
|     stored statistics:
|       table: rows=73.05K size=2.17MB
|       columns: all
|     extrapolated-rows=disabled max-scan-range-rows=73.05K
|     parquet dictionary predicates: tpcds_partitioned_parquet_snap.date_dim_1.d_year = CAST(1998 AS INT) OR tpcds_partitioned_parquet_snap.date_dim_1.d_year = add(CAST(1998 AS INT), CAST(1 AS INT)) OR tpcds_partitioned_parquet_snap.date_dim_1.d_year = add(CAST(1998 AS INT), CAST(2 AS INT))
|     mem-estimate=16.00MB mem-reservation=512.00KB thread-reservation=0
|     tuple-ids=12 row-size=8B cardinality=1.11K cost=10467
|     in pipelines: 11(GETNEXT)
|
10:HASH JOIN [INNER JOIN, PARTITIONED]
|  hash-table-id=02
|  hash predicates: tpcds_partitioned_parquet_snap.catalog_sales.cs_bill_customer_sk = tpcds_partitioned_parquet_snap.store_returns.sr_customer_sk, tpcds_partitioned_parquet_snap.catalog_sales.cs_item_sk = tpcds_partitioned_parquet_snap.store_returns.sr_item_sk
|  fk/pk conjuncts: tpcds_partitioned_parquet_snap.catalog_sales.cs_bill_customer_sk = tpcds_partitioned_parquet_snap.store_returns.sr_customer_sk, tpcds_partitioned_parquet_snap.catalog_sales.cs_item_sk = tpcds_partitioned_parquet_snap.store_returns.sr_item_sk
|  mem-estimate=0B mem-reservation=0B spill-buffer=2.00MB thread-reservation=0
|  tuple-ids=0,4,6,8,10,2 row-size=237B cardinality=104.60M cost=691922318
|  in pipelines: 00(GETNEXT), 02(OPEN)
|
|--F14:PLAN FRAGMENT [HASH(tpcds_partitioned_parquet_snap.catalog_sales.cs_bill_customer_sk,tpcds_partitioned_parquet_snap.catalog_sales.cs_item_sk)] hosts=10 instances=50 (adjusted from 120)
|  |  Per-Instance Resources: mem-estimate=132.10MB mem-reservation=51.00MB thread-reservation=1 runtime-filters-memory=17.00MB
|  |  max-parallelism=170 segment-costs=[47549116] cpu-comparison-result=140 [max(140 (self) vs 75 (sum children))]
|  JOIN BUILD
|  |  join-table-id=02 plan-id=03 cohort-id=01
|  |  build expressions: tpcds_partitioned_parquet_snap.store_returns.sr_customer_sk, tpcds_partitioned_parquet_snap.store_returns.sr_item_sk
|  |  runtime filters: RF004[bloom] <- tpcds_partitioned_parquet_snap.store_returns.sr_customer_sk, RF005[bloom] <- tpcds_partitioned_parquet_snap.store_returns.sr_item_sk, RF006[min_max] <- tpcds_partitioned_parquet_snap.store_returns.sr_customer_sk, RF007[min_max] <- tpcds_partitioned_parquet_snap.store_returns.sr_item_sk
|  |  mem-estimate=95.70MB mem-reservation=34.00MB spill-buffer=2.00MB thread-reservation=0 cost=20918569
|  |
|  23:EXCHANGE [HASH(tpcds_partitioned_parquet_snap.store_returns.sr_customer_sk,tpcds_partitioned_parquet_snap.store_returns.sr_item_sk)]
|  |  mem-estimate=19.40MB mem-reservation=0B thread-reservation=0
|  |  tuple-ids=4,6,8,10,2 row-size=221B cardinality=20.92M cost=26630547
|  |  in pipelines: 02(GETNEXT)
|  |
|  F06:PLAN FRAGMENT [HASH(tpcds_partitioned_parquet_snap.store_sales.ss_item_sk)] hosts=10 instances=40 (adjusted from 120)
|  Per-Instance Resources: mem-estimate=61.48MB mem-reservation=0B thread-reservation=1
|  max-parallelism=40 segment-costs=[372170814]
|  09:HASH JOIN [INNER JOIN, PARTITIONED]
|  |  hash-table-id=03
|  |  hash predicates: tpcds_partitioned_parquet_snap.store_sales.ss_item_sk = tpcds_partitioned_parquet_snap.item.i_item_sk
|  |  fk/pk conjuncts: none
|  |  mem-estimate=0B mem-reservation=0B spill-buffer=128.00KB thread-reservation=0
|  |  tuple-ids=4,6,8,10,2 row-size=221B cardinality=20.92M cost=9156057
|  |  in pipelines: 02(GETNEXT), 01(OPEN)
|  |
|  |--F15:PLAN FRAGMENT [HASH(tpcds_partitioned_parquet_snap.store_sales.ss_item_sk)] hosts=10 instances=40 (adjusted from 120)
|  |  |  Per-Instance Resources: mem-estimate=14.46MB mem-reservation=3.88MB thread-reservation=1 runtime-filters-memory=1.00MB
|  |  |  max-parallelism=40 segment-costs=[639452]
|  |  JOIN BUILD
|  |  |  join-table-id=03 plan-id=04 cohort-id=02
|  |  |  build expressions: tpcds_partitioned_parquet_snap.item.i_item_sk
|  |  |  runtime filters: RF008[bloom] <- tpcds_partitioned_parquet_snap.item.i_item_sk, RF009[min_max] <- tpcds_partitioned_parquet_snap.item.i_item_sk
|  |  |  mem-estimate=2.88MB mem-reservation=2.88MB spill-buffer=128.00KB thread-reservation=0 cost=360000
|  |  |
|  |  21:EXCHANGE [HASH(tpcds_partitioned_parquet_snap.item.i_item_sk)]
|  |  |  mem-estimate=10.58MB mem-reservation=0B thread-reservation=0
|  |  |  tuple-ids=2 row-size=145B cardinality=360.00K cost=279452
|  |  |  in pipelines: 01(GETNEXT)
|  |  |
|  |  F05:PLAN FRAGMENT [RANDOM] hosts=4 instances=4
|  |  Per-Instance Resources: mem-estimate=39.22MB mem-reservation=512.00KB thread-reservation=1
|  |  max-parallelism=4 segment-costs=[4163054]
|  |  01:SCAN HDFS [tpcds_partitioned_parquet_snap.item, RANDOM]
|  |     HDFS partitions=1/1 files=1 size=33.54MB
|  |     stored statistics:
|  |       table: rows=360.00K size=33.54MB
|  |       columns: all
|  |     extrapolated-rows=disabled max-scan-range-rows=101.54K
|  |     mem-estimate=16.00MB mem-reservation=512.00KB thread-reservation=0
|  |     tuple-ids=2 row-size=145B cardinality=360.00K cost=625187
|  |     in pipelines: 01(GETNEXT)
|  |
|  20:EXCHANGE [HASH(tpcds_partitioned_parquet_snap.store_sales.ss_item_sk)]
|  |  mem-estimate=14.49MB mem-reservation=0B thread-reservation=0
|  |  tuple-ids=4,6,8,10 row-size=76B cardinality=20.92M cost=11946594
|  |  in pipelines: 02(GETNEXT)
|  |
|  F01:PLAN FRAGMENT [RANDOM] hosts=10 instances=50 (adjusted from 120)
|  Per-Host Shared Resources: mem-estimate=36.00MB mem-reservation=36.00MB thread-reservation=0 runtime-filters-memory=36.00MB
|  Per-Instance Resources: mem-estimate=30.38MB mem-reservation=8.00MB thread-reservation=1
|  max-parallelism=50 segment-costs=[438645608]
|  08:HASH JOIN [INNER JOIN, BROADCAST]
|  |  hash-table-id=04
|  |  hash predicates: tpcds_partitioned_parquet_snap.store_sales.ss_sold_date_sk = tpcds_partitioned_parquet_snap.date_dim_0.d_date_sk
|  |  fk/pk conjuncts: tpcds_partitioned_parquet_snap.store_sales.ss_sold_date_sk = tpcds_partitioned_parquet_snap.date_dim_0.d_date_sk
|  |  mem-estimate=0B mem-reservation=0B spill-buffer=64.00KB thread-reservation=0
|  |  tuple-ids=4,6,8,10 row-size=76B cardinality=20.92M cost=13329870
|  |  in pipelines: 02(GETNEXT), 07(OPEN)
|  |
|  |--F16:PLAN FRAGMENT [RANDOM] hosts=10 instances=10
|  |  |  Per-Instance Resources: mem-estimate=10.70MB mem-reservation=10.69MB thread-reservation=1 runtime-filters-memory=1.00MB
|  |  |  max-parallelism=10 segment-costs=[248]
|  |  JOIN BUILD
|  |  |  join-table-id=04 plan-id=05 cohort-id=02
|  |  |  build expressions: tpcds_partitioned_parquet_snap.date_dim_0.d_date_sk
|  |  |  runtime filters: RF010[bloom] <- tpcds_partitioned_parquet_snap.date_dim_0.d_date_sk
|  |  |  mem-estimate=9.69MB mem-reservation=9.69MB spill-buffer=64.00KB thread-reservation=0 cost=108
|  |  |
|  |  19:EXCHANGE [BROADCAST]
|  |  |  mem-estimate=16.00KB mem-reservation=0B thread-reservation=0
|  |  |  tuple-ids=10 row-size=12B cardinality=108 cost=140
|  |  |  in pipelines: 07(GETNEXT)
|  |  |
|  |  F04:PLAN FRAGMENT [RANDOM] hosts=1 instances=1
|  |  Per-Instance Resources: mem-estimate=16.06MB mem-reservation=512.00KB thread-reservation=1
|  |  max-parallelism=1 segment-costs=[16733]
|  |  07:SCAN HDFS [tpcds_partitioned_parquet_snap.date_dim, RANDOM]
|  |     HDFS partitions=1/1 files=1 size=2.17MB
|  |     predicates: tpcds_partitioned_parquet_snap.date_dim_0.d_year = CAST(1998 AS INT), tpcds_partitioned_parquet_snap.date_dim_0.d_moy = CAST(4 AS INT)
|  |     stored statistics:
|  |       table: rows=73.05K size=2.17MB
|  |       columns: all
|  |     extrapolated-rows=disabled max-scan-range-rows=73.05K
|  |     parquet statistics predicates: tpcds_partitioned_parquet_snap.date_dim_0.d_year = CAST(1998 AS INT), tpcds_partitioned_parquet_snap.date_dim_0.d_moy = CAST(4 AS INT)
|  |     parquet dictionary predicates: tpcds_partitioned_parquet_snap.date_dim_0.d_year = CAST(1998 AS INT), tpcds_partitioned_parquet_snap.date_dim_0.d_moy = CAST(4 AS INT)
|  |     mem-estimate=16.00MB mem-reservation=512.00KB thread-reservation=0
|  |     tuple-ids=10 row-size=12B cardinality=108 cost=16728
|  |     in pipelines: 07(GETNEXT)
|  |
|  06:HASH JOIN [INNER JOIN, BROADCAST]
|  |  hash-table-id=05
|  |  hash predicates: tpcds_partitioned_parquet_snap.store_sales.ss_customer_sk = tpcds_partitioned_parquet_snap.store_returns.sr_customer_sk, tpcds_partitioned_parquet_snap.store_sales.ss_item_sk = tpcds_partitioned_parquet_snap.store_returns.sr_item_sk, tpcds_partitioned_parquet_snap.store_sales.ss_ticket_number = tpcds_partitioned_parquet_snap.store_returns.sr_ticket_number
|  |  fk/pk conjuncts: tpcds_partitioned_parquet_snap.store_sales.ss_customer_sk = tpcds_partitioned_parquet_snap.store_returns.sr_customer_sk, tpcds_partitioned_parquet_snap.store_sales.ss_item_sk = tpcds_partitioned_parquet_snap.store_returns.sr_item_sk, tpcds_partitioned_parquet_snap.store_sales.ss_ticket_number = tpcds_partitioned_parquet_snap.store_returns.sr_ticket_number
|  |  mem-estimate=0B mem-reservation=0B spill-buffer=2.00MB thread-reservation=0
|  |  tuple-ids=4,6,8 row-size=64B cardinality=37.19M(filtered from 353.29M) cost=73555823
|  |  in pipelines: 02(GETNEXT), 03(OPEN)
|  |
|  |--F17:PLAN FRAGMENT [RANDOM] hosts=10 instances=10
|  |  |  Per-Instance Resources: mem-estimate=3.25GB mem-reservation=203.00MB thread-reservation=1 runtime-filters-memory=33.00MB
|  |  |  max-parallelism=10 segment-costs=[118484573] cpu-comparison-result=20 [max(20 (self) vs 11 (sum children))]
|  |  JOIN BUILD
|  |  |  join-table-id=05 plan-id=06 cohort-id=02
|  |  |  build expressions: tpcds_partitioned_parquet_snap.store_returns.sr_customer_sk, tpcds_partitioned_parquet_snap.store_returns.sr_item_sk, tpcds_partitioned_parquet_snap.store_returns.sr_ticket_number
|  |  |  runtime filters: RF012[bloom] <- tpcds_partitioned_parquet_snap.store_returns.sr_customer_sk, RF013[bloom] <- tpcds_partitioned_parquet_snap.store_returns.sr_item_sk, RF014[bloom] <- tpcds_partitioned_parquet_snap.store_returns.sr_ticket_number, RF015[min_max] <- tpcds_partitioned_parquet_snap.store_returns.sr_customer_sk, RF016[min_max] <- tpcds_partitioned_parquet_snap.store_returns.sr_item_sk, RF017[min_max] <- tpcds_partitioned_parquet_snap.store_returns.sr_ticket_number
|  |  |  mem-estimate=3.21GB mem-reservation=170.00MB spill-buffer=2.00MB thread-reservation=0 cost=50873583
|  |  |
|  |  18:EXCHANGE [BROADCAST]
|  |  |  mem-estimate=10.43MB mem-reservation=0B thread-reservation=0
|  |  |  tuple-ids=6,8 row-size=36B cardinality=50.87M cost=67610990
|  |  |  in pipelines: 03(GETNEXT)
|  |  |
|  |  F02:PLAN FRAGMENT [RANDOM] hosts=10 instances=10 (adjusted from 120)
|  |  Per-Host Shared Resources: mem-estimate=2.00MB mem-reservation=2.00MB thread-reservation=0 runtime-filters-memory=2.00MB
|  |  Per-Instance Resources: mem-estimate=16.17MB mem-reservation=512.00KB thread-reservation=1
|  |  max-parallelism=10 segment-costs=[46991928]
|  |  05:HASH JOIN [INNER JOIN, BROADCAST]
|  |  |  hash-table-id=06
|  |  |  hash predicates: tpcds_partitioned_parquet_snap.store_returns.sr_returned_date_sk = tpcds_partitioned_parquet_snap.date_dim.d_date_sk
|  |  |  fk/pk conjuncts: tpcds_partitioned_parquet_snap.store_returns.sr_returned_date_sk = tpcds_partitioned_parquet_snap.date_dim.d_date_sk
|  |  |  mem-estimate=0B mem-reservation=0B spill-buffer=64.00KB thread-reservation=0
|  |  |  tuple-ids=6,8 row-size=36B cardinality=50.87M cost=22267367
|  |  |  in pipelines: 03(GETNEXT), 04(OPEN)
|  |  |
|  |  |--F18:PLAN FRAGMENT [RANDOM] hosts=10 instances=10
|  |  |  |  Per-Instance Resources: mem-estimate=2.95MB mem-reservation=2.94MB thread-reservation=1 runtime-filters-memory=1.00MB
|  |  |  |  max-parallelism=10 segment-costs=[268]
|  |  |  JOIN BUILD
|  |  |  |  join-table-id=06 plan-id=07 cohort-id=03
|  |  |  |  build expressions: tpcds_partitioned_parquet_snap.date_dim.d_date_sk
|  |  |  |  runtime filters: RF018[bloom] <- tpcds_partitioned_parquet_snap.date_dim.d_date_sk
|  |  |  |  mem-estimate=1.94MB mem-reservation=1.94MB spill-buffer=64.00KB thread-reservation=0 cost=118
|  |  |  |
|  |  |  17:EXCHANGE [BROADCAST]
|  |  |  |  mem-estimate=16.00KB mem-reservation=0B thread-reservation=0
|  |  |  |  tuple-ids=8 row-size=12B cardinality=118 cost=150
|  |  |  |  in pipelines: 04(GETNEXT)
|  |  |  |
|  |  |  F03:PLAN FRAGMENT [RANDOM] hosts=1 instances=1
|  |  |  Per-Instance Resources: mem-estimate=16.06MB mem-reservation=512.00KB thread-reservation=1
|  |  |  max-parallelism=1 segment-costs=[18786]
|  |  |  04:SCAN HDFS [tpcds_partitioned_parquet_snap.date_dim, RANDOM]
|  |  |     HDFS partitions=1/1 files=1 size=2.17MB
|  |  |     predicates: tpcds_partitioned_parquet_snap.date_dim.d_year = CAST(1998 AS INT), tpcds_partitioned_parquet_snap.date_dim.d_moy <= CAST(add(CAST(4 AS SMALLINT), CAST(3 AS SMALLINT)) AS INT), tpcds_partitioned_parquet_snap.date_dim.d_moy >= CAST(4 AS INT)
|  |  |     stored statistics:
|  |  |       table: rows=73.05K size=2.17MB
|  |  |       columns: all
|  |  |     extrapolated-rows=disabled max-scan-range-rows=73.05K
|  |  |     parquet statistics predicates: tpcds_partitioned_parquet_snap.date_dim.d_year = CAST(1998 AS INT), tpcds_partitioned_parquet_snap.date_dim.d_moy <= CAST(add(CAST(4 AS SMALLINT), CAST(3 AS SMALLINT)) AS INT), tpcds_partitioned_parquet_snap.date_dim.d_moy >= CAST(4 AS INT)
|  |  |     parquet dictionary predicates: tpcds_partitioned_parquet_snap.date_dim.d_year = CAST(1998 AS INT), tpcds_partitioned_parquet_snap.date_dim.d_moy <= CAST(add(CAST(4 AS SMALLINT), CAST(3 AS SMALLINT)) AS INT), tpcds_partitioned_parquet_snap.date_dim.d_moy >= CAST(4 AS INT)
|  |  |     mem-estimate=16.00MB mem-reservation=512.00KB thread-reservation=0
|  |  |     tuple-ids=8 row-size=12B cardinality=118 cost=18780
|  |  |     in pipelines: 04(GETNEXT)
|  |  |
|  |  03:SCAN HDFS [tpcds_partitioned_parquet_snap.store_returns, RANDOM]
|  |     HDFS partitions=2004/2004 files=2004 size=48.14GB
|  |     runtime filters: RF009[min_max] -> tpcds_partitioned_parquet_snap.store_returns.sr_item_sk, RF018[bloom] -> tpcds_partitioned_parquet_snap.store_returns.sr_returned_date_sk, RF008[bloom] -> tpcds_partitioned_parquet_snap.store_returns.sr_item_sk
|  |     stored statistics:
|  |       table: rows=863.99M size=48.14GB
|  |       partitions: 2004/2004 rows=863.99M
|  |       columns: all
|  |     extrapolated-rows=disabled max-scan-range-rows=30.09M est-scan-range=118(filtered from 2004)
|  |     mem-estimate=16.00MB mem-reservation=512.00KB thread-reservation=0
|  |     tuple-ids=6 row-size=24B cardinality=50.87M(filtered from 863.99M) cost=17581910
|  |     in pipelines: 03(GETNEXT)
|  |
|  02:SCAN HDFS [tpcds_partitioned_parquet_snap.store_sales, RANDOM]
|     HDFS partitions=1824/1824 files=1824 size=389.90GB
|     runtime filters: RF015[min_max] -> tpcds_partitioned_parquet_snap.store_sales.ss_customer_sk, RF016[min_max] -> tpcds_partitioned_parquet_snap.store_sales.ss_item_sk, RF017[min_max] -> tpcds_partitioned_parquet_snap.store_sales.ss_ticket_number, RF001[min_max] -> tpcds_partitioned_parquet_snap.store_sales.ss_store_sk, RF009[min_max] -> tpcds_partitioned_parquet_snap.store_sales.ss_item_sk, RF012[bloom] -> tpcds_partitioned_parquet_snap.store_sales.ss_customer_sk, RF013[bloom] -> tpcds_partitioned_parquet_snap.store_sales.ss_item_sk, RF014[bloom] -> tpcds_partitioned_parquet_snap.store_sales.ss_ticket_number, RF010[bloom] -> tpcds_partitioned_parquet_snap.store_sales.ss_sold_date_sk, RF000[bloom] -> tpcds_partitioned_parquet_snap.store_sales.ss_store_sk, RF008[bloom] -> tpcds_partitioned_parquet_snap.store_sales.ss_item_sk
|     stored statistics:
|       table: rows=8.64G size=389.90GB
|       partitions: 1824/1824 rows=8.64G
|       columns: all
|     extrapolated-rows=disabled max-scan-range-rows=390.22M est-scan-range=109(filtered from 1824)
|     mem-estimate=16.00MB mem-reservation=8.00MB thread-reservation=0
|     tuple-ids=4 row-size=28B cardinality=37.19M(filtered from 8.64G) cost=206267084
|     in pipelines: 02(GETNEXT)
|
22:EXCHANGE [HASH(tpcds_partitioned_parquet_snap.catalog_sales.cs_bill_customer_sk,tpcds_partitioned_parquet_snap.catalog_sales.cs_item_sk)]
|  mem-estimate=12.34MB mem-reservation=0B thread-reservation=0
|  tuple-ids=0 row-size=16B cardinality=2.62G(filtered from 4.32G) cost=484590531
|  in pipelines: 00(GETNEXT)
|
F00:PLAN FRAGMENT [RANDOM] hosts=10 instances=120
Per-Host Shared Resources: mem-estimate=18.00MB mem-reservation=18.00MB thread-reservation=0 runtime-filters-memory=18.00MB
Per-Instance Resources: mem-estimate=19.91MB mem-reservation=1.00MB thread-reservation=1
max-parallelism=470 segment-costs=[4659625255]
00:SCAN HDFS [tpcds_partitioned_parquet_snap.catalog_sales, RANDOM]
   HDFS partitions=1831/1831 files=1831 size=280.96GB
   runtime filters: RF006[min_max] -> tpcds_partitioned_parquet_snap.catalog_sales.cs_bill_customer_sk, RF007[min_max] -> tpcds_partitioned_parquet_snap.catalog_sales.cs_item_sk, RF004[bloom] -> tpcds_partitioned_parquet_snap.catalog_sales.cs_bill_customer_sk, RF005[bloom] -> tpcds_partitioned_parquet_snap.catalog_sales.cs_item_sk, RF002[bloom] -> tpcds_partitioned_parquet_snap.catalog_sales.cs_sold_date_sk
   stored statistics:
     table: rows=4.32G size=280.96GB
     partitions: 1831/1831 rows=4.32G
     columns: all
   extrapolated-rows=disabled max-scan-range-rows=21.52M est-scan-range=1112(filtered from 1831)
   mem-estimate=16.00MB mem-reservation=1.00MB thread-reservation=0
   tuple-ids=0 row-size=16B cardinality=2.62G(filtered from 4.32G) cost=604491925
   in pipelines: 00(GETNEXT)
====
